Log file open, 08/24/22 19:26:51
LogWindows: Failed to load 'aqProf.dll' (GetLastError=126)
LogWindows: File 'aqProf.dll' does not exist
LogWindows: Failed to load 'VtuneApi.dll' (GetLastError=126)
LogWindows: File 'VtuneApi.dll' does not exist
LogWindows: Failed to load 'VtuneApi32e.dll' (GetLastError=126)
LogWindows: File 'VtuneApi32e.dll' does not exist
LogConsoleResponse: Display: Failed to find resolution value strings in scalability ini. Falling back to default.
LogConsoleResponse: Display: Failed to find resolution value strings in scalability ini. Falling back to default.
LogInit: Display: Running engine for game: fpsgame
LogPlatformFile: Not using cached read wrapper
LogTaskGraph: Started task graph with 5 named threads and 17 total threads with 3 sets of task threads.
LogStats: Stats thread started at 0.211147
LogICUInternationalization: ICU TimeZone Detection - Raw Offset: +0:00, Platform Override: ''
LogInit: Display: Loading text-based GConfig....
LogPluginManager: Mounting plugin MeshPainting
LogPluginManager: Mounting plugin XGEController
LogPluginManager: Mounting plugin Paper2D
LogPluginManager: Mounting plugin AISupport
LogPluginManager: Mounting plugin EnvironmentQueryEditor
LogPluginManager: Mounting plugin LiveLink
LogPluginManager: Mounting plugin LightPropagationVolume
LogPluginManager: Mounting plugin CameraShakePreviewer
LogPluginManager: Mounting plugin GameplayCameras
LogPluginManager: Mounting plugin OodleData
LogPluginManager: Mounting plugin OodleNetwork
LogPluginManager: Mounting plugin AnimationSharing
LogPluginManager: Mounting plugin CLionSourceCodeAccess
LogPluginManager: Mounting plugin CodeLiteSourceCodeAccess
LogPluginManager: Mounting plugin GitSourceControl
LogPluginManager: Mounting plugin KDevelopSourceCodeAccess
LogPluginManager: Mounting plugin NullSourceCodeAccess
LogPluginManager: Mounting plugin PerforceSourceControl
LogPluginManager: Mounting plugin PixWinPlugin
LogPluginManager: Mounting plugin PlasticSourceControl
LogPluginManager: Mounting plugin PluginUtils
LogPluginManager: Mounting plugin PropertyAccessNode
LogPluginManager: Mounting plugin RiderSourceCodeAccess
LogPluginManager: Mounting plugin SubversionSourceControl
LogPluginManager: Mounting plugin TextureFormatOodle
LogPluginManager: Mounting plugin UObjectPlugin
LogPluginManager: Mounting plugin VisualStudioCodeSourceCodeAccess
LogPluginManager: Mounting plugin VisualStudioSourceCodeAccess
LogPluginManager: Mounting plugin XCodeSourceCodeAccess
LogPluginManager: Mounting plugin AssetManagerEditor
LogPluginManager: Mounting plugin CryptoKeys
LogPluginManager: Mounting plugin CurveEditorTools
LogPluginManager: Mounting plugin DataValidation
LogPluginManager: Mounting plugin FacialAnimation
LogPluginManager: Mounting plugin GameplayTagsEditor
LogPluginManager: Mounting plugin GeometryMode
LogPluginManager: Mounting plugin MacGraphicsSwitching
LogPluginManager: Mounting plugin MaterialAnalyzer
LogPluginManager: Mounting plugin MobileLauncherProfileWizard
LogPluginManager: Mounting plugin PluginBrowser
LogPluginManager: Mounting plugin SpeedTreeImporter
LogPluginManager: Mounting plugin DatasmithContent
LogPluginManager: Mounting plugin VariantManagerContent
LogPluginManager: Mounting plugin AlembicImporter
LogPluginManager: Mounting plugin AutomationUtils
LogPluginManager: Mounting plugin BackChannel
LogPluginManager: Mounting plugin ChaosCloth
LogPluginManager: Mounting plugin ChaosClothEditor
LogPluginManager: Mounting plugin ChaosEditor
LogPluginManager: Mounting plugin ChaosNiagara
LogPluginManager: Mounting plugin ChaosSolverPlugin
LogPluginManager: Mounting plugin CharacterAI
LogPluginManager: Mounting plugin GeometryCache
LogPluginManager: Mounting plugin GeometryCollectionPlugin
LogPluginManager: Mounting plugin GeometryProcessing
LogPluginManager: Mounting plugin MotoSynth
LogPluginManager: Mounting plugin OpenImageDenoise
LogPluginManager: Mounting plugin PlanarCut
LogPluginManager: Mounting plugin PlatformCrypto
LogPluginManager: Mounting plugin ProxyLODPlugin
LogPluginManager: Mounting plugin PythonScriptPlugin
LogPluginManager: Mounting plugin SkeletalReduction
LogPluginManager: Mounting plugin Niagara
LogPluginManager: Mounting plugin LuminPlatformFeatures
LogPluginManager: Mounting plugin MagicLeap
LogPluginManager: Mounting plugin MagicLeapLightEstimation
LogPluginManager: Mounting plugin MagicLeapMedia
LogPluginManager: Mounting plugin MagicLeapPassableWorld
LogPluginManager: Mounting plugin MLSDK
LogPluginManager: Mounting plugin AndroidMedia
LogPluginManager: Mounting plugin AvfMedia
LogPluginManager: Mounting plugin ImgMedia
LogPluginManager: Mounting plugin MediaCompositing
LogPluginManager: Mounting plugin MediaPlayerEditor
LogPluginManager: Mounting plugin WebMMedia
LogPluginManager: Mounting plugin WmfMedia
LogPluginManager: Mounting plugin TcpMessaging
LogPluginManager: Mounting plugin UdpMessaging
LogPluginManager: Mounting plugin ActorSequence
LogPluginManager: Mounting plugin LevelSequenceEditor
LogPluginManager: Mounting plugin MatineeToLevelSequence
LogPluginManager: Mounting plugin TemplateSequence
LogPluginManager: Mounting plugin OnlineSubsystem
LogPluginManager: Mounting plugin OnlineSubsystemNull
LogPluginManager: Mounting plugin OnlineSubsystemUtils
LogPluginManager: Mounting plugin LauncherChunkInstaller
LogPluginManager: Mounting plugin ActorLayerUtilities
LogPluginManager: Mounting plugin AndroidDeviceProfileSelector
LogPluginManager: Mounting plugin AndroidMoviePlayer
LogPluginManager: Mounting plugin AndroidPermission
LogPluginManager: Mounting plugin AppleImageUtils
LogPluginManager: Mounting plugin AppleMoviePlayer
LogPluginManager: Mounting plugin ArchVisCharacter
LogPluginManager: Mounting plugin AssetTags
LogPluginManager: Mounting plugin AudioCapture
LogPluginManager: Mounting plugin AudioSynesthesia
LogPluginManager: Mounting plugin CableComponent
LogPluginManager: Mounting plugin ChunkDownloader
LogPluginManager: Mounting plugin CustomMeshComponent
LogPluginManager: Mounting plugin EditableMesh
LogPluginManager: Mounting plugin ExampleDeviceProfileSelector
LogPluginManager: Mounting plugin GoogleCloudMessaging
LogPluginManager: Mounting plugin GooglePAD
LogPluginManager: Mounting plugin IOSDeviceProfileSelector
LogPluginManager: Mounting plugin LinuxDeviceProfileSelector
LogPluginManager: Mounting plugin LocationServicesBPLibrary
LogPluginManager: Mounting plugin MobilePatchingUtils
LogPluginManager: Mounting plugin OpenXR
LogPluginManager: Mounting plugin OpenXREyeTracker
LogPluginManager: Mounting plugin OpenXRHandTracking
LogPluginManager: Mounting plugin PhysXVehicles
LogPluginManager: Mounting plugin PostSplashScreen
LogPluginManager: Mounting plugin ProceduralMeshComponent
LogPluginManager: Mounting plugin PropertyAccessEditor
LogPluginManager: Mounting plugin RuntimePhysXCooking
LogPluginManager: Mounting plugin SignificanceManager
LogPluginManager: Mounting plugin SoundFields
LogPluginManager: Mounting plugin Synthesis
LogPluginManager: Mounting plugin WebMMoviePlayer
LogPluginManager: Mounting plugin WindowsMoviePlayer
LogPluginManager: Mounting plugin ScreenshotTools
LogPluginManager: Mounting plugin Takes
LogPluginManager: Mounting plugin ContentBrowserAssetDataSource
LogPluginManager: Mounting plugin ContentBrowserClassDataSource
LogPluginManager: Mounting plugin ContentBrowserFileDataSource
LogPluginManager: Mounting plugin OnlineSubsystemGooglePlay
LogPluginManager: Mounting plugin OnlineSubsystemIOS
LogPluginManager: Mounting plugin OculusVR
LogPluginManager: Mounting plugin SteamVR
PixWinPlugin: PIX capture plugin failed to initialize! Check that the process is launched from PIX.
LogInit: Using libcurl 7.55.1-DEV
LogInit:  - built for x86_64-pc-win32
LogInit:  - supports SSL with OpenSSL/1.1.1
LogInit:  - supports HTTP deflate (compression) using libz 1.2.8
LogInit:  - other features:
LogInit:      CURL_VERSION_SSL
LogInit:      CURL_VERSION_LIBZ
LogInit:      CURL_VERSION_IPV6
LogInit:      CURL_VERSION_ASYNCHDNS
LogInit:      CURL_VERSION_LARGEFILE
LogInit:      CURL_VERSION_IDN
LogInit:  CurlRequestOptions (configurable via config and command line):
LogInit:  - bVerifyPeer = true  - Libcurl will verify peer certificate
LogInit:  - bUseHttpProxy = false  - Libcurl will NOT use HTTP proxy
LogInit:  - bDontReuseConnections = false  - Libcurl will reuse connections
LogInit:  - MaxHostConnections = 16  - Libcurl will limit the number of connections to a host
LogInit:  - LocalHostAddr = Default
LogInit:  - BufferSize = 65536
LogOnline: OSS: Creating online subsystem instance for: NULL
LogInit: WinSock: version 1.1 (2.2), MaxSocks=32767, MaxUdp=65467
LogOnline: OSS: TryLoadSubsystemAndSetDefault: Loaded subsystem for module [NULL]
LogInit: Build: ++UE4+Release-4.27-CL-18319896
LogInit: Engine Version: 4.27.2-18319896+++UE4+Release-4.27
LogInit: Compatible Engine Version: 4.27.0-17155196+++UE4+Release-4.27
LogInit: Net CL: 17155196
LogInit: OS: Windows 10 (Release 2009) (), CPU: AMD Ryzen 5 3600X 6-Core Processor             , GPU: AMD Radeon RX 5700 XT
LogInit: Compiled (64-bit): Nov 30 2021 07:12:08
LogInit: Compiled with Visual C++: 19.24.28315.00
LogInit: Build Configuration: Development
LogInit: Branch Name: ++UE4+Release-4.27
LogInit: Command Line:  /Game/Maps/TestMap -game -PIEVIACONSOLE -Multiprocess -server -log "GameUserSettingsINI=C:/Users/danie/Documents/Gamedev VR/game/UE4 game/fpsgame/Saved/Config/Windows/PIEGameUserSettings0.ini" -MultiprocessSaveConfig -forcepassthrough -messaging -SessionName="Play in Standalone Game" -port=17777 -PktLagMin=100 -PktLagMax=100 -PktLoss=0 -PktIncomingLagMin=100 -PktIncomingLagMax=100 -PktIncomingLoss=0 -windowed
LogInit: Base Directory: C:/Program Files/Epic Games/UE_4.27/Engine/Binaries/Win64/
LogInit: Allocator: TBB
LogInit: Installed Engine Build: 1
LogDevObjectVersion: Number of dev versions registered: 29
LogDevObjectVersion:   Dev-Blueprints (B0D832E4-1F89-4F0D-ACCF-7EB736FD4AA2): 10
LogDevObjectVersion:   Dev-Build (E1C64328-A22C-4D53-A36C-8E866417BD8C): 0
LogDevObjectVersion:   Dev-Core (375EC13C-06E4-48FB-B500-84F0262A717E): 4
LogDevObjectVersion:   Dev-Editor (E4B068ED-F494-42E9-A231-DA0B2E46BB41): 40
LogDevObjectVersion:   Dev-Framework (CFFC743F-43B0-4480-9391-14DF171D2073): 37
LogDevObjectVersion:   Dev-Mobile (B02B49B5-BB20-44E9-A304-32B752E40360): 3
LogDevObjectVersion:   Dev-Networking (A4E4105C-59A1-49B5-A7C5-40C4547EDFEE): 0
LogDevObjectVersion:   Dev-Online (39C831C9-5AE6-47DC-9A44-9C173E1C8E7C): 0
LogDevObjectVersion:   Dev-Physics (78F01B33-EBEA-4F98-B9B4-84EACCB95AA2): 14
LogDevObjectVersion:   Dev-Platform (6631380F-2D4D-43E0-8009-CF276956A95A): 0
LogDevObjectVersion:   Dev-Rendering (12F88B9F-8875-4AFC-A67C-D90C383ABD29): 45
LogDevObjectVersion:   Dev-Sequencer (7B5AE74C-D270-4C10-A958-57980B212A5A): 13
LogDevObjectVersion:   Dev-VR (D7296918-1DD6-4BDD-9DE2-64A83CC13884): 3
LogDevObjectVersion:   Dev-LoadTimes (C2A15278-BFE7-4AFE-6C17-90FF531DF755): 1
LogDevObjectVersion:   Private-Geometry (6EACA3D4-40EC-4CC1-B786-8BED09428FC5): 3
LogDevObjectVersion:   Dev-AnimPhys (29E575DD-E0A3-4627-9D10-D276232CDCEA): 17
LogDevObjectVersion:   Dev-Anim (AF43A65D-7FD3-4947-9873-3E8ED9C1BB05): 15
LogDevObjectVersion:   Dev-ReflectionCapture (6B266CEC-1EC7-4B8F-A30B-E4D90942FC07): 1
LogDevObjectVersion:   Dev-Automation (0DF73D61-A23F-47EA-B727-89E90C41499A): 1
LogDevObjectVersion:   FortniteMain (601D1886-AC64-4F84-AA16-D3DE0DEAC7D6): 47
LogDevObjectVersion:   FortniteRelease (E7086368-6B23-4C58-8439-1B7016265E91): 1
LogDevObjectVersion:   Dev-Enterprise (9DFFBCD6-494F-0158-E221-12823C92A888): 10
LogDevObjectVersion:   Dev-Niagara (F2AED0AC-9AFE-416F-8664-AA7FFA26D6FC): 1
LogDevObjectVersion:   Dev-Destruction (174F1F0B-B4C6-45A5-B13F-2EE8D0FB917D): 10
LogDevObjectVersion:   Dev-Physics-Ext (35F94A83-E258-406C-A318-09F59610247C): 41
LogDevObjectVersion:   Dev-PhysicsMaterial-Chaos (B68FC16E-8B1B-42E2-B453-215C058844FE): 1
LogDevObjectVersion:   Dev-CineCamera (B2E18506-4273-CFC2-A54E-F4BB758BBA07): 1
LogDevObjectVersion:   Dev-VirtualProduction (64F58936-FD1B-42BA-BA96-7289D5D0FA4E): 1
LogDevObjectVersion:   Dev-MediaFramework (6F0ED827-A609-4895-9C91-998D90180EA4): 2
LogInit: Presizing for max 25165824 objects, including 0 objects not considered by GC, pre-allocating 0 bytes for permanent pool.
LogConfig: Applying CVar settings from Section [/Script/Engine.StreamingSettings] File [C:/Users/danie/Documents/Gamedev VR/game/UE4 game/fpsgame/Saved/Config/Windows/Engine.ini]
LogConfig: Setting CVar [[s.MinBulkDataSizeForAsyncLoading:131072]]
LogConfig: Setting CVar [[s.AsyncLoadingThreadEnabled:0]]
LogConfig: Setting CVar [[s.EventDrivenLoaderEnabled:1]]
LogConfig: Setting CVar [[s.WarnIfTimeLimitExceeded:0]]
LogConfig: Setting CVar [[s.TimeLimitExceededMultiplier:1.5]]
LogConfig: Setting CVar [[s.TimeLimitExceededMinTime:0.005]]
LogConfig: Setting CVar [[s.UseBackgroundLevelStreaming:1]]
LogConfig: Setting CVar [[s.PriorityAsyncLoadingExtraTime:15.0]]
LogConfig: Setting CVar [[s.LevelStreamingActorsUpdateTimeLimit:5.0]]
LogConfig: Setting CVar [[s.PriorityLevelStreamingActorsUpdateExtraTime:5.0]]
LogConfig: Setting CVar [[s.LevelStreamingComponentsRegistrationGranularity:10]]
LogConfig: Setting CVar [[s.UnregisterComponentsTimeLimit:1.0]]
LogConfig: Setting CVar [[s.LevelStreamingComponentsUnregistrationGranularity:5]]
LogConfig: Setting CVar [[s.FlushStreamingOnExit:1]]
LogInit: Object subsystem initialized
LogConfig: Setting CVar [[con.DebugEarlyDefault:1]]
LogConfig: Setting CVar [[r.setres:1280x720]]
[2022.08.24-18.26.52:460][  0]LogConfig: Setting CVar [[con.DebugEarlyDefault:1]]
[2022.08.24-18.26.52:460][  0]LogConfig: Setting CVar [[r.setres:1280x720]]
[2022.08.24-18.26.52:460][  0]LogConfig: Applying CVar settings from Section [/Script/Engine.RendererSettings] File [C:/Users/danie/Documents/Gamedev VR/game/UE4 game/fpsgame/Saved/Config/Windows/Engine.ini]
[2022.08.24-18.26.52:461][  0]LogConfig: Setting CVar [[r.GPUCrashDebugging:0]]
[2022.08.24-18.26.52:461][  0]LogConfig: Setting CVar [[r.Mobile.DisableVertexFog:1]]
[2022.08.24-18.26.52:461][  0]LogConfig: Setting CVar [[r.Shadow.CSM.MaxMobileCascades:2]]
[2022.08.24-18.26.52:461][  0]LogConfig: Setting CVar [[r.MobileMSAA:1]]
[2022.08.24-18.26.52:462][  0]LogConfig: Setting CVar [[r.Mobile.AllowDitheredLODTransition:0]]
[2022.08.24-18.26.52:462][  0]LogConfig: Setting CVar [[r.Mobile.AllowSoftwareOcclusion:0]]
[2022.08.24-18.26.52:462][  0]LogConfig: Setting CVar [[r.Mobile.VirtualTextures:0]]
[2022.08.24-18.26.52:462][  0]LogConfig: Setting CVar [[r.DiscardUnusedQuality:0]]
[2022.08.24-18.26.52:463][  0]LogConfig: Setting CVar [[r.AllowOcclusionQueries:1]]
[2022.08.24-18.26.52:463][  0]LogConfig: Setting CVar [[r.MinScreenRadiusForLights:0.030000]]
[2022.08.24-18.26.52:463][  0]LogConfig: Setting CVar [[r.MinScreenRadiusForDepthPrepass:0.030000]]
[2022.08.24-18.26.52:463][  0]LogConfig: Setting CVar [[r.MinScreenRadiusForCSMDepth:0.010000]]
[2022.08.24-18.26.52:464][  0]LogConfig: Setting CVar [[r.PrecomputedVisibilityWarning:0]]
[2022.08.24-18.26.52:464][  0]LogConfig: Setting CVar [[r.TextureStreaming:1]]
[2022.08.24-18.26.52:464][  0]LogConfig: Setting CVar [[Compat.UseDXT5NormalMaps:0]]
[2022.08.24-18.26.52:464][  0]LogConfig: Setting CVar [[r.VirtualTextures:0]]
[2022.08.24-18.26.52:465][  0]LogConfig: Setting CVar [[r.VT.EnableAutoImport:1]]
[2022.08.24-18.26.52:468][  0]LogConfig: Setting CVar [[r.VirtualTexturedLightmaps:0]]
[2022.08.24-18.26.52:468][  0]LogConfig: Setting CVar [[r.VT.TileSize:128]]
[2022.08.24-18.26.52:468][  0]LogConfig: Setting CVar [[r.VT.TileBorderSize:4]]
[2022.08.24-18.26.52:468][  0]LogConfig: Setting CVar [[r.vt.FeedbackFactor:16]]
[2022.08.24-18.26.52:469][  0]LogConfig: Setting CVar [[r.VT.EnableCompressZlib:1]]
[2022.08.24-18.26.52:469][  0]LogConfig: Setting CVar [[r.VT.EnableCompressCrunch:0]]
[2022.08.24-18.26.52:469][  0]LogConfig: Setting CVar [[r.ClearCoatNormal:0]]
[2022.08.24-18.26.52:469][  0]LogConfig: Setting CVar [[r.ReflectionCaptureResolution:128]]
[2022.08.24-18.26.52:470][  0]LogConfig: Setting CVar [[r.Mobile.ReflectionCaptureCompression:0]]
[2022.08.24-18.26.52:470][  0]LogConfig: Setting CVar [[r.ReflectionEnvironmentLightmapMixBasedOnRoughness:1]]
[2022.08.24-18.26.52:470][  0]LogConfig: Setting CVar [[r.ForwardShading:0]]
[2022.08.24-18.26.52:471][  0]LogConfig: Setting CVar [[r.VertexFoggingForOpaque:1]]
[2022.08.24-18.26.52:471][  0]LogConfig: Setting CVar [[r.AllowStaticLighting:1]]
[2022.08.24-18.26.52:471][  0]LogConfig: Setting CVar [[r.NormalMapsForStaticLighting:0]]
[2022.08.24-18.26.52:471][  0]LogConfig: Setting CVar [[r.GenerateMeshDistanceFields:0]]
[2022.08.24-18.26.52:472][  0]LogConfig: Setting CVar [[r.DistanceFieldBuild.EightBit:0]]
[2022.08.24-18.26.52:472][  0]LogConfig: Setting CVar [[r.GenerateLandscapeGIData:0]]
[2022.08.24-18.26.52:472][  0]LogConfig: Setting CVar [[r.DistanceFieldBuild.Compress:0]]
[2022.08.24-18.26.52:472][  0]LogConfig: Setting CVar [[r.TessellationAdaptivePixelsPerTriangle:48.000000]]
[2022.08.24-18.26.52:473][  0]LogConfig: Setting CVar [[r.SeparateTranslucency:1]]
[2022.08.24-18.26.52:473][  0]LogConfig: Setting CVar [[r.TranslucentSortPolicy:0]]
[2022.08.24-18.26.52:473][  0]LogConfig: Setting CVar [[vr.VRS.HMDFixedFoveationLevel:0]]
[2022.08.24-18.26.52:473][  0]LogConfig: Setting CVar [[r.CustomDepth:1]]
[2022.08.24-18.26.52:474][  0]LogConfig: Setting CVar [[r.CustomDepthTemporalAAJitter:1]]
[2022.08.24-18.26.52:474][  0]LogConfig: Setting CVar [[r.PostProcessing.PropagateAlpha:0]]
[2022.08.24-18.26.52:474][  0]LogConfig: Setting CVar [[r.DefaultFeature.Bloom:1]]
[2022.08.24-18.26.52:474][  0]LogConfig: Setting CVar [[r.DefaultFeature.AmbientOcclusion:1]]
[2022.08.24-18.26.52:475][  0]LogConfig: Setting CVar [[r.DefaultFeature.AmbientOcclusionStaticFraction:1]]
[2022.08.24-18.26.52:475][  0]LogConfig: Setting CVar [[r.DefaultFeature.AutoExposure:0]]
[2022.08.24-18.26.52:475][  0]LogConfig: Setting CVar [[r.DefaultFeature.AutoExposure.Method:0]]
[2022.08.24-18.26.52:475][  0]LogConfig: Setting CVar [[r.DefaultFeature.AutoExposure.Bias:1.000000]]
[2022.08.24-18.26.52:476][  0]LogConfig: Setting CVar [[r.DefaultFeature.AutoExposure.ExtendDefaultLuminanceRange:0]]
[2022.08.24-18.26.52:476][  0]LogConfig: Setting CVar [[r.UsePreExposure:1]]
[2022.08.24-18.26.52:476][  0]LogConfig: Setting CVar [[r.EyeAdaptation.EditorOnly:0]]
[2022.08.24-18.26.52:476][  0]LogConfig: Setting CVar [[r.DefaultFeature.MotionBlur:0]]
[2022.08.24-18.26.52:477][  0]LogConfig: Setting CVar [[r.DefaultFeature.LensFlare:0]]
[2022.08.24-18.26.52:477][  0]LogConfig: Setting CVar [[r.TemporalAA.Upsampling:0]]
[2022.08.24-18.26.52:477][  0]LogConfig: Setting CVar [[r.SSGI.Enable:0]]
[2022.08.24-18.26.52:477][  0]LogConfig: Setting CVar [[r.DefaultFeature.AntiAliasing:0]]
[2022.08.24-18.26.52:478][  0]LogConfig: Setting CVar [[r.DefaultFeature.LightUnits:1]]
[2022.08.24-18.26.52:478][  0]LogConfig: Setting CVar [[r.DefaultBackBufferPixelFormat:4]]
[2022.08.24-18.26.52:478][  0]LogConfig: Setting CVar [[r.Shadow.UnbuiltPreviewInGame:1]]
[2022.08.24-18.26.52:478][  0]LogConfig: Setting CVar [[r.StencilForLODDither:0]]
[2022.08.24-18.26.52:479][  0]LogConfig: Setting CVar [[r.EarlyZPass:3]]
[2022.08.24-18.26.52:479][  0]LogConfig: Setting CVar [[r.EarlyZPassOnlyMaterialMasking:0]]
[2022.08.24-18.26.52:479][  0]LogConfig: Setting CVar [[r.DBuffer:1]]
[2022.08.24-18.26.52:480][  0]LogConfig: Setting CVar [[r.ClearSceneMethod:1]]
[2022.08.24-18.26.52:480][  0]LogConfig: Setting CVar [[r.BasePassOutputsVelocity:0]]
[2022.08.24-18.26.52:480][  0]LogConfig: Setting CVar [[r.VertexDeformationOutputsVelocity:0]]
[2022.08.24-18.26.52:480][  0]LogConfig: Setting CVar [[r.SelectiveBasePassOutputs:0]]
[2022.08.24-18.26.52:481][  0]LogConfig: Setting CVar [[fx.GPUSimulationTextureSizeX:1024]]
[2022.08.24-18.26.52:483][  0]LogConfig: Setting CVar [[fx.GPUSimulationTextureSizeY:1024]]
[2022.08.24-18.26.52:483][  0]LogConfig: Setting CVar [[r.AllowGlobalClipPlane:0]]
[2022.08.24-18.26.52:484][  0]LogConfig: Setting CVar [[r.GBufferFormat:1]]
[2022.08.24-18.26.52:484][  0]LogConfig: Setting CVar [[r.MorphTarget.Mode:1]]
[2022.08.24-18.26.52:484][  0]LogConfig: Setting CVar [[vr.InstancedStereo:0]]
[2022.08.24-18.26.52:484][  0]LogConfig: Setting CVar [[r.MobileHDR:1]]
[2022.08.24-18.26.52:485][  0]LogConfig: Setting CVar [[vr.MobileMultiView:0]]
[2022.08.24-18.26.52:485][  0]LogConfig: Setting CVar [[r.Mobile.UseHWsRGBEncoding:0]]
[2022.08.24-18.26.52:485][  0]LogConfig: Setting CVar [[vr.RoundRobinOcclusion:0]]
[2022.08.24-18.26.52:485][  0]LogConfig: Setting CVar [[vr.ODSCapture:0]]
[2022.08.24-18.26.52:486][  0]LogConfig: Setting CVar [[r.MeshStreaming:0]]
[2022.08.24-18.26.52:486][  0]LogConfig: Setting CVar [[r.WireframeCullThreshold:5.000000]]
[2022.08.24-18.26.52:486][  0]LogConfig: Setting CVar [[r.RayTracing:0]]
[2022.08.24-18.26.52:486][  0]LogConfig: Setting CVar [[r.RayTracing.UseTextureLod:0]]
[2022.08.24-18.26.52:487][  0]LogConfig: Setting CVar [[r.SupportStationarySkylight:1]]
[2022.08.24-18.26.52:487][  0]LogConfig: Setting CVar [[r.SupportLowQualityLightmaps:1]]
[2022.08.24-18.26.52:487][  0]LogConfig: Setting CVar [[r.SupportPointLightWholeSceneShadows:1]]
[2022.08.24-18.26.52:488][  0]LogConfig: Setting CVar [[r.SupportAtmosphericFog:1]]
[2022.08.24-18.26.52:488][  0]LogConfig: Setting CVar [[r.SupportSkyAtmosphere:1]]
[2022.08.24-18.26.52:488][  0]LogConfig: Setting CVar [[r.SupportSkyAtmosphereAffectsHeightFog:0]]
[2022.08.24-18.26.52:488][  0]LogConfig: Setting CVar [[r.SkinCache.CompileShaders:0]]
[2022.08.24-18.26.52:489][  0]LogConfig: Setting CVar [[r.SkinCache.DefaultBehavior:1]]
[2022.08.24-18.26.52:489][  0]LogConfig: Setting CVar [[r.SkinCache.SceneMemoryLimitInMB:128.000000]]
[2022.08.24-18.26.52:489][  0]LogConfig: Setting CVar [[r.Mobile.EnableStaticAndCSMShadowReceivers:1]]
[2022.08.24-18.26.52:489][  0]LogConfig: Setting CVar [[r.Mobile.EnableMovableLightCSMShaderCulling:1]]
[2022.08.24-18.26.52:490][  0]LogConfig: Setting CVar [[r.Mobile.AllowDistanceFieldShadows:1]]
[2022.08.24-18.26.52:490][  0]LogConfig: Setting CVar [[r.Mobile.AllowMovableDirectionalLights:1]]
[2022.08.24-18.26.52:490][  0]LogConfig: Setting CVar [[r.MobileNumDynamicPointLights:4]]
[2022.08.24-18.26.52:490][  0]LogConfig: Setting CVar [[r.MobileDynamicPointLightsUseStaticBranch:1]]
[2022.08.24-18.26.52:491][  0]LogConfig: Setting CVar [[r.Mobile.EnableMovableSpotlights:0]]
[2022.08.24-18.26.52:491][  0]LogConfig: Setting CVar [[r.Mobile.EnableMovableSpotlightsShadow:0]]
[2022.08.24-18.26.52:491][  0]LogConfig: Setting CVar [[r.GPUSkin.Support16BitBoneIndex:0]]
[2022.08.24-18.26.52:491][  0]LogConfig: Setting CVar [[r.GPUSkin.Limit2BoneInfluences:0]]
[2022.08.24-18.26.52:492][  0]LogConfig: Setting CVar [[r.SupportDepthOnlyIndexBuffers:1]]
[2022.08.24-18.26.52:492][  0]LogConfig: Setting CVar [[r.SupportReversedIndexBuffers:1]]
[2022.08.24-18.26.52:492][  0]LogConfig: Setting CVar [[r.LightPropagationVolume:0]]
[2022.08.24-18.26.52:493][  0]LogConfig: Setting CVar [[r.Mobile.AmbientOcclusion:0]]
[2022.08.24-18.26.52:493][  0]LogConfig: Setting CVar [[r.GPUSkin.UnlimitedBoneInfluences:0]]
[2022.08.24-18.26.52:493][  0]LogConfig: Setting CVar [[r.GPUSkin.UnlimitedBoneInfluencesThreshold:8]]
[2022.08.24-18.26.52:493][  0]LogConfig: Setting CVar [[r.Mobile.PlanarReflectionMode:0]]
[2022.08.24-18.26.52:494][  0]LogConfig: Setting CVar [[r.Mobile.SupportsGen4TAA:0]]
[2022.08.24-18.26.52:494][  0]LogConfig: Applying CVar settings from Section [/Script/Engine.RendererOverrideSettings] File [C:/Users/danie/Documents/Gamedev VR/game/UE4 game/fpsgame/Saved/Config/Windows/Engine.ini]
[2022.08.24-18.26.52:494][  0]LogConfig: Applying CVar settings from Section [/Script/Engine.StreamingSettings] File [C:/Users/danie/Documents/Gamedev VR/game/UE4 game/fpsgame/Saved/Config/Windows/Engine.ini]
[2022.08.24-18.26.52:494][  0]LogConfig: Setting CVar [[s.MinBulkDataSizeForAsyncLoading:131072]]
[2022.08.24-18.26.52:495][  0]LogConfig: Setting CVar [[s.AsyncLoadingThreadEnabled:0]]
[2022.08.24-18.26.52:495][  0]LogConfig: Setting CVar [[s.EventDrivenLoaderEnabled:1]]
[2022.08.24-18.26.52:495][  0]LogConfig: Setting CVar [[s.WarnIfTimeLimitExceeded:0]]
[2022.08.24-18.26.52:495][  0]LogConfig: Setting CVar [[s.TimeLimitExceededMultiplier:1.5]]
[2022.08.24-18.26.52:496][  0]LogConfig: Setting CVar [[s.TimeLimitExceededMinTime:0.005]]
[2022.08.24-18.26.52:499][  0]LogConfig: Setting CVar [[s.UseBackgroundLevelStreaming:1]]
[2022.08.24-18.26.52:499][  0]LogConfig: Setting CVar [[s.PriorityAsyncLoadingExtraTime:15.0]]
[2022.08.24-18.26.52:499][  0]LogConfig: Setting CVar [[s.LevelStreamingActorsUpdateTimeLimit:5.0]]
[2022.08.24-18.26.52:500][  0]LogConfig: Setting CVar [[s.PriorityLevelStreamingActorsUpdateExtraTime:5.0]]
[2022.08.24-18.26.52:500][  0]LogConfig: Setting CVar [[s.LevelStreamingComponentsRegistrationGranularity:10]]
[2022.08.24-18.26.52:500][  0]LogConfig: Setting CVar [[s.UnregisterComponentsTimeLimit:1.0]]
[2022.08.24-18.26.52:500][  0]LogConfig: Setting CVar [[s.LevelStreamingComponentsUnregistrationGranularity:5]]
[2022.08.24-18.26.52:501][  0]LogConfig: Setting CVar [[s.FlushStreamingOnExit:1]]
[2022.08.24-18.26.52:501][  0]LogConfig: Applying CVar settings from Section [/Script/Engine.GarbageCollectionSettings] File [C:/Users/danie/Documents/Gamedev VR/game/UE4 game/fpsgame/Saved/Config/Windows/Engine.ini]
[2022.08.24-18.26.52:501][  0]LogConfig: Setting CVar [[gc.MaxObjectsNotConsideredByGC:1]]
[2022.08.24-18.26.52:501][  0]LogConfig: Setting CVar [[gc.SizeOfPermanentObjectPool:0]]
[2022.08.24-18.26.52:502][  0]LogConfig: Setting CVar [[gc.FlushStreamingOnGC:0]]
[2022.08.24-18.26.52:502][  0]LogConfig: Setting CVar [[gc.NumRetriesBeforeForcingGC:10]]
[2022.08.24-18.26.52:502][  0]LogConfig: Setting CVar [[gc.AllowParallelGC:1]]
[2022.08.24-18.26.52:503][  0]LogConfig: Setting CVar [[gc.TimeBetweenPurgingPendingKillObjects:61.1]]
[2022.08.24-18.26.52:503][  0]LogConfig: Setting CVar [[gc.MaxObjectsInEditor:25165824]]
[2022.08.24-18.26.52:503][  0]LogConfig: Setting CVar [[gc.IncrementalBeginDestroyEnabled:1]]
[2022.08.24-18.26.52:503][  0]LogConfig: Setting CVar [[gc.CreateGCClusters:1]]
[2022.08.24-18.26.52:504][  0]LogConfig: Setting CVar [[gc.MinGCClusterSize:5]]
[2022.08.24-18.26.52:504][  0]LogConfig: Setting CVar [[gc.ActorClusteringEnabled:0]]
[2022.08.24-18.26.52:504][  0]LogConfig: Setting CVar [[gc.BlueprintClusteringEnabled:0]]
[2022.08.24-18.26.52:504][  0]LogConfig: Setting CVar [[gc.UseDisregardForGCOnDedicatedServers:0]]
[2022.08.24-18.26.52:505][  0]LogConfig: Setting CVar [[gc.MultithreadedDestructionEnabled:1]]
[2022.08.24-18.26.52:505][  0]LogConfig: Applying CVar settings from Section [/Script/Engine.NetworkSettings] File [C:/Users/danie/Documents/Gamedev VR/game/UE4 game/fpsgame/Saved/Config/Windows/Engine.ini]
[2022.08.24-18.26.52:505][  0]LogConfig: Applying CVar settings from Section [/Script/UnrealEd.CookerSettings] File [C:/Users/danie/Documents/Gamedev VR/game/UE4 game/fpsgame/Saved/Config/Windows/Engine.ini]
[2022.08.24-18.26.52:506][  0]LogConfig: Applying CVar settings from Section [ViewDistanceQuality@3] File [C:/Users/danie/Documents/Gamedev VR/game/UE4 game/fpsgame/Saved/Config/Windows/Scalability.ini]
[2022.08.24-18.26.52:506][  0]LogConfig: Setting CVar [[r.SkeletalMeshLODBias:0]]
[2022.08.24-18.26.52:506][  0]LogConfig: Setting CVar [[r.ViewDistanceScale:1.0]]
[2022.08.24-18.26.52:506][  0]LogConfig: Applying CVar settings from Section [AntiAliasingQuality@3] File [C:/Users/danie/Documents/Gamedev VR/game/UE4 game/fpsgame/Saved/Config/Windows/Scalability.ini]
[2022.08.24-18.26.52:507][  0]LogConfig: Setting CVar [[r.PostProcessAAQuality:4]]
[2022.08.24-18.26.52:507][  0]LogConfig: Applying CVar settings from Section [ShadowQuality@3] File [C:/Users/danie/Documents/Gamedev VR/game/UE4 game/fpsgame/Saved/Config/Windows/Scalability.ini]
[2022.08.24-18.26.52:507][  0]LogConfig: Setting CVar [[r.LightFunctionQuality:1]]
[2022.08.24-18.26.52:508][  0]LogConfig: Setting CVar [[r.ShadowQuality:5]]
[2022.08.24-18.26.52:508][  0]LogConfig: Setting CVar [[r.Shadow.CSM.MaxCascades:10]]
[2022.08.24-18.26.52:508][  0]LogConfig: Setting CVar [[r.Shadow.MaxResolution:2048]]
[2022.08.24-18.26.52:508][  0]LogConfig: Setting CVar [[r.Shadow.MaxCSMResolution:2048]]
[2022.08.24-18.26.52:509][  0]LogConfig: Setting CVar [[r.Shadow.RadiusThreshold:0.01]]
[2022.08.24-18.26.52:509][  0]LogConfig: Setting CVar [[r.Shadow.DistanceScale:1.0]]
[2022.08.24-18.26.52:509][  0]LogConfig: Setting CVar [[r.Shadow.CSM.TransitionScale:1.0]]
[2022.08.24-18.26.52:509][  0]LogConfig: Setting CVar [[r.Shadow.PreShadowResolutionFactor:1.0]]
[2022.08.24-18.26.52:510][  0]LogConfig: Setting CVar [[r.DistanceFieldShadowing:1]]
[2022.08.24-18.26.52:510][  0]LogConfig: Setting CVar [[r.DistanceFieldAO:1]]
[2022.08.24-18.26.52:510][  0]LogConfig: Setting CVar [[r.AOQuality:2]]
[2022.08.24-18.26.52:510][  0]LogConfig: Setting CVar [[r.VolumetricFog:1]]
[2022.08.24-18.26.52:512][  0]LogConfig: Setting CVar [[r.VolumetricFog.GridPixelSize:8]]
[2022.08.24-18.26.52:514][  0]LogConfig: Setting CVar [[r.VolumetricFog.GridSizeZ:128]]
[2022.08.24-18.26.52:514][  0]LogConfig: Setting CVar [[r.VolumetricFog.HistoryMissSupersampleCount:4]]
[2022.08.24-18.26.52:514][  0]LogConfig: Setting CVar [[r.LightMaxDrawDistanceScale:1]]
[2022.08.24-18.26.52:515][  0]LogConfig: Setting CVar [[r.CapsuleShadows:1]]
[2022.08.24-18.26.52:515][  0]LogConfig: Applying CVar settings from Section [PostProcessQuality@3] File [C:/Users/danie/Documents/Gamedev VR/game/UE4 game/fpsgame/Saved/Config/Windows/Scalability.ini]
[2022.08.24-18.26.52:515][  0]LogConfig: Setting CVar [[r.MotionBlurQuality:4]]
[2022.08.24-18.26.52:515][  0]LogConfig: Setting CVar [[r.AmbientOcclusionMipLevelFactor:0.4]]
[2022.08.24-18.26.52:516][  0]LogConfig: Setting CVar [[r.AmbientOcclusionMaxQuality:100]]
[2022.08.24-18.26.52:516][  0]LogConfig: Setting CVar [[r.AmbientOcclusionLevels:-1]]
[2022.08.24-18.26.52:516][  0]LogConfig: Setting CVar [[r.AmbientOcclusionRadiusScale:1.0]]
[2022.08.24-18.26.52:516][  0]LogConfig: Setting CVar [[r.DepthOfFieldQuality:2]]
[2022.08.24-18.26.52:516][  0]LogConfig: Setting CVar [[r.RenderTargetPoolMin:400]]
[2022.08.24-18.26.52:517][  0]LogConfig: Setting CVar [[r.LensFlareQuality:2]]
[2022.08.24-18.26.52:517][  0]LogConfig: Setting CVar [[r.SceneColorFringeQuality:1]]
[2022.08.24-18.26.52:517][  0]LogConfig: Setting CVar [[r.EyeAdaptationQuality:2]]
[2022.08.24-18.26.52:517][  0]LogConfig: Setting CVar [[r.BloomQuality:5]]
[2022.08.24-18.26.52:518][  0]LogConfig: Setting CVar [[r.FastBlurThreshold:100]]
[2022.08.24-18.26.52:518][  0]LogConfig: Setting CVar [[r.Upscale.Quality:3]]
[2022.08.24-18.26.52:518][  0]LogConfig: Setting CVar [[r.Tonemapper.GrainQuantization:1]]
[2022.08.24-18.26.52:519][  0]LogConfig: Setting CVar [[r.LightShaftQuality:1]]
[2022.08.24-18.26.52:519][  0]LogConfig: Setting CVar [[r.Filter.SizeScale:1]]
[2022.08.24-18.26.52:519][  0]LogConfig: Setting CVar [[r.Tonemapper.Quality:5]]
[2022.08.24-18.26.52:520][  0]LogConfig: Setting CVar [[r.DOF.Gather.AccumulatorQuality:1        ; higher gathering accumulator quality]]
[2022.08.24-18.26.52:520][  0]LogConfig: Setting CVar [[r.DOF.Gather.PostfilterMethod:1          ; Median3x3 postfilering method]]
[2022.08.24-18.26.52:520][  0]LogConfig: Setting CVar [[r.DOF.Gather.EnableBokehSettings:0       ; no bokeh simulation when gathering]]
[2022.08.24-18.26.52:520][  0]LogConfig: Setting CVar [[r.DOF.Gather.RingCount:4                 ; medium number of samples when gathering]]
[2022.08.24-18.26.52:521][  0]LogConfig: Setting CVar [[r.DOF.Scatter.ForegroundCompositing:1    ; additive foreground scattering]]
[2022.08.24-18.26.52:521][  0]LogConfig: Setting CVar [[r.DOF.Scatter.BackgroundCompositing:2    ; additive background scattering]]
[2022.08.24-18.26.52:521][  0]LogConfig: Setting CVar [[r.DOF.Scatter.EnableBokehSettings:1      ; bokeh simulation when scattering]]
[2022.08.24-18.26.52:522][  0]LogConfig: Setting CVar [[r.DOF.Scatter.MaxSpriteRatio:0.1         ; only a maximum of 10% of scattered bokeh]]
[2022.08.24-18.26.52:522][  0]LogConfig: Setting CVar [[r.DOF.Recombine.Quality:1                ; cheap slight out of focus]]
[2022.08.24-18.26.52:522][  0]LogConfig: Setting CVar [[r.DOF.Recombine.EnableBokehSettings:0    ; no bokeh simulation on slight out of focus]]
[2022.08.24-18.26.52:522][  0]LogConfig: Setting CVar [[r.DOF.TemporalAAQuality:1                ; more stable temporal accumulation]]
[2022.08.24-18.26.52:523][  0]LogConfig: Setting CVar [[r.DOF.Kernel.MaxForegroundRadius:0.025]]
[2022.08.24-18.26.52:523][  0]LogConfig: Setting CVar [[r.DOF.Kernel.MaxBackgroundRadius:0.025]]
[2022.08.24-18.26.52:523][  0]LogConfig: Applying CVar settings from Section [TextureQuality@3] File [C:/Users/danie/Documents/Gamedev VR/game/UE4 game/fpsgame/Saved/Config/Windows/Scalability.ini]
[2022.08.24-18.26.52:523][  0]LogConfig: Setting CVar [[r.Streaming.MipBias:0]]
[2022.08.24-18.26.52:524][  0]LogConfig: Setting CVar [[r.Streaming.AmortizeCPUToGPUCopy:0]]
[2022.08.24-18.26.52:524][  0]LogConfig: Setting CVar [[r.Streaming.MaxNumTexturesToStreamPerFrame:0]]
[2022.08.24-18.26.52:524][  0]LogConfig: Setting CVar [[r.Streaming.Boost:1]]
[2022.08.24-18.26.52:524][  0]LogConfig: Setting CVar [[r.MaxAnisotropy:8]]
[2022.08.24-18.26.52:525][  0]LogConfig: Setting CVar [[r.VT.MaxAnisotropy:8]]
[2022.08.24-18.26.52:525][  0]LogConfig: Setting CVar [[r.Streaming.LimitPoolSizeToVRAM:0]]
[2022.08.24-18.26.52:525][  0]LogConfig: Setting CVar [[r.Streaming.PoolSize:1000]]
[2022.08.24-18.26.52:526][  0]LogConfig: Setting CVar [[r.Streaming.MaxEffectiveScreenSize:0]]
[2022.08.24-18.26.52:526][  0]LogConfig: Applying CVar settings from Section [EffectsQuality@3] File [C:/Users/danie/Documents/Gamedev VR/game/UE4 game/fpsgame/Saved/Config/Windows/Scalability.ini]
[2022.08.24-18.26.52:526][  0]LogConfig: Setting CVar [[r.TranslucencyLightingVolumeDim:64]]
[2022.08.24-18.26.52:526][  0]LogConfig: Setting CVar [[r.RefractionQuality:2]]
[2022.08.24-18.26.52:527][  0]LogConfig: Setting CVar [[r.SSR.Quality:3]]
[2022.08.24-18.26.52:529][  0]LogConfig: Setting CVar [[r.SSR.HalfResSceneColor:0]]
[2022.08.24-18.26.52:530][  0]LogConfig: Setting CVar [[r.SceneColorFormat:4]]
[2022.08.24-18.26.52:530][  0]LogConfig: Setting CVar [[r.DetailMode:2]]
[2022.08.24-18.26.52:530][  0]LogConfig: Setting CVar [[r.TranslucencyVolumeBlur:1]]
[2022.08.24-18.26.52:530][  0]LogConfig: Setting CVar [[r.MaterialQualityLevel:1 ; High quality]]
[2022.08.24-18.26.52:531][  0]LogConfig: Setting CVar [[r.AnisotropicMaterials:1]]
[2022.08.24-18.26.52:531][  0]LogConfig: Setting CVar [[r.SSS.Scale:1]]
[2022.08.24-18.26.52:531][  0]LogConfig: Setting CVar [[r.SSS.SampleSet:2]]
[2022.08.24-18.26.52:532][  0]LogConfig: Setting CVar [[r.SSS.Quality:1]]
[2022.08.24-18.26.52:532][  0]LogConfig: Setting CVar [[r.SSS.HalfRes:0]]
[2022.08.24-18.26.52:533][  0]LogConfig: Setting CVar [[r.SSGI.Quality:3]]
[2022.08.24-18.26.52:533][  0]LogConfig: Setting CVar [[r.EmitterSpawnRateScale:1.0]]
[2022.08.24-18.26.52:533][  0]LogConfig: Setting CVar [[r.ParticleLightQuality:2]]
[2022.08.24-18.26.52:533][  0]LogConfig: Setting CVar [[r.SkyAtmosphere.AerialPerspectiveLUT.FastApplyOnOpaque:1 ; Always have FastSkyLUT 1 in this case to avoid wrong sky]]
[2022.08.24-18.26.52:534][  0]LogConfig: Setting CVar [[r.SkyAtmosphere.AerialPerspectiveLUT.SampleCountMaxPerSlice:4]]
[2022.08.24-18.26.52:534][  0]LogConfig: Setting CVar [[r.SkyAtmosphere.AerialPerspectiveLUT.DepthResolution:16.0]]
[2022.08.24-18.26.52:534][  0]LogConfig: Setting CVar [[r.SkyAtmosphere.FastSkyLUT:1]]
[2022.08.24-18.26.52:534][  0]LogConfig: Setting CVar [[r.SkyAtmosphere.FastSkyLUT.SampleCountMin:4.0]]
[2022.08.24-18.26.52:535][  0]LogConfig: Setting CVar [[r.SkyAtmosphere.FastSkyLUT.SampleCountMax:128.0]]
[2022.08.24-18.26.52:535][  0]LogConfig: Setting CVar [[r.SkyAtmosphere.SampleCountMin:4.0]]
[2022.08.24-18.26.52:535][  0]LogConfig: Setting CVar [[r.SkyAtmosphere.SampleCountMax:128.0]]
[2022.08.24-18.26.52:535][  0]LogConfig: Setting CVar [[r.SkyAtmosphere.TransmittanceLUT.UseSmallFormat:0]]
[2022.08.24-18.26.52:536][  0]LogConfig: Setting CVar [[r.SkyAtmosphere.TransmittanceLUT.SampleCount:10.0]]
[2022.08.24-18.26.52:536][  0]LogConfig: Setting CVar [[r.SkyAtmosphere.MultiScatteringLUT.SampleCount:15.0]]
[2022.08.24-18.26.52:536][  0]LogConfig: Setting CVar [[r.SkyLight.RealTimeReflectionCapture:1]]
[2022.08.24-18.26.52:536][  0]LogConfig: Applying CVar settings from Section [FoliageQuality@3] File [C:/Users/danie/Documents/Gamedev VR/game/UE4 game/fpsgame/Saved/Config/Windows/Scalability.ini]
[2022.08.24-18.26.52:537][  0]LogConfig: Setting CVar [[foliage.DensityScale:1.0]]
[2022.08.24-18.26.52:537][  0]LogConfig: Setting CVar [[grass.DensityScale:1.0]]
[2022.08.24-18.26.52:537][  0]LogConfig: Applying CVar settings from Section [ShadingQuality@3] File [C:/Users/danie/Documents/Gamedev VR/game/UE4 game/fpsgame/Saved/Config/Windows/Scalability.ini]
[2022.08.24-18.26.52:537][  0]LogConfig: Setting CVar [[r.HairStrands.SkyLighting.IntegrationType:2]]
[2022.08.24-18.26.52:538][  0]LogConfig: Setting CVar [[r.HairStrands.SkyAO.SampleCount:4]]
[2022.08.24-18.26.52:538][  0]LogConfig: Setting CVar [[r.HairStrands.Visibility.MSAA.SamplePerPixel:4]]
[2022.08.24-18.26.52:538][  0]LogInit: Selected Device Profile: [Windows]
[2022.08.24-18.26.52:538][  0]LogInit: Applying CVar settings loaded from the selected device profile: [Windows]
[2022.08.24-18.26.52:539][  0]LogHAL: Display: Platform has ~ 16 GB [17128247296 / 17179869184 / 16], which maps to Larger [LargestMinGB=32, LargerMinGB=12, DefaultMinGB=8, SmallerMinGB=6, SmallestMinGB=0)
[2022.08.24-18.26.52:539][  0]LogInit: Going up to parent DeviceProfile []
[2022.08.24-18.26.52:539][  0]LogConfig: Applying CVar settings from Section [ViewDistanceQuality@3] File [C:/Users/danie/Documents/Gamedev VR/game/UE4 game/fpsgame/Saved/Config/Windows/Scalability.ini]
[2022.08.24-18.26.52:540][  0]LogConfig: Setting CVar [[r.SkeletalMeshLODBias:0]]
[2022.08.24-18.26.52:540][  0]LogConfig: Setting CVar [[r.ViewDistanceScale:1.0]]
[2022.08.24-18.26.52:540][  0]LogConfig: Applying CVar settings from Section [AntiAliasingQuality@3] File [C:/Users/danie/Documents/Gamedev VR/game/UE4 game/fpsgame/Saved/Config/Windows/Scalability.ini]
[2022.08.24-18.26.52:540][  0]LogConfig: Setting CVar [[r.PostProcessAAQuality:4]]
[2022.08.24-18.26.52:540][  0]LogConfig: Applying CVar settings from Section [ShadowQuality@3] File [C:/Users/danie/Documents/Gamedev VR/game/UE4 game/fpsgame/Saved/Config/Windows/Scalability.ini]
[2022.08.24-18.26.52:541][  0]LogConfig: Setting CVar [[r.LightFunctionQuality:1]]
[2022.08.24-18.26.52:541][  0]LogConfig: Setting CVar [[r.ShadowQuality:5]]
[2022.08.24-18.26.52:541][  0]LogConfig: Setting CVar [[r.Shadow.CSM.MaxCascades:10]]
[2022.08.24-18.26.52:542][  0]LogConfig: Setting CVar [[r.Shadow.MaxResolution:2048]]
[2022.08.24-18.26.52:542][  0]LogConfig: Setting CVar [[r.Shadow.MaxCSMResolution:2048]]
[2022.08.24-18.26.52:542][  0]LogConfig: Setting CVar [[r.Shadow.RadiusThreshold:0.01]]
[2022.08.24-18.26.52:542][  0]LogConfig: Setting CVar [[r.Shadow.DistanceScale:1.0]]
[2022.08.24-18.26.52:543][  0]LogConfig: Setting CVar [[r.Shadow.CSM.TransitionScale:1.0]]
[2022.08.24-18.26.52:545][  0]LogConfig: Setting CVar [[r.Shadow.PreShadowResolutionFactor:1.0]]
[2022.08.24-18.26.52:545][  0]LogConfig: Setting CVar [[r.DistanceFieldShadowing:1]]
[2022.08.24-18.26.52:545][  0]LogConfig: Setting CVar [[r.DistanceFieldAO:1]]
[2022.08.24-18.26.52:546][  0]LogConfig: Setting CVar [[r.AOQuality:2]]
[2022.08.24-18.26.52:546][  0]LogConfig: Setting CVar [[r.VolumetricFog:1]]
[2022.08.24-18.26.52:546][  0]LogConfig: Setting CVar [[r.VolumetricFog.GridPixelSize:8]]
[2022.08.24-18.26.52:546][  0]LogConfig: Setting CVar [[r.VolumetricFog.GridSizeZ:128]]
[2022.08.24-18.26.52:547][  0]LogConfig: Setting CVar [[r.VolumetricFog.HistoryMissSupersampleCount:4]]
[2022.08.24-18.26.52:547][  0]LogConfig: Setting CVar [[r.LightMaxDrawDistanceScale:1]]
[2022.08.24-18.26.52:547][  0]LogConfig: Setting CVar [[r.CapsuleShadows:1]]
[2022.08.24-18.26.52:547][  0]LogConfig: Applying CVar settings from Section [PostProcessQuality@3] File [C:/Users/danie/Documents/Gamedev VR/game/UE4 game/fpsgame/Saved/Config/Windows/Scalability.ini]
[2022.08.24-18.26.52:548][  0]LogConfig: Setting CVar [[r.MotionBlurQuality:4]]
[2022.08.24-18.26.52:548][  0]LogConfig: Setting CVar [[r.AmbientOcclusionMipLevelFactor:0.4]]
[2022.08.24-18.26.52:548][  0]LogConfig: Setting CVar [[r.AmbientOcclusionMaxQuality:100]]
[2022.08.24-18.26.52:549][  0]LogConfig: Setting CVar [[r.AmbientOcclusionLevels:-1]]
[2022.08.24-18.26.52:549][  0]LogConfig: Setting CVar [[r.AmbientOcclusionRadiusScale:1.0]]
[2022.08.24-18.26.52:549][  0]LogConfig: Setting CVar [[r.DepthOfFieldQuality:2]]
[2022.08.24-18.26.52:549][  0]LogConfig: Setting CVar [[r.RenderTargetPoolMin:400]]
[2022.08.24-18.26.52:550][  0]LogConfig: Setting CVar [[r.LensFlareQuality:2]]
[2022.08.24-18.26.52:550][  0]LogConfig: Setting CVar [[r.SceneColorFringeQuality:1]]
[2022.08.24-18.26.52:550][  0]LogConfig: Setting CVar [[r.EyeAdaptationQuality:2]]
[2022.08.24-18.26.52:550][  0]LogConfig: Setting CVar [[r.BloomQuality:5]]
[2022.08.24-18.26.52:551][  0]LogConfig: Setting CVar [[r.FastBlurThreshold:100]]
[2022.08.24-18.26.52:551][  0]LogConfig: Setting CVar [[r.Upscale.Quality:3]]
[2022.08.24-18.26.52:551][  0]LogConfig: Setting CVar [[r.Tonemapper.GrainQuantization:1]]
[2022.08.24-18.26.52:552][  0]LogConfig: Setting CVar [[r.LightShaftQuality:1]]
[2022.08.24-18.26.52:552][  0]LogConfig: Setting CVar [[r.Filter.SizeScale:1]]
[2022.08.24-18.26.52:552][  0]LogConfig: Setting CVar [[r.Tonemapper.Quality:5]]
[2022.08.24-18.26.52:552][  0]LogConfig: Setting CVar [[r.DOF.Gather.AccumulatorQuality:1        ; higher gathering accumulator quality]]
[2022.08.24-18.26.52:553][  0]LogConfig: Setting CVar [[r.DOF.Gather.PostfilterMethod:1          ; Median3x3 postfilering method]]
[2022.08.24-18.26.52:553][  0]LogConfig: Setting CVar [[r.DOF.Gather.EnableBokehSettings:0       ; no bokeh simulation when gathering]]
[2022.08.24-18.26.52:553][  0]LogConfig: Setting CVar [[r.DOF.Gather.RingCount:4                 ; medium number of samples when gathering]]
[2022.08.24-18.26.52:554][  0]LogConfig: Setting CVar [[r.DOF.Scatter.ForegroundCompositing:1    ; additive foreground scattering]]
[2022.08.24-18.26.52:554][  0]LogConfig: Setting CVar [[r.DOF.Scatter.BackgroundCompositing:2    ; additive background scattering]]
[2022.08.24-18.26.52:554][  0]LogConfig: Setting CVar [[r.DOF.Scatter.EnableBokehSettings:1      ; bokeh simulation when scattering]]
[2022.08.24-18.26.52:554][  0]LogConfig: Setting CVar [[r.DOF.Scatter.MaxSpriteRatio:0.1         ; only a maximum of 10% of scattered bokeh]]
[2022.08.24-18.26.52:555][  0]LogConfig: Setting CVar [[r.DOF.Recombine.Quality:1                ; cheap slight out of focus]]
[2022.08.24-18.26.52:555][  0]LogConfig: Setting CVar [[r.DOF.Recombine.EnableBokehSettings:0    ; no bokeh simulation on slight out of focus]]
[2022.08.24-18.26.52:555][  0]LogConfig: Setting CVar [[r.DOF.TemporalAAQuality:1                ; more stable temporal accumulation]]
[2022.08.24-18.26.52:555][  0]LogConfig: Setting CVar [[r.DOF.Kernel.MaxForegroundRadius:0.025]]
[2022.08.24-18.26.52:556][  0]LogConfig: Setting CVar [[r.DOF.Kernel.MaxBackgroundRadius:0.025]]
[2022.08.24-18.26.52:556][  0]LogConfig: Applying CVar settings from Section [TextureQuality@3] File [C:/Users/danie/Documents/Gamedev VR/game/UE4 game/fpsgame/Saved/Config/Windows/Scalability.ini]
[2022.08.24-18.26.52:556][  0]LogConfig: Setting CVar [[r.Streaming.MipBias:0]]
[2022.08.24-18.26.52:557][  0]LogConfig: Setting CVar [[r.Streaming.AmortizeCPUToGPUCopy:0]]
[2022.08.24-18.26.52:557][  0]LogConfig: Setting CVar [[r.Streaming.MaxNumTexturesToStreamPerFrame:0]]
[2022.08.24-18.26.52:557][  0]LogConfig: Setting CVar [[r.Streaming.Boost:1]]
[2022.08.24-18.26.52:557][  0]LogConfig: Setting CVar [[r.MaxAnisotropy:8]]
[2022.08.24-18.26.52:558][  0]LogConfig: Setting CVar [[r.VT.MaxAnisotropy:8]]
[2022.08.24-18.26.52:560][  0]LogConfig: Setting CVar [[r.Streaming.LimitPoolSizeToVRAM:0]]
[2022.08.24-18.26.52:561][  0]LogConfig: Setting CVar [[r.Streaming.PoolSize:1000]]
[2022.08.24-18.26.52:561][  0]LogConfig: Setting CVar [[r.Streaming.MaxEffectiveScreenSize:0]]
[2022.08.24-18.26.52:561][  0]LogConfig: Applying CVar settings from Section [EffectsQuality@3] File [C:/Users/danie/Documents/Gamedev VR/game/UE4 game/fpsgame/Saved/Config/Windows/Scalability.ini]
[2022.08.24-18.26.52:561][  0]LogConfig: Setting CVar [[r.TranslucencyLightingVolumeDim:64]]
[2022.08.24-18.26.52:562][  0]LogConfig: Setting CVar [[r.RefractionQuality:2]]
[2022.08.24-18.26.52:562][  0]LogConfig: Setting CVar [[r.SSR.Quality:3]]
[2022.08.24-18.26.52:562][  0]LogConfig: Setting CVar [[r.SSR.HalfResSceneColor:0]]
[2022.08.24-18.26.52:563][  0]LogConfig: Setting CVar [[r.SceneColorFormat:4]]
[2022.08.24-18.26.52:563][  0]LogConfig: Setting CVar [[r.DetailMode:2]]
[2022.08.24-18.26.52:563][  0]LogConfig: Setting CVar [[r.TranslucencyVolumeBlur:1]]
[2022.08.24-18.26.52:563][  0]LogConfig: Setting CVar [[r.MaterialQualityLevel:1 ; High quality]]
[2022.08.24-18.26.52:564][  0]LogConfig: Setting CVar [[r.AnisotropicMaterials:1]]
[2022.08.24-18.26.52:564][  0]LogConfig: Setting CVar [[r.SSS.Scale:1]]
[2022.08.24-18.26.52:565][  0]LogConfig: Setting CVar [[r.SSS.SampleSet:2]]
[2022.08.24-18.26.52:565][  0]LogConfig: Setting CVar [[r.SSS.Quality:1]]
[2022.08.24-18.26.52:565][  0]LogConfig: Setting CVar [[r.SSS.HalfRes:0]]
[2022.08.24-18.26.52:565][  0]LogConfig: Setting CVar [[r.SSGI.Quality:3]]
[2022.08.24-18.26.52:566][  0]LogConfig: Setting CVar [[r.EmitterSpawnRateScale:1.0]]
[2022.08.24-18.26.52:566][  0]LogConfig: Setting CVar [[r.ParticleLightQuality:2]]
[2022.08.24-18.26.52:566][  0]LogConfig: Setting CVar [[r.SkyAtmosphere.AerialPerspectiveLUT.FastApplyOnOpaque:1 ; Always have FastSkyLUT 1 in this case to avoid wrong sky]]
[2022.08.24-18.26.52:566][  0]LogConfig: Setting CVar [[r.SkyAtmosphere.AerialPerspectiveLUT.SampleCountMaxPerSlice:4]]
[2022.08.24-18.26.52:567][  0]LogConfig: Setting CVar [[r.SkyAtmosphere.AerialPerspectiveLUT.DepthResolution:16.0]]
[2022.08.24-18.26.52:567][  0]LogConfig: Setting CVar [[r.SkyAtmosphere.FastSkyLUT:1]]
[2022.08.24-18.26.52:567][  0]LogConfig: Setting CVar [[r.SkyAtmosphere.FastSkyLUT.SampleCountMin:4.0]]
[2022.08.24-18.26.52:567][  0]LogConfig: Setting CVar [[r.SkyAtmosphere.FastSkyLUT.SampleCountMax:128.0]]
[2022.08.24-18.26.52:568][  0]LogConfig: Setting CVar [[r.SkyAtmosphere.SampleCountMin:4.0]]
[2022.08.24-18.26.52:568][  0]LogConfig: Setting CVar [[r.SkyAtmosphere.SampleCountMax:128.0]]
[2022.08.24-18.26.52:568][  0]LogConfig: Setting CVar [[r.SkyAtmosphere.TransmittanceLUT.UseSmallFormat:0]]
[2022.08.24-18.26.52:569][  0]LogConfig: Setting CVar [[r.SkyAtmosphere.TransmittanceLUT.SampleCount:10.0]]
[2022.08.24-18.26.52:569][  0]LogConfig: Setting CVar [[r.SkyAtmosphere.MultiScatteringLUT.SampleCount:15.0]]
[2022.08.24-18.26.52:569][  0]LogConfig: Setting CVar [[r.SkyLight.RealTimeReflectionCapture:1]]
[2022.08.24-18.26.52:569][  0]LogConfig: Applying CVar settings from Section [FoliageQuality@3] File [C:/Users/danie/Documents/Gamedev VR/game/UE4 game/fpsgame/Saved/Config/Windows/Scalability.ini]
[2022.08.24-18.26.52:570][  0]LogConfig: Setting CVar [[foliage.DensityScale:1.0]]
[2022.08.24-18.26.52:570][  0]LogConfig: Setting CVar [[grass.DensityScale:1.0]]
[2022.08.24-18.26.52:570][  0]LogConfig: Applying CVar settings from Section [ShadingQuality@3] File [C:/Users/danie/Documents/Gamedev VR/game/UE4 game/fpsgame/Saved/Config/Windows/Scalability.ini]
[2022.08.24-18.26.52:571][  0]LogConfig: Setting CVar [[r.HairStrands.SkyLighting.IntegrationType:2]]
[2022.08.24-18.26.52:571][  0]LogConfig: Setting CVar [[r.HairStrands.SkyAO.SampleCount:4]]
[2022.08.24-18.26.52:571][  0]LogConfig: Setting CVar [[r.HairStrands.Visibility.MSAA.SamplePerPixel:4]]
[2022.08.24-18.26.52:571][  0]LogConfig: Applying CVar settings from Section [Startup] File [../../../Engine/Config/ConsoleVariables.ini]
[2022.08.24-18.26.52:572][  0]LogConfig: Setting CVar [[net.UseAdaptiveNetUpdateFrequency:0]]
[2022.08.24-18.26.52:572][  0]LogConfig: Setting CVar [[p.chaos.AllowCreatePhysxBodies:1]]
[2022.08.24-18.26.52:573][  0]LogConfig: Setting CVar [[fx.SkipVectorVMBackendOptimizations:1]]
[2022.08.24-18.26.52:573][  0]LogConfig: Applying CVar settings from Section [ConsoleVariables] File [C:/Users/danie/Documents/Gamedev VR/game/UE4 game/fpsgame/Saved/Config/Windows/Engine.ini]
[2022.08.24-18.26.52:573][  0]LogConfig: Applying CVar settings from Section [ConsoleVariables] File [C:/Users/danie/Documents/Gamedev VR/game/UE4 game/fpsgame/Saved/Config/Windows/Editor.ini]
[2022.08.24-18.26.52:574][  0]LogInit: Computer: DESKTOP-QG36584
[2022.08.24-18.26.52:576][  0]LogInit: User: danie
[2022.08.24-18.26.52:576][  0]LogInit: CPU Page size=4096, Cores=6
[2022.08.24-18.26.52:577][  0]LogInit: High frequency timer resolution =10.000000 MHz
[2022.08.24-18.26.52:577][  0]LogMemory: Memory total: Physical=16.0GB (16GB approx)
[2022.08.24-18.26.52:577][  0]LogMemory: Platform Memory Stats for Windows
[2022.08.24-18.26.52:577][  0]LogMemory: Process Physical Memory: 136.52 MB used, 136.52 MB peak
[2022.08.24-18.26.52:578][  0]LogMemory: Process Virtual Memory: 115.27 MB used, 115.27 MB peak
[2022.08.24-18.26.52:578][  0]LogMemory: Physical Memory: 13572.72 MB used,  2762.05 MB free, 16334.77 MB total
[2022.08.24-18.26.52:578][  0]LogMemory: Virtual Memory: 134213056.00 MB used,  4668.93 MB free, 134217728.00 MB total
[2022.08.24-18.26.52:580][  0]LogWindows: WindowsPlatformFeatures disabled or dedicated server build
[2022.08.24-18.26.52:588][  0]LogInit: Physics initialised using underlying interface: PhysX
[2022.08.24-18.26.52:589][  0]LogInit: Using OS detected language (en-US).
[2022.08.24-18.26.52:590][  0]LogInit: Using OS detected locale (en-GB).
[2022.08.24-18.26.52:595][  0]LogTextLocalizationManager: No specific localization for 'en-US' exists, so the 'en' localization will be used.
[2022.08.24-18.26.52:970][  0]LogTargetPlatformManager: Display: Loaded TargetPlatform 'WindowsNoEditor'
[2022.08.24-18.26.52:974][  0]LogTargetPlatformManager: Display: Loaded TargetPlatform 'Windows'
[2022.08.24-18.26.52:977][  0]LogTargetPlatformManager: Display: Loaded TargetPlatform 'WindowsClient'
[2022.08.24-18.26.52:981][  0]LogTargetPlatformManager: Display: Loaded TargetPlatform 'WindowsServer'
[2022.08.24-18.26.52:981][  0]LogTargetPlatformManager: Display: Building Assets For Windows
[2022.08.24-18.26.52:983][  0]LogAudioDebug: Display: Lib vorbis DLL was dynamically loaded.
[2022.08.24-18.26.52:997][  0]LogTextureFormatOodle: Display: Oodle Texture 2.9.0 init RDO Off
[2022.08.24-18.26.53:009][  0]LogRendererCore: Ray tracing is disabled. Reason: r.RayTracing=0.
[2022.08.24-18.26.53:009][  0]LogShaderCompilers: Guid format shader working directory is -27 characters bigger than the processId version (../../../../../../Users/danie/Documents/Gamedev VR/game/UE4 game/fpsgame/Intermediate/Shaders/WorkingDirectory/16916/).
[2022.08.24-18.26.53:010][  0]LogShaderCompilers: Cleaned the shader compiler working directory 'C:/Users/danie/AppData/Local/Temp/UnrealShaderWorkingDir/6AC2CBA442412CF9A8835C9B474C3A57/'.
[2022.08.24-18.26.53:010][  0]LogXGEController: Cannot use XGE Controller as Incredibuild is not installed on this machine.
[2022.08.24-18.26.53:010][  0]LogShaderCompilers: Cannot use XGE Shader Compiler as Incredibuild is not installed on this machine.
[2022.08.24-18.26.53:011][  0]LogShaderCompilers: Display: Using Local Shader Compiler.
[2022.08.24-18.26.53:471][  0]LogDerivedDataCache: Display: Max Cache Size: 512 MB
[2022.08.24-18.26.53:526][  0]LogDerivedDataCache: Loaded boot cache 0.05s 95MB C:/Users/danie/AppData/Local/UnrealEngine/4.27/DerivedDataCache/Boot.ddc.
[2022.08.24-18.26.53:527][  0]LogDerivedDataCache: Display: Loaded Boot cache: C:/Users/danie/AppData/Local/UnrealEngine/4.27/DerivedDataCache/Boot.ddc
[2022.08.24-18.26.53:527][  0]LogDerivedDataCache: FDerivedDataBackendGraph:  Pak pak cache file ../../../../../../Users/danie/Documents/Gamedev VR/game/UE4 game/fpsgame/DerivedDataCache/DDC.ddp not found, will not use a pak cache.
[2022.08.24-18.26.53:527][  0]LogDerivedDataCache: Unable to find inner node Pak for hierarchical cache Hierarchy.
[2022.08.24-18.26.53:528][  0]LogDerivedDataCache: FDerivedDataBackendGraph:  CompressedPak pak cache file ../../../../../../Users/danie/Documents/Gamedev VR/game/UE4 game/fpsgame/DerivedDataCache/Compressed.ddp not found, will not use a pak cache.
[2022.08.24-18.26.53:528][  0]LogDerivedDataCache: Unable to find inner node CompressedPak for hierarchical cache Hierarchy.
[2022.08.24-18.26.53:545][  0]LogDerivedDataCache: Display: Pak cache opened for reading ../../../Engine/DerivedDataCache/Compressed.ddp.
[2022.08.24-18.26.53:545][  0]LogDerivedDataCache: FDerivedDataBackendGraph:  EnterprisePak pak cache file ../../../Enterprise/DerivedDataCache/Compressed.ddp not found, will not use a pak cache.
[2022.08.24-18.26.53:546][  0]LogDerivedDataCache: Unable to find inner node EnterprisePak for hierarchical cache Hierarchy.
[2022.08.24-18.26.53:554][  0]LogDerivedDataCache: Speed tests for C:/Users/danie/AppData/Local/UnrealEngine/Common/DerivedDataCache took 0.01 seconds
[2022.08.24-18.26.53:554][  0]LogDerivedDataCache: Display: Performance to C:/Users/danie/AppData/Local/UnrealEngine/Common/DerivedDataCache: Latency=0.03ms. RandomReadSpeed=352.38MBs, RandomWriteSpeed=189.05MBs. Assigned SpeedClass 'Local'
[2022.08.24-18.26.53:555][  0]LogDerivedDataCache: Using Local data cache path C:/Users/danie/AppData/Local/UnrealEngine/Common/DerivedDataCache: Writable
[2022.08.24-18.26.53:555][  0]LogDerivedDataCache: Shared data cache path not found in *engine.ini, will not use an Shared cache.
[2022.08.24-18.26.53:555][  0]LogDerivedDataCache: Unable to find inner node Shared for hierarchical cache Hierarchy.
[2022.08.24-18.26.53:557][  0]LogInit: Using OS detected language (en-US).
[2022.08.24-18.26.53:558][  0]LogInit: Using OS detected locale (en-GB).
[2022.08.24-18.26.53:558][  0]LogTextLocalizationManager: No localization for 'en-US' exists, so 'en' will be used for the language.
[2022.08.24-18.26.53:558][  0]LogTextLocalizationManager: No localization for 'en-GB' exists, so 'en' will be used for the locale.
[2022.08.24-18.26.53:562][  0]LogTextLocalizationManager: Compacting localization data took   0.00ms
[2022.08.24-18.26.53:562][  0]LogAssetRegistry: FAssetRegistry took 0.0022 seconds to start up
[2022.08.24-18.26.53:712][  0]LogPackageLocalizationCache: Processed 27 localized package path(s) for 1 prioritized culture(s) in 0.001468 seconds
[2022.08.24-18.26.53:790][  0]LogInit: Selected Device Profile: [Windows]
[2022.08.24-18.26.53:790][  0]LogInit: Active device profile: [000001B8E2BD0500][000001B8DE433440 49] Windows
[2022.08.24-18.26.53:790][  0]LogInit: Profiles: [000001B8E2BD0500][000001B8DE433440 49] Windows, [000001B8E2BC2D00][000001B8DE441700 49] WindowsNoEditor, [000001B8E2BC0100][000001B8DE4459C0 49] WindowsServer, [000001B8E2BD3000][000001B8DE448100 49] WindowsClient, [000001B8E2BD0200][000001B8DE436380 49] IOS, [000001B8E2BC7D00][000001B8DE44C600 49] iPadAir, [000001B8E2BD3A00][000001B8DE4548C0 49] iPadAir2, [000001B8E2B5C200][000001B8DE46EE00 49] IPadPro, [000001B8E2B57F00][000001B8DE458E40 49] iPadAir3, [000001B8E2BC0700][000001B8DE467100 49] iPadAir4, [000001B8E2B54500][000001B8DE4633C0 49] iPadMini2, [000001B8E2BC0200][000001B8DE46B680 49] iPadMini3, [000001B8E2B55200][000001B8DE479940 49] iPadMini4, [000001B8E2BC2F00][000001B8DE47DC00 49] iPadMini5, [000001B8E2BC5600][000001B8DDE3A580 49] iPhone6, [000001B8E2BC5700][000001B8DDE2E5C0 49] iPodTouch6, [000001B8E2B56100][000001B8DDE46AC0 49] iPhone7, [000001B8E2B56200][000001B8DE450B00 49] iPodTouch7, [000001B8E2BC6600][000001B8DDE3EDC0 49] iPhone5S, [000001B8E2B57100][000001B8DDE33080 49] iPhone6Plus, [000001B8E2BC7B00][000001B8DDE43340 49] iPhone6S, [000001B8E2B56B00][000001B8DDE4B600 49] iPhone6SPlus, [000001B8E2BC4A00][000001B8DDE4F8C0 49] iPhone7Plus, [000001B8E2B56F00][000001B8DDE53B80 49] iPhoneSE, [000001B8E2BC5000][000001B8DDE562C0 49] iPhone8, [000001B8E2B57C00][000001B8DDE5A580 49] iPhone8Plus, [000001B8E2BC7200][000001B8DDE36800 49] iPhoneX, [000001B8E2B56C00][000001B8DDE62AC0 49] iPhoneXS, [000001B8E2BC6B00][000001B8DDE66D80 49] iPhoneXSMax, [000001B8E2B56900][000001B8DDE6B040 49] iPhoneXR, [000001B8E2BC6F00][000001B8DDE6F300 49] iPhone11, [000001B8E2B54A00][000001B8DDE735C0 49] iPhone11Pro, [000001B8E2BC7E00][000001B8DDE77880 49] iPhone11ProMax, [000001B8E2B55400][000001B8DDE7BB40 49] iPhoneSE2, [000001B8E2BC7F00][000001B8DDE7E280 49] iPhone12Mini, [000001B8E2B57D00][000001B8DDE82540 49] iPhone12, [000001B8E2BC5200][000001B8DDE5E7C0 49] iPhone12Pro, [000001B8E2B57500][000001B8DDE86A40 49] iPhone12ProMax, [000001B8E2BC4200][000001B8DDE8ED00 49] iPadPro105, [000001B8E2B55A00][000001B8DDE92FC0 49] iPadPro129, [000001B8E2BC4D00][000001B8DDE97280 49] iPadPro97, [000001B8E2B54900][000001B8DDE9B540 49] iPadPro2_129, [000001B8E2BC5A00][000001B8DDE9F800 49] iPad5, [000001B8E2B55C00][000001B8DDEA3AC0 49] iPad6, [000001B8E2BC7900][000001B8DDEA6200 49] iPad7, [000001B8E2B56600][000001B8DDEAA4C0 49] iPad8, [000001B8E2BC7000][000001B8DDEAE780 49] iPadPro11, [000001B8E2B55500][000001B8DDE8AA00 49] iPadPro2_11, [000001B8E2BC6100][000001B8DDEB2C80 49] iPadPro3_129, [000001B8E2B55D00][000001B8DDEBAF40 49] iPadPro4_129, [000001B8E2BC6400][000001B8DDEBF200 49] AppleTV, [000001B8E2B56E00][000001B8DDEC34C0 49] AppleTV4K, [000001B8E2BC4500][000001B8DDEC7780 49] TVOS, [000001B8E2B57A00][000001B8DDECBA40 49] Mac, [000001B8E2BC6900][000001B8DDECE180 49] MacClient, [000001B8E2B55700][000001B8DDED2440 49] MacNoEditor, [000001B8E2BC5100][000001B8DDED6700 49] MacServer, [000001B8E2B57B00][000001B8DDEDA9C0 49] Linux, [000001B8E2BC4600][000001B8DDEB6C40 49] LinuxAArch64, [000001B8E2B54400][000001B8DDEDEEC0 49] LinuxNoEditor, [000001B8E2BC6200][000001B8DDEE7180 49] LinuxAArch64NoEditor, [000001B8E2BD0100][000001B8DDEEB440 49] LinuxClient, [000001B8E2B5C700][000001B8DDEEF700 49] LinuxAArch64Client, [000001B8E2BD1900][000001B8DDEF39C0 49] LinuxServer, [000001B8E2B5CA00][000001B8DDEF6100 49] LinuxAArch64Server, [000001B8E2BD2D00][000001B8DDEFA3C0 49] Android, [000001B8E2B5D400][000001B8DDEFE680 49] Android_Low, [000001B8E2BD1100][000001B8DDF02940 49] Android_Mid, [000001B8E2B5CE00][000001B8DDF06C00 49] Android_High, [000001B8E2BD0800][000001B8DDEE2E80 49] Android_Default, [000001B8E2B5E600][000001B8DDF0B100 49] Android_Adreno4xx, [000001B8E2BD1400][000001B8DDF133C0 49] Android_Adreno5xx_Low, [000001B8E2B5E400][000001B8DDF17680 49] Android_Adreno5xx, [000001B8E2BD0700][000001B8DDF1B940 49] Android_Adreno6xx, [000001B8E2B5EC00][000001B8DDF1FC00 49] Android_Adreno6xx_Vulkan, [000001B8E2BD3B00][000001B8DDF22340 49] Android_Mali_T6xx, [000001B8E2B5C500][000001B8DDF26600 49] Android_Mali_T7xx, [000001B8E2BD0300][000001B8DDF2A8C0 49] Android_Mali_T8xx, [000001B8E2B5F000][000001B8DDF2EB80 49] Android_Mali_G71, [000001B8E2BD2900][000001B8DDF32E40 49] Android_Mali_G72, [000001B8E2B5E500][000001B8DDF0F0C0 49] Android_Mali_G72_Vulkan, [000001B8E2BD1B00][000001B8DDF37340 49] Android_Mali_G76, [000001B8E2B5F100][000001B8DDF3F600 49] Android_Mali_G76_Vulkan, [000001B8E2BD1E00][000001B8DDF438C0 49] Android_Mali_G77, [000001B8E2B5FB00][000001B8DDF47B80 49] Android_Mali_G77_Vulkan, [000001B8E2BD3C00][000001B8DDF4A2C0 49] Android_Mali_G78, [000001B8E2B5FF00][000001B8DDF4E580 49] Android_Mali_G78_Vulkan, [000001B8E2BD2400][000001B8DDF52840 49] Android_Mali_G710, [000001B8E2B5D300][000001B8DDF56B00 49] Android_Mali_G710_Vulkan, [000001B8E2BD3100][000001B8DDF5ADC0 49] Android_Vulkan_SM5, [000001B8E2B56400][000001B8DDF5F080 49] Android_PowerVR_G6xxx, [000001B8E2BD1D00][000001B8DDF3B300 49] Android_PowerVR_GT7xxx, [000001B8E2B54100][000001B8DDF63580 49] Android_PowerVR_GE8xxx, [000001B8E2BD3200][000001B8DDF6B840 49] Android_PowerVR_GM9xxx, [000001B8E2B54300][000001B8DDF6FB00 49] Android_PowerVR_GM9xxx_Vulkan, [000001B8E2BD3300][000001B8DDF72240 49] Android_TegraK1, [000001B8E2B55600][000001B8DDF76500 49] Android_Unknown_Vulkan, [000001B8E2BD2000][000001B8DDF7A7C0 49] Lumin, [000001B8E2B54B00][000001B8DDF7EA80 49] Lumin_Desktop, [000001B8E2BD0D00][000001B8DDF82D40 49] HoloLens, 
[2022.08.24-18.26.53:807][  0]LogMeshReduction: Using QuadricMeshReduction for automatic static mesh reduction
[2022.08.24-18.26.53:807][  0]LogMeshReduction: Using SimplygonMeshReduction for automatic skeletal mesh reduction
[2022.08.24-18.26.53:807][  0]LogMeshReduction: Using ProxyLODMeshReduction for automatic mesh merging
[2022.08.24-18.26.53:807][  0]LogMeshReduction: No distributed automatic mesh merging module available
[2022.08.24-18.26.53:808][  0]LogMeshMerging: No distributed automatic mesh merging module available
[2022.08.24-18.26.53:821][  0]LogNetVersion: fpsgame 1.0.0, NetCL: 17155196, EngineNetVer: 17, GameNetVer: 0 (Checksum: 3215450660)
[2022.08.24-18.26.53:982][  0]LogTexture: Default maximum texture size for cubemaps generated from long-lat sources has been changed from 512 to unlimited. In order to preserve old behaiour for '/Engine/MapTemplates/Sky/DaylightAmbientCubemap.DaylightAmbientCubemap', its maximum texture size has been explicitly set to 512.
[2022.08.24-18.26.54:013][  0]LogHMD: PokeAHoleMaterial loaded successfully
[2022.08.24-18.26.54:253][  0]LogPython: Using Python 3.7.7
[2022.08.24-18.26.54:689][  0]LogNiagaraDebuggerClient: Niagara Debugger Client Initialized | Session: 7DE3FBFB4119E7811362038E9D9D249F | Instance: 749902534CB02CAB078E72BCB66BF0AF (DESKTOP-QG36584-16916).
[2022.08.24-18.26.54:703][  0]LogCollectionManager: Loaded 0 collections in 0.001688 seconds
[2022.08.24-18.26.54:705][  0]LogFileCache: Scanning file cache for directory 'C:/Users/danie/Documents/Gamedev VR/game/UE4 game/fpsgame/Saved/Collections/' took 0.00s
[2022.08.24-18.26.54:705][  0]LogFileCache: Scanning file cache for directory 'C:/Users/danie/Documents/Gamedev VR/game/UE4 game/fpsgame/Content/Developers/danie/Collections/' took 0.00s
[2022.08.24-18.26.54:706][  0]LogFileCache: Scanning file cache for directory 'C:/Users/danie/Documents/Gamedev VR/game/UE4 game/fpsgame/Content/Collections/' took 0.00s
[2022.08.24-18.26.54:706][  0]LogCollectionManager: Fixed up redirectors for 0 collections in 0.000001 seconds (updated 0 objects)
[2022.08.24-18.26.54:784][  0]LogTcpMessaging: Initializing TcpMessaging bridge
[2022.08.24-18.26.54:790][  0]LogUdpMessaging: Initializing bridge on interface 0.0.0.0:0 to multicast group 230.0.0.1:6666.
[2022.08.24-18.26.54:965][  0]SourceControl: Source control is disabled
[2022.08.24-18.26.54:966][  0]SourceControl: Source control is disabled
[2022.08.24-18.26.54:971][  0]SourceControl: Source control is disabled
[2022.08.24-18.26.54:977][  0]LogUProjectInfo: Found projects:
[2022.08.24-18.26.55:108][  0]LogOpenImageDenoise: OIDN starting up
[2022.08.24-18.26.55:123][  0]LogAndroidPermission: UAndroidPermissionCallbackProxy::GetInstance
[2022.08.24-18.26.55:142][  0]LogAudioCaptureCore: Display: No Audio Capture implementations found. Audio input will be silent.
[2022.08.24-18.26.55:143][  0]LogAudioCaptureCore: Display: No Audio Capture implementations found. Audio input will be silent.
[2022.08.24-18.26.55:233][  0]LogOcInput: OculusInput pre-init called
[2022.08.24-18.26.55:242][  0]LogUObjectArray: 22261 objects as part of root set at end of initial load.
[2022.08.24-18.26.55:242][  0]LogUObjectAllocator: 6034928 out of 0 bytes used by permanent object pool.
[2022.08.24-18.26.55:243][  0]LogUObjectArray: CloseDisregardForGC: 0/0 objects in disregard for GC pool
[2022.08.24-18.26.55:327][  0]LogClass: Display: StructProperty FRewindDataStruct::SnapshotPosition is not initialized properly. Module:fpsgame File:RewindComponent.h
[2022.08.24-18.26.55:327][  0]LogClass: Display: StructProperty FRewindDataStruct::SnapshotRotation is not initialized properly. Module:fpsgame File:RewindComponent.h
[2022.08.24-18.26.55:328][  0]LogClass: Display: StructProperty FRewindDataStruct::SnapshotScale is not initialized properly. Module:fpsgame File:RewindComponent.h
[2022.08.24-18.26.55:328][  0]LogClass: Display: FloatProperty FWeaponDataStruct::MaxRange is not initialized properly. Module:fpsgame File:WeaponActor.h
[2022.08.24-18.26.55:328][  0]LogClass: Display: FloatProperty FWeaponDataStruct::FireRate is not initialized properly. Module:fpsgame File:WeaponActor.h
[2022.08.24-18.26.55:328][  0]LogClass: Display: IntProperty FWeaponDataStruct::CartridgeBullets is not initialized properly. Module:fpsgame File:WeaponActor.h
[2022.08.24-18.26.55:329][  0]LogClass: Display: IntProperty FWeaponDataStruct::BurstNumber is not initialized properly. Module:fpsgame File:WeaponActor.h
[2022.08.24-18.26.55:329][  0]LogClass: Display: IntProperty FWeaponDataStruct::MaxMagSize is not initialized properly. Module:fpsgame File:WeaponActor.h
[2022.08.24-18.26.55:329][  0]LogClass: Display: IntProperty FWeaponDataStruct::MagAmmo is not initialized properly. Module:fpsgame File:WeaponActor.h
[2022.08.24-18.26.55:329][  0]LogClass: Display: FloatProperty FWeaponDataStruct::ProjectileSpeed is not initialized properly. Module:fpsgame File:WeaponActor.h
[2022.08.24-18.26.55:330][  0]LogClass: Display: EnumProperty FWeaponDataStruct::WAWeaponType is not initialized properly. Module:fpsgame File:WeaponActor.h
[2022.08.24-18.26.55:330][  0]LogClass: Display: EnumProperty FWeaponDataStruct::WAWeaponFireType is not initialized properly. Module:fpsgame File:WeaponActor.h
[2022.08.24-18.26.55:330][  0]LogClass: Display: EnumProperty FWeaponDataStruct::WAWeaponHitDetectionType is not initialized properly. Module:fpsgame File:WeaponActor.h
[2022.08.24-18.26.55:330][  0]LogClass: Warning: ObjectProperty FWeaponDataStruct::GunMesh is not initialized properly. Module:fpsgame File:WeaponActor.h
[2022.08.24-18.26.55:331][  0]LogClass: Display: EnumProperty FWeaponDataStruct::TypeOfEquip is not initialized properly. Module:fpsgame File:WeaponActor.h
[2022.08.24-18.26.55:331][  0]LogClass: Display: EnumProperty FWeaponDataStruct::GunModel is not initialized properly. Module:fpsgame File:WeaponActor.h
[2022.08.24-18.26.55:331][  0]LogClass: Display: StructProperty FWeaponDataStruct::BasePosition is not initialized properly. Module:fpsgame File:WeaponActor.h
[2022.08.24-18.26.55:332][  0]LogClass: Display: StructProperty FWeaponDataStruct::BaseRotation is not initialized properly. Module:fpsgame File:WeaponActor.h
[2022.08.24-18.26.55:332][  0]LogClass: Display: StructProperty FWeaponDataStruct::BaseScale is not initialized properly. Module:fpsgame File:WeaponActor.h
[2022.08.24-18.26.55:332][  0]LogClass: Display: StructProperty FWeaponDataStruct::TPBaseScale is not initialized properly. Module:fpsgame File:WeaponActor.h
[2022.08.24-18.26.55:332][  0]LogClass: Display: StructProperty FWeaponDataStruct::TPBaseRotation is not initialized properly. Module:fpsgame File:WeaponActor.h
[2022.08.24-18.26.55:333][  0]LogClass: Display: StructProperty FWeaponDataStruct::TPBasePosition is not initialized properly. Module:fpsgame File:WeaponActor.h
[2022.08.24-18.26.55:333][  0]LogClass: Display: 22 Uninitialized script struct members found including 1 object properties
[2022.08.24-18.26.55:334][  0]LogAutomationTest: Warning: ObjectProperty FWeaponDataStruct::GunMesh is not initialized properly. Module:fpsgame File:WeaponActor.h
[2022.08.24-18.26.55:334][  0]LogEngine: Initializing Engine...
[2022.08.24-18.26.55:337][  0]LogStats: UGameplayTagsManager::InitializeManager -  0.001 s
[2022.08.24-18.26.55:360][  0]LogInit: Initializing FReadOnlyCVARCache
[2022.08.24-18.26.55:360][  0]LogNetVersion: Set ProjectVersion to 1.0.0.0. Version Checksum will be recalculated on next use.
[2022.08.24-18.26.55:362][  0]LogInit: Texture streaming: Disabled
[2022.08.24-18.26.55:412][  0]LogInit: Display: Game Engine Initialized.
[2022.08.24-18.26.55:414][  0]LogNiagaraEditor: GEditor isn't valid! Particle reset commands will not work for Niagara components!
[2022.08.24-18.26.55:489][  0]LogInit: Display: Starting Game.
[2022.08.24-18.26.55:489][  0]LogNet: Browse: /Game/Maps/TestMap?Name=Player
[2022.08.24-18.26.55:490][  0]LogLoad: LoadMap: /Game/Maps/TestMap?Name=Player
[2022.08.24-18.26.55:490][  0]LogWorld: BeginTearingDown for /Temp/Untitled_0
[2022.08.24-18.26.55:492][  0]LogWorld: UWorld::CleanupWorld for Untitled, bSessionEnded=true, bCleanupResources=true
[2022.08.24-18.26.55:502][  0]LogUObjectHash: Compacting FUObjectHashTables data took   0.74ms
[2022.08.24-18.26.55:626][  0]LogAIModule: Creating AISystem for world TestMap
[2022.08.24-18.26.55:863][  0]LogLoad: Game class is 'BP_FPSGameModeDefault_C'
[2022.08.24-18.26.55:864][  0]LogNet: PktLoss set to 0
[2022.08.24-18.26.55:864][  0]LogNet: PktLagMin set to 100
[2022.08.24-18.26.55:865][  0]LogNet: PktLagMax set to 100
[2022.08.24-18.26.55:865][  0]LogNet: PktIncomingLagMin set to 100
[2022.08.24-18.26.55:865][  0]LogNet: PktIncomingLagMax set to 100
[2022.08.24-18.26.55:866][  0]LogNet: PktIncomingLoss set to 0
[2022.08.24-18.26.55:866][  0]LogNet: PktLoss set to 0
[2022.08.24-18.26.55:866][  0]LogNet: PktLagMin set to 100
[2022.08.24-18.26.55:866][  0]LogNet: PktLagMax set to 100
[2022.08.24-18.26.55:867][  0]LogNet: PktIncomingLagMin set to 100
[2022.08.24-18.26.55:867][  0]LogNet: PktIncomingLagMax set to 100
[2022.08.24-18.26.55:868][  0]LogNet: PktIncomingLoss set to 0
[2022.08.24-18.26.55:868][  0]LogNet: PktLoss set to 0
[2022.08.24-18.26.55:868][  0]LogNet: PktLagMin set to 100
[2022.08.24-18.26.55:869][  0]LogNet: PktLagMax set to 100
[2022.08.24-18.26.55:869][  0]LogNet: PktIncomingLagMin set to 100
[2022.08.24-18.26.55:869][  0]LogNet: PktIncomingLagMax set to 100
[2022.08.24-18.26.55:870][  0]LogNet: PktIncomingLoss set to 0
[2022.08.24-18.26.55:870][  0]LogNet: ReplicationDriverClass is null! Not using ReplicationDriver.
[2022.08.24-18.26.55:871][  0]LogNetCore: DDoS detection status: detection enabled: 0 analytics enabled: 0
[2022.08.24-18.26.55:871][  0]LogInit: WinSock: Socket queue. Rx: 131072 (config 131072) Tx: 131072 (config 131072)
[2022.08.24-18.26.55:872][  0]LogNet: Created socket for bind address: 0.0.0.0 on port 17777
[2022.08.24-18.26.55:872][  0]PacketHandlerLog: Loaded PacketHandler component: Engine.EngineHandlerComponentFactory (StatelessConnectHandlerComponent)
[2022.08.24-18.26.55:872][  0]LogNet: GameNetDriver IpNetDriver_0 IpNetDriver listening on port 17777
[2022.08.24-18.26.55:876][  0]LogWorld: Bringing World /Game/Maps/TestMap.TestMap up for play (max tick rate 30) at 2022.08.24-19.26.55
[2022.08.24-18.26.55:879][  0]LogWorld: Bringing up level for play took: 0.005724
[2022.08.24-18.26.55:879][  0]LogGameMode: Display: Match State Changed from EnteringMap to WaitingToStart
[2022.08.24-18.26.55:879][  0]LogGameState: Match State Changed from EnteringMap to WaitingToStart
[2022.08.24-18.26.55:879][  0]LogLoad: Took 0.389939 seconds to LoadMap(/Game/Maps/TestMap)
[2022.08.24-18.26.55:884][  0]LogInit: Display: Engine is initialized. Leaving FEngineLoop::Init()
[2022.08.24-18.26.55:884][  0]LogLoad: (Engine Initialization) Total time: 5.66 seconds
[2022.08.24-18.26.55:884][  0]LogLoad: (Engine Initialization) Total Blueprint compile time: 0.00 seconds
[2022.08.24-18.26.56:151][  7]LogNet: NotifyAcceptingConnection accepted from: 127.0.0.1:59932
[2022.08.24-18.26.56:151][  7]LogHandshake: SendConnectChallenge. Timestamp: 0.266421, Cookie: 197172024060020121069236218012013218113183136102040093158156
[2022.08.24-18.26.56:184][  8]LogNet: NotifyAcceptingConnection accepted from: 127.0.0.1:59932
[2022.08.24-18.26.56:184][  8]LogHandshake: SendChallengeAck. InCookie: 197172024060020121069236218012013218113183136102040093158156
[2022.08.24-18.26.56:185][  8]LogNet: Server accepting post-challenge connection from: 127.0.0.1:59932
[2022.08.24-18.26.56:185][  8]PacketHandlerLog: Loaded PacketHandler component: Engine.EngineHandlerComponentFactory (StatelessConnectHandlerComponent)
[2022.08.24-18.26.56:186][  8]LogNet: NotifyAcceptedConnection: Name: TestMap, TimeStamp: 08/24/22 19:26:56, [UNetConnection] RemoteAddr: 127.0.0.1:59932, Name: IpConnection_0, Driver: GameNetDriver IpNetDriver_0, IsServer: YES, PC: NULL, Owner: NULL, UniqueId: INVALID
[2022.08.24-18.26.56:186][  8]LogNet: AddClientConnection: Added client connection: [UNetConnection] RemoteAddr: 127.0.0.1:59932, Name: IpConnection_0, Driver: GameNetDriver IpNetDriver_0, IsServer: YES, PC: NULL, Owner: NULL, UniqueId: INVALID
[2022.08.24-18.26.56:349][ 13]LogNet: NotifyAcceptingChannel Control 0 server World /Game/Maps/TestMap.TestMap: Accepted
[2022.08.24-18.26.56:349][ 13]LogNet: Remote platform little endian=1
[2022.08.24-18.26.56:350][ 13]LogNet: This platform little endian=1
[2022.08.24-18.26.56:350][ 13]LogNetVersion: fpsgame 1.0.0.0, NetCL: 17155196, EngineNetVer: 17, GameNetVer: 0 (Checksum: 1484303137)
[2022.08.24-18.26.56:647][ 22]LogNet: NotifyAcceptingConnection accepted from: 127.0.0.1:58735
[2022.08.24-18.26.56:647][ 22]LogHandshake: SendConnectChallenge. Timestamp: 0.761870, Cookie: 020009194142038025228115226064175100152117247077097180149206
[2022.08.24-18.26.56:648][ 22]LogNet: Login request: ?Name=DESKTOP-QG36584-1C526B814789A5F7A2B8849F1CB742B5 userId: NULL:DESKTOP-QG36584-1C526B814789A5F7A2B8849F1CB742B5 platform: NULL
[2022.08.24-18.26.56:680][ 23]LogNet: NotifyAcceptingConnection accepted from: 127.0.0.1:58735
[2022.08.24-18.26.56:680][ 23]LogHandshake: SendChallengeAck. InCookie: 020009194142038025228115226064175100152117247077097180149206
[2022.08.24-18.26.56:680][ 23]LogNet: Server accepting post-challenge connection from: 127.0.0.1:58735
[2022.08.24-18.26.56:681][ 23]PacketHandlerLog: Loaded PacketHandler component: Engine.EngineHandlerComponentFactory (StatelessConnectHandlerComponent)
[2022.08.24-18.26.56:681][ 23]LogNet: NotifyAcceptedConnection: Name: TestMap, TimeStamp: 08/24/22 19:26:56, [UNetConnection] RemoteAddr: 127.0.0.1:58735, Name: IpConnection_1, Driver: GameNetDriver IpNetDriver_0, IsServer: YES, PC: NULL, Owner: NULL, UniqueId: INVALID
[2022.08.24-18.26.56:681][ 23]LogNet: AddClientConnection: Added client connection: [UNetConnection] RemoteAddr: 127.0.0.1:58735, Name: IpConnection_1, Driver: GameNetDriver IpNetDriver_0, IsServer: YES, PC: NULL, Owner: NULL, UniqueId: INVALID
[2022.08.24-18.26.56:812][ 27]LogNet: NotifyAcceptingChannel Control 0 server World /Game/Maps/TestMap.TestMap: Accepted
[2022.08.24-18.26.56:812][ 27]LogNet: Remote platform little endian=1
[2022.08.24-18.26.56:813][ 27]LogNet: This platform little endian=1
[2022.08.24-18.26.56:912][ 30]LogNet: Client netspeed is 100000
[2022.08.24-18.26.56:978][ 32]LogNet: Join request: /Engine/Maps/Entry?Name=DESKTOP-QG36584-1C526B814789A5F7A2B8849F1CB742B5?SplitscreenCount=1
[2022.08.24-18.26.56:978][ 32]LogOnlineSession: Warning: OSS: No game present to join for session (GameSession)
[2022.08.24-18.26.56:983][ 32]LogGameMode: Display: Match State Changed from WaitingToStart to InProgress
[2022.08.24-18.26.56:986][ 32]LogTemp: Warning: Numebr of rewind components = 1
[2022.08.24-18.26.56:988][ 32]LogGameState: Match State Changed from WaitingToStart to InProgress
[2022.08.24-18.26.56:988][ 32]LogNet: Join succeeded: DESKTOP-QG36584-1C52
[2022.08.24-18.26.57:111][ 36]LogNet: Login request: ?Name=DESKTOP-QG36584-C451B8C545A3A691D40B67A69486DF67 userId: NULL:DESKTOP-QG36584-C451B8C545A3A691D40B67A69486DF67 platform: NULL
[2022.08.24-18.26.57:509][ 48]LogNet: Client netspeed is 100000
[2022.08.24-18.26.57:509][ 48]LogNet: Join request: /Engine/Maps/Entry?Name=DESKTOP-QG36584-C451B8C545A3A691D40B67A69486DF67?SplitscreenCount=1
[2022.08.24-18.26.57:510][ 48]LogOnlineSession: Warning: OSS: No game present to join for session (GameSession)
[2022.08.24-18.26.57:512][ 48]LogTemp: Warning: Numebr of rewind components = 2
[2022.08.24-18.26.57:512][ 48]LogNet: Join succeeded: DESKTOP-QG36584-C451
[2022.08.24-18.27.07:844][359]LogTemp: Warning: Interacting
[2022.08.24-18.27.07:846][359]LogTemp: Warning: SERVER: Log no. 0
[2022.08.24-18.27.07:846][359]LogTemp: Warning: IsHit =  TRUE
[2022.08.24-18.27.07:847][359]LogTemp: Warning: We got a hit bois
[2022.08.24-18.27.09:441][407]LogTemp: Warning: Interacting
[2022.08.24-18.27.09:442][407]LogTemp: Warning: SERVER: Log no. 1
[2022.08.24-18.27.09:442][407]LogTemp: Warning: IsHit =  TRUE
[2022.08.24-18.27.09:443][407]LogTemp: Warning: We got a hit bois
[2022.08.24-18.27.10:932][452]LogTemp: Warning: Interacting
[2022.08.24-18.27.10:933][452]LogTemp: Warning: SERVER: Log no. 2
[2022.08.24-18.27.10:933][452]LogTemp: Warning: IsHit =  TRUE
[2022.08.24-18.27.10:934][452]LogTemp: Warning: We got a hit bois
[2022.08.24-18.27.14:895][571]LogTemp: Warning: Interacting
[2022.08.24-18.27.14:896][571]LogTemp: Warning: SERVER: Log no. 3
[2022.08.24-18.27.14:896][571]LogTemp: Warning: IsHit =  TRUE
[2022.08.24-18.27.14:897][571]LogTemp: Warning: We got a hit bois
[2022.08.24-18.27.14:897][571]LogTemp: Warning: interactable component found
[2022.08.24-18.27.14:897][571]LogTemp: Warning: We got a pickup bois
[2022.08.24-18.27.14:898][571]LogTemp: Warning: Servertime
[2022.08.24-18.27.18:778][688]LogTemp: Warning: Server validate fire
[2022.08.24-18.27.18:779][688]LogTemp: Warning: ServerHitscanCheckFire start
[2022.08.24-18.27.18:779][688]LogTemp: Warning: Server time for hitscan check = 22.859743
[2022.08.24-18.27.18:780][688]LogTemp: Warning: Latency measured = 0.055029
[2022.08.24-18.27.18:780][688]LogTemp: Warning: Stag 2,3
[2022.08.24-18.27.18:781][688]LogTemp: Warning: Interp
[2022.08.24-18.27.18:781][688]LogTemp: Warning: Rewind transforms = 2
[2022.08.24-18.27.18:782][688]LogTemp: Warning: Final stages
[2022.08.24-18.27.18:782][688]LogTemp: Warning: Rewinding
[2022.08.24-18.27.18:782][688]LogTemp: Warning: Rewind length = 2
[2022.08.24-18.27.18:783][688]LogTemp: Warning: Got a hit
[2022.08.24-18.27.18:783][688]LogTemp: Warning: Resetting
[2022.08.24-18.27.19:641][714]LogTemp: Warning: Server validate fire
[2022.08.24-18.27.19:642][714]LogTemp: Warning: ServerHitscanCheckFire start
[2022.08.24-18.27.19:642][714]LogTemp: Warning: Server time for hitscan check = 23.722528
[2022.08.24-18.27.19:643][714]LogTemp: Warning: Latency measured = 0.024324
[2022.08.24-18.27.19:643][714]LogTemp: Warning: Stag 2,3
[2022.08.24-18.27.19:644][714]LogTemp: Warning: Interp
[2022.08.24-18.27.19:644][714]LogTemp: Warning: Rewind transforms = 2
[2022.08.24-18.27.19:644][714]LogTemp: Warning: Final stages
[2022.08.24-18.27.19:645][714]LogTemp: Warning: Rewinding
[2022.08.24-18.27.19:645][714]LogTemp: Warning: Rewind length = 2
[2022.08.24-18.27.19:646][714]LogTemp: Warning: Got a hit
[2022.08.24-18.27.19:646][714]LogTemp: Warning: Resetting
[2022.08.24-18.27.20:204][731]LogTemp: Warning: Server validate fire
[2022.08.24-18.27.20:205][731]LogTemp: Warning: ServerHitscanCheckFire start
[2022.08.24-18.27.20:205][731]LogTemp: Warning: Server time for hitscan check = 24.286041
[2022.08.24-18.27.20:206][731]LogTemp: Warning: Latency measured = 0.056639
[2022.08.24-18.27.20:206][731]LogTemp: Warning: Stag 2,3
[2022.08.24-18.27.20:206][731]LogTemp: Warning: Interp
[2022.08.24-18.27.20:207][731]LogTemp: Warning: Rewind transforms = 2
[2022.08.24-18.27.20:207][731]LogTemp: Warning: Final stages
[2022.08.24-18.27.20:207][731]LogTemp: Warning: Rewinding
[2022.08.24-18.27.20:208][731]LogTemp: Warning: Rewind length = 2
[2022.08.24-18.27.20:208][731]LogTemp: Warning: Got a hit
[2022.08.24-18.27.20:209][731]LogTemp: Warning: Resetting
[2022.08.24-18.27.22:127][789]LogTemp: Warning: Server validate fire
[2022.08.24-18.27.22:128][789]LogTemp: Warning: ServerHitscanCheckFire start
[2022.08.24-18.27.22:128][789]LogTemp: Warning: Server time for hitscan check = 26.208786
[2022.08.24-18.27.22:128][789]LogTemp: Warning: Latency measured = 0.065758
[2022.08.24-18.27.22:129][789]LogTemp: Warning: Stag 2,3
[2022.08.24-18.27.22:129][789]LogTemp: Warning: Interp
[2022.08.24-18.27.22:129][789]LogTemp: Warning: Rewind transforms = 2
[2022.08.24-18.27.22:130][789]LogTemp: Warning: Final stages
[2022.08.24-18.27.22:130][789]LogTemp: Warning: Rewinding
[2022.08.24-18.27.22:131][789]LogTemp: Warning: Rewind length = 2
[2022.08.24-18.27.22:131][789]LogTemp: Warning: Got a hit
[2022.08.24-18.27.22:132][789]LogTemp: Warning: Resetting
