Log file open, 08/03/22 17:58:27
LogWindows: Failed to load 'aqProf.dll' (GetLastError=126)
LogWindows: File 'aqProf.dll' does not exist
LogWindows: Failed to load 'VtuneApi.dll' (GetLastError=126)
LogWindows: File 'VtuneApi.dll' does not exist
LogWindows: Failed to load 'VtuneApi32e.dll' (GetLastError=126)
LogWindows: File 'VtuneApi32e.dll' does not exist
LogConsoleResponse: Display: Failed to find resolution value strings in scalability ini. Falling back to default.
LogConsoleResponse: Display: Failed to find resolution value strings in scalability ini. Falling back to default.
LogInit: Display: Running engine for game: fpsgame
LogPlatformFile: Not using cached read wrapper
LogTaskGraph: Started task graph with 5 named threads and 17 total threads with 3 sets of task threads.
LogStats: Stats thread started at 0.212025
LogICUInternationalization: ICU TimeZone Detection - Raw Offset: +0:00, Platform Override: ''
LogInit: Display: Loading text-based GConfig....
LogPluginManager: Mounting plugin MeshPainting
LogPluginManager: Mounting plugin XGEController
LogPluginManager: Mounting plugin Paper2D
LogPluginManager: Mounting plugin AISupport
LogPluginManager: Mounting plugin EnvironmentQueryEditor
LogPluginManager: Mounting plugin LiveLink
LogPluginManager: Mounting plugin LightPropagationVolume
LogPluginManager: Mounting plugin CameraShakePreviewer
LogPluginManager: Mounting plugin GameplayCameras
LogPluginManager: Mounting plugin OodleData
LogPluginManager: Mounting plugin OodleNetwork
LogPluginManager: Mounting plugin AnimationSharing
LogPluginManager: Mounting plugin CLionSourceCodeAccess
LogPluginManager: Mounting plugin CodeLiteSourceCodeAccess
LogPluginManager: Mounting plugin GitSourceControl
LogPluginManager: Mounting plugin KDevelopSourceCodeAccess
LogPluginManager: Mounting plugin NullSourceCodeAccess
LogPluginManager: Mounting plugin PerforceSourceControl
LogPluginManager: Mounting plugin PixWinPlugin
LogPluginManager: Mounting plugin PlasticSourceControl
LogPluginManager: Mounting plugin PluginUtils
LogPluginManager: Mounting plugin PropertyAccessNode
LogPluginManager: Mounting plugin RiderSourceCodeAccess
LogPluginManager: Mounting plugin SubversionSourceControl
LogPluginManager: Mounting plugin TextureFormatOodle
LogPluginManager: Mounting plugin UObjectPlugin
LogPluginManager: Mounting plugin VisualStudioCodeSourceCodeAccess
LogPluginManager: Mounting plugin VisualStudioSourceCodeAccess
LogPluginManager: Mounting plugin XCodeSourceCodeAccess
LogPluginManager: Mounting plugin AssetManagerEditor
LogPluginManager: Mounting plugin CryptoKeys
LogPluginManager: Mounting plugin CurveEditorTools
LogPluginManager: Mounting plugin DataValidation
LogPluginManager: Mounting plugin FacialAnimation
LogPluginManager: Mounting plugin GameplayTagsEditor
LogPluginManager: Mounting plugin GeometryMode
LogPluginManager: Mounting plugin MacGraphicsSwitching
LogPluginManager: Mounting plugin MaterialAnalyzer
LogPluginManager: Mounting plugin MobileLauncherProfileWizard
LogPluginManager: Mounting plugin PluginBrowser
LogPluginManager: Mounting plugin SpeedTreeImporter
LogPluginManager: Mounting plugin DatasmithContent
LogPluginManager: Mounting plugin VariantManagerContent
LogPluginManager: Mounting plugin AlembicImporter
LogPluginManager: Mounting plugin AutomationUtils
LogPluginManager: Mounting plugin BackChannel
LogPluginManager: Mounting plugin ChaosCloth
LogPluginManager: Mounting plugin ChaosClothEditor
LogPluginManager: Mounting plugin ChaosEditor
LogPluginManager: Mounting plugin ChaosNiagara
LogPluginManager: Mounting plugin ChaosSolverPlugin
LogPluginManager: Mounting plugin CharacterAI
LogPluginManager: Mounting plugin GeometryCache
LogPluginManager: Mounting plugin GeometryCollectionPlugin
LogPluginManager: Mounting plugin GeometryProcessing
LogPluginManager: Mounting plugin MotoSynth
LogPluginManager: Mounting plugin OpenImageDenoise
LogPluginManager: Mounting plugin PlanarCut
LogPluginManager: Mounting plugin PlatformCrypto
LogPluginManager: Mounting plugin ProxyLODPlugin
LogPluginManager: Mounting plugin PythonScriptPlugin
LogPluginManager: Mounting plugin SkeletalReduction
LogPluginManager: Mounting plugin Niagara
LogPluginManager: Mounting plugin LuminPlatformFeatures
LogPluginManager: Mounting plugin MagicLeap
LogPluginManager: Mounting plugin MagicLeapLightEstimation
LogPluginManager: Mounting plugin MagicLeapMedia
LogPluginManager: Mounting plugin MagicLeapPassableWorld
LogPluginManager: Mounting plugin MLSDK
LogPluginManager: Mounting plugin AndroidMedia
LogPluginManager: Mounting plugin AvfMedia
LogPluginManager: Mounting plugin ImgMedia
LogPluginManager: Mounting plugin MediaCompositing
LogPluginManager: Mounting plugin MediaPlayerEditor
LogPluginManager: Mounting plugin WebMMedia
LogPluginManager: Mounting plugin WmfMedia
LogPluginManager: Mounting plugin TcpMessaging
LogPluginManager: Mounting plugin UdpMessaging
LogPluginManager: Mounting plugin ActorSequence
LogPluginManager: Mounting plugin LevelSequenceEditor
LogPluginManager: Mounting plugin MatineeToLevelSequence
LogPluginManager: Mounting plugin TemplateSequence
LogPluginManager: Mounting plugin OnlineSubsystem
LogPluginManager: Mounting plugin OnlineSubsystemNull
LogPluginManager: Mounting plugin OnlineSubsystemUtils
LogPluginManager: Mounting plugin LauncherChunkInstaller
LogPluginManager: Mounting plugin ActorLayerUtilities
LogPluginManager: Mounting plugin AndroidDeviceProfileSelector
LogPluginManager: Mounting plugin AndroidMoviePlayer
LogPluginManager: Mounting plugin AndroidPermission
LogPluginManager: Mounting plugin AppleImageUtils
LogPluginManager: Mounting plugin AppleMoviePlayer
LogPluginManager: Mounting plugin ArchVisCharacter
LogPluginManager: Mounting plugin AssetTags
LogPluginManager: Mounting plugin AudioCapture
LogPluginManager: Mounting plugin AudioSynesthesia
LogPluginManager: Mounting plugin CableComponent
LogPluginManager: Mounting plugin ChunkDownloader
LogPluginManager: Mounting plugin CustomMeshComponent
LogPluginManager: Mounting plugin EditableMesh
LogPluginManager: Mounting plugin ExampleDeviceProfileSelector
LogPluginManager: Mounting plugin GoogleCloudMessaging
LogPluginManager: Mounting plugin GooglePAD
LogPluginManager: Mounting plugin IOSDeviceProfileSelector
LogPluginManager: Mounting plugin LinuxDeviceProfileSelector
LogPluginManager: Mounting plugin LocationServicesBPLibrary
LogPluginManager: Mounting plugin MobilePatchingUtils
LogPluginManager: Mounting plugin OpenXR
LogPluginManager: Mounting plugin OpenXREyeTracker
LogPluginManager: Mounting plugin OpenXRHandTracking
LogPluginManager: Mounting plugin PhysXVehicles
LogPluginManager: Mounting plugin PostSplashScreen
LogPluginManager: Mounting plugin ProceduralMeshComponent
LogPluginManager: Mounting plugin PropertyAccessEditor
LogPluginManager: Mounting plugin RuntimePhysXCooking
LogPluginManager: Mounting plugin SignificanceManager
LogPluginManager: Mounting plugin SoundFields
LogPluginManager: Mounting plugin Synthesis
LogPluginManager: Mounting plugin WebMMoviePlayer
LogPluginManager: Mounting plugin WindowsMoviePlayer
LogPluginManager: Mounting plugin ScreenshotTools
LogPluginManager: Mounting plugin Takes
LogPluginManager: Mounting plugin ContentBrowserAssetDataSource
LogPluginManager: Mounting plugin ContentBrowserClassDataSource
LogPluginManager: Mounting plugin ContentBrowserFileDataSource
LogPluginManager: Mounting plugin OnlineSubsystemGooglePlay
LogPluginManager: Mounting plugin OnlineSubsystemIOS
LogPluginManager: Mounting plugin OculusVR
LogPluginManager: Mounting plugin SteamVR
PixWinPlugin: PIX capture plugin failed to initialize! Check that the process is launched from PIX.
LogInit: Using libcurl 7.55.1-DEV
LogInit:  - built for x86_64-pc-win32
LogInit:  - supports SSL with OpenSSL/1.1.1
LogInit:  - supports HTTP deflate (compression) using libz 1.2.8
LogInit:  - other features:
LogInit:      CURL_VERSION_SSL
LogInit:      CURL_VERSION_LIBZ
LogInit:      CURL_VERSION_IPV6
LogInit:      CURL_VERSION_ASYNCHDNS
LogInit:      CURL_VERSION_LARGEFILE
LogInit:      CURL_VERSION_IDN
LogInit:  CurlRequestOptions (configurable via config and command line):
LogInit:  - bVerifyPeer = true  - Libcurl will verify peer certificate
LogInit:  - bUseHttpProxy = false  - Libcurl will NOT use HTTP proxy
LogInit:  - bDontReuseConnections = false  - Libcurl will reuse connections
LogInit:  - MaxHostConnections = 16  - Libcurl will limit the number of connections to a host
LogInit:  - LocalHostAddr = Default
LogInit:  - BufferSize = 65536
LogOnline: OSS: Creating online subsystem instance for: NULL
LogInit: WinSock: version 1.1 (2.2), MaxSocks=32767, MaxUdp=65467
LogOnline: OSS: TryLoadSubsystemAndSetDefault: Loaded subsystem for module [NULL]
LogInit: Build: ++UE4+Release-4.27-CL-18319896
LogInit: Engine Version: 4.27.2-18319896+++UE4+Release-4.27
LogInit: Compatible Engine Version: 4.27.0-17155196+++UE4+Release-4.27
LogInit: Net CL: 17155196
LogInit: OS: Windows 10 (Release 2009) (), CPU: AMD Ryzen 5 3600X 6-Core Processor             , GPU: AMD Radeon RX 5700 XT
LogInit: Compiled (64-bit): Nov 30 2021 07:12:08
LogInit: Compiled with Visual C++: 19.24.28315.00
LogInit: Build Configuration: Development
LogInit: Branch Name: ++UE4+Release-4.27
LogInit: Command Line:  /Game/Maps/TestMap -game -PIEVIACONSOLE -Multiprocess -server -log "GameUserSettingsINI=C:/Users/danie/Documents/Gamedev VR/game/UE4 game/fpsgame/Saved/Config/Windows/PIEGameUserSettings0.ini" -MultiprocessSaveConfig -forcepassthrough -messaging -SessionName="Play in Standalone Game" -port=17777 -windowed
LogInit: Base Directory: C:/Program Files/Epic Games/UE_4.27/Engine/Binaries/Win64/
LogInit: Allocator: TBB
LogInit: Installed Engine Build: 1
LogDevObjectVersion: Number of dev versions registered: 29
LogDevObjectVersion:   Dev-Blueprints (B0D832E4-1F89-4F0D-ACCF-7EB736FD4AA2): 10
LogDevObjectVersion:   Dev-Build (E1C64328-A22C-4D53-A36C-8E866417BD8C): 0
LogDevObjectVersion:   Dev-Core (375EC13C-06E4-48FB-B500-84F0262A717E): 4
LogDevObjectVersion:   Dev-Editor (E4B068ED-F494-42E9-A231-DA0B2E46BB41): 40
LogDevObjectVersion:   Dev-Framework (CFFC743F-43B0-4480-9391-14DF171D2073): 37
LogDevObjectVersion:   Dev-Mobile (B02B49B5-BB20-44E9-A304-32B752E40360): 3
LogDevObjectVersion:   Dev-Networking (A4E4105C-59A1-49B5-A7C5-40C4547EDFEE): 0
LogDevObjectVersion:   Dev-Online (39C831C9-5AE6-47DC-9A44-9C173E1C8E7C): 0
LogDevObjectVersion:   Dev-Physics (78F01B33-EBEA-4F98-B9B4-84EACCB95AA2): 14
LogDevObjectVersion:   Dev-Platform (6631380F-2D4D-43E0-8009-CF276956A95A): 0
LogDevObjectVersion:   Dev-Rendering (12F88B9F-8875-4AFC-A67C-D90C383ABD29): 45
LogDevObjectVersion:   Dev-Sequencer (7B5AE74C-D270-4C10-A958-57980B212A5A): 13
LogDevObjectVersion:   Dev-VR (D7296918-1DD6-4BDD-9DE2-64A83CC13884): 3
LogDevObjectVersion:   Dev-LoadTimes (C2A15278-BFE7-4AFE-6C17-90FF531DF755): 1
LogDevObjectVersion:   Private-Geometry (6EACA3D4-40EC-4CC1-B786-8BED09428FC5): 3
LogDevObjectVersion:   Dev-AnimPhys (29E575DD-E0A3-4627-9D10-D276232CDCEA): 17
LogDevObjectVersion:   Dev-Anim (AF43A65D-7FD3-4947-9873-3E8ED9C1BB05): 15
LogDevObjectVersion:   Dev-ReflectionCapture (6B266CEC-1EC7-4B8F-A30B-E4D90942FC07): 1
LogDevObjectVersion:   Dev-Automation (0DF73D61-A23F-47EA-B727-89E90C41499A): 1
LogDevObjectVersion:   FortniteMain (601D1886-AC64-4F84-AA16-D3DE0DEAC7D6): 47
LogDevObjectVersion:   FortniteRelease (E7086368-6B23-4C58-8439-1B7016265E91): 1
LogDevObjectVersion:   Dev-Enterprise (9DFFBCD6-494F-0158-E221-12823C92A888): 10
LogDevObjectVersion:   Dev-Niagara (F2AED0AC-9AFE-416F-8664-AA7FFA26D6FC): 1
LogDevObjectVersion:   Dev-Destruction (174F1F0B-B4C6-45A5-B13F-2EE8D0FB917D): 10
LogDevObjectVersion:   Dev-Physics-Ext (35F94A83-E258-406C-A318-09F59610247C): 41
LogDevObjectVersion:   Dev-PhysicsMaterial-Chaos (B68FC16E-8B1B-42E2-B453-215C058844FE): 1
LogDevObjectVersion:   Dev-CineCamera (B2E18506-4273-CFC2-A54E-F4BB758BBA07): 1
LogDevObjectVersion:   Dev-VirtualProduction (64F58936-FD1B-42BA-BA96-7289D5D0FA4E): 1
LogDevObjectVersion:   Dev-MediaFramework (6F0ED827-A609-4895-9C91-998D90180EA4): 2
LogInit: Presizing for max 25165824 objects, including 0 objects not considered by GC, pre-allocating 0 bytes for permanent pool.
LogConfig: Applying CVar settings from Section [/Script/Engine.StreamingSettings] File [C:/Users/danie/Documents/Gamedev VR/game/UE4 game/fpsgame/Saved/Config/Windows/Engine.ini]
LogConfig: Setting CVar [[s.MinBulkDataSizeForAsyncLoading:131072]]
LogConfig: Setting CVar [[s.AsyncLoadingThreadEnabled:0]]
LogConfig: Setting CVar [[s.EventDrivenLoaderEnabled:1]]
LogConfig: Setting CVar [[s.WarnIfTimeLimitExceeded:0]]
LogConfig: Setting CVar [[s.TimeLimitExceededMultiplier:1.5]]
LogConfig: Setting CVar [[s.TimeLimitExceededMinTime:0.005]]
LogConfig: Setting CVar [[s.UseBackgroundLevelStreaming:1]]
LogConfig: Setting CVar [[s.PriorityAsyncLoadingExtraTime:15.0]]
LogConfig: Setting CVar [[s.LevelStreamingActorsUpdateTimeLimit:5.0]]
LogConfig: Setting CVar [[s.PriorityLevelStreamingActorsUpdateExtraTime:5.0]]
LogConfig: Setting CVar [[s.LevelStreamingComponentsRegistrationGranularity:10]]
LogConfig: Setting CVar [[s.UnregisterComponentsTimeLimit:1.0]]
LogConfig: Setting CVar [[s.LevelStreamingComponentsUnregistrationGranularity:5]]
LogConfig: Setting CVar [[s.FlushStreamingOnExit:1]]
LogInit: Object subsystem initialized
LogConfig: Setting CVar [[con.DebugEarlyDefault:1]]
LogConfig: Setting CVar [[r.setres:1280x720]]
[2022.08.03-16.58.28:334][  0]LogConfig: Setting CVar [[con.DebugEarlyDefault:1]]
[2022.08.03-16.58.28:334][  0]LogConfig: Setting CVar [[r.setres:1280x720]]
[2022.08.03-16.58.28:334][  0]LogConfig: Applying CVar settings from Section [/Script/Engine.RendererSettings] File [C:/Users/danie/Documents/Gamedev VR/game/UE4 game/fpsgame/Saved/Config/Windows/Engine.ini]
[2022.08.03-16.58.28:334][  0]LogConfig: Setting CVar [[r.GPUCrashDebugging:0]]
[2022.08.03-16.58.28:335][  0]LogConfig: Setting CVar [[r.Mobile.DisableVertexFog:1]]
[2022.08.03-16.58.28:335][  0]LogConfig: Setting CVar [[r.Shadow.CSM.MaxMobileCascades:2]]
[2022.08.03-16.58.28:335][  0]LogConfig: Setting CVar [[r.MobileMSAA:1]]
[2022.08.03-16.58.28:336][  0]LogConfig: Setting CVar [[r.Mobile.AllowDitheredLODTransition:0]]
[2022.08.03-16.58.28:336][  0]LogConfig: Setting CVar [[r.Mobile.AllowSoftwareOcclusion:0]]
[2022.08.03-16.58.28:336][  0]LogConfig: Setting CVar [[r.Mobile.VirtualTextures:0]]
[2022.08.03-16.58.28:336][  0]LogConfig: Setting CVar [[r.DiscardUnusedQuality:0]]
[2022.08.03-16.58.28:337][  0]LogConfig: Setting CVar [[r.AllowOcclusionQueries:1]]
[2022.08.03-16.58.28:337][  0]LogConfig: Setting CVar [[r.MinScreenRadiusForLights:0.030000]]
[2022.08.03-16.58.28:337][  0]LogConfig: Setting CVar [[r.MinScreenRadiusForDepthPrepass:0.030000]]
[2022.08.03-16.58.28:337][  0]LogConfig: Setting CVar [[r.MinScreenRadiusForCSMDepth:0.010000]]
[2022.08.03-16.58.28:338][  0]LogConfig: Setting CVar [[r.PrecomputedVisibilityWarning:0]]
[2022.08.03-16.58.28:340][  0]LogConfig: Setting CVar [[r.TextureStreaming:1]]
[2022.08.03-16.58.28:341][  0]LogConfig: Setting CVar [[Compat.UseDXT5NormalMaps:0]]
[2022.08.03-16.58.28:341][  0]LogConfig: Setting CVar [[r.VirtualTextures:0]]
[2022.08.03-16.58.28:341][  0]LogConfig: Setting CVar [[r.VT.EnableAutoImport:1]]
[2022.08.03-16.58.28:341][  0]LogConfig: Setting CVar [[r.VirtualTexturedLightmaps:0]]
[2022.08.03-16.58.28:342][  0]LogConfig: Setting CVar [[r.VT.TileSize:128]]
[2022.08.03-16.58.28:342][  0]LogConfig: Setting CVar [[r.VT.TileBorderSize:4]]
[2022.08.03-16.58.28:342][  0]LogConfig: Setting CVar [[r.vt.FeedbackFactor:16]]
[2022.08.03-16.58.28:342][  0]LogConfig: Setting CVar [[r.VT.EnableCompressZlib:1]]
[2022.08.03-16.58.28:343][  0]LogConfig: Setting CVar [[r.VT.EnableCompressCrunch:0]]
[2022.08.03-16.58.28:343][  0]LogConfig: Setting CVar [[r.ClearCoatNormal:0]]
[2022.08.03-16.58.28:343][  0]LogConfig: Setting CVar [[r.ReflectionCaptureResolution:128]]
[2022.08.03-16.58.28:343][  0]LogConfig: Setting CVar [[r.Mobile.ReflectionCaptureCompression:0]]
[2022.08.03-16.58.28:344][  0]LogConfig: Setting CVar [[r.ReflectionEnvironmentLightmapMixBasedOnRoughness:1]]
[2022.08.03-16.58.28:344][  0]LogConfig: Setting CVar [[r.ForwardShading:0]]
[2022.08.03-16.58.28:344][  0]LogConfig: Setting CVar [[r.VertexFoggingForOpaque:1]]
[2022.08.03-16.58.28:345][  0]LogConfig: Setting CVar [[r.AllowStaticLighting:1]]
[2022.08.03-16.58.28:345][  0]LogConfig: Setting CVar [[r.NormalMapsForStaticLighting:0]]
[2022.08.03-16.58.28:345][  0]LogConfig: Setting CVar [[r.GenerateMeshDistanceFields:0]]
[2022.08.03-16.58.28:345][  0]LogConfig: Setting CVar [[r.DistanceFieldBuild.EightBit:0]]
[2022.08.03-16.58.28:346][  0]LogConfig: Setting CVar [[r.GenerateLandscapeGIData:0]]
[2022.08.03-16.58.28:346][  0]LogConfig: Setting CVar [[r.DistanceFieldBuild.Compress:0]]
[2022.08.03-16.58.28:346][  0]LogConfig: Setting CVar [[r.TessellationAdaptivePixelsPerTriangle:48.000000]]
[2022.08.03-16.58.28:346][  0]LogConfig: Setting CVar [[r.SeparateTranslucency:1]]
[2022.08.03-16.58.28:347][  0]LogConfig: Setting CVar [[r.TranslucentSortPolicy:0]]
[2022.08.03-16.58.28:347][  0]LogConfig: Setting CVar [[vr.VRS.HMDFixedFoveationLevel:0]]
[2022.08.03-16.58.28:347][  0]LogConfig: Setting CVar [[r.CustomDepth:1]]
[2022.08.03-16.58.28:347][  0]LogConfig: Setting CVar [[r.CustomDepthTemporalAAJitter:1]]
[2022.08.03-16.58.28:348][  0]LogConfig: Setting CVar [[r.PostProcessing.PropagateAlpha:0]]
[2022.08.03-16.58.28:348][  0]LogConfig: Setting CVar [[r.DefaultFeature.Bloom:1]]
[2022.08.03-16.58.28:348][  0]LogConfig: Setting CVar [[r.DefaultFeature.AmbientOcclusion:1]]
[2022.08.03-16.58.28:349][  0]LogConfig: Setting CVar [[r.DefaultFeature.AmbientOcclusionStaticFraction:1]]
[2022.08.03-16.58.28:349][  0]LogConfig: Setting CVar [[r.DefaultFeature.AutoExposure:0]]
[2022.08.03-16.58.28:349][  0]LogConfig: Setting CVar [[r.DefaultFeature.AutoExposure.Method:0]]
[2022.08.03-16.58.28:349][  0]LogConfig: Setting CVar [[r.DefaultFeature.AutoExposure.Bias:1.000000]]
[2022.08.03-16.58.28:349][  0]LogConfig: Setting CVar [[r.DefaultFeature.AutoExposure.ExtendDefaultLuminanceRange:0]]
[2022.08.03-16.58.28:350][  0]LogConfig: Setting CVar [[r.UsePreExposure:1]]
[2022.08.03-16.58.28:350][  0]LogConfig: Setting CVar [[r.EyeAdaptation.EditorOnly:0]]
[2022.08.03-16.58.28:350][  0]LogConfig: Setting CVar [[r.DefaultFeature.MotionBlur:0]]
[2022.08.03-16.58.28:350][  0]LogConfig: Setting CVar [[r.DefaultFeature.LensFlare:0]]
[2022.08.03-16.58.28:351][  0]LogConfig: Setting CVar [[r.TemporalAA.Upsampling:0]]
[2022.08.03-16.58.28:351][  0]LogConfig: Setting CVar [[r.SSGI.Enable:0]]
[2022.08.03-16.58.28:351][  0]LogConfig: Setting CVar [[r.DefaultFeature.AntiAliasing:0]]
[2022.08.03-16.58.28:351][  0]LogConfig: Setting CVar [[r.DefaultFeature.LightUnits:1]]
[2022.08.03-16.58.28:352][  0]LogConfig: Setting CVar [[r.DefaultBackBufferPixelFormat:4]]
[2022.08.03-16.58.28:352][  0]LogConfig: Setting CVar [[r.Shadow.UnbuiltPreviewInGame:1]]
[2022.08.03-16.58.28:353][  0]LogConfig: Setting CVar [[r.StencilForLODDither:0]]
[2022.08.03-16.58.28:353][  0]LogConfig: Setting CVar [[r.EarlyZPass:3]]
[2022.08.03-16.58.28:353][  0]LogConfig: Setting CVar [[r.EarlyZPassOnlyMaterialMasking:0]]
[2022.08.03-16.58.28:354][  0]LogConfig: Setting CVar [[r.DBuffer:1]]
[2022.08.03-16.58.28:356][  0]LogConfig: Setting CVar [[r.ClearSceneMethod:1]]
[2022.08.03-16.58.28:356][  0]LogConfig: Setting CVar [[r.BasePassOutputsVelocity:0]]
[2022.08.03-16.58.28:356][  0]LogConfig: Setting CVar [[r.VertexDeformationOutputsVelocity:0]]
[2022.08.03-16.58.28:357][  0]LogConfig: Setting CVar [[r.SelectiveBasePassOutputs:0]]
[2022.08.03-16.58.28:357][  0]LogConfig: Setting CVar [[fx.GPUSimulationTextureSizeX:1024]]
[2022.08.03-16.58.28:357][  0]LogConfig: Setting CVar [[fx.GPUSimulationTextureSizeY:1024]]
[2022.08.03-16.58.28:357][  0]LogConfig: Setting CVar [[r.AllowGlobalClipPlane:0]]
[2022.08.03-16.58.28:358][  0]LogConfig: Setting CVar [[r.GBufferFormat:1]]
[2022.08.03-16.58.28:358][  0]LogConfig: Setting CVar [[r.MorphTarget.Mode:1]]
[2022.08.03-16.58.28:358][  0]LogConfig: Setting CVar [[vr.InstancedStereo:0]]
[2022.08.03-16.58.28:358][  0]LogConfig: Setting CVar [[r.MobileHDR:1]]
[2022.08.03-16.58.28:359][  0]LogConfig: Setting CVar [[vr.MobileMultiView:0]]
[2022.08.03-16.58.28:359][  0]LogConfig: Setting CVar [[r.Mobile.UseHWsRGBEncoding:0]]
[2022.08.03-16.58.28:359][  0]LogConfig: Setting CVar [[vr.RoundRobinOcclusion:0]]
[2022.08.03-16.58.28:359][  0]LogConfig: Setting CVar [[vr.ODSCapture:0]]
[2022.08.03-16.58.28:360][  0]LogConfig: Setting CVar [[r.MeshStreaming:0]]
[2022.08.03-16.58.28:360][  0]LogConfig: Setting CVar [[r.WireframeCullThreshold:5.000000]]
[2022.08.03-16.58.28:360][  0]LogConfig: Setting CVar [[r.RayTracing:0]]
[2022.08.03-16.58.28:360][  0]LogConfig: Setting CVar [[r.RayTracing.UseTextureLod:0]]
[2022.08.03-16.58.28:361][  0]LogConfig: Setting CVar [[r.SupportStationarySkylight:1]]
[2022.08.03-16.58.28:361][  0]LogConfig: Setting CVar [[r.SupportLowQualityLightmaps:1]]
[2022.08.03-16.58.28:361][  0]LogConfig: Setting CVar [[r.SupportPointLightWholeSceneShadows:1]]
[2022.08.03-16.58.28:361][  0]LogConfig: Setting CVar [[r.SupportAtmosphericFog:1]]
[2022.08.03-16.58.28:362][  0]LogConfig: Setting CVar [[r.SupportSkyAtmosphere:1]]
[2022.08.03-16.58.28:362][  0]LogConfig: Setting CVar [[r.SupportSkyAtmosphereAffectsHeightFog:0]]
[2022.08.03-16.58.28:362][  0]LogConfig: Setting CVar [[r.SkinCache.CompileShaders:0]]
[2022.08.03-16.58.28:363][  0]LogConfig: Setting CVar [[r.SkinCache.DefaultBehavior:1]]
[2022.08.03-16.58.28:363][  0]LogConfig: Setting CVar [[r.SkinCache.SceneMemoryLimitInMB:128.000000]]
[2022.08.03-16.58.28:363][  0]LogConfig: Setting CVar [[r.Mobile.EnableStaticAndCSMShadowReceivers:1]]
[2022.08.03-16.58.28:363][  0]LogConfig: Setting CVar [[r.Mobile.EnableMovableLightCSMShaderCulling:1]]
[2022.08.03-16.58.28:364][  0]LogConfig: Setting CVar [[r.Mobile.AllowDistanceFieldShadows:1]]
[2022.08.03-16.58.28:364][  0]LogConfig: Setting CVar [[r.Mobile.AllowMovableDirectionalLights:1]]
[2022.08.03-16.58.28:364][  0]LogConfig: Setting CVar [[r.MobileNumDynamicPointLights:4]]
[2022.08.03-16.58.28:364][  0]LogConfig: Setting CVar [[r.MobileDynamicPointLightsUseStaticBranch:1]]
[2022.08.03-16.58.28:365][  0]LogConfig: Setting CVar [[r.Mobile.EnableMovableSpotlights:0]]
[2022.08.03-16.58.28:365][  0]LogConfig: Setting CVar [[r.Mobile.EnableMovableSpotlightsShadow:0]]
[2022.08.03-16.58.28:365][  0]LogConfig: Setting CVar [[r.GPUSkin.Support16BitBoneIndex:0]]
[2022.08.03-16.58.28:366][  0]LogConfig: Setting CVar [[r.GPUSkin.Limit2BoneInfluences:0]]
[2022.08.03-16.58.28:366][  0]LogConfig: Setting CVar [[r.SupportDepthOnlyIndexBuffers:1]]
[2022.08.03-16.58.28:366][  0]LogConfig: Setting CVar [[r.SupportReversedIndexBuffers:1]]
[2022.08.03-16.58.28:366][  0]LogConfig: Setting CVar [[r.LightPropagationVolume:0]]
[2022.08.03-16.58.28:367][  0]LogConfig: Setting CVar [[r.Mobile.AmbientOcclusion:0]]
[2022.08.03-16.58.28:367][  0]LogConfig: Setting CVar [[r.GPUSkin.UnlimitedBoneInfluences:0]]
[2022.08.03-16.58.28:367][  0]LogConfig: Setting CVar [[r.GPUSkin.UnlimitedBoneInfluencesThreshold:8]]
[2022.08.03-16.58.28:367][  0]LogConfig: Setting CVar [[r.Mobile.PlanarReflectionMode:0]]
[2022.08.03-16.58.28:368][  0]LogConfig: Setting CVar [[r.Mobile.SupportsGen4TAA:0]]
[2022.08.03-16.58.28:368][  0]LogConfig: Applying CVar settings from Section [/Script/Engine.RendererOverrideSettings] File [C:/Users/danie/Documents/Gamedev VR/game/UE4 game/fpsgame/Saved/Config/Windows/Engine.ini]
[2022.08.03-16.58.28:368][  0]LogConfig: Applying CVar settings from Section [/Script/Engine.StreamingSettings] File [C:/Users/danie/Documents/Gamedev VR/game/UE4 game/fpsgame/Saved/Config/Windows/Engine.ini]
[2022.08.03-16.58.28:368][  0]LogConfig: Setting CVar [[s.MinBulkDataSizeForAsyncLoading:131072]]
[2022.08.03-16.58.28:369][  0]LogConfig: Setting CVar [[s.AsyncLoadingThreadEnabled:0]]
[2022.08.03-16.58.28:369][  0]LogConfig: Setting CVar [[s.EventDrivenLoaderEnabled:1]]
[2022.08.03-16.58.28:369][  0]LogConfig: Setting CVar [[s.WarnIfTimeLimitExceeded:0]]
[2022.08.03-16.58.28:369][  0]LogConfig: Setting CVar [[s.TimeLimitExceededMultiplier:1.5]]
[2022.08.03-16.58.28:370][  0]LogConfig: Setting CVar [[s.TimeLimitExceededMinTime:0.005]]
[2022.08.03-16.58.28:372][  0]LogConfig: Setting CVar [[s.UseBackgroundLevelStreaming:1]]
[2022.08.03-16.58.28:372][  0]LogConfig: Setting CVar [[s.PriorityAsyncLoadingExtraTime:15.0]]
[2022.08.03-16.58.28:372][  0]LogConfig: Setting CVar [[s.LevelStreamingActorsUpdateTimeLimit:5.0]]
[2022.08.03-16.58.28:373][  0]LogConfig: Setting CVar [[s.PriorityLevelStreamingActorsUpdateExtraTime:5.0]]
[2022.08.03-16.58.28:373][  0]LogConfig: Setting CVar [[s.LevelStreamingComponentsRegistrationGranularity:10]]
[2022.08.03-16.58.28:373][  0]LogConfig: Setting CVar [[s.UnregisterComponentsTimeLimit:1.0]]
[2022.08.03-16.58.28:373][  0]LogConfig: Setting CVar [[s.LevelStreamingComponentsUnregistrationGranularity:5]]
[2022.08.03-16.58.28:374][  0]LogConfig: Setting CVar [[s.FlushStreamingOnExit:1]]
[2022.08.03-16.58.28:374][  0]LogConfig: Applying CVar settings from Section [/Script/Engine.GarbageCollectionSettings] File [C:/Users/danie/Documents/Gamedev VR/game/UE4 game/fpsgame/Saved/Config/Windows/Engine.ini]
[2022.08.03-16.58.28:374][  0]LogConfig: Setting CVar [[gc.MaxObjectsNotConsideredByGC:1]]
[2022.08.03-16.58.28:374][  0]LogConfig: Setting CVar [[gc.SizeOfPermanentObjectPool:0]]
[2022.08.03-16.58.28:375][  0]LogConfig: Setting CVar [[gc.FlushStreamingOnGC:0]]
[2022.08.03-16.58.28:375][  0]LogConfig: Setting CVar [[gc.NumRetriesBeforeForcingGC:10]]
[2022.08.03-16.58.28:375][  0]LogConfig: Setting CVar [[gc.AllowParallelGC:1]]
[2022.08.03-16.58.28:376][  0]LogConfig: Setting CVar [[gc.TimeBetweenPurgingPendingKillObjects:61.1]]
[2022.08.03-16.58.28:376][  0]LogConfig: Setting CVar [[gc.MaxObjectsInEditor:25165824]]
[2022.08.03-16.58.28:376][  0]LogConfig: Setting CVar [[gc.IncrementalBeginDestroyEnabled:1]]
[2022.08.03-16.58.28:376][  0]LogConfig: Setting CVar [[gc.CreateGCClusters:1]]
[2022.08.03-16.58.28:376][  0]LogConfig: Setting CVar [[gc.MinGCClusterSize:5]]
[2022.08.03-16.58.28:377][  0]LogConfig: Setting CVar [[gc.ActorClusteringEnabled:0]]
[2022.08.03-16.58.28:377][  0]LogConfig: Setting CVar [[gc.BlueprintClusteringEnabled:0]]
[2022.08.03-16.58.28:377][  0]LogConfig: Setting CVar [[gc.UseDisregardForGCOnDedicatedServers:0]]
[2022.08.03-16.58.28:377][  0]LogConfig: Setting CVar [[gc.MultithreadedDestructionEnabled:1]]
[2022.08.03-16.58.28:378][  0]LogConfig: Applying CVar settings from Section [/Script/Engine.NetworkSettings] File [C:/Users/danie/Documents/Gamedev VR/game/UE4 game/fpsgame/Saved/Config/Windows/Engine.ini]
[2022.08.03-16.58.28:378][  0]LogConfig: Applying CVar settings from Section [/Script/UnrealEd.CookerSettings] File [C:/Users/danie/Documents/Gamedev VR/game/UE4 game/fpsgame/Saved/Config/Windows/Engine.ini]
[2022.08.03-16.58.28:378][  0]LogConfig: Applying CVar settings from Section [ViewDistanceQuality@3] File [C:/Users/danie/Documents/Gamedev VR/game/UE4 game/fpsgame/Saved/Config/Windows/Scalability.ini]
[2022.08.03-16.58.28:378][  0]LogConfig: Setting CVar [[r.SkeletalMeshLODBias:0]]
[2022.08.03-16.58.28:379][  0]LogConfig: Setting CVar [[r.ViewDistanceScale:1.0]]
[2022.08.03-16.58.28:379][  0]LogConfig: Applying CVar settings from Section [AntiAliasingQuality@3] File [C:/Users/danie/Documents/Gamedev VR/game/UE4 game/fpsgame/Saved/Config/Windows/Scalability.ini]
[2022.08.03-16.58.28:379][  0]LogConfig: Setting CVar [[r.PostProcessAAQuality:4]]
[2022.08.03-16.58.28:380][  0]LogConfig: Applying CVar settings from Section [ShadowQuality@3] File [C:/Users/danie/Documents/Gamedev VR/game/UE4 game/fpsgame/Saved/Config/Windows/Scalability.ini]
[2022.08.03-16.58.28:380][  0]LogConfig: Setting CVar [[r.LightFunctionQuality:1]]
[2022.08.03-16.58.28:380][  0]LogConfig: Setting CVar [[r.ShadowQuality:5]]
[2022.08.03-16.58.28:380][  0]LogConfig: Setting CVar [[r.Shadow.CSM.MaxCascades:10]]
[2022.08.03-16.58.28:381][  0]LogConfig: Setting CVar [[r.Shadow.MaxResolution:2048]]
[2022.08.03-16.58.28:381][  0]LogConfig: Setting CVar [[r.Shadow.MaxCSMResolution:2048]]
[2022.08.03-16.58.28:381][  0]LogConfig: Setting CVar [[r.Shadow.RadiusThreshold:0.01]]
[2022.08.03-16.58.28:381][  0]LogConfig: Setting CVar [[r.Shadow.DistanceScale:1.0]]
[2022.08.03-16.58.28:382][  0]LogConfig: Setting CVar [[r.Shadow.CSM.TransitionScale:1.0]]
[2022.08.03-16.58.28:382][  0]LogConfig: Setting CVar [[r.Shadow.PreShadowResolutionFactor:1.0]]
[2022.08.03-16.58.28:382][  0]LogConfig: Setting CVar [[r.DistanceFieldShadowing:1]]
[2022.08.03-16.58.28:383][  0]LogConfig: Setting CVar [[r.DistanceFieldAO:1]]
[2022.08.03-16.58.28:383][  0]LogConfig: Setting CVar [[r.AOQuality:2]]
[2022.08.03-16.58.28:383][  0]LogConfig: Setting CVar [[r.VolumetricFog:1]]
[2022.08.03-16.58.28:383][  0]LogConfig: Setting CVar [[r.VolumetricFog.GridPixelSize:8]]
[2022.08.03-16.58.28:383][  0]LogConfig: Setting CVar [[r.VolumetricFog.GridSizeZ:128]]
[2022.08.03-16.58.28:384][  0]LogConfig: Setting CVar [[r.VolumetricFog.HistoryMissSupersampleCount:4]]
[2022.08.03-16.58.28:384][  0]LogConfig: Setting CVar [[r.LightMaxDrawDistanceScale:1]]
[2022.08.03-16.58.28:384][  0]LogConfig: Setting CVar [[r.CapsuleShadows:1]]
[2022.08.03-16.58.28:385][  0]LogConfig: Applying CVar settings from Section [PostProcessQuality@3] File [C:/Users/danie/Documents/Gamedev VR/game/UE4 game/fpsgame/Saved/Config/Windows/Scalability.ini]
[2022.08.03-16.58.28:385][  0]LogConfig: Setting CVar [[r.MotionBlurQuality:4]]
[2022.08.03-16.58.28:385][  0]LogConfig: Setting CVar [[r.AmbientOcclusionMipLevelFactor:0.4]]
[2022.08.03-16.58.28:385][  0]LogConfig: Setting CVar [[r.AmbientOcclusionMaxQuality:100]]
[2022.08.03-16.58.28:385][  0]LogConfig: Setting CVar [[r.AmbientOcclusionLevels:-1]]
[2022.08.03-16.58.28:387][  0]LogConfig: Setting CVar [[r.AmbientOcclusionRadiusScale:1.0]]
[2022.08.03-16.58.28:390][  0]LogConfig: Setting CVar [[r.DepthOfFieldQuality:2]]
[2022.08.03-16.58.28:391][  0]LogConfig: Setting CVar [[r.RenderTargetPoolMin:400]]
[2022.08.03-16.58.28:391][  0]LogConfig: Setting CVar [[r.LensFlareQuality:2]]
[2022.08.03-16.58.28:391][  0]LogConfig: Setting CVar [[r.SceneColorFringeQuality:1]]
[2022.08.03-16.58.28:391][  0]LogConfig: Setting CVar [[r.EyeAdaptationQuality:2]]
[2022.08.03-16.58.28:392][  0]LogConfig: Setting CVar [[r.BloomQuality:5]]
[2022.08.03-16.58.28:392][  0]LogConfig: Setting CVar [[r.FastBlurThreshold:100]]
[2022.08.03-16.58.28:392][  0]LogConfig: Setting CVar [[r.Upscale.Quality:3]]
[2022.08.03-16.58.28:392][  0]LogConfig: Setting CVar [[r.Tonemapper.GrainQuantization:1]]
[2022.08.03-16.58.28:393][  0]LogConfig: Setting CVar [[r.LightShaftQuality:1]]
[2022.08.03-16.58.28:393][  0]LogConfig: Setting CVar [[r.Filter.SizeScale:1]]
[2022.08.03-16.58.28:393][  0]LogConfig: Setting CVar [[r.Tonemapper.Quality:5]]
[2022.08.03-16.58.28:393][  0]LogConfig: Setting CVar [[r.DOF.Gather.AccumulatorQuality:1        ; higher gathering accumulator quality]]
[2022.08.03-16.58.28:394][  0]LogConfig: Setting CVar [[r.DOF.Gather.PostfilterMethod:1          ; Median3x3 postfilering method]]
[2022.08.03-16.58.28:394][  0]LogConfig: Setting CVar [[r.DOF.Gather.EnableBokehSettings:0       ; no bokeh simulation when gathering]]
[2022.08.03-16.58.28:394][  0]LogConfig: Setting CVar [[r.DOF.Gather.RingCount:4                 ; medium number of samples when gathering]]
[2022.08.03-16.58.28:394][  0]LogConfig: Setting CVar [[r.DOF.Scatter.ForegroundCompositing:1    ; additive foreground scattering]]
[2022.08.03-16.58.28:395][  0]LogConfig: Setting CVar [[r.DOF.Scatter.BackgroundCompositing:2    ; additive background scattering]]
[2022.08.03-16.58.28:395][  0]LogConfig: Setting CVar [[r.DOF.Scatter.EnableBokehSettings:1      ; bokeh simulation when scattering]]
[2022.08.03-16.58.28:395][  0]LogConfig: Setting CVar [[r.DOF.Scatter.MaxSpriteRatio:0.1         ; only a maximum of 10% of scattered bokeh]]
[2022.08.03-16.58.28:395][  0]LogConfig: Setting CVar [[r.DOF.Recombine.Quality:1                ; cheap slight out of focus]]
[2022.08.03-16.58.28:396][  0]LogConfig: Setting CVar [[r.DOF.Recombine.EnableBokehSettings:0    ; no bokeh simulation on slight out of focus]]
[2022.08.03-16.58.28:396][  0]LogConfig: Setting CVar [[r.DOF.TemporalAAQuality:1                ; more stable temporal accumulation]]
[2022.08.03-16.58.28:396][  0]LogConfig: Setting CVar [[r.DOF.Kernel.MaxForegroundRadius:0.025]]
[2022.08.03-16.58.28:396][  0]LogConfig: Setting CVar [[r.DOF.Kernel.MaxBackgroundRadius:0.025]]
[2022.08.03-16.58.28:397][  0]LogConfig: Applying CVar settings from Section [TextureQuality@3] File [C:/Users/danie/Documents/Gamedev VR/game/UE4 game/fpsgame/Saved/Config/Windows/Scalability.ini]
[2022.08.03-16.58.28:397][  0]LogConfig: Setting CVar [[r.Streaming.MipBias:0]]
[2022.08.03-16.58.28:397][  0]LogConfig: Setting CVar [[r.Streaming.AmortizeCPUToGPUCopy:0]]
[2022.08.03-16.58.28:398][  0]LogConfig: Setting CVar [[r.Streaming.MaxNumTexturesToStreamPerFrame:0]]
[2022.08.03-16.58.28:398][  0]LogConfig: Setting CVar [[r.Streaming.Boost:1]]
[2022.08.03-16.58.28:398][  0]LogConfig: Setting CVar [[r.MaxAnisotropy:8]]
[2022.08.03-16.58.28:398][  0]LogConfig: Setting CVar [[r.VT.MaxAnisotropy:8]]
[2022.08.03-16.58.28:399][  0]LogConfig: Setting CVar [[r.Streaming.LimitPoolSizeToVRAM:0]]
[2022.08.03-16.58.28:399][  0]LogConfig: Setting CVar [[r.Streaming.PoolSize:1000]]
[2022.08.03-16.58.28:399][  0]LogConfig: Setting CVar [[r.Streaming.MaxEffectiveScreenSize:0]]
[2022.08.03-16.58.28:399][  0]LogConfig: Applying CVar settings from Section [EffectsQuality@3] File [C:/Users/danie/Documents/Gamedev VR/game/UE4 game/fpsgame/Saved/Config/Windows/Scalability.ini]
[2022.08.03-16.58.28:400][  0]LogConfig: Setting CVar [[r.TranslucencyLightingVolumeDim:64]]
[2022.08.03-16.58.28:400][  0]LogConfig: Setting CVar [[r.RefractionQuality:2]]
[2022.08.03-16.58.28:400][  0]LogConfig: Setting CVar [[r.SSR.Quality:3]]
[2022.08.03-16.58.28:400][  0]LogConfig: Setting CVar [[r.SSR.HalfResSceneColor:0]]
[2022.08.03-16.58.28:401][  0]LogConfig: Setting CVar [[r.SceneColorFormat:4]]
[2022.08.03-16.58.28:401][  0]LogConfig: Setting CVar [[r.DetailMode:2]]
[2022.08.03-16.58.28:401][  0]LogConfig: Setting CVar [[r.TranslucencyVolumeBlur:1]]
[2022.08.03-16.58.28:401][  0]LogConfig: Setting CVar [[r.MaterialQualityLevel:1 ; High quality]]
[2022.08.03-16.58.28:402][  0]LogConfig: Setting CVar [[r.AnisotropicMaterials:1]]
[2022.08.03-16.58.28:404][  0]LogConfig: Setting CVar [[r.SSS.Scale:1]]
[2022.08.03-16.58.28:404][  0]LogConfig: Setting CVar [[r.SSS.SampleSet:2]]
[2022.08.03-16.58.28:405][  0]LogConfig: Setting CVar [[r.SSS.Quality:1]]
[2022.08.03-16.58.28:405][  0]LogConfig: Setting CVar [[r.SSS.HalfRes:0]]
[2022.08.03-16.58.28:406][  0]LogConfig: Setting CVar [[r.SSGI.Quality:3]]
[2022.08.03-16.58.28:406][  0]LogConfig: Setting CVar [[r.EmitterSpawnRateScale:1.0]]
[2022.08.03-16.58.28:406][  0]LogConfig: Setting CVar [[r.ParticleLightQuality:2]]
[2022.08.03-16.58.28:407][  0]LogConfig: Setting CVar [[r.SkyAtmosphere.AerialPerspectiveLUT.FastApplyOnOpaque:1 ; Always have FastSkyLUT 1 in this case to avoid wrong sky]]
[2022.08.03-16.58.28:407][  0]LogConfig: Setting CVar [[r.SkyAtmosphere.AerialPerspectiveLUT.SampleCountMaxPerSlice:4]]
[2022.08.03-16.58.28:407][  0]LogConfig: Setting CVar [[r.SkyAtmosphere.AerialPerspectiveLUT.DepthResolution:16.0]]
[2022.08.03-16.58.28:408][  0]LogConfig: Setting CVar [[r.SkyAtmosphere.FastSkyLUT:1]]
[2022.08.03-16.58.28:408][  0]LogConfig: Setting CVar [[r.SkyAtmosphere.FastSkyLUT.SampleCountMin:4.0]]
[2022.08.03-16.58.28:408][  0]LogConfig: Setting CVar [[r.SkyAtmosphere.FastSkyLUT.SampleCountMax:128.0]]
[2022.08.03-16.58.28:408][  0]LogConfig: Setting CVar [[r.SkyAtmosphere.SampleCountMin:4.0]]
[2022.08.03-16.58.28:409][  0]LogConfig: Setting CVar [[r.SkyAtmosphere.SampleCountMax:128.0]]
[2022.08.03-16.58.28:409][  0]LogConfig: Setting CVar [[r.SkyAtmosphere.TransmittanceLUT.UseSmallFormat:0]]
[2022.08.03-16.58.28:409][  0]LogConfig: Setting CVar [[r.SkyAtmosphere.TransmittanceLUT.SampleCount:10.0]]
[2022.08.03-16.58.28:409][  0]LogConfig: Setting CVar [[r.SkyAtmosphere.MultiScatteringLUT.SampleCount:15.0]]
[2022.08.03-16.58.28:410][  0]LogConfig: Setting CVar [[r.SkyLight.RealTimeReflectionCapture:1]]
[2022.08.03-16.58.28:410][  0]LogConfig: Applying CVar settings from Section [FoliageQuality@3] File [C:/Users/danie/Documents/Gamedev VR/game/UE4 game/fpsgame/Saved/Config/Windows/Scalability.ini]
[2022.08.03-16.58.28:410][  0]LogConfig: Setting CVar [[foliage.DensityScale:1.0]]
[2022.08.03-16.58.28:410][  0]LogConfig: Setting CVar [[grass.DensityScale:1.0]]
[2022.08.03-16.58.28:411][  0]LogConfig: Applying CVar settings from Section [ShadingQuality@3] File [C:/Users/danie/Documents/Gamedev VR/game/UE4 game/fpsgame/Saved/Config/Windows/Scalability.ini]
[2022.08.03-16.58.28:411][  0]LogConfig: Setting CVar [[r.HairStrands.SkyLighting.IntegrationType:2]]
[2022.08.03-16.58.28:411][  0]LogConfig: Setting CVar [[r.HairStrands.SkyAO.SampleCount:4]]
[2022.08.03-16.58.28:411][  0]LogConfig: Setting CVar [[r.HairStrands.Visibility.MSAA.SamplePerPixel:4]]
[2022.08.03-16.58.28:412][  0]LogInit: Selected Device Profile: [Windows]
[2022.08.03-16.58.28:412][  0]LogInit: Applying CVar settings loaded from the selected device profile: [Windows]
[2022.08.03-16.58.28:412][  0]LogHAL: Display: Platform has ~ 16 GB [17128247296 / 17179869184 / 16], which maps to Larger [LargestMinGB=32, LargerMinGB=12, DefaultMinGB=8, SmallerMinGB=6, SmallestMinGB=0)
[2022.08.03-16.58.28:412][  0]LogInit: Going up to parent DeviceProfile []
[2022.08.03-16.58.28:413][  0]LogConfig: Applying CVar settings from Section [ViewDistanceQuality@3] File [C:/Users/danie/Documents/Gamedev VR/game/UE4 game/fpsgame/Saved/Config/Windows/Scalability.ini]
[2022.08.03-16.58.28:413][  0]LogConfig: Setting CVar [[r.SkeletalMeshLODBias:0]]
[2022.08.03-16.58.28:413][  0]LogConfig: Setting CVar [[r.ViewDistanceScale:1.0]]
[2022.08.03-16.58.28:413][  0]LogConfig: Applying CVar settings from Section [AntiAliasingQuality@3] File [C:/Users/danie/Documents/Gamedev VR/game/UE4 game/fpsgame/Saved/Config/Windows/Scalability.ini]
[2022.08.03-16.58.28:414][  0]LogConfig: Setting CVar [[r.PostProcessAAQuality:4]]
[2022.08.03-16.58.28:414][  0]LogConfig: Applying CVar settings from Section [ShadowQuality@3] File [C:/Users/danie/Documents/Gamedev VR/game/UE4 game/fpsgame/Saved/Config/Windows/Scalability.ini]
[2022.08.03-16.58.28:414][  0]LogConfig: Setting CVar [[r.LightFunctionQuality:1]]
[2022.08.03-16.58.28:415][  0]LogConfig: Setting CVar [[r.ShadowQuality:5]]
[2022.08.03-16.58.28:415][  0]LogConfig: Setting CVar [[r.Shadow.CSM.MaxCascades:10]]
[2022.08.03-16.58.28:415][  0]LogConfig: Setting CVar [[r.Shadow.MaxResolution:2048]]
[2022.08.03-16.58.28:415][  0]LogConfig: Setting CVar [[r.Shadow.MaxCSMResolution:2048]]
[2022.08.03-16.58.28:416][  0]LogConfig: Setting CVar [[r.Shadow.RadiusThreshold:0.01]]
[2022.08.03-16.58.28:416][  0]LogConfig: Setting CVar [[r.Shadow.DistanceScale:1.0]]
[2022.08.03-16.58.28:416][  0]LogConfig: Setting CVar [[r.Shadow.CSM.TransitionScale:1.0]]
[2022.08.03-16.58.28:416][  0]LogConfig: Setting CVar [[r.Shadow.PreShadowResolutionFactor:1.0]]
[2022.08.03-16.58.28:417][  0]LogConfig: Setting CVar [[r.DistanceFieldShadowing:1]]
[2022.08.03-16.58.28:417][  0]LogConfig: Setting CVar [[r.DistanceFieldAO:1]]
[2022.08.03-16.58.28:417][  0]LogConfig: Setting CVar [[r.AOQuality:2]]
[2022.08.03-16.58.28:418][  0]LogConfig: Setting CVar [[r.VolumetricFog:1]]
[2022.08.03-16.58.28:420][  0]LogConfig: Setting CVar [[r.VolumetricFog.GridPixelSize:8]]
[2022.08.03-16.58.28:421][  0]LogConfig: Setting CVar [[r.VolumetricFog.GridSizeZ:128]]
[2022.08.03-16.58.28:421][  0]LogConfig: Setting CVar [[r.VolumetricFog.HistoryMissSupersampleCount:4]]
[2022.08.03-16.58.28:421][  0]LogConfig: Setting CVar [[r.LightMaxDrawDistanceScale:1]]
[2022.08.03-16.58.28:421][  0]LogConfig: Setting CVar [[r.CapsuleShadows:1]]
[2022.08.03-16.58.28:422][  0]LogConfig: Applying CVar settings from Section [PostProcessQuality@3] File [C:/Users/danie/Documents/Gamedev VR/game/UE4 game/fpsgame/Saved/Config/Windows/Scalability.ini]
[2022.08.03-16.58.28:422][  0]LogConfig: Setting CVar [[r.MotionBlurQuality:4]]
[2022.08.03-16.58.28:422][  0]LogConfig: Setting CVar [[r.AmbientOcclusionMipLevelFactor:0.4]]
[2022.08.03-16.58.28:422][  0]LogConfig: Setting CVar [[r.AmbientOcclusionMaxQuality:100]]
[2022.08.03-16.58.28:423][  0]LogConfig: Setting CVar [[r.AmbientOcclusionLevels:-1]]
[2022.08.03-16.58.28:423][  0]LogConfig: Setting CVar [[r.AmbientOcclusionRadiusScale:1.0]]
[2022.08.03-16.58.28:423][  0]LogConfig: Setting CVar [[r.DepthOfFieldQuality:2]]
[2022.08.03-16.58.28:423][  0]LogConfig: Setting CVar [[r.RenderTargetPoolMin:400]]
[2022.08.03-16.58.28:424][  0]LogConfig: Setting CVar [[r.LensFlareQuality:2]]
[2022.08.03-16.58.28:424][  0]LogConfig: Setting CVar [[r.SceneColorFringeQuality:1]]
[2022.08.03-16.58.28:424][  0]LogConfig: Setting CVar [[r.EyeAdaptationQuality:2]]
[2022.08.03-16.58.28:424][  0]LogConfig: Setting CVar [[r.BloomQuality:5]]
[2022.08.03-16.58.28:425][  0]LogConfig: Setting CVar [[r.FastBlurThreshold:100]]
[2022.08.03-16.58.28:425][  0]LogConfig: Setting CVar [[r.Upscale.Quality:3]]
[2022.08.03-16.58.28:425][  0]LogConfig: Setting CVar [[r.Tonemapper.GrainQuantization:1]]
[2022.08.03-16.58.28:425][  0]LogConfig: Setting CVar [[r.LightShaftQuality:1]]
[2022.08.03-16.58.28:426][  0]LogConfig: Setting CVar [[r.Filter.SizeScale:1]]
[2022.08.03-16.58.28:426][  0]LogConfig: Setting CVar [[r.Tonemapper.Quality:5]]
[2022.08.03-16.58.28:426][  0]LogConfig: Setting CVar [[r.DOF.Gather.AccumulatorQuality:1        ; higher gathering accumulator quality]]
[2022.08.03-16.58.28:427][  0]LogConfig: Setting CVar [[r.DOF.Gather.PostfilterMethod:1          ; Median3x3 postfilering method]]
[2022.08.03-16.58.28:427][  0]LogConfig: Setting CVar [[r.DOF.Gather.EnableBokehSettings:0       ; no bokeh simulation when gathering]]
[2022.08.03-16.58.28:427][  0]LogConfig: Setting CVar [[r.DOF.Gather.RingCount:4                 ; medium number of samples when gathering]]
[2022.08.03-16.58.28:427][  0]LogConfig: Setting CVar [[r.DOF.Scatter.ForegroundCompositing:1    ; additive foreground scattering]]
[2022.08.03-16.58.28:428][  0]LogConfig: Setting CVar [[r.DOF.Scatter.BackgroundCompositing:2    ; additive background scattering]]
[2022.08.03-16.58.28:428][  0]LogConfig: Setting CVar [[r.DOF.Scatter.EnableBokehSettings:1      ; bokeh simulation when scattering]]
[2022.08.03-16.58.28:428][  0]LogConfig: Setting CVar [[r.DOF.Scatter.MaxSpriteRatio:0.1         ; only a maximum of 10% of scattered bokeh]]
[2022.08.03-16.58.28:428][  0]LogConfig: Setting CVar [[r.DOF.Recombine.Quality:1                ; cheap slight out of focus]]
[2022.08.03-16.58.28:429][  0]LogConfig: Setting CVar [[r.DOF.Recombine.EnableBokehSettings:0    ; no bokeh simulation on slight out of focus]]
[2022.08.03-16.58.28:429][  0]LogConfig: Setting CVar [[r.DOF.TemporalAAQuality:1                ; more stable temporal accumulation]]
[2022.08.03-16.58.28:429][  0]LogConfig: Setting CVar [[r.DOF.Kernel.MaxForegroundRadius:0.025]]
[2022.08.03-16.58.28:429][  0]LogConfig: Setting CVar [[r.DOF.Kernel.MaxBackgroundRadius:0.025]]
[2022.08.03-16.58.28:430][  0]LogConfig: Applying CVar settings from Section [TextureQuality@3] File [C:/Users/danie/Documents/Gamedev VR/game/UE4 game/fpsgame/Saved/Config/Windows/Scalability.ini]
[2022.08.03-16.58.28:430][  0]LogConfig: Setting CVar [[r.Streaming.MipBias:0]]
[2022.08.03-16.58.28:430][  0]LogConfig: Setting CVar [[r.Streaming.AmortizeCPUToGPUCopy:0]]
[2022.08.03-16.58.28:430][  0]LogConfig: Setting CVar [[r.Streaming.MaxNumTexturesToStreamPerFrame:0]]
[2022.08.03-16.58.28:431][  0]LogConfig: Setting CVar [[r.Streaming.Boost:1]]
[2022.08.03-16.58.28:431][  0]LogConfig: Setting CVar [[r.MaxAnisotropy:8]]
[2022.08.03-16.58.28:431][  0]LogConfig: Setting CVar [[r.VT.MaxAnisotropy:8]]
[2022.08.03-16.58.28:432][  0]LogConfig: Setting CVar [[r.Streaming.LimitPoolSizeToVRAM:0]]
[2022.08.03-16.58.28:432][  0]LogConfig: Setting CVar [[r.Streaming.PoolSize:1000]]
[2022.08.03-16.58.28:432][  0]LogConfig: Setting CVar [[r.Streaming.MaxEffectiveScreenSize:0]]
[2022.08.03-16.58.28:432][  0]LogConfig: Applying CVar settings from Section [EffectsQuality@3] File [C:/Users/danie/Documents/Gamedev VR/game/UE4 game/fpsgame/Saved/Config/Windows/Scalability.ini]
[2022.08.03-16.58.28:433][  0]LogConfig: Setting CVar [[r.TranslucencyLightingVolumeDim:64]]
[2022.08.03-16.58.28:435][  0]LogConfig: Setting CVar [[r.RefractionQuality:2]]
[2022.08.03-16.58.28:435][  0]LogConfig: Setting CVar [[r.SSR.Quality:3]]
[2022.08.03-16.58.28:435][  0]LogConfig: Setting CVar [[r.SSR.HalfResSceneColor:0]]
[2022.08.03-16.58.28:436][  0]LogConfig: Setting CVar [[r.SceneColorFormat:4]]
[2022.08.03-16.58.28:436][  0]LogConfig: Setting CVar [[r.DetailMode:2]]
[2022.08.03-16.58.28:436][  0]LogConfig: Setting CVar [[r.TranslucencyVolumeBlur:1]]
[2022.08.03-16.58.28:436][  0]LogConfig: Setting CVar [[r.MaterialQualityLevel:1 ; High quality]]
[2022.08.03-16.58.28:437][  0]LogConfig: Setting CVar [[r.AnisotropicMaterials:1]]
[2022.08.03-16.58.28:437][  0]LogConfig: Setting CVar [[r.SSS.Scale:1]]
[2022.08.03-16.58.28:437][  0]LogConfig: Setting CVar [[r.SSS.SampleSet:2]]
[2022.08.03-16.58.28:437][  0]LogConfig: Setting CVar [[r.SSS.Quality:1]]
[2022.08.03-16.58.28:438][  0]LogConfig: Setting CVar [[r.SSS.HalfRes:0]]
[2022.08.03-16.58.28:438][  0]LogConfig: Setting CVar [[r.SSGI.Quality:3]]
[2022.08.03-16.58.28:438][  0]LogConfig: Setting CVar [[r.EmitterSpawnRateScale:1.0]]
[2022.08.03-16.58.28:438][  0]LogConfig: Setting CVar [[r.ParticleLightQuality:2]]
[2022.08.03-16.58.28:439][  0]LogConfig: Setting CVar [[r.SkyAtmosphere.AerialPerspectiveLUT.FastApplyOnOpaque:1 ; Always have FastSkyLUT 1 in this case to avoid wrong sky]]
[2022.08.03-16.58.28:439][  0]LogConfig: Setting CVar [[r.SkyAtmosphere.AerialPerspectiveLUT.SampleCountMaxPerSlice:4]]
[2022.08.03-16.58.28:439][  0]LogConfig: Setting CVar [[r.SkyAtmosphere.AerialPerspectiveLUT.DepthResolution:16.0]]
[2022.08.03-16.58.28:439][  0]LogConfig: Setting CVar [[r.SkyAtmosphere.FastSkyLUT:1]]
[2022.08.03-16.58.28:440][  0]LogConfig: Setting CVar [[r.SkyAtmosphere.FastSkyLUT.SampleCountMin:4.0]]
[2022.08.03-16.58.28:440][  0]LogConfig: Setting CVar [[r.SkyAtmosphere.FastSkyLUT.SampleCountMax:128.0]]
[2022.08.03-16.58.28:440][  0]LogConfig: Setting CVar [[r.SkyAtmosphere.SampleCountMin:4.0]]
[2022.08.03-16.58.28:441][  0]LogConfig: Setting CVar [[r.SkyAtmosphere.SampleCountMax:128.0]]
[2022.08.03-16.58.28:441][  0]LogConfig: Setting CVar [[r.SkyAtmosphere.TransmittanceLUT.UseSmallFormat:0]]
[2022.08.03-16.58.28:441][  0]LogConfig: Setting CVar [[r.SkyAtmosphere.TransmittanceLUT.SampleCount:10.0]]
[2022.08.03-16.58.28:441][  0]LogConfig: Setting CVar [[r.SkyAtmosphere.MultiScatteringLUT.SampleCount:15.0]]
[2022.08.03-16.58.28:442][  0]LogConfig: Setting CVar [[r.SkyLight.RealTimeReflectionCapture:1]]
[2022.08.03-16.58.28:442][  0]LogConfig: Applying CVar settings from Section [FoliageQuality@3] File [C:/Users/danie/Documents/Gamedev VR/game/UE4 game/fpsgame/Saved/Config/Windows/Scalability.ini]
[2022.08.03-16.58.28:442][  0]LogConfig: Setting CVar [[foliage.DensityScale:1.0]]
[2022.08.03-16.58.28:442][  0]LogConfig: Setting CVar [[grass.DensityScale:1.0]]
[2022.08.03-16.58.28:443][  0]LogConfig: Applying CVar settings from Section [ShadingQuality@3] File [C:/Users/danie/Documents/Gamedev VR/game/UE4 game/fpsgame/Saved/Config/Windows/Scalability.ini]
[2022.08.03-16.58.28:443][  0]LogConfig: Setting CVar [[r.HairStrands.SkyLighting.IntegrationType:2]]
[2022.08.03-16.58.28:443][  0]LogConfig: Setting CVar [[r.HairStrands.SkyAO.SampleCount:4]]
[2022.08.03-16.58.28:444][  0]LogConfig: Setting CVar [[r.HairStrands.Visibility.MSAA.SamplePerPixel:4]]
[2022.08.03-16.58.28:444][  0]LogConfig: Applying CVar settings from Section [Startup] File [../../../Engine/Config/ConsoleVariables.ini]
[2022.08.03-16.58.28:445][  0]LogConfig: Setting CVar [[net.UseAdaptiveNetUpdateFrequency:0]]
[2022.08.03-16.58.28:445][  0]LogConfig: Setting CVar [[p.chaos.AllowCreatePhysxBodies:1]]
[2022.08.03-16.58.28:445][  0]LogConfig: Setting CVar [[fx.SkipVectorVMBackendOptimizations:1]]
[2022.08.03-16.58.28:445][  0]LogConfig: Applying CVar settings from Section [ConsoleVariables] File [C:/Users/danie/Documents/Gamedev VR/game/UE4 game/fpsgame/Saved/Config/Windows/Engine.ini]
[2022.08.03-16.58.28:446][  0]LogConfig: Applying CVar settings from Section [ConsoleVariables] File [C:/Users/danie/Documents/Gamedev VR/game/UE4 game/fpsgame/Saved/Config/Windows/Editor.ini]
[2022.08.03-16.58.28:446][  0]LogInit: Computer: DESKTOP-QG36584
[2022.08.03-16.58.28:446][  0]LogInit: User: danie
[2022.08.03-16.58.28:446][  0]LogInit: CPU Page size=4096, Cores=6
[2022.08.03-16.58.28:447][  0]LogInit: High frequency timer resolution =10.000000 MHz
[2022.08.03-16.58.28:447][  0]LogMemory: Memory total: Physical=16.0GB (16GB approx)
[2022.08.03-16.58.28:447][  0]LogMemory: Platform Memory Stats for Windows
[2022.08.03-16.58.28:447][  0]LogMemory: Process Physical Memory: 136.56 MB used, 136.56 MB peak
[2022.08.03-16.58.28:447][  0]LogMemory: Process Virtual Memory: 115.27 MB used, 115.27 MB peak
[2022.08.03-16.58.28:448][  0]LogMemory: Physical Memory: 11083.02 MB used,  5251.75 MB free, 16334.77 MB total
[2022.08.03-16.58.28:448][  0]LogMemory: Virtual Memory: 134213512.00 MB used,  4218.28 MB free, 134217728.00 MB total
[2022.08.03-16.58.28:450][  0]LogWindows: WindowsPlatformFeatures disabled or dedicated server build
[2022.08.03-16.58.28:459][  0]LogInit: Physics initialised using underlying interface: PhysX
[2022.08.03-16.58.28:459][  0]LogInit: Using OS detected language (en-US).
[2022.08.03-16.58.28:459][  0]LogInit: Using OS detected locale (en-GB).
[2022.08.03-16.58.28:463][  0]LogTextLocalizationManager: No specific localization for 'en-US' exists, so the 'en' localization will be used.
[2022.08.03-16.58.28:858][  0]LogTargetPlatformManager: Display: Loaded TargetPlatform 'WindowsNoEditor'
[2022.08.03-16.58.28:861][  0]LogTargetPlatformManager: Display: Loaded TargetPlatform 'Windows'
[2022.08.03-16.58.28:863][  0]LogTargetPlatformManager: Display: Loaded TargetPlatform 'WindowsClient'
[2022.08.03-16.58.28:866][  0]LogTargetPlatformManager: Display: Loaded TargetPlatform 'WindowsServer'
[2022.08.03-16.58.28:866][  0]LogTargetPlatformManager: Display: Building Assets For Windows
[2022.08.03-16.58.28:868][  0]LogAudioDebug: Display: Lib vorbis DLL was dynamically loaded.
[2022.08.03-16.58.28:882][  0]LogTextureFormatOodle: Display: Oodle Texture 2.9.0 init RDO Off
[2022.08.03-16.58.28:892][  0]LogRendererCore: Ray tracing is disabled. Reason: r.RayTracing=0.
[2022.08.03-16.58.28:892][  0]LogShaderCompilers: Guid format shader working directory is -27 characters bigger than the processId version (../../../../../../Users/danie/Documents/Gamedev VR/game/UE4 game/fpsgame/Intermediate/Shaders/WorkingDirectory/11800/).
[2022.08.03-16.58.28:893][  0]LogShaderCompilers: Cleaned the shader compiler working directory 'C:/Users/danie/AppData/Local/Temp/UnrealShaderWorkingDir/137A86384EA351C5F43EB7A37B176254/'.
[2022.08.03-16.58.28:893][  0]LogXGEController: Cannot use XGE Controller as Incredibuild is not installed on this machine.
[2022.08.03-16.58.28:893][  0]LogShaderCompilers: Cannot use XGE Shader Compiler as Incredibuild is not installed on this machine.
[2022.08.03-16.58.28:893][  0]LogShaderCompilers: Display: Using Local Shader Compiler.
[2022.08.03-16.58.29:350][  0]LogDerivedDataCache: Display: Max Cache Size: 512 MB
[2022.08.03-16.58.29:411][  0]LogDerivedDataCache: Loaded boot cache 0.06s 100MB C:/Users/danie/AppData/Local/UnrealEngine/4.27/DerivedDataCache/Boot.ddc.
[2022.08.03-16.58.29:411][  0]LogDerivedDataCache: Display: Loaded Boot cache: C:/Users/danie/AppData/Local/UnrealEngine/4.27/DerivedDataCache/Boot.ddc
[2022.08.03-16.58.29:412][  0]LogDerivedDataCache: FDerivedDataBackendGraph:  Pak pak cache file ../../../../../../Users/danie/Documents/Gamedev VR/game/UE4 game/fpsgame/DerivedDataCache/DDC.ddp not found, will not use a pak cache.
[2022.08.03-16.58.29:412][  0]LogDerivedDataCache: Unable to find inner node Pak for hierarchical cache Hierarchy.
[2022.08.03-16.58.29:413][  0]LogDerivedDataCache: FDerivedDataBackendGraph:  CompressedPak pak cache file ../../../../../../Users/danie/Documents/Gamedev VR/game/UE4 game/fpsgame/DerivedDataCache/Compressed.ddp not found, will not use a pak cache.
[2022.08.03-16.58.29:413][  0]LogDerivedDataCache: Unable to find inner node CompressedPak for hierarchical cache Hierarchy.
[2022.08.03-16.58.29:431][  0]LogDerivedDataCache: Display: Pak cache opened for reading ../../../Engine/DerivedDataCache/Compressed.ddp.
[2022.08.03-16.58.29:432][  0]LogDerivedDataCache: FDerivedDataBackendGraph:  EnterprisePak pak cache file ../../../Enterprise/DerivedDataCache/Compressed.ddp not found, will not use a pak cache.
[2022.08.03-16.58.29:432][  0]LogDerivedDataCache: Unable to find inner node EnterprisePak for hierarchical cache Hierarchy.
[2022.08.03-16.58.29:441][  0]LogDerivedDataCache: Speed tests for C:/Users/danie/AppData/Local/UnrealEngine/Common/DerivedDataCache took 0.01 seconds
[2022.08.03-16.58.29:441][  0]LogDerivedDataCache: Display: Performance to C:/Users/danie/AppData/Local/UnrealEngine/Common/DerivedDataCache: Latency=0.03ms. RandomReadSpeed=351.93MBs, RandomWriteSpeed=186.65MBs. Assigned SpeedClass 'Local'
[2022.08.03-16.58.29:442][  0]LogDerivedDataCache: Using Local data cache path C:/Users/danie/AppData/Local/UnrealEngine/Common/DerivedDataCache: Writable
[2022.08.03-16.58.29:442][  0]LogDerivedDataCache: Shared data cache path not found in *engine.ini, will not use an Shared cache.
[2022.08.03-16.58.29:443][  0]LogDerivedDataCache: Unable to find inner node Shared for hierarchical cache Hierarchy.
[2022.08.03-16.58.29:444][  0]LogInit: Using OS detected language (en-US).
[2022.08.03-16.58.29:444][  0]LogInit: Using OS detected locale (en-GB).
[2022.08.03-16.58.29:445][  0]LogTextLocalizationManager: No localization for 'en-US' exists, so 'en' will be used for the language.
[2022.08.03-16.58.29:445][  0]LogTextLocalizationManager: No localization for 'en-GB' exists, so 'en' will be used for the locale.
[2022.08.03-16.58.29:448][  0]LogTextLocalizationManager: Compacting localization data took   0.00ms
[2022.08.03-16.58.29:448][  0]LogAssetRegistry: FAssetRegistry took 0.0021 seconds to start up
[2022.08.03-16.58.29:594][  0]LogPackageLocalizationCache: Processed 27 localized package path(s) for 1 prioritized culture(s) in 0.001025 seconds
[2022.08.03-16.58.29:670][  0]LogInit: Selected Device Profile: [Windows]
[2022.08.03-16.58.29:671][  0]LogInit: Active device profile: [000001AF80726E00][000001AFFDFE9580 49] Windows
[2022.08.03-16.58.29:671][  0]LogInit: Profiles: [000001AF80726E00][000001AFFDFE9580 49] Windows, [000001AF806F3400][000001AFFDFF7840 49] WindowsNoEditor, [000001AF80727D00][000001AFFDFFBB00 49] WindowsServer, [000001AF806F0300][000001AFFDFEC200 49] WindowsClient, [000001AF80724200][000001AFFDFFE480 49] IOS, [000001AF806F3A00][000001AFFE006740 49] iPadAir, [000001AF80724B00][000001AFFE00AA00 49] iPadAir2, [000001AF806A2200][000001AFFE024F40 49] IPadPro, [000001AF806A2300][000001AFFE00EF80 49] iPadAir3, [000001AF80724E00][000001AFFE01D240 49] iPadAir4, [000001AF806A2A00][000001AFFE019500 49] iPadMini2, [000001AF80726600][000001AFFE0217C0 49] iPadMini3, [000001AF806A3100][000001AFFE02FA80 49] iPadMini4, [000001AF80727100][000001AFFE0321C0 49] iPadMini5, [000001AF806E1B00][000001AFFE042680 49] iPhone6, [000001AF806E1C00][000001AFFE0026C0 49] iPodTouch6, [000001AF806A2400][000001AFFE04EC00 49] iPhone7, [000001AF806A1B00][000001AFFE03EC40 49] iPodTouch7, [000001AF806E2500][000001AFFE046F00 49] iPhone5S, [000001AF806A1800][000001AFFE03B1C0 49] iPhone6Plus, [000001AF806E2A00][000001AFFE04B480 49] iPhone6S, [000001AF806A3C00][000001AFFE053740 49] iPhone6SPlus, [000001AF806E0600][000001AFFE057A00 49] iPhone7Plus, [000001AF806A3F00][000001AFFE05A140 49] iPhoneSE, [000001AF806E0700][000001AFFE05E400 49] iPhone8, [000001AF806A1C00][000001AFFE036680 49] iPhone8Plus, [000001AF806E0400][000001AFFE062900 49] iPhoneX, [000001AF806A3500][000001AFFE06ABC0 49] iPhoneXS, [000001AF806E0D00][000001AFFB712E80 49] iPhoneXSMax, [000001AF806A0F00][000001AFFB717140 49] iPhoneXR, [000001AF806E1700][000001AFFB71B400 49] iPhone11, [000001AF806A2800][000001AFFB71F6C0 49] iPhone11Pro, [000001AF806E3D00][000001AFFB723980 49] iPhone11ProMax, [000001AF806A0900][000001AFFB7260C0 49] iPhoneSE2, [000001AF806E1A00][000001AFFB72A380 49] iPhone12Mini, [000001AF806A2600][000001AFFB72E640 49] iPhone12, [000001AF806E3A00][000001AFFE0668C0 49] iPhone12Pro, [000001AF806A0600][000001AFFB732B40 49] iPhone12ProMax, [000001AF806E2300][000001AFFB73AE00 49] iPadPro105, [000001AF806A2000][000001AFFB73F0C0 49] iPadPro129, [000001AF806E3500][000001AFFB743380 49] iPadPro97, [000001AF806A1100][000001AFFB747640 49] iPadPro2_129, [000001AF806E0300][000001AFFB74B900 49] iPad5, [000001AF806A1400][000001AFFB74FBC0 49] iPad6, [000001AF806E2D00][000001AFFB752300 49] iPad7, [000001AF806F3F00][000001AFFB7565C0 49] iPad8, [000001AF80765800][000001AFFB75A880 49] iPadPro11, [000001AF806F1F00][000001AFFB736B00 49] iPadPro2_11, [000001AF80766400][000001AFFB75ED80 49] iPadPro3_129, [000001AF806F1D00][000001AFFB767040 49] iPadPro4_129, [000001AF80765900][000001AFFB76B300 49] AppleTV, [000001AF806F2000][000001AFFB76F5C0 49] AppleTV4K, [000001AF80764800][000001AFFB773880 49] TVOS, [000001AF806F0200][000001AFFB777B40 49] Mac, [000001AF80765600][000001AFFB77A280 49] MacClient, [000001AF806F3300][000001AFFB77E540 49] MacNoEditor, [000001AF806A1D00][000001AFFB782800 49] MacServer, [000001AF806E1400][000001AFFB786AC0 49] Linux, [000001AF806A2E00][000001AFFB762D40 49] LinuxAArch64, [000001AF806E1F00][000001AFFB78AFC0 49] LinuxNoEditor, [000001AF806A0A00][000001AFFB793280 49] LinuxAArch64NoEditor, [000001AF806E0100][000001AFFB797540 49] LinuxClient, [000001AF806A2500][000001AFFB79B800 49] LinuxAArch64Client, [000001AF806E3F00][000001AFFB79FAC0 49] LinuxServer, [000001AF806A0300][000001AFFB7A2200 49] LinuxAArch64Server, [000001AF806E1900][000001AFFB7A64C0 49] Android, [000001AF806A1F00][000001AFFB7AA780 49] Android_Low, [000001AF80766500][000001AFFB7AEA40 49] Android_Mid, [000001AF806A2100][000001AFFB7B2D00 49] Android_High, [000001AF80765200][000001AFFB78EF80 49] Android_Default, [000001AF806A0B00][000001AFFB7B7200 49] Android_Adreno4xx, [000001AF80766000][000001AFFB7BF4C0 49] Android_Adreno5xx_Low, [000001AF806A3400][000001AFFB7C3780 49] Android_Adreno5xx, [000001AF80764C00][000001AFFB7C7A40 49] Android_Adreno6xx, [000001AF806A3E00][000001AFFB7CA180 49] Android_Adreno6xx_Vulkan, [000001AF80766900][000001AFFB7CE440 49] Android_Mali_T6xx, [000001AF806A2F00][000001AFFB7D2700 49] Android_Mali_T7xx, [000001AF80765D00][000001AFFB7D69C0 49] Android_Mali_T8xx, [000001AF806A3700][000001AFFB7DAC80 49] Android_Mali_G71, [000001AF80764B00][000001AFFB7DEF40 49] Android_Mali_G72, [000001AF806A1A00][000001AFFB7BB1C0 49] Android_Mali_G72_Vulkan, [000001AF80764300][000001AFFB7E3440 49] Android_Mali_G76, [000001AF806A0C00][000001AFFB7EB700 49] Android_Mali_G76_Vulkan, [000001AF80765B00][000001AFFB7EF9C0 49] Android_Mali_G77, [000001AF806A0E00][000001AFFB7F2100 49] Android_Mali_G77_Vulkan, [000001AF80766800][000001AFFB7F63C0 49] Android_Mali_G78, [000001AF806A1700][000001AFFB7FA680 49] Android_Mali_G78_Vulkan, [000001AF80764900][000001AFFB7FE940 49] Android_Mali_G710, [000001AF806A0400][000001AFFB802C00 49] Android_Mali_G710_Vulkan, [000001AF806E1300][000001AFFB806EC0 49] Android_Vulkan_SM5, [000001AF806A3900][000001AFFB80B180 49] Android_PowerVR_G6xxx, [000001AF806E2700][000001AFFB7E7400 49] Android_PowerVR_GT7xxx, [000001AF806A3800][000001AFFB8136C0 49] Android_PowerVR_GE8xxx, [000001AF806E3700][000001AFFB817980 49] Android_PowerVR_GM9xxx, [000001AF806A3000][000001AFFB81A0C0 49] Android_PowerVR_GM9xxx_Vulkan, [000001AF806E1200][000001AFFB81E380 49] Android_TegraK1, [000001AF806F0500][000001AFFB822640 49] Android_Unknown_Vulkan, [000001AF806E0B00][000001AFFB826900 49] Lumin, [000001AF806F3C00][000001AFFB82ABC0 49] Lumin_Desktop, [000001AF806E2900][000001AFFB82EE80 49] HoloLens, 
[2022.08.03-16.58.29:688][  0]LogMeshReduction: Using QuadricMeshReduction for automatic static mesh reduction
[2022.08.03-16.58.29:688][  0]LogMeshReduction: Using SimplygonMeshReduction for automatic skeletal mesh reduction
[2022.08.03-16.58.29:688][  0]LogMeshReduction: Using ProxyLODMeshReduction for automatic mesh merging
[2022.08.03-16.58.29:689][  0]LogMeshReduction: No distributed automatic mesh merging module available
[2022.08.03-16.58.29:689][  0]LogMeshMerging: No distributed automatic mesh merging module available
[2022.08.03-16.58.29:699][  0]LogNetVersion: fpsgame 1.0.0, NetCL: 17155196, EngineNetVer: 17, GameNetVer: 0 (Checksum: 3215450660)
[2022.08.03-16.58.29:784][  0]LogTexture: Default maximum texture size for cubemaps generated from long-lat sources has been changed from 512 to unlimited. In order to preserve old behaiour for '/Engine/MapTemplates/Sky/DaylightAmbientCubemap.DaylightAmbientCubemap', its maximum texture size has been explicitly set to 512.
[2022.08.03-16.58.29:798][  0]LogHMD: PokeAHoleMaterial loaded successfully
[2022.08.03-16.58.29:853][  0]LogPython: Using Python 3.7.7
[2022.08.03-16.58.30:229][  0]LogNiagaraDebuggerClient: Niagara Debugger Client Initialized | Session: 49006D454D0C17DECAEC138B596FF7E2 | Instance: AD9161584BD06A19F35648A513838EC4 (DESKTOP-QG36584-11800).
[2022.08.03-16.58.30:243][  0]LogCollectionManager: Loaded 0 collections in 0.001752 seconds
[2022.08.03-16.58.30:245][  0]LogFileCache: Scanning file cache for directory 'C:/Users/danie/Documents/Gamedev VR/game/UE4 game/fpsgame/Saved/Collections/' took 0.00s
[2022.08.03-16.58.30:245][  0]LogFileCache: Scanning file cache for directory 'C:/Users/danie/Documents/Gamedev VR/game/UE4 game/fpsgame/Content/Developers/danie/Collections/' took 0.00s
[2022.08.03-16.58.30:245][  0]LogFileCache: Scanning file cache for directory 'C:/Users/danie/Documents/Gamedev VR/game/UE4 game/fpsgame/Content/Collections/' took 0.00s
[2022.08.03-16.58.30:246][  0]LogCollectionManager: Fixed up redirectors for 0 collections in 0.000001 seconds (updated 0 objects)
[2022.08.03-16.58.30:307][  0]LogTcpMessaging: Initializing TcpMessaging bridge
[2022.08.03-16.58.30:309][  0]LogUdpMessaging: Initializing bridge on interface 0.0.0.0:0 to multicast group 230.0.0.1:6666.
[2022.08.03-16.58.30:365][  0]SourceControl: Source control is disabled
[2022.08.03-16.58.30:366][  0]SourceControl: Source control is disabled
[2022.08.03-16.58.30:367][  0]SourceControl: Source control is disabled
[2022.08.03-16.58.30:369][  0]LogUProjectInfo: Found projects:
[2022.08.03-16.58.30:405][  0]LogOpenImageDenoise: OIDN starting up
[2022.08.03-16.58.30:422][  0]LogAndroidPermission: UAndroidPermissionCallbackProxy::GetInstance
[2022.08.03-16.58.30:430][  0]LogAudioCaptureCore: Display: No Audio Capture implementations found. Audio input will be silent.
[2022.08.03-16.58.30:430][  0]LogAudioCaptureCore: Display: No Audio Capture implementations found. Audio input will be silent.
[2022.08.03-16.58.30:470][  0]LogOcInput: OculusInput pre-init called
[2022.08.03-16.58.30:478][  0]LogUObjectArray: 22257 objects as part of root set at end of initial load.
[2022.08.03-16.58.30:478][  0]LogUObjectAllocator: 6034096 out of 0 bytes used by permanent object pool.
[2022.08.03-16.58.30:479][  0]LogUObjectArray: CloseDisregardForGC: 0/0 objects in disregard for GC pool
[2022.08.03-16.58.30:509][  0]LogClass: Display: StructProperty FRewindDataStruct::SnapshotPosition is not initialized properly. Module:fpsgame File:RewindComponent.h
[2022.08.03-16.58.30:509][  0]LogClass: Display: StructProperty FRewindDataStruct::SnapshotRotation is not initialized properly. Module:fpsgame File:RewindComponent.h
[2022.08.03-16.58.30:510][  0]LogClass: Display: StructProperty FRewindDataStruct::SnapshotScale is not initialized properly. Module:fpsgame File:RewindComponent.h
[2022.08.03-16.58.30:511][  0]LogClass: Display: FloatProperty FWeaponDataStruct::MaxRange is not initialized properly. Module:fpsgame File:WeaponActor.h
[2022.08.03-16.58.30:511][  0]LogClass: Display: FloatProperty FWeaponDataStruct::FireRate is not initialized properly. Module:fpsgame File:WeaponActor.h
[2022.08.03-16.58.30:511][  0]LogClass: Display: IntProperty FWeaponDataStruct::CartridgeBullets is not initialized properly. Module:fpsgame File:WeaponActor.h
[2022.08.03-16.58.30:511][  0]LogClass: Display: IntProperty FWeaponDataStruct::BurstNumber is not initialized properly. Module:fpsgame File:WeaponActor.h
[2022.08.03-16.58.30:512][  0]LogClass: Display: IntProperty FWeaponDataStruct::MaxMagSize is not initialized properly. Module:fpsgame File:WeaponActor.h
[2022.08.03-16.58.30:512][  0]LogClass: Display: IntProperty FWeaponDataStruct::MagAmmo is not initialized properly. Module:fpsgame File:WeaponActor.h
[2022.08.03-16.58.30:512][  0]LogClass: Display: FloatProperty FWeaponDataStruct::ProjectileSpeed is not initialized properly. Module:fpsgame File:WeaponActor.h
[2022.08.03-16.58.30:513][  0]LogClass: Display: EnumProperty FWeaponDataStruct::WAWeaponType is not initialized properly. Module:fpsgame File:WeaponActor.h
[2022.08.03-16.58.30:513][  0]LogClass: Display: EnumProperty FWeaponDataStruct::WAWeaponFireType is not initialized properly. Module:fpsgame File:WeaponActor.h
[2022.08.03-16.58.30:513][  0]LogClass: Display: EnumProperty FWeaponDataStruct::WAWeaponHitDetectionType is not initialized properly. Module:fpsgame File:WeaponActor.h
[2022.08.03-16.58.30:513][  0]LogClass: Warning: ObjectProperty FWeaponDataStruct::GunMesh is not initialized properly. Module:fpsgame File:WeaponActor.h
[2022.08.03-16.58.30:514][  0]LogClass: Display: EnumProperty FWeaponDataStruct::TypeOfEquip is not initialized properly. Module:fpsgame File:WeaponActor.h
[2022.08.03-16.58.30:514][  0]LogClass: Display: EnumProperty FWeaponDataStruct::GunModel is not initialized properly. Module:fpsgame File:WeaponActor.h
[2022.08.03-16.58.30:514][  0]LogClass: Display: StructProperty FWeaponDataStruct::BasePosition is not initialized properly. Module:fpsgame File:WeaponActor.h
[2022.08.03-16.58.30:515][  0]LogClass: Display: StructProperty FWeaponDataStruct::BaseRotation is not initialized properly. Module:fpsgame File:WeaponActor.h
[2022.08.03-16.58.30:515][  0]LogClass: Display: StructProperty FWeaponDataStruct::BaseScale is not initialized properly. Module:fpsgame File:WeaponActor.h
[2022.08.03-16.58.30:515][  0]LogClass: Display: StructProperty FWeaponDataStruct::TPBaseScale is not initialized properly. Module:fpsgame File:WeaponActor.h
[2022.08.03-16.58.30:516][  0]LogClass: Display: StructProperty FWeaponDataStruct::TPBaseRotation is not initialized properly. Module:fpsgame File:WeaponActor.h
[2022.08.03-16.58.30:516][  0]LogClass: Display: StructProperty FWeaponDataStruct::TPBasePosition is not initialized properly. Module:fpsgame File:WeaponActor.h
[2022.08.03-16.58.30:516][  0]LogClass: Display: 22 Uninitialized script struct members found including 1 object properties
[2022.08.03-16.58.30:517][  0]LogAutomationTest: Warning: ObjectProperty FWeaponDataStruct::GunMesh is not initialized properly. Module:fpsgame File:WeaponActor.h
[2022.08.03-16.58.30:517][  0]LogEngine: Initializing Engine...
[2022.08.03-16.58.30:519][  0]LogStats: UGameplayTagsManager::InitializeManager -  0.000 s
[2022.08.03-16.58.30:530][  0]LogInit: Initializing FReadOnlyCVARCache
[2022.08.03-16.58.30:530][  0]LogNetVersion: Set ProjectVersion to 1.0.0.0. Version Checksum will be recalculated on next use.
[2022.08.03-16.58.30:532][  0]LogInit: Texture streaming: Disabled
[2022.08.03-16.58.30:555][  0]LogInit: Display: Game Engine Initialized.
[2022.08.03-16.58.30:555][  0]LogNiagaraEditor: GEditor isn't valid! Particle reset commands will not work for Niagara components!
[2022.08.03-16.58.30:582][  0]LogInit: Display: Starting Game.
[2022.08.03-16.58.30:583][  0]LogNet: Browse: /Game/Maps/TestMap?Name=Player
[2022.08.03-16.58.30:583][  0]LogLoad: LoadMap: /Game/Maps/TestMap?Name=Player
[2022.08.03-16.58.30:584][  0]LogWorld: BeginTearingDown for /Temp/Untitled_0
[2022.08.03-16.58.30:586][  0]LogWorld: UWorld::CleanupWorld for Untitled, bSessionEnded=true, bCleanupResources=true
[2022.08.03-16.58.30:594][  0]LogUObjectHash: Compacting FUObjectHashTables data took   0.81ms
[2022.08.03-16.58.30:608][  0]LogClass: Warning: Property TPBaseRotation of TPBaseRotation has a struct type mismatch (tag Vector != prop Rotator) in package:  ../../../../../../Users/danie/Documents/Gamedev VR/game/UE4 game/fpsgame/Content/Blueprints/Weapons/Guns/Prototypes/BP_PrototypePistol.uasset. If that struct got renamed, add an entry to ActiveStructRedirects.
[2022.08.03-16.58.30:673][  0]LogAIModule: Creating AISystem for world TestMap
[2022.08.03-16.58.30:857][  0]LogLoad: Game class is 'BP_FPSGameModeDefault_C'
[2022.08.03-16.58.30:858][  0]LogNet: ReplicationDriverClass is null! Not using ReplicationDriver.
[2022.08.03-16.58.30:858][  0]LogNetCore: DDoS detection status: detection enabled: 0 analytics enabled: 0
[2022.08.03-16.58.30:859][  0]LogInit: WinSock: Socket queue. Rx: 131072 (config 131072) Tx: 131072 (config 131072)
[2022.08.03-16.58.30:859][  0]LogNet: Created socket for bind address: 0.0.0.0 on port 17777
[2022.08.03-16.58.30:859][  0]PacketHandlerLog: Loaded PacketHandler component: Engine.EngineHandlerComponentFactory (StatelessConnectHandlerComponent)
[2022.08.03-16.58.30:860][  0]LogNet: GameNetDriver IpNetDriver_0 IpNetDriver listening on port 17777
[2022.08.03-16.58.30:861][  0]LogWorld: Bringing World /Game/Maps/TestMap.TestMap up for play (max tick rate 30) at 2022.08.03-17.58.30
[2022.08.03-16.58.30:862][  0]LogWorld: Bringing up level for play took: 0.001231
[2022.08.03-16.58.30:862][  0]LogGameMode: Display: Match State Changed from EnteringMap to WaitingToStart
[2022.08.03-16.58.30:863][  0]LogGameState: Match State Changed from EnteringMap to WaitingToStart
[2022.08.03-16.58.30:863][  0]LogLoad: Took 0.280172 seconds to LoadMap(/Game/Maps/TestMap)
[2022.08.03-16.58.30:868][  0]LogInit: Display: Engine is initialized. Leaving FEngineLoop::Init()
[2022.08.03-16.58.30:868][  0]LogLoad: (Engine Initialization) Total time: 4.60 seconds
[2022.08.03-16.58.30:868][  0]LogLoad: (Engine Initialization) Total Blueprint compile time: 0.00 seconds
[2022.08.03-16.58.31:235][ 10]LogNet: NotifyAcceptingConnection accepted from: 127.0.0.1:52497
[2022.08.03-16.58.31:235][ 10]LogHandshake: SendConnectChallenge. Timestamp: 0.364555, Cookie: 196020161020182187248143080063133007168066090172123066214020
[2022.08.03-16.58.31:268][ 11]LogNet: NotifyAcceptingConnection accepted from: 127.0.0.1:52497
[2022.08.03-16.58.31:268][ 11]LogHandshake: SendChallengeAck. InCookie: 196020161020182187248143080063133007168066090172123066214020
[2022.08.03-16.58.31:268][ 11]LogNet: Server accepting post-challenge connection from: 127.0.0.1:52497
[2022.08.03-16.58.31:269][ 11]PacketHandlerLog: Loaded PacketHandler component: Engine.EngineHandlerComponentFactory (StatelessConnectHandlerComponent)
[2022.08.03-16.58.31:269][ 11]LogNet: NotifyAcceptedConnection: Name: TestMap, TimeStamp: 08/03/22 17:58:31, [UNetConnection] RemoteAddr: 127.0.0.1:52497, Name: IpConnection_0, Driver: GameNetDriver IpNetDriver_0, IsServer: YES, PC: NULL, Owner: NULL, UniqueId: INVALID
[2022.08.03-16.58.31:269][ 11]LogNet: AddClientConnection: Added client connection: [UNetConnection] RemoteAddr: 127.0.0.1:52497, Name: IpConnection_0, Driver: GameNetDriver IpNetDriver_0, IsServer: YES, PC: NULL, Owner: NULL, UniqueId: INVALID
[2022.08.03-16.58.31:301][ 12]LogNet: NotifyAcceptingChannel Control 0 server World /Game/Maps/TestMap.TestMap: Accepted
[2022.08.03-16.58.31:301][ 12]LogNet: Remote platform little endian=1
[2022.08.03-16.58.31:302][ 12]LogNet: This platform little endian=1
[2022.08.03-16.58.31:302][ 12]LogNetVersion: fpsgame 1.0.0.0, NetCL: 17155196, EngineNetVer: 17, GameNetVer: 0 (Checksum: 1484303137)
[2022.08.03-16.58.31:335][ 13]LogNet: Login request: ?Name=DESKTOP-QG36584-2D29C68A4086B004E76733A4CF3DE01C userId: NULL:DESKTOP-QG36584-2D29C68A4086B004E76733A4CF3DE01C platform: NULL
[2022.08.03-16.58.31:368][ 14]LogNet: Client netspeed is 100000
[2022.08.03-16.58.31:368][ 14]LogNet: Join request: /Engine/Maps/Entry?Name=DESKTOP-QG36584-2D29C68A4086B004E76733A4CF3DE01C?SplitscreenCount=1
[2022.08.03-16.58.31:369][ 14]LogOnlineSession: Warning: OSS: No game present to join for session (GameSession)
[2022.08.03-16.58.31:370][ 14]LogGameMode: Display: Match State Changed from WaitingToStart to InProgress
[2022.08.03-16.58.31:371][ 14]LogTemp: Warning: Numebr of rewind components = 1
[2022.08.03-16.58.31:372][ 14]LogGameState: Match State Changed from WaitingToStart to InProgress
[2022.08.03-16.58.31:372][ 14]LogNet: Join succeeded: DESKTOP-QG36584-2D29
[2022.08.03-16.58.31:602][ 21]LogNet: NotifyAcceptingConnection accepted from: 127.0.0.1:59415
[2022.08.03-16.58.31:602][ 21]LogHandshake: SendConnectChallenge. Timestamp: 0.731886, Cookie: 007250186085199094111253025181148009179115177221061020120169
[2022.08.03-16.58.31:636][ 22]LogNet: NotifyAcceptingConnection accepted from: 127.0.0.1:59415
[2022.08.03-16.58.31:636][ 22]LogHandshake: SendChallengeAck. InCookie: 007250186085199094111253025181148009179115177221061020120169
[2022.08.03-16.58.31:636][ 22]LogNet: Server accepting post-challenge connection from: 127.0.0.1:59415
[2022.08.03-16.58.31:637][ 22]PacketHandlerLog: Loaded PacketHandler component: Engine.EngineHandlerComponentFactory (StatelessConnectHandlerComponent)
[2022.08.03-16.58.31:638][ 22]LogNet: NotifyAcceptedConnection: Name: TestMap, TimeStamp: 08/03/22 17:58:31, [UNetConnection] RemoteAddr: 127.0.0.1:59415, Name: IpConnection_1, Driver: GameNetDriver IpNetDriver_0, IsServer: YES, PC: NULL, Owner: NULL, UniqueId: INVALID
[2022.08.03-16.58.31:638][ 22]LogNet: AddClientConnection: Added client connection: [UNetConnection] RemoteAddr: 127.0.0.1:59415, Name: IpConnection_1, Driver: GameNetDriver IpNetDriver_0, IsServer: YES, PC: NULL, Owner: NULL, UniqueId: INVALID
[2022.08.03-16.58.31:639][ 22]LogNet: NotifyAcceptingChannel Control 0 server World /Game/Maps/TestMap.TestMap: Accepted
[2022.08.03-16.58.31:639][ 22]LogNet: Remote platform little endian=1
[2022.08.03-16.58.31:639][ 22]LogNet: This platform little endian=1
[2022.08.03-16.58.31:669][ 23]LogNet: Login request: ?Name=DESKTOP-QG36584-7FFE9F32417B5B77A20077B3463B5AA5 userId: NULL:DESKTOP-QG36584-7FFE9F32417B5B77A20077B3463B5AA5 platform: NULL
[2022.08.03-16.58.31:802][ 27]LogNet: Client netspeed is 100000
[2022.08.03-16.58.31:802][ 27]LogNet: Join request: /Engine/Maps/Entry?Name=DESKTOP-QG36584-7FFE9F32417B5B77A20077B3463B5AA5?SplitscreenCount=1
[2022.08.03-16.58.31:803][ 27]LogOnlineSession: Warning: OSS: No game present to join for session (GameSession)
[2022.08.03-16.58.31:804][ 27]LogTemp: Warning: Numebr of rewind components = 2
[2022.08.03-16.58.31:805][ 27]LogNet: Join succeeded: DESKTOP-QG36584-7FFE
[2022.08.03-16.58.41:108][307]LogTemp: Warning: Interacting
[2022.08.03-16.58.41:109][307]LogTemp: Warning: SERVER: Log no. 0
[2022.08.03-16.58.41:109][307]LogTemp: Warning: IsHit =  TRUE
[2022.08.03-16.58.41:110][307]LogTemp: Warning: We got a hit bois
[2022.08.03-16.58.41:110][307]LogTemp: Warning: We got a pickup bois
[2022.08.03-16.58.41:110][307]LogTemp: Warning: Servertime
