Log file open, 10/25/22 16:27:28
LogWindows: Failed to load 'aqProf.dll' (GetLastError=126)
LogWindows: File 'aqProf.dll' does not exist
LogWindows: Failed to load 'VtuneApi.dll' (GetLastError=126)
LogWindows: File 'VtuneApi.dll' does not exist
LogWindows: Failed to load 'VtuneApi32e.dll' (GetLastError=126)
LogWindows: File 'VtuneApi32e.dll' does not exist
LogConsoleResponse: Display: Failed to find resolution value strings in scalability ini. Falling back to default.
LogConsoleResponse: Display: Failed to find resolution value strings in scalability ini. Falling back to default.
LogInit: Display: Running engine for game: fpsgame
LogPlatformFile: Not using cached read wrapper
LogTaskGraph: Started task graph with 5 named threads and 17 total threads with 3 sets of task threads.
LogStats: Stats thread started at 0.225955
LogICUInternationalization: ICU TimeZone Detection - Raw Offset: +0:00, Platform Override: ''
LogInit: Display: Loading text-based GConfig....
LogPluginManager: Mounting plugin MeshPainting
LogPluginManager: Mounting plugin XGEController
LogPluginManager: Mounting plugin Paper2D
LogPluginManager: Mounting plugin AISupport
LogPluginManager: Mounting plugin EnvironmentQueryEditor
LogPluginManager: Mounting plugin LiveLink
LogPluginManager: Mounting plugin LightPropagationVolume
LogPluginManager: Mounting plugin CameraShakePreviewer
LogPluginManager: Mounting plugin GameplayCameras
LogPluginManager: Mounting plugin OodleData
LogPluginManager: Mounting plugin OodleNetwork
LogPluginManager: Mounting plugin AnimationSharing
LogPluginManager: Mounting plugin CLionSourceCodeAccess
LogPluginManager: Mounting plugin CodeLiteSourceCodeAccess
LogPluginManager: Mounting plugin GitSourceControl
LogPluginManager: Mounting plugin KDevelopSourceCodeAccess
LogPluginManager: Mounting plugin NullSourceCodeAccess
LogPluginManager: Mounting plugin PerforceSourceControl
LogPluginManager: Mounting plugin PixWinPlugin
LogPluginManager: Mounting plugin PlasticSourceControl
LogPluginManager: Mounting plugin PluginUtils
LogPluginManager: Mounting plugin PropertyAccessNode
LogPluginManager: Mounting plugin RiderSourceCodeAccess
LogPluginManager: Mounting plugin SubversionSourceControl
LogPluginManager: Mounting plugin TextureFormatOodle
LogPluginManager: Mounting plugin UObjectPlugin
LogPluginManager: Mounting plugin VisualStudioCodeSourceCodeAccess
LogPluginManager: Mounting plugin VisualStudioSourceCodeAccess
LogPluginManager: Mounting plugin XCodeSourceCodeAccess
LogPluginManager: Mounting plugin AssetManagerEditor
LogPluginManager: Mounting plugin CryptoKeys
LogPluginManager: Mounting plugin CurveEditorTools
LogPluginManager: Mounting plugin DataValidation
LogPluginManager: Mounting plugin FacialAnimation
LogPluginManager: Mounting plugin GameplayTagsEditor
LogPluginManager: Mounting plugin GeometryMode
LogPluginManager: Mounting plugin MacGraphicsSwitching
LogPluginManager: Mounting plugin MaterialAnalyzer
LogPluginManager: Mounting plugin MobileLauncherProfileWizard
LogPluginManager: Mounting plugin PluginBrowser
LogPluginManager: Mounting plugin SpeedTreeImporter
LogPluginManager: Mounting plugin DatasmithContent
LogPluginManager: Mounting plugin VariantManagerContent
LogPluginManager: Mounting plugin AlembicImporter
LogPluginManager: Mounting plugin AutomationUtils
LogPluginManager: Mounting plugin BackChannel
LogPluginManager: Mounting plugin ChaosCloth
LogPluginManager: Mounting plugin ChaosClothEditor
LogPluginManager: Mounting plugin ChaosEditor
LogPluginManager: Mounting plugin ChaosNiagara
LogPluginManager: Mounting plugin ChaosSolverPlugin
LogPluginManager: Mounting plugin CharacterAI
LogPluginManager: Mounting plugin GeometryCache
LogPluginManager: Mounting plugin GeometryCollectionPlugin
LogPluginManager: Mounting plugin GeometryProcessing
LogPluginManager: Mounting plugin MotoSynth
LogPluginManager: Mounting plugin OpenImageDenoise
LogPluginManager: Mounting plugin PlanarCut
LogPluginManager: Mounting plugin PlatformCrypto
LogPluginManager: Mounting plugin ProxyLODPlugin
LogPluginManager: Mounting plugin PythonScriptPlugin
LogPluginManager: Mounting plugin SkeletalReduction
LogPluginManager: Mounting plugin Niagara
LogPluginManager: Mounting plugin LuminPlatformFeatures
LogPluginManager: Mounting plugin MagicLeap
LogPluginManager: Mounting plugin MagicLeapLightEstimation
LogPluginManager: Mounting plugin MagicLeapMedia
LogPluginManager: Mounting plugin MagicLeapPassableWorld
LogPluginManager: Mounting plugin MLSDK
LogPluginManager: Mounting plugin AndroidMedia
LogPluginManager: Mounting plugin AvfMedia
LogPluginManager: Mounting plugin ImgMedia
LogPluginManager: Mounting plugin MediaCompositing
LogPluginManager: Mounting plugin MediaPlayerEditor
LogPluginManager: Mounting plugin WebMMedia
LogPluginManager: Mounting plugin WmfMedia
LogPluginManager: Mounting plugin TcpMessaging
LogPluginManager: Mounting plugin UdpMessaging
LogPluginManager: Mounting plugin ActorSequence
LogPluginManager: Mounting plugin LevelSequenceEditor
LogPluginManager: Mounting plugin MatineeToLevelSequence
LogPluginManager: Mounting plugin TemplateSequence
LogPluginManager: Mounting plugin OnlineSubsystem
LogPluginManager: Mounting plugin OnlineSubsystemNull
LogPluginManager: Mounting plugin OnlineSubsystemUtils
LogPluginManager: Mounting plugin LauncherChunkInstaller
LogPluginManager: Mounting plugin ActorLayerUtilities
LogPluginManager: Mounting plugin AndroidDeviceProfileSelector
LogPluginManager: Mounting plugin AndroidMoviePlayer
LogPluginManager: Mounting plugin AndroidPermission
LogPluginManager: Mounting plugin AppleImageUtils
LogPluginManager: Mounting plugin AppleMoviePlayer
LogPluginManager: Mounting plugin ArchVisCharacter
LogPluginManager: Mounting plugin AssetTags
LogPluginManager: Mounting plugin AudioCapture
LogPluginManager: Mounting plugin AudioSynesthesia
LogPluginManager: Mounting plugin CableComponent
LogPluginManager: Mounting plugin ChunkDownloader
LogPluginManager: Mounting plugin CustomMeshComponent
LogPluginManager: Mounting plugin EditableMesh
LogPluginManager: Mounting plugin ExampleDeviceProfileSelector
LogPluginManager: Mounting plugin GoogleCloudMessaging
LogPluginManager: Mounting plugin GooglePAD
LogPluginManager: Mounting plugin IOSDeviceProfileSelector
LogPluginManager: Mounting plugin LinuxDeviceProfileSelector
LogPluginManager: Mounting plugin LocationServicesBPLibrary
LogPluginManager: Mounting plugin MobilePatchingUtils
LogPluginManager: Mounting plugin OpenXR
LogPluginManager: Mounting plugin OpenXREyeTracker
LogPluginManager: Mounting plugin OpenXRHandTracking
LogPluginManager: Mounting plugin PhysXVehicles
LogPluginManager: Mounting plugin PostSplashScreen
LogPluginManager: Mounting plugin ProceduralMeshComponent
LogPluginManager: Mounting plugin PropertyAccessEditor
LogPluginManager: Mounting plugin RuntimePhysXCooking
LogPluginManager: Mounting plugin SignificanceManager
LogPluginManager: Mounting plugin SoundFields
LogPluginManager: Mounting plugin Synthesis
LogPluginManager: Mounting plugin WebMMoviePlayer
LogPluginManager: Mounting plugin WindowsMoviePlayer
LogPluginManager: Mounting plugin ScreenshotTools
LogPluginManager: Mounting plugin Takes
LogPluginManager: Mounting plugin ContentBrowserAssetDataSource
LogPluginManager: Mounting plugin ContentBrowserClassDataSource
LogPluginManager: Mounting plugin ContentBrowserFileDataSource
LogPluginManager: Mounting plugin OnlineSubsystemGooglePlay
LogPluginManager: Mounting plugin OnlineSubsystemIOS
LogPluginManager: Mounting plugin OculusVR
LogPluginManager: Mounting plugin SteamVR
PixWinPlugin: PIX capture plugin failed to initialize! Check that the process is launched from PIX.
LogInit: Using libcurl 7.55.1-DEV
LogInit:  - built for x86_64-pc-win32
LogInit:  - supports SSL with OpenSSL/1.1.1
LogInit:  - supports HTTP deflate (compression) using libz 1.2.8
LogInit:  - other features:
LogInit:      CURL_VERSION_SSL
LogInit:      CURL_VERSION_LIBZ
LogInit:      CURL_VERSION_IPV6
LogInit:      CURL_VERSION_ASYNCHDNS
LogInit:      CURL_VERSION_LARGEFILE
LogInit:      CURL_VERSION_IDN
LogInit:  CurlRequestOptions (configurable via config and command line):
LogInit:  - bVerifyPeer = true  - Libcurl will verify peer certificate
LogInit:  - bUseHttpProxy = false  - Libcurl will NOT use HTTP proxy
LogInit:  - bDontReuseConnections = false  - Libcurl will reuse connections
LogInit:  - MaxHostConnections = 16  - Libcurl will limit the number of connections to a host
LogInit:  - LocalHostAddr = Default
LogInit:  - BufferSize = 65536
LogOnline: OSS: Creating online subsystem instance for: NULL
LogInit: WinSock: version 1.1 (2.2), MaxSocks=32767, MaxUdp=65467
LogOnline: OSS: TryLoadSubsystemAndSetDefault: Loaded subsystem for module [NULL]
LogInit: Build: ++UE4+Release-4.27-CL-18319896
LogInit: Engine Version: 4.27.2-18319896+++UE4+Release-4.27
LogInit: Compatible Engine Version: 4.27.0-17155196+++UE4+Release-4.27
LogInit: Net CL: 17155196
LogInit: OS: Windows 10 (Release 2009) (), CPU: AMD Ryzen 5 3600X 6-Core Processor             , GPU: AMD Radeon RX 5700 XT
LogInit: Compiled (64-bit): Nov 30 2021 07:12:08
LogInit: Compiled with Visual C++: 19.24.28315.00
LogInit: Build Configuration: Development
LogInit: Branch Name: ++UE4+Release-4.27
LogInit: Command Line:  /Game/Maps/TestMap -game -PIEVIACONSOLE -Multiprocess -server -log "GameUserSettingsINI=C:/Users/danie/Documents/Gamedev VR/game/UE4 game/fpsgame/Saved/Config/Windows/PIEGameUserSettings0.ini" -MultiprocessSaveConfig -forcepassthrough -messaging -SessionName="Play in Standalone Game" -port=17777 -PktLagMin=0 -PktLagMax=0 -PktLoss=0 -PktIncomingLagMin=0 -PktIncomingLagMax=0 -PktIncomingLoss=0 -windowed
LogInit: Base Directory: C:/Program Files/Epic Games/UE_4.27/Engine/Binaries/Win64/
LogInit: Allocator: TBB
LogInit: Installed Engine Build: 1
LogDevObjectVersion: Number of dev versions registered: 29
LogDevObjectVersion:   Dev-Blueprints (B0D832E4-1F89-4F0D-ACCF-7EB736FD4AA2): 10
LogDevObjectVersion:   Dev-Build (E1C64328-A22C-4D53-A36C-8E866417BD8C): 0
LogDevObjectVersion:   Dev-Core (375EC13C-06E4-48FB-B500-84F0262A717E): 4
LogDevObjectVersion:   Dev-Editor (E4B068ED-F494-42E9-A231-DA0B2E46BB41): 40
LogDevObjectVersion:   Dev-Framework (CFFC743F-43B0-4480-9391-14DF171D2073): 37
LogDevObjectVersion:   Dev-Mobile (B02B49B5-BB20-44E9-A304-32B752E40360): 3
LogDevObjectVersion:   Dev-Networking (A4E4105C-59A1-49B5-A7C5-40C4547EDFEE): 0
LogDevObjectVersion:   Dev-Online (39C831C9-5AE6-47DC-9A44-9C173E1C8E7C): 0
LogDevObjectVersion:   Dev-Physics (78F01B33-EBEA-4F98-B9B4-84EACCB95AA2): 14
LogDevObjectVersion:   Dev-Platform (6631380F-2D4D-43E0-8009-CF276956A95A): 0
LogDevObjectVersion:   Dev-Rendering (12F88B9F-8875-4AFC-A67C-D90C383ABD29): 45
LogDevObjectVersion:   Dev-Sequencer (7B5AE74C-D270-4C10-A958-57980B212A5A): 13
LogDevObjectVersion:   Dev-VR (D7296918-1DD6-4BDD-9DE2-64A83CC13884): 3
LogDevObjectVersion:   Dev-LoadTimes (C2A15278-BFE7-4AFE-6C17-90FF531DF755): 1
LogDevObjectVersion:   Private-Geometry (6EACA3D4-40EC-4CC1-B786-8BED09428FC5): 3
LogDevObjectVersion:   Dev-AnimPhys (29E575DD-E0A3-4627-9D10-D276232CDCEA): 17
LogDevObjectVersion:   Dev-Anim (AF43A65D-7FD3-4947-9873-3E8ED9C1BB05): 15
LogDevObjectVersion:   Dev-ReflectionCapture (6B266CEC-1EC7-4B8F-A30B-E4D90942FC07): 1
LogDevObjectVersion:   Dev-Automation (0DF73D61-A23F-47EA-B727-89E90C41499A): 1
LogDevObjectVersion:   FortniteMain (601D1886-AC64-4F84-AA16-D3DE0DEAC7D6): 47
LogDevObjectVersion:   FortniteRelease (E7086368-6B23-4C58-8439-1B7016265E91): 1
LogDevObjectVersion:   Dev-Enterprise (9DFFBCD6-494F-0158-E221-12823C92A888): 10
LogDevObjectVersion:   Dev-Niagara (F2AED0AC-9AFE-416F-8664-AA7FFA26D6FC): 1
LogDevObjectVersion:   Dev-Destruction (174F1F0B-B4C6-45A5-B13F-2EE8D0FB917D): 10
LogDevObjectVersion:   Dev-Physics-Ext (35F94A83-E258-406C-A318-09F59610247C): 41
LogDevObjectVersion:   Dev-PhysicsMaterial-Chaos (B68FC16E-8B1B-42E2-B453-215C058844FE): 1
LogDevObjectVersion:   Dev-CineCamera (B2E18506-4273-CFC2-A54E-F4BB758BBA07): 1
LogDevObjectVersion:   Dev-VirtualProduction (64F58936-FD1B-42BA-BA96-7289D5D0FA4E): 1
LogDevObjectVersion:   Dev-MediaFramework (6F0ED827-A609-4895-9C91-998D90180EA4): 2
LogInit: Presizing for max 25165824 objects, including 0 objects not considered by GC, pre-allocating 0 bytes for permanent pool.
LogConfig: Applying CVar settings from Section [/Script/Engine.StreamingSettings] File [C:/Users/danie/Documents/Gamedev VR/game/UE4 game/fpsgame/Saved/Config/Windows/Engine.ini]
LogConfig: Setting CVar [[s.MinBulkDataSizeForAsyncLoading:131072]]
LogConfig: Setting CVar [[s.AsyncLoadingThreadEnabled:0]]
LogConfig: Setting CVar [[s.EventDrivenLoaderEnabled:1]]
LogConfig: Setting CVar [[s.WarnIfTimeLimitExceeded:0]]
LogConfig: Setting CVar [[s.TimeLimitExceededMultiplier:1.5]]
LogConfig: Setting CVar [[s.TimeLimitExceededMinTime:0.005]]
LogConfig: Setting CVar [[s.UseBackgroundLevelStreaming:1]]
LogConfig: Setting CVar [[s.PriorityAsyncLoadingExtraTime:15.0]]
LogConfig: Setting CVar [[s.LevelStreamingActorsUpdateTimeLimit:5.0]]
LogConfig: Setting CVar [[s.PriorityLevelStreamingActorsUpdateExtraTime:5.0]]
LogConfig: Setting CVar [[s.LevelStreamingComponentsRegistrationGranularity:10]]
LogConfig: Setting CVar [[s.UnregisterComponentsTimeLimit:1.0]]
LogConfig: Setting CVar [[s.LevelStreamingComponentsUnregistrationGranularity:5]]
LogConfig: Setting CVar [[s.FlushStreamingOnExit:1]]
LogInit: Object subsystem initialized
LogConfig: Setting CVar [[con.DebugEarlyDefault:1]]
LogConfig: Setting CVar [[r.setres:1280x720]]
[2022.10.25-15.27.29:475][  0]LogConfig: Setting CVar [[con.DebugEarlyDefault:1]]
[2022.10.25-15.27.29:475][  0]LogConfig: Setting CVar [[r.setres:1280x720]]
[2022.10.25-15.27.29:475][  0]LogConfig: Applying CVar settings from Section [/Script/Engine.RendererSettings] File [C:/Users/danie/Documents/Gamedev VR/game/UE4 game/fpsgame/Saved/Config/Windows/Engine.ini]
[2022.10.25-15.27.29:475][  0]LogConfig: Setting CVar [[r.GPUCrashDebugging:0]]
[2022.10.25-15.27.29:476][  0]LogConfig: Setting CVar [[r.Mobile.DisableVertexFog:1]]
[2022.10.25-15.27.29:476][  0]LogConfig: Setting CVar [[r.Shadow.CSM.MaxMobileCascades:2]]
[2022.10.25-15.27.29:476][  0]LogConfig: Setting CVar [[r.MobileMSAA:1]]
[2022.10.25-15.27.29:476][  0]LogConfig: Setting CVar [[r.Mobile.AllowDitheredLODTransition:0]]
[2022.10.25-15.27.29:477][  0]LogConfig: Setting CVar [[r.Mobile.AllowSoftwareOcclusion:0]]
[2022.10.25-15.27.29:477][  0]LogConfig: Setting CVar [[r.Mobile.VirtualTextures:0]]
[2022.10.25-15.27.29:477][  0]LogConfig: Setting CVar [[r.DiscardUnusedQuality:0]]
[2022.10.25-15.27.29:477][  0]LogConfig: Setting CVar [[r.AllowOcclusionQueries:1]]
[2022.10.25-15.27.29:478][  0]LogConfig: Setting CVar [[r.MinScreenRadiusForLights:0.030000]]
[2022.10.25-15.27.29:478][  0]LogConfig: Setting CVar [[r.MinScreenRadiusForDepthPrepass:0.030000]]
[2022.10.25-15.27.29:478][  0]LogConfig: Setting CVar [[r.MinScreenRadiusForCSMDepth:0.010000]]
[2022.10.25-15.27.29:478][  0]LogConfig: Setting CVar [[r.PrecomputedVisibilityWarning:0]]
[2022.10.25-15.27.29:479][  0]LogConfig: Setting CVar [[r.TextureStreaming:1]]
[2022.10.25-15.27.29:479][  0]LogConfig: Setting CVar [[Compat.UseDXT5NormalMaps:0]]
[2022.10.25-15.27.29:479][  0]LogConfig: Setting CVar [[r.VirtualTextures:0]]
[2022.10.25-15.27.29:479][  0]LogConfig: Setting CVar [[r.VT.EnableAutoImport:1]]
[2022.10.25-15.27.29:480][  0]LogConfig: Setting CVar [[r.VirtualTexturedLightmaps:0]]
[2022.10.25-15.27.29:481][  0]LogConfig: Setting CVar [[r.VT.TileSize:128]]
[2022.10.25-15.27.29:481][  0]LogConfig: Setting CVar [[r.VT.TileBorderSize:4]]
[2022.10.25-15.27.29:481][  0]LogConfig: Setting CVar [[r.vt.FeedbackFactor:16]]
[2022.10.25-15.27.29:482][  0]LogConfig: Setting CVar [[r.VT.EnableCompressZlib:1]]
[2022.10.25-15.27.29:482][  0]LogConfig: Setting CVar [[r.VT.EnableCompressCrunch:0]]
[2022.10.25-15.27.29:482][  0]LogConfig: Setting CVar [[r.ClearCoatNormal:0]]
[2022.10.25-15.27.29:482][  0]LogConfig: Setting CVar [[r.ReflectionCaptureResolution:128]]
[2022.10.25-15.27.29:483][  0]LogConfig: Setting CVar [[r.Mobile.ReflectionCaptureCompression:0]]
[2022.10.25-15.27.29:483][  0]LogConfig: Setting CVar [[r.ReflectionEnvironmentLightmapMixBasedOnRoughness:1]]
[2022.10.25-15.27.29:483][  0]LogConfig: Setting CVar [[r.ForwardShading:0]]
[2022.10.25-15.27.29:483][  0]LogConfig: Setting CVar [[r.VertexFoggingForOpaque:1]]
[2022.10.25-15.27.29:484][  0]LogConfig: Setting CVar [[r.AllowStaticLighting:1]]
[2022.10.25-15.27.29:484][  0]LogConfig: Setting CVar [[r.NormalMapsForStaticLighting:0]]
[2022.10.25-15.27.29:484][  0]LogConfig: Setting CVar [[r.GenerateMeshDistanceFields:0]]
[2022.10.25-15.27.29:485][  0]LogConfig: Setting CVar [[r.DistanceFieldBuild.EightBit:0]]
[2022.10.25-15.27.29:485][  0]LogConfig: Setting CVar [[r.GenerateLandscapeGIData:0]]
[2022.10.25-15.27.29:485][  0]LogConfig: Setting CVar [[r.DistanceFieldBuild.Compress:0]]
[2022.10.25-15.27.29:485][  0]LogConfig: Setting CVar [[r.TessellationAdaptivePixelsPerTriangle:48.000000]]
[2022.10.25-15.27.29:486][  0]LogConfig: Setting CVar [[r.SeparateTranslucency:1]]
[2022.10.25-15.27.29:488][  0]LogConfig: Setting CVar [[r.TranslucentSortPolicy:0]]
[2022.10.25-15.27.29:488][  0]LogConfig: Setting CVar [[vr.VRS.HMDFixedFoveationLevel:0]]
[2022.10.25-15.27.29:488][  0]LogConfig: Setting CVar [[r.CustomDepth:1]]
[2022.10.25-15.27.29:488][  0]LogConfig: Setting CVar [[r.CustomDepthTemporalAAJitter:1]]
[2022.10.25-15.27.29:489][  0]LogConfig: Setting CVar [[r.PostProcessing.PropagateAlpha:0]]
[2022.10.25-15.27.29:489][  0]LogConfig: Setting CVar [[r.DefaultFeature.Bloom:1]]
[2022.10.25-15.27.29:489][  0]LogConfig: Setting CVar [[r.DefaultFeature.AmbientOcclusion:1]]
[2022.10.25-15.27.29:489][  0]LogConfig: Setting CVar [[r.DefaultFeature.AmbientOcclusionStaticFraction:1]]
[2022.10.25-15.27.29:490][  0]LogConfig: Setting CVar [[r.DefaultFeature.AutoExposure:0]]
[2022.10.25-15.27.29:490][  0]LogConfig: Setting CVar [[r.DefaultFeature.AutoExposure.Method:0]]
[2022.10.25-15.27.29:490][  0]LogConfig: Setting CVar [[r.DefaultFeature.AutoExposure.Bias:1.000000]]
[2022.10.25-15.27.29:490][  0]LogConfig: Setting CVar [[r.DefaultFeature.AutoExposure.ExtendDefaultLuminanceRange:0]]
[2022.10.25-15.27.29:491][  0]LogConfig: Setting CVar [[r.UsePreExposure:1]]
[2022.10.25-15.27.29:491][  0]LogConfig: Setting CVar [[r.EyeAdaptation.EditorOnly:0]]
[2022.10.25-15.27.29:491][  0]LogConfig: Setting CVar [[r.DefaultFeature.MotionBlur:0]]
[2022.10.25-15.27.29:491][  0]LogConfig: Setting CVar [[r.DefaultFeature.LensFlare:0]]
[2022.10.25-15.27.29:492][  0]LogConfig: Setting CVar [[r.TemporalAA.Upsampling:0]]
[2022.10.25-15.27.29:492][  0]LogConfig: Setting CVar [[r.SSGI.Enable:0]]
[2022.10.25-15.27.29:492][  0]LogConfig: Setting CVar [[r.DefaultFeature.AntiAliasing:0]]
[2022.10.25-15.27.29:492][  0]LogConfig: Setting CVar [[r.DefaultFeature.LightUnits:1]]
[2022.10.25-15.27.29:493][  0]LogConfig: Setting CVar [[r.DefaultBackBufferPixelFormat:4]]
[2022.10.25-15.27.29:493][  0]LogConfig: Setting CVar [[r.Shadow.UnbuiltPreviewInGame:1]]
[2022.10.25-15.27.29:493][  0]LogConfig: Setting CVar [[r.StencilForLODDither:0]]
[2022.10.25-15.27.29:493][  0]LogConfig: Setting CVar [[r.EarlyZPass:3]]
[2022.10.25-15.27.29:494][  0]LogConfig: Setting CVar [[r.EarlyZPassOnlyMaterialMasking:0]]
[2022.10.25-15.27.29:494][  0]LogConfig: Setting CVar [[r.DBuffer:1]]
[2022.10.25-15.27.29:494][  0]LogConfig: Setting CVar [[r.ClearSceneMethod:1]]
[2022.10.25-15.27.29:494][  0]LogConfig: Setting CVar [[r.BasePassOutputsVelocity:0]]
[2022.10.25-15.27.29:495][  0]LogConfig: Setting CVar [[r.VertexDeformationOutputsVelocity:0]]
[2022.10.25-15.27.29:495][  0]LogConfig: Setting CVar [[r.SelectiveBasePassOutputs:0]]
[2022.10.25-15.27.29:495][  0]LogConfig: Setting CVar [[fx.GPUSimulationTextureSizeX:1024]]
[2022.10.25-15.27.29:495][  0]LogConfig: Setting CVar [[fx.GPUSimulationTextureSizeY:1024]]
[2022.10.25-15.27.29:496][  0]LogConfig: Setting CVar [[r.AllowGlobalClipPlane:0]]
[2022.10.25-15.27.29:496][  0]LogConfig: Setting CVar [[r.GBufferFormat:1]]
[2022.10.25-15.27.29:497][  0]LogConfig: Setting CVar [[r.MorphTarget.Mode:1]]
[2022.10.25-15.27.29:497][  0]LogConfig: Setting CVar [[vr.InstancedStereo:0]]
[2022.10.25-15.27.29:497][  0]LogConfig: Setting CVar [[r.MobileHDR:1]]
[2022.10.25-15.27.29:498][  0]LogConfig: Setting CVar [[vr.MobileMultiView:0]]
[2022.10.25-15.27.29:498][  0]LogConfig: Setting CVar [[r.Mobile.UseHWsRGBEncoding:0]]
[2022.10.25-15.27.29:498][  0]LogConfig: Setting CVar [[vr.RoundRobinOcclusion:0]]
[2022.10.25-15.27.29:498][  0]LogConfig: Setting CVar [[vr.ODSCapture:0]]
[2022.10.25-15.27.29:499][  0]LogConfig: Setting CVar [[r.MeshStreaming:0]]
[2022.10.25-15.27.29:499][  0]LogConfig: Setting CVar [[r.WireframeCullThreshold:5.000000]]
[2022.10.25-15.27.29:499][  0]LogConfig: Setting CVar [[r.RayTracing:0]]
[2022.10.25-15.27.29:499][  0]LogConfig: Setting CVar [[r.RayTracing.UseTextureLod:0]]
[2022.10.25-15.27.29:500][  0]LogConfig: Setting CVar [[r.SupportStationarySkylight:1]]
[2022.10.25-15.27.29:500][  0]LogConfig: Setting CVar [[r.SupportLowQualityLightmaps:1]]
[2022.10.25-15.27.29:500][  0]LogConfig: Setting CVar [[r.SupportPointLightWholeSceneShadows:1]]
[2022.10.25-15.27.29:500][  0]LogConfig: Setting CVar [[r.SupportAtmosphericFog:1]]
[2022.10.25-15.27.29:501][  0]LogConfig: Setting CVar [[r.SupportSkyAtmosphere:1]]
[2022.10.25-15.27.29:501][  0]LogConfig: Setting CVar [[r.SupportSkyAtmosphereAffectsHeightFog:0]]
[2022.10.25-15.27.29:501][  0]LogConfig: Setting CVar [[r.SkinCache.CompileShaders:0]]
[2022.10.25-15.27.29:502][  0]LogConfig: Setting CVar [[r.SkinCache.DefaultBehavior:1]]
[2022.10.25-15.27.29:503][  0]LogConfig: Setting CVar [[r.SkinCache.SceneMemoryLimitInMB:128.000000]]
[2022.10.25-15.27.29:504][  0]LogConfig: Setting CVar [[r.Mobile.EnableStaticAndCSMShadowReceivers:1]]
[2022.10.25-15.27.29:504][  0]LogConfig: Setting CVar [[r.Mobile.EnableMovableLightCSMShaderCulling:1]]
[2022.10.25-15.27.29:504][  0]LogConfig: Setting CVar [[r.Mobile.AllowDistanceFieldShadows:1]]
[2022.10.25-15.27.29:505][  0]LogConfig: Setting CVar [[r.Mobile.AllowMovableDirectionalLights:1]]
[2022.10.25-15.27.29:505][  0]LogConfig: Setting CVar [[r.MobileNumDynamicPointLights:4]]
[2022.10.25-15.27.29:505][  0]LogConfig: Setting CVar [[r.MobileDynamicPointLightsUseStaticBranch:1]]
[2022.10.25-15.27.29:505][  0]LogConfig: Setting CVar [[r.Mobile.EnableMovableSpotlights:0]]
[2022.10.25-15.27.29:506][  0]LogConfig: Setting CVar [[r.Mobile.EnableMovableSpotlightsShadow:0]]
[2022.10.25-15.27.29:506][  0]LogConfig: Setting CVar [[r.GPUSkin.Support16BitBoneIndex:0]]
[2022.10.25-15.27.29:506][  0]LogConfig: Setting CVar [[r.GPUSkin.Limit2BoneInfluences:0]]
[2022.10.25-15.27.29:506][  0]LogConfig: Setting CVar [[r.SupportDepthOnlyIndexBuffers:1]]
[2022.10.25-15.27.29:506][  0]LogConfig: Setting CVar [[r.SupportReversedIndexBuffers:1]]
[2022.10.25-15.27.29:507][  0]LogConfig: Setting CVar [[r.LightPropagationVolume:0]]
[2022.10.25-15.27.29:507][  0]LogConfig: Setting CVar [[r.Mobile.AmbientOcclusion:0]]
[2022.10.25-15.27.29:507][  0]LogConfig: Setting CVar [[r.GPUSkin.UnlimitedBoneInfluences:0]]
[2022.10.25-15.27.29:508][  0]LogConfig: Setting CVar [[r.GPUSkin.UnlimitedBoneInfluencesThreshold:8]]
[2022.10.25-15.27.29:508][  0]LogConfig: Setting CVar [[r.Mobile.PlanarReflectionMode:0]]
[2022.10.25-15.27.29:508][  0]LogConfig: Setting CVar [[r.Mobile.SupportsGen4TAA:0]]
[2022.10.25-15.27.29:508][  0]LogConfig: Applying CVar settings from Section [/Script/Engine.RendererOverrideSettings] File [C:/Users/danie/Documents/Gamedev VR/game/UE4 game/fpsgame/Saved/Config/Windows/Engine.ini]
[2022.10.25-15.27.29:509][  0]LogConfig: Applying CVar settings from Section [/Script/Engine.StreamingSettings] File [C:/Users/danie/Documents/Gamedev VR/game/UE4 game/fpsgame/Saved/Config/Windows/Engine.ini]
[2022.10.25-15.27.29:509][  0]LogConfig: Setting CVar [[s.MinBulkDataSizeForAsyncLoading:131072]]
[2022.10.25-15.27.29:509][  0]LogConfig: Setting CVar [[s.AsyncLoadingThreadEnabled:0]]
[2022.10.25-15.27.29:509][  0]LogConfig: Setting CVar [[s.EventDrivenLoaderEnabled:1]]
[2022.10.25-15.27.29:510][  0]LogConfig: Setting CVar [[s.WarnIfTimeLimitExceeded:0]]
[2022.10.25-15.27.29:510][  0]LogConfig: Setting CVar [[s.TimeLimitExceededMultiplier:1.5]]
[2022.10.25-15.27.29:510][  0]LogConfig: Setting CVar [[s.TimeLimitExceededMinTime:0.005]]
[2022.10.25-15.27.29:510][  0]LogConfig: Setting CVar [[s.UseBackgroundLevelStreaming:1]]
[2022.10.25-15.27.29:511][  0]LogConfig: Setting CVar [[s.PriorityAsyncLoadingExtraTime:15.0]]
[2022.10.25-15.27.29:511][  0]LogConfig: Setting CVar [[s.LevelStreamingActorsUpdateTimeLimit:5.0]]
[2022.10.25-15.27.29:511][  0]LogConfig: Setting CVar [[s.PriorityLevelStreamingActorsUpdateExtraTime:5.0]]
[2022.10.25-15.27.29:511][  0]LogConfig: Setting CVar [[s.LevelStreamingComponentsRegistrationGranularity:10]]
[2022.10.25-15.27.29:512][  0]LogConfig: Setting CVar [[s.UnregisterComponentsTimeLimit:1.0]]
[2022.10.25-15.27.29:512][  0]LogConfig: Setting CVar [[s.LevelStreamingComponentsUnregistrationGranularity:5]]
[2022.10.25-15.27.29:512][  0]LogConfig: Setting CVar [[s.FlushStreamingOnExit:1]]
[2022.10.25-15.27.29:513][  0]LogConfig: Applying CVar settings from Section [/Script/Engine.GarbageCollectionSettings] File [C:/Users/danie/Documents/Gamedev VR/game/UE4 game/fpsgame/Saved/Config/Windows/Engine.ini]
[2022.10.25-15.27.29:513][  0]LogConfig: Setting CVar [[gc.MaxObjectsNotConsideredByGC:1]]
[2022.10.25-15.27.29:514][  0]LogConfig: Setting CVar [[gc.SizeOfPermanentObjectPool:0]]
[2022.10.25-15.27.29:514][  0]LogConfig: Setting CVar [[gc.FlushStreamingOnGC:0]]
[2022.10.25-15.27.29:514][  0]LogConfig: Setting CVar [[gc.NumRetriesBeforeForcingGC:10]]
[2022.10.25-15.27.29:514][  0]LogConfig: Setting CVar [[gc.AllowParallelGC:1]]
[2022.10.25-15.27.29:515][  0]LogConfig: Setting CVar [[gc.TimeBetweenPurgingPendingKillObjects:61.1]]
[2022.10.25-15.27.29:515][  0]LogConfig: Setting CVar [[gc.MaxObjectsInEditor:25165824]]
[2022.10.25-15.27.29:515][  0]LogConfig: Setting CVar [[gc.IncrementalBeginDestroyEnabled:1]]
[2022.10.25-15.27.29:515][  0]LogConfig: Setting CVar [[gc.CreateGCClusters:1]]
[2022.10.25-15.27.29:516][  0]LogConfig: Setting CVar [[gc.MinGCClusterSize:5]]
[2022.10.25-15.27.29:516][  0]LogConfig: Setting CVar [[gc.ActorClusteringEnabled:0]]
[2022.10.25-15.27.29:516][  0]LogConfig: Setting CVar [[gc.BlueprintClusteringEnabled:0]]
[2022.10.25-15.27.29:516][  0]LogConfig: Setting CVar [[gc.UseDisregardForGCOnDedicatedServers:0]]
[2022.10.25-15.27.29:517][  0]LogConfig: Setting CVar [[gc.MultithreadedDestructionEnabled:1]]
[2022.10.25-15.27.29:517][  0]LogConfig: Applying CVar settings from Section [/Script/Engine.NetworkSettings] File [C:/Users/danie/Documents/Gamedev VR/game/UE4 game/fpsgame/Saved/Config/Windows/Engine.ini]
[2022.10.25-15.27.29:517][  0]LogConfig: Applying CVar settings from Section [/Script/UnrealEd.CookerSettings] File [C:/Users/danie/Documents/Gamedev VR/game/UE4 game/fpsgame/Saved/Config/Windows/Engine.ini]
[2022.10.25-15.27.29:518][  0]LogConfig: Applying CVar settings from Section [ViewDistanceQuality@3] File [C:/Users/danie/Documents/Gamedev VR/game/UE4 game/fpsgame/Saved/Config/Windows/Scalability.ini]
[2022.10.25-15.27.29:520][  0]LogConfig: Setting CVar [[r.SkeletalMeshLODBias:0]]
[2022.10.25-15.27.29:520][  0]LogConfig: Setting CVar [[r.ViewDistanceScale:1.0]]
[2022.10.25-15.27.29:520][  0]LogConfig: Applying CVar settings from Section [AntiAliasingQuality@3] File [C:/Users/danie/Documents/Gamedev VR/game/UE4 game/fpsgame/Saved/Config/Windows/Scalability.ini]
[2022.10.25-15.27.29:520][  0]LogConfig: Setting CVar [[r.PostProcessAAQuality:4]]
[2022.10.25-15.27.29:521][  0]LogConfig: Applying CVar settings from Section [ShadowQuality@3] File [C:/Users/danie/Documents/Gamedev VR/game/UE4 game/fpsgame/Saved/Config/Windows/Scalability.ini]
[2022.10.25-15.27.29:521][  0]LogConfig: Setting CVar [[r.LightFunctionQuality:1]]
[2022.10.25-15.27.29:521][  0]LogConfig: Setting CVar [[r.ShadowQuality:5]]
[2022.10.25-15.27.29:522][  0]LogConfig: Setting CVar [[r.Shadow.CSM.MaxCascades:10]]
[2022.10.25-15.27.29:522][  0]LogConfig: Setting CVar [[r.Shadow.MaxResolution:2048]]
[2022.10.25-15.27.29:522][  0]LogConfig: Setting CVar [[r.Shadow.MaxCSMResolution:2048]]
[2022.10.25-15.27.29:522][  0]LogConfig: Setting CVar [[r.Shadow.RadiusThreshold:0.01]]
[2022.10.25-15.27.29:523][  0]LogConfig: Setting CVar [[r.Shadow.DistanceScale:1.0]]
[2022.10.25-15.27.29:523][  0]LogConfig: Setting CVar [[r.Shadow.CSM.TransitionScale:1.0]]
[2022.10.25-15.27.29:523][  0]LogConfig: Setting CVar [[r.Shadow.PreShadowResolutionFactor:1.0]]
[2022.10.25-15.27.29:523][  0]LogConfig: Setting CVar [[r.DistanceFieldShadowing:1]]
[2022.10.25-15.27.29:523][  0]LogConfig: Setting CVar [[r.DistanceFieldAO:1]]
[2022.10.25-15.27.29:524][  0]LogConfig: Setting CVar [[r.AOQuality:2]]
[2022.10.25-15.27.29:524][  0]LogConfig: Setting CVar [[r.VolumetricFog:1]]
[2022.10.25-15.27.29:524][  0]LogConfig: Setting CVar [[r.VolumetricFog.GridPixelSize:8]]
[2022.10.25-15.27.29:524][  0]LogConfig: Setting CVar [[r.VolumetricFog.GridSizeZ:128]]
[2022.10.25-15.27.29:525][  0]LogConfig: Setting CVar [[r.VolumetricFog.HistoryMissSupersampleCount:4]]
[2022.10.25-15.27.29:525][  0]LogConfig: Setting CVar [[r.LightMaxDrawDistanceScale:1]]
[2022.10.25-15.27.29:525][  0]LogConfig: Setting CVar [[r.CapsuleShadows:1]]
[2022.10.25-15.27.29:525][  0]LogConfig: Applying CVar settings from Section [PostProcessQuality@3] File [C:/Users/danie/Documents/Gamedev VR/game/UE4 game/fpsgame/Saved/Config/Windows/Scalability.ini]
[2022.10.25-15.27.29:526][  0]LogConfig: Setting CVar [[r.MotionBlurQuality:4]]
[2022.10.25-15.27.29:526][  0]LogConfig: Setting CVar [[r.AmbientOcclusionMipLevelFactor:0.4]]
[2022.10.25-15.27.29:526][  0]LogConfig: Setting CVar [[r.AmbientOcclusionMaxQuality:100]]
[2022.10.25-15.27.29:527][  0]LogConfig: Setting CVar [[r.AmbientOcclusionLevels:-1]]
[2022.10.25-15.27.29:527][  0]LogConfig: Setting CVar [[r.AmbientOcclusionRadiusScale:1.0]]
[2022.10.25-15.27.29:527][  0]LogConfig: Setting CVar [[r.DepthOfFieldQuality:2]]
[2022.10.25-15.27.29:527][  0]LogConfig: Setting CVar [[r.RenderTargetPoolMin:400]]
[2022.10.25-15.27.29:528][  0]LogConfig: Setting CVar [[r.LensFlareQuality:2]]
[2022.10.25-15.27.29:529][  0]LogConfig: Setting CVar [[r.SceneColorFringeQuality:1]]
[2022.10.25-15.27.29:529][  0]LogConfig: Setting CVar [[r.EyeAdaptationQuality:2]]
[2022.10.25-15.27.29:529][  0]LogConfig: Setting CVar [[r.BloomQuality:5]]
[2022.10.25-15.27.29:530][  0]LogConfig: Setting CVar [[r.FastBlurThreshold:100]]
[2022.10.25-15.27.29:530][  0]LogConfig: Setting CVar [[r.Upscale.Quality:3]]
[2022.10.25-15.27.29:530][  0]LogConfig: Setting CVar [[r.Tonemapper.GrainQuantization:1]]
[2022.10.25-15.27.29:531][  0]LogConfig: Setting CVar [[r.LightShaftQuality:1]]
[2022.10.25-15.27.29:531][  0]LogConfig: Setting CVar [[r.Filter.SizeScale:1]]
[2022.10.25-15.27.29:531][  0]LogConfig: Setting CVar [[r.Tonemapper.Quality:5]]
[2022.10.25-15.27.29:531][  0]LogConfig: Setting CVar [[r.DOF.Gather.AccumulatorQuality:1        ; higher gathering accumulator quality]]
[2022.10.25-15.27.29:532][  0]LogConfig: Setting CVar [[r.DOF.Gather.PostfilterMethod:1          ; Median3x3 postfilering method]]
[2022.10.25-15.27.29:532][  0]LogConfig: Setting CVar [[r.DOF.Gather.EnableBokehSettings:0       ; no bokeh simulation when gathering]]
[2022.10.25-15.27.29:532][  0]LogConfig: Setting CVar [[r.DOF.Gather.RingCount:4                 ; medium number of samples when gathering]]
[2022.10.25-15.27.29:532][  0]LogConfig: Setting CVar [[r.DOF.Scatter.ForegroundCompositing:1    ; additive foreground scattering]]
[2022.10.25-15.27.29:533][  0]LogConfig: Setting CVar [[r.DOF.Scatter.BackgroundCompositing:2    ; additive background scattering]]
[2022.10.25-15.27.29:535][  0]LogConfig: Setting CVar [[r.DOF.Scatter.EnableBokehSettings:1      ; bokeh simulation when scattering]]
[2022.10.25-15.27.29:535][  0]LogConfig: Setting CVar [[r.DOF.Scatter.MaxSpriteRatio:0.1         ; only a maximum of 10% of scattered bokeh]]
[2022.10.25-15.27.29:535][  0]LogConfig: Setting CVar [[r.DOF.Recombine.Quality:1                ; cheap slight out of focus]]
[2022.10.25-15.27.29:536][  0]LogConfig: Setting CVar [[r.DOF.Recombine.EnableBokehSettings:0    ; no bokeh simulation on slight out of focus]]
[2022.10.25-15.27.29:536][  0]LogConfig: Setting CVar [[r.DOF.TemporalAAQuality:1                ; more stable temporal accumulation]]
[2022.10.25-15.27.29:536][  0]LogConfig: Setting CVar [[r.DOF.Kernel.MaxForegroundRadius:0.025]]
[2022.10.25-15.27.29:536][  0]LogConfig: Setting CVar [[r.DOF.Kernel.MaxBackgroundRadius:0.025]]
[2022.10.25-15.27.29:537][  0]LogConfig: Applying CVar settings from Section [TextureQuality@3] File [C:/Users/danie/Documents/Gamedev VR/game/UE4 game/fpsgame/Saved/Config/Windows/Scalability.ini]
[2022.10.25-15.27.29:537][  0]LogConfig: Setting CVar [[r.Streaming.MipBias:0]]
[2022.10.25-15.27.29:537][  0]LogConfig: Setting CVar [[r.Streaming.AmortizeCPUToGPUCopy:0]]
[2022.10.25-15.27.29:537][  0]LogConfig: Setting CVar [[r.Streaming.MaxNumTexturesToStreamPerFrame:0]]
[2022.10.25-15.27.29:538][  0]LogConfig: Setting CVar [[r.Streaming.Boost:1]]
[2022.10.25-15.27.29:538][  0]LogConfig: Setting CVar [[r.MaxAnisotropy:8]]
[2022.10.25-15.27.29:538][  0]LogConfig: Setting CVar [[r.VT.MaxAnisotropy:8]]
[2022.10.25-15.27.29:538][  0]LogConfig: Setting CVar [[r.Streaming.LimitPoolSizeToVRAM:0]]
[2022.10.25-15.27.29:540][  0]LogConfig: Setting CVar [[r.Streaming.PoolSize:1000]]
[2022.10.25-15.27.29:540][  0]LogConfig: Setting CVar [[r.Streaming.MaxEffectiveScreenSize:0]]
[2022.10.25-15.27.29:540][  0]LogConfig: Applying CVar settings from Section [EffectsQuality@3] File [C:/Users/danie/Documents/Gamedev VR/game/UE4 game/fpsgame/Saved/Config/Windows/Scalability.ini]
[2022.10.25-15.27.29:540][  0]LogConfig: Setting CVar [[r.TranslucencyLightingVolumeDim:64]]
[2022.10.25-15.27.29:541][  0]LogConfig: Setting CVar [[r.RefractionQuality:2]]
[2022.10.25-15.27.29:541][  0]LogConfig: Setting CVar [[r.SSR.Quality:3]]
[2022.10.25-15.27.29:541][  0]LogConfig: Setting CVar [[r.SSR.HalfResSceneColor:0]]
[2022.10.25-15.27.29:541][  0]LogConfig: Setting CVar [[r.SceneColorFormat:4]]
[2022.10.25-15.27.29:542][  0]LogConfig: Setting CVar [[r.DetailMode:2]]
[2022.10.25-15.27.29:542][  0]LogConfig: Setting CVar [[r.TranslucencyVolumeBlur:1]]
[2022.10.25-15.27.29:542][  0]LogConfig: Setting CVar [[r.MaterialQualityLevel:1 ; High quality]]
[2022.10.25-15.27.29:542][  0]LogConfig: Setting CVar [[r.AnisotropicMaterials:1]]
[2022.10.25-15.27.29:543][  0]LogConfig: Setting CVar [[r.SSS.Scale:1]]
[2022.10.25-15.27.29:543][  0]LogConfig: Setting CVar [[r.SSS.SampleSet:2]]
[2022.10.25-15.27.29:543][  0]LogConfig: Setting CVar [[r.SSS.Quality:1]]
[2022.10.25-15.27.29:543][  0]LogConfig: Setting CVar [[r.SSS.HalfRes:0]]
[2022.10.25-15.27.29:544][  0]LogConfig: Setting CVar [[r.SSGI.Quality:3]]
[2022.10.25-15.27.29:544][  0]LogConfig: Setting CVar [[r.EmitterSpawnRateScale:1.0]]
[2022.10.25-15.27.29:544][  0]LogConfig: Setting CVar [[r.ParticleLightQuality:2]]
[2022.10.25-15.27.29:544][  0]LogConfig: Setting CVar [[r.SkyAtmosphere.AerialPerspectiveLUT.FastApplyOnOpaque:1 ; Always have FastSkyLUT 1 in this case to avoid wrong sky]]
[2022.10.25-15.27.29:545][  0]LogConfig: Setting CVar [[r.SkyAtmosphere.AerialPerspectiveLUT.SampleCountMaxPerSlice:4]]
[2022.10.25-15.27.29:546][  0]LogConfig: Setting CVar [[r.SkyAtmosphere.AerialPerspectiveLUT.DepthResolution:16.0]]
[2022.10.25-15.27.29:547][  0]LogConfig: Setting CVar [[r.SkyAtmosphere.FastSkyLUT:1]]
[2022.10.25-15.27.29:547][  0]LogConfig: Setting CVar [[r.SkyAtmosphere.FastSkyLUT.SampleCountMin:4.0]]
[2022.10.25-15.27.29:548][  0]LogConfig: Setting CVar [[r.SkyAtmosphere.FastSkyLUT.SampleCountMax:128.0]]
[2022.10.25-15.27.29:548][  0]LogConfig: Setting CVar [[r.SkyAtmosphere.SampleCountMin:4.0]]
[2022.10.25-15.27.29:548][  0]LogConfig: Setting CVar [[r.SkyAtmosphere.SampleCountMax:128.0]]
[2022.10.25-15.27.29:549][  0]LogConfig: Setting CVar [[r.SkyAtmosphere.TransmittanceLUT.UseSmallFormat:0]]
[2022.10.25-15.27.29:551][  0]LogConfig: Setting CVar [[r.SkyAtmosphere.TransmittanceLUT.SampleCount:10.0]]
[2022.10.25-15.27.29:551][  0]LogConfig: Setting CVar [[r.SkyAtmosphere.MultiScatteringLUT.SampleCount:15.0]]
[2022.10.25-15.27.29:552][  0]LogConfig: Setting CVar [[r.SkyLight.RealTimeReflectionCapture:1]]
[2022.10.25-15.27.29:552][  0]LogConfig: Applying CVar settings from Section [FoliageQuality@3] File [C:/Users/danie/Documents/Gamedev VR/game/UE4 game/fpsgame/Saved/Config/Windows/Scalability.ini]
[2022.10.25-15.27.29:552][  0]LogConfig: Setting CVar [[foliage.DensityScale:1.0]]
[2022.10.25-15.27.29:552][  0]LogConfig: Setting CVar [[grass.DensityScale:1.0]]
[2022.10.25-15.27.29:553][  0]LogConfig: Applying CVar settings from Section [ShadingQuality@3] File [C:/Users/danie/Documents/Gamedev VR/game/UE4 game/fpsgame/Saved/Config/Windows/Scalability.ini]
[2022.10.25-15.27.29:553][  0]LogConfig: Setting CVar [[r.HairStrands.SkyLighting.IntegrationType:2]]
[2022.10.25-15.27.29:553][  0]LogConfig: Setting CVar [[r.HairStrands.SkyAO.SampleCount:4]]
[2022.10.25-15.27.29:553][  0]LogConfig: Setting CVar [[r.HairStrands.Visibility.MSAA.SamplePerPixel:4]]
[2022.10.25-15.27.29:554][  0]LogInit: Selected Device Profile: [Windows]
[2022.10.25-15.27.29:554][  0]LogInit: Applying CVar settings loaded from the selected device profile: [Windows]
[2022.10.25-15.27.29:554][  0]LogHAL: Display: Platform has ~ 16 GB [17128247296 / 17179869184 / 16], which maps to Larger [LargestMinGB=32, LargerMinGB=12, DefaultMinGB=8, SmallerMinGB=6, SmallestMinGB=0)
[2022.10.25-15.27.29:554][  0]LogInit: Going up to parent DeviceProfile []
[2022.10.25-15.27.29:555][  0]LogConfig: Applying CVar settings from Section [ViewDistanceQuality@3] File [C:/Users/danie/Documents/Gamedev VR/game/UE4 game/fpsgame/Saved/Config/Windows/Scalability.ini]
[2022.10.25-15.27.29:555][  0]LogConfig: Setting CVar [[r.SkeletalMeshLODBias:0]]
[2022.10.25-15.27.29:555][  0]LogConfig: Setting CVar [[r.ViewDistanceScale:1.0]]
[2022.10.25-15.27.29:555][  0]LogConfig: Applying CVar settings from Section [AntiAliasingQuality@3] File [C:/Users/danie/Documents/Gamedev VR/game/UE4 game/fpsgame/Saved/Config/Windows/Scalability.ini]
[2022.10.25-15.27.29:556][  0]LogConfig: Setting CVar [[r.PostProcessAAQuality:4]]
[2022.10.25-15.27.29:556][  0]LogConfig: Applying CVar settings from Section [ShadowQuality@3] File [C:/Users/danie/Documents/Gamedev VR/game/UE4 game/fpsgame/Saved/Config/Windows/Scalability.ini]
[2022.10.25-15.27.29:556][  0]LogConfig: Setting CVar [[r.LightFunctionQuality:1]]
[2022.10.25-15.27.29:556][  0]LogConfig: Setting CVar [[r.ShadowQuality:5]]
[2022.10.25-15.27.29:557][  0]LogConfig: Setting CVar [[r.Shadow.CSM.MaxCascades:10]]
[2022.10.25-15.27.29:557][  0]LogConfig: Setting CVar [[r.Shadow.MaxResolution:2048]]
[2022.10.25-15.27.29:557][  0]LogConfig: Setting CVar [[r.Shadow.MaxCSMResolution:2048]]
[2022.10.25-15.27.29:557][  0]LogConfig: Setting CVar [[r.Shadow.RadiusThreshold:0.01]]
[2022.10.25-15.27.29:558][  0]LogConfig: Setting CVar [[r.Shadow.DistanceScale:1.0]]
[2022.10.25-15.27.29:558][  0]LogConfig: Setting CVar [[r.Shadow.CSM.TransitionScale:1.0]]
[2022.10.25-15.27.29:558][  0]LogConfig: Setting CVar [[r.Shadow.PreShadowResolutionFactor:1.0]]
[2022.10.25-15.27.29:558][  0]LogConfig: Setting CVar [[r.DistanceFieldShadowing:1]]
[2022.10.25-15.27.29:559][  0]LogConfig: Setting CVar [[r.DistanceFieldAO:1]]
[2022.10.25-15.27.29:559][  0]LogConfig: Setting CVar [[r.AOQuality:2]]
[2022.10.25-15.27.29:559][  0]LogConfig: Setting CVar [[r.VolumetricFog:1]]
[2022.10.25-15.27.29:559][  0]LogConfig: Setting CVar [[r.VolumetricFog.GridPixelSize:8]]
[2022.10.25-15.27.29:560][  0]LogConfig: Setting CVar [[r.VolumetricFog.GridSizeZ:128]]
[2022.10.25-15.27.29:560][  0]LogConfig: Setting CVar [[r.VolumetricFog.HistoryMissSupersampleCount:4]]
[2022.10.25-15.27.29:560][  0]LogConfig: Setting CVar [[r.LightMaxDrawDistanceScale:1]]
[2022.10.25-15.27.29:560][  0]LogConfig: Setting CVar [[r.CapsuleShadows:1]]
[2022.10.25-15.27.29:561][  0]LogConfig: Applying CVar settings from Section [PostProcessQuality@3] File [C:/Users/danie/Documents/Gamedev VR/game/UE4 game/fpsgame/Saved/Config/Windows/Scalability.ini]
[2022.10.25-15.27.29:561][  0]LogConfig: Setting CVar [[r.MotionBlurQuality:4]]
[2022.10.25-15.27.29:562][  0]LogConfig: Setting CVar [[r.AmbientOcclusionMipLevelFactor:0.4]]
[2022.10.25-15.27.29:562][  0]LogConfig: Setting CVar [[r.AmbientOcclusionMaxQuality:100]]
[2022.10.25-15.27.29:562][  0]LogConfig: Setting CVar [[r.AmbientOcclusionLevels:-1]]
[2022.10.25-15.27.29:562][  0]LogConfig: Setting CVar [[r.AmbientOcclusionRadiusScale:1.0]]
[2022.10.25-15.27.29:563][  0]LogConfig: Setting CVar [[r.DepthOfFieldQuality:2]]
[2022.10.25-15.27.29:563][  0]LogConfig: Setting CVar [[r.RenderTargetPoolMin:400]]
[2022.10.25-15.27.29:563][  0]LogConfig: Setting CVar [[r.LensFlareQuality:2]]
[2022.10.25-15.27.29:563][  0]LogConfig: Setting CVar [[r.SceneColorFringeQuality:1]]
[2022.10.25-15.27.29:564][  0]LogConfig: Setting CVar [[r.EyeAdaptationQuality:2]]
[2022.10.25-15.27.29:564][  0]LogConfig: Setting CVar [[r.BloomQuality:5]]
[2022.10.25-15.27.29:564][  0]LogConfig: Setting CVar [[r.FastBlurThreshold:100]]
[2022.10.25-15.27.29:564][  0]LogConfig: Setting CVar [[r.Upscale.Quality:3]]
[2022.10.25-15.27.29:565][  0]LogConfig: Setting CVar [[r.Tonemapper.GrainQuantization:1]]
[2022.10.25-15.27.29:567][  0]LogConfig: Setting CVar [[r.LightShaftQuality:1]]
[2022.10.25-15.27.29:567][  0]LogConfig: Setting CVar [[r.Filter.SizeScale:1]]
[2022.10.25-15.27.29:568][  0]LogConfig: Setting CVar [[r.Tonemapper.Quality:5]]
[2022.10.25-15.27.29:568][  0]LogConfig: Setting CVar [[r.DOF.Gather.AccumulatorQuality:1        ; higher gathering accumulator quality]]
[2022.10.25-15.27.29:568][  0]LogConfig: Setting CVar [[r.DOF.Gather.PostfilterMethod:1          ; Median3x3 postfilering method]]
[2022.10.25-15.27.29:568][  0]LogConfig: Setting CVar [[r.DOF.Gather.EnableBokehSettings:0       ; no bokeh simulation when gathering]]
[2022.10.25-15.27.29:568][  0]LogConfig: Setting CVar [[r.DOF.Gather.RingCount:4                 ; medium number of samples when gathering]]
[2022.10.25-15.27.29:569][  0]LogConfig: Setting CVar [[r.DOF.Scatter.ForegroundCompositing:1    ; additive foreground scattering]]
[2022.10.25-15.27.29:569][  0]LogConfig: Setting CVar [[r.DOF.Scatter.BackgroundCompositing:2    ; additive background scattering]]
[2022.10.25-15.27.29:569][  0]LogConfig: Setting CVar [[r.DOF.Scatter.EnableBokehSettings:1      ; bokeh simulation when scattering]]
[2022.10.25-15.27.29:569][  0]LogConfig: Setting CVar [[r.DOF.Scatter.MaxSpriteRatio:0.1         ; only a maximum of 10% of scattered bokeh]]
[2022.10.25-15.27.29:570][  0]LogConfig: Setting CVar [[r.DOF.Recombine.Quality:1                ; cheap slight out of focus]]
[2022.10.25-15.27.29:570][  0]LogConfig: Setting CVar [[r.DOF.Recombine.EnableBokehSettings:0    ; no bokeh simulation on slight out of focus]]
[2022.10.25-15.27.29:570][  0]LogConfig: Setting CVar [[r.DOF.TemporalAAQuality:1                ; more stable temporal accumulation]]
[2022.10.25-15.27.29:570][  0]LogConfig: Setting CVar [[r.DOF.Kernel.MaxForegroundRadius:0.025]]
[2022.10.25-15.27.29:571][  0]LogConfig: Setting CVar [[r.DOF.Kernel.MaxBackgroundRadius:0.025]]
[2022.10.25-15.27.29:571][  0]LogConfig: Applying CVar settings from Section [TextureQuality@3] File [C:/Users/danie/Documents/Gamedev VR/game/UE4 game/fpsgame/Saved/Config/Windows/Scalability.ini]
[2022.10.25-15.27.29:571][  0]LogConfig: Setting CVar [[r.Streaming.MipBias:0]]
[2022.10.25-15.27.29:572][  0]LogConfig: Setting CVar [[r.Streaming.AmortizeCPUToGPUCopy:0]]
[2022.10.25-15.27.29:572][  0]LogConfig: Setting CVar [[r.Streaming.MaxNumTexturesToStreamPerFrame:0]]
[2022.10.25-15.27.29:572][  0]LogConfig: Setting CVar [[r.Streaming.Boost:1]]
[2022.10.25-15.27.29:572][  0]LogConfig: Setting CVar [[r.MaxAnisotropy:8]]
[2022.10.25-15.27.29:573][  0]LogConfig: Setting CVar [[r.VT.MaxAnisotropy:8]]
[2022.10.25-15.27.29:573][  0]LogConfig: Setting CVar [[r.Streaming.LimitPoolSizeToVRAM:0]]
[2022.10.25-15.27.29:573][  0]LogConfig: Setting CVar [[r.Streaming.PoolSize:1000]]
[2022.10.25-15.27.29:573][  0]LogConfig: Setting CVar [[r.Streaming.MaxEffectiveScreenSize:0]]
[2022.10.25-15.27.29:574][  0]LogConfig: Applying CVar settings from Section [EffectsQuality@3] File [C:/Users/danie/Documents/Gamedev VR/game/UE4 game/fpsgame/Saved/Config/Windows/Scalability.ini]
[2022.10.25-15.27.29:574][  0]LogConfig: Setting CVar [[r.TranslucencyLightingVolumeDim:64]]
[2022.10.25-15.27.29:574][  0]LogConfig: Setting CVar [[r.RefractionQuality:2]]
[2022.10.25-15.27.29:574][  0]LogConfig: Setting CVar [[r.SSR.Quality:3]]
[2022.10.25-15.27.29:575][  0]LogConfig: Setting CVar [[r.SSR.HalfResSceneColor:0]]
[2022.10.25-15.27.29:575][  0]LogConfig: Setting CVar [[r.SceneColorFormat:4]]
[2022.10.25-15.27.29:575][  0]LogConfig: Setting CVar [[r.DetailMode:2]]
[2022.10.25-15.27.29:575][  0]LogConfig: Setting CVar [[r.TranslucencyVolumeBlur:1]]
[2022.10.25-15.27.29:576][  0]LogConfig: Setting CVar [[r.MaterialQualityLevel:1 ; High quality]]
[2022.10.25-15.27.29:576][  0]LogConfig: Setting CVar [[r.AnisotropicMaterials:1]]
[2022.10.25-15.27.29:576][  0]LogConfig: Setting CVar [[r.SSS.Scale:1]]
[2022.10.25-15.27.29:577][  0]LogConfig: Setting CVar [[r.SSS.SampleSet:2]]
[2022.10.25-15.27.29:577][  0]LogConfig: Setting CVar [[r.SSS.Quality:1]]
[2022.10.25-15.27.29:578][  0]LogConfig: Setting CVar [[r.SSS.HalfRes:0]]
[2022.10.25-15.27.29:578][  0]LogConfig: Setting CVar [[r.SSGI.Quality:3]]
[2022.10.25-15.27.29:578][  0]LogConfig: Setting CVar [[r.EmitterSpawnRateScale:1.0]]
[2022.10.25-15.27.29:578][  0]LogConfig: Setting CVar [[r.ParticleLightQuality:2]]
[2022.10.25-15.27.29:579][  0]LogConfig: Setting CVar [[r.SkyAtmosphere.AerialPerspectiveLUT.FastApplyOnOpaque:1 ; Always have FastSkyLUT 1 in this case to avoid wrong sky]]
[2022.10.25-15.27.29:579][  0]LogConfig: Setting CVar [[r.SkyAtmosphere.AerialPerspectiveLUT.SampleCountMaxPerSlice:4]]
[2022.10.25-15.27.29:579][  0]LogConfig: Setting CVar [[r.SkyAtmosphere.AerialPerspectiveLUT.DepthResolution:16.0]]
[2022.10.25-15.27.29:579][  0]LogConfig: Setting CVar [[r.SkyAtmosphere.FastSkyLUT:1]]
[2022.10.25-15.27.29:580][  0]LogConfig: Setting CVar [[r.SkyAtmosphere.FastSkyLUT.SampleCountMin:4.0]]
[2022.10.25-15.27.29:580][  0]LogConfig: Setting CVar [[r.SkyAtmosphere.FastSkyLUT.SampleCountMax:128.0]]
[2022.10.25-15.27.29:580][  0]LogConfig: Setting CVar [[r.SkyAtmosphere.SampleCountMin:4.0]]
[2022.10.25-15.27.29:580][  0]LogConfig: Setting CVar [[r.SkyAtmosphere.SampleCountMax:128.0]]
[2022.10.25-15.27.29:581][  0]LogConfig: Setting CVar [[r.SkyAtmosphere.TransmittanceLUT.UseSmallFormat:0]]
[2022.10.25-15.27.29:583][  0]LogConfig: Setting CVar [[r.SkyAtmosphere.TransmittanceLUT.SampleCount:10.0]]
[2022.10.25-15.27.29:583][  0]LogConfig: Setting CVar [[r.SkyAtmosphere.MultiScatteringLUT.SampleCount:15.0]]
[2022.10.25-15.27.29:584][  0]LogConfig: Setting CVar [[r.SkyLight.RealTimeReflectionCapture:1]]
[2022.10.25-15.27.29:584][  0]LogConfig: Applying CVar settings from Section [FoliageQuality@3] File [C:/Users/danie/Documents/Gamedev VR/game/UE4 game/fpsgame/Saved/Config/Windows/Scalability.ini]
[2022.10.25-15.27.29:584][  0]LogConfig: Setting CVar [[foliage.DensityScale:1.0]]
[2022.10.25-15.27.29:584][  0]LogConfig: Setting CVar [[grass.DensityScale:1.0]]
[2022.10.25-15.27.29:585][  0]LogConfig: Applying CVar settings from Section [ShadingQuality@3] File [C:/Users/danie/Documents/Gamedev VR/game/UE4 game/fpsgame/Saved/Config/Windows/Scalability.ini]
[2022.10.25-15.27.29:585][  0]LogConfig: Setting CVar [[r.HairStrands.SkyLighting.IntegrationType:2]]
[2022.10.25-15.27.29:585][  0]LogConfig: Setting CVar [[r.HairStrands.SkyAO.SampleCount:4]]
[2022.10.25-15.27.29:585][  0]LogConfig: Setting CVar [[r.HairStrands.Visibility.MSAA.SamplePerPixel:4]]
[2022.10.25-15.27.29:586][  0]LogConfig: Applying CVar settings from Section [Startup] File [../../../Engine/Config/ConsoleVariables.ini]
[2022.10.25-15.27.29:586][  0]LogConfig: Setting CVar [[net.UseAdaptiveNetUpdateFrequency:0]]
[2022.10.25-15.27.29:587][  0]LogConfig: Setting CVar [[p.chaos.AllowCreatePhysxBodies:1]]
[2022.10.25-15.27.29:587][  0]LogConfig: Setting CVar [[fx.SkipVectorVMBackendOptimizations:1]]
[2022.10.25-15.27.29:587][  0]LogConfig: Applying CVar settings from Section [ConsoleVariables] File [C:/Users/danie/Documents/Gamedev VR/game/UE4 game/fpsgame/Saved/Config/Windows/Engine.ini]
[2022.10.25-15.27.29:587][  0]LogConfig: Applying CVar settings from Section [ConsoleVariables] File [C:/Users/danie/Documents/Gamedev VR/game/UE4 game/fpsgame/Saved/Config/Windows/Editor.ini]
[2022.10.25-15.27.29:588][  0]LogInit: Computer: DESKTOP-QG36584
[2022.10.25-15.27.29:588][  0]LogInit: User: danie
[2022.10.25-15.27.29:588][  0]LogInit: CPU Page size=4096, Cores=6
[2022.10.25-15.27.29:588][  0]LogInit: High frequency timer resolution =10.000000 MHz
[2022.10.25-15.27.29:589][  0]LogMemory: Memory total: Physical=16.0GB (16GB approx)
[2022.10.25-15.27.29:589][  0]LogMemory: Platform Memory Stats for Windows
[2022.10.25-15.27.29:589][  0]LogMemory: Process Physical Memory: 138.01 MB used, 138.01 MB peak
[2022.10.25-15.27.29:589][  0]LogMemory: Process Virtual Memory: 119.46 MB used, 119.46 MB peak
[2022.10.25-15.27.29:590][  0]LogMemory: Physical Memory: 11164.64 MB used,  5170.13 MB free, 16334.77 MB total
[2022.10.25-15.27.29:590][  0]LogMemory: Virtual Memory: 134213776.00 MB used,  3954.28 MB free, 134217728.00 MB total
[2022.10.25-15.27.29:593][  0]LogWindows: WindowsPlatformFeatures disabled or dedicated server build
[2022.10.25-15.27.29:602][  0]LogInit: Physics initialised using underlying interface: PhysX
[2022.10.25-15.27.29:603][  0]LogInit: Using OS detected language (en-US).
[2022.10.25-15.27.29:603][  0]LogInit: Using OS detected locale (en-GB).
[2022.10.25-15.27.29:606][  0]LogTextLocalizationManager: No specific localization for 'en-US' exists, so the 'en' localization will be used.
[2022.10.25-15.27.29:982][  0]LogTargetPlatformManager: Display: Loaded TargetPlatform 'WindowsNoEditor'
[2022.10.25-15.27.29:985][  0]LogTargetPlatformManager: Display: Loaded TargetPlatform 'Windows'
[2022.10.25-15.27.29:987][  0]LogTargetPlatformManager: Display: Loaded TargetPlatform 'WindowsClient'
[2022.10.25-15.27.29:990][  0]LogTargetPlatformManager: Display: Loaded TargetPlatform 'WindowsServer'
[2022.10.25-15.27.29:990][  0]LogTargetPlatformManager: Display: Building Assets For Windows
[2022.10.25-15.27.29:994][  0]LogAudioDebug: Display: Lib vorbis DLL was dynamically loaded.
[2022.10.25-15.27.30:008][  0]LogTextureFormatOodle: Display: Oodle Texture 2.9.0 init RDO Off
[2022.10.25-15.27.30:019][  0]LogRendererCore: Ray tracing is disabled. Reason: r.RayTracing=0.
[2022.10.25-15.27.30:019][  0]LogShaderCompilers: Guid format shader working directory is -27 characters bigger than the processId version (../../../../../../Users/danie/Documents/Gamedev VR/game/UE4 game/fpsgame/Intermediate/Shaders/WorkingDirectory/22020/).
[2022.10.25-15.27.30:020][  0]LogShaderCompilers: Cleaned the shader compiler working directory 'C:/Users/danie/AppData/Local/Temp/UnrealShaderWorkingDir/2564965C457E225A5EF723B258989774/'.
[2022.10.25-15.27.30:020][  0]LogXGEController: Cannot use XGE Controller as Incredibuild is not installed on this machine.
[2022.10.25-15.27.30:020][  0]LogShaderCompilers: Cannot use XGE Shader Compiler as Incredibuild is not installed on this machine.
[2022.10.25-15.27.30:020][  0]LogShaderCompilers: Display: Using Local Shader Compiler.
[2022.10.25-15.27.30:466][  0]LogDerivedDataCache: Display: Max Cache Size: 512 MB
[2022.10.25-15.27.30:527][  0]LogDerivedDataCache: Loaded boot cache 0.06s 94MB C:/Users/danie/AppData/Local/UnrealEngine/4.27/DerivedDataCache/Boot.ddc.
[2022.10.25-15.27.30:527][  0]LogDerivedDataCache: Display: Loaded Boot cache: C:/Users/danie/AppData/Local/UnrealEngine/4.27/DerivedDataCache/Boot.ddc
[2022.10.25-15.27.30:528][  0]LogDerivedDataCache: FDerivedDataBackendGraph:  Pak pak cache file ../../../../../../Users/danie/Documents/Gamedev VR/game/UE4 game/fpsgame/DerivedDataCache/DDC.ddp not found, will not use a pak cache.
[2022.10.25-15.27.30:528][  0]LogDerivedDataCache: Unable to find inner node Pak for hierarchical cache Hierarchy.
[2022.10.25-15.27.30:528][  0]LogDerivedDataCache: FDerivedDataBackendGraph:  CompressedPak pak cache file ../../../../../../Users/danie/Documents/Gamedev VR/game/UE4 game/fpsgame/DerivedDataCache/Compressed.ddp not found, will not use a pak cache.
[2022.10.25-15.27.30:529][  0]LogDerivedDataCache: Unable to find inner node CompressedPak for hierarchical cache Hierarchy.
[2022.10.25-15.27.30:546][  0]LogDerivedDataCache: Display: Pak cache opened for reading ../../../Engine/DerivedDataCache/Compressed.ddp.
[2022.10.25-15.27.30:546][  0]LogDerivedDataCache: FDerivedDataBackendGraph:  EnterprisePak pak cache file ../../../Enterprise/DerivedDataCache/Compressed.ddp not found, will not use a pak cache.
[2022.10.25-15.27.30:546][  0]LogDerivedDataCache: Unable to find inner node EnterprisePak for hierarchical cache Hierarchy.
[2022.10.25-15.27.30:555][  0]LogDerivedDataCache: Speed tests for C:/Users/danie/AppData/Local/UnrealEngine/Common/DerivedDataCache took 0.01 seconds
[2022.10.25-15.27.30:555][  0]LogDerivedDataCache: Display: Performance to C:/Users/danie/AppData/Local/UnrealEngine/Common/DerivedDataCache: Latency=0.03ms. RandomReadSpeed=352.58MBs, RandomWriteSpeed=169.16MBs. Assigned SpeedClass 'Local'
[2022.10.25-15.27.30:556][  0]LogDerivedDataCache: Using Local data cache path C:/Users/danie/AppData/Local/UnrealEngine/Common/DerivedDataCache: Writable
[2022.10.25-15.27.30:556][  0]LogDerivedDataCache: Shared data cache path not found in *engine.ini, will not use an Shared cache.
[2022.10.25-15.27.30:556][  0]LogDerivedDataCache: Unable to find inner node Shared for hierarchical cache Hierarchy.
[2022.10.25-15.27.30:557][  0]LogInit: Using OS detected language (en-US).
[2022.10.25-15.27.30:557][  0]LogInit: Using OS detected locale (en-GB).
[2022.10.25-15.27.30:558][  0]LogTextLocalizationManager: No localization for 'en-US' exists, so 'en' will be used for the language.
[2022.10.25-15.27.30:559][  0]LogTextLocalizationManager: No localization for 'en-GB' exists, so 'en' will be used for the locale.
[2022.10.25-15.27.30:563][  0]LogTextLocalizationManager: Compacting localization data took   0.00ms
[2022.10.25-15.27.30:563][  0]LogAssetRegistry: FAssetRegistry took 0.0022 seconds to start up
[2022.10.25-15.27.30:706][  0]LogPackageLocalizationCache: Processed 27 localized package path(s) for 1 prioritized culture(s) in 0.001068 seconds
[2022.10.25-15.27.30:785][  0]LogInit: Selected Device Profile: [Windows]
[2022.10.25-15.27.30:785][  0]LogInit: Active device profile: [00000201A15EC500][00000201A0BF7880 49] Windows
[2022.10.25-15.27.30:786][  0]LogInit: Profiles: [00000201A15EC500][00000201A0BF7880 49] Windows, [00000201A15D3600][00000201A0C05B40 49] WindowsNoEditor, [00000201A15D0100][00000201A0BFA240 49] WindowsServer, [00000201A15EF000][00000201A0C084C0 49] WindowsClient, [00000201A15EC200][00000201A0C10780 49] IOS, [00000201A15D7D00][00000201A0C14A40 49] iPadAir, [00000201A15EFA00][00000201A0C18D00 49] iPadAir2, [00000201A1580200][00000201A0C33240 49] IPadPro, [00000201A157BF00][00000201A0C1D280 49] iPadAir3, [00000201A15D1000][00000201A0C2B540 49] iPadAir4, [00000201A1578500][00000201A0C27800 49] iPadMini2, [00000201A15D0200][00000201A0C2FAC0 49] iPadMini3, [00000201A1579200][00000201A0C3C200 49] iPadMini4, [00000201A15D3800][00000201A0C0C480 49] iPadMini5, [00000201A15D5600][00000201A0C54980 49] iPhone6, [00000201A15D5700][00000201A0C409C0 49] iPodTouch6, [00000201A157A100][00000201A0C5CF00 49] iPhone7, [00000201A157A200][00000201A0C4CF40 49] iPodTouch7, [00000201A15D6600][00000201A0C51200 49] iPhone5S, [00000201A157B100][00000201A0C494C0 49] iPhone6Plus, [00000201A15D7B00][00000201A0C59780 49] iPhone6S, [00000201A157AB00][00000201A0C61A40 49] iPhone6SPlus, [00000201A15D4A00][00000201A0C64180 49] iPhone7Plus, [00000201A157AF00][00000201A0C68440 49] iPhoneSE, [00000201A15D5000][00000201A0C446C0 49] iPhone8, [00000201A157BC00][00000201A0C6C940 49] iPhone8Plus, [00000201A15D7200][00000201A0C74C00 49] iPhoneX, [00000201A157AC00][00000201A0C78EC0 49] iPhoneXS, [00000201A15D6B00][00000201A0C7D180 49] iPhoneXSMax, [00000201A157A900][00000201A0C81440 49] iPhoneXR, [00000201A15D6F00][00000201A0C85700 49] iPhone11, [00000201A1578A00][00000201A0C899C0 49] iPhone11Pro, [00000201A15D7E00][00000201A0C8C100 49] iPhone11ProMax, [00000201A1579400][00000201A0C903C0 49] iPhoneSE2, [00000201A15D7F00][00000201A0C94680 49] iPhone12Mini, [00000201A157BD00][00000201A0C70900 49] iPhone12, [00000201A15D5200][00000201A0C98B80 49] iPhone12Pro, [00000201A157B500][00000201A0CA0E40 49] iPhone12ProMax, [00000201A15D4200][00000201A0CA5100 49] iPadPro105, [00000201A1579A00][00000201A0CA93C0 49] iPadPro129, [00000201A15D4D00][00000201A0CAD680 49] iPadPro97, [00000201A1578900][00000201A0CB1940 49] iPadPro2_129, [00000201A15D5A00][00000201A0CB5C00 49] iPad5, [00000201A1579C00][00000201A0CB8340 49] iPad6, [00000201A15D7900][00000201A0CBC600 49] iPad7, [00000201A157A600][00000201A05B28C0 49] iPad8, [00000201A15D7000][00000201A0C9CB40 49] iPadPro11, [00000201A1579500][00000201A05B6DC0 49] iPadPro2_11, [00000201A15D6100][00000201A05BF080 49] iPadPro3_129, [00000201A1579D00][00000201A05C3340 49] iPadPro4_129, [00000201A15D6400][00000201A05C7600 49] AppleTV, [00000201A157AE00][00000201A05CB8C0 49] AppleTV4K, [00000201A15D4500][00000201A05CFB80 49] TVOS, [00000201A157BA00][00000201A05D22C0 49] Mac, [00000201A15D6900][00000201A05D6580 49] MacClient, [00000201A1579700][00000201A05DA840 49] MacNoEditor, [00000201A15D5100][00000201A05DEB00 49] MacServer, [00000201A157BB00][00000201A05BAD80 49] Linux, [00000201A15D4600][00000201A05E3000 49] LinuxAArch64, [00000201A1578400][00000201A05EB2C0 49] LinuxNoEditor, [00000201A15D6200][00000201A05EF580 49] LinuxAArch64NoEditor, [00000201A15EC100][00000201A05F3840 49] LinuxClient, [00000201A1580700][00000201A05F7B00 49] LinuxAArch64Client, [00000201A15ED900][00000201A05FA240 49] LinuxServer, [00000201A1580A00][00000201A05FE500 49] LinuxAArch64Server, [00000201A15EED00][00000201A06027C0 49] Android, [00000201A1581400][00000201A0606A80 49] Android_Low, [00000201A15ED100][00000201A060AD40 49] Android_Mid, [00000201A1580E00][00000201A05E6FC0 49] Android_High, [00000201A15EC800][00000201A060F240 49] Android_Default, [00000201A1582600][00000201A0617500 49] Android_Adreno4xx, [00000201A15ED400][00000201A061B7C0 49] Android_Adreno5xx_Low, [00000201A1582400][00000201A061FA80 49] Android_Adreno5xx, [00000201A15EC700][00000201A06221C0 49] Android_Adreno6xx, [00000201A1582C00][00000201A0626480 49] Android_Adreno6xx_Vulkan, [00000201A15EFB00][00000201A062A740 49] Android_Mali_T6xx, [00000201A1580500][00000201A062EA00 49] Android_Mali_T7xx, [00000201A15EC300][00000201A0632CC0 49] Android_Mali_T8xx, [00000201A1583000][00000201A0636F80 49] Android_Mali_G71, [00000201A15EE900][00000201A0613200 49] Android_Mali_G72, [00000201A1582500][00000201A063F4C0 49] Android_Mali_G72_Vulkan, [00000201A15EDB00][00000201A0643780 49] Android_Mali_G76, [00000201A1583100][00000201A0647A40 49] Android_Mali_G76_Vulkan, [00000201A15EDE00][00000201A064A180 49] Android_Mali_G77, [00000201A1583B00][00000201A064E440 49] Android_Mali_G77_Vulkan, [00000201A15EFC00][00000201A0652700 49] Android_Mali_G78, [00000201A1583F00][00000201A06569C0 49] Android_Mali_G78_Vulkan, [00000201A15EE400][00000201A065AC80 49] Android_Mali_G710, [00000201A1581300][00000201A065EF40 49] Android_Mali_G710_Vulkan, [00000201A15EF100][00000201A063B1C0 49] Android_Vulkan_SM5, [00000201A157A400][00000201A0663440 49] Android_PowerVR_G6xxx, [00000201A15EDD00][00000201A066B700 49] Android_PowerVR_GT7xxx, [00000201A1578100][00000201A066F9C0 49] Android_PowerVR_GE8xxx, [00000201A15EF200][00000201A0672100 49] Android_PowerVR_GM9xxx, [00000201A1578300][00000201A06763C0 49] Android_PowerVR_GM9xxx_Vulkan, [00000201A15EF300][00000201A067A680 49] Android_TegraK1, [00000201A1579600][00000201A067E940 49] Android_Unknown_Vulkan, [00000201A15EE000][00000201A0682C00 49] Lumin, [00000201A1578B00][00000201A0686EC0 49] Lumin_Desktop, [00000201A15ECD00][00000201A068B180 49] HoloLens, 
[2022.10.25-15.27.30:805][  0]LogMeshReduction: Using QuadricMeshReduction for automatic static mesh reduction
[2022.10.25-15.27.30:805][  0]LogMeshReduction: Using SimplygonMeshReduction for automatic skeletal mesh reduction
[2022.10.25-15.27.30:805][  0]LogMeshReduction: Using ProxyLODMeshReduction for automatic mesh merging
[2022.10.25-15.27.30:806][  0]LogMeshReduction: No distributed automatic mesh merging module available
[2022.10.25-15.27.30:806][  0]LogMeshMerging: No distributed automatic mesh merging module available
[2022.10.25-15.27.30:816][  0]LogNetVersion: fpsgame 1.0.0, NetCL: 17155196, EngineNetVer: 17, GameNetVer: 0 (Checksum: 3215450660)
[2022.10.25-15.27.30:902][  0]LogTexture: Default maximum texture size for cubemaps generated from long-lat sources has been changed from 512 to unlimited. In order to preserve old behaiour for '/Engine/MapTemplates/Sky/DaylightAmbientCubemap.DaylightAmbientCubemap', its maximum texture size has been explicitly set to 512.
[2022.10.25-15.27.30:916][  0]LogHMD: PokeAHoleMaterial loaded successfully
[2022.10.25-15.27.30:977][  0]LogPython: Using Python 3.7.7
[2022.10.25-15.27.31:375][  0]LogNiagaraDebuggerClient: Niagara Debugger Client Initialized | Session: 6C7AC5904574DDA1E8B1C79C5571B103 | Instance: 3AFF6549496397685B4C1287F9444E9F (DESKTOP-QG36584-22020).
[2022.10.25-15.27.31:388][  0]LogCollectionManager: Loaded 0 collections in 0.001642 seconds
[2022.10.25-15.27.31:390][  0]LogFileCache: Scanning file cache for directory 'C:/Users/danie/Documents/Gamedev VR/game/UE4 game/fpsgame/Saved/Collections/' took 0.00s
[2022.10.25-15.27.31:390][  0]LogFileCache: Scanning file cache for directory 'C:/Users/danie/Documents/Gamedev VR/game/UE4 game/fpsgame/Content/Developers/danie/Collections/' took 0.00s
[2022.10.25-15.27.31:390][  0]LogFileCache: Scanning file cache for directory 'C:/Users/danie/Documents/Gamedev VR/game/UE4 game/fpsgame/Content/Collections/' took 0.00s
[2022.10.25-15.27.31:390][  0]LogCollectionManager: Fixed up redirectors for 0 collections in 0.000003 seconds (updated 0 objects)
[2022.10.25-15.27.31:455][  0]LogTcpMessaging: Initializing TcpMessaging bridge
[2022.10.25-15.27.31:457][  0]LogUdpMessaging: Initializing bridge on interface 0.0.0.0:0 to multicast group 230.0.0.1:6666.
[2022.10.25-15.27.31:506][  0]SourceControl: Source control is disabled
[2022.10.25-15.27.31:507][  0]SourceControl: Source control is disabled
[2022.10.25-15.27.31:509][  0]SourceControl: Source control is disabled
[2022.10.25-15.27.31:510][  0]LogUProjectInfo: Found projects:
[2022.10.25-15.27.31:545][  0]LogOpenImageDenoise: OIDN starting up
[2022.10.25-15.27.31:566][  0]LogAndroidPermission: UAndroidPermissionCallbackProxy::GetInstance
[2022.10.25-15.27.31:576][  0]LogAudioCaptureCore: Display: No Audio Capture implementations found. Audio input will be silent.
[2022.10.25-15.27.31:576][  0]LogAudioCaptureCore: Display: No Audio Capture implementations found. Audio input will be silent.
[2022.10.25-15.27.31:622][  0]LogOcInput: OculusInput pre-init called
[2022.10.25-15.27.31:631][  0]LogUObjectArray: 22047 objects as part of root set at end of initial load.
[2022.10.25-15.27.31:631][  0]LogUObjectAllocator: 5968112 out of 0 bytes used by permanent object pool.
[2022.10.25-15.27.31:631][  0]LogUObjectArray: CloseDisregardForGC: 0/0 objects in disregard for GC pool
[2022.10.25-15.27.31:662][  0]LogClass: Display: StructProperty FRewindDataStruct::SnapshotPosition is not initialized properly. Module:fpsgame File:RewindComponent.h
[2022.10.25-15.27.31:662][  0]LogClass: Display: StructProperty FRewindDataStruct::SnapshotRotation is not initialized properly. Module:fpsgame File:RewindComponent.h
[2022.10.25-15.27.31:663][  0]LogClass: Display: StructProperty FRewindDataStruct::SnapshotScale is not initialized properly. Module:fpsgame File:RewindComponent.h
[2022.10.25-15.27.31:664][  0]LogClass: Display: FloatProperty FWeaponStats::MaxRange is not initialized properly. Module:fpsgame File:WeaponActor.h
[2022.10.25-15.27.31:664][  0]LogClass: Display: FloatProperty FWeaponStats::FireRate is not initialized properly. Module:fpsgame File:WeaponActor.h
[2022.10.25-15.27.31:664][  0]LogClass: Display: IntProperty FWeaponStats::CartridgeBullets is not initialized properly. Module:fpsgame File:WeaponActor.h
[2022.10.25-15.27.31:665][  0]LogClass: Display: IntProperty FWeaponStats::BurstNumber is not initialized properly. Module:fpsgame File:WeaponActor.h
[2022.10.25-15.27.31:665][  0]LogClass: Display: FloatProperty FWeaponStats::BurstFireRate is not initialized properly. Module:fpsgame File:WeaponActor.h
[2022.10.25-15.27.31:665][  0]LogClass: Display: IntProperty FWeaponStats::MaxMagSize is not initialized properly. Module:fpsgame File:WeaponActor.h
[2022.10.25-15.27.31:666][  0]LogClass: Display: IntProperty FWeaponStats::MagAmmo is not initialized properly. Module:fpsgame File:WeaponActor.h
[2022.10.25-15.27.31:666][  0]LogClass: Display: FloatProperty FWeaponStats::BaseDamageTorso is not initialized properly. Module:fpsgame File:WeaponActor.h
[2022.10.25-15.27.31:666][  0]LogClass: Display: FloatProperty FWeaponStats::BaseDamageHead is not initialized properly. Module:fpsgame File:WeaponActor.h
[2022.10.25-15.27.31:667][  0]LogClass: Display: FloatProperty FWeaponStats::BaseDamageLegs is not initialized properly. Module:fpsgame File:WeaponActor.h
[2022.10.25-15.27.31:667][  0]LogClass: Display: FloatProperty FWeaponStats::BaseHipfireSpreadAngleInDegrees is not initialized properly. Module:fpsgame File:WeaponActor.h
[2022.10.25-15.27.31:667][  0]LogClass: Display: FloatProperty FWeaponStats::BaseMovementSpreadMultiplier is not initialized properly. Module:fpsgame File:WeaponActor.h
[2022.10.25-15.27.31:667][  0]LogClass: Display: EnumProperty FWeaponMetaData::GunModel is not initialized properly. Module:fpsgame File:WeaponActor.h
[2022.10.25-15.27.31:668][  0]LogClass: Display: EnumProperty FWeaponMetaData::WAWeaponType is not initialized properly. Module:fpsgame File:WeaponActor.h
[2022.10.25-15.27.31:668][  0]LogClass: Display: EnumProperty FWeaponMetaData::WAWeaponFireType is not initialized properly. Module:fpsgame File:WeaponActor.h
[2022.10.25-15.27.31:668][  0]LogClass: Display: EnumProperty FWeaponMetaData::WAWeaponHitDetectionType is not initialized properly. Module:fpsgame File:WeaponActor.h
[2022.10.25-15.27.31:669][  0]LogClass: Display: EnumProperty FWeaponMetaData::TypeOfEquip is not initialized properly. Module:fpsgame File:WeaponActor.h
[2022.10.25-15.27.31:669][  0]LogClass: Warning: ObjectProperty FWeaponVisualAssets::GunMesh is not initialized properly. Module:fpsgame File:WeaponActor.h
[2022.10.25-15.27.31:670][  0]LogClass: Warning: ObjectProperty FWeaponVisualAssets::TracerEffect is not initialized properly. Module:fpsgame File:WeaponActor.h
[2022.10.25-15.27.31:670][  0]LogClass: Warning: ObjectProperty FWeaponVisualAssets::MuzzleFlash is not initialized properly. Module:fpsgame File:WeaponActor.h
[2022.10.25-15.27.31:670][  0]LogClass: Display: StructProperty FWeaponPositionalDetails::BasePosition is not initialized properly. Module:fpsgame File:WeaponActor.h
[2022.10.25-15.27.31:671][  0]LogClass: Display: StructProperty FWeaponPositionalDetails::BaseRotation is not initialized properly. Module:fpsgame File:WeaponActor.h
[2022.10.25-15.27.31:671][  0]LogClass: Display: StructProperty FWeaponPositionalDetails::BaseScale is not initialized properly. Module:fpsgame File:WeaponActor.h
[2022.10.25-15.27.31:671][  0]LogClass: Display: StructProperty FWeaponPositionalDetails::TPBaseScale is not initialized properly. Module:fpsgame File:WeaponActor.h
[2022.10.25-15.27.31:671][  0]LogClass: Display: StructProperty FWeaponPositionalDetails::TPBaseRotation is not initialized properly. Module:fpsgame File:WeaponActor.h
[2022.10.25-15.27.31:672][  0]LogClass: Display: StructProperty FWeaponPositionalDetails::TPBasePosition is not initialized properly. Module:fpsgame File:WeaponActor.h
[2022.10.25-15.27.31:672][  0]LogClass: Display: StructProperty FWeaponPositionalDetails::MuzzlePosition is not initialized properly. Module:fpsgame File:WeaponActor.h
[2022.10.25-15.27.31:672][  0]LogClass: Display: 30 Uninitialized script struct members found including 3 object properties
[2022.10.25-15.27.31:673][  0]LogAutomationTest: Warning: ObjectProperty FWeaponVisualAssets::GunMesh is not initialized properly. Module:fpsgame File:WeaponActor.h
[2022.10.25-15.27.31:673][  0]LogAutomationTest: Warning: ObjectProperty FWeaponVisualAssets::TracerEffect is not initialized properly. Module:fpsgame File:WeaponActor.h
[2022.10.25-15.27.31:674][  0]LogAutomationTest: Warning: ObjectProperty FWeaponVisualAssets::MuzzleFlash is not initialized properly. Module:fpsgame File:WeaponActor.h
[2022.10.25-15.27.31:674][  0]LogEngine: Initializing Engine...
[2022.10.25-15.27.31:675][  0]LogStats: UGameplayTagsManager::InitializeManager -  0.000 s
[2022.10.25-15.27.31:687][  0]LogInit: Initializing FReadOnlyCVARCache
[2022.10.25-15.27.31:687][  0]LogNetVersion: Set ProjectVersion to 1.0.0.0. Version Checksum will be recalculated on next use.
[2022.10.25-15.27.31:689][  0]LogInit: Texture streaming: Disabled
[2022.10.25-15.27.31:713][  0]LogInit: Display: Game Engine Initialized.
[2022.10.25-15.27.31:713][  0]LogNiagaraEditor: GEditor isn't valid! Particle reset commands will not work for Niagara components!
[2022.10.25-15.27.31:741][  0]LogInit: Display: Starting Game.
[2022.10.25-15.27.31:741][  0]LogNet: Browse: /Game/Maps/TestMap?Name=Player
[2022.10.25-15.27.31:742][  0]LogLoad: LoadMap: /Game/Maps/TestMap?Name=Player
[2022.10.25-15.27.31:743][  0]LogWorld: BeginTearingDown for /Temp/Untitled_0
[2022.10.25-15.27.31:745][  0]LogWorld: UWorld::CleanupWorld for Untitled, bSessionEnded=true, bCleanupResources=true
[2022.10.25-15.27.31:753][  0]LogUObjectHash: Compacting FUObjectHashTables data took   0.77ms
[2022.10.25-15.27.31:840][  0]LogAIModule: Creating AISystem for world TestMap
[2022.10.25-15.27.32:037][  0]LogLoad: Game class is 'BP_FPSGameModeDefault_C'
[2022.10.25-15.27.32:037][  0]LogNet: PktLoss set to 0
[2022.10.25-15.27.32:038][  0]LogNet: PktLagMin set to 0
[2022.10.25-15.27.32:039][  0]LogNet: PktLagMax set to 0
[2022.10.25-15.27.32:039][  0]LogNet: PktIncomingLagMin set to 0
[2022.10.25-15.27.32:040][  0]LogNet: PktIncomingLagMax set to 0
[2022.10.25-15.27.32:040][  0]LogNet: PktIncomingLoss set to 0
[2022.10.25-15.27.32:040][  0]LogNet: PktLoss set to 0
[2022.10.25-15.27.32:041][  0]LogNet: PktLagMin set to 0
[2022.10.25-15.27.32:042][  0]LogNet: PktLagMax set to 0
[2022.10.25-15.27.32:042][  0]LogNet: PktIncomingLagMin set to 0
[2022.10.25-15.27.32:042][  0]LogNet: PktIncomingLagMax set to 0
[2022.10.25-15.27.32:042][  0]LogNet: PktIncomingLoss set to 0
[2022.10.25-15.27.32:043][  0]LogNet: PktLoss set to 0
[2022.10.25-15.27.32:043][  0]LogNet: PktLagMin set to 0
[2022.10.25-15.27.32:043][  0]LogNet: PktLagMax set to 0
[2022.10.25-15.27.32:044][  0]LogNet: PktIncomingLagMin set to 0
[2022.10.25-15.27.32:044][  0]LogNet: PktIncomingLagMax set to 0
[2022.10.25-15.27.32:045][  0]LogNet: PktIncomingLoss set to 0
[2022.10.25-15.27.32:045][  0]LogNet: ReplicationDriverClass is null! Not using ReplicationDriver.
[2022.10.25-15.27.32:046][  0]LogNetCore: DDoS detection status: detection enabled: 0 analytics enabled: 0
[2022.10.25-15.27.32:047][  0]LogInit: WinSock: Socket queue. Rx: 131072 (config 131072) Tx: 131072 (config 131072)
[2022.10.25-15.27.32:047][  0]LogNet: Created socket for bind address: 0.0.0.0 on port 17777
[2022.10.25-15.27.32:048][  0]PacketHandlerLog: Loaded PacketHandler component: Engine.EngineHandlerComponentFactory (StatelessConnectHandlerComponent)
[2022.10.25-15.27.32:048][  0]LogNet: GameNetDriver IpNetDriver_0 IpNetDriver listening on port 17777
[2022.10.25-15.27.32:050][  0]LogWorld: Bringing World /Game/Maps/TestMap.TestMap up for play (max tick rate 30) at 2022.10.25-16.27.32
[2022.10.25-15.27.32:051][  0]LogWorld: Bringing up level for play took: 0.002115
[2022.10.25-15.27.32:051][  0]LogGameMode: Display: Match State Changed from EnteringMap to WaitingToStart
[2022.10.25-15.27.32:052][  0]LogGameState: Match State Changed from EnteringMap to WaitingToStart
[2022.10.25-15.27.32:052][  0]LogLoad: Took 0.311277 seconds to LoadMap(/Game/Maps/TestMap)
[2022.10.25-15.27.32:057][  0]LogInit: Display: Engine is initialized. Leaving FEngineLoop::Init()
[2022.10.25-15.27.32:057][  0]LogLoad: (Engine Initialization) Total time: 4.69 seconds
[2022.10.25-15.27.32:058][  0]LogLoad: (Engine Initialization) Total Blueprint compile time: 0.00 seconds
[2022.10.25-15.27.32:323][  7]LogNet: NotifyAcceptingConnection accepted from: 127.0.0.1:55371
[2022.10.25-15.27.32:323][  7]LogHandshake: SendConnectChallenge. Timestamp: 0.264094, Cookie: 079127183143051201142224132087249004015230057184230202135242
[2022.10.25-15.27.32:356][  8]LogNet: NotifyAcceptingConnection accepted from: 127.0.0.1:55371
[2022.10.25-15.27.32:356][  8]LogHandshake: SendChallengeAck. InCookie: 079127183143051201142224132087249004015230057184230202135242
[2022.10.25-15.27.32:357][  8]LogNet: Server accepting post-challenge connection from: 127.0.0.1:55371
[2022.10.25-15.27.32:357][  8]PacketHandlerLog: Loaded PacketHandler component: Engine.EngineHandlerComponentFactory (StatelessConnectHandlerComponent)
[2022.10.25-15.27.32:357][  8]LogNet: NotifyAcceptedConnection: Name: TestMap, TimeStamp: 10/25/22 16:27:32, [UNetConnection] RemoteAddr: 127.0.0.1:55371, Name: IpConnection_0, Driver: GameNetDriver IpNetDriver_0, IsServer: YES, PC: NULL, Owner: NULL, UniqueId: INVALID
[2022.10.25-15.27.32:358][  8]LogNet: AddClientConnection: Added client connection: [UNetConnection] RemoteAddr: 127.0.0.1:55371, Name: IpConnection_0, Driver: GameNetDriver IpNetDriver_0, IsServer: YES, PC: NULL, Owner: NULL, UniqueId: INVALID
[2022.10.25-15.27.32:389][  9]LogNet: NotifyAcceptingChannel Control 0 server World /Game/Maps/TestMap.TestMap: Accepted
[2022.10.25-15.27.32:389][  9]LogNet: Remote platform little endian=1
[2022.10.25-15.27.32:390][  9]LogNet: This platform little endian=1
[2022.10.25-15.27.32:390][  9]LogNetVersion: fpsgame 1.0.0.0, NetCL: 17155196, EngineNetVer: 17, GameNetVer: 0 (Checksum: 1484303137)
[2022.10.25-15.27.32:423][ 10]LogNet: Login request: ?PktLagMin=0?PktLagMax=0?PktLoss=0?PktIncomingLagMin=0?PktIncomingLagMax=0?PktIncomingLoss=0?Name=DESKTOP-QG36584-A3498FF54F45C1F3E0EA6CA6546C89FF userId: NULL:DESKTOP-QG36584-A3498FF54F45C1F3E0EA6CA6546C89FF platform: NULL
[2022.10.25-15.27.32:457][ 11]LogNet: Client netspeed is 100000
[2022.10.25-15.27.32:457][ 11]LogNet: Join request: /Engine/Maps/Entry?PktLagMin=0?PktLagMax=0?PktLoss=0?PktIncomingLagMin=0?PktIncomingLagMax=0?PktIncomingLoss=0?Name=DESKTOP-QG36584-A3498FF54F45C1F3E0EA6CA6546C89FF?SplitscreenCount=1
[2022.10.25-15.27.32:458][ 11]LogOnlineSession: Warning: OSS: No game present to join for session (GameSession)
[2022.10.25-15.27.32:460][ 11]LogGameMode: Display: Match State Changed from WaitingToStart to InProgress
[2022.10.25-15.27.32:461][ 11]LogTemp: Warning: Numebr of rewind components = 1
[2022.10.25-15.27.32:462][ 11]LogGameState: Match State Changed from WaitingToStart to InProgress
[2022.10.25-15.27.32:462][ 11]LogNet: Join succeeded: DESKTOP-QG36584-A349
[2022.10.25-15.27.32:787][ 21]LogNet: NotifyAcceptingConnection accepted from: 127.0.0.1:60823
[2022.10.25-15.27.32:787][ 21]LogHandshake: SendConnectChallenge. Timestamp: 0.728032, Cookie: 046039058115214221103052230150247155140070162081219171055030
[2022.10.25-15.27.32:820][ 22]LogNet: NotifyAcceptingConnection accepted from: 127.0.0.1:60823
[2022.10.25-15.27.32:820][ 22]LogHandshake: SendChallengeAck. InCookie: 046039058115214221103052230150247155140070162081219171055030
[2022.10.25-15.27.32:820][ 22]LogNet: Server accepting post-challenge connection from: 127.0.0.1:60823
[2022.10.25-15.27.32:821][ 22]PacketHandlerLog: Loaded PacketHandler component: Engine.EngineHandlerComponentFactory (StatelessConnectHandlerComponent)
[2022.10.25-15.27.32:821][ 22]LogNet: NotifyAcceptedConnection: Name: TestMap, TimeStamp: 10/25/22 16:27:32, [UNetConnection] RemoteAddr: 127.0.0.1:60823, Name: IpConnection_1, Driver: GameNetDriver IpNetDriver_0, IsServer: YES, PC: NULL, Owner: NULL, UniqueId: INVALID
[2022.10.25-15.27.32:821][ 22]LogNet: AddClientConnection: Added client connection: [UNetConnection] RemoteAddr: 127.0.0.1:60823, Name: IpConnection_1, Driver: GameNetDriver IpNetDriver_0, IsServer: YES, PC: NULL, Owner: NULL, UniqueId: INVALID
[2022.10.25-15.27.32:822][ 22]LogNet: NotifyAcceptingChannel Control 0 server World /Game/Maps/TestMap.TestMap: Accepted
[2022.10.25-15.27.32:822][ 22]LogNet: Remote platform little endian=1
[2022.10.25-15.27.32:822][ 22]LogNet: This platform little endian=1
[2022.10.25-15.27.32:854][ 23]LogNet: Login request: ?Name=DESKTOP-QG36584-DE03BD134ABA6C53D64E2EB341CB967F userId: NULL:DESKTOP-QG36584-DE03BD134ABA6C53D64E2EB341CB967F platform: NULL
[2022.10.25-15.27.33:151][ 32]LogNet: Client netspeed is 100000
[2022.10.25-15.27.33:151][ 32]LogNet: Join request: /Engine/Maps/Entry?Name=DESKTOP-QG36584-DE03BD134ABA6C53D64E2EB341CB967F?SplitscreenCount=1
[2022.10.25-15.27.33:152][ 32]LogOnlineSession: Warning: OSS: No game present to join for session (GameSession)
[2022.10.25-15.27.33:153][ 32]LogTemp: Warning: Numebr of rewind components = 2
[2022.10.25-15.27.33:154][ 32]LogNet: Join succeeded: DESKTOP-QG36584-DE03
[2022.10.25-15.27.33:944][ 56]LogTemp: Warning: RELIABLE SPRINT RPC CALL
[2022.10.25-15.27.34:475][ 72]LogTemp: Warning: RELIABLE SPRINT RPC CALL
[2022.10.25-15.27.35:268][ 96]LogTemp: Warning: Reliable pickup call
[2022.10.25-15.27.35:269][ 96]LogTemp: Warning: diarrhea
[2022.10.25-15.27.35:501][103]LogTemp: Warning: Secondary pickup reliable switch call
[2022.10.25-15.27.35:501][103]LogTemp: Warning: Equipping secondary
[2022.10.25-15.27.35:502][103]LogTemp: Warning: No longer bursting
[2022.10.25-15.27.35:503][103]LogTemp: Warning: TP attach
