Log file open, 08/24/22 19:53:16
LogWindows: Failed to load 'aqProf.dll' (GetLastError=126)
LogWindows: File 'aqProf.dll' does not exist
LogWindows: Failed to load 'VtuneApi.dll' (GetLastError=126)
LogWindows: File 'VtuneApi.dll' does not exist
LogWindows: Failed to load 'VtuneApi32e.dll' (GetLastError=126)
LogWindows: File 'VtuneApi32e.dll' does not exist
LogConsoleResponse: Display: Failed to find resolution value strings in scalability ini. Falling back to default.
LogConsoleResponse: Display: Failed to find resolution value strings in scalability ini. Falling back to default.
LogInit: Display: Running engine for game: fpsgame
LogPlatformFile: Not using cached read wrapper
LogTaskGraph: Started task graph with 5 named threads and 17 total threads with 3 sets of task threads.
LogStats: Stats thread started at 0.215396
LogICUInternationalization: ICU TimeZone Detection - Raw Offset: +0:00, Platform Override: ''
LogInit: Display: Loading text-based GConfig....
LogPluginManager: Mounting plugin MeshPainting
LogPluginManager: Mounting plugin XGEController
LogPluginManager: Mounting plugin Paper2D
LogPluginManager: Mounting plugin AISupport
LogPluginManager: Mounting plugin EnvironmentQueryEditor
LogPluginManager: Mounting plugin LiveLink
LogPluginManager: Mounting plugin LightPropagationVolume
LogPluginManager: Mounting plugin CameraShakePreviewer
LogPluginManager: Mounting plugin GameplayCameras
LogPluginManager: Mounting plugin OodleData
LogPluginManager: Mounting plugin OodleNetwork
LogPluginManager: Mounting plugin AnimationSharing
LogPluginManager: Mounting plugin CLionSourceCodeAccess
LogPluginManager: Mounting plugin CodeLiteSourceCodeAccess
LogPluginManager: Mounting plugin GitSourceControl
LogPluginManager: Mounting plugin KDevelopSourceCodeAccess
LogPluginManager: Mounting plugin NullSourceCodeAccess
LogPluginManager: Mounting plugin PerforceSourceControl
LogPluginManager: Mounting plugin PixWinPlugin
LogPluginManager: Mounting plugin PlasticSourceControl
LogPluginManager: Mounting plugin PluginUtils
LogPluginManager: Mounting plugin PropertyAccessNode
LogPluginManager: Mounting plugin RiderSourceCodeAccess
LogPluginManager: Mounting plugin SubversionSourceControl
LogPluginManager: Mounting plugin TextureFormatOodle
LogPluginManager: Mounting plugin UObjectPlugin
LogPluginManager: Mounting plugin VisualStudioCodeSourceCodeAccess
LogPluginManager: Mounting plugin VisualStudioSourceCodeAccess
LogPluginManager: Mounting plugin XCodeSourceCodeAccess
LogPluginManager: Mounting plugin AssetManagerEditor
LogPluginManager: Mounting plugin CryptoKeys
LogPluginManager: Mounting plugin CurveEditorTools
LogPluginManager: Mounting plugin DataValidation
LogPluginManager: Mounting plugin FacialAnimation
LogPluginManager: Mounting plugin GameplayTagsEditor
LogPluginManager: Mounting plugin GeometryMode
LogPluginManager: Mounting plugin MacGraphicsSwitching
LogPluginManager: Mounting plugin MaterialAnalyzer
LogPluginManager: Mounting plugin MobileLauncherProfileWizard
LogPluginManager: Mounting plugin PluginBrowser
LogPluginManager: Mounting plugin SpeedTreeImporter
LogPluginManager: Mounting plugin DatasmithContent
LogPluginManager: Mounting plugin VariantManagerContent
LogPluginManager: Mounting plugin AlembicImporter
LogPluginManager: Mounting plugin AutomationUtils
LogPluginManager: Mounting plugin BackChannel
LogPluginManager: Mounting plugin ChaosCloth
LogPluginManager: Mounting plugin ChaosClothEditor
LogPluginManager: Mounting plugin ChaosEditor
LogPluginManager: Mounting plugin ChaosNiagara
LogPluginManager: Mounting plugin ChaosSolverPlugin
LogPluginManager: Mounting plugin CharacterAI
LogPluginManager: Mounting plugin GeometryCache
LogPluginManager: Mounting plugin GeometryCollectionPlugin
LogPluginManager: Mounting plugin GeometryProcessing
LogPluginManager: Mounting plugin MotoSynth
LogPluginManager: Mounting plugin OpenImageDenoise
LogPluginManager: Mounting plugin PlanarCut
LogPluginManager: Mounting plugin PlatformCrypto
LogPluginManager: Mounting plugin ProxyLODPlugin
LogPluginManager: Mounting plugin PythonScriptPlugin
LogPluginManager: Mounting plugin SkeletalReduction
LogPluginManager: Mounting plugin Niagara
LogPluginManager: Mounting plugin LuminPlatformFeatures
LogPluginManager: Mounting plugin MagicLeap
LogPluginManager: Mounting plugin MagicLeapLightEstimation
LogPluginManager: Mounting plugin MagicLeapMedia
LogPluginManager: Mounting plugin MagicLeapPassableWorld
LogPluginManager: Mounting plugin MLSDK
LogPluginManager: Mounting plugin AndroidMedia
LogPluginManager: Mounting plugin AvfMedia
LogPluginManager: Mounting plugin ImgMedia
LogPluginManager: Mounting plugin MediaCompositing
LogPluginManager: Mounting plugin MediaPlayerEditor
LogPluginManager: Mounting plugin WebMMedia
LogPluginManager: Mounting plugin WmfMedia
LogPluginManager: Mounting plugin TcpMessaging
LogPluginManager: Mounting plugin UdpMessaging
LogPluginManager: Mounting plugin ActorSequence
LogPluginManager: Mounting plugin LevelSequenceEditor
LogPluginManager: Mounting plugin MatineeToLevelSequence
LogPluginManager: Mounting plugin TemplateSequence
LogPluginManager: Mounting plugin OnlineSubsystem
LogPluginManager: Mounting plugin OnlineSubsystemNull
LogPluginManager: Mounting plugin OnlineSubsystemUtils
LogPluginManager: Mounting plugin LauncherChunkInstaller
LogPluginManager: Mounting plugin ActorLayerUtilities
LogPluginManager: Mounting plugin AndroidDeviceProfileSelector
LogPluginManager: Mounting plugin AndroidMoviePlayer
LogPluginManager: Mounting plugin AndroidPermission
LogPluginManager: Mounting plugin AppleImageUtils
LogPluginManager: Mounting plugin AppleMoviePlayer
LogPluginManager: Mounting plugin ArchVisCharacter
LogPluginManager: Mounting plugin AssetTags
LogPluginManager: Mounting plugin AudioCapture
LogPluginManager: Mounting plugin AudioSynesthesia
LogPluginManager: Mounting plugin CableComponent
LogPluginManager: Mounting plugin ChunkDownloader
LogPluginManager: Mounting plugin CustomMeshComponent
LogPluginManager: Mounting plugin EditableMesh
LogPluginManager: Mounting plugin ExampleDeviceProfileSelector
LogPluginManager: Mounting plugin GoogleCloudMessaging
LogPluginManager: Mounting plugin GooglePAD
LogPluginManager: Mounting plugin IOSDeviceProfileSelector
LogPluginManager: Mounting plugin LinuxDeviceProfileSelector
LogPluginManager: Mounting plugin LocationServicesBPLibrary
LogPluginManager: Mounting plugin MobilePatchingUtils
LogPluginManager: Mounting plugin OpenXR
LogPluginManager: Mounting plugin OpenXREyeTracker
LogPluginManager: Mounting plugin OpenXRHandTracking
LogPluginManager: Mounting plugin PhysXVehicles
LogPluginManager: Mounting plugin PostSplashScreen
LogPluginManager: Mounting plugin ProceduralMeshComponent
LogPluginManager: Mounting plugin PropertyAccessEditor
LogPluginManager: Mounting plugin RuntimePhysXCooking
LogPluginManager: Mounting plugin SignificanceManager
LogPluginManager: Mounting plugin SoundFields
LogPluginManager: Mounting plugin Synthesis
LogPluginManager: Mounting plugin WebMMoviePlayer
LogPluginManager: Mounting plugin WindowsMoviePlayer
LogPluginManager: Mounting plugin ScreenshotTools
LogPluginManager: Mounting plugin Takes
LogPluginManager: Mounting plugin ContentBrowserAssetDataSource
LogPluginManager: Mounting plugin ContentBrowserClassDataSource
LogPluginManager: Mounting plugin ContentBrowserFileDataSource
LogPluginManager: Mounting plugin OnlineSubsystemGooglePlay
LogPluginManager: Mounting plugin OnlineSubsystemIOS
LogPluginManager: Mounting plugin OculusVR
LogPluginManager: Mounting plugin SteamVR
PixWinPlugin: PIX capture plugin failed to initialize! Check that the process is launched from PIX.
LogInit: Using libcurl 7.55.1-DEV
LogInit:  - built for x86_64-pc-win32
LogInit:  - supports SSL with OpenSSL/1.1.1
LogInit:  - supports HTTP deflate (compression) using libz 1.2.8
LogInit:  - other features:
LogInit:      CURL_VERSION_SSL
LogInit:      CURL_VERSION_LIBZ
LogInit:      CURL_VERSION_IPV6
LogInit:      CURL_VERSION_ASYNCHDNS
LogInit:      CURL_VERSION_LARGEFILE
LogInit:      CURL_VERSION_IDN
LogInit:  CurlRequestOptions (configurable via config and command line):
LogInit:  - bVerifyPeer = true  - Libcurl will verify peer certificate
LogInit:  - bUseHttpProxy = false  - Libcurl will NOT use HTTP proxy
LogInit:  - bDontReuseConnections = false  - Libcurl will reuse connections
LogInit:  - MaxHostConnections = 16  - Libcurl will limit the number of connections to a host
LogInit:  - LocalHostAddr = Default
LogInit:  - BufferSize = 65536
LogOnline: OSS: Creating online subsystem instance for: NULL
LogInit: WinSock: version 1.1 (2.2), MaxSocks=32767, MaxUdp=65467
LogOnline: OSS: TryLoadSubsystemAndSetDefault: Loaded subsystem for module [NULL]
LogInit: Build: ++UE4+Release-4.27-CL-18319896
LogInit: Engine Version: 4.27.2-18319896+++UE4+Release-4.27
LogInit: Compatible Engine Version: 4.27.0-17155196+++UE4+Release-4.27
LogInit: Net CL: 17155196
LogInit: OS: Windows 10 (Release 2009) (), CPU: AMD Ryzen 5 3600X 6-Core Processor             , GPU: AMD Radeon RX 5700 XT
LogInit: Compiled (64-bit): Nov 30 2021 07:12:08
LogInit: Compiled with Visual C++: 19.24.28315.00
LogInit: Build Configuration: Development
LogInit: Branch Name: ++UE4+Release-4.27
LogInit: Command Line:  /Game/Maps/TestMap -game -PIEVIACONSOLE -Multiprocess -server -log "GameUserSettingsINI=C:/Users/danie/Documents/Gamedev VR/game/UE4 game/fpsgame/Saved/Config/Windows/PIEGameUserSettings0.ini" -MultiprocessSaveConfig -forcepassthrough -messaging -SessionName="Play in Standalone Game" -port=17777 -PktLagMin=200 -PktLagMax=200 -PktLoss=0 -PktIncomingLagMin=200 -PktIncomingLagMax=200 -PktIncomingLoss=0 -windowed
LogInit: Base Directory: C:/Program Files/Epic Games/UE_4.27/Engine/Binaries/Win64/
LogInit: Allocator: TBB
LogInit: Installed Engine Build: 1
LogDevObjectVersion: Number of dev versions registered: 29
LogDevObjectVersion:   Dev-Blueprints (B0D832E4-1F89-4F0D-ACCF-7EB736FD4AA2): 10
LogDevObjectVersion:   Dev-Build (E1C64328-A22C-4D53-A36C-8E866417BD8C): 0
LogDevObjectVersion:   Dev-Core (375EC13C-06E4-48FB-B500-84F0262A717E): 4
LogDevObjectVersion:   Dev-Editor (E4B068ED-F494-42E9-A231-DA0B2E46BB41): 40
LogDevObjectVersion:   Dev-Framework (CFFC743F-43B0-4480-9391-14DF171D2073): 37
LogDevObjectVersion:   Dev-Mobile (B02B49B5-BB20-44E9-A304-32B752E40360): 3
LogDevObjectVersion:   Dev-Networking (A4E4105C-59A1-49B5-A7C5-40C4547EDFEE): 0
LogDevObjectVersion:   Dev-Online (39C831C9-5AE6-47DC-9A44-9C173E1C8E7C): 0
LogDevObjectVersion:   Dev-Physics (78F01B33-EBEA-4F98-B9B4-84EACCB95AA2): 14
LogDevObjectVersion:   Dev-Platform (6631380F-2D4D-43E0-8009-CF276956A95A): 0
LogDevObjectVersion:   Dev-Rendering (12F88B9F-8875-4AFC-A67C-D90C383ABD29): 45
LogDevObjectVersion:   Dev-Sequencer (7B5AE74C-D270-4C10-A958-57980B212A5A): 13
LogDevObjectVersion:   Dev-VR (D7296918-1DD6-4BDD-9DE2-64A83CC13884): 3
LogDevObjectVersion:   Dev-LoadTimes (C2A15278-BFE7-4AFE-6C17-90FF531DF755): 1
LogDevObjectVersion:   Private-Geometry (6EACA3D4-40EC-4CC1-B786-8BED09428FC5): 3
LogDevObjectVersion:   Dev-AnimPhys (29E575DD-E0A3-4627-9D10-D276232CDCEA): 17
LogDevObjectVersion:   Dev-Anim (AF43A65D-7FD3-4947-9873-3E8ED9C1BB05): 15
LogDevObjectVersion:   Dev-ReflectionCapture (6B266CEC-1EC7-4B8F-A30B-E4D90942FC07): 1
LogDevObjectVersion:   Dev-Automation (0DF73D61-A23F-47EA-B727-89E90C41499A): 1
LogDevObjectVersion:   FortniteMain (601D1886-AC64-4F84-AA16-D3DE0DEAC7D6): 47
LogDevObjectVersion:   FortniteRelease (E7086368-6B23-4C58-8439-1B7016265E91): 1
LogDevObjectVersion:   Dev-Enterprise (9DFFBCD6-494F-0158-E221-12823C92A888): 10
LogDevObjectVersion:   Dev-Niagara (F2AED0AC-9AFE-416F-8664-AA7FFA26D6FC): 1
LogDevObjectVersion:   Dev-Destruction (174F1F0B-B4C6-45A5-B13F-2EE8D0FB917D): 10
LogDevObjectVersion:   Dev-Physics-Ext (35F94A83-E258-406C-A318-09F59610247C): 41
LogDevObjectVersion:   Dev-PhysicsMaterial-Chaos (B68FC16E-8B1B-42E2-B453-215C058844FE): 1
LogDevObjectVersion:   Dev-CineCamera (B2E18506-4273-CFC2-A54E-F4BB758BBA07): 1
LogDevObjectVersion:   Dev-VirtualProduction (64F58936-FD1B-42BA-BA96-7289D5D0FA4E): 1
LogDevObjectVersion:   Dev-MediaFramework (6F0ED827-A609-4895-9C91-998D90180EA4): 2
LogInit: Presizing for max 25165824 objects, including 0 objects not considered by GC, pre-allocating 0 bytes for permanent pool.
LogConfig: Applying CVar settings from Section [/Script/Engine.StreamingSettings] File [C:/Users/danie/Documents/Gamedev VR/game/UE4 game/fpsgame/Saved/Config/Windows/Engine.ini]
LogConfig: Setting CVar [[s.MinBulkDataSizeForAsyncLoading:131072]]
LogConfig: Setting CVar [[s.AsyncLoadingThreadEnabled:0]]
LogConfig: Setting CVar [[s.EventDrivenLoaderEnabled:1]]
LogConfig: Setting CVar [[s.WarnIfTimeLimitExceeded:0]]
LogConfig: Setting CVar [[s.TimeLimitExceededMultiplier:1.5]]
LogConfig: Setting CVar [[s.TimeLimitExceededMinTime:0.005]]
LogConfig: Setting CVar [[s.UseBackgroundLevelStreaming:1]]
LogConfig: Setting CVar [[s.PriorityAsyncLoadingExtraTime:15.0]]
LogConfig: Setting CVar [[s.LevelStreamingActorsUpdateTimeLimit:5.0]]
LogConfig: Setting CVar [[s.PriorityLevelStreamingActorsUpdateExtraTime:5.0]]
LogConfig: Setting CVar [[s.LevelStreamingComponentsRegistrationGranularity:10]]
LogConfig: Setting CVar [[s.UnregisterComponentsTimeLimit:1.0]]
LogConfig: Setting CVar [[s.LevelStreamingComponentsUnregistrationGranularity:5]]
LogConfig: Setting CVar [[s.FlushStreamingOnExit:1]]
LogInit: Object subsystem initialized
LogConfig: Setting CVar [[con.DebugEarlyDefault:1]]
LogConfig: Setting CVar [[r.setres:1280x720]]
[2022.08.24-18.53.17:166][  0]LogConfig: Setting CVar [[con.DebugEarlyDefault:1]]
[2022.08.24-18.53.17:166][  0]LogConfig: Setting CVar [[r.setres:1280x720]]
[2022.08.24-18.53.17:166][  0]LogConfig: Applying CVar settings from Section [/Script/Engine.RendererSettings] File [C:/Users/danie/Documents/Gamedev VR/game/UE4 game/fpsgame/Saved/Config/Windows/Engine.ini]
[2022.08.24-18.53.17:166][  0]LogConfig: Setting CVar [[r.GPUCrashDebugging:0]]
[2022.08.24-18.53.17:167][  0]LogConfig: Setting CVar [[r.Mobile.DisableVertexFog:1]]
[2022.08.24-18.53.17:167][  0]LogConfig: Setting CVar [[r.Shadow.CSM.MaxMobileCascades:2]]
[2022.08.24-18.53.17:167][  0]LogConfig: Setting CVar [[r.MobileMSAA:1]]
[2022.08.24-18.53.17:168][  0]LogConfig: Setting CVar [[r.Mobile.AllowDitheredLODTransition:0]]
[2022.08.24-18.53.17:168][  0]LogConfig: Setting CVar [[r.Mobile.AllowSoftwareOcclusion:0]]
[2022.08.24-18.53.17:168][  0]LogConfig: Setting CVar [[r.Mobile.VirtualTextures:0]]
[2022.08.24-18.53.17:168][  0]LogConfig: Setting CVar [[r.DiscardUnusedQuality:0]]
[2022.08.24-18.53.17:169][  0]LogConfig: Setting CVar [[r.AllowOcclusionQueries:1]]
[2022.08.24-18.53.17:169][  0]LogConfig: Setting CVar [[r.MinScreenRadiusForLights:0.030000]]
[2022.08.24-18.53.17:169][  0]LogConfig: Setting CVar [[r.MinScreenRadiusForDepthPrepass:0.030000]]
[2022.08.24-18.53.17:169][  0]LogConfig: Setting CVar [[r.MinScreenRadiusForCSMDepth:0.010000]]
[2022.08.24-18.53.17:170][  0]LogConfig: Setting CVar [[r.PrecomputedVisibilityWarning:0]]
[2022.08.24-18.53.17:170][  0]LogConfig: Setting CVar [[r.TextureStreaming:1]]
[2022.08.24-18.53.17:170][  0]LogConfig: Setting CVar [[Compat.UseDXT5NormalMaps:0]]
[2022.08.24-18.53.17:170][  0]LogConfig: Setting CVar [[r.VirtualTextures:0]]
[2022.08.24-18.53.17:171][  0]LogConfig: Setting CVar [[r.VT.EnableAutoImport:1]]
[2022.08.24-18.53.17:173][  0]LogConfig: Setting CVar [[r.VirtualTexturedLightmaps:0]]
[2022.08.24-18.53.17:174][  0]LogConfig: Setting CVar [[r.VT.TileSize:128]]
[2022.08.24-18.53.17:174][  0]LogConfig: Setting CVar [[r.VT.TileBorderSize:4]]
[2022.08.24-18.53.17:174][  0]LogConfig: Setting CVar [[r.vt.FeedbackFactor:16]]
[2022.08.24-18.53.17:174][  0]LogConfig: Setting CVar [[r.VT.EnableCompressZlib:1]]
[2022.08.24-18.53.17:175][  0]LogConfig: Setting CVar [[r.VT.EnableCompressCrunch:0]]
[2022.08.24-18.53.17:175][  0]LogConfig: Setting CVar [[r.ClearCoatNormal:0]]
[2022.08.24-18.53.17:175][  0]LogConfig: Setting CVar [[r.ReflectionCaptureResolution:128]]
[2022.08.24-18.53.17:175][  0]LogConfig: Setting CVar [[r.Mobile.ReflectionCaptureCompression:0]]
[2022.08.24-18.53.17:176][  0]LogConfig: Setting CVar [[r.ReflectionEnvironmentLightmapMixBasedOnRoughness:1]]
[2022.08.24-18.53.17:176][  0]LogConfig: Setting CVar [[r.ForwardShading:0]]
[2022.08.24-18.53.17:176][  0]LogConfig: Setting CVar [[r.VertexFoggingForOpaque:1]]
[2022.08.24-18.53.17:176][  0]LogConfig: Setting CVar [[r.AllowStaticLighting:1]]
[2022.08.24-18.53.17:177][  0]LogConfig: Setting CVar [[r.NormalMapsForStaticLighting:0]]
[2022.08.24-18.53.17:177][  0]LogConfig: Setting CVar [[r.GenerateMeshDistanceFields:0]]
[2022.08.24-18.53.17:177][  0]LogConfig: Setting CVar [[r.DistanceFieldBuild.EightBit:0]]
[2022.08.24-18.53.17:178][  0]LogConfig: Setting CVar [[r.GenerateLandscapeGIData:0]]
[2022.08.24-18.53.17:178][  0]LogConfig: Setting CVar [[r.DistanceFieldBuild.Compress:0]]
[2022.08.24-18.53.17:178][  0]LogConfig: Setting CVar [[r.TessellationAdaptivePixelsPerTriangle:48.000000]]
[2022.08.24-18.53.17:178][  0]LogConfig: Setting CVar [[r.SeparateTranslucency:1]]
[2022.08.24-18.53.17:179][  0]LogConfig: Setting CVar [[r.TranslucentSortPolicy:0]]
[2022.08.24-18.53.17:179][  0]LogConfig: Setting CVar [[vr.VRS.HMDFixedFoveationLevel:0]]
[2022.08.24-18.53.17:179][  0]LogConfig: Setting CVar [[r.CustomDepth:1]]
[2022.08.24-18.53.17:179][  0]LogConfig: Setting CVar [[r.CustomDepthTemporalAAJitter:1]]
[2022.08.24-18.53.17:180][  0]LogConfig: Setting CVar [[r.PostProcessing.PropagateAlpha:0]]
[2022.08.24-18.53.17:180][  0]LogConfig: Setting CVar [[r.DefaultFeature.Bloom:1]]
[2022.08.24-18.53.17:180][  0]LogConfig: Setting CVar [[r.DefaultFeature.AmbientOcclusion:1]]
[2022.08.24-18.53.17:180][  0]LogConfig: Setting CVar [[r.DefaultFeature.AmbientOcclusionStaticFraction:1]]
[2022.08.24-18.53.17:181][  0]LogConfig: Setting CVar [[r.DefaultFeature.AutoExposure:0]]
[2022.08.24-18.53.17:181][  0]LogConfig: Setting CVar [[r.DefaultFeature.AutoExposure.Method:0]]
[2022.08.24-18.53.17:181][  0]LogConfig: Setting CVar [[r.DefaultFeature.AutoExposure.Bias:1.000000]]
[2022.08.24-18.53.17:181][  0]LogConfig: Setting CVar [[r.DefaultFeature.AutoExposure.ExtendDefaultLuminanceRange:0]]
[2022.08.24-18.53.17:182][  0]LogConfig: Setting CVar [[r.UsePreExposure:1]]
[2022.08.24-18.53.17:182][  0]LogConfig: Setting CVar [[r.EyeAdaptation.EditorOnly:0]]
[2022.08.24-18.53.17:182][  0]LogConfig: Setting CVar [[r.DefaultFeature.MotionBlur:0]]
[2022.08.24-18.53.17:182][  0]LogConfig: Setting CVar [[r.DefaultFeature.LensFlare:0]]
[2022.08.24-18.53.17:183][  0]LogConfig: Setting CVar [[r.TemporalAA.Upsampling:0]]
[2022.08.24-18.53.17:183][  0]LogConfig: Setting CVar [[r.SSGI.Enable:0]]
[2022.08.24-18.53.17:183][  0]LogConfig: Setting CVar [[r.DefaultFeature.AntiAliasing:0]]
[2022.08.24-18.53.17:184][  0]LogConfig: Setting CVar [[r.DefaultFeature.LightUnits:1]]
[2022.08.24-18.53.17:184][  0]LogConfig: Setting CVar [[r.DefaultBackBufferPixelFormat:4]]
[2022.08.24-18.53.17:184][  0]LogConfig: Setting CVar [[r.Shadow.UnbuiltPreviewInGame:1]]
[2022.08.24-18.53.17:184][  0]LogConfig: Setting CVar [[r.StencilForLODDither:0]]
[2022.08.24-18.53.17:185][  0]LogConfig: Setting CVar [[r.EarlyZPass:3]]
[2022.08.24-18.53.17:185][  0]LogConfig: Setting CVar [[r.EarlyZPassOnlyMaterialMasking:0]]
[2022.08.24-18.53.17:185][  0]LogConfig: Setting CVar [[r.DBuffer:1]]
[2022.08.24-18.53.17:185][  0]LogConfig: Setting CVar [[r.ClearSceneMethod:1]]
[2022.08.24-18.53.17:186][  0]LogConfig: Setting CVar [[r.BasePassOutputsVelocity:0]]
[2022.08.24-18.53.17:186][  0]LogConfig: Setting CVar [[r.VertexDeformationOutputsVelocity:0]]
[2022.08.24-18.53.17:186][  0]LogConfig: Setting CVar [[r.SelectiveBasePassOutputs:0]]
[2022.08.24-18.53.17:187][  0]LogConfig: Setting CVar [[fx.GPUSimulationTextureSizeX:1024]]
[2022.08.24-18.53.17:189][  0]LogConfig: Setting CVar [[fx.GPUSimulationTextureSizeY:1024]]
[2022.08.24-18.53.17:189][  0]LogConfig: Setting CVar [[r.AllowGlobalClipPlane:0]]
[2022.08.24-18.53.17:190][  0]LogConfig: Setting CVar [[r.GBufferFormat:1]]
[2022.08.24-18.53.17:190][  0]LogConfig: Setting CVar [[r.MorphTarget.Mode:1]]
[2022.08.24-18.53.17:190][  0]LogConfig: Setting CVar [[vr.InstancedStereo:0]]
[2022.08.24-18.53.17:190][  0]LogConfig: Setting CVar [[r.MobileHDR:1]]
[2022.08.24-18.53.17:191][  0]LogConfig: Setting CVar [[vr.MobileMultiView:0]]
[2022.08.24-18.53.17:191][  0]LogConfig: Setting CVar [[r.Mobile.UseHWsRGBEncoding:0]]
[2022.08.24-18.53.17:191][  0]LogConfig: Setting CVar [[vr.RoundRobinOcclusion:0]]
[2022.08.24-18.53.17:191][  0]LogConfig: Setting CVar [[vr.ODSCapture:0]]
[2022.08.24-18.53.17:192][  0]LogConfig: Setting CVar [[r.MeshStreaming:0]]
[2022.08.24-18.53.17:192][  0]LogConfig: Setting CVar [[r.WireframeCullThreshold:5.000000]]
[2022.08.24-18.53.17:192][  0]LogConfig: Setting CVar [[r.RayTracing:0]]
[2022.08.24-18.53.17:192][  0]LogConfig: Setting CVar [[r.RayTracing.UseTextureLod:0]]
[2022.08.24-18.53.17:193][  0]LogConfig: Setting CVar [[r.SupportStationarySkylight:1]]
[2022.08.24-18.53.17:193][  0]LogConfig: Setting CVar [[r.SupportLowQualityLightmaps:1]]
[2022.08.24-18.53.17:193][  0]LogConfig: Setting CVar [[r.SupportPointLightWholeSceneShadows:1]]
[2022.08.24-18.53.17:193][  0]LogConfig: Setting CVar [[r.SupportAtmosphericFog:1]]
[2022.08.24-18.53.17:194][  0]LogConfig: Setting CVar [[r.SupportSkyAtmosphere:1]]
[2022.08.24-18.53.17:194][  0]LogConfig: Setting CVar [[r.SupportSkyAtmosphereAffectsHeightFog:0]]
[2022.08.24-18.53.17:194][  0]LogConfig: Setting CVar [[r.SkinCache.CompileShaders:0]]
[2022.08.24-18.53.17:194][  0]LogConfig: Setting CVar [[r.SkinCache.DefaultBehavior:1]]
[2022.08.24-18.53.17:195][  0]LogConfig: Setting CVar [[r.SkinCache.SceneMemoryLimitInMB:128.000000]]
[2022.08.24-18.53.17:195][  0]LogConfig: Setting CVar [[r.Mobile.EnableStaticAndCSMShadowReceivers:1]]
[2022.08.24-18.53.17:195][  0]LogConfig: Setting CVar [[r.Mobile.EnableMovableLightCSMShaderCulling:1]]
[2022.08.24-18.53.17:195][  0]LogConfig: Setting CVar [[r.Mobile.AllowDistanceFieldShadows:1]]
[2022.08.24-18.53.17:196][  0]LogConfig: Setting CVar [[r.Mobile.AllowMovableDirectionalLights:1]]
[2022.08.24-18.53.17:196][  0]LogConfig: Setting CVar [[r.MobileNumDynamicPointLights:4]]
[2022.08.24-18.53.17:196][  0]LogConfig: Setting CVar [[r.MobileDynamicPointLightsUseStaticBranch:1]]
[2022.08.24-18.53.17:197][  0]LogConfig: Setting CVar [[r.Mobile.EnableMovableSpotlights:0]]
[2022.08.24-18.53.17:197][  0]LogConfig: Setting CVar [[r.Mobile.EnableMovableSpotlightsShadow:0]]
[2022.08.24-18.53.17:197][  0]LogConfig: Setting CVar [[r.GPUSkin.Support16BitBoneIndex:0]]
[2022.08.24-18.53.17:197][  0]LogConfig: Setting CVar [[r.GPUSkin.Limit2BoneInfluences:0]]
[2022.08.24-18.53.17:198][  0]LogConfig: Setting CVar [[r.SupportDepthOnlyIndexBuffers:1]]
[2022.08.24-18.53.17:198][  0]LogConfig: Setting CVar [[r.SupportReversedIndexBuffers:1]]
[2022.08.24-18.53.17:198][  0]LogConfig: Setting CVar [[r.LightPropagationVolume:0]]
[2022.08.24-18.53.17:198][  0]LogConfig: Setting CVar [[r.Mobile.AmbientOcclusion:0]]
[2022.08.24-18.53.17:198][  0]LogConfig: Setting CVar [[r.GPUSkin.UnlimitedBoneInfluences:0]]
[2022.08.24-18.53.17:199][  0]LogConfig: Setting CVar [[r.GPUSkin.UnlimitedBoneInfluencesThreshold:8]]
[2022.08.24-18.53.17:199][  0]LogConfig: Setting CVar [[r.Mobile.PlanarReflectionMode:0]]
[2022.08.24-18.53.17:199][  0]LogConfig: Setting CVar [[r.Mobile.SupportsGen4TAA:0]]
[2022.08.24-18.53.17:199][  0]LogConfig: Applying CVar settings from Section [/Script/Engine.RendererOverrideSettings] File [C:/Users/danie/Documents/Gamedev VR/game/UE4 game/fpsgame/Saved/Config/Windows/Engine.ini]
[2022.08.24-18.53.17:200][  0]LogConfig: Applying CVar settings from Section [/Script/Engine.StreamingSettings] File [C:/Users/danie/Documents/Gamedev VR/game/UE4 game/fpsgame/Saved/Config/Windows/Engine.ini]
[2022.08.24-18.53.17:200][  0]LogConfig: Setting CVar [[s.MinBulkDataSizeForAsyncLoading:131072]]
[2022.08.24-18.53.17:200][  0]LogConfig: Setting CVar [[s.AsyncLoadingThreadEnabled:0]]
[2022.08.24-18.53.17:201][  0]LogConfig: Setting CVar [[s.EventDrivenLoaderEnabled:1]]
[2022.08.24-18.53.17:201][  0]LogConfig: Setting CVar [[s.WarnIfTimeLimitExceeded:0]]
[2022.08.24-18.53.17:201][  0]LogConfig: Setting CVar [[s.TimeLimitExceededMultiplier:1.5]]
[2022.08.24-18.53.17:201][  0]LogConfig: Setting CVar [[s.TimeLimitExceededMinTime:0.005]]
[2022.08.24-18.53.17:202][  0]LogConfig: Setting CVar [[s.UseBackgroundLevelStreaming:1]]
[2022.08.24-18.53.17:205][  0]LogConfig: Setting CVar [[s.PriorityAsyncLoadingExtraTime:15.0]]
[2022.08.24-18.53.17:205][  0]LogConfig: Setting CVar [[s.LevelStreamingActorsUpdateTimeLimit:5.0]]
[2022.08.24-18.53.17:205][  0]LogConfig: Setting CVar [[s.PriorityLevelStreamingActorsUpdateExtraTime:5.0]]
[2022.08.24-18.53.17:205][  0]LogConfig: Setting CVar [[s.LevelStreamingComponentsRegistrationGranularity:10]]
[2022.08.24-18.53.17:206][  0]LogConfig: Setting CVar [[s.UnregisterComponentsTimeLimit:1.0]]
[2022.08.24-18.53.17:206][  0]LogConfig: Setting CVar [[s.LevelStreamingComponentsUnregistrationGranularity:5]]
[2022.08.24-18.53.17:206][  0]LogConfig: Setting CVar [[s.FlushStreamingOnExit:1]]
[2022.08.24-18.53.17:206][  0]LogConfig: Applying CVar settings from Section [/Script/Engine.GarbageCollectionSettings] File [C:/Users/danie/Documents/Gamedev VR/game/UE4 game/fpsgame/Saved/Config/Windows/Engine.ini]
[2022.08.24-18.53.17:207][  0]LogConfig: Setting CVar [[gc.MaxObjectsNotConsideredByGC:1]]
[2022.08.24-18.53.17:207][  0]LogConfig: Setting CVar [[gc.SizeOfPermanentObjectPool:0]]
[2022.08.24-18.53.17:207][  0]LogConfig: Setting CVar [[gc.FlushStreamingOnGC:0]]
[2022.08.24-18.53.17:207][  0]LogConfig: Setting CVar [[gc.NumRetriesBeforeForcingGC:10]]
[2022.08.24-18.53.17:208][  0]LogConfig: Setting CVar [[gc.AllowParallelGC:1]]
[2022.08.24-18.53.17:208][  0]LogConfig: Setting CVar [[gc.TimeBetweenPurgingPendingKillObjects:61.1]]
[2022.08.24-18.53.17:208][  0]LogConfig: Setting CVar [[gc.MaxObjectsInEditor:25165824]]
[2022.08.24-18.53.17:208][  0]LogConfig: Setting CVar [[gc.IncrementalBeginDestroyEnabled:1]]
[2022.08.24-18.53.17:209][  0]LogConfig: Setting CVar [[gc.CreateGCClusters:1]]
[2022.08.24-18.53.17:209][  0]LogConfig: Setting CVar [[gc.MinGCClusterSize:5]]
[2022.08.24-18.53.17:209][  0]LogConfig: Setting CVar [[gc.ActorClusteringEnabled:0]]
[2022.08.24-18.53.17:210][  0]LogConfig: Setting CVar [[gc.BlueprintClusteringEnabled:0]]
[2022.08.24-18.53.17:210][  0]LogConfig: Setting CVar [[gc.UseDisregardForGCOnDedicatedServers:0]]
[2022.08.24-18.53.17:210][  0]LogConfig: Setting CVar [[gc.MultithreadedDestructionEnabled:1]]
[2022.08.24-18.53.17:210][  0]LogConfig: Applying CVar settings from Section [/Script/Engine.NetworkSettings] File [C:/Users/danie/Documents/Gamedev VR/game/UE4 game/fpsgame/Saved/Config/Windows/Engine.ini]
[2022.08.24-18.53.17:211][  0]LogConfig: Applying CVar settings from Section [/Script/UnrealEd.CookerSettings] File [C:/Users/danie/Documents/Gamedev VR/game/UE4 game/fpsgame/Saved/Config/Windows/Engine.ini]
[2022.08.24-18.53.17:211][  0]LogConfig: Applying CVar settings from Section [ViewDistanceQuality@3] File [C:/Users/danie/Documents/Gamedev VR/game/UE4 game/fpsgame/Saved/Config/Windows/Scalability.ini]
[2022.08.24-18.53.17:211][  0]LogConfig: Setting CVar [[r.SkeletalMeshLODBias:0]]
[2022.08.24-18.53.17:212][  0]LogConfig: Setting CVar [[r.ViewDistanceScale:1.0]]
[2022.08.24-18.53.17:212][  0]LogConfig: Applying CVar settings from Section [AntiAliasingQuality@3] File [C:/Users/danie/Documents/Gamedev VR/game/UE4 game/fpsgame/Saved/Config/Windows/Scalability.ini]
[2022.08.24-18.53.17:212][  0]LogConfig: Setting CVar [[r.PostProcessAAQuality:4]]
[2022.08.24-18.53.17:212][  0]LogConfig: Applying CVar settings from Section [ShadowQuality@3] File [C:/Users/danie/Documents/Gamedev VR/game/UE4 game/fpsgame/Saved/Config/Windows/Scalability.ini]
[2022.08.24-18.53.17:213][  0]LogConfig: Setting CVar [[r.LightFunctionQuality:1]]
[2022.08.24-18.53.17:213][  0]LogConfig: Setting CVar [[r.ShadowQuality:5]]
[2022.08.24-18.53.17:213][  0]LogConfig: Setting CVar [[r.Shadow.CSM.MaxCascades:10]]
[2022.08.24-18.53.17:213][  0]LogConfig: Setting CVar [[r.Shadow.MaxResolution:2048]]
[2022.08.24-18.53.17:214][  0]LogConfig: Setting CVar [[r.Shadow.MaxCSMResolution:2048]]
[2022.08.24-18.53.17:214][  0]LogConfig: Setting CVar [[r.Shadow.RadiusThreshold:0.01]]
[2022.08.24-18.53.17:214][  0]LogConfig: Setting CVar [[r.Shadow.DistanceScale:1.0]]
[2022.08.24-18.53.17:214][  0]LogConfig: Setting CVar [[r.Shadow.CSM.TransitionScale:1.0]]
[2022.08.24-18.53.17:215][  0]LogConfig: Setting CVar [[r.Shadow.PreShadowResolutionFactor:1.0]]
[2022.08.24-18.53.17:215][  0]LogConfig: Setting CVar [[r.DistanceFieldShadowing:1]]
[2022.08.24-18.53.17:215][  0]LogConfig: Setting CVar [[r.DistanceFieldAO:1]]
[2022.08.24-18.53.17:215][  0]LogConfig: Setting CVar [[r.AOQuality:2]]
[2022.08.24-18.53.17:216][  0]LogConfig: Setting CVar [[r.VolumetricFog:1]]
[2022.08.24-18.53.17:216][  0]LogConfig: Setting CVar [[r.VolumetricFog.GridPixelSize:8]]
[2022.08.24-18.53.17:216][  0]LogConfig: Setting CVar [[r.VolumetricFog.GridSizeZ:128]]
[2022.08.24-18.53.17:216][  0]LogConfig: Setting CVar [[r.VolumetricFog.HistoryMissSupersampleCount:4]]
[2022.08.24-18.53.17:217][  0]LogConfig: Setting CVar [[r.LightMaxDrawDistanceScale:1]]
[2022.08.24-18.53.17:217][  0]LogConfig: Setting CVar [[r.CapsuleShadows:1]]
[2022.08.24-18.53.17:217][  0]LogConfig: Applying CVar settings from Section [PostProcessQuality@3] File [C:/Users/danie/Documents/Gamedev VR/game/UE4 game/fpsgame/Saved/Config/Windows/Scalability.ini]
[2022.08.24-18.53.17:217][  0]LogConfig: Setting CVar [[r.MotionBlurQuality:4]]
[2022.08.24-18.53.17:218][  0]LogConfig: Setting CVar [[r.AmbientOcclusionMipLevelFactor:0.4]]
[2022.08.24-18.53.17:221][  0]LogConfig: Setting CVar [[r.AmbientOcclusionMaxQuality:100]]
[2022.08.24-18.53.17:221][  0]LogConfig: Setting CVar [[r.AmbientOcclusionLevels:-1]]
[2022.08.24-18.53.17:221][  0]LogConfig: Setting CVar [[r.AmbientOcclusionRadiusScale:1.0]]
[2022.08.24-18.53.17:221][  0]LogConfig: Setting CVar [[r.DepthOfFieldQuality:2]]
[2022.08.24-18.53.17:222][  0]LogConfig: Setting CVar [[r.RenderTargetPoolMin:400]]
[2022.08.24-18.53.17:222][  0]LogConfig: Setting CVar [[r.LensFlareQuality:2]]
[2022.08.24-18.53.17:222][  0]LogConfig: Setting CVar [[r.SceneColorFringeQuality:1]]
[2022.08.24-18.53.17:222][  0]LogConfig: Setting CVar [[r.EyeAdaptationQuality:2]]
[2022.08.24-18.53.17:223][  0]LogConfig: Setting CVar [[r.BloomQuality:5]]
[2022.08.24-18.53.17:223][  0]LogConfig: Setting CVar [[r.FastBlurThreshold:100]]
[2022.08.24-18.53.17:223][  0]LogConfig: Setting CVar [[r.Upscale.Quality:3]]
[2022.08.24-18.53.17:224][  0]LogConfig: Setting CVar [[r.Tonemapper.GrainQuantization:1]]
[2022.08.24-18.53.17:224][  0]LogConfig: Setting CVar [[r.LightShaftQuality:1]]
[2022.08.24-18.53.17:224][  0]LogConfig: Setting CVar [[r.Filter.SizeScale:1]]
[2022.08.24-18.53.17:224][  0]LogConfig: Setting CVar [[r.Tonemapper.Quality:5]]
[2022.08.24-18.53.17:224][  0]LogConfig: Setting CVar [[r.DOF.Gather.AccumulatorQuality:1        ; higher gathering accumulator quality]]
[2022.08.24-18.53.17:225][  0]LogConfig: Setting CVar [[r.DOF.Gather.PostfilterMethod:1          ; Median3x3 postfilering method]]
[2022.08.24-18.53.17:225][  0]LogConfig: Setting CVar [[r.DOF.Gather.EnableBokehSettings:0       ; no bokeh simulation when gathering]]
[2022.08.24-18.53.17:225][  0]LogConfig: Setting CVar [[r.DOF.Gather.RingCount:4                 ; medium number of samples when gathering]]
[2022.08.24-18.53.17:226][  0]LogConfig: Setting CVar [[r.DOF.Scatter.ForegroundCompositing:1    ; additive foreground scattering]]
[2022.08.24-18.53.17:226][  0]LogConfig: Setting CVar [[r.DOF.Scatter.BackgroundCompositing:2    ; additive background scattering]]
[2022.08.24-18.53.17:226][  0]LogConfig: Setting CVar [[r.DOF.Scatter.EnableBokehSettings:1      ; bokeh simulation when scattering]]
[2022.08.24-18.53.17:226][  0]LogConfig: Setting CVar [[r.DOF.Scatter.MaxSpriteRatio:0.1         ; only a maximum of 10% of scattered bokeh]]
[2022.08.24-18.53.17:227][  0]LogConfig: Setting CVar [[r.DOF.Recombine.Quality:1                ; cheap slight out of focus]]
[2022.08.24-18.53.17:227][  0]LogConfig: Setting CVar [[r.DOF.Recombine.EnableBokehSettings:0    ; no bokeh simulation on slight out of focus]]
[2022.08.24-18.53.17:227][  0]LogConfig: Setting CVar [[r.DOF.TemporalAAQuality:1                ; more stable temporal accumulation]]
[2022.08.24-18.53.17:227][  0]LogConfig: Setting CVar [[r.DOF.Kernel.MaxForegroundRadius:0.025]]
[2022.08.24-18.53.17:228][  0]LogConfig: Setting CVar [[r.DOF.Kernel.MaxBackgroundRadius:0.025]]
[2022.08.24-18.53.17:228][  0]LogConfig: Applying CVar settings from Section [TextureQuality@3] File [C:/Users/danie/Documents/Gamedev VR/game/UE4 game/fpsgame/Saved/Config/Windows/Scalability.ini]
[2022.08.24-18.53.17:228][  0]LogConfig: Setting CVar [[r.Streaming.MipBias:0]]
[2022.08.24-18.53.17:228][  0]LogConfig: Setting CVar [[r.Streaming.AmortizeCPUToGPUCopy:0]]
[2022.08.24-18.53.17:229][  0]LogConfig: Setting CVar [[r.Streaming.MaxNumTexturesToStreamPerFrame:0]]
[2022.08.24-18.53.17:229][  0]LogConfig: Setting CVar [[r.Streaming.Boost:1]]
[2022.08.24-18.53.17:229][  0]LogConfig: Setting CVar [[r.MaxAnisotropy:8]]
[2022.08.24-18.53.17:229][  0]LogConfig: Setting CVar [[r.VT.MaxAnisotropy:8]]
[2022.08.24-18.53.17:230][  0]LogConfig: Setting CVar [[r.Streaming.LimitPoolSizeToVRAM:0]]
[2022.08.24-18.53.17:230][  0]LogConfig: Setting CVar [[r.Streaming.PoolSize:1000]]
[2022.08.24-18.53.17:230][  0]LogConfig: Setting CVar [[r.Streaming.MaxEffectiveScreenSize:0]]
[2022.08.24-18.53.17:230][  0]LogConfig: Applying CVar settings from Section [EffectsQuality@3] File [C:/Users/danie/Documents/Gamedev VR/game/UE4 game/fpsgame/Saved/Config/Windows/Scalability.ini]
[2022.08.24-18.53.17:231][  0]LogConfig: Setting CVar [[r.TranslucencyLightingVolumeDim:64]]
[2022.08.24-18.53.17:231][  0]LogConfig: Setting CVar [[r.RefractionQuality:2]]
[2022.08.24-18.53.17:231][  0]LogConfig: Setting CVar [[r.SSR.Quality:3]]
[2022.08.24-18.53.17:231][  0]LogConfig: Setting CVar [[r.SSR.HalfResSceneColor:0]]
[2022.08.24-18.53.17:232][  0]LogConfig: Setting CVar [[r.SceneColorFormat:4]]
[2022.08.24-18.53.17:232][  0]LogConfig: Setting CVar [[r.DetailMode:2]]
[2022.08.24-18.53.17:232][  0]LogConfig: Setting CVar [[r.TranslucencyVolumeBlur:1]]
[2022.08.24-18.53.17:233][  0]LogConfig: Setting CVar [[r.MaterialQualityLevel:1 ; High quality]]
[2022.08.24-18.53.17:235][  0]LogConfig: Setting CVar [[r.AnisotropicMaterials:1]]
[2022.08.24-18.53.17:236][  0]LogConfig: Setting CVar [[r.SSS.Scale:1]]
[2022.08.24-18.53.17:236][  0]LogConfig: Setting CVar [[r.SSS.SampleSet:2]]
[2022.08.24-18.53.17:237][  0]LogConfig: Setting CVar [[r.SSS.Quality:1]]
[2022.08.24-18.53.17:237][  0]LogConfig: Setting CVar [[r.SSS.HalfRes:0]]
[2022.08.24-18.53.17:238][  0]LogConfig: Setting CVar [[r.SSGI.Quality:3]]
[2022.08.24-18.53.17:238][  0]LogConfig: Setting CVar [[r.EmitterSpawnRateScale:1.0]]
[2022.08.24-18.53.17:238][  0]LogConfig: Setting CVar [[r.ParticleLightQuality:2]]
[2022.08.24-18.53.17:239][  0]LogConfig: Setting CVar [[r.SkyAtmosphere.AerialPerspectiveLUT.FastApplyOnOpaque:1 ; Always have FastSkyLUT 1 in this case to avoid wrong sky]]
[2022.08.24-18.53.17:239][  0]LogConfig: Setting CVar [[r.SkyAtmosphere.AerialPerspectiveLUT.SampleCountMaxPerSlice:4]]
[2022.08.24-18.53.17:239][  0]LogConfig: Setting CVar [[r.SkyAtmosphere.AerialPerspectiveLUT.DepthResolution:16.0]]
[2022.08.24-18.53.17:239][  0]LogConfig: Setting CVar [[r.SkyAtmosphere.FastSkyLUT:1]]
[2022.08.24-18.53.17:240][  0]LogConfig: Setting CVar [[r.SkyAtmosphere.FastSkyLUT.SampleCountMin:4.0]]
[2022.08.24-18.53.17:240][  0]LogConfig: Setting CVar [[r.SkyAtmosphere.FastSkyLUT.SampleCountMax:128.0]]
[2022.08.24-18.53.17:240][  0]LogConfig: Setting CVar [[r.SkyAtmosphere.SampleCountMin:4.0]]
[2022.08.24-18.53.17:240][  0]LogConfig: Setting CVar [[r.SkyAtmosphere.SampleCountMax:128.0]]
[2022.08.24-18.53.17:241][  0]LogConfig: Setting CVar [[r.SkyAtmosphere.TransmittanceLUT.UseSmallFormat:0]]
[2022.08.24-18.53.17:241][  0]LogConfig: Setting CVar [[r.SkyAtmosphere.TransmittanceLUT.SampleCount:10.0]]
[2022.08.24-18.53.17:241][  0]LogConfig: Setting CVar [[r.SkyAtmosphere.MultiScatteringLUT.SampleCount:15.0]]
[2022.08.24-18.53.17:241][  0]LogConfig: Setting CVar [[r.SkyLight.RealTimeReflectionCapture:1]]
[2022.08.24-18.53.17:242][  0]LogConfig: Applying CVar settings from Section [FoliageQuality@3] File [C:/Users/danie/Documents/Gamedev VR/game/UE4 game/fpsgame/Saved/Config/Windows/Scalability.ini]
[2022.08.24-18.53.17:242][  0]LogConfig: Setting CVar [[foliage.DensityScale:1.0]]
[2022.08.24-18.53.17:242][  0]LogConfig: Setting CVar [[grass.DensityScale:1.0]]
[2022.08.24-18.53.17:242][  0]LogConfig: Applying CVar settings from Section [ShadingQuality@3] File [C:/Users/danie/Documents/Gamedev VR/game/UE4 game/fpsgame/Saved/Config/Windows/Scalability.ini]
[2022.08.24-18.53.17:243][  0]LogConfig: Setting CVar [[r.HairStrands.SkyLighting.IntegrationType:2]]
[2022.08.24-18.53.17:243][  0]LogConfig: Setting CVar [[r.HairStrands.SkyAO.SampleCount:4]]
[2022.08.24-18.53.17:243][  0]LogConfig: Setting CVar [[r.HairStrands.Visibility.MSAA.SamplePerPixel:4]]
[2022.08.24-18.53.17:243][  0]LogInit: Selected Device Profile: [Windows]
[2022.08.24-18.53.17:244][  0]LogInit: Applying CVar settings loaded from the selected device profile: [Windows]
[2022.08.24-18.53.17:244][  0]LogHAL: Display: Platform has ~ 16 GB [17128247296 / 17179869184 / 16], which maps to Larger [LargestMinGB=32, LargerMinGB=12, DefaultMinGB=8, SmallerMinGB=6, SmallestMinGB=0)
[2022.08.24-18.53.17:244][  0]LogInit: Going up to parent DeviceProfile []
[2022.08.24-18.53.17:244][  0]LogConfig: Applying CVar settings from Section [ViewDistanceQuality@3] File [C:/Users/danie/Documents/Gamedev VR/game/UE4 game/fpsgame/Saved/Config/Windows/Scalability.ini]
[2022.08.24-18.53.17:245][  0]LogConfig: Setting CVar [[r.SkeletalMeshLODBias:0]]
[2022.08.24-18.53.17:245][  0]LogConfig: Setting CVar [[r.ViewDistanceScale:1.0]]
[2022.08.24-18.53.17:245][  0]LogConfig: Applying CVar settings from Section [AntiAliasingQuality@3] File [C:/Users/danie/Documents/Gamedev VR/game/UE4 game/fpsgame/Saved/Config/Windows/Scalability.ini]
[2022.08.24-18.53.17:245][  0]LogConfig: Setting CVar [[r.PostProcessAAQuality:4]]
[2022.08.24-18.53.17:246][  0]LogConfig: Applying CVar settings from Section [ShadowQuality@3] File [C:/Users/danie/Documents/Gamedev VR/game/UE4 game/fpsgame/Saved/Config/Windows/Scalability.ini]
[2022.08.24-18.53.17:246][  0]LogConfig: Setting CVar [[r.LightFunctionQuality:1]]
[2022.08.24-18.53.17:246][  0]LogConfig: Setting CVar [[r.ShadowQuality:5]]
[2022.08.24-18.53.17:247][  0]LogConfig: Setting CVar [[r.Shadow.CSM.MaxCascades:10]]
[2022.08.24-18.53.17:247][  0]LogConfig: Setting CVar [[r.Shadow.MaxResolution:2048]]
[2022.08.24-18.53.17:247][  0]LogConfig: Setting CVar [[r.Shadow.MaxCSMResolution:2048]]
[2022.08.24-18.53.17:247][  0]LogConfig: Setting CVar [[r.Shadow.RadiusThreshold:0.01]]
[2022.08.24-18.53.17:248][  0]LogConfig: Setting CVar [[r.Shadow.DistanceScale:1.0]]
[2022.08.24-18.53.17:250][  0]LogConfig: Setting CVar [[r.Shadow.CSM.TransitionScale:1.0]]
[2022.08.24-18.53.17:250][  0]LogConfig: Setting CVar [[r.Shadow.PreShadowResolutionFactor:1.0]]
[2022.08.24-18.53.17:251][  0]LogConfig: Setting CVar [[r.DistanceFieldShadowing:1]]
[2022.08.24-18.53.17:251][  0]LogConfig: Setting CVar [[r.DistanceFieldAO:1]]
[2022.08.24-18.53.17:251][  0]LogConfig: Setting CVar [[r.AOQuality:2]]
[2022.08.24-18.53.17:251][  0]LogConfig: Setting CVar [[r.VolumetricFog:1]]
[2022.08.24-18.53.17:252][  0]LogConfig: Setting CVar [[r.VolumetricFog.GridPixelSize:8]]
[2022.08.24-18.53.17:252][  0]LogConfig: Setting CVar [[r.VolumetricFog.GridSizeZ:128]]
[2022.08.24-18.53.17:252][  0]LogConfig: Setting CVar [[r.VolumetricFog.HistoryMissSupersampleCount:4]]
[2022.08.24-18.53.17:252][  0]LogConfig: Setting CVar [[r.LightMaxDrawDistanceScale:1]]
[2022.08.24-18.53.17:253][  0]LogConfig: Setting CVar [[r.CapsuleShadows:1]]
[2022.08.24-18.53.17:253][  0]LogConfig: Applying CVar settings from Section [PostProcessQuality@3] File [C:/Users/danie/Documents/Gamedev VR/game/UE4 game/fpsgame/Saved/Config/Windows/Scalability.ini]
[2022.08.24-18.53.17:253][  0]LogConfig: Setting CVar [[r.MotionBlurQuality:4]]
[2022.08.24-18.53.17:253][  0]LogConfig: Setting CVar [[r.AmbientOcclusionMipLevelFactor:0.4]]
[2022.08.24-18.53.17:254][  0]LogConfig: Setting CVar [[r.AmbientOcclusionMaxQuality:100]]
[2022.08.24-18.53.17:254][  0]LogConfig: Setting CVar [[r.AmbientOcclusionLevels:-1]]
[2022.08.24-18.53.17:254][  0]LogConfig: Setting CVar [[r.AmbientOcclusionRadiusScale:1.0]]
[2022.08.24-18.53.17:254][  0]LogConfig: Setting CVar [[r.DepthOfFieldQuality:2]]
[2022.08.24-18.53.17:255][  0]LogConfig: Setting CVar [[r.RenderTargetPoolMin:400]]
[2022.08.24-18.53.17:255][  0]LogConfig: Setting CVar [[r.LensFlareQuality:2]]
[2022.08.24-18.53.17:255][  0]LogConfig: Setting CVar [[r.SceneColorFringeQuality:1]]
[2022.08.24-18.53.17:255][  0]LogConfig: Setting CVar [[r.EyeAdaptationQuality:2]]
[2022.08.24-18.53.17:256][  0]LogConfig: Setting CVar [[r.BloomQuality:5]]
[2022.08.24-18.53.17:256][  0]LogConfig: Setting CVar [[r.FastBlurThreshold:100]]
[2022.08.24-18.53.17:256][  0]LogConfig: Setting CVar [[r.Upscale.Quality:3]]
[2022.08.24-18.53.17:256][  0]LogConfig: Setting CVar [[r.Tonemapper.GrainQuantization:1]]
[2022.08.24-18.53.17:257][  0]LogConfig: Setting CVar [[r.LightShaftQuality:1]]
[2022.08.24-18.53.17:257][  0]LogConfig: Setting CVar [[r.Filter.SizeScale:1]]
[2022.08.24-18.53.17:257][  0]LogConfig: Setting CVar [[r.Tonemapper.Quality:5]]
[2022.08.24-18.53.17:258][  0]LogConfig: Setting CVar [[r.DOF.Gather.AccumulatorQuality:1        ; higher gathering accumulator quality]]
[2022.08.24-18.53.17:258][  0]LogConfig: Setting CVar [[r.DOF.Gather.PostfilterMethod:1          ; Median3x3 postfilering method]]
[2022.08.24-18.53.17:258][  0]LogConfig: Setting CVar [[r.DOF.Gather.EnableBokehSettings:0       ; no bokeh simulation when gathering]]
[2022.08.24-18.53.17:258][  0]LogConfig: Setting CVar [[r.DOF.Gather.RingCount:4                 ; medium number of samples when gathering]]
[2022.08.24-18.53.17:258][  0]LogConfig: Setting CVar [[r.DOF.Scatter.ForegroundCompositing:1    ; additive foreground scattering]]
[2022.08.24-18.53.17:259][  0]LogConfig: Setting CVar [[r.DOF.Scatter.BackgroundCompositing:2    ; additive background scattering]]
[2022.08.24-18.53.17:259][  0]LogConfig: Setting CVar [[r.DOF.Scatter.EnableBokehSettings:1      ; bokeh simulation when scattering]]
[2022.08.24-18.53.17:259][  0]LogConfig: Setting CVar [[r.DOF.Scatter.MaxSpriteRatio:0.1         ; only a maximum of 10% of scattered bokeh]]
[2022.08.24-18.53.17:260][  0]LogConfig: Setting CVar [[r.DOF.Recombine.Quality:1                ; cheap slight out of focus]]
[2022.08.24-18.53.17:260][  0]LogConfig: Setting CVar [[r.DOF.Recombine.EnableBokehSettings:0    ; no bokeh simulation on slight out of focus]]
[2022.08.24-18.53.17:260][  0]LogConfig: Setting CVar [[r.DOF.TemporalAAQuality:1                ; more stable temporal accumulation]]
[2022.08.24-18.53.17:260][  0]LogConfig: Setting CVar [[r.DOF.Kernel.MaxForegroundRadius:0.025]]
[2022.08.24-18.53.17:261][  0]LogConfig: Setting CVar [[r.DOF.Kernel.MaxBackgroundRadius:0.025]]
[2022.08.24-18.53.17:261][  0]LogConfig: Applying CVar settings from Section [TextureQuality@3] File [C:/Users/danie/Documents/Gamedev VR/game/UE4 game/fpsgame/Saved/Config/Windows/Scalability.ini]
[2022.08.24-18.53.17:261][  0]LogConfig: Setting CVar [[r.Streaming.MipBias:0]]
[2022.08.24-18.53.17:262][  0]LogConfig: Setting CVar [[r.Streaming.AmortizeCPUToGPUCopy:0]]
[2022.08.24-18.53.17:262][  0]LogConfig: Setting CVar [[r.Streaming.MaxNumTexturesToStreamPerFrame:0]]
[2022.08.24-18.53.17:262][  0]LogConfig: Setting CVar [[r.Streaming.Boost:1]]
[2022.08.24-18.53.17:262][  0]LogConfig: Setting CVar [[r.MaxAnisotropy:8]]
[2022.08.24-18.53.17:263][  0]LogConfig: Setting CVar [[r.VT.MaxAnisotropy:8]]
[2022.08.24-18.53.17:263][  0]LogConfig: Setting CVar [[r.Streaming.LimitPoolSizeToVRAM:0]]
[2022.08.24-18.53.17:263][  0]LogConfig: Setting CVar [[r.Streaming.PoolSize:1000]]
[2022.08.24-18.53.17:263][  0]LogConfig: Setting CVar [[r.Streaming.MaxEffectiveScreenSize:0]]
[2022.08.24-18.53.17:264][  0]LogConfig: Applying CVar settings from Section [EffectsQuality@3] File [C:/Users/danie/Documents/Gamedev VR/game/UE4 game/fpsgame/Saved/Config/Windows/Scalability.ini]
[2022.08.24-18.53.17:266][  0]LogConfig: Setting CVar [[r.TranslucencyLightingVolumeDim:64]]
[2022.08.24-18.53.17:267][  0]LogConfig: Setting CVar [[r.RefractionQuality:2]]
[2022.08.24-18.53.17:267][  0]LogConfig: Setting CVar [[r.SSR.Quality:3]]
[2022.08.24-18.53.17:267][  0]LogConfig: Setting CVar [[r.SSR.HalfResSceneColor:0]]
[2022.08.24-18.53.17:267][  0]LogConfig: Setting CVar [[r.SceneColorFormat:4]]
[2022.08.24-18.53.17:268][  0]LogConfig: Setting CVar [[r.DetailMode:2]]
[2022.08.24-18.53.17:268][  0]LogConfig: Setting CVar [[r.TranslucencyVolumeBlur:1]]
[2022.08.24-18.53.17:268][  0]LogConfig: Setting CVar [[r.MaterialQualityLevel:1 ; High quality]]
[2022.08.24-18.53.17:269][  0]LogConfig: Setting CVar [[r.AnisotropicMaterials:1]]
[2022.08.24-18.53.17:269][  0]LogConfig: Setting CVar [[r.SSS.Scale:1]]
[2022.08.24-18.53.17:270][  0]LogConfig: Setting CVar [[r.SSS.SampleSet:2]]
[2022.08.24-18.53.17:270][  0]LogConfig: Setting CVar [[r.SSS.Quality:1]]
[2022.08.24-18.53.17:270][  0]LogConfig: Setting CVar [[r.SSS.HalfRes:0]]
[2022.08.24-18.53.17:271][  0]LogConfig: Setting CVar [[r.SSGI.Quality:3]]
[2022.08.24-18.53.17:271][  0]LogConfig: Setting CVar [[r.EmitterSpawnRateScale:1.0]]
[2022.08.24-18.53.17:271][  0]LogConfig: Setting CVar [[r.ParticleLightQuality:2]]
[2022.08.24-18.53.17:272][  0]LogConfig: Setting CVar [[r.SkyAtmosphere.AerialPerspectiveLUT.FastApplyOnOpaque:1 ; Always have FastSkyLUT 1 in this case to avoid wrong sky]]
[2022.08.24-18.53.17:272][  0]LogConfig: Setting CVar [[r.SkyAtmosphere.AerialPerspectiveLUT.SampleCountMaxPerSlice:4]]
[2022.08.24-18.53.17:272][  0]LogConfig: Setting CVar [[r.SkyAtmosphere.AerialPerspectiveLUT.DepthResolution:16.0]]
[2022.08.24-18.53.17:272][  0]LogConfig: Setting CVar [[r.SkyAtmosphere.FastSkyLUT:1]]
[2022.08.24-18.53.17:273][  0]LogConfig: Setting CVar [[r.SkyAtmosphere.FastSkyLUT.SampleCountMin:4.0]]
[2022.08.24-18.53.17:273][  0]LogConfig: Setting CVar [[r.SkyAtmosphere.FastSkyLUT.SampleCountMax:128.0]]
[2022.08.24-18.53.17:273][  0]LogConfig: Setting CVar [[r.SkyAtmosphere.SampleCountMin:4.0]]
[2022.08.24-18.53.17:274][  0]LogConfig: Setting CVar [[r.SkyAtmosphere.SampleCountMax:128.0]]
[2022.08.24-18.53.17:274][  0]LogConfig: Setting CVar [[r.SkyAtmosphere.TransmittanceLUT.UseSmallFormat:0]]
[2022.08.24-18.53.17:274][  0]LogConfig: Setting CVar [[r.SkyAtmosphere.TransmittanceLUT.SampleCount:10.0]]
[2022.08.24-18.53.17:274][  0]LogConfig: Setting CVar [[r.SkyAtmosphere.MultiScatteringLUT.SampleCount:15.0]]
[2022.08.24-18.53.17:274][  0]LogConfig: Setting CVar [[r.SkyLight.RealTimeReflectionCapture:1]]
[2022.08.24-18.53.17:275][  0]LogConfig: Applying CVar settings from Section [FoliageQuality@3] File [C:/Users/danie/Documents/Gamedev VR/game/UE4 game/fpsgame/Saved/Config/Windows/Scalability.ini]
[2022.08.24-18.53.17:275][  0]LogConfig: Setting CVar [[foliage.DensityScale:1.0]]
[2022.08.24-18.53.17:275][  0]LogConfig: Setting CVar [[grass.DensityScale:1.0]]
[2022.08.24-18.53.17:275][  0]LogConfig: Applying CVar settings from Section [ShadingQuality@3] File [C:/Users/danie/Documents/Gamedev VR/game/UE4 game/fpsgame/Saved/Config/Windows/Scalability.ini]
[2022.08.24-18.53.17:276][  0]LogConfig: Setting CVar [[r.HairStrands.SkyLighting.IntegrationType:2]]
[2022.08.24-18.53.17:276][  0]LogConfig: Setting CVar [[r.HairStrands.SkyAO.SampleCount:4]]
[2022.08.24-18.53.17:276][  0]LogConfig: Setting CVar [[r.HairStrands.Visibility.MSAA.SamplePerPixel:4]]
[2022.08.24-18.53.17:277][  0]LogConfig: Applying CVar settings from Section [Startup] File [../../../Engine/Config/ConsoleVariables.ini]
[2022.08.24-18.53.17:278][  0]LogConfig: Setting CVar [[net.UseAdaptiveNetUpdateFrequency:0]]
[2022.08.24-18.53.17:278][  0]LogConfig: Setting CVar [[p.chaos.AllowCreatePhysxBodies:1]]
[2022.08.24-18.53.17:278][  0]LogConfig: Setting CVar [[fx.SkipVectorVMBackendOptimizations:1]]
[2022.08.24-18.53.17:278][  0]LogConfig: Applying CVar settings from Section [ConsoleVariables] File [C:/Users/danie/Documents/Gamedev VR/game/UE4 game/fpsgame/Saved/Config/Windows/Engine.ini]
[2022.08.24-18.53.17:280][  0]LogConfig: Applying CVar settings from Section [ConsoleVariables] File [C:/Users/danie/Documents/Gamedev VR/game/UE4 game/fpsgame/Saved/Config/Windows/Editor.ini]
[2022.08.24-18.53.17:281][  0]LogInit: Computer: DESKTOP-QG36584
[2022.08.24-18.53.17:281][  0]LogInit: User: danie
[2022.08.24-18.53.17:281][  0]LogInit: CPU Page size=4096, Cores=6
[2022.08.24-18.53.17:282][  0]LogInit: High frequency timer resolution =10.000000 MHz
[2022.08.24-18.53.17:282][  0]LogMemory: Memory total: Physical=16.0GB (16GB approx)
[2022.08.24-18.53.17:282][  0]LogMemory: Platform Memory Stats for Windows
[2022.08.24-18.53.17:283][  0]LogMemory: Process Physical Memory: 136.72 MB used, 136.73 MB peak
[2022.08.24-18.53.17:283][  0]LogMemory: Process Virtual Memory: 115.36 MB used, 115.36 MB peak
[2022.08.24-18.53.17:283][  0]LogMemory: Physical Memory: 13507.20 MB used,  2827.57 MB free, 16334.77 MB total
[2022.08.24-18.53.17:284][  0]LogMemory: Virtual Memory: 134213008.00 MB used,  4717.63 MB free, 134217728.00 MB total
[2022.08.24-18.53.17:286][  0]LogWindows: WindowsPlatformFeatures disabled or dedicated server build
[2022.08.24-18.53.17:294][  0]LogInit: Physics initialised using underlying interface: PhysX
[2022.08.24-18.53.17:294][  0]LogInit: Using OS detected language (en-US).
[2022.08.24-18.53.17:294][  0]LogInit: Using OS detected locale (en-GB).
[2022.08.24-18.53.17:297][  0]LogTextLocalizationManager: No specific localization for 'en-US' exists, so the 'en' localization will be used.
[2022.08.24-18.53.17:745][  0]LogTargetPlatformManager: Display: Loaded TargetPlatform 'WindowsNoEditor'
[2022.08.24-18.53.17:748][  0]LogTargetPlatformManager: Display: Loaded TargetPlatform 'Windows'
[2022.08.24-18.53.17:750][  0]LogTargetPlatformManager: Display: Loaded TargetPlatform 'WindowsClient'
[2022.08.24-18.53.17:753][  0]LogTargetPlatformManager: Display: Loaded TargetPlatform 'WindowsServer'
[2022.08.24-18.53.17:753][  0]LogTargetPlatformManager: Display: Building Assets For Windows
[2022.08.24-18.53.17:756][  0]LogAudioDebug: Display: Lib vorbis DLL was dynamically loaded.
[2022.08.24-18.53.17:768][  0]LogTextureFormatOodle: Display: Oodle Texture 2.9.0 init RDO Off
[2022.08.24-18.53.17:779][  0]LogRendererCore: Ray tracing is disabled. Reason: r.RayTracing=0.
[2022.08.24-18.53.17:779][  0]LogShaderCompilers: Guid format shader working directory is -26 characters bigger than the processId version (../../../../../../Users/danie/Documents/Gamedev VR/game/UE4 game/fpsgame/Intermediate/Shaders/WorkingDirectory/9048/).
[2022.08.24-18.53.17:779][  0]LogShaderCompilers: Cleaned the shader compiler working directory 'C:/Users/danie/AppData/Local/Temp/UnrealShaderWorkingDir/9D9584304A0C69888882068570ED8640/'.
[2022.08.24-18.53.17:780][  0]LogXGEController: Cannot use XGE Controller as Incredibuild is not installed on this machine.
[2022.08.24-18.53.17:780][  0]LogShaderCompilers: Cannot use XGE Shader Compiler as Incredibuild is not installed on this machine.
[2022.08.24-18.53.17:780][  0]LogShaderCompilers: Display: Using Local Shader Compiler.
[2022.08.24-18.53.18:265][  0]LogDerivedDataCache: Display: Max Cache Size: 512 MB
[2022.08.24-18.53.18:319][  0]LogDerivedDataCache: Loaded boot cache 0.05s 95MB C:/Users/danie/AppData/Local/UnrealEngine/4.27/DerivedDataCache/Boot.ddc.
[2022.08.24-18.53.18:319][  0]LogDerivedDataCache: Display: Loaded Boot cache: C:/Users/danie/AppData/Local/UnrealEngine/4.27/DerivedDataCache/Boot.ddc
[2022.08.24-18.53.18:320][  0]LogDerivedDataCache: FDerivedDataBackendGraph:  Pak pak cache file ../../../../../../Users/danie/Documents/Gamedev VR/game/UE4 game/fpsgame/DerivedDataCache/DDC.ddp not found, will not use a pak cache.
[2022.08.24-18.53.18:320][  0]LogDerivedDataCache: Unable to find inner node Pak for hierarchical cache Hierarchy.
[2022.08.24-18.53.18:321][  0]LogDerivedDataCache: FDerivedDataBackendGraph:  CompressedPak pak cache file ../../../../../../Users/danie/Documents/Gamedev VR/game/UE4 game/fpsgame/DerivedDataCache/Compressed.ddp not found, will not use a pak cache.
[2022.08.24-18.53.18:321][  0]LogDerivedDataCache: Unable to find inner node CompressedPak for hierarchical cache Hierarchy.
[2022.08.24-18.53.18:338][  0]LogDerivedDataCache: Display: Pak cache opened for reading ../../../Engine/DerivedDataCache/Compressed.ddp.
[2022.08.24-18.53.18:338][  0]LogDerivedDataCache: FDerivedDataBackendGraph:  EnterprisePak pak cache file ../../../Enterprise/DerivedDataCache/Compressed.ddp not found, will not use a pak cache.
[2022.08.24-18.53.18:339][  0]LogDerivedDataCache: Unable to find inner node EnterprisePak for hierarchical cache Hierarchy.
[2022.08.24-18.53.18:349][  0]LogDerivedDataCache: Speed tests for C:/Users/danie/AppData/Local/UnrealEngine/Common/DerivedDataCache took 0.01 seconds
[2022.08.24-18.53.18:349][  0]LogDerivedDataCache: Display: Performance to C:/Users/danie/AppData/Local/UnrealEngine/Common/DerivedDataCache: Latency=0.03ms. RandomReadSpeed=291.71MBs, RandomWriteSpeed=151.86MBs. Assigned SpeedClass 'Local'
[2022.08.24-18.53.18:350][  0]LogDerivedDataCache: Using Local data cache path C:/Users/danie/AppData/Local/UnrealEngine/Common/DerivedDataCache: Writable
[2022.08.24-18.53.18:350][  0]LogDerivedDataCache: Shared data cache path not found in *engine.ini, will not use an Shared cache.
[2022.08.24-18.53.18:350][  0]LogDerivedDataCache: Unable to find inner node Shared for hierarchical cache Hierarchy.
[2022.08.24-18.53.18:352][  0]LogInit: Using OS detected language (en-US).
[2022.08.24-18.53.18:352][  0]LogInit: Using OS detected locale (en-GB).
[2022.08.24-18.53.18:352][  0]LogTextLocalizationManager: No localization for 'en-US' exists, so 'en' will be used for the language.
[2022.08.24-18.53.18:353][  0]LogTextLocalizationManager: No localization for 'en-GB' exists, so 'en' will be used for the locale.
[2022.08.24-18.53.18:357][  0]LogTextLocalizationManager: Compacting localization data took   0.00ms
[2022.08.24-18.53.18:357][  0]LogAssetRegistry: FAssetRegistry took 0.0021 seconds to start up
[2022.08.24-18.53.18:505][  0]LogPackageLocalizationCache: Processed 27 localized package path(s) for 1 prioritized culture(s) in 0.001180 seconds
[2022.08.24-18.53.18:585][  0]LogInit: Selected Device Profile: [Windows]
[2022.08.24-18.53.18:585][  0]LogInit: Active device profile: [000002ADBF97C500][000002ADBDCAF500 49] Windows
[2022.08.24-18.53.18:586][  0]LogInit: Profiles: [000002ADBF97C500][000002ADBDCAF500 49] Windows, [000002ADBF966D00][000002ADBDCBD7C0 49] WindowsNoEditor, [000002ADBF964100][000002ADBDCC1A80 49] WindowsServer, [000002ADBF97F000][000002ADBDCC41C0 49] WindowsClient, [000002ADBF97C200][000002ADBDCB2440 49] IOS, [000002ADBF97BD00][000002ADBDCCC700 49] iPadAir, [000002ADBF97FA00][000002ADBDCD09C0 49] iPadAir2, [000002ADBF914200][000002ADBDCEAF00 49] IPadPro, [000002ADBF913F00][000002ADBDCD4F40 49] iPadAir3, [000002ADBF964700][000002ADBDCE3200 49] iPadAir4, [000002ADBF910500][000002ADBDCDF4C0 49] iPadMini2, [000002ADBF964200][000002ADBDCE7780 49] iPadMini3, [000002ADBF911200][000002ADBDCF5A40 49] iPadMini4, [000002ADBF966F00][000002ADBDCF8180 49] iPadMini5, [000002ADBF979600][000002ADBDD08640 49] iPhone6, [000002ADBF979700][000002ADBDCC8680 49] iPodTouch6, [000002ADBF912100][000002ADBDD14BC0 49] iPhone7, [000002ADBF912200][000002ADBDD04C00 49] iPodTouch7, [000002ADBF97A600][000002ADBDD0CEC0 49] iPhone5S, [000002ADBF913100][000002ADBDD01180 49] iPhone6Plus, [000002ADBF97BB00][000002ADBDD11440 49] iPhone6S, [000002ADBF912B00][000002ADBDD19700 49] iPhone6SPlus, [000002ADBF978A00][000002ADBDD1D9C0 49] iPhone7Plus, [000002ADBF912F00][000002ADBDD20100 49] iPhoneSE, [000002ADBF979000][000002ADBDD243C0 49] iPhone8, [000002ADBF913C00][000002ADBDCFC640 49] iPhone8Plus, [000002ADBF97B200][000002ADBDD288C0 49] iPhoneX, [000002ADBF912C00][000002ADBDD30B80 49] iPhoneXS, [000002ADBF97AB00][000002ADBDD34E40 49] iPhoneXSMax, [000002ADBF912900][000002ADBDD39100 49] iPhoneXR, [000002ADBF97AF00][000002ADBDD3D3C0 49] iPhone11, [000002ADBF910A00][000002ADBDD41680 49] iPhone11Pro, [000002ADBF97BE00][000002ADBDD45940 49] iPhone11ProMax, [000002ADBF911400][000002ADBDD49C00 49] iPhoneSE2, [000002ADBF97BF00][000002ADBDD4C340 49] iPhone12Mini, [000002ADBF913D00][000002ADBDD50600 49] iPhone12, [000002ADBF979200][000002ADBDD2C880 49] iPhone12Pro, [000002ADBF913500][000002ADBDD54B00 49] iPhone12ProMax, [000002ADBF978200][000002ADBDD5CDC0 49] iPadPro105, [000002ADBF911A00][000002ADBDD61080 49] iPadPro129, [000002ADBF978D00][000002ADBDD65340 49] iPadPro97, [000002ADBF910900][000002ADBDD69600 49] iPadPro2_129, [000002ADBF979A00][000002ADBDD6D8C0 49] iPad5, [000002ADBF911C00][000002ADBDD71B80 49] iPad6, [000002ADBF97B900][000002ADBDD742C0 49] iPad7, [000002ADBF912600][000002ADBDD78580 49] iPad8, [000002ADBF97B000][000002ADBDD7C840 49] iPadPro11, [000002ADBF911500][000002ADBDD58AC0 49] iPadPro2_11, [000002ADBF97A100][000002ADBDD80D40 49] iPadPro3_129, [000002ADBF911D00][000002ADBDD89000 49] iPadPro4_129, [000002ADBF97A400][000002ADBDD8D2C0 49] AppleTV, [000002ADBF912E00][000002ADBDD91580 49] AppleTV4K, [000002ADBF978500][000002ADBDD95840 49] TVOS, [000002ADBF913A00][000002ADBDD99B00 49] Mac, [000002ADBF97A900][000002ADBDD9C240 49] MacClient, [000002ADBF911700][000002ADBDDA0500 49] MacNoEditor, [000002ADBF979100][000002ADBDDA47C0 49] MacServer, [000002ADBF913B00][000002ADBDDA8A80 49] Linux, [000002ADBF978600][000002ADBDD84D00 49] LinuxAArch64, [000002ADBF910400][000002ADBDDACF80 49] LinuxNoEditor, [000002ADBF97A200][000002ADBDDB5240 49] LinuxAArch64NoEditor, [000002ADBF97C100][000002ADBDDB9500 49] LinuxClient, [000002ADBF914700][000002ADBDDBD7C0 49] LinuxAArch64Client, [000002ADBF97D900][000002ADBDDC1A80 49] LinuxServer, [000002ADBF914A00][000002ADBDDC41C0 49] LinuxAArch64Server, [000002ADBF97ED00][000002ADBDDC8480 49] Android, [000002ADBF915400][000002ADBDDCC740 49] Android_Low, [000002ADBF97D100][000002ADBDDD0A00 49] Android_Mid, [000002ADBF914E00][000002ADBDDD4CC0 49] Android_High, [000002ADBF97C800][000002ADBDDB0F40 49] Android_Default, [000002ADBF916600][000002ADBDDD91C0 49] Android_Adreno4xx, [000002ADBF97D400][000002ADBDDE1480 49] Android_Adreno5xx_Low, [000002ADBF916400][000002ADBDDE5740 49] Android_Adreno5xx, [000002ADBF97C700][000002ADBDDE9A00 49] Android_Adreno6xx, [000002ADBF916C00][000002ADBDDEC140 49] Android_Adreno6xx_Vulkan, [000002ADBF97FB00][000002ADBDDF0400 49] Android_Mali_T6xx, [000002ADBF914500][000002ADBDDF46C0 49] Android_Mali_T7xx, [000002ADBF97C300][000002ADBDDF8980 49] Android_Mali_T8xx, [000002ADBF917000][000002ADBDDFCC40 49] Android_Mali_G71, [000002ADBF97E900][000002ADBDE00F00 49] Android_Mali_G72, [000002ADBF916500][000002ADBDDDD180 49] Android_Mali_G72_Vulkan, [000002ADBF97DB00][000002ADBDE05400 49] Android_Mali_G76, [000002ADBF917100][000002ADBDE0D6C0 49] Android_Mali_G76_Vulkan, [000002ADBF97DE00][000002ADBDE11980 49] Android_Mali_G77, [000002ADBF917B00][000002ADBDE140C0 49] Android_Mali_G77_Vulkan, [000002ADBF97FC00][000002ADBDE18380 49] Android_Mali_G78, [000002ADBF917F00][000002ADBDE1C640 49] Android_Mali_G78_Vulkan, [000002ADBF97E400][000002ADBDE20900 49] Android_Mali_G710, [000002ADBF915300][000002ADBDE24BC0 49] Android_Mali_G710_Vulkan, [000002ADBF97F100][000002ADBDE28E80 49] Android_Vulkan_SM5, [000002ADBF912400][000002ADBDE2D140 49] Android_PowerVR_G6xxx, [000002ADBF97DD00][000002ADBDE093C0 49] Android_PowerVR_GT7xxx, [000002ADBF910100][000002ADB5A53640 49] Android_PowerVR_GE8xxx, [000002ADBF97F200][000002ADB5A5B900 49] Android_PowerVR_GM9xxx, [000002ADBF910300][000002ADB5A5FBC0 49] Android_PowerVR_GM9xxx_Vulkan, [000002ADBF97F300][000002ADB5A62300 49] Android_TegraK1, [000002ADBF911600][000002ADB5A665C0 49] Android_Unknown_Vulkan, [000002ADBF97E000][000002ADB5A6A880 49] Lumin, [000002ADBF910B00][000002ADB5A6EB40 49] Lumin_Desktop, [000002ADBF97CD00][000002ADB5A72E00 49] HoloLens, 
[2022.08.24-18.53.18:603][  0]LogMeshReduction: Using QuadricMeshReduction for automatic static mesh reduction
[2022.08.24-18.53.18:603][  0]LogMeshReduction: Using SimplygonMeshReduction for automatic skeletal mesh reduction
[2022.08.24-18.53.18:603][  0]LogMeshReduction: Using ProxyLODMeshReduction for automatic mesh merging
[2022.08.24-18.53.18:604][  0]LogMeshReduction: No distributed automatic mesh merging module available
[2022.08.24-18.53.18:604][  0]LogMeshMerging: No distributed automatic mesh merging module available
[2022.08.24-18.53.18:614][  0]LogNetVersion: fpsgame 1.0.0, NetCL: 17155196, EngineNetVer: 17, GameNetVer: 0 (Checksum: 3215450660)
[2022.08.24-18.53.18:701][  0]LogTexture: Default maximum texture size for cubemaps generated from long-lat sources has been changed from 512 to unlimited. In order to preserve old behaiour for '/Engine/MapTemplates/Sky/DaylightAmbientCubemap.DaylightAmbientCubemap', its maximum texture size has been explicitly set to 512.
[2022.08.24-18.53.18:715][  0]LogHMD: PokeAHoleMaterial loaded successfully
[2022.08.24-18.53.18:773][  0]LogPython: Using Python 3.7.7
[2022.08.24-18.53.19:187][  0]LogNiagaraDebuggerClient: Niagara Debugger Client Initialized | Session: C503BAC1430A5C2AFA5BF8BE78D9FA32 | Instance: F20367BA4DF73F1D0FE7DE9D9E833831 (DESKTOP-QG36584-9048).
[2022.08.24-18.53.19:202][  0]LogCollectionManager: Loaded 0 collections in 0.002236 seconds
[2022.08.24-18.53.19:204][  0]LogFileCache: Scanning file cache for directory 'C:/Users/danie/Documents/Gamedev VR/game/UE4 game/fpsgame/Saved/Collections/' took 0.00s
[2022.08.24-18.53.19:204][  0]LogFileCache: Scanning file cache for directory 'C:/Users/danie/Documents/Gamedev VR/game/UE4 game/fpsgame/Content/Developers/danie/Collections/' took 0.00s
[2022.08.24-18.53.19:204][  0]LogFileCache: Scanning file cache for directory 'C:/Users/danie/Documents/Gamedev VR/game/UE4 game/fpsgame/Content/Collections/' took 0.00s
[2022.08.24-18.53.19:205][  0]LogCollectionManager: Fixed up redirectors for 0 collections in 0.000001 seconds (updated 0 objects)
[2022.08.24-18.53.19:276][  0]LogTcpMessaging: Initializing TcpMessaging bridge
[2022.08.24-18.53.19:278][  0]LogUdpMessaging: Initializing bridge on interface 0.0.0.0:0 to multicast group 230.0.0.1:6666.
[2022.08.24-18.53.19:344][  0]SourceControl: Source control is disabled
[2022.08.24-18.53.19:345][  0]SourceControl: Source control is disabled
[2022.08.24-18.53.19:347][  0]SourceControl: Source control is disabled
[2022.08.24-18.53.19:348][  0]LogUProjectInfo: Found projects:
[2022.08.24-18.53.19:379][  0]LogOpenImageDenoise: OIDN starting up
[2022.08.24-18.53.19:395][  0]LogAndroidPermission: UAndroidPermissionCallbackProxy::GetInstance
[2022.08.24-18.53.19:402][  0]LogAudioCaptureCore: Display: No Audio Capture implementations found. Audio input will be silent.
[2022.08.24-18.53.19:403][  0]LogAudioCaptureCore: Display: No Audio Capture implementations found. Audio input will be silent.
[2022.08.24-18.53.19:445][  0]LogOcInput: OculusInput pre-init called
[2022.08.24-18.53.19:454][  0]LogUObjectArray: 22261 objects as part of root set at end of initial load.
[2022.08.24-18.53.19:455][  0]LogUObjectAllocator: 6034928 out of 0 bytes used by permanent object pool.
[2022.08.24-18.53.19:455][  0]LogUObjectArray: CloseDisregardForGC: 0/0 objects in disregard for GC pool
[2022.08.24-18.53.19:489][  0]LogClass: Display: StructProperty FRewindDataStruct::SnapshotPosition is not initialized properly. Module:fpsgame File:RewindComponent.h
[2022.08.24-18.53.19:489][  0]LogClass: Display: StructProperty FRewindDataStruct::SnapshotRotation is not initialized properly. Module:fpsgame File:RewindComponent.h
[2022.08.24-18.53.19:490][  0]LogClass: Display: StructProperty FRewindDataStruct::SnapshotScale is not initialized properly. Module:fpsgame File:RewindComponent.h
[2022.08.24-18.53.19:490][  0]LogClass: Display: FloatProperty FWeaponDataStruct::MaxRange is not initialized properly. Module:fpsgame File:WeaponActor.h
[2022.08.24-18.53.19:491][  0]LogClass: Display: FloatProperty FWeaponDataStruct::FireRate is not initialized properly. Module:fpsgame File:WeaponActor.h
[2022.08.24-18.53.19:491][  0]LogClass: Display: IntProperty FWeaponDataStruct::CartridgeBullets is not initialized properly. Module:fpsgame File:WeaponActor.h
[2022.08.24-18.53.19:491][  0]LogClass: Display: IntProperty FWeaponDataStruct::BurstNumber is not initialized properly. Module:fpsgame File:WeaponActor.h
[2022.08.24-18.53.19:491][  0]LogClass: Display: IntProperty FWeaponDataStruct::MaxMagSize is not initialized properly. Module:fpsgame File:WeaponActor.h
[2022.08.24-18.53.19:492][  0]LogClass: Display: IntProperty FWeaponDataStruct::MagAmmo is not initialized properly. Module:fpsgame File:WeaponActor.h
[2022.08.24-18.53.19:492][  0]LogClass: Display: FloatProperty FWeaponDataStruct::ProjectileSpeed is not initialized properly. Module:fpsgame File:WeaponActor.h
[2022.08.24-18.53.19:492][  0]LogClass: Display: EnumProperty FWeaponDataStruct::WAWeaponType is not initialized properly. Module:fpsgame File:WeaponActor.h
[2022.08.24-18.53.19:492][  0]LogClass: Display: EnumProperty FWeaponDataStruct::WAWeaponFireType is not initialized properly. Module:fpsgame File:WeaponActor.h
[2022.08.24-18.53.19:493][  0]LogClass: Display: EnumProperty FWeaponDataStruct::WAWeaponHitDetectionType is not initialized properly. Module:fpsgame File:WeaponActor.h
[2022.08.24-18.53.19:493][  0]LogClass: Warning: ObjectProperty FWeaponDataStruct::GunMesh is not initialized properly. Module:fpsgame File:WeaponActor.h
[2022.08.24-18.53.19:493][  0]LogClass: Display: EnumProperty FWeaponDataStruct::TypeOfEquip is not initialized properly. Module:fpsgame File:WeaponActor.h
[2022.08.24-18.53.19:493][  0]LogClass: Display: EnumProperty FWeaponDataStruct::GunModel is not initialized properly. Module:fpsgame File:WeaponActor.h
[2022.08.24-18.53.19:494][  0]LogClass: Display: StructProperty FWeaponDataStruct::BasePosition is not initialized properly. Module:fpsgame File:WeaponActor.h
[2022.08.24-18.53.19:494][  0]LogClass: Display: StructProperty FWeaponDataStruct::BaseRotation is not initialized properly. Module:fpsgame File:WeaponActor.h
[2022.08.24-18.53.19:494][  0]LogClass: Display: StructProperty FWeaponDataStruct::BaseScale is not initialized properly. Module:fpsgame File:WeaponActor.h
[2022.08.24-18.53.19:495][  0]LogClass: Display: StructProperty FWeaponDataStruct::TPBaseScale is not initialized properly. Module:fpsgame File:WeaponActor.h
[2022.08.24-18.53.19:495][  0]LogClass: Display: StructProperty FWeaponDataStruct::TPBaseRotation is not initialized properly. Module:fpsgame File:WeaponActor.h
[2022.08.24-18.53.19:495][  0]LogClass: Display: StructProperty FWeaponDataStruct::TPBasePosition is not initialized properly. Module:fpsgame File:WeaponActor.h
[2022.08.24-18.53.19:496][  0]LogClass: Display: 22 Uninitialized script struct members found including 1 object properties
[2022.08.24-18.53.19:496][  0]LogAutomationTest: Warning: ObjectProperty FWeaponDataStruct::GunMesh is not initialized properly. Module:fpsgame File:WeaponActor.h
[2022.08.24-18.53.19:497][  0]LogEngine: Initializing Engine...
[2022.08.24-18.53.19:498][  0]LogStats: UGameplayTagsManager::InitializeManager -  0.000 s
[2022.08.24-18.53.19:510][  0]LogInit: Initializing FReadOnlyCVARCache
[2022.08.24-18.53.19:510][  0]LogNetVersion: Set ProjectVersion to 1.0.0.0. Version Checksum will be recalculated on next use.
[2022.08.24-18.53.19:512][  0]LogInit: Texture streaming: Disabled
[2022.08.24-18.53.19:536][  0]LogInit: Display: Game Engine Initialized.
[2022.08.24-18.53.19:536][  0]LogNiagaraEditor: GEditor isn't valid! Particle reset commands will not work for Niagara components!
[2022.08.24-18.53.19:563][  0]LogInit: Display: Starting Game.
[2022.08.24-18.53.19:564][  0]LogNet: Browse: /Game/Maps/TestMap?Name=Player
[2022.08.24-18.53.19:567][  0]LogLoad: LoadMap: /Game/Maps/TestMap?Name=Player
[2022.08.24-18.53.19:572][  0]LogWorld: BeginTearingDown for /Temp/Untitled_0
[2022.08.24-18.53.19:578][  0]LogWorld: UWorld::CleanupWorld for Untitled, bSessionEnded=true, bCleanupResources=true
[2022.08.24-18.53.19:591][  0]LogUObjectHash: Compacting FUObjectHashTables data took   0.76ms
[2022.08.24-18.53.19:678][  0]LogAIModule: Creating AISystem for world TestMap
[2022.08.24-18.53.19:899][  0]LogLoad: Game class is 'BP_FPSGameModeDefault_C'
[2022.08.24-18.53.19:900][  0]LogNet: PktLoss set to 0
[2022.08.24-18.53.19:901][  0]LogNet: PktLagMin set to 200
[2022.08.24-18.53.19:901][  0]LogNet: PktLagMax set to 200
[2022.08.24-18.53.19:901][  0]LogNet: PktIncomingLagMin set to 200
[2022.08.24-18.53.19:902][  0]LogNet: PktIncomingLagMax set to 200
[2022.08.24-18.53.19:902][  0]LogNet: PktIncomingLoss set to 0
[2022.08.24-18.53.19:903][  0]LogNet: PktLoss set to 0
[2022.08.24-18.53.19:903][  0]LogNet: PktLagMin set to 200
[2022.08.24-18.53.19:904][  0]LogNet: PktLagMax set to 200
[2022.08.24-18.53.19:904][  0]LogNet: PktIncomingLagMin set to 200
[2022.08.24-18.53.19:905][  0]LogNet: PktIncomingLagMax set to 200
[2022.08.24-18.53.19:905][  0]LogNet: PktIncomingLoss set to 0
[2022.08.24-18.53.19:905][  0]LogNet: PktLoss set to 0
[2022.08.24-18.53.19:907][  0]LogNet: PktLagMin set to 200
[2022.08.24-18.53.19:907][  0]LogNet: PktLagMax set to 200
[2022.08.24-18.53.19:908][  0]LogNet: PktIncomingLagMin set to 200
[2022.08.24-18.53.19:908][  0]LogNet: PktIncomingLagMax set to 200
[2022.08.24-18.53.19:908][  0]LogNet: PktIncomingLoss set to 0
[2022.08.24-18.53.19:909][  0]LogNet: ReplicationDriverClass is null! Not using ReplicationDriver.
[2022.08.24-18.53.19:910][  0]LogNetCore: DDoS detection status: detection enabled: 0 analytics enabled: 0
[2022.08.24-18.53.19:910][  0]LogInit: WinSock: Socket queue. Rx: 131072 (config 131072) Tx: 131072 (config 131072)
[2022.08.24-18.53.19:911][  0]LogNet: Created socket for bind address: 0.0.0.0 on port 17777
[2022.08.24-18.53.19:911][  0]PacketHandlerLog: Loaded PacketHandler component: Engine.EngineHandlerComponentFactory (StatelessConnectHandlerComponent)
[2022.08.24-18.53.19:912][  0]LogNet: GameNetDriver IpNetDriver_0 IpNetDriver listening on port 17777
[2022.08.24-18.53.19:914][  0]LogWorld: Bringing World /Game/Maps/TestMap.TestMap up for play (max tick rate 30) at 2022.08.24-19.53.19
[2022.08.24-18.53.19:914][  0]LogWorld: Bringing up level for play took: 0.001949
[2022.08.24-18.53.19:915][  0]LogGameMode: Display: Match State Changed from EnteringMap to WaitingToStart
[2022.08.24-18.53.19:915][  0]LogTemp: Warning: Numebr of rewind components = 1
[2022.08.24-18.53.19:916][  0]LogGameState: Match State Changed from EnteringMap to WaitingToStart
[2022.08.24-18.53.19:916][  0]LogLoad: Took 0.349591 seconds to LoadMap(/Game/Maps/TestMap)
[2022.08.24-18.53.19:922][  0]LogInit: Display: Engine is initialized. Leaving FEngineLoop::Init()
[2022.08.24-18.53.19:923][  0]LogLoad: (Engine Initialization) Total time: 4.81 seconds
[2022.08.24-18.53.19:923][  0]LogLoad: (Engine Initialization) Total Blueprint compile time: 0.00 seconds
[2022.08.24-18.53.20:058][  3]LogNet: NotifyAcceptingConnection accepted from: 127.0.0.1:51901
[2022.08.24-18.53.20:058][  3]LogHandshake: SendConnectChallenge. Timestamp: 0.133807, Cookie: 186151103124245129242083189044156019253124022040113208027165
[2022.08.24-18.53.20:091][  4]LogNet: NotifyAcceptingConnection accepted from: 127.0.0.1:51901
[2022.08.24-18.53.20:091][  4]LogHandshake: SendChallengeAck. InCookie: 186151103124245129242083189044156019253124022040113208027165
[2022.08.24-18.53.20:093][  4]LogNet: Server accepting post-challenge connection from: 127.0.0.1:51901
[2022.08.24-18.53.20:093][  4]PacketHandlerLog: Loaded PacketHandler component: Engine.EngineHandlerComponentFactory (StatelessConnectHandlerComponent)
[2022.08.24-18.53.20:093][  4]LogNet: NotifyAcceptedConnection: Name: TestMap, TimeStamp: 08/24/22 19:53:20, [UNetConnection] RemoteAddr: 127.0.0.1:51901, Name: IpConnection_0, Driver: GameNetDriver IpNetDriver_0, IsServer: YES, PC: NULL, Owner: NULL, UniqueId: INVALID
[2022.08.24-18.53.20:094][  4]LogNet: AddClientConnection: Added client connection: [UNetConnection] RemoteAddr: 127.0.0.1:51901, Name: IpConnection_0, Driver: GameNetDriver IpNetDriver_0, IsServer: YES, PC: NULL, Owner: NULL, UniqueId: INVALID
[2022.08.24-18.53.20:355][ 12]LogNet: NotifyAcceptingChannel Control 0 server World /Game/Maps/TestMap.TestMap: Accepted
[2022.08.24-18.53.20:355][ 12]LogNet: Remote platform little endian=1
[2022.08.24-18.53.20:356][ 12]LogNet: This platform little endian=1
[2022.08.24-18.53.20:356][ 12]LogNetVersion: fpsgame 1.0.0.0, NetCL: 17155196, EngineNetVer: 17, GameNetVer: 0 (Checksum: 1484303137)
[2022.08.24-18.53.20:520][ 17]LogNet: NotifyAcceptingConnection accepted from: 127.0.0.1:52762
[2022.08.24-18.53.20:520][ 17]LogHandshake: SendConnectChallenge. Timestamp: 0.595721, Cookie: 062237061239147059053068172044216018101082048027115015182076
[2022.08.24-18.53.20:553][ 18]LogNet: NotifyAcceptingConnection accepted from: 127.0.0.1:52762
[2022.08.24-18.53.20:553][ 18]LogHandshake: SendChallengeAck. InCookie: 062237061239147059053068172044216018101082048027115015182076
[2022.08.24-18.53.20:554][ 18]LogNet: Server accepting post-challenge connection from: 127.0.0.1:52762
[2022.08.24-18.53.20:554][ 18]PacketHandlerLog: Loaded PacketHandler component: Engine.EngineHandlerComponentFactory (StatelessConnectHandlerComponent)
[2022.08.24-18.53.20:555][ 18]LogNet: NotifyAcceptedConnection: Name: TestMap, TimeStamp: 08/24/22 19:53:20, [UNetConnection] RemoteAddr: 127.0.0.1:52762, Name: IpConnection_1, Driver: GameNetDriver IpNetDriver_0, IsServer: YES, PC: NULL, Owner: NULL, UniqueId: INVALID
[2022.08.24-18.53.20:555][ 18]LogNet: AddClientConnection: Added client connection: [UNetConnection] RemoteAddr: 127.0.0.1:52762, Name: IpConnection_1, Driver: GameNetDriver IpNetDriver_0, IsServer: YES, PC: NULL, Owner: NULL, UniqueId: INVALID
[2022.08.24-18.53.20:784][ 25]LogNet: NotifyAcceptingChannel Control 0 server World /Game/Maps/TestMap.TestMap: Accepted
[2022.08.24-18.53.20:784][ 25]LogNet: Remote platform little endian=1
[2022.08.24-18.53.20:785][ 25]LogNet: This platform little endian=1
[2022.08.24-18.53.20:850][ 27]LogNet: Login request: ?Name=DESKTOP-QG36584-48DA55D947FFDDC2A94EA5B33E581BF2 userId: NULL:DESKTOP-QG36584-48DA55D947FFDDC2A94EA5B33E581BF2 platform: NULL
[2022.08.24-18.53.21:278][ 40]LogNet: Login request: ?Name=DESKTOP-QG36584-C8967BE645CBD81636ECAD95E7B9E7BE userId: NULL:DESKTOP-QG36584-C8967BE645CBD81636ECAD95E7B9E7BE platform: NULL
[2022.08.24-18.53.21:344][ 42]LogNet: Client netspeed is 100000
[2022.08.24-18.53.21:344][ 42]LogNet: Join request: /Engine/Maps/Entry?Name=DESKTOP-QG36584-48DA55D947FFDDC2A94EA5B33E581BF2?SplitscreenCount=1
[2022.08.24-18.53.21:345][ 42]LogOnlineSession: Warning: OSS: No game present to join for session (GameSession)
[2022.08.24-18.53.21:346][ 42]LogGameMode: Display: Match State Changed from WaitingToStart to InProgress
[2022.08.24-18.53.21:347][ 42]LogTemp: Warning: Numebr of rewind components = 2
[2022.08.24-18.53.21:348][ 42]LogGameState: Match State Changed from WaitingToStart to InProgress
[2022.08.24-18.53.21:348][ 42]LogNet: Join succeeded: DESKTOP-QG36584-48DA
[2022.08.24-18.53.21:905][ 59]LogNet: Client netspeed is 100000
[2022.08.24-18.53.21:905][ 59]LogNet: Join request: /Engine/Maps/Entry?Name=DESKTOP-QG36584-C8967BE645CBD81636ECAD95E7B9E7BE?SplitscreenCount=1
[2022.08.24-18.53.21:906][ 59]LogOnlineSession: Warning: OSS: No game present to join for session (GameSession)
[2022.08.24-18.53.21:907][ 59]LogTemp: Warning: Numebr of rewind components = 3
[2022.08.24-18.53.21:908][ 59]LogNet: Join succeeded: DESKTOP-QG36584-C896
[2022.08.24-18.53.23:360][103]LogNet: UNetConnection::Cleanup: Closing open connection. [UNetConnection] RemoteAddr: 127.0.0.1:52762, Name: IpConnection_1, Driver: GameNetDriver IpNetDriver_0, IsServer: YES, PC: FPSPlayerController_1, Owner: FPSPlayerController_1, UniqueId: NULL:DESKTOP-QG36584-C8967BE645CBD81636ECAD95E7B9E7BE
[2022.08.24-18.53.23:360][103]LogNet: UNetConnection::Close: [UNetConnection] RemoteAddr: 127.0.0.1:52762, Name: IpConnection_1, Driver: GameNetDriver IpNetDriver_0, IsServer: YES, PC: FPSPlayerController_1, Owner: FPSPlayerController_1, UniqueId: NULL:DESKTOP-QG36584-C8967BE645CBD81636ECAD95E7B9E7BE, Channels: 13, Time: 2022.08.24-18.53.23
[2022.08.24-18.53.23:362][103]LogNet: UChannel::Close: Sending CloseBunch. ChIndex == 0. Name: [UChannel] ChIndex: 0, Closing: 0 [UNetConnection] RemoteAddr: 127.0.0.1:52762, Name: IpConnection_1, Driver: GameNetDriver IpNetDriver_0, IsServer: YES, PC: FPSPlayerController_1, Owner: FPSPlayerController_1, UniqueId: NULL:DESKTOP-QG36584-C8967BE645CBD81636ECAD95E7B9E7BE
[2022.08.24-18.53.23:363][103]LogOnlineSession: Warning: OSS: No game present to leave for session (GameSession)
[2022.08.24-18.53.23:855][118]LogNet: UNetConnection::Cleanup: Closing open connection. [UNetConnection] RemoteAddr: 127.0.0.1:51901, Name: IpConnection_0, Driver: GameNetDriver IpNetDriver_0, IsServer: YES, PC: FPSPlayerController_0, Owner: FPSPlayerController_0, UniqueId: NULL:DESKTOP-QG36584-48DA55D947FFDDC2A94EA5B33E581BF2
[2022.08.24-18.53.23:855][118]LogNet: UNetConnection::Close: [UNetConnection] RemoteAddr: 127.0.0.1:51901, Name: IpConnection_0, Driver: GameNetDriver IpNetDriver_0, IsServer: YES, PC: FPSPlayerController_0, Owner: FPSPlayerController_0, UniqueId: NULL:DESKTOP-QG36584-48DA55D947FFDDC2A94EA5B33E581BF2, Channels: 13, Time: 2022.08.24-18.53.23
[2022.08.24-18.53.23:856][118]LogNet: UChannel::Close: Sending CloseBunch. ChIndex == 0. Name: [UChannel] ChIndex: 0, Closing: 0 [UNetConnection] RemoteAddr: 127.0.0.1:51901, Name: IpConnection_0, Driver: GameNetDriver IpNetDriver_0, IsServer: YES, PC: FPSPlayerController_0, Owner: FPSPlayerController_0, UniqueId: NULL:DESKTOP-QG36584-48DA55D947FFDDC2A94EA5B33E581BF2
[2022.08.24-18.53.23:856][118]LogOnlineSession: Warning: OSS: No game present to leave for session (GameSession)
[2022.08.24-18.53.37:211][522]LogNet: NotifyAcceptingConnection accepted from: 127.0.0.1:57585
[2022.08.24-18.53.37:211][522]LogHandshake: SendConnectChallenge. Timestamp: 17.286419, Cookie: 043241040065205031079090166113152178174112242208175103199038
[2022.08.24-18.53.37:244][523]LogNet: NotifyAcceptingConnection accepted from: 127.0.0.1:57585
[2022.08.24-18.53.37:244][523]LogHandshake: SendChallengeAck. InCookie: 043241040065205031079090166113152178174112242208175103199038
[2022.08.24-18.53.37:244][523]LogNet: Server accepting post-challenge connection from: 127.0.0.1:57585
[2022.08.24-18.53.37:244][523]PacketHandlerLog: Loaded PacketHandler component: Engine.EngineHandlerComponentFactory (StatelessConnectHandlerComponent)
[2022.08.24-18.53.37:244][523]LogNet: NotifyAcceptedConnection: Name: TestMap, TimeStamp: 08/24/22 19:53:37, [UNetConnection] RemoteAddr: 127.0.0.1:57585, Name: IpConnection_2, Driver: GameNetDriver IpNetDriver_0, IsServer: YES, PC: NULL, Owner: NULL, UniqueId: INVALID
[2022.08.24-18.53.37:244][523]LogNet: AddClientConnection: Added client connection: [UNetConnection] RemoteAddr: 127.0.0.1:57585, Name: IpConnection_2, Driver: GameNetDriver IpNetDriver_0, IsServer: YES, PC: NULL, Owner: NULL, UniqueId: INVALID
[2022.08.24-18.53.37:509][531]LogNet: NotifyAcceptingChannel Control 0 server World /Game/Maps/TestMap.TestMap: Accepted
[2022.08.24-18.53.37:509][531]LogNet: Remote platform little endian=1
[2022.08.24-18.53.37:510][531]LogNet: This platform little endian=1
[2022.08.24-18.53.38:005][546]LogNet: Login request: ?Name=DESKTOP-QG36584-28D5112C4E52A00970A693890F2BE995 userId: NULL:DESKTOP-QG36584-28D5112C4E52A00970A693890F2BE995 platform: NULL
[2022.08.24-18.53.38:600][564]LogNet: Client netspeed is 100000
[2022.08.24-18.53.38:600][564]LogNet: Join request: /Engine/Maps/Entry?Name=DESKTOP-QG36584-28D5112C4E52A00970A693890F2BE995?SplitscreenCount=1
[2022.08.24-18.53.38:602][564]LogOnlineSession: Warning: OSS: No game present to join for session (GameSession)
[2022.08.24-18.53.38:603][564]LogTemp: Warning: Numebr of rewind components = 4
[2022.08.24-18.53.38:604][564]LogNet: Join succeeded: DESKTOP-QG36584-28D5
[2022.08.24-18.53.39:990][606]LogNet: UNetConnection::Cleanup: Closing open connection. [UNetConnection] RemoteAddr: 127.0.0.1:57585, Name: IpConnection_2, Driver: GameNetDriver IpNetDriver_0, IsServer: YES, PC: FPSPlayerController_2, Owner: FPSPlayerController_2, UniqueId: NULL:DESKTOP-QG36584-28D5112C4E52A00970A693890F2BE995
[2022.08.24-18.53.39:990][606]LogNet: UNetConnection::Close: [UNetConnection] RemoteAddr: 127.0.0.1:57585, Name: IpConnection_2, Driver: GameNetDriver IpNetDriver_0, IsServer: YES, PC: FPSPlayerController_2, Owner: FPSPlayerController_2, UniqueId: NULL:DESKTOP-QG36584-28D5112C4E52A00970A693890F2BE995, Channels: 11, Time: 2022.08.24-18.53.39
[2022.08.24-18.53.39:991][606]LogNet: UChannel::Close: Sending CloseBunch. ChIndex == 0. Name: [UChannel] ChIndex: 0, Closing: 0 [UNetConnection] RemoteAddr: 127.0.0.1:57585, Name: IpConnection_2, Driver: GameNetDriver IpNetDriver_0, IsServer: YES, PC: FPSPlayerController_2, Owner: FPSPlayerController_2, UniqueId: NULL:DESKTOP-QG36584-28D5112C4E52A00970A693890F2BE995
[2022.08.24-18.53.39:991][606]LogOnlineSession: Warning: OSS: No game present to leave for session (GameSession)
