Log file open, 08/24/22 19:56:38
LogWindows: Failed to load 'aqProf.dll' (GetLastError=126)
LogWindows: File 'aqProf.dll' does not exist
LogWindows: Failed to load 'VtuneApi.dll' (GetLastError=126)
LogWindows: File 'VtuneApi.dll' does not exist
LogWindows: Failed to load 'VtuneApi32e.dll' (GetLastError=126)
LogWindows: File 'VtuneApi32e.dll' does not exist
LogConsoleResponse: Display: Failed to find resolution value strings in scalability ini. Falling back to default.
LogConsoleResponse: Display: Failed to find resolution value strings in scalability ini. Falling back to default.
LogInit: Display: Running engine for game: fpsgame
LogPlatformFile: Not using cached read wrapper
LogTaskGraph: Started task graph with 5 named threads and 17 total threads with 3 sets of task threads.
LogStats: Stats thread started at 0.212118
LogICUInternationalization: ICU TimeZone Detection - Raw Offset: +0:00, Platform Override: ''
LogInit: Display: Loading text-based GConfig....
LogPluginManager: Mounting plugin MeshPainting
LogPluginManager: Mounting plugin XGEController
LogPluginManager: Mounting plugin Paper2D
LogPluginManager: Mounting plugin AISupport
LogPluginManager: Mounting plugin EnvironmentQueryEditor
LogPluginManager: Mounting plugin LiveLink
LogPluginManager: Mounting plugin LightPropagationVolume
LogPluginManager: Mounting plugin CameraShakePreviewer
LogPluginManager: Mounting plugin GameplayCameras
LogPluginManager: Mounting plugin OodleData
LogPluginManager: Mounting plugin OodleNetwork
LogPluginManager: Mounting plugin AnimationSharing
LogPluginManager: Mounting plugin CLionSourceCodeAccess
LogPluginManager: Mounting plugin CodeLiteSourceCodeAccess
LogPluginManager: Mounting plugin GitSourceControl
LogPluginManager: Mounting plugin KDevelopSourceCodeAccess
LogPluginManager: Mounting plugin NullSourceCodeAccess
LogPluginManager: Mounting plugin PerforceSourceControl
LogPluginManager: Mounting plugin PixWinPlugin
LogPluginManager: Mounting plugin PlasticSourceControl
LogPluginManager: Mounting plugin PluginUtils
LogPluginManager: Mounting plugin PropertyAccessNode
LogPluginManager: Mounting plugin RiderSourceCodeAccess
LogPluginManager: Mounting plugin SubversionSourceControl
LogPluginManager: Mounting plugin TextureFormatOodle
LogPluginManager: Mounting plugin UObjectPlugin
LogPluginManager: Mounting plugin VisualStudioCodeSourceCodeAccess
LogPluginManager: Mounting plugin VisualStudioSourceCodeAccess
LogPluginManager: Mounting plugin XCodeSourceCodeAccess
LogPluginManager: Mounting plugin AssetManagerEditor
LogPluginManager: Mounting plugin CryptoKeys
LogPluginManager: Mounting plugin CurveEditorTools
LogPluginManager: Mounting plugin DataValidation
LogPluginManager: Mounting plugin FacialAnimation
LogPluginManager: Mounting plugin GameplayTagsEditor
LogPluginManager: Mounting plugin GeometryMode
LogPluginManager: Mounting plugin MacGraphicsSwitching
LogPluginManager: Mounting plugin MaterialAnalyzer
LogPluginManager: Mounting plugin MobileLauncherProfileWizard
LogPluginManager: Mounting plugin PluginBrowser
LogPluginManager: Mounting plugin SpeedTreeImporter
LogPluginManager: Mounting plugin DatasmithContent
LogPluginManager: Mounting plugin VariantManagerContent
LogPluginManager: Mounting plugin AlembicImporter
LogPluginManager: Mounting plugin AutomationUtils
LogPluginManager: Mounting plugin BackChannel
LogPluginManager: Mounting plugin ChaosCloth
LogPluginManager: Mounting plugin ChaosClothEditor
LogPluginManager: Mounting plugin ChaosEditor
LogPluginManager: Mounting plugin ChaosNiagara
LogPluginManager: Mounting plugin ChaosSolverPlugin
LogPluginManager: Mounting plugin CharacterAI
LogPluginManager: Mounting plugin GeometryCache
LogPluginManager: Mounting plugin GeometryCollectionPlugin
LogPluginManager: Mounting plugin GeometryProcessing
LogPluginManager: Mounting plugin MotoSynth
LogPluginManager: Mounting plugin OpenImageDenoise
LogPluginManager: Mounting plugin PlanarCut
LogPluginManager: Mounting plugin PlatformCrypto
LogPluginManager: Mounting plugin ProxyLODPlugin
LogPluginManager: Mounting plugin PythonScriptPlugin
LogPluginManager: Mounting plugin SkeletalReduction
LogPluginManager: Mounting plugin Niagara
LogPluginManager: Mounting plugin LuminPlatformFeatures
LogPluginManager: Mounting plugin MagicLeap
LogPluginManager: Mounting plugin MagicLeapLightEstimation
LogPluginManager: Mounting plugin MagicLeapMedia
LogPluginManager: Mounting plugin MagicLeapPassableWorld
LogPluginManager: Mounting plugin MLSDK
LogPluginManager: Mounting plugin AndroidMedia
LogPluginManager: Mounting plugin AvfMedia
LogPluginManager: Mounting plugin ImgMedia
LogPluginManager: Mounting plugin MediaCompositing
LogPluginManager: Mounting plugin MediaPlayerEditor
LogPluginManager: Mounting plugin WebMMedia
LogPluginManager: Mounting plugin WmfMedia
LogPluginManager: Mounting plugin TcpMessaging
LogPluginManager: Mounting plugin UdpMessaging
LogPluginManager: Mounting plugin ActorSequence
LogPluginManager: Mounting plugin LevelSequenceEditor
LogPluginManager: Mounting plugin MatineeToLevelSequence
LogPluginManager: Mounting plugin TemplateSequence
LogPluginManager: Mounting plugin OnlineSubsystem
LogPluginManager: Mounting plugin OnlineSubsystemNull
LogPluginManager: Mounting plugin OnlineSubsystemUtils
LogPluginManager: Mounting plugin LauncherChunkInstaller
LogPluginManager: Mounting plugin ActorLayerUtilities
LogPluginManager: Mounting plugin AndroidDeviceProfileSelector
LogPluginManager: Mounting plugin AndroidMoviePlayer
LogPluginManager: Mounting plugin AndroidPermission
LogPluginManager: Mounting plugin AppleImageUtils
LogPluginManager: Mounting plugin AppleMoviePlayer
LogPluginManager: Mounting plugin ArchVisCharacter
LogPluginManager: Mounting plugin AssetTags
LogPluginManager: Mounting plugin AudioCapture
LogPluginManager: Mounting plugin AudioSynesthesia
LogPluginManager: Mounting plugin CableComponent
LogPluginManager: Mounting plugin ChunkDownloader
LogPluginManager: Mounting plugin CustomMeshComponent
LogPluginManager: Mounting plugin EditableMesh
LogPluginManager: Mounting plugin ExampleDeviceProfileSelector
LogPluginManager: Mounting plugin GoogleCloudMessaging
LogPluginManager: Mounting plugin GooglePAD
LogPluginManager: Mounting plugin IOSDeviceProfileSelector
LogPluginManager: Mounting plugin LinuxDeviceProfileSelector
LogPluginManager: Mounting plugin LocationServicesBPLibrary
LogPluginManager: Mounting plugin MobilePatchingUtils
LogPluginManager: Mounting plugin OpenXR
LogPluginManager: Mounting plugin OpenXREyeTracker
LogPluginManager: Mounting plugin OpenXRHandTracking
LogPluginManager: Mounting plugin PhysXVehicles
LogPluginManager: Mounting plugin PostSplashScreen
LogPluginManager: Mounting plugin ProceduralMeshComponent
LogPluginManager: Mounting plugin PropertyAccessEditor
LogPluginManager: Mounting plugin RuntimePhysXCooking
LogPluginManager: Mounting plugin SignificanceManager
LogPluginManager: Mounting plugin SoundFields
LogPluginManager: Mounting plugin Synthesis
LogPluginManager: Mounting plugin WebMMoviePlayer
LogPluginManager: Mounting plugin WindowsMoviePlayer
LogPluginManager: Mounting plugin ScreenshotTools
LogPluginManager: Mounting plugin Takes
LogPluginManager: Mounting plugin ContentBrowserAssetDataSource
LogPluginManager: Mounting plugin ContentBrowserClassDataSource
LogPluginManager: Mounting plugin ContentBrowserFileDataSource
LogPluginManager: Mounting plugin OnlineSubsystemGooglePlay
LogPluginManager: Mounting plugin OnlineSubsystemIOS
LogPluginManager: Mounting plugin OculusVR
LogPluginManager: Mounting plugin SteamVR
PixWinPlugin: PIX capture plugin failed to initialize! Check that the process is launched from PIX.
LogInit: Using libcurl 7.55.1-DEV
LogInit:  - built for x86_64-pc-win32
LogInit:  - supports SSL with OpenSSL/1.1.1
LogInit:  - supports HTTP deflate (compression) using libz 1.2.8
LogInit:  - other features:
LogInit:      CURL_VERSION_SSL
LogInit:      CURL_VERSION_LIBZ
LogInit:      CURL_VERSION_IPV6
LogInit:      CURL_VERSION_ASYNCHDNS
LogInit:      CURL_VERSION_LARGEFILE
LogInit:      CURL_VERSION_IDN
LogInit:  CurlRequestOptions (configurable via config and command line):
LogInit:  - bVerifyPeer = true  - Libcurl will verify peer certificate
LogInit:  - bUseHttpProxy = false  - Libcurl will NOT use HTTP proxy
LogInit:  - bDontReuseConnections = false  - Libcurl will reuse connections
LogInit:  - MaxHostConnections = 16  - Libcurl will limit the number of connections to a host
LogInit:  - LocalHostAddr = Default
LogInit:  - BufferSize = 65536
LogOnline: OSS: Creating online subsystem instance for: NULL
LogInit: WinSock: version 1.1 (2.2), MaxSocks=32767, MaxUdp=65467
LogOnline: OSS: TryLoadSubsystemAndSetDefault: Loaded subsystem for module [NULL]
LogInit: Build: ++UE4+Release-4.27-CL-18319896
LogInit: Engine Version: 4.27.2-18319896+++UE4+Release-4.27
LogInit: Compatible Engine Version: 4.27.0-17155196+++UE4+Release-4.27
LogInit: Net CL: 17155196
LogInit: OS: Windows 10 (Release 2009) (), CPU: AMD Ryzen 5 3600X 6-Core Processor             , GPU: AMD Radeon RX 5700 XT
LogInit: Compiled (64-bit): Nov 30 2021 07:12:08
LogInit: Compiled with Visual C++: 19.24.28315.00
LogInit: Build Configuration: Development
LogInit: Branch Name: ++UE4+Release-4.27
LogInit: Command Line:  /Game/Maps/TestMap -game -PIEVIACONSOLE -Multiprocess -server -log "GameUserSettingsINI=C:/Users/danie/Documents/Gamedev VR/game/UE4 game/fpsgame/Saved/Config/Windows/PIEGameUserSettings0.ini" -MultiprocessSaveConfig -forcepassthrough -messaging -SessionName="Play in Standalone Game" -port=17777 -PktLagMin=200 -PktLagMax=200 -PktLoss=0 -PktIncomingLagMin=200 -PktIncomingLagMax=200 -PktIncomingLoss=0 -windowed
LogInit: Base Directory: C:/Program Files/Epic Games/UE_4.27/Engine/Binaries/Win64/
LogInit: Allocator: TBB
LogInit: Installed Engine Build: 1
LogDevObjectVersion: Number of dev versions registered: 29
LogDevObjectVersion:   Dev-Blueprints (B0D832E4-1F89-4F0D-ACCF-7EB736FD4AA2): 10
LogDevObjectVersion:   Dev-Build (E1C64328-A22C-4D53-A36C-8E866417BD8C): 0
LogDevObjectVersion:   Dev-Core (375EC13C-06E4-48FB-B500-84F0262A717E): 4
LogDevObjectVersion:   Dev-Editor (E4B068ED-F494-42E9-A231-DA0B2E46BB41): 40
LogDevObjectVersion:   Dev-Framework (CFFC743F-43B0-4480-9391-14DF171D2073): 37
LogDevObjectVersion:   Dev-Mobile (B02B49B5-BB20-44E9-A304-32B752E40360): 3
LogDevObjectVersion:   Dev-Networking (A4E4105C-59A1-49B5-A7C5-40C4547EDFEE): 0
LogDevObjectVersion:   Dev-Online (39C831C9-5AE6-47DC-9A44-9C173E1C8E7C): 0
LogDevObjectVersion:   Dev-Physics (78F01B33-EBEA-4F98-B9B4-84EACCB95AA2): 14
LogDevObjectVersion:   Dev-Platform (6631380F-2D4D-43E0-8009-CF276956A95A): 0
LogDevObjectVersion:   Dev-Rendering (12F88B9F-8875-4AFC-A67C-D90C383ABD29): 45
LogDevObjectVersion:   Dev-Sequencer (7B5AE74C-D270-4C10-A958-57980B212A5A): 13
LogDevObjectVersion:   Dev-VR (D7296918-1DD6-4BDD-9DE2-64A83CC13884): 3
LogDevObjectVersion:   Dev-LoadTimes (C2A15278-BFE7-4AFE-6C17-90FF531DF755): 1
LogDevObjectVersion:   Private-Geometry (6EACA3D4-40EC-4CC1-B786-8BED09428FC5): 3
LogDevObjectVersion:   Dev-AnimPhys (29E575DD-E0A3-4627-9D10-D276232CDCEA): 17
LogDevObjectVersion:   Dev-Anim (AF43A65D-7FD3-4947-9873-3E8ED9C1BB05): 15
LogDevObjectVersion:   Dev-ReflectionCapture (6B266CEC-1EC7-4B8F-A30B-E4D90942FC07): 1
LogDevObjectVersion:   Dev-Automation (0DF73D61-A23F-47EA-B727-89E90C41499A): 1
LogDevObjectVersion:   FortniteMain (601D1886-AC64-4F84-AA16-D3DE0DEAC7D6): 47
LogDevObjectVersion:   FortniteRelease (E7086368-6B23-4C58-8439-1B7016265E91): 1
LogDevObjectVersion:   Dev-Enterprise (9DFFBCD6-494F-0158-E221-12823C92A888): 10
LogDevObjectVersion:   Dev-Niagara (F2AED0AC-9AFE-416F-8664-AA7FFA26D6FC): 1
LogDevObjectVersion:   Dev-Destruction (174F1F0B-B4C6-45A5-B13F-2EE8D0FB917D): 10
LogDevObjectVersion:   Dev-Physics-Ext (35F94A83-E258-406C-A318-09F59610247C): 41
LogDevObjectVersion:   Dev-PhysicsMaterial-Chaos (B68FC16E-8B1B-42E2-B453-215C058844FE): 1
LogDevObjectVersion:   Dev-CineCamera (B2E18506-4273-CFC2-A54E-F4BB758BBA07): 1
LogDevObjectVersion:   Dev-VirtualProduction (64F58936-FD1B-42BA-BA96-7289D5D0FA4E): 1
LogDevObjectVersion:   Dev-MediaFramework (6F0ED827-A609-4895-9C91-998D90180EA4): 2
LogInit: Presizing for max 25165824 objects, including 0 objects not considered by GC, pre-allocating 0 bytes for permanent pool.
LogConfig: Applying CVar settings from Section [/Script/Engine.StreamingSettings] File [C:/Users/danie/Documents/Gamedev VR/game/UE4 game/fpsgame/Saved/Config/Windows/Engine.ini]
LogConfig: Setting CVar [[s.MinBulkDataSizeForAsyncLoading:131072]]
LogConfig: Setting CVar [[s.AsyncLoadingThreadEnabled:0]]
LogConfig: Setting CVar [[s.EventDrivenLoaderEnabled:1]]
LogConfig: Setting CVar [[s.WarnIfTimeLimitExceeded:0]]
LogConfig: Setting CVar [[s.TimeLimitExceededMultiplier:1.5]]
LogConfig: Setting CVar [[s.TimeLimitExceededMinTime:0.005]]
LogConfig: Setting CVar [[s.UseBackgroundLevelStreaming:1]]
LogConfig: Setting CVar [[s.PriorityAsyncLoadingExtraTime:15.0]]
LogConfig: Setting CVar [[s.LevelStreamingActorsUpdateTimeLimit:5.0]]
LogConfig: Setting CVar [[s.PriorityLevelStreamingActorsUpdateExtraTime:5.0]]
LogConfig: Setting CVar [[s.LevelStreamingComponentsRegistrationGranularity:10]]
LogConfig: Setting CVar [[s.UnregisterComponentsTimeLimit:1.0]]
LogConfig: Setting CVar [[s.LevelStreamingComponentsUnregistrationGranularity:5]]
LogConfig: Setting CVar [[s.FlushStreamingOnExit:1]]
LogInit: Object subsystem initialized
LogConfig: Setting CVar [[con.DebugEarlyDefault:1]]
LogConfig: Setting CVar [[r.setres:1280x720]]
[2022.08.24-18.56.39:310][  0]LogConfig: Setting CVar [[con.DebugEarlyDefault:1]]
[2022.08.24-18.56.39:310][  0]LogConfig: Setting CVar [[r.setres:1280x720]]
[2022.08.24-18.56.39:310][  0]LogConfig: Applying CVar settings from Section [/Script/Engine.RendererSettings] File [C:/Users/danie/Documents/Gamedev VR/game/UE4 game/fpsgame/Saved/Config/Windows/Engine.ini]
[2022.08.24-18.56.39:310][  0]LogConfig: Setting CVar [[r.GPUCrashDebugging:0]]
[2022.08.24-18.56.39:311][  0]LogConfig: Setting CVar [[r.Mobile.DisableVertexFog:1]]
[2022.08.24-18.56.39:311][  0]LogConfig: Setting CVar [[r.Shadow.CSM.MaxMobileCascades:2]]
[2022.08.24-18.56.39:311][  0]LogConfig: Setting CVar [[r.MobileMSAA:1]]
[2022.08.24-18.56.39:311][  0]LogConfig: Setting CVar [[r.Mobile.AllowDitheredLODTransition:0]]
[2022.08.24-18.56.39:312][  0]LogConfig: Setting CVar [[r.Mobile.AllowSoftwareOcclusion:0]]
[2022.08.24-18.56.39:312][  0]LogConfig: Setting CVar [[r.Mobile.VirtualTextures:0]]
[2022.08.24-18.56.39:312][  0]LogConfig: Setting CVar [[r.DiscardUnusedQuality:0]]
[2022.08.24-18.56.39:312][  0]LogConfig: Setting CVar [[r.AllowOcclusionQueries:1]]
[2022.08.24-18.56.39:313][  0]LogConfig: Setting CVar [[r.MinScreenRadiusForLights:0.030000]]
[2022.08.24-18.56.39:313][  0]LogConfig: Setting CVar [[r.MinScreenRadiusForDepthPrepass:0.030000]]
[2022.08.24-18.56.39:313][  0]LogConfig: Setting CVar [[r.MinScreenRadiusForCSMDepth:0.010000]]
[2022.08.24-18.56.39:314][  0]LogConfig: Setting CVar [[r.PrecomputedVisibilityWarning:0]]
[2022.08.24-18.56.39:315][  0]LogConfig: Setting CVar [[r.TextureStreaming:1]]
[2022.08.24-18.56.39:315][  0]LogConfig: Setting CVar [[Compat.UseDXT5NormalMaps:0]]
[2022.08.24-18.56.39:315][  0]LogConfig: Setting CVar [[r.VirtualTextures:0]]
[2022.08.24-18.56.39:316][  0]LogConfig: Setting CVar [[r.VT.EnableAutoImport:1]]
[2022.08.24-18.56.39:316][  0]LogConfig: Setting CVar [[r.VirtualTexturedLightmaps:0]]
[2022.08.24-18.56.39:316][  0]LogConfig: Setting CVar [[r.VT.TileSize:128]]
[2022.08.24-18.56.39:317][  0]LogConfig: Setting CVar [[r.VT.TileBorderSize:4]]
[2022.08.24-18.56.39:318][  0]LogConfig: Setting CVar [[r.vt.FeedbackFactor:16]]
[2022.08.24-18.56.39:319][  0]LogConfig: Setting CVar [[r.VT.EnableCompressZlib:1]]
[2022.08.24-18.56.39:319][  0]LogConfig: Setting CVar [[r.VT.EnableCompressCrunch:0]]
[2022.08.24-18.56.39:319][  0]LogConfig: Setting CVar [[r.ClearCoatNormal:0]]
[2022.08.24-18.56.39:319][  0]LogConfig: Setting CVar [[r.ReflectionCaptureResolution:128]]
[2022.08.24-18.56.39:320][  0]LogConfig: Setting CVar [[r.Mobile.ReflectionCaptureCompression:0]]
[2022.08.24-18.56.39:320][  0]LogConfig: Setting CVar [[r.ReflectionEnvironmentLightmapMixBasedOnRoughness:1]]
[2022.08.24-18.56.39:320][  0]LogConfig: Setting CVar [[r.ForwardShading:0]]
[2022.08.24-18.56.39:320][  0]LogConfig: Setting CVar [[r.VertexFoggingForOpaque:1]]
[2022.08.24-18.56.39:321][  0]LogConfig: Setting CVar [[r.AllowStaticLighting:1]]
[2022.08.24-18.56.39:321][  0]LogConfig: Setting CVar [[r.NormalMapsForStaticLighting:0]]
[2022.08.24-18.56.39:321][  0]LogConfig: Setting CVar [[r.GenerateMeshDistanceFields:0]]
[2022.08.24-18.56.39:321][  0]LogConfig: Setting CVar [[r.DistanceFieldBuild.EightBit:0]]
[2022.08.24-18.56.39:322][  0]LogConfig: Setting CVar [[r.GenerateLandscapeGIData:0]]
[2022.08.24-18.56.39:322][  0]LogConfig: Setting CVar [[r.DistanceFieldBuild.Compress:0]]
[2022.08.24-18.56.39:322][  0]LogConfig: Setting CVar [[r.TessellationAdaptivePixelsPerTriangle:48.000000]]
[2022.08.24-18.56.39:322][  0]LogConfig: Setting CVar [[r.SeparateTranslucency:1]]
[2022.08.24-18.56.39:323][  0]LogConfig: Setting CVar [[r.TranslucentSortPolicy:0]]
[2022.08.24-18.56.39:323][  0]LogConfig: Setting CVar [[vr.VRS.HMDFixedFoveationLevel:0]]
[2022.08.24-18.56.39:323][  0]LogConfig: Setting CVar [[r.CustomDepth:1]]
[2022.08.24-18.56.39:323][  0]LogConfig: Setting CVar [[r.CustomDepthTemporalAAJitter:1]]
[2022.08.24-18.56.39:324][  0]LogConfig: Setting CVar [[r.PostProcessing.PropagateAlpha:0]]
[2022.08.24-18.56.39:324][  0]LogConfig: Setting CVar [[r.DefaultFeature.Bloom:1]]
[2022.08.24-18.56.39:324][  0]LogConfig: Setting CVar [[r.DefaultFeature.AmbientOcclusion:1]]
[2022.08.24-18.56.39:325][  0]LogConfig: Setting CVar [[r.DefaultFeature.AmbientOcclusionStaticFraction:1]]
[2022.08.24-18.56.39:325][  0]LogConfig: Setting CVar [[r.DefaultFeature.AutoExposure:0]]
[2022.08.24-18.56.39:325][  0]LogConfig: Setting CVar [[r.DefaultFeature.AutoExposure.Method:0]]
[2022.08.24-18.56.39:325][  0]LogConfig: Setting CVar [[r.DefaultFeature.AutoExposure.Bias:1.000000]]
[2022.08.24-18.56.39:326][  0]LogConfig: Setting CVar [[r.DefaultFeature.AutoExposure.ExtendDefaultLuminanceRange:0]]
[2022.08.24-18.56.39:326][  0]LogConfig: Setting CVar [[r.UsePreExposure:1]]
[2022.08.24-18.56.39:326][  0]LogConfig: Setting CVar [[r.EyeAdaptation.EditorOnly:0]]
[2022.08.24-18.56.39:326][  0]LogConfig: Setting CVar [[r.DefaultFeature.MotionBlur:0]]
[2022.08.24-18.56.39:327][  0]LogConfig: Setting CVar [[r.DefaultFeature.LensFlare:0]]
[2022.08.24-18.56.39:327][  0]LogConfig: Setting CVar [[r.TemporalAA.Upsampling:0]]
[2022.08.24-18.56.39:327][  0]LogConfig: Setting CVar [[r.SSGI.Enable:0]]
[2022.08.24-18.56.39:327][  0]LogConfig: Setting CVar [[r.DefaultFeature.AntiAliasing:0]]
[2022.08.24-18.56.39:328][  0]LogConfig: Setting CVar [[r.DefaultFeature.LightUnits:1]]
[2022.08.24-18.56.39:328][  0]LogConfig: Setting CVar [[r.DefaultBackBufferPixelFormat:4]]
[2022.08.24-18.56.39:328][  0]LogConfig: Setting CVar [[r.Shadow.UnbuiltPreviewInGame:1]]
[2022.08.24-18.56.39:328][  0]LogConfig: Setting CVar [[r.StencilForLODDither:0]]
[2022.08.24-18.56.39:329][  0]LogConfig: Setting CVar [[r.EarlyZPass:3]]
[2022.08.24-18.56.39:329][  0]LogConfig: Setting CVar [[r.EarlyZPassOnlyMaterialMasking:0]]
[2022.08.24-18.56.39:329][  0]LogConfig: Setting CVar [[r.DBuffer:1]]
[2022.08.24-18.56.39:329][  0]LogConfig: Setting CVar [[r.ClearSceneMethod:1]]
[2022.08.24-18.56.39:330][  0]LogConfig: Setting CVar [[r.BasePassOutputsVelocity:0]]
[2022.08.24-18.56.39:330][  0]LogConfig: Setting CVar [[r.VertexDeformationOutputsVelocity:0]]
[2022.08.24-18.56.39:330][  0]LogConfig: Setting CVar [[r.SelectiveBasePassOutputs:0]]
[2022.08.24-18.56.39:330][  0]LogConfig: Setting CVar [[fx.GPUSimulationTextureSizeX:1024]]
[2022.08.24-18.56.39:331][  0]LogConfig: Setting CVar [[fx.GPUSimulationTextureSizeY:1024]]
[2022.08.24-18.56.39:331][  0]LogConfig: Setting CVar [[r.AllowGlobalClipPlane:0]]
[2022.08.24-18.56.39:331][  0]LogConfig: Setting CVar [[r.GBufferFormat:1]]
[2022.08.24-18.56.39:331][  0]LogConfig: Setting CVar [[r.MorphTarget.Mode:1]]
[2022.08.24-18.56.39:332][  0]LogConfig: Setting CVar [[vr.InstancedStereo:0]]
[2022.08.24-18.56.39:334][  0]LogConfig: Setting CVar [[r.MobileHDR:1]]
[2022.08.24-18.56.39:335][  0]LogConfig: Setting CVar [[vr.MobileMultiView:0]]
[2022.08.24-18.56.39:335][  0]LogConfig: Setting CVar [[r.Mobile.UseHWsRGBEncoding:0]]
[2022.08.24-18.56.39:335][  0]LogConfig: Setting CVar [[vr.RoundRobinOcclusion:0]]
[2022.08.24-18.56.39:335][  0]LogConfig: Setting CVar [[vr.ODSCapture:0]]
[2022.08.24-18.56.39:336][  0]LogConfig: Setting CVar [[r.MeshStreaming:0]]
[2022.08.24-18.56.39:336][  0]LogConfig: Setting CVar [[r.WireframeCullThreshold:5.000000]]
[2022.08.24-18.56.39:336][  0]LogConfig: Setting CVar [[r.RayTracing:0]]
[2022.08.24-18.56.39:336][  0]LogConfig: Setting CVar [[r.RayTracing.UseTextureLod:0]]
[2022.08.24-18.56.39:337][  0]LogConfig: Setting CVar [[r.SupportStationarySkylight:1]]
[2022.08.24-18.56.39:337][  0]LogConfig: Setting CVar [[r.SupportLowQualityLightmaps:1]]
[2022.08.24-18.56.39:337][  0]LogConfig: Setting CVar [[r.SupportPointLightWholeSceneShadows:1]]
[2022.08.24-18.56.39:338][  0]LogConfig: Setting CVar [[r.SupportAtmosphericFog:1]]
[2022.08.24-18.56.39:338][  0]LogConfig: Setting CVar [[r.SupportSkyAtmosphere:1]]
[2022.08.24-18.56.39:338][  0]LogConfig: Setting CVar [[r.SupportSkyAtmosphereAffectsHeightFog:0]]
[2022.08.24-18.56.39:338][  0]LogConfig: Setting CVar [[r.SkinCache.CompileShaders:0]]
[2022.08.24-18.56.39:339][  0]LogConfig: Setting CVar [[r.SkinCache.DefaultBehavior:1]]
[2022.08.24-18.56.39:339][  0]LogConfig: Setting CVar [[r.SkinCache.SceneMemoryLimitInMB:128.000000]]
[2022.08.24-18.56.39:339][  0]LogConfig: Setting CVar [[r.Mobile.EnableStaticAndCSMShadowReceivers:1]]
[2022.08.24-18.56.39:339][  0]LogConfig: Setting CVar [[r.Mobile.EnableMovableLightCSMShaderCulling:1]]
[2022.08.24-18.56.39:340][  0]LogConfig: Setting CVar [[r.Mobile.AllowDistanceFieldShadows:1]]
[2022.08.24-18.56.39:340][  0]LogConfig: Setting CVar [[r.Mobile.AllowMovableDirectionalLights:1]]
[2022.08.24-18.56.39:340][  0]LogConfig: Setting CVar [[r.MobileNumDynamicPointLights:4]]
[2022.08.24-18.56.39:341][  0]LogConfig: Setting CVar [[r.MobileDynamicPointLightsUseStaticBranch:1]]
[2022.08.24-18.56.39:341][  0]LogConfig: Setting CVar [[r.Mobile.EnableMovableSpotlights:0]]
[2022.08.24-18.56.39:341][  0]LogConfig: Setting CVar [[r.Mobile.EnableMovableSpotlightsShadow:0]]
[2022.08.24-18.56.39:341][  0]LogConfig: Setting CVar [[r.GPUSkin.Support16BitBoneIndex:0]]
[2022.08.24-18.56.39:342][  0]LogConfig: Setting CVar [[r.GPUSkin.Limit2BoneInfluences:0]]
[2022.08.24-18.56.39:342][  0]LogConfig: Setting CVar [[r.SupportDepthOnlyIndexBuffers:1]]
[2022.08.24-18.56.39:342][  0]LogConfig: Setting CVar [[r.SupportReversedIndexBuffers:1]]
[2022.08.24-18.56.39:342][  0]LogConfig: Setting CVar [[r.LightPropagationVolume:0]]
[2022.08.24-18.56.39:343][  0]LogConfig: Setting CVar [[r.Mobile.AmbientOcclusion:0]]
[2022.08.24-18.56.39:343][  0]LogConfig: Setting CVar [[r.GPUSkin.UnlimitedBoneInfluences:0]]
[2022.08.24-18.56.39:343][  0]LogConfig: Setting CVar [[r.GPUSkin.UnlimitedBoneInfluencesThreshold:8]]
[2022.08.24-18.56.39:343][  0]LogConfig: Setting CVar [[r.Mobile.PlanarReflectionMode:0]]
[2022.08.24-18.56.39:344][  0]LogConfig: Setting CVar [[r.Mobile.SupportsGen4TAA:0]]
[2022.08.24-18.56.39:344][  0]LogConfig: Applying CVar settings from Section [/Script/Engine.RendererOverrideSettings] File [C:/Users/danie/Documents/Gamedev VR/game/UE4 game/fpsgame/Saved/Config/Windows/Engine.ini]
[2022.08.24-18.56.39:344][  0]LogConfig: Applying CVar settings from Section [/Script/Engine.StreamingSettings] File [C:/Users/danie/Documents/Gamedev VR/game/UE4 game/fpsgame/Saved/Config/Windows/Engine.ini]
[2022.08.24-18.56.39:345][  0]LogConfig: Setting CVar [[s.MinBulkDataSizeForAsyncLoading:131072]]
[2022.08.24-18.56.39:345][  0]LogConfig: Setting CVar [[s.AsyncLoadingThreadEnabled:0]]
[2022.08.24-18.56.39:345][  0]LogConfig: Setting CVar [[s.EventDrivenLoaderEnabled:1]]
[2022.08.24-18.56.39:345][  0]LogConfig: Setting CVar [[s.WarnIfTimeLimitExceeded:0]]
[2022.08.24-18.56.39:345][  0]LogConfig: Setting CVar [[s.TimeLimitExceededMultiplier:1.5]]
[2022.08.24-18.56.39:346][  0]LogConfig: Setting CVar [[s.TimeLimitExceededMinTime:0.005]]
[2022.08.24-18.56.39:346][  0]LogConfig: Setting CVar [[s.UseBackgroundLevelStreaming:1]]
[2022.08.24-18.56.39:346][  0]LogConfig: Setting CVar [[s.PriorityAsyncLoadingExtraTime:15.0]]
[2022.08.24-18.56.39:346][  0]LogConfig: Setting CVar [[s.LevelStreamingActorsUpdateTimeLimit:5.0]]
[2022.08.24-18.56.39:347][  0]LogConfig: Setting CVar [[s.PriorityLevelStreamingActorsUpdateExtraTime:5.0]]
[2022.08.24-18.56.39:350][  0]LogConfig: Setting CVar [[s.LevelStreamingComponentsRegistrationGranularity:10]]
[2022.08.24-18.56.39:350][  0]LogConfig: Setting CVar [[s.UnregisterComponentsTimeLimit:1.0]]
[2022.08.24-18.56.39:350][  0]LogConfig: Setting CVar [[s.LevelStreamingComponentsUnregistrationGranularity:5]]
[2022.08.24-18.56.39:350][  0]LogConfig: Setting CVar [[s.FlushStreamingOnExit:1]]
[2022.08.24-18.56.39:351][  0]LogConfig: Applying CVar settings from Section [/Script/Engine.GarbageCollectionSettings] File [C:/Users/danie/Documents/Gamedev VR/game/UE4 game/fpsgame/Saved/Config/Windows/Engine.ini]
[2022.08.24-18.56.39:351][  0]LogConfig: Setting CVar [[gc.MaxObjectsNotConsideredByGC:1]]
[2022.08.24-18.56.39:351][  0]LogConfig: Setting CVar [[gc.SizeOfPermanentObjectPool:0]]
[2022.08.24-18.56.39:351][  0]LogConfig: Setting CVar [[gc.FlushStreamingOnGC:0]]
[2022.08.24-18.56.39:352][  0]LogConfig: Setting CVar [[gc.NumRetriesBeforeForcingGC:10]]
[2022.08.24-18.56.39:352][  0]LogConfig: Setting CVar [[gc.AllowParallelGC:1]]
[2022.08.24-18.56.39:352][  0]LogConfig: Setting CVar [[gc.TimeBetweenPurgingPendingKillObjects:61.1]]
[2022.08.24-18.56.39:353][  0]LogConfig: Setting CVar [[gc.MaxObjectsInEditor:25165824]]
[2022.08.24-18.56.39:353][  0]LogConfig: Setting CVar [[gc.IncrementalBeginDestroyEnabled:1]]
[2022.08.24-18.56.39:353][  0]LogConfig: Setting CVar [[gc.CreateGCClusters:1]]
[2022.08.24-18.56.39:353][  0]LogConfig: Setting CVar [[gc.MinGCClusterSize:5]]
[2022.08.24-18.56.39:354][  0]LogConfig: Setting CVar [[gc.ActorClusteringEnabled:0]]
[2022.08.24-18.56.39:354][  0]LogConfig: Setting CVar [[gc.BlueprintClusteringEnabled:0]]
[2022.08.24-18.56.39:354][  0]LogConfig: Setting CVar [[gc.UseDisregardForGCOnDedicatedServers:0]]
[2022.08.24-18.56.39:354][  0]LogConfig: Setting CVar [[gc.MultithreadedDestructionEnabled:1]]
[2022.08.24-18.56.39:355][  0]LogConfig: Applying CVar settings from Section [/Script/Engine.NetworkSettings] File [C:/Users/danie/Documents/Gamedev VR/game/UE4 game/fpsgame/Saved/Config/Windows/Engine.ini]
[2022.08.24-18.56.39:355][  0]LogConfig: Applying CVar settings from Section [/Script/UnrealEd.CookerSettings] File [C:/Users/danie/Documents/Gamedev VR/game/UE4 game/fpsgame/Saved/Config/Windows/Engine.ini]
[2022.08.24-18.56.39:355][  0]LogConfig: Applying CVar settings from Section [ViewDistanceQuality@3] File [C:/Users/danie/Documents/Gamedev VR/game/UE4 game/fpsgame/Saved/Config/Windows/Scalability.ini]
[2022.08.24-18.56.39:355][  0]LogConfig: Setting CVar [[r.SkeletalMeshLODBias:0]]
[2022.08.24-18.56.39:356][  0]LogConfig: Setting CVar [[r.ViewDistanceScale:1.0]]
[2022.08.24-18.56.39:356][  0]LogConfig: Applying CVar settings from Section [AntiAliasingQuality@3] File [C:/Users/danie/Documents/Gamedev VR/game/UE4 game/fpsgame/Saved/Config/Windows/Scalability.ini]
[2022.08.24-18.56.39:356][  0]LogConfig: Setting CVar [[r.PostProcessAAQuality:4]]
[2022.08.24-18.56.39:356][  0]LogConfig: Applying CVar settings from Section [ShadowQuality@3] File [C:/Users/danie/Documents/Gamedev VR/game/UE4 game/fpsgame/Saved/Config/Windows/Scalability.ini]
[2022.08.24-18.56.39:357][  0]LogConfig: Setting CVar [[r.LightFunctionQuality:1]]
[2022.08.24-18.56.39:357][  0]LogConfig: Setting CVar [[r.ShadowQuality:5]]
[2022.08.24-18.56.39:357][  0]LogConfig: Setting CVar [[r.Shadow.CSM.MaxCascades:10]]
[2022.08.24-18.56.39:357][  0]LogConfig: Setting CVar [[r.Shadow.MaxResolution:2048]]
[2022.08.24-18.56.39:358][  0]LogConfig: Setting CVar [[r.Shadow.MaxCSMResolution:2048]]
[2022.08.24-18.56.39:358][  0]LogConfig: Setting CVar [[r.Shadow.RadiusThreshold:0.01]]
[2022.08.24-18.56.39:358][  0]LogConfig: Setting CVar [[r.Shadow.DistanceScale:1.0]]
[2022.08.24-18.56.39:358][  0]LogConfig: Setting CVar [[r.Shadow.CSM.TransitionScale:1.0]]
[2022.08.24-18.56.39:359][  0]LogConfig: Setting CVar [[r.Shadow.PreShadowResolutionFactor:1.0]]
[2022.08.24-18.56.39:359][  0]LogConfig: Setting CVar [[r.DistanceFieldShadowing:1]]
[2022.08.24-18.56.39:359][  0]LogConfig: Setting CVar [[r.DistanceFieldAO:1]]
[2022.08.24-18.56.39:359][  0]LogConfig: Setting CVar [[r.AOQuality:2]]
[2022.08.24-18.56.39:360][  0]LogConfig: Setting CVar [[r.VolumetricFog:1]]
[2022.08.24-18.56.39:360][  0]LogConfig: Setting CVar [[r.VolumetricFog.GridPixelSize:8]]
[2022.08.24-18.56.39:360][  0]LogConfig: Setting CVar [[r.VolumetricFog.GridSizeZ:128]]
[2022.08.24-18.56.39:361][  0]LogConfig: Setting CVar [[r.VolumetricFog.HistoryMissSupersampleCount:4]]
[2022.08.24-18.56.39:361][  0]LogConfig: Setting CVar [[r.LightMaxDrawDistanceScale:1]]
[2022.08.24-18.56.39:361][  0]LogConfig: Setting CVar [[r.CapsuleShadows:1]]
[2022.08.24-18.56.39:361][  0]LogConfig: Applying CVar settings from Section [PostProcessQuality@3] File [C:/Users/danie/Documents/Gamedev VR/game/UE4 game/fpsgame/Saved/Config/Windows/Scalability.ini]
[2022.08.24-18.56.39:362][  0]LogConfig: Setting CVar [[r.MotionBlurQuality:4]]
[2022.08.24-18.56.39:362][  0]LogConfig: Setting CVar [[r.AmbientOcclusionMipLevelFactor:0.4]]
[2022.08.24-18.56.39:362][  0]LogConfig: Setting CVar [[r.AmbientOcclusionMaxQuality:100]]
[2022.08.24-18.56.39:363][  0]LogConfig: Setting CVar [[r.AmbientOcclusionLevels:-1]]
[2022.08.24-18.56.39:365][  0]LogConfig: Setting CVar [[r.AmbientOcclusionRadiusScale:1.0]]
[2022.08.24-18.56.39:366][  0]LogConfig: Setting CVar [[r.DepthOfFieldQuality:2]]
[2022.08.24-18.56.39:366][  0]LogConfig: Setting CVar [[r.RenderTargetPoolMin:400]]
[2022.08.24-18.56.39:366][  0]LogConfig: Setting CVar [[r.LensFlareQuality:2]]
[2022.08.24-18.56.39:366][  0]LogConfig: Setting CVar [[r.SceneColorFringeQuality:1]]
[2022.08.24-18.56.39:366][  0]LogConfig: Setting CVar [[r.EyeAdaptationQuality:2]]
[2022.08.24-18.56.39:367][  0]LogConfig: Setting CVar [[r.BloomQuality:5]]
[2022.08.24-18.56.39:367][  0]LogConfig: Setting CVar [[r.FastBlurThreshold:100]]
[2022.08.24-18.56.39:367][  0]LogConfig: Setting CVar [[r.Upscale.Quality:3]]
[2022.08.24-18.56.39:368][  0]LogConfig: Setting CVar [[r.Tonemapper.GrainQuantization:1]]
[2022.08.24-18.56.39:368][  0]LogConfig: Setting CVar [[r.LightShaftQuality:1]]
[2022.08.24-18.56.39:368][  0]LogConfig: Setting CVar [[r.Filter.SizeScale:1]]
[2022.08.24-18.56.39:368][  0]LogConfig: Setting CVar [[r.Tonemapper.Quality:5]]
[2022.08.24-18.56.39:369][  0]LogConfig: Setting CVar [[r.DOF.Gather.AccumulatorQuality:1        ; higher gathering accumulator quality]]
[2022.08.24-18.56.39:369][  0]LogConfig: Setting CVar [[r.DOF.Gather.PostfilterMethod:1          ; Median3x3 postfilering method]]
[2022.08.24-18.56.39:369][  0]LogConfig: Setting CVar [[r.DOF.Gather.EnableBokehSettings:0       ; no bokeh simulation when gathering]]
[2022.08.24-18.56.39:369][  0]LogConfig: Setting CVar [[r.DOF.Gather.RingCount:4                 ; medium number of samples when gathering]]
[2022.08.24-18.56.39:370][  0]LogConfig: Setting CVar [[r.DOF.Scatter.ForegroundCompositing:1    ; additive foreground scattering]]
[2022.08.24-18.56.39:370][  0]LogConfig: Setting CVar [[r.DOF.Scatter.BackgroundCompositing:2    ; additive background scattering]]
[2022.08.24-18.56.39:370][  0]LogConfig: Setting CVar [[r.DOF.Scatter.EnableBokehSettings:1      ; bokeh simulation when scattering]]
[2022.08.24-18.56.39:370][  0]LogConfig: Setting CVar [[r.DOF.Scatter.MaxSpriteRatio:0.1         ; only a maximum of 10% of scattered bokeh]]
[2022.08.24-18.56.39:371][  0]LogConfig: Setting CVar [[r.DOF.Recombine.Quality:1                ; cheap slight out of focus]]
[2022.08.24-18.56.39:371][  0]LogConfig: Setting CVar [[r.DOF.Recombine.EnableBokehSettings:0    ; no bokeh simulation on slight out of focus]]
[2022.08.24-18.56.39:371][  0]LogConfig: Setting CVar [[r.DOF.TemporalAAQuality:1                ; more stable temporal accumulation]]
[2022.08.24-18.56.39:372][  0]LogConfig: Setting CVar [[r.DOF.Kernel.MaxForegroundRadius:0.025]]
[2022.08.24-18.56.39:372][  0]LogConfig: Setting CVar [[r.DOF.Kernel.MaxBackgroundRadius:0.025]]
[2022.08.24-18.56.39:372][  0]LogConfig: Applying CVar settings from Section [TextureQuality@3] File [C:/Users/danie/Documents/Gamedev VR/game/UE4 game/fpsgame/Saved/Config/Windows/Scalability.ini]
[2022.08.24-18.56.39:372][  0]LogConfig: Setting CVar [[r.Streaming.MipBias:0]]
[2022.08.24-18.56.39:373][  0]LogConfig: Setting CVar [[r.Streaming.AmortizeCPUToGPUCopy:0]]
[2022.08.24-18.56.39:373][  0]LogConfig: Setting CVar [[r.Streaming.MaxNumTexturesToStreamPerFrame:0]]
[2022.08.24-18.56.39:373][  0]LogConfig: Setting CVar [[r.Streaming.Boost:1]]
[2022.08.24-18.56.39:373][  0]LogConfig: Setting CVar [[r.MaxAnisotropy:8]]
[2022.08.24-18.56.39:374][  0]LogConfig: Setting CVar [[r.VT.MaxAnisotropy:8]]
[2022.08.24-18.56.39:374][  0]LogConfig: Setting CVar [[r.Streaming.LimitPoolSizeToVRAM:0]]
[2022.08.24-18.56.39:374][  0]LogConfig: Setting CVar [[r.Streaming.PoolSize:1000]]
[2022.08.24-18.56.39:374][  0]LogConfig: Setting CVar [[r.Streaming.MaxEffectiveScreenSize:0]]
[2022.08.24-18.56.39:375][  0]LogConfig: Applying CVar settings from Section [EffectsQuality@3] File [C:/Users/danie/Documents/Gamedev VR/game/UE4 game/fpsgame/Saved/Config/Windows/Scalability.ini]
[2022.08.24-18.56.39:375][  0]LogConfig: Setting CVar [[r.TranslucencyLightingVolumeDim:64]]
[2022.08.24-18.56.39:375][  0]LogConfig: Setting CVar [[r.RefractionQuality:2]]
[2022.08.24-18.56.39:375][  0]LogConfig: Setting CVar [[r.SSR.Quality:3]]
[2022.08.24-18.56.39:376][  0]LogConfig: Setting CVar [[r.SSR.HalfResSceneColor:0]]
[2022.08.24-18.56.39:376][  0]LogConfig: Setting CVar [[r.SceneColorFormat:4]]
[2022.08.24-18.56.39:376][  0]LogConfig: Setting CVar [[r.DetailMode:2]]
[2022.08.24-18.56.39:376][  0]LogConfig: Setting CVar [[r.TranslucencyVolumeBlur:1]]
[2022.08.24-18.56.39:377][  0]LogConfig: Setting CVar [[r.MaterialQualityLevel:1 ; High quality]]
[2022.08.24-18.56.39:377][  0]LogConfig: Setting CVar [[r.AnisotropicMaterials:1]]
[2022.08.24-18.56.39:377][  0]LogConfig: Setting CVar [[r.SSS.Scale:1]]
[2022.08.24-18.56.39:377][  0]LogConfig: Setting CVar [[r.SSS.SampleSet:2]]
[2022.08.24-18.56.39:378][  0]LogConfig: Setting CVar [[r.SSS.Quality:1]]
[2022.08.24-18.56.39:378][  0]LogConfig: Setting CVar [[r.SSS.HalfRes:0]]
[2022.08.24-18.56.39:378][  0]LogConfig: Setting CVar [[r.SSGI.Quality:3]]
[2022.08.24-18.56.39:379][  0]LogConfig: Setting CVar [[r.EmitterSpawnRateScale:1.0]]
[2022.08.24-18.56.39:380][  0]LogConfig: Setting CVar [[r.ParticleLightQuality:2]]
[2022.08.24-18.56.39:381][  0]LogConfig: Setting CVar [[r.SkyAtmosphere.AerialPerspectiveLUT.FastApplyOnOpaque:1 ; Always have FastSkyLUT 1 in this case to avoid wrong sky]]
[2022.08.24-18.56.39:381][  0]LogConfig: Setting CVar [[r.SkyAtmosphere.AerialPerspectiveLUT.SampleCountMaxPerSlice:4]]
[2022.08.24-18.56.39:382][  0]LogConfig: Setting CVar [[r.SkyAtmosphere.AerialPerspectiveLUT.DepthResolution:16.0]]
[2022.08.24-18.56.39:382][  0]LogConfig: Setting CVar [[r.SkyAtmosphere.FastSkyLUT:1]]
[2022.08.24-18.56.39:382][  0]LogConfig: Setting CVar [[r.SkyAtmosphere.FastSkyLUT.SampleCountMin:4.0]]
[2022.08.24-18.56.39:383][  0]LogConfig: Setting CVar [[r.SkyAtmosphere.FastSkyLUT.SampleCountMax:128.0]]
[2022.08.24-18.56.39:383][  0]LogConfig: Setting CVar [[r.SkyAtmosphere.SampleCountMin:4.0]]
[2022.08.24-18.56.39:384][  0]LogConfig: Setting CVar [[r.SkyAtmosphere.SampleCountMax:128.0]]
[2022.08.24-18.56.39:384][  0]LogConfig: Setting CVar [[r.SkyAtmosphere.TransmittanceLUT.UseSmallFormat:0]]
[2022.08.24-18.56.39:384][  0]LogConfig: Setting CVar [[r.SkyAtmosphere.TransmittanceLUT.SampleCount:10.0]]
[2022.08.24-18.56.39:384][  0]LogConfig: Setting CVar [[r.SkyAtmosphere.MultiScatteringLUT.SampleCount:15.0]]
[2022.08.24-18.56.39:385][  0]LogConfig: Setting CVar [[r.SkyLight.RealTimeReflectionCapture:1]]
[2022.08.24-18.56.39:385][  0]LogConfig: Applying CVar settings from Section [FoliageQuality@3] File [C:/Users/danie/Documents/Gamedev VR/game/UE4 game/fpsgame/Saved/Config/Windows/Scalability.ini]
[2022.08.24-18.56.39:385][  0]LogConfig: Setting CVar [[foliage.DensityScale:1.0]]
[2022.08.24-18.56.39:385][  0]LogConfig: Setting CVar [[grass.DensityScale:1.0]]
[2022.08.24-18.56.39:386][  0]LogConfig: Applying CVar settings from Section [ShadingQuality@3] File [C:/Users/danie/Documents/Gamedev VR/game/UE4 game/fpsgame/Saved/Config/Windows/Scalability.ini]
[2022.08.24-18.56.39:386][  0]LogConfig: Setting CVar [[r.HairStrands.SkyLighting.IntegrationType:2]]
[2022.08.24-18.56.39:386][  0]LogConfig: Setting CVar [[r.HairStrands.SkyAO.SampleCount:4]]
[2022.08.24-18.56.39:387][  0]LogConfig: Setting CVar [[r.HairStrands.Visibility.MSAA.SamplePerPixel:4]]
[2022.08.24-18.56.39:387][  0]LogInit: Selected Device Profile: [Windows]
[2022.08.24-18.56.39:387][  0]LogInit: Applying CVar settings loaded from the selected device profile: [Windows]
[2022.08.24-18.56.39:387][  0]LogHAL: Display: Platform has ~ 16 GB [17128247296 / 17179869184 / 16], which maps to Larger [LargestMinGB=32, LargerMinGB=12, DefaultMinGB=8, SmallerMinGB=6, SmallestMinGB=0)
[2022.08.24-18.56.39:388][  0]LogInit: Going up to parent DeviceProfile []
[2022.08.24-18.56.39:388][  0]LogConfig: Applying CVar settings from Section [ViewDistanceQuality@3] File [C:/Users/danie/Documents/Gamedev VR/game/UE4 game/fpsgame/Saved/Config/Windows/Scalability.ini]
[2022.08.24-18.56.39:388][  0]LogConfig: Setting CVar [[r.SkeletalMeshLODBias:0]]
[2022.08.24-18.56.39:388][  0]LogConfig: Setting CVar [[r.ViewDistanceScale:1.0]]
[2022.08.24-18.56.39:389][  0]LogConfig: Applying CVar settings from Section [AntiAliasingQuality@3] File [C:/Users/danie/Documents/Gamedev VR/game/UE4 game/fpsgame/Saved/Config/Windows/Scalability.ini]
[2022.08.24-18.56.39:389][  0]LogConfig: Setting CVar [[r.PostProcessAAQuality:4]]
[2022.08.24-18.56.39:389][  0]LogConfig: Applying CVar settings from Section [ShadowQuality@3] File [C:/Users/danie/Documents/Gamedev VR/game/UE4 game/fpsgame/Saved/Config/Windows/Scalability.ini]
[2022.08.24-18.56.39:389][  0]LogConfig: Setting CVar [[r.LightFunctionQuality:1]]
[2022.08.24-18.56.39:390][  0]LogConfig: Setting CVar [[r.ShadowQuality:5]]
[2022.08.24-18.56.39:390][  0]LogConfig: Setting CVar [[r.Shadow.CSM.MaxCascades:10]]
[2022.08.24-18.56.39:390][  0]LogConfig: Setting CVar [[r.Shadow.MaxResolution:2048]]
[2022.08.24-18.56.39:390][  0]LogConfig: Setting CVar [[r.Shadow.MaxCSMResolution:2048]]
[2022.08.24-18.56.39:391][  0]LogConfig: Setting CVar [[r.Shadow.RadiusThreshold:0.01]]
[2022.08.24-18.56.39:391][  0]LogConfig: Setting CVar [[r.Shadow.DistanceScale:1.0]]
[2022.08.24-18.56.39:391][  0]LogConfig: Setting CVar [[r.Shadow.CSM.TransitionScale:1.0]]
[2022.08.24-18.56.39:391][  0]LogConfig: Setting CVar [[r.Shadow.PreShadowResolutionFactor:1.0]]
[2022.08.24-18.56.39:392][  0]LogConfig: Setting CVar [[r.DistanceFieldShadowing:1]]
[2022.08.24-18.56.39:392][  0]LogConfig: Setting CVar [[r.DistanceFieldAO:1]]
[2022.08.24-18.56.39:392][  0]LogConfig: Setting CVar [[r.AOQuality:2]]
[2022.08.24-18.56.39:393][  0]LogConfig: Setting CVar [[r.VolumetricFog:1]]
[2022.08.24-18.56.39:393][  0]LogConfig: Setting CVar [[r.VolumetricFog.GridPixelSize:8]]
[2022.08.24-18.56.39:393][  0]LogConfig: Setting CVar [[r.VolumetricFog.GridSizeZ:128]]
[2022.08.24-18.56.39:393][  0]LogConfig: Setting CVar [[r.VolumetricFog.HistoryMissSupersampleCount:4]]
[2022.08.24-18.56.39:394][  0]LogConfig: Setting CVar [[r.LightMaxDrawDistanceScale:1]]
[2022.08.24-18.56.39:394][  0]LogConfig: Setting CVar [[r.CapsuleShadows:1]]
[2022.08.24-18.56.39:394][  0]LogConfig: Applying CVar settings from Section [PostProcessQuality@3] File [C:/Users/danie/Documents/Gamedev VR/game/UE4 game/fpsgame/Saved/Config/Windows/Scalability.ini]
[2022.08.24-18.56.39:394][  0]LogConfig: Setting CVar [[r.MotionBlurQuality:4]]
[2022.08.24-18.56.39:395][  0]LogConfig: Setting CVar [[r.AmbientOcclusionMipLevelFactor:0.4]]
[2022.08.24-18.56.39:397][  0]LogConfig: Setting CVar [[r.AmbientOcclusionMaxQuality:100]]
[2022.08.24-18.56.39:397][  0]LogConfig: Setting CVar [[r.AmbientOcclusionLevels:-1]]
[2022.08.24-18.56.39:398][  0]LogConfig: Setting CVar [[r.AmbientOcclusionRadiusScale:1.0]]
[2022.08.24-18.56.39:398][  0]LogConfig: Setting CVar [[r.DepthOfFieldQuality:2]]
[2022.08.24-18.56.39:398][  0]LogConfig: Setting CVar [[r.RenderTargetPoolMin:400]]
[2022.08.24-18.56.39:398][  0]LogConfig: Setting CVar [[r.LensFlareQuality:2]]
[2022.08.24-18.56.39:399][  0]LogConfig: Setting CVar [[r.SceneColorFringeQuality:1]]
[2022.08.24-18.56.39:399][  0]LogConfig: Setting CVar [[r.EyeAdaptationQuality:2]]
[2022.08.24-18.56.39:399][  0]LogConfig: Setting CVar [[r.BloomQuality:5]]
[2022.08.24-18.56.39:399][  0]LogConfig: Setting CVar [[r.FastBlurThreshold:100]]
[2022.08.24-18.56.39:400][  0]LogConfig: Setting CVar [[r.Upscale.Quality:3]]
[2022.08.24-18.56.39:400][  0]LogConfig: Setting CVar [[r.Tonemapper.GrainQuantization:1]]
[2022.08.24-18.56.39:400][  0]LogConfig: Setting CVar [[r.LightShaftQuality:1]]
[2022.08.24-18.56.39:400][  0]LogConfig: Setting CVar [[r.Filter.SizeScale:1]]
[2022.08.24-18.56.39:401][  0]LogConfig: Setting CVar [[r.Tonemapper.Quality:5]]
[2022.08.24-18.56.39:401][  0]LogConfig: Setting CVar [[r.DOF.Gather.AccumulatorQuality:1        ; higher gathering accumulator quality]]
[2022.08.24-18.56.39:401][  0]LogConfig: Setting CVar [[r.DOF.Gather.PostfilterMethod:1          ; Median3x3 postfilering method]]
[2022.08.24-18.56.39:401][  0]LogConfig: Setting CVar [[r.DOF.Gather.EnableBokehSettings:0       ; no bokeh simulation when gathering]]
[2022.08.24-18.56.39:402][  0]LogConfig: Setting CVar [[r.DOF.Gather.RingCount:4                 ; medium number of samples when gathering]]
[2022.08.24-18.56.39:402][  0]LogConfig: Setting CVar [[r.DOF.Scatter.ForegroundCompositing:1    ; additive foreground scattering]]
[2022.08.24-18.56.39:402][  0]LogConfig: Setting CVar [[r.DOF.Scatter.BackgroundCompositing:2    ; additive background scattering]]
[2022.08.24-18.56.39:402][  0]LogConfig: Setting CVar [[r.DOF.Scatter.EnableBokehSettings:1      ; bokeh simulation when scattering]]
[2022.08.24-18.56.39:403][  0]LogConfig: Setting CVar [[r.DOF.Scatter.MaxSpriteRatio:0.1         ; only a maximum of 10% of scattered bokeh]]
[2022.08.24-18.56.39:403][  0]LogConfig: Setting CVar [[r.DOF.Recombine.Quality:1                ; cheap slight out of focus]]
[2022.08.24-18.56.39:403][  0]LogConfig: Setting CVar [[r.DOF.Recombine.EnableBokehSettings:0    ; no bokeh simulation on slight out of focus]]
[2022.08.24-18.56.39:404][  0]LogConfig: Setting CVar [[r.DOF.TemporalAAQuality:1                ; more stable temporal accumulation]]
[2022.08.24-18.56.39:404][  0]LogConfig: Setting CVar [[r.DOF.Kernel.MaxForegroundRadius:0.025]]
[2022.08.24-18.56.39:404][  0]LogConfig: Setting CVar [[r.DOF.Kernel.MaxBackgroundRadius:0.025]]
[2022.08.24-18.56.39:404][  0]LogConfig: Applying CVar settings from Section [TextureQuality@3] File [C:/Users/danie/Documents/Gamedev VR/game/UE4 game/fpsgame/Saved/Config/Windows/Scalability.ini]
[2022.08.24-18.56.39:405][  0]LogConfig: Setting CVar [[r.Streaming.MipBias:0]]
[2022.08.24-18.56.39:405][  0]LogConfig: Setting CVar [[r.Streaming.AmortizeCPUToGPUCopy:0]]
[2022.08.24-18.56.39:405][  0]LogConfig: Setting CVar [[r.Streaming.MaxNumTexturesToStreamPerFrame:0]]
[2022.08.24-18.56.39:405][  0]LogConfig: Setting CVar [[r.Streaming.Boost:1]]
[2022.08.24-18.56.39:406][  0]LogConfig: Setting CVar [[r.MaxAnisotropy:8]]
[2022.08.24-18.56.39:406][  0]LogConfig: Setting CVar [[r.VT.MaxAnisotropy:8]]
[2022.08.24-18.56.39:406][  0]LogConfig: Setting CVar [[r.Streaming.LimitPoolSizeToVRAM:0]]
[2022.08.24-18.56.39:407][  0]LogConfig: Setting CVar [[r.Streaming.PoolSize:1000]]
[2022.08.24-18.56.39:407][  0]LogConfig: Setting CVar [[r.Streaming.MaxEffectiveScreenSize:0]]
[2022.08.24-18.56.39:407][  0]LogConfig: Applying CVar settings from Section [EffectsQuality@3] File [C:/Users/danie/Documents/Gamedev VR/game/UE4 game/fpsgame/Saved/Config/Windows/Scalability.ini]
[2022.08.24-18.56.39:407][  0]LogConfig: Setting CVar [[r.TranslucencyLightingVolumeDim:64]]
[2022.08.24-18.56.39:407][  0]LogConfig: Setting CVar [[r.RefractionQuality:2]]
[2022.08.24-18.56.39:408][  0]LogConfig: Setting CVar [[r.SSR.Quality:3]]
[2022.08.24-18.56.39:408][  0]LogConfig: Setting CVar [[r.SSR.HalfResSceneColor:0]]
[2022.08.24-18.56.39:408][  0]LogConfig: Setting CVar [[r.SceneColorFormat:4]]
[2022.08.24-18.56.39:408][  0]LogConfig: Setting CVar [[r.DetailMode:2]]
[2022.08.24-18.56.39:409][  0]LogConfig: Setting CVar [[r.TranslucencyVolumeBlur:1]]
[2022.08.24-18.56.39:409][  0]LogConfig: Setting CVar [[r.MaterialQualityLevel:1 ; High quality]]
[2022.08.24-18.56.39:409][  0]LogConfig: Setting CVar [[r.AnisotropicMaterials:1]]
[2022.08.24-18.56.39:410][  0]LogConfig: Setting CVar [[r.SSS.Scale:1]]
[2022.08.24-18.56.39:410][  0]LogConfig: Setting CVar [[r.SSS.SampleSet:2]]
[2022.08.24-18.56.39:410][  0]LogConfig: Setting CVar [[r.SSS.Quality:1]]
[2022.08.24-18.56.39:410][  0]LogConfig: Setting CVar [[r.SSS.HalfRes:0]]
[2022.08.24-18.56.39:410][  0]LogConfig: Setting CVar [[r.SSGI.Quality:3]]
[2022.08.24-18.56.39:412][  0]LogConfig: Setting CVar [[r.EmitterSpawnRateScale:1.0]]
[2022.08.24-18.56.39:414][  0]LogConfig: Setting CVar [[r.ParticleLightQuality:2]]
[2022.08.24-18.56.39:414][  0]LogConfig: Setting CVar [[r.SkyAtmosphere.AerialPerspectiveLUT.FastApplyOnOpaque:1 ; Always have FastSkyLUT 1 in this case to avoid wrong sky]]
[2022.08.24-18.56.39:415][  0]LogConfig: Setting CVar [[r.SkyAtmosphere.AerialPerspectiveLUT.SampleCountMaxPerSlice:4]]
[2022.08.24-18.56.39:415][  0]LogConfig: Setting CVar [[r.SkyAtmosphere.AerialPerspectiveLUT.DepthResolution:16.0]]
[2022.08.24-18.56.39:415][  0]LogConfig: Setting CVar [[r.SkyAtmosphere.FastSkyLUT:1]]
[2022.08.24-18.56.39:415][  0]LogConfig: Setting CVar [[r.SkyAtmosphere.FastSkyLUT.SampleCountMin:4.0]]
[2022.08.24-18.56.39:416][  0]LogConfig: Setting CVar [[r.SkyAtmosphere.FastSkyLUT.SampleCountMax:128.0]]
[2022.08.24-18.56.39:416][  0]LogConfig: Setting CVar [[r.SkyAtmosphere.SampleCountMin:4.0]]
[2022.08.24-18.56.39:416][  0]LogConfig: Setting CVar [[r.SkyAtmosphere.SampleCountMax:128.0]]
[2022.08.24-18.56.39:417][  0]LogConfig: Setting CVar [[r.SkyAtmosphere.TransmittanceLUT.UseSmallFormat:0]]
[2022.08.24-18.56.39:417][  0]LogConfig: Setting CVar [[r.SkyAtmosphere.TransmittanceLUT.SampleCount:10.0]]
[2022.08.24-18.56.39:417][  0]LogConfig: Setting CVar [[r.SkyAtmosphere.MultiScatteringLUT.SampleCount:15.0]]
[2022.08.24-18.56.39:417][  0]LogConfig: Setting CVar [[r.SkyLight.RealTimeReflectionCapture:1]]
[2022.08.24-18.56.39:418][  0]LogConfig: Applying CVar settings from Section [FoliageQuality@3] File [C:/Users/danie/Documents/Gamedev VR/game/UE4 game/fpsgame/Saved/Config/Windows/Scalability.ini]
[2022.08.24-18.56.39:418][  0]LogConfig: Setting CVar [[foliage.DensityScale:1.0]]
[2022.08.24-18.56.39:418][  0]LogConfig: Setting CVar [[grass.DensityScale:1.0]]
[2022.08.24-18.56.39:418][  0]LogConfig: Applying CVar settings from Section [ShadingQuality@3] File [C:/Users/danie/Documents/Gamedev VR/game/UE4 game/fpsgame/Saved/Config/Windows/Scalability.ini]
[2022.08.24-18.56.39:419][  0]LogConfig: Setting CVar [[r.HairStrands.SkyLighting.IntegrationType:2]]
[2022.08.24-18.56.39:419][  0]LogConfig: Setting CVar [[r.HairStrands.SkyAO.SampleCount:4]]
[2022.08.24-18.56.39:419][  0]LogConfig: Setting CVar [[r.HairStrands.Visibility.MSAA.SamplePerPixel:4]]
[2022.08.24-18.56.39:419][  0]LogConfig: Applying CVar settings from Section [Startup] File [../../../Engine/Config/ConsoleVariables.ini]
[2022.08.24-18.56.39:420][  0]LogConfig: Setting CVar [[net.UseAdaptiveNetUpdateFrequency:0]]
[2022.08.24-18.56.39:420][  0]LogConfig: Setting CVar [[p.chaos.AllowCreatePhysxBodies:1]]
[2022.08.24-18.56.39:421][  0]LogConfig: Setting CVar [[fx.SkipVectorVMBackendOptimizations:1]]
[2022.08.24-18.56.39:421][  0]LogConfig: Applying CVar settings from Section [ConsoleVariables] File [C:/Users/danie/Documents/Gamedev VR/game/UE4 game/fpsgame/Saved/Config/Windows/Engine.ini]
[2022.08.24-18.56.39:421][  0]LogConfig: Applying CVar settings from Section [ConsoleVariables] File [C:/Users/danie/Documents/Gamedev VR/game/UE4 game/fpsgame/Saved/Config/Windows/Editor.ini]
[2022.08.24-18.56.39:422][  0]LogInit: Computer: DESKTOP-QG36584
[2022.08.24-18.56.39:422][  0]LogInit: User: danie
[2022.08.24-18.56.39:422][  0]LogInit: CPU Page size=4096, Cores=6
[2022.08.24-18.56.39:422][  0]LogInit: High frequency timer resolution =10.000000 MHz
[2022.08.24-18.56.39:423][  0]LogMemory: Memory total: Physical=16.0GB (16GB approx)
[2022.08.24-18.56.39:423][  0]LogMemory: Platform Memory Stats for Windows
[2022.08.24-18.56.39:423][  0]LogMemory: Process Physical Memory: 136.80 MB used, 136.81 MB peak
[2022.08.24-18.56.39:423][  0]LogMemory: Process Virtual Memory: 115.32 MB used, 115.32 MB peak
[2022.08.24-18.56.39:424][  0]LogMemory: Physical Memory: 13678.36 MB used,  2656.41 MB free, 16334.77 MB total
[2022.08.24-18.56.39:424][  0]LogMemory: Virtual Memory: 134213184.00 MB used,  4541.68 MB free, 134217728.00 MB total
[2022.08.24-18.56.39:426][  0]LogWindows: WindowsPlatformFeatures disabled or dedicated server build
[2022.08.24-18.56.39:434][  0]LogInit: Physics initialised using underlying interface: PhysX
[2022.08.24-18.56.39:435][  0]LogInit: Using OS detected language (en-US).
[2022.08.24-18.56.39:435][  0]LogInit: Using OS detected locale (en-GB).
[2022.08.24-18.56.39:438][  0]LogTextLocalizationManager: No specific localization for 'en-US' exists, so the 'en' localization will be used.
[2022.08.24-18.56.39:838][  0]LogTargetPlatformManager: Display: Loaded TargetPlatform 'WindowsNoEditor'
[2022.08.24-18.56.39:841][  0]LogTargetPlatformManager: Display: Loaded TargetPlatform 'Windows'
[2022.08.24-18.56.39:844][  0]LogTargetPlatformManager: Display: Loaded TargetPlatform 'WindowsClient'
[2022.08.24-18.56.39:847][  0]LogTargetPlatformManager: Display: Loaded TargetPlatform 'WindowsServer'
[2022.08.24-18.56.39:847][  0]LogTargetPlatformManager: Display: Building Assets For Windows
[2022.08.24-18.56.39:850][  0]LogAudioDebug: Display: Lib vorbis DLL was dynamically loaded.
[2022.08.24-18.56.39:862][  0]LogTextureFormatOodle: Display: Oodle Texture 2.9.0 init RDO Off
[2022.08.24-18.56.39:875][  0]LogRendererCore: Ray tracing is disabled. Reason: r.RayTracing=0.
[2022.08.24-18.56.39:875][  0]LogShaderCompilers: Guid format shader working directory is -26 characters bigger than the processId version (../../../../../../Users/danie/Documents/Gamedev VR/game/UE4 game/fpsgame/Intermediate/Shaders/WorkingDirectory/3592/).
[2022.08.24-18.56.39:875][  0]LogShaderCompilers: Cleaned the shader compiler working directory 'C:/Users/danie/AppData/Local/Temp/UnrealShaderWorkingDir/4D7A4806434FAC5D78C3CF8FFAD733FD/'.
[2022.08.24-18.56.39:875][  0]LogXGEController: Cannot use XGE Controller as Incredibuild is not installed on this machine.
[2022.08.24-18.56.39:876][  0]LogShaderCompilers: Cannot use XGE Shader Compiler as Incredibuild is not installed on this machine.
[2022.08.24-18.56.39:876][  0]LogShaderCompilers: Display: Using Local Shader Compiler.
[2022.08.24-18.56.40:352][  0]LogDerivedDataCache: Display: Max Cache Size: 512 MB
[2022.08.24-18.56.40:418][  0]LogDerivedDataCache: Loaded boot cache 0.07s 95MB C:/Users/danie/AppData/Local/UnrealEngine/4.27/DerivedDataCache/Boot.ddc.
[2022.08.24-18.56.40:418][  0]LogDerivedDataCache: Display: Loaded Boot cache: C:/Users/danie/AppData/Local/UnrealEngine/4.27/DerivedDataCache/Boot.ddc
[2022.08.24-18.56.40:419][  0]LogDerivedDataCache: FDerivedDataBackendGraph:  Pak pak cache file ../../../../../../Users/danie/Documents/Gamedev VR/game/UE4 game/fpsgame/DerivedDataCache/DDC.ddp not found, will not use a pak cache.
[2022.08.24-18.56.40:419][  0]LogDerivedDataCache: Unable to find inner node Pak for hierarchical cache Hierarchy.
[2022.08.24-18.56.40:419][  0]LogDerivedDataCache: FDerivedDataBackendGraph:  CompressedPak pak cache file ../../../../../../Users/danie/Documents/Gamedev VR/game/UE4 game/fpsgame/DerivedDataCache/Compressed.ddp not found, will not use a pak cache.
[2022.08.24-18.56.40:419][  0]LogDerivedDataCache: Unable to find inner node CompressedPak for hierarchical cache Hierarchy.
[2022.08.24-18.56.40:437][  0]LogDerivedDataCache: Display: Pak cache opened for reading ../../../Engine/DerivedDataCache/Compressed.ddp.
[2022.08.24-18.56.40:437][  0]LogDerivedDataCache: FDerivedDataBackendGraph:  EnterprisePak pak cache file ../../../Enterprise/DerivedDataCache/Compressed.ddp not found, will not use a pak cache.
[2022.08.24-18.56.40:437][  0]LogDerivedDataCache: Unable to find inner node EnterprisePak for hierarchical cache Hierarchy.
[2022.08.24-18.56.40:445][  0]LogDerivedDataCache: Speed tests for C:/Users/danie/AppData/Local/UnrealEngine/Common/DerivedDataCache took 0.01 seconds
[2022.08.24-18.56.40:446][  0]LogDerivedDataCache: Display: Performance to C:/Users/danie/AppData/Local/UnrealEngine/Common/DerivedDataCache: Latency=0.03ms. RandomReadSpeed=310.70MBs, RandomWriteSpeed=183.19MBs. Assigned SpeedClass 'Local'
[2022.08.24-18.56.40:446][  0]LogDerivedDataCache: Using Local data cache path C:/Users/danie/AppData/Local/UnrealEngine/Common/DerivedDataCache: Writable
[2022.08.24-18.56.40:446][  0]LogDerivedDataCache: Shared data cache path not found in *engine.ini, will not use an Shared cache.
[2022.08.24-18.56.40:446][  0]LogDerivedDataCache: Unable to find inner node Shared for hierarchical cache Hierarchy.
[2022.08.24-18.56.40:447][  0]LogInit: Using OS detected language (en-US).
[2022.08.24-18.56.40:447][  0]LogInit: Using OS detected locale (en-GB).
[2022.08.24-18.56.40:447][  0]LogTextLocalizationManager: No localization for 'en-US' exists, so 'en' will be used for the language.
[2022.08.24-18.56.40:448][  0]LogTextLocalizationManager: No localization for 'en-GB' exists, so 'en' will be used for the locale.
[2022.08.24-18.56.40:451][  0]LogTextLocalizationManager: Compacting localization data took   0.01ms
[2022.08.24-18.56.40:451][  0]LogAssetRegistry: FAssetRegistry took 0.0021 seconds to start up
[2022.08.24-18.56.40:604][  0]LogPackageLocalizationCache: Processed 27 localized package path(s) for 1 prioritized culture(s) in 0.001319 seconds
[2022.08.24-18.56.40:690][  0]LogInit: Selected Device Profile: [Windows]
[2022.08.24-18.56.40:690][  0]LogInit: Active device profile: [000002BE45BF0500][000002BE43F3F500 49] Windows
[2022.08.24-18.56.40:691][  0]LogInit: Profiles: [000002BE45BF0500][000002BE43F3F500 49] Windows, [000002BE45BE2D00][000002BE43F4D7C0 49] WindowsNoEditor, [000002BE45BE0100][000002BE43F51A80 49] WindowsServer, [000002BE45BF3000][000002BE43F541C0 49] WindowsClient, [000002BE45BF0200][000002BE43F42440 49] IOS, [000002BE45C13D00][000002BE43F5C700 49] iPadAir, [000002BE45BF3A00][000002BE43F609C0 49] iPadAir2, [000002BE45B84200][000002BE43F7AF00 49] IPadPro, [000002BE45B83F00][000002BE43F64F40 49] iPadAir3, [000002BE45BE0700][000002BE43F73200 49] iPadAir4, [000002BE45B80500][000002BE43F6F4C0 49] iPadMini2, [000002BE45BE0200][000002BE43F77780 49] iPadMini3, [000002BE45B81200][000002BE43F85A40 49] iPadMini4, [000002BE45BE2F00][000002BE43F88180 49] iPadMini5, [000002BE45C11600][000002BE43F98640 49] iPhone6, [000002BE45C11700][000002BE43F58680 49] iPodTouch6, [000002BE45B82100][000002BE43FA4BC0 49] iPhone7, [000002BE45B82200][000002BE43F94C00 49] iPodTouch7, [000002BE45C12600][000002BE43F9CEC0 49] iPhone5S, [000002BE45B83100][000002BE43F91180 49] iPhone6Plus, [000002BE45C13B00][000002BE43FA1440 49] iPhone6S, [000002BE45B82B00][000002BE43FA9700 49] iPhone6SPlus, [000002BE45C10A00][000002BE43FAD9C0 49] iPhone7Plus, [000002BE45B82F00][000002BE43FB0100 49] iPhoneSE, [000002BE45C11000][000002BE43FB43C0 49] iPhone8, [000002BE45B83C00][000002BE43F8C640 49] iPhone8Plus, [000002BE45C13200][000002BE43FB88C0 49] iPhoneX, [000002BE45B82C00][000002BE43FC0B80 49] iPhoneXS, [000002BE45C12B00][000002BE43FC4E40 49] iPhoneXSMax, [000002BE45B82900][000002BE43FC9100 49] iPhoneXR, [000002BE45C12F00][000002BE43FCD3C0 49] iPhone11, [000002BE45B80A00][000002BE43FD1680 49] iPhone11Pro, [000002BE45C13E00][000002BE43FD5940 49] iPhone11ProMax, [000002BE45B81400][000002BE43FD9C00 49] iPhoneSE2, [000002BE45C13F00][000002BE43FDC340 49] iPhone12Mini, [000002BE45B83D00][000002BE43FE0600 49] iPhone12, [000002BE45C11200][000002BE43FBC880 49] iPhone12Pro, [000002BE45B83500][000002BE43FE4B00 49] iPhone12ProMax, [000002BE45C10200][000002BE43FECDC0 49] iPadPro105, [000002BE45B81A00][000002BE43FF1080 49] iPadPro129, [000002BE45C10D00][000002BE43FF5340 49] iPadPro97, [000002BE45B80900][000002BE43FF9600 49] iPadPro2_129, [000002BE45C11A00][000002BE43FFD8C0 49] iPad5, [000002BE45B81C00][000002BE44001B80 49] iPad6, [000002BE45C13900][000002BE440042C0 49] iPad7, [000002BE45B82600][000002BE44008580 49] iPad8, [000002BE45C13000][000002BE4400C840 49] iPadPro11, [000002BE45B81500][000002BE43FE8AC0 49] iPadPro2_11, [000002BE45C12100][000002BE44010D40 49] iPadPro3_129, [000002BE45B81D00][000002BE44019000 49] iPadPro4_129, [000002BE45C12400][000002BE4401D2C0 49] AppleTV, [000002BE45B82E00][000002BE44021580 49] AppleTV4K, [000002BE45C10500][000002BE44025840 49] TVOS, [000002BE45B83A00][000002BE44029B00 49] Mac, [000002BE45C12900][000002BE4402C240 49] MacClient, [000002BE45B81700][000002BE44030500 49] MacNoEditor, [000002BE45C11100][000002BE440347C0 49] MacServer, [000002BE45B83B00][000002BE44038A80 49] Linux, [000002BE45C10600][000002BE44014D00 49] LinuxAArch64, [000002BE45B80400][000002BE4403CF80 49] LinuxNoEditor, [000002BE45C12200][000002BE44045240 49] LinuxAArch64NoEditor, [000002BE45BF0100][000002BE44049500 49] LinuxClient, [000002BE45B84700][000002BE4404D7C0 49] LinuxAArch64Client, [000002BE45BF1900][000002BE44051A80 49] LinuxServer, [000002BE45B84A00][000002BE440541C0 49] LinuxAArch64Server, [000002BE45BF2D00][000002BE44058480 49] Android, [000002BE45B85400][000002BE4405C740 49] Android_Low, [000002BE45BF1100][000002BE44060A00 49] Android_Mid, [000002BE45B84E00][000002BE44064CC0 49] Android_High, [000002BE45BF0800][000002BE44040F40 49] Android_Default, [000002BE45B86600][000002BE440691C0 49] Android_Adreno4xx, [000002BE45BF1400][000002BE44071480 49] Android_Adreno5xx_Low, [000002BE45B86400][000002BE44075740 49] Android_Adreno5xx, [000002BE45BF0700][000002BE44079A00 49] Android_Adreno6xx, [000002BE45B86C00][000002BE4407C140 49] Android_Adreno6xx_Vulkan, [000002BE45BF3B00][000002BE44080400 49] Android_Mali_T6xx, [000002BE45B84500][000002BE440846C0 49] Android_Mali_T7xx, [000002BE45BF0300][000002BE44088980 49] Android_Mali_T8xx, [000002BE45B87000][000002BE4408CC40 49] Android_Mali_G71, [000002BE45BF2900][000002BE44090F00 49] Android_Mali_G72, [000002BE45B86500][000002BE4406D180 49] Android_Mali_G72_Vulkan, [000002BE45BF1B00][000002BE44095400 49] Android_Mali_G76, [000002BE45B87100][000002BE4409D6C0 49] Android_Mali_G76_Vulkan, [000002BE45BF1E00][000002BE440A1980 49] Android_Mali_G77, [000002BE45B87B00][000002BE440A40C0 49] Android_Mali_G77_Vulkan, [000002BE45BF3C00][000002BE440A8380 49] Android_Mali_G78, [000002BE45B87F00][000002BE440AC640 49] Android_Mali_G78_Vulkan, [000002BE45BF2400][000002BE440B0900 49] Android_Mali_G710, [000002BE45B85300][000002BE440B4BC0 49] Android_Mali_G710_Vulkan, [000002BE45BF3100][000002BE440B8E80 49] Android_Vulkan_SM5, [000002BE45B82400][000002BE440BD140 49] Android_PowerVR_G6xxx, [000002BE45BF1D00][000002BE440993C0 49] Android_PowerVR_GT7xxx, [000002BE45B80100][000002BE3ED83640 49] Android_PowerVR_GE8xxx, [000002BE45BF3200][000002BE3ED8B900 49] Android_PowerVR_GM9xxx, [000002BE45B80300][000002BE3ED8FBC0 49] Android_PowerVR_GM9xxx_Vulkan, [000002BE45BF3300][000002BE3ED92300 49] Android_TegraK1, [000002BE45B81600][000002BE3ED965C0 49] Android_Unknown_Vulkan, [000002BE45BF2000][000002BE3ED9A880 49] Lumin, [000002BE45B80B00][000002BE3ED9EB40 49] Lumin_Desktop, [000002BE45BF0D00][000002BE3EDA2E00 49] HoloLens, 
[2022.08.24-18.56.40:709][  0]LogMeshReduction: Using QuadricMeshReduction for automatic static mesh reduction
[2022.08.24-18.56.40:710][  0]LogMeshReduction: Using SimplygonMeshReduction for automatic skeletal mesh reduction
[2022.08.24-18.56.40:710][  0]LogMeshReduction: Using ProxyLODMeshReduction for automatic mesh merging
[2022.08.24-18.56.40:710][  0]LogMeshReduction: No distributed automatic mesh merging module available
[2022.08.24-18.56.40:710][  0]LogMeshMerging: No distributed automatic mesh merging module available
[2022.08.24-18.56.40:721][  0]LogNetVersion: fpsgame 1.0.0, NetCL: 17155196, EngineNetVer: 17, GameNetVer: 0 (Checksum: 3215450660)
[2022.08.24-18.56.40:814][  0]LogTexture: Default maximum texture size for cubemaps generated from long-lat sources has been changed from 512 to unlimited. In order to preserve old behaiour for '/Engine/MapTemplates/Sky/DaylightAmbientCubemap.DaylightAmbientCubemap', its maximum texture size has been explicitly set to 512.
[2022.08.24-18.56.40:828][  0]LogHMD: PokeAHoleMaterial loaded successfully
[2022.08.24-18.56.40:891][  0]LogPython: Using Python 3.7.7
[2022.08.24-18.56.41:297][  0]LogNiagaraDebuggerClient: Niagara Debugger Client Initialized | Session: 33D678D84726DAB308E6A9A10F7BC55C | Instance: 7CEDF5CA4BBC6494FEEFBF9D56C5B8A3 (DESKTOP-QG36584-3592).
[2022.08.24-18.56.41:312][  0]LogCollectionManager: Loaded 0 collections in 0.001984 seconds
[2022.08.24-18.56.41:314][  0]LogFileCache: Scanning file cache for directory 'C:/Users/danie/Documents/Gamedev VR/game/UE4 game/fpsgame/Saved/Collections/' took 0.00s
[2022.08.24-18.56.41:314][  0]LogFileCache: Scanning file cache for directory 'C:/Users/danie/Documents/Gamedev VR/game/UE4 game/fpsgame/Content/Developers/danie/Collections/' took 0.00s
[2022.08.24-18.56.41:315][  0]LogFileCache: Scanning file cache for directory 'C:/Users/danie/Documents/Gamedev VR/game/UE4 game/fpsgame/Content/Collections/' took 0.00s
[2022.08.24-18.56.41:315][  0]LogCollectionManager: Fixed up redirectors for 0 collections in 0.000001 seconds (updated 0 objects)
[2022.08.24-18.56.41:386][  0]LogTcpMessaging: Initializing TcpMessaging bridge
[2022.08.24-18.56.41:389][  0]LogUdpMessaging: Initializing bridge on interface 0.0.0.0:0 to multicast group 230.0.0.1:6666.
[2022.08.24-18.56.41:450][  0]SourceControl: Source control is disabled
[2022.08.24-18.56.41:451][  0]SourceControl: Source control is disabled
[2022.08.24-18.56.41:452][  0]SourceControl: Source control is disabled
[2022.08.24-18.56.41:455][  0]LogUProjectInfo: Found projects:
[2022.08.24-18.56.41:543][  0]LogOpenImageDenoise: OIDN starting up
[2022.08.24-18.56.41:558][  0]LogAndroidPermission: UAndroidPermissionCallbackProxy::GetInstance
[2022.08.24-18.56.41:569][  0]LogAudioCaptureCore: Display: No Audio Capture implementations found. Audio input will be silent.
[2022.08.24-18.56.41:569][  0]LogAudioCaptureCore: Display: No Audio Capture implementations found. Audio input will be silent.
[2022.08.24-18.56.41:629][  0]LogOcInput: OculusInput pre-init called
[2022.08.24-18.56.41:638][  0]LogUObjectArray: 22261 objects as part of root set at end of initial load.
[2022.08.24-18.56.41:638][  0]LogUObjectAllocator: 6034928 out of 0 bytes used by permanent object pool.
[2022.08.24-18.56.41:639][  0]LogUObjectArray: CloseDisregardForGC: 0/0 objects in disregard for GC pool
[2022.08.24-18.56.41:676][  0]LogClass: Display: StructProperty FRewindDataStruct::SnapshotPosition is not initialized properly. Module:fpsgame File:RewindComponent.h
[2022.08.24-18.56.41:676][  0]LogClass: Display: StructProperty FRewindDataStruct::SnapshotRotation is not initialized properly. Module:fpsgame File:RewindComponent.h
[2022.08.24-18.56.41:677][  0]LogClass: Display: StructProperty FRewindDataStruct::SnapshotScale is not initialized properly. Module:fpsgame File:RewindComponent.h
[2022.08.24-18.56.41:677][  0]LogClass: Display: FloatProperty FWeaponDataStruct::MaxRange is not initialized properly. Module:fpsgame File:WeaponActor.h
[2022.08.24-18.56.41:678][  0]LogClass: Display: FloatProperty FWeaponDataStruct::FireRate is not initialized properly. Module:fpsgame File:WeaponActor.h
[2022.08.24-18.56.41:678][  0]LogClass: Display: IntProperty FWeaponDataStruct::CartridgeBullets is not initialized properly. Module:fpsgame File:WeaponActor.h
[2022.08.24-18.56.41:678][  0]LogClass: Display: IntProperty FWeaponDataStruct::BurstNumber is not initialized properly. Module:fpsgame File:WeaponActor.h
[2022.08.24-18.56.41:678][  0]LogClass: Display: IntProperty FWeaponDataStruct::MaxMagSize is not initialized properly. Module:fpsgame File:WeaponActor.h
[2022.08.24-18.56.41:678][  0]LogClass: Display: IntProperty FWeaponDataStruct::MagAmmo is not initialized properly. Module:fpsgame File:WeaponActor.h
[2022.08.24-18.56.41:678][  0]LogClass: Display: FloatProperty FWeaponDataStruct::ProjectileSpeed is not initialized properly. Module:fpsgame File:WeaponActor.h
[2022.08.24-18.56.41:678][  0]LogClass: Display: EnumProperty FWeaponDataStruct::WAWeaponType is not initialized properly. Module:fpsgame File:WeaponActor.h
[2022.08.24-18.56.41:678][  0]LogClass: Display: EnumProperty FWeaponDataStruct::WAWeaponFireType is not initialized properly. Module:fpsgame File:WeaponActor.h
[2022.08.24-18.56.41:678][  0]LogClass: Display: EnumProperty FWeaponDataStruct::WAWeaponHitDetectionType is not initialized properly. Module:fpsgame File:WeaponActor.h
[2022.08.24-18.56.41:679][  0]LogClass: Warning: ObjectProperty FWeaponDataStruct::GunMesh is not initialized properly. Module:fpsgame File:WeaponActor.h
[2022.08.24-18.56.41:679][  0]LogClass: Display: EnumProperty FWeaponDataStruct::TypeOfEquip is not initialized properly. Module:fpsgame File:WeaponActor.h
[2022.08.24-18.56.41:679][  0]LogClass: Display: EnumProperty FWeaponDataStruct::GunModel is not initialized properly. Module:fpsgame File:WeaponActor.h
[2022.08.24-18.56.41:680][  0]LogClass: Display: StructProperty FWeaponDataStruct::BasePosition is not initialized properly. Module:fpsgame File:WeaponActor.h
[2022.08.24-18.56.41:680][  0]LogClass: Display: StructProperty FWeaponDataStruct::BaseRotation is not initialized properly. Module:fpsgame File:WeaponActor.h
[2022.08.24-18.56.41:680][  0]LogClass: Display: StructProperty FWeaponDataStruct::BaseScale is not initialized properly. Module:fpsgame File:WeaponActor.h
[2022.08.24-18.56.41:680][  0]LogClass: Display: StructProperty FWeaponDataStruct::TPBaseScale is not initialized properly. Module:fpsgame File:WeaponActor.h
[2022.08.24-18.56.41:680][  0]LogClass: Display: StructProperty FWeaponDataStruct::TPBaseRotation is not initialized properly. Module:fpsgame File:WeaponActor.h
[2022.08.24-18.56.41:680][  0]LogClass: Display: StructProperty FWeaponDataStruct::TPBasePosition is not initialized properly. Module:fpsgame File:WeaponActor.h
[2022.08.24-18.56.41:680][  0]LogClass: Display: 22 Uninitialized script struct members found including 1 object properties
[2022.08.24-18.56.41:681][  0]LogAutomationTest: Warning: ObjectProperty FWeaponDataStruct::GunMesh is not initialized properly. Module:fpsgame File:WeaponActor.h
[2022.08.24-18.56.41:682][  0]LogEngine: Initializing Engine...
[2022.08.24-18.56.41:683][  0]LogStats: UGameplayTagsManager::InitializeManager -  0.000 s
[2022.08.24-18.56.41:703][  0]LogInit: Initializing FReadOnlyCVARCache
[2022.08.24-18.56.41:703][  0]LogNetVersion: Set ProjectVersion to 1.0.0.0. Version Checksum will be recalculated on next use.
[2022.08.24-18.56.41:705][  0]LogInit: Texture streaming: Disabled
[2022.08.24-18.56.41:745][  0]LogInit: Display: Game Engine Initialized.
[2022.08.24-18.56.41:746][  0]LogNiagaraEditor: GEditor isn't valid! Particle reset commands will not work for Niagara components!
[2022.08.24-18.56.41:804][  0]LogInit: Display: Starting Game.
[2022.08.24-18.56.41:804][  0]LogNet: Browse: /Game/Maps/TestMap?Name=Player
[2022.08.24-18.56.41:805][  0]LogLoad: LoadMap: /Game/Maps/TestMap?Name=Player
[2022.08.24-18.56.41:805][  0]LogWorld: BeginTearingDown for /Temp/Untitled_0
[2022.08.24-18.56.41:808][  0]LogWorld: UWorld::CleanupWorld for Untitled, bSessionEnded=true, bCleanupResources=true
[2022.08.24-18.56.41:817][  0]LogUObjectHash: Compacting FUObjectHashTables data took   0.81ms
[2022.08.24-18.56.41:925][  0]LogAIModule: Creating AISystem for world TestMap
[2022.08.24-18.56.42:129][  0]LogLoad: Game class is 'BP_FPSGameModeDefault_C'
[2022.08.24-18.56.42:130][  0]LogNet: PktLoss set to 0
[2022.08.24-18.56.42:131][  0]LogNet: PktLagMin set to 200
[2022.08.24-18.56.42:131][  0]LogNet: PktLagMax set to 200
[2022.08.24-18.56.42:132][  0]LogNet: PktIncomingLagMin set to 200
[2022.08.24-18.56.42:133][  0]LogNet: PktIncomingLagMax set to 200
[2022.08.24-18.56.42:134][  0]LogNet: PktIncomingLoss set to 0
[2022.08.24-18.56.42:134][  0]LogNet: PktLoss set to 0
[2022.08.24-18.56.42:135][  0]LogNet: PktLagMin set to 200
[2022.08.24-18.56.42:136][  0]LogNet: PktLagMax set to 200
[2022.08.24-18.56.42:136][  0]LogNet: PktIncomingLagMin set to 200
[2022.08.24-18.56.42:137][  0]LogNet: PktIncomingLagMax set to 200
[2022.08.24-18.56.42:137][  0]LogNet: PktIncomingLoss set to 0
[2022.08.24-18.56.42:138][  0]LogNet: PktLoss set to 0
[2022.08.24-18.56.42:138][  0]LogNet: PktLagMin set to 200
[2022.08.24-18.56.42:138][  0]LogNet: PktLagMax set to 200
[2022.08.24-18.56.42:139][  0]LogNet: PktIncomingLagMin set to 200
[2022.08.24-18.56.42:140][  0]LogNet: PktIncomingLagMax set to 200
[2022.08.24-18.56.42:141][  0]LogNet: PktIncomingLoss set to 0
[2022.08.24-18.56.42:141][  0]LogNet: ReplicationDriverClass is null! Not using ReplicationDriver.
[2022.08.24-18.56.42:142][  0]LogNetCore: DDoS detection status: detection enabled: 0 analytics enabled: 0
[2022.08.24-18.56.42:142][  0]LogInit: WinSock: Socket queue. Rx: 131072 (config 131072) Tx: 131072 (config 131072)
[2022.08.24-18.56.42:142][  0]LogNet: Created socket for bind address: 0.0.0.0 on port 17777
[2022.08.24-18.56.42:143][  0]PacketHandlerLog: Loaded PacketHandler component: Engine.EngineHandlerComponentFactory (StatelessConnectHandlerComponent)
[2022.08.24-18.56.42:143][  0]LogNet: GameNetDriver IpNetDriver_0 IpNetDriver listening on port 17777
[2022.08.24-18.56.42:145][  0]LogWorld: Bringing World /Game/Maps/TestMap.TestMap up for play (max tick rate 30) at 2022.08.24-19.56.42
[2022.08.24-18.56.42:146][  0]LogWorld: Bringing up level for play took: 0.001802
[2022.08.24-18.56.42:146][  0]LogGameMode: Display: Match State Changed from EnteringMap to WaitingToStart
[2022.08.24-18.56.42:146][  0]LogTemp: Warning: Numebr of rewind components = 1
[2022.08.24-18.56.42:147][  0]LogGameState: Match State Changed from EnteringMap to WaitingToStart
[2022.08.24-18.56.42:147][  0]LogLoad: Took 0.342307 seconds to LoadMap(/Game/Maps/TestMap)
[2022.08.24-18.56.42:151][  0]LogInit: Display: Engine is initialized. Leaving FEngineLoop::Init()
[2022.08.24-18.56.42:152][  0]LogLoad: (Engine Initialization) Total time: 5.00 seconds
[2022.08.24-18.56.42:152][  0]LogLoad: (Engine Initialization) Total Blueprint compile time: 0.00 seconds
[2022.08.24-18.56.42:978][ 24]LogNet: NotifyAcceptingConnection accepted from: 127.0.0.1:61061
[2022.08.24-18.56.42:978][ 24]LogHandshake: SendConnectChallenge. Timestamp: 0.824853, Cookie: 057164139204060056179124189158187033139162119046063031064150
[2022.08.24-18.56.43:011][ 25]LogNet: NotifyAcceptingConnection accepted from: 127.0.0.1:61061
[2022.08.24-18.56.43:011][ 25]LogHandshake: SendChallengeAck. InCookie: 057164139204060056179124189158187033139162119046063031064150
[2022.08.24-18.56.43:011][ 25]LogNet: Server accepting post-challenge connection from: 127.0.0.1:61061
[2022.08.24-18.56.43:012][ 25]PacketHandlerLog: Loaded PacketHandler component: Engine.EngineHandlerComponentFactory (StatelessConnectHandlerComponent)
[2022.08.24-18.56.43:013][ 25]LogNet: NotifyAcceptedConnection: Name: TestMap, TimeStamp: 08/24/22 19:56:43, [UNetConnection] RemoteAddr: 127.0.0.1:61061, Name: IpConnection_0, Driver: GameNetDriver IpNetDriver_0, IsServer: YES, PC: NULL, Owner: NULL, UniqueId: INVALID
[2022.08.24-18.56.43:013][ 25]LogNet: AddClientConnection: Added client connection: [UNetConnection] RemoteAddr: 127.0.0.1:61061, Name: IpConnection_0, Driver: GameNetDriver IpNetDriver_0, IsServer: YES, PC: NULL, Owner: NULL, UniqueId: INVALID
[2022.08.24-18.56.43:078][ 27]LogNet: NotifyAcceptingConnection accepted from: 127.0.0.1:62710
[2022.08.24-18.56.43:078][ 27]LogHandshake: SendConnectChallenge. Timestamp: 0.924945, Cookie: 204222206040164129196185195086179108175229103169154157188153
[2022.08.24-18.56.43:111][ 28]LogNet: NotifyAcceptingConnection accepted from: 127.0.0.1:62710
[2022.08.24-18.56.43:111][ 28]LogHandshake: SendChallengeAck. InCookie: 204222206040164129196185195086179108175229103169154157188153
[2022.08.24-18.56.43:112][ 28]LogNet: Server accepting post-challenge connection from: 127.0.0.1:62710
[2022.08.24-18.56.43:113][ 28]PacketHandlerLog: Loaded PacketHandler component: Engine.EngineHandlerComponentFactory (StatelessConnectHandlerComponent)
[2022.08.24-18.56.43:113][ 28]LogNet: NotifyAcceptedConnection: Name: TestMap, TimeStamp: 08/24/22 19:56:43, [UNetConnection] RemoteAddr: 127.0.0.1:62710, Name: IpConnection_1, Driver: GameNetDriver IpNetDriver_0, IsServer: YES, PC: NULL, Owner: NULL, UniqueId: INVALID
[2022.08.24-18.56.43:113][ 28]LogNet: AddClientConnection: Added client connection: [UNetConnection] RemoteAddr: 127.0.0.1:62710, Name: IpConnection_1, Driver: GameNetDriver IpNetDriver_0, IsServer: YES, PC: NULL, Owner: NULL, UniqueId: INVALID
[2022.08.24-18.56.43:244][ 32]LogNet: NotifyAcceptingChannel Control 0 server World /Game/Maps/TestMap.TestMap: Accepted
[2022.08.24-18.56.43:244][ 32]LogNet: Remote platform little endian=1
[2022.08.24-18.56.43:245][ 32]LogNet: This platform little endian=1
[2022.08.24-18.56.43:245][ 32]LogNetVersion: fpsgame 1.0.0.0, NetCL: 17155196, EngineNetVer: 17, GameNetVer: 0 (Checksum: 1484303137)
[2022.08.24-18.56.43:376][ 36]LogNet: NotifyAcceptingChannel Control 0 server World /Game/Maps/TestMap.TestMap: Accepted
[2022.08.24-18.56.43:376][ 36]LogNet: Remote platform little endian=1
[2022.08.24-18.56.43:377][ 36]LogNet: This platform little endian=1
[2022.08.24-18.56.43:740][ 47]LogNet: Login request: ?Name=DESKTOP-QG36584-AA5C55A24AA8CB296A0191A31030764F userId: NULL:DESKTOP-QG36584-AA5C55A24AA8CB296A0191A31030764F platform: NULL
[2022.08.24-18.56.43:872][ 51]LogNet: Login request: ?Name=DESKTOP-QG36584-246F06A14493D2C06AAB4C8EEFE4FDF0 userId: NULL:DESKTOP-QG36584-246F06A14493D2C06AAB4C8EEFE4FDF0 platform: NULL
[2022.08.24-18.56.44:368][ 66]LogNet: Client netspeed is 100000
[2022.08.24-18.56.44:368][ 66]LogNet: Join request: /Engine/Maps/Entry?Name=DESKTOP-QG36584-AA5C55A24AA8CB296A0191A31030764F?SplitscreenCount=1
[2022.08.24-18.56.44:369][ 66]LogOnlineSession: Warning: OSS: No game present to join for session (GameSession)
[2022.08.24-18.56.44:370][ 66]LogGameMode: Display: Match State Changed from WaitingToStart to InProgress
[2022.08.24-18.56.44:371][ 66]LogTemp: Warning: Numebr of rewind components = 2
[2022.08.24-18.56.44:372][ 66]LogGameState: Match State Changed from WaitingToStart to InProgress
[2022.08.24-18.56.44:372][ 66]LogNet: Join succeeded: DESKTOP-QG36584-AA5C
[2022.08.24-18.56.44:373][ 66]LogNet: Client netspeed is 100000
[2022.08.24-18.56.44:435][ 68]LogNet: Join request: /Engine/Maps/Entry?Name=DESKTOP-QG36584-246F06A14493D2C06AAB4C8EEFE4FDF0?SplitscreenCount=1
[2022.08.24-18.56.44:435][ 68]LogOnlineSession: Warning: OSS: No game present to join for session (GameSession)
[2022.08.24-18.56.44:437][ 68]LogTemp: Warning: Numebr of rewind components = 3
[2022.08.24-18.56.44:438][ 68]LogNet: Join succeeded: DESKTOP-QG36584-246F
