Log file open, 04/16/23 12:48:17
LogWindows: Failed to load 'aqProf.dll' (GetLastError=126)
LogWindows: File 'aqProf.dll' does not exist
LogWindows: Failed to load 'VtuneApi.dll' (GetLastError=126)
LogWindows: File 'VtuneApi.dll' does not exist
LogWindows: Failed to load 'VtuneApi32e.dll' (GetLastError=126)
LogWindows: File 'VtuneApi32e.dll' does not exist
LogConsoleResponse: Display: Failed to find resolution value strings in scalability ini. Falling back to default.
LogConsoleResponse: Display: Failed to find resolution value strings in scalability ini. Falling back to default.
LogInit: Display: Running engine for game: fpsgame
LogPlatformFile: Not using cached read wrapper
LogTaskGraph: Started task graph with 5 named threads and 35 total threads with 3 sets of task threads.
LogStats: Stats thread started at 0.221448
LogICUInternationalization: ICU TimeZone Detection - Raw Offset: +0:00, Platform Override: ''
LogInit: Display: Loading text-based GConfig....
LogPluginManager: Mounting plugin MeshPainting
LogPluginManager: Mounting plugin XGEController
LogPluginManager: Mounting plugin Paper2D
LogPluginManager: Mounting plugin CameraShakePreviewer
LogPluginManager: Mounting plugin LiveLink
LogPluginManager: Mounting plugin GameplayCameras
LogPluginManager: Mounting plugin EnvironmentQueryEditor
LogPluginManager: Mounting plugin AISupport
LogPluginManager: Mounting plugin OodleData
LogPluginManager: Mounting plugin OodleNetwork
LogPluginManager: Mounting plugin AnimationSharing
LogPluginManager: Mounting plugin CodeLiteSourceCodeAccess
LogPluginManager: Mounting plugin CLionSourceCodeAccess
LogPluginManager: Mounting plugin AssetManagerEditor
LogPluginManager: Mounting plugin GitSourceControl
LogPluginManager: Mounting plugin KDevelopSourceCodeAccess
LogPluginManager: Mounting plugin NullSourceCodeAccess
LogPluginManager: Mounting plugin PixWinPlugin
LogPluginManager: Mounting plugin PerforceSourceControl
LogPluginManager: Mounting plugin PluginUtils
LogPluginManager: Mounting plugin PropertyAccessNode
LogPluginManager: Mounting plugin RiderSourceCodeAccess
LogPluginManager: Mounting plugin CryptoKeys
LogPluginManager: Mounting plugin SubversionSourceControl
LogPluginManager: Mounting plugin CurveEditorTools
LogPluginManager: Mounting plugin PlasticSourceControl
LogPluginManager: Mounting plugin DataValidation
LogPluginManager: Mounting plugin TextureFormatOodle
LogPluginManager: Mounting plugin FacialAnimation
LogPluginManager: Mounting plugin VisualStudioCodeSourceCodeAccess
LogPluginManager: Mounting plugin UObjectPlugin
LogPluginManager: Mounting plugin GameplayTagsEditor
LogPluginManager: Mounting plugin VisualStudioSourceCodeAccess
LogPluginManager: Mounting plugin GeometryMode
LogPluginManager: Mounting plugin MacGraphicsSwitching
LogPluginManager: Mounting plugin MaterialAnalyzer
LogPluginManager: Mounting plugin MobileLauncherProfileWizard
LogPluginManager: Mounting plugin XCodeSourceCodeAccess
LogPluginManager: Mounting plugin PluginBrowser
LogPluginManager: Mounting plugin SpeedTreeImporter
LogPluginManager: Mounting plugin DatasmithContent
LogPluginManager: Mounting plugin VariantManagerContent
LogPluginManager: Mounting plugin LightPropagationVolume
LogPluginManager: Mounting plugin LuminPlatformFeatures
LogPluginManager: Mounting plugin MagicLeap
LogPluginManager: Mounting plugin Niagara
LogPluginManager: Mounting plugin MagicLeapLightEstimation
LogPluginManager: Mounting plugin MagicLeapMedia
LogPluginManager: Mounting plugin MagicLeapPassableWorld
LogPluginManager: Mounting plugin AndroidMedia
LogPluginManager: Mounting plugin AvfMedia
LogPluginManager: Mounting plugin MLSDK
LogPluginManager: Mounting plugin ImgMedia
LogPluginManager: Mounting plugin MediaPlayerEditor
LogPluginManager: Mounting plugin WebMMedia
LogPluginManager: Mounting plugin MediaCompositing
LogPluginManager: Mounting plugin ActorSequence
LogPluginManager: Mounting plugin WmfMedia
LogPluginManager: Mounting plugin LevelSequenceEditor
LogPluginManager: Mounting plugin TcpMessaging
LogPluginManager: Mounting plugin UdpMessaging
LogPluginManager: Mounting plugin MatineeToLevelSequence
LogPluginManager: Mounting plugin OnlineSubsystem
LogPluginManager: Mounting plugin TemplateSequence
LogPluginManager: Mounting plugin OnlineSubsystemNull
LogPluginManager: Mounting plugin OnlineSubsystemUtils
LogPluginManager: Mounting plugin AlembicImporter
LogPluginManager: Mounting plugin AutomationUtils
LogPluginManager: Mounting plugin BackChannel
LogPluginManager: Mounting plugin ChaosCloth
LogPluginManager: Mounting plugin ChaosNiagara
LogPluginManager: Mounting plugin ChaosSolverPlugin
LogPluginManager: Mounting plugin ChaosEditor
LogPluginManager: Mounting plugin ChaosClothEditor
LogPluginManager: Mounting plugin CharacterAI
LogPluginManager: Mounting plugin LauncherChunkInstaller
LogPluginManager: Mounting plugin GeometryCache
LogPluginManager: Mounting plugin GeometryCollectionPlugin
LogPluginManager: Mounting plugin ScreenshotTools
LogPluginManager: Mounting plugin ActorLayerUtilities
LogPluginManager: Mounting plugin AndroidDeviceProfileSelector
LogPluginManager: Mounting plugin AndroidMoviePlayer
LogPluginManager: Mounting plugin AndroidPermission
LogPluginManager: Mounting plugin AppleImageUtils
LogPluginManager: Mounting plugin AppleMoviePlayer
LogPluginManager: Mounting plugin ArchVisCharacter
LogPluginManager: Mounting plugin AssetTags
LogPluginManager: Mounting plugin MotoSynth
LogPluginManager: Mounting plugin AudioCapture
LogPluginManager: Mounting plugin AudioSynesthesia
LogPluginManager: Mounting plugin ChunkDownloader
LogPluginManager: Mounting plugin CableComponent
LogPluginManager: Mounting plugin CustomMeshComponent
LogPluginManager: Mounting plugin GeometryProcessing
LogPluginManager: Mounting plugin EditableMesh
LogPluginManager: Mounting plugin PlanarCut
LogPluginManager: Mounting plugin PlatformCrypto
LogPluginManager: Mounting plugin ProxyLODPlugin
LogPluginManager: Mounting plugin ExampleDeviceProfileSelector
LogPluginManager: Mounting plugin GooglePAD
LogPluginManager: Mounting plugin GoogleCloudMessaging
LogPluginManager: Mounting plugin PythonScriptPlugin
LogPluginManager: Mounting plugin SkeletalReduction
LogPluginManager: Mounting plugin IOSDeviceProfileSelector
LogPluginManager: Mounting plugin LinuxDeviceProfileSelector
LogPluginManager: Mounting plugin LocationServicesBPLibrary
LogPluginManager: Mounting plugin OpenImageDenoise
LogPluginManager: Mounting plugin MobilePatchingUtils
LogPluginManager: Mounting plugin OpenXR
LogPluginManager: Mounting plugin OpenXREyeTracker
LogPluginManager: Mounting plugin OpenXRHandTracking
LogPluginManager: Mounting plugin PhysXVehicles
LogPluginManager: Mounting plugin PostSplashScreen
LogPluginManager: Mounting plugin ProceduralMeshComponent
LogPluginManager: Mounting plugin PropertyAccessEditor
LogPluginManager: Mounting plugin RuntimePhysXCooking
LogPluginManager: Mounting plugin SignificanceManager
LogPluginManager: Mounting plugin SoundFields
LogPluginManager: Mounting plugin Synthesis
LogPluginManager: Mounting plugin WebMMoviePlayer
LogPluginManager: Mounting plugin WindowsMoviePlayer
LogPluginManager: Mounting plugin Takes
LogPluginManager: Mounting plugin ContentBrowserAssetDataSource
LogPluginManager: Mounting plugin ContentBrowserFileDataSource
LogPluginManager: Mounting plugin ContentBrowserClassDataSource
LogPluginManager: Mounting plugin OnlineSubsystemGooglePlay
LogPluginManager: Mounting plugin OnlineSubsystemIOS
LogPluginManager: Mounting plugin OculusVR
LogPluginManager: Mounting plugin SteamVR
PixWinPlugin: PIX capture plugin failed to initialize! Check that the process is launched from PIX.
LogInit: Using libcurl 7.55.1-DEV
LogInit:  - built for x86_64-pc-win32
LogInit:  - supports SSL with OpenSSL/1.1.1
LogInit:  - supports HTTP deflate (compression) using libz 1.2.8
LogInit:  - other features:
LogInit:      CURL_VERSION_SSL
LogInit:      CURL_VERSION_LIBZ
LogInit:      CURL_VERSION_IPV6
LogInit:      CURL_VERSION_ASYNCHDNS
LogInit:      CURL_VERSION_LARGEFILE
LogInit:      CURL_VERSION_IDN
LogInit:  CurlRequestOptions (configurable via config and command line):
LogInit:  - bVerifyPeer = true  - Libcurl will verify peer certificate
LogInit:  - bUseHttpProxy = false  - Libcurl will NOT use HTTP proxy
LogInit:  - bDontReuseConnections = false  - Libcurl will reuse connections
LogInit:  - MaxHostConnections = 16  - Libcurl will limit the number of connections to a host
LogInit:  - LocalHostAddr = Default
LogInit:  - BufferSize = 65536
LogOnline: OSS: Creating online subsystem instance for: NULL
LogInit: WinSock: version 1.1 (2.2), MaxSocks=32767, MaxUdp=65467
LogOnline: OSS: TryLoadSubsystemAndSetDefault: Loaded subsystem for module [NULL]
LogOculusPluginWrapper: OculusPlugin initialized successfully
LogHMD: Failed initializing OVRPlugin 1.59.0
LogInit: Build: ++UE4+Release-4.27-CL-18319896
LogInit: Engine Version: 4.27.2-18319896+++UE4+Release-4.27
LogInit: Compatible Engine Version: 4.27.0-17155196+++UE4+Release-4.27
LogInit: Net CL: 17155196
LogInit: OS: Windows 10 (Release 2009) (), CPU: AMD Ryzen 5 3600X 6-Core Processor             , GPU: AMD Radeon RX 5700 XT
LogInit: Compiled (64-bit): Nov 30 2021 07:12:08
LogInit: Compiled with Visual C++: 19.24.28315.00
LogInit: Build Configuration: Development
LogInit: Branch Name: ++UE4+Release-4.27
LogInit: Command Line:  127.0.0.1:17777 -game -PIEVIACONSOLE -Multiprocess "GameUserSettingsINI=C:/Users/danie/Documents/Gamedev VR/game/UE4 game/fpsgame/Saved/Config/Windows/PIEGameUserSettings1.ini" -MultiprocessSaveConfig -forcepassthrough -messaging -SessionName="Play in Standalone Game" -PktLagMin=0 -PktLagMax=0 -PktLoss=0 -PktIncomingLagMin=0 -PktIncomingLagMax=0 -PktIncomingLoss=0 -windowed -WinX=0 -WinY=24 SAVEWINPOS=1 -ResX=640 -ResY=480
LogInit: Base Directory: C:/Program Files/Epic Games/UE_4.27/Engine/Binaries/Win64/
LogInit: Allocator: TBB
LogInit: Installed Engine Build: 1
LogDevObjectVersion: Number of dev versions registered: 29
LogDevObjectVersion:   Dev-Blueprints (B0D832E4-1F89-4F0D-ACCF-7EB736FD4AA2): 10
LogDevObjectVersion:   Dev-Build (E1C64328-A22C-4D53-A36C-8E866417BD8C): 0
LogDevObjectVersion:   Dev-Core (375EC13C-06E4-48FB-B500-84F0262A717E): 4
LogDevObjectVersion:   Dev-Editor (E4B068ED-F494-42E9-A231-DA0B2E46BB41): 40
LogDevObjectVersion:   Dev-Framework (CFFC743F-43B0-4480-9391-14DF171D2073): 37
LogDevObjectVersion:   Dev-Mobile (B02B49B5-BB20-44E9-A304-32B752E40360): 3
LogDevObjectVersion:   Dev-Networking (A4E4105C-59A1-49B5-A7C5-40C4547EDFEE): 0
LogDevObjectVersion:   Dev-Online (39C831C9-5AE6-47DC-9A44-9C173E1C8E7C): 0
LogDevObjectVersion:   Dev-Physics (78F01B33-EBEA-4F98-B9B4-84EACCB95AA2): 14
LogDevObjectVersion:   Dev-Platform (6631380F-2D4D-43E0-8009-CF276956A95A): 0
LogDevObjectVersion:   Dev-Rendering (12F88B9F-8875-4AFC-A67C-D90C383ABD29): 45
LogDevObjectVersion:   Dev-Sequencer (7B5AE74C-D270-4C10-A958-57980B212A5A): 13
LogDevObjectVersion:   Dev-VR (D7296918-1DD6-4BDD-9DE2-64A83CC13884): 3
LogDevObjectVersion:   Dev-LoadTimes (C2A15278-BFE7-4AFE-6C17-90FF531DF755): 1
LogDevObjectVersion:   Private-Geometry (6EACA3D4-40EC-4CC1-B786-8BED09428FC5): 3
LogDevObjectVersion:   Dev-AnimPhys (29E575DD-E0A3-4627-9D10-D276232CDCEA): 17
LogDevObjectVersion:   Dev-Anim (AF43A65D-7FD3-4947-9873-3E8ED9C1BB05): 15
LogDevObjectVersion:   Dev-ReflectionCapture (6B266CEC-1EC7-4B8F-A30B-E4D90942FC07): 1
LogDevObjectVersion:   Dev-Automation (0DF73D61-A23F-47EA-B727-89E90C41499A): 1
LogDevObjectVersion:   FortniteMain (601D1886-AC64-4F84-AA16-D3DE0DEAC7D6): 47
LogDevObjectVersion:   FortniteRelease (E7086368-6B23-4C58-8439-1B7016265E91): 1
LogDevObjectVersion:   Dev-Enterprise (9DFFBCD6-494F-0158-E221-12823C92A888): 10
LogDevObjectVersion:   Dev-Niagara (F2AED0AC-9AFE-416F-8664-AA7FFA26D6FC): 1
LogDevObjectVersion:   Dev-Destruction (174F1F0B-B4C6-45A5-B13F-2EE8D0FB917D): 10
LogDevObjectVersion:   Dev-Physics-Ext (35F94A83-E258-406C-A318-09F59610247C): 41
LogDevObjectVersion:   Dev-PhysicsMaterial-Chaos (B68FC16E-8B1B-42E2-B453-215C058844FE): 1
LogDevObjectVersion:   Dev-CineCamera (B2E18506-4273-CFC2-A54E-F4BB758BBA07): 1
LogDevObjectVersion:   Dev-VirtualProduction (64F58936-FD1B-42BA-BA96-7289D5D0FA4E): 1
LogDevObjectVersion:   Dev-MediaFramework (6F0ED827-A609-4895-9C91-998D90180EA4): 2
LogInit: Presizing for max 25165824 objects, including 0 objects not considered by GC, pre-allocating 0 bytes for permanent pool.
LogConfig: Applying CVar settings from Section [/Script/Engine.StreamingSettings] File [C:/Users/danie/Documents/Gamedev VR/game/UE4 game/fpsgame/Saved/Config/Windows/Engine.ini]
LogConfig: Setting CVar [[s.MinBulkDataSizeForAsyncLoading:131072]]
LogConfig: Setting CVar [[s.AsyncLoadingThreadEnabled:0]]
LogConfig: Setting CVar [[s.EventDrivenLoaderEnabled:1]]
LogConfig: Setting CVar [[s.WarnIfTimeLimitExceeded:0]]
LogConfig: Setting CVar [[s.TimeLimitExceededMultiplier:1.5]]
LogConfig: Setting CVar [[s.TimeLimitExceededMinTime:0.005]]
LogConfig: Setting CVar [[s.UseBackgroundLevelStreaming:1]]
LogConfig: Setting CVar [[s.PriorityAsyncLoadingExtraTime:15.0]]
LogConfig: Setting CVar [[s.LevelStreamingActorsUpdateTimeLimit:5.0]]
LogConfig: Setting CVar [[s.PriorityLevelStreamingActorsUpdateExtraTime:5.0]]
LogConfig: Setting CVar [[s.LevelStreamingComponentsRegistrationGranularity:10]]
LogConfig: Setting CVar [[s.UnregisterComponentsTimeLimit:1.0]]
LogConfig: Setting CVar [[s.LevelStreamingComponentsUnregistrationGranularity:5]]
LogConfig: Setting CVar [[s.FlushStreamingOnExit:1]]
LogInit: Object subsystem initialized
LogConfig: Setting CVar [[con.DebugEarlyDefault:1]]
LogConfig: Setting CVar [[r.setres:1280x720]]
[2023.04.16-11.48.18:348][  0]LogConfig: Setting CVar [[con.DebugEarlyDefault:1]]
[2023.04.16-11.48.18:348][  0]LogConfig: Setting CVar [[r.setres:1280x720]]
[2023.04.16-11.48.18:348][  0]LogConfig: Applying CVar settings from Section [/Script/Engine.RendererSettings] File [C:/Users/danie/Documents/Gamedev VR/game/UE4 game/fpsgame/Saved/Config/Windows/Engine.ini]
[2023.04.16-11.48.18:348][  0]LogConfig: Setting CVar [[r.GPUCrashDebugging:0]]
[2023.04.16-11.48.18:348][  0]LogConfig: Setting CVar [[r.Mobile.DisableVertexFog:1]]
[2023.04.16-11.48.18:348][  0]LogConfig: Setting CVar [[r.Shadow.CSM.MaxMobileCascades:2]]
[2023.04.16-11.48.18:348][  0]LogConfig: Setting CVar [[r.MobileMSAA:1]]
[2023.04.16-11.48.18:348][  0]LogConfig: Setting CVar [[r.Mobile.AllowDitheredLODTransition:0]]
[2023.04.16-11.48.18:348][  0]LogConfig: Setting CVar [[r.Mobile.AllowSoftwareOcclusion:0]]
[2023.04.16-11.48.18:348][  0]LogConfig: Setting CVar [[r.Mobile.VirtualTextures:0]]
[2023.04.16-11.48.18:348][  0]LogConfig: Setting CVar [[r.DiscardUnusedQuality:0]]
[2023.04.16-11.48.18:348][  0]LogConfig: Setting CVar [[r.AllowOcclusionQueries:1]]
[2023.04.16-11.48.18:348][  0]LogConfig: Setting CVar [[r.MinScreenRadiusForLights:0.030000]]
[2023.04.16-11.48.18:348][  0]LogConfig: Setting CVar [[r.MinScreenRadiusForDepthPrepass:0.030000]]
[2023.04.16-11.48.18:348][  0]LogConfig: Setting CVar [[r.MinScreenRadiusForCSMDepth:0.010000]]
[2023.04.16-11.48.18:348][  0]LogConfig: Setting CVar [[r.PrecomputedVisibilityWarning:0]]
[2023.04.16-11.48.18:348][  0]LogConfig: Setting CVar [[r.TextureStreaming:1]]
[2023.04.16-11.48.18:348][  0]LogConfig: Setting CVar [[Compat.UseDXT5NormalMaps:0]]
[2023.04.16-11.48.18:348][  0]LogConfig: Setting CVar [[r.VirtualTextures:0]]
[2023.04.16-11.48.18:348][  0]LogConfig: Setting CVar [[r.VT.EnableAutoImport:1]]
[2023.04.16-11.48.18:348][  0]LogConfig: Setting CVar [[r.VirtualTexturedLightmaps:0]]
[2023.04.16-11.48.18:348][  0]LogConfig: Setting CVar [[r.VT.TileSize:128]]
[2023.04.16-11.48.18:348][  0]LogConfig: Setting CVar [[r.VT.TileBorderSize:4]]
[2023.04.16-11.48.18:348][  0]LogConfig: Setting CVar [[r.vt.FeedbackFactor:16]]
[2023.04.16-11.48.18:349][  0]LogConfig: Setting CVar [[r.VT.EnableCompressZlib:1]]
[2023.04.16-11.48.18:349][  0]LogConfig: Setting CVar [[r.VT.EnableCompressCrunch:0]]
[2023.04.16-11.48.18:349][  0]LogConfig: Setting CVar [[r.ClearCoatNormal:0]]
[2023.04.16-11.48.18:349][  0]LogConfig: Setting CVar [[r.ReflectionCaptureResolution:128]]
[2023.04.16-11.48.18:349][  0]LogConfig: Setting CVar [[r.Mobile.ReflectionCaptureCompression:0]]
[2023.04.16-11.48.18:349][  0]LogConfig: Setting CVar [[r.ReflectionEnvironmentLightmapMixBasedOnRoughness:1]]
[2023.04.16-11.48.18:349][  0]LogConfig: Setting CVar [[r.ForwardShading:0]]
[2023.04.16-11.48.18:349][  0]LogConfig: Setting CVar [[r.VertexFoggingForOpaque:1]]
[2023.04.16-11.48.18:349][  0]LogConfig: Setting CVar [[r.AllowStaticLighting:1]]
[2023.04.16-11.48.18:349][  0]LogConfig: Setting CVar [[r.NormalMapsForStaticLighting:0]]
[2023.04.16-11.48.18:349][  0]LogConfig: Setting CVar [[r.GenerateMeshDistanceFields:0]]
[2023.04.16-11.48.18:349][  0]LogConfig: Setting CVar [[r.DistanceFieldBuild.EightBit:0]]
[2023.04.16-11.48.18:349][  0]LogConfig: Setting CVar [[r.GenerateLandscapeGIData:0]]
[2023.04.16-11.48.18:349][  0]LogConfig: Setting CVar [[r.DistanceFieldBuild.Compress:0]]
[2023.04.16-11.48.18:349][  0]LogConfig: Setting CVar [[r.TessellationAdaptivePixelsPerTriangle:48.000000]]
[2023.04.16-11.48.18:349][  0]LogConfig: Setting CVar [[r.SeparateTranslucency:1]]
[2023.04.16-11.48.18:349][  0]LogConfig: Setting CVar [[r.TranslucentSortPolicy:0]]
[2023.04.16-11.48.18:349][  0]LogConfig: Setting CVar [[vr.VRS.HMDFixedFoveationLevel:0]]
[2023.04.16-11.48.18:349][  0]LogConfig: Setting CVar [[r.CustomDepth:1]]
[2023.04.16-11.48.18:349][  0]LogConfig: Setting CVar [[r.CustomDepthTemporalAAJitter:1]]
[2023.04.16-11.48.18:349][  0]LogConfig: Setting CVar [[r.PostProcessing.PropagateAlpha:0]]
[2023.04.16-11.48.18:349][  0]LogConfig: Setting CVar [[r.DefaultFeature.Bloom:1]]
[2023.04.16-11.48.18:349][  0]LogConfig: Setting CVar [[r.DefaultFeature.AmbientOcclusion:1]]
[2023.04.16-11.48.18:349][  0]LogConfig: Setting CVar [[r.DefaultFeature.AmbientOcclusionStaticFraction:1]]
[2023.04.16-11.48.18:349][  0]LogConfig: Setting CVar [[r.DefaultFeature.AutoExposure:0]]
[2023.04.16-11.48.18:349][  0]LogConfig: Setting CVar [[r.DefaultFeature.AutoExposure.Method:0]]
[2023.04.16-11.48.18:349][  0]LogConfig: Setting CVar [[r.DefaultFeature.AutoExposure.Bias:1.000000]]
[2023.04.16-11.48.18:349][  0]LogConfig: Setting CVar [[r.DefaultFeature.AutoExposure.ExtendDefaultLuminanceRange:0]]
[2023.04.16-11.48.18:349][  0]LogConfig: Setting CVar [[r.UsePreExposure:1]]
[2023.04.16-11.48.18:349][  0]LogConfig: Setting CVar [[r.EyeAdaptation.EditorOnly:0]]
[2023.04.16-11.48.18:349][  0]LogConfig: Setting CVar [[r.DefaultFeature.MotionBlur:0]]
[2023.04.16-11.48.18:349][  0]LogConfig: Setting CVar [[r.DefaultFeature.LensFlare:0]]
[2023.04.16-11.48.18:349][  0]LogConfig: Setting CVar [[r.TemporalAA.Upsampling:0]]
[2023.04.16-11.48.18:349][  0]LogConfig: Setting CVar [[r.SSGI.Enable:0]]
[2023.04.16-11.48.18:349][  0]LogConfig: Setting CVar [[r.DefaultFeature.AntiAliasing:0]]
[2023.04.16-11.48.18:349][  0]LogConfig: Setting CVar [[r.DefaultFeature.LightUnits:1]]
[2023.04.16-11.48.18:349][  0]LogConfig: Setting CVar [[r.DefaultBackBufferPixelFormat:4]]
[2023.04.16-11.48.18:349][  0]LogConfig: Setting CVar [[r.Shadow.UnbuiltPreviewInGame:1]]
[2023.04.16-11.48.18:349][  0]LogConfig: Setting CVar [[r.StencilForLODDither:0]]
[2023.04.16-11.48.18:349][  0]LogConfig: Setting CVar [[r.EarlyZPass:3]]
[2023.04.16-11.48.18:349][  0]LogConfig: Setting CVar [[r.EarlyZPassOnlyMaterialMasking:0]]
[2023.04.16-11.48.18:349][  0]LogConfig: Setting CVar [[r.DBuffer:1]]
[2023.04.16-11.48.18:349][  0]LogConfig: Setting CVar [[r.ClearSceneMethod:1]]
[2023.04.16-11.48.18:349][  0]LogConfig: Setting CVar [[r.BasePassOutputsVelocity:0]]
[2023.04.16-11.48.18:349][  0]LogConfig: Setting CVar [[r.VertexDeformationOutputsVelocity:0]]
[2023.04.16-11.48.18:349][  0]LogConfig: Setting CVar [[r.SelectiveBasePassOutputs:0]]
[2023.04.16-11.48.18:349][  0]LogConfig: Setting CVar [[fx.GPUSimulationTextureSizeX:1024]]
[2023.04.16-11.48.18:349][  0]LogConfig: Setting CVar [[fx.GPUSimulationTextureSizeY:1024]]
[2023.04.16-11.48.18:349][  0]LogConfig: Setting CVar [[r.AllowGlobalClipPlane:0]]
[2023.04.16-11.48.18:349][  0]LogConfig: Setting CVar [[r.GBufferFormat:1]]
[2023.04.16-11.48.18:349][  0]LogConfig: Setting CVar [[r.MorphTarget.Mode:1]]
[2023.04.16-11.48.18:349][  0]LogConfig: Setting CVar [[vr.InstancedStereo:0]]
[2023.04.16-11.48.18:349][  0]LogConfig: Setting CVar [[r.MobileHDR:1]]
[2023.04.16-11.48.18:349][  0]LogConfig: Setting CVar [[vr.MobileMultiView:0]]
[2023.04.16-11.48.18:349][  0]LogConfig: Setting CVar [[r.Mobile.UseHWsRGBEncoding:0]]
[2023.04.16-11.48.18:349][  0]LogConfig: Setting CVar [[vr.RoundRobinOcclusion:0]]
[2023.04.16-11.48.18:349][  0]LogConfig: Setting CVar [[vr.ODSCapture:0]]
[2023.04.16-11.48.18:349][  0]LogConfig: Setting CVar [[r.MeshStreaming:0]]
[2023.04.16-11.48.18:349][  0]LogConfig: Setting CVar [[r.WireframeCullThreshold:5.000000]]
[2023.04.16-11.48.18:349][  0]LogConfig: Setting CVar [[r.RayTracing:0]]
[2023.04.16-11.48.18:349][  0]LogConfig: Setting CVar [[r.RayTracing.UseTextureLod:0]]
[2023.04.16-11.48.18:349][  0]LogConfig: Setting CVar [[r.SupportStationarySkylight:1]]
[2023.04.16-11.48.18:349][  0]LogConfig: Setting CVar [[r.SupportLowQualityLightmaps:1]]
[2023.04.16-11.48.18:349][  0]LogConfig: Setting CVar [[r.SupportPointLightWholeSceneShadows:1]]
[2023.04.16-11.48.18:349][  0]LogConfig: Setting CVar [[r.SupportAtmosphericFog:1]]
[2023.04.16-11.48.18:349][  0]LogConfig: Setting CVar [[r.SupportSkyAtmosphere:1]]
[2023.04.16-11.48.18:349][  0]LogConfig: Setting CVar [[r.SupportSkyAtmosphereAffectsHeightFog:0]]
[2023.04.16-11.48.18:349][  0]LogConfig: Setting CVar [[r.SkinCache.CompileShaders:0]]
[2023.04.16-11.48.18:349][  0]LogConfig: Setting CVar [[r.SkinCache.DefaultBehavior:1]]
[2023.04.16-11.48.18:349][  0]LogConfig: Setting CVar [[r.SkinCache.SceneMemoryLimitInMB:128.000000]]
[2023.04.16-11.48.18:349][  0]LogConfig: Setting CVar [[r.Mobile.EnableStaticAndCSMShadowReceivers:1]]
[2023.04.16-11.48.18:349][  0]LogConfig: Setting CVar [[r.Mobile.EnableMovableLightCSMShaderCulling:1]]
[2023.04.16-11.48.18:349][  0]LogConfig: Setting CVar [[r.Mobile.AllowDistanceFieldShadows:1]]
[2023.04.16-11.48.18:349][  0]LogConfig: Setting CVar [[r.Mobile.AllowMovableDirectionalLights:1]]
[2023.04.16-11.48.18:349][  0]LogConfig: Setting CVar [[r.MobileNumDynamicPointLights:4]]
[2023.04.16-11.48.18:349][  0]LogConfig: Setting CVar [[r.MobileDynamicPointLightsUseStaticBranch:1]]
[2023.04.16-11.48.18:349][  0]LogConfig: Setting CVar [[r.Mobile.EnableMovableSpotlights:0]]
[2023.04.16-11.48.18:349][  0]LogConfig: Setting CVar [[r.Mobile.EnableMovableSpotlightsShadow:0]]
[2023.04.16-11.48.18:349][  0]LogConfig: Setting CVar [[r.GPUSkin.Support16BitBoneIndex:0]]
[2023.04.16-11.48.18:349][  0]LogConfig: Setting CVar [[r.GPUSkin.Limit2BoneInfluences:0]]
[2023.04.16-11.48.18:349][  0]LogConfig: Setting CVar [[r.SupportDepthOnlyIndexBuffers:1]]
[2023.04.16-11.48.18:349][  0]LogConfig: Setting CVar [[r.SupportReversedIndexBuffers:1]]
[2023.04.16-11.48.18:349][  0]LogConfig: Setting CVar [[r.LightPropagationVolume:0]]
[2023.04.16-11.48.18:349][  0]LogConfig: Setting CVar [[r.Mobile.AmbientOcclusion:0]]
[2023.04.16-11.48.18:349][  0]LogConfig: Setting CVar [[r.GPUSkin.UnlimitedBoneInfluences:0]]
[2023.04.16-11.48.18:349][  0]LogConfig: Setting CVar [[r.GPUSkin.UnlimitedBoneInfluencesThreshold:8]]
[2023.04.16-11.48.18:349][  0]LogConfig: Setting CVar [[r.Mobile.PlanarReflectionMode:0]]
[2023.04.16-11.48.18:349][  0]LogConfig: Setting CVar [[r.Mobile.SupportsGen4TAA:0]]
[2023.04.16-11.48.18:349][  0]LogConfig: Applying CVar settings from Section [/Script/Engine.RendererOverrideSettings] File [C:/Users/danie/Documents/Gamedev VR/game/UE4 game/fpsgame/Saved/Config/Windows/Engine.ini]
[2023.04.16-11.48.18:349][  0]LogConfig: Applying CVar settings from Section [/Script/Engine.StreamingSettings] File [C:/Users/danie/Documents/Gamedev VR/game/UE4 game/fpsgame/Saved/Config/Windows/Engine.ini]
[2023.04.16-11.48.18:349][  0]LogConfig: Setting CVar [[s.MinBulkDataSizeForAsyncLoading:131072]]
[2023.04.16-11.48.18:349][  0]LogConfig: Setting CVar [[s.AsyncLoadingThreadEnabled:0]]
[2023.04.16-11.48.18:349][  0]LogConfig: Setting CVar [[s.EventDrivenLoaderEnabled:1]]
[2023.04.16-11.48.18:349][  0]LogConfig: Setting CVar [[s.WarnIfTimeLimitExceeded:0]]
[2023.04.16-11.48.18:349][  0]LogConfig: Setting CVar [[s.TimeLimitExceededMultiplier:1.5]]
[2023.04.16-11.48.18:349][  0]LogConfig: Setting CVar [[s.TimeLimitExceededMinTime:0.005]]
[2023.04.16-11.48.18:349][  0]LogConfig: Setting CVar [[s.UseBackgroundLevelStreaming:1]]
[2023.04.16-11.48.18:349][  0]LogConfig: Setting CVar [[s.PriorityAsyncLoadingExtraTime:15.0]]
[2023.04.16-11.48.18:349][  0]LogConfig: Setting CVar [[s.LevelStreamingActorsUpdateTimeLimit:5.0]]
[2023.04.16-11.48.18:350][  0]LogConfig: Setting CVar [[s.PriorityLevelStreamingActorsUpdateExtraTime:5.0]]
[2023.04.16-11.48.18:350][  0]LogConfig: Setting CVar [[s.LevelStreamingComponentsRegistrationGranularity:10]]
[2023.04.16-11.48.18:350][  0]LogConfig: Setting CVar [[s.UnregisterComponentsTimeLimit:1.0]]
[2023.04.16-11.48.18:350][  0]LogConfig: Setting CVar [[s.LevelStreamingComponentsUnregistrationGranularity:5]]
[2023.04.16-11.48.18:350][  0]LogConfig: Setting CVar [[s.FlushStreamingOnExit:1]]
[2023.04.16-11.48.18:350][  0]LogConfig: Applying CVar settings from Section [/Script/Engine.GarbageCollectionSettings] File [C:/Users/danie/Documents/Gamedev VR/game/UE4 game/fpsgame/Saved/Config/Windows/Engine.ini]
[2023.04.16-11.48.18:350][  0]LogConfig: Setting CVar [[gc.MaxObjectsNotConsideredByGC:1]]
[2023.04.16-11.48.18:350][  0]LogConfig: Setting CVar [[gc.SizeOfPermanentObjectPool:0]]
[2023.04.16-11.48.18:350][  0]LogConfig: Setting CVar [[gc.FlushStreamingOnGC:0]]
[2023.04.16-11.48.18:350][  0]LogConfig: Setting CVar [[gc.NumRetriesBeforeForcingGC:10]]
[2023.04.16-11.48.18:350][  0]LogConfig: Setting CVar [[gc.AllowParallelGC:1]]
[2023.04.16-11.48.18:350][  0]LogConfig: Setting CVar [[gc.TimeBetweenPurgingPendingKillObjects:61.1]]
[2023.04.16-11.48.18:350][  0]LogConfig: Setting CVar [[gc.MaxObjectsInEditor:25165824]]
[2023.04.16-11.48.18:350][  0]LogConfig: Setting CVar [[gc.IncrementalBeginDestroyEnabled:1]]
[2023.04.16-11.48.18:350][  0]LogConfig: Setting CVar [[gc.CreateGCClusters:1]]
[2023.04.16-11.48.18:350][  0]LogConfig: Setting CVar [[gc.MinGCClusterSize:5]]
[2023.04.16-11.48.18:350][  0]LogConfig: Setting CVar [[gc.ActorClusteringEnabled:0]]
[2023.04.16-11.48.18:350][  0]LogConfig: Setting CVar [[gc.BlueprintClusteringEnabled:0]]
[2023.04.16-11.48.18:350][  0]LogConfig: Setting CVar [[gc.UseDisregardForGCOnDedicatedServers:0]]
[2023.04.16-11.48.18:350][  0]LogConfig: Setting CVar [[gc.MultithreadedDestructionEnabled:1]]
[2023.04.16-11.48.18:350][  0]LogConfig: Applying CVar settings from Section [/Script/Engine.NetworkSettings] File [C:/Users/danie/Documents/Gamedev VR/game/UE4 game/fpsgame/Saved/Config/Windows/Engine.ini]
[2023.04.16-11.48.18:350][  0]LogConfig: Applying CVar settings from Section [/Script/UnrealEd.CookerSettings] File [C:/Users/danie/Documents/Gamedev VR/game/UE4 game/fpsgame/Saved/Config/Windows/Engine.ini]
[2023.04.16-11.48.18:361][  0]LogConfig: Applying CVar settings from Section [ViewDistanceQuality@3] File [C:/Users/danie/Documents/Gamedev VR/game/UE4 game/fpsgame/Saved/Config/Windows/Scalability.ini]
[2023.04.16-11.48.18:361][  0]LogConfig: Setting CVar [[r.SkeletalMeshLODBias:0]]
[2023.04.16-11.48.18:361][  0]LogConfig: Setting CVar [[r.ViewDistanceScale:1.0]]
[2023.04.16-11.48.18:361][  0]LogConfig: Applying CVar settings from Section [AntiAliasingQuality@3] File [C:/Users/danie/Documents/Gamedev VR/game/UE4 game/fpsgame/Saved/Config/Windows/Scalability.ini]
[2023.04.16-11.48.18:361][  0]LogConfig: Setting CVar [[r.PostProcessAAQuality:4]]
[2023.04.16-11.48.18:361][  0]LogConfig: Applying CVar settings from Section [ShadowQuality@3] File [C:/Users/danie/Documents/Gamedev VR/game/UE4 game/fpsgame/Saved/Config/Windows/Scalability.ini]
[2023.04.16-11.48.18:361][  0]LogConfig: Setting CVar [[r.LightFunctionQuality:1]]
[2023.04.16-11.48.18:361][  0]LogConfig: Setting CVar [[r.ShadowQuality:5]]
[2023.04.16-11.48.18:361][  0]LogConfig: Setting CVar [[r.Shadow.CSM.MaxCascades:10]]
[2023.04.16-11.48.18:361][  0]LogConfig: Setting CVar [[r.Shadow.MaxResolution:2048]]
[2023.04.16-11.48.18:361][  0]LogConfig: Setting CVar [[r.Shadow.MaxCSMResolution:2048]]
[2023.04.16-11.48.18:361][  0]LogConfig: Setting CVar [[r.Shadow.RadiusThreshold:0.01]]
[2023.04.16-11.48.18:361][  0]LogConfig: Setting CVar [[r.Shadow.DistanceScale:1.0]]
[2023.04.16-11.48.18:361][  0]LogConfig: Setting CVar [[r.Shadow.CSM.TransitionScale:1.0]]
[2023.04.16-11.48.18:361][  0]LogConfig: Setting CVar [[r.Shadow.PreShadowResolutionFactor:1.0]]
[2023.04.16-11.48.18:361][  0]LogConfig: Setting CVar [[r.DistanceFieldShadowing:1]]
[2023.04.16-11.48.18:362][  0]LogConfig: Setting CVar [[r.DistanceFieldAO:1]]
[2023.04.16-11.48.18:362][  0]LogConfig: Setting CVar [[r.AOQuality:2]]
[2023.04.16-11.48.18:362][  0]LogConfig: Setting CVar [[r.VolumetricFog:1]]
[2023.04.16-11.48.18:362][  0]LogConfig: Setting CVar [[r.VolumetricFog.GridPixelSize:8]]
[2023.04.16-11.48.18:362][  0]LogConfig: Setting CVar [[r.VolumetricFog.GridSizeZ:128]]
[2023.04.16-11.48.18:362][  0]LogConfig: Setting CVar [[r.VolumetricFog.HistoryMissSupersampleCount:4]]
[2023.04.16-11.48.18:362][  0]LogConfig: Setting CVar [[r.LightMaxDrawDistanceScale:1]]
[2023.04.16-11.48.18:362][  0]LogConfig: Setting CVar [[r.CapsuleShadows:1]]
[2023.04.16-11.48.18:362][  0]LogConfig: Applying CVar settings from Section [PostProcessQuality@3] File [C:/Users/danie/Documents/Gamedev VR/game/UE4 game/fpsgame/Saved/Config/Windows/Scalability.ini]
[2023.04.16-11.48.18:362][  0]LogConfig: Setting CVar [[r.MotionBlurQuality:4]]
[2023.04.16-11.48.18:362][  0]LogConfig: Setting CVar [[r.AmbientOcclusionMipLevelFactor:0.4]]
[2023.04.16-11.48.18:362][  0]LogConfig: Setting CVar [[r.AmbientOcclusionMaxQuality:100]]
[2023.04.16-11.48.18:362][  0]LogConfig: Setting CVar [[r.AmbientOcclusionLevels:-1]]
[2023.04.16-11.48.18:362][  0]LogConfig: Setting CVar [[r.AmbientOcclusionRadiusScale:1.0]]
[2023.04.16-11.48.18:362][  0]LogConfig: Setting CVar [[r.DepthOfFieldQuality:2]]
[2023.04.16-11.48.18:362][  0]LogConfig: Setting CVar [[r.RenderTargetPoolMin:400]]
[2023.04.16-11.48.18:362][  0]LogConfig: Setting CVar [[r.LensFlareQuality:2]]
[2023.04.16-11.48.18:362][  0]LogConfig: Setting CVar [[r.SceneColorFringeQuality:1]]
[2023.04.16-11.48.18:362][  0]LogConfig: Setting CVar [[r.EyeAdaptationQuality:2]]
[2023.04.16-11.48.18:362][  0]LogConfig: Setting CVar [[r.BloomQuality:5]]
[2023.04.16-11.48.18:362][  0]LogConfig: Setting CVar [[r.FastBlurThreshold:100]]
[2023.04.16-11.48.18:362][  0]LogConfig: Setting CVar [[r.Upscale.Quality:3]]
[2023.04.16-11.48.18:362][  0]LogConfig: Setting CVar [[r.Tonemapper.GrainQuantization:1]]
[2023.04.16-11.48.18:362][  0]LogConfig: Setting CVar [[r.LightShaftQuality:1]]
[2023.04.16-11.48.18:362][  0]LogConfig: Setting CVar [[r.Filter.SizeScale:1]]
[2023.04.16-11.48.18:362][  0]LogConfig: Setting CVar [[r.Tonemapper.Quality:5]]
[2023.04.16-11.48.18:362][  0]LogConfig: Setting CVar [[r.DOF.Gather.AccumulatorQuality:1        ; higher gathering accumulator quality]]
[2023.04.16-11.48.18:362][  0]LogConfig: Setting CVar [[r.DOF.Gather.PostfilterMethod:1          ; Median3x3 postfilering method]]
[2023.04.16-11.48.18:362][  0]LogConfig: Setting CVar [[r.DOF.Gather.EnableBokehSettings:0       ; no bokeh simulation when gathering]]
[2023.04.16-11.48.18:362][  0]LogConfig: Setting CVar [[r.DOF.Gather.RingCount:4                 ; medium number of samples when gathering]]
[2023.04.16-11.48.18:362][  0]LogConfig: Setting CVar [[r.DOF.Scatter.ForegroundCompositing:1    ; additive foreground scattering]]
[2023.04.16-11.48.18:362][  0]LogConfig: Setting CVar [[r.DOF.Scatter.BackgroundCompositing:2    ; additive background scattering]]
[2023.04.16-11.48.18:362][  0]LogConfig: Setting CVar [[r.DOF.Scatter.EnableBokehSettings:1      ; bokeh simulation when scattering]]
[2023.04.16-11.48.18:362][  0]LogConfig: Setting CVar [[r.DOF.Scatter.MaxSpriteRatio:0.1         ; only a maximum of 10% of scattered bokeh]]
[2023.04.16-11.48.18:362][  0]LogConfig: Setting CVar [[r.DOF.Recombine.Quality:1                ; cheap slight out of focus]]
[2023.04.16-11.48.18:362][  0]LogConfig: Setting CVar [[r.DOF.Recombine.EnableBokehSettings:0    ; no bokeh simulation on slight out of focus]]
[2023.04.16-11.48.18:362][  0]LogConfig: Setting CVar [[r.DOF.TemporalAAQuality:1                ; more stable temporal accumulation]]
[2023.04.16-11.48.18:362][  0]LogConfig: Setting CVar [[r.DOF.Kernel.MaxForegroundRadius:0.025]]
[2023.04.16-11.48.18:362][  0]LogConfig: Setting CVar [[r.DOF.Kernel.MaxBackgroundRadius:0.025]]
[2023.04.16-11.48.18:362][  0]LogConfig: Applying CVar settings from Section [TextureQuality@3] File [C:/Users/danie/Documents/Gamedev VR/game/UE4 game/fpsgame/Saved/Config/Windows/Scalability.ini]
[2023.04.16-11.48.18:362][  0]LogConfig: Setting CVar [[r.Streaming.MipBias:0]]
[2023.04.16-11.48.18:362][  0]LogConfig: Setting CVar [[r.Streaming.AmortizeCPUToGPUCopy:0]]
[2023.04.16-11.48.18:362][  0]LogConfig: Setting CVar [[r.Streaming.MaxNumTexturesToStreamPerFrame:0]]
[2023.04.16-11.48.18:362][  0]LogConfig: Setting CVar [[r.Streaming.Boost:1]]
[2023.04.16-11.48.18:362][  0]LogConfig: Setting CVar [[r.MaxAnisotropy:8]]
[2023.04.16-11.48.18:362][  0]LogConfig: Setting CVar [[r.VT.MaxAnisotropy:8]]
[2023.04.16-11.48.18:362][  0]LogConfig: Setting CVar [[r.Streaming.LimitPoolSizeToVRAM:0]]
[2023.04.16-11.48.18:362][  0]LogConfig: Setting CVar [[r.Streaming.PoolSize:1000]]
[2023.04.16-11.48.18:362][  0]LogConfig: Setting CVar [[r.Streaming.MaxEffectiveScreenSize:0]]
[2023.04.16-11.48.18:362][  0]LogConfig: Applying CVar settings from Section [EffectsQuality@3] File [C:/Users/danie/Documents/Gamedev VR/game/UE4 game/fpsgame/Saved/Config/Windows/Scalability.ini]
[2023.04.16-11.48.18:362][  0]LogConfig: Setting CVar [[r.TranslucencyLightingVolumeDim:64]]
[2023.04.16-11.48.18:362][  0]LogConfig: Setting CVar [[r.RefractionQuality:2]]
[2023.04.16-11.48.18:362][  0]LogConfig: Setting CVar [[r.SSR.Quality:3]]
[2023.04.16-11.48.18:362][  0]LogConfig: Setting CVar [[r.SSR.HalfResSceneColor:0]]
[2023.04.16-11.48.18:362][  0]LogConfig: Setting CVar [[r.SceneColorFormat:4]]
[2023.04.16-11.48.18:362][  0]LogConfig: Setting CVar [[r.DetailMode:2]]
[2023.04.16-11.48.18:362][  0]LogConfig: Setting CVar [[r.TranslucencyVolumeBlur:1]]
[2023.04.16-11.48.18:362][  0]LogConfig: Setting CVar [[r.MaterialQualityLevel:1 ; High quality]]
[2023.04.16-11.48.18:362][  0]LogConfig: Setting CVar [[r.AnisotropicMaterials:1]]
[2023.04.16-11.48.18:362][  0]LogConfig: Setting CVar [[r.SSS.Scale:1]]
[2023.04.16-11.48.18:362][  0]LogConfig: Setting CVar [[r.SSS.SampleSet:2]]
[2023.04.16-11.48.18:362][  0]LogConfig: Setting CVar [[r.SSS.Quality:1]]
[2023.04.16-11.48.18:362][  0]LogConfig: Setting CVar [[r.SSS.HalfRes:0]]
[2023.04.16-11.48.18:362][  0]LogConfig: Setting CVar [[r.SSGI.Quality:3]]
[2023.04.16-11.48.18:362][  0]LogConfig: Setting CVar [[r.EmitterSpawnRateScale:1.0]]
[2023.04.16-11.48.18:362][  0]LogConfig: Setting CVar [[r.ParticleLightQuality:2]]
[2023.04.16-11.48.18:362][  0]LogConfig: Setting CVar [[r.SkyAtmosphere.AerialPerspectiveLUT.FastApplyOnOpaque:1 ; Always have FastSkyLUT 1 in this case to avoid wrong sky]]
[2023.04.16-11.48.18:362][  0]LogConfig: Setting CVar [[r.SkyAtmosphere.AerialPerspectiveLUT.SampleCountMaxPerSlice:4]]
[2023.04.16-11.48.18:362][  0]LogConfig: Setting CVar [[r.SkyAtmosphere.AerialPerspectiveLUT.DepthResolution:16.0]]
[2023.04.16-11.48.18:362][  0]LogConfig: Setting CVar [[r.SkyAtmosphere.FastSkyLUT:1]]
[2023.04.16-11.48.18:362][  0]LogConfig: Setting CVar [[r.SkyAtmosphere.FastSkyLUT.SampleCountMin:4.0]]
[2023.04.16-11.48.18:362][  0]LogConfig: Setting CVar [[r.SkyAtmosphere.FastSkyLUT.SampleCountMax:128.0]]
[2023.04.16-11.48.18:362][  0]LogConfig: Setting CVar [[r.SkyAtmosphere.SampleCountMin:4.0]]
[2023.04.16-11.48.18:362][  0]LogConfig: Setting CVar [[r.SkyAtmosphere.SampleCountMax:128.0]]
[2023.04.16-11.48.18:362][  0]LogConfig: Setting CVar [[r.SkyAtmosphere.TransmittanceLUT.UseSmallFormat:0]]
[2023.04.16-11.48.18:362][  0]LogConfig: Setting CVar [[r.SkyAtmosphere.TransmittanceLUT.SampleCount:10.0]]
[2023.04.16-11.48.18:362][  0]LogConfig: Setting CVar [[r.SkyAtmosphere.MultiScatteringLUT.SampleCount:15.0]]
[2023.04.16-11.48.18:362][  0]LogConfig: Setting CVar [[r.SkyLight.RealTimeReflectionCapture:1]]
[2023.04.16-11.48.18:362][  0]LogConfig: Applying CVar settings from Section [FoliageQuality@3] File [C:/Users/danie/Documents/Gamedev VR/game/UE4 game/fpsgame/Saved/Config/Windows/Scalability.ini]
[2023.04.16-11.48.18:362][  0]LogConfig: Setting CVar [[foliage.DensityScale:1.0]]
[2023.04.16-11.48.18:362][  0]LogConfig: Setting CVar [[grass.DensityScale:1.0]]
[2023.04.16-11.48.18:362][  0]LogConfig: Applying CVar settings from Section [ShadingQuality@3] File [C:/Users/danie/Documents/Gamedev VR/game/UE4 game/fpsgame/Saved/Config/Windows/Scalability.ini]
[2023.04.16-11.48.18:362][  0]LogConfig: Setting CVar [[r.HairStrands.SkyLighting.IntegrationType:2]]
[2023.04.16-11.48.18:362][  0]LogConfig: Setting CVar [[r.HairStrands.SkyAO.SampleCount:4]]
[2023.04.16-11.48.18:362][  0]LogConfig: Setting CVar [[r.HairStrands.Visibility.MSAA.SamplePerPixel:4]]
[2023.04.16-11.48.18:362][  0]LogInit: Selected Device Profile: [Windows]
[2023.04.16-11.48.18:362][  0]LogInit: Applying CVar settings loaded from the selected device profile: [Windows]
[2023.04.16-11.48.18:362][  0]LogHAL: Display: Platform has ~ 16 GB [17128247296 / 17179869184 / 16], which maps to Larger [LargestMinGB=32, LargerMinGB=12, DefaultMinGB=8, SmallerMinGB=6, SmallestMinGB=0)
[2023.04.16-11.48.18:362][  0]LogInit: Going up to parent DeviceProfile []
[2023.04.16-11.48.18:362][  0]LogConfig: Applying CVar settings from Section [ViewDistanceQuality@3] File [C:/Users/danie/Documents/Gamedev VR/game/UE4 game/fpsgame/Saved/Config/Windows/Scalability.ini]
[2023.04.16-11.48.18:362][  0]LogConfig: Setting CVar [[r.SkeletalMeshLODBias:0]]
[2023.04.16-11.48.18:362][  0]LogConfig: Setting CVar [[r.ViewDistanceScale:1.0]]
[2023.04.16-11.48.18:362][  0]LogConfig: Applying CVar settings from Section [AntiAliasingQuality@3] File [C:/Users/danie/Documents/Gamedev VR/game/UE4 game/fpsgame/Saved/Config/Windows/Scalability.ini]
[2023.04.16-11.48.18:363][  0]LogConfig: Setting CVar [[r.PostProcessAAQuality:4]]
[2023.04.16-11.48.18:363][  0]LogConfig: Applying CVar settings from Section [ShadowQuality@3] File [C:/Users/danie/Documents/Gamedev VR/game/UE4 game/fpsgame/Saved/Config/Windows/Scalability.ini]
[2023.04.16-11.48.18:363][  0]LogConfig: Setting CVar [[r.LightFunctionQuality:1]]
[2023.04.16-11.48.18:363][  0]LogConfig: Setting CVar [[r.ShadowQuality:5]]
[2023.04.16-11.48.18:363][  0]LogConfig: Setting CVar [[r.Shadow.CSM.MaxCascades:10]]
[2023.04.16-11.48.18:363][  0]LogConfig: Setting CVar [[r.Shadow.MaxResolution:2048]]
[2023.04.16-11.48.18:363][  0]LogConfig: Setting CVar [[r.Shadow.MaxCSMResolution:2048]]
[2023.04.16-11.48.18:363][  0]LogConfig: Setting CVar [[r.Shadow.RadiusThreshold:0.01]]
[2023.04.16-11.48.18:363][  0]LogConfig: Setting CVar [[r.Shadow.DistanceScale:1.0]]
[2023.04.16-11.48.18:363][  0]LogConfig: Setting CVar [[r.Shadow.CSM.TransitionScale:1.0]]
[2023.04.16-11.48.18:363][  0]LogConfig: Setting CVar [[r.Shadow.PreShadowResolutionFactor:1.0]]
[2023.04.16-11.48.18:363][  0]LogConfig: Setting CVar [[r.DistanceFieldShadowing:1]]
[2023.04.16-11.48.18:363][  0]LogConfig: Setting CVar [[r.DistanceFieldAO:1]]
[2023.04.16-11.48.18:363][  0]LogConfig: Setting CVar [[r.AOQuality:2]]
[2023.04.16-11.48.18:363][  0]LogConfig: Setting CVar [[r.VolumetricFog:1]]
[2023.04.16-11.48.18:363][  0]LogConfig: Setting CVar [[r.VolumetricFog.GridPixelSize:8]]
[2023.04.16-11.48.18:363][  0]LogConfig: Setting CVar [[r.VolumetricFog.GridSizeZ:128]]
[2023.04.16-11.48.18:363][  0]LogConfig: Setting CVar [[r.VolumetricFog.HistoryMissSupersampleCount:4]]
[2023.04.16-11.48.18:363][  0]LogConfig: Setting CVar [[r.LightMaxDrawDistanceScale:1]]
[2023.04.16-11.48.18:363][  0]LogConfig: Setting CVar [[r.CapsuleShadows:1]]
[2023.04.16-11.48.18:363][  0]LogConfig: Applying CVar settings from Section [PostProcessQuality@3] File [C:/Users/danie/Documents/Gamedev VR/game/UE4 game/fpsgame/Saved/Config/Windows/Scalability.ini]
[2023.04.16-11.48.18:363][  0]LogConfig: Setting CVar [[r.MotionBlurQuality:4]]
[2023.04.16-11.48.18:363][  0]LogConfig: Setting CVar [[r.AmbientOcclusionMipLevelFactor:0.4]]
[2023.04.16-11.48.18:363][  0]LogConfig: Setting CVar [[r.AmbientOcclusionMaxQuality:100]]
[2023.04.16-11.48.18:363][  0]LogConfig: Setting CVar [[r.AmbientOcclusionLevels:-1]]
[2023.04.16-11.48.18:363][  0]LogConfig: Setting CVar [[r.AmbientOcclusionRadiusScale:1.0]]
[2023.04.16-11.48.18:363][  0]LogConfig: Setting CVar [[r.DepthOfFieldQuality:2]]
[2023.04.16-11.48.18:363][  0]LogConfig: Setting CVar [[r.RenderTargetPoolMin:400]]
[2023.04.16-11.48.18:363][  0]LogConfig: Setting CVar [[r.LensFlareQuality:2]]
[2023.04.16-11.48.18:363][  0]LogConfig: Setting CVar [[r.SceneColorFringeQuality:1]]
[2023.04.16-11.48.18:363][  0]LogConfig: Setting CVar [[r.EyeAdaptationQuality:2]]
[2023.04.16-11.48.18:363][  0]LogConfig: Setting CVar [[r.BloomQuality:5]]
[2023.04.16-11.48.18:363][  0]LogConfig: Setting CVar [[r.FastBlurThreshold:100]]
[2023.04.16-11.48.18:363][  0]LogConfig: Setting CVar [[r.Upscale.Quality:3]]
[2023.04.16-11.48.18:363][  0]LogConfig: Setting CVar [[r.Tonemapper.GrainQuantization:1]]
[2023.04.16-11.48.18:363][  0]LogConfig: Setting CVar [[r.LightShaftQuality:1]]
[2023.04.16-11.48.18:363][  0]LogConfig: Setting CVar [[r.Filter.SizeScale:1]]
[2023.04.16-11.48.18:363][  0]LogConfig: Setting CVar [[r.Tonemapper.Quality:5]]
[2023.04.16-11.48.18:363][  0]LogConfig: Setting CVar [[r.DOF.Gather.AccumulatorQuality:1        ; higher gathering accumulator quality]]
[2023.04.16-11.48.18:363][  0]LogConfig: Setting CVar [[r.DOF.Gather.PostfilterMethod:1          ; Median3x3 postfilering method]]
[2023.04.16-11.48.18:363][  0]LogConfig: Setting CVar [[r.DOF.Gather.EnableBokehSettings:0       ; no bokeh simulation when gathering]]
[2023.04.16-11.48.18:363][  0]LogConfig: Setting CVar [[r.DOF.Gather.RingCount:4                 ; medium number of samples when gathering]]
[2023.04.16-11.48.18:363][  0]LogConfig: Setting CVar [[r.DOF.Scatter.ForegroundCompositing:1    ; additive foreground scattering]]
[2023.04.16-11.48.18:363][  0]LogConfig: Setting CVar [[r.DOF.Scatter.BackgroundCompositing:2    ; additive background scattering]]
[2023.04.16-11.48.18:363][  0]LogConfig: Setting CVar [[r.DOF.Scatter.EnableBokehSettings:1      ; bokeh simulation when scattering]]
[2023.04.16-11.48.18:363][  0]LogConfig: Setting CVar [[r.DOF.Scatter.MaxSpriteRatio:0.1         ; only a maximum of 10% of scattered bokeh]]
[2023.04.16-11.48.18:363][  0]LogConfig: Setting CVar [[r.DOF.Recombine.Quality:1                ; cheap slight out of focus]]
[2023.04.16-11.48.18:363][  0]LogConfig: Setting CVar [[r.DOF.Recombine.EnableBokehSettings:0    ; no bokeh simulation on slight out of focus]]
[2023.04.16-11.48.18:363][  0]LogConfig: Setting CVar [[r.DOF.TemporalAAQuality:1                ; more stable temporal accumulation]]
[2023.04.16-11.48.18:363][  0]LogConfig: Setting CVar [[r.DOF.Kernel.MaxForegroundRadius:0.025]]
[2023.04.16-11.48.18:363][  0]LogConfig: Setting CVar [[r.DOF.Kernel.MaxBackgroundRadius:0.025]]
[2023.04.16-11.48.18:363][  0]LogConfig: Applying CVar settings from Section [TextureQuality@3] File [C:/Users/danie/Documents/Gamedev VR/game/UE4 game/fpsgame/Saved/Config/Windows/Scalability.ini]
[2023.04.16-11.48.18:363][  0]LogConfig: Setting CVar [[r.Streaming.MipBias:0]]
[2023.04.16-11.48.18:363][  0]LogConfig: Setting CVar [[r.Streaming.AmortizeCPUToGPUCopy:0]]
[2023.04.16-11.48.18:363][  0]LogConfig: Setting CVar [[r.Streaming.MaxNumTexturesToStreamPerFrame:0]]
[2023.04.16-11.48.18:363][  0]LogConfig: Setting CVar [[r.Streaming.Boost:1]]
[2023.04.16-11.48.18:363][  0]LogConfig: Setting CVar [[r.MaxAnisotropy:8]]
[2023.04.16-11.48.18:363][  0]LogConfig: Setting CVar [[r.VT.MaxAnisotropy:8]]
[2023.04.16-11.48.18:363][  0]LogConfig: Setting CVar [[r.Streaming.LimitPoolSizeToVRAM:0]]
[2023.04.16-11.48.18:363][  0]LogConfig: Setting CVar [[r.Streaming.PoolSize:1000]]
[2023.04.16-11.48.18:363][  0]LogConfig: Setting CVar [[r.Streaming.MaxEffectiveScreenSize:0]]
[2023.04.16-11.48.18:363][  0]LogConfig: Applying CVar settings from Section [EffectsQuality@3] File [C:/Users/danie/Documents/Gamedev VR/game/UE4 game/fpsgame/Saved/Config/Windows/Scalability.ini]
[2023.04.16-11.48.18:363][  0]LogConfig: Setting CVar [[r.TranslucencyLightingVolumeDim:64]]
[2023.04.16-11.48.18:363][  0]LogConfig: Setting CVar [[r.RefractionQuality:2]]
[2023.04.16-11.48.18:363][  0]LogConfig: Setting CVar [[r.SSR.Quality:3]]
[2023.04.16-11.48.18:363][  0]LogConfig: Setting CVar [[r.SSR.HalfResSceneColor:0]]
[2023.04.16-11.48.18:363][  0]LogConfig: Setting CVar [[r.SceneColorFormat:4]]
[2023.04.16-11.48.18:363][  0]LogConfig: Setting CVar [[r.DetailMode:2]]
[2023.04.16-11.48.18:363][  0]LogConfig: Setting CVar [[r.TranslucencyVolumeBlur:1]]
[2023.04.16-11.48.18:363][  0]LogConfig: Setting CVar [[r.MaterialQualityLevel:1 ; High quality]]
[2023.04.16-11.48.18:363][  0]LogConfig: Setting CVar [[r.AnisotropicMaterials:1]]
[2023.04.16-11.48.18:363][  0]LogConfig: Setting CVar [[r.SSS.Scale:1]]
[2023.04.16-11.48.18:363][  0]LogConfig: Setting CVar [[r.SSS.SampleSet:2]]
[2023.04.16-11.48.18:363][  0]LogConfig: Setting CVar [[r.SSS.Quality:1]]
[2023.04.16-11.48.18:363][  0]LogConfig: Setting CVar [[r.SSS.HalfRes:0]]
[2023.04.16-11.48.18:363][  0]LogConfig: Setting CVar [[r.SSGI.Quality:3]]
[2023.04.16-11.48.18:363][  0]LogConfig: Setting CVar [[r.EmitterSpawnRateScale:1.0]]
[2023.04.16-11.48.18:363][  0]LogConfig: Setting CVar [[r.ParticleLightQuality:2]]
[2023.04.16-11.48.18:363][  0]LogConfig: Setting CVar [[r.SkyAtmosphere.AerialPerspectiveLUT.FastApplyOnOpaque:1 ; Always have FastSkyLUT 1 in this case to avoid wrong sky]]
[2023.04.16-11.48.18:363][  0]LogConfig: Setting CVar [[r.SkyAtmosphere.AerialPerspectiveLUT.SampleCountMaxPerSlice:4]]
[2023.04.16-11.48.18:363][  0]LogConfig: Setting CVar [[r.SkyAtmosphere.AerialPerspectiveLUT.DepthResolution:16.0]]
[2023.04.16-11.48.18:363][  0]LogConfig: Setting CVar [[r.SkyAtmosphere.FastSkyLUT:1]]
[2023.04.16-11.48.18:363][  0]LogConfig: Setting CVar [[r.SkyAtmosphere.FastSkyLUT.SampleCountMin:4.0]]
[2023.04.16-11.48.18:363][  0]LogConfig: Setting CVar [[r.SkyAtmosphere.FastSkyLUT.SampleCountMax:128.0]]
[2023.04.16-11.48.18:363][  0]LogConfig: Setting CVar [[r.SkyAtmosphere.SampleCountMin:4.0]]
[2023.04.16-11.48.18:363][  0]LogConfig: Setting CVar [[r.SkyAtmosphere.SampleCountMax:128.0]]
[2023.04.16-11.48.18:363][  0]LogConfig: Setting CVar [[r.SkyAtmosphere.TransmittanceLUT.UseSmallFormat:0]]
[2023.04.16-11.48.18:363][  0]LogConfig: Setting CVar [[r.SkyAtmosphere.TransmittanceLUT.SampleCount:10.0]]
[2023.04.16-11.48.18:363][  0]LogConfig: Setting CVar [[r.SkyAtmosphere.MultiScatteringLUT.SampleCount:15.0]]
[2023.04.16-11.48.18:363][  0]LogConfig: Setting CVar [[r.SkyLight.RealTimeReflectionCapture:1]]
[2023.04.16-11.48.18:363][  0]LogConfig: Applying CVar settings from Section [FoliageQuality@3] File [C:/Users/danie/Documents/Gamedev VR/game/UE4 game/fpsgame/Saved/Config/Windows/Scalability.ini]
[2023.04.16-11.48.18:363][  0]LogConfig: Setting CVar [[foliage.DensityScale:1.0]]
[2023.04.16-11.48.18:363][  0]LogConfig: Setting CVar [[grass.DensityScale:1.0]]
[2023.04.16-11.48.18:363][  0]LogConfig: Applying CVar settings from Section [ShadingQuality@3] File [C:/Users/danie/Documents/Gamedev VR/game/UE4 game/fpsgame/Saved/Config/Windows/Scalability.ini]
[2023.04.16-11.48.18:363][  0]LogConfig: Setting CVar [[r.HairStrands.SkyLighting.IntegrationType:2]]
[2023.04.16-11.48.18:363][  0]LogConfig: Setting CVar [[r.HairStrands.SkyAO.SampleCount:4]]
[2023.04.16-11.48.18:363][  0]LogConfig: Setting CVar [[r.HairStrands.Visibility.MSAA.SamplePerPixel:4]]
[2023.04.16-11.48.18:363][  0]LogConfig: Applying CVar settings from Section [Startup] File [../../../Engine/Config/ConsoleVariables.ini]
[2023.04.16-11.48.18:364][  0]LogConfig: Setting CVar [[net.UseAdaptiveNetUpdateFrequency:0]]
[2023.04.16-11.48.18:364][  0]LogConfig: Setting CVar [[p.chaos.AllowCreatePhysxBodies:1]]
[2023.04.16-11.48.18:364][  0]LogConfig: Setting CVar [[fx.SkipVectorVMBackendOptimizations:1]]
[2023.04.16-11.48.18:364][  0]LogConfig: Applying CVar settings from Section [ConsoleVariables] File [C:/Users/danie/Documents/Gamedev VR/game/UE4 game/fpsgame/Saved/Config/Windows/Engine.ini]
[2023.04.16-11.48.18:364][  0]LogConfig: Applying CVar settings from Section [ConsoleVariables] File [C:/Users/danie/Documents/Gamedev VR/game/UE4 game/fpsgame/Saved/Config/Windows/Editor.ini]
[2023.04.16-11.48.18:364][  0]LogInit: Computer: DESKTOP-QG36584
[2023.04.16-11.48.18:364][  0]LogInit: User: danie
[2023.04.16-11.48.18:364][  0]LogInit: CPU Page size=4096, Cores=6
[2023.04.16-11.48.18:364][  0]LogInit: High frequency timer resolution =10.000000 MHz
[2023.04.16-11.48.18:364][  0]LogMemory: Memory total: Physical=16.0GB (16GB approx)
[2023.04.16-11.48.18:364][  0]LogMemory: Platform Memory Stats for Windows
[2023.04.16-11.48.18:364][  0]LogMemory: Process Physical Memory: 144.12 MB used, 144.12 MB peak
[2023.04.16-11.48.18:364][  0]LogMemory: Process Virtual Memory: 125.95 MB used, 125.95 MB peak
[2023.04.16-11.48.18:364][  0]LogMemory: Physical Memory: 10858.98 MB used,  5475.79 MB free, 16334.77 MB total
[2023.04.16-11.48.18:364][  0]LogMemory: Virtual Memory: 134212992.00 MB used,  4738.29 MB free, 134217728.00 MB total
[2023.04.16-11.48.18:368][  0]LogWindows: WindowsPlatformFeatures enabled
[2023.04.16-11.48.18:391][  0]LogInit: Physics initialised using underlying interface: PhysX
[2023.04.16-11.48.18:391][  0]LogInit: Using OS detected language (en-US).
[2023.04.16-11.48.18:391][  0]LogInit: Using OS detected locale (en-GB).
[2023.04.16-11.48.18:394][  0]LogTextLocalizationManager: No specific localization for 'en-US' exists, so the 'en' localization will be used.
[2023.04.16-11.48.18:566][  0]LogWindowsTextInputMethodSystem: Display: IME system deactivated.
[2023.04.16-11.48.18:594][  0]LogSlate: New Slate User Created.  User Index 0, Is Virtual User: 0
[2023.04.16-11.48.18:594][  0]LogSlate: Slate User Registered.  User Index 0, Is Virtual User: 0
[2023.04.16-11.48.18:611][  0]LogD3D11RHI: Loaded GFSDK_Aftermath_Lib.x64.dll
[2023.04.16-11.48.18:613][  0]LogHMD: Failed to initialize OpenVR with code 110
[2023.04.16-11.48.18:613][  0]LogD3D11RHI: D3D11 min allowed feature level: 11_0
[2023.04.16-11.48.18:613][  0]LogD3D11RHI: D3D11 max allowed feature level: 11_0
[2023.04.16-11.48.18:613][  0]LogD3D11RHI: D3D11 adapters:
[2023.04.16-11.48.18:648][  0]LogD3D11RHI:    0. 'AMD Radeon RX 5700 XT' (Feature Level 11_0)
[2023.04.16-11.48.18:648][  0]LogD3D11RHI:       8151/0/8167 MB DedicatedVideo/DedicatedSystem/SharedSystem, Outputs:2, VendorId:0x1002
[2023.04.16-11.48.18:650][  0]LogD3D11RHI:    1. 'Microsoft Basic Render Driver' (Feature Level 11_0)
[2023.04.16-11.48.18:650][  0]LogD3D11RHI:       0/0/8167 MB DedicatedVideo/DedicatedSystem/SharedSystem, Outputs:0, VendorId:0x1414
[2023.04.16-11.48.18:650][  0]LogD3D11RHI: Chosen D3D11 Adapter:
[2023.04.16-11.48.18:650][  0]LogD3D11RHI:     Description : AMD Radeon RX 5700 XT
[2023.04.16-11.48.18:650][  0]LogD3D11RHI:     VendorId    : 1002
[2023.04.16-11.48.18:650][  0]LogD3D11RHI:     DeviceId    : 731f
[2023.04.16-11.48.18:650][  0]LogD3D11RHI:     SubSysId    : 23131458
[2023.04.16-11.48.18:650][  0]LogD3D11RHI:     Revision    : 00c1
[2023.04.16-11.48.18:650][  0]LogD3D11RHI:     DedicatedVideoMemory : 8547471360 bytes
[2023.04.16-11.48.18:650][  0]LogD3D11RHI:     DedicatedSystemMemory : 0 bytes
[2023.04.16-11.48.18:650][  0]LogD3D11RHI:     SharedSystemMemory : 8564123648 bytes
[2023.04.16-11.48.18:650][  0]LogD3D11RHI:     AdapterLuid : 0 54437
[2023.04.16-11.48.18:659][  0]LogD3D11RHI: Creating new Direct3DDevice
[2023.04.16-11.48.18:659][  0]LogD3D11RHI:     GPU DeviceId: 0x731f (for the marketing name, search the web for "GPU Device Id")
[2023.04.16-11.48.18:659][  0]LogWindows: EnumDisplayDevices:
[2023.04.16-11.48.18:659][  0]LogWindows:    0. 'AMD Radeon RX 5700 XT' (P:1 D:1)
[2023.04.16-11.48.18:660][  0]LogWindows:    1. 'AMD Radeon RX 5700 XT' (P:0 D:1)
[2023.04.16-11.48.18:660][  0]LogWindows:    2. 'AMD Radeon RX 5700 XT' (P:0 D:0)
[2023.04.16-11.48.18:660][  0]LogWindows:    3. 'AMD Radeon RX 5700 XT' (P:0 D:0)
[2023.04.16-11.48.18:660][  0]LogWindows:    4. 'AMD Radeon RX 5700 XT' (P:0 D:0)
[2023.04.16-11.48.18:661][  0]LogWindows:    5. 'AMD Radeon RX 5700 XT' (P:0 D:0)
[2023.04.16-11.48.18:661][  0]LogWindows:    6. 'AMD Radeon RX 5700 XT' (P:0 D:0)
[2023.04.16-11.48.18:661][  0]LogWindows: DebugString: FoundDriverCount:7 
[2023.04.16-11.48.18:661][  0]LogD3D11RHI:     Adapter Name: AMD Radeon RX 5700 XT
[2023.04.16-11.48.18:661][  0]LogD3D11RHI:   Driver Version: AMD Software: Adrenalin Edition 22.11.2 (internal:31.0.12029.10015, unified:31.0.12029.10015)
[2023.04.16-11.48.18:661][  0]LogD3D11RHI:      Driver Date: 11-30-2022
[2023.04.16-11.48.18:661][  0]LogRHI: Texture pool is 5168 MB (70% of 7383 MB)
[2023.04.16-11.48.18:695][  0]LogD3D11RHI: Creating D3DDevice with AMD AGS, using adapter:
[2023.04.16-11.48.18:695][  0]LogD3D11RHI:     Description : AMD Radeon RX 5700 XT
[2023.04.16-11.48.18:695][  0]LogD3D11RHI:     VendorId    : 1002
[2023.04.16-11.48.18:695][  0]LogD3D11RHI:     DeviceId    : 731f
[2023.04.16-11.48.18:695][  0]LogD3D11RHI:     SubSysId    : 23131458
[2023.04.16-11.48.18:695][  0]LogD3D11RHI:     Revision    : 00c1
[2023.04.16-11.48.18:695][  0]LogD3D11RHI:     DedicatedVideoMemory : 8547471360 bytes
[2023.04.16-11.48.18:695][  0]LogD3D11RHI:     DedicatedSystemMemory : 0 bytes
[2023.04.16-11.48.18:695][  0]LogD3D11RHI:     SharedSystemMemory : 8564123648 bytes
[2023.04.16-11.48.18:695][  0]LogD3D11RHI:     AdapterLuid : 0 54437
[2023.04.16-11.48.18:726][  0]LogD3D11RHI: Created device via AGS, feature level 11_0, supported extensions 1fffffbf.
[2023.04.16-11.48.18:726][  0]LogD3D11RHI: RHI has support for 64 bit atomics
[2023.04.16-11.48.18:726][  0]LogD3D11RHI: Async texture creation enabled
[2023.04.16-11.48.18:726][  0]LogD3D11RHI: Array index from any shader is supported
[2023.04.16-11.48.18:738][  0]LogD3D11RHI: GPU Timing Frequency: 100.000000 (Debug: 2 1)
[2023.04.16-11.48.18:995][  0]LogTargetPlatformManager: Display: Loaded TargetPlatform 'WindowsNoEditor'
[2023.04.16-11.48.18:999][  0]LogTargetPlatformManager: Display: Loaded TargetPlatform 'Windows'
[2023.04.16-11.48.19:004][  0]LogTargetPlatformManager: Display: Loaded TargetPlatform 'WindowsClient'
[2023.04.16-11.48.19:008][  0]LogTargetPlatformManager: Display: Loaded TargetPlatform 'WindowsServer'
[2023.04.16-11.48.19:008][  0]LogTargetPlatformManager: Display: Building Assets For Windows
[2023.04.16-11.48.19:014][  0]LogAudioDebug: Display: Lib vorbis DLL was dynamically loaded.
[2023.04.16-11.48.19:044][  0]LogTextureFormatOodle: Display: Oodle Texture 2.9.0 init RDO Off
[2023.04.16-11.48.19:071][  0]LogRendererCore: Ray tracing is disabled. Reason: r.RayTracing=0.
[2023.04.16-11.48.19:072][  0]LogShaderCompilers: Guid format shader working directory is -26 characters bigger than the processId version (../../../../../../Users/danie/Documents/Gamedev VR/game/UE4 game/fpsgame/Intermediate/Shaders/WorkingDirectory/9040/).
[2023.04.16-11.48.19:072][  0]LogShaderCompilers: Cleaned the shader compiler working directory 'C:/Users/danie/AppData/Local/Temp/UnrealShaderWorkingDir/0278464B48D7F9700A3F14A60826B1E1/'.
[2023.04.16-11.48.19:072][  0]LogXGEController: Cannot use XGE Controller as Incredibuild is not installed on this machine.
[2023.04.16-11.48.19:072][  0]LogShaderCompilers: Cannot use XGE Shader Compiler as Incredibuild is not installed on this machine.
[2023.04.16-11.48.19:072][  0]LogShaderCompilers: Display: Using Local Shader Compiler.
[2023.04.16-11.48.19:723][  0]LogDerivedDataCache: Display: Max Cache Size: 512 MB
[2023.04.16-11.48.19:774][  0]LogDerivedDataCache: Loaded boot cache 0.05s 94MB C:/Users/danie/AppData/Local/UnrealEngine/4.27/DerivedDataCache/Boot.ddc.
[2023.04.16-11.48.19:774][  0]LogDerivedDataCache: Display: Loaded Boot cache: C:/Users/danie/AppData/Local/UnrealEngine/4.27/DerivedDataCache/Boot.ddc
[2023.04.16-11.48.19:774][  0]LogDerivedDataCache: FDerivedDataBackendGraph:  Pak pak cache file ../../../../../../Users/danie/Documents/Gamedev VR/game/UE4 game/fpsgame/DerivedDataCache/DDC.ddp not found, will not use a pak cache.
[2023.04.16-11.48.19:774][  0]LogDerivedDataCache: Unable to find inner node Pak for hierarchical cache Hierarchy.
[2023.04.16-11.48.19:774][  0]LogDerivedDataCache: FDerivedDataBackendGraph:  CompressedPak pak cache file ../../../../../../Users/danie/Documents/Gamedev VR/game/UE4 game/fpsgame/DerivedDataCache/Compressed.ddp not found, will not use a pak cache.
[2023.04.16-11.48.19:774][  0]LogDerivedDataCache: Unable to find inner node CompressedPak for hierarchical cache Hierarchy.
[2023.04.16-11.48.19:791][  0]LogDerivedDataCache: Display: Pak cache opened for reading ../../../Engine/DerivedDataCache/Compressed.ddp.
[2023.04.16-11.48.19:792][  0]LogDerivedDataCache: FDerivedDataBackendGraph:  EnterprisePak pak cache file ../../../Enterprise/DerivedDataCache/Compressed.ddp not found, will not use a pak cache.
[2023.04.16-11.48.19:792][  0]LogDerivedDataCache: Unable to find inner node EnterprisePak for hierarchical cache Hierarchy.
[2023.04.16-11.48.19:798][  0]LogDerivedDataCache: Speed tests for C:/Users/danie/AppData/Local/UnrealEngine/Common/DerivedDataCache took 0.01 seconds
[2023.04.16-11.48.19:798][  0]LogDerivedDataCache: Display: Performance to C:/Users/danie/AppData/Local/UnrealEngine/Common/DerivedDataCache: Latency=0.03ms. RandomReadSpeed=1177.86MBs, RandomWriteSpeed=182.80MBs. Assigned SpeedClass 'Local'
[2023.04.16-11.48.19:799][  0]LogDerivedDataCache: Using Local data cache path C:/Users/danie/AppData/Local/UnrealEngine/Common/DerivedDataCache: Writable
[2023.04.16-11.48.19:799][  0]LogDerivedDataCache: Shared data cache path not found in *engine.ini, will not use an Shared cache.
[2023.04.16-11.48.19:799][  0]LogDerivedDataCache: Unable to find inner node Shared for hierarchical cache Hierarchy.
[2023.04.16-11.48.19:842][  0]LogSlate: Using FreeType 2.10.0
[2023.04.16-11.48.19:843][  0]LogSlate: SlateFontServices - WITH_FREETYPE: 1, WITH_HARFBUZZ: 1
[2023.04.16-11.48.19:916][  0]LogInit: Using OS detected language (en-US).
[2023.04.16-11.48.19:916][  0]LogInit: Using OS detected locale (en-GB).
[2023.04.16-11.48.19:917][  0]LogTextLocalizationManager: No localization for 'en-US' exists, so 'en' will be used for the language.
[2023.04.16-11.48.19:917][  0]LogTextLocalizationManager: No localization for 'en-GB' exists, so 'en' will be used for the locale.
[2023.04.16-11.48.19:917][  0]LogSlate: FontCache flush requested. Reason: Culture for localization was changed
[2023.04.16-11.48.19:917][  0]LogSlate: FontCache flush requested. Reason: Culture for localization was changed
[2023.04.16-11.48.19:919][  0]LogTextLocalizationManager: Compacting localization data took   0.01ms
[2023.04.16-11.48.19:919][  0]LogAssetRegistry: FAssetRegistry took 0.0015 seconds to start up
[2023.04.16-11.48.20:084][  0]LogPackageLocalizationCache: Processed 27 localized package path(s) for 1 prioritized culture(s) in 0.001315 seconds
[2023.04.16-11.48.20:157][  0]LogInit: Selected Device Profile: [Windows]
[2023.04.16-11.48.20:157][  0]LogInit: Active device profile: [00000151BF48BE00][00000151B573A780 49] Windows
[2023.04.16-11.48.20:157][  0]LogInit: Profiles: [00000151BF48BE00][00000151B573A780 49] Windows, [00000151BF484300][00000151B5742900 49] WindowsNoEditor, [00000151BF488300][00000151B9A78A80 49] WindowsServer, [00000151BF485C00][00000151B9A7CC00 49] WindowsClient, [00000151BF489A00][00000151B9A80D80 49] IOS, [00000151BF484E00][00000151B9A84F00 49] iPadAir, [00000151BF488D00][00000151B9A89080 49] iPadAir2, [00000151BF450400][00000151B9A91340 49] IPadPro, [00000151BF450500][00000151B9A8D380 49] iPadAir3, [00000151BF488500][00000151B9A95500 49] iPadAir4, [00000151BF453A00][00000151B9A99680 49] iPadMini2, [00000151BF488700][00000151B9A9D800 49] iPadMini3, [00000151BF451400][00000151B573F940 49] iPadMini4, [00000151BF48BC00][00000151B9AA1A80 49] iPadMini5, [00000151BF437C00][00000151B9AA8140 49] iPhone6, [00000151BF437D00][00000151B9AA4180 49] iPodTouch6, [00000151BF453300][00000151B9AB4440 49] iPhone7, [00000151BF453200][00000151B9AB0480 49] iPodTouch7, [00000151BF434800][00000151B9AB8600 49] iPhone5S, [00000151BF452000][00000151B9ABC780 49] iPhone6Plus, [00000151BF437000][00000151B9AC0900 49] iPhone6S, [00000151BF450300][00000151BFB42A80 49] iPhone6SPlus, [00000151BF435100][00000151BFB46C00 49] iPhone7Plus, [00000151BF451600][00000151BFB4AD80 49] iPhoneSE, [00000151BF436700][00000151BFB4EF00 49] iPhone8, [00000151BF451C00][00000151BFB53080 49] iPhone8Plus, [00000151BF437800][00000151BFB57200 49] iPhoneX, [00000151BF453C00][00000151BFB5B380 49] iPhoneXS, [00000151BF434900][00000151BFB5F500 49] iPhoneXSMax, [00000151BF450F00][00000151BFB63680 49] iPhoneXR, [00000151BF436E00][00000151BFB67800 49] iPhone11, [00000151BF451800][00000151BFB6B980 49] iPhone11Pro, [00000151BF435300][00000151B9AADAC0 49] iPhone11ProMax, [00000151BF450200][00000151BFB6FC00 49] iPhoneSE2, [00000151BF437E00][00000151BFB721C0 49] iPhone12Mini, [00000151BF453700][00000151BFB76300 49] iPhone12, [00000151BF436000][00000151BFB7E480 49] iPhone12Pro, [00000151BF453500][00000151BFB82600 49] iPhone12ProMax, [00000151BF435400][00000151BFB86780 49] iPadPro105, [00000151BF452600][00000151BFB8A900 49] iPadPro129, [00000151BF435700][00000151BFB8EA80 49] iPadPro97, [00000151BF451200][00000151BFB92C00 49] iPadPro2_129, [00000151BF434F00][00000151BFB96D80 49] iPad5, [00000151BF452F00][00000151BFB9AF00 49] iPad6, [00000151BF436100][00000151BFB9F080 49] iPad7, [00000151BF450100][00000151BFBA3200 49] iPad8, [00000151BF434500][00000151BFBA7380 49] iPadPro11, [00000151BF451900][00000151BFBAB500 49] iPadPro2_11, [00000151BF436500][00000151BFBAF680 49] iPadPro3_129, [00000151BF451700][00000151BFBB3800 49] iPadPro4_129, [00000151BF434100][00000151BFBB7980 49] AppleTV, [00000151BF452800][00000151BFBBBB00 49] AppleTV4K, [00000151BF436800][00000151BFBBE100 49] TVOS, [00000151BF452100][00000151BFB7A240 49] Mac, [00000151BF435600][00000151BFBC2380 49] MacClient, [00000151BF453600][00000151BFBC64C0 49] MacNoEditor, [00000151BF436A00][00000151BFBCE640 49] MacServer, [00000151BF451E00][00000151BFBD27C0 49] Linux, [00000151BF434400][00000151BFBD6940 49] LinuxAArch64, [00000151BF450800][00000151BFBDAAC0 49] LinuxNoEditor, [00000151BF435200][00000151BFBDEC40 49] LinuxAArch64NoEditor, [00000151BF452700][00000151BFBE2DC0 49] LinuxClient, [00000151BF437100][00000151BFBE6F40 49] LinuxAArch64Client, [00000151BF453F00][00000151BFBEB0C0 49] LinuxServer, [00000151BF434B00][00000151BFBEF240 49] LinuxAArch64Server, [00000151BF520500][00000151BFBF33C0 49] Android, [00000151BF487A00][00000151BFBF7540 49] Android_Low, [00000151BF520600][00000151BFBFB6C0 49] Android_Mid, [00000151BF484500][00000151BFBFF840 49] Android_High, [00000151BF523000][00000151BFC039C0 49] Android_Default, [00000151BF485D00][00000151BFC07B40 49] Android_Adreno4xx, [00000151BF520300][00000151BFC0A140 49] Android_Adreno5xx_Low, [00000151BF486900][00000151BFC0E2C0 49] Android_Adreno5xx, [00000151BF521600][00000151BFBCA400 49] Android_Adreno6xx, [00000151BF487200][00000151BFC12540 49] Android_Adreno6xx_Vulkan, [00000151BF522600][00000151BFC16680 49] Android_Mali_T6xx, [00000151BF487100][00000151BFC1A7C0 49] Android_Mali_T7xx, [00000151BF521E00][00000151BFC22940 49] Android_Mali_T8xx, [00000151BF485600][00000151BFC26AC0 49] Android_Mali_G71, [00000151BF522800][00000151BFC2AC40 49] Android_Mali_G72, [00000151BF485000][00000151BFC2EDC0 49] Android_Mali_G72_Vulkan, [00000151BF522F00][00000151BFC32F40 49] Android_Mali_G76, [00000151BF485900][00000151BFC370C0 49] Android_Mali_G76_Vulkan, [00000151BF522500][00000151BFC3B240 49] Android_Mali_G77, [00000151BF487700][00000151BFC3F3C0 49] Android_Mali_G77_Vulkan, [00000151BF522E00][00000151BFC43540 49] Android_Mali_G78, [00000151BF487500][00000151BFC476C0 49] Android_Mali_G78_Vulkan, [00000151BF520F00][00000151BFC4B840 49] Android_Mali_G710, [00000151BF487400][00000151BFC4F9C0 49] Android_Mali_G710_Vulkan, [00000151BF520400][00000151BFC53B40 49] Android_Vulkan_SM5, [00000151BF487E00][00000151BFC56140 49] Android_PowerVR_G6xxx, [00000151BF522900][00000151BFC5A2C0 49] Android_PowerVR_GT7xxx, [00000151BF452C00][00000151BFC5E440 49] Android_PowerVR_GE8xxx, [00000151BF522D00][00000151BFC1E580 49] Android_PowerVR_GM9xxx, [00000151BF452200][00000151BFC626C0 49] Android_PowerVR_GM9xxx_Vulkan, [00000151BF520E00][00000151BFC66800 49] Android_TegraK1, [00000151BF452300][00000151BFC6A940 49] Android_Unknown_Vulkan, [00000151BF521D00][00000151BFC72AC0 49] Lumin, [00000151BF452D00][00000151BFC76C40 49] Lumin_Desktop, [00000151BF522B00][00000151BFC7ADC0 49] HoloLens, 
[2023.04.16-11.48.20:194][  0]LogMeshReduction: Using QuadricMeshReduction for automatic static mesh reduction
[2023.04.16-11.48.20:194][  0]LogMeshReduction: Using SimplygonMeshReduction for automatic skeletal mesh reduction
[2023.04.16-11.48.20:194][  0]LogMeshReduction: Using ProxyLODMeshReduction for automatic mesh merging
[2023.04.16-11.48.20:194][  0]LogMeshReduction: No distributed automatic mesh merging module available
[2023.04.16-11.48.20:194][  0]LogMeshMerging: No distributed automatic mesh merging module available
[2023.04.16-11.48.20:282][  0]LogNetVersion: fpsgame 1.0.0, NetCL: 17155196, EngineNetVer: 17, GameNetVer: 0 (Checksum: 3215450660)
[2023.04.16-11.48.20:499][  0]LogTexture: Default maximum texture size for cubemaps generated from long-lat sources has been changed from 512 to unlimited. In order to preserve old behaiour for '/Engine/MapTemplates/Sky/DaylightAmbientCubemap.DaylightAmbientCubemap', its maximum texture size has been explicitly set to 512.
[2023.04.16-11.48.20:543][  0]LogHMD: PokeAHoleMaterial loaded successfully
[2023.04.16-11.48.20:635][  0]LogMoviePlayer: Initializing movie player
[2023.04.16-11.48.20:815][  0]LogNiagaraDebuggerClient: Niagara Debugger Client Initialized | Session: 05FA560D4BD8E76BCF1843B82FB04311 | Instance: B837B4F642C005D40CCD20B8E5C70F07 (DESKTOP-QG36584-9040).
[2023.04.16-11.48.20:834][  0]LogCollectionManager: Loaded 0 collections in 0.001634 seconds
[2023.04.16-11.48.20:837][  0]LogFileCache: Scanning file cache for directory 'C:/Users/danie/Documents/Gamedev VR/game/UE4 game/fpsgame/Saved/Collections/' took 0.00s
[2023.04.16-11.48.20:837][  0]LogFileCache: Scanning file cache for directory 'C:/Users/danie/Documents/Gamedev VR/game/UE4 game/fpsgame/Content/Developers/danie/Collections/' took 0.00s
[2023.04.16-11.48.20:837][  0]LogFileCache: Scanning file cache for directory 'C:/Users/danie/Documents/Gamedev VR/game/UE4 game/fpsgame/Content/Collections/' took 0.00s
[2023.04.16-11.48.20:837][  0]LogCollectionManager: Fixed up redirectors for 0 collections in 0.000002 seconds (updated 0 objects)
[2023.04.16-11.48.20:857][  0]LogTcpMessaging: Initializing TcpMessaging bridge
[2023.04.16-11.48.20:861][  0]LogUdpMessaging: Initializing bridge on interface 0.0.0.0:0 to multicast group 230.0.0.1:6666.
[2023.04.16-11.48.20:878][  0]LogPython: Using Python 3.7.7
[2023.04.16-11.48.21:309][  0]LogPython: Warning: 'AttachmentType' and 'EAttachmentType' have the same name (AttachmentType) when exposed to Python. Rename one of them using 'ScriptName' meta-data.
[2023.04.16-11.48.21:357][  0]SourceControl: Source control is disabled
[2023.04.16-11.48.21:357][  0]SourceControl: Source control is disabled
[2023.04.16-11.48.21:359][  0]SourceControl: Source control is disabled
[2023.04.16-11.48.21:361][  0]LogUProjectInfo: Found projects:
[2023.04.16-11.48.21:448][  0]LogAndroidPermission: UAndroidPermissionCallbackProxy::GetInstance
[2023.04.16-11.48.21:470][  0]LogAudioCaptureCore: Display: No Audio Capture implementations found. Audio input will be silent.
[2023.04.16-11.48.21:470][  0]LogAudioCaptureCore: Display: No Audio Capture implementations found. Audio input will be silent.
[2023.04.16-11.48.21:504][  0]LogOpenImageDenoise: OIDN starting up
[2023.04.16-11.48.21:540][  0]LogOcInput: OculusInput pre-init called
[2023.04.16-11.48.21:548][  0]LogUObjectArray: 22333 objects as part of root set at end of initial load.
[2023.04.16-11.48.21:548][  0]LogUObjectAllocator: 6062816 out of 0 bytes used by permanent object pool.
[2023.04.16-11.48.21:548][  0]LogUObjectArray: CloseDisregardForGC: 0/0 objects in disregard for GC pool
[2023.04.16-11.48.21:592][  0]LogClass: Display: StructProperty FRewindDataStruct::SnapshotPosition is not initialized properly. Module:fpsgame File:RewindComponent.h
[2023.04.16-11.48.21:592][  0]LogClass: Display: StructProperty FRewindDataStruct::SnapshotRotation is not initialized properly. Module:fpsgame File:RewindComponent.h
[2023.04.16-11.48.21:592][  0]LogClass: Display: StructProperty FRewindDataStruct::SnapshotScale is not initialized properly. Module:fpsgame File:RewindComponent.h
[2023.04.16-11.48.21:592][  0]LogClass: Display: BoolProperty FWeaponRecoil::bHasRecoil is not initialized properly. Module:fpsgame File:WeaponActor.h
[2023.04.16-11.48.21:592][  0]LogClass: Display: BoolProperty FWeaponRecoil::bUsesControlRotationForHipfireRecoil is not initialized properly. Module:fpsgame File:WeaponActor.h
[2023.04.16-11.48.21:593][  0]LogClass: Warning: ObjectProperty FWeaponRecoil::RecoilVectorCurve is not initialized properly. Module:fpsgame File:WeaponActor.h
[2023.04.16-11.48.21:593][  0]LogClass: Display: FloatProperty FWeaponRecoil::RecoveryTime is not initialized properly. Module:fpsgame File:WeaponActor.h
[2023.04.16-11.48.21:593][  0]LogClass: Display: FloatProperty FWeaponStats::MaxRange is not initialized properly. Module:fpsgame File:WeaponActor.h
[2023.04.16-11.48.21:593][  0]LogClass: Display: FloatProperty FWeaponStats::FireRate is not initialized properly. Module:fpsgame File:WeaponActor.h
[2023.04.16-11.48.21:593][  0]LogClass: Display: IntProperty FWeaponStats::CartridgeBullets is not initialized properly. Module:fpsgame File:WeaponActor.h
[2023.04.16-11.48.21:593][  0]LogClass: Display: IntProperty FWeaponStats::BurstNumber is not initialized properly. Module:fpsgame File:WeaponActor.h
[2023.04.16-11.48.21:593][  0]LogClass: Display: FloatProperty FWeaponStats::BurstFireRate is not initialized properly. Module:fpsgame File:WeaponActor.h
[2023.04.16-11.48.21:593][  0]LogClass: Display: IntProperty FWeaponStats::MaxMagSize is not initialized properly. Module:fpsgame File:WeaponActor.h
[2023.04.16-11.48.21:593][  0]LogClass: Display: FloatProperty FWeaponStats::BaseDamageTorso is not initialized properly. Module:fpsgame File:WeaponActor.h
[2023.04.16-11.48.21:593][  0]LogClass: Display: FloatProperty FWeaponStats::BaseDamageHead is not initialized properly. Module:fpsgame File:WeaponActor.h
[2023.04.16-11.48.21:593][  0]LogClass: Display: FloatProperty FWeaponStats::BaseDamageLegs is not initialized properly. Module:fpsgame File:WeaponActor.h
[2023.04.16-11.48.21:593][  0]LogClass: Display: FloatProperty FWeaponStats::BaseHipfireSpreadAngleInDegrees is not initialized properly. Module:fpsgame File:WeaponActor.h
[2023.04.16-11.48.21:593][  0]LogClass: Display: FloatProperty FWeaponStats::BaseMovementSpreadMultiplier is not initialized properly. Module:fpsgame File:WeaponActor.h
[2023.04.16-11.48.21:593][  0]LogClass: Display: EnumProperty FWeaponMetaData::GunModel is not initialized properly. Module:fpsgame File:WeaponActor.h
[2023.04.16-11.48.21:593][  0]LogClass: Display: EnumProperty FWeaponMetaData::WAWeaponType is not initialized properly. Module:fpsgame File:WeaponActor.h
[2023.04.16-11.48.21:593][  0]LogClass: Display: EnumProperty FWeaponMetaData::WAWeaponFireType is not initialized properly. Module:fpsgame File:WeaponActor.h
[2023.04.16-11.48.21:593][  0]LogClass: Display: EnumProperty FWeaponMetaData::WAWeaponHitDetectionType is not initialized properly. Module:fpsgame File:WeaponActor.h
[2023.04.16-11.48.21:593][  0]LogClass: Display: EnumProperty FWeaponMetaData::TypeOfEquip is not initialized properly. Module:fpsgame File:WeaponActor.h
[2023.04.16-11.48.21:593][  0]LogClass: Warning: ObjectProperty FWeaponVisualAssets::GunMesh is not initialized properly. Module:fpsgame File:WeaponActor.h
[2023.04.16-11.48.21:593][  0]LogClass: Warning: ObjectProperty FWeaponVisualAssets::TracerEffect is not initialized properly. Module:fpsgame File:WeaponActor.h
[2023.04.16-11.48.21:593][  0]LogClass: Warning: ObjectProperty FWeaponVisualAssets::MuzzleFlash is not initialized properly. Module:fpsgame File:WeaponActor.h
[2023.04.16-11.48.21:593][  0]LogClass: Display: StructProperty FWeaponPositionalDetails::BasePosition is not initialized properly. Module:fpsgame File:WeaponActor.h
[2023.04.16-11.48.21:593][  0]LogClass: Display: StructProperty FWeaponPositionalDetails::BaseRotation is not initialized properly. Module:fpsgame File:WeaponActor.h
[2023.04.16-11.48.21:593][  0]LogClass: Display: StructProperty FWeaponPositionalDetails::BaseScale is not initialized properly. Module:fpsgame File:WeaponActor.h
[2023.04.16-11.48.21:593][  0]LogClass: Display: StructProperty FWeaponPositionalDetails::TPBaseScale is not initialized properly. Module:fpsgame File:WeaponActor.h
[2023.04.16-11.48.21:593][  0]LogClass: Display: StructProperty FWeaponPositionalDetails::TPBaseRotation is not initialized properly. Module:fpsgame File:WeaponActor.h
[2023.04.16-11.48.21:593][  0]LogClass: Display: StructProperty FWeaponPositionalDetails::TPBasePosition is not initialized properly. Module:fpsgame File:WeaponActor.h
[2023.04.16-11.48.21:593][  0]LogClass: Display: 32 Uninitialized script struct members found including 4 object properties
[2023.04.16-11.48.21:593][  0]LogAutomationTest: Warning: ObjectProperty FWeaponRecoil::RecoilVectorCurve is not initialized properly. Module:fpsgame File:WeaponActor.h
[2023.04.16-11.48.21:593][  0]LogAutomationTest: Warning: ObjectProperty FWeaponVisualAssets::GunMesh is not initialized properly. Module:fpsgame File:WeaponActor.h
[2023.04.16-11.48.21:593][  0]LogAutomationTest: Warning: ObjectProperty FWeaponVisualAssets::TracerEffect is not initialized properly. Module:fpsgame File:WeaponActor.h
[2023.04.16-11.48.21:594][  0]LogAutomationTest: Warning: ObjectProperty FWeaponVisualAssets::MuzzleFlash is not initialized properly. Module:fpsgame File:WeaponActor.h
[2023.04.16-11.48.21:594][  0]LogEngine: Initializing Engine...
[2023.04.16-11.48.21:596][  0]LogHMD: Failed to enumerate extensions. Please check that you have a valid OpenXR runtime installed.
[2023.04.16-11.48.21:596][  0]LogHMD: Failed to initialize OpenVR with code 110
[2023.04.16-11.48.21:596][  0]LogMagicLeap: Warning: VR disabled because ZI is not enabled.  To enable, in the editor, Edit -> Project Settings -> Plugins -> Magic Leap Plugin -> Enable Zero Iteration
[2023.04.16-11.48.21:597][  0]LogStats: UGameplayTagsManager::InitializeManager -  0.000 s
[2023.04.16-11.48.21:671][  0]LogInit: Initializing FReadOnlyCVARCache
[2023.04.16-11.48.21:671][  0]LogAudio: Display: Initializing Audio Device Manager...
[2023.04.16-11.48.21:675][  0]LogAudio: Display: Loading Default Audio Settings Objects...
[2023.04.16-11.48.21:676][  0]LogAudio: Display: No default SoundConcurrencyObject specified (or failed to load).
[2023.04.16-11.48.21:677][  0]LogAudio: Display: Audio Device Manager Initialized
[2023.04.16-11.48.21:677][  0]LogAudio: Display: Creating Audio Device:                 Id: 1, Scope: Shared, Realtime: True
[2023.04.16-11.48.21:677][  0]LogAudioMixer: Display: Audio Mixer Platform Settings:
[2023.04.16-11.48.21:677][  0]LogAudioMixer: Display: 	Sample Rate:						  48000
[2023.04.16-11.48.21:677][  0]LogAudioMixer: Display: 	Callback Buffer Frame Size Requested: 1024
[2023.04.16-11.48.21:677][  0]LogAudioMixer: Display: 	Callback Buffer Frame Size To Use:	  1024
[2023.04.16-11.48.21:677][  0]LogAudioMixer: Display: 	Number of buffers to queue:			  2
[2023.04.16-11.48.21:677][  0]LogAudioMixer: Display: 	Max Channels (voices):				  32
[2023.04.16-11.48.21:677][  0]LogAudioMixer: Display: 	Number of Async Source Workers:		  0
[2023.04.16-11.48.21:677][  0]LogAudio: Display: AudioDevice MaxSources: 32
[2023.04.16-11.48.21:678][  0]LogAudio: Display: Audio Spatialization Plugin: None (built-in).
[2023.04.16-11.48.21:678][  0]LogAudio: Display: Audio Reverb Plugin: None (built-in).
[2023.04.16-11.48.21:678][  0]LogAudio: Display: Audio Occlusion Plugin: None (built-in).
[2023.04.16-11.48.21:678][  0]LogAudioMixer: Display: Initializing audio mixer.
[2023.04.16-11.48.21:691][  0]LogAudioMixer: Display: 0: FrontLeft
[2023.04.16-11.48.21:691][  0]LogAudioMixer: Display: 1: FrontRight
[2023.04.16-11.48.21:691][  0]LogAudioMixer: Display: 2: FrontCenter
[2023.04.16-11.48.21:691][  0]LogAudioMixer: Display: 3: LowFrequency
[2023.04.16-11.48.21:691][  0]LogAudioMixer: Display: 4: BackLeft
[2023.04.16-11.48.21:691][  0]LogAudioMixer: Display: 5: BackRight
[2023.04.16-11.48.21:691][  0]LogAudioMixer: Display: 6: SideLeft
[2023.04.16-11.48.21:691][  0]LogAudioMixer: Display: 7: SideRight
[2023.04.16-11.48.21:710][  0]LogAudioMixer: Display: Using Audio Device Speakers (Realtek(R) Audio)
[2023.04.16-11.48.21:715][  0]LogAudioMixer: Display: Initializing Sound Submixes...
[2023.04.16-11.48.21:717][  0]LogAudioMixer: Display: Creating Master Submix 'MasterSubmixDefault'
[2023.04.16-11.48.21:717][  0]LogAudioMixer: Display: Creating Master Submix 'MasterReverbSubmixDefault'
[2023.04.16-11.48.21:718][  0]LogAudioMixer: Display: Creating Master Submix 'MasterEQSubmixDefault'
[2023.04.16-11.48.21:718][  0]LogAudioMixer: FMixerPlatformXAudio2::StartAudioStream() called
[2023.04.16-11.48.21:718][  0]LogAudioMixer: Display: Output buffers initialized: Frames=1024, Channels=8, Samples=8192
[2023.04.16-11.48.21:719][  0]LogAudioMixer: Display: Starting AudioMixerPlatformInterface::RunInternal()
[2023.04.16-11.48.21:719][  0]LogAudioMixer: Display: FMixerPlatformXAudio2::SubmitBuffer() called for the first time
[2023.04.16-11.48.21:719][  0]LogInit: FAudioDevice initialized.
[2023.04.16-11.48.21:721][  0]LogNetVersion: Set ProjectVersion to 1.0.0.0. Version Checksum will be recalculated on next use.
[2023.04.16-11.48.21:722][  0]LogInit: Texture streaming: Enabled
[2023.04.16-11.48.21:774][  0]LogAudio: Display: Audio Device (ID: 1) registered with world 'Untitled'.
[2023.04.16-11.48.21:774][  0]LogSlate: Updating window title bar state: overlay mode, drag disabled, window buttons hidden, title bar hidden
[2023.04.16-11.48.21:776][  0]LogInit: Display: Game Engine Initialized.
[2023.04.16-11.48.21:776][  0]LogNiagaraEditor: GEditor isn't valid! Particle reset commands will not work for Niagara components!
[2023.04.16-11.48.21:877][  0]LogInit: Display: Starting Game.
[2023.04.16-11.48.21:877][  0]LogNet: Browse: 127.0.0.1:17777/Engine/Maps/Templates/Template_Default?Name=Player
[2023.04.16-11.48.21:877][  0]LogNet: PktLoss set to 0
[2023.04.16-11.48.21:877][  0]LogNet: PktLagMin set to 0
[2023.04.16-11.48.21:877][  0]LogNet: PktLagMax set to 0
[2023.04.16-11.48.21:877][  0]LogNet: PktIncomingLagMin set to 0
[2023.04.16-11.48.21:877][  0]LogNet: PktIncomingLagMax set to 0
[2023.04.16-11.48.21:877][  0]LogNet: PktIncomingLoss set to 0
[2023.04.16-11.48.21:877][  0]LogNet: PktLoss set to 0
[2023.04.16-11.48.21:877][  0]LogNet: PktLagMin set to 0
[2023.04.16-11.48.21:877][  0]LogNet: PktLagMax set to 0
[2023.04.16-11.48.21:877][  0]LogNet: PktIncomingLagMin set to 0
[2023.04.16-11.48.21:877][  0]LogNet: PktIncomingLagMax set to 0
[2023.04.16-11.48.21:877][  0]LogNet: PktIncomingLoss set to 0
[2023.04.16-11.48.21:877][  0]LogNet: PktLoss set to 0
[2023.04.16-11.48.21:877][  0]LogNet: PktLagMin set to 0
[2023.04.16-11.48.21:877][  0]LogNet: PktLagMax set to 0
[2023.04.16-11.48.21:877][  0]LogNet: PktIncomingLagMin set to 0
[2023.04.16-11.48.21:877][  0]LogNet: PktIncomingLagMax set to 0
[2023.04.16-11.48.21:877][  0]LogNet: PktIncomingLoss set to 0
[2023.04.16-11.48.21:878][  0]LogInit: WinSock: Socket queue. Rx: 32768 (config 32768) Tx: 32768 (config 32768)
[2023.04.16-11.48.21:878][  0]LogNet: Created socket for bind address: 0.0.0.0 on port 0
[2023.04.16-11.48.21:878][  0]PacketHandlerLog: Loaded PacketHandler component: Engine.EngineHandlerComponentFactory (StatelessConnectHandlerComponent)
[2023.04.16-11.48.21:878][  0]LogNet: Game client on port 17777, rate 100000
[2023.04.16-11.48.21:981][  0]LogInit: Display: Engine is initialized. Leaving FEngineLoop::Init()
[2023.04.16-11.48.21:981][  0]LogLoad: (Engine Initialization) Total time: 4.71 seconds
[2023.04.16-11.48.21:981][  0]LogLoad: (Engine Initialization) Total Blueprint compile time: 0.00 seconds
[2023.04.16-11.48.21:983][  0]LogContentStreaming: Texture pool size now 1000 MB
[2023.04.16-11.48.21:985][  0]LogSlate: InvalidateAllWidgets triggered.  All widgets were invalidated
[2023.04.16-11.48.22:909][841]LogHandshake: SendChallengeResponse. Timestamp: 0.628184, Cookie: 101080251023171146196035126241167044038057077054216146099199
[2023.04.16-11.48.22:942][999]LogNetVersion: fpsgame 1.0.0.0, NetCL: 17155196, EngineNetVer: 17, GameNetVer: 0 (Checksum: 1484303137)
[2023.04.16-11.48.22:942][999]LogNet: UPendingNetGame::SendInitialJoin: Sending hello. [UNetConnection] RemoteAddr: 127.0.0.1:17777, Name: IpConnection_0, Driver: PendingNetDriver IpNetDriver_0, IsServer: NO, PC: NULL, Owner: NULL, UniqueId: INVALID
[2023.04.16-11.48.22:974][138]LogNet: Welcomed by server (Level: /Game/Maps/TestMap, Game: /Game/Blueprints/GameMode/BP_FPSGameModeDefault.BP_FPSGameModeDefault_C)
[2023.04.16-11.48.22:974][138]LogLoad: LoadMap: 127.0.0.1:17777/Game/Maps/TestMap?Name=Player?game=/Game/Blueprints/GameMode/BP_FPSGameModeDefault.BP_FPSGameModeDefault_C
[2023.04.16-11.48.22:974][138]LogWorld: BeginTearingDown for /Temp/Untitled_0
[2023.04.16-11.48.22:974][138]LogWorld: UWorld::CleanupWorld for Untitled, bSessionEnded=true, bCleanupResources=true
[2023.04.16-11.48.22:975][138]LogSlate: InvalidateAllWidgets triggered.  All widgets were invalidated
[2023.04.16-11.48.22:993][138]LogAudio: Display: Audio Device unregistered from world 'None'.
[2023.04.16-11.48.22:995][138]LogUObjectHash: Compacting FUObjectHashTables data took   0.76ms
[2023.04.16-11.48.23:002][138]LogClass: Warning: Type mismatch in Attachments of WeaponAttachmentSystem - Previous (ArrayProperty) Current(MapProperty) for package:  ../../../../../../Users/danie/Documents/Gamedev VR/game/UE4 game/fpsgame/Content/Blueprints/Weapons/Guns/Prototypes/BP_PrototypeAR.uasset
[2023.04.16-11.48.23:505][138]LogAudio: Display: Audio Device (ID: 1) registered with world 'TestMap'.
[2023.04.16-11.48.23:506][138]LogNet: PktLoss set to 0
[2023.04.16-11.48.23:506][138]LogNet: PktLagMin set to 0
[2023.04.16-11.48.23:506][138]LogNet: PktLagMax set to 0
[2023.04.16-11.48.23:506][138]LogNet: PktIncomingLagMin set to 0
[2023.04.16-11.48.23:506][138]LogNet: PktIncomingLagMax set to 0
[2023.04.16-11.48.23:506][138]LogNet: PktIncomingLoss set to 0
[2023.04.16-11.48.23:508][138]LogWorld: Bringing World /Game/Maps/TestMap.TestMap up for play (max tick rate 0) at 2023.04.16-12.48.23
[2023.04.16-11.48.23:508][138]LogWorld: Bringing up level for play took: 0.001371
[2023.04.16-11.48.23:508][138]LogSlate: Took 0.000161 seconds to synchronously load lazily loaded font '../../../Engine/Content/Slate/Fonts/Roboto-Regular.ttf' (155K)
[2023.04.16-11.48.23:508][138]LogLoad: Took 0.533438 seconds to LoadMap(/Game/Maps/TestMap)
[2023.04.16-11.48.23:509][138]LogNavigation: Warning: NavData RegistrationFailed_DataPendingKill.
[2023.04.16-11.48.23:535][140]LogRenderer: Reallocating scene render targets to support 640x480 Format 10 NumSamples 1 (Frame:1).
[2023.04.16-11.48.23:621][140]LogOnlineSession: Warning: OSS: No game present to join for session (GameSession)
[2023.04.16-11.48.23:622][140]LogViewport: Display: Viewport MouseCaptureMode Changed, CapturePermanently_IncludingInitialMouseDown -> CapturePermanently
[2023.04.16-11.48.24:369][413]LogOnlineSession: Warning: OSS: No game present to join for session (GameSession)
