Log file open, 08/24/22 19:45:43
LogWindows: Failed to load 'aqProf.dll' (GetLastError=126)
LogWindows: File 'aqProf.dll' does not exist
LogWindows: Failed to load 'VtuneApi.dll' (GetLastError=126)
LogWindows: File 'VtuneApi.dll' does not exist
LogWindows: Failed to load 'VtuneApi32e.dll' (GetLastError=126)
LogWindows: File 'VtuneApi32e.dll' does not exist
LogConsoleResponse: Display: Failed to find resolution value strings in scalability ini. Falling back to default.
LogConsoleResponse: Display: Failed to find resolution value strings in scalability ini. Falling back to default.
LogInit: Display: Running engine for game: fpsgame
LogPlatformFile: Not using cached read wrapper
LogTaskGraph: Started task graph with 5 named threads and 17 total threads with 3 sets of task threads.
LogStats: Stats thread started at 0.205002
LogICUInternationalization: ICU TimeZone Detection - Raw Offset: +0:00, Platform Override: ''
LogInit: Display: Loading text-based GConfig....
LogPluginManager: Mounting plugin MeshPainting
LogPluginManager: Mounting plugin XGEController
LogPluginManager: Mounting plugin Paper2D
LogPluginManager: Mounting plugin AISupport
LogPluginManager: Mounting plugin EnvironmentQueryEditor
LogPluginManager: Mounting plugin LiveLink
LogPluginManager: Mounting plugin LightPropagationVolume
LogPluginManager: Mounting plugin CameraShakePreviewer
LogPluginManager: Mounting plugin GameplayCameras
LogPluginManager: Mounting plugin OodleData
LogPluginManager: Mounting plugin OodleNetwork
LogPluginManager: Mounting plugin AnimationSharing
LogPluginManager: Mounting plugin CLionSourceCodeAccess
LogPluginManager: Mounting plugin CodeLiteSourceCodeAccess
LogPluginManager: Mounting plugin GitSourceControl
LogPluginManager: Mounting plugin KDevelopSourceCodeAccess
LogPluginManager: Mounting plugin NullSourceCodeAccess
LogPluginManager: Mounting plugin PerforceSourceControl
LogPluginManager: Mounting plugin PixWinPlugin
LogPluginManager: Mounting plugin PlasticSourceControl
LogPluginManager: Mounting plugin PluginUtils
LogPluginManager: Mounting plugin PropertyAccessNode
LogPluginManager: Mounting plugin RiderSourceCodeAccess
LogPluginManager: Mounting plugin SubversionSourceControl
LogPluginManager: Mounting plugin TextureFormatOodle
LogPluginManager: Mounting plugin UObjectPlugin
LogPluginManager: Mounting plugin VisualStudioCodeSourceCodeAccess
LogPluginManager: Mounting plugin VisualStudioSourceCodeAccess
LogPluginManager: Mounting plugin XCodeSourceCodeAccess
LogPluginManager: Mounting plugin AssetManagerEditor
LogPluginManager: Mounting plugin CryptoKeys
LogPluginManager: Mounting plugin CurveEditorTools
LogPluginManager: Mounting plugin DataValidation
LogPluginManager: Mounting plugin FacialAnimation
LogPluginManager: Mounting plugin GameplayTagsEditor
LogPluginManager: Mounting plugin GeometryMode
LogPluginManager: Mounting plugin MacGraphicsSwitching
LogPluginManager: Mounting plugin MaterialAnalyzer
LogPluginManager: Mounting plugin MobileLauncherProfileWizard
LogPluginManager: Mounting plugin PluginBrowser
LogPluginManager: Mounting plugin SpeedTreeImporter
LogPluginManager: Mounting plugin DatasmithContent
LogPluginManager: Mounting plugin VariantManagerContent
LogPluginManager: Mounting plugin AlembicImporter
LogPluginManager: Mounting plugin AutomationUtils
LogPluginManager: Mounting plugin BackChannel
LogPluginManager: Mounting plugin ChaosCloth
LogPluginManager: Mounting plugin ChaosClothEditor
LogPluginManager: Mounting plugin ChaosEditor
LogPluginManager: Mounting plugin ChaosNiagara
LogPluginManager: Mounting plugin ChaosSolverPlugin
LogPluginManager: Mounting plugin CharacterAI
LogPluginManager: Mounting plugin GeometryCache
LogPluginManager: Mounting plugin GeometryCollectionPlugin
LogPluginManager: Mounting plugin GeometryProcessing
LogPluginManager: Mounting plugin MotoSynth
LogPluginManager: Mounting plugin OpenImageDenoise
LogPluginManager: Mounting plugin PlanarCut
LogPluginManager: Mounting plugin PlatformCrypto
LogPluginManager: Mounting plugin ProxyLODPlugin
LogPluginManager: Mounting plugin PythonScriptPlugin
LogPluginManager: Mounting plugin SkeletalReduction
LogPluginManager: Mounting plugin Niagara
LogPluginManager: Mounting plugin LuminPlatformFeatures
LogPluginManager: Mounting plugin MagicLeap
LogPluginManager: Mounting plugin MagicLeapLightEstimation
LogPluginManager: Mounting plugin MagicLeapMedia
LogPluginManager: Mounting plugin MagicLeapPassableWorld
LogPluginManager: Mounting plugin MLSDK
LogPluginManager: Mounting plugin AndroidMedia
LogPluginManager: Mounting plugin AvfMedia
LogPluginManager: Mounting plugin ImgMedia
LogPluginManager: Mounting plugin MediaCompositing
LogPluginManager: Mounting plugin MediaPlayerEditor
LogPluginManager: Mounting plugin WebMMedia
LogPluginManager: Mounting plugin WmfMedia
LogPluginManager: Mounting plugin TcpMessaging
LogPluginManager: Mounting plugin UdpMessaging
LogPluginManager: Mounting plugin ActorSequence
LogPluginManager: Mounting plugin LevelSequenceEditor
LogPluginManager: Mounting plugin MatineeToLevelSequence
LogPluginManager: Mounting plugin TemplateSequence
LogPluginManager: Mounting plugin OnlineSubsystem
LogPluginManager: Mounting plugin OnlineSubsystemNull
LogPluginManager: Mounting plugin OnlineSubsystemUtils
LogPluginManager: Mounting plugin LauncherChunkInstaller
LogPluginManager: Mounting plugin ActorLayerUtilities
LogPluginManager: Mounting plugin AndroidDeviceProfileSelector
LogPluginManager: Mounting plugin AndroidMoviePlayer
LogPluginManager: Mounting plugin AndroidPermission
LogPluginManager: Mounting plugin AppleImageUtils
LogPluginManager: Mounting plugin AppleMoviePlayer
LogPluginManager: Mounting plugin ArchVisCharacter
LogPluginManager: Mounting plugin AssetTags
LogPluginManager: Mounting plugin AudioCapture
LogPluginManager: Mounting plugin AudioSynesthesia
LogPluginManager: Mounting plugin CableComponent
LogPluginManager: Mounting plugin ChunkDownloader
LogPluginManager: Mounting plugin CustomMeshComponent
LogPluginManager: Mounting plugin EditableMesh
LogPluginManager: Mounting plugin ExampleDeviceProfileSelector
LogPluginManager: Mounting plugin GoogleCloudMessaging
LogPluginManager: Mounting plugin GooglePAD
LogPluginManager: Mounting plugin IOSDeviceProfileSelector
LogPluginManager: Mounting plugin LinuxDeviceProfileSelector
LogPluginManager: Mounting plugin LocationServicesBPLibrary
LogPluginManager: Mounting plugin MobilePatchingUtils
LogPluginManager: Mounting plugin OpenXR
LogPluginManager: Mounting plugin OpenXREyeTracker
LogPluginManager: Mounting plugin OpenXRHandTracking
LogPluginManager: Mounting plugin PhysXVehicles
LogPluginManager: Mounting plugin PostSplashScreen
LogPluginManager: Mounting plugin ProceduralMeshComponent
LogPluginManager: Mounting plugin PropertyAccessEditor
LogPluginManager: Mounting plugin RuntimePhysXCooking
LogPluginManager: Mounting plugin SignificanceManager
LogPluginManager: Mounting plugin SoundFields
LogPluginManager: Mounting plugin Synthesis
LogPluginManager: Mounting plugin WebMMoviePlayer
LogPluginManager: Mounting plugin WindowsMoviePlayer
LogPluginManager: Mounting plugin ScreenshotTools
LogPluginManager: Mounting plugin Takes
LogPluginManager: Mounting plugin ContentBrowserAssetDataSource
LogPluginManager: Mounting plugin ContentBrowserClassDataSource
LogPluginManager: Mounting plugin ContentBrowserFileDataSource
LogPluginManager: Mounting plugin OnlineSubsystemGooglePlay
LogPluginManager: Mounting plugin OnlineSubsystemIOS
LogPluginManager: Mounting plugin OculusVR
LogPluginManager: Mounting plugin SteamVR
PixWinPlugin: PIX capture plugin failed to initialize! Check that the process is launched from PIX.
LogInit: Using libcurl 7.55.1-DEV
LogInit:  - built for x86_64-pc-win32
LogInit:  - supports SSL with OpenSSL/1.1.1
LogInit:  - supports HTTP deflate (compression) using libz 1.2.8
LogInit:  - other features:
LogInit:      CURL_VERSION_SSL
LogInit:      CURL_VERSION_LIBZ
LogInit:      CURL_VERSION_IPV6
LogInit:      CURL_VERSION_ASYNCHDNS
LogInit:      CURL_VERSION_LARGEFILE
LogInit:      CURL_VERSION_IDN
LogInit:  CurlRequestOptions (configurable via config and command line):
LogInit:  - bVerifyPeer = true  - Libcurl will verify peer certificate
LogInit:  - bUseHttpProxy = false  - Libcurl will NOT use HTTP proxy
LogInit:  - bDontReuseConnections = false  - Libcurl will reuse connections
LogInit:  - MaxHostConnections = 16  - Libcurl will limit the number of connections to a host
LogInit:  - LocalHostAddr = Default
LogInit:  - BufferSize = 65536
LogOnline: OSS: Creating online subsystem instance for: NULL
LogInit: WinSock: version 1.1 (2.2), MaxSocks=32767, MaxUdp=65467
LogOnline: OSS: TryLoadSubsystemAndSetDefault: Loaded subsystem for module [NULL]
LogInit: Build: ++UE4+Release-4.27-CL-18319896
LogInit: Engine Version: 4.27.2-18319896+++UE4+Release-4.27
LogInit: Compatible Engine Version: 4.27.0-17155196+++UE4+Release-4.27
LogInit: Net CL: 17155196
LogInit: OS: Windows 10 (Release 2009) (), CPU: AMD Ryzen 5 3600X 6-Core Processor             , GPU: AMD Radeon RX 5700 XT
LogInit: Compiled (64-bit): Nov 30 2021 07:12:08
LogInit: Compiled with Visual C++: 19.24.28315.00
LogInit: Build Configuration: Development
LogInit: Branch Name: ++UE4+Release-4.27
LogInit: Command Line:  /Game/Maps/TestMap -game -PIEVIACONSOLE -Multiprocess -server -log "GameUserSettingsINI=C:/Users/danie/Documents/Gamedev VR/game/UE4 game/fpsgame/Saved/Config/Windows/PIEGameUserSettings0.ini" -MultiprocessSaveConfig -forcepassthrough -messaging -SessionName="Play in Standalone Game" -port=17777 -PktLagMin=200 -PktLagMax=200 -PktLoss=0 -PktIncomingLagMin=200 -PktIncomingLagMax=200 -PktIncomingLoss=0 -windowed
LogInit: Base Directory: C:/Program Files/Epic Games/UE_4.27/Engine/Binaries/Win64/
LogInit: Allocator: TBB
LogInit: Installed Engine Build: 1
LogDevObjectVersion: Number of dev versions registered: 29
LogDevObjectVersion:   Dev-Blueprints (B0D832E4-1F89-4F0D-ACCF-7EB736FD4AA2): 10
LogDevObjectVersion:   Dev-Build (E1C64328-A22C-4D53-A36C-8E866417BD8C): 0
LogDevObjectVersion:   Dev-Core (375EC13C-06E4-48FB-B500-84F0262A717E): 4
LogDevObjectVersion:   Dev-Editor (E4B068ED-F494-42E9-A231-DA0B2E46BB41): 40
LogDevObjectVersion:   Dev-Framework (CFFC743F-43B0-4480-9391-14DF171D2073): 37
LogDevObjectVersion:   Dev-Mobile (B02B49B5-BB20-44E9-A304-32B752E40360): 3
LogDevObjectVersion:   Dev-Networking (A4E4105C-59A1-49B5-A7C5-40C4547EDFEE): 0
LogDevObjectVersion:   Dev-Online (39C831C9-5AE6-47DC-9A44-9C173E1C8E7C): 0
LogDevObjectVersion:   Dev-Physics (78F01B33-EBEA-4F98-B9B4-84EACCB95AA2): 14
LogDevObjectVersion:   Dev-Platform (6631380F-2D4D-43E0-8009-CF276956A95A): 0
LogDevObjectVersion:   Dev-Rendering (12F88B9F-8875-4AFC-A67C-D90C383ABD29): 45
LogDevObjectVersion:   Dev-Sequencer (7B5AE74C-D270-4C10-A958-57980B212A5A): 13
LogDevObjectVersion:   Dev-VR (D7296918-1DD6-4BDD-9DE2-64A83CC13884): 3
LogDevObjectVersion:   Dev-LoadTimes (C2A15278-BFE7-4AFE-6C17-90FF531DF755): 1
LogDevObjectVersion:   Private-Geometry (6EACA3D4-40EC-4CC1-B786-8BED09428FC5): 3
LogDevObjectVersion:   Dev-AnimPhys (29E575DD-E0A3-4627-9D10-D276232CDCEA): 17
LogDevObjectVersion:   Dev-Anim (AF43A65D-7FD3-4947-9873-3E8ED9C1BB05): 15
LogDevObjectVersion:   Dev-ReflectionCapture (6B266CEC-1EC7-4B8F-A30B-E4D90942FC07): 1
LogDevObjectVersion:   Dev-Automation (0DF73D61-A23F-47EA-B727-89E90C41499A): 1
LogDevObjectVersion:   FortniteMain (601D1886-AC64-4F84-AA16-D3DE0DEAC7D6): 47
LogDevObjectVersion:   FortniteRelease (E7086368-6B23-4C58-8439-1B7016265E91): 1
LogDevObjectVersion:   Dev-Enterprise (9DFFBCD6-494F-0158-E221-12823C92A888): 10
LogDevObjectVersion:   Dev-Niagara (F2AED0AC-9AFE-416F-8664-AA7FFA26D6FC): 1
LogDevObjectVersion:   Dev-Destruction (174F1F0B-B4C6-45A5-B13F-2EE8D0FB917D): 10
LogDevObjectVersion:   Dev-Physics-Ext (35F94A83-E258-406C-A318-09F59610247C): 41
LogDevObjectVersion:   Dev-PhysicsMaterial-Chaos (B68FC16E-8B1B-42E2-B453-215C058844FE): 1
LogDevObjectVersion:   Dev-CineCamera (B2E18506-4273-CFC2-A54E-F4BB758BBA07): 1
LogDevObjectVersion:   Dev-VirtualProduction (64F58936-FD1B-42BA-BA96-7289D5D0FA4E): 1
LogDevObjectVersion:   Dev-MediaFramework (6F0ED827-A609-4895-9C91-998D90180EA4): 2
LogInit: Presizing for max 25165824 objects, including 0 objects not considered by GC, pre-allocating 0 bytes for permanent pool.
LogConfig: Applying CVar settings from Section [/Script/Engine.StreamingSettings] File [C:/Users/danie/Documents/Gamedev VR/game/UE4 game/fpsgame/Saved/Config/Windows/Engine.ini]
LogConfig: Setting CVar [[s.MinBulkDataSizeForAsyncLoading:131072]]
LogConfig: Setting CVar [[s.AsyncLoadingThreadEnabled:0]]
LogConfig: Setting CVar [[s.EventDrivenLoaderEnabled:1]]
LogConfig: Setting CVar [[s.WarnIfTimeLimitExceeded:0]]
LogConfig: Setting CVar [[s.TimeLimitExceededMultiplier:1.5]]
LogConfig: Setting CVar [[s.TimeLimitExceededMinTime:0.005]]
LogConfig: Setting CVar [[s.UseBackgroundLevelStreaming:1]]
LogConfig: Setting CVar [[s.PriorityAsyncLoadingExtraTime:15.0]]
LogConfig: Setting CVar [[s.LevelStreamingActorsUpdateTimeLimit:5.0]]
LogConfig: Setting CVar [[s.PriorityLevelStreamingActorsUpdateExtraTime:5.0]]
LogConfig: Setting CVar [[s.LevelStreamingComponentsRegistrationGranularity:10]]
LogConfig: Setting CVar [[s.UnregisterComponentsTimeLimit:1.0]]
LogConfig: Setting CVar [[s.LevelStreamingComponentsUnregistrationGranularity:5]]
LogConfig: Setting CVar [[s.FlushStreamingOnExit:1]]
LogInit: Object subsystem initialized
LogConfig: Setting CVar [[con.DebugEarlyDefault:1]]
LogConfig: Setting CVar [[r.setres:1280x720]]
[2022.08.24-18.45.44:276][  0]LogConfig: Setting CVar [[con.DebugEarlyDefault:1]]
[2022.08.24-18.45.44:276][  0]LogConfig: Setting CVar [[r.setres:1280x720]]
[2022.08.24-18.45.44:276][  0]LogConfig: Applying CVar settings from Section [/Script/Engine.RendererSettings] File [C:/Users/danie/Documents/Gamedev VR/game/UE4 game/fpsgame/Saved/Config/Windows/Engine.ini]
[2022.08.24-18.45.44:277][  0]LogConfig: Setting CVar [[r.GPUCrashDebugging:0]]
[2022.08.24-18.45.44:277][  0]LogConfig: Setting CVar [[r.Mobile.DisableVertexFog:1]]
[2022.08.24-18.45.44:277][  0]LogConfig: Setting CVar [[r.Shadow.CSM.MaxMobileCascades:2]]
[2022.08.24-18.45.44:277][  0]LogConfig: Setting CVar [[r.MobileMSAA:1]]
[2022.08.24-18.45.44:278][  0]LogConfig: Setting CVar [[r.Mobile.AllowDitheredLODTransition:0]]
[2022.08.24-18.45.44:278][  0]LogConfig: Setting CVar [[r.Mobile.AllowSoftwareOcclusion:0]]
[2022.08.24-18.45.44:278][  0]LogConfig: Setting CVar [[r.Mobile.VirtualTextures:0]]
[2022.08.24-18.45.44:278][  0]LogConfig: Setting CVar [[r.DiscardUnusedQuality:0]]
[2022.08.24-18.45.44:279][  0]LogConfig: Setting CVar [[r.AllowOcclusionQueries:1]]
[2022.08.24-18.45.44:279][  0]LogConfig: Setting CVar [[r.MinScreenRadiusForLights:0.030000]]
[2022.08.24-18.45.44:279][  0]LogConfig: Setting CVar [[r.MinScreenRadiusForDepthPrepass:0.030000]]
[2022.08.24-18.45.44:280][  0]LogConfig: Setting CVar [[r.MinScreenRadiusForCSMDepth:0.010000]]
[2022.08.24-18.45.44:280][  0]LogConfig: Setting CVar [[r.PrecomputedVisibilityWarning:0]]
[2022.08.24-18.45.44:280][  0]LogConfig: Setting CVar [[r.TextureStreaming:1]]
[2022.08.24-18.45.44:281][  0]LogConfig: Setting CVar [[Compat.UseDXT5NormalMaps:0]]
[2022.08.24-18.45.44:281][  0]LogConfig: Setting CVar [[r.VirtualTextures:0]]
[2022.08.24-18.45.44:281][  0]LogConfig: Setting CVar [[r.VT.EnableAutoImport:1]]
[2022.08.24-18.45.44:281][  0]LogConfig: Setting CVar [[r.VirtualTexturedLightmaps:0]]
[2022.08.24-18.45.44:282][  0]LogConfig: Setting CVar [[r.VT.TileSize:128]]
[2022.08.24-18.45.44:282][  0]LogConfig: Setting CVar [[r.VT.TileBorderSize:4]]
[2022.08.24-18.45.44:282][  0]LogConfig: Setting CVar [[r.vt.FeedbackFactor:16]]
[2022.08.24-18.45.44:282][  0]LogConfig: Setting CVar [[r.VT.EnableCompressZlib:1]]
[2022.08.24-18.45.44:283][  0]LogConfig: Setting CVar [[r.VT.EnableCompressCrunch:0]]
[2022.08.24-18.45.44:283][  0]LogConfig: Setting CVar [[r.ClearCoatNormal:0]]
[2022.08.24-18.45.44:283][  0]LogConfig: Setting CVar [[r.ReflectionCaptureResolution:128]]
[2022.08.24-18.45.44:283][  0]LogConfig: Setting CVar [[r.Mobile.ReflectionCaptureCompression:0]]
[2022.08.24-18.45.44:284][  0]LogConfig: Setting CVar [[r.ReflectionEnvironmentLightmapMixBasedOnRoughness:1]]
[2022.08.24-18.45.44:284][  0]LogConfig: Setting CVar [[r.ForwardShading:0]]
[2022.08.24-18.45.44:284][  0]LogConfig: Setting CVar [[r.VertexFoggingForOpaque:1]]
[2022.08.24-18.45.44:284][  0]LogConfig: Setting CVar [[r.AllowStaticLighting:1]]
[2022.08.24-18.45.44:285][  0]LogConfig: Setting CVar [[r.NormalMapsForStaticLighting:0]]
[2022.08.24-18.45.44:285][  0]LogConfig: Setting CVar [[r.GenerateMeshDistanceFields:0]]
[2022.08.24-18.45.44:285][  0]LogConfig: Setting CVar [[r.DistanceFieldBuild.EightBit:0]]
[2022.08.24-18.45.44:285][  0]LogConfig: Setting CVar [[r.GenerateLandscapeGIData:0]]
[2022.08.24-18.45.44:286][  0]LogConfig: Setting CVar [[r.DistanceFieldBuild.Compress:0]]
[2022.08.24-18.45.44:286][  0]LogConfig: Setting CVar [[r.TessellationAdaptivePixelsPerTriangle:48.000000]]
[2022.08.24-18.45.44:286][  0]LogConfig: Setting CVar [[r.SeparateTranslucency:1]]
[2022.08.24-18.45.44:286][  0]LogConfig: Setting CVar [[r.TranslucentSortPolicy:0]]
[2022.08.24-18.45.44:287][  0]LogConfig: Setting CVar [[vr.VRS.HMDFixedFoveationLevel:0]]
[2022.08.24-18.45.44:287][  0]LogConfig: Setting CVar [[r.CustomDepth:1]]
[2022.08.24-18.45.44:287][  0]LogConfig: Setting CVar [[r.CustomDepthTemporalAAJitter:1]]
[2022.08.24-18.45.44:287][  0]LogConfig: Setting CVar [[r.PostProcessing.PropagateAlpha:0]]
[2022.08.24-18.45.44:288][  0]LogConfig: Setting CVar [[r.DefaultFeature.Bloom:1]]
[2022.08.24-18.45.44:288][  0]LogConfig: Setting CVar [[r.DefaultFeature.AmbientOcclusion:1]]
[2022.08.24-18.45.44:288][  0]LogConfig: Setting CVar [[r.DefaultFeature.AmbientOcclusionStaticFraction:1]]
[2022.08.24-18.45.44:288][  0]LogConfig: Setting CVar [[r.DefaultFeature.AutoExposure:0]]
[2022.08.24-18.45.44:289][  0]LogConfig: Setting CVar [[r.DefaultFeature.AutoExposure.Method:0]]
[2022.08.24-18.45.44:291][  0]LogConfig: Setting CVar [[r.DefaultFeature.AutoExposure.Bias:1.000000]]
[2022.08.24-18.45.44:292][  0]LogConfig: Setting CVar [[r.DefaultFeature.AutoExposure.ExtendDefaultLuminanceRange:0]]
[2022.08.24-18.45.44:292][  0]LogConfig: Setting CVar [[r.UsePreExposure:1]]
[2022.08.24-18.45.44:292][  0]LogConfig: Setting CVar [[r.EyeAdaptation.EditorOnly:0]]
[2022.08.24-18.45.44:293][  0]LogConfig: Setting CVar [[r.DefaultFeature.MotionBlur:0]]
[2022.08.24-18.45.44:293][  0]LogConfig: Setting CVar [[r.DefaultFeature.LensFlare:0]]
[2022.08.24-18.45.44:293][  0]LogConfig: Setting CVar [[r.TemporalAA.Upsampling:0]]
[2022.08.24-18.45.44:293][  0]LogConfig: Setting CVar [[r.SSGI.Enable:0]]
[2022.08.24-18.45.44:294][  0]LogConfig: Setting CVar [[r.DefaultFeature.AntiAliasing:0]]
[2022.08.24-18.45.44:294][  0]LogConfig: Setting CVar [[r.DefaultFeature.LightUnits:1]]
[2022.08.24-18.45.44:294][  0]LogConfig: Setting CVar [[r.DefaultBackBufferPixelFormat:4]]
[2022.08.24-18.45.44:294][  0]LogConfig: Setting CVar [[r.Shadow.UnbuiltPreviewInGame:1]]
[2022.08.24-18.45.44:295][  0]LogConfig: Setting CVar [[r.StencilForLODDither:0]]
[2022.08.24-18.45.44:295][  0]LogConfig: Setting CVar [[r.EarlyZPass:3]]
[2022.08.24-18.45.44:295][  0]LogConfig: Setting CVar [[r.EarlyZPassOnlyMaterialMasking:0]]
[2022.08.24-18.45.44:295][  0]LogConfig: Setting CVar [[r.DBuffer:1]]
[2022.08.24-18.45.44:296][  0]LogConfig: Setting CVar [[r.ClearSceneMethod:1]]
[2022.08.24-18.45.44:296][  0]LogConfig: Setting CVar [[r.BasePassOutputsVelocity:0]]
[2022.08.24-18.45.44:296][  0]LogConfig: Setting CVar [[r.VertexDeformationOutputsVelocity:0]]
[2022.08.24-18.45.44:296][  0]LogConfig: Setting CVar [[r.SelectiveBasePassOutputs:0]]
[2022.08.24-18.45.44:297][  0]LogConfig: Setting CVar [[fx.GPUSimulationTextureSizeX:1024]]
[2022.08.24-18.45.44:297][  0]LogConfig: Setting CVar [[fx.GPUSimulationTextureSizeY:1024]]
[2022.08.24-18.45.44:297][  0]LogConfig: Setting CVar [[r.AllowGlobalClipPlane:0]]
[2022.08.24-18.45.44:297][  0]LogConfig: Setting CVar [[r.GBufferFormat:1]]
[2022.08.24-18.45.44:298][  0]LogConfig: Setting CVar [[r.MorphTarget.Mode:1]]
[2022.08.24-18.45.44:298][  0]LogConfig: Setting CVar [[vr.InstancedStereo:0]]
[2022.08.24-18.45.44:298][  0]LogConfig: Setting CVar [[r.MobileHDR:1]]
[2022.08.24-18.45.44:298][  0]LogConfig: Setting CVar [[vr.MobileMultiView:0]]
[2022.08.24-18.45.44:299][  0]LogConfig: Setting CVar [[r.Mobile.UseHWsRGBEncoding:0]]
[2022.08.24-18.45.44:299][  0]LogConfig: Setting CVar [[vr.RoundRobinOcclusion:0]]
[2022.08.24-18.45.44:299][  0]LogConfig: Setting CVar [[vr.ODSCapture:0]]
[2022.08.24-18.45.44:299][  0]LogConfig: Setting CVar [[r.MeshStreaming:0]]
[2022.08.24-18.45.44:300][  0]LogConfig: Setting CVar [[r.WireframeCullThreshold:5.000000]]
[2022.08.24-18.45.44:300][  0]LogConfig: Setting CVar [[r.RayTracing:0]]
[2022.08.24-18.45.44:300][  0]LogConfig: Setting CVar [[r.RayTracing.UseTextureLod:0]]
[2022.08.24-18.45.44:301][  0]LogConfig: Setting CVar [[r.SupportStationarySkylight:1]]
[2022.08.24-18.45.44:301][  0]LogConfig: Setting CVar [[r.SupportLowQualityLightmaps:1]]
[2022.08.24-18.45.44:301][  0]LogConfig: Setting CVar [[r.SupportPointLightWholeSceneShadows:1]]
[2022.08.24-18.45.44:301][  0]LogConfig: Setting CVar [[r.SupportAtmosphericFog:1]]
[2022.08.24-18.45.44:302][  0]LogConfig: Setting CVar [[r.SupportSkyAtmosphere:1]]
[2022.08.24-18.45.44:302][  0]LogConfig: Setting CVar [[r.SupportSkyAtmosphereAffectsHeightFog:0]]
[2022.08.24-18.45.44:302][  0]LogConfig: Setting CVar [[r.SkinCache.CompileShaders:0]]
[2022.08.24-18.45.44:302][  0]LogConfig: Setting CVar [[r.SkinCache.DefaultBehavior:1]]
[2022.08.24-18.45.44:303][  0]LogConfig: Setting CVar [[r.SkinCache.SceneMemoryLimitInMB:128.000000]]
[2022.08.24-18.45.44:303][  0]LogConfig: Setting CVar [[r.Mobile.EnableStaticAndCSMShadowReceivers:1]]
[2022.08.24-18.45.44:303][  0]LogConfig: Setting CVar [[r.Mobile.EnableMovableLightCSMShaderCulling:1]]
[2022.08.24-18.45.44:303][  0]LogConfig: Setting CVar [[r.Mobile.AllowDistanceFieldShadows:1]]
[2022.08.24-18.45.44:304][  0]LogConfig: Setting CVar [[r.Mobile.AllowMovableDirectionalLights:1]]
[2022.08.24-18.45.44:304][  0]LogConfig: Setting CVar [[r.MobileNumDynamicPointLights:4]]
[2022.08.24-18.45.44:304][  0]LogConfig: Setting CVar [[r.MobileDynamicPointLightsUseStaticBranch:1]]
[2022.08.24-18.45.44:304][  0]LogConfig: Setting CVar [[r.Mobile.EnableMovableSpotlights:0]]
[2022.08.24-18.45.44:305][  0]LogConfig: Setting CVar [[r.Mobile.EnableMovableSpotlightsShadow:0]]
[2022.08.24-18.45.44:307][  0]LogConfig: Setting CVar [[r.GPUSkin.Support16BitBoneIndex:0]]
[2022.08.24-18.45.44:308][  0]LogConfig: Setting CVar [[r.GPUSkin.Limit2BoneInfluences:0]]
[2022.08.24-18.45.44:308][  0]LogConfig: Setting CVar [[r.SupportDepthOnlyIndexBuffers:1]]
[2022.08.24-18.45.44:309][  0]LogConfig: Setting CVar [[r.SupportReversedIndexBuffers:1]]
[2022.08.24-18.45.44:309][  0]LogConfig: Setting CVar [[r.LightPropagationVolume:0]]
[2022.08.24-18.45.44:309][  0]LogConfig: Setting CVar [[r.Mobile.AmbientOcclusion:0]]
[2022.08.24-18.45.44:309][  0]LogConfig: Setting CVar [[r.GPUSkin.UnlimitedBoneInfluences:0]]
[2022.08.24-18.45.44:310][  0]LogConfig: Setting CVar [[r.GPUSkin.UnlimitedBoneInfluencesThreshold:8]]
[2022.08.24-18.45.44:310][  0]LogConfig: Setting CVar [[r.Mobile.PlanarReflectionMode:0]]
[2022.08.24-18.45.44:310][  0]LogConfig: Setting CVar [[r.Mobile.SupportsGen4TAA:0]]
[2022.08.24-18.45.44:310][  0]LogConfig: Applying CVar settings from Section [/Script/Engine.RendererOverrideSettings] File [C:/Users/danie/Documents/Gamedev VR/game/UE4 game/fpsgame/Saved/Config/Windows/Engine.ini]
[2022.08.24-18.45.44:311][  0]LogConfig: Applying CVar settings from Section [/Script/Engine.StreamingSettings] File [C:/Users/danie/Documents/Gamedev VR/game/UE4 game/fpsgame/Saved/Config/Windows/Engine.ini]
[2022.08.24-18.45.44:311][  0]LogConfig: Setting CVar [[s.MinBulkDataSizeForAsyncLoading:131072]]
[2022.08.24-18.45.44:311][  0]LogConfig: Setting CVar [[s.AsyncLoadingThreadEnabled:0]]
[2022.08.24-18.45.44:311][  0]LogConfig: Setting CVar [[s.EventDrivenLoaderEnabled:1]]
[2022.08.24-18.45.44:312][  0]LogConfig: Setting CVar [[s.WarnIfTimeLimitExceeded:0]]
[2022.08.24-18.45.44:312][  0]LogConfig: Setting CVar [[s.TimeLimitExceededMultiplier:1.5]]
[2022.08.24-18.45.44:312][  0]LogConfig: Setting CVar [[s.TimeLimitExceededMinTime:0.005]]
[2022.08.24-18.45.44:312][  0]LogConfig: Setting CVar [[s.UseBackgroundLevelStreaming:1]]
[2022.08.24-18.45.44:313][  0]LogConfig: Setting CVar [[s.PriorityAsyncLoadingExtraTime:15.0]]
[2022.08.24-18.45.44:313][  0]LogConfig: Setting CVar [[s.LevelStreamingActorsUpdateTimeLimit:5.0]]
[2022.08.24-18.45.44:313][  0]LogConfig: Setting CVar [[s.PriorityLevelStreamingActorsUpdateExtraTime:5.0]]
[2022.08.24-18.45.44:313][  0]LogConfig: Setting CVar [[s.LevelStreamingComponentsRegistrationGranularity:10]]
[2022.08.24-18.45.44:314][  0]LogConfig: Setting CVar [[s.UnregisterComponentsTimeLimit:1.0]]
[2022.08.24-18.45.44:314][  0]LogConfig: Setting CVar [[s.LevelStreamingComponentsUnregistrationGranularity:5]]
[2022.08.24-18.45.44:314][  0]LogConfig: Setting CVar [[s.FlushStreamingOnExit:1]]
[2022.08.24-18.45.44:314][  0]LogConfig: Applying CVar settings from Section [/Script/Engine.GarbageCollectionSettings] File [C:/Users/danie/Documents/Gamedev VR/game/UE4 game/fpsgame/Saved/Config/Windows/Engine.ini]
[2022.08.24-18.45.44:315][  0]LogConfig: Setting CVar [[gc.MaxObjectsNotConsideredByGC:1]]
[2022.08.24-18.45.44:315][  0]LogConfig: Setting CVar [[gc.SizeOfPermanentObjectPool:0]]
[2022.08.24-18.45.44:315][  0]LogConfig: Setting CVar [[gc.FlushStreamingOnGC:0]]
[2022.08.24-18.45.44:316][  0]LogConfig: Setting CVar [[gc.NumRetriesBeforeForcingGC:10]]
[2022.08.24-18.45.44:316][  0]LogConfig: Setting CVar [[gc.AllowParallelGC:1]]
[2022.08.24-18.45.44:316][  0]LogConfig: Setting CVar [[gc.TimeBetweenPurgingPendingKillObjects:61.1]]
[2022.08.24-18.45.44:316][  0]LogConfig: Setting CVar [[gc.MaxObjectsInEditor:25165824]]
[2022.08.24-18.45.44:317][  0]LogConfig: Setting CVar [[gc.IncrementalBeginDestroyEnabled:1]]
[2022.08.24-18.45.44:317][  0]LogConfig: Setting CVar [[gc.CreateGCClusters:1]]
[2022.08.24-18.45.44:317][  0]LogConfig: Setting CVar [[gc.MinGCClusterSize:5]]
[2022.08.24-18.45.44:317][  0]LogConfig: Setting CVar [[gc.ActorClusteringEnabled:0]]
[2022.08.24-18.45.44:318][  0]LogConfig: Setting CVar [[gc.BlueprintClusteringEnabled:0]]
[2022.08.24-18.45.44:318][  0]LogConfig: Setting CVar [[gc.UseDisregardForGCOnDedicatedServers:0]]
[2022.08.24-18.45.44:318][  0]LogConfig: Setting CVar [[gc.MultithreadedDestructionEnabled:1]]
[2022.08.24-18.45.44:318][  0]LogConfig: Applying CVar settings from Section [/Script/Engine.NetworkSettings] File [C:/Users/danie/Documents/Gamedev VR/game/UE4 game/fpsgame/Saved/Config/Windows/Engine.ini]
[2022.08.24-18.45.44:319][  0]LogConfig: Applying CVar settings from Section [/Script/UnrealEd.CookerSettings] File [C:/Users/danie/Documents/Gamedev VR/game/UE4 game/fpsgame/Saved/Config/Windows/Engine.ini]
[2022.08.24-18.45.44:319][  0]LogConfig: Applying CVar settings from Section [ViewDistanceQuality@3] File [C:/Users/danie/Documents/Gamedev VR/game/UE4 game/fpsgame/Saved/Config/Windows/Scalability.ini]
[2022.08.24-18.45.44:319][  0]LogConfig: Setting CVar [[r.SkeletalMeshLODBias:0]]
[2022.08.24-18.45.44:319][  0]LogConfig: Setting CVar [[r.ViewDistanceScale:1.0]]
[2022.08.24-18.45.44:320][  0]LogConfig: Applying CVar settings from Section [AntiAliasingQuality@3] File [C:/Users/danie/Documents/Gamedev VR/game/UE4 game/fpsgame/Saved/Config/Windows/Scalability.ini]
[2022.08.24-18.45.44:320][  0]LogConfig: Setting CVar [[r.PostProcessAAQuality:4]]
[2022.08.24-18.45.44:320][  0]LogConfig: Applying CVar settings from Section [ShadowQuality@3] File [C:/Users/danie/Documents/Gamedev VR/game/UE4 game/fpsgame/Saved/Config/Windows/Scalability.ini]
[2022.08.24-18.45.44:321][  0]LogConfig: Setting CVar [[r.LightFunctionQuality:1]]
[2022.08.24-18.45.44:323][  0]LogConfig: Setting CVar [[r.ShadowQuality:5]]
[2022.08.24-18.45.44:323][  0]LogConfig: Setting CVar [[r.Shadow.CSM.MaxCascades:10]]
[2022.08.24-18.45.44:323][  0]LogConfig: Setting CVar [[r.Shadow.MaxResolution:2048]]
[2022.08.24-18.45.44:323][  0]LogConfig: Setting CVar [[r.Shadow.MaxCSMResolution:2048]]
[2022.08.24-18.45.44:324][  0]LogConfig: Setting CVar [[r.Shadow.RadiusThreshold:0.01]]
[2022.08.24-18.45.44:324][  0]LogConfig: Setting CVar [[r.Shadow.DistanceScale:1.0]]
[2022.08.24-18.45.44:324][  0]LogConfig: Setting CVar [[r.Shadow.CSM.TransitionScale:1.0]]
[2022.08.24-18.45.44:325][  0]LogConfig: Setting CVar [[r.Shadow.PreShadowResolutionFactor:1.0]]
[2022.08.24-18.45.44:325][  0]LogConfig: Setting CVar [[r.DistanceFieldShadowing:1]]
[2022.08.24-18.45.44:325][  0]LogConfig: Setting CVar [[r.DistanceFieldAO:1]]
[2022.08.24-18.45.44:325][  0]LogConfig: Setting CVar [[r.AOQuality:2]]
[2022.08.24-18.45.44:326][  0]LogConfig: Setting CVar [[r.VolumetricFog:1]]
[2022.08.24-18.45.44:326][  0]LogConfig: Setting CVar [[r.VolumetricFog.GridPixelSize:8]]
[2022.08.24-18.45.44:326][  0]LogConfig: Setting CVar [[r.VolumetricFog.GridSizeZ:128]]
[2022.08.24-18.45.44:326][  0]LogConfig: Setting CVar [[r.VolumetricFog.HistoryMissSupersampleCount:4]]
[2022.08.24-18.45.44:327][  0]LogConfig: Setting CVar [[r.LightMaxDrawDistanceScale:1]]
[2022.08.24-18.45.44:327][  0]LogConfig: Setting CVar [[r.CapsuleShadows:1]]
[2022.08.24-18.45.44:327][  0]LogConfig: Applying CVar settings from Section [PostProcessQuality@3] File [C:/Users/danie/Documents/Gamedev VR/game/UE4 game/fpsgame/Saved/Config/Windows/Scalability.ini]
[2022.08.24-18.45.44:327][  0]LogConfig: Setting CVar [[r.MotionBlurQuality:4]]
[2022.08.24-18.45.44:328][  0]LogConfig: Setting CVar [[r.AmbientOcclusionMipLevelFactor:0.4]]
[2022.08.24-18.45.44:328][  0]LogConfig: Setting CVar [[r.AmbientOcclusionMaxQuality:100]]
[2022.08.24-18.45.44:328][  0]LogConfig: Setting CVar [[r.AmbientOcclusionLevels:-1]]
[2022.08.24-18.45.44:328][  0]LogConfig: Setting CVar [[r.AmbientOcclusionRadiusScale:1.0]]
[2022.08.24-18.45.44:329][  0]LogConfig: Setting CVar [[r.DepthOfFieldQuality:2]]
[2022.08.24-18.45.44:329][  0]LogConfig: Setting CVar [[r.RenderTargetPoolMin:400]]
[2022.08.24-18.45.44:329][  0]LogConfig: Setting CVar [[r.LensFlareQuality:2]]
[2022.08.24-18.45.44:329][  0]LogConfig: Setting CVar [[r.SceneColorFringeQuality:1]]
[2022.08.24-18.45.44:330][  0]LogConfig: Setting CVar [[r.EyeAdaptationQuality:2]]
[2022.08.24-18.45.44:330][  0]LogConfig: Setting CVar [[r.BloomQuality:5]]
[2022.08.24-18.45.44:330][  0]LogConfig: Setting CVar [[r.FastBlurThreshold:100]]
[2022.08.24-18.45.44:330][  0]LogConfig: Setting CVar [[r.Upscale.Quality:3]]
[2022.08.24-18.45.44:331][  0]LogConfig: Setting CVar [[r.Tonemapper.GrainQuantization:1]]
[2022.08.24-18.45.44:331][  0]LogConfig: Setting CVar [[r.LightShaftQuality:1]]
[2022.08.24-18.45.44:331][  0]LogConfig: Setting CVar [[r.Filter.SizeScale:1]]
[2022.08.24-18.45.44:331][  0]LogConfig: Setting CVar [[r.Tonemapper.Quality:5]]
[2022.08.24-18.45.44:332][  0]LogConfig: Setting CVar [[r.DOF.Gather.AccumulatorQuality:1        ; higher gathering accumulator quality]]
[2022.08.24-18.45.44:332][  0]LogConfig: Setting CVar [[r.DOF.Gather.PostfilterMethod:1          ; Median3x3 postfilering method]]
[2022.08.24-18.45.44:332][  0]LogConfig: Setting CVar [[r.DOF.Gather.EnableBokehSettings:0       ; no bokeh simulation when gathering]]
[2022.08.24-18.45.44:332][  0]LogConfig: Setting CVar [[r.DOF.Gather.RingCount:4                 ; medium number of samples when gathering]]
[2022.08.24-18.45.44:333][  0]LogConfig: Setting CVar [[r.DOF.Scatter.ForegroundCompositing:1    ; additive foreground scattering]]
[2022.08.24-18.45.44:333][  0]LogConfig: Setting CVar [[r.DOF.Scatter.BackgroundCompositing:2    ; additive background scattering]]
[2022.08.24-18.45.44:333][  0]LogConfig: Setting CVar [[r.DOF.Scatter.EnableBokehSettings:1      ; bokeh simulation when scattering]]
[2022.08.24-18.45.44:333][  0]LogConfig: Setting CVar [[r.DOF.Scatter.MaxSpriteRatio:0.1         ; only a maximum of 10% of scattered bokeh]]
[2022.08.24-18.45.44:334][  0]LogConfig: Setting CVar [[r.DOF.Recombine.Quality:1                ; cheap slight out of focus]]
[2022.08.24-18.45.44:334][  0]LogConfig: Setting CVar [[r.DOF.Recombine.EnableBokehSettings:0    ; no bokeh simulation on slight out of focus]]
[2022.08.24-18.45.44:334][  0]LogConfig: Setting CVar [[r.DOF.TemporalAAQuality:1                ; more stable temporal accumulation]]
[2022.08.24-18.45.44:334][  0]LogConfig: Setting CVar [[r.DOF.Kernel.MaxForegroundRadius:0.025]]
[2022.08.24-18.45.44:335][  0]LogConfig: Setting CVar [[r.DOF.Kernel.MaxBackgroundRadius:0.025]]
[2022.08.24-18.45.44:335][  0]LogConfig: Applying CVar settings from Section [TextureQuality@3] File [C:/Users/danie/Documents/Gamedev VR/game/UE4 game/fpsgame/Saved/Config/Windows/Scalability.ini]
[2022.08.24-18.45.44:335][  0]LogConfig: Setting CVar [[r.Streaming.MipBias:0]]
[2022.08.24-18.45.44:336][  0]LogConfig: Setting CVar [[r.Streaming.AmortizeCPUToGPUCopy:0]]
[2022.08.24-18.45.44:336][  0]LogConfig: Setting CVar [[r.Streaming.MaxNumTexturesToStreamPerFrame:0]]
[2022.08.24-18.45.44:336][  0]LogConfig: Setting CVar [[r.Streaming.Boost:1]]
[2022.08.24-18.45.44:337][  0]LogConfig: Setting CVar [[r.MaxAnisotropy:8]]
[2022.08.24-18.45.44:339][  0]LogConfig: Setting CVar [[r.VT.MaxAnisotropy:8]]
[2022.08.24-18.45.44:339][  0]LogConfig: Setting CVar [[r.Streaming.LimitPoolSizeToVRAM:0]]
[2022.08.24-18.45.44:339][  0]LogConfig: Setting CVar [[r.Streaming.PoolSize:1000]]
[2022.08.24-18.45.44:340][  0]LogConfig: Setting CVar [[r.Streaming.MaxEffectiveScreenSize:0]]
[2022.08.24-18.45.44:340][  0]LogConfig: Applying CVar settings from Section [EffectsQuality@3] File [C:/Users/danie/Documents/Gamedev VR/game/UE4 game/fpsgame/Saved/Config/Windows/Scalability.ini]
[2022.08.24-18.45.44:341][  0]LogConfig: Setting CVar [[r.TranslucencyLightingVolumeDim:64]]
[2022.08.24-18.45.44:341][  0]LogConfig: Setting CVar [[r.RefractionQuality:2]]
[2022.08.24-18.45.44:342][  0]LogConfig: Setting CVar [[r.SSR.Quality:3]]
[2022.08.24-18.45.44:342][  0]LogConfig: Setting CVar [[r.SSR.HalfResSceneColor:0]]
[2022.08.24-18.45.44:342][  0]LogConfig: Setting CVar [[r.SceneColorFormat:4]]
[2022.08.24-18.45.44:342][  0]LogConfig: Setting CVar [[r.DetailMode:2]]
[2022.08.24-18.45.44:343][  0]LogConfig: Setting CVar [[r.TranslucencyVolumeBlur:1]]
[2022.08.24-18.45.44:343][  0]LogConfig: Setting CVar [[r.MaterialQualityLevel:1 ; High quality]]
[2022.08.24-18.45.44:343][  0]LogConfig: Setting CVar [[r.AnisotropicMaterials:1]]
[2022.08.24-18.45.44:343][  0]LogConfig: Setting CVar [[r.SSS.Scale:1]]
[2022.08.24-18.45.44:344][  0]LogConfig: Setting CVar [[r.SSS.SampleSet:2]]
[2022.08.24-18.45.44:344][  0]LogConfig: Setting CVar [[r.SSS.Quality:1]]
[2022.08.24-18.45.44:344][  0]LogConfig: Setting CVar [[r.SSS.HalfRes:0]]
[2022.08.24-18.45.44:345][  0]LogConfig: Setting CVar [[r.SSGI.Quality:3]]
[2022.08.24-18.45.44:345][  0]LogConfig: Setting CVar [[r.EmitterSpawnRateScale:1.0]]
[2022.08.24-18.45.44:345][  0]LogConfig: Setting CVar [[r.ParticleLightQuality:2]]
[2022.08.24-18.45.44:345][  0]LogConfig: Setting CVar [[r.SkyAtmosphere.AerialPerspectiveLUT.FastApplyOnOpaque:1 ; Always have FastSkyLUT 1 in this case to avoid wrong sky]]
[2022.08.24-18.45.44:346][  0]LogConfig: Setting CVar [[r.SkyAtmosphere.AerialPerspectiveLUT.SampleCountMaxPerSlice:4]]
[2022.08.24-18.45.44:346][  0]LogConfig: Setting CVar [[r.SkyAtmosphere.AerialPerspectiveLUT.DepthResolution:16.0]]
[2022.08.24-18.45.44:346][  0]LogConfig: Setting CVar [[r.SkyAtmosphere.FastSkyLUT:1]]
[2022.08.24-18.45.44:346][  0]LogConfig: Setting CVar [[r.SkyAtmosphere.FastSkyLUT.SampleCountMin:4.0]]
[2022.08.24-18.45.44:347][  0]LogConfig: Setting CVar [[r.SkyAtmosphere.FastSkyLUT.SampleCountMax:128.0]]
[2022.08.24-18.45.44:347][  0]LogConfig: Setting CVar [[r.SkyAtmosphere.SampleCountMin:4.0]]
[2022.08.24-18.45.44:347][  0]LogConfig: Setting CVar [[r.SkyAtmosphere.SampleCountMax:128.0]]
[2022.08.24-18.45.44:347][  0]LogConfig: Setting CVar [[r.SkyAtmosphere.TransmittanceLUT.UseSmallFormat:0]]
[2022.08.24-18.45.44:348][  0]LogConfig: Setting CVar [[r.SkyAtmosphere.TransmittanceLUT.SampleCount:10.0]]
[2022.08.24-18.45.44:348][  0]LogConfig: Setting CVar [[r.SkyAtmosphere.MultiScatteringLUT.SampleCount:15.0]]
[2022.08.24-18.45.44:348][  0]LogConfig: Setting CVar [[r.SkyLight.RealTimeReflectionCapture:1]]
[2022.08.24-18.45.44:348][  0]LogConfig: Applying CVar settings from Section [FoliageQuality@3] File [C:/Users/danie/Documents/Gamedev VR/game/UE4 game/fpsgame/Saved/Config/Windows/Scalability.ini]
[2022.08.24-18.45.44:349][  0]LogConfig: Setting CVar [[foliage.DensityScale:1.0]]
[2022.08.24-18.45.44:349][  0]LogConfig: Setting CVar [[grass.DensityScale:1.0]]
[2022.08.24-18.45.44:349][  0]LogConfig: Applying CVar settings from Section [ShadingQuality@3] File [C:/Users/danie/Documents/Gamedev VR/game/UE4 game/fpsgame/Saved/Config/Windows/Scalability.ini]
[2022.08.24-18.45.44:349][  0]LogConfig: Setting CVar [[r.HairStrands.SkyLighting.IntegrationType:2]]
[2022.08.24-18.45.44:350][  0]LogConfig: Setting CVar [[r.HairStrands.SkyAO.SampleCount:4]]
[2022.08.24-18.45.44:350][  0]LogConfig: Setting CVar [[r.HairStrands.Visibility.MSAA.SamplePerPixel:4]]
[2022.08.24-18.45.44:350][  0]LogInit: Selected Device Profile: [Windows]
[2022.08.24-18.45.44:351][  0]LogInit: Applying CVar settings loaded from the selected device profile: [Windows]
[2022.08.24-18.45.44:351][  0]LogHAL: Display: Platform has ~ 16 GB [17128247296 / 17179869184 / 16], which maps to Larger [LargestMinGB=32, LargerMinGB=12, DefaultMinGB=8, SmallerMinGB=6, SmallestMinGB=0)
[2022.08.24-18.45.44:351][  0]LogInit: Going up to parent DeviceProfile []
[2022.08.24-18.45.44:351][  0]LogConfig: Applying CVar settings from Section [ViewDistanceQuality@3] File [C:/Users/danie/Documents/Gamedev VR/game/UE4 game/fpsgame/Saved/Config/Windows/Scalability.ini]
[2022.08.24-18.45.44:352][  0]LogConfig: Setting CVar [[r.SkeletalMeshLODBias:0]]
[2022.08.24-18.45.44:352][  0]LogConfig: Setting CVar [[r.ViewDistanceScale:1.0]]
[2022.08.24-18.45.44:352][  0]LogConfig: Applying CVar settings from Section [AntiAliasingQuality@3] File [C:/Users/danie/Documents/Gamedev VR/game/UE4 game/fpsgame/Saved/Config/Windows/Scalability.ini]
[2022.08.24-18.45.44:352][  0]LogConfig: Setting CVar [[r.PostProcessAAQuality:4]]
[2022.08.24-18.45.44:353][  0]LogConfig: Applying CVar settings from Section [ShadowQuality@3] File [C:/Users/danie/Documents/Gamedev VR/game/UE4 game/fpsgame/Saved/Config/Windows/Scalability.ini]
[2022.08.24-18.45.44:355][  0]LogConfig: Setting CVar [[r.LightFunctionQuality:1]]
[2022.08.24-18.45.44:355][  0]LogConfig: Setting CVar [[r.ShadowQuality:5]]
[2022.08.24-18.45.44:356][  0]LogConfig: Setting CVar [[r.Shadow.CSM.MaxCascades:10]]
[2022.08.24-18.45.44:356][  0]LogConfig: Setting CVar [[r.Shadow.MaxResolution:2048]]
[2022.08.24-18.45.44:356][  0]LogConfig: Setting CVar [[r.Shadow.MaxCSMResolution:2048]]
[2022.08.24-18.45.44:356][  0]LogConfig: Setting CVar [[r.Shadow.RadiusThreshold:0.01]]
[2022.08.24-18.45.44:357][  0]LogConfig: Setting CVar [[r.Shadow.DistanceScale:1.0]]
[2022.08.24-18.45.44:357][  0]LogConfig: Setting CVar [[r.Shadow.CSM.TransitionScale:1.0]]
[2022.08.24-18.45.44:357][  0]LogConfig: Setting CVar [[r.Shadow.PreShadowResolutionFactor:1.0]]
[2022.08.24-18.45.44:357][  0]LogConfig: Setting CVar [[r.DistanceFieldShadowing:1]]
[2022.08.24-18.45.44:358][  0]LogConfig: Setting CVar [[r.DistanceFieldAO:1]]
[2022.08.24-18.45.44:358][  0]LogConfig: Setting CVar [[r.AOQuality:2]]
[2022.08.24-18.45.44:358][  0]LogConfig: Setting CVar [[r.VolumetricFog:1]]
[2022.08.24-18.45.44:358][  0]LogConfig: Setting CVar [[r.VolumetricFog.GridPixelSize:8]]
[2022.08.24-18.45.44:359][  0]LogConfig: Setting CVar [[r.VolumetricFog.GridSizeZ:128]]
[2022.08.24-18.45.44:359][  0]LogConfig: Setting CVar [[r.VolumetricFog.HistoryMissSupersampleCount:4]]
[2022.08.24-18.45.44:359][  0]LogConfig: Setting CVar [[r.LightMaxDrawDistanceScale:1]]
[2022.08.24-18.45.44:360][  0]LogConfig: Setting CVar [[r.CapsuleShadows:1]]
[2022.08.24-18.45.44:360][  0]LogConfig: Applying CVar settings from Section [PostProcessQuality@3] File [C:/Users/danie/Documents/Gamedev VR/game/UE4 game/fpsgame/Saved/Config/Windows/Scalability.ini]
[2022.08.24-18.45.44:360][  0]LogConfig: Setting CVar [[r.MotionBlurQuality:4]]
[2022.08.24-18.45.44:360][  0]LogConfig: Setting CVar [[r.AmbientOcclusionMipLevelFactor:0.4]]
[2022.08.24-18.45.44:361][  0]LogConfig: Setting CVar [[r.AmbientOcclusionMaxQuality:100]]
[2022.08.24-18.45.44:361][  0]LogConfig: Setting CVar [[r.AmbientOcclusionLevels:-1]]
[2022.08.24-18.45.44:361][  0]LogConfig: Setting CVar [[r.AmbientOcclusionRadiusScale:1.0]]
[2022.08.24-18.45.44:361][  0]LogConfig: Setting CVar [[r.DepthOfFieldQuality:2]]
[2022.08.24-18.45.44:362][  0]LogConfig: Setting CVar [[r.RenderTargetPoolMin:400]]
[2022.08.24-18.45.44:362][  0]LogConfig: Setting CVar [[r.LensFlareQuality:2]]
[2022.08.24-18.45.44:362][  0]LogConfig: Setting CVar [[r.SceneColorFringeQuality:1]]
[2022.08.24-18.45.44:362][  0]LogConfig: Setting CVar [[r.EyeAdaptationQuality:2]]
[2022.08.24-18.45.44:363][  0]LogConfig: Setting CVar [[r.BloomQuality:5]]
[2022.08.24-18.45.44:363][  0]LogConfig: Setting CVar [[r.FastBlurThreshold:100]]
[2022.08.24-18.45.44:363][  0]LogConfig: Setting CVar [[r.Upscale.Quality:3]]
[2022.08.24-18.45.44:364][  0]LogConfig: Setting CVar [[r.Tonemapper.GrainQuantization:1]]
[2022.08.24-18.45.44:364][  0]LogConfig: Setting CVar [[r.LightShaftQuality:1]]
[2022.08.24-18.45.44:364][  0]LogConfig: Setting CVar [[r.Filter.SizeScale:1]]
[2022.08.24-18.45.44:364][  0]LogConfig: Setting CVar [[r.Tonemapper.Quality:5]]
[2022.08.24-18.45.44:365][  0]LogConfig: Setting CVar [[r.DOF.Gather.AccumulatorQuality:1        ; higher gathering accumulator quality]]
[2022.08.24-18.45.44:365][  0]LogConfig: Setting CVar [[r.DOF.Gather.PostfilterMethod:1          ; Median3x3 postfilering method]]
[2022.08.24-18.45.44:365][  0]LogConfig: Setting CVar [[r.DOF.Gather.EnableBokehSettings:0       ; no bokeh simulation when gathering]]
[2022.08.24-18.45.44:365][  0]LogConfig: Setting CVar [[r.DOF.Gather.RingCount:4                 ; medium number of samples when gathering]]
[2022.08.24-18.45.44:366][  0]LogConfig: Setting CVar [[r.DOF.Scatter.ForegroundCompositing:1    ; additive foreground scattering]]
[2022.08.24-18.45.44:366][  0]LogConfig: Setting CVar [[r.DOF.Scatter.BackgroundCompositing:2    ; additive background scattering]]
[2022.08.24-18.45.44:366][  0]LogConfig: Setting CVar [[r.DOF.Scatter.EnableBokehSettings:1      ; bokeh simulation when scattering]]
[2022.08.24-18.45.44:366][  0]LogConfig: Setting CVar [[r.DOF.Scatter.MaxSpriteRatio:0.1         ; only a maximum of 10% of scattered bokeh]]
[2022.08.24-18.45.44:367][  0]LogConfig: Setting CVar [[r.DOF.Recombine.Quality:1                ; cheap slight out of focus]]
[2022.08.24-18.45.44:367][  0]LogConfig: Setting CVar [[r.DOF.Recombine.EnableBokehSettings:0    ; no bokeh simulation on slight out of focus]]
[2022.08.24-18.45.44:367][  0]LogConfig: Setting CVar [[r.DOF.TemporalAAQuality:1                ; more stable temporal accumulation]]
[2022.08.24-18.45.44:367][  0]LogConfig: Setting CVar [[r.DOF.Kernel.MaxForegroundRadius:0.025]]
[2022.08.24-18.45.44:368][  0]LogConfig: Setting CVar [[r.DOF.Kernel.MaxBackgroundRadius:0.025]]
[2022.08.24-18.45.44:368][  0]LogConfig: Applying CVar settings from Section [TextureQuality@3] File [C:/Users/danie/Documents/Gamedev VR/game/UE4 game/fpsgame/Saved/Config/Windows/Scalability.ini]
[2022.08.24-18.45.44:368][  0]LogConfig: Setting CVar [[r.Streaming.MipBias:0]]
[2022.08.24-18.45.44:368][  0]LogConfig: Setting CVar [[r.Streaming.AmortizeCPUToGPUCopy:0]]
[2022.08.24-18.45.44:369][  0]LogConfig: Setting CVar [[r.Streaming.MaxNumTexturesToStreamPerFrame:0]]
[2022.08.24-18.45.44:371][  0]LogConfig: Setting CVar [[r.Streaming.Boost:1]]
[2022.08.24-18.45.44:372][  0]LogConfig: Setting CVar [[r.MaxAnisotropy:8]]
[2022.08.24-18.45.44:372][  0]LogConfig: Setting CVar [[r.VT.MaxAnisotropy:8]]
[2022.08.24-18.45.44:372][  0]LogConfig: Setting CVar [[r.Streaming.LimitPoolSizeToVRAM:0]]
[2022.08.24-18.45.44:372][  0]LogConfig: Setting CVar [[r.Streaming.PoolSize:1000]]
[2022.08.24-18.45.44:373][  0]LogConfig: Setting CVar [[r.Streaming.MaxEffectiveScreenSize:0]]
[2022.08.24-18.45.44:373][  0]LogConfig: Applying CVar settings from Section [EffectsQuality@3] File [C:/Users/danie/Documents/Gamedev VR/game/UE4 game/fpsgame/Saved/Config/Windows/Scalability.ini]
[2022.08.24-18.45.44:373][  0]LogConfig: Setting CVar [[r.TranslucencyLightingVolumeDim:64]]
[2022.08.24-18.45.44:373][  0]LogConfig: Setting CVar [[r.RefractionQuality:2]]
[2022.08.24-18.45.44:374][  0]LogConfig: Setting CVar [[r.SSR.Quality:3]]
[2022.08.24-18.45.44:374][  0]LogConfig: Setting CVar [[r.SSR.HalfResSceneColor:0]]
[2022.08.24-18.45.44:374][  0]LogConfig: Setting CVar [[r.SceneColorFormat:4]]
[2022.08.24-18.45.44:374][  0]LogConfig: Setting CVar [[r.DetailMode:2]]
[2022.08.24-18.45.44:375][  0]LogConfig: Setting CVar [[r.TranslucencyVolumeBlur:1]]
[2022.08.24-18.45.44:375][  0]LogConfig: Setting CVar [[r.MaterialQualityLevel:1 ; High quality]]
[2022.08.24-18.45.44:375][  0]LogConfig: Setting CVar [[r.AnisotropicMaterials:1]]
[2022.08.24-18.45.44:375][  0]LogConfig: Setting CVar [[r.SSS.Scale:1]]
[2022.08.24-18.45.44:376][  0]LogConfig: Setting CVar [[r.SSS.SampleSet:2]]
[2022.08.24-18.45.44:376][  0]LogConfig: Setting CVar [[r.SSS.Quality:1]]
[2022.08.24-18.45.44:376][  0]LogConfig: Setting CVar [[r.SSS.HalfRes:0]]
[2022.08.24-18.45.44:376][  0]LogConfig: Setting CVar [[r.SSGI.Quality:3]]
[2022.08.24-18.45.44:377][  0]LogConfig: Setting CVar [[r.EmitterSpawnRateScale:1.0]]
[2022.08.24-18.45.44:377][  0]LogConfig: Setting CVar [[r.ParticleLightQuality:2]]
[2022.08.24-18.45.44:377][  0]LogConfig: Setting CVar [[r.SkyAtmosphere.AerialPerspectiveLUT.FastApplyOnOpaque:1 ; Always have FastSkyLUT 1 in this case to avoid wrong sky]]
[2022.08.24-18.45.44:378][  0]LogConfig: Setting CVar [[r.SkyAtmosphere.AerialPerspectiveLUT.SampleCountMaxPerSlice:4]]
[2022.08.24-18.45.44:378][  0]LogConfig: Setting CVar [[r.SkyAtmosphere.AerialPerspectiveLUT.DepthResolution:16.0]]
[2022.08.24-18.45.44:378][  0]LogConfig: Setting CVar [[r.SkyAtmosphere.FastSkyLUT:1]]
[2022.08.24-18.45.44:378][  0]LogConfig: Setting CVar [[r.SkyAtmosphere.FastSkyLUT.SampleCountMin:4.0]]
[2022.08.24-18.45.44:379][  0]LogConfig: Setting CVar [[r.SkyAtmosphere.FastSkyLUT.SampleCountMax:128.0]]
[2022.08.24-18.45.44:379][  0]LogConfig: Setting CVar [[r.SkyAtmosphere.SampleCountMin:4.0]]
[2022.08.24-18.45.44:379][  0]LogConfig: Setting CVar [[r.SkyAtmosphere.SampleCountMax:128.0]]
[2022.08.24-18.45.44:379][  0]LogConfig: Setting CVar [[r.SkyAtmosphere.TransmittanceLUT.UseSmallFormat:0]]
[2022.08.24-18.45.44:380][  0]LogConfig: Setting CVar [[r.SkyAtmosphere.TransmittanceLUT.SampleCount:10.0]]
[2022.08.24-18.45.44:380][  0]LogConfig: Setting CVar [[r.SkyAtmosphere.MultiScatteringLUT.SampleCount:15.0]]
[2022.08.24-18.45.44:380][  0]LogConfig: Setting CVar [[r.SkyLight.RealTimeReflectionCapture:1]]
[2022.08.24-18.45.44:381][  0]LogConfig: Applying CVar settings from Section [FoliageQuality@3] File [C:/Users/danie/Documents/Gamedev VR/game/UE4 game/fpsgame/Saved/Config/Windows/Scalability.ini]
[2022.08.24-18.45.44:381][  0]LogConfig: Setting CVar [[foliage.DensityScale:1.0]]
[2022.08.24-18.45.44:381][  0]LogConfig: Setting CVar [[grass.DensityScale:1.0]]
[2022.08.24-18.45.44:381][  0]LogConfig: Applying CVar settings from Section [ShadingQuality@3] File [C:/Users/danie/Documents/Gamedev VR/game/UE4 game/fpsgame/Saved/Config/Windows/Scalability.ini]
[2022.08.24-18.45.44:382][  0]LogConfig: Setting CVar [[r.HairStrands.SkyLighting.IntegrationType:2]]
[2022.08.24-18.45.44:382][  0]LogConfig: Setting CVar [[r.HairStrands.SkyAO.SampleCount:4]]
[2022.08.24-18.45.44:382][  0]LogConfig: Setting CVar [[r.HairStrands.Visibility.MSAA.SamplePerPixel:4]]
[2022.08.24-18.45.44:382][  0]LogConfig: Applying CVar settings from Section [Startup] File [../../../Engine/Config/ConsoleVariables.ini]
[2022.08.24-18.45.44:383][  0]LogConfig: Setting CVar [[net.UseAdaptiveNetUpdateFrequency:0]]
[2022.08.24-18.45.44:383][  0]LogConfig: Setting CVar [[p.chaos.AllowCreatePhysxBodies:1]]
[2022.08.24-18.45.44:384][  0]LogConfig: Setting CVar [[fx.SkipVectorVMBackendOptimizations:1]]
[2022.08.24-18.45.44:384][  0]LogConfig: Applying CVar settings from Section [ConsoleVariables] File [C:/Users/danie/Documents/Gamedev VR/game/UE4 game/fpsgame/Saved/Config/Windows/Engine.ini]
[2022.08.24-18.45.44:384][  0]LogConfig: Applying CVar settings from Section [ConsoleVariables] File [C:/Users/danie/Documents/Gamedev VR/game/UE4 game/fpsgame/Saved/Config/Windows/Editor.ini]
[2022.08.24-18.45.44:384][  0]LogInit: Computer: DESKTOP-QG36584
[2022.08.24-18.45.44:385][  0]LogInit: User: danie
[2022.08.24-18.45.44:388][  0]LogInit: CPU Page size=4096, Cores=6
[2022.08.24-18.45.44:388][  0]LogInit: High frequency timer resolution =10.000000 MHz
[2022.08.24-18.45.44:389][  0]LogMemory: Memory total: Physical=16.0GB (16GB approx)
[2022.08.24-18.45.44:389][  0]LogMemory: Platform Memory Stats for Windows
[2022.08.24-18.45.44:389][  0]LogMemory: Process Physical Memory: 136.14 MB used, 136.15 MB peak
[2022.08.24-18.45.44:389][  0]LogMemory: Process Virtual Memory: 113.21 MB used, 113.21 MB peak
[2022.08.24-18.45.44:390][  0]LogMemory: Physical Memory: 13585.27 MB used,  2749.50 MB free, 16334.77 MB total
[2022.08.24-18.45.44:390][  0]LogMemory: Virtual Memory: 134214208.00 MB used,  3522.56 MB free, 134217728.00 MB total
[2022.08.24-18.45.44:392][  0]LogWindows: WindowsPlatformFeatures disabled or dedicated server build
[2022.08.24-18.45.44:400][  0]LogInit: Physics initialised using underlying interface: PhysX
[2022.08.24-18.45.44:400][  0]LogInit: Using OS detected language (en-US).
[2022.08.24-18.45.44:400][  0]LogInit: Using OS detected locale (en-GB).
[2022.08.24-18.45.44:404][  0]LogTextLocalizationManager: No specific localization for 'en-US' exists, so the 'en' localization will be used.
[2022.08.24-18.45.44:775][  0]LogTargetPlatformManager: Display: Loaded TargetPlatform 'WindowsNoEditor'
[2022.08.24-18.45.44:778][  0]LogTargetPlatformManager: Display: Loaded TargetPlatform 'Windows'
[2022.08.24-18.45.44:781][  0]LogTargetPlatformManager: Display: Loaded TargetPlatform 'WindowsClient'
[2022.08.24-18.45.44:783][  0]LogTargetPlatformManager: Display: Loaded TargetPlatform 'WindowsServer'
[2022.08.24-18.45.44:783][  0]LogTargetPlatformManager: Display: Building Assets For Windows
[2022.08.24-18.45.44:786][  0]LogAudioDebug: Display: Lib vorbis DLL was dynamically loaded.
[2022.08.24-18.45.44:799][  0]LogTextureFormatOodle: Display: Oodle Texture 2.9.0 init RDO Off
[2022.08.24-18.45.44:809][  0]LogRendererCore: Ray tracing is disabled. Reason: r.RayTracing=0.
[2022.08.24-18.45.44:809][  0]LogShaderCompilers: Guid format shader working directory is -27 characters bigger than the processId version (../../../../../../Users/danie/Documents/Gamedev VR/game/UE4 game/fpsgame/Intermediate/Shaders/WorkingDirectory/15096/).
[2022.08.24-18.45.44:810][  0]LogShaderCompilers: Cleaned the shader compiler working directory 'C:/Users/danie/AppData/Local/Temp/UnrealShaderWorkingDir/66589E5045B2D9611E77969554BD0D6C/'.
[2022.08.24-18.45.44:810][  0]LogXGEController: Cannot use XGE Controller as Incredibuild is not installed on this machine.
[2022.08.24-18.45.44:810][  0]LogShaderCompilers: Cannot use XGE Shader Compiler as Incredibuild is not installed on this machine.
[2022.08.24-18.45.44:810][  0]LogShaderCompilers: Display: Using Local Shader Compiler.
[2022.08.24-18.45.45:257][  0]LogDerivedDataCache: Display: Max Cache Size: 512 MB
[2022.08.24-18.45.45:315][  0]LogDerivedDataCache: Loaded boot cache 0.06s 95MB C:/Users/danie/AppData/Local/UnrealEngine/4.27/DerivedDataCache/Boot.ddc.
[2022.08.24-18.45.45:316][  0]LogDerivedDataCache: Display: Loaded Boot cache: C:/Users/danie/AppData/Local/UnrealEngine/4.27/DerivedDataCache/Boot.ddc
[2022.08.24-18.45.45:316][  0]LogDerivedDataCache: FDerivedDataBackendGraph:  Pak pak cache file ../../../../../../Users/danie/Documents/Gamedev VR/game/UE4 game/fpsgame/DerivedDataCache/DDC.ddp not found, will not use a pak cache.
[2022.08.24-18.45.45:317][  0]LogDerivedDataCache: Unable to find inner node Pak for hierarchical cache Hierarchy.
[2022.08.24-18.45.45:317][  0]LogDerivedDataCache: FDerivedDataBackendGraph:  CompressedPak pak cache file ../../../../../../Users/danie/Documents/Gamedev VR/game/UE4 game/fpsgame/DerivedDataCache/Compressed.ddp not found, will not use a pak cache.
[2022.08.24-18.45.45:317][  0]LogDerivedDataCache: Unable to find inner node CompressedPak for hierarchical cache Hierarchy.
[2022.08.24-18.45.45:334][  0]LogDerivedDataCache: Display: Pak cache opened for reading ../../../Engine/DerivedDataCache/Compressed.ddp.
[2022.08.24-18.45.45:334][  0]LogDerivedDataCache: FDerivedDataBackendGraph:  EnterprisePak pak cache file ../../../Enterprise/DerivedDataCache/Compressed.ddp not found, will not use a pak cache.
[2022.08.24-18.45.45:335][  0]LogDerivedDataCache: Unable to find inner node EnterprisePak for hierarchical cache Hierarchy.
[2022.08.24-18.45.45:344][  0]LogDerivedDataCache: Speed tests for C:/Users/danie/AppData/Local/UnrealEngine/Common/DerivedDataCache took 0.01 seconds
[2022.08.24-18.45.45:344][  0]LogDerivedDataCache: Display: Performance to C:/Users/danie/AppData/Local/UnrealEngine/Common/DerivedDataCache: Latency=0.03ms. RandomReadSpeed=311.51MBs, RandomWriteSpeed=171.90MBs. Assigned SpeedClass 'Local'
[2022.08.24-18.45.45:345][  0]LogDerivedDataCache: Using Local data cache path C:/Users/danie/AppData/Local/UnrealEngine/Common/DerivedDataCache: Writable
[2022.08.24-18.45.45:345][  0]LogDerivedDataCache: Shared data cache path not found in *engine.ini, will not use an Shared cache.
[2022.08.24-18.45.45:345][  0]LogDerivedDataCache: Unable to find inner node Shared for hierarchical cache Hierarchy.
[2022.08.24-18.45.45:346][  0]LogInit: Using OS detected language (en-US).
[2022.08.24-18.45.45:346][  0]LogInit: Using OS detected locale (en-GB).
[2022.08.24-18.45.45:347][  0]LogTextLocalizationManager: No localization for 'en-US' exists, so 'en' will be used for the language.
[2022.08.24-18.45.45:347][  0]LogTextLocalizationManager: No localization for 'en-GB' exists, so 'en' will be used for the locale.
[2022.08.24-18.45.45:350][  0]LogTextLocalizationManager: Compacting localization data took   0.00ms
[2022.08.24-18.45.45:351][  0]LogAssetRegistry: FAssetRegistry took 0.0023 seconds to start up
[2022.08.24-18.45.45:504][  0]LogPackageLocalizationCache: Processed 27 localized package path(s) for 1 prioritized culture(s) in 0.000991 seconds
[2022.08.24-18.45.45:582][  0]LogInit: Selected Device Profile: [Windows]
[2022.08.24-18.45.45:582][  0]LogInit: Active device profile: [000001F141C10500][000001F13FDC7500 49] Windows
[2022.08.24-18.45.45:583][  0]LogInit: Profiles: [000001F141C10500][000001F13FDC7500 49] Windows, [000001F141BF6D00][000001F13FDD57C0 49] WindowsNoEditor, [000001F141BF4100][000001F13FDD9A80 49] WindowsServer, [000001F141C13000][000001F13FDDC1C0 49] WindowsClient, [000001F141C10200][000001F13FDCA440 49] IOS, [000001F141C0BD00][000001F13FDE4700 49] iPadAir, [000001F141C13A00][000001F13FDE89C0 49] iPadAir2, [000001F141B9C200][000001F13FE02F00 49] IPadPro, [000001F141B97F00][000001F13FDECF40 49] iPadAir3, [000001F141BF4700][000001F13FDFB200 49] iPadAir4, [000001F141B94500][000001F13FDF74C0 49] iPadMini2, [000001F141BF4200][000001F13FDFF780 49] iPadMini3, [000001F141B95200][000001F13FE0DA40 49] iPadMini4, [000001F141BF6F00][000001F13FE10180 49] iPadMini5, [000001F141C09600][000001F13FE20640 49] iPhone6, [000001F141C09700][000001F13FDE0680 49] iPodTouch6, [000001F141B96100][000001F13FE2CBC0 49] iPhone7, [000001F141B96200][000001F13FE1CC00 49] iPodTouch7, [000001F141C0A600][000001F13FE24EC0 49] iPhone5S, [000001F141B97100][000001F13FE19180 49] iPhone6Plus, [000001F141C0BB00][000001F13FE29440 49] iPhone6S, [000001F141B96B00][000001F13FE31700 49] iPhone6SPlus, [000001F141C08A00][000001F13FE359C0 49] iPhone7Plus, [000001F141B96F00][000001F13FE38100 49] iPhoneSE, [000001F141C09000][000001F13FE3C3C0 49] iPhone8, [000001F141B97C00][000001F13FE14640 49] iPhone8Plus, [000001F141C0B200][000001F13FE408C0 49] iPhoneX, [000001F141B96C00][000001F13FE48B80 49] iPhoneXS, [000001F141C0AB00][000001F13FE4CE40 49] iPhoneXSMax, [000001F141B96900][000001F13FE51100 49] iPhoneXR, [000001F141C0AF00][000001F13FE553C0 49] iPhone11, [000001F141B94A00][000001F13FE59680 49] iPhone11Pro, [000001F141C0BE00][000001F13FE5D940 49] iPhone11ProMax, [000001F141B95400][000001F13FE61C00 49] iPhoneSE2, [000001F141C0BF00][000001F13FE64340 49] iPhone12Mini, [000001F141B97D00][000001F13FE68600 49] iPhone12, [000001F141C09200][000001F13FE44880 49] iPhone12Pro, [000001F141B97500][000001F13FE6CB00 49] iPhone12ProMax, [000001F141C08200][000001F13FE74DC0 49] iPadPro105, [000001F141B95A00][000001F13FE79080 49] iPadPro129, [000001F141C08D00][000001F13FE7D340 49] iPadPro97, [000001F141B94900][000001F13FE81600 49] iPadPro2_129, [000001F141C09A00][000001F13FE858C0 49] iPad5, [000001F141B95C00][000001F13FE89B80 49] iPad6, [000001F141C0B900][000001F13FE8C2C0 49] iPad7, [000001F141B96600][000001F13FE90580 49] iPad8, [000001F141C0B000][000001F13FE94840 49] iPadPro11, [000001F141B95500][000001F13FE70AC0 49] iPadPro2_11, [000001F141C0A100][000001F13FE98D40 49] iPadPro3_129, [000001F141B95D00][000001F13FEA1000 49] iPadPro4_129, [000001F141C0A400][000001F13FEA52C0 49] AppleTV, [000001F141B96E00][000001F13FEA9580 49] AppleTV4K, [000001F141C08500][000001F13FEAD840 49] TVOS, [000001F141B97A00][000001F13FEB1B00 49] Mac, [000001F141C0A900][000001F13FEB4240 49] MacClient, [000001F141B95700][000001F13FEB8500 49] MacNoEditor, [000001F141C09100][000001F13FEBC7C0 49] MacServer, [000001F141B97B00][000001F13FEC0A80 49] Linux, [000001F141C08600][000001F13FE9CD00 49] LinuxAArch64, [000001F141B94400][000001F13FEC4F80 49] LinuxNoEditor, [000001F141C0A200][000001F13FECD240 49] LinuxAArch64NoEditor, [000001F141C10100][000001F13FED1500 49] LinuxClient, [000001F141B9C700][000001F13FED57C0 49] LinuxAArch64Client, [000001F141C11900][000001F13FED9A80 49] LinuxServer, [000001F141B9CA00][000001F13FEDC1C0 49] LinuxAArch64Server, [000001F141C12D00][000001F13FEE0480 49] Android, [000001F141B9D400][000001F13FEE4740 49] Android_Low, [000001F141C11100][000001F13FEE8A00 49] Android_Mid, [000001F141B9CE00][000001F13FEECCC0 49] Android_High, [000001F141C10800][000001F13FEC8F40 49] Android_Default, [000001F141B9E600][000001F13FEF11C0 49] Android_Adreno4xx, [000001F141C11400][000001F13FEF9480 49] Android_Adreno5xx_Low, [000001F141B9E400][000001F13FEFD740 49] Android_Adreno5xx, [000001F141C10700][000001F13FF01A00 49] Android_Adreno6xx, [000001F141B9EC00][000001F13FF04140 49] Android_Adreno6xx_Vulkan, [000001F141C13B00][000001F13FF08400 49] Android_Mali_T6xx, [000001F141B9C500][000001F13FF0C6C0 49] Android_Mali_T7xx, [000001F141C10300][000001F13FF10980 49] Android_Mali_T8xx, [000001F141B9F000][000001F13FF14C40 49] Android_Mali_G71, [000001F141C12900][000001F13FF18F00 49] Android_Mali_G72, [000001F141B9E500][000001F13FEF5180 49] Android_Mali_G72_Vulkan, [000001F141C11B00][000001F13FF1D400 49] Android_Mali_G76, [000001F141B9F100][000001F13FF256C0 49] Android_Mali_G76_Vulkan, [000001F141C11E00][000001F13FF29980 49] Android_Mali_G77, [000001F141B9FB00][000001F13FF2C0C0 49] Android_Mali_G77_Vulkan, [000001F141C13C00][000001F13FF30380 49] Android_Mali_G78, [000001F141B9FF00][000001F13FF34640 49] Android_Mali_G78_Vulkan, [000001F141C12400][000001F13FF38900 49] Android_Mali_G710, [000001F141B9D300][000001F13FF3CBC0 49] Android_Mali_G710_Vulkan, [000001F141C13100][000001F13FF40E80 49] Android_Vulkan_SM5, [000001F141B96400][000001F13FF45140 49] Android_PowerVR_G6xxx, [000001F141C11D00][000001F13FF213C0 49] Android_PowerVR_GT7xxx, [000001F141B94100][000001F13FF49640 49] Android_PowerVR_GE8xxx, [000001F141C13200][000001F13FF51900 49] Android_PowerVR_GM9xxx, [000001F141B94300][000001F13FF55BC0 49] Android_PowerVR_GM9xxx_Vulkan, [000001F141C13300][000001F13FF58300 49] Android_TegraK1, [000001F141B95600][000001F13FF5C5C0 49] Android_Unknown_Vulkan, [000001F141C12000][000001F13FF60880 49] Lumin, [000001F141B94B00][000001F13FF64B40 49] Lumin_Desktop, [000001F141C10D00][000001F13FF68E00 49] HoloLens, 
[2022.08.24-18.45.45:600][  0]LogMeshReduction: Using QuadricMeshReduction for automatic static mesh reduction
[2022.08.24-18.45.45:600][  0]LogMeshReduction: Using SimplygonMeshReduction for automatic skeletal mesh reduction
[2022.08.24-18.45.45:600][  0]LogMeshReduction: Using ProxyLODMeshReduction for automatic mesh merging
[2022.08.24-18.45.45:600][  0]LogMeshReduction: No distributed automatic mesh merging module available
[2022.08.24-18.45.45:600][  0]LogMeshMerging: No distributed automatic mesh merging module available
[2022.08.24-18.45.45:610][  0]LogNetVersion: fpsgame 1.0.0, NetCL: 17155196, EngineNetVer: 17, GameNetVer: 0 (Checksum: 3215450660)
[2022.08.24-18.45.45:694][  0]LogTexture: Default maximum texture size for cubemaps generated from long-lat sources has been changed from 512 to unlimited. In order to preserve old behaiour for '/Engine/MapTemplates/Sky/DaylightAmbientCubemap.DaylightAmbientCubemap', its maximum texture size has been explicitly set to 512.
[2022.08.24-18.45.45:708][  0]LogHMD: PokeAHoleMaterial loaded successfully
[2022.08.24-18.45.45:766][  0]LogPython: Using Python 3.7.7
[2022.08.24-18.45.46:158][  0]LogNiagaraDebuggerClient: Niagara Debugger Client Initialized | Session: C354AFF947110903B6A5C3AE77CBC9D7 | Instance: F456D73F460CDC0F38CB62AED78F87FF (DESKTOP-QG36584-15096).
[2022.08.24-18.45.46:172][  0]LogCollectionManager: Loaded 0 collections in 0.001700 seconds
[2022.08.24-18.45.46:174][  0]LogFileCache: Scanning file cache for directory 'C:/Users/danie/Documents/Gamedev VR/game/UE4 game/fpsgame/Saved/Collections/' took 0.00s
[2022.08.24-18.45.46:174][  0]LogFileCache: Scanning file cache for directory 'C:/Users/danie/Documents/Gamedev VR/game/UE4 game/fpsgame/Content/Developers/danie/Collections/' took 0.00s
[2022.08.24-18.45.46:174][  0]LogFileCache: Scanning file cache for directory 'C:/Users/danie/Documents/Gamedev VR/game/UE4 game/fpsgame/Content/Collections/' took 0.00s
[2022.08.24-18.45.46:175][  0]LogCollectionManager: Fixed up redirectors for 0 collections in 0.000002 seconds (updated 0 objects)
[2022.08.24-18.45.46:239][  0]LogTcpMessaging: Initializing TcpMessaging bridge
[2022.08.24-18.45.46:241][  0]LogUdpMessaging: Initializing bridge on interface 0.0.0.0:0 to multicast group 230.0.0.1:6666.
[2022.08.24-18.45.46:296][  0]SourceControl: Source control is disabled
[2022.08.24-18.45.46:297][  0]SourceControl: Source control is disabled
[2022.08.24-18.45.46:298][  0]SourceControl: Source control is disabled
[2022.08.24-18.45.46:300][  0]LogUProjectInfo: Found projects:
[2022.08.24-18.45.46:333][  0]LogOpenImageDenoise: OIDN starting up
[2022.08.24-18.45.46:358][  0]LogAndroidPermission: UAndroidPermissionCallbackProxy::GetInstance
[2022.08.24-18.45.46:366][  0]LogAudioCaptureCore: Display: No Audio Capture implementations found. Audio input will be silent.
[2022.08.24-18.45.46:366][  0]LogAudioCaptureCore: Display: No Audio Capture implementations found. Audio input will be silent.
[2022.08.24-18.45.46:413][  0]LogOcInput: OculusInput pre-init called
[2022.08.24-18.45.46:422][  0]LogUObjectArray: 22261 objects as part of root set at end of initial load.
[2022.08.24-18.45.46:422][  0]LogUObjectAllocator: 6034928 out of 0 bytes used by permanent object pool.
[2022.08.24-18.45.46:422][  0]LogUObjectArray: CloseDisregardForGC: 0/0 objects in disregard for GC pool
[2022.08.24-18.45.46:452][  0]LogClass: Display: StructProperty FRewindDataStruct::SnapshotPosition is not initialized properly. Module:fpsgame File:RewindComponent.h
[2022.08.24-18.45.46:452][  0]LogClass: Display: StructProperty FRewindDataStruct::SnapshotRotation is not initialized properly. Module:fpsgame File:RewindComponent.h
[2022.08.24-18.45.46:453][  0]LogClass: Display: StructProperty FRewindDataStruct::SnapshotScale is not initialized properly. Module:fpsgame File:RewindComponent.h
[2022.08.24-18.45.46:453][  0]LogClass: Display: FloatProperty FWeaponDataStruct::MaxRange is not initialized properly. Module:fpsgame File:WeaponActor.h
[2022.08.24-18.45.46:453][  0]LogClass: Display: FloatProperty FWeaponDataStruct::FireRate is not initialized properly. Module:fpsgame File:WeaponActor.h
[2022.08.24-18.45.46:454][  0]LogClass: Display: IntProperty FWeaponDataStruct::CartridgeBullets is not initialized properly. Module:fpsgame File:WeaponActor.h
[2022.08.24-18.45.46:454][  0]LogClass: Display: IntProperty FWeaponDataStruct::BurstNumber is not initialized properly. Module:fpsgame File:WeaponActor.h
[2022.08.24-18.45.46:454][  0]LogClass: Display: IntProperty FWeaponDataStruct::MaxMagSize is not initialized properly. Module:fpsgame File:WeaponActor.h
[2022.08.24-18.45.46:454][  0]LogClass: Display: IntProperty FWeaponDataStruct::MagAmmo is not initialized properly. Module:fpsgame File:WeaponActor.h
[2022.08.24-18.45.46:455][  0]LogClass: Display: FloatProperty FWeaponDataStruct::ProjectileSpeed is not initialized properly. Module:fpsgame File:WeaponActor.h
[2022.08.24-18.45.46:455][  0]LogClass: Display: EnumProperty FWeaponDataStruct::WAWeaponType is not initialized properly. Module:fpsgame File:WeaponActor.h
[2022.08.24-18.45.46:455][  0]LogClass: Display: EnumProperty FWeaponDataStruct::WAWeaponFireType is not initialized properly. Module:fpsgame File:WeaponActor.h
[2022.08.24-18.45.46:455][  0]LogClass: Display: EnumProperty FWeaponDataStruct::WAWeaponHitDetectionType is not initialized properly. Module:fpsgame File:WeaponActor.h
[2022.08.24-18.45.46:456][  0]LogClass: Warning: ObjectProperty FWeaponDataStruct::GunMesh is not initialized properly. Module:fpsgame File:WeaponActor.h
[2022.08.24-18.45.46:456][  0]LogClass: Display: EnumProperty FWeaponDataStruct::TypeOfEquip is not initialized properly. Module:fpsgame File:WeaponActor.h
[2022.08.24-18.45.46:456][  0]LogClass: Display: EnumProperty FWeaponDataStruct::GunModel is not initialized properly. Module:fpsgame File:WeaponActor.h
[2022.08.24-18.45.46:457][  0]LogClass: Display: StructProperty FWeaponDataStruct::BasePosition is not initialized properly. Module:fpsgame File:WeaponActor.h
[2022.08.24-18.45.46:457][  0]LogClass: Display: StructProperty FWeaponDataStruct::BaseRotation is not initialized properly. Module:fpsgame File:WeaponActor.h
[2022.08.24-18.45.46:457][  0]LogClass: Display: StructProperty FWeaponDataStruct::BaseScale is not initialized properly. Module:fpsgame File:WeaponActor.h
[2022.08.24-18.45.46:457][  0]LogClass: Display: StructProperty FWeaponDataStruct::TPBaseScale is not initialized properly. Module:fpsgame File:WeaponActor.h
[2022.08.24-18.45.46:458][  0]LogClass: Display: StructProperty FWeaponDataStruct::TPBaseRotation is not initialized properly. Module:fpsgame File:WeaponActor.h
[2022.08.24-18.45.46:458][  0]LogClass: Display: StructProperty FWeaponDataStruct::TPBasePosition is not initialized properly. Module:fpsgame File:WeaponActor.h
[2022.08.24-18.45.46:459][  0]LogClass: Display: 22 Uninitialized script struct members found including 1 object properties
[2022.08.24-18.45.46:459][  0]LogAutomationTest: Warning: ObjectProperty FWeaponDataStruct::GunMesh is not initialized properly. Module:fpsgame File:WeaponActor.h
[2022.08.24-18.45.46:460][  0]LogEngine: Initializing Engine...
[2022.08.24-18.45.46:461][  0]LogStats: UGameplayTagsManager::InitializeManager -  0.000 s
[2022.08.24-18.45.46:472][  0]LogInit: Initializing FReadOnlyCVARCache
[2022.08.24-18.45.46:472][  0]LogNetVersion: Set ProjectVersion to 1.0.0.0. Version Checksum will be recalculated on next use.
[2022.08.24-18.45.46:474][  0]LogInit: Texture streaming: Disabled
[2022.08.24-18.45.46:498][  0]LogInit: Display: Game Engine Initialized.
[2022.08.24-18.45.46:498][  0]LogNiagaraEditor: GEditor isn't valid! Particle reset commands will not work for Niagara components!
[2022.08.24-18.45.46:530][  0]LogInit: Display: Starting Game.
[2022.08.24-18.45.46:531][  0]LogNet: Browse: /Game/Maps/TestMap?Name=Player
[2022.08.24-18.45.46:531][  0]LogLoad: LoadMap: /Game/Maps/TestMap?Name=Player
[2022.08.24-18.45.46:531][  0]LogWorld: BeginTearingDown for /Temp/Untitled_0
[2022.08.24-18.45.46:534][  0]LogWorld: UWorld::CleanupWorld for Untitled, bSessionEnded=true, bCleanupResources=true
[2022.08.24-18.45.46:542][  0]LogUObjectHash: Compacting FUObjectHashTables data took   0.73ms
[2022.08.24-18.45.46:632][  0]LogAIModule: Creating AISystem for world TestMap
[2022.08.24-18.45.46:821][  0]LogLoad: Game class is 'BP_FPSGameModeDefault_C'
[2022.08.24-18.45.46:822][  0]LogNet: PktLoss set to 0
[2022.08.24-18.45.46:822][  0]LogNet: PktLagMin set to 200
[2022.08.24-18.45.46:823][  0]LogNet: PktLagMax set to 200
[2022.08.24-18.45.46:823][  0]LogNet: PktIncomingLagMin set to 200
[2022.08.24-18.45.46:823][  0]LogNet: PktIncomingLagMax set to 200
[2022.08.24-18.45.46:824][  0]LogNet: PktIncomingLoss set to 0
[2022.08.24-18.45.46:824][  0]LogNet: PktLoss set to 0
[2022.08.24-18.45.46:825][  0]LogNet: PktLagMin set to 200
[2022.08.24-18.45.46:825][  0]LogNet: PktLagMax set to 200
[2022.08.24-18.45.46:825][  0]LogNet: PktIncomingLagMin set to 200
[2022.08.24-18.45.46:826][  0]LogNet: PktIncomingLagMax set to 200
[2022.08.24-18.45.46:826][  0]LogNet: PktIncomingLoss set to 0
[2022.08.24-18.45.46:826][  0]LogNet: PktLoss set to 0
[2022.08.24-18.45.46:827][  0]LogNet: PktLagMin set to 200
[2022.08.24-18.45.46:827][  0]LogNet: PktLagMax set to 200
[2022.08.24-18.45.46:827][  0]LogNet: PktIncomingLagMin set to 200
[2022.08.24-18.45.46:828][  0]LogNet: PktIncomingLagMax set to 200
[2022.08.24-18.45.46:828][  0]LogNet: PktIncomingLoss set to 0
[2022.08.24-18.45.46:829][  0]LogNet: ReplicationDriverClass is null! Not using ReplicationDriver.
[2022.08.24-18.45.46:829][  0]LogNetCore: DDoS detection status: detection enabled: 0 analytics enabled: 0
[2022.08.24-18.45.46:829][  0]LogInit: WinSock: Socket queue. Rx: 131072 (config 131072) Tx: 131072 (config 131072)
[2022.08.24-18.45.46:830][  0]LogNet: Created socket for bind address: 0.0.0.0 on port 17777
[2022.08.24-18.45.46:830][  0]PacketHandlerLog: Loaded PacketHandler component: Engine.EngineHandlerComponentFactory (StatelessConnectHandlerComponent)
[2022.08.24-18.45.46:831][  0]LogNet: GameNetDriver IpNetDriver_0 IpNetDriver listening on port 17777
[2022.08.24-18.45.46:832][  0]LogWorld: Bringing World /Game/Maps/TestMap.TestMap up for play (max tick rate 30) at 2022.08.24-19.45.46
[2022.08.24-18.45.46:833][  0]LogWorld: Bringing up level for play took: 0.001359
[2022.08.24-18.45.46:833][  0]LogGameMode: Display: Match State Changed from EnteringMap to WaitingToStart
[2022.08.24-18.45.46:833][  0]LogGameState: Match State Changed from EnteringMap to WaitingToStart
[2022.08.24-18.45.46:833][  0]LogLoad: Took 0.302502 seconds to LoadMap(/Game/Maps/TestMap)
[2022.08.24-18.45.46:838][  0]LogInit: Display: Engine is initialized. Leaving FEngineLoop::Init()
[2022.08.24-18.45.46:839][  0]LogLoad: (Engine Initialization) Total time: 4.59 seconds
[2022.08.24-18.45.46:839][  0]LogLoad: (Engine Initialization) Total Blueprint compile time: 0.00 seconds
[2022.08.24-18.45.47:172][  9]LogNet: NotifyAcceptingConnection accepted from: 127.0.0.1:63528
[2022.08.24-18.45.47:172][  9]LogHandshake: SendConnectChallenge. Timestamp: 0.331533, Cookie: 194173138104194198095033142150255167238176096109232070040104
[2022.08.24-18.45.47:204][ 10]LogNet: NotifyAcceptingConnection accepted from: 127.0.0.1:63528
[2022.08.24-18.45.47:204][ 10]LogHandshake: SendChallengeAck. InCookie: 194173138104194198095033142150255167238176096109232070040104
[2022.08.24-18.45.47:205][ 10]LogNet: Server accepting post-challenge connection from: 127.0.0.1:63528
[2022.08.24-18.45.47:205][ 10]PacketHandlerLog: Loaded PacketHandler component: Engine.EngineHandlerComponentFactory (StatelessConnectHandlerComponent)
[2022.08.24-18.45.47:206][ 10]LogNet: NotifyAcceptedConnection: Name: TestMap, TimeStamp: 08/24/22 19:45:47, [UNetConnection] RemoteAddr: 127.0.0.1:63528, Name: IpConnection_0, Driver: GameNetDriver IpNetDriver_0, IsServer: YES, PC: NULL, Owner: NULL, UniqueId: INVALID
[2022.08.24-18.45.47:206][ 10]LogNet: AddClientConnection: Added client connection: [UNetConnection] RemoteAddr: 127.0.0.1:63528, Name: IpConnection_0, Driver: GameNetDriver IpNetDriver_0, IsServer: YES, PC: NULL, Owner: NULL, UniqueId: INVALID
[2022.08.24-18.45.47:469][ 18]LogNet: NotifyAcceptingChannel Control 0 server World /Game/Maps/TestMap.TestMap: Accepted
[2022.08.24-18.45.47:469][ 18]LogNet: Remote platform little endian=1
[2022.08.24-18.45.47:470][ 18]LogNet: This platform little endian=1
[2022.08.24-18.45.47:470][ 18]LogNetVersion: fpsgame 1.0.0.0, NetCL: 17155196, EngineNetVer: 17, GameNetVer: 0 (Checksum: 1484303137)
[2022.08.24-18.45.47:601][ 22]LogNet: NotifyAcceptingConnection accepted from: 127.0.0.1:63531
[2022.08.24-18.45.47:601][ 22]LogHandshake: SendConnectChallenge. Timestamp: 0.760959, Cookie: 141129193249238056007237086013048001217074096182221219229135
[2022.08.24-18.45.47:634][ 23]LogNet: NotifyAcceptingConnection accepted from: 127.0.0.1:63531
[2022.08.24-18.45.47:634][ 23]LogHandshake: SendChallengeAck. InCookie: 141129193249238056007237086013048001217074096182221219229135
[2022.08.24-18.45.47:634][ 23]LogNet: Server accepting post-challenge connection from: 127.0.0.1:63531
[2022.08.24-18.45.47:635][ 23]PacketHandlerLog: Loaded PacketHandler component: Engine.EngineHandlerComponentFactory (StatelessConnectHandlerComponent)
[2022.08.24-18.45.47:635][ 23]LogNet: NotifyAcceptedConnection: Name: TestMap, TimeStamp: 08/24/22 19:45:47, [UNetConnection] RemoteAddr: 127.0.0.1:63531, Name: IpConnection_1, Driver: GameNetDriver IpNetDriver_0, IsServer: YES, PC: NULL, Owner: NULL, UniqueId: INVALID
[2022.08.24-18.45.47:635][ 23]LogNet: AddClientConnection: Added client connection: [UNetConnection] RemoteAddr: 127.0.0.1:63531, Name: IpConnection_1, Driver: GameNetDriver IpNetDriver_0, IsServer: YES, PC: NULL, Owner: NULL, UniqueId: INVALID
[2022.08.24-18.45.47:865][ 30]LogNet: NotifyAcceptingChannel Control 0 server World /Game/Maps/TestMap.TestMap: Accepted
[2022.08.24-18.45.47:865][ 30]LogNet: Remote platform little endian=1
[2022.08.24-18.45.47:866][ 30]LogNet: This platform little endian=1
[2022.08.24-18.45.47:966][ 33]LogNet: Login request: ?Name=DESKTOP-QG36584-2FD3A2EA46D4448A56A1D19D870C180F userId: NULL:DESKTOP-QG36584-2FD3A2EA46D4448A56A1D19D870C180F platform: NULL
[2022.08.24-18.45.48:362][ 45]LogNet: Login request: ?Name=DESKTOP-QG36584-AB3D696347741858CBB9388A3DB6A595 userId: NULL:DESKTOP-QG36584-AB3D696347741858CBB9388A3DB6A595 platform: NULL
[2022.08.24-18.45.48:461][ 48]LogNet: Client netspeed is 100000
[2022.08.24-18.45.48:494][ 49]LogNet: Join request: /Engine/Maps/Entry?Name=DESKTOP-QG36584-2FD3A2EA46D4448A56A1D19D870C180F?SplitscreenCount=1
[2022.08.24-18.45.48:494][ 49]LogOnlineSession: Warning: OSS: No game present to join for session (GameSession)
[2022.08.24-18.45.48:496][ 49]LogGameMode: Display: Match State Changed from WaitingToStart to InProgress
[2022.08.24-18.45.48:497][ 49]LogTemp: Warning: Numebr of rewind components = 1
[2022.08.24-18.45.48:498][ 49]LogGameState: Match State Changed from WaitingToStart to InProgress
[2022.08.24-18.45.48:498][ 49]LogNet: Join succeeded: DESKTOP-QG36584-2FD3
[2022.08.24-18.45.48:989][ 64]LogNet: Client netspeed is 100000
[2022.08.24-18.45.48:989][ 64]LogNet: Join request: /Engine/Maps/Entry?Name=DESKTOP-QG36584-AB3D696347741858CBB9388A3DB6A595?SplitscreenCount=1
[2022.08.24-18.45.48:990][ 64]LogOnlineSession: Warning: OSS: No game present to join for session (GameSession)
[2022.08.24-18.45.48:992][ 64]LogTemp: Warning: Numebr of rewind components = 2
[2022.08.24-18.45.48:992][ 64]LogNet: Join succeeded: DESKTOP-QG36584-AB3D
[2022.08.24-18.45.53:967][214]LogTemp: Warning: Interacting
[2022.08.24-18.45.53:968][214]LogTemp: Warning: SERVER: Log no. 0
[2022.08.24-18.45.53:969][214]LogTemp: Warning: IsHit =  TRUE
[2022.08.24-18.45.53:969][214]LogTemp: Warning: We got a hit bois
[2022.08.24-18.45.53:970][214]LogTemp: Warning: interactable component found
[2022.08.24-18.45.53:970][214]LogTemp: Warning: We got a pickup bois
[2022.08.24-18.45.53:970][214]LogTemp: Warning: Servertime
[2022.08.24-18.45.56:395][287]LogTemp: Warning: Server validate fire
[2022.08.24-18.45.56:396][287]LogTemp: Warning: ServerHitscanCheckFire start
[2022.08.24-18.45.56:397][287]LogTemp: Warning: Server time for hitscan check = 9.520407
[2022.08.24-18.45.56:397][287]LogTemp: Warning: Latency measured = 0.223501
[2022.08.24-18.45.56:397][287]LogTemp: Warning: Stag 2,3
[2022.08.24-18.45.56:398][287]LogTemp: Warning: Interp
[2022.08.24-18.45.56:398][287]LogTemp: Warning: Rewind transforms = 2
[2022.08.24-18.45.56:399][287]LogTemp: Warning: Final stages
[2022.08.24-18.45.56:399][287]LogTemp: Warning: Rewinding
[2022.08.24-18.45.56:399][287]LogTemp: Warning: Rewind length = 2
[2022.08.24-18.45.56:400][287]LogTemp: Warning: Got a hit
[2022.08.24-18.45.56:400][287]LogTemp: Warning: Resetting
[2022.08.24-18.46.01:014][426]LogTemp: Warning: Server validate fire
[2022.08.24-18.46.01:015][426]LogTemp: Warning: ServerHitscanCheckFire start
[2022.08.24-18.46.01:015][426]LogTemp: Warning: Server time for hitscan check = 14.140607
[2022.08.24-18.46.01:016][426]LogTemp: Warning: Latency measured = 0.248775
[2022.08.24-18.46.01:016][426]LogTemp: Warning: Stag 2,3
[2022.08.24-18.46.01:017][426]LogTemp: Warning: Interp
[2022.08.24-18.46.01:017][426]LogTemp: Warning: Rewind transforms = 2
[2022.08.24-18.46.01:017][426]LogTemp: Warning: Final stages
[2022.08.24-18.46.01:018][426]LogTemp: Warning: Rewinding
[2022.08.24-18.46.01:018][426]LogTemp: Warning: Rewind length = 2
[2022.08.24-18.46.01:019][426]LogTemp: Warning: Resetting
[2022.08.24-18.46.01:445][439]LogTemp: Warning: Server validate fire
[2022.08.24-18.46.01:446][439]LogTemp: Warning: ServerHitscanCheckFire start
[2022.08.24-18.46.01:446][439]LogTemp: Warning: Server time for hitscan check = 14.571990
[2022.08.24-18.46.01:447][439]LogTemp: Warning: Latency measured = 0.254542
[2022.08.24-18.46.01:447][439]LogTemp: Warning: Stag 2,3
[2022.08.24-18.46.01:448][439]LogTemp: Warning: Interp
[2022.08.24-18.46.01:448][439]LogTemp: Warning: Rewind transforms = 2
[2022.08.24-18.46.01:449][439]LogTemp: Warning: Final stages
[2022.08.24-18.46.01:449][439]LogTemp: Warning: Rewinding
[2022.08.24-18.46.01:449][439]LogTemp: Warning: Rewind length = 2
[2022.08.24-18.46.01:450][439]LogTemp: Warning: Resetting
[2022.08.24-18.46.02:042][457]LogTemp: Warning: Server validate fire
[2022.08.24-18.46.02:043][457]LogTemp: Warning: ServerHitscanCheckFire start
[2022.08.24-18.46.02:043][457]LogTemp: Warning: Server time for hitscan check = 15.168529
[2022.08.24-18.46.02:044][457]LogTemp: Warning: Latency measured = 0.233930
[2022.08.24-18.46.02:044][457]LogTemp: Warning: Stag 2,3
[2022.08.24-18.46.02:045][457]LogTemp: Warning: Interp
[2022.08.24-18.46.02:045][457]LogTemp: Warning: Rewind transforms = 2
[2022.08.24-18.46.02:045][457]LogTemp: Warning: Final stages
[2022.08.24-18.46.02:046][457]LogTemp: Warning: Rewinding
[2022.08.24-18.46.02:046][457]LogTemp: Warning: Rewind length = 2
[2022.08.24-18.46.02:047][457]LogTemp: Warning: Resetting
[2022.08.24-18.46.07:929][634]LogTemp: Warning: Server validate fire
[2022.08.24-18.46.07:930][634]LogTemp: Warning: ServerHitscanCheckFire start
[2022.08.24-18.46.07:930][634]LogTemp: Warning: Server time for hitscan check = 21.055382
[2022.08.24-18.46.07:931][634]LogTemp: Warning: Latency measured = 0.239229
[2022.08.24-18.46.07:931][634]LogTemp: Warning: Stag 2,3
[2022.08.24-18.46.07:932][634]LogTemp: Warning: Interp
[2022.08.24-18.46.07:932][634]LogTemp: Warning: Rewind transforms = 2
[2022.08.24-18.46.07:933][634]LogTemp: Warning: Final stages
[2022.08.24-18.46.07:933][634]LogTemp: Warning: Rewinding
[2022.08.24-18.46.07:933][634]LogTemp: Warning: Rewind length = 2
[2022.08.24-18.46.07:934][634]LogTemp: Warning: Resetting
[2022.08.24-18.46.08:326][646]LogTemp: Warning: Server validate fire
[2022.08.24-18.46.08:327][646]LogTemp: Warning: ServerHitscanCheckFire start
[2022.08.24-18.46.08:327][646]LogTemp: Warning: Server time for hitscan check = 21.451744
[2022.08.24-18.46.08:328][646]LogTemp: Warning: Latency measured = 0.237907
[2022.08.24-18.46.08:328][646]LogTemp: Warning: Stag 2,3
[2022.08.24-18.46.08:329][646]LogTemp: Warning: Interp
[2022.08.24-18.46.08:329][646]LogTemp: Warning: Rewind transforms = 2
[2022.08.24-18.46.08:330][646]LogTemp: Warning: Final stages
[2022.08.24-18.46.08:330][646]LogTemp: Warning: Rewinding
[2022.08.24-18.46.08:331][646]LogTemp: Warning: Rewind length = 2
[2022.08.24-18.46.08:331][646]LogTemp: Warning: Got a hit
[2022.08.24-18.46.08:331][646]LogTemp: Warning: Resetting
[2022.08.24-18.46.08:690][657]LogTemp: Warning: Server validate fire
[2022.08.24-18.46.08:691][657]LogTemp: Warning: ServerHitscanCheckFire start
[2022.08.24-18.46.08:692][657]LogTemp: Warning: Server time for hitscan check = 21.817076
[2022.08.24-18.46.08:692][657]LogTemp: Warning: Latency measured = 0.221834
[2022.08.24-18.46.08:692][657]LogTemp: Warning: Stag 2,3
[2022.08.24-18.46.08:693][657]LogTemp: Warning: Interp
[2022.08.24-18.46.08:693][657]LogTemp: Warning: Rewind transforms = 2
[2022.08.24-18.46.08:693][657]LogTemp: Warning: Final stages
[2022.08.24-18.46.08:694][657]LogTemp: Warning: Rewinding
[2022.08.24-18.46.08:694][657]LogTemp: Warning: Rewind length = 2
[2022.08.24-18.46.08:695][657]LogTemp: Warning: Resetting
[2022.08.24-18.46.09:087][669]LogTemp: Warning: Server validate fire
[2022.08.24-18.46.09:088][669]LogTemp: Warning: ServerHitscanCheckFire start
[2022.08.24-18.46.09:088][669]LogTemp: Warning: Server time for hitscan check = 22.213430
[2022.08.24-18.46.09:089][669]LogTemp: Warning: Latency measured = 0.241272
[2022.08.24-18.46.09:089][669]LogTemp: Warning: Stag 2,3
[2022.08.24-18.46.09:090][669]LogTemp: Warning: Interp
[2022.08.24-18.46.09:090][669]LogTemp: Warning: Rewind transforms = 2
[2022.08.24-18.46.09:091][669]LogTemp: Warning: Final stages
[2022.08.24-18.46.09:091][669]LogTemp: Warning: Rewinding
[2022.08.24-18.46.09:091][669]LogTemp: Warning: Rewind length = 2
[2022.08.24-18.46.09:092][669]LogTemp: Warning: Resetting
[2022.08.24-18.46.09:384][678]LogTemp: Warning: Server validate fire
[2022.08.24-18.46.09:385][678]LogTemp: Warning: ServerHitscanCheckFire start
[2022.08.24-18.46.09:386][678]LogTemp: Warning: Server time for hitscan check = 22.511209
[2022.08.24-18.46.09:386][678]LogTemp: Warning: Latency measured = 0.228331
[2022.08.24-18.46.09:386][678]LogTemp: Warning: Stag 2,3
[2022.08.24-18.46.09:387][678]LogTemp: Warning: Interp
[2022.08.24-18.46.09:387][678]LogTemp: Warning: Rewind transforms = 2
[2022.08.24-18.46.09:388][678]LogTemp: Warning: Final stages
[2022.08.24-18.46.09:388][678]LogTemp: Warning: Rewinding
[2022.08.24-18.46.09:388][678]LogTemp: Warning: Rewind length = 2
[2022.08.24-18.46.09:389][678]LogTemp: Warning: Resetting
[2022.08.24-18.46.09:619][685]LogTemp: Warning: Server validate fire
[2022.08.24-18.46.09:620][685]LogTemp: Warning: ServerHitscanCheckFire start
[2022.08.24-18.46.09:620][685]LogTemp: Warning: Server time for hitscan check = 22.745438
[2022.08.24-18.46.09:621][685]LogTemp: Warning: Latency measured = 0.190399
[2022.08.24-18.46.09:621][685]LogTemp: Warning: Stag 2,3
[2022.08.24-18.46.09:622][685]LogTemp: Warning: Interp
[2022.08.24-18.46.09:622][685]LogTemp: Warning: Rewind transforms = 2
[2022.08.24-18.46.09:622][685]LogTemp: Warning: Final stages
[2022.08.24-18.46.09:623][685]LogTemp: Warning: Rewinding
[2022.08.24-18.46.09:623][685]LogTemp: Warning: Rewind length = 2
[2022.08.24-18.46.09:624][685]LogTemp: Warning: Resetting
[2022.08.24-18.46.11:544][743]LogTemp: Warning: Server validate fire
[2022.08.24-18.46.11:545][743]LogTemp: Warning: ServerHitscanCheckFire start
[2022.08.24-18.46.11:545][743]LogTemp: Warning: Server time for hitscan check = 24.671162
[2022.08.24-18.46.11:546][743]LogTemp: Warning: Latency measured = 0.245094
[2022.08.24-18.46.11:546][743]LogTemp: Warning: Stag 2,3
[2022.08.24-18.46.11:547][743]LogTemp: Warning: Interp
[2022.08.24-18.46.11:547][743]LogTemp: Warning: Rewind transforms = 2
[2022.08.24-18.46.11:547][743]LogTemp: Warning: Final stages
[2022.08.24-18.46.11:548][743]LogTemp: Warning: Rewinding
[2022.08.24-18.46.11:548][743]LogTemp: Warning: Rewind length = 2
[2022.08.24-18.46.11:549][743]LogTemp: Warning: Resetting
[2022.08.24-18.46.11:746][749]LogTemp: Warning: Server validate fire
[2022.08.24-18.46.11:747][749]LogTemp: Warning: ServerHitscanCheckFire start
[2022.08.24-18.46.11:748][749]LogTemp: Warning: Server time for hitscan check = 24.871346
[2022.08.24-18.46.11:748][749]LogTemp: Warning: Latency measured = 0.223825
[2022.08.24-18.46.11:748][749]LogTemp: Warning: Stag 2,3
[2022.08.24-18.46.11:749][749]LogTemp: Warning: Interp
[2022.08.24-18.46.11:749][749]LogTemp: Warning: Rewind transforms = 2
[2022.08.24-18.46.11:749][749]LogTemp: Warning: Final stages
[2022.08.24-18.46.11:750][749]LogTemp: Warning: Rewinding
[2022.08.24-18.46.11:750][749]LogTemp: Warning: Rewind length = 2
[2022.08.24-18.46.11:751][749]LogTemp: Warning: Resetting
[2022.08.24-18.46.12:509][772]LogTemp: Warning: Server validate fire
[2022.08.24-18.46.12:510][772]LogTemp: Warning: ServerHitscanCheckFire start
[2022.08.24-18.46.12:511][772]LogTemp: Warning: Server time for hitscan check = 25.636034
[2022.08.24-18.46.12:511][772]LogTemp: Warning: Latency measured = 0.225283
[2022.08.24-18.46.12:511][772]LogTemp: Warning: Stag 2,3
[2022.08.24-18.46.12:513][772]LogTemp: Warning: Interp
[2022.08.24-18.46.12:513][772]LogTemp: Warning: Rewind transforms = 2
[2022.08.24-18.46.12:514][772]LogTemp: Warning: Final stages
[2022.08.24-18.46.12:514][772]LogTemp: Warning: Rewinding
[2022.08.24-18.46.12:514][772]LogTemp: Warning: Rewind length = 2
[2022.08.24-18.46.12:515][772]LogTemp: Warning: Resetting
[2022.08.24-18.46.12:677][777]LogTemp: Warning: Server validate fire
[2022.08.24-18.46.12:678][777]LogTemp: Warning: ServerHitscanCheckFire start
[2022.08.24-18.46.12:678][777]LogTemp: Warning: Server time for hitscan check = 25.804192
[2022.08.24-18.46.12:679][777]LogTemp: Warning: Latency measured = 0.215395
[2022.08.24-18.46.12:679][777]LogTemp: Warning: Stag 2,3
[2022.08.24-18.46.12:679][777]LogTemp: Warning: Interp
[2022.08.24-18.46.12:680][777]LogTemp: Warning: Rewind transforms = 2
[2022.08.24-18.46.12:680][777]LogTemp: Warning: Final stages
[2022.08.24-18.46.12:681][777]LogTemp: Warning: Rewinding
[2022.08.24-18.46.12:681][777]LogTemp: Warning: Rewind length = 2
[2022.08.24-18.46.12:682][777]LogTemp: Warning: Resetting
[2022.08.24-18.46.12:878][783]LogTemp: Warning: Server validate fire
[2022.08.24-18.46.12:879][783]LogTemp: Warning: ServerHitscanCheckFire start
[2022.08.24-18.46.12:879][783]LogTemp: Warning: Server time for hitscan check = 26.003365
[2022.08.24-18.46.12:880][783]LogTemp: Warning: Latency measured = 0.237900
[2022.08.24-18.46.12:880][783]LogTemp: Warning: Stag 2,3
[2022.08.24-18.46.12:881][783]LogTemp: Warning: Interp
[2022.08.24-18.46.12:881][783]LogTemp: Warning: Rewind transforms = 2
[2022.08.24-18.46.12:881][783]LogTemp: Warning: Final stages
[2022.08.24-18.46.12:882][783]LogTemp: Warning: Rewinding
[2022.08.24-18.46.12:882][783]LogTemp: Warning: Rewind length = 2
[2022.08.24-18.46.12:883][783]LogTemp: Warning: Got a hit
[2022.08.24-18.46.12:883][783]LogTemp: Warning: Resetting
[2022.08.24-18.46.13:209][793]LogTemp: Warning: Server validate fire
[2022.08.24-18.46.13:210][793]LogTemp: Warning: ServerHitscanCheckFire start
[2022.08.24-18.46.13:210][793]LogTemp: Warning: Server time for hitscan check = 26.335672
[2022.08.24-18.46.13:211][793]LogTemp: Warning: Latency measured = 0.250607
[2022.08.24-18.46.13:211][793]LogTemp: Warning: Stag 2,3
[2022.08.24-18.46.13:212][793]LogTemp: Warning: Interp
[2022.08.24-18.46.13:212][793]LogTemp: Warning: Rewind transforms = 2
[2022.08.24-18.46.13:212][793]LogTemp: Warning: Final stages
[2022.08.24-18.46.13:213][793]LogTemp: Warning: Rewinding
[2022.08.24-18.46.13:213][793]LogTemp: Warning: Rewind length = 2
[2022.08.24-18.46.13:213][793]LogTemp: Warning: Got a hit
[2022.08.24-18.46.13:214][793]LogTemp: Warning: Resetting
[2022.08.24-18.46.13:376][798]LogTemp: Warning: Server validate fire
[2022.08.24-18.46.13:377][798]LogTemp: Warning: ServerHitscanCheckFire start
[2022.08.24-18.46.13:378][798]LogTemp: Warning: Server time for hitscan check = 26.501846
[2022.08.24-18.46.13:378][798]LogTemp: Warning: Latency measured = 0.206018
[2022.08.24-18.46.13:378][798]LogTemp: Warning: Stag 2,3
[2022.08.24-18.46.13:379][798]LogTemp: Warning: Interp
[2022.08.24-18.46.13:379][798]LogTemp: Warning: Rewind transforms = 2
[2022.08.24-18.46.13:380][798]LogTemp: Warning: Final stages
[2022.08.24-18.46.13:380][798]LogTemp: Warning: Rewinding
[2022.08.24-18.46.13:380][798]LogTemp: Warning: Rewind length = 2
[2022.08.24-18.46.13:381][798]LogTemp: Warning: Resetting
[2022.08.24-18.46.13:843][812]LogTemp: Warning: Server validate fire
[2022.08.24-18.46.13:844][812]LogTemp: Warning: ServerHitscanCheckFire start
[2022.08.24-18.46.13:844][812]LogTemp: Warning: Server time for hitscan check = 26.969238
[2022.08.24-18.46.13:845][812]LogTemp: Warning: Latency measured = 0.219601
[2022.08.24-18.46.13:845][812]LogTemp: Warning: Stag 2,3
[2022.08.24-18.46.13:846][812]LogTemp: Warning: Interp
[2022.08.24-18.46.13:846][812]LogTemp: Warning: Rewind transforms = 2
[2022.08.24-18.46.13:846][812]LogTemp: Warning: Final stages
[2022.08.24-18.46.13:847][812]LogTemp: Warning: Rewinding
[2022.08.24-18.46.13:847][812]LogTemp: Warning: Rewind length = 2
[2022.08.24-18.46.13:848][812]LogTemp: Warning: Resetting
[2022.08.24-18.46.14:108][820]LogTemp: Warning: Server validate fire
[2022.08.24-18.46.14:109][820]LogTemp: Warning: ServerHitscanCheckFire start
[2022.08.24-18.46.14:109][820]LogTemp: Warning: Server time for hitscan check = 27.234478
[2022.08.24-18.46.14:110][820]LogTemp: Warning: Latency measured = 0.232183
[2022.08.24-18.46.14:110][820]LogTemp: Warning: Stag 2,3
[2022.08.24-18.46.14:111][820]LogTemp: Warning: Interp
[2022.08.24-18.46.14:111][820]LogTemp: Warning: Rewind transforms = 2
[2022.08.24-18.46.14:112][820]LogTemp: Warning: Final stages
[2022.08.24-18.46.14:112][820]LogTemp: Warning: Rewinding
[2022.08.24-18.46.14:112][820]LogTemp: Warning: Rewind length = 2
[2022.08.24-18.46.14:113][820]LogTemp: Warning: Resetting
[2022.08.24-18.46.14:340][827]LogTemp: Warning: Server validate fire
[2022.08.24-18.46.14:341][827]LogTemp: Warning: ServerHitscanCheckFire start
[2022.08.24-18.46.14:341][827]LogTemp: Warning: Server time for hitscan check = 27.467211
[2022.08.24-18.46.14:342][827]LogTemp: Warning: Latency measured = 0.245443
[2022.08.24-18.46.14:342][827]LogTemp: Warning: Stag 2,3
[2022.08.24-18.46.14:342][827]LogTemp: Warning: Interp
[2022.08.24-18.46.14:344][827]LogTemp: Warning: Rewind transforms = 2
[2022.08.24-18.46.14:344][827]LogTemp: Warning: Final stages
[2022.08.24-18.46.14:344][827]LogTemp: Warning: Rewinding
[2022.08.24-18.46.14:345][827]LogTemp: Warning: Rewind length = 2
[2022.08.24-18.46.14:345][827]LogTemp: Warning: Resetting
[2022.08.24-18.46.15:004][847]LogTemp: Warning: Server validate fire
[2022.08.24-18.46.15:005][847]LogTemp: Warning: ServerHitscanCheckFire start
[2022.08.24-18.46.15:005][847]LogTemp: Warning: Server time for hitscan check = 28.129795
[2022.08.24-18.46.15:006][847]LogTemp: Warning: Latency measured = 0.249416
[2022.08.24-18.46.15:006][847]LogTemp: Warning: Stag 2,3
[2022.08.24-18.46.15:007][847]LogTemp: Warning: Interp
[2022.08.24-18.46.15:007][847]LogTemp: Warning: Rewind transforms = 2
[2022.08.24-18.46.15:007][847]LogTemp: Warning: Final stages
[2022.08.24-18.46.15:008][847]LogTemp: Warning: Rewinding
[2022.08.24-18.46.15:008][847]LogTemp: Warning: Rewind length = 2
[2022.08.24-18.46.15:008][847]LogTemp: Warning: Resetting
[2022.08.24-18.46.15:202][853]LogTemp: Warning: Server validate fire
[2022.08.24-18.46.15:203][853]LogTemp: Warning: ServerHitscanCheckFire start
[2022.08.24-18.46.15:203][853]LogTemp: Warning: Server time for hitscan check = 28.328978
[2022.08.24-18.46.15:204][853]LogTemp: Warning: Latency measured = 0.256578
[2022.08.24-18.46.15:204][853]LogTemp: Warning: Stag 2,3
[2022.08.24-18.46.15:204][853]LogTemp: Warning: Interp
[2022.08.24-18.46.15:205][853]LogTemp: Warning: Rewind transforms = 2
[2022.08.24-18.46.15:205][853]LogTemp: Warning: Final stages
[2022.08.24-18.46.15:206][853]LogTemp: Warning: Rewinding
[2022.08.24-18.46.15:206][853]LogTemp: Warning: Rewind length = 2
[2022.08.24-18.46.15:206][853]LogTemp: Warning: Resetting
[2022.08.24-18.46.15:934][875]LogTemp: Warning: Server validate fire
[2022.08.24-18.46.15:935][875]LogTemp: Warning: ServerHitscanCheckFire start
[2022.08.24-18.46.15:935][875]LogTemp: Warning: Server time for hitscan check = 29.060642
[2022.08.24-18.46.15:936][875]LogTemp: Warning: Latency measured = 0.245676
[2022.08.24-18.46.15:936][875]LogTemp: Warning: Stag 2,3
[2022.08.24-18.46.15:937][875]LogTemp: Warning: Interp
[2022.08.24-18.46.15:937][875]LogTemp: Warning: Rewind transforms = 2
[2022.08.24-18.46.15:937][875]LogTemp: Warning: Final stages
[2022.08.24-18.46.15:938][875]LogTemp: Warning: Rewinding
[2022.08.24-18.46.15:938][875]LogTemp: Warning: Rewind length = 2
[2022.08.24-18.46.15:939][875]LogTemp: Warning: Resetting
