Log file open, 11/02/22 18:36:59
LogWindows: Failed to load 'aqProf.dll' (GetLastError=126)
LogWindows: File 'aqProf.dll' does not exist
LogWindows: Failed to load 'VtuneApi.dll' (GetLastError=126)
LogWindows: File 'VtuneApi.dll' does not exist
LogWindows: Failed to load 'VtuneApi32e.dll' (GetLastError=126)
LogWindows: File 'VtuneApi32e.dll' does not exist
LogConsoleResponse: Display: Failed to find resolution value strings in scalability ini. Falling back to default.
LogConsoleResponse: Display: Failed to find resolution value strings in scalability ini. Falling back to default.
LogInit: Display: Running engine for game: fpsgame
LogPlatformFile: Not using cached read wrapper
LogTaskGraph: Started task graph with 5 named threads and 17 total threads with 3 sets of task threads.
LogStats: Stats thread started at 0.215280
LogICUInternationalization: ICU TimeZone Detection - Raw Offset: +0:00, Platform Override: ''
LogInit: Display: Loading text-based GConfig....
LogPluginManager: Mounting plugin MeshPainting
LogPluginManager: Mounting plugin XGEController
LogPluginManager: Mounting plugin Paper2D
LogPluginManager: Mounting plugin AISupport
LogPluginManager: Mounting plugin EnvironmentQueryEditor
LogPluginManager: Mounting plugin LiveLink
LogPluginManager: Mounting plugin LightPropagationVolume
LogPluginManager: Mounting plugin CameraShakePreviewer
LogPluginManager: Mounting plugin GameplayCameras
LogPluginManager: Mounting plugin OodleData
LogPluginManager: Mounting plugin OodleNetwork
LogPluginManager: Mounting plugin AnimationSharing
LogPluginManager: Mounting plugin CLionSourceCodeAccess
LogPluginManager: Mounting plugin CodeLiteSourceCodeAccess
LogPluginManager: Mounting plugin GitSourceControl
LogPluginManager: Mounting plugin KDevelopSourceCodeAccess
LogPluginManager: Mounting plugin NullSourceCodeAccess
LogPluginManager: Mounting plugin PerforceSourceControl
LogPluginManager: Mounting plugin PixWinPlugin
LogPluginManager: Mounting plugin PlasticSourceControl
LogPluginManager: Mounting plugin PluginUtils
LogPluginManager: Mounting plugin PropertyAccessNode
LogPluginManager: Mounting plugin RiderSourceCodeAccess
LogPluginManager: Mounting plugin SubversionSourceControl
LogPluginManager: Mounting plugin TextureFormatOodle
LogPluginManager: Mounting plugin UObjectPlugin
LogPluginManager: Mounting plugin VisualStudioCodeSourceCodeAccess
LogPluginManager: Mounting plugin VisualStudioSourceCodeAccess
LogPluginManager: Mounting plugin XCodeSourceCodeAccess
LogPluginManager: Mounting plugin AssetManagerEditor
LogPluginManager: Mounting plugin CryptoKeys
LogPluginManager: Mounting plugin CurveEditorTools
LogPluginManager: Mounting plugin DataValidation
LogPluginManager: Mounting plugin FacialAnimation
LogPluginManager: Mounting plugin GameplayTagsEditor
LogPluginManager: Mounting plugin GeometryMode
LogPluginManager: Mounting plugin MacGraphicsSwitching
LogPluginManager: Mounting plugin MaterialAnalyzer
LogPluginManager: Mounting plugin MobileLauncherProfileWizard
LogPluginManager: Mounting plugin PluginBrowser
LogPluginManager: Mounting plugin SpeedTreeImporter
LogPluginManager: Mounting plugin DatasmithContent
LogPluginManager: Mounting plugin VariantManagerContent
LogPluginManager: Mounting plugin AlembicImporter
LogPluginManager: Mounting plugin AutomationUtils
LogPluginManager: Mounting plugin BackChannel
LogPluginManager: Mounting plugin ChaosCloth
LogPluginManager: Mounting plugin ChaosClothEditor
LogPluginManager: Mounting plugin ChaosEditor
LogPluginManager: Mounting plugin ChaosNiagara
LogPluginManager: Mounting plugin ChaosSolverPlugin
LogPluginManager: Mounting plugin CharacterAI
LogPluginManager: Mounting plugin GeometryCache
LogPluginManager: Mounting plugin GeometryCollectionPlugin
LogPluginManager: Mounting plugin GeometryProcessing
LogPluginManager: Mounting plugin MotoSynth
LogPluginManager: Mounting plugin OpenImageDenoise
LogPluginManager: Mounting plugin PlanarCut
LogPluginManager: Mounting plugin PlatformCrypto
LogPluginManager: Mounting plugin ProxyLODPlugin
LogPluginManager: Mounting plugin PythonScriptPlugin
LogPluginManager: Mounting plugin SkeletalReduction
LogPluginManager: Mounting plugin Niagara
LogPluginManager: Mounting plugin LuminPlatformFeatures
LogPluginManager: Mounting plugin MagicLeap
LogPluginManager: Mounting plugin MagicLeapLightEstimation
LogPluginManager: Mounting plugin MagicLeapMedia
LogPluginManager: Mounting plugin MagicLeapPassableWorld
LogPluginManager: Mounting plugin MLSDK
LogPluginManager: Mounting plugin AndroidMedia
LogPluginManager: Mounting plugin AvfMedia
LogPluginManager: Mounting plugin ImgMedia
LogPluginManager: Mounting plugin MediaCompositing
LogPluginManager: Mounting plugin MediaPlayerEditor
LogPluginManager: Mounting plugin WebMMedia
LogPluginManager: Mounting plugin WmfMedia
LogPluginManager: Mounting plugin TcpMessaging
LogPluginManager: Mounting plugin UdpMessaging
LogPluginManager: Mounting plugin ActorSequence
LogPluginManager: Mounting plugin LevelSequenceEditor
LogPluginManager: Mounting plugin MatineeToLevelSequence
LogPluginManager: Mounting plugin TemplateSequence
LogPluginManager: Mounting plugin OnlineSubsystem
LogPluginManager: Mounting plugin OnlineSubsystemNull
LogPluginManager: Mounting plugin OnlineSubsystemUtils
LogPluginManager: Mounting plugin LauncherChunkInstaller
LogPluginManager: Mounting plugin ActorLayerUtilities
LogPluginManager: Mounting plugin AndroidDeviceProfileSelector
LogPluginManager: Mounting plugin AndroidMoviePlayer
LogPluginManager: Mounting plugin AndroidPermission
LogPluginManager: Mounting plugin AppleImageUtils
LogPluginManager: Mounting plugin AppleMoviePlayer
LogPluginManager: Mounting plugin ArchVisCharacter
LogPluginManager: Mounting plugin AssetTags
LogPluginManager: Mounting plugin AudioCapture
LogPluginManager: Mounting plugin AudioSynesthesia
LogPluginManager: Mounting plugin CableComponent
LogPluginManager: Mounting plugin ChunkDownloader
LogPluginManager: Mounting plugin CustomMeshComponent
LogPluginManager: Mounting plugin EditableMesh
LogPluginManager: Mounting plugin ExampleDeviceProfileSelector
LogPluginManager: Mounting plugin GoogleCloudMessaging
LogPluginManager: Mounting plugin GooglePAD
LogPluginManager: Mounting plugin IOSDeviceProfileSelector
LogPluginManager: Mounting plugin LinuxDeviceProfileSelector
LogPluginManager: Mounting plugin LocationServicesBPLibrary
LogPluginManager: Mounting plugin MobilePatchingUtils
LogPluginManager: Mounting plugin OpenXR
LogPluginManager: Mounting plugin OpenXREyeTracker
LogPluginManager: Mounting plugin OpenXRHandTracking
LogPluginManager: Mounting plugin PhysXVehicles
LogPluginManager: Mounting plugin PostSplashScreen
LogPluginManager: Mounting plugin ProceduralMeshComponent
LogPluginManager: Mounting plugin PropertyAccessEditor
LogPluginManager: Mounting plugin RuntimePhysXCooking
LogPluginManager: Mounting plugin SignificanceManager
LogPluginManager: Mounting plugin SoundFields
LogPluginManager: Mounting plugin Synthesis
LogPluginManager: Mounting plugin WebMMoviePlayer
LogPluginManager: Mounting plugin WindowsMoviePlayer
LogPluginManager: Mounting plugin ScreenshotTools
LogPluginManager: Mounting plugin Takes
LogPluginManager: Mounting plugin ContentBrowserAssetDataSource
LogPluginManager: Mounting plugin ContentBrowserClassDataSource
LogPluginManager: Mounting plugin ContentBrowserFileDataSource
LogPluginManager: Mounting plugin OnlineSubsystemGooglePlay
LogPluginManager: Mounting plugin OnlineSubsystemIOS
LogPluginManager: Mounting plugin OculusVR
LogPluginManager: Mounting plugin SteamVR
PixWinPlugin: PIX capture plugin failed to initialize! Check that the process is launched from PIX.
LogInit: Using libcurl 7.55.1-DEV
LogInit:  - built for x86_64-pc-win32
LogInit:  - supports SSL with OpenSSL/1.1.1
LogInit:  - supports HTTP deflate (compression) using libz 1.2.8
LogInit:  - other features:
LogInit:      CURL_VERSION_SSL
LogInit:      CURL_VERSION_LIBZ
LogInit:      CURL_VERSION_IPV6
LogInit:      CURL_VERSION_ASYNCHDNS
LogInit:      CURL_VERSION_LARGEFILE
LogInit:      CURL_VERSION_IDN
LogInit:  CurlRequestOptions (configurable via config and command line):
LogInit:  - bVerifyPeer = true  - Libcurl will verify peer certificate
LogInit:  - bUseHttpProxy = false  - Libcurl will NOT use HTTP proxy
LogInit:  - bDontReuseConnections = false  - Libcurl will reuse connections
LogInit:  - MaxHostConnections = 16  - Libcurl will limit the number of connections to a host
LogInit:  - LocalHostAddr = Default
LogInit:  - BufferSize = 65536
LogOnline: OSS: Creating online subsystem instance for: NULL
LogInit: WinSock: version 1.1 (2.2), MaxSocks=32767, MaxUdp=65467
LogOnline: OSS: TryLoadSubsystemAndSetDefault: Loaded subsystem for module [NULL]
LogInit: Build: ++UE4+Release-4.27-CL-18319896
LogInit: Engine Version: 4.27.2-18319896+++UE4+Release-4.27
LogInit: Compatible Engine Version: 4.27.0-17155196+++UE4+Release-4.27
LogInit: Net CL: 17155196
LogInit: OS: Windows 10 (Release 2009) (), CPU: AMD Ryzen 5 3600X 6-Core Processor             , GPU: AMD Radeon RX 5700 XT
LogInit: Compiled (64-bit): Nov 30 2021 07:12:08
LogInit: Compiled with Visual C++: 19.24.28315.00
LogInit: Build Configuration: Development
LogInit: Branch Name: ++UE4+Release-4.27
LogInit: Command Line:  /Game/Maps/TestMap -game -PIEVIACONSOLE -Multiprocess -server -log "GameUserSettingsINI=C:/Users/danie/Documents/Gamedev VR/game/UE4 game/fpsgame/Saved/Config/Windows/PIEGameUserSettings0.ini" -MultiprocessSaveConfig -forcepassthrough -messaging -SessionName="Play in Standalone Game" -port=17777 -PktLagMin=0 -PktLagMax=0 -PktLoss=0 -PktIncomingLagMin=0 -PktIncomingLagMax=0 -PktIncomingLoss=0 -windowed
LogInit: Base Directory: C:/Program Files/Epic Games/UE_4.27/Engine/Binaries/Win64/
LogInit: Allocator: TBB
LogInit: Installed Engine Build: 1
LogDevObjectVersion: Number of dev versions registered: 29
LogDevObjectVersion:   Dev-Blueprints (B0D832E4-1F89-4F0D-ACCF-7EB736FD4AA2): 10
LogDevObjectVersion:   Dev-Build (E1C64328-A22C-4D53-A36C-8E866417BD8C): 0
LogDevObjectVersion:   Dev-Core (375EC13C-06E4-48FB-B500-84F0262A717E): 4
LogDevObjectVersion:   Dev-Editor (E4B068ED-F494-42E9-A231-DA0B2E46BB41): 40
LogDevObjectVersion:   Dev-Framework (CFFC743F-43B0-4480-9391-14DF171D2073): 37
LogDevObjectVersion:   Dev-Mobile (B02B49B5-BB20-44E9-A304-32B752E40360): 3
LogDevObjectVersion:   Dev-Networking (A4E4105C-59A1-49B5-A7C5-40C4547EDFEE): 0
LogDevObjectVersion:   Dev-Online (39C831C9-5AE6-47DC-9A44-9C173E1C8E7C): 0
LogDevObjectVersion:   Dev-Physics (78F01B33-EBEA-4F98-B9B4-84EACCB95AA2): 14
LogDevObjectVersion:   Dev-Platform (6631380F-2D4D-43E0-8009-CF276956A95A): 0
LogDevObjectVersion:   Dev-Rendering (12F88B9F-8875-4AFC-A67C-D90C383ABD29): 45
LogDevObjectVersion:   Dev-Sequencer (7B5AE74C-D270-4C10-A958-57980B212A5A): 13
LogDevObjectVersion:   Dev-VR (D7296918-1DD6-4BDD-9DE2-64A83CC13884): 3
LogDevObjectVersion:   Dev-LoadTimes (C2A15278-BFE7-4AFE-6C17-90FF531DF755): 1
LogDevObjectVersion:   Private-Geometry (6EACA3D4-40EC-4CC1-B786-8BED09428FC5): 3
LogDevObjectVersion:   Dev-AnimPhys (29E575DD-E0A3-4627-9D10-D276232CDCEA): 17
LogDevObjectVersion:   Dev-Anim (AF43A65D-7FD3-4947-9873-3E8ED9C1BB05): 15
LogDevObjectVersion:   Dev-ReflectionCapture (6B266CEC-1EC7-4B8F-A30B-E4D90942FC07): 1
LogDevObjectVersion:   Dev-Automation (0DF73D61-A23F-47EA-B727-89E90C41499A): 1
LogDevObjectVersion:   FortniteMain (601D1886-AC64-4F84-AA16-D3DE0DEAC7D6): 47
LogDevObjectVersion:   FortniteRelease (E7086368-6B23-4C58-8439-1B7016265E91): 1
LogDevObjectVersion:   Dev-Enterprise (9DFFBCD6-494F-0158-E221-12823C92A888): 10
LogDevObjectVersion:   Dev-Niagara (F2AED0AC-9AFE-416F-8664-AA7FFA26D6FC): 1
LogDevObjectVersion:   Dev-Destruction (174F1F0B-B4C6-45A5-B13F-2EE8D0FB917D): 10
LogDevObjectVersion:   Dev-Physics-Ext (35F94A83-E258-406C-A318-09F59610247C): 41
LogDevObjectVersion:   Dev-PhysicsMaterial-Chaos (B68FC16E-8B1B-42E2-B453-215C058844FE): 1
LogDevObjectVersion:   Dev-CineCamera (B2E18506-4273-CFC2-A54E-F4BB758BBA07): 1
LogDevObjectVersion:   Dev-VirtualProduction (64F58936-FD1B-42BA-BA96-7289D5D0FA4E): 1
LogDevObjectVersion:   Dev-MediaFramework (6F0ED827-A609-4895-9C91-998D90180EA4): 2
LogInit: Presizing for max 25165824 objects, including 0 objects not considered by GC, pre-allocating 0 bytes for permanent pool.
LogConfig: Applying CVar settings from Section [/Script/Engine.StreamingSettings] File [C:/Users/danie/Documents/Gamedev VR/game/UE4 game/fpsgame/Saved/Config/Windows/Engine.ini]
LogConfig: Setting CVar [[s.MinBulkDataSizeForAsyncLoading:131072]]
LogConfig: Setting CVar [[s.AsyncLoadingThreadEnabled:0]]
LogConfig: Setting CVar [[s.EventDrivenLoaderEnabled:1]]
LogConfig: Setting CVar [[s.WarnIfTimeLimitExceeded:0]]
LogConfig: Setting CVar [[s.TimeLimitExceededMultiplier:1.5]]
LogConfig: Setting CVar [[s.TimeLimitExceededMinTime:0.005]]
LogConfig: Setting CVar [[s.UseBackgroundLevelStreaming:1]]
LogConfig: Setting CVar [[s.PriorityAsyncLoadingExtraTime:15.0]]
LogConfig: Setting CVar [[s.LevelStreamingActorsUpdateTimeLimit:5.0]]
LogConfig: Setting CVar [[s.PriorityLevelStreamingActorsUpdateExtraTime:5.0]]
LogConfig: Setting CVar [[s.LevelStreamingComponentsRegistrationGranularity:10]]
LogConfig: Setting CVar [[s.UnregisterComponentsTimeLimit:1.0]]
LogConfig: Setting CVar [[s.LevelStreamingComponentsUnregistrationGranularity:5]]
LogConfig: Setting CVar [[s.FlushStreamingOnExit:1]]
LogInit: Object subsystem initialized
LogConfig: Setting CVar [[con.DebugEarlyDefault:1]]
LogConfig: Setting CVar [[r.setres:1280x720]]
[2022.11.02-18.37.00:088][  0]LogConfig: Setting CVar [[con.DebugEarlyDefault:1]]
[2022.11.02-18.37.00:088][  0]LogConfig: Setting CVar [[r.setres:1280x720]]
[2022.11.02-18.37.00:088][  0]LogConfig: Applying CVar settings from Section [/Script/Engine.RendererSettings] File [C:/Users/danie/Documents/Gamedev VR/game/UE4 game/fpsgame/Saved/Config/Windows/Engine.ini]
[2022.11.02-18.37.00:089][  0]LogConfig: Setting CVar [[r.GPUCrashDebugging:0]]
[2022.11.02-18.37.00:089][  0]LogConfig: Setting CVar [[r.Mobile.DisableVertexFog:1]]
[2022.11.02-18.37.00:089][  0]LogConfig: Setting CVar [[r.Shadow.CSM.MaxMobileCascades:2]]
[2022.11.02-18.37.00:089][  0]LogConfig: Setting CVar [[r.MobileMSAA:1]]
[2022.11.02-18.37.00:090][  0]LogConfig: Setting CVar [[r.Mobile.AllowDitheredLODTransition:0]]
[2022.11.02-18.37.00:090][  0]LogConfig: Setting CVar [[r.Mobile.AllowSoftwareOcclusion:0]]
[2022.11.02-18.37.00:090][  0]LogConfig: Setting CVar [[r.Mobile.VirtualTextures:0]]
[2022.11.02-18.37.00:091][  0]LogConfig: Setting CVar [[r.DiscardUnusedQuality:0]]
[2022.11.02-18.37.00:091][  0]LogConfig: Setting CVar [[r.AllowOcclusionQueries:1]]
[2022.11.02-18.37.00:091][  0]LogConfig: Setting CVar [[r.MinScreenRadiusForLights:0.030000]]
[2022.11.02-18.37.00:091][  0]LogConfig: Setting CVar [[r.MinScreenRadiusForDepthPrepass:0.030000]]
[2022.11.02-18.37.00:091][  0]LogConfig: Setting CVar [[r.MinScreenRadiusForCSMDepth:0.010000]]
[2022.11.02-18.37.00:092][  0]LogConfig: Setting CVar [[r.PrecomputedVisibilityWarning:0]]
[2022.11.02-18.37.00:092][  0]LogConfig: Setting CVar [[r.TextureStreaming:1]]
[2022.11.02-18.37.00:092][  0]LogConfig: Setting CVar [[Compat.UseDXT5NormalMaps:0]]
[2022.11.02-18.37.00:093][  0]LogConfig: Setting CVar [[r.VirtualTextures:0]]
[2022.11.02-18.37.00:093][  0]LogConfig: Setting CVar [[r.VT.EnableAutoImport:1]]
[2022.11.02-18.37.00:093][  0]LogConfig: Setting CVar [[r.VirtualTexturedLightmaps:0]]
[2022.11.02-18.37.00:093][  0]LogConfig: Setting CVar [[r.VT.TileSize:128]]
[2022.11.02-18.37.00:094][  0]LogConfig: Setting CVar [[r.VT.TileBorderSize:4]]
[2022.11.02-18.37.00:094][  0]LogConfig: Setting CVar [[r.vt.FeedbackFactor:16]]
[2022.11.02-18.37.00:094][  0]LogConfig: Setting CVar [[r.VT.EnableCompressZlib:1]]
[2022.11.02-18.37.00:094][  0]LogConfig: Setting CVar [[r.VT.EnableCompressCrunch:0]]
[2022.11.02-18.37.00:095][  0]LogConfig: Setting CVar [[r.ClearCoatNormal:0]]
[2022.11.02-18.37.00:095][  0]LogConfig: Setting CVar [[r.ReflectionCaptureResolution:128]]
[2022.11.02-18.37.00:095][  0]LogConfig: Setting CVar [[r.Mobile.ReflectionCaptureCompression:0]]
[2022.11.02-18.37.00:095][  0]LogConfig: Setting CVar [[r.ReflectionEnvironmentLightmapMixBasedOnRoughness:1]]
[2022.11.02-18.37.00:096][  0]LogConfig: Setting CVar [[r.ForwardShading:0]]
[2022.11.02-18.37.00:096][  0]LogConfig: Setting CVar [[r.VertexFoggingForOpaque:1]]
[2022.11.02-18.37.00:096][  0]LogConfig: Setting CVar [[r.AllowStaticLighting:1]]
[2022.11.02-18.37.00:096][  0]LogConfig: Setting CVar [[r.NormalMapsForStaticLighting:0]]
[2022.11.02-18.37.00:097][  0]LogConfig: Setting CVar [[r.GenerateMeshDistanceFields:0]]
[2022.11.02-18.37.00:097][  0]LogConfig: Setting CVar [[r.DistanceFieldBuild.EightBit:0]]
[2022.11.02-18.37.00:097][  0]LogConfig: Setting CVar [[r.GenerateLandscapeGIData:0]]
[2022.11.02-18.37.00:097][  0]LogConfig: Setting CVar [[r.DistanceFieldBuild.Compress:0]]
[2022.11.02-18.37.00:098][  0]LogConfig: Setting CVar [[r.TessellationAdaptivePixelsPerTriangle:48.000000]]
[2022.11.02-18.37.00:098][  0]LogConfig: Setting CVar [[r.SeparateTranslucency:1]]
[2022.11.02-18.37.00:098][  0]LogConfig: Setting CVar [[r.TranslucentSortPolicy:0]]
[2022.11.02-18.37.00:098][  0]LogConfig: Setting CVar [[vr.VRS.HMDFixedFoveationLevel:0]]
[2022.11.02-18.37.00:098][  0]LogConfig: Setting CVar [[r.CustomDepth:1]]
[2022.11.02-18.37.00:099][  0]LogConfig: Setting CVar [[r.CustomDepthTemporalAAJitter:1]]
[2022.11.02-18.37.00:099][  0]LogConfig: Setting CVar [[r.PostProcessing.PropagateAlpha:0]]
[2022.11.02-18.37.00:099][  0]LogConfig: Setting CVar [[r.DefaultFeature.Bloom:1]]
[2022.11.02-18.37.00:099][  0]LogConfig: Setting CVar [[r.DefaultFeature.AmbientOcclusion:1]]
[2022.11.02-18.37.00:100][  0]LogConfig: Setting CVar [[r.DefaultFeature.AmbientOcclusionStaticFraction:1]]
[2022.11.02-18.37.00:100][  0]LogConfig: Setting CVar [[r.DefaultFeature.AutoExposure:0]]
[2022.11.02-18.37.00:100][  0]LogConfig: Setting CVar [[r.DefaultFeature.AutoExposure.Method:0]]
[2022.11.02-18.37.00:100][  0]LogConfig: Setting CVar [[r.DefaultFeature.AutoExposure.Bias:1.000000]]
[2022.11.02-18.37.00:101][  0]LogConfig: Setting CVar [[r.DefaultFeature.AutoExposure.ExtendDefaultLuminanceRange:0]]
[2022.11.02-18.37.00:103][  0]LogConfig: Setting CVar [[r.UsePreExposure:1]]
[2022.11.02-18.37.00:104][  0]LogConfig: Setting CVar [[r.EyeAdaptation.EditorOnly:0]]
[2022.11.02-18.37.00:104][  0]LogConfig: Setting CVar [[r.DefaultFeature.MotionBlur:0]]
[2022.11.02-18.37.00:104][  0]LogConfig: Setting CVar [[r.DefaultFeature.LensFlare:0]]
[2022.11.02-18.37.00:104][  0]LogConfig: Setting CVar [[r.TemporalAA.Upsampling:0]]
[2022.11.02-18.37.00:105][  0]LogConfig: Setting CVar [[r.SSGI.Enable:0]]
[2022.11.02-18.37.00:105][  0]LogConfig: Setting CVar [[r.DefaultFeature.AntiAliasing:0]]
[2022.11.02-18.37.00:105][  0]LogConfig: Setting CVar [[r.DefaultFeature.LightUnits:1]]
[2022.11.02-18.37.00:105][  0]LogConfig: Setting CVar [[r.DefaultBackBufferPixelFormat:4]]
[2022.11.02-18.37.00:106][  0]LogConfig: Setting CVar [[r.Shadow.UnbuiltPreviewInGame:1]]
[2022.11.02-18.37.00:106][  0]LogConfig: Setting CVar [[r.StencilForLODDither:0]]
[2022.11.02-18.37.00:106][  0]LogConfig: Setting CVar [[r.EarlyZPass:3]]
[2022.11.02-18.37.00:107][  0]LogConfig: Setting CVar [[r.EarlyZPassOnlyMaterialMasking:0]]
[2022.11.02-18.37.00:107][  0]LogConfig: Setting CVar [[r.DBuffer:1]]
[2022.11.02-18.37.00:107][  0]LogConfig: Setting CVar [[r.ClearSceneMethod:1]]
[2022.11.02-18.37.00:107][  0]LogConfig: Setting CVar [[r.BasePassOutputsVelocity:0]]
[2022.11.02-18.37.00:108][  0]LogConfig: Setting CVar [[r.VertexDeformationOutputsVelocity:0]]
[2022.11.02-18.37.00:108][  0]LogConfig: Setting CVar [[r.SelectiveBasePassOutputs:0]]
[2022.11.02-18.37.00:108][  0]LogConfig: Setting CVar [[fx.GPUSimulationTextureSizeX:1024]]
[2022.11.02-18.37.00:108][  0]LogConfig: Setting CVar [[fx.GPUSimulationTextureSizeY:1024]]
[2022.11.02-18.37.00:109][  0]LogConfig: Setting CVar [[r.AllowGlobalClipPlane:0]]
[2022.11.02-18.37.00:109][  0]LogConfig: Setting CVar [[r.GBufferFormat:1]]
[2022.11.02-18.37.00:109][  0]LogConfig: Setting CVar [[r.MorphTarget.Mode:1]]
[2022.11.02-18.37.00:109][  0]LogConfig: Setting CVar [[vr.InstancedStereo:0]]
[2022.11.02-18.37.00:110][  0]LogConfig: Setting CVar [[r.MobileHDR:1]]
[2022.11.02-18.37.00:110][  0]LogConfig: Setting CVar [[vr.MobileMultiView:0]]
[2022.11.02-18.37.00:110][  0]LogConfig: Setting CVar [[r.Mobile.UseHWsRGBEncoding:0]]
[2022.11.02-18.37.00:110][  0]LogConfig: Setting CVar [[vr.RoundRobinOcclusion:0]]
[2022.11.02-18.37.00:111][  0]LogConfig: Setting CVar [[vr.ODSCapture:0]]
[2022.11.02-18.37.00:111][  0]LogConfig: Setting CVar [[r.MeshStreaming:0]]
[2022.11.02-18.37.00:111][  0]LogConfig: Setting CVar [[r.WireframeCullThreshold:5.000000]]
[2022.11.02-18.37.00:111][  0]LogConfig: Setting CVar [[r.RayTracing:0]]
[2022.11.02-18.37.00:112][  0]LogConfig: Setting CVar [[r.RayTracing.UseTextureLod:0]]
[2022.11.02-18.37.00:112][  0]LogConfig: Setting CVar [[r.SupportStationarySkylight:1]]
[2022.11.02-18.37.00:112][  0]LogConfig: Setting CVar [[r.SupportLowQualityLightmaps:1]]
[2022.11.02-18.37.00:112][  0]LogConfig: Setting CVar [[r.SupportPointLightWholeSceneShadows:1]]
[2022.11.02-18.37.00:113][  0]LogConfig: Setting CVar [[r.SupportAtmosphericFog:1]]
[2022.11.02-18.37.00:113][  0]LogConfig: Setting CVar [[r.SupportSkyAtmosphere:1]]
[2022.11.02-18.37.00:113][  0]LogConfig: Setting CVar [[r.SupportSkyAtmosphereAffectsHeightFog:0]]
[2022.11.02-18.37.00:114][  0]LogConfig: Setting CVar [[r.SkinCache.CompileShaders:0]]
[2022.11.02-18.37.00:114][  0]LogConfig: Setting CVar [[r.SkinCache.DefaultBehavior:1]]
[2022.11.02-18.37.00:114][  0]LogConfig: Setting CVar [[r.SkinCache.SceneMemoryLimitInMB:128.000000]]
[2022.11.02-18.37.00:114][  0]LogConfig: Setting CVar [[r.Mobile.EnableStaticAndCSMShadowReceivers:1]]
[2022.11.02-18.37.00:115][  0]LogConfig: Setting CVar [[r.Mobile.EnableMovableLightCSMShaderCulling:1]]
[2022.11.02-18.37.00:115][  0]LogConfig: Setting CVar [[r.Mobile.AllowDistanceFieldShadows:1]]
[2022.11.02-18.37.00:115][  0]LogConfig: Setting CVar [[r.Mobile.AllowMovableDirectionalLights:1]]
[2022.11.02-18.37.00:115][  0]LogConfig: Setting CVar [[r.MobileNumDynamicPointLights:4]]
[2022.11.02-18.37.00:116][  0]LogConfig: Setting CVar [[r.MobileDynamicPointLightsUseStaticBranch:1]]
[2022.11.02-18.37.00:116][  0]LogConfig: Setting CVar [[r.Mobile.EnableMovableSpotlights:0]]
[2022.11.02-18.37.00:116][  0]LogConfig: Setting CVar [[r.Mobile.EnableMovableSpotlightsShadow:0]]
[2022.11.02-18.37.00:116][  0]LogConfig: Setting CVar [[r.GPUSkin.Support16BitBoneIndex:0]]
[2022.11.02-18.37.00:117][  0]LogConfig: Setting CVar [[r.GPUSkin.Limit2BoneInfluences:0]]
[2022.11.02-18.37.00:119][  0]LogConfig: Setting CVar [[r.SupportDepthOnlyIndexBuffers:1]]
[2022.11.02-18.37.00:119][  0]LogConfig: Setting CVar [[r.SupportReversedIndexBuffers:1]]
[2022.11.02-18.37.00:120][  0]LogConfig: Setting CVar [[r.LightPropagationVolume:0]]
[2022.11.02-18.37.00:120][  0]LogConfig: Setting CVar [[r.Mobile.AmbientOcclusion:0]]
[2022.11.02-18.37.00:120][  0]LogConfig: Setting CVar [[r.GPUSkin.UnlimitedBoneInfluences:0]]
[2022.11.02-18.37.00:120][  0]LogConfig: Setting CVar [[r.GPUSkin.UnlimitedBoneInfluencesThreshold:8]]
[2022.11.02-18.37.00:121][  0]LogConfig: Setting CVar [[r.Mobile.PlanarReflectionMode:0]]
[2022.11.02-18.37.00:121][  0]LogConfig: Setting CVar [[r.Mobile.SupportsGen4TAA:0]]
[2022.11.02-18.37.00:121][  0]LogConfig: Applying CVar settings from Section [/Script/Engine.RendererOverrideSettings] File [C:/Users/danie/Documents/Gamedev VR/game/UE4 game/fpsgame/Saved/Config/Windows/Engine.ini]
[2022.11.02-18.37.00:121][  0]LogConfig: Applying CVar settings from Section [/Script/Engine.StreamingSettings] File [C:/Users/danie/Documents/Gamedev VR/game/UE4 game/fpsgame/Saved/Config/Windows/Engine.ini]
[2022.11.02-18.37.00:122][  0]LogConfig: Setting CVar [[s.MinBulkDataSizeForAsyncLoading:131072]]
[2022.11.02-18.37.00:122][  0]LogConfig: Setting CVar [[s.AsyncLoadingThreadEnabled:0]]
[2022.11.02-18.37.00:122][  0]LogConfig: Setting CVar [[s.EventDrivenLoaderEnabled:1]]
[2022.11.02-18.37.00:122][  0]LogConfig: Setting CVar [[s.WarnIfTimeLimitExceeded:0]]
[2022.11.02-18.37.00:123][  0]LogConfig: Setting CVar [[s.TimeLimitExceededMultiplier:1.5]]
[2022.11.02-18.37.00:123][  0]LogConfig: Setting CVar [[s.TimeLimitExceededMinTime:0.005]]
[2022.11.02-18.37.00:123][  0]LogConfig: Setting CVar [[s.UseBackgroundLevelStreaming:1]]
[2022.11.02-18.37.00:124][  0]LogConfig: Setting CVar [[s.PriorityAsyncLoadingExtraTime:15.0]]
[2022.11.02-18.37.00:124][  0]LogConfig: Setting CVar [[s.LevelStreamingActorsUpdateTimeLimit:5.0]]
[2022.11.02-18.37.00:124][  0]LogConfig: Setting CVar [[s.PriorityLevelStreamingActorsUpdateExtraTime:5.0]]
[2022.11.02-18.37.00:124][  0]LogConfig: Setting CVar [[s.LevelStreamingComponentsRegistrationGranularity:10]]
[2022.11.02-18.37.00:125][  0]LogConfig: Setting CVar [[s.UnregisterComponentsTimeLimit:1.0]]
[2022.11.02-18.37.00:125][  0]LogConfig: Setting CVar [[s.LevelStreamingComponentsUnregistrationGranularity:5]]
[2022.11.02-18.37.00:125][  0]LogConfig: Setting CVar [[s.FlushStreamingOnExit:1]]
[2022.11.02-18.37.00:125][  0]LogConfig: Applying CVar settings from Section [/Script/Engine.GarbageCollectionSettings] File [C:/Users/danie/Documents/Gamedev VR/game/UE4 game/fpsgame/Saved/Config/Windows/Engine.ini]
[2022.11.02-18.37.00:126][  0]LogConfig: Setting CVar [[gc.MaxObjectsNotConsideredByGC:1]]
[2022.11.02-18.37.00:126][  0]LogConfig: Setting CVar [[gc.SizeOfPermanentObjectPool:0]]
[2022.11.02-18.37.00:126][  0]LogConfig: Setting CVar [[gc.FlushStreamingOnGC:0]]
[2022.11.02-18.37.00:126][  0]LogConfig: Setting CVar [[gc.NumRetriesBeforeForcingGC:10]]
[2022.11.02-18.37.00:127][  0]LogConfig: Setting CVar [[gc.AllowParallelGC:1]]
[2022.11.02-18.37.00:127][  0]LogConfig: Setting CVar [[gc.TimeBetweenPurgingPendingKillObjects:61.1]]
[2022.11.02-18.37.00:127][  0]LogConfig: Setting CVar [[gc.MaxObjectsInEditor:25165824]]
[2022.11.02-18.37.00:127][  0]LogConfig: Setting CVar [[gc.IncrementalBeginDestroyEnabled:1]]
[2022.11.02-18.37.00:128][  0]LogConfig: Setting CVar [[gc.CreateGCClusters:1]]
[2022.11.02-18.37.00:128][  0]LogConfig: Setting CVar [[gc.MinGCClusterSize:5]]
[2022.11.02-18.37.00:128][  0]LogConfig: Setting CVar [[gc.ActorClusteringEnabled:0]]
[2022.11.02-18.37.00:128][  0]LogConfig: Setting CVar [[gc.BlueprintClusteringEnabled:0]]
[2022.11.02-18.37.00:129][  0]LogConfig: Setting CVar [[gc.UseDisregardForGCOnDedicatedServers:0]]
[2022.11.02-18.37.00:129][  0]LogConfig: Setting CVar [[gc.MultithreadedDestructionEnabled:1]]
[2022.11.02-18.37.00:129][  0]LogConfig: Applying CVar settings from Section [/Script/Engine.NetworkSettings] File [C:/Users/danie/Documents/Gamedev VR/game/UE4 game/fpsgame/Saved/Config/Windows/Engine.ini]
[2022.11.02-18.37.00:129][  0]LogConfig: Applying CVar settings from Section [/Script/UnrealEd.CookerSettings] File [C:/Users/danie/Documents/Gamedev VR/game/UE4 game/fpsgame/Saved/Config/Windows/Engine.ini]
[2022.11.02-18.37.00:130][  0]LogConfig: Applying CVar settings from Section [ViewDistanceQuality@3] File [C:/Users/danie/Documents/Gamedev VR/game/UE4 game/fpsgame/Saved/Config/Windows/Scalability.ini]
[2022.11.02-18.37.00:130][  0]LogConfig: Setting CVar [[r.SkeletalMeshLODBias:0]]
[2022.11.02-18.37.00:130][  0]LogConfig: Setting CVar [[r.ViewDistanceScale:1.0]]
[2022.11.02-18.37.00:130][  0]LogConfig: Applying CVar settings from Section [AntiAliasingQuality@3] File [C:/Users/danie/Documents/Gamedev VR/game/UE4 game/fpsgame/Saved/Config/Windows/Scalability.ini]
[2022.11.02-18.37.00:131][  0]LogConfig: Setting CVar [[r.PostProcessAAQuality:4]]
[2022.11.02-18.37.00:131][  0]LogConfig: Applying CVar settings from Section [ShadowQuality@3] File [C:/Users/danie/Documents/Gamedev VR/game/UE4 game/fpsgame/Saved/Config/Windows/Scalability.ini]
[2022.11.02-18.37.00:131][  0]LogConfig: Setting CVar [[r.LightFunctionQuality:1]]
[2022.11.02-18.37.00:131][  0]LogConfig: Setting CVar [[r.ShadowQuality:5]]
[2022.11.02-18.37.00:132][  0]LogConfig: Setting CVar [[r.Shadow.CSM.MaxCascades:10]]
[2022.11.02-18.37.00:132][  0]LogConfig: Setting CVar [[r.Shadow.MaxResolution:2048]]
[2022.11.02-18.37.00:132][  0]LogConfig: Setting CVar [[r.Shadow.MaxCSMResolution:2048]]
[2022.11.02-18.37.00:132][  0]LogConfig: Setting CVar [[r.Shadow.RadiusThreshold:0.01]]
[2022.11.02-18.37.00:133][  0]LogConfig: Setting CVar [[r.Shadow.DistanceScale:1.0]]
[2022.11.02-18.37.00:135][  0]LogConfig: Setting CVar [[r.Shadow.CSM.TransitionScale:1.0]]
[2022.11.02-18.37.00:136][  0]LogConfig: Setting CVar [[r.Shadow.PreShadowResolutionFactor:1.0]]
[2022.11.02-18.37.00:136][  0]LogConfig: Setting CVar [[r.DistanceFieldShadowing:1]]
[2022.11.02-18.37.00:136][  0]LogConfig: Setting CVar [[r.DistanceFieldAO:1]]
[2022.11.02-18.37.00:136][  0]LogConfig: Setting CVar [[r.AOQuality:2]]
[2022.11.02-18.37.00:137][  0]LogConfig: Setting CVar [[r.VolumetricFog:1]]
[2022.11.02-18.37.00:137][  0]LogConfig: Setting CVar [[r.VolumetricFog.GridPixelSize:8]]
[2022.11.02-18.37.00:137][  0]LogConfig: Setting CVar [[r.VolumetricFog.GridSizeZ:128]]
[2022.11.02-18.37.00:137][  0]LogConfig: Setting CVar [[r.VolumetricFog.HistoryMissSupersampleCount:4]]
[2022.11.02-18.37.00:138][  0]LogConfig: Setting CVar [[r.LightMaxDrawDistanceScale:1]]
[2022.11.02-18.37.00:138][  0]LogConfig: Setting CVar [[r.CapsuleShadows:1]]
[2022.11.02-18.37.00:138][  0]LogConfig: Applying CVar settings from Section [PostProcessQuality@3] File [C:/Users/danie/Documents/Gamedev VR/game/UE4 game/fpsgame/Saved/Config/Windows/Scalability.ini]
[2022.11.02-18.37.00:138][  0]LogConfig: Setting CVar [[r.MotionBlurQuality:4]]
[2022.11.02-18.37.00:139][  0]LogConfig: Setting CVar [[r.AmbientOcclusionMipLevelFactor:0.4]]
[2022.11.02-18.37.00:139][  0]LogConfig: Setting CVar [[r.AmbientOcclusionMaxQuality:100]]
[2022.11.02-18.37.00:139][  0]LogConfig: Setting CVar [[r.AmbientOcclusionLevels:-1]]
[2022.11.02-18.37.00:140][  0]LogConfig: Setting CVar [[r.AmbientOcclusionRadiusScale:1.0]]
[2022.11.02-18.37.00:140][  0]LogConfig: Setting CVar [[r.DepthOfFieldQuality:2]]
[2022.11.02-18.37.00:140][  0]LogConfig: Setting CVar [[r.RenderTargetPoolMin:400]]
[2022.11.02-18.37.00:140][  0]LogConfig: Setting CVar [[r.LensFlareQuality:2]]
[2022.11.02-18.37.00:141][  0]LogConfig: Setting CVar [[r.SceneColorFringeQuality:1]]
[2022.11.02-18.37.00:141][  0]LogConfig: Setting CVar [[r.EyeAdaptationQuality:2]]
[2022.11.02-18.37.00:141][  0]LogConfig: Setting CVar [[r.BloomQuality:5]]
[2022.11.02-18.37.00:141][  0]LogConfig: Setting CVar [[r.FastBlurThreshold:100]]
[2022.11.02-18.37.00:142][  0]LogConfig: Setting CVar [[r.Upscale.Quality:3]]
[2022.11.02-18.37.00:142][  0]LogConfig: Setting CVar [[r.Tonemapper.GrainQuantization:1]]
[2022.11.02-18.37.00:142][  0]LogConfig: Setting CVar [[r.LightShaftQuality:1]]
[2022.11.02-18.37.00:142][  0]LogConfig: Setting CVar [[r.Filter.SizeScale:1]]
[2022.11.02-18.37.00:143][  0]LogConfig: Setting CVar [[r.Tonemapper.Quality:5]]
[2022.11.02-18.37.00:143][  0]LogConfig: Setting CVar [[r.DOF.Gather.AccumulatorQuality:1        ; higher gathering accumulator quality]]
[2022.11.02-18.37.00:143][  0]LogConfig: Setting CVar [[r.DOF.Gather.PostfilterMethod:1          ; Median3x3 postfilering method]]
[2022.11.02-18.37.00:143][  0]LogConfig: Setting CVar [[r.DOF.Gather.EnableBokehSettings:0       ; no bokeh simulation when gathering]]
[2022.11.02-18.37.00:144][  0]LogConfig: Setting CVar [[r.DOF.Gather.RingCount:4                 ; medium number of samples when gathering]]
[2022.11.02-18.37.00:144][  0]LogConfig: Setting CVar [[r.DOF.Scatter.ForegroundCompositing:1    ; additive foreground scattering]]
[2022.11.02-18.37.00:144][  0]LogConfig: Setting CVar [[r.DOF.Scatter.BackgroundCompositing:2    ; additive background scattering]]
[2022.11.02-18.37.00:144][  0]LogConfig: Setting CVar [[r.DOF.Scatter.EnableBokehSettings:1      ; bokeh simulation when scattering]]
[2022.11.02-18.37.00:145][  0]LogConfig: Setting CVar [[r.DOF.Scatter.MaxSpriteRatio:0.1         ; only a maximum of 10% of scattered bokeh]]
[2022.11.02-18.37.00:145][  0]LogConfig: Setting CVar [[r.DOF.Recombine.Quality:1                ; cheap slight out of focus]]
[2022.11.02-18.37.00:145][  0]LogConfig: Setting CVar [[r.DOF.Recombine.EnableBokehSettings:0    ; no bokeh simulation on slight out of focus]]
[2022.11.02-18.37.00:145][  0]LogConfig: Setting CVar [[r.DOF.TemporalAAQuality:1                ; more stable temporal accumulation]]
[2022.11.02-18.37.00:146][  0]LogConfig: Setting CVar [[r.DOF.Kernel.MaxForegroundRadius:0.025]]
[2022.11.02-18.37.00:146][  0]LogConfig: Setting CVar [[r.DOF.Kernel.MaxBackgroundRadius:0.025]]
[2022.11.02-18.37.00:146][  0]LogConfig: Applying CVar settings from Section [TextureQuality@3] File [C:/Users/danie/Documents/Gamedev VR/game/UE4 game/fpsgame/Saved/Config/Windows/Scalability.ini]
[2022.11.02-18.37.00:146][  0]LogConfig: Setting CVar [[r.Streaming.MipBias:0]]
[2022.11.02-18.37.00:147][  0]LogConfig: Setting CVar [[r.Streaming.AmortizeCPUToGPUCopy:0]]
[2022.11.02-18.37.00:147][  0]LogConfig: Setting CVar [[r.Streaming.MaxNumTexturesToStreamPerFrame:0]]
[2022.11.02-18.37.00:147][  0]LogConfig: Setting CVar [[r.Streaming.Boost:1]]
[2022.11.02-18.37.00:148][  0]LogConfig: Setting CVar [[r.MaxAnisotropy:8]]
[2022.11.02-18.37.00:148][  0]LogConfig: Setting CVar [[r.VT.MaxAnisotropy:8]]
[2022.11.02-18.37.00:148][  0]LogConfig: Setting CVar [[r.Streaming.LimitPoolSizeToVRAM:0]]
[2022.11.02-18.37.00:148][  0]LogConfig: Setting CVar [[r.Streaming.PoolSize:1000]]
[2022.11.02-18.37.00:149][  0]LogConfig: Setting CVar [[r.Streaming.MaxEffectiveScreenSize:0]]
[2022.11.02-18.37.00:151][  0]LogConfig: Applying CVar settings from Section [EffectsQuality@3] File [C:/Users/danie/Documents/Gamedev VR/game/UE4 game/fpsgame/Saved/Config/Windows/Scalability.ini]
[2022.11.02-18.37.00:151][  0]LogConfig: Setting CVar [[r.TranslucencyLightingVolumeDim:64]]
[2022.11.02-18.37.00:152][  0]LogConfig: Setting CVar [[r.RefractionQuality:2]]
[2022.11.02-18.37.00:152][  0]LogConfig: Setting CVar [[r.SSR.Quality:3]]
[2022.11.02-18.37.00:153][  0]LogConfig: Setting CVar [[r.SSR.HalfResSceneColor:0]]
[2022.11.02-18.37.00:153][  0]LogConfig: Setting CVar [[r.SceneColorFormat:4]]
[2022.11.02-18.37.00:154][  0]LogConfig: Setting CVar [[r.DetailMode:2]]
[2022.11.02-18.37.00:154][  0]LogConfig: Setting CVar [[r.TranslucencyVolumeBlur:1]]
[2022.11.02-18.37.00:154][  0]LogConfig: Setting CVar [[r.MaterialQualityLevel:1 ; High quality]]
[2022.11.02-18.37.00:154][  0]LogConfig: Setting CVar [[r.AnisotropicMaterials:1]]
[2022.11.02-18.37.00:155][  0]LogConfig: Setting CVar [[r.SSS.Scale:1]]
[2022.11.02-18.37.00:155][  0]LogConfig: Setting CVar [[r.SSS.SampleSet:2]]
[2022.11.02-18.37.00:155][  0]LogConfig: Setting CVar [[r.SSS.Quality:1]]
[2022.11.02-18.37.00:155][  0]LogConfig: Setting CVar [[r.SSS.HalfRes:0]]
[2022.11.02-18.37.00:156][  0]LogConfig: Setting CVar [[r.SSGI.Quality:3]]
[2022.11.02-18.37.00:156][  0]LogConfig: Setting CVar [[r.EmitterSpawnRateScale:1.0]]
[2022.11.02-18.37.00:156][  0]LogConfig: Setting CVar [[r.ParticleLightQuality:2]]
[2022.11.02-18.37.00:157][  0]LogConfig: Setting CVar [[r.SkyAtmosphere.AerialPerspectiveLUT.FastApplyOnOpaque:1 ; Always have FastSkyLUT 1 in this case to avoid wrong sky]]
[2022.11.02-18.37.00:157][  0]LogConfig: Setting CVar [[r.SkyAtmosphere.AerialPerspectiveLUT.SampleCountMaxPerSlice:4]]
[2022.11.02-18.37.00:157][  0]LogConfig: Setting CVar [[r.SkyAtmosphere.AerialPerspectiveLUT.DepthResolution:16.0]]
[2022.11.02-18.37.00:157][  0]LogConfig: Setting CVar [[r.SkyAtmosphere.FastSkyLUT:1]]
[2022.11.02-18.37.00:158][  0]LogConfig: Setting CVar [[r.SkyAtmosphere.FastSkyLUT.SampleCountMin:4.0]]
[2022.11.02-18.37.00:158][  0]LogConfig: Setting CVar [[r.SkyAtmosphere.FastSkyLUT.SampleCountMax:128.0]]
[2022.11.02-18.37.00:158][  0]LogConfig: Setting CVar [[r.SkyAtmosphere.SampleCountMin:4.0]]
[2022.11.02-18.37.00:158][  0]LogConfig: Setting CVar [[r.SkyAtmosphere.SampleCountMax:128.0]]
[2022.11.02-18.37.00:159][  0]LogConfig: Setting CVar [[r.SkyAtmosphere.TransmittanceLUT.UseSmallFormat:0]]
[2022.11.02-18.37.00:159][  0]LogConfig: Setting CVar [[r.SkyAtmosphere.TransmittanceLUT.SampleCount:10.0]]
[2022.11.02-18.37.00:159][  0]LogConfig: Setting CVar [[r.SkyAtmosphere.MultiScatteringLUT.SampleCount:15.0]]
[2022.11.02-18.37.00:159][  0]LogConfig: Setting CVar [[r.SkyLight.RealTimeReflectionCapture:1]]
[2022.11.02-18.37.00:160][  0]LogConfig: Applying CVar settings from Section [FoliageQuality@3] File [C:/Users/danie/Documents/Gamedev VR/game/UE4 game/fpsgame/Saved/Config/Windows/Scalability.ini]
[2022.11.02-18.37.00:160][  0]LogConfig: Setting CVar [[foliage.DensityScale:1.0]]
[2022.11.02-18.37.00:160][  0]LogConfig: Setting CVar [[grass.DensityScale:1.0]]
[2022.11.02-18.37.00:160][  0]LogConfig: Applying CVar settings from Section [ShadingQuality@3] File [C:/Users/danie/Documents/Gamedev VR/game/UE4 game/fpsgame/Saved/Config/Windows/Scalability.ini]
[2022.11.02-18.37.00:161][  0]LogConfig: Setting CVar [[r.HairStrands.SkyLighting.IntegrationType:2]]
[2022.11.02-18.37.00:161][  0]LogConfig: Setting CVar [[r.HairStrands.SkyAO.SampleCount:4]]
[2022.11.02-18.37.00:161][  0]LogConfig: Setting CVar [[r.HairStrands.Visibility.MSAA.SamplePerPixel:4]]
[2022.11.02-18.37.00:162][  0]LogInit: Selected Device Profile: [Windows]
[2022.11.02-18.37.00:162][  0]LogInit: Applying CVar settings loaded from the selected device profile: [Windows]
[2022.11.02-18.37.00:162][  0]LogHAL: Display: Platform has ~ 16 GB [17128247296 / 17179869184 / 16], which maps to Larger [LargestMinGB=32, LargerMinGB=12, DefaultMinGB=8, SmallerMinGB=6, SmallestMinGB=0)
[2022.11.02-18.37.00:162][  0]LogInit: Going up to parent DeviceProfile []
[2022.11.02-18.37.00:163][  0]LogConfig: Applying CVar settings from Section [ViewDistanceQuality@3] File [C:/Users/danie/Documents/Gamedev VR/game/UE4 game/fpsgame/Saved/Config/Windows/Scalability.ini]
[2022.11.02-18.37.00:163][  0]LogConfig: Setting CVar [[r.SkeletalMeshLODBias:0]]
[2022.11.02-18.37.00:163][  0]LogConfig: Setting CVar [[r.ViewDistanceScale:1.0]]
[2022.11.02-18.37.00:163][  0]LogConfig: Applying CVar settings from Section [AntiAliasingQuality@3] File [C:/Users/danie/Documents/Gamedev VR/game/UE4 game/fpsgame/Saved/Config/Windows/Scalability.ini]
[2022.11.02-18.37.00:164][  0]LogConfig: Setting CVar [[r.PostProcessAAQuality:4]]
[2022.11.02-18.37.00:164][  0]LogConfig: Applying CVar settings from Section [ShadowQuality@3] File [C:/Users/danie/Documents/Gamedev VR/game/UE4 game/fpsgame/Saved/Config/Windows/Scalability.ini]
[2022.11.02-18.37.00:164][  0]LogConfig: Setting CVar [[r.LightFunctionQuality:1]]
[2022.11.02-18.37.00:164][  0]LogConfig: Setting CVar [[r.ShadowQuality:5]]
[2022.11.02-18.37.00:164][  0]LogConfig: Setting CVar [[r.Shadow.CSM.MaxCascades:10]]
[2022.11.02-18.37.00:165][  0]LogConfig: Setting CVar [[r.Shadow.MaxResolution:2048]]
[2022.11.02-18.37.00:167][  0]LogConfig: Setting CVar [[r.Shadow.MaxCSMResolution:2048]]
[2022.11.02-18.37.00:167][  0]LogConfig: Setting CVar [[r.Shadow.RadiusThreshold:0.01]]
[2022.11.02-18.37.00:168][  0]LogConfig: Setting CVar [[r.Shadow.DistanceScale:1.0]]
[2022.11.02-18.37.00:168][  0]LogConfig: Setting CVar [[r.Shadow.CSM.TransitionScale:1.0]]
[2022.11.02-18.37.00:168][  0]LogConfig: Setting CVar [[r.Shadow.PreShadowResolutionFactor:1.0]]
[2022.11.02-18.37.00:168][  0]LogConfig: Setting CVar [[r.DistanceFieldShadowing:1]]
[2022.11.02-18.37.00:169][  0]LogConfig: Setting CVar [[r.DistanceFieldAO:1]]
[2022.11.02-18.37.00:169][  0]LogConfig: Setting CVar [[r.AOQuality:2]]
[2022.11.02-18.37.00:169][  0]LogConfig: Setting CVar [[r.VolumetricFog:1]]
[2022.11.02-18.37.00:169][  0]LogConfig: Setting CVar [[r.VolumetricFog.GridPixelSize:8]]
[2022.11.02-18.37.00:170][  0]LogConfig: Setting CVar [[r.VolumetricFog.GridSizeZ:128]]
[2022.11.02-18.37.00:170][  0]LogConfig: Setting CVar [[r.VolumetricFog.HistoryMissSupersampleCount:4]]
[2022.11.02-18.37.00:170][  0]LogConfig: Setting CVar [[r.LightMaxDrawDistanceScale:1]]
[2022.11.02-18.37.00:170][  0]LogConfig: Setting CVar [[r.CapsuleShadows:1]]
[2022.11.02-18.37.00:171][  0]LogConfig: Applying CVar settings from Section [PostProcessQuality@3] File [C:/Users/danie/Documents/Gamedev VR/game/UE4 game/fpsgame/Saved/Config/Windows/Scalability.ini]
[2022.11.02-18.37.00:171][  0]LogConfig: Setting CVar [[r.MotionBlurQuality:4]]
[2022.11.02-18.37.00:171][  0]LogConfig: Setting CVar [[r.AmbientOcclusionMipLevelFactor:0.4]]
[2022.11.02-18.37.00:172][  0]LogConfig: Setting CVar [[r.AmbientOcclusionMaxQuality:100]]
[2022.11.02-18.37.00:172][  0]LogConfig: Setting CVar [[r.AmbientOcclusionLevels:-1]]
[2022.11.02-18.37.00:172][  0]LogConfig: Setting CVar [[r.AmbientOcclusionRadiusScale:1.0]]
[2022.11.02-18.37.00:172][  0]LogConfig: Setting CVar [[r.DepthOfFieldQuality:2]]
[2022.11.02-18.37.00:173][  0]LogConfig: Setting CVar [[r.RenderTargetPoolMin:400]]
[2022.11.02-18.37.00:173][  0]LogConfig: Setting CVar [[r.LensFlareQuality:2]]
[2022.11.02-18.37.00:173][  0]LogConfig: Setting CVar [[r.SceneColorFringeQuality:1]]
[2022.11.02-18.37.00:174][  0]LogConfig: Setting CVar [[r.EyeAdaptationQuality:2]]
[2022.11.02-18.37.00:174][  0]LogConfig: Setting CVar [[r.BloomQuality:5]]
[2022.11.02-18.37.00:174][  0]LogConfig: Setting CVar [[r.FastBlurThreshold:100]]
[2022.11.02-18.37.00:174][  0]LogConfig: Setting CVar [[r.Upscale.Quality:3]]
[2022.11.02-18.37.00:174][  0]LogConfig: Setting CVar [[r.Tonemapper.GrainQuantization:1]]
[2022.11.02-18.37.00:175][  0]LogConfig: Setting CVar [[r.LightShaftQuality:1]]
[2022.11.02-18.37.00:175][  0]LogConfig: Setting CVar [[r.Filter.SizeScale:1]]
[2022.11.02-18.37.00:175][  0]LogConfig: Setting CVar [[r.Tonemapper.Quality:5]]
[2022.11.02-18.37.00:176][  0]LogConfig: Setting CVar [[r.DOF.Gather.AccumulatorQuality:1        ; higher gathering accumulator quality]]
[2022.11.02-18.37.00:176][  0]LogConfig: Setting CVar [[r.DOF.Gather.PostfilterMethod:1          ; Median3x3 postfilering method]]
[2022.11.02-18.37.00:176][  0]LogConfig: Setting CVar [[r.DOF.Gather.EnableBokehSettings:0       ; no bokeh simulation when gathering]]
[2022.11.02-18.37.00:176][  0]LogConfig: Setting CVar [[r.DOF.Gather.RingCount:4                 ; medium number of samples when gathering]]
[2022.11.02-18.37.00:177][  0]LogConfig: Setting CVar [[r.DOF.Scatter.ForegroundCompositing:1    ; additive foreground scattering]]
[2022.11.02-18.37.00:177][  0]LogConfig: Setting CVar [[r.DOF.Scatter.BackgroundCompositing:2    ; additive background scattering]]
[2022.11.02-18.37.00:177][  0]LogConfig: Setting CVar [[r.DOF.Scatter.EnableBokehSettings:1      ; bokeh simulation when scattering]]
[2022.11.02-18.37.00:177][  0]LogConfig: Setting CVar [[r.DOF.Scatter.MaxSpriteRatio:0.1         ; only a maximum of 10% of scattered bokeh]]
[2022.11.02-18.37.00:178][  0]LogConfig: Setting CVar [[r.DOF.Recombine.Quality:1                ; cheap slight out of focus]]
[2022.11.02-18.37.00:178][  0]LogConfig: Setting CVar [[r.DOF.Recombine.EnableBokehSettings:0    ; no bokeh simulation on slight out of focus]]
[2022.11.02-18.37.00:178][  0]LogConfig: Setting CVar [[r.DOF.TemporalAAQuality:1                ; more stable temporal accumulation]]
[2022.11.02-18.37.00:178][  0]LogConfig: Setting CVar [[r.DOF.Kernel.MaxForegroundRadius:0.025]]
[2022.11.02-18.37.00:179][  0]LogConfig: Setting CVar [[r.DOF.Kernel.MaxBackgroundRadius:0.025]]
[2022.11.02-18.37.00:179][  0]LogConfig: Applying CVar settings from Section [TextureQuality@3] File [C:/Users/danie/Documents/Gamedev VR/game/UE4 game/fpsgame/Saved/Config/Windows/Scalability.ini]
[2022.11.02-18.37.00:179][  0]LogConfig: Setting CVar [[r.Streaming.MipBias:0]]
[2022.11.02-18.37.00:179][  0]LogConfig: Setting CVar [[r.Streaming.AmortizeCPUToGPUCopy:0]]
[2022.11.02-18.37.00:180][  0]LogConfig: Setting CVar [[r.Streaming.MaxNumTexturesToStreamPerFrame:0]]
[2022.11.02-18.37.00:182][  0]LogConfig: Setting CVar [[r.Streaming.Boost:1]]
[2022.11.02-18.37.00:182][  0]LogConfig: Setting CVar [[r.MaxAnisotropy:8]]
[2022.11.02-18.37.00:183][  0]LogConfig: Setting CVar [[r.VT.MaxAnisotropy:8]]
[2022.11.02-18.37.00:183][  0]LogConfig: Setting CVar [[r.Streaming.LimitPoolSizeToVRAM:0]]
[2022.11.02-18.37.00:183][  0]LogConfig: Setting CVar [[r.Streaming.PoolSize:1000]]
[2022.11.02-18.37.00:183][  0]LogConfig: Setting CVar [[r.Streaming.MaxEffectiveScreenSize:0]]
[2022.11.02-18.37.00:184][  0]LogConfig: Applying CVar settings from Section [EffectsQuality@3] File [C:/Users/danie/Documents/Gamedev VR/game/UE4 game/fpsgame/Saved/Config/Windows/Scalability.ini]
[2022.11.02-18.37.00:184][  0]LogConfig: Setting CVar [[r.TranslucencyLightingVolumeDim:64]]
[2022.11.02-18.37.00:184][  0]LogConfig: Setting CVar [[r.RefractionQuality:2]]
[2022.11.02-18.37.00:184][  0]LogConfig: Setting CVar [[r.SSR.Quality:3]]
[2022.11.02-18.37.00:185][  0]LogConfig: Setting CVar [[r.SSR.HalfResSceneColor:0]]
[2022.11.02-18.37.00:185][  0]LogConfig: Setting CVar [[r.SceneColorFormat:4]]
[2022.11.02-18.37.00:185][  0]LogConfig: Setting CVar [[r.DetailMode:2]]
[2022.11.02-18.37.00:185][  0]LogConfig: Setting CVar [[r.TranslucencyVolumeBlur:1]]
[2022.11.02-18.37.00:186][  0]LogConfig: Setting CVar [[r.MaterialQualityLevel:1 ; High quality]]
[2022.11.02-18.37.00:186][  0]LogConfig: Setting CVar [[r.AnisotropicMaterials:1]]
[2022.11.02-18.37.00:186][  0]LogConfig: Setting CVar [[r.SSS.Scale:1]]
[2022.11.02-18.37.00:186][  0]LogConfig: Setting CVar [[r.SSS.SampleSet:2]]
[2022.11.02-18.37.00:187][  0]LogConfig: Setting CVar [[r.SSS.Quality:1]]
[2022.11.02-18.37.00:187][  0]LogConfig: Setting CVar [[r.SSS.HalfRes:0]]
[2022.11.02-18.37.00:187][  0]LogConfig: Setting CVar [[r.SSGI.Quality:3]]
[2022.11.02-18.37.00:188][  0]LogConfig: Setting CVar [[r.EmitterSpawnRateScale:1.0]]
[2022.11.02-18.37.00:188][  0]LogConfig: Setting CVar [[r.ParticleLightQuality:2]]
[2022.11.02-18.37.00:188][  0]LogConfig: Setting CVar [[r.SkyAtmosphere.AerialPerspectiveLUT.FastApplyOnOpaque:1 ; Always have FastSkyLUT 1 in this case to avoid wrong sky]]
[2022.11.02-18.37.00:188][  0]LogConfig: Setting CVar [[r.SkyAtmosphere.AerialPerspectiveLUT.SampleCountMaxPerSlice:4]]
[2022.11.02-18.37.00:189][  0]LogConfig: Setting CVar [[r.SkyAtmosphere.AerialPerspectiveLUT.DepthResolution:16.0]]
[2022.11.02-18.37.00:189][  0]LogConfig: Setting CVar [[r.SkyAtmosphere.FastSkyLUT:1]]
[2022.11.02-18.37.00:189][  0]LogConfig: Setting CVar [[r.SkyAtmosphere.FastSkyLUT.SampleCountMin:4.0]]
[2022.11.02-18.37.00:189][  0]LogConfig: Setting CVar [[r.SkyAtmosphere.FastSkyLUT.SampleCountMax:128.0]]
[2022.11.02-18.37.00:190][  0]LogConfig: Setting CVar [[r.SkyAtmosphere.SampleCountMin:4.0]]
[2022.11.02-18.37.00:190][  0]LogConfig: Setting CVar [[r.SkyAtmosphere.SampleCountMax:128.0]]
[2022.11.02-18.37.00:190][  0]LogConfig: Setting CVar [[r.SkyAtmosphere.TransmittanceLUT.UseSmallFormat:0]]
[2022.11.02-18.37.00:190][  0]LogConfig: Setting CVar [[r.SkyAtmosphere.TransmittanceLUT.SampleCount:10.0]]
[2022.11.02-18.37.00:191][  0]LogConfig: Setting CVar [[r.SkyAtmosphere.MultiScatteringLUT.SampleCount:15.0]]
[2022.11.02-18.37.00:191][  0]LogConfig: Setting CVar [[r.SkyLight.RealTimeReflectionCapture:1]]
[2022.11.02-18.37.00:191][  0]LogConfig: Applying CVar settings from Section [FoliageQuality@3] File [C:/Users/danie/Documents/Gamedev VR/game/UE4 game/fpsgame/Saved/Config/Windows/Scalability.ini]
[2022.11.02-18.37.00:192][  0]LogConfig: Setting CVar [[foliage.DensityScale:1.0]]
[2022.11.02-18.37.00:192][  0]LogConfig: Setting CVar [[grass.DensityScale:1.0]]
[2022.11.02-18.37.00:192][  0]LogConfig: Applying CVar settings from Section [ShadingQuality@3] File [C:/Users/danie/Documents/Gamedev VR/game/UE4 game/fpsgame/Saved/Config/Windows/Scalability.ini]
[2022.11.02-18.37.00:192][  0]LogConfig: Setting CVar [[r.HairStrands.SkyLighting.IntegrationType:2]]
[2022.11.02-18.37.00:192][  0]LogConfig: Setting CVar [[r.HairStrands.SkyAO.SampleCount:4]]
[2022.11.02-18.37.00:193][  0]LogConfig: Setting CVar [[r.HairStrands.Visibility.MSAA.SamplePerPixel:4]]
[2022.11.02-18.37.00:193][  0]LogConfig: Applying CVar settings from Section [Startup] File [../../../Engine/Config/ConsoleVariables.ini]
[2022.11.02-18.37.00:194][  0]LogConfig: Setting CVar [[net.UseAdaptiveNetUpdateFrequency:0]]
[2022.11.02-18.37.00:194][  0]LogConfig: Setting CVar [[p.chaos.AllowCreatePhysxBodies:1]]
[2022.11.02-18.37.00:194][  0]LogConfig: Setting CVar [[fx.SkipVectorVMBackendOptimizations:1]]
[2022.11.02-18.37.00:194][  0]LogConfig: Applying CVar settings from Section [ConsoleVariables] File [C:/Users/danie/Documents/Gamedev VR/game/UE4 game/fpsgame/Saved/Config/Windows/Engine.ini]
[2022.11.02-18.37.00:195][  0]LogConfig: Applying CVar settings from Section [ConsoleVariables] File [C:/Users/danie/Documents/Gamedev VR/game/UE4 game/fpsgame/Saved/Config/Windows/Editor.ini]
[2022.11.02-18.37.00:197][  0]LogInit: Computer: DESKTOP-QG36584
[2022.11.02-18.37.00:197][  0]LogInit: User: danie
[2022.11.02-18.37.00:198][  0]LogInit: CPU Page size=4096, Cores=6
[2022.11.02-18.37.00:198][  0]LogInit: High frequency timer resolution =10.000000 MHz
[2022.11.02-18.37.00:198][  0]LogMemory: Memory total: Physical=16.0GB (16GB approx)
[2022.11.02-18.37.00:198][  0]LogMemory: Platform Memory Stats for Windows
[2022.11.02-18.37.00:199][  0]LogMemory: Process Physical Memory: 137.12 MB used, 137.13 MB peak
[2022.11.02-18.37.00:199][  0]LogMemory: Process Virtual Memory: 119.25 MB used, 119.25 MB peak
[2022.11.02-18.37.00:199][  0]LogMemory: Physical Memory: 8304.80 MB used,  8029.97 MB free, 16334.77 MB total
[2022.11.02-18.37.00:199][  0]LogMemory: Virtual Memory: 134210496.00 MB used,  7231.16 MB free, 134217728.00 MB total
[2022.11.02-18.37.00:202][  0]LogWindows: WindowsPlatformFeatures disabled or dedicated server build
[2022.11.02-18.37.00:211][  0]LogInit: Physics initialised using underlying interface: PhysX
[2022.11.02-18.37.00:212][  0]LogInit: Using OS detected language (en-US).
[2022.11.02-18.37.00:212][  0]LogInit: Using OS detected locale (en-GB).
[2022.11.02-18.37.00:215][  0]LogTextLocalizationManager: No specific localization for 'en-US' exists, so the 'en' localization will be used.
[2022.11.02-18.37.00:623][  0]LogTargetPlatformManager: Display: Loaded TargetPlatform 'WindowsNoEditor'
[2022.11.02-18.37.00:626][  0]LogTargetPlatformManager: Display: Loaded TargetPlatform 'Windows'
[2022.11.02-18.37.00:629][  0]LogTargetPlatformManager: Display: Loaded TargetPlatform 'WindowsClient'
[2022.11.02-18.37.00:632][  0]LogTargetPlatformManager: Display: Loaded TargetPlatform 'WindowsServer'
[2022.11.02-18.37.00:632][  0]LogTargetPlatformManager: Display: Building Assets For Windows
[2022.11.02-18.37.00:636][  0]LogAudioDebug: Display: Lib vorbis DLL was dynamically loaded.
[2022.11.02-18.37.00:650][  0]LogTextureFormatOodle: Display: Oodle Texture 2.9.0 init RDO Off
[2022.11.02-18.37.00:661][  0]LogRendererCore: Ray tracing is disabled. Reason: r.RayTracing=0.
[2022.11.02-18.37.00:661][  0]LogShaderCompilers: Guid format shader working directory is -27 characters bigger than the processId version (../../../../../../Users/danie/Documents/Gamedev VR/game/UE4 game/fpsgame/Intermediate/Shaders/WorkingDirectory/21188/).
[2022.11.02-18.37.00:661][  0]LogShaderCompilers: Cleaned the shader compiler working directory 'C:/Users/danie/AppData/Local/Temp/UnrealShaderWorkingDir/58EDA97E4FE4EAC7496DA48B76EC9F08/'.
[2022.11.02-18.37.00:662][  0]LogXGEController: Cannot use XGE Controller as Incredibuild is not installed on this machine.
[2022.11.02-18.37.00:662][  0]LogShaderCompilers: Cannot use XGE Shader Compiler as Incredibuild is not installed on this machine.
[2022.11.02-18.37.00:662][  0]LogShaderCompilers: Display: Using Local Shader Compiler.
[2022.11.02-18.37.01:077][  0]LogDerivedDataCache: Display: Max Cache Size: 512 MB
[2022.11.02-18.37.01:125][  0]LogDerivedDataCache: Loaded boot cache 0.05s 94MB C:/Users/danie/AppData/Local/UnrealEngine/4.27/DerivedDataCache/Boot.ddc.
[2022.11.02-18.37.01:125][  0]LogDerivedDataCache: Display: Loaded Boot cache: C:/Users/danie/AppData/Local/UnrealEngine/4.27/DerivedDataCache/Boot.ddc
[2022.11.02-18.37.01:126][  0]LogDerivedDataCache: FDerivedDataBackendGraph:  Pak pak cache file ../../../../../../Users/danie/Documents/Gamedev VR/game/UE4 game/fpsgame/DerivedDataCache/DDC.ddp not found, will not use a pak cache.
[2022.11.02-18.37.01:126][  0]LogDerivedDataCache: Unable to find inner node Pak for hierarchical cache Hierarchy.
[2022.11.02-18.37.01:126][  0]LogDerivedDataCache: FDerivedDataBackendGraph:  CompressedPak pak cache file ../../../../../../Users/danie/Documents/Gamedev VR/game/UE4 game/fpsgame/DerivedDataCache/Compressed.ddp not found, will not use a pak cache.
[2022.11.02-18.37.01:126][  0]LogDerivedDataCache: Unable to find inner node CompressedPak for hierarchical cache Hierarchy.
[2022.11.02-18.37.01:144][  0]LogDerivedDataCache: Display: Pak cache opened for reading ../../../Engine/DerivedDataCache/Compressed.ddp.
[2022.11.02-18.37.01:144][  0]LogDerivedDataCache: FDerivedDataBackendGraph:  EnterprisePak pak cache file ../../../Enterprise/DerivedDataCache/Compressed.ddp not found, will not use a pak cache.
[2022.11.02-18.37.01:145][  0]LogDerivedDataCache: Unable to find inner node EnterprisePak for hierarchical cache Hierarchy.
[2022.11.02-18.37.01:154][  0]LogDerivedDataCache: Speed tests for C:/Users/danie/AppData/Local/UnrealEngine/Common/DerivedDataCache took 0.01 seconds
[2022.11.02-18.37.01:154][  0]LogDerivedDataCache: Display: Performance to C:/Users/danie/AppData/Local/UnrealEngine/Common/DerivedDataCache: Latency=0.03ms. RandomReadSpeed=306.58MBs, RandomWriteSpeed=160.79MBs. Assigned SpeedClass 'Local'
[2022.11.02-18.37.01:155][  0]LogDerivedDataCache: Using Local data cache path C:/Users/danie/AppData/Local/UnrealEngine/Common/DerivedDataCache: Writable
[2022.11.02-18.37.01:155][  0]LogDerivedDataCache: Shared data cache path not found in *engine.ini, will not use an Shared cache.
[2022.11.02-18.37.01:155][  0]LogDerivedDataCache: Unable to find inner node Shared for hierarchical cache Hierarchy.
[2022.11.02-18.37.01:157][  0]LogInit: Using OS detected language (en-US).
[2022.11.02-18.37.01:157][  0]LogInit: Using OS detected locale (en-GB).
[2022.11.02-18.37.01:157][  0]LogTextLocalizationManager: No localization for 'en-US' exists, so 'en' will be used for the language.
[2022.11.02-18.37.01:158][  0]LogTextLocalizationManager: No localization for 'en-GB' exists, so 'en' will be used for the locale.
[2022.11.02-18.37.01:161][  0]LogTextLocalizationManager: Compacting localization data took   0.00ms
[2022.11.02-18.37.01:161][  0]LogAssetRegistry: FAssetRegistry took 0.0020 seconds to start up
[2022.11.02-18.37.01:308][  0]LogPackageLocalizationCache: Processed 27 localized package path(s) for 1 prioritized culture(s) in 0.000961 seconds
[2022.11.02-18.37.01:381][  0]LogInit: Selected Device Profile: [Windows]
[2022.11.02-18.37.01:381][  0]LogInit: Active device profile: [000001C679C7C500][000001C67923D880 49] Windows
[2022.11.02-18.37.01:383][  0]LogInit: Profiles: [000001C679C7C500][000001C67923D880 49] Windows, [000001C679C7B600][000001C67924BB40 49] WindowsNoEditor, [000001C679C78100][000001C679240240 49] WindowsServer, [000001C679C7F000][000001C67924E4C0 49] WindowsClient, [000001C679C7C200][000001C679256780 49] IOS, [000001C679C97D00][000001C67925AA40 49] iPadAir, [000001C679C7FA00][000001C67925ED00 49] iPadAir2, [000001C679C1C200][000001C679279240 49] IPadPro, [000001C679C17F00][000001C679263280 49] iPadAir3, [000001C679C79000][000001C679271540 49] iPadAir4, [000001C679C14500][000001C67926D800 49] iPadMini2, [000001C679C78200][000001C679275AC0 49] iPadMini3, [000001C679C15200][000001C679282200 49] iPadMini4, [000001C679C7B800][000001C679252480 49] iPadMini5, [000001C679C95600][000001C67929A980 49] iPhone6, [000001C679C95700][000001C6792869C0 49] iPodTouch6, [000001C679C16100][000001C6792A2F00 49] iPhone7, [000001C679C16200][000001C679292F40 49] iPodTouch7, [000001C679C96600][000001C679297200 49] iPhone5S, [000001C679C17100][000001C67928F4C0 49] iPhone6Plus, [000001C679C97B00][000001C67929F780 49] iPhone6S, [000001C679C16B00][000001C6792A7A40 49] iPhone6SPlus, [000001C679C94A00][000001C6792AA180 49] iPhone7Plus, [000001C679C16F00][000001C6792AE440 49] iPhoneSE, [000001C679C95000][000001C67928A6C0 49] iPhone8, [000001C679C17C00][000001C6792B2940 49] iPhone8Plus, [000001C679C97200][000001C6792BAC00 49] iPhoneX, [000001C679C16C00][000001C6792BEEC0 49] iPhoneXS, [000001C679C96B00][000001C6792C3180 49] iPhoneXSMax, [000001C679C16900][000001C6792C7440 49] iPhoneXR, [000001C679C96F00][000001C6792CB700 49] iPhone11, [000001C679C14A00][000001C6792CF9C0 49] iPhone11Pro, [000001C679C97E00][000001C6792D2100 49] iPhone11ProMax, [000001C679C15400][000001C6792D63C0 49] iPhoneSE2, [000001C679C97F00][000001C6792DA680 49] iPhone12Mini, [000001C679C17D00][000001C6792B6900 49] iPhone12, [000001C679C95200][000001C6792DEB80 49] iPhone12Pro, [000001C679C17500][000001C6792E6E40 49] iPhone12ProMax, [000001C679C94200][000001C6792EB100 49] iPadPro105, [000001C679C15A00][000001C6792EF3C0 49] iPadPro129, [000001C679C94D00][000001C6792F3680 49] iPadPro97, [000001C679C14900][000001C6792F7940 49] iPadPro2_129, [000001C679C95A00][000001C6792FBC00 49] iPad5, [000001C679C15C00][000001C6792FE340 49] iPad6, [000001C679C97900][000001C679302600 49] iPad7, [000001C679C16600][000001C6793068C0 49] iPad8, [000001C679C97000][000001C6792E2B40 49] iPadPro11, [000001C679C15500][000001C67930ADC0 49] iPadPro2_11, [000001C679C96100][000001C679313080 49] iPadPro3_129, [000001C679C15D00][000001C679317340 49] iPadPro4_129, [000001C679C96400][000001C67931B600 49] AppleTV, [000001C679C16E00][000001C67931F8C0 49] AppleTV4K, [000001C679C94500][000001C679323B80 49] TVOS, [000001C679C17A00][000001C6793262C0 49] Mac, [000001C679C96900][000001C67932A580 49] MacClient, [000001C679C15700][000001C67932E840 49] MacNoEditor, [000001C679C95100][000001C679332B00 49] MacServer, [000001C679C17B00][000001C67930ED80 49] Linux, [000001C679C94600][000001C679337000 49] LinuxAArch64, [000001C679C14400][000001C67933F2C0 49] LinuxNoEditor, [000001C679C96200][000001C679343580 49] LinuxAArch64NoEditor, [000001C679C7C100][000001C679347840 49] LinuxClient, [000001C679C1C700][000001C67934BB00 49] LinuxAArch64Client, [000001C679C7D900][000001C67934E240 49] LinuxServer, [000001C679C1CA00][000001C679352500 49] LinuxAArch64Server, [000001C679C7ED00][000001C6793567C0 49] Android, [000001C679C1D400][000001C67935AA80 49] Android_Low, [000001C679C7D100][000001C67935ED40 49] Android_Mid, [000001C679C1CE00][000001C67933AFC0 49] Android_High, [000001C679C7C800][000001C679363240 49] Android_Default, [000001C679C1E600][000001C67936B500 49] Android_Adreno4xx, [000001C679C7D400][000001C678B617C0 49] Android_Adreno5xx_Low, [000001C679C1E400][000001C678B65A80 49] Android_Adreno5xx, [000001C679C7C700][000001C678B681C0 49] Android_Adreno6xx, [000001C679C1EC00][000001C678B6C480 49] Android_Adreno6xx_Vulkan, [000001C679C7FB00][000001C678B70740 49] Android_Mali_T6xx, [000001C679C1C500][000001C678B74A00 49] Android_Mali_T7xx, [000001C679C7C300][000001C678B78CC0 49] Android_Mali_T8xx, [000001C679C1F000][000001C678B7CF80 49] Android_Mali_G71, [000001C679C7E900][000001C679367200 49] Android_Mali_G72, [000001C679C1E500][000001C678B854C0 49] Android_Mali_G72_Vulkan, [000001C679C7DB00][000001C678B89780 49] Android_Mali_G76, [000001C679C1F100][000001C678B8DA40 49] Android_Mali_G76_Vulkan, [000001C679C7DE00][000001C678B90180 49] Android_Mali_G77, [000001C679C1FB00][000001C678B94440 49] Android_Mali_G77_Vulkan, [000001C679C7FC00][000001C678B98700 49] Android_Mali_G78, [000001C679C1FF00][000001C678B9C9C0 49] Android_Mali_G78_Vulkan, [000001C679C7E400][000001C678BA0C80 49] Android_Mali_G710, [000001C679C1D300][000001C678BA4F40 49] Android_Mali_G710_Vulkan, [000001C679C7F100][000001C678B811C0 49] Android_Vulkan_SM5, [000001C679C16400][000001C678BA9440 49] Android_PowerVR_G6xxx, [000001C679C7DD00][000001C678BB1700 49] Android_PowerVR_GT7xxx, [000001C679C14100][000001C678BB59C0 49] Android_PowerVR_GE8xxx, [000001C679C7F200][000001C678BB8100 49] Android_PowerVR_GM9xxx, [000001C679C14300][000001C678BBC3C0 49] Android_PowerVR_GM9xxx_Vulkan, [000001C679C7F300][000001C678BC0680 49] Android_TegraK1, [000001C679C15600][000001C678BC4940 49] Android_Unknown_Vulkan, [000001C679C7E000][000001C678BC8C00 49] Lumin, [000001C679C14B00][000001C678BCCEC0 49] Lumin_Desktop, [000001C679C7CD00][000001C678BD1180 49] HoloLens, 
[2022.11.02-18.37.01:401][  0]LogMeshReduction: Using QuadricMeshReduction for automatic static mesh reduction
[2022.11.02-18.37.01:401][  0]LogMeshReduction: Using SimplygonMeshReduction for automatic skeletal mesh reduction
[2022.11.02-18.37.01:401][  0]LogMeshReduction: Using ProxyLODMeshReduction for automatic mesh merging
[2022.11.02-18.37.01:401][  0]LogMeshReduction: No distributed automatic mesh merging module available
[2022.11.02-18.37.01:402][  0]LogMeshMerging: No distributed automatic mesh merging module available
[2022.11.02-18.37.01:411][  0]LogNetVersion: fpsgame 1.0.0, NetCL: 17155196, EngineNetVer: 17, GameNetVer: 0 (Checksum: 3215450660)
[2022.11.02-18.37.01:495][  0]LogTexture: Default maximum texture size for cubemaps generated from long-lat sources has been changed from 512 to unlimited. In order to preserve old behaiour for '/Engine/MapTemplates/Sky/DaylightAmbientCubemap.DaylightAmbientCubemap', its maximum texture size has been explicitly set to 512.
[2022.11.02-18.37.01:512][  0]LogHMD: PokeAHoleMaterial loaded successfully
[2022.11.02-18.37.01:572][  0]LogPython: Using Python 3.7.7
[2022.11.02-18.37.01:961][  0]LogNiagaraDebuggerClient: Niagara Debugger Client Initialized | Session: 4760582E4E2AD7F73C4F139F9F28763A | Instance: EAA04D9A45E4772AE33439A7F40C423A (DESKTOP-QG36584-21188).
[2022.11.02-18.37.01:975][  0]LogCollectionManager: Loaded 0 collections in 0.001820 seconds
[2022.11.02-18.37.01:977][  0]LogFileCache: Scanning file cache for directory 'C:/Users/danie/Documents/Gamedev VR/game/UE4 game/fpsgame/Saved/Collections/' took 0.00s
[2022.11.02-18.37.01:977][  0]LogFileCache: Scanning file cache for directory 'C:/Users/danie/Documents/Gamedev VR/game/UE4 game/fpsgame/Content/Developers/danie/Collections/' took 0.00s
[2022.11.02-18.37.01:978][  0]LogFileCache: Scanning file cache for directory 'C:/Users/danie/Documents/Gamedev VR/game/UE4 game/fpsgame/Content/Collections/' took 0.00s
[2022.11.02-18.37.01:978][  0]LogCollectionManager: Fixed up redirectors for 0 collections in 0.000001 seconds (updated 0 objects)
[2022.11.02-18.37.02:044][  0]LogTcpMessaging: Initializing TcpMessaging bridge
[2022.11.02-18.37.02:046][  0]LogUdpMessaging: Initializing bridge on interface 0.0.0.0:0 to multicast group 230.0.0.1:6666.
[2022.11.02-18.37.02:096][  0]SourceControl: Source control is disabled
[2022.11.02-18.37.02:097][  0]SourceControl: Source control is disabled
[2022.11.02-18.37.02:099][  0]SourceControl: Source control is disabled
[2022.11.02-18.37.02:101][  0]LogUProjectInfo: Found projects:
[2022.11.02-18.37.02:144][  0]LogOpenImageDenoise: OIDN starting up
[2022.11.02-18.37.02:163][  0]LogAndroidPermission: UAndroidPermissionCallbackProxy::GetInstance
[2022.11.02-18.37.02:171][  0]LogAudioCaptureCore: Display: No Audio Capture implementations found. Audio input will be silent.
[2022.11.02-18.37.02:171][  0]LogAudioCaptureCore: Display: No Audio Capture implementations found. Audio input will be silent.
[2022.11.02-18.37.02:213][  0]LogOcInput: OculusInput pre-init called
[2022.11.02-18.37.02:221][  0]LogUObjectArray: 22036 objects as part of root set at end of initial load.
[2022.11.02-18.37.02:221][  0]LogUObjectAllocator: 5964224 out of 0 bytes used by permanent object pool.
[2022.11.02-18.37.02:221][  0]LogUObjectArray: CloseDisregardForGC: 0/0 objects in disregard for GC pool
[2022.11.02-18.37.02:251][  0]LogClass: Display: StructProperty FRewindDataStruct::SnapshotPosition is not initialized properly. Module:fpsgame File:RewindComponent.h
[2022.11.02-18.37.02:251][  0]LogClass: Display: StructProperty FRewindDataStruct::SnapshotRotation is not initialized properly. Module:fpsgame File:RewindComponent.h
[2022.11.02-18.37.02:252][  0]LogClass: Display: StructProperty FRewindDataStruct::SnapshotScale is not initialized properly. Module:fpsgame File:RewindComponent.h
[2022.11.02-18.37.02:252][  0]LogClass: Display: FloatProperty FWeaponStats::MaxRange is not initialized properly. Module:fpsgame File:WeaponActor.h
[2022.11.02-18.37.02:252][  0]LogClass: Display: FloatProperty FWeaponStats::FireRate is not initialized properly. Module:fpsgame File:WeaponActor.h
[2022.11.02-18.37.02:253][  0]LogClass: Display: IntProperty FWeaponStats::CartridgeBullets is not initialized properly. Module:fpsgame File:WeaponActor.h
[2022.11.02-18.37.02:253][  0]LogClass: Display: IntProperty FWeaponStats::BurstNumber is not initialized properly. Module:fpsgame File:WeaponActor.h
[2022.11.02-18.37.02:253][  0]LogClass: Display: FloatProperty FWeaponStats::BurstFireRate is not initialized properly. Module:fpsgame File:WeaponActor.h
[2022.11.02-18.37.02:253][  0]LogClass: Display: IntProperty FWeaponStats::MaxMagSize is not initialized properly. Module:fpsgame File:WeaponActor.h
[2022.11.02-18.37.02:254][  0]LogClass: Display: IntProperty FWeaponStats::MagAmmo is not initialized properly. Module:fpsgame File:WeaponActor.h
[2022.11.02-18.37.02:254][  0]LogClass: Display: FloatProperty FWeaponStats::BaseDamageTorso is not initialized properly. Module:fpsgame File:WeaponActor.h
[2022.11.02-18.37.02:254][  0]LogClass: Display: FloatProperty FWeaponStats::BaseDamageHead is not initialized properly. Module:fpsgame File:WeaponActor.h
[2022.11.02-18.37.02:255][  0]LogClass: Display: FloatProperty FWeaponStats::BaseDamageLegs is not initialized properly. Module:fpsgame File:WeaponActor.h
[2022.11.02-18.37.02:255][  0]LogClass: Display: FloatProperty FWeaponStats::BaseHipfireSpreadAngleInDegrees is not initialized properly. Module:fpsgame File:WeaponActor.h
[2022.11.02-18.37.02:255][  0]LogClass: Display: FloatProperty FWeaponStats::BaseMovementSpreadMultiplier is not initialized properly. Module:fpsgame File:WeaponActor.h
[2022.11.02-18.37.02:255][  0]LogClass: Display: EnumProperty FWeaponMetaData::GunModel is not initialized properly. Module:fpsgame File:WeaponActor.h
[2022.11.02-18.37.02:256][  0]LogClass: Display: EnumProperty FWeaponMetaData::WAWeaponType is not initialized properly. Module:fpsgame File:WeaponActor.h
[2022.11.02-18.37.02:256][  0]LogClass: Display: EnumProperty FWeaponMetaData::WAWeaponFireType is not initialized properly. Module:fpsgame File:WeaponActor.h
[2022.11.02-18.37.02:256][  0]LogClass: Display: EnumProperty FWeaponMetaData::WAWeaponHitDetectionType is not initialized properly. Module:fpsgame File:WeaponActor.h
[2022.11.02-18.37.02:257][  0]LogClass: Display: EnumProperty FWeaponMetaData::TypeOfEquip is not initialized properly. Module:fpsgame File:WeaponActor.h
[2022.11.02-18.37.02:257][  0]LogClass: Warning: ObjectProperty FWeaponVisualAssets::GunMesh is not initialized properly. Module:fpsgame File:WeaponActor.h
[2022.11.02-18.37.02:257][  0]LogClass: Warning: ObjectProperty FWeaponVisualAssets::TracerEffect is not initialized properly. Module:fpsgame File:WeaponActor.h
[2022.11.02-18.37.02:258][  0]LogClass: Warning: ObjectProperty FWeaponVisualAssets::MuzzleFlash is not initialized properly. Module:fpsgame File:WeaponActor.h
[2022.11.02-18.37.02:258][  0]LogClass: Display: StructProperty FWeaponPositionalDetails::BasePosition is not initialized properly. Module:fpsgame File:WeaponActor.h
[2022.11.02-18.37.02:258][  0]LogClass: Display: StructProperty FWeaponPositionalDetails::BaseRotation is not initialized properly. Module:fpsgame File:WeaponActor.h
[2022.11.02-18.37.02:258][  0]LogClass: Display: StructProperty FWeaponPositionalDetails::BaseScale is not initialized properly. Module:fpsgame File:WeaponActor.h
[2022.11.02-18.37.02:259][  0]LogClass: Display: StructProperty FWeaponPositionalDetails::TPBaseScale is not initialized properly. Module:fpsgame File:WeaponActor.h
[2022.11.02-18.37.02:259][  0]LogClass: Display: StructProperty FWeaponPositionalDetails::TPBaseRotation is not initialized properly. Module:fpsgame File:WeaponActor.h
[2022.11.02-18.37.02:259][  0]LogClass: Display: StructProperty FWeaponPositionalDetails::TPBasePosition is not initialized properly. Module:fpsgame File:WeaponActor.h
[2022.11.02-18.37.02:259][  0]LogClass: Display: StructProperty FWeaponPositionalDetails::MuzzlePosition is not initialized properly. Module:fpsgame File:WeaponActor.h
[2022.11.02-18.37.02:260][  0]LogClass: Display: 30 Uninitialized script struct members found including 3 object properties
[2022.11.02-18.37.02:260][  0]LogAutomationTest: Warning: ObjectProperty FWeaponVisualAssets::GunMesh is not initialized properly. Module:fpsgame File:WeaponActor.h
[2022.11.02-18.37.02:261][  0]LogAutomationTest: Warning: ObjectProperty FWeaponVisualAssets::TracerEffect is not initialized properly. Module:fpsgame File:WeaponActor.h
[2022.11.02-18.37.02:261][  0]LogAutomationTest: Warning: ObjectProperty FWeaponVisualAssets::MuzzleFlash is not initialized properly. Module:fpsgame File:WeaponActor.h
[2022.11.02-18.37.02:261][  0]LogEngine: Initializing Engine...
[2022.11.02-18.37.02:263][  0]LogStats: UGameplayTagsManager::InitializeManager -  0.000 s
[2022.11.02-18.37.02:274][  0]LogInit: Initializing FReadOnlyCVARCache
[2022.11.02-18.37.02:275][  0]LogNetVersion: Set ProjectVersion to 1.0.0.0. Version Checksum will be recalculated on next use.
[2022.11.02-18.37.02:277][  0]LogInit: Texture streaming: Disabled
[2022.11.02-18.37.02:301][  0]LogInit: Display: Game Engine Initialized.
[2022.11.02-18.37.02:302][  0]LogNiagaraEditor: GEditor isn't valid! Particle reset commands will not work for Niagara components!
[2022.11.02-18.37.02:328][  0]LogInit: Display: Starting Game.
[2022.11.02-18.37.02:328][  0]LogNet: Browse: /Game/Maps/TestMap?Name=Player
[2022.11.02-18.37.02:328][  0]LogLoad: LoadMap: /Game/Maps/TestMap?Name=Player
[2022.11.02-18.37.02:328][  0]LogWorld: BeginTearingDown for /Temp/Untitled_0
[2022.11.02-18.37.02:331][  0]LogWorld: UWorld::CleanupWorld for Untitled, bSessionEnded=true, bCleanupResources=true
[2022.11.02-18.37.02:339][  0]LogUObjectHash: Compacting FUObjectHashTables data took   0.72ms
[2022.11.02-18.37.02:438][  0]LogAIModule: Creating AISystem for world TestMap
[2022.11.02-18.37.02:629][  0]LogLoad: Game class is 'BP_FPSGameModeDefault_C'
[2022.11.02-18.37.02:629][  0]LogNet: PktLoss set to 0
[2022.11.02-18.37.02:630][  0]LogNet: PktLagMin set to 0
[2022.11.02-18.37.02:630][  0]LogNet: PktLagMax set to 0
[2022.11.02-18.37.02:631][  0]LogNet: PktIncomingLagMin set to 0
[2022.11.02-18.37.02:631][  0]LogNet: PktIncomingLagMax set to 0
[2022.11.02-18.37.02:631][  0]LogNet: PktIncomingLoss set to 0
[2022.11.02-18.37.02:632][  0]LogNet: PktLoss set to 0
[2022.11.02-18.37.02:632][  0]LogNet: PktLagMin set to 0
[2022.11.02-18.37.02:632][  0]LogNet: PktLagMax set to 0
[2022.11.02-18.37.02:632][  0]LogNet: PktIncomingLagMin set to 0
[2022.11.02-18.37.02:633][  0]LogNet: PktIncomingLagMax set to 0
[2022.11.02-18.37.02:633][  0]LogNet: PktIncomingLoss set to 0
[2022.11.02-18.37.02:634][  0]LogNet: PktLoss set to 0
[2022.11.02-18.37.02:634][  0]LogNet: PktLagMin set to 0
[2022.11.02-18.37.02:634][  0]LogNet: PktLagMax set to 0
[2022.11.02-18.37.02:635][  0]LogNet: PktIncomingLagMin set to 0
[2022.11.02-18.37.02:635][  0]LogNet: PktIncomingLagMax set to 0
[2022.11.02-18.37.02:635][  0]LogNet: PktIncomingLoss set to 0
[2022.11.02-18.37.02:636][  0]LogNet: ReplicationDriverClass is null! Not using ReplicationDriver.
[2022.11.02-18.37.02:636][  0]LogNetCore: DDoS detection status: detection enabled: 0 analytics enabled: 0
[2022.11.02-18.37.02:636][  0]LogInit: WinSock: Socket queue. Rx: 131072 (config 131072) Tx: 131072 (config 131072)
[2022.11.02-18.37.02:637][  0]LogNet: Created socket for bind address: 0.0.0.0 on port 17777
[2022.11.02-18.37.02:637][  0]PacketHandlerLog: Loaded PacketHandler component: Engine.EngineHandlerComponentFactory (StatelessConnectHandlerComponent)
[2022.11.02-18.37.02:637][  0]LogNet: GameNetDriver IpNetDriver_0 IpNetDriver listening on port 17777
[2022.11.02-18.37.02:639][  0]LogWorld: Bringing World /Game/Maps/TestMap.TestMap up for play (max tick rate 30) at 2022.11.02-18.37.02
[2022.11.02-18.37.02:639][  0]LogWorld: Bringing up level for play took: 0.001128
[2022.11.02-18.37.02:639][  0]LogGameMode: Display: Match State Changed from EnteringMap to WaitingToStart
[2022.11.02-18.37.02:640][  0]LogGameState: Match State Changed from EnteringMap to WaitingToStart
[2022.11.02-18.37.02:643][  0]LogLoad: Took 0.313827 seconds to LoadMap(/Game/Maps/TestMap)
[2022.11.02-18.37.02:647][  0]LogInit: Display: Engine is initialized. Leaving FEngineLoop::Init()
[2022.11.02-18.37.02:647][  0]LogLoad: (Engine Initialization) Total time: 4.67 seconds
[2022.11.02-18.37.02:648][  0]LogLoad: (Engine Initialization) Total Blueprint compile time: 0.00 seconds
[2022.11.02-18.37.02:881][  6]LogNet: NotifyAcceptingConnection accepted from: 127.0.0.1:52612
[2022.11.02-18.37.02:881][  6]LogHandshake: SendConnectChallenge. Timestamp: 0.232816, Cookie: 057074039195122138203141236085076236207198131137080118254004
[2022.11.02-18.37.02:914][  7]LogNet: NotifyAcceptingConnection accepted from: 127.0.0.1:52612
[2022.11.02-18.37.02:914][  7]LogHandshake: SendChallengeAck. InCookie: 057074039195122138203141236085076236207198131137080118254004
[2022.11.02-18.37.02:915][  7]LogNet: Server accepting post-challenge connection from: 127.0.0.1:52612
[2022.11.02-18.37.02:915][  7]PacketHandlerLog: Loaded PacketHandler component: Engine.EngineHandlerComponentFactory (StatelessConnectHandlerComponent)
[2022.11.02-18.37.02:915][  7]LogNet: NotifyAcceptedConnection: Name: TestMap, TimeStamp: 11/02/22 18:37:02, [UNetConnection] RemoteAddr: 127.0.0.1:52612, Name: IpConnection_0, Driver: GameNetDriver IpNetDriver_0, IsServer: YES, PC: NULL, Owner: NULL, UniqueId: INVALID
[2022.11.02-18.37.02:916][  7]LogNet: AddClientConnection: Added client connection: [UNetConnection] RemoteAddr: 127.0.0.1:52612, Name: IpConnection_0, Driver: GameNetDriver IpNetDriver_0, IsServer: YES, PC: NULL, Owner: NULL, UniqueId: INVALID
[2022.11.02-18.37.02:948][  8]LogNet: NotifyAcceptingChannel Control 0 server World /Game/Maps/TestMap.TestMap: Accepted
[2022.11.02-18.37.02:948][  8]LogNet: Remote platform little endian=1
[2022.11.02-18.37.02:949][  8]LogNet: This platform little endian=1
[2022.11.02-18.37.02:949][  8]LogNetVersion: fpsgame 1.0.0.0, NetCL: 17155196, EngineNetVer: 17, GameNetVer: 0 (Checksum: 1484303137)
[2022.11.02-18.37.02:981][  9]LogNet: Login request: ?PktLagMin=0?PktLagMax=0?PktLoss=0?PktIncomingLagMin=0?PktIncomingLagMax=0?PktIncomingLoss=0?Name=DESKTOP-QG36584-6578C9A04EF5472F78ADA7BE03705EE7 userId: NULL:DESKTOP-QG36584-6578C9A04EF5472F78ADA7BE03705EE7 platform: NULL
[2022.11.02-18.37.03:014][ 10]LogNet: Client netspeed is 100000
[2022.11.02-18.37.03:014][ 10]LogNet: Join request: /Engine/Maps/Entry?PktLagMin=0?PktLagMax=0?PktLoss=0?PktIncomingLagMin=0?PktIncomingLagMax=0?PktIncomingLoss=0?Name=DESKTOP-QG36584-6578C9A04EF5472F78ADA7BE03705EE7?SplitscreenCount=1
[2022.11.02-18.37.03:015][ 10]LogOnlineSession: Warning: OSS: No game present to join for session (GameSession)
[2022.11.02-18.37.03:016][ 10]LogGameMode: Display: Match State Changed from WaitingToStart to InProgress
[2022.11.02-18.37.03:017][ 10]LogTemp: Warning: Numebr of rewind components = 1
[2022.11.02-18.37.03:018][ 10]LogGameState: Match State Changed from WaitingToStart to InProgress
[2022.11.02-18.37.03:018][ 10]LogNet: Join succeeded: DESKTOP-QG36584-6578
[2022.11.02-18.37.03:345][ 20]LogNet: NotifyAcceptingConnection accepted from: 127.0.0.1:57988
[2022.11.02-18.37.03:345][ 20]LogHandshake: SendConnectChallenge. Timestamp: 0.696758, Cookie: 227250121097150024003052030011233133050184137216022096085041
[2022.11.02-18.37.03:379][ 21]LogNet: NotifyAcceptingConnection accepted from: 127.0.0.1:57988
[2022.11.02-18.37.03:379][ 21]LogHandshake: SendChallengeAck. InCookie: 227250121097150024003052030011233133050184137216022096085041
[2022.11.02-18.37.03:380][ 21]LogNet: Server accepting post-challenge connection from: 127.0.0.1:57988
[2022.11.02-18.37.03:380][ 21]PacketHandlerLog: Loaded PacketHandler component: Engine.EngineHandlerComponentFactory (StatelessConnectHandlerComponent)
[2022.11.02-18.37.03:380][ 21]LogNet: NotifyAcceptedConnection: Name: TestMap, TimeStamp: 11/02/22 18:37:03, [UNetConnection] RemoteAddr: 127.0.0.1:57988, Name: IpConnection_1, Driver: GameNetDriver IpNetDriver_0, IsServer: YES, PC: NULL, Owner: NULL, UniqueId: INVALID
[2022.11.02-18.37.03:381][ 21]LogNet: AddClientConnection: Added client connection: [UNetConnection] RemoteAddr: 127.0.0.1:57988, Name: IpConnection_1, Driver: GameNetDriver IpNetDriver_0, IsServer: YES, PC: NULL, Owner: NULL, UniqueId: INVALID
[2022.11.02-18.37.03:381][ 21]LogNet: NotifyAcceptingChannel Control 0 server World /Game/Maps/TestMap.TestMap: Accepted
[2022.11.02-18.37.03:381][ 21]LogNet: Remote platform little endian=1
[2022.11.02-18.37.03:382][ 21]LogNet: This platform little endian=1
[2022.11.02-18.37.03:413][ 22]LogNet: Login request: ?Name=DESKTOP-QG36584-DCAAE1CF4694CEB40A2631933D90E3DA userId: NULL:DESKTOP-QG36584-DCAAE1CF4694CEB40A2631933D90E3DA platform: NULL
[2022.11.02-18.37.03:776][ 33]LogNet: Client netspeed is 100000
[2022.11.02-18.37.03:776][ 33]LogNet: Join request: /Engine/Maps/Entry?Name=DESKTOP-QG36584-DCAAE1CF4694CEB40A2631933D90E3DA?SplitscreenCount=1
[2022.11.02-18.37.03:777][ 33]LogOnlineSession: Warning: OSS: No game present to join for session (GameSession)
[2022.11.02-18.37.03:778][ 33]LogTemp: Warning: Numebr of rewind components = 2
[2022.11.02-18.37.03:779][ 33]LogNet: Join succeeded: DESKTOP-QG36584-DCAA
[2022.11.02-18.37.04:539][ 56]LogTemp: Warning: RELIABLE SPRINT RPC CALL
[2022.11.02-18.37.05:236][ 77]LogTemp: Warning: RELIABLE SPRINT RPC CALL
[2022.11.02-18.37.05:732][ 92]LogTemp: Warning: Reliable pickup call
[2022.11.02-18.37.05:733][ 92]LogTemp: Warning: diarrhea
[2022.11.02-18.37.05:997][100]LogTemp: Warning: Secondary pickup reliable switch call
[2022.11.02-18.37.05:998][100]LogTemp: Warning: Equipping secondary
[2022.11.02-18.37.05:998][100]LogTemp: Warning: No longer bursting
[2022.11.02-18.37.05:999][100]LogTemp: Warning: TP attach
