Log file open, 08/24/22 19:24:05
LogWindows: Failed to load 'aqProf.dll' (GetLastError=126)
LogWindows: File 'aqProf.dll' does not exist
LogWindows: Failed to load 'VtuneApi.dll' (GetLastError=126)
LogWindows: File 'VtuneApi.dll' does not exist
LogWindows: Failed to load 'VtuneApi32e.dll' (GetLastError=126)
LogWindows: File 'VtuneApi32e.dll' does not exist
LogConsoleResponse: Display: Failed to find resolution value strings in scalability ini. Falling back to default.
LogConsoleResponse: Display: Failed to find resolution value strings in scalability ini. Falling back to default.
LogInit: Display: Running engine for game: fpsgame
LogPlatformFile: Not using cached read wrapper
LogTaskGraph: Started task graph with 5 named threads and 17 total threads with 3 sets of task threads.
LogStats: Stats thread started at 0.218450
LogICUInternationalization: ICU TimeZone Detection - Raw Offset: +0:00, Platform Override: ''
LogInit: Display: Loading text-based GConfig....
LogPluginManager: Mounting plugin MeshPainting
LogPluginManager: Mounting plugin XGEController
LogPluginManager: Mounting plugin Paper2D
LogPluginManager: Mounting plugin AISupport
LogPluginManager: Mounting plugin EnvironmentQueryEditor
LogPluginManager: Mounting plugin LiveLink
LogPluginManager: Mounting plugin LightPropagationVolume
LogPluginManager: Mounting plugin CameraShakePreviewer
LogPluginManager: Mounting plugin GameplayCameras
LogPluginManager: Mounting plugin OodleData
LogPluginManager: Mounting plugin OodleNetwork
LogPluginManager: Mounting plugin AnimationSharing
LogPluginManager: Mounting plugin CLionSourceCodeAccess
LogPluginManager: Mounting plugin CodeLiteSourceCodeAccess
LogPluginManager: Mounting plugin GitSourceControl
LogPluginManager: Mounting plugin KDevelopSourceCodeAccess
LogPluginManager: Mounting plugin NullSourceCodeAccess
LogPluginManager: Mounting plugin PerforceSourceControl
LogPluginManager: Mounting plugin PixWinPlugin
LogPluginManager: Mounting plugin PlasticSourceControl
LogPluginManager: Mounting plugin PluginUtils
LogPluginManager: Mounting plugin PropertyAccessNode
LogPluginManager: Mounting plugin RiderSourceCodeAccess
LogPluginManager: Mounting plugin SubversionSourceControl
LogPluginManager: Mounting plugin TextureFormatOodle
LogPluginManager: Mounting plugin UObjectPlugin
LogPluginManager: Mounting plugin VisualStudioCodeSourceCodeAccess
LogPluginManager: Mounting plugin VisualStudioSourceCodeAccess
LogPluginManager: Mounting plugin XCodeSourceCodeAccess
LogPluginManager: Mounting plugin AssetManagerEditor
LogPluginManager: Mounting plugin CryptoKeys
LogPluginManager: Mounting plugin CurveEditorTools
LogPluginManager: Mounting plugin DataValidation
LogPluginManager: Mounting plugin FacialAnimation
LogPluginManager: Mounting plugin GameplayTagsEditor
LogPluginManager: Mounting plugin GeometryMode
LogPluginManager: Mounting plugin MacGraphicsSwitching
LogPluginManager: Mounting plugin MaterialAnalyzer
LogPluginManager: Mounting plugin MobileLauncherProfileWizard
LogPluginManager: Mounting plugin PluginBrowser
LogPluginManager: Mounting plugin SpeedTreeImporter
LogPluginManager: Mounting plugin DatasmithContent
LogPluginManager: Mounting plugin VariantManagerContent
LogPluginManager: Mounting plugin AlembicImporter
LogPluginManager: Mounting plugin AutomationUtils
LogPluginManager: Mounting plugin BackChannel
LogPluginManager: Mounting plugin ChaosCloth
LogPluginManager: Mounting plugin ChaosClothEditor
LogPluginManager: Mounting plugin ChaosEditor
LogPluginManager: Mounting plugin ChaosNiagara
LogPluginManager: Mounting plugin ChaosSolverPlugin
LogPluginManager: Mounting plugin CharacterAI
LogPluginManager: Mounting plugin GeometryCache
LogPluginManager: Mounting plugin GeometryCollectionPlugin
LogPluginManager: Mounting plugin GeometryProcessing
LogPluginManager: Mounting plugin MotoSynth
LogPluginManager: Mounting plugin OpenImageDenoise
LogPluginManager: Mounting plugin PlanarCut
LogPluginManager: Mounting plugin PlatformCrypto
LogPluginManager: Mounting plugin ProxyLODPlugin
LogPluginManager: Mounting plugin PythonScriptPlugin
LogPluginManager: Mounting plugin SkeletalReduction
LogPluginManager: Mounting plugin Niagara
LogPluginManager: Mounting plugin LuminPlatformFeatures
LogPluginManager: Mounting plugin MagicLeap
LogPluginManager: Mounting plugin MagicLeapLightEstimation
LogPluginManager: Mounting plugin MagicLeapMedia
LogPluginManager: Mounting plugin MagicLeapPassableWorld
LogPluginManager: Mounting plugin MLSDK
LogPluginManager: Mounting plugin AndroidMedia
LogPluginManager: Mounting plugin AvfMedia
LogPluginManager: Mounting plugin ImgMedia
LogPluginManager: Mounting plugin MediaCompositing
LogPluginManager: Mounting plugin MediaPlayerEditor
LogPluginManager: Mounting plugin WebMMedia
LogPluginManager: Mounting plugin WmfMedia
LogPluginManager: Mounting plugin TcpMessaging
LogPluginManager: Mounting plugin UdpMessaging
LogPluginManager: Mounting plugin ActorSequence
LogPluginManager: Mounting plugin LevelSequenceEditor
LogPluginManager: Mounting plugin MatineeToLevelSequence
LogPluginManager: Mounting plugin TemplateSequence
LogPluginManager: Mounting plugin OnlineSubsystem
LogPluginManager: Mounting plugin OnlineSubsystemNull
LogPluginManager: Mounting plugin OnlineSubsystemUtils
LogPluginManager: Mounting plugin LauncherChunkInstaller
LogPluginManager: Mounting plugin ActorLayerUtilities
LogPluginManager: Mounting plugin AndroidDeviceProfileSelector
LogPluginManager: Mounting plugin AndroidMoviePlayer
LogPluginManager: Mounting plugin AndroidPermission
LogPluginManager: Mounting plugin AppleImageUtils
LogPluginManager: Mounting plugin AppleMoviePlayer
LogPluginManager: Mounting plugin ArchVisCharacter
LogPluginManager: Mounting plugin AssetTags
LogPluginManager: Mounting plugin AudioCapture
LogPluginManager: Mounting plugin AudioSynesthesia
LogPluginManager: Mounting plugin CableComponent
LogPluginManager: Mounting plugin ChunkDownloader
LogPluginManager: Mounting plugin CustomMeshComponent
LogPluginManager: Mounting plugin EditableMesh
LogPluginManager: Mounting plugin ExampleDeviceProfileSelector
LogPluginManager: Mounting plugin GoogleCloudMessaging
LogPluginManager: Mounting plugin GooglePAD
LogPluginManager: Mounting plugin IOSDeviceProfileSelector
LogPluginManager: Mounting plugin LinuxDeviceProfileSelector
LogPluginManager: Mounting plugin LocationServicesBPLibrary
LogPluginManager: Mounting plugin MobilePatchingUtils
LogPluginManager: Mounting plugin OpenXR
LogPluginManager: Mounting plugin OpenXREyeTracker
LogPluginManager: Mounting plugin OpenXRHandTracking
LogPluginManager: Mounting plugin PhysXVehicles
LogPluginManager: Mounting plugin PostSplashScreen
LogPluginManager: Mounting plugin ProceduralMeshComponent
LogPluginManager: Mounting plugin PropertyAccessEditor
LogPluginManager: Mounting plugin RuntimePhysXCooking
LogPluginManager: Mounting plugin SignificanceManager
LogPluginManager: Mounting plugin SoundFields
LogPluginManager: Mounting plugin Synthesis
LogPluginManager: Mounting plugin WebMMoviePlayer
LogPluginManager: Mounting plugin WindowsMoviePlayer
LogPluginManager: Mounting plugin ScreenshotTools
LogPluginManager: Mounting plugin Takes
LogPluginManager: Mounting plugin ContentBrowserAssetDataSource
LogPluginManager: Mounting plugin ContentBrowserClassDataSource
LogPluginManager: Mounting plugin ContentBrowserFileDataSource
LogPluginManager: Mounting plugin OnlineSubsystemGooglePlay
LogPluginManager: Mounting plugin OnlineSubsystemIOS
LogPluginManager: Mounting plugin OculusVR
LogPluginManager: Mounting plugin SteamVR
PixWinPlugin: PIX capture plugin failed to initialize! Check that the process is launched from PIX.
LogInit: Using libcurl 7.55.1-DEV
LogInit:  - built for x86_64-pc-win32
LogInit:  - supports SSL with OpenSSL/1.1.1
LogInit:  - supports HTTP deflate (compression) using libz 1.2.8
LogInit:  - other features:
LogInit:      CURL_VERSION_SSL
LogInit:      CURL_VERSION_LIBZ
LogInit:      CURL_VERSION_IPV6
LogInit:      CURL_VERSION_ASYNCHDNS
LogInit:      CURL_VERSION_LARGEFILE
LogInit:      CURL_VERSION_IDN
LogInit:  CurlRequestOptions (configurable via config and command line):
LogInit:  - bVerifyPeer = true  - Libcurl will verify peer certificate
LogInit:  - bUseHttpProxy = false  - Libcurl will NOT use HTTP proxy
LogInit:  - bDontReuseConnections = false  - Libcurl will reuse connections
LogInit:  - MaxHostConnections = 16  - Libcurl will limit the number of connections to a host
LogInit:  - LocalHostAddr = Default
LogInit:  - BufferSize = 65536
LogOnline: OSS: Creating online subsystem instance for: NULL
LogInit: WinSock: version 1.1 (2.2), MaxSocks=32767, MaxUdp=65467
LogOnline: OSS: TryLoadSubsystemAndSetDefault: Loaded subsystem for module [NULL]
LogInit: Build: ++UE4+Release-4.27-CL-18319896
LogInit: Engine Version: 4.27.2-18319896+++UE4+Release-4.27
LogInit: Compatible Engine Version: 4.27.0-17155196+++UE4+Release-4.27
LogInit: Net CL: 17155196
LogInit: OS: Windows 10 (Release 2009) (), CPU: AMD Ryzen 5 3600X 6-Core Processor             , GPU: AMD Radeon RX 5700 XT
LogInit: Compiled (64-bit): Nov 30 2021 07:12:08
LogInit: Compiled with Visual C++: 19.24.28315.00
LogInit: Build Configuration: Development
LogInit: Branch Name: ++UE4+Release-4.27
LogInit: Command Line:  /Game/Maps/TestMap -game -PIEVIACONSOLE -Multiprocess -server -log "GameUserSettingsINI=C:/Users/danie/Documents/Gamedev VR/game/UE4 game/fpsgame/Saved/Config/Windows/PIEGameUserSettings0.ini" -MultiprocessSaveConfig -forcepassthrough -messaging -SessionName="Play in Standalone Game" -port=17777 -PktLagMin=100 -PktLagMax=100 -PktLoss=0 -PktIncomingLagMin=100 -PktIncomingLagMax=100 -PktIncomingLoss=0 -windowed
LogInit: Base Directory: C:/Program Files/Epic Games/UE_4.27/Engine/Binaries/Win64/
LogInit: Allocator: TBB
LogInit: Installed Engine Build: 1
LogDevObjectVersion: Number of dev versions registered: 29
LogDevObjectVersion:   Dev-Blueprints (B0D832E4-1F89-4F0D-ACCF-7EB736FD4AA2): 10
LogDevObjectVersion:   Dev-Build (E1C64328-A22C-4D53-A36C-8E866417BD8C): 0
LogDevObjectVersion:   Dev-Core (375EC13C-06E4-48FB-B500-84F0262A717E): 4
LogDevObjectVersion:   Dev-Editor (E4B068ED-F494-42E9-A231-DA0B2E46BB41): 40
LogDevObjectVersion:   Dev-Framework (CFFC743F-43B0-4480-9391-14DF171D2073): 37
LogDevObjectVersion:   Dev-Mobile (B02B49B5-BB20-44E9-A304-32B752E40360): 3
LogDevObjectVersion:   Dev-Networking (A4E4105C-59A1-49B5-A7C5-40C4547EDFEE): 0
LogDevObjectVersion:   Dev-Online (39C831C9-5AE6-47DC-9A44-9C173E1C8E7C): 0
LogDevObjectVersion:   Dev-Physics (78F01B33-EBEA-4F98-B9B4-84EACCB95AA2): 14
LogDevObjectVersion:   Dev-Platform (6631380F-2D4D-43E0-8009-CF276956A95A): 0
LogDevObjectVersion:   Dev-Rendering (12F88B9F-8875-4AFC-A67C-D90C383ABD29): 45
LogDevObjectVersion:   Dev-Sequencer (7B5AE74C-D270-4C10-A958-57980B212A5A): 13
LogDevObjectVersion:   Dev-VR (D7296918-1DD6-4BDD-9DE2-64A83CC13884): 3
LogDevObjectVersion:   Dev-LoadTimes (C2A15278-BFE7-4AFE-6C17-90FF531DF755): 1
LogDevObjectVersion:   Private-Geometry (6EACA3D4-40EC-4CC1-B786-8BED09428FC5): 3
LogDevObjectVersion:   Dev-AnimPhys (29E575DD-E0A3-4627-9D10-D276232CDCEA): 17
LogDevObjectVersion:   Dev-Anim (AF43A65D-7FD3-4947-9873-3E8ED9C1BB05): 15
LogDevObjectVersion:   Dev-ReflectionCapture (6B266CEC-1EC7-4B8F-A30B-E4D90942FC07): 1
LogDevObjectVersion:   Dev-Automation (0DF73D61-A23F-47EA-B727-89E90C41499A): 1
LogDevObjectVersion:   FortniteMain (601D1886-AC64-4F84-AA16-D3DE0DEAC7D6): 47
LogDevObjectVersion:   FortniteRelease (E7086368-6B23-4C58-8439-1B7016265E91): 1
LogDevObjectVersion:   Dev-Enterprise (9DFFBCD6-494F-0158-E221-12823C92A888): 10
LogDevObjectVersion:   Dev-Niagara (F2AED0AC-9AFE-416F-8664-AA7FFA26D6FC): 1
LogDevObjectVersion:   Dev-Destruction (174F1F0B-B4C6-45A5-B13F-2EE8D0FB917D): 10
LogDevObjectVersion:   Dev-Physics-Ext (35F94A83-E258-406C-A318-09F59610247C): 41
LogDevObjectVersion:   Dev-PhysicsMaterial-Chaos (B68FC16E-8B1B-42E2-B453-215C058844FE): 1
LogDevObjectVersion:   Dev-CineCamera (B2E18506-4273-CFC2-A54E-F4BB758BBA07): 1
LogDevObjectVersion:   Dev-VirtualProduction (64F58936-FD1B-42BA-BA96-7289D5D0FA4E): 1
LogDevObjectVersion:   Dev-MediaFramework (6F0ED827-A609-4895-9C91-998D90180EA4): 2
LogInit: Presizing for max 25165824 objects, including 0 objects not considered by GC, pre-allocating 0 bytes for permanent pool.
LogConfig: Applying CVar settings from Section [/Script/Engine.StreamingSettings] File [C:/Users/danie/Documents/Gamedev VR/game/UE4 game/fpsgame/Saved/Config/Windows/Engine.ini]
LogConfig: Setting CVar [[s.MinBulkDataSizeForAsyncLoading:131072]]
LogConfig: Setting CVar [[s.AsyncLoadingThreadEnabled:0]]
LogConfig: Setting CVar [[s.EventDrivenLoaderEnabled:1]]
LogConfig: Setting CVar [[s.WarnIfTimeLimitExceeded:0]]
LogConfig: Setting CVar [[s.TimeLimitExceededMultiplier:1.5]]
LogConfig: Setting CVar [[s.TimeLimitExceededMinTime:0.005]]
LogConfig: Setting CVar [[s.UseBackgroundLevelStreaming:1]]
LogConfig: Setting CVar [[s.PriorityAsyncLoadingExtraTime:15.0]]
LogConfig: Setting CVar [[s.LevelStreamingActorsUpdateTimeLimit:5.0]]
LogConfig: Setting CVar [[s.PriorityLevelStreamingActorsUpdateExtraTime:5.0]]
LogConfig: Setting CVar [[s.LevelStreamingComponentsRegistrationGranularity:10]]
LogConfig: Setting CVar [[s.UnregisterComponentsTimeLimit:1.0]]
LogConfig: Setting CVar [[s.LevelStreamingComponentsUnregistrationGranularity:5]]
LogConfig: Setting CVar [[s.FlushStreamingOnExit:1]]
LogInit: Object subsystem initialized
LogConfig: Setting CVar [[con.DebugEarlyDefault:1]]
LogConfig: Setting CVar [[r.setres:1280x720]]
[2022.08.24-18.24.05:782][  0]LogConfig: Setting CVar [[con.DebugEarlyDefault:1]]
[2022.08.24-18.24.05:783][  0]LogConfig: Setting CVar [[r.setres:1280x720]]
[2022.08.24-18.24.05:784][  0]LogConfig: Applying CVar settings from Section [/Script/Engine.RendererSettings] File [C:/Users/danie/Documents/Gamedev VR/game/UE4 game/fpsgame/Saved/Config/Windows/Engine.ini]
[2022.08.24-18.24.05:785][  0]LogConfig: Setting CVar [[r.GPUCrashDebugging:0]]
[2022.08.24-18.24.05:785][  0]LogConfig: Setting CVar [[r.Mobile.DisableVertexFog:1]]
[2022.08.24-18.24.05:785][  0]LogConfig: Setting CVar [[r.Shadow.CSM.MaxMobileCascades:2]]
[2022.08.24-18.24.05:785][  0]LogConfig: Setting CVar [[r.MobileMSAA:1]]
[2022.08.24-18.24.05:786][  0]LogConfig: Setting CVar [[r.Mobile.AllowDitheredLODTransition:0]]
[2022.08.24-18.24.05:786][  0]LogConfig: Setting CVar [[r.Mobile.AllowSoftwareOcclusion:0]]
[2022.08.24-18.24.05:786][  0]LogConfig: Setting CVar [[r.Mobile.VirtualTextures:0]]
[2022.08.24-18.24.05:786][  0]LogConfig: Setting CVar [[r.DiscardUnusedQuality:0]]
[2022.08.24-18.24.05:787][  0]LogConfig: Setting CVar [[r.AllowOcclusionQueries:1]]
[2022.08.24-18.24.05:787][  0]LogConfig: Setting CVar [[r.MinScreenRadiusForLights:0.030000]]
[2022.08.24-18.24.05:787][  0]LogConfig: Setting CVar [[r.MinScreenRadiusForDepthPrepass:0.030000]]
[2022.08.24-18.24.05:787][  0]LogConfig: Setting CVar [[r.MinScreenRadiusForCSMDepth:0.010000]]
[2022.08.24-18.24.05:788][  0]LogConfig: Setting CVar [[r.PrecomputedVisibilityWarning:0]]
[2022.08.24-18.24.05:788][  0]LogConfig: Setting CVar [[r.TextureStreaming:1]]
[2022.08.24-18.24.05:788][  0]LogConfig: Setting CVar [[Compat.UseDXT5NormalMaps:0]]
[2022.08.24-18.24.05:788][  0]LogConfig: Setting CVar [[r.VirtualTextures:0]]
[2022.08.24-18.24.05:789][  0]LogConfig: Setting CVar [[r.VT.EnableAutoImport:1]]
[2022.08.24-18.24.05:789][  0]LogConfig: Setting CVar [[r.VirtualTexturedLightmaps:0]]
[2022.08.24-18.24.05:789][  0]LogConfig: Setting CVar [[r.VT.TileSize:128]]
[2022.08.24-18.24.05:790][  0]LogConfig: Setting CVar [[r.VT.TileBorderSize:4]]
[2022.08.24-18.24.05:790][  0]LogConfig: Setting CVar [[r.vt.FeedbackFactor:16]]
[2022.08.24-18.24.05:790][  0]LogConfig: Setting CVar [[r.VT.EnableCompressZlib:1]]
[2022.08.24-18.24.05:791][  0]LogConfig: Setting CVar [[r.VT.EnableCompressCrunch:0]]
[2022.08.24-18.24.05:791][  0]LogConfig: Setting CVar [[r.ClearCoatNormal:0]]
[2022.08.24-18.24.05:791][  0]LogConfig: Setting CVar [[r.ReflectionCaptureResolution:128]]
[2022.08.24-18.24.05:791][  0]LogConfig: Setting CVar [[r.Mobile.ReflectionCaptureCompression:0]]
[2022.08.24-18.24.05:792][  0]LogConfig: Setting CVar [[r.ReflectionEnvironmentLightmapMixBasedOnRoughness:1]]
[2022.08.24-18.24.05:792][  0]LogConfig: Setting CVar [[r.ForwardShading:0]]
[2022.08.24-18.24.05:792][  0]LogConfig: Setting CVar [[r.VertexFoggingForOpaque:1]]
[2022.08.24-18.24.05:793][  0]LogConfig: Setting CVar [[r.AllowStaticLighting:1]]
[2022.08.24-18.24.05:793][  0]LogConfig: Setting CVar [[r.NormalMapsForStaticLighting:0]]
[2022.08.24-18.24.05:793][  0]LogConfig: Setting CVar [[r.GenerateMeshDistanceFields:0]]
[2022.08.24-18.24.05:793][  0]LogConfig: Setting CVar [[r.DistanceFieldBuild.EightBit:0]]
[2022.08.24-18.24.05:794][  0]LogConfig: Setting CVar [[r.GenerateLandscapeGIData:0]]
[2022.08.24-18.24.05:794][  0]LogConfig: Setting CVar [[r.DistanceFieldBuild.Compress:0]]
[2022.08.24-18.24.05:794][  0]LogConfig: Setting CVar [[r.TessellationAdaptivePixelsPerTriangle:48.000000]]
[2022.08.24-18.24.05:795][  0]LogConfig: Setting CVar [[r.SeparateTranslucency:1]]
[2022.08.24-18.24.05:795][  0]LogConfig: Setting CVar [[r.TranslucentSortPolicy:0]]
[2022.08.24-18.24.05:795][  0]LogConfig: Setting CVar [[vr.VRS.HMDFixedFoveationLevel:0]]
[2022.08.24-18.24.05:795][  0]LogConfig: Setting CVar [[r.CustomDepth:1]]
[2022.08.24-18.24.05:796][  0]LogConfig: Setting CVar [[r.CustomDepthTemporalAAJitter:1]]
[2022.08.24-18.24.05:796][  0]LogConfig: Setting CVar [[r.PostProcessing.PropagateAlpha:0]]
[2022.08.24-18.24.05:796][  0]LogConfig: Setting CVar [[r.DefaultFeature.Bloom:1]]
[2022.08.24-18.24.05:796][  0]LogConfig: Setting CVar [[r.DefaultFeature.AmbientOcclusion:1]]
[2022.08.24-18.24.05:797][  0]LogConfig: Setting CVar [[r.DefaultFeature.AmbientOcclusionStaticFraction:1]]
[2022.08.24-18.24.05:797][  0]LogConfig: Setting CVar [[r.DefaultFeature.AutoExposure:0]]
[2022.08.24-18.24.05:797][  0]LogConfig: Setting CVar [[r.DefaultFeature.AutoExposure.Method:0]]
[2022.08.24-18.24.05:797][  0]LogConfig: Setting CVar [[r.DefaultFeature.AutoExposure.Bias:1.000000]]
[2022.08.24-18.24.05:798][  0]LogConfig: Setting CVar [[r.DefaultFeature.AutoExposure.ExtendDefaultLuminanceRange:0]]
[2022.08.24-18.24.05:798][  0]LogConfig: Setting CVar [[r.UsePreExposure:1]]
[2022.08.24-18.24.05:798][  0]LogConfig: Setting CVar [[r.EyeAdaptation.EditorOnly:0]]
[2022.08.24-18.24.05:798][  0]LogConfig: Setting CVar [[r.DefaultFeature.MotionBlur:0]]
[2022.08.24-18.24.05:799][  0]LogConfig: Setting CVar [[r.DefaultFeature.LensFlare:0]]
[2022.08.24-18.24.05:801][  0]LogConfig: Setting CVar [[r.TemporalAA.Upsampling:0]]
[2022.08.24-18.24.05:801][  0]LogConfig: Setting CVar [[r.SSGI.Enable:0]]
[2022.08.24-18.24.05:802][  0]LogConfig: Setting CVar [[r.DefaultFeature.AntiAliasing:0]]
[2022.08.24-18.24.05:802][  0]LogConfig: Setting CVar [[r.DefaultFeature.LightUnits:1]]
[2022.08.24-18.24.05:802][  0]LogConfig: Setting CVar [[r.DefaultBackBufferPixelFormat:4]]
[2022.08.24-18.24.05:803][  0]LogConfig: Setting CVar [[r.Shadow.UnbuiltPreviewInGame:1]]
[2022.08.24-18.24.05:803][  0]LogConfig: Setting CVar [[r.StencilForLODDither:0]]
[2022.08.24-18.24.05:803][  0]LogConfig: Setting CVar [[r.EarlyZPass:3]]
[2022.08.24-18.24.05:804][  0]LogConfig: Setting CVar [[r.EarlyZPassOnlyMaterialMasking:0]]
[2022.08.24-18.24.05:804][  0]LogConfig: Setting CVar [[r.DBuffer:1]]
[2022.08.24-18.24.05:804][  0]LogConfig: Setting CVar [[r.ClearSceneMethod:1]]
[2022.08.24-18.24.05:804][  0]LogConfig: Setting CVar [[r.BasePassOutputsVelocity:0]]
[2022.08.24-18.24.05:805][  0]LogConfig: Setting CVar [[r.VertexDeformationOutputsVelocity:0]]
[2022.08.24-18.24.05:805][  0]LogConfig: Setting CVar [[r.SelectiveBasePassOutputs:0]]
[2022.08.24-18.24.05:805][  0]LogConfig: Setting CVar [[fx.GPUSimulationTextureSizeX:1024]]
[2022.08.24-18.24.05:806][  0]LogConfig: Setting CVar [[fx.GPUSimulationTextureSizeY:1024]]
[2022.08.24-18.24.05:806][  0]LogConfig: Setting CVar [[r.AllowGlobalClipPlane:0]]
[2022.08.24-18.24.05:806][  0]LogConfig: Setting CVar [[r.GBufferFormat:1]]
[2022.08.24-18.24.05:806][  0]LogConfig: Setting CVar [[r.MorphTarget.Mode:1]]
[2022.08.24-18.24.05:807][  0]LogConfig: Setting CVar [[vr.InstancedStereo:0]]
[2022.08.24-18.24.05:807][  0]LogConfig: Setting CVar [[r.MobileHDR:1]]
[2022.08.24-18.24.05:807][  0]LogConfig: Setting CVar [[vr.MobileMultiView:0]]
[2022.08.24-18.24.05:807][  0]LogConfig: Setting CVar [[r.Mobile.UseHWsRGBEncoding:0]]
[2022.08.24-18.24.05:808][  0]LogConfig: Setting CVar [[vr.RoundRobinOcclusion:0]]
[2022.08.24-18.24.05:808][  0]LogConfig: Setting CVar [[vr.ODSCapture:0]]
[2022.08.24-18.24.05:808][  0]LogConfig: Setting CVar [[r.MeshStreaming:0]]
[2022.08.24-18.24.05:808][  0]LogConfig: Setting CVar [[r.WireframeCullThreshold:5.000000]]
[2022.08.24-18.24.05:809][  0]LogConfig: Setting CVar [[r.RayTracing:0]]
[2022.08.24-18.24.05:809][  0]LogConfig: Setting CVar [[r.RayTracing.UseTextureLod:0]]
[2022.08.24-18.24.05:809][  0]LogConfig: Setting CVar [[r.SupportStationarySkylight:1]]
[2022.08.24-18.24.05:809][  0]LogConfig: Setting CVar [[r.SupportLowQualityLightmaps:1]]
[2022.08.24-18.24.05:810][  0]LogConfig: Setting CVar [[r.SupportPointLightWholeSceneShadows:1]]
[2022.08.24-18.24.05:810][  0]LogConfig: Setting CVar [[r.SupportAtmosphericFog:1]]
[2022.08.24-18.24.05:810][  0]LogConfig: Setting CVar [[r.SupportSkyAtmosphere:1]]
[2022.08.24-18.24.05:811][  0]LogConfig: Setting CVar [[r.SupportSkyAtmosphereAffectsHeightFog:0]]
[2022.08.24-18.24.05:811][  0]LogConfig: Setting CVar [[r.SkinCache.CompileShaders:0]]
[2022.08.24-18.24.05:811][  0]LogConfig: Setting CVar [[r.SkinCache.DefaultBehavior:1]]
[2022.08.24-18.24.05:811][  0]LogConfig: Setting CVar [[r.SkinCache.SceneMemoryLimitInMB:128.000000]]
[2022.08.24-18.24.05:812][  0]LogConfig: Setting CVar [[r.Mobile.EnableStaticAndCSMShadowReceivers:1]]
[2022.08.24-18.24.05:812][  0]LogConfig: Setting CVar [[r.Mobile.EnableMovableLightCSMShaderCulling:1]]
[2022.08.24-18.24.05:812][  0]LogConfig: Setting CVar [[r.Mobile.AllowDistanceFieldShadows:1]]
[2022.08.24-18.24.05:812][  0]LogConfig: Setting CVar [[r.Mobile.AllowMovableDirectionalLights:1]]
[2022.08.24-18.24.05:813][  0]LogConfig: Setting CVar [[r.MobileNumDynamicPointLights:4]]
[2022.08.24-18.24.05:813][  0]LogConfig: Setting CVar [[r.MobileDynamicPointLightsUseStaticBranch:1]]
[2022.08.24-18.24.05:813][  0]LogConfig: Setting CVar [[r.Mobile.EnableMovableSpotlights:0]]
[2022.08.24-18.24.05:814][  0]LogConfig: Setting CVar [[r.Mobile.EnableMovableSpotlightsShadow:0]]
[2022.08.24-18.24.05:814][  0]LogConfig: Setting CVar [[r.GPUSkin.Support16BitBoneIndex:0]]
[2022.08.24-18.24.05:814][  0]LogConfig: Setting CVar [[r.GPUSkin.Limit2BoneInfluences:0]]
[2022.08.24-18.24.05:815][  0]LogConfig: Setting CVar [[r.SupportDepthOnlyIndexBuffers:1]]
[2022.08.24-18.24.05:817][  0]LogConfig: Setting CVar [[r.SupportReversedIndexBuffers:1]]
[2022.08.24-18.24.05:817][  0]LogConfig: Setting CVar [[r.LightPropagationVolume:0]]
[2022.08.24-18.24.05:818][  0]LogConfig: Setting CVar [[r.Mobile.AmbientOcclusion:0]]
[2022.08.24-18.24.05:818][  0]LogConfig: Setting CVar [[r.GPUSkin.UnlimitedBoneInfluences:0]]
[2022.08.24-18.24.05:818][  0]LogConfig: Setting CVar [[r.GPUSkin.UnlimitedBoneInfluencesThreshold:8]]
[2022.08.24-18.24.05:819][  0]LogConfig: Setting CVar [[r.Mobile.PlanarReflectionMode:0]]
[2022.08.24-18.24.05:819][  0]LogConfig: Setting CVar [[r.Mobile.SupportsGen4TAA:0]]
[2022.08.24-18.24.05:819][  0]LogConfig: Applying CVar settings from Section [/Script/Engine.RendererOverrideSettings] File [C:/Users/danie/Documents/Gamedev VR/game/UE4 game/fpsgame/Saved/Config/Windows/Engine.ini]
[2022.08.24-18.24.05:819][  0]LogConfig: Applying CVar settings from Section [/Script/Engine.StreamingSettings] File [C:/Users/danie/Documents/Gamedev VR/game/UE4 game/fpsgame/Saved/Config/Windows/Engine.ini]
[2022.08.24-18.24.05:820][  0]LogConfig: Setting CVar [[s.MinBulkDataSizeForAsyncLoading:131072]]
[2022.08.24-18.24.05:820][  0]LogConfig: Setting CVar [[s.AsyncLoadingThreadEnabled:0]]
[2022.08.24-18.24.05:820][  0]LogConfig: Setting CVar [[s.EventDrivenLoaderEnabled:1]]
[2022.08.24-18.24.05:820][  0]LogConfig: Setting CVar [[s.WarnIfTimeLimitExceeded:0]]
[2022.08.24-18.24.05:821][  0]LogConfig: Setting CVar [[s.TimeLimitExceededMultiplier:1.5]]
[2022.08.24-18.24.05:821][  0]LogConfig: Setting CVar [[s.TimeLimitExceededMinTime:0.005]]
[2022.08.24-18.24.05:821][  0]LogConfig: Setting CVar [[s.UseBackgroundLevelStreaming:1]]
[2022.08.24-18.24.05:822][  0]LogConfig: Setting CVar [[s.PriorityAsyncLoadingExtraTime:15.0]]
[2022.08.24-18.24.05:822][  0]LogConfig: Setting CVar [[s.LevelStreamingActorsUpdateTimeLimit:5.0]]
[2022.08.24-18.24.05:822][  0]LogConfig: Setting CVar [[s.PriorityLevelStreamingActorsUpdateExtraTime:5.0]]
[2022.08.24-18.24.05:822][  0]LogConfig: Setting CVar [[s.LevelStreamingComponentsRegistrationGranularity:10]]
[2022.08.24-18.24.05:823][  0]LogConfig: Setting CVar [[s.UnregisterComponentsTimeLimit:1.0]]
[2022.08.24-18.24.05:823][  0]LogConfig: Setting CVar [[s.LevelStreamingComponentsUnregistrationGranularity:5]]
[2022.08.24-18.24.05:823][  0]LogConfig: Setting CVar [[s.FlushStreamingOnExit:1]]
[2022.08.24-18.24.05:824][  0]LogConfig: Applying CVar settings from Section [/Script/Engine.GarbageCollectionSettings] File [C:/Users/danie/Documents/Gamedev VR/game/UE4 game/fpsgame/Saved/Config/Windows/Engine.ini]
[2022.08.24-18.24.05:824][  0]LogConfig: Setting CVar [[gc.MaxObjectsNotConsideredByGC:1]]
[2022.08.24-18.24.05:824][  0]LogConfig: Setting CVar [[gc.SizeOfPermanentObjectPool:0]]
[2022.08.24-18.24.05:824][  0]LogConfig: Setting CVar [[gc.FlushStreamingOnGC:0]]
[2022.08.24-18.24.05:825][  0]LogConfig: Setting CVar [[gc.NumRetriesBeforeForcingGC:10]]
[2022.08.24-18.24.05:825][  0]LogConfig: Setting CVar [[gc.AllowParallelGC:1]]
[2022.08.24-18.24.05:825][  0]LogConfig: Setting CVar [[gc.TimeBetweenPurgingPendingKillObjects:61.1]]
[2022.08.24-18.24.05:826][  0]LogConfig: Setting CVar [[gc.MaxObjectsInEditor:25165824]]
[2022.08.24-18.24.05:826][  0]LogConfig: Setting CVar [[gc.IncrementalBeginDestroyEnabled:1]]
[2022.08.24-18.24.05:826][  0]LogConfig: Setting CVar [[gc.CreateGCClusters:1]]
[2022.08.24-18.24.05:826][  0]LogConfig: Setting CVar [[gc.MinGCClusterSize:5]]
[2022.08.24-18.24.05:827][  0]LogConfig: Setting CVar [[gc.ActorClusteringEnabled:0]]
[2022.08.24-18.24.05:827][  0]LogConfig: Setting CVar [[gc.BlueprintClusteringEnabled:0]]
[2022.08.24-18.24.05:827][  0]LogConfig: Setting CVar [[gc.UseDisregardForGCOnDedicatedServers:0]]
[2022.08.24-18.24.05:827][  0]LogConfig: Setting CVar [[gc.MultithreadedDestructionEnabled:1]]
[2022.08.24-18.24.05:828][  0]LogConfig: Applying CVar settings from Section [/Script/Engine.NetworkSettings] File [C:/Users/danie/Documents/Gamedev VR/game/UE4 game/fpsgame/Saved/Config/Windows/Engine.ini]
[2022.08.24-18.24.05:828][  0]LogConfig: Applying CVar settings from Section [/Script/UnrealEd.CookerSettings] File [C:/Users/danie/Documents/Gamedev VR/game/UE4 game/fpsgame/Saved/Config/Windows/Engine.ini]
[2022.08.24-18.24.05:828][  0]LogConfig: Applying CVar settings from Section [ViewDistanceQuality@3] File [C:/Users/danie/Documents/Gamedev VR/game/UE4 game/fpsgame/Saved/Config/Windows/Scalability.ini]
[2022.08.24-18.24.05:828][  0]LogConfig: Setting CVar [[r.SkeletalMeshLODBias:0]]
[2022.08.24-18.24.05:829][  0]LogConfig: Setting CVar [[r.ViewDistanceScale:1.0]]
[2022.08.24-18.24.05:829][  0]LogConfig: Applying CVar settings from Section [AntiAliasingQuality@3] File [C:/Users/danie/Documents/Gamedev VR/game/UE4 game/fpsgame/Saved/Config/Windows/Scalability.ini]
[2022.08.24-18.24.05:829][  0]LogConfig: Setting CVar [[r.PostProcessAAQuality:4]]
[2022.08.24-18.24.05:830][  0]LogConfig: Applying CVar settings from Section [ShadowQuality@3] File [C:/Users/danie/Documents/Gamedev VR/game/UE4 game/fpsgame/Saved/Config/Windows/Scalability.ini]
[2022.08.24-18.24.05:830][  0]LogConfig: Setting CVar [[r.LightFunctionQuality:1]]
[2022.08.24-18.24.05:830][  0]LogConfig: Setting CVar [[r.ShadowQuality:5]]
[2022.08.24-18.24.05:830][  0]LogConfig: Setting CVar [[r.Shadow.CSM.MaxCascades:10]]
[2022.08.24-18.24.05:831][  0]LogConfig: Setting CVar [[r.Shadow.MaxResolution:2048]]
[2022.08.24-18.24.05:833][  0]LogConfig: Setting CVar [[r.Shadow.MaxCSMResolution:2048]]
[2022.08.24-18.24.05:833][  0]LogConfig: Setting CVar [[r.Shadow.RadiusThreshold:0.01]]
[2022.08.24-18.24.05:834][  0]LogConfig: Setting CVar [[r.Shadow.DistanceScale:1.0]]
[2022.08.24-18.24.05:834][  0]LogConfig: Setting CVar [[r.Shadow.CSM.TransitionScale:1.0]]
[2022.08.24-18.24.05:834][  0]LogConfig: Setting CVar [[r.Shadow.PreShadowResolutionFactor:1.0]]
[2022.08.24-18.24.05:834][  0]LogConfig: Setting CVar [[r.DistanceFieldShadowing:1]]
[2022.08.24-18.24.05:835][  0]LogConfig: Setting CVar [[r.DistanceFieldAO:1]]
[2022.08.24-18.24.05:835][  0]LogConfig: Setting CVar [[r.AOQuality:2]]
[2022.08.24-18.24.05:835][  0]LogConfig: Setting CVar [[r.VolumetricFog:1]]
[2022.08.24-18.24.05:836][  0]LogConfig: Setting CVar [[r.VolumetricFog.GridPixelSize:8]]
[2022.08.24-18.24.05:836][  0]LogConfig: Setting CVar [[r.VolumetricFog.GridSizeZ:128]]
[2022.08.24-18.24.05:836][  0]LogConfig: Setting CVar [[r.VolumetricFog.HistoryMissSupersampleCount:4]]
[2022.08.24-18.24.05:837][  0]LogConfig: Setting CVar [[r.LightMaxDrawDistanceScale:1]]
[2022.08.24-18.24.05:837][  0]LogConfig: Setting CVar [[r.CapsuleShadows:1]]
[2022.08.24-18.24.05:837][  0]LogConfig: Applying CVar settings from Section [PostProcessQuality@3] File [C:/Users/danie/Documents/Gamedev VR/game/UE4 game/fpsgame/Saved/Config/Windows/Scalability.ini]
[2022.08.24-18.24.05:837][  0]LogConfig: Setting CVar [[r.MotionBlurQuality:4]]
[2022.08.24-18.24.05:838][  0]LogConfig: Setting CVar [[r.AmbientOcclusionMipLevelFactor:0.4]]
[2022.08.24-18.24.05:838][  0]LogConfig: Setting CVar [[r.AmbientOcclusionMaxQuality:100]]
[2022.08.24-18.24.05:838][  0]LogConfig: Setting CVar [[r.AmbientOcclusionLevels:-1]]
[2022.08.24-18.24.05:839][  0]LogConfig: Setting CVar [[r.AmbientOcclusionRadiusScale:1.0]]
[2022.08.24-18.24.05:839][  0]LogConfig: Setting CVar [[r.DepthOfFieldQuality:2]]
[2022.08.24-18.24.05:839][  0]LogConfig: Setting CVar [[r.RenderTargetPoolMin:400]]
[2022.08.24-18.24.05:839][  0]LogConfig: Setting CVar [[r.LensFlareQuality:2]]
[2022.08.24-18.24.05:839][  0]LogConfig: Setting CVar [[r.SceneColorFringeQuality:1]]
[2022.08.24-18.24.05:840][  0]LogConfig: Setting CVar [[r.EyeAdaptationQuality:2]]
[2022.08.24-18.24.05:840][  0]LogConfig: Setting CVar [[r.BloomQuality:5]]
[2022.08.24-18.24.05:840][  0]LogConfig: Setting CVar [[r.FastBlurThreshold:100]]
[2022.08.24-18.24.05:841][  0]LogConfig: Setting CVar [[r.Upscale.Quality:3]]
[2022.08.24-18.24.05:841][  0]LogConfig: Setting CVar [[r.Tonemapper.GrainQuantization:1]]
[2022.08.24-18.24.05:841][  0]LogConfig: Setting CVar [[r.LightShaftQuality:1]]
[2022.08.24-18.24.05:841][  0]LogConfig: Setting CVar [[r.Filter.SizeScale:1]]
[2022.08.24-18.24.05:842][  0]LogConfig: Setting CVar [[r.Tonemapper.Quality:5]]
[2022.08.24-18.24.05:842][  0]LogConfig: Setting CVar [[r.DOF.Gather.AccumulatorQuality:1        ; higher gathering accumulator quality]]
[2022.08.24-18.24.05:842][  0]LogConfig: Setting CVar [[r.DOF.Gather.PostfilterMethod:1          ; Median3x3 postfilering method]]
[2022.08.24-18.24.05:843][  0]LogConfig: Setting CVar [[r.DOF.Gather.EnableBokehSettings:0       ; no bokeh simulation when gathering]]
[2022.08.24-18.24.05:843][  0]LogConfig: Setting CVar [[r.DOF.Gather.RingCount:4                 ; medium number of samples when gathering]]
[2022.08.24-18.24.05:843][  0]LogConfig: Setting CVar [[r.DOF.Scatter.ForegroundCompositing:1    ; additive foreground scattering]]
[2022.08.24-18.24.05:843][  0]LogConfig: Setting CVar [[r.DOF.Scatter.BackgroundCompositing:2    ; additive background scattering]]
[2022.08.24-18.24.05:844][  0]LogConfig: Setting CVar [[r.DOF.Scatter.EnableBokehSettings:1      ; bokeh simulation when scattering]]
[2022.08.24-18.24.05:844][  0]LogConfig: Setting CVar [[r.DOF.Scatter.MaxSpriteRatio:0.1         ; only a maximum of 10% of scattered bokeh]]
[2022.08.24-18.24.05:844][  0]LogConfig: Setting CVar [[r.DOF.Recombine.Quality:1                ; cheap slight out of focus]]
[2022.08.24-18.24.05:844][  0]LogConfig: Setting CVar [[r.DOF.Recombine.EnableBokehSettings:0    ; no bokeh simulation on slight out of focus]]
[2022.08.24-18.24.05:845][  0]LogConfig: Setting CVar [[r.DOF.TemporalAAQuality:1                ; more stable temporal accumulation]]
[2022.08.24-18.24.05:845][  0]LogConfig: Setting CVar [[r.DOF.Kernel.MaxForegroundRadius:0.025]]
[2022.08.24-18.24.05:845][  0]LogConfig: Setting CVar [[r.DOF.Kernel.MaxBackgroundRadius:0.025]]
[2022.08.24-18.24.05:846][  0]LogConfig: Applying CVar settings from Section [TextureQuality@3] File [C:/Users/danie/Documents/Gamedev VR/game/UE4 game/fpsgame/Saved/Config/Windows/Scalability.ini]
[2022.08.24-18.24.05:846][  0]LogConfig: Setting CVar [[r.Streaming.MipBias:0]]
[2022.08.24-18.24.05:846][  0]LogConfig: Setting CVar [[r.Streaming.AmortizeCPUToGPUCopy:0]]
[2022.08.24-18.24.05:847][  0]LogConfig: Setting CVar [[r.Streaming.MaxNumTexturesToStreamPerFrame:0]]
[2022.08.24-18.24.05:849][  0]LogConfig: Setting CVar [[r.Streaming.Boost:1]]
[2022.08.24-18.24.05:849][  0]LogConfig: Setting CVar [[r.MaxAnisotropy:8]]
[2022.08.24-18.24.05:849][  0]LogConfig: Setting CVar [[r.VT.MaxAnisotropy:8]]
[2022.08.24-18.24.05:850][  0]LogConfig: Setting CVar [[r.Streaming.LimitPoolSizeToVRAM:0]]
[2022.08.24-18.24.05:850][  0]LogConfig: Setting CVar [[r.Streaming.PoolSize:1000]]
[2022.08.24-18.24.05:851][  0]LogConfig: Setting CVar [[r.Streaming.MaxEffectiveScreenSize:0]]
[2022.08.24-18.24.05:851][  0]LogConfig: Applying CVar settings from Section [EffectsQuality@3] File [C:/Users/danie/Documents/Gamedev VR/game/UE4 game/fpsgame/Saved/Config/Windows/Scalability.ini]
[2022.08.24-18.24.05:852][  0]LogConfig: Setting CVar [[r.TranslucencyLightingVolumeDim:64]]
[2022.08.24-18.24.05:853][  0]LogConfig: Setting CVar [[r.RefractionQuality:2]]
[2022.08.24-18.24.05:854][  0]LogConfig: Setting CVar [[r.SSR.Quality:3]]
[2022.08.24-18.24.05:854][  0]LogConfig: Setting CVar [[r.SSR.HalfResSceneColor:0]]
[2022.08.24-18.24.05:855][  0]LogConfig: Setting CVar [[r.SceneColorFormat:4]]
[2022.08.24-18.24.05:855][  0]LogConfig: Setting CVar [[r.DetailMode:2]]
[2022.08.24-18.24.05:855][  0]LogConfig: Setting CVar [[r.TranslucencyVolumeBlur:1]]
[2022.08.24-18.24.05:856][  0]LogConfig: Setting CVar [[r.MaterialQualityLevel:1 ; High quality]]
[2022.08.24-18.24.05:856][  0]LogConfig: Setting CVar [[r.AnisotropicMaterials:1]]
[2022.08.24-18.24.05:857][  0]LogConfig: Setting CVar [[r.SSS.Scale:1]]
[2022.08.24-18.24.05:857][  0]LogConfig: Setting CVar [[r.SSS.SampleSet:2]]
[2022.08.24-18.24.05:857][  0]LogConfig: Setting CVar [[r.SSS.Quality:1]]
[2022.08.24-18.24.05:858][  0]LogConfig: Setting CVar [[r.SSS.HalfRes:0]]
[2022.08.24-18.24.05:858][  0]LogConfig: Setting CVar [[r.SSGI.Quality:3]]
[2022.08.24-18.24.05:860][  0]LogConfig: Setting CVar [[r.EmitterSpawnRateScale:1.0]]
[2022.08.24-18.24.05:860][  0]LogConfig: Setting CVar [[r.ParticleLightQuality:2]]
[2022.08.24-18.24.05:861][  0]LogConfig: Setting CVar [[r.SkyAtmosphere.AerialPerspectiveLUT.FastApplyOnOpaque:1 ; Always have FastSkyLUT 1 in this case to avoid wrong sky]]
[2022.08.24-18.24.05:861][  0]LogConfig: Setting CVar [[r.SkyAtmosphere.AerialPerspectiveLUT.SampleCountMaxPerSlice:4]]
[2022.08.24-18.24.05:862][  0]LogConfig: Setting CVar [[r.SkyAtmosphere.AerialPerspectiveLUT.DepthResolution:16.0]]
[2022.08.24-18.24.05:862][  0]LogConfig: Setting CVar [[r.SkyAtmosphere.FastSkyLUT:1]]
[2022.08.24-18.24.05:862][  0]LogConfig: Setting CVar [[r.SkyAtmosphere.FastSkyLUT.SampleCountMin:4.0]]
[2022.08.24-18.24.05:863][  0]LogConfig: Setting CVar [[r.SkyAtmosphere.FastSkyLUT.SampleCountMax:128.0]]
[2022.08.24-18.24.05:865][  0]LogConfig: Setting CVar [[r.SkyAtmosphere.SampleCountMin:4.0]]
[2022.08.24-18.24.05:865][  0]LogConfig: Setting CVar [[r.SkyAtmosphere.SampleCountMax:128.0]]
[2022.08.24-18.24.05:866][  0]LogConfig: Setting CVar [[r.SkyAtmosphere.TransmittanceLUT.UseSmallFormat:0]]
[2022.08.24-18.24.05:866][  0]LogConfig: Setting CVar [[r.SkyAtmosphere.TransmittanceLUT.SampleCount:10.0]]
[2022.08.24-18.24.05:867][  0]LogConfig: Setting CVar [[r.SkyAtmosphere.MultiScatteringLUT.SampleCount:15.0]]
[2022.08.24-18.24.05:867][  0]LogConfig: Setting CVar [[r.SkyLight.RealTimeReflectionCapture:1]]
[2022.08.24-18.24.05:868][  0]LogConfig: Applying CVar settings from Section [FoliageQuality@3] File [C:/Users/danie/Documents/Gamedev VR/game/UE4 game/fpsgame/Saved/Config/Windows/Scalability.ini]
[2022.08.24-18.24.05:869][  0]LogConfig: Setting CVar [[foliage.DensityScale:1.0]]
[2022.08.24-18.24.05:869][  0]LogConfig: Setting CVar [[grass.DensityScale:1.0]]
[2022.08.24-18.24.05:870][  0]LogConfig: Applying CVar settings from Section [ShadingQuality@3] File [C:/Users/danie/Documents/Gamedev VR/game/UE4 game/fpsgame/Saved/Config/Windows/Scalability.ini]
[2022.08.24-18.24.05:870][  0]LogConfig: Setting CVar [[r.HairStrands.SkyLighting.IntegrationType:2]]
[2022.08.24-18.24.05:870][  0]LogConfig: Setting CVar [[r.HairStrands.SkyAO.SampleCount:4]]
[2022.08.24-18.24.05:871][  0]LogConfig: Setting CVar [[r.HairStrands.Visibility.MSAA.SamplePerPixel:4]]
[2022.08.24-18.24.05:871][  0]LogInit: Selected Device Profile: [Windows]
[2022.08.24-18.24.05:872][  0]LogInit: Applying CVar settings loaded from the selected device profile: [Windows]
[2022.08.24-18.24.05:872][  0]LogHAL: Display: Platform has ~ 16 GB [17128247296 / 17179869184 / 16], which maps to Larger [LargestMinGB=32, LargerMinGB=12, DefaultMinGB=8, SmallerMinGB=6, SmallestMinGB=0)
[2022.08.24-18.24.05:873][  0]LogInit: Going up to parent DeviceProfile []
[2022.08.24-18.24.05:873][  0]LogConfig: Applying CVar settings from Section [ViewDistanceQuality@3] File [C:/Users/danie/Documents/Gamedev VR/game/UE4 game/fpsgame/Saved/Config/Windows/Scalability.ini]
[2022.08.24-18.24.05:874][  0]LogConfig: Setting CVar [[r.SkeletalMeshLODBias:0]]
[2022.08.24-18.24.05:874][  0]LogConfig: Setting CVar [[r.ViewDistanceScale:1.0]]
[2022.08.24-18.24.05:874][  0]LogConfig: Applying CVar settings from Section [AntiAliasingQuality@3] File [C:/Users/danie/Documents/Gamedev VR/game/UE4 game/fpsgame/Saved/Config/Windows/Scalability.ini]
[2022.08.24-18.24.05:875][  0]LogConfig: Setting CVar [[r.PostProcessAAQuality:4]]
[2022.08.24-18.24.05:875][  0]LogConfig: Applying CVar settings from Section [ShadowQuality@3] File [C:/Users/danie/Documents/Gamedev VR/game/UE4 game/fpsgame/Saved/Config/Windows/Scalability.ini]
[2022.08.24-18.24.05:876][  0]LogConfig: Setting CVar [[r.LightFunctionQuality:1]]
[2022.08.24-18.24.05:876][  0]LogConfig: Setting CVar [[r.ShadowQuality:5]]
[2022.08.24-18.24.05:877][  0]LogConfig: Setting CVar [[r.Shadow.CSM.MaxCascades:10]]
[2022.08.24-18.24.05:877][  0]LogConfig: Setting CVar [[r.Shadow.MaxResolution:2048]]
[2022.08.24-18.24.05:877][  0]LogConfig: Setting CVar [[r.Shadow.MaxCSMResolution:2048]]
[2022.08.24-18.24.05:878][  0]LogConfig: Setting CVar [[r.Shadow.RadiusThreshold:0.01]]
[2022.08.24-18.24.05:878][  0]LogConfig: Setting CVar [[r.Shadow.DistanceScale:1.0]]
[2022.08.24-18.24.05:878][  0]LogConfig: Setting CVar [[r.Shadow.CSM.TransitionScale:1.0]]
[2022.08.24-18.24.05:879][  0]LogConfig: Setting CVar [[r.Shadow.PreShadowResolutionFactor:1.0]]
[2022.08.24-18.24.05:881][  0]LogConfig: Setting CVar [[r.DistanceFieldShadowing:1]]
[2022.08.24-18.24.05:881][  0]LogConfig: Setting CVar [[r.DistanceFieldAO:1]]
[2022.08.24-18.24.05:882][  0]LogConfig: Setting CVar [[r.AOQuality:2]]
[2022.08.24-18.24.05:882][  0]LogConfig: Setting CVar [[r.VolumetricFog:1]]
[2022.08.24-18.24.05:883][  0]LogConfig: Setting CVar [[r.VolumetricFog.GridPixelSize:8]]
[2022.08.24-18.24.05:883][  0]LogConfig: Setting CVar [[r.VolumetricFog.GridSizeZ:128]]
[2022.08.24-18.24.05:883][  0]LogConfig: Setting CVar [[r.VolumetricFog.HistoryMissSupersampleCount:4]]
[2022.08.24-18.24.05:883][  0]LogConfig: Setting CVar [[r.LightMaxDrawDistanceScale:1]]
[2022.08.24-18.24.05:884][  0]LogConfig: Setting CVar [[r.CapsuleShadows:1]]
[2022.08.24-18.24.05:884][  0]LogConfig: Applying CVar settings from Section [PostProcessQuality@3] File [C:/Users/danie/Documents/Gamedev VR/game/UE4 game/fpsgame/Saved/Config/Windows/Scalability.ini]
[2022.08.24-18.24.05:885][  0]LogConfig: Setting CVar [[r.MotionBlurQuality:4]]
[2022.08.24-18.24.05:886][  0]LogConfig: Setting CVar [[r.AmbientOcclusionMipLevelFactor:0.4]]
[2022.08.24-18.24.05:886][  0]LogConfig: Setting CVar [[r.AmbientOcclusionMaxQuality:100]]
[2022.08.24-18.24.05:887][  0]LogConfig: Setting CVar [[r.AmbientOcclusionLevels:-1]]
[2022.08.24-18.24.05:887][  0]LogConfig: Setting CVar [[r.AmbientOcclusionRadiusScale:1.0]]
[2022.08.24-18.24.05:888][  0]LogConfig: Setting CVar [[r.DepthOfFieldQuality:2]]
[2022.08.24-18.24.05:888][  0]LogConfig: Setting CVar [[r.RenderTargetPoolMin:400]]
[2022.08.24-18.24.05:888][  0]LogConfig: Setting CVar [[r.LensFlareQuality:2]]
[2022.08.24-18.24.05:889][  0]LogConfig: Setting CVar [[r.SceneColorFringeQuality:1]]
[2022.08.24-18.24.05:889][  0]LogConfig: Setting CVar [[r.EyeAdaptationQuality:2]]
[2022.08.24-18.24.05:890][  0]LogConfig: Setting CVar [[r.BloomQuality:5]]
[2022.08.24-18.24.05:890][  0]LogConfig: Setting CVar [[r.FastBlurThreshold:100]]
[2022.08.24-18.24.05:890][  0]LogConfig: Setting CVar [[r.Upscale.Quality:3]]
[2022.08.24-18.24.05:891][  0]LogConfig: Setting CVar [[r.Tonemapper.GrainQuantization:1]]
[2022.08.24-18.24.05:891][  0]LogConfig: Setting CVar [[r.LightShaftQuality:1]]
[2022.08.24-18.24.05:892][  0]LogConfig: Setting CVar [[r.Filter.SizeScale:1]]
[2022.08.24-18.24.05:892][  0]LogConfig: Setting CVar [[r.Tonemapper.Quality:5]]
[2022.08.24-18.24.05:892][  0]LogConfig: Setting CVar [[r.DOF.Gather.AccumulatorQuality:1        ; higher gathering accumulator quality]]
[2022.08.24-18.24.05:893][  0]LogConfig: Setting CVar [[r.DOF.Gather.PostfilterMethod:1          ; Median3x3 postfilering method]]
[2022.08.24-18.24.05:893][  0]LogConfig: Setting CVar [[r.DOF.Gather.EnableBokehSettings:0       ; no bokeh simulation when gathering]]
[2022.08.24-18.24.05:894][  0]LogConfig: Setting CVar [[r.DOF.Gather.RingCount:4                 ; medium number of samples when gathering]]
[2022.08.24-18.24.05:894][  0]LogConfig: Setting CVar [[r.DOF.Scatter.ForegroundCompositing:1    ; additive foreground scattering]]
[2022.08.24-18.24.05:895][  0]LogConfig: Setting CVar [[r.DOF.Scatter.BackgroundCompositing:2    ; additive background scattering]]
[2022.08.24-18.24.05:897][  0]LogConfig: Setting CVar [[r.DOF.Scatter.EnableBokehSettings:1      ; bokeh simulation when scattering]]
[2022.08.24-18.24.05:898][  0]LogConfig: Setting CVar [[r.DOF.Scatter.MaxSpriteRatio:0.1         ; only a maximum of 10% of scattered bokeh]]
[2022.08.24-18.24.05:898][  0]LogConfig: Setting CVar [[r.DOF.Recombine.Quality:1                ; cheap slight out of focus]]
[2022.08.24-18.24.05:898][  0]LogConfig: Setting CVar [[r.DOF.Recombine.EnableBokehSettings:0    ; no bokeh simulation on slight out of focus]]
[2022.08.24-18.24.05:899][  0]LogConfig: Setting CVar [[r.DOF.TemporalAAQuality:1                ; more stable temporal accumulation]]
[2022.08.24-18.24.05:899][  0]LogConfig: Setting CVar [[r.DOF.Kernel.MaxForegroundRadius:0.025]]
[2022.08.24-18.24.05:900][  0]LogConfig: Setting CVar [[r.DOF.Kernel.MaxBackgroundRadius:0.025]]
[2022.08.24-18.24.05:900][  0]LogConfig: Applying CVar settings from Section [TextureQuality@3] File [C:/Users/danie/Documents/Gamedev VR/game/UE4 game/fpsgame/Saved/Config/Windows/Scalability.ini]
[2022.08.24-18.24.05:901][  0]LogConfig: Setting CVar [[r.Streaming.MipBias:0]]
[2022.08.24-18.24.05:901][  0]LogConfig: Setting CVar [[r.Streaming.AmortizeCPUToGPUCopy:0]]
[2022.08.24-18.24.05:901][  0]LogConfig: Setting CVar [[r.Streaming.MaxNumTexturesToStreamPerFrame:0]]
[2022.08.24-18.24.05:902][  0]LogConfig: Setting CVar [[r.Streaming.Boost:1]]
[2022.08.24-18.24.05:902][  0]LogConfig: Setting CVar [[r.MaxAnisotropy:8]]
[2022.08.24-18.24.05:903][  0]LogConfig: Setting CVar [[r.VT.MaxAnisotropy:8]]
[2022.08.24-18.24.05:903][  0]LogConfig: Setting CVar [[r.Streaming.LimitPoolSizeToVRAM:0]]
[2022.08.24-18.24.05:903][  0]LogConfig: Setting CVar [[r.Streaming.PoolSize:1000]]
[2022.08.24-18.24.05:904][  0]LogConfig: Setting CVar [[r.Streaming.MaxEffectiveScreenSize:0]]
[2022.08.24-18.24.05:904][  0]LogConfig: Applying CVar settings from Section [EffectsQuality@3] File [C:/Users/danie/Documents/Gamedev VR/game/UE4 game/fpsgame/Saved/Config/Windows/Scalability.ini]
[2022.08.24-18.24.05:904][  0]LogConfig: Setting CVar [[r.TranslucencyLightingVolumeDim:64]]
[2022.08.24-18.24.05:905][  0]LogConfig: Setting CVar [[r.RefractionQuality:2]]
[2022.08.24-18.24.05:905][  0]LogConfig: Setting CVar [[r.SSR.Quality:3]]
[2022.08.24-18.24.05:905][  0]LogConfig: Setting CVar [[r.SSR.HalfResSceneColor:0]]
[2022.08.24-18.24.05:906][  0]LogConfig: Setting CVar [[r.SceneColorFormat:4]]
[2022.08.24-18.24.05:906][  0]LogConfig: Setting CVar [[r.DetailMode:2]]
[2022.08.24-18.24.05:906][  0]LogConfig: Setting CVar [[r.TranslucencyVolumeBlur:1]]
[2022.08.24-18.24.05:907][  0]LogConfig: Setting CVar [[r.MaterialQualityLevel:1 ; High quality]]
[2022.08.24-18.24.05:907][  0]LogConfig: Setting CVar [[r.AnisotropicMaterials:1]]
[2022.08.24-18.24.05:907][  0]LogConfig: Setting CVar [[r.SSS.Scale:1]]
[2022.08.24-18.24.05:908][  0]LogConfig: Setting CVar [[r.SSS.SampleSet:2]]
[2022.08.24-18.24.05:908][  0]LogConfig: Setting CVar [[r.SSS.Quality:1]]
[2022.08.24-18.24.05:909][  0]LogConfig: Setting CVar [[r.SSS.HalfRes:0]]
[2022.08.24-18.24.05:909][  0]LogConfig: Setting CVar [[r.SSGI.Quality:3]]
[2022.08.24-18.24.05:910][  0]LogConfig: Setting CVar [[r.EmitterSpawnRateScale:1.0]]
[2022.08.24-18.24.05:910][  0]LogConfig: Setting CVar [[r.ParticleLightQuality:2]]
[2022.08.24-18.24.05:910][  0]LogConfig: Setting CVar [[r.SkyAtmosphere.AerialPerspectiveLUT.FastApplyOnOpaque:1 ; Always have FastSkyLUT 1 in this case to avoid wrong sky]]
[2022.08.24-18.24.05:911][  0]LogConfig: Setting CVar [[r.SkyAtmosphere.AerialPerspectiveLUT.SampleCountMaxPerSlice:4]]
[2022.08.24-18.24.05:913][  0]LogConfig: Setting CVar [[r.SkyAtmosphere.AerialPerspectiveLUT.DepthResolution:16.0]]
[2022.08.24-18.24.05:914][  0]LogConfig: Setting CVar [[r.SkyAtmosphere.FastSkyLUT:1]]
[2022.08.24-18.24.05:914][  0]LogConfig: Setting CVar [[r.SkyAtmosphere.FastSkyLUT.SampleCountMin:4.0]]
[2022.08.24-18.24.05:915][  0]LogConfig: Setting CVar [[r.SkyAtmosphere.FastSkyLUT.SampleCountMax:128.0]]
[2022.08.24-18.24.05:915][  0]LogConfig: Setting CVar [[r.SkyAtmosphere.SampleCountMin:4.0]]
[2022.08.24-18.24.05:915][  0]LogConfig: Setting CVar [[r.SkyAtmosphere.SampleCountMax:128.0]]
[2022.08.24-18.24.05:916][  0]LogConfig: Setting CVar [[r.SkyAtmosphere.TransmittanceLUT.UseSmallFormat:0]]
[2022.08.24-18.24.05:916][  0]LogConfig: Setting CVar [[r.SkyAtmosphere.TransmittanceLUT.SampleCount:10.0]]
[2022.08.24-18.24.05:917][  0]LogConfig: Setting CVar [[r.SkyAtmosphere.MultiScatteringLUT.SampleCount:15.0]]
[2022.08.24-18.24.05:917][  0]LogConfig: Setting CVar [[r.SkyLight.RealTimeReflectionCapture:1]]
[2022.08.24-18.24.05:918][  0]LogConfig: Applying CVar settings from Section [FoliageQuality@3] File [C:/Users/danie/Documents/Gamedev VR/game/UE4 game/fpsgame/Saved/Config/Windows/Scalability.ini]
[2022.08.24-18.24.05:918][  0]LogConfig: Setting CVar [[foliage.DensityScale:1.0]]
[2022.08.24-18.24.05:918][  0]LogConfig: Setting CVar [[grass.DensityScale:1.0]]
[2022.08.24-18.24.05:919][  0]LogConfig: Applying CVar settings from Section [ShadingQuality@3] File [C:/Users/danie/Documents/Gamedev VR/game/UE4 game/fpsgame/Saved/Config/Windows/Scalability.ini]
[2022.08.24-18.24.05:919][  0]LogConfig: Setting CVar [[r.HairStrands.SkyLighting.IntegrationType:2]]
[2022.08.24-18.24.05:919][  0]LogConfig: Setting CVar [[r.HairStrands.SkyAO.SampleCount:4]]
[2022.08.24-18.24.05:920][  0]LogConfig: Setting CVar [[r.HairStrands.Visibility.MSAA.SamplePerPixel:4]]
[2022.08.24-18.24.05:920][  0]LogConfig: Applying CVar settings from Section [Startup] File [../../../Engine/Config/ConsoleVariables.ini]
[2022.08.24-18.24.05:921][  0]LogConfig: Setting CVar [[net.UseAdaptiveNetUpdateFrequency:0]]
[2022.08.24-18.24.05:921][  0]LogConfig: Setting CVar [[p.chaos.AllowCreatePhysxBodies:1]]
[2022.08.24-18.24.05:922][  0]LogConfig: Setting CVar [[fx.SkipVectorVMBackendOptimizations:1]]
[2022.08.24-18.24.05:922][  0]LogConfig: Applying CVar settings from Section [ConsoleVariables] File [C:/Users/danie/Documents/Gamedev VR/game/UE4 game/fpsgame/Saved/Config/Windows/Engine.ini]
[2022.08.24-18.24.05:923][  0]LogConfig: Applying CVar settings from Section [ConsoleVariables] File [C:/Users/danie/Documents/Gamedev VR/game/UE4 game/fpsgame/Saved/Config/Windows/Editor.ini]
[2022.08.24-18.24.05:923][  0]LogInit: Computer: DESKTOP-QG36584
[2022.08.24-18.24.05:923][  0]LogInit: User: danie
[2022.08.24-18.24.05:923][  0]LogInit: CPU Page size=4096, Cores=6
[2022.08.24-18.24.05:924][  0]LogInit: High frequency timer resolution =10.000000 MHz
[2022.08.24-18.24.05:924][  0]LogMemory: Memory total: Physical=16.0GB (16GB approx)
[2022.08.24-18.24.05:925][  0]LogMemory: Platform Memory Stats for Windows
[2022.08.24-18.24.05:925][  0]LogMemory: Process Physical Memory: 136.72 MB used, 136.73 MB peak
[2022.08.24-18.24.05:925][  0]LogMemory: Process Virtual Memory: 115.36 MB used, 115.36 MB peak
[2022.08.24-18.24.05:926][  0]LogMemory: Physical Memory: 13155.12 MB used,  3179.65 MB free, 16334.77 MB total
[2022.08.24-18.24.05:926][  0]LogMemory: Virtual Memory: 134213216.00 MB used,  4514.56 MB free, 134217728.00 MB total
[2022.08.24-18.24.05:928][  0]LogWindows: WindowsPlatformFeatures disabled or dedicated server build
[2022.08.24-18.24.05:937][  0]LogInit: Physics initialised using underlying interface: PhysX
[2022.08.24-18.24.05:937][  0]LogInit: Using OS detected language (en-US).
[2022.08.24-18.24.05:937][  0]LogInit: Using OS detected locale (en-GB).
[2022.08.24-18.24.05:940][  0]LogTextLocalizationManager: No specific localization for 'en-US' exists, so the 'en' localization will be used.
[2022.08.24-18.24.06:303][  0]LogTargetPlatformManager: Display: Loaded TargetPlatform 'WindowsNoEditor'
[2022.08.24-18.24.06:306][  0]LogTargetPlatformManager: Display: Loaded TargetPlatform 'Windows'
[2022.08.24-18.24.06:308][  0]LogTargetPlatformManager: Display: Loaded TargetPlatform 'WindowsClient'
[2022.08.24-18.24.06:311][  0]LogTargetPlatformManager: Display: Loaded TargetPlatform 'WindowsServer'
[2022.08.24-18.24.06:311][  0]LogTargetPlatformManager: Display: Building Assets For Windows
[2022.08.24-18.24.06:314][  0]LogAudioDebug: Display: Lib vorbis DLL was dynamically loaded.
[2022.08.24-18.24.06:329][  0]LogTextureFormatOodle: Display: Oodle Texture 2.9.0 init RDO Off
[2022.08.24-18.24.06:340][  0]LogRendererCore: Ray tracing is disabled. Reason: r.RayTracing=0.
[2022.08.24-18.24.06:340][  0]LogShaderCompilers: Guid format shader working directory is -26 characters bigger than the processId version (../../../../../../Users/danie/Documents/Gamedev VR/game/UE4 game/fpsgame/Intermediate/Shaders/WorkingDirectory/8716/).
[2022.08.24-18.24.06:340][  0]LogShaderCompilers: Cleaned the shader compiler working directory 'C:/Users/danie/AppData/Local/Temp/UnrealShaderWorkingDir/198A5F3C485D8528683C4DB80B58BD03/'.
[2022.08.24-18.24.06:340][  0]LogXGEController: Cannot use XGE Controller as Incredibuild is not installed on this machine.
[2022.08.24-18.24.06:341][  0]LogShaderCompilers: Cannot use XGE Shader Compiler as Incredibuild is not installed on this machine.
[2022.08.24-18.24.06:342][  0]LogShaderCompilers: Display: Using Local Shader Compiler.
[2022.08.24-18.24.06:786][  0]LogDerivedDataCache: Display: Max Cache Size: 512 MB
[2022.08.24-18.24.06:835][  0]LogDerivedDataCache: Loaded boot cache 0.05s 95MB C:/Users/danie/AppData/Local/UnrealEngine/4.27/DerivedDataCache/Boot.ddc.
[2022.08.24-18.24.06:835][  0]LogDerivedDataCache: Display: Loaded Boot cache: C:/Users/danie/AppData/Local/UnrealEngine/4.27/DerivedDataCache/Boot.ddc
[2022.08.24-18.24.06:836][  0]LogDerivedDataCache: FDerivedDataBackendGraph:  Pak pak cache file ../../../../../../Users/danie/Documents/Gamedev VR/game/UE4 game/fpsgame/DerivedDataCache/DDC.ddp not found, will not use a pak cache.
[2022.08.24-18.24.06:837][  0]LogDerivedDataCache: Unable to find inner node Pak for hierarchical cache Hierarchy.
[2022.08.24-18.24.06:837][  0]LogDerivedDataCache: FDerivedDataBackendGraph:  CompressedPak pak cache file ../../../../../../Users/danie/Documents/Gamedev VR/game/UE4 game/fpsgame/DerivedDataCache/Compressed.ddp not found, will not use a pak cache.
[2022.08.24-18.24.06:838][  0]LogDerivedDataCache: Unable to find inner node CompressedPak for hierarchical cache Hierarchy.
[2022.08.24-18.24.06:855][  0]LogDerivedDataCache: Display: Pak cache opened for reading ../../../Engine/DerivedDataCache/Compressed.ddp.
[2022.08.24-18.24.06:856][  0]LogDerivedDataCache: FDerivedDataBackendGraph:  EnterprisePak pak cache file ../../../Enterprise/DerivedDataCache/Compressed.ddp not found, will not use a pak cache.
[2022.08.24-18.24.06:856][  0]LogDerivedDataCache: Unable to find inner node EnterprisePak for hierarchical cache Hierarchy.
[2022.08.24-18.24.06:865][  0]LogDerivedDataCache: Speed tests for C:/Users/danie/AppData/Local/UnrealEngine/Common/DerivedDataCache took 0.01 seconds
[2022.08.24-18.24.06:866][  0]LogDerivedDataCache: Display: Performance to C:/Users/danie/AppData/Local/UnrealEngine/Common/DerivedDataCache: Latency=0.03ms. RandomReadSpeed=341.82MBs, RandomWriteSpeed=158.17MBs. Assigned SpeedClass 'Local'
[2022.08.24-18.24.06:867][  0]LogDerivedDataCache: Using Local data cache path C:/Users/danie/AppData/Local/UnrealEngine/Common/DerivedDataCache: Writable
[2022.08.24-18.24.06:867][  0]LogDerivedDataCache: Shared data cache path not found in *engine.ini, will not use an Shared cache.
[2022.08.24-18.24.06:867][  0]LogDerivedDataCache: Unable to find inner node Shared for hierarchical cache Hierarchy.
[2022.08.24-18.24.06:873][  0]LogInit: Using OS detected language (en-US).
[2022.08.24-18.24.06:873][  0]LogInit: Using OS detected locale (en-GB).
[2022.08.24-18.24.06:875][  0]LogTextLocalizationManager: No localization for 'en-US' exists, so 'en' will be used for the language.
[2022.08.24-18.24.06:877][  0]LogTextLocalizationManager: No localization for 'en-GB' exists, so 'en' will be used for the locale.
[2022.08.24-18.24.06:884][  0]LogTextLocalizationManager: Compacting localization data took   0.20ms
[2022.08.24-18.24.06:884][  0]LogAssetRegistry: FAssetRegistry took 0.0028 seconds to start up
[2022.08.24-18.24.07:164][  0]LogPackageLocalizationCache: Processed 27 localized package path(s) for 1 prioritized culture(s) in 0.001145 seconds
[2022.08.24-18.24.07:243][  0]LogInit: Selected Device Profile: [Windows]
[2022.08.24-18.24.07:243][  0]LogInit: Active device profile: [000001C28BBA0500][000001C287403440 49] Windows
[2022.08.24-18.24.07:244][  0]LogInit: Profiles: [000001C28BBA0500][000001C287403440 49] Windows, [000001C28BB92D00][000001C287411700 49] WindowsNoEditor, [000001C28BB90100][000001C2874159C0 49] WindowsServer, [000001C28BBA3000][000001C287418100 49] WindowsClient, [000001C28BBA0200][000001C287406380 49] IOS, [000001C28BB97D00][000001C28741C600 49] iPadAir, [000001C28BBA3A00][000001C2874248C0 49] iPadAir2, [000001C28BB2C200][000001C28743EE00 49] IPadPro, [000001C28BB27F00][000001C287428E40 49] iPadAir3, [000001C28BB90700][000001C287437100 49] iPadAir4, [000001C28BB24500][000001C2874333C0 49] iPadMini2, [000001C28BB90200][000001C28743B680 49] iPadMini3, [000001C28BB25200][000001C287449940 49] iPadMini4, [000001C28BB92F00][000001C28744DC00 49] iPadMini5, [000001C28BB95600][000001C286E0A580 49] iPhone6, [000001C28BB95700][000001C286DFE5C0 49] iPodTouch6, [000001C28BB26100][000001C286E16AC0 49] iPhone7, [000001C28BB26200][000001C287420B00 49] iPodTouch7, [000001C28BB96600][000001C286E0EDC0 49] iPhone5S, [000001C28BB27100][000001C286E03080 49] iPhone6Plus, [000001C28BB97B00][000001C286E13340 49] iPhone6S, [000001C28BB26B00][000001C286E1B600 49] iPhone6SPlus, [000001C28BB94A00][000001C286E1F8C0 49] iPhone7Plus, [000001C28BB26F00][000001C286E23B80 49] iPhoneSE, [000001C28BB95000][000001C286E262C0 49] iPhone8, [000001C28BB27C00][000001C286E2A580 49] iPhone8Plus, [000001C28BB97200][000001C286E06800 49] iPhoneX, [000001C28BB26C00][000001C286E32AC0 49] iPhoneXS, [000001C28BB96B00][000001C286E36D80 49] iPhoneXSMax, [000001C28BB26900][000001C286E3B040 49] iPhoneXR, [000001C28BB96F00][000001C286E3F300 49] iPhone11, [000001C28BB24A00][000001C286E435C0 49] iPhone11Pro, [000001C28BB97E00][000001C286E47880 49] iPhone11ProMax, [000001C28BB25400][000001C286E4BB40 49] iPhoneSE2, [000001C28BB97F00][000001C286E4E280 49] iPhone12Mini, [000001C28BB27D00][000001C286E52540 49] iPhone12, [000001C28BB95200][000001C286E2E7C0 49] iPhone12Pro, [000001C28BB27500][000001C286E56A40 49] iPhone12ProMax, [000001C28BB94200][000001C286E5ED00 49] iPadPro105, [000001C28BB25A00][000001C286E62FC0 49] iPadPro129, [000001C28BB94D00][000001C286E67280 49] iPadPro97, [000001C28BB24900][000001C286E6B540 49] iPadPro2_129, [000001C28BB95A00][000001C286E6F800 49] iPad5, [000001C28BB25C00][000001C286E73AC0 49] iPad6, [000001C28BB97900][000001C286E76200 49] iPad7, [000001C28BB26600][000001C286E7A4C0 49] iPad8, [000001C28BB97000][000001C286E7E780 49] iPadPro11, [000001C28BB25500][000001C286E5AA00 49] iPadPro2_11, [000001C28BB96100][000001C286E82C80 49] iPadPro3_129, [000001C28BB25D00][000001C286E8AF40 49] iPadPro4_129, [000001C28BB96400][000001C286E8F200 49] AppleTV, [000001C28BB26E00][000001C286E934C0 49] AppleTV4K, [000001C28BB94500][000001C286E97780 49] TVOS, [000001C28BB27A00][000001C286E9BA40 49] Mac, [000001C28BB96900][000001C286E9E180 49] MacClient, [000001C28BB25700][000001C286EA2440 49] MacNoEditor, [000001C28BB95100][000001C286EA6700 49] MacServer, [000001C28BB27B00][000001C286EAA9C0 49] Linux, [000001C28BB94600][000001C286E86C40 49] LinuxAArch64, [000001C28BB24400][000001C286EAEEC0 49] LinuxNoEditor, [000001C28BB96200][000001C286EB7180 49] LinuxAArch64NoEditor, [000001C28BBA0100][000001C286EBB440 49] LinuxClient, [000001C28BB2C700][000001C286EBF700 49] LinuxAArch64Client, [000001C28BBA1900][000001C286EC39C0 49] LinuxServer, [000001C28BB2CA00][000001C286EC6100 49] LinuxAArch64Server, [000001C28BBA2D00][000001C286ECA3C0 49] Android, [000001C28BB2D400][000001C286ECE680 49] Android_Low, [000001C28BBA1100][000001C286ED2940 49] Android_Mid, [000001C28BB2CE00][000001C286ED6C00 49] Android_High, [000001C28BBA0800][000001C286EB2E80 49] Android_Default, [000001C28BB2E600][000001C286EDB100 49] Android_Adreno4xx, [000001C28BBA1400][000001C286EE33C0 49] Android_Adreno5xx_Low, [000001C28BB2E400][000001C286EE7680 49] Android_Adreno5xx, [000001C28BBA0700][000001C286EEB940 49] Android_Adreno6xx, [000001C28BB2EC00][000001C286EEFC00 49] Android_Adreno6xx_Vulkan, [000001C28BBA3B00][000001C286EF2340 49] Android_Mali_T6xx, [000001C28BB2C500][000001C286EF6600 49] Android_Mali_T7xx, [000001C28BBA0300][000001C286EFA8C0 49] Android_Mali_T8xx, [000001C28BB2F000][000001C286EFEB80 49] Android_Mali_G71, [000001C28BBA2900][000001C286F02E40 49] Android_Mali_G72, [000001C28BB2E500][000001C286EDF0C0 49] Android_Mali_G72_Vulkan, [000001C28BBA1B00][000001C286F07340 49] Android_Mali_G76, [000001C28BB2F100][000001C286F0F600 49] Android_Mali_G76_Vulkan, [000001C28BBA1E00][000001C286F138C0 49] Android_Mali_G77, [000001C28BB2FB00][000001C286F17B80 49] Android_Mali_G77_Vulkan, [000001C28BBA3C00][000001C286F1A2C0 49] Android_Mali_G78, [000001C28BB2FF00][000001C286F1E580 49] Android_Mali_G78_Vulkan, [000001C28BBA2400][000001C286F22840 49] Android_Mali_G710, [000001C28BB2D300][000001C286F26B00 49] Android_Mali_G710_Vulkan, [000001C28BBA3100][000001C286F2ADC0 49] Android_Vulkan_SM5, [000001C28BB26400][000001C286F2F080 49] Android_PowerVR_G6xxx, [000001C28BBA1D00][000001C286F0B300 49] Android_PowerVR_GT7xxx, [000001C28BB24100][000001C286F33580 49] Android_PowerVR_GE8xxx, [000001C28BBA3200][000001C286F3B840 49] Android_PowerVR_GM9xxx, [000001C28BB24300][000001C286F3FB00 49] Android_PowerVR_GM9xxx_Vulkan, [000001C28BBA3300][000001C286F42240 49] Android_TegraK1, [000001C28BB25600][000001C286F46500 49] Android_Unknown_Vulkan, [000001C28BBA2000][000001C286F4A7C0 49] Lumin, [000001C28BB24B00][000001C286F4EA80 49] Lumin_Desktop, [000001C28BBA0D00][000001C286F52D40 49] HoloLens, 
[2022.08.24-18.24.07:308][  0]LogMeshReduction: Using QuadricMeshReduction for automatic static mesh reduction
[2022.08.24-18.24.07:308][  0]LogMeshReduction: Using SimplygonMeshReduction for automatic skeletal mesh reduction
[2022.08.24-18.24.07:309][  0]LogMeshReduction: Using ProxyLODMeshReduction for automatic mesh merging
[2022.08.24-18.24.07:309][  0]LogMeshReduction: No distributed automatic mesh merging module available
[2022.08.24-18.24.07:310][  0]LogMeshMerging: No distributed automatic mesh merging module available
[2022.08.24-18.24.07:329][  0]LogNetVersion: fpsgame 1.0.0, NetCL: 17155196, EngineNetVer: 17, GameNetVer: 0 (Checksum: 3215450660)
[2022.08.24-18.24.07:530][  0]LogTexture: Default maximum texture size for cubemaps generated from long-lat sources has been changed from 512 to unlimited. In order to preserve old behaiour for '/Engine/MapTemplates/Sky/DaylightAmbientCubemap.DaylightAmbientCubemap', its maximum texture size has been explicitly set to 512.
[2022.08.24-18.24.07:561][  0]LogHMD: PokeAHoleMaterial loaded successfully
[2022.08.24-18.24.07:817][  0]LogPython: Using Python 3.7.7
[2022.08.24-18.24.08:243][  0]LogNiagaraDebuggerClient: Niagara Debugger Client Initialized | Session: C378ABBF48DC55C4B07792A0DFC4D360 | Instance: 513A2BB742AB8E0543499B86592C68FD (DESKTOP-QG36584-8716).
[2022.08.24-18.24.08:258][  0]LogCollectionManager: Loaded 0 collections in 0.001696 seconds
[2022.08.24-18.24.08:261][  0]LogFileCache: Scanning file cache for directory 'C:/Users/danie/Documents/Gamedev VR/game/UE4 game/fpsgame/Saved/Collections/' took 0.00s
[2022.08.24-18.24.08:261][  0]LogFileCache: Scanning file cache for directory 'C:/Users/danie/Documents/Gamedev VR/game/UE4 game/fpsgame/Content/Developers/danie/Collections/' took 0.00s
[2022.08.24-18.24.08:261][  0]LogFileCache: Scanning file cache for directory 'C:/Users/danie/Documents/Gamedev VR/game/UE4 game/fpsgame/Content/Collections/' took 0.00s
[2022.08.24-18.24.08:262][  0]LogCollectionManager: Fixed up redirectors for 0 collections in 0.000001 seconds (updated 0 objects)
[2022.08.24-18.24.08:397][  0]LogTcpMessaging: Initializing TcpMessaging bridge
[2022.08.24-18.24.08:403][  0]LogUdpMessaging: Initializing bridge on interface 0.0.0.0:0 to multicast group 230.0.0.1:6666.
[2022.08.24-18.24.08:561][  0]SourceControl: Source control is disabled
[2022.08.24-18.24.08:562][  0]SourceControl: Source control is disabled
[2022.08.24-18.24.08:565][  0]SourceControl: Source control is disabled
[2022.08.24-18.24.08:572][  0]LogUProjectInfo: Found projects:
[2022.08.24-18.24.08:687][  0]LogOpenImageDenoise: OIDN starting up
[2022.08.24-18.24.08:717][  0]LogAndroidPermission: UAndroidPermissionCallbackProxy::GetInstance
[2022.08.24-18.24.08:741][  0]LogAudioCaptureCore: Display: No Audio Capture implementations found. Audio input will be silent.
[2022.08.24-18.24.08:741][  0]LogAudioCaptureCore: Display: No Audio Capture implementations found. Audio input will be silent.
[2022.08.24-18.24.08:838][  0]LogOcInput: OculusInput pre-init called
[2022.08.24-18.24.08:846][  0]LogUObjectArray: 22261 objects as part of root set at end of initial load.
[2022.08.24-18.24.08:846][  0]LogUObjectAllocator: 6034928 out of 0 bytes used by permanent object pool.
[2022.08.24-18.24.08:846][  0]LogUObjectArray: CloseDisregardForGC: 0/0 objects in disregard for GC pool
[2022.08.24-18.24.08:936][  0]LogClass: Display: StructProperty FRewindDataStruct::SnapshotPosition is not initialized properly. Module:fpsgame File:RewindComponent.h
[2022.08.24-18.24.08:936][  0]LogClass: Display: StructProperty FRewindDataStruct::SnapshotRotation is not initialized properly. Module:fpsgame File:RewindComponent.h
[2022.08.24-18.24.08:936][  0]LogClass: Display: StructProperty FRewindDataStruct::SnapshotScale is not initialized properly. Module:fpsgame File:RewindComponent.h
[2022.08.24-18.24.08:937][  0]LogClass: Display: FloatProperty FWeaponDataStruct::MaxRange is not initialized properly. Module:fpsgame File:WeaponActor.h
[2022.08.24-18.24.08:937][  0]LogClass: Display: FloatProperty FWeaponDataStruct::FireRate is not initialized properly. Module:fpsgame File:WeaponActor.h
[2022.08.24-18.24.08:937][  0]LogClass: Display: IntProperty FWeaponDataStruct::CartridgeBullets is not initialized properly. Module:fpsgame File:WeaponActor.h
[2022.08.24-18.24.08:938][  0]LogClass: Display: IntProperty FWeaponDataStruct::BurstNumber is not initialized properly. Module:fpsgame File:WeaponActor.h
[2022.08.24-18.24.08:938][  0]LogClass: Display: IntProperty FWeaponDataStruct::MaxMagSize is not initialized properly. Module:fpsgame File:WeaponActor.h
[2022.08.24-18.24.08:938][  0]LogClass: Display: IntProperty FWeaponDataStruct::MagAmmo is not initialized properly. Module:fpsgame File:WeaponActor.h
[2022.08.24-18.24.08:938][  0]LogClass: Display: FloatProperty FWeaponDataStruct::ProjectileSpeed is not initialized properly. Module:fpsgame File:WeaponActor.h
[2022.08.24-18.24.08:939][  0]LogClass: Display: EnumProperty FWeaponDataStruct::WAWeaponType is not initialized properly. Module:fpsgame File:WeaponActor.h
[2022.08.24-18.24.08:939][  0]LogClass: Display: EnumProperty FWeaponDataStruct::WAWeaponFireType is not initialized properly. Module:fpsgame File:WeaponActor.h
[2022.08.24-18.24.08:939][  0]LogClass: Display: EnumProperty FWeaponDataStruct::WAWeaponHitDetectionType is not initialized properly. Module:fpsgame File:WeaponActor.h
[2022.08.24-18.24.08:940][  0]LogClass: Warning: ObjectProperty FWeaponDataStruct::GunMesh is not initialized properly. Module:fpsgame File:WeaponActor.h
[2022.08.24-18.24.08:940][  0]LogClass: Display: EnumProperty FWeaponDataStruct::TypeOfEquip is not initialized properly. Module:fpsgame File:WeaponActor.h
[2022.08.24-18.24.08:940][  0]LogClass: Display: EnumProperty FWeaponDataStruct::GunModel is not initialized properly. Module:fpsgame File:WeaponActor.h
[2022.08.24-18.24.08:941][  0]LogClass: Display: StructProperty FWeaponDataStruct::BasePosition is not initialized properly. Module:fpsgame File:WeaponActor.h
[2022.08.24-18.24.08:941][  0]LogClass: Display: StructProperty FWeaponDataStruct::BaseRotation is not initialized properly. Module:fpsgame File:WeaponActor.h
[2022.08.24-18.24.08:941][  0]LogClass: Display: StructProperty FWeaponDataStruct::BaseScale is not initialized properly. Module:fpsgame File:WeaponActor.h
[2022.08.24-18.24.08:941][  0]LogClass: Display: StructProperty FWeaponDataStruct::TPBaseScale is not initialized properly. Module:fpsgame File:WeaponActor.h
[2022.08.24-18.24.08:942][  0]LogClass: Display: StructProperty FWeaponDataStruct::TPBaseRotation is not initialized properly. Module:fpsgame File:WeaponActor.h
[2022.08.24-18.24.08:942][  0]LogClass: Display: StructProperty FWeaponDataStruct::TPBasePosition is not initialized properly. Module:fpsgame File:WeaponActor.h
[2022.08.24-18.24.08:942][  0]LogClass: Display: 22 Uninitialized script struct members found including 1 object properties
[2022.08.24-18.24.08:943][  0]LogAutomationTest: Warning: ObjectProperty FWeaponDataStruct::GunMesh is not initialized properly. Module:fpsgame File:WeaponActor.h
[2022.08.24-18.24.08:944][  0]LogEngine: Initializing Engine...
[2022.08.24-18.24.08:948][  0]LogStats: UGameplayTagsManager::InitializeManager -  0.002 s
[2022.08.24-18.24.08:970][  0]LogInit: Initializing FReadOnlyCVARCache
[2022.08.24-18.24.08:970][  0]LogNetVersion: Set ProjectVersion to 1.0.0.0. Version Checksum will be recalculated on next use.
[2022.08.24-18.24.08:972][  0]LogInit: Texture streaming: Disabled
[2022.08.24-18.24.09:023][  0]LogInit: Display: Game Engine Initialized.
[2022.08.24-18.24.09:025][  0]LogNiagaraEditor: GEditor isn't valid! Particle reset commands will not work for Niagara components!
[2022.08.24-18.24.09:101][  0]LogInit: Display: Starting Game.
[2022.08.24-18.24.09:102][  0]LogNet: Browse: /Game/Maps/TestMap?Name=Player
[2022.08.24-18.24.09:102][  0]LogLoad: LoadMap: /Game/Maps/TestMap?Name=Player
[2022.08.24-18.24.09:102][  0]LogWorld: BeginTearingDown for /Temp/Untitled_0
[2022.08.24-18.24.09:105][  0]LogWorld: UWorld::CleanupWorld for Untitled, bSessionEnded=true, bCleanupResources=true
[2022.08.24-18.24.09:114][  0]LogUObjectHash: Compacting FUObjectHashTables data took   0.75ms
[2022.08.24-18.24.09:247][  0]LogAIModule: Creating AISystem for world TestMap
[2022.08.24-18.24.09:490][  0]LogLoad: Game class is 'BP_FPSGameModeDefault_C'
[2022.08.24-18.24.09:491][  0]LogNet: PktLoss set to 0
[2022.08.24-18.24.09:491][  0]LogNet: PktLagMin set to 100
[2022.08.24-18.24.09:492][  0]LogNet: PktLagMax set to 100
[2022.08.24-18.24.09:493][  0]LogNet: PktIncomingLagMin set to 100
[2022.08.24-18.24.09:494][  0]LogNet: PktIncomingLagMax set to 100
[2022.08.24-18.24.09:495][  0]LogNet: PktIncomingLoss set to 0
[2022.08.24-18.24.09:496][  0]LogNet: PktLoss set to 0
[2022.08.24-18.24.09:496][  0]LogNet: PktLagMin set to 100
[2022.08.24-18.24.09:496][  0]LogNet: PktLagMax set to 100
[2022.08.24-18.24.09:496][  0]LogNet: PktIncomingLagMin set to 100
[2022.08.24-18.24.09:497][  0]LogNet: PktIncomingLagMax set to 100
[2022.08.24-18.24.09:498][  0]LogNet: PktIncomingLoss set to 0
[2022.08.24-18.24.09:499][  0]LogNet: PktLoss set to 0
[2022.08.24-18.24.09:499][  0]LogNet: PktLagMin set to 100
[2022.08.24-18.24.09:500][  0]LogNet: PktLagMax set to 100
[2022.08.24-18.24.09:501][  0]LogNet: PktIncomingLagMin set to 100
[2022.08.24-18.24.09:501][  0]LogNet: PktIncomingLagMax set to 100
[2022.08.24-18.24.09:502][  0]LogNet: PktIncomingLoss set to 0
[2022.08.24-18.24.09:503][  0]LogNet: ReplicationDriverClass is null! Not using ReplicationDriver.
[2022.08.24-18.24.09:504][  0]LogNetCore: DDoS detection status: detection enabled: 0 analytics enabled: 0
[2022.08.24-18.24.09:505][  0]LogInit: WinSock: Socket queue. Rx: 131072 (config 131072) Tx: 131072 (config 131072)
[2022.08.24-18.24.09:505][  0]LogNet: Created socket for bind address: 0.0.0.0 on port 17777
[2022.08.24-18.24.09:506][  0]PacketHandlerLog: Loaded PacketHandler component: Engine.EngineHandlerComponentFactory (StatelessConnectHandlerComponent)
[2022.08.24-18.24.09:506][  0]LogNet: GameNetDriver IpNetDriver_0 IpNetDriver listening on port 17777
[2022.08.24-18.24.09:510][  0]LogWorld: Bringing World /Game/Maps/TestMap.TestMap up for play (max tick rate 30) at 2022.08.24-19.24.09
[2022.08.24-18.24.09:512][  0]LogWorld: Bringing up level for play took: 0.004725
[2022.08.24-18.24.09:515][  0]LogGameMode: Display: Match State Changed from EnteringMap to WaitingToStart
[2022.08.24-18.24.09:515][  0]LogGameState: Match State Changed from EnteringMap to WaitingToStart
[2022.08.24-18.24.09:516][  0]LogLoad: Took 0.413812 seconds to LoadMap(/Game/Maps/TestMap)
[2022.08.24-18.24.09:520][  0]LogInit: Display: Engine is initialized. Leaving FEngineLoop::Init()
[2022.08.24-18.24.09:520][  0]LogLoad: (Engine Initialization) Total time: 5.84 seconds
[2022.08.24-18.24.09:520][  0]LogLoad: (Engine Initialization) Total Blueprint compile time: 0.00 seconds
[2022.08.24-18.24.09:556][  0]LogNet: NotifyAcceptingConnection accepted from: 127.0.0.1:65283
[2022.08.24-18.24.09:557][  0]LogHandshake: SendConnectChallenge. Timestamp: 0.034084, Cookie: 176072160094223236155031133107205197238032231045060248246080
[2022.08.24-18.24.09:588][  1]LogNet: NotifyAcceptingConnection accepted from: 127.0.0.1:65283
[2022.08.24-18.24.09:588][  1]LogHandshake: SendChallengeAck. InCookie: 176072160094223236155031133107205197238032231045060248246080
[2022.08.24-18.24.09:588][  1]LogNet: Server accepting post-challenge connection from: 127.0.0.1:65283
[2022.08.24-18.24.09:589][  1]PacketHandlerLog: Loaded PacketHandler component: Engine.EngineHandlerComponentFactory (StatelessConnectHandlerComponent)
[2022.08.24-18.24.09:589][  1]LogNet: NotifyAcceptedConnection: Name: TestMap, TimeStamp: 08/24/22 19:24:09, [UNetConnection] RemoteAddr: 127.0.0.1:65283, Name: IpConnection_0, Driver: GameNetDriver IpNetDriver_0, IsServer: YES, PC: NULL, Owner: NULL, UniqueId: INVALID
[2022.08.24-18.24.09:589][  1]LogNet: AddClientConnection: Added client connection: [UNetConnection] RemoteAddr: 127.0.0.1:65283, Name: IpConnection_0, Driver: GameNetDriver IpNetDriver_0, IsServer: YES, PC: NULL, Owner: NULL, UniqueId: INVALID
[2022.08.24-18.24.09:754][  6]LogNet: NotifyAcceptingChannel Control 0 server World /Game/Maps/TestMap.TestMap: Accepted
[2022.08.24-18.24.09:754][  6]LogNet: Remote platform little endian=1
[2022.08.24-18.24.09:755][  6]LogNet: This platform little endian=1
[2022.08.24-18.24.09:755][  6]LogNetVersion: fpsgame 1.0.0.0, NetCL: 17155196, EngineNetVer: 17, GameNetVer: 0 (Checksum: 1484303137)
[2022.08.24-18.24.10:053][ 15]LogNet: Login request: ?Name=DESKTOP-QG36584-6601714642081940BC9696A7C0676B09 userId: NULL:DESKTOP-QG36584-6601714642081940BC9696A7C0676B09 platform: NULL
[2022.08.24-18.24.10:351][ 24]LogNet: Client netspeed is 100000
[2022.08.24-18.24.10:384][ 25]LogNet: Join request: /Engine/Maps/Entry?Name=DESKTOP-QG36584-6601714642081940BC9696A7C0676B09?SplitscreenCount=1
[2022.08.24-18.24.10:384][ 25]LogOnlineSession: Warning: OSS: No game present to join for session (GameSession)
[2022.08.24-18.24.10:390][ 25]LogGameMode: Display: Match State Changed from WaitingToStart to InProgress
[2022.08.24-18.24.10:392][ 25]LogTemp: Warning: Numebr of rewind components = 1
[2022.08.24-18.24.10:393][ 25]LogGameState: Match State Changed from WaitingToStart to InProgress
[2022.08.24-18.24.10:394][ 25]LogNet: Join succeeded: DESKTOP-QG36584-6601
[2022.08.24-18.24.10:649][ 33]LogNet: NotifyAcceptingConnection accepted from: 127.0.0.1:65288
[2022.08.24-18.24.10:649][ 33]LogHandshake: SendConnectChallenge. Timestamp: 1.128078, Cookie: 211073219232161149255139029211187165241016219214105092035237
[2022.08.24-18.24.10:682][ 34]LogNet: NotifyAcceptingConnection accepted from: 127.0.0.1:65288
[2022.08.24-18.24.10:682][ 34]LogHandshake: SendChallengeAck. InCookie: 211073219232161149255139029211187165241016219214105092035237
[2022.08.24-18.24.10:683][ 34]LogNet: Server accepting post-challenge connection from: 127.0.0.1:65288
[2022.08.24-18.24.10:683][ 34]PacketHandlerLog: Loaded PacketHandler component: Engine.EngineHandlerComponentFactory (StatelessConnectHandlerComponent)
[2022.08.24-18.24.10:683][ 34]LogNet: NotifyAcceptedConnection: Name: TestMap, TimeStamp: 08/24/22 19:24:10, [UNetConnection] RemoteAddr: 127.0.0.1:65288, Name: IpConnection_1, Driver: GameNetDriver IpNetDriver_0, IsServer: YES, PC: NULL, Owner: NULL, UniqueId: INVALID
[2022.08.24-18.24.10:684][ 34]LogNet: AddClientConnection: Added client connection: [UNetConnection] RemoteAddr: 127.0.0.1:65288, Name: IpConnection_1, Driver: GameNetDriver IpNetDriver_0, IsServer: YES, PC: NULL, Owner: NULL, UniqueId: INVALID
[2022.08.24-18.24.10:814][ 38]LogNet: NotifyAcceptingChannel Control 0 server World /Game/Maps/TestMap.TestMap: Accepted
[2022.08.24-18.24.10:814][ 38]LogNet: Remote platform little endian=1
[2022.08.24-18.24.10:815][ 38]LogNet: This platform little endian=1
[2022.08.24-18.24.11:114][ 47]LogNet: Login request: ?Name=DESKTOP-QG36584-CDDCEE0D475B1FE217B3F280CA064E8D userId: NULL:DESKTOP-QG36584-CDDCEE0D475B1FE217B3F280CA064E8D platform: NULL
[2022.08.24-18.24.11:511][ 59]LogNet: Client netspeed is 100000
[2022.08.24-18.24.11:511][ 59]LogNet: Join request: /Engine/Maps/Entry?Name=DESKTOP-QG36584-CDDCEE0D475B1FE217B3F280CA064E8D?SplitscreenCount=1
[2022.08.24-18.24.11:512][ 59]LogOnlineSession: Warning: OSS: No game present to join for session (GameSession)
[2022.08.24-18.24.11:514][ 59]LogTemp: Warning: Numebr of rewind components = 2
[2022.08.24-18.24.11:515][ 59]LogNet: Join succeeded: DESKTOP-QG36584-CDDC
[2022.08.24-18.24.16:761][217]LogTemp: Warning: Interacting
[2022.08.24-18.24.16:762][217]LogTemp: Warning: SERVER: Log no. 0
[2022.08.24-18.24.16:763][217]LogTemp: Warning: IsHit =  TRUE
[2022.08.24-18.24.16:763][217]LogTemp: Warning: We got a hit bois
[2022.08.24-18.24.19:052][286]LogTemp: Warning: Interacting
[2022.08.24-18.24.19:053][286]LogTemp: Warning: SERVER: Log no. 1
[2022.08.24-18.24.19:053][286]LogTemp: Warning: IsHit =  TRUE
[2022.08.24-18.24.19:054][286]LogTemp: Warning: We got a hit bois
[2022.08.24-18.24.20:818][339]LogTemp: Warning: Interacting
[2022.08.24-18.24.20:819][339]LogTemp: Warning: SERVER: Log no. 2
[2022.08.24-18.24.20:819][339]LogTemp: Warning: IsHit =  TRUE
[2022.08.24-18.24.20:820][339]LogTemp: Warning: We got a hit bois
[2022.08.24-18.24.23:178][410]LogTemp: Warning: Interacting
[2022.08.24-18.24.23:179][410]LogTemp: Warning: SERVER: Log no. 3
[2022.08.24-18.24.23:179][410]LogTemp: Warning: IsHit =  TRUE
[2022.08.24-18.24.23:180][410]LogTemp: Warning: We got a hit bois
[2022.08.24-18.24.45:278][ 76]LogTemp: Warning: Interacting
[2022.08.24-18.24.45:278][ 76]LogTemp: Warning: SERVER: Log no. 0
[2022.08.24-18.24.45:278][ 76]LogTemp: Warning: IsHit =  TRUE
[2022.08.24-18.24.45:278][ 76]LogTemp: Warning: We got a hit bois
[2022.08.24-18.24.47:167][133]LogTemp: Warning: Interacting
[2022.08.24-18.24.47:167][133]LogTemp: Warning: SERVER: Log no. 1
[2022.08.24-18.24.47:167][133]LogTemp: Warning: IsHit =  TRUE
[2022.08.24-18.24.47:167][133]LogTemp: Warning: We got a hit bois
[2022.08.24-18.24.48:296][167]LogTemp: Warning: Interacting
[2022.08.24-18.24.48:296][167]LogTemp: Warning: SERVER: Log no. 2
[2022.08.24-18.24.48:297][167]LogTemp: Warning: IsHit =  TRUE
[2022.08.24-18.24.48:297][167]LogTemp: Warning: We got a hit bois
[2022.08.24-18.24.51:149][253]LogTemp: Warning: Interacting
[2022.08.24-18.24.51:150][253]LogTemp: Warning: SERVER: Log no. 3
[2022.08.24-18.24.51:150][253]LogTemp: Warning: IsHit =  TRUE
[2022.08.24-18.24.51:151][253]LogTemp: Warning: We got a hit bois
[2022.08.24-18.24.51:151][253]LogTemp: Warning: interactable component found
[2022.08.24-18.24.51:152][253]LogTemp: Warning: We got a pickup bois
[2022.08.24-18.24.51:152][253]LogTemp: Warning: Servertime
[2022.08.24-18.24.53:704][330]LogTemp: Warning: Server validate fire
[2022.08.24-18.24.53:705][330]LogTemp: Warning: ServerHitscanCheckFire start
[2022.08.24-18.24.53:705][330]LogTemp: Warning: Server time for hitscan check = 44.150043
[2022.08.24-18.24.53:706][330]LogTemp: Warning: Latency measured = 0.108070
[2022.08.24-18.24.53:706][330]LogTemp: Warning: Stag 2,3
[2022.08.24-18.24.53:707][330]LogTemp: Warning: Interp
[2022.08.24-18.24.53:707][330]LogTemp: Warning: Rewind transforms = 2
[2022.08.24-18.24.53:707][330]LogTemp: Warning: Final stages
[2022.08.24-18.24.53:708][330]LogTemp: Warning: Rewinding
[2022.08.24-18.24.53:708][330]LogTemp: Warning: Rewind length = 0
[2022.08.24-18.24.53:708][330]LogTemp: Warning: Got a hit
[2022.08.24-18.24.53:709][330]LogTemp: Warning: Resetting
[2022.08.24-18.24.54:765][362]LogTemp: Warning: Server validate fire
[2022.08.24-18.24.54:766][362]LogTemp: Warning: ServerHitscanCheckFire start
[2022.08.24-18.24.54:768][362]LogTemp: Warning: Server time for hitscan check = 45.211002
[2022.08.24-18.24.54:769][362]LogTemp: Warning: Latency measured = 0.117283
[2022.08.24-18.24.54:769][362]LogTemp: Warning: Stag 2,3
[2022.08.24-18.24.54:769][362]LogTemp: Warning: Interp
[2022.08.24-18.24.54:770][362]LogTemp: Warning: Rewind transforms = 2
[2022.08.24-18.24.54:770][362]LogTemp: Warning: Final stages
[2022.08.24-18.24.54:771][362]LogTemp: Warning: Rewinding
[2022.08.24-18.24.54:771][362]LogTemp: Warning: Rewind length = 0
[2022.08.24-18.24.54:771][362]LogTemp: Warning: Got a hit
[2022.08.24-18.24.54:772][362]LogTemp: Warning: Resetting
[2022.08.24-18.24.55:991][399]LogTemp: Warning: Server validate fire
[2022.08.24-18.24.55:992][399]LogTemp: Warning: ServerHitscanCheckFire start
[2022.08.24-18.24.55:992][399]LogTemp: Warning: Server time for hitscan check = 46.436619
[2022.08.24-18.24.55:992][399]LogTemp: Warning: Latency measured = 0.123085
[2022.08.24-18.24.55:993][399]LogTemp: Warning: Stag 2,3
[2022.08.24-18.24.55:993][399]LogTemp: Warning: Interp
[2022.08.24-18.24.55:994][399]LogTemp: Warning: Rewind transforms = 2
[2022.08.24-18.24.55:994][399]LogTemp: Warning: Final stages
[2022.08.24-18.24.55:994][399]LogTemp: Warning: Rewinding
[2022.08.24-18.24.55:994][399]LogTemp: Warning: Rewind length = 0
[2022.08.24-18.24.55:995][399]LogTemp: Warning: Got a hit
[2022.08.24-18.24.55:995][399]LogTemp: Warning: Resetting
[2022.08.24-18.24.59:137][494]LogTemp: Warning: Server validate fire
[2022.08.24-18.24.59:138][494]LogTemp: Warning: ServerHitscanCheckFire start
[2022.08.24-18.24.59:138][494]LogTemp: Warning: Server time for hitscan check = 49.582455
[2022.08.24-18.24.59:139][494]LogTemp: Warning: Latency measured = 0.154781
[2022.08.24-18.24.59:139][494]LogTemp: Warning: Stag 2,3
[2022.08.24-18.24.59:139][494]LogTemp: Warning: Interp
[2022.08.24-18.24.59:140][494]LogTemp: Warning: Rewind transforms = 2
[2022.08.24-18.24.59:140][494]LogTemp: Warning: Final stages
[2022.08.24-18.24.59:141][494]LogTemp: Warning: Rewinding
[2022.08.24-18.24.59:141][494]LogTemp: Warning: Rewind length = 0
[2022.08.24-18.24.59:141][494]LogTemp: Warning: Got a hit
[2022.08.24-18.24.59:142][494]LogTemp: Warning: Resetting
[2022.08.24-18.24.59:900][517]LogTemp: Warning: Server validate fire
[2022.08.24-18.24.59:901][517]LogTemp: Warning: ServerHitscanCheckFire start
[2022.08.24-18.24.59:901][517]LogTemp: Warning: Server time for hitscan check = 50.346161
[2022.08.24-18.24.59:901][517]LogTemp: Warning: Latency measured = 0.159504
[2022.08.24-18.24.59:902][517]LogTemp: Warning: Stag 2,3
[2022.08.24-18.24.59:902][517]LogTemp: Warning: Interp
[2022.08.24-18.24.59:902][517]LogTemp: Warning: Rewind transforms = 2
[2022.08.24-18.24.59:903][517]LogTemp: Warning: Final stages
[2022.08.24-18.24.59:903][517]LogTemp: Warning: Rewinding
[2022.08.24-18.24.59:904][517]LogTemp: Warning: Rewind length = 0
[2022.08.24-18.24.59:904][517]LogTemp: Warning: Got a hit
[2022.08.24-18.24.59:904][517]LogTemp: Warning: Resetting
[2022.08.24-18.25.00:333][530]LogTemp: Warning: Server validate fire
[2022.08.24-18.25.00:334][530]LogTemp: Warning: ServerHitscanCheckFire start
[2022.08.24-18.25.00:334][530]LogTemp: Warning: Server time for hitscan check = 50.778549
[2022.08.24-18.25.00:335][530]LogTemp: Warning: Latency measured = 0.106583
[2022.08.24-18.25.00:335][530]LogTemp: Warning: Stag 2,3
[2022.08.24-18.25.00:336][530]LogTemp: Warning: Interp
[2022.08.24-18.25.00:337][530]LogTemp: Warning: Rewind transforms = 2
[2022.08.24-18.25.00:337][530]LogTemp: Warning: Final stages
[2022.08.24-18.25.00:337][530]LogTemp: Warning: Rewinding
[2022.08.24-18.25.00:338][530]LogTemp: Warning: Rewind length = 0
[2022.08.24-18.25.00:338][530]LogTemp: Warning: Got a hit
[2022.08.24-18.25.00:339][530]LogTemp: Warning: Resetting
[2022.08.24-18.25.03:024][611]LogTemp: Warning: Server validate fire
[2022.08.24-18.25.03:025][611]LogTemp: Warning: ServerHitscanCheckFire start
[2022.08.24-18.25.03:025][611]LogTemp: Warning: Server time for hitscan check = 53.470024
[2022.08.24-18.25.03:026][611]LogTemp: Warning: Latency measured = 0.115711
[2022.08.24-18.25.03:026][611]LogTemp: Warning: Stag 2,3
[2022.08.24-18.25.03:026][611]LogTemp: Warning: Interp
[2022.08.24-18.25.03:027][611]LogTemp: Warning: Rewind transforms = 2
[2022.08.24-18.25.03:027][611]LogTemp: Warning: Final stages
[2022.08.24-18.25.03:028][611]LogTemp: Warning: Rewinding
[2022.08.24-18.25.03:028][611]LogTemp: Warning: Rewind length = 0
[2022.08.24-18.25.03:028][611]LogTemp: Warning: Got a hit
[2022.08.24-18.25.03:029][611]LogTemp: Warning: Resetting
[2022.08.24-18.25.03:224][617]LogTemp: Warning: Server validate fire
[2022.08.24-18.25.03:225][617]LogTemp: Warning: ServerHitscanCheckFire start
[2022.08.24-18.25.03:225][617]LogTemp: Warning: Server time for hitscan check = 53.670208
[2022.08.24-18.25.03:226][617]LogTemp: Warning: Latency measured = 0.146725
[2022.08.24-18.25.03:226][617]LogTemp: Warning: Stag 2,3
[2022.08.24-18.25.03:227][617]LogTemp: Warning: Interp
[2022.08.24-18.25.03:227][617]LogTemp: Warning: Rewind transforms = 2
[2022.08.24-18.25.03:227][617]LogTemp: Warning: Final stages
[2022.08.24-18.25.03:228][617]LogTemp: Warning: Rewinding
[2022.08.24-18.25.03:228][617]LogTemp: Warning: Rewind length = 0
[2022.08.24-18.25.03:229][617]LogTemp: Warning: Got a hit
[2022.08.24-18.25.03:229][617]LogTemp: Warning: Resetting
[2022.08.24-18.25.03:457][624]LogTemp: Warning: Server validate fire
[2022.08.24-18.25.03:458][624]LogTemp: Warning: ServerHitscanCheckFire start
[2022.08.24-18.25.03:458][624]LogTemp: Warning: Server time for hitscan check = 53.901428
[2022.08.24-18.25.03:458][624]LogTemp: Warning: Latency measured = 0.158287
[2022.08.24-18.25.03:459][624]LogTemp: Warning: Stag 2,3
[2022.08.24-18.25.03:459][624]LogTemp: Warning: Interp
[2022.08.24-18.25.03:459][624]LogTemp: Warning: Rewind transforms = 2
[2022.08.24-18.25.03:460][624]LogTemp: Warning: Final stages
[2022.08.24-18.25.03:460][624]LogTemp: Warning: Rewinding
[2022.08.24-18.25.03:461][624]LogTemp: Warning: Rewind length = 0
[2022.08.24-18.25.03:461][624]LogTemp: Warning: Got a hit
[2022.08.24-18.25.03:461][624]LogTemp: Warning: Resetting
[2022.08.24-18.25.30:777][448]LogNet: UNetConnection::Cleanup: Closing open connection. [UNetConnection] RemoteAddr: 127.0.0.1:65288, Name: IpConnection_1, Driver: GameNetDriver IpNetDriver_0, IsServer: YES, PC: FPSPlayerController_1, Owner: FPSPlayerController_1, UniqueId: NULL:DESKTOP-QG36584-CDDCEE0D475B1FE217B3F280CA064E8D
[2022.08.24-18.25.30:777][448]LogNet: UNetConnection::Close: [UNetConnection] RemoteAddr: 127.0.0.1:65288, Name: IpConnection_1, Driver: GameNetDriver IpNetDriver_0, IsServer: YES, PC: FPSPlayerController_1, Owner: FPSPlayerController_1, UniqueId: NULL:DESKTOP-QG36584-CDDCEE0D475B1FE217B3F280CA064E8D, Channels: 11, Time: 2022.08.24-18.25.30
[2022.08.24-18.25.30:778][448]LogNet: UChannel::Close: Sending CloseBunch. ChIndex == 0. Name: [UChannel] ChIndex: 0, Closing: 0 [UNetConnection] RemoteAddr: 127.0.0.1:65288, Name: IpConnection_1, Driver: GameNetDriver IpNetDriver_0, IsServer: YES, PC: FPSPlayerController_1, Owner: FPSPlayerController_1, UniqueId: NULL:DESKTOP-QG36584-CDDCEE0D475B1FE217B3F280CA064E8D
[2022.08.24-18.25.30:779][448]LogOnlineSession: Warning: OSS: No game present to leave for session (GameSession)
