Log file open, 04/16/23 12:00:31
LogWindows: Failed to load 'aqProf.dll' (GetLastError=126)
LogWindows: File 'aqProf.dll' does not exist
LogWindows: Failed to load 'VtuneApi.dll' (GetLastError=126)
LogWindows: File 'VtuneApi.dll' does not exist
LogWindows: Failed to load 'VtuneApi32e.dll' (GetLastError=126)
LogWindows: File 'VtuneApi32e.dll' does not exist
LogConsoleResponse: Display: Failed to find resolution value strings in scalability ini. Falling back to default.
LogConsoleResponse: Display: Failed to find resolution value strings in scalability ini. Falling back to default.
LogInit: Display: Running engine for game: fpsgame
LogPlatformFile: Not using cached read wrapper
LogTaskGraph: Started task graph with 5 named threads and 35 total threads with 3 sets of task threads.
LogStats: Stats thread started at 0.214397
LogICUInternationalization: ICU TimeZone Detection - Raw Offset: +0:00, Platform Override: ''
LogInit: Display: Loading text-based GConfig....
LogPluginManager: Mounting plugin MeshPainting
LogPluginManager: Mounting plugin XGEController
LogPluginManager: Mounting plugin LiveLink
LogPluginManager: Mounting plugin Paper2D
LogPluginManager: Mounting plugin LightPropagationVolume
LogPluginManager: Mounting plugin AISupport
LogPluginManager: Mounting plugin EnvironmentQueryEditor
LogPluginManager: Mounting plugin OodleData
LogPluginManager: Mounting plugin OodleNetwork
LogPluginManager: Mounting plugin AnimationSharing
LogPluginManager: Mounting plugin CameraShakePreviewer
LogPluginManager: Mounting plugin CodeLiteSourceCodeAccess
LogPluginManager: Mounting plugin CLionSourceCodeAccess
LogPluginManager: Mounting plugin GitSourceControl
LogPluginManager: Mounting plugin NullSourceCodeAccess
LogPluginManager: Mounting plugin KDevelopSourceCodeAccess
LogPluginManager: Mounting plugin PerforceSourceControl
LogPluginManager: Mounting plugin PixWinPlugin
LogPluginManager: Mounting plugin PlasticSourceControl
LogPluginManager: Mounting plugin PluginUtils
LogPluginManager: Mounting plugin GameplayCameras
LogPluginManager: Mounting plugin PropertyAccessNode
LogPluginManager: Mounting plugin RiderSourceCodeAccess
LogPluginManager: Mounting plugin SubversionSourceControl
LogPluginManager: Mounting plugin TextureFormatOodle
LogPluginManager: Mounting plugin DatasmithContent
LogPluginManager: Mounting plugin AssetManagerEditor
LogPluginManager: Mounting plugin UObjectPlugin
LogPluginManager: Mounting plugin VisualStudioCodeSourceCodeAccess
LogPluginManager: Mounting plugin VisualStudioSourceCodeAccess
LogPluginManager: Mounting plugin VariantManagerContent
LogPluginManager: Mounting plugin XCodeSourceCodeAccess
LogPluginManager: Mounting plugin CryptoKeys
LogPluginManager: Mounting plugin CurveEditorTools
LogPluginManager: Mounting plugin DataValidation
LogPluginManager: Mounting plugin FacialAnimation
LogPluginManager: Mounting plugin GeometryMode
LogPluginManager: Mounting plugin GameplayTagsEditor
LogPluginManager: Mounting plugin MacGraphicsSwitching
LogPluginManager: Mounting plugin MaterialAnalyzer
LogPluginManager: Mounting plugin MobileLauncherProfileWizard
LogPluginManager: Mounting plugin SpeedTreeImporter
LogPluginManager: Mounting plugin PluginBrowser
LogPluginManager: Mounting plugin Niagara
LogPluginManager: Mounting plugin LuminPlatformFeatures
LogPluginManager: Mounting plugin MagicLeap
LogPluginManager: Mounting plugin AlembicImporter
LogPluginManager: Mounting plugin AutomationUtils
LogPluginManager: Mounting plugin MagicLeapLightEstimation
LogPluginManager: Mounting plugin BackChannel
LogPluginManager: Mounting plugin MagicLeapMedia
LogPluginManager: Mounting plugin ChaosCloth
LogPluginManager: Mounting plugin ChaosClothEditor
LogPluginManager: Mounting plugin ChaosEditor
LogPluginManager: Mounting plugin ChaosNiagara
LogPluginManager: Mounting plugin MagicLeapPassableWorld
LogPluginManager: Mounting plugin ChaosSolverPlugin
LogPluginManager: Mounting plugin CharacterAI
LogPluginManager: Mounting plugin MLSDK
LogPluginManager: Mounting plugin GeometryCache
LogPluginManager: Mounting plugin GeometryCollectionPlugin
LogPluginManager: Mounting plugin GeometryProcessing
LogPluginManager: Mounting plugin MotoSynth
LogPluginManager: Mounting plugin OpenImageDenoise
LogPluginManager: Mounting plugin PlatformCrypto
LogPluginManager: Mounting plugin PlanarCut
LogPluginManager: Mounting plugin PythonScriptPlugin
LogPluginManager: Mounting plugin ProxyLODPlugin
LogPluginManager: Mounting plugin SkeletalReduction
LogPluginManager: Mounting plugin AvfMedia
LogPluginManager: Mounting plugin MediaCompositing
LogPluginManager: Mounting plugin ImgMedia
LogPluginManager: Mounting plugin MediaPlayerEditor
LogPluginManager: Mounting plugin WebMMedia
LogPluginManager: Mounting plugin WmfMedia
LogPluginManager: Mounting plugin ActorSequence
LogPluginManager: Mounting plugin MatineeToLevelSequence
LogPluginManager: Mounting plugin TemplateSequence
LogPluginManager: Mounting plugin LevelSequenceEditor
LogPluginManager: Mounting plugin TcpMessaging
LogPluginManager: Mounting plugin UdpMessaging
LogPluginManager: Mounting plugin OnlineSubsystem
LogPluginManager: Mounting plugin OnlineSubsystemNull
LogPluginManager: Mounting plugin OnlineSubsystemUtils
LogPluginManager: Mounting plugin ActorLayerUtilities
LogPluginManager: Mounting plugin AndroidMedia
LogPluginManager: Mounting plugin AndroidDeviceProfileSelector
LogPluginManager: Mounting plugin AndroidMoviePlayer
LogPluginManager: Mounting plugin AndroidPermission
LogPluginManager: Mounting plugin AppleImageUtils
LogPluginManager: Mounting plugin AppleMoviePlayer
LogPluginManager: Mounting plugin ArchVisCharacter
LogPluginManager: Mounting plugin AssetTags
LogPluginManager: Mounting plugin AudioCapture
LogPluginManager: Mounting plugin AudioSynesthesia
LogPluginManager: Mounting plugin CableComponent
LogPluginManager: Mounting plugin ChunkDownloader
LogPluginManager: Mounting plugin ExampleDeviceProfileSelector
LogPluginManager: Mounting plugin EditableMesh
LogPluginManager: Mounting plugin GoogleCloudMessaging
LogPluginManager: Mounting plugin CustomMeshComponent
LogPluginManager: Mounting plugin GooglePAD
LogPluginManager: Mounting plugin LauncherChunkInstaller
LogPluginManager: Mounting plugin LinuxDeviceProfileSelector
LogPluginManager: Mounting plugin IOSDeviceProfileSelector
LogPluginManager: Mounting plugin LocationServicesBPLibrary
LogPluginManager: Mounting plugin MobilePatchingUtils
LogPluginManager: Mounting plugin OpenXR
LogPluginManager: Mounting plugin OpenXREyeTracker
LogPluginManager: Mounting plugin OpenXRHandTracking
LogPluginManager: Mounting plugin PhysXVehicles
LogPluginManager: Mounting plugin PostSplashScreen
LogPluginManager: Mounting plugin PropertyAccessEditor
LogPluginManager: Mounting plugin ProceduralMeshComponent
LogPluginManager: Mounting plugin SignificanceManager
LogPluginManager: Mounting plugin SoundFields
LogPluginManager: Mounting plugin RuntimePhysXCooking
LogPluginManager: Mounting plugin Synthesis
LogPluginManager: Mounting plugin WebMMoviePlayer
LogPluginManager: Mounting plugin WindowsMoviePlayer
LogPluginManager: Mounting plugin ScreenshotTools
LogPluginManager: Mounting plugin Takes
LogPluginManager: Mounting plugin ContentBrowserAssetDataSource
LogPluginManager: Mounting plugin ContentBrowserClassDataSource
LogPluginManager: Mounting plugin ContentBrowserFileDataSource
LogPluginManager: Mounting plugin OnlineSubsystemIOS
LogPluginManager: Mounting plugin OnlineSubsystemGooglePlay
LogPluginManager: Mounting plugin OculusVR
LogPluginManager: Mounting plugin SteamVR
PixWinPlugin: PIX capture plugin failed to initialize! Check that the process is launched from PIX.
LogInit: Using libcurl 7.55.1-DEV
LogInit:  - built for x86_64-pc-win32
LogInit:  - supports SSL with OpenSSL/1.1.1
LogInit:  - supports HTTP deflate (compression) using libz 1.2.8
LogInit:  - other features:
LogInit:      CURL_VERSION_SSL
LogInit:      CURL_VERSION_LIBZ
LogInit:      CURL_VERSION_IPV6
LogInit:      CURL_VERSION_ASYNCHDNS
LogInit:      CURL_VERSION_LARGEFILE
LogInit:      CURL_VERSION_IDN
LogInit:  CurlRequestOptions (configurable via config and command line):
LogInit:  - bVerifyPeer = true  - Libcurl will verify peer certificate
LogInit:  - bUseHttpProxy = false  - Libcurl will NOT use HTTP proxy
LogInit:  - bDontReuseConnections = false  - Libcurl will reuse connections
LogInit:  - MaxHostConnections = 16  - Libcurl will limit the number of connections to a host
LogInit:  - LocalHostAddr = Default
LogInit:  - BufferSize = 65536
LogOnline: OSS: Creating online subsystem instance for: NULL
LogInit: WinSock: version 1.1 (2.2), MaxSocks=32767, MaxUdp=65467
LogOnline: OSS: TryLoadSubsystemAndSetDefault: Loaded subsystem for module [NULL]
LogOculusPluginWrapper: OculusPlugin initialized successfully
LogHMD: Failed initializing OVRPlugin 1.59.0
LogInit: Build: ++UE4+Release-4.27-CL-18319896
LogInit: Engine Version: 4.27.2-18319896+++UE4+Release-4.27
LogInit: Compatible Engine Version: 4.27.0-17155196+++UE4+Release-4.27
LogInit: Net CL: 17155196
LogInit: OS: Windows 10 (Release 2009) (), CPU: AMD Ryzen 5 3600X 6-Core Processor             , GPU: AMD Radeon RX 5700 XT
LogInit: Compiled (64-bit): Nov 30 2021 07:12:08
LogInit: Compiled with Visual C++: 19.24.28315.00
LogInit: Build Configuration: Development
LogInit: Branch Name: ++UE4+Release-4.27
LogInit: Command Line:  127.0.0.1:17777 -game -PIEVIACONSOLE -Multiprocess "GameUserSettingsINI=C:/Users/danie/Documents/Gamedev VR/game/UE4 game/fpsgame/Saved/Config/Windows/PIEGameUserSettings1.ini" -MultiprocessSaveConfig -forcepassthrough -messaging -SessionName="Play in Standalone Game" -PktLagMin=0 -PktLagMax=0 -PktLoss=0 -PktIncomingLagMin=0 -PktIncomingLagMax=0 -PktIncomingLoss=0 -windowed -WinX=0 -WinY=24 SAVEWINPOS=1 -ResX=640 -ResY=480
LogInit: Base Directory: C:/Program Files/Epic Games/UE_4.27/Engine/Binaries/Win64/
LogInit: Allocator: TBB
LogInit: Installed Engine Build: 1
LogDevObjectVersion: Number of dev versions registered: 29
LogDevObjectVersion:   Dev-Blueprints (B0D832E4-1F89-4F0D-ACCF-7EB736FD4AA2): 10
LogDevObjectVersion:   Dev-Build (E1C64328-A22C-4D53-A36C-8E866417BD8C): 0
LogDevObjectVersion:   Dev-Core (375EC13C-06E4-48FB-B500-84F0262A717E): 4
LogDevObjectVersion:   Dev-Editor (E4B068ED-F494-42E9-A231-DA0B2E46BB41): 40
LogDevObjectVersion:   Dev-Framework (CFFC743F-43B0-4480-9391-14DF171D2073): 37
LogDevObjectVersion:   Dev-Mobile (B02B49B5-BB20-44E9-A304-32B752E40360): 3
LogDevObjectVersion:   Dev-Networking (A4E4105C-59A1-49B5-A7C5-40C4547EDFEE): 0
LogDevObjectVersion:   Dev-Online (39C831C9-5AE6-47DC-9A44-9C173E1C8E7C): 0
LogDevObjectVersion:   Dev-Physics (78F01B33-EBEA-4F98-B9B4-84EACCB95AA2): 14
LogDevObjectVersion:   Dev-Platform (6631380F-2D4D-43E0-8009-CF276956A95A): 0
LogDevObjectVersion:   Dev-Rendering (12F88B9F-8875-4AFC-A67C-D90C383ABD29): 45
LogDevObjectVersion:   Dev-Sequencer (7B5AE74C-D270-4C10-A958-57980B212A5A): 13
LogDevObjectVersion:   Dev-VR (D7296918-1DD6-4BDD-9DE2-64A83CC13884): 3
LogDevObjectVersion:   Dev-LoadTimes (C2A15278-BFE7-4AFE-6C17-90FF531DF755): 1
LogDevObjectVersion:   Private-Geometry (6EACA3D4-40EC-4CC1-B786-8BED09428FC5): 3
LogDevObjectVersion:   Dev-AnimPhys (29E575DD-E0A3-4627-9D10-D276232CDCEA): 17
LogDevObjectVersion:   Dev-Anim (AF43A65D-7FD3-4947-9873-3E8ED9C1BB05): 15
LogDevObjectVersion:   Dev-ReflectionCapture (6B266CEC-1EC7-4B8F-A30B-E4D90942FC07): 1
LogDevObjectVersion:   Dev-Automation (0DF73D61-A23F-47EA-B727-89E90C41499A): 1
LogDevObjectVersion:   FortniteMain (601D1886-AC64-4F84-AA16-D3DE0DEAC7D6): 47
LogDevObjectVersion:   FortniteRelease (E7086368-6B23-4C58-8439-1B7016265E91): 1
LogDevObjectVersion:   Dev-Enterprise (9DFFBCD6-494F-0158-E221-12823C92A888): 10
LogDevObjectVersion:   Dev-Niagara (F2AED0AC-9AFE-416F-8664-AA7FFA26D6FC): 1
LogDevObjectVersion:   Dev-Destruction (174F1F0B-B4C6-45A5-B13F-2EE8D0FB917D): 10
LogDevObjectVersion:   Dev-Physics-Ext (35F94A83-E258-406C-A318-09F59610247C): 41
LogDevObjectVersion:   Dev-PhysicsMaterial-Chaos (B68FC16E-8B1B-42E2-B453-215C058844FE): 1
LogDevObjectVersion:   Dev-CineCamera (B2E18506-4273-CFC2-A54E-F4BB758BBA07): 1
LogDevObjectVersion:   Dev-VirtualProduction (64F58936-FD1B-42BA-BA96-7289D5D0FA4E): 1
LogDevObjectVersion:   Dev-MediaFramework (6F0ED827-A609-4895-9C91-998D90180EA4): 2
LogInit: Presizing for max 25165824 objects, including 0 objects not considered by GC, pre-allocating 0 bytes for permanent pool.
LogConfig: Applying CVar settings from Section [/Script/Engine.StreamingSettings] File [C:/Users/danie/Documents/Gamedev VR/game/UE4 game/fpsgame/Saved/Config/Windows/Engine.ini]
LogConfig: Setting CVar [[s.MinBulkDataSizeForAsyncLoading:131072]]
LogConfig: Setting CVar [[s.AsyncLoadingThreadEnabled:0]]
LogConfig: Setting CVar [[s.EventDrivenLoaderEnabled:1]]
LogConfig: Setting CVar [[s.WarnIfTimeLimitExceeded:0]]
LogConfig: Setting CVar [[s.TimeLimitExceededMultiplier:1.5]]
LogConfig: Setting CVar [[s.TimeLimitExceededMinTime:0.005]]
LogConfig: Setting CVar [[s.UseBackgroundLevelStreaming:1]]
LogConfig: Setting CVar [[s.PriorityAsyncLoadingExtraTime:15.0]]
LogConfig: Setting CVar [[s.LevelStreamingActorsUpdateTimeLimit:5.0]]
LogConfig: Setting CVar [[s.PriorityLevelStreamingActorsUpdateExtraTime:5.0]]
LogConfig: Setting CVar [[s.LevelStreamingComponentsRegistrationGranularity:10]]
LogConfig: Setting CVar [[s.UnregisterComponentsTimeLimit:1.0]]
LogConfig: Setting CVar [[s.LevelStreamingComponentsUnregistrationGranularity:5]]
LogConfig: Setting CVar [[s.FlushStreamingOnExit:1]]
LogInit: Object subsystem initialized
LogConfig: Setting CVar [[con.DebugEarlyDefault:1]]
LogConfig: Setting CVar [[r.setres:1280x720]]
[2023.04.16-11.00.31:906][  0]LogConfig: Setting CVar [[con.DebugEarlyDefault:1]]
[2023.04.16-11.00.31:906][  0]LogConfig: Setting CVar [[r.setres:1280x720]]
[2023.04.16-11.00.31:906][  0]LogConfig: Applying CVar settings from Section [/Script/Engine.RendererSettings] File [C:/Users/danie/Documents/Gamedev VR/game/UE4 game/fpsgame/Saved/Config/Windows/Engine.ini]
[2023.04.16-11.00.31:906][  0]LogConfig: Setting CVar [[r.GPUCrashDebugging:0]]
[2023.04.16-11.00.31:906][  0]LogConfig: Setting CVar [[r.Mobile.DisableVertexFog:1]]
[2023.04.16-11.00.31:906][  0]LogConfig: Setting CVar [[r.Shadow.CSM.MaxMobileCascades:2]]
[2023.04.16-11.00.31:906][  0]LogConfig: Setting CVar [[r.MobileMSAA:1]]
[2023.04.16-11.00.31:906][  0]LogConfig: Setting CVar [[r.Mobile.AllowDitheredLODTransition:0]]
[2023.04.16-11.00.31:906][  0]LogConfig: Setting CVar [[r.Mobile.AllowSoftwareOcclusion:0]]
[2023.04.16-11.00.31:906][  0]LogConfig: Setting CVar [[r.Mobile.VirtualTextures:0]]
[2023.04.16-11.00.31:906][  0]LogConfig: Setting CVar [[r.DiscardUnusedQuality:0]]
[2023.04.16-11.00.31:906][  0]LogConfig: Setting CVar [[r.AllowOcclusionQueries:1]]
[2023.04.16-11.00.31:906][  0]LogConfig: Setting CVar [[r.MinScreenRadiusForLights:0.030000]]
[2023.04.16-11.00.31:906][  0]LogConfig: Setting CVar [[r.MinScreenRadiusForDepthPrepass:0.030000]]
[2023.04.16-11.00.31:906][  0]LogConfig: Setting CVar [[r.MinScreenRadiusForCSMDepth:0.010000]]
[2023.04.16-11.00.31:906][  0]LogConfig: Setting CVar [[r.PrecomputedVisibilityWarning:0]]
[2023.04.16-11.00.31:906][  0]LogConfig: Setting CVar [[r.TextureStreaming:1]]
[2023.04.16-11.00.31:906][  0]LogConfig: Setting CVar [[Compat.UseDXT5NormalMaps:0]]
[2023.04.16-11.00.31:906][  0]LogConfig: Setting CVar [[r.VirtualTextures:0]]
[2023.04.16-11.00.31:906][  0]LogConfig: Setting CVar [[r.VT.EnableAutoImport:1]]
[2023.04.16-11.00.31:906][  0]LogConfig: Setting CVar [[r.VirtualTexturedLightmaps:0]]
[2023.04.16-11.00.31:906][  0]LogConfig: Setting CVar [[r.VT.TileSize:128]]
[2023.04.16-11.00.31:906][  0]LogConfig: Setting CVar [[r.VT.TileBorderSize:4]]
[2023.04.16-11.00.31:906][  0]LogConfig: Setting CVar [[r.vt.FeedbackFactor:16]]
[2023.04.16-11.00.31:906][  0]LogConfig: Setting CVar [[r.VT.EnableCompressZlib:1]]
[2023.04.16-11.00.31:906][  0]LogConfig: Setting CVar [[r.VT.EnableCompressCrunch:0]]
[2023.04.16-11.00.31:906][  0]LogConfig: Setting CVar [[r.ClearCoatNormal:0]]
[2023.04.16-11.00.31:906][  0]LogConfig: Setting CVar [[r.ReflectionCaptureResolution:128]]
[2023.04.16-11.00.31:906][  0]LogConfig: Setting CVar [[r.Mobile.ReflectionCaptureCompression:0]]
[2023.04.16-11.00.31:906][  0]LogConfig: Setting CVar [[r.ReflectionEnvironmentLightmapMixBasedOnRoughness:1]]
[2023.04.16-11.00.31:906][  0]LogConfig: Setting CVar [[r.ForwardShading:0]]
[2023.04.16-11.00.31:906][  0]LogConfig: Setting CVar [[r.VertexFoggingForOpaque:1]]
[2023.04.16-11.00.31:906][  0]LogConfig: Setting CVar [[r.AllowStaticLighting:1]]
[2023.04.16-11.00.31:906][  0]LogConfig: Setting CVar [[r.NormalMapsForStaticLighting:0]]
[2023.04.16-11.00.31:906][  0]LogConfig: Setting CVar [[r.GenerateMeshDistanceFields:0]]
[2023.04.16-11.00.31:906][  0]LogConfig: Setting CVar [[r.DistanceFieldBuild.EightBit:0]]
[2023.04.16-11.00.31:907][  0]LogConfig: Setting CVar [[r.GenerateLandscapeGIData:0]]
[2023.04.16-11.00.31:907][  0]LogConfig: Setting CVar [[r.DistanceFieldBuild.Compress:0]]
[2023.04.16-11.00.31:907][  0]LogConfig: Setting CVar [[r.TessellationAdaptivePixelsPerTriangle:48.000000]]
[2023.04.16-11.00.31:907][  0]LogConfig: Setting CVar [[r.SeparateTranslucency:1]]
[2023.04.16-11.00.31:907][  0]LogConfig: Setting CVar [[r.TranslucentSortPolicy:0]]
[2023.04.16-11.00.31:907][  0]LogConfig: Setting CVar [[vr.VRS.HMDFixedFoveationLevel:0]]
[2023.04.16-11.00.31:907][  0]LogConfig: Setting CVar [[r.CustomDepth:1]]
[2023.04.16-11.00.31:907][  0]LogConfig: Setting CVar [[r.CustomDepthTemporalAAJitter:1]]
[2023.04.16-11.00.31:907][  0]LogConfig: Setting CVar [[r.PostProcessing.PropagateAlpha:0]]
[2023.04.16-11.00.31:907][  0]LogConfig: Setting CVar [[r.DefaultFeature.Bloom:1]]
[2023.04.16-11.00.31:907][  0]LogConfig: Setting CVar [[r.DefaultFeature.AmbientOcclusion:1]]
[2023.04.16-11.00.31:907][  0]LogConfig: Setting CVar [[r.DefaultFeature.AmbientOcclusionStaticFraction:1]]
[2023.04.16-11.00.31:907][  0]LogConfig: Setting CVar [[r.DefaultFeature.AutoExposure:0]]
[2023.04.16-11.00.31:907][  0]LogConfig: Setting CVar [[r.DefaultFeature.AutoExposure.Method:0]]
[2023.04.16-11.00.31:907][  0]LogConfig: Setting CVar [[r.DefaultFeature.AutoExposure.Bias:1.000000]]
[2023.04.16-11.00.31:907][  0]LogConfig: Setting CVar [[r.DefaultFeature.AutoExposure.ExtendDefaultLuminanceRange:0]]
[2023.04.16-11.00.31:907][  0]LogConfig: Setting CVar [[r.UsePreExposure:1]]
[2023.04.16-11.00.31:907][  0]LogConfig: Setting CVar [[r.EyeAdaptation.EditorOnly:0]]
[2023.04.16-11.00.31:907][  0]LogConfig: Setting CVar [[r.DefaultFeature.MotionBlur:0]]
[2023.04.16-11.00.31:907][  0]LogConfig: Setting CVar [[r.DefaultFeature.LensFlare:0]]
[2023.04.16-11.00.31:907][  0]LogConfig: Setting CVar [[r.TemporalAA.Upsampling:0]]
[2023.04.16-11.00.31:907][  0]LogConfig: Setting CVar [[r.SSGI.Enable:0]]
[2023.04.16-11.00.31:907][  0]LogConfig: Setting CVar [[r.DefaultFeature.AntiAliasing:0]]
[2023.04.16-11.00.31:907][  0]LogConfig: Setting CVar [[r.DefaultFeature.LightUnits:1]]
[2023.04.16-11.00.31:907][  0]LogConfig: Setting CVar [[r.DefaultBackBufferPixelFormat:4]]
[2023.04.16-11.00.31:907][  0]LogConfig: Setting CVar [[r.Shadow.UnbuiltPreviewInGame:1]]
[2023.04.16-11.00.31:907][  0]LogConfig: Setting CVar [[r.StencilForLODDither:0]]
[2023.04.16-11.00.31:907][  0]LogConfig: Setting CVar [[r.EarlyZPass:3]]
[2023.04.16-11.00.31:907][  0]LogConfig: Setting CVar [[r.EarlyZPassOnlyMaterialMasking:0]]
[2023.04.16-11.00.31:907][  0]LogConfig: Setting CVar [[r.DBuffer:1]]
[2023.04.16-11.00.31:907][  0]LogConfig: Setting CVar [[r.ClearSceneMethod:1]]
[2023.04.16-11.00.31:907][  0]LogConfig: Setting CVar [[r.BasePassOutputsVelocity:0]]
[2023.04.16-11.00.31:907][  0]LogConfig: Setting CVar [[r.VertexDeformationOutputsVelocity:0]]
[2023.04.16-11.00.31:907][  0]LogConfig: Setting CVar [[r.SelectiveBasePassOutputs:0]]
[2023.04.16-11.00.31:907][  0]LogConfig: Setting CVar [[fx.GPUSimulationTextureSizeX:1024]]
[2023.04.16-11.00.31:907][  0]LogConfig: Setting CVar [[fx.GPUSimulationTextureSizeY:1024]]
[2023.04.16-11.00.31:907][  0]LogConfig: Setting CVar [[r.AllowGlobalClipPlane:0]]
[2023.04.16-11.00.31:907][  0]LogConfig: Setting CVar [[r.GBufferFormat:1]]
[2023.04.16-11.00.31:907][  0]LogConfig: Setting CVar [[r.MorphTarget.Mode:1]]
[2023.04.16-11.00.31:907][  0]LogConfig: Setting CVar [[vr.InstancedStereo:0]]
[2023.04.16-11.00.31:907][  0]LogConfig: Setting CVar [[r.MobileHDR:1]]
[2023.04.16-11.00.31:907][  0]LogConfig: Setting CVar [[vr.MobileMultiView:0]]
[2023.04.16-11.00.31:907][  0]LogConfig: Setting CVar [[r.Mobile.UseHWsRGBEncoding:0]]
[2023.04.16-11.00.31:907][  0]LogConfig: Setting CVar [[vr.RoundRobinOcclusion:0]]
[2023.04.16-11.00.31:907][  0]LogConfig: Setting CVar [[vr.ODSCapture:0]]
[2023.04.16-11.00.31:907][  0]LogConfig: Setting CVar [[r.MeshStreaming:0]]
[2023.04.16-11.00.31:907][  0]LogConfig: Setting CVar [[r.WireframeCullThreshold:5.000000]]
[2023.04.16-11.00.31:907][  0]LogConfig: Setting CVar [[r.RayTracing:0]]
[2023.04.16-11.00.31:907][  0]LogConfig: Setting CVar [[r.RayTracing.UseTextureLod:0]]
[2023.04.16-11.00.31:907][  0]LogConfig: Setting CVar [[r.SupportStationarySkylight:1]]
[2023.04.16-11.00.31:907][  0]LogConfig: Setting CVar [[r.SupportLowQualityLightmaps:1]]
[2023.04.16-11.00.31:907][  0]LogConfig: Setting CVar [[r.SupportPointLightWholeSceneShadows:1]]
[2023.04.16-11.00.31:907][  0]LogConfig: Setting CVar [[r.SupportAtmosphericFog:1]]
[2023.04.16-11.00.31:907][  0]LogConfig: Setting CVar [[r.SupportSkyAtmosphere:1]]
[2023.04.16-11.00.31:907][  0]LogConfig: Setting CVar [[r.SupportSkyAtmosphereAffectsHeightFog:0]]
[2023.04.16-11.00.31:907][  0]LogConfig: Setting CVar [[r.SkinCache.CompileShaders:0]]
[2023.04.16-11.00.31:907][  0]LogConfig: Setting CVar [[r.SkinCache.DefaultBehavior:1]]
[2023.04.16-11.00.31:907][  0]LogConfig: Setting CVar [[r.SkinCache.SceneMemoryLimitInMB:128.000000]]
[2023.04.16-11.00.31:907][  0]LogConfig: Setting CVar [[r.Mobile.EnableStaticAndCSMShadowReceivers:1]]
[2023.04.16-11.00.31:907][  0]LogConfig: Setting CVar [[r.Mobile.EnableMovableLightCSMShaderCulling:1]]
[2023.04.16-11.00.31:907][  0]LogConfig: Setting CVar [[r.Mobile.AllowDistanceFieldShadows:1]]
[2023.04.16-11.00.31:907][  0]LogConfig: Setting CVar [[r.Mobile.AllowMovableDirectionalLights:1]]
[2023.04.16-11.00.31:907][  0]LogConfig: Setting CVar [[r.MobileNumDynamicPointLights:4]]
[2023.04.16-11.00.31:907][  0]LogConfig: Setting CVar [[r.MobileDynamicPointLightsUseStaticBranch:1]]
[2023.04.16-11.00.31:907][  0]LogConfig: Setting CVar [[r.Mobile.EnableMovableSpotlights:0]]
[2023.04.16-11.00.31:907][  0]LogConfig: Setting CVar [[r.Mobile.EnableMovableSpotlightsShadow:0]]
[2023.04.16-11.00.31:907][  0]LogConfig: Setting CVar [[r.GPUSkin.Support16BitBoneIndex:0]]
[2023.04.16-11.00.31:907][  0]LogConfig: Setting CVar [[r.GPUSkin.Limit2BoneInfluences:0]]
[2023.04.16-11.00.31:907][  0]LogConfig: Setting CVar [[r.SupportDepthOnlyIndexBuffers:1]]
[2023.04.16-11.00.31:907][  0]LogConfig: Setting CVar [[r.SupportReversedIndexBuffers:1]]
[2023.04.16-11.00.31:907][  0]LogConfig: Setting CVar [[r.LightPropagationVolume:0]]
[2023.04.16-11.00.31:907][  0]LogConfig: Setting CVar [[r.Mobile.AmbientOcclusion:0]]
[2023.04.16-11.00.31:907][  0]LogConfig: Setting CVar [[r.GPUSkin.UnlimitedBoneInfluences:0]]
[2023.04.16-11.00.31:907][  0]LogConfig: Setting CVar [[r.GPUSkin.UnlimitedBoneInfluencesThreshold:8]]
[2023.04.16-11.00.31:907][  0]LogConfig: Setting CVar [[r.Mobile.PlanarReflectionMode:0]]
[2023.04.16-11.00.31:907][  0]LogConfig: Setting CVar [[r.Mobile.SupportsGen4TAA:0]]
[2023.04.16-11.00.31:907][  0]LogConfig: Applying CVar settings from Section [/Script/Engine.RendererOverrideSettings] File [C:/Users/danie/Documents/Gamedev VR/game/UE4 game/fpsgame/Saved/Config/Windows/Engine.ini]
[2023.04.16-11.00.31:907][  0]LogConfig: Applying CVar settings from Section [/Script/Engine.StreamingSettings] File [C:/Users/danie/Documents/Gamedev VR/game/UE4 game/fpsgame/Saved/Config/Windows/Engine.ini]
[2023.04.16-11.00.31:907][  0]LogConfig: Setting CVar [[s.MinBulkDataSizeForAsyncLoading:131072]]
[2023.04.16-11.00.31:907][  0]LogConfig: Setting CVar [[s.AsyncLoadingThreadEnabled:0]]
[2023.04.16-11.00.31:907][  0]LogConfig: Setting CVar [[s.EventDrivenLoaderEnabled:1]]
[2023.04.16-11.00.31:907][  0]LogConfig: Setting CVar [[s.WarnIfTimeLimitExceeded:0]]
[2023.04.16-11.00.31:907][  0]LogConfig: Setting CVar [[s.TimeLimitExceededMultiplier:1.5]]
[2023.04.16-11.00.31:907][  0]LogConfig: Setting CVar [[s.TimeLimitExceededMinTime:0.005]]
[2023.04.16-11.00.31:907][  0]LogConfig: Setting CVar [[s.UseBackgroundLevelStreaming:1]]
[2023.04.16-11.00.31:907][  0]LogConfig: Setting CVar [[s.PriorityAsyncLoadingExtraTime:15.0]]
[2023.04.16-11.00.31:907][  0]LogConfig: Setting CVar [[s.LevelStreamingActorsUpdateTimeLimit:5.0]]
[2023.04.16-11.00.31:907][  0]LogConfig: Setting CVar [[s.PriorityLevelStreamingActorsUpdateExtraTime:5.0]]
[2023.04.16-11.00.31:907][  0]LogConfig: Setting CVar [[s.LevelStreamingComponentsRegistrationGranularity:10]]
[2023.04.16-11.00.31:907][  0]LogConfig: Setting CVar [[s.UnregisterComponentsTimeLimit:1.0]]
[2023.04.16-11.00.31:907][  0]LogConfig: Setting CVar [[s.LevelStreamingComponentsUnregistrationGranularity:5]]
[2023.04.16-11.00.31:907][  0]LogConfig: Setting CVar [[s.FlushStreamingOnExit:1]]
[2023.04.16-11.00.31:908][  0]LogConfig: Applying CVar settings from Section [/Script/Engine.GarbageCollectionSettings] File [C:/Users/danie/Documents/Gamedev VR/game/UE4 game/fpsgame/Saved/Config/Windows/Engine.ini]
[2023.04.16-11.00.31:908][  0]LogConfig: Setting CVar [[gc.MaxObjectsNotConsideredByGC:1]]
[2023.04.16-11.00.31:908][  0]LogConfig: Setting CVar [[gc.SizeOfPermanentObjectPool:0]]
[2023.04.16-11.00.31:908][  0]LogConfig: Setting CVar [[gc.FlushStreamingOnGC:0]]
[2023.04.16-11.00.31:908][  0]LogConfig: Setting CVar [[gc.NumRetriesBeforeForcingGC:10]]
[2023.04.16-11.00.31:908][  0]LogConfig: Setting CVar [[gc.AllowParallelGC:1]]
[2023.04.16-11.00.31:908][  0]LogConfig: Setting CVar [[gc.TimeBetweenPurgingPendingKillObjects:61.1]]
[2023.04.16-11.00.31:908][  0]LogConfig: Setting CVar [[gc.MaxObjectsInEditor:25165824]]
[2023.04.16-11.00.31:908][  0]LogConfig: Setting CVar [[gc.IncrementalBeginDestroyEnabled:1]]
[2023.04.16-11.00.31:908][  0]LogConfig: Setting CVar [[gc.CreateGCClusters:1]]
[2023.04.16-11.00.31:908][  0]LogConfig: Setting CVar [[gc.MinGCClusterSize:5]]
[2023.04.16-11.00.31:908][  0]LogConfig: Setting CVar [[gc.ActorClusteringEnabled:0]]
[2023.04.16-11.00.31:908][  0]LogConfig: Setting CVar [[gc.BlueprintClusteringEnabled:0]]
[2023.04.16-11.00.31:908][  0]LogConfig: Setting CVar [[gc.UseDisregardForGCOnDedicatedServers:0]]
[2023.04.16-11.00.31:908][  0]LogConfig: Setting CVar [[gc.MultithreadedDestructionEnabled:1]]
[2023.04.16-11.00.31:908][  0]LogConfig: Applying CVar settings from Section [/Script/Engine.NetworkSettings] File [C:/Users/danie/Documents/Gamedev VR/game/UE4 game/fpsgame/Saved/Config/Windows/Engine.ini]
[2023.04.16-11.00.31:908][  0]LogConfig: Applying CVar settings from Section [/Script/UnrealEd.CookerSettings] File [C:/Users/danie/Documents/Gamedev VR/game/UE4 game/fpsgame/Saved/Config/Windows/Engine.ini]
[2023.04.16-11.00.31:923][  0]LogConfig: Applying CVar settings from Section [ViewDistanceQuality@3] File [C:/Users/danie/Documents/Gamedev VR/game/UE4 game/fpsgame/Saved/Config/Windows/Scalability.ini]
[2023.04.16-11.00.31:923][  0]LogConfig: Setting CVar [[r.SkeletalMeshLODBias:0]]
[2023.04.16-11.00.31:923][  0]LogConfig: Setting CVar [[r.ViewDistanceScale:1.0]]
[2023.04.16-11.00.31:923][  0]LogConfig: Applying CVar settings from Section [AntiAliasingQuality@3] File [C:/Users/danie/Documents/Gamedev VR/game/UE4 game/fpsgame/Saved/Config/Windows/Scalability.ini]
[2023.04.16-11.00.31:923][  0]LogConfig: Setting CVar [[r.PostProcessAAQuality:4]]
[2023.04.16-11.00.31:923][  0]LogConfig: Applying CVar settings from Section [ShadowQuality@3] File [C:/Users/danie/Documents/Gamedev VR/game/UE4 game/fpsgame/Saved/Config/Windows/Scalability.ini]
[2023.04.16-11.00.31:923][  0]LogConfig: Setting CVar [[r.LightFunctionQuality:1]]
[2023.04.16-11.00.31:923][  0]LogConfig: Setting CVar [[r.ShadowQuality:5]]
[2023.04.16-11.00.31:923][  0]LogConfig: Setting CVar [[r.Shadow.CSM.MaxCascades:10]]
[2023.04.16-11.00.31:923][  0]LogConfig: Setting CVar [[r.Shadow.MaxResolution:2048]]
[2023.04.16-11.00.31:923][  0]LogConfig: Setting CVar [[r.Shadow.MaxCSMResolution:2048]]
[2023.04.16-11.00.31:923][  0]LogConfig: Setting CVar [[r.Shadow.RadiusThreshold:0.01]]
[2023.04.16-11.00.31:923][  0]LogConfig: Setting CVar [[r.Shadow.DistanceScale:1.0]]
[2023.04.16-11.00.31:923][  0]LogConfig: Setting CVar [[r.Shadow.CSM.TransitionScale:1.0]]
[2023.04.16-11.00.31:923][  0]LogConfig: Setting CVar [[r.Shadow.PreShadowResolutionFactor:1.0]]
[2023.04.16-11.00.31:923][  0]LogConfig: Setting CVar [[r.DistanceFieldShadowing:1]]
[2023.04.16-11.00.31:923][  0]LogConfig: Setting CVar [[r.DistanceFieldAO:1]]
[2023.04.16-11.00.31:923][  0]LogConfig: Setting CVar [[r.AOQuality:2]]
[2023.04.16-11.00.31:923][  0]LogConfig: Setting CVar [[r.VolumetricFog:1]]
[2023.04.16-11.00.31:923][  0]LogConfig: Setting CVar [[r.VolumetricFog.GridPixelSize:8]]
[2023.04.16-11.00.31:923][  0]LogConfig: Setting CVar [[r.VolumetricFog.GridSizeZ:128]]
[2023.04.16-11.00.31:923][  0]LogConfig: Setting CVar [[r.VolumetricFog.HistoryMissSupersampleCount:4]]
[2023.04.16-11.00.31:923][  0]LogConfig: Setting CVar [[r.LightMaxDrawDistanceScale:1]]
[2023.04.16-11.00.31:923][  0]LogConfig: Setting CVar [[r.CapsuleShadows:1]]
[2023.04.16-11.00.31:923][  0]LogConfig: Applying CVar settings from Section [PostProcessQuality@3] File [C:/Users/danie/Documents/Gamedev VR/game/UE4 game/fpsgame/Saved/Config/Windows/Scalability.ini]
[2023.04.16-11.00.31:923][  0]LogConfig: Setting CVar [[r.MotionBlurQuality:4]]
[2023.04.16-11.00.31:923][  0]LogConfig: Setting CVar [[r.AmbientOcclusionMipLevelFactor:0.4]]
[2023.04.16-11.00.31:923][  0]LogConfig: Setting CVar [[r.AmbientOcclusionMaxQuality:100]]
[2023.04.16-11.00.31:923][  0]LogConfig: Setting CVar [[r.AmbientOcclusionLevels:-1]]
[2023.04.16-11.00.31:923][  0]LogConfig: Setting CVar [[r.AmbientOcclusionRadiusScale:1.0]]
[2023.04.16-11.00.31:923][  0]LogConfig: Setting CVar [[r.DepthOfFieldQuality:2]]
[2023.04.16-11.00.31:923][  0]LogConfig: Setting CVar [[r.RenderTargetPoolMin:400]]
[2023.04.16-11.00.31:923][  0]LogConfig: Setting CVar [[r.LensFlareQuality:2]]
[2023.04.16-11.00.31:923][  0]LogConfig: Setting CVar [[r.SceneColorFringeQuality:1]]
[2023.04.16-11.00.31:923][  0]LogConfig: Setting CVar [[r.EyeAdaptationQuality:2]]
[2023.04.16-11.00.31:923][  0]LogConfig: Setting CVar [[r.BloomQuality:5]]
[2023.04.16-11.00.31:923][  0]LogConfig: Setting CVar [[r.FastBlurThreshold:100]]
[2023.04.16-11.00.31:923][  0]LogConfig: Setting CVar [[r.Upscale.Quality:3]]
[2023.04.16-11.00.31:923][  0]LogConfig: Setting CVar [[r.Tonemapper.GrainQuantization:1]]
[2023.04.16-11.00.31:923][  0]LogConfig: Setting CVar [[r.LightShaftQuality:1]]
[2023.04.16-11.00.31:923][  0]LogConfig: Setting CVar [[r.Filter.SizeScale:1]]
[2023.04.16-11.00.31:923][  0]LogConfig: Setting CVar [[r.Tonemapper.Quality:5]]
[2023.04.16-11.00.31:923][  0]LogConfig: Setting CVar [[r.DOF.Gather.AccumulatorQuality:1        ; higher gathering accumulator quality]]
[2023.04.16-11.00.31:923][  0]LogConfig: Setting CVar [[r.DOF.Gather.PostfilterMethod:1          ; Median3x3 postfilering method]]
[2023.04.16-11.00.31:923][  0]LogConfig: Setting CVar [[r.DOF.Gather.EnableBokehSettings:0       ; no bokeh simulation when gathering]]
[2023.04.16-11.00.31:923][  0]LogConfig: Setting CVar [[r.DOF.Gather.RingCount:4                 ; medium number of samples when gathering]]
[2023.04.16-11.00.31:923][  0]LogConfig: Setting CVar [[r.DOF.Scatter.ForegroundCompositing:1    ; additive foreground scattering]]
[2023.04.16-11.00.31:923][  0]LogConfig: Setting CVar [[r.DOF.Scatter.BackgroundCompositing:2    ; additive background scattering]]
[2023.04.16-11.00.31:923][  0]LogConfig: Setting CVar [[r.DOF.Scatter.EnableBokehSettings:1      ; bokeh simulation when scattering]]
[2023.04.16-11.00.31:923][  0]LogConfig: Setting CVar [[r.DOF.Scatter.MaxSpriteRatio:0.1         ; only a maximum of 10% of scattered bokeh]]
[2023.04.16-11.00.31:923][  0]LogConfig: Setting CVar [[r.DOF.Recombine.Quality:1                ; cheap slight out of focus]]
[2023.04.16-11.00.31:923][  0]LogConfig: Setting CVar [[r.DOF.Recombine.EnableBokehSettings:0    ; no bokeh simulation on slight out of focus]]
[2023.04.16-11.00.31:923][  0]LogConfig: Setting CVar [[r.DOF.TemporalAAQuality:1                ; more stable temporal accumulation]]
[2023.04.16-11.00.31:923][  0]LogConfig: Setting CVar [[r.DOF.Kernel.MaxForegroundRadius:0.025]]
[2023.04.16-11.00.31:923][  0]LogConfig: Setting CVar [[r.DOF.Kernel.MaxBackgroundRadius:0.025]]
[2023.04.16-11.00.31:923][  0]LogConfig: Applying CVar settings from Section [TextureQuality@3] File [C:/Users/danie/Documents/Gamedev VR/game/UE4 game/fpsgame/Saved/Config/Windows/Scalability.ini]
[2023.04.16-11.00.31:923][  0]LogConfig: Setting CVar [[r.Streaming.MipBias:0]]
[2023.04.16-11.00.31:923][  0]LogConfig: Setting CVar [[r.Streaming.AmortizeCPUToGPUCopy:0]]
[2023.04.16-11.00.31:923][  0]LogConfig: Setting CVar [[r.Streaming.MaxNumTexturesToStreamPerFrame:0]]
[2023.04.16-11.00.31:923][  0]LogConfig: Setting CVar [[r.Streaming.Boost:1]]
[2023.04.16-11.00.31:923][  0]LogConfig: Setting CVar [[r.MaxAnisotropy:8]]
[2023.04.16-11.00.31:923][  0]LogConfig: Setting CVar [[r.VT.MaxAnisotropy:8]]
[2023.04.16-11.00.31:923][  0]LogConfig: Setting CVar [[r.Streaming.LimitPoolSizeToVRAM:0]]
[2023.04.16-11.00.31:923][  0]LogConfig: Setting CVar [[r.Streaming.PoolSize:1000]]
[2023.04.16-11.00.31:923][  0]LogConfig: Setting CVar [[r.Streaming.MaxEffectiveScreenSize:0]]
[2023.04.16-11.00.31:923][  0]LogConfig: Applying CVar settings from Section [EffectsQuality@3] File [C:/Users/danie/Documents/Gamedev VR/game/UE4 game/fpsgame/Saved/Config/Windows/Scalability.ini]
[2023.04.16-11.00.31:923][  0]LogConfig: Setting CVar [[r.TranslucencyLightingVolumeDim:64]]
[2023.04.16-11.00.31:923][  0]LogConfig: Setting CVar [[r.RefractionQuality:2]]
[2023.04.16-11.00.31:923][  0]LogConfig: Setting CVar [[r.SSR.Quality:3]]
[2023.04.16-11.00.31:923][  0]LogConfig: Setting CVar [[r.SSR.HalfResSceneColor:0]]
[2023.04.16-11.00.31:923][  0]LogConfig: Setting CVar [[r.SceneColorFormat:4]]
[2023.04.16-11.00.31:923][  0]LogConfig: Setting CVar [[r.DetailMode:2]]
[2023.04.16-11.00.31:923][  0]LogConfig: Setting CVar [[r.TranslucencyVolumeBlur:1]]
[2023.04.16-11.00.31:923][  0]LogConfig: Setting CVar [[r.MaterialQualityLevel:1 ; High quality]]
[2023.04.16-11.00.31:923][  0]LogConfig: Setting CVar [[r.AnisotropicMaterials:1]]
[2023.04.16-11.00.31:923][  0]LogConfig: Setting CVar [[r.SSS.Scale:1]]
[2023.04.16-11.00.31:923][  0]LogConfig: Setting CVar [[r.SSS.SampleSet:2]]
[2023.04.16-11.00.31:923][  0]LogConfig: Setting CVar [[r.SSS.Quality:1]]
[2023.04.16-11.00.31:923][  0]LogConfig: Setting CVar [[r.SSS.HalfRes:0]]
[2023.04.16-11.00.31:923][  0]LogConfig: Setting CVar [[r.SSGI.Quality:3]]
[2023.04.16-11.00.31:923][  0]LogConfig: Setting CVar [[r.EmitterSpawnRateScale:1.0]]
[2023.04.16-11.00.31:923][  0]LogConfig: Setting CVar [[r.ParticleLightQuality:2]]
[2023.04.16-11.00.31:923][  0]LogConfig: Setting CVar [[r.SkyAtmosphere.AerialPerspectiveLUT.FastApplyOnOpaque:1 ; Always have FastSkyLUT 1 in this case to avoid wrong sky]]
[2023.04.16-11.00.31:923][  0]LogConfig: Setting CVar [[r.SkyAtmosphere.AerialPerspectiveLUT.SampleCountMaxPerSlice:4]]
[2023.04.16-11.00.31:923][  0]LogConfig: Setting CVar [[r.SkyAtmosphere.AerialPerspectiveLUT.DepthResolution:16.0]]
[2023.04.16-11.00.31:923][  0]LogConfig: Setting CVar [[r.SkyAtmosphere.FastSkyLUT:1]]
[2023.04.16-11.00.31:923][  0]LogConfig: Setting CVar [[r.SkyAtmosphere.FastSkyLUT.SampleCountMin:4.0]]
[2023.04.16-11.00.31:923][  0]LogConfig: Setting CVar [[r.SkyAtmosphere.FastSkyLUT.SampleCountMax:128.0]]
[2023.04.16-11.00.31:923][  0]LogConfig: Setting CVar [[r.SkyAtmosphere.SampleCountMin:4.0]]
[2023.04.16-11.00.31:923][  0]LogConfig: Setting CVar [[r.SkyAtmosphere.SampleCountMax:128.0]]
[2023.04.16-11.00.31:923][  0]LogConfig: Setting CVar [[r.SkyAtmosphere.TransmittanceLUT.UseSmallFormat:0]]
[2023.04.16-11.00.31:923][  0]LogConfig: Setting CVar [[r.SkyAtmosphere.TransmittanceLUT.SampleCount:10.0]]
[2023.04.16-11.00.31:923][  0]LogConfig: Setting CVar [[r.SkyAtmosphere.MultiScatteringLUT.SampleCount:15.0]]
[2023.04.16-11.00.31:923][  0]LogConfig: Setting CVar [[r.SkyLight.RealTimeReflectionCapture:1]]
[2023.04.16-11.00.31:923][  0]LogConfig: Applying CVar settings from Section [FoliageQuality@3] File [C:/Users/danie/Documents/Gamedev VR/game/UE4 game/fpsgame/Saved/Config/Windows/Scalability.ini]
[2023.04.16-11.00.31:924][  0]LogConfig: Setting CVar [[foliage.DensityScale:1.0]]
[2023.04.16-11.00.31:924][  0]LogConfig: Setting CVar [[grass.DensityScale:1.0]]
[2023.04.16-11.00.31:924][  0]LogConfig: Applying CVar settings from Section [ShadingQuality@3] File [C:/Users/danie/Documents/Gamedev VR/game/UE4 game/fpsgame/Saved/Config/Windows/Scalability.ini]
[2023.04.16-11.00.31:924][  0]LogConfig: Setting CVar [[r.HairStrands.SkyLighting.IntegrationType:2]]
[2023.04.16-11.00.31:924][  0]LogConfig: Setting CVar [[r.HairStrands.SkyAO.SampleCount:4]]
[2023.04.16-11.00.31:924][  0]LogConfig: Setting CVar [[r.HairStrands.Visibility.MSAA.SamplePerPixel:4]]
[2023.04.16-11.00.31:924][  0]LogInit: Selected Device Profile: [Windows]
[2023.04.16-11.00.31:924][  0]LogInit: Applying CVar settings loaded from the selected device profile: [Windows]
[2023.04.16-11.00.31:924][  0]LogHAL: Display: Platform has ~ 16 GB [17128247296 / 17179869184 / 16], which maps to Larger [LargestMinGB=32, LargerMinGB=12, DefaultMinGB=8, SmallerMinGB=6, SmallestMinGB=0)
[2023.04.16-11.00.31:924][  0]LogInit: Going up to parent DeviceProfile []
[2023.04.16-11.00.31:924][  0]LogConfig: Applying CVar settings from Section [ViewDistanceQuality@3] File [C:/Users/danie/Documents/Gamedev VR/game/UE4 game/fpsgame/Saved/Config/Windows/Scalability.ini]
[2023.04.16-11.00.31:924][  0]LogConfig: Setting CVar [[r.SkeletalMeshLODBias:0]]
[2023.04.16-11.00.31:924][  0]LogConfig: Setting CVar [[r.ViewDistanceScale:1.0]]
[2023.04.16-11.00.31:924][  0]LogConfig: Applying CVar settings from Section [AntiAliasingQuality@3] File [C:/Users/danie/Documents/Gamedev VR/game/UE4 game/fpsgame/Saved/Config/Windows/Scalability.ini]
[2023.04.16-11.00.31:924][  0]LogConfig: Setting CVar [[r.PostProcessAAQuality:4]]
[2023.04.16-11.00.31:924][  0]LogConfig: Applying CVar settings from Section [ShadowQuality@3] File [C:/Users/danie/Documents/Gamedev VR/game/UE4 game/fpsgame/Saved/Config/Windows/Scalability.ini]
[2023.04.16-11.00.31:924][  0]LogConfig: Setting CVar [[r.LightFunctionQuality:1]]
[2023.04.16-11.00.31:924][  0]LogConfig: Setting CVar [[r.ShadowQuality:5]]
[2023.04.16-11.00.31:924][  0]LogConfig: Setting CVar [[r.Shadow.CSM.MaxCascades:10]]
[2023.04.16-11.00.31:924][  0]LogConfig: Setting CVar [[r.Shadow.MaxResolution:2048]]
[2023.04.16-11.00.31:924][  0]LogConfig: Setting CVar [[r.Shadow.MaxCSMResolution:2048]]
[2023.04.16-11.00.31:924][  0]LogConfig: Setting CVar [[r.Shadow.RadiusThreshold:0.01]]
[2023.04.16-11.00.31:924][  0]LogConfig: Setting CVar [[r.Shadow.DistanceScale:1.0]]
[2023.04.16-11.00.31:924][  0]LogConfig: Setting CVar [[r.Shadow.CSM.TransitionScale:1.0]]
[2023.04.16-11.00.31:924][  0]LogConfig: Setting CVar [[r.Shadow.PreShadowResolutionFactor:1.0]]
[2023.04.16-11.00.31:924][  0]LogConfig: Setting CVar [[r.DistanceFieldShadowing:1]]
[2023.04.16-11.00.31:924][  0]LogConfig: Setting CVar [[r.DistanceFieldAO:1]]
[2023.04.16-11.00.31:924][  0]LogConfig: Setting CVar [[r.AOQuality:2]]
[2023.04.16-11.00.31:924][  0]LogConfig: Setting CVar [[r.VolumetricFog:1]]
[2023.04.16-11.00.31:924][  0]LogConfig: Setting CVar [[r.VolumetricFog.GridPixelSize:8]]
[2023.04.16-11.00.31:924][  0]LogConfig: Setting CVar [[r.VolumetricFog.GridSizeZ:128]]
[2023.04.16-11.00.31:924][  0]LogConfig: Setting CVar [[r.VolumetricFog.HistoryMissSupersampleCount:4]]
[2023.04.16-11.00.31:924][  0]LogConfig: Setting CVar [[r.LightMaxDrawDistanceScale:1]]
[2023.04.16-11.00.31:924][  0]LogConfig: Setting CVar [[r.CapsuleShadows:1]]
[2023.04.16-11.00.31:924][  0]LogConfig: Applying CVar settings from Section [PostProcessQuality@3] File [C:/Users/danie/Documents/Gamedev VR/game/UE4 game/fpsgame/Saved/Config/Windows/Scalability.ini]
[2023.04.16-11.00.31:924][  0]LogConfig: Setting CVar [[r.MotionBlurQuality:4]]
[2023.04.16-11.00.31:924][  0]LogConfig: Setting CVar [[r.AmbientOcclusionMipLevelFactor:0.4]]
[2023.04.16-11.00.31:924][  0]LogConfig: Setting CVar [[r.AmbientOcclusionMaxQuality:100]]
[2023.04.16-11.00.31:924][  0]LogConfig: Setting CVar [[r.AmbientOcclusionLevels:-1]]
[2023.04.16-11.00.31:924][  0]LogConfig: Setting CVar [[r.AmbientOcclusionRadiusScale:1.0]]
[2023.04.16-11.00.31:924][  0]LogConfig: Setting CVar [[r.DepthOfFieldQuality:2]]
[2023.04.16-11.00.31:924][  0]LogConfig: Setting CVar [[r.RenderTargetPoolMin:400]]
[2023.04.16-11.00.31:924][  0]LogConfig: Setting CVar [[r.LensFlareQuality:2]]
[2023.04.16-11.00.31:924][  0]LogConfig: Setting CVar [[r.SceneColorFringeQuality:1]]
[2023.04.16-11.00.31:924][  0]LogConfig: Setting CVar [[r.EyeAdaptationQuality:2]]
[2023.04.16-11.00.31:924][  0]LogConfig: Setting CVar [[r.BloomQuality:5]]
[2023.04.16-11.00.31:924][  0]LogConfig: Setting CVar [[r.FastBlurThreshold:100]]
[2023.04.16-11.00.31:924][  0]LogConfig: Setting CVar [[r.Upscale.Quality:3]]
[2023.04.16-11.00.31:924][  0]LogConfig: Setting CVar [[r.Tonemapper.GrainQuantization:1]]
[2023.04.16-11.00.31:924][  0]LogConfig: Setting CVar [[r.LightShaftQuality:1]]
[2023.04.16-11.00.31:924][  0]LogConfig: Setting CVar [[r.Filter.SizeScale:1]]
[2023.04.16-11.00.31:924][  0]LogConfig: Setting CVar [[r.Tonemapper.Quality:5]]
[2023.04.16-11.00.31:924][  0]LogConfig: Setting CVar [[r.DOF.Gather.AccumulatorQuality:1        ; higher gathering accumulator quality]]
[2023.04.16-11.00.31:924][  0]LogConfig: Setting CVar [[r.DOF.Gather.PostfilterMethod:1          ; Median3x3 postfilering method]]
[2023.04.16-11.00.31:924][  0]LogConfig: Setting CVar [[r.DOF.Gather.EnableBokehSettings:0       ; no bokeh simulation when gathering]]
[2023.04.16-11.00.31:924][  0]LogConfig: Setting CVar [[r.DOF.Gather.RingCount:4                 ; medium number of samples when gathering]]
[2023.04.16-11.00.31:924][  0]LogConfig: Setting CVar [[r.DOF.Scatter.ForegroundCompositing:1    ; additive foreground scattering]]
[2023.04.16-11.00.31:924][  0]LogConfig: Setting CVar [[r.DOF.Scatter.BackgroundCompositing:2    ; additive background scattering]]
[2023.04.16-11.00.31:924][  0]LogConfig: Setting CVar [[r.DOF.Scatter.EnableBokehSettings:1      ; bokeh simulation when scattering]]
[2023.04.16-11.00.31:924][  0]LogConfig: Setting CVar [[r.DOF.Scatter.MaxSpriteRatio:0.1         ; only a maximum of 10% of scattered bokeh]]
[2023.04.16-11.00.31:924][  0]LogConfig: Setting CVar [[r.DOF.Recombine.Quality:1                ; cheap slight out of focus]]
[2023.04.16-11.00.31:924][  0]LogConfig: Setting CVar [[r.DOF.Recombine.EnableBokehSettings:0    ; no bokeh simulation on slight out of focus]]
[2023.04.16-11.00.31:924][  0]LogConfig: Setting CVar [[r.DOF.TemporalAAQuality:1                ; more stable temporal accumulation]]
[2023.04.16-11.00.31:924][  0]LogConfig: Setting CVar [[r.DOF.Kernel.MaxForegroundRadius:0.025]]
[2023.04.16-11.00.31:924][  0]LogConfig: Setting CVar [[r.DOF.Kernel.MaxBackgroundRadius:0.025]]
[2023.04.16-11.00.31:924][  0]LogConfig: Applying CVar settings from Section [TextureQuality@3] File [C:/Users/danie/Documents/Gamedev VR/game/UE4 game/fpsgame/Saved/Config/Windows/Scalability.ini]
[2023.04.16-11.00.31:924][  0]LogConfig: Setting CVar [[r.Streaming.MipBias:0]]
[2023.04.16-11.00.31:924][  0]LogConfig: Setting CVar [[r.Streaming.AmortizeCPUToGPUCopy:0]]
[2023.04.16-11.00.31:924][  0]LogConfig: Setting CVar [[r.Streaming.MaxNumTexturesToStreamPerFrame:0]]
[2023.04.16-11.00.31:924][  0]LogConfig: Setting CVar [[r.Streaming.Boost:1]]
[2023.04.16-11.00.31:924][  0]LogConfig: Setting CVar [[r.MaxAnisotropy:8]]
[2023.04.16-11.00.31:924][  0]LogConfig: Setting CVar [[r.VT.MaxAnisotropy:8]]
[2023.04.16-11.00.31:924][  0]LogConfig: Setting CVar [[r.Streaming.LimitPoolSizeToVRAM:0]]
[2023.04.16-11.00.31:924][  0]LogConfig: Setting CVar [[r.Streaming.PoolSize:1000]]
[2023.04.16-11.00.31:924][  0]LogConfig: Setting CVar [[r.Streaming.MaxEffectiveScreenSize:0]]
[2023.04.16-11.00.31:924][  0]LogConfig: Applying CVar settings from Section [EffectsQuality@3] File [C:/Users/danie/Documents/Gamedev VR/game/UE4 game/fpsgame/Saved/Config/Windows/Scalability.ini]
[2023.04.16-11.00.31:924][  0]LogConfig: Setting CVar [[r.TranslucencyLightingVolumeDim:64]]
[2023.04.16-11.00.31:924][  0]LogConfig: Setting CVar [[r.RefractionQuality:2]]
[2023.04.16-11.00.31:924][  0]LogConfig: Setting CVar [[r.SSR.Quality:3]]
[2023.04.16-11.00.31:924][  0]LogConfig: Setting CVar [[r.SSR.HalfResSceneColor:0]]
[2023.04.16-11.00.31:924][  0]LogConfig: Setting CVar [[r.SceneColorFormat:4]]
[2023.04.16-11.00.31:924][  0]LogConfig: Setting CVar [[r.DetailMode:2]]
[2023.04.16-11.00.31:924][  0]LogConfig: Setting CVar [[r.TranslucencyVolumeBlur:1]]
[2023.04.16-11.00.31:924][  0]LogConfig: Setting CVar [[r.MaterialQualityLevel:1 ; High quality]]
[2023.04.16-11.00.31:924][  0]LogConfig: Setting CVar [[r.AnisotropicMaterials:1]]
[2023.04.16-11.00.31:924][  0]LogConfig: Setting CVar [[r.SSS.Scale:1]]
[2023.04.16-11.00.31:924][  0]LogConfig: Setting CVar [[r.SSS.SampleSet:2]]
[2023.04.16-11.00.31:924][  0]LogConfig: Setting CVar [[r.SSS.Quality:1]]
[2023.04.16-11.00.31:924][  0]LogConfig: Setting CVar [[r.SSS.HalfRes:0]]
[2023.04.16-11.00.31:924][  0]LogConfig: Setting CVar [[r.SSGI.Quality:3]]
[2023.04.16-11.00.31:924][  0]LogConfig: Setting CVar [[r.EmitterSpawnRateScale:1.0]]
[2023.04.16-11.00.31:924][  0]LogConfig: Setting CVar [[r.ParticleLightQuality:2]]
[2023.04.16-11.00.31:924][  0]LogConfig: Setting CVar [[r.SkyAtmosphere.AerialPerspectiveLUT.FastApplyOnOpaque:1 ; Always have FastSkyLUT 1 in this case to avoid wrong sky]]
[2023.04.16-11.00.31:924][  0]LogConfig: Setting CVar [[r.SkyAtmosphere.AerialPerspectiveLUT.SampleCountMaxPerSlice:4]]
[2023.04.16-11.00.31:925][  0]LogConfig: Setting CVar [[r.SkyAtmosphere.AerialPerspectiveLUT.DepthResolution:16.0]]
[2023.04.16-11.00.31:925][  0]LogConfig: Setting CVar [[r.SkyAtmosphere.FastSkyLUT:1]]
[2023.04.16-11.00.31:925][  0]LogConfig: Setting CVar [[r.SkyAtmosphere.FastSkyLUT.SampleCountMin:4.0]]
[2023.04.16-11.00.31:925][  0]LogConfig: Setting CVar [[r.SkyAtmosphere.FastSkyLUT.SampleCountMax:128.0]]
[2023.04.16-11.00.31:925][  0]LogConfig: Setting CVar [[r.SkyAtmosphere.SampleCountMin:4.0]]
[2023.04.16-11.00.31:925][  0]LogConfig: Setting CVar [[r.SkyAtmosphere.SampleCountMax:128.0]]
[2023.04.16-11.00.31:925][  0]LogConfig: Setting CVar [[r.SkyAtmosphere.TransmittanceLUT.UseSmallFormat:0]]
[2023.04.16-11.00.31:925][  0]LogConfig: Setting CVar [[r.SkyAtmosphere.TransmittanceLUT.SampleCount:10.0]]
[2023.04.16-11.00.31:925][  0]LogConfig: Setting CVar [[r.SkyAtmosphere.MultiScatteringLUT.SampleCount:15.0]]
[2023.04.16-11.00.31:925][  0]LogConfig: Setting CVar [[r.SkyLight.RealTimeReflectionCapture:1]]
[2023.04.16-11.00.31:925][  0]LogConfig: Applying CVar settings from Section [FoliageQuality@3] File [C:/Users/danie/Documents/Gamedev VR/game/UE4 game/fpsgame/Saved/Config/Windows/Scalability.ini]
[2023.04.16-11.00.31:925][  0]LogConfig: Setting CVar [[foliage.DensityScale:1.0]]
[2023.04.16-11.00.31:925][  0]LogConfig: Setting CVar [[grass.DensityScale:1.0]]
[2023.04.16-11.00.31:925][  0]LogConfig: Applying CVar settings from Section [ShadingQuality@3] File [C:/Users/danie/Documents/Gamedev VR/game/UE4 game/fpsgame/Saved/Config/Windows/Scalability.ini]
[2023.04.16-11.00.31:925][  0]LogConfig: Setting CVar [[r.HairStrands.SkyLighting.IntegrationType:2]]
[2023.04.16-11.00.31:925][  0]LogConfig: Setting CVar [[r.HairStrands.SkyAO.SampleCount:4]]
[2023.04.16-11.00.31:925][  0]LogConfig: Setting CVar [[r.HairStrands.Visibility.MSAA.SamplePerPixel:4]]
[2023.04.16-11.00.31:925][  0]LogConfig: Applying CVar settings from Section [Startup] File [../../../Engine/Config/ConsoleVariables.ini]
[2023.04.16-11.00.31:925][  0]LogConfig: Setting CVar [[net.UseAdaptiveNetUpdateFrequency:0]]
[2023.04.16-11.00.31:925][  0]LogConfig: Setting CVar [[p.chaos.AllowCreatePhysxBodies:1]]
[2023.04.16-11.00.31:925][  0]LogConfig: Setting CVar [[fx.SkipVectorVMBackendOptimizations:1]]
[2023.04.16-11.00.31:925][  0]LogConfig: Applying CVar settings from Section [ConsoleVariables] File [C:/Users/danie/Documents/Gamedev VR/game/UE4 game/fpsgame/Saved/Config/Windows/Engine.ini]
[2023.04.16-11.00.31:925][  0]LogConfig: Applying CVar settings from Section [ConsoleVariables] File [C:/Users/danie/Documents/Gamedev VR/game/UE4 game/fpsgame/Saved/Config/Windows/Editor.ini]
[2023.04.16-11.00.31:925][  0]LogInit: Computer: DESKTOP-QG36584
[2023.04.16-11.00.31:925][  0]LogInit: User: danie
[2023.04.16-11.00.31:925][  0]LogInit: CPU Page size=4096, Cores=6
[2023.04.16-11.00.31:925][  0]LogInit: High frequency timer resolution =10.000000 MHz
[2023.04.16-11.00.31:925][  0]LogMemory: Memory total: Physical=16.0GB (16GB approx)
[2023.04.16-11.00.31:925][  0]LogMemory: Platform Memory Stats for Windows
[2023.04.16-11.00.31:925][  0]LogMemory: Process Physical Memory: 144.57 MB used, 144.57 MB peak
[2023.04.16-11.00.31:925][  0]LogMemory: Process Virtual Memory: 126.09 MB used, 126.09 MB peak
[2023.04.16-11.00.31:925][  0]LogMemory: Physical Memory: 11341.61 MB used,  4993.16 MB free, 16334.77 MB total
[2023.04.16-11.00.31:925][  0]LogMemory: Virtual Memory: 134214280.00 MB used,  3446.11 MB free, 134217728.00 MB total
[2023.04.16-11.00.31:930][  0]LogWindows: WindowsPlatformFeatures enabled
[2023.04.16-11.00.31:955][  0]LogInit: Physics initialised using underlying interface: PhysX
[2023.04.16-11.00.31:955][  0]LogInit: Using OS detected language (en-US).
[2023.04.16-11.00.31:955][  0]LogInit: Using OS detected locale (en-GB).
[2023.04.16-11.00.31:962][  0]LogTextLocalizationManager: No specific localization for 'en-US' exists, so the 'en' localization will be used.
[2023.04.16-11.00.32:146][  0]LogWindowsTextInputMethodSystem: Display: IME system deactivated.
[2023.04.16-11.00.32:176][  0]LogSlate: New Slate User Created.  User Index 0, Is Virtual User: 0
[2023.04.16-11.00.32:176][  0]LogSlate: Slate User Registered.  User Index 0, Is Virtual User: 0
[2023.04.16-11.00.32:196][  0]LogD3D11RHI: Loaded GFSDK_Aftermath_Lib.x64.dll
[2023.04.16-11.00.32:199][  0]LogHMD: Failed to initialize OpenVR with code 110
[2023.04.16-11.00.32:199][  0]LogD3D11RHI: D3D11 min allowed feature level: 11_0
[2023.04.16-11.00.32:199][  0]LogD3D11RHI: D3D11 max allowed feature level: 11_0
[2023.04.16-11.00.32:199][  0]LogD3D11RHI: D3D11 adapters:
[2023.04.16-11.00.32:234][  0]LogD3D11RHI:    0. 'AMD Radeon RX 5700 XT' (Feature Level 11_0)
[2023.04.16-11.00.32:234][  0]LogD3D11RHI:       8151/0/8167 MB DedicatedVideo/DedicatedSystem/SharedSystem, Outputs:2, VendorId:0x1002
[2023.04.16-11.00.32:236][  0]LogD3D11RHI:    1. 'Microsoft Basic Render Driver' (Feature Level 11_0)
[2023.04.16-11.00.32:236][  0]LogD3D11RHI:       0/0/8167 MB DedicatedVideo/DedicatedSystem/SharedSystem, Outputs:0, VendorId:0x1414
[2023.04.16-11.00.32:236][  0]LogD3D11RHI: Chosen D3D11 Adapter:
[2023.04.16-11.00.32:236][  0]LogD3D11RHI:     Description : AMD Radeon RX 5700 XT
[2023.04.16-11.00.32:236][  0]LogD3D11RHI:     VendorId    : 1002
[2023.04.16-11.00.32:236][  0]LogD3D11RHI:     DeviceId    : 731f
[2023.04.16-11.00.32:236][  0]LogD3D11RHI:     SubSysId    : 23131458
[2023.04.16-11.00.32:236][  0]LogD3D11RHI:     Revision    : 00c1
[2023.04.16-11.00.32:236][  0]LogD3D11RHI:     DedicatedVideoMemory : 8547471360 bytes
[2023.04.16-11.00.32:236][  0]LogD3D11RHI:     DedicatedSystemMemory : 0 bytes
[2023.04.16-11.00.32:236][  0]LogD3D11RHI:     SharedSystemMemory : 8564123648 bytes
[2023.04.16-11.00.32:236][  0]LogD3D11RHI:     AdapterLuid : 0 54437
[2023.04.16-11.00.32:242][  0]LogD3D11RHI: Creating new Direct3DDevice
[2023.04.16-11.00.32:242][  0]LogD3D11RHI:     GPU DeviceId: 0x731f (for the marketing name, search the web for "GPU Device Id")
[2023.04.16-11.00.32:242][  0]LogWindows: EnumDisplayDevices:
[2023.04.16-11.00.32:242][  0]LogWindows:    0. 'AMD Radeon RX 5700 XT' (P:1 D:1)
[2023.04.16-11.00.32:243][  0]LogWindows:    1. 'AMD Radeon RX 5700 XT' (P:0 D:1)
[2023.04.16-11.00.32:243][  0]LogWindows:    2. 'AMD Radeon RX 5700 XT' (P:0 D:0)
[2023.04.16-11.00.32:243][  0]LogWindows:    3. 'AMD Radeon RX 5700 XT' (P:0 D:0)
[2023.04.16-11.00.32:244][  0]LogWindows:    4. 'AMD Radeon RX 5700 XT' (P:0 D:0)
[2023.04.16-11.00.32:244][  0]LogWindows:    5. 'AMD Radeon RX 5700 XT' (P:0 D:0)
[2023.04.16-11.00.32:244][  0]LogWindows:    6. 'AMD Radeon RX 5700 XT' (P:0 D:0)
[2023.04.16-11.00.32:244][  0]LogWindows: DebugString: FoundDriverCount:7 
[2023.04.16-11.00.32:244][  0]LogD3D11RHI:     Adapter Name: AMD Radeon RX 5700 XT
[2023.04.16-11.00.32:245][  0]LogD3D11RHI:   Driver Version: AMD Software: Adrenalin Edition 22.11.2 (internal:31.0.12029.10015, unified:31.0.12029.10015)
[2023.04.16-11.00.32:245][  0]LogD3D11RHI:      Driver Date: 11-30-2022
[2023.04.16-11.00.32:245][  0]LogRHI: Texture pool is 5168 MB (70% of 7383 MB)
[2023.04.16-11.00.32:281][  0]LogD3D11RHI: Creating D3DDevice with AMD AGS, using adapter:
[2023.04.16-11.00.32:281][  0]LogD3D11RHI:     Description : AMD Radeon RX 5700 XT
[2023.04.16-11.00.32:281][  0]LogD3D11RHI:     VendorId    : 1002
[2023.04.16-11.00.32:281][  0]LogD3D11RHI:     DeviceId    : 731f
[2023.04.16-11.00.32:281][  0]LogD3D11RHI:     SubSysId    : 23131458
[2023.04.16-11.00.32:281][  0]LogD3D11RHI:     Revision    : 00c1
[2023.04.16-11.00.32:281][  0]LogD3D11RHI:     DedicatedVideoMemory : 8547471360 bytes
[2023.04.16-11.00.32:281][  0]LogD3D11RHI:     DedicatedSystemMemory : 0 bytes
[2023.04.16-11.00.32:281][  0]LogD3D11RHI:     SharedSystemMemory : 8564123648 bytes
[2023.04.16-11.00.32:281][  0]LogD3D11RHI:     AdapterLuid : 0 54437
[2023.04.16-11.00.32:310][  0]LogD3D11RHI: Created device via AGS, feature level 11_0, supported extensions 1fffffbf.
[2023.04.16-11.00.32:310][  0]LogD3D11RHI: RHI has support for 64 bit atomics
[2023.04.16-11.00.32:311][  0]LogD3D11RHI: Async texture creation enabled
[2023.04.16-11.00.32:311][  0]LogD3D11RHI: Array index from any shader is supported
[2023.04.16-11.00.32:324][  0]LogD3D11RHI: GPU Timing Frequency: 100.000000 (Debug: 2 1)
[2023.04.16-11.00.32:580][  0]LogTargetPlatformManager: Display: Loaded TargetPlatform 'WindowsNoEditor'
[2023.04.16-11.00.32:585][  0]LogTargetPlatformManager: Display: Loaded TargetPlatform 'Windows'
[2023.04.16-11.00.32:589][  0]LogTargetPlatformManager: Display: Loaded TargetPlatform 'WindowsClient'
[2023.04.16-11.00.32:593][  0]LogTargetPlatformManager: Display: Loaded TargetPlatform 'WindowsServer'
[2023.04.16-11.00.32:593][  0]LogTargetPlatformManager: Display: Building Assets For Windows
[2023.04.16-11.00.32:600][  0]LogAudioDebug: Display: Lib vorbis DLL was dynamically loaded.
[2023.04.16-11.00.32:630][  0]LogTextureFormatOodle: Display: Oodle Texture 2.9.0 init RDO Off
[2023.04.16-11.00.32:658][  0]LogRendererCore: Ray tracing is disabled. Reason: r.RayTracing=0.
[2023.04.16-11.00.32:658][  0]LogShaderCompilers: Guid format shader working directory is -27 characters bigger than the processId version (../../../../../../Users/danie/Documents/Gamedev VR/game/UE4 game/fpsgame/Intermediate/Shaders/WorkingDirectory/17984/).
[2023.04.16-11.00.32:658][  0]LogShaderCompilers: Cleaned the shader compiler working directory 'C:/Users/danie/AppData/Local/Temp/UnrealShaderWorkingDir/A880E4DB4E67D4233B9245ACACD46B83/'.
[2023.04.16-11.00.32:659][  0]LogXGEController: Cannot use XGE Controller as Incredibuild is not installed on this machine.
[2023.04.16-11.00.32:659][  0]LogShaderCompilers: Cannot use XGE Shader Compiler as Incredibuild is not installed on this machine.
[2023.04.16-11.00.32:659][  0]LogShaderCompilers: Display: Using Local Shader Compiler.
[2023.04.16-11.00.33:334][  0]LogDerivedDataCache: Display: Max Cache Size: 512 MB
[2023.04.16-11.00.33:382][  0]LogDerivedDataCache: Loaded boot cache 0.05s 94MB C:/Users/danie/AppData/Local/UnrealEngine/4.27/DerivedDataCache/Boot.ddc.
[2023.04.16-11.00.33:382][  0]LogDerivedDataCache: Display: Loaded Boot cache: C:/Users/danie/AppData/Local/UnrealEngine/4.27/DerivedDataCache/Boot.ddc
[2023.04.16-11.00.33:382][  0]LogDerivedDataCache: FDerivedDataBackendGraph:  Pak pak cache file ../../../../../../Users/danie/Documents/Gamedev VR/game/UE4 game/fpsgame/DerivedDataCache/DDC.ddp not found, will not use a pak cache.
[2023.04.16-11.00.33:382][  0]LogDerivedDataCache: Unable to find inner node Pak for hierarchical cache Hierarchy.
[2023.04.16-11.00.33:382][  0]LogDerivedDataCache: FDerivedDataBackendGraph:  CompressedPak pak cache file ../../../../../../Users/danie/Documents/Gamedev VR/game/UE4 game/fpsgame/DerivedDataCache/Compressed.ddp not found, will not use a pak cache.
[2023.04.16-11.00.33:382][  0]LogDerivedDataCache: Unable to find inner node CompressedPak for hierarchical cache Hierarchy.
[2023.04.16-11.00.33:400][  0]LogDerivedDataCache: Display: Pak cache opened for reading ../../../Engine/DerivedDataCache/Compressed.ddp.
[2023.04.16-11.00.33:400][  0]LogDerivedDataCache: FDerivedDataBackendGraph:  EnterprisePak pak cache file ../../../Enterprise/DerivedDataCache/Compressed.ddp not found, will not use a pak cache.
[2023.04.16-11.00.33:400][  0]LogDerivedDataCache: Unable to find inner node EnterprisePak for hierarchical cache Hierarchy.
[2023.04.16-11.00.33:409][  0]LogDerivedDataCache: Speed tests for C:/Users/danie/AppData/Local/UnrealEngine/Common/DerivedDataCache took 0.01 seconds
[2023.04.16-11.00.33:409][  0]LogDerivedDataCache: Display: Performance to C:/Users/danie/AppData/Local/UnrealEngine/Common/DerivedDataCache: Latency=0.03ms. RandomReadSpeed=1045.41MBs, RandomWriteSpeed=119.80MBs. Assigned SpeedClass 'Local'
[2023.04.16-11.00.33:410][  0]LogDerivedDataCache: Using Local data cache path C:/Users/danie/AppData/Local/UnrealEngine/Common/DerivedDataCache: Writable
[2023.04.16-11.00.33:410][  0]LogDerivedDataCache: Shared data cache path not found in *engine.ini, will not use an Shared cache.
[2023.04.16-11.00.33:410][  0]LogDerivedDataCache: Unable to find inner node Shared for hierarchical cache Hierarchy.
[2023.04.16-11.00.33:452][  0]LogSlate: Using FreeType 2.10.0
[2023.04.16-11.00.33:452][  0]LogSlate: SlateFontServices - WITH_FREETYPE: 1, WITH_HARFBUZZ: 1
[2023.04.16-11.00.33:523][  0]LogInit: Using OS detected language (en-US).
[2023.04.16-11.00.33:523][  0]LogInit: Using OS detected locale (en-GB).
[2023.04.16-11.00.33:523][  0]LogTextLocalizationManager: No localization for 'en-US' exists, so 'en' will be used for the language.
[2023.04.16-11.00.33:523][  0]LogTextLocalizationManager: No localization for 'en-GB' exists, so 'en' will be used for the locale.
[2023.04.16-11.00.33:523][  0]LogSlate: FontCache flush requested. Reason: Culture for localization was changed
[2023.04.16-11.00.33:523][  0]LogSlate: FontCache flush requested. Reason: Culture for localization was changed
[2023.04.16-11.00.33:525][  0]LogTextLocalizationManager: Compacting localization data took   0.01ms
[2023.04.16-11.00.33:525][  0]LogAssetRegistry: FAssetRegistry took 0.0016 seconds to start up
[2023.04.16-11.00.33:672][  0]LogPackageLocalizationCache: Processed 27 localized package path(s) for 1 prioritized culture(s) in 0.001032 seconds
[2023.04.16-11.00.33:740][  0]LogInit: Selected Device Profile: [Windows]
[2023.04.16-11.00.33:740][  0]LogInit: Active device profile: [0000022F966A3D00][0000022F8C91EA40 49] Windows
[2023.04.16-11.00.33:740][  0]LogInit: Profiles: [0000022F966A3D00][0000022F8C91EA40 49] Windows, [0000022F966A4400][0000022F8C310BC0 49] WindowsNoEditor, [0000022F966A0400][0000022F8C314D40 49] WindowsServer, [0000022F966A7400][0000022F8C318EC0 49] WindowsClient, [0000022F966A3300][0000022F8C31D040 49] IOS, [0000022F966A4F00][0000022F8C3211C0 49] iPadAir, [0000022F966A0E00][0000022F8C325340 49] iPadAir2, [0000022F9665C300][0000022F8C32D600 49] IPadPro, [0000022F9664FF00][0000022F8C329640 49] iPadAir3, [0000022F966A0500][0000022F8C3317C0 49] iPadAir4, [0000022F9664CA00][0000022F8C30D900 49] iPadMini2, [0000022F966A0700][0000022F8C335A40 49] iPadMini3, [0000022F9664EF00][0000022F8C339B80 49] iPadMini4, [0000022F966A3F00][0000022F8C33C140 49] iPadMini5, [0000022F966A6B00][0000022F8C0BE400 49] iPhone6, [0000022F966A6C00][0000022F8C0BA440 49] iPodTouch6, [0000022F9664CF00][0000022F8C0C6700 49] iPhone7, [0000022F9664D000][0000022F8C0C2740 49] iPodTouch7, [0000022F966A4A00][0000022F8C0CA8C0 49] iPhone5S, [0000022F9664DD00][0000022F8C0CEA40 49] iPhone6Plus, [0000022F966A5600][0000022F8C0D2BC0 49] iPhone6S, [0000022F9664EB00][0000022F8C0D6D40 49] iPhone6SPlus, [0000022F966A4300][0000022F8C0DAEC0 49] iPhone7Plus, [0000022F9664F100][0000022F8C0DF040 49] iPhoneSE, [0000022F966A7600][0000022F8C0E31C0 49] iPhone8, [0000022F9664D900][0000022F8C0E7340 49] iPhone8Plus, [0000022F966A4500][0000022F8C0EB4C0 49] iPhoneX, [0000022F9664C700][0000022F8C0EF640 49] iPhoneXS, [0000022F966A7B00][0000022F8C0F37C0 49] iPhoneXSMax, [0000022F9664F800][0000022F8C0F7940 49] iPhoneXR, [0000022F966A4200][0000022F8C0FBAC0 49] iPhone11, [0000022F9664E000][0000022F8C341C00 49] iPhone11Pro, [0000022F966A7500][0000022F8C0FE1C0 49] iPhone11ProMax, [0000022F9664CC00][0000022F8C102300 49] iPhoneSE2, [0000022F966A6700][0000022F95E24480 49] iPhone12Mini, [0000022F9664ED00][0000022F95E28600 49] iPhone12, [0000022F966A5100][0000022F95E2C780 49] iPhone12Pro, [0000022F9664FE00][0000022F95E30900 49] iPhone12ProMax, [0000022F966A7D00][0000022F95E34A80 49] iPadPro105, [0000022F9664F900][0000022F95E38C00 49] iPadPro129, [0000022F966A7800][0000022F95E3CD80 49] iPadPro97, [0000022F9664E700][0000022F95E40F00 49] iPadPro2_129, [0000022F966A5B00][0000022F95E45080 49] iPad5, [0000022F9664F400][0000022F95E49200 49] iPad6, [0000022F966A6800][0000022F95E4D380 49] iPad7, [0000022F9664E100][0000022F95E51500 49] iPad8, [0000022F966A4C00][0000022F95E55680 49] iPadPro11, [0000022F9664D800][0000022F95E59800 49] iPadPro2_11, [0000022F966A4900][0000022F95E5D980 49] iPadPro3_129, [0000022F9664D100][0000022F95E61B00 49] iPadPro4_129, [0000022F966A7300][0000022F95E64100 49] AppleTV, [0000022F9664C400][0000022F95E20240 49] AppleTV4K, [0000022F966A5E00][0000022F95E68380 49] TVOS, [0000022F9664C200][0000022F95E6C4C0 49] Mac, [0000022F966A7F00][0000022F95E74640 49] MacClient, [0000022F9664F000][0000022F95E787C0 49] MacNoEditor, [0000022F966A5800][0000022F95E7C940 49] MacServer, [0000022F9664E900][0000022F95E80AC0 49] Linux, [0000022F966A5500][0000022F95E84C40 49] LinuxAArch64, [0000022F9664C600][0000022F95E88DC0 49] LinuxNoEditor, [0000022F96736100][0000022F95E8CF40 49] LinuxAArch64NoEditor, [0000022F9665CD00][0000022F95E910C0 49] LinuxClient, [0000022F96736000][0000022F95E95240 49] LinuxAArch64Client, [0000022F9665EE00][0000022F95E993C0 49] LinuxServer, [0000022F96735D00][0000022F95E9D540 49] LinuxAArch64Server, [0000022F9665E900][0000022F95EA16C0 49] Android, [0000022F96735200][0000022F95EA5840 49] Android_Low, [0000022F9665E800][0000022F95EA99C0 49] Android_Mid, [0000022F96735B00][0000022F95EADB40 49] Android_High, [0000022F9665C700][0000022F95EB0140 49] Android_Default, [0000022F96734800][0000022F95EB42C0 49] Android_Adreno4xx, [0000022F9665FB00][0000022F95E70400 49] Android_Adreno5xx_Low, [0000022F96735300][0000022F95EB8540 49] Android_Adreno5xx, [0000022F9665D000][0000022F95EBC680 49] Android_Adreno6xx, [0000022F96734100][0000022F95EC07C0 49] Android_Adreno6xx_Vulkan, [0000022F9665F200][0000022F95EC8940 49] Android_Mali_T6xx, [0000022F96736E00][0000022F95ECCAC0 49] Android_Mali_T7xx, [0000022F9665D900][0000022F95ED0C40 49] Android_Mali_T8xx, [0000022F96734200][0000022F95ED4DC0 49] Android_Mali_G71, [0000022F9665F300][0000022F95ED8F40 49] Android_Mali_G72, [0000022F96735900][0000022F95EDD0C0 49] Android_Mali_G72_Vulkan, [0000022F9665D700][0000022F95EE1240 49] Android_Mali_G76, [0000022F96734C00][0000022F95EE53C0 49] Android_Mali_G76_Vulkan, [0000022F9665E400][0000022F95EE9540 49] Android_Mali_G77, [0000022F96734D00][0000022F95EED6C0 49] Android_Mali_G77_Vulkan, [0000022F9665D600][0000022F95EF1840 49] Android_Mali_G78, [0000022F96736500][0000022F95EF59C0 49] Android_Mali_G78_Vulkan, [0000022F9665DA00][0000022F95EF9B40 49] Android_Mali_G710, [0000022F9664FA00][0000022F95EFC140 49] Android_Mali_G710_Vulkan, [0000022F966A6D00][0000022F95F002C0 49] Android_Vulkan_SM5, [0000022F96736200][0000022F95F04440 49] Android_PowerVR_G6xxx, [0000022F966A6E00][0000022F95EC4580 49] Android_PowerVR_GT7xxx, [0000022F96734500][0000022F95F086C0 49] Android_PowerVR_GE8xxx, [0000022F966A7C00][0000022F95F0C800 49] Android_PowerVR_GM9xxx, [0000022F96736300][0000022F8C106940 49] Android_PowerVR_GM9xxx_Vulkan, [0000022F966A7700][0000022F8C10EAC0 49] Android_TegraK1, [0000022F96736600][0000022F8C112C40 49] Android_Unknown_Vulkan, [0000022F966A5000][0000022F8C116DC0 49] Lumin, [0000022F96735C00][0000022F8C11AF40 49] Lumin_Desktop, [0000022F966A5200][0000022F8C11F0C0 49] HoloLens, 
[2023.04.16-11.00.33:774][  0]LogMeshReduction: Using QuadricMeshReduction for automatic static mesh reduction
[2023.04.16-11.00.33:774][  0]LogMeshReduction: Using SimplygonMeshReduction for automatic skeletal mesh reduction
[2023.04.16-11.00.33:774][  0]LogMeshReduction: Using ProxyLODMeshReduction for automatic mesh merging
[2023.04.16-11.00.33:774][  0]LogMeshReduction: No distributed automatic mesh merging module available
[2023.04.16-11.00.33:774][  0]LogMeshMerging: No distributed automatic mesh merging module available
[2023.04.16-11.00.33:873][  0]LogNetVersion: fpsgame 1.0.0, NetCL: 17155196, EngineNetVer: 17, GameNetVer: 0 (Checksum: 3215450660)
[2023.04.16-11.00.34:085][  0]LogTexture: Default maximum texture size for cubemaps generated from long-lat sources has been changed from 512 to unlimited. In order to preserve old behaiour for '/Engine/MapTemplates/Sky/DaylightAmbientCubemap.DaylightAmbientCubemap', its maximum texture size has been explicitly set to 512.
[2023.04.16-11.00.34:129][  0]LogHMD: PokeAHoleMaterial loaded successfully
[2023.04.16-11.00.34:223][  0]LogMoviePlayer: Initializing movie player
[2023.04.16-11.00.34:330][  0]LogNiagaraDebuggerClient: Niagara Debugger Client Initialized | Session: ADCFAD4A424E7DB87A63BEB07A525EC0 | Instance: D5B9C7A04A593944B12F638B3EDD00DC (DESKTOP-QG36584-17984).
[2023.04.16-11.00.34:348][  0]LogCollectionManager: Loaded 0 collections in 0.001600 seconds
[2023.04.16-11.00.34:350][  0]LogFileCache: Scanning file cache for directory 'C:/Users/danie/Documents/Gamedev VR/game/UE4 game/fpsgame/Saved/Collections/' took 0.00s
[2023.04.16-11.00.34:351][  0]LogFileCache: Scanning file cache for directory 'C:/Users/danie/Documents/Gamedev VR/game/UE4 game/fpsgame/Content/Developers/danie/Collections/' took 0.00s
[2023.04.16-11.00.34:351][  0]LogFileCache: Scanning file cache for directory 'C:/Users/danie/Documents/Gamedev VR/game/UE4 game/fpsgame/Content/Collections/' took 0.00s
[2023.04.16-11.00.34:351][  0]LogCollectionManager: Fixed up redirectors for 0 collections in 0.000002 seconds (updated 0 objects)
[2023.04.16-11.00.34:432][  0]LogPython: Using Python 3.7.7
[2023.04.16-11.00.34:868][  0]LogTcpMessaging: Initializing TcpMessaging bridge
[2023.04.16-11.00.34:871][  0]LogUdpMessaging: Initializing bridge on interface 0.0.0.0:0 to multicast group 230.0.0.1:6666.
[2023.04.16-11.00.34:909][  0]LogPython: Warning: 'AttachmentType' and 'EAttachmentType' have the same name (AttachmentType) when exposed to Python. Rename one of them using 'ScriptName' meta-data.
[2023.04.16-11.00.34:956][  0]SourceControl: Source control is disabled
[2023.04.16-11.00.34:956][  0]SourceControl: Source control is disabled
[2023.04.16-11.00.34:958][  0]SourceControl: Source control is disabled
[2023.04.16-11.00.34:963][  0]LogUProjectInfo: Found projects:
[2023.04.16-11.00.35:041][  0]LogOpenImageDenoise: OIDN starting up
[2023.04.16-11.00.35:060][  0]LogAndroidPermission: UAndroidPermissionCallbackProxy::GetInstance
[2023.04.16-11.00.35:078][  0]LogAudioCaptureCore: Display: No Audio Capture implementations found. Audio input will be silent.
[2023.04.16-11.00.35:078][  0]LogAudioCaptureCore: Display: No Audio Capture implementations found. Audio input will be silent.
[2023.04.16-11.00.35:137][  0]LogOcInput: OculusInput pre-init called
[2023.04.16-11.00.35:145][  0]LogUObjectArray: 22328 objects as part of root set at end of initial load.
[2023.04.16-11.00.35:145][  0]LogUObjectAllocator: 6061152 out of 0 bytes used by permanent object pool.
[2023.04.16-11.00.35:145][  0]LogUObjectArray: CloseDisregardForGC: 0/0 objects in disregard for GC pool
[2023.04.16-11.00.35:188][  0]LogClass: Display: StructProperty FRewindDataStruct::SnapshotPosition is not initialized properly. Module:fpsgame File:RewindComponent.h
[2023.04.16-11.00.35:188][  0]LogClass: Display: StructProperty FRewindDataStruct::SnapshotRotation is not initialized properly. Module:fpsgame File:RewindComponent.h
[2023.04.16-11.00.35:188][  0]LogClass: Display: StructProperty FRewindDataStruct::SnapshotScale is not initialized properly. Module:fpsgame File:RewindComponent.h
[2023.04.16-11.00.35:188][  0]LogClass: Display: BoolProperty FWeaponRecoil::bHasRecoil is not initialized properly. Module:fpsgame File:WeaponActor.h
[2023.04.16-11.00.35:188][  0]LogClass: Display: BoolProperty FWeaponRecoil::bUsesControlRotationForHipfireRecoil is not initialized properly. Module:fpsgame File:WeaponActor.h
[2023.04.16-11.00.35:188][  0]LogClass: Warning: ObjectProperty FWeaponRecoil::RecoilVectorCurve is not initialized properly. Module:fpsgame File:WeaponActor.h
[2023.04.16-11.00.35:188][  0]LogClass: Display: FloatProperty FWeaponRecoil::RecoveryTime is not initialized properly. Module:fpsgame File:WeaponActor.h
[2023.04.16-11.00.35:188][  0]LogClass: Display: FloatProperty FWeaponStats::MaxRange is not initialized properly. Module:fpsgame File:WeaponActor.h
[2023.04.16-11.00.35:188][  0]LogClass: Display: FloatProperty FWeaponStats::FireRate is not initialized properly. Module:fpsgame File:WeaponActor.h
[2023.04.16-11.00.35:189][  0]LogClass: Display: IntProperty FWeaponStats::CartridgeBullets is not initialized properly. Module:fpsgame File:WeaponActor.h
[2023.04.16-11.00.35:189][  0]LogClass: Display: IntProperty FWeaponStats::BurstNumber is not initialized properly. Module:fpsgame File:WeaponActor.h
[2023.04.16-11.00.35:189][  0]LogClass: Display: FloatProperty FWeaponStats::BurstFireRate is not initialized properly. Module:fpsgame File:WeaponActor.h
[2023.04.16-11.00.35:189][  0]LogClass: Display: IntProperty FWeaponStats::MaxMagSize is not initialized properly. Module:fpsgame File:WeaponActor.h
[2023.04.16-11.00.35:189][  0]LogClass: Display: FloatProperty FWeaponStats::BaseDamageTorso is not initialized properly. Module:fpsgame File:WeaponActor.h
[2023.04.16-11.00.35:189][  0]LogClass: Display: FloatProperty FWeaponStats::BaseDamageHead is not initialized properly. Module:fpsgame File:WeaponActor.h
[2023.04.16-11.00.35:189][  0]LogClass: Display: FloatProperty FWeaponStats::BaseDamageLegs is not initialized properly. Module:fpsgame File:WeaponActor.h
[2023.04.16-11.00.35:189][  0]LogClass: Display: FloatProperty FWeaponStats::BaseHipfireSpreadAngleInDegrees is not initialized properly. Module:fpsgame File:WeaponActor.h
[2023.04.16-11.00.35:189][  0]LogClass: Display: FloatProperty FWeaponStats::BaseMovementSpreadMultiplier is not initialized properly. Module:fpsgame File:WeaponActor.h
[2023.04.16-11.00.35:189][  0]LogClass: Display: EnumProperty FWeaponMetaData::GunModel is not initialized properly. Module:fpsgame File:WeaponActor.h
[2023.04.16-11.00.35:189][  0]LogClass: Display: EnumProperty FWeaponMetaData::WAWeaponType is not initialized properly. Module:fpsgame File:WeaponActor.h
[2023.04.16-11.00.35:189][  0]LogClass: Display: EnumProperty FWeaponMetaData::WAWeaponFireType is not initialized properly. Module:fpsgame File:WeaponActor.h
[2023.04.16-11.00.35:189][  0]LogClass: Display: EnumProperty FWeaponMetaData::WAWeaponHitDetectionType is not initialized properly. Module:fpsgame File:WeaponActor.h
[2023.04.16-11.00.35:189][  0]LogClass: Display: EnumProperty FWeaponMetaData::TypeOfEquip is not initialized properly. Module:fpsgame File:WeaponActor.h
[2023.04.16-11.00.35:189][  0]LogClass: Warning: ObjectProperty FWeaponVisualAssets::GunMesh is not initialized properly. Module:fpsgame File:WeaponActor.h
[2023.04.16-11.00.35:189][  0]LogClass: Warning: ObjectProperty FWeaponVisualAssets::TracerEffect is not initialized properly. Module:fpsgame File:WeaponActor.h
[2023.04.16-11.00.35:189][  0]LogClass: Warning: ObjectProperty FWeaponVisualAssets::MuzzleFlash is not initialized properly. Module:fpsgame File:WeaponActor.h
[2023.04.16-11.00.35:189][  0]LogClass: Display: StructProperty FWeaponPositionalDetails::BasePosition is not initialized properly. Module:fpsgame File:WeaponActor.h
[2023.04.16-11.00.35:189][  0]LogClass: Display: StructProperty FWeaponPositionalDetails::BaseRotation is not initialized properly. Module:fpsgame File:WeaponActor.h
[2023.04.16-11.00.35:189][  0]LogClass: Display: StructProperty FWeaponPositionalDetails::BaseScale is not initialized properly. Module:fpsgame File:WeaponActor.h
[2023.04.16-11.00.35:189][  0]LogClass: Display: StructProperty FWeaponPositionalDetails::TPBaseScale is not initialized properly. Module:fpsgame File:WeaponActor.h
[2023.04.16-11.00.35:189][  0]LogClass: Display: StructProperty FWeaponPositionalDetails::TPBaseRotation is not initialized properly. Module:fpsgame File:WeaponActor.h
[2023.04.16-11.00.35:189][  0]LogClass: Display: StructProperty FWeaponPositionalDetails::TPBasePosition is not initialized properly. Module:fpsgame File:WeaponActor.h
[2023.04.16-11.00.35:189][  0]LogClass: Display: 32 Uninitialized script struct members found including 4 object properties
[2023.04.16-11.00.35:189][  0]LogAutomationTest: Warning: ObjectProperty FWeaponRecoil::RecoilVectorCurve is not initialized properly. Module:fpsgame File:WeaponActor.h
[2023.04.16-11.00.35:189][  0]LogAutomationTest: Warning: ObjectProperty FWeaponVisualAssets::GunMesh is not initialized properly. Module:fpsgame File:WeaponActor.h
[2023.04.16-11.00.35:189][  0]LogAutomationTest: Warning: ObjectProperty FWeaponVisualAssets::TracerEffect is not initialized properly. Module:fpsgame File:WeaponActor.h
[2023.04.16-11.00.35:189][  0]LogAutomationTest: Warning: ObjectProperty FWeaponVisualAssets::MuzzleFlash is not initialized properly. Module:fpsgame File:WeaponActor.h
[2023.04.16-11.00.35:190][  0]LogEngine: Initializing Engine...
[2023.04.16-11.00.35:192][  0]LogHMD: Failed to enumerate extensions. Please check that you have a valid OpenXR runtime installed.
[2023.04.16-11.00.35:192][  0]LogHMD: Failed to initialize OpenVR with code 110
[2023.04.16-11.00.35:192][  0]LogMagicLeap: Warning: VR disabled because ZI is not enabled.  To enable, in the editor, Edit -> Project Settings -> Plugins -> Magic Leap Plugin -> Enable Zero Iteration
[2023.04.16-11.00.35:194][  0]LogStats: UGameplayTagsManager::InitializeManager -  0.000 s
[2023.04.16-11.00.35:269][  0]LogInit: Initializing FReadOnlyCVARCache
[2023.04.16-11.00.35:270][  0]LogAudio: Display: Initializing Audio Device Manager...
[2023.04.16-11.00.35:274][  0]LogAudio: Display: Loading Default Audio Settings Objects...
[2023.04.16-11.00.35:275][  0]LogAudio: Display: No default SoundConcurrencyObject specified (or failed to load).
[2023.04.16-11.00.35:275][  0]LogAudio: Display: Audio Device Manager Initialized
[2023.04.16-11.00.35:275][  0]LogAudio: Display: Creating Audio Device:                 Id: 1, Scope: Shared, Realtime: True
[2023.04.16-11.00.35:276][  0]LogAudioMixer: Display: Audio Mixer Platform Settings:
[2023.04.16-11.00.35:276][  0]LogAudioMixer: Display: 	Sample Rate:						  48000
[2023.04.16-11.00.35:276][  0]LogAudioMixer: Display: 	Callback Buffer Frame Size Requested: 1024
[2023.04.16-11.00.35:276][  0]LogAudioMixer: Display: 	Callback Buffer Frame Size To Use:	  1024
[2023.04.16-11.00.35:276][  0]LogAudioMixer: Display: 	Number of buffers to queue:			  2
[2023.04.16-11.00.35:276][  0]LogAudioMixer: Display: 	Max Channels (voices):				  32
[2023.04.16-11.00.35:276][  0]LogAudioMixer: Display: 	Number of Async Source Workers:		  0
[2023.04.16-11.00.35:276][  0]LogAudio: Display: AudioDevice MaxSources: 32
[2023.04.16-11.00.35:276][  0]LogAudio: Display: Audio Spatialization Plugin: None (built-in).
[2023.04.16-11.00.35:276][  0]LogAudio: Display: Audio Reverb Plugin: None (built-in).
[2023.04.16-11.00.35:276][  0]LogAudio: Display: Audio Occlusion Plugin: None (built-in).
[2023.04.16-11.00.35:276][  0]LogAudioMixer: Display: Initializing audio mixer.
[2023.04.16-11.00.35:289][  0]LogAudioMixer: Display: 0: FrontLeft
[2023.04.16-11.00.35:289][  0]LogAudioMixer: Display: 1: FrontRight
[2023.04.16-11.00.35:289][  0]LogAudioMixer: Display: 2: FrontCenter
[2023.04.16-11.00.35:289][  0]LogAudioMixer: Display: 3: LowFrequency
[2023.04.16-11.00.35:289][  0]LogAudioMixer: Display: 4: BackLeft
[2023.04.16-11.00.35:289][  0]LogAudioMixer: Display: 5: BackRight
[2023.04.16-11.00.35:289][  0]LogAudioMixer: Display: 6: SideLeft
[2023.04.16-11.00.35:289][  0]LogAudioMixer: Display: 7: SideRight
[2023.04.16-11.00.35:308][  0]LogAudioMixer: Display: Using Audio Device Speakers (Realtek(R) Audio)
[2023.04.16-11.00.35:314][  0]LogAudioMixer: Display: Initializing Sound Submixes...
[2023.04.16-11.00.35:316][  0]LogAudioMixer: Display: Creating Master Submix 'MasterSubmixDefault'
[2023.04.16-11.00.35:316][  0]LogAudioMixer: Display: Creating Master Submix 'MasterReverbSubmixDefault'
[2023.04.16-11.00.35:317][  0]LogAudioMixer: Display: Creating Master Submix 'MasterEQSubmixDefault'
[2023.04.16-11.00.35:317][  0]LogAudioMixer: FMixerPlatformXAudio2::StartAudioStream() called
[2023.04.16-11.00.35:317][  0]LogAudioMixer: Display: Output buffers initialized: Frames=1024, Channels=8, Samples=8192
[2023.04.16-11.00.35:318][  0]LogAudioMixer: Display: Starting AudioMixerPlatformInterface::RunInternal()
[2023.04.16-11.00.35:318][  0]LogAudioMixer: Display: FMixerPlatformXAudio2::SubmitBuffer() called for the first time
[2023.04.16-11.00.35:318][  0]LogInit: FAudioDevice initialized.
[2023.04.16-11.00.35:319][  0]LogNetVersion: Set ProjectVersion to 1.0.0.0. Version Checksum will be recalculated on next use.
[2023.04.16-11.00.35:321][  0]LogInit: Texture streaming: Enabled
[2023.04.16-11.00.35:370][  0]LogAudio: Display: Audio Device (ID: 1) registered with world 'Untitled'.
[2023.04.16-11.00.35:370][  0]LogSlate: Updating window title bar state: overlay mode, drag disabled, window buttons hidden, title bar hidden
[2023.04.16-11.00.35:371][  0]LogInit: Display: Game Engine Initialized.
[2023.04.16-11.00.35:372][  0]LogNiagaraEditor: GEditor isn't valid! Particle reset commands will not work for Niagara components!
[2023.04.16-11.00.35:451][  0]LogInit: Display: Starting Game.
[2023.04.16-11.00.35:451][  0]LogNet: Browse: 127.0.0.1:17777/Engine/Maps/Templates/Template_Default?Name=Player
[2023.04.16-11.00.35:452][  0]LogNet: PktLoss set to 0
[2023.04.16-11.00.35:452][  0]LogNet: PktLagMin set to 0
[2023.04.16-11.00.35:452][  0]LogNet: PktLagMax set to 0
[2023.04.16-11.00.35:452][  0]LogNet: PktIncomingLagMin set to 0
[2023.04.16-11.00.35:452][  0]LogNet: PktIncomingLagMax set to 0
[2023.04.16-11.00.35:452][  0]LogNet: PktIncomingLoss set to 0
[2023.04.16-11.00.35:452][  0]LogNet: PktLoss set to 0
[2023.04.16-11.00.35:452][  0]LogNet: PktLagMin set to 0
[2023.04.16-11.00.35:452][  0]LogNet: PktLagMax set to 0
[2023.04.16-11.00.35:452][  0]LogNet: PktIncomingLagMin set to 0
[2023.04.16-11.00.35:452][  0]LogNet: PktIncomingLagMax set to 0
[2023.04.16-11.00.35:452][  0]LogNet: PktIncomingLoss set to 0
[2023.04.16-11.00.35:452][  0]LogNet: PktLoss set to 0
[2023.04.16-11.00.35:452][  0]LogNet: PktLagMin set to 0
[2023.04.16-11.00.35:452][  0]LogNet: PktLagMax set to 0
[2023.04.16-11.00.35:452][  0]LogNet: PktIncomingLagMin set to 0
[2023.04.16-11.00.35:452][  0]LogNet: PktIncomingLagMax set to 0
[2023.04.16-11.00.35:452][  0]LogNet: PktIncomingLoss set to 0
[2023.04.16-11.00.35:452][  0]LogInit: WinSock: Socket queue. Rx: 32768 (config 32768) Tx: 32768 (config 32768)
[2023.04.16-11.00.35:452][  0]LogNet: Created socket for bind address: 0.0.0.0 on port 0
[2023.04.16-11.00.35:452][  0]PacketHandlerLog: Loaded PacketHandler component: Engine.EngineHandlerComponentFactory (StatelessConnectHandlerComponent)
[2023.04.16-11.00.35:452][  0]LogNet: Game client on port 17777, rate 100000
[2023.04.16-11.00.35:543][  0]LogInit: Display: Engine is initialized. Leaving FEngineLoop::Init()
[2023.04.16-11.00.35:543][  0]LogLoad: (Engine Initialization) Total time: 4.70 seconds
[2023.04.16-11.00.35:543][  0]LogLoad: (Engine Initialization) Total Blueprint compile time: 0.00 seconds
[2023.04.16-11.00.35:545][  0]LogContentStreaming: Texture pool size now 1000 MB
[2023.04.16-11.00.35:547][  0]LogSlate: InvalidateAllWidgets triggered.  All widgets were invalidated
[2023.04.16-11.00.36:459][784]LogHandshake: SendChallengeResponse. Timestamp: 0.727458, Cookie: 230012158181043157183166147023176139240069217000181002013082
[2023.04.16-11.00.36:492][938]LogNetVersion: fpsgame 1.0.0.0, NetCL: 17155196, EngineNetVer: 17, GameNetVer: 0 (Checksum: 1484303137)
[2023.04.16-11.00.36:492][938]LogNet: UPendingNetGame::SendInitialJoin: Sending hello. [UNetConnection] RemoteAddr: 127.0.0.1:17777, Name: IpConnection_0, Driver: PendingNetDriver IpNetDriver_0, IsServer: NO, PC: NULL, Owner: NULL, UniqueId: INVALID
[2023.04.16-11.00.36:524][ 96]LogNet: Welcomed by server (Level: /Game/Maps/TestMap, Game: /Game/Blueprints/GameMode/BP_FPSGameModeDefault.BP_FPSGameModeDefault_C)
[2023.04.16-11.00.36:525][ 96]LogLoad: LoadMap: 127.0.0.1:17777/Game/Maps/TestMap?Name=Player?game=/Game/Blueprints/GameMode/BP_FPSGameModeDefault.BP_FPSGameModeDefault_C
[2023.04.16-11.00.36:525][ 96]LogWorld: BeginTearingDown for /Temp/Untitled_0
[2023.04.16-11.00.36:525][ 96]LogWorld: UWorld::CleanupWorld for Untitled, bSessionEnded=true, bCleanupResources=true
[2023.04.16-11.00.36:525][ 96]LogSlate: InvalidateAllWidgets triggered.  All widgets were invalidated
[2023.04.16-11.00.36:539][ 96]LogAudio: Display: Audio Device unregistered from world 'None'.
[2023.04.16-11.00.36:541][ 96]LogUObjectHash: Compacting FUObjectHashTables data took   0.74ms
[2023.04.16-11.00.37:048][ 96]LogAudio: Display: Audio Device (ID: 1) registered with world 'TestMap'.
[2023.04.16-11.00.37:049][ 96]LogNet: PktLoss set to 0
[2023.04.16-11.00.37:049][ 96]LogNet: PktLagMin set to 0
[2023.04.16-11.00.37:049][ 96]LogNet: PktLagMax set to 0
[2023.04.16-11.00.37:049][ 96]LogNet: PktIncomingLagMin set to 0
[2023.04.16-11.00.37:049][ 96]LogNet: PktIncomingLagMax set to 0
[2023.04.16-11.00.37:049][ 96]LogNet: PktIncomingLoss set to 0
[2023.04.16-11.00.37:051][ 96]LogWorld: Bringing World /Game/Maps/TestMap.TestMap up for play (max tick rate 0) at 2023.04.16-12.00.37
[2023.04.16-11.00.37:051][ 96]LogWorld: Bringing up level for play took: 0.001211
[2023.04.16-11.00.37:052][ 96]LogSlate: Took 0.000207 seconds to synchronously load lazily loaded font '../../../Engine/Content/Slate/Fonts/Roboto-Regular.ttf' (155K)
[2023.04.16-11.00.37:052][ 96]LogLoad: Took 0.527706 seconds to LoadMap(/Game/Maps/TestMap)
[2023.04.16-11.00.37:052][ 96]LogNavigation: Warning: NavData RegistrationFailed_DataPendingKill.
[2023.04.16-11.00.37:079][ 98]LogRenderer: Reallocating scene render targets to support 640x480 Format 10 NumSamples 1 (Frame:1).
[2023.04.16-11.00.37:155][ 98]LogViewport: Display: Viewport MouseCaptureMode Changed, CapturePermanently_IncludingInitialMouseDown -> CapturePermanently
[2023.04.16-11.00.37:156][ 98]LogOnlineSession: Warning: OSS: No game present to join for session (GameSession)
[2023.04.16-11.00.37:955][399]LogOnlineSession: Warning: OSS: No game present to join for session (GameSession)
[2023.04.16-11.00.41:679][894]LogTemp: Warning: Interacting
[2023.04.16-11.00.41:679][894]LogTemp: Warning: OWNING CLIENT: Log no. 0
[2023.04.16-11.00.41:679][894]LogTemp: Warning: IsHit =  TRUE
[2023.04.16-11.00.41:679][894]LogTemp: Warning: We got a hit bois
[2023.04.16-11.00.41:679][894]LogTemp: Warning: interactable component found
[2023.04.16-11.00.41:679][894]LogTemp: Warning: We got a pickup bois
[2023.04.16-11.00.41:679][894]LogTemp: Warning: Disgusting client
