Log file open, 10/25/22 16:06:08
LogWindows: Failed to load 'aqProf.dll' (GetLastError=126)
LogWindows: File 'aqProf.dll' does not exist
LogWindows: Failed to load 'VtuneApi.dll' (GetLastError=126)
LogWindows: File 'VtuneApi.dll' does not exist
LogWindows: Failed to load 'VtuneApi32e.dll' (GetLastError=126)
LogWindows: File 'VtuneApi32e.dll' does not exist
LogConsoleResponse: Display: Failed to find resolution value strings in scalability ini. Falling back to default.
LogConsoleResponse: Display: Failed to find resolution value strings in scalability ini. Falling back to default.
LogInit: Display: Running engine for game: fpsgame
LogPlatformFile: Not using cached read wrapper
LogTaskGraph: Started task graph with 5 named threads and 17 total threads with 3 sets of task threads.
LogStats: Stats thread started at 0.219434
LogICUInternationalization: ICU TimeZone Detection - Raw Offset: +0:00, Platform Override: ''
LogInit: Display: Loading text-based GConfig....
LogPluginManager: Mounting plugin MeshPainting
LogPluginManager: Mounting plugin XGEController
LogPluginManager: Mounting plugin Paper2D
LogPluginManager: Mounting plugin AISupport
LogPluginManager: Mounting plugin EnvironmentQueryEditor
LogPluginManager: Mounting plugin LiveLink
LogPluginManager: Mounting plugin LightPropagationVolume
LogPluginManager: Mounting plugin CameraShakePreviewer
LogPluginManager: Mounting plugin GameplayCameras
LogPluginManager: Mounting plugin OodleData
LogPluginManager: Mounting plugin OodleNetwork
LogPluginManager: Mounting plugin AnimationSharing
LogPluginManager: Mounting plugin CLionSourceCodeAccess
LogPluginManager: Mounting plugin CodeLiteSourceCodeAccess
LogPluginManager: Mounting plugin GitSourceControl
LogPluginManager: Mounting plugin KDevelopSourceCodeAccess
LogPluginManager: Mounting plugin NullSourceCodeAccess
LogPluginManager: Mounting plugin PerforceSourceControl
LogPluginManager: Mounting plugin PixWinPlugin
LogPluginManager: Mounting plugin PlasticSourceControl
LogPluginManager: Mounting plugin PluginUtils
LogPluginManager: Mounting plugin PropertyAccessNode
LogPluginManager: Mounting plugin RiderSourceCodeAccess
LogPluginManager: Mounting plugin SubversionSourceControl
LogPluginManager: Mounting plugin TextureFormatOodle
LogPluginManager: Mounting plugin UObjectPlugin
LogPluginManager: Mounting plugin VisualStudioCodeSourceCodeAccess
LogPluginManager: Mounting plugin VisualStudioSourceCodeAccess
LogPluginManager: Mounting plugin XCodeSourceCodeAccess
LogPluginManager: Mounting plugin AssetManagerEditor
LogPluginManager: Mounting plugin CryptoKeys
LogPluginManager: Mounting plugin CurveEditorTools
LogPluginManager: Mounting plugin DataValidation
LogPluginManager: Mounting plugin FacialAnimation
LogPluginManager: Mounting plugin GameplayTagsEditor
LogPluginManager: Mounting plugin GeometryMode
LogPluginManager: Mounting plugin MacGraphicsSwitching
LogPluginManager: Mounting plugin MaterialAnalyzer
LogPluginManager: Mounting plugin MobileLauncherProfileWizard
LogPluginManager: Mounting plugin PluginBrowser
LogPluginManager: Mounting plugin SpeedTreeImporter
LogPluginManager: Mounting plugin DatasmithContent
LogPluginManager: Mounting plugin VariantManagerContent
LogPluginManager: Mounting plugin AlembicImporter
LogPluginManager: Mounting plugin AutomationUtils
LogPluginManager: Mounting plugin BackChannel
LogPluginManager: Mounting plugin ChaosCloth
LogPluginManager: Mounting plugin ChaosClothEditor
LogPluginManager: Mounting plugin ChaosEditor
LogPluginManager: Mounting plugin ChaosNiagara
LogPluginManager: Mounting plugin ChaosSolverPlugin
LogPluginManager: Mounting plugin CharacterAI
LogPluginManager: Mounting plugin GeometryCache
LogPluginManager: Mounting plugin GeometryCollectionPlugin
LogPluginManager: Mounting plugin GeometryProcessing
LogPluginManager: Mounting plugin MotoSynth
LogPluginManager: Mounting plugin OpenImageDenoise
LogPluginManager: Mounting plugin PlanarCut
LogPluginManager: Mounting plugin PlatformCrypto
LogPluginManager: Mounting plugin ProxyLODPlugin
LogPluginManager: Mounting plugin PythonScriptPlugin
LogPluginManager: Mounting plugin SkeletalReduction
LogPluginManager: Mounting plugin Niagara
LogPluginManager: Mounting plugin LuminPlatformFeatures
LogPluginManager: Mounting plugin MagicLeap
LogPluginManager: Mounting plugin MagicLeapLightEstimation
LogPluginManager: Mounting plugin MagicLeapMedia
LogPluginManager: Mounting plugin MagicLeapPassableWorld
LogPluginManager: Mounting plugin MLSDK
LogPluginManager: Mounting plugin AndroidMedia
LogPluginManager: Mounting plugin AvfMedia
LogPluginManager: Mounting plugin ImgMedia
LogPluginManager: Mounting plugin MediaCompositing
LogPluginManager: Mounting plugin MediaPlayerEditor
LogPluginManager: Mounting plugin WebMMedia
LogPluginManager: Mounting plugin WmfMedia
LogPluginManager: Mounting plugin TcpMessaging
LogPluginManager: Mounting plugin UdpMessaging
LogPluginManager: Mounting plugin ActorSequence
LogPluginManager: Mounting plugin LevelSequenceEditor
LogPluginManager: Mounting plugin MatineeToLevelSequence
LogPluginManager: Mounting plugin TemplateSequence
LogPluginManager: Mounting plugin OnlineSubsystem
LogPluginManager: Mounting plugin OnlineSubsystemNull
LogPluginManager: Mounting plugin OnlineSubsystemUtils
LogPluginManager: Mounting plugin LauncherChunkInstaller
LogPluginManager: Mounting plugin ActorLayerUtilities
LogPluginManager: Mounting plugin AndroidDeviceProfileSelector
LogPluginManager: Mounting plugin AndroidMoviePlayer
LogPluginManager: Mounting plugin AndroidPermission
LogPluginManager: Mounting plugin AppleImageUtils
LogPluginManager: Mounting plugin AppleMoviePlayer
LogPluginManager: Mounting plugin ArchVisCharacter
LogPluginManager: Mounting plugin AssetTags
LogPluginManager: Mounting plugin AudioCapture
LogPluginManager: Mounting plugin AudioSynesthesia
LogPluginManager: Mounting plugin CableComponent
LogPluginManager: Mounting plugin ChunkDownloader
LogPluginManager: Mounting plugin CustomMeshComponent
LogPluginManager: Mounting plugin EditableMesh
LogPluginManager: Mounting plugin ExampleDeviceProfileSelector
LogPluginManager: Mounting plugin GoogleCloudMessaging
LogPluginManager: Mounting plugin GooglePAD
LogPluginManager: Mounting plugin IOSDeviceProfileSelector
LogPluginManager: Mounting plugin LinuxDeviceProfileSelector
LogPluginManager: Mounting plugin LocationServicesBPLibrary
LogPluginManager: Mounting plugin MobilePatchingUtils
LogPluginManager: Mounting plugin OpenXR
LogPluginManager: Mounting plugin OpenXREyeTracker
LogPluginManager: Mounting plugin OpenXRHandTracking
LogPluginManager: Mounting plugin PhysXVehicles
LogPluginManager: Mounting plugin PostSplashScreen
LogPluginManager: Mounting plugin ProceduralMeshComponent
LogPluginManager: Mounting plugin PropertyAccessEditor
LogPluginManager: Mounting plugin RuntimePhysXCooking
LogPluginManager: Mounting plugin SignificanceManager
LogPluginManager: Mounting plugin SoundFields
LogPluginManager: Mounting plugin Synthesis
LogPluginManager: Mounting plugin WebMMoviePlayer
LogPluginManager: Mounting plugin WindowsMoviePlayer
LogPluginManager: Mounting plugin ScreenshotTools
LogPluginManager: Mounting plugin Takes
LogPluginManager: Mounting plugin ContentBrowserAssetDataSource
LogPluginManager: Mounting plugin ContentBrowserClassDataSource
LogPluginManager: Mounting plugin ContentBrowserFileDataSource
LogPluginManager: Mounting plugin OnlineSubsystemGooglePlay
LogPluginManager: Mounting plugin OnlineSubsystemIOS
LogPluginManager: Mounting plugin OculusVR
LogPluginManager: Mounting plugin SteamVR
PixWinPlugin: PIX capture plugin failed to initialize! Check that the process is launched from PIX.
LogInit: Using libcurl 7.55.1-DEV
LogInit:  - built for x86_64-pc-win32
LogInit:  - supports SSL with OpenSSL/1.1.1
LogInit:  - supports HTTP deflate (compression) using libz 1.2.8
LogInit:  - other features:
LogInit:      CURL_VERSION_SSL
LogInit:      CURL_VERSION_LIBZ
LogInit:      CURL_VERSION_IPV6
LogInit:      CURL_VERSION_ASYNCHDNS
LogInit:      CURL_VERSION_LARGEFILE
LogInit:      CURL_VERSION_IDN
LogInit:  CurlRequestOptions (configurable via config and command line):
LogInit:  - bVerifyPeer = true  - Libcurl will verify peer certificate
LogInit:  - bUseHttpProxy = false  - Libcurl will NOT use HTTP proxy
LogInit:  - bDontReuseConnections = false  - Libcurl will reuse connections
LogInit:  - MaxHostConnections = 16  - Libcurl will limit the number of connections to a host
LogInit:  - LocalHostAddr = Default
LogInit:  - BufferSize = 65536
LogOnline: OSS: Creating online subsystem instance for: NULL
LogInit: WinSock: version 1.1 (2.2), MaxSocks=32767, MaxUdp=65467
LogOnline: OSS: TryLoadSubsystemAndSetDefault: Loaded subsystem for module [NULL]
LogInit: Build: ++UE4+Release-4.27-CL-18319896
LogInit: Engine Version: 4.27.2-18319896+++UE4+Release-4.27
LogInit: Compatible Engine Version: 4.27.0-17155196+++UE4+Release-4.27
LogInit: Net CL: 17155196
LogInit: OS: Windows 10 (Release 2009) (), CPU: AMD Ryzen 5 3600X 6-Core Processor             , GPU: AMD Radeon RX 5700 XT
LogInit: Compiled (64-bit): Nov 30 2021 07:12:08
LogInit: Compiled with Visual C++: 19.24.28315.00
LogInit: Build Configuration: Development
LogInit: Branch Name: ++UE4+Release-4.27
LogInit: Command Line:  /Game/Maps/TestMap -game -PIEVIACONSOLE -Multiprocess -server -log "GameUserSettingsINI=C:/Users/danie/Documents/Gamedev VR/game/UE4 game/fpsgame/Saved/Config/Windows/PIEGameUserSettings0.ini" -MultiprocessSaveConfig -forcepassthrough -messaging -SessionName="Play in Standalone Game" -port=17777 -PktLagMin=0 -PktLagMax=0 -PktLoss=0 -PktIncomingLagMin=0 -PktIncomingLagMax=0 -PktIncomingLoss=0 -windowed
LogInit: Base Directory: C:/Program Files/Epic Games/UE_4.27/Engine/Binaries/Win64/
LogInit: Allocator: TBB
LogInit: Installed Engine Build: 1
LogDevObjectVersion: Number of dev versions registered: 29
LogDevObjectVersion:   Dev-Blueprints (B0D832E4-1F89-4F0D-ACCF-7EB736FD4AA2): 10
LogDevObjectVersion:   Dev-Build (E1C64328-A22C-4D53-A36C-8E866417BD8C): 0
LogDevObjectVersion:   Dev-Core (375EC13C-06E4-48FB-B500-84F0262A717E): 4
LogDevObjectVersion:   Dev-Editor (E4B068ED-F494-42E9-A231-DA0B2E46BB41): 40
LogDevObjectVersion:   Dev-Framework (CFFC743F-43B0-4480-9391-14DF171D2073): 37
LogDevObjectVersion:   Dev-Mobile (B02B49B5-BB20-44E9-A304-32B752E40360): 3
LogDevObjectVersion:   Dev-Networking (A4E4105C-59A1-49B5-A7C5-40C4547EDFEE): 0
LogDevObjectVersion:   Dev-Online (39C831C9-5AE6-47DC-9A44-9C173E1C8E7C): 0
LogDevObjectVersion:   Dev-Physics (78F01B33-EBEA-4F98-B9B4-84EACCB95AA2): 14
LogDevObjectVersion:   Dev-Platform (6631380F-2D4D-43E0-8009-CF276956A95A): 0
LogDevObjectVersion:   Dev-Rendering (12F88B9F-8875-4AFC-A67C-D90C383ABD29): 45
LogDevObjectVersion:   Dev-Sequencer (7B5AE74C-D270-4C10-A958-57980B212A5A): 13
LogDevObjectVersion:   Dev-VR (D7296918-1DD6-4BDD-9DE2-64A83CC13884): 3
LogDevObjectVersion:   Dev-LoadTimes (C2A15278-BFE7-4AFE-6C17-90FF531DF755): 1
LogDevObjectVersion:   Private-Geometry (6EACA3D4-40EC-4CC1-B786-8BED09428FC5): 3
LogDevObjectVersion:   Dev-AnimPhys (29E575DD-E0A3-4627-9D10-D276232CDCEA): 17
LogDevObjectVersion:   Dev-Anim (AF43A65D-7FD3-4947-9873-3E8ED9C1BB05): 15
LogDevObjectVersion:   Dev-ReflectionCapture (6B266CEC-1EC7-4B8F-A30B-E4D90942FC07): 1
LogDevObjectVersion:   Dev-Automation (0DF73D61-A23F-47EA-B727-89E90C41499A): 1
LogDevObjectVersion:   FortniteMain (601D1886-AC64-4F84-AA16-D3DE0DEAC7D6): 47
LogDevObjectVersion:   FortniteRelease (E7086368-6B23-4C58-8439-1B7016265E91): 1
LogDevObjectVersion:   Dev-Enterprise (9DFFBCD6-494F-0158-E221-12823C92A888): 10
LogDevObjectVersion:   Dev-Niagara (F2AED0AC-9AFE-416F-8664-AA7FFA26D6FC): 1
LogDevObjectVersion:   Dev-Destruction (174F1F0B-B4C6-45A5-B13F-2EE8D0FB917D): 10
LogDevObjectVersion:   Dev-Physics-Ext (35F94A83-E258-406C-A318-09F59610247C): 41
LogDevObjectVersion:   Dev-PhysicsMaterial-Chaos (B68FC16E-8B1B-42E2-B453-215C058844FE): 1
LogDevObjectVersion:   Dev-CineCamera (B2E18506-4273-CFC2-A54E-F4BB758BBA07): 1
LogDevObjectVersion:   Dev-VirtualProduction (64F58936-FD1B-42BA-BA96-7289D5D0FA4E): 1
LogDevObjectVersion:   Dev-MediaFramework (6F0ED827-A609-4895-9C91-998D90180EA4): 2
LogInit: Presizing for max 25165824 objects, including 0 objects not considered by GC, pre-allocating 0 bytes for permanent pool.
LogConfig: Applying CVar settings from Section [/Script/Engine.StreamingSettings] File [C:/Users/danie/Documents/Gamedev VR/game/UE4 game/fpsgame/Saved/Config/Windows/Engine.ini]
LogConfig: Setting CVar [[s.MinBulkDataSizeForAsyncLoading:131072]]
LogConfig: Setting CVar [[s.AsyncLoadingThreadEnabled:0]]
LogConfig: Setting CVar [[s.EventDrivenLoaderEnabled:1]]
LogConfig: Setting CVar [[s.WarnIfTimeLimitExceeded:0]]
LogConfig: Setting CVar [[s.TimeLimitExceededMultiplier:1.5]]
LogConfig: Setting CVar [[s.TimeLimitExceededMinTime:0.005]]
LogConfig: Setting CVar [[s.UseBackgroundLevelStreaming:1]]
LogConfig: Setting CVar [[s.PriorityAsyncLoadingExtraTime:15.0]]
LogConfig: Setting CVar [[s.LevelStreamingActorsUpdateTimeLimit:5.0]]
LogConfig: Setting CVar [[s.PriorityLevelStreamingActorsUpdateExtraTime:5.0]]
LogConfig: Setting CVar [[s.LevelStreamingComponentsRegistrationGranularity:10]]
LogConfig: Setting CVar [[s.UnregisterComponentsTimeLimit:1.0]]
LogConfig: Setting CVar [[s.LevelStreamingComponentsUnregistrationGranularity:5]]
LogConfig: Setting CVar [[s.FlushStreamingOnExit:1]]
LogInit: Object subsystem initialized
LogConfig: Setting CVar [[con.DebugEarlyDefault:1]]
LogConfig: Setting CVar [[r.setres:1280x720]]
[2022.10.25-15.06.09:533][  0]LogConfig: Setting CVar [[con.DebugEarlyDefault:1]]
[2022.10.25-15.06.09:533][  0]LogConfig: Setting CVar [[r.setres:1280x720]]
[2022.10.25-15.06.09:533][  0]LogConfig: Applying CVar settings from Section [/Script/Engine.RendererSettings] File [C:/Users/danie/Documents/Gamedev VR/game/UE4 game/fpsgame/Saved/Config/Windows/Engine.ini]
[2022.10.25-15.06.09:533][  0]LogConfig: Setting CVar [[r.GPUCrashDebugging:0]]
[2022.10.25-15.06.09:534][  0]LogConfig: Setting CVar [[r.Mobile.DisableVertexFog:1]]
[2022.10.25-15.06.09:534][  0]LogConfig: Setting CVar [[r.Shadow.CSM.MaxMobileCascades:2]]
[2022.10.25-15.06.09:534][  0]LogConfig: Setting CVar [[r.MobileMSAA:1]]
[2022.10.25-15.06.09:534][  0]LogConfig: Setting CVar [[r.Mobile.AllowDitheredLODTransition:0]]
[2022.10.25-15.06.09:535][  0]LogConfig: Setting CVar [[r.Mobile.AllowSoftwareOcclusion:0]]
[2022.10.25-15.06.09:535][  0]LogConfig: Setting CVar [[r.Mobile.VirtualTextures:0]]
[2022.10.25-15.06.09:535][  0]LogConfig: Setting CVar [[r.DiscardUnusedQuality:0]]
[2022.10.25-15.06.09:535][  0]LogConfig: Setting CVar [[r.AllowOcclusionQueries:1]]
[2022.10.25-15.06.09:536][  0]LogConfig: Setting CVar [[r.MinScreenRadiusForLights:0.030000]]
[2022.10.25-15.06.09:536][  0]LogConfig: Setting CVar [[r.MinScreenRadiusForDepthPrepass:0.030000]]
[2022.10.25-15.06.09:536][  0]LogConfig: Setting CVar [[r.MinScreenRadiusForCSMDepth:0.010000]]
[2022.10.25-15.06.09:536][  0]LogConfig: Setting CVar [[r.PrecomputedVisibilityWarning:0]]
[2022.10.25-15.06.09:537][  0]LogConfig: Setting CVar [[r.TextureStreaming:1]]
[2022.10.25-15.06.09:537][  0]LogConfig: Setting CVar [[Compat.UseDXT5NormalMaps:0]]
[2022.10.25-15.06.09:537][  0]LogConfig: Setting CVar [[r.VirtualTextures:0]]
[2022.10.25-15.06.09:537][  0]LogConfig: Setting CVar [[r.VT.EnableAutoImport:1]]
[2022.10.25-15.06.09:538][  0]LogConfig: Setting CVar [[r.VirtualTexturedLightmaps:0]]
[2022.10.25-15.06.09:538][  0]LogConfig: Setting CVar [[r.VT.TileSize:128]]
[2022.10.25-15.06.09:538][  0]LogConfig: Setting CVar [[r.VT.TileBorderSize:4]]
[2022.10.25-15.06.09:538][  0]LogConfig: Setting CVar [[r.vt.FeedbackFactor:16]]
[2022.10.25-15.06.09:539][  0]LogConfig: Setting CVar [[r.VT.EnableCompressZlib:1]]
[2022.10.25-15.06.09:541][  0]LogConfig: Setting CVar [[r.VT.EnableCompressCrunch:0]]
[2022.10.25-15.06.09:541][  0]LogConfig: Setting CVar [[r.ClearCoatNormal:0]]
[2022.10.25-15.06.09:541][  0]LogConfig: Setting CVar [[r.ReflectionCaptureResolution:128]]
[2022.10.25-15.06.09:542][  0]LogConfig: Setting CVar [[r.Mobile.ReflectionCaptureCompression:0]]
[2022.10.25-15.06.09:542][  0]LogConfig: Setting CVar [[r.ReflectionEnvironmentLightmapMixBasedOnRoughness:1]]
[2022.10.25-15.06.09:542][  0]LogConfig: Setting CVar [[r.ForwardShading:0]]
[2022.10.25-15.06.09:542][  0]LogConfig: Setting CVar [[r.VertexFoggingForOpaque:1]]
[2022.10.25-15.06.09:543][  0]LogConfig: Setting CVar [[r.AllowStaticLighting:1]]
[2022.10.25-15.06.09:543][  0]LogConfig: Setting CVar [[r.NormalMapsForStaticLighting:0]]
[2022.10.25-15.06.09:543][  0]LogConfig: Setting CVar [[r.GenerateMeshDistanceFields:0]]
[2022.10.25-15.06.09:543][  0]LogConfig: Setting CVar [[r.DistanceFieldBuild.EightBit:0]]
[2022.10.25-15.06.09:544][  0]LogConfig: Setting CVar [[r.GenerateLandscapeGIData:0]]
[2022.10.25-15.06.09:544][  0]LogConfig: Setting CVar [[r.DistanceFieldBuild.Compress:0]]
[2022.10.25-15.06.09:544][  0]LogConfig: Setting CVar [[r.TessellationAdaptivePixelsPerTriangle:48.000000]]
[2022.10.25-15.06.09:544][  0]LogConfig: Setting CVar [[r.SeparateTranslucency:1]]
[2022.10.25-15.06.09:545][  0]LogConfig: Setting CVar [[r.TranslucentSortPolicy:0]]
[2022.10.25-15.06.09:545][  0]LogConfig: Setting CVar [[vr.VRS.HMDFixedFoveationLevel:0]]
[2022.10.25-15.06.09:545][  0]LogConfig: Setting CVar [[r.CustomDepth:1]]
[2022.10.25-15.06.09:545][  0]LogConfig: Setting CVar [[r.CustomDepthTemporalAAJitter:1]]
[2022.10.25-15.06.09:546][  0]LogConfig: Setting CVar [[r.PostProcessing.PropagateAlpha:0]]
[2022.10.25-15.06.09:546][  0]LogConfig: Setting CVar [[r.DefaultFeature.Bloom:1]]
[2022.10.25-15.06.09:546][  0]LogConfig: Setting CVar [[r.DefaultFeature.AmbientOcclusion:1]]
[2022.10.25-15.06.09:546][  0]LogConfig: Setting CVar [[r.DefaultFeature.AmbientOcclusionStaticFraction:1]]
[2022.10.25-15.06.09:547][  0]LogConfig: Setting CVar [[r.DefaultFeature.AutoExposure:0]]
[2022.10.25-15.06.09:547][  0]LogConfig: Setting CVar [[r.DefaultFeature.AutoExposure.Method:0]]
[2022.10.25-15.06.09:547][  0]LogConfig: Setting CVar [[r.DefaultFeature.AutoExposure.Bias:1.000000]]
[2022.10.25-15.06.09:547][  0]LogConfig: Setting CVar [[r.DefaultFeature.AutoExposure.ExtendDefaultLuminanceRange:0]]
[2022.10.25-15.06.09:548][  0]LogConfig: Setting CVar [[r.UsePreExposure:1]]
[2022.10.25-15.06.09:548][  0]LogConfig: Setting CVar [[r.EyeAdaptation.EditorOnly:0]]
[2022.10.25-15.06.09:548][  0]LogConfig: Setting CVar [[r.DefaultFeature.MotionBlur:0]]
[2022.10.25-15.06.09:548][  0]LogConfig: Setting CVar [[r.DefaultFeature.LensFlare:0]]
[2022.10.25-15.06.09:549][  0]LogConfig: Setting CVar [[r.TemporalAA.Upsampling:0]]
[2022.10.25-15.06.09:549][  0]LogConfig: Setting CVar [[r.SSGI.Enable:0]]
[2022.10.25-15.06.09:549][  0]LogConfig: Setting CVar [[r.DefaultFeature.AntiAliasing:0]]
[2022.10.25-15.06.09:549][  0]LogConfig: Setting CVar [[r.DefaultFeature.LightUnits:1]]
[2022.10.25-15.06.09:550][  0]LogConfig: Setting CVar [[r.DefaultBackBufferPixelFormat:4]]
[2022.10.25-15.06.09:551][  0]LogConfig: Setting CVar [[r.Shadow.UnbuiltPreviewInGame:1]]
[2022.10.25-15.06.09:551][  0]LogConfig: Setting CVar [[r.StencilForLODDither:0]]
[2022.10.25-15.06.09:551][  0]LogConfig: Setting CVar [[r.EarlyZPass:3]]
[2022.10.25-15.06.09:551][  0]LogConfig: Setting CVar [[r.EarlyZPassOnlyMaterialMasking:0]]
[2022.10.25-15.06.09:552][  0]LogConfig: Setting CVar [[r.DBuffer:1]]
[2022.10.25-15.06.09:552][  0]LogConfig: Setting CVar [[r.ClearSceneMethod:1]]
[2022.10.25-15.06.09:552][  0]LogConfig: Setting CVar [[r.BasePassOutputsVelocity:0]]
[2022.10.25-15.06.09:552][  0]LogConfig: Setting CVar [[r.VertexDeformationOutputsVelocity:0]]
[2022.10.25-15.06.09:553][  0]LogConfig: Setting CVar [[r.SelectiveBasePassOutputs:0]]
[2022.10.25-15.06.09:553][  0]LogConfig: Setting CVar [[fx.GPUSimulationTextureSizeX:1024]]
[2022.10.25-15.06.09:553][  0]LogConfig: Setting CVar [[fx.GPUSimulationTextureSizeY:1024]]
[2022.10.25-15.06.09:553][  0]LogConfig: Setting CVar [[r.AllowGlobalClipPlane:0]]
[2022.10.25-15.06.09:554][  0]LogConfig: Setting CVar [[r.GBufferFormat:1]]
[2022.10.25-15.06.09:555][  0]LogConfig: Setting CVar [[r.MorphTarget.Mode:1]]
[2022.10.25-15.06.09:556][  0]LogConfig: Setting CVar [[vr.InstancedStereo:0]]
[2022.10.25-15.06.09:556][  0]LogConfig: Setting CVar [[r.MobileHDR:1]]
[2022.10.25-15.06.09:556][  0]LogConfig: Setting CVar [[vr.MobileMultiView:0]]
[2022.10.25-15.06.09:557][  0]LogConfig: Setting CVar [[r.Mobile.UseHWsRGBEncoding:0]]
[2022.10.25-15.06.09:557][  0]LogConfig: Setting CVar [[vr.RoundRobinOcclusion:0]]
[2022.10.25-15.06.09:557][  0]LogConfig: Setting CVar [[vr.ODSCapture:0]]
[2022.10.25-15.06.09:557][  0]LogConfig: Setting CVar [[r.MeshStreaming:0]]
[2022.10.25-15.06.09:558][  0]LogConfig: Setting CVar [[r.WireframeCullThreshold:5.000000]]
[2022.10.25-15.06.09:558][  0]LogConfig: Setting CVar [[r.RayTracing:0]]
[2022.10.25-15.06.09:558][  0]LogConfig: Setting CVar [[r.RayTracing.UseTextureLod:0]]
[2022.10.25-15.06.09:558][  0]LogConfig: Setting CVar [[r.SupportStationarySkylight:1]]
[2022.10.25-15.06.09:559][  0]LogConfig: Setting CVar [[r.SupportLowQualityLightmaps:1]]
[2022.10.25-15.06.09:559][  0]LogConfig: Setting CVar [[r.SupportPointLightWholeSceneShadows:1]]
[2022.10.25-15.06.09:559][  0]LogConfig: Setting CVar [[r.SupportAtmosphericFog:1]]
[2022.10.25-15.06.09:560][  0]LogConfig: Setting CVar [[r.SupportSkyAtmosphere:1]]
[2022.10.25-15.06.09:560][  0]LogConfig: Setting CVar [[r.SupportSkyAtmosphereAffectsHeightFog:0]]
[2022.10.25-15.06.09:560][  0]LogConfig: Setting CVar [[r.SkinCache.CompileShaders:0]]
[2022.10.25-15.06.09:560][  0]LogConfig: Setting CVar [[r.SkinCache.DefaultBehavior:1]]
[2022.10.25-15.06.09:561][  0]LogConfig: Setting CVar [[r.SkinCache.SceneMemoryLimitInMB:128.000000]]
[2022.10.25-15.06.09:561][  0]LogConfig: Setting CVar [[r.Mobile.EnableStaticAndCSMShadowReceivers:1]]
[2022.10.25-15.06.09:561][  0]LogConfig: Setting CVar [[r.Mobile.EnableMovableLightCSMShaderCulling:1]]
[2022.10.25-15.06.09:561][  0]LogConfig: Setting CVar [[r.Mobile.AllowDistanceFieldShadows:1]]
[2022.10.25-15.06.09:562][  0]LogConfig: Setting CVar [[r.Mobile.AllowMovableDirectionalLights:1]]
[2022.10.25-15.06.09:562][  0]LogConfig: Setting CVar [[r.MobileNumDynamicPointLights:4]]
[2022.10.25-15.06.09:562][  0]LogConfig: Setting CVar [[r.MobileDynamicPointLightsUseStaticBranch:1]]
[2022.10.25-15.06.09:562][  0]LogConfig: Setting CVar [[r.Mobile.EnableMovableSpotlights:0]]
[2022.10.25-15.06.09:563][  0]LogConfig: Setting CVar [[r.Mobile.EnableMovableSpotlightsShadow:0]]
[2022.10.25-15.06.09:563][  0]LogConfig: Setting CVar [[r.GPUSkin.Support16BitBoneIndex:0]]
[2022.10.25-15.06.09:563][  0]LogConfig: Setting CVar [[r.GPUSkin.Limit2BoneInfluences:0]]
[2022.10.25-15.06.09:564][  0]LogConfig: Setting CVar [[r.SupportDepthOnlyIndexBuffers:1]]
[2022.10.25-15.06.09:564][  0]LogConfig: Setting CVar [[r.SupportReversedIndexBuffers:1]]
[2022.10.25-15.06.09:564][  0]LogConfig: Setting CVar [[r.LightPropagationVolume:0]]
[2022.10.25-15.06.09:564][  0]LogConfig: Setting CVar [[r.Mobile.AmbientOcclusion:0]]
[2022.10.25-15.06.09:565][  0]LogConfig: Setting CVar [[r.GPUSkin.UnlimitedBoneInfluences:0]]
[2022.10.25-15.06.09:565][  0]LogConfig: Setting CVar [[r.GPUSkin.UnlimitedBoneInfluencesThreshold:8]]
[2022.10.25-15.06.09:565][  0]LogConfig: Setting CVar [[r.Mobile.PlanarReflectionMode:0]]
[2022.10.25-15.06.09:566][  0]LogConfig: Setting CVar [[r.Mobile.SupportsGen4TAA:0]]
[2022.10.25-15.06.09:566][  0]LogConfig: Applying CVar settings from Section [/Script/Engine.RendererOverrideSettings] File [C:/Users/danie/Documents/Gamedev VR/game/UE4 game/fpsgame/Saved/Config/Windows/Engine.ini]
[2022.10.25-15.06.09:567][  0]LogConfig: Applying CVar settings from Section [/Script/Engine.StreamingSettings] File [C:/Users/danie/Documents/Gamedev VR/game/UE4 game/fpsgame/Saved/Config/Windows/Engine.ini]
[2022.10.25-15.06.09:567][  0]LogConfig: Setting CVar [[s.MinBulkDataSizeForAsyncLoading:131072]]
[2022.10.25-15.06.09:568][  0]LogConfig: Setting CVar [[s.AsyncLoadingThreadEnabled:0]]
[2022.10.25-15.06.09:568][  0]LogConfig: Setting CVar [[s.EventDrivenLoaderEnabled:1]]
[2022.10.25-15.06.09:568][  0]LogConfig: Setting CVar [[s.WarnIfTimeLimitExceeded:0]]
[2022.10.25-15.06.09:568][  0]LogConfig: Setting CVar [[s.TimeLimitExceededMultiplier:1.5]]
[2022.10.25-15.06.09:569][  0]LogConfig: Setting CVar [[s.TimeLimitExceededMinTime:0.005]]
[2022.10.25-15.06.09:569][  0]LogConfig: Setting CVar [[s.UseBackgroundLevelStreaming:1]]
[2022.10.25-15.06.09:569][  0]LogConfig: Setting CVar [[s.PriorityAsyncLoadingExtraTime:15.0]]
[2022.10.25-15.06.09:569][  0]LogConfig: Setting CVar [[s.LevelStreamingActorsUpdateTimeLimit:5.0]]
[2022.10.25-15.06.09:570][  0]LogConfig: Setting CVar [[s.PriorityLevelStreamingActorsUpdateExtraTime:5.0]]
[2022.10.25-15.06.09:572][  0]LogConfig: Setting CVar [[s.LevelStreamingComponentsRegistrationGranularity:10]]
[2022.10.25-15.06.09:572][  0]LogConfig: Setting CVar [[s.UnregisterComponentsTimeLimit:1.0]]
[2022.10.25-15.06.09:572][  0]LogConfig: Setting CVar [[s.LevelStreamingComponentsUnregistrationGranularity:5]]
[2022.10.25-15.06.09:572][  0]LogConfig: Setting CVar [[s.FlushStreamingOnExit:1]]
[2022.10.25-15.06.09:573][  0]LogConfig: Applying CVar settings from Section [/Script/Engine.GarbageCollectionSettings] File [C:/Users/danie/Documents/Gamedev VR/game/UE4 game/fpsgame/Saved/Config/Windows/Engine.ini]
[2022.10.25-15.06.09:573][  0]LogConfig: Setting CVar [[gc.MaxObjectsNotConsideredByGC:1]]
[2022.10.25-15.06.09:573][  0]LogConfig: Setting CVar [[gc.SizeOfPermanentObjectPool:0]]
[2022.10.25-15.06.09:573][  0]LogConfig: Setting CVar [[gc.FlushStreamingOnGC:0]]
[2022.10.25-15.06.09:574][  0]LogConfig: Setting CVar [[gc.NumRetriesBeforeForcingGC:10]]
[2022.10.25-15.06.09:574][  0]LogConfig: Setting CVar [[gc.AllowParallelGC:1]]
[2022.10.25-15.06.09:574][  0]LogConfig: Setting CVar [[gc.TimeBetweenPurgingPendingKillObjects:61.1]]
[2022.10.25-15.06.09:574][  0]LogConfig: Setting CVar [[gc.MaxObjectsInEditor:25165824]]
[2022.10.25-15.06.09:575][  0]LogConfig: Setting CVar [[gc.IncrementalBeginDestroyEnabled:1]]
[2022.10.25-15.06.09:575][  0]LogConfig: Setting CVar [[gc.CreateGCClusters:1]]
[2022.10.25-15.06.09:575][  0]LogConfig: Setting CVar [[gc.MinGCClusterSize:5]]
[2022.10.25-15.06.09:575][  0]LogConfig: Setting CVar [[gc.ActorClusteringEnabled:0]]
[2022.10.25-15.06.09:576][  0]LogConfig: Setting CVar [[gc.BlueprintClusteringEnabled:0]]
[2022.10.25-15.06.09:576][  0]LogConfig: Setting CVar [[gc.UseDisregardForGCOnDedicatedServers:0]]
[2022.10.25-15.06.09:576][  0]LogConfig: Setting CVar [[gc.MultithreadedDestructionEnabled:1]]
[2022.10.25-15.06.09:576][  0]LogConfig: Applying CVar settings from Section [/Script/Engine.NetworkSettings] File [C:/Users/danie/Documents/Gamedev VR/game/UE4 game/fpsgame/Saved/Config/Windows/Engine.ini]
[2022.10.25-15.06.09:577][  0]LogConfig: Applying CVar settings from Section [/Script/UnrealEd.CookerSettings] File [C:/Users/danie/Documents/Gamedev VR/game/UE4 game/fpsgame/Saved/Config/Windows/Engine.ini]
[2022.10.25-15.06.09:577][  0]LogConfig: Applying CVar settings from Section [ViewDistanceQuality@3] File [C:/Users/danie/Documents/Gamedev VR/game/UE4 game/fpsgame/Saved/Config/Windows/Scalability.ini]
[2022.10.25-15.06.09:577][  0]LogConfig: Setting CVar [[r.SkeletalMeshLODBias:0]]
[2022.10.25-15.06.09:577][  0]LogConfig: Setting CVar [[r.ViewDistanceScale:1.0]]
[2022.10.25-15.06.09:578][  0]LogConfig: Applying CVar settings from Section [AntiAliasingQuality@3] File [C:/Users/danie/Documents/Gamedev VR/game/UE4 game/fpsgame/Saved/Config/Windows/Scalability.ini]
[2022.10.25-15.06.09:578][  0]LogConfig: Setting CVar [[r.PostProcessAAQuality:4]]
[2022.10.25-15.06.09:578][  0]LogConfig: Applying CVar settings from Section [ShadowQuality@3] File [C:/Users/danie/Documents/Gamedev VR/game/UE4 game/fpsgame/Saved/Config/Windows/Scalability.ini]
[2022.10.25-15.06.09:578][  0]LogConfig: Setting CVar [[r.LightFunctionQuality:1]]
[2022.10.25-15.06.09:579][  0]LogConfig: Setting CVar [[r.ShadowQuality:5]]
[2022.10.25-15.06.09:579][  0]LogConfig: Setting CVar [[r.Shadow.CSM.MaxCascades:10]]
[2022.10.25-15.06.09:579][  0]LogConfig: Setting CVar [[r.Shadow.MaxResolution:2048]]
[2022.10.25-15.06.09:579][  0]LogConfig: Setting CVar [[r.Shadow.MaxCSMResolution:2048]]
[2022.10.25-15.06.09:580][  0]LogConfig: Setting CVar [[r.Shadow.RadiusThreshold:0.01]]
[2022.10.25-15.06.09:580][  0]LogConfig: Setting CVar [[r.Shadow.DistanceScale:1.0]]
[2022.10.25-15.06.09:580][  0]LogConfig: Setting CVar [[r.Shadow.CSM.TransitionScale:1.0]]
[2022.10.25-15.06.09:580][  0]LogConfig: Setting CVar [[r.Shadow.PreShadowResolutionFactor:1.0]]
[2022.10.25-15.06.09:581][  0]LogConfig: Setting CVar [[r.DistanceFieldShadowing:1]]
[2022.10.25-15.06.09:581][  0]LogConfig: Setting CVar [[r.DistanceFieldAO:1]]
[2022.10.25-15.06.09:581][  0]LogConfig: Setting CVar [[r.AOQuality:2]]
[2022.10.25-15.06.09:582][  0]LogConfig: Setting CVar [[r.VolumetricFog:1]]
[2022.10.25-15.06.09:582][  0]LogConfig: Setting CVar [[r.VolumetricFog.GridPixelSize:8]]
[2022.10.25-15.06.09:582][  0]LogConfig: Setting CVar [[r.VolumetricFog.GridSizeZ:128]]
[2022.10.25-15.06.09:583][  0]LogConfig: Setting CVar [[r.VolumetricFog.HistoryMissSupersampleCount:4]]
[2022.10.25-15.06.09:583][  0]LogConfig: Setting CVar [[r.LightMaxDrawDistanceScale:1]]
[2022.10.25-15.06.09:583][  0]LogConfig: Setting CVar [[r.CapsuleShadows:1]]
[2022.10.25-15.06.09:583][  0]LogConfig: Applying CVar settings from Section [PostProcessQuality@3] File [C:/Users/danie/Documents/Gamedev VR/game/UE4 game/fpsgame/Saved/Config/Windows/Scalability.ini]
[2022.10.25-15.06.09:584][  0]LogConfig: Setting CVar [[r.MotionBlurQuality:4]]
[2022.10.25-15.06.09:584][  0]LogConfig: Setting CVar [[r.AmbientOcclusionMipLevelFactor:0.4]]
[2022.10.25-15.06.09:584][  0]LogConfig: Setting CVar [[r.AmbientOcclusionMaxQuality:100]]
[2022.10.25-15.06.09:584][  0]LogConfig: Setting CVar [[r.AmbientOcclusionLevels:-1]]
[2022.10.25-15.06.09:585][  0]LogConfig: Setting CVar [[r.AmbientOcclusionRadiusScale:1.0]]
[2022.10.25-15.06.09:585][  0]LogConfig: Setting CVar [[r.DepthOfFieldQuality:2]]
[2022.10.25-15.06.09:585][  0]LogConfig: Setting CVar [[r.RenderTargetPoolMin:400]]
[2022.10.25-15.06.09:585][  0]LogConfig: Setting CVar [[r.LensFlareQuality:2]]
[2022.10.25-15.06.09:586][  0]LogConfig: Setting CVar [[r.SceneColorFringeQuality:1]]
[2022.10.25-15.06.09:588][  0]LogConfig: Setting CVar [[r.EyeAdaptationQuality:2]]
[2022.10.25-15.06.09:588][  0]LogConfig: Setting CVar [[r.BloomQuality:5]]
[2022.10.25-15.06.09:588][  0]LogConfig: Setting CVar [[r.FastBlurThreshold:100]]
[2022.10.25-15.06.09:588][  0]LogConfig: Setting CVar [[r.Upscale.Quality:3]]
[2022.10.25-15.06.09:589][  0]LogConfig: Setting CVar [[r.Tonemapper.GrainQuantization:1]]
[2022.10.25-15.06.09:589][  0]LogConfig: Setting CVar [[r.LightShaftQuality:1]]
[2022.10.25-15.06.09:589][  0]LogConfig: Setting CVar [[r.Filter.SizeScale:1]]
[2022.10.25-15.06.09:589][  0]LogConfig: Setting CVar [[r.Tonemapper.Quality:5]]
[2022.10.25-15.06.09:590][  0]LogConfig: Setting CVar [[r.DOF.Gather.AccumulatorQuality:1        ; higher gathering accumulator quality]]
[2022.10.25-15.06.09:590][  0]LogConfig: Setting CVar [[r.DOF.Gather.PostfilterMethod:1          ; Median3x3 postfilering method]]
[2022.10.25-15.06.09:590][  0]LogConfig: Setting CVar [[r.DOF.Gather.EnableBokehSettings:0       ; no bokeh simulation when gathering]]
[2022.10.25-15.06.09:591][  0]LogConfig: Setting CVar [[r.DOF.Gather.RingCount:4                 ; medium number of samples when gathering]]
[2022.10.25-15.06.09:591][  0]LogConfig: Setting CVar [[r.DOF.Scatter.ForegroundCompositing:1    ; additive foreground scattering]]
[2022.10.25-15.06.09:591][  0]LogConfig: Setting CVar [[r.DOF.Scatter.BackgroundCompositing:2    ; additive background scattering]]
[2022.10.25-15.06.09:591][  0]LogConfig: Setting CVar [[r.DOF.Scatter.EnableBokehSettings:1      ; bokeh simulation when scattering]]
[2022.10.25-15.06.09:592][  0]LogConfig: Setting CVar [[r.DOF.Scatter.MaxSpriteRatio:0.1         ; only a maximum of 10% of scattered bokeh]]
[2022.10.25-15.06.09:592][  0]LogConfig: Setting CVar [[r.DOF.Recombine.Quality:1                ; cheap slight out of focus]]
[2022.10.25-15.06.09:592][  0]LogConfig: Setting CVar [[r.DOF.Recombine.EnableBokehSettings:0    ; no bokeh simulation on slight out of focus]]
[2022.10.25-15.06.09:592][  0]LogConfig: Setting CVar [[r.DOF.TemporalAAQuality:1                ; more stable temporal accumulation]]
[2022.10.25-15.06.09:593][  0]LogConfig: Setting CVar [[r.DOF.Kernel.MaxForegroundRadius:0.025]]
[2022.10.25-15.06.09:593][  0]LogConfig: Setting CVar [[r.DOF.Kernel.MaxBackgroundRadius:0.025]]
[2022.10.25-15.06.09:593][  0]LogConfig: Applying CVar settings from Section [TextureQuality@3] File [C:/Users/danie/Documents/Gamedev VR/game/UE4 game/fpsgame/Saved/Config/Windows/Scalability.ini]
[2022.10.25-15.06.09:593][  0]LogConfig: Setting CVar [[r.Streaming.MipBias:0]]
[2022.10.25-15.06.09:594][  0]LogConfig: Setting CVar [[r.Streaming.AmortizeCPUToGPUCopy:0]]
[2022.10.25-15.06.09:594][  0]LogConfig: Setting CVar [[r.Streaming.MaxNumTexturesToStreamPerFrame:0]]
[2022.10.25-15.06.09:594][  0]LogConfig: Setting CVar [[r.Streaming.Boost:1]]
[2022.10.25-15.06.09:594][  0]LogConfig: Setting CVar [[r.MaxAnisotropy:8]]
[2022.10.25-15.06.09:595][  0]LogConfig: Setting CVar [[r.VT.MaxAnisotropy:8]]
[2022.10.25-15.06.09:595][  0]LogConfig: Setting CVar [[r.Streaming.LimitPoolSizeToVRAM:0]]
[2022.10.25-15.06.09:595][  0]LogConfig: Setting CVar [[r.Streaming.PoolSize:1000]]
[2022.10.25-15.06.09:595][  0]LogConfig: Setting CVar [[r.Streaming.MaxEffectiveScreenSize:0]]
[2022.10.25-15.06.09:596][  0]LogConfig: Applying CVar settings from Section [EffectsQuality@3] File [C:/Users/danie/Documents/Gamedev VR/game/UE4 game/fpsgame/Saved/Config/Windows/Scalability.ini]
[2022.10.25-15.06.09:596][  0]LogConfig: Setting CVar [[r.TranslucencyLightingVolumeDim:64]]
[2022.10.25-15.06.09:596][  0]LogConfig: Setting CVar [[r.RefractionQuality:2]]
[2022.10.25-15.06.09:597][  0]LogConfig: Setting CVar [[r.SSR.Quality:3]]
[2022.10.25-15.06.09:597][  0]LogConfig: Setting CVar [[r.SSR.HalfResSceneColor:0]]
[2022.10.25-15.06.09:597][  0]LogConfig: Setting CVar [[r.SceneColorFormat:4]]
[2022.10.25-15.06.09:597][  0]LogConfig: Setting CVar [[r.DetailMode:2]]
[2022.10.25-15.06.09:598][  0]LogConfig: Setting CVar [[r.TranslucencyVolumeBlur:1]]
[2022.10.25-15.06.09:599][  0]LogConfig: Setting CVar [[r.MaterialQualityLevel:1 ; High quality]]
[2022.10.25-15.06.09:599][  0]LogConfig: Setting CVar [[r.AnisotropicMaterials:1]]
[2022.10.25-15.06.09:600][  0]LogConfig: Setting CVar [[r.SSS.Scale:1]]
[2022.10.25-15.06.09:600][  0]LogConfig: Setting CVar [[r.SSS.SampleSet:2]]
[2022.10.25-15.06.09:600][  0]LogConfig: Setting CVar [[r.SSS.Quality:1]]
[2022.10.25-15.06.09:601][  0]LogConfig: Setting CVar [[r.SSS.HalfRes:0]]
[2022.10.25-15.06.09:601][  0]LogConfig: Setting CVar [[r.SSGI.Quality:3]]
[2022.10.25-15.06.09:602][  0]LogConfig: Setting CVar [[r.EmitterSpawnRateScale:1.0]]
[2022.10.25-15.06.09:604][  0]LogConfig: Setting CVar [[r.ParticleLightQuality:2]]
[2022.10.25-15.06.09:605][  0]LogConfig: Setting CVar [[r.SkyAtmosphere.AerialPerspectiveLUT.FastApplyOnOpaque:1 ; Always have FastSkyLUT 1 in this case to avoid wrong sky]]
[2022.10.25-15.06.09:605][  0]LogConfig: Setting CVar [[r.SkyAtmosphere.AerialPerspectiveLUT.SampleCountMaxPerSlice:4]]
[2022.10.25-15.06.09:605][  0]LogConfig: Setting CVar [[r.SkyAtmosphere.AerialPerspectiveLUT.DepthResolution:16.0]]
[2022.10.25-15.06.09:606][  0]LogConfig: Setting CVar [[r.SkyAtmosphere.FastSkyLUT:1]]
[2022.10.25-15.06.09:606][  0]LogConfig: Setting CVar [[r.SkyAtmosphere.FastSkyLUT.SampleCountMin:4.0]]
[2022.10.25-15.06.09:606][  0]LogConfig: Setting CVar [[r.SkyAtmosphere.FastSkyLUT.SampleCountMax:128.0]]
[2022.10.25-15.06.09:606][  0]LogConfig: Setting CVar [[r.SkyAtmosphere.SampleCountMin:4.0]]
[2022.10.25-15.06.09:607][  0]LogConfig: Setting CVar [[r.SkyAtmosphere.SampleCountMax:128.0]]
[2022.10.25-15.06.09:607][  0]LogConfig: Setting CVar [[r.SkyAtmosphere.TransmittanceLUT.UseSmallFormat:0]]
[2022.10.25-15.06.09:607][  0]LogConfig: Setting CVar [[r.SkyAtmosphere.TransmittanceLUT.SampleCount:10.0]]
[2022.10.25-15.06.09:607][  0]LogConfig: Setting CVar [[r.SkyAtmosphere.MultiScatteringLUT.SampleCount:15.0]]
[2022.10.25-15.06.09:608][  0]LogConfig: Setting CVar [[r.SkyLight.RealTimeReflectionCapture:1]]
[2022.10.25-15.06.09:608][  0]LogConfig: Applying CVar settings from Section [FoliageQuality@3] File [C:/Users/danie/Documents/Gamedev VR/game/UE4 game/fpsgame/Saved/Config/Windows/Scalability.ini]
[2022.10.25-15.06.09:608][  0]LogConfig: Setting CVar [[foliage.DensityScale:1.0]]
[2022.10.25-15.06.09:608][  0]LogConfig: Setting CVar [[grass.DensityScale:1.0]]
[2022.10.25-15.06.09:609][  0]LogConfig: Applying CVar settings from Section [ShadingQuality@3] File [C:/Users/danie/Documents/Gamedev VR/game/UE4 game/fpsgame/Saved/Config/Windows/Scalability.ini]
[2022.10.25-15.06.09:609][  0]LogConfig: Setting CVar [[r.HairStrands.SkyLighting.IntegrationType:2]]
[2022.10.25-15.06.09:609][  0]LogConfig: Setting CVar [[r.HairStrands.SkyAO.SampleCount:4]]
[2022.10.25-15.06.09:610][  0]LogConfig: Setting CVar [[r.HairStrands.Visibility.MSAA.SamplePerPixel:4]]
[2022.10.25-15.06.09:610][  0]LogInit: Selected Device Profile: [Windows]
[2022.10.25-15.06.09:610][  0]LogInit: Applying CVar settings loaded from the selected device profile: [Windows]
[2022.10.25-15.06.09:610][  0]LogHAL: Display: Platform has ~ 16 GB [17128247296 / 17179869184 / 16], which maps to Larger [LargestMinGB=32, LargerMinGB=12, DefaultMinGB=8, SmallerMinGB=6, SmallestMinGB=0)
[2022.10.25-15.06.09:611][  0]LogInit: Going up to parent DeviceProfile []
[2022.10.25-15.06.09:611][  0]LogConfig: Applying CVar settings from Section [ViewDistanceQuality@3] File [C:/Users/danie/Documents/Gamedev VR/game/UE4 game/fpsgame/Saved/Config/Windows/Scalability.ini]
[2022.10.25-15.06.09:611][  0]LogConfig: Setting CVar [[r.SkeletalMeshLODBias:0]]
[2022.10.25-15.06.09:611][  0]LogConfig: Setting CVar [[r.ViewDistanceScale:1.0]]
[2022.10.25-15.06.09:612][  0]LogConfig: Applying CVar settings from Section [AntiAliasingQuality@3] File [C:/Users/danie/Documents/Gamedev VR/game/UE4 game/fpsgame/Saved/Config/Windows/Scalability.ini]
[2022.10.25-15.06.09:612][  0]LogConfig: Setting CVar [[r.PostProcessAAQuality:4]]
[2022.10.25-15.06.09:612][  0]LogConfig: Applying CVar settings from Section [ShadowQuality@3] File [C:/Users/danie/Documents/Gamedev VR/game/UE4 game/fpsgame/Saved/Config/Windows/Scalability.ini]
[2022.10.25-15.06.09:612][  0]LogConfig: Setting CVar [[r.LightFunctionQuality:1]]
[2022.10.25-15.06.09:613][  0]LogConfig: Setting CVar [[r.ShadowQuality:5]]
[2022.10.25-15.06.09:613][  0]LogConfig: Setting CVar [[r.Shadow.CSM.MaxCascades:10]]
[2022.10.25-15.06.09:613][  0]LogConfig: Setting CVar [[r.Shadow.MaxResolution:2048]]
[2022.10.25-15.06.09:613][  0]LogConfig: Setting CVar [[r.Shadow.MaxCSMResolution:2048]]
[2022.10.25-15.06.09:614][  0]LogConfig: Setting CVar [[r.Shadow.RadiusThreshold:0.01]]
[2022.10.25-15.06.09:614][  0]LogConfig: Setting CVar [[r.Shadow.DistanceScale:1.0]]
[2022.10.25-15.06.09:614][  0]LogConfig: Setting CVar [[r.Shadow.CSM.TransitionScale:1.0]]
[2022.10.25-15.06.09:615][  0]LogConfig: Setting CVar [[r.Shadow.PreShadowResolutionFactor:1.0]]
[2022.10.25-15.06.09:615][  0]LogConfig: Setting CVar [[r.DistanceFieldShadowing:1]]
[2022.10.25-15.06.09:616][  0]LogConfig: Setting CVar [[r.DistanceFieldAO:1]]
[2022.10.25-15.06.09:616][  0]LogConfig: Setting CVar [[r.AOQuality:2]]
[2022.10.25-15.06.09:616][  0]LogConfig: Setting CVar [[r.VolumetricFog:1]]
[2022.10.25-15.06.09:616][  0]LogConfig: Setting CVar [[r.VolumetricFog.GridPixelSize:8]]
[2022.10.25-15.06.09:617][  0]LogConfig: Setting CVar [[r.VolumetricFog.GridSizeZ:128]]
[2022.10.25-15.06.09:617][  0]LogConfig: Setting CVar [[r.VolumetricFog.HistoryMissSupersampleCount:4]]
[2022.10.25-15.06.09:617][  0]LogConfig: Setting CVar [[r.LightMaxDrawDistanceScale:1]]
[2022.10.25-15.06.09:617][  0]LogConfig: Setting CVar [[r.CapsuleShadows:1]]
[2022.10.25-15.06.09:618][  0]LogConfig: Applying CVar settings from Section [PostProcessQuality@3] File [C:/Users/danie/Documents/Gamedev VR/game/UE4 game/fpsgame/Saved/Config/Windows/Scalability.ini]
[2022.10.25-15.06.09:620][  0]LogConfig: Setting CVar [[r.MotionBlurQuality:4]]
[2022.10.25-15.06.09:620][  0]LogConfig: Setting CVar [[r.AmbientOcclusionMipLevelFactor:0.4]]
[2022.10.25-15.06.09:620][  0]LogConfig: Setting CVar [[r.AmbientOcclusionMaxQuality:100]]
[2022.10.25-15.06.09:621][  0]LogConfig: Setting CVar [[r.AmbientOcclusionLevels:-1]]
[2022.10.25-15.06.09:621][  0]LogConfig: Setting CVar [[r.AmbientOcclusionRadiusScale:1.0]]
[2022.10.25-15.06.09:621][  0]LogConfig: Setting CVar [[r.DepthOfFieldQuality:2]]
[2022.10.25-15.06.09:621][  0]LogConfig: Setting CVar [[r.RenderTargetPoolMin:400]]
[2022.10.25-15.06.09:622][  0]LogConfig: Setting CVar [[r.LensFlareQuality:2]]
[2022.10.25-15.06.09:622][  0]LogConfig: Setting CVar [[r.SceneColorFringeQuality:1]]
[2022.10.25-15.06.09:622][  0]LogConfig: Setting CVar [[r.EyeAdaptationQuality:2]]
[2022.10.25-15.06.09:622][  0]LogConfig: Setting CVar [[r.BloomQuality:5]]
[2022.10.25-15.06.09:623][  0]LogConfig: Setting CVar [[r.FastBlurThreshold:100]]
[2022.10.25-15.06.09:623][  0]LogConfig: Setting CVar [[r.Upscale.Quality:3]]
[2022.10.25-15.06.09:623][  0]LogConfig: Setting CVar [[r.Tonemapper.GrainQuantization:1]]
[2022.10.25-15.06.09:624][  0]LogConfig: Setting CVar [[r.LightShaftQuality:1]]
[2022.10.25-15.06.09:624][  0]LogConfig: Setting CVar [[r.Filter.SizeScale:1]]
[2022.10.25-15.06.09:624][  0]LogConfig: Setting CVar [[r.Tonemapper.Quality:5]]
[2022.10.25-15.06.09:624][  0]LogConfig: Setting CVar [[r.DOF.Gather.AccumulatorQuality:1        ; higher gathering accumulator quality]]
[2022.10.25-15.06.09:625][  0]LogConfig: Setting CVar [[r.DOF.Gather.PostfilterMethod:1          ; Median3x3 postfilering method]]
[2022.10.25-15.06.09:625][  0]LogConfig: Setting CVar [[r.DOF.Gather.EnableBokehSettings:0       ; no bokeh simulation when gathering]]
[2022.10.25-15.06.09:625][  0]LogConfig: Setting CVar [[r.DOF.Gather.RingCount:4                 ; medium number of samples when gathering]]
[2022.10.25-15.06.09:626][  0]LogConfig: Setting CVar [[r.DOF.Scatter.ForegroundCompositing:1    ; additive foreground scattering]]
[2022.10.25-15.06.09:626][  0]LogConfig: Setting CVar [[r.DOF.Scatter.BackgroundCompositing:2    ; additive background scattering]]
[2022.10.25-15.06.09:626][  0]LogConfig: Setting CVar [[r.DOF.Scatter.EnableBokehSettings:1      ; bokeh simulation when scattering]]
[2022.10.25-15.06.09:626][  0]LogConfig: Setting CVar [[r.DOF.Scatter.MaxSpriteRatio:0.1         ; only a maximum of 10% of scattered bokeh]]
[2022.10.25-15.06.09:627][  0]LogConfig: Setting CVar [[r.DOF.Recombine.Quality:1                ; cheap slight out of focus]]
[2022.10.25-15.06.09:627][  0]LogConfig: Setting CVar [[r.DOF.Recombine.EnableBokehSettings:0    ; no bokeh simulation on slight out of focus]]
[2022.10.25-15.06.09:627][  0]LogConfig: Setting CVar [[r.DOF.TemporalAAQuality:1                ; more stable temporal accumulation]]
[2022.10.25-15.06.09:627][  0]LogConfig: Setting CVar [[r.DOF.Kernel.MaxForegroundRadius:0.025]]
[2022.10.25-15.06.09:628][  0]LogConfig: Setting CVar [[r.DOF.Kernel.MaxBackgroundRadius:0.025]]
[2022.10.25-15.06.09:628][  0]LogConfig: Applying CVar settings from Section [TextureQuality@3] File [C:/Users/danie/Documents/Gamedev VR/game/UE4 game/fpsgame/Saved/Config/Windows/Scalability.ini]
[2022.10.25-15.06.09:628][  0]LogConfig: Setting CVar [[r.Streaming.MipBias:0]]
[2022.10.25-15.06.09:628][  0]LogConfig: Setting CVar [[r.Streaming.AmortizeCPUToGPUCopy:0]]
[2022.10.25-15.06.09:629][  0]LogConfig: Setting CVar [[r.Streaming.MaxNumTexturesToStreamPerFrame:0]]
[2022.10.25-15.06.09:629][  0]LogConfig: Setting CVar [[r.Streaming.Boost:1]]
[2022.10.25-15.06.09:629][  0]LogConfig: Setting CVar [[r.MaxAnisotropy:8]]
[2022.10.25-15.06.09:629][  0]LogConfig: Setting CVar [[r.VT.MaxAnisotropy:8]]
[2022.10.25-15.06.09:630][  0]LogConfig: Setting CVar [[r.Streaming.LimitPoolSizeToVRAM:0]]
[2022.10.25-15.06.09:631][  0]LogConfig: Setting CVar [[r.Streaming.PoolSize:1000]]
[2022.10.25-15.06.09:631][  0]LogConfig: Setting CVar [[r.Streaming.MaxEffectiveScreenSize:0]]
[2022.10.25-15.06.09:631][  0]LogConfig: Applying CVar settings from Section [EffectsQuality@3] File [C:/Users/danie/Documents/Gamedev VR/game/UE4 game/fpsgame/Saved/Config/Windows/Scalability.ini]
[2022.10.25-15.06.09:632][  0]LogConfig: Setting CVar [[r.TranslucencyLightingVolumeDim:64]]
[2022.10.25-15.06.09:632][  0]LogConfig: Setting CVar [[r.RefractionQuality:2]]
[2022.10.25-15.06.09:632][  0]LogConfig: Setting CVar [[r.SSR.Quality:3]]
[2022.10.25-15.06.09:632][  0]LogConfig: Setting CVar [[r.SSR.HalfResSceneColor:0]]
[2022.10.25-15.06.09:633][  0]LogConfig: Setting CVar [[r.SceneColorFormat:4]]
[2022.10.25-15.06.09:633][  0]LogConfig: Setting CVar [[r.DetailMode:2]]
[2022.10.25-15.06.09:633][  0]LogConfig: Setting CVar [[r.TranslucencyVolumeBlur:1]]
[2022.10.25-15.06.09:634][  0]LogConfig: Setting CVar [[r.MaterialQualityLevel:1 ; High quality]]
[2022.10.25-15.06.09:636][  0]LogConfig: Setting CVar [[r.AnisotropicMaterials:1]]
[2022.10.25-15.06.09:636][  0]LogConfig: Setting CVar [[r.SSS.Scale:1]]
[2022.10.25-15.06.09:637][  0]LogConfig: Setting CVar [[r.SSS.SampleSet:2]]
[2022.10.25-15.06.09:637][  0]LogConfig: Setting CVar [[r.SSS.Quality:1]]
[2022.10.25-15.06.09:637][  0]LogConfig: Setting CVar [[r.SSS.HalfRes:0]]
[2022.10.25-15.06.09:637][  0]LogConfig: Setting CVar [[r.SSGI.Quality:3]]
[2022.10.25-15.06.09:638][  0]LogConfig: Setting CVar [[r.EmitterSpawnRateScale:1.0]]
[2022.10.25-15.06.09:638][  0]LogConfig: Setting CVar [[r.ParticleLightQuality:2]]
[2022.10.25-15.06.09:638][  0]LogConfig: Setting CVar [[r.SkyAtmosphere.AerialPerspectiveLUT.FastApplyOnOpaque:1 ; Always have FastSkyLUT 1 in this case to avoid wrong sky]]
[2022.10.25-15.06.09:638][  0]LogConfig: Setting CVar [[r.SkyAtmosphere.AerialPerspectiveLUT.SampleCountMaxPerSlice:4]]
[2022.10.25-15.06.09:639][  0]LogConfig: Setting CVar [[r.SkyAtmosphere.AerialPerspectiveLUT.DepthResolution:16.0]]
[2022.10.25-15.06.09:639][  0]LogConfig: Setting CVar [[r.SkyAtmosphere.FastSkyLUT:1]]
[2022.10.25-15.06.09:639][  0]LogConfig: Setting CVar [[r.SkyAtmosphere.FastSkyLUT.SampleCountMin:4.0]]
[2022.10.25-15.06.09:639][  0]LogConfig: Setting CVar [[r.SkyAtmosphere.FastSkyLUT.SampleCountMax:128.0]]
[2022.10.25-15.06.09:640][  0]LogConfig: Setting CVar [[r.SkyAtmosphere.SampleCountMin:4.0]]
[2022.10.25-15.06.09:640][  0]LogConfig: Setting CVar [[r.SkyAtmosphere.SampleCountMax:128.0]]
[2022.10.25-15.06.09:640][  0]LogConfig: Setting CVar [[r.SkyAtmosphere.TransmittanceLUT.UseSmallFormat:0]]
[2022.10.25-15.06.09:640][  0]LogConfig: Setting CVar [[r.SkyAtmosphere.TransmittanceLUT.SampleCount:10.0]]
[2022.10.25-15.06.09:641][  0]LogConfig: Setting CVar [[r.SkyAtmosphere.MultiScatteringLUT.SampleCount:15.0]]
[2022.10.25-15.06.09:641][  0]LogConfig: Setting CVar [[r.SkyLight.RealTimeReflectionCapture:1]]
[2022.10.25-15.06.09:641][  0]LogConfig: Applying CVar settings from Section [FoliageQuality@3] File [C:/Users/danie/Documents/Gamedev VR/game/UE4 game/fpsgame/Saved/Config/Windows/Scalability.ini]
[2022.10.25-15.06.09:642][  0]LogConfig: Setting CVar [[foliage.DensityScale:1.0]]
[2022.10.25-15.06.09:642][  0]LogConfig: Setting CVar [[grass.DensityScale:1.0]]
[2022.10.25-15.06.09:642][  0]LogConfig: Applying CVar settings from Section [ShadingQuality@3] File [C:/Users/danie/Documents/Gamedev VR/game/UE4 game/fpsgame/Saved/Config/Windows/Scalability.ini]
[2022.10.25-15.06.09:642][  0]LogConfig: Setting CVar [[r.HairStrands.SkyLighting.IntegrationType:2]]
[2022.10.25-15.06.09:642][  0]LogConfig: Setting CVar [[r.HairStrands.SkyAO.SampleCount:4]]
[2022.10.25-15.06.09:643][  0]LogConfig: Setting CVar [[r.HairStrands.Visibility.MSAA.SamplePerPixel:4]]
[2022.10.25-15.06.09:643][  0]LogConfig: Applying CVar settings from Section [Startup] File [../../../Engine/Config/ConsoleVariables.ini]
[2022.10.25-15.06.09:644][  0]LogConfig: Setting CVar [[net.UseAdaptiveNetUpdateFrequency:0]]
[2022.10.25-15.06.09:644][  0]LogConfig: Setting CVar [[p.chaos.AllowCreatePhysxBodies:1]]
[2022.10.25-15.06.09:644][  0]LogConfig: Setting CVar [[fx.SkipVectorVMBackendOptimizations:1]]
[2022.10.25-15.06.09:644][  0]LogConfig: Applying CVar settings from Section [ConsoleVariables] File [C:/Users/danie/Documents/Gamedev VR/game/UE4 game/fpsgame/Saved/Config/Windows/Engine.ini]
[2022.10.25-15.06.09:645][  0]LogConfig: Applying CVar settings from Section [ConsoleVariables] File [C:/Users/danie/Documents/Gamedev VR/game/UE4 game/fpsgame/Saved/Config/Windows/Editor.ini]
[2022.10.25-15.06.09:645][  0]LogInit: Computer: DESKTOP-QG36584
[2022.10.25-15.06.09:645][  0]LogInit: User: danie
[2022.10.25-15.06.09:645][  0]LogInit: CPU Page size=4096, Cores=6
[2022.10.25-15.06.09:646][  0]LogInit: High frequency timer resolution =10.000000 MHz
[2022.10.25-15.06.09:648][  0]LogMemory: Memory total: Physical=16.0GB (16GB approx)
[2022.10.25-15.06.09:648][  0]LogMemory: Platform Memory Stats for Windows
[2022.10.25-15.06.09:648][  0]LogMemory: Process Physical Memory: 138.10 MB used, 138.11 MB peak
[2022.10.25-15.06.09:648][  0]LogMemory: Process Virtual Memory: 119.46 MB used, 119.46 MB peak
[2022.10.25-15.06.09:649][  0]LogMemory: Physical Memory: 10788.66 MB used,  5546.11 MB free, 16334.77 MB total
[2022.10.25-15.06.09:649][  0]LogMemory: Virtual Memory: 134213912.00 MB used,  3813.23 MB free, 134217728.00 MB total
[2022.10.25-15.06.09:651][  0]LogWindows: WindowsPlatformFeatures disabled or dedicated server build
[2022.10.25-15.06.09:660][  0]LogInit: Physics initialised using underlying interface: PhysX
[2022.10.25-15.06.09:661][  0]LogInit: Using OS detected language (en-US).
[2022.10.25-15.06.09:661][  0]LogInit: Using OS detected locale (en-GB).
[2022.10.25-15.06.09:664][  0]LogTextLocalizationManager: No specific localization for 'en-US' exists, so the 'en' localization will be used.
[2022.10.25-15.06.10:047][  0]LogTargetPlatformManager: Display: Loaded TargetPlatform 'WindowsNoEditor'
[2022.10.25-15.06.10:050][  0]LogTargetPlatformManager: Display: Loaded TargetPlatform 'Windows'
[2022.10.25-15.06.10:053][  0]LogTargetPlatformManager: Display: Loaded TargetPlatform 'WindowsClient'
[2022.10.25-15.06.10:056][  0]LogTargetPlatformManager: Display: Loaded TargetPlatform 'WindowsServer'
[2022.10.25-15.06.10:056][  0]LogTargetPlatformManager: Display: Building Assets For Windows
[2022.10.25-15.06.10:059][  0]LogAudioDebug: Display: Lib vorbis DLL was dynamically loaded.
[2022.10.25-15.06.10:072][  0]LogTextureFormatOodle: Display: Oodle Texture 2.9.0 init RDO Off
[2022.10.25-15.06.10:083][  0]LogRendererCore: Ray tracing is disabled. Reason: r.RayTracing=0.
[2022.10.25-15.06.10:083][  0]LogShaderCompilers: Guid format shader working directory is -27 characters bigger than the processId version (../../../../../../Users/danie/Documents/Gamedev VR/game/UE4 game/fpsgame/Intermediate/Shaders/WorkingDirectory/19040/).
[2022.10.25-15.06.10:084][  0]LogShaderCompilers: Cleaned the shader compiler working directory 'C:/Users/danie/AppData/Local/Temp/UnrealShaderWorkingDir/DD4C285C47AD6467341A94BE5A52719A/'.
[2022.10.25-15.06.10:084][  0]LogXGEController: Cannot use XGE Controller as Incredibuild is not installed on this machine.
[2022.10.25-15.06.10:084][  0]LogShaderCompilers: Cannot use XGE Shader Compiler as Incredibuild is not installed on this machine.
[2022.10.25-15.06.10:084][  0]LogShaderCompilers: Display: Using Local Shader Compiler.
[2022.10.25-15.06.10:541][  0]LogDerivedDataCache: Display: Max Cache Size: 512 MB
[2022.10.25-15.06.10:587][  0]LogDerivedDataCache: Loaded boot cache 0.05s 94MB C:/Users/danie/AppData/Local/UnrealEngine/4.27/DerivedDataCache/Boot.ddc.
[2022.10.25-15.06.10:588][  0]LogDerivedDataCache: Display: Loaded Boot cache: C:/Users/danie/AppData/Local/UnrealEngine/4.27/DerivedDataCache/Boot.ddc
[2022.10.25-15.06.10:588][  0]LogDerivedDataCache: FDerivedDataBackendGraph:  Pak pak cache file ../../../../../../Users/danie/Documents/Gamedev VR/game/UE4 game/fpsgame/DerivedDataCache/DDC.ddp not found, will not use a pak cache.
[2022.10.25-15.06.10:589][  0]LogDerivedDataCache: Unable to find inner node Pak for hierarchical cache Hierarchy.
[2022.10.25-15.06.10:589][  0]LogDerivedDataCache: FDerivedDataBackendGraph:  CompressedPak pak cache file ../../../../../../Users/danie/Documents/Gamedev VR/game/UE4 game/fpsgame/DerivedDataCache/Compressed.ddp not found, will not use a pak cache.
[2022.10.25-15.06.10:589][  0]LogDerivedDataCache: Unable to find inner node CompressedPak for hierarchical cache Hierarchy.
[2022.10.25-15.06.10:606][  0]LogDerivedDataCache: Display: Pak cache opened for reading ../../../Engine/DerivedDataCache/Compressed.ddp.
[2022.10.25-15.06.10:606][  0]LogDerivedDataCache: FDerivedDataBackendGraph:  EnterprisePak pak cache file ../../../Enterprise/DerivedDataCache/Compressed.ddp not found, will not use a pak cache.
[2022.10.25-15.06.10:607][  0]LogDerivedDataCache: Unable to find inner node EnterprisePak for hierarchical cache Hierarchy.
[2022.10.25-15.06.10:616][  0]LogDerivedDataCache: Speed tests for C:/Users/danie/AppData/Local/UnrealEngine/Common/DerivedDataCache took 0.01 seconds
[2022.10.25-15.06.10:616][  0]LogDerivedDataCache: Display: Performance to C:/Users/danie/AppData/Local/UnrealEngine/Common/DerivedDataCache: Latency=0.03ms. RandomReadSpeed=341.95MBs, RandomWriteSpeed=170.89MBs. Assigned SpeedClass 'Local'
[2022.10.25-15.06.10:617][  0]LogDerivedDataCache: Using Local data cache path C:/Users/danie/AppData/Local/UnrealEngine/Common/DerivedDataCache: Writable
[2022.10.25-15.06.10:617][  0]LogDerivedDataCache: Shared data cache path not found in *engine.ini, will not use an Shared cache.
[2022.10.25-15.06.10:617][  0]LogDerivedDataCache: Unable to find inner node Shared for hierarchical cache Hierarchy.
[2022.10.25-15.06.10:618][  0]LogInit: Using OS detected language (en-US).
[2022.10.25-15.06.10:619][  0]LogInit: Using OS detected locale (en-GB).
[2022.10.25-15.06.10:619][  0]LogTextLocalizationManager: No localization for 'en-US' exists, so 'en' will be used for the language.
[2022.10.25-15.06.10:619][  0]LogTextLocalizationManager: No localization for 'en-GB' exists, so 'en' will be used for the locale.
[2022.10.25-15.06.10:623][  0]LogTextLocalizationManager: Compacting localization data took   0.00ms
[2022.10.25-15.06.10:623][  0]LogAssetRegistry: FAssetRegistry took 0.0023 seconds to start up
[2022.10.25-15.06.10:760][  0]LogPackageLocalizationCache: Processed 27 localized package path(s) for 1 prioritized culture(s) in 0.000998 seconds
[2022.10.25-15.06.10:836][  0]LogInit: Selected Device Profile: [Windows]
[2022.10.25-15.06.10:836][  0]LogInit: Active device profile: [0000025123A6C500][0000025123077880 49] Windows
[2022.10.25-15.06.10:837][  0]LogInit: Profiles: [0000025123A6C500][0000025123077880 49] Windows, [0000025123A53600][0000025123085B40 49] WindowsNoEditor, [0000025123A50100][000002512307A240 49] WindowsServer, [0000025123A6F000][00000251230884C0 49] WindowsClient, [0000025123A6C200][0000025123090780 49] IOS, [0000025123A57D00][0000025123094A40 49] iPadAir, [0000025123A6FA00][0000025123098D00 49] iPadAir2, [0000025123A00200][00000251230B3240 49] IPadPro, [00000251239FBF00][000002512309D280 49] iPadAir3, [0000025123A51000][00000251230AB540 49] iPadAir4, [00000251239F8500][00000251230A7800 49] iPadMini2, [0000025123A50200][00000251230AFAC0 49] iPadMini3, [00000251239F9200][00000251230BC200 49] iPadMini4, [0000025123A53800][000002512308C480 49] iPadMini5, [0000025123A55600][00000251230D4980 49] iPhone6, [0000025123A55700][00000251230C09C0 49] iPodTouch6, [00000251239FA100][00000251230DCF00 49] iPhone7, [00000251239FA200][00000251230CCF40 49] iPodTouch7, [0000025123A56600][00000251230D1200 49] iPhone5S, [00000251239FB100][00000251230C94C0 49] iPhone6Plus, [0000025123A57B00][00000251230D9780 49] iPhone6S, [00000251239FAB00][00000251230E1A40 49] iPhone6SPlus, [0000025123A54A00][00000251230E4180 49] iPhone7Plus, [00000251239FAF00][00000251230E8440 49] iPhoneSE, [0000025123A55000][00000251230C46C0 49] iPhone8, [00000251239FBC00][00000251230EC940 49] iPhone8Plus, [0000025123A57200][00000251230F4C00 49] iPhoneX, [00000251239FAC00][00000251230F8EC0 49] iPhoneXS, [0000025123A56B00][00000251230FD180 49] iPhoneXSMax, [00000251239FA900][0000025123101440 49] iPhoneXR, [0000025123A56F00][0000025123105700 49] iPhone11, [00000251239F8A00][00000251231099C0 49] iPhone11Pro, [0000025123A57E00][000002512310C100 49] iPhone11ProMax, [00000251239F9400][00000251231103C0 49] iPhoneSE2, [0000025123A57F00][0000025123114680 49] iPhone12Mini, [00000251239FBD00][00000251230F0900 49] iPhone12, [0000025123A55200][0000025123118B80 49] iPhone12Pro, [00000251239FB500][0000025123120E40 49] iPhone12ProMax, [0000025123A54200][0000025123125100 49] iPadPro105, [00000251239F9A00][00000251231293C0 49] iPadPro129, [0000025123A54D00][000002512312D680 49] iPadPro97, [00000251239F8900][0000025123131940 49] iPadPro2_129, [0000025123A55A00][0000025123135C00 49] iPad5, [00000251239F9C00][0000025123138340 49] iPad6, [0000025123A57900][000002512313C600 49] iPad7, [00000251239FA600][0000025122A328C0 49] iPad8, [0000025123A57000][000002512311CB40 49] iPadPro11, [00000251239F9500][0000025122A36DC0 49] iPadPro2_11, [0000025123A56100][0000025122A3F080 49] iPadPro3_129, [00000251239F9D00][0000025122A43340 49] iPadPro4_129, [0000025123A56400][0000025122A47600 49] AppleTV, [00000251239FAE00][0000025122A4B8C0 49] AppleTV4K, [0000025123A54500][0000025122A4FB80 49] TVOS, [00000251239FBA00][0000025122A522C0 49] Mac, [0000025123A56900][0000025122A56580 49] MacClient, [00000251239F9700][0000025122A5A840 49] MacNoEditor, [0000025123A55100][0000025122A5EB00 49] MacServer, [00000251239FBB00][0000025122A3AD80 49] Linux, [0000025123A54600][0000025122A63000 49] LinuxAArch64, [00000251239F8400][0000025122A6B2C0 49] LinuxNoEditor, [0000025123A56200][0000025122A6F580 49] LinuxAArch64NoEditor, [0000025123A6C100][0000025122A73840 49] LinuxClient, [0000025123A00700][0000025122A77B00 49] LinuxAArch64Client, [0000025123A6D900][0000025122A7A240 49] LinuxServer, [0000025123A00A00][0000025122A7E500 49] LinuxAArch64Server, [0000025123A6ED00][0000025122A827C0 49] Android, [0000025123A01400][0000025122A86A80 49] Android_Low, [0000025123A6D100][0000025122A8AD40 49] Android_Mid, [0000025123A00E00][0000025122A66FC0 49] Android_High, [0000025123A6C800][0000025122A8F240 49] Android_Default, [0000025123A02600][0000025122A97500 49] Android_Adreno4xx, [0000025123A6D400][0000025122A9B7C0 49] Android_Adreno5xx_Low, [0000025123A02400][0000025122A9FA80 49] Android_Adreno5xx, [0000025123A6C700][0000025122AA21C0 49] Android_Adreno6xx, [0000025123A02C00][0000025122AA6480 49] Android_Adreno6xx_Vulkan, [0000025123A6FB00][0000025122AAA740 49] Android_Mali_T6xx, [0000025123A00500][0000025122AAEA00 49] Android_Mali_T7xx, [0000025123A6C300][0000025122AB2CC0 49] Android_Mali_T8xx, [0000025123A03000][0000025122AB6F80 49] Android_Mali_G71, [0000025123A6E900][0000025122A93200 49] Android_Mali_G72, [0000025123A02500][0000025122ABF4C0 49] Android_Mali_G72_Vulkan, [0000025123A6DB00][0000025122AC3780 49] Android_Mali_G76, [0000025123A03100][0000025122AC7A40 49] Android_Mali_G76_Vulkan, [0000025123A6DE00][0000025122ACA180 49] Android_Mali_G77, [0000025123A03B00][0000025122ACE440 49] Android_Mali_G77_Vulkan, [0000025123A6FC00][0000025122AD2700 49] Android_Mali_G78, [0000025123A03F00][0000025122AD69C0 49] Android_Mali_G78_Vulkan, [0000025123A6E400][0000025122ADAC80 49] Android_Mali_G710, [0000025123A01300][0000025122ADEF40 49] Android_Mali_G710_Vulkan, [0000025123A6F100][0000025122ABB1C0 49] Android_Vulkan_SM5, [00000251239FA400][0000025122AE3440 49] Android_PowerVR_G6xxx, [0000025123A6DD00][0000025122AEB700 49] Android_PowerVR_GT7xxx, [00000251239F8100][0000025122AEF9C0 49] Android_PowerVR_GE8xxx, [0000025123A6F200][0000025122AF2100 49] Android_PowerVR_GM9xxx, [00000251239F8300][0000025122AF63C0 49] Android_PowerVR_GM9xxx_Vulkan, [0000025123A6F300][0000025122AFA680 49] Android_TegraK1, [00000251239F9600][0000025122AFE940 49] Android_Unknown_Vulkan, [0000025123A6E000][0000025122B02C00 49] Lumin, [00000251239F8B00][0000025122B06EC0 49] Lumin_Desktop, [0000025123A6CD00][0000025122B0B180 49] HoloLens, 
[2022.10.25-15.06.10:856][  0]LogMeshReduction: Using QuadricMeshReduction for automatic static mesh reduction
[2022.10.25-15.06.10:856][  0]LogMeshReduction: Using SimplygonMeshReduction for automatic skeletal mesh reduction
[2022.10.25-15.06.10:856][  0]LogMeshReduction: Using ProxyLODMeshReduction for automatic mesh merging
[2022.10.25-15.06.10:856][  0]LogMeshReduction: No distributed automatic mesh merging module available
[2022.10.25-15.06.10:857][  0]LogMeshMerging: No distributed automatic mesh merging module available
[2022.10.25-15.06.10:867][  0]LogNetVersion: fpsgame 1.0.0, NetCL: 17155196, EngineNetVer: 17, GameNetVer: 0 (Checksum: 3215450660)
[2022.10.25-15.06.10:951][  0]LogTexture: Default maximum texture size for cubemaps generated from long-lat sources has been changed from 512 to unlimited. In order to preserve old behaiour for '/Engine/MapTemplates/Sky/DaylightAmbientCubemap.DaylightAmbientCubemap', its maximum texture size has been explicitly set to 512.
[2022.10.25-15.06.10:970][  0]LogHMD: PokeAHoleMaterial loaded successfully
[2022.10.25-15.06.11:028][  0]LogPython: Using Python 3.7.7
[2022.10.25-15.06.11:392][  0]LogNiagaraDebuggerClient: Niagara Debugger Client Initialized | Session: 97FABCBB4AB692CB1899A38986CE7FC7 | Instance: 8FB23CD74AE16987E75F2687EA8049FC (DESKTOP-QG36584-19040).
[2022.10.25-15.06.11:405][  0]LogCollectionManager: Loaded 0 collections in 0.001646 seconds
[2022.10.25-15.06.11:408][  0]LogFileCache: Scanning file cache for directory 'C:/Users/danie/Documents/Gamedev VR/game/UE4 game/fpsgame/Saved/Collections/' took 0.00s
[2022.10.25-15.06.11:408][  0]LogFileCache: Scanning file cache for directory 'C:/Users/danie/Documents/Gamedev VR/game/UE4 game/fpsgame/Content/Developers/danie/Collections/' took 0.00s
[2022.10.25-15.06.11:408][  0]LogFileCache: Scanning file cache for directory 'C:/Users/danie/Documents/Gamedev VR/game/UE4 game/fpsgame/Content/Collections/' took 0.00s
[2022.10.25-15.06.11:408][  0]LogCollectionManager: Fixed up redirectors for 0 collections in 0.000001 seconds (updated 0 objects)
[2022.10.25-15.06.11:473][  0]LogTcpMessaging: Initializing TcpMessaging bridge
[2022.10.25-15.06.11:475][  0]LogUdpMessaging: Initializing bridge on interface 0.0.0.0:0 to multicast group 230.0.0.1:6666.
[2022.10.25-15.06.11:526][  0]SourceControl: Source control is disabled
[2022.10.25-15.06.11:527][  0]SourceControl: Source control is disabled
[2022.10.25-15.06.11:529][  0]SourceControl: Source control is disabled
[2022.10.25-15.06.11:531][  0]LogUProjectInfo: Found projects:
[2022.10.25-15.06.11:566][  0]LogOpenImageDenoise: OIDN starting up
[2022.10.25-15.06.11:587][  0]LogAndroidPermission: UAndroidPermissionCallbackProxy::GetInstance
[2022.10.25-15.06.11:596][  0]LogAudioCaptureCore: Display: No Audio Capture implementations found. Audio input will be silent.
[2022.10.25-15.06.11:596][  0]LogAudioCaptureCore: Display: No Audio Capture implementations found. Audio input will be silent.
[2022.10.25-15.06.11:638][  0]LogOcInput: OculusInput pre-init called
[2022.10.25-15.06.11:649][  0]LogUObjectArray: 22047 objects as part of root set at end of initial load.
[2022.10.25-15.06.11:649][  0]LogUObjectAllocator: 5968112 out of 0 bytes used by permanent object pool.
[2022.10.25-15.06.11:649][  0]LogUObjectArray: CloseDisregardForGC: 0/0 objects in disregard for GC pool
[2022.10.25-15.06.11:680][  0]LogClass: Display: StructProperty FRewindDataStruct::SnapshotPosition is not initialized properly. Module:fpsgame File:RewindComponent.h
[2022.10.25-15.06.11:680][  0]LogClass: Display: StructProperty FRewindDataStruct::SnapshotRotation is not initialized properly. Module:fpsgame File:RewindComponent.h
[2022.10.25-15.06.11:681][  0]LogClass: Display: StructProperty FRewindDataStruct::SnapshotScale is not initialized properly. Module:fpsgame File:RewindComponent.h
[2022.10.25-15.06.11:681][  0]LogClass: Display: FloatProperty FWeaponStats::MaxRange is not initialized properly. Module:fpsgame File:WeaponActor.h
[2022.10.25-15.06.11:681][  0]LogClass: Display: FloatProperty FWeaponStats::FireRate is not initialized properly. Module:fpsgame File:WeaponActor.h
[2022.10.25-15.06.11:681][  0]LogClass: Display: IntProperty FWeaponStats::CartridgeBullets is not initialized properly. Module:fpsgame File:WeaponActor.h
[2022.10.25-15.06.11:682][  0]LogClass: Display: IntProperty FWeaponStats::BurstNumber is not initialized properly. Module:fpsgame File:WeaponActor.h
[2022.10.25-15.06.11:682][  0]LogClass: Display: FloatProperty FWeaponStats::BurstFireRate is not initialized properly. Module:fpsgame File:WeaponActor.h
[2022.10.25-15.06.11:682][  0]LogClass: Display: IntProperty FWeaponStats::MaxMagSize is not initialized properly. Module:fpsgame File:WeaponActor.h
[2022.10.25-15.06.11:682][  0]LogClass: Display: IntProperty FWeaponStats::MagAmmo is not initialized properly. Module:fpsgame File:WeaponActor.h
[2022.10.25-15.06.11:683][  0]LogClass: Display: FloatProperty FWeaponStats::BaseDamageTorso is not initialized properly. Module:fpsgame File:WeaponActor.h
[2022.10.25-15.06.11:683][  0]LogClass: Display: FloatProperty FWeaponStats::BaseDamageHead is not initialized properly. Module:fpsgame File:WeaponActor.h
[2022.10.25-15.06.11:683][  0]LogClass: Display: FloatProperty FWeaponStats::BaseDamageLegs is not initialized properly. Module:fpsgame File:WeaponActor.h
[2022.10.25-15.06.11:683][  0]LogClass: Display: FloatProperty FWeaponStats::BaseHipfireSpreadAngleInDegrees is not initialized properly. Module:fpsgame File:WeaponActor.h
[2022.10.25-15.06.11:684][  0]LogClass: Display: FloatProperty FWeaponStats::BaseMovementSpreadMultiplier is not initialized properly. Module:fpsgame File:WeaponActor.h
[2022.10.25-15.06.11:684][  0]LogClass: Display: EnumProperty FWeaponMetaData::GunModel is not initialized properly. Module:fpsgame File:WeaponActor.h
[2022.10.25-15.06.11:684][  0]LogClass: Display: EnumProperty FWeaponMetaData::WAWeaponType is not initialized properly. Module:fpsgame File:WeaponActor.h
[2022.10.25-15.06.11:685][  0]LogClass: Display: EnumProperty FWeaponMetaData::WAWeaponFireType is not initialized properly. Module:fpsgame File:WeaponActor.h
[2022.10.25-15.06.11:685][  0]LogClass: Display: EnumProperty FWeaponMetaData::WAWeaponHitDetectionType is not initialized properly. Module:fpsgame File:WeaponActor.h
[2022.10.25-15.06.11:685][  0]LogClass: Display: EnumProperty FWeaponMetaData::TypeOfEquip is not initialized properly. Module:fpsgame File:WeaponActor.h
[2022.10.25-15.06.11:685][  0]LogClass: Warning: ObjectProperty FWeaponVisualAssets::GunMesh is not initialized properly. Module:fpsgame File:WeaponActor.h
[2022.10.25-15.06.11:686][  0]LogClass: Warning: ObjectProperty FWeaponVisualAssets::TracerEffect is not initialized properly. Module:fpsgame File:WeaponActor.h
[2022.10.25-15.06.11:686][  0]LogClass: Warning: ObjectProperty FWeaponVisualAssets::MuzzleFlash is not initialized properly. Module:fpsgame File:WeaponActor.h
[2022.10.25-15.06.11:687][  0]LogClass: Display: StructProperty FWeaponPositionalDetails::BasePosition is not initialized properly. Module:fpsgame File:WeaponActor.h
[2022.10.25-15.06.11:687][  0]LogClass: Display: StructProperty FWeaponPositionalDetails::BaseRotation is not initialized properly. Module:fpsgame File:WeaponActor.h
[2022.10.25-15.06.11:687][  0]LogClass: Display: StructProperty FWeaponPositionalDetails::BaseScale is not initialized properly. Module:fpsgame File:WeaponActor.h
[2022.10.25-15.06.11:687][  0]LogClass: Display: StructProperty FWeaponPositionalDetails::TPBaseScale is not initialized properly. Module:fpsgame File:WeaponActor.h
[2022.10.25-15.06.11:687][  0]LogClass: Display: StructProperty FWeaponPositionalDetails::TPBaseRotation is not initialized properly. Module:fpsgame File:WeaponActor.h
[2022.10.25-15.06.11:688][  0]LogClass: Display: StructProperty FWeaponPositionalDetails::TPBasePosition is not initialized properly. Module:fpsgame File:WeaponActor.h
[2022.10.25-15.06.11:688][  0]LogClass: Display: StructProperty FWeaponPositionalDetails::MuzzlePosition is not initialized properly. Module:fpsgame File:WeaponActor.h
[2022.10.25-15.06.11:688][  0]LogClass: Display: 30 Uninitialized script struct members found including 3 object properties
[2022.10.25-15.06.11:689][  0]LogAutomationTest: Warning: ObjectProperty FWeaponVisualAssets::GunMesh is not initialized properly. Module:fpsgame File:WeaponActor.h
[2022.10.25-15.06.11:689][  0]LogAutomationTest: Warning: ObjectProperty FWeaponVisualAssets::TracerEffect is not initialized properly. Module:fpsgame File:WeaponActor.h
[2022.10.25-15.06.11:690][  0]LogAutomationTest: Warning: ObjectProperty FWeaponVisualAssets::MuzzleFlash is not initialized properly. Module:fpsgame File:WeaponActor.h
[2022.10.25-15.06.11:690][  0]LogEngine: Initializing Engine...
[2022.10.25-15.06.11:691][  0]LogStats: UGameplayTagsManager::InitializeManager -  0.000 s
[2022.10.25-15.06.11:703][  0]LogInit: Initializing FReadOnlyCVARCache
[2022.10.25-15.06.11:703][  0]LogNetVersion: Set ProjectVersion to 1.0.0.0. Version Checksum will be recalculated on next use.
[2022.10.25-15.06.11:706][  0]LogInit: Texture streaming: Disabled
[2022.10.25-15.06.11:728][  0]LogInit: Display: Game Engine Initialized.
[2022.10.25-15.06.11:728][  0]LogNiagaraEditor: GEditor isn't valid! Particle reset commands will not work for Niagara components!
[2022.10.25-15.06.11:757][  0]LogInit: Display: Starting Game.
[2022.10.25-15.06.11:757][  0]LogNet: Browse: /Game/Maps/TestMap?Name=Player
[2022.10.25-15.06.11:758][  0]LogLoad: LoadMap: /Game/Maps/TestMap?Name=Player
[2022.10.25-15.06.11:758][  0]LogWorld: BeginTearingDown for /Temp/Untitled_0
[2022.10.25-15.06.11:760][  0]LogWorld: UWorld::CleanupWorld for Untitled, bSessionEnded=true, bCleanupResources=true
[2022.10.25-15.06.11:768][  0]LogUObjectHash: Compacting FUObjectHashTables data took   0.76ms
[2022.10.25-15.06.11:855][  0]LogAIModule: Creating AISystem for world TestMap
[2022.10.25-15.06.12:052][  0]LogLoad: Game class is 'BP_FPSGameModeDefault_C'
[2022.10.25-15.06.12:053][  0]LogNet: PktLoss set to 0
[2022.10.25-15.06.12:053][  0]LogNet: PktLagMin set to 0
[2022.10.25-15.06.12:053][  0]LogNet: PktLagMax set to 0
[2022.10.25-15.06.12:053][  0]LogNet: PktIncomingLagMin set to 0
[2022.10.25-15.06.12:053][  0]LogNet: PktIncomingLagMax set to 0
[2022.10.25-15.06.12:053][  0]LogNet: PktIncomingLoss set to 0
[2022.10.25-15.06.12:054][  0]LogNet: PktLoss set to 0
[2022.10.25-15.06.12:054][  0]LogNet: PktLagMin set to 0
[2022.10.25-15.06.12:054][  0]LogNet: PktLagMax set to 0
[2022.10.25-15.06.12:054][  0]LogNet: PktIncomingLagMin set to 0
[2022.10.25-15.06.12:054][  0]LogNet: PktIncomingLagMax set to 0
[2022.10.25-15.06.12:054][  0]LogNet: PktIncomingLoss set to 0
[2022.10.25-15.06.12:054][  0]LogNet: PktLoss set to 0
[2022.10.25-15.06.12:054][  0]LogNet: PktLagMin set to 0
[2022.10.25-15.06.12:054][  0]LogNet: PktLagMax set to 0
[2022.10.25-15.06.12:054][  0]LogNet: PktIncomingLagMin set to 0
[2022.10.25-15.06.12:055][  0]LogNet: PktIncomingLagMax set to 0
[2022.10.25-15.06.12:055][  0]LogNet: PktIncomingLoss set to 0
[2022.10.25-15.06.12:055][  0]LogNet: ReplicationDriverClass is null! Not using ReplicationDriver.
[2022.10.25-15.06.12:055][  0]LogNetCore: DDoS detection status: detection enabled: 0 analytics enabled: 0
[2022.10.25-15.06.12:055][  0]LogInit: WinSock: Socket queue. Rx: 131072 (config 131072) Tx: 131072 (config 131072)
[2022.10.25-15.06.12:056][  0]LogNet: Created socket for bind address: 0.0.0.0 on port 17777
[2022.10.25-15.06.12:056][  0]PacketHandlerLog: Loaded PacketHandler component: Engine.EngineHandlerComponentFactory (StatelessConnectHandlerComponent)
[2022.10.25-15.06.12:056][  0]LogNet: GameNetDriver IpNetDriver_0 IpNetDriver listening on port 17777
[2022.10.25-15.06.12:057][  0]LogWorld: Bringing World /Game/Maps/TestMap.TestMap up for play (max tick rate 30) at 2022.10.25-16.06.12
[2022.10.25-15.06.12:057][  0]LogWorld: Bringing up level for play took: 0.001095
[2022.10.25-15.06.12:058][  0]LogGameMode: Display: Match State Changed from EnteringMap to WaitingToStart
[2022.10.25-15.06.12:058][  0]LogGameState: Match State Changed from EnteringMap to WaitingToStart
[2022.10.25-15.06.12:058][  0]LogLoad: Took 0.300812 seconds to LoadMap(/Game/Maps/TestMap)
[2022.10.25-15.06.12:063][  0]LogInit: Display: Engine is initialized. Leaving FEngineLoop::Init()
[2022.10.25-15.06.12:064][  0]LogLoad: (Engine Initialization) Total time: 4.68 seconds
[2022.10.25-15.06.12:065][  0]LogLoad: (Engine Initialization) Total Blueprint compile time: 0.00 seconds
[2022.10.25-15.06.12:331][  7]LogNet: NotifyAcceptingConnection accepted from: 127.0.0.1:64842
[2022.10.25-15.06.12:331][  7]LogHandshake: SendConnectChallenge. Timestamp: 0.265209, Cookie: 201151227201042245152088226168005009176015153201061001080150
[2022.10.25-15.06.12:365][  8]LogNet: NotifyAcceptingConnection accepted from: 127.0.0.1:64842
[2022.10.25-15.06.12:365][  8]LogHandshake: SendChallengeAck. InCookie: 201151227201042245152088226168005009176015153201061001080150
[2022.10.25-15.06.12:366][  8]LogNet: Server accepting post-challenge connection from: 127.0.0.1:64842
[2022.10.25-15.06.12:367][  8]PacketHandlerLog: Loaded PacketHandler component: Engine.EngineHandlerComponentFactory (StatelessConnectHandlerComponent)
[2022.10.25-15.06.12:367][  8]LogNet: NotifyAcceptedConnection: Name: TestMap, TimeStamp: 10/25/22 16:06:12, [UNetConnection] RemoteAddr: 127.0.0.1:64842, Name: IpConnection_0, Driver: GameNetDriver IpNetDriver_0, IsServer: YES, PC: NULL, Owner: NULL, UniqueId: INVALID
[2022.10.25-15.06.12:367][  8]LogNet: AddClientConnection: Added client connection: [UNetConnection] RemoteAddr: 127.0.0.1:64842, Name: IpConnection_0, Driver: GameNetDriver IpNetDriver_0, IsServer: YES, PC: NULL, Owner: NULL, UniqueId: INVALID
[2022.10.25-15.06.12:398][  9]LogNet: NotifyAcceptingChannel Control 0 server World /Game/Maps/TestMap.TestMap: Accepted
[2022.10.25-15.06.12:398][  9]LogNet: Remote platform little endian=1
[2022.10.25-15.06.12:399][  9]LogNet: This platform little endian=1
[2022.10.25-15.06.12:399][  9]LogNetVersion: fpsgame 1.0.0.0, NetCL: 17155196, EngineNetVer: 17, GameNetVer: 0 (Checksum: 1484303137)
[2022.10.25-15.06.12:432][ 10]LogNet: Login request: ?PktLagMin=0?PktLagMax=0?PktLoss=0?PktIncomingLagMin=0?PktIncomingLagMax=0?PktIncomingLoss=0?Name=DESKTOP-QG36584-F7F85659489FE07CCE961A8EA2AF300E userId: NULL:DESKTOP-QG36584-F7F85659489FE07CCE961A8EA2AF300E platform: NULL
[2022.10.25-15.06.12:465][ 11]LogNet: Client netspeed is 100000
[2022.10.25-15.06.12:498][ 12]LogNet: Join request: /Engine/Maps/Entry?PktLagMin=0?PktLagMax=0?PktLoss=0?PktIncomingLagMin=0?PktIncomingLagMax=0?PktIncomingLoss=0?Name=DESKTOP-QG36584-F7F85659489FE07CCE961A8EA2AF300E?SplitscreenCount=1
[2022.10.25-15.06.12:498][ 12]LogOnlineSession: Warning: OSS: No game present to join for session (GameSession)
[2022.10.25-15.06.12:499][ 12]LogGameMode: Display: Match State Changed from WaitingToStart to InProgress
[2022.10.25-15.06.12:501][ 12]LogTemp: Warning: Numebr of rewind components = 1
[2022.10.25-15.06.12:501][ 12]LogGameState: Match State Changed from WaitingToStart to InProgress
[2022.10.25-15.06.12:501][ 12]LogNet: Join succeeded: DESKTOP-QG36584-F7F8
[2022.10.25-15.06.12:797][ 21]LogNet: NotifyAcceptingConnection accepted from: 127.0.0.1:64845
[2022.10.25-15.06.12:797][ 21]LogHandshake: SendConnectChallenge. Timestamp: 0.731632, Cookie: 026250128080203184232119165057127070168063166112087120102204
[2022.10.25-15.06.12:830][ 22]LogNet: NotifyAcceptingConnection accepted from: 127.0.0.1:64845
[2022.10.25-15.06.12:830][ 22]LogHandshake: SendChallengeAck. InCookie: 026250128080203184232119165057127070168063166112087120102204
[2022.10.25-15.06.12:831][ 22]LogNet: Server accepting post-challenge connection from: 127.0.0.1:64845
[2022.10.25-15.06.12:831][ 22]PacketHandlerLog: Loaded PacketHandler component: Engine.EngineHandlerComponentFactory (StatelessConnectHandlerComponent)
[2022.10.25-15.06.12:831][ 22]LogNet: NotifyAcceptedConnection: Name: TestMap, TimeStamp: 10/25/22 16:06:12, [UNetConnection] RemoteAddr: 127.0.0.1:64845, Name: IpConnection_1, Driver: GameNetDriver IpNetDriver_0, IsServer: YES, PC: NULL, Owner: NULL, UniqueId: INVALID
[2022.10.25-15.06.12:832][ 22]LogNet: AddClientConnection: Added client connection: [UNetConnection] RemoteAddr: 127.0.0.1:64845, Name: IpConnection_1, Driver: GameNetDriver IpNetDriver_0, IsServer: YES, PC: NULL, Owner: NULL, UniqueId: INVALID
[2022.10.25-15.06.12:832][ 22]LogNet: NotifyAcceptingChannel Control 0 server World /Game/Maps/TestMap.TestMap: Accepted
[2022.10.25-15.06.12:833][ 22]LogNet: Remote platform little endian=1
[2022.10.25-15.06.12:833][ 22]LogNet: This platform little endian=1
[2022.10.25-15.06.12:864][ 23]LogNet: Login request: ?Name=DESKTOP-QG36584-84E6C1F5478340D9C2FADCA34B3BB8B8 userId: NULL:DESKTOP-QG36584-84E6C1F5478340D9C2FADCA34B3BB8B8 platform: NULL
[2022.10.25-15.06.13:161][ 32]LogNet: Client netspeed is 100000
[2022.10.25-15.06.13:161][ 32]LogNet: Join request: /Engine/Maps/Entry?Name=DESKTOP-QG36584-84E6C1F5478340D9C2FADCA34B3BB8B8?SplitscreenCount=1
[2022.10.25-15.06.13:162][ 32]LogOnlineSession: Warning: OSS: No game present to join for session (GameSession)
[2022.10.25-15.06.13:164][ 32]LogTemp: Warning: Numebr of rewind components = 2
[2022.10.25-15.06.13:165][ 32]LogNet: Join succeeded: DESKTOP-QG36584-84E6
[2022.10.25-15.06.17:402][160]LogTemp: Warning: Reliable pickup call
[2022.10.25-15.06.17:403][160]LogTemp: Warning: diarrhea
[2022.10.25-15.06.17:701][169]LogTemp: Warning: Secondary pickup reliable switch call
[2022.10.25-15.06.17:703][169]LogTemp: Warning: Equipping secondary
[2022.10.25-15.06.17:703][169]LogTemp: Warning: No longer bursting
[2022.10.25-15.06.17:703][169]LogTemp: Warning: TP attach
