Log file open, 11/09/22 19:33:37
LogWindows: Failed to load 'aqProf.dll' (GetLastError=126)
LogWindows: File 'aqProf.dll' does not exist
LogWindows: Failed to load 'VtuneApi.dll' (GetLastError=126)
LogWindows: File 'VtuneApi.dll' does not exist
LogWindows: Failed to load 'VtuneApi32e.dll' (GetLastError=126)
LogWindows: File 'VtuneApi32e.dll' does not exist
LogConsoleResponse: Display: Failed to find resolution value strings in scalability ini. Falling back to default.
LogConsoleResponse: Display: Failed to find resolution value strings in scalability ini. Falling back to default.
LogInit: Display: Running engine for game: fpsgame
LogPlatformFile: Not using cached read wrapper
LogTaskGraph: Started task graph with 5 named threads and 35 total threads with 3 sets of task threads.
LogStats: Stats thread started at 0.231839
LogICUInternationalization: ICU TimeZone Detection - Raw Offset: +0:00, Platform Override: ''
LogInit: Display: Loading text-based GConfig....
LogPluginManager: Mounting plugin MeshPainting
LogPluginManager: Mounting plugin XGEController
LogPluginManager: Mounting plugin Paper2D
LogPluginManager: Mounting plugin AISupport
LogPluginManager: Mounting plugin LiveLink
LogPluginManager: Mounting plugin CameraShakePreviewer
LogPluginManager: Mounting plugin GameplayCameras
LogPluginManager: Mounting plugin LightPropagationVolume
LogPluginManager: Mounting plugin OodleData
LogPluginManager: Mounting plugin OodleNetwork
LogPluginManager: Mounting plugin AssetManagerEditor
LogPluginManager: Mounting plugin CryptoKeys
LogPluginManager: Mounting plugin CurveEditorTools
LogPluginManager: Mounting plugin DataValidation
LogPluginManager: Mounting plugin EnvironmentQueryEditor
LogPluginManager: Mounting plugin GeometryMode
LogPluginManager: Mounting plugin MacGraphicsSwitching
LogPluginManager: Mounting plugin MaterialAnalyzer
LogPluginManager: Mounting plugin GameplayTagsEditor
LogPluginManager: Mounting plugin FacialAnimation
LogPluginManager: Mounting plugin MobileLauncherProfileWizard
LogPluginManager: Mounting plugin PluginBrowser
LogPluginManager: Mounting plugin SpeedTreeImporter
LogPluginManager: Mounting plugin VariantManagerContent
LogPluginManager: Mounting plugin DatasmithContent
LogPluginManager: Mounting plugin AnimationSharing
LogPluginManager: Mounting plugin CLionSourceCodeAccess
LogPluginManager: Mounting plugin GitSourceControl
LogPluginManager: Mounting plugin NullSourceCodeAccess
LogPluginManager: Mounting plugin CodeLiteSourceCodeAccess
LogPluginManager: Mounting plugin KDevelopSourceCodeAccess
LogPluginManager: Mounting plugin PerforceSourceControl
LogPluginManager: Mounting plugin PropertyAccessNode
LogPluginManager: Mounting plugin PluginUtils
LogPluginManager: Mounting plugin RiderSourceCodeAccess
LogPluginManager: Mounting plugin SubversionSourceControl
LogPluginManager: Mounting plugin TextureFormatOodle
LogPluginManager: Mounting plugin PixWinPlugin
LogPluginManager: Mounting plugin UObjectPlugin
LogPluginManager: Mounting plugin XCodeSourceCodeAccess
LogPluginManager: Mounting plugin VisualStudioCodeSourceCodeAccess
LogPluginManager: Mounting plugin VisualStudioSourceCodeAccess
LogPluginManager: Mounting plugin Niagara
LogPluginManager: Mounting plugin PlasticSourceControl
LogPluginManager: Mounting plugin AlembicImporter
LogPluginManager: Mounting plugin BackChannel
LogPluginManager: Mounting plugin AutomationUtils
LogPluginManager: Mounting plugin ChaosCloth
LogPluginManager: Mounting plugin ChaosClothEditor
LogPluginManager: Mounting plugin ChaosNiagara
LogPluginManager: Mounting plugin ChaosEditor
LogPluginManager: Mounting plugin ChaosSolverPlugin
LogPluginManager: Mounting plugin LuminPlatformFeatures
LogPluginManager: Mounting plugin MagicLeap
LogPluginManager: Mounting plugin CharacterAI
LogPluginManager: Mounting plugin GeometryCache
LogPluginManager: Mounting plugin GeometryCollectionPlugin
LogPluginManager: Mounting plugin MagicLeapMedia
LogPluginManager: Mounting plugin MagicLeapPassableWorld
LogPluginManager: Mounting plugin MLSDK
LogPluginManager: Mounting plugin TcpMessaging
LogPluginManager: Mounting plugin MagicLeapLightEstimation
LogPluginManager: Mounting plugin GeometryProcessing
LogPluginManager: Mounting plugin UdpMessaging
LogPluginManager: Mounting plugin OpenImageDenoise
LogPluginManager: Mounting plugin MotoSynth
LogPluginManager: Mounting plugin PlatformCrypto
LogPluginManager: Mounting plugin PythonScriptPlugin
LogPluginManager: Mounting plugin PlanarCut
LogPluginManager: Mounting plugin ProxyLODPlugin
LogPluginManager: Mounting plugin SkeletalReduction
LogPluginManager: Mounting plugin AvfMedia
LogPluginManager: Mounting plugin ImgMedia
LogPluginManager: Mounting plugin AndroidMedia
LogPluginManager: Mounting plugin MediaCompositing
LogPluginManager: Mounting plugin MediaPlayerEditor
LogPluginManager: Mounting plugin WebMMedia
LogPluginManager: Mounting plugin WmfMedia
LogPluginManager: Mounting plugin OnlineSubsystem
LogPluginManager: Mounting plugin OnlineSubsystemNull
LogPluginManager: Mounting plugin OnlineSubsystemUtils
LogPluginManager: Mounting plugin ActorSequence
LogPluginManager: Mounting plugin LevelSequenceEditor
LogPluginManager: Mounting plugin MatineeToLevelSequence
LogPluginManager: Mounting plugin TemplateSequence
LogPluginManager: Mounting plugin LauncherChunkInstaller
LogPluginManager: Mounting plugin ActorLayerUtilities
LogPluginManager: Mounting plugin AndroidMoviePlayer
LogPluginManager: Mounting plugin AndroidPermission
LogPluginManager: Mounting plugin AndroidDeviceProfileSelector
LogPluginManager: Mounting plugin AppleMoviePlayer
LogPluginManager: Mounting plugin AppleImageUtils
LogPluginManager: Mounting plugin ArchVisCharacter
LogPluginManager: Mounting plugin AssetTags
LogPluginManager: Mounting plugin CableComponent
LogPluginManager: Mounting plugin ChunkDownloader
LogPluginManager: Mounting plugin AudioSynesthesia
LogPluginManager: Mounting plugin CustomMeshComponent
LogPluginManager: Mounting plugin AudioCapture
LogPluginManager: Mounting plugin EditableMesh
LogPluginManager: Mounting plugin ExampleDeviceProfileSelector
LogPluginManager: Mounting plugin GoogleCloudMessaging
LogPluginManager: Mounting plugin ScreenshotTools
LogPluginManager: Mounting plugin GooglePAD
LogPluginManager: Mounting plugin IOSDeviceProfileSelector
LogPluginManager: Mounting plugin LocationServicesBPLibrary
LogPluginManager: Mounting plugin LinuxDeviceProfileSelector
LogPluginManager: Mounting plugin MobilePatchingUtils
LogPluginManager: Mounting plugin OpenXR
LogPluginManager: Mounting plugin OpenXREyeTracker
LogPluginManager: Mounting plugin OpenXRHandTracking
LogPluginManager: Mounting plugin PhysXVehicles
LogPluginManager: Mounting plugin Takes
LogPluginManager: Mounting plugin PostSplashScreen
LogPluginManager: Mounting plugin ProceduralMeshComponent
LogPluginManager: Mounting plugin PropertyAccessEditor
LogPluginManager: Mounting plugin RuntimePhysXCooking
LogPluginManager: Mounting plugin SignificanceManager
LogPluginManager: Mounting plugin SoundFields
LogPluginManager: Mounting plugin Synthesis
LogPluginManager: Mounting plugin WebMMoviePlayer
LogPluginManager: Mounting plugin WindowsMoviePlayer
LogPluginManager: Mounting plugin ContentBrowserClassDataSource
LogPluginManager: Mounting plugin ContentBrowserAssetDataSource
LogPluginManager: Mounting plugin ContentBrowserFileDataSource
LogPluginManager: Mounting plugin OnlineSubsystemGooglePlay
LogPluginManager: Mounting plugin OnlineSubsystemIOS
LogPluginManager: Mounting plugin OculusVR
LogPluginManager: Mounting plugin SteamVR
PixWinPlugin: PIX capture plugin failed to initialize! Check that the process is launched from PIX.
LogInit: Using libcurl 7.55.1-DEV
LogInit:  - built for x86_64-pc-win32
LogInit:  - supports SSL with OpenSSL/1.1.1
LogInit:  - supports HTTP deflate (compression) using libz 1.2.8
LogInit:  - other features:
LogInit:      CURL_VERSION_SSL
LogInit:      CURL_VERSION_LIBZ
LogInit:      CURL_VERSION_IPV6
LogInit:      CURL_VERSION_ASYNCHDNS
LogInit:      CURL_VERSION_LARGEFILE
LogInit:      CURL_VERSION_IDN
LogInit:  CurlRequestOptions (configurable via config and command line):
LogInit:  - bVerifyPeer = true  - Libcurl will verify peer certificate
LogInit:  - bUseHttpProxy = false  - Libcurl will NOT use HTTP proxy
LogInit:  - bDontReuseConnections = false  - Libcurl will reuse connections
LogInit:  - MaxHostConnections = 16  - Libcurl will limit the number of connections to a host
LogInit:  - LocalHostAddr = Default
LogInit:  - BufferSize = 65536
LogOnline: OSS: Creating online subsystem instance for: NULL
LogInit: WinSock: version 1.1 (2.2), MaxSocks=32767, MaxUdp=65467
LogOnline: OSS: TryLoadSubsystemAndSetDefault: Loaded subsystem for module [NULL]
LogOculusPluginWrapper: OculusPlugin initialized successfully
LogHMD: Failed initializing OVRPlugin 1.59.0
LogInit: Build: ++UE4+Release-4.27-CL-18319896
LogInit: Engine Version: 4.27.2-18319896+++UE4+Release-4.27
LogInit: Compatible Engine Version: 4.27.0-17155196+++UE4+Release-4.27
LogInit: Net CL: 17155196
LogInit: OS: Windows 10 (Release 2009) (), CPU: AMD Ryzen 5 3600X 6-Core Processor             , GPU: AMD Radeon RX 5700 XT
LogInit: Compiled (64-bit): Nov 30 2021 07:12:08
LogInit: Compiled with Visual C++: 19.24.28315.00
LogInit: Build Configuration: Development
LogInit: Branch Name: ++UE4+Release-4.27
LogInit: Command Line:  127.0.0.1:17777 -game -PIEVIACONSOLE -Multiprocess "GameUserSettingsINI=C:/Users/danie/Documents/Gamedev VR/game/UE4 game/fpsgame/Saved/Config/Windows/PIEGameUserSettings1.ini" -MultiprocessSaveConfig -forcepassthrough -messaging -SessionName="Play in Standalone Game" -PktLagMin=0 -PktLagMax=0 -PktLoss=0 -PktIncomingLagMin=0 -PktIncomingLagMax=0 -PktIncomingLoss=0 -windowed -WinX=0 -WinY=24 SAVEWINPOS=1 -ResX=640 -ResY=480
LogInit: Base Directory: C:/Program Files/Epic Games/UE_4.27/Engine/Binaries/Win64/
LogInit: Allocator: TBB
LogInit: Installed Engine Build: 1
LogDevObjectVersion: Number of dev versions registered: 29
LogDevObjectVersion:   Dev-Blueprints (B0D832E4-1F89-4F0D-ACCF-7EB736FD4AA2): 10
LogDevObjectVersion:   Dev-Build (E1C64328-A22C-4D53-A36C-8E866417BD8C): 0
LogDevObjectVersion:   Dev-Core (375EC13C-06E4-48FB-B500-84F0262A717E): 4
LogDevObjectVersion:   Dev-Editor (E4B068ED-F494-42E9-A231-DA0B2E46BB41): 40
LogDevObjectVersion:   Dev-Framework (CFFC743F-43B0-4480-9391-14DF171D2073): 37
LogDevObjectVersion:   Dev-Mobile (B02B49B5-BB20-44E9-A304-32B752E40360): 3
LogDevObjectVersion:   Dev-Networking (A4E4105C-59A1-49B5-A7C5-40C4547EDFEE): 0
LogDevObjectVersion:   Dev-Online (39C831C9-5AE6-47DC-9A44-9C173E1C8E7C): 0
LogDevObjectVersion:   Dev-Physics (78F01B33-EBEA-4F98-B9B4-84EACCB95AA2): 14
LogDevObjectVersion:   Dev-Platform (6631380F-2D4D-43E0-8009-CF276956A95A): 0
LogDevObjectVersion:   Dev-Rendering (12F88B9F-8875-4AFC-A67C-D90C383ABD29): 45
LogDevObjectVersion:   Dev-Sequencer (7B5AE74C-D270-4C10-A958-57980B212A5A): 13
LogDevObjectVersion:   Dev-VR (D7296918-1DD6-4BDD-9DE2-64A83CC13884): 3
LogDevObjectVersion:   Dev-LoadTimes (C2A15278-BFE7-4AFE-6C17-90FF531DF755): 1
LogDevObjectVersion:   Private-Geometry (6EACA3D4-40EC-4CC1-B786-8BED09428FC5): 3
LogDevObjectVersion:   Dev-AnimPhys (29E575DD-E0A3-4627-9D10-D276232CDCEA): 17
LogDevObjectVersion:   Dev-Anim (AF43A65D-7FD3-4947-9873-3E8ED9C1BB05): 15
LogDevObjectVersion:   Dev-ReflectionCapture (6B266CEC-1EC7-4B8F-A30B-E4D90942FC07): 1
LogDevObjectVersion:   Dev-Automation (0DF73D61-A23F-47EA-B727-89E90C41499A): 1
LogDevObjectVersion:   FortniteMain (601D1886-AC64-4F84-AA16-D3DE0DEAC7D6): 47
LogDevObjectVersion:   FortniteRelease (E7086368-6B23-4C58-8439-1B7016265E91): 1
LogDevObjectVersion:   Dev-Enterprise (9DFFBCD6-494F-0158-E221-12823C92A888): 10
LogDevObjectVersion:   Dev-Niagara (F2AED0AC-9AFE-416F-8664-AA7FFA26D6FC): 1
LogDevObjectVersion:   Dev-Destruction (174F1F0B-B4C6-45A5-B13F-2EE8D0FB917D): 10
LogDevObjectVersion:   Dev-Physics-Ext (35F94A83-E258-406C-A318-09F59610247C): 41
LogDevObjectVersion:   Dev-PhysicsMaterial-Chaos (B68FC16E-8B1B-42E2-B453-215C058844FE): 1
LogDevObjectVersion:   Dev-CineCamera (B2E18506-4273-CFC2-A54E-F4BB758BBA07): 1
LogDevObjectVersion:   Dev-VirtualProduction (64F58936-FD1B-42BA-BA96-7289D5D0FA4E): 1
LogDevObjectVersion:   Dev-MediaFramework (6F0ED827-A609-4895-9C91-998D90180EA4): 2
LogInit: Presizing for max 25165824 objects, including 0 objects not considered by GC, pre-allocating 0 bytes for permanent pool.
LogConfig: Applying CVar settings from Section [/Script/Engine.StreamingSettings] File [C:/Users/danie/Documents/Gamedev VR/game/UE4 game/fpsgame/Saved/Config/Windows/Engine.ini]
LogConfig: Setting CVar [[s.MinBulkDataSizeForAsyncLoading:131072]]
LogConfig: Setting CVar [[s.AsyncLoadingThreadEnabled:0]]
LogConfig: Setting CVar [[s.EventDrivenLoaderEnabled:1]]
LogConfig: Setting CVar [[s.WarnIfTimeLimitExceeded:0]]
LogConfig: Setting CVar [[s.TimeLimitExceededMultiplier:1.5]]
LogConfig: Setting CVar [[s.TimeLimitExceededMinTime:0.005]]
LogConfig: Setting CVar [[s.UseBackgroundLevelStreaming:1]]
LogConfig: Setting CVar [[s.PriorityAsyncLoadingExtraTime:15.0]]
LogConfig: Setting CVar [[s.LevelStreamingActorsUpdateTimeLimit:5.0]]
LogConfig: Setting CVar [[s.PriorityLevelStreamingActorsUpdateExtraTime:5.0]]
LogConfig: Setting CVar [[s.LevelStreamingComponentsRegistrationGranularity:10]]
LogConfig: Setting CVar [[s.UnregisterComponentsTimeLimit:1.0]]
LogConfig: Setting CVar [[s.LevelStreamingComponentsUnregistrationGranularity:5]]
LogConfig: Setting CVar [[s.FlushStreamingOnExit:1]]
LogInit: Object subsystem initialized
LogConfig: Setting CVar [[con.DebugEarlyDefault:1]]
LogConfig: Setting CVar [[r.setres:1280x720]]
[2022.11.09-19.33.38:203][  0]LogConfig: Setting CVar [[con.DebugEarlyDefault:1]]
[2022.11.09-19.33.38:203][  0]LogConfig: Setting CVar [[r.setres:1280x720]]
[2022.11.09-19.33.38:203][  0]LogConfig: Applying CVar settings from Section [/Script/Engine.RendererSettings] File [C:/Users/danie/Documents/Gamedev VR/game/UE4 game/fpsgame/Saved/Config/Windows/Engine.ini]
[2022.11.09-19.33.38:203][  0]LogConfig: Setting CVar [[r.GPUCrashDebugging:0]]
[2022.11.09-19.33.38:203][  0]LogConfig: Setting CVar [[r.Mobile.DisableVertexFog:1]]
[2022.11.09-19.33.38:203][  0]LogConfig: Setting CVar [[r.Shadow.CSM.MaxMobileCascades:2]]
[2022.11.09-19.33.38:203][  0]LogConfig: Setting CVar [[r.MobileMSAA:1]]
[2022.11.09-19.33.38:203][  0]LogConfig: Setting CVar [[r.Mobile.AllowDitheredLODTransition:0]]
[2022.11.09-19.33.38:203][  0]LogConfig: Setting CVar [[r.Mobile.AllowSoftwareOcclusion:0]]
[2022.11.09-19.33.38:203][  0]LogConfig: Setting CVar [[r.Mobile.VirtualTextures:0]]
[2022.11.09-19.33.38:203][  0]LogConfig: Setting CVar [[r.DiscardUnusedQuality:0]]
[2022.11.09-19.33.38:203][  0]LogConfig: Setting CVar [[r.AllowOcclusionQueries:1]]
[2022.11.09-19.33.38:203][  0]LogConfig: Setting CVar [[r.MinScreenRadiusForLights:0.030000]]
[2022.11.09-19.33.38:203][  0]LogConfig: Setting CVar [[r.MinScreenRadiusForDepthPrepass:0.030000]]
[2022.11.09-19.33.38:203][  0]LogConfig: Setting CVar [[r.MinScreenRadiusForCSMDepth:0.010000]]
[2022.11.09-19.33.38:203][  0]LogConfig: Setting CVar [[r.PrecomputedVisibilityWarning:0]]
[2022.11.09-19.33.38:203][  0]LogConfig: Setting CVar [[r.TextureStreaming:1]]
[2022.11.09-19.33.38:203][  0]LogConfig: Setting CVar [[Compat.UseDXT5NormalMaps:0]]
[2022.11.09-19.33.38:203][  0]LogConfig: Setting CVar [[r.VirtualTextures:0]]
[2022.11.09-19.33.38:203][  0]LogConfig: Setting CVar [[r.VT.EnableAutoImport:1]]
[2022.11.09-19.33.38:203][  0]LogConfig: Setting CVar [[r.VirtualTexturedLightmaps:0]]
[2022.11.09-19.33.38:203][  0]LogConfig: Setting CVar [[r.VT.TileSize:128]]
[2022.11.09-19.33.38:203][  0]LogConfig: Setting CVar [[r.VT.TileBorderSize:4]]
[2022.11.09-19.33.38:203][  0]LogConfig: Setting CVar [[r.vt.FeedbackFactor:16]]
[2022.11.09-19.33.38:203][  0]LogConfig: Setting CVar [[r.VT.EnableCompressZlib:1]]
[2022.11.09-19.33.38:203][  0]LogConfig: Setting CVar [[r.VT.EnableCompressCrunch:0]]
[2022.11.09-19.33.38:203][  0]LogConfig: Setting CVar [[r.ClearCoatNormal:0]]
[2022.11.09-19.33.38:203][  0]LogConfig: Setting CVar [[r.ReflectionCaptureResolution:128]]
[2022.11.09-19.33.38:203][  0]LogConfig: Setting CVar [[r.Mobile.ReflectionCaptureCompression:0]]
[2022.11.09-19.33.38:203][  0]LogConfig: Setting CVar [[r.ReflectionEnvironmentLightmapMixBasedOnRoughness:1]]
[2022.11.09-19.33.38:203][  0]LogConfig: Setting CVar [[r.ForwardShading:0]]
[2022.11.09-19.33.38:203][  0]LogConfig: Setting CVar [[r.VertexFoggingForOpaque:1]]
[2022.11.09-19.33.38:203][  0]LogConfig: Setting CVar [[r.AllowStaticLighting:1]]
[2022.11.09-19.33.38:203][  0]LogConfig: Setting CVar [[r.NormalMapsForStaticLighting:0]]
[2022.11.09-19.33.38:203][  0]LogConfig: Setting CVar [[r.GenerateMeshDistanceFields:0]]
[2022.11.09-19.33.38:203][  0]LogConfig: Setting CVar [[r.DistanceFieldBuild.EightBit:0]]
[2022.11.09-19.33.38:203][  0]LogConfig: Setting CVar [[r.GenerateLandscapeGIData:0]]
[2022.11.09-19.33.38:203][  0]LogConfig: Setting CVar [[r.DistanceFieldBuild.Compress:0]]
[2022.11.09-19.33.38:203][  0]LogConfig: Setting CVar [[r.TessellationAdaptivePixelsPerTriangle:48.000000]]
[2022.11.09-19.33.38:203][  0]LogConfig: Setting CVar [[r.SeparateTranslucency:1]]
[2022.11.09-19.33.38:204][  0]LogConfig: Setting CVar [[r.TranslucentSortPolicy:0]]
[2022.11.09-19.33.38:204][  0]LogConfig: Setting CVar [[vr.VRS.HMDFixedFoveationLevel:0]]
[2022.11.09-19.33.38:204][  0]LogConfig: Setting CVar [[r.CustomDepth:1]]
[2022.11.09-19.33.38:204][  0]LogConfig: Setting CVar [[r.CustomDepthTemporalAAJitter:1]]
[2022.11.09-19.33.38:204][  0]LogConfig: Setting CVar [[r.PostProcessing.PropagateAlpha:0]]
[2022.11.09-19.33.38:204][  0]LogConfig: Setting CVar [[r.DefaultFeature.Bloom:1]]
[2022.11.09-19.33.38:204][  0]LogConfig: Setting CVar [[r.DefaultFeature.AmbientOcclusion:1]]
[2022.11.09-19.33.38:204][  0]LogConfig: Setting CVar [[r.DefaultFeature.AmbientOcclusionStaticFraction:1]]
[2022.11.09-19.33.38:204][  0]LogConfig: Setting CVar [[r.DefaultFeature.AutoExposure:0]]
[2022.11.09-19.33.38:204][  0]LogConfig: Setting CVar [[r.DefaultFeature.AutoExposure.Method:0]]
[2022.11.09-19.33.38:204][  0]LogConfig: Setting CVar [[r.DefaultFeature.AutoExposure.Bias:1.000000]]
[2022.11.09-19.33.38:204][  0]LogConfig: Setting CVar [[r.DefaultFeature.AutoExposure.ExtendDefaultLuminanceRange:0]]
[2022.11.09-19.33.38:204][  0]LogConfig: Setting CVar [[r.UsePreExposure:1]]
[2022.11.09-19.33.38:204][  0]LogConfig: Setting CVar [[r.EyeAdaptation.EditorOnly:0]]
[2022.11.09-19.33.38:204][  0]LogConfig: Setting CVar [[r.DefaultFeature.MotionBlur:0]]
[2022.11.09-19.33.38:204][  0]LogConfig: Setting CVar [[r.DefaultFeature.LensFlare:0]]
[2022.11.09-19.33.38:204][  0]LogConfig: Setting CVar [[r.TemporalAA.Upsampling:0]]
[2022.11.09-19.33.38:204][  0]LogConfig: Setting CVar [[r.SSGI.Enable:0]]
[2022.11.09-19.33.38:204][  0]LogConfig: Setting CVar [[r.DefaultFeature.AntiAliasing:0]]
[2022.11.09-19.33.38:204][  0]LogConfig: Setting CVar [[r.DefaultFeature.LightUnits:1]]
[2022.11.09-19.33.38:204][  0]LogConfig: Setting CVar [[r.DefaultBackBufferPixelFormat:4]]
[2022.11.09-19.33.38:204][  0]LogConfig: Setting CVar [[r.Shadow.UnbuiltPreviewInGame:1]]
[2022.11.09-19.33.38:204][  0]LogConfig: Setting CVar [[r.StencilForLODDither:0]]
[2022.11.09-19.33.38:204][  0]LogConfig: Setting CVar [[r.EarlyZPass:3]]
[2022.11.09-19.33.38:204][  0]LogConfig: Setting CVar [[r.EarlyZPassOnlyMaterialMasking:0]]
[2022.11.09-19.33.38:204][  0]LogConfig: Setting CVar [[r.DBuffer:1]]
[2022.11.09-19.33.38:204][  0]LogConfig: Setting CVar [[r.ClearSceneMethod:1]]
[2022.11.09-19.33.38:204][  0]LogConfig: Setting CVar [[r.BasePassOutputsVelocity:0]]
[2022.11.09-19.33.38:204][  0]LogConfig: Setting CVar [[r.VertexDeformationOutputsVelocity:0]]
[2022.11.09-19.33.38:204][  0]LogConfig: Setting CVar [[r.SelectiveBasePassOutputs:0]]
[2022.11.09-19.33.38:204][  0]LogConfig: Setting CVar [[fx.GPUSimulationTextureSizeX:1024]]
[2022.11.09-19.33.38:204][  0]LogConfig: Setting CVar [[fx.GPUSimulationTextureSizeY:1024]]
[2022.11.09-19.33.38:204][  0]LogConfig: Setting CVar [[r.AllowGlobalClipPlane:0]]
[2022.11.09-19.33.38:204][  0]LogConfig: Setting CVar [[r.GBufferFormat:1]]
[2022.11.09-19.33.38:204][  0]LogConfig: Setting CVar [[r.MorphTarget.Mode:1]]
[2022.11.09-19.33.38:204][  0]LogConfig: Setting CVar [[vr.InstancedStereo:0]]
[2022.11.09-19.33.38:204][  0]LogConfig: Setting CVar [[r.MobileHDR:1]]
[2022.11.09-19.33.38:204][  0]LogConfig: Setting CVar [[vr.MobileMultiView:0]]
[2022.11.09-19.33.38:204][  0]LogConfig: Setting CVar [[r.Mobile.UseHWsRGBEncoding:0]]
[2022.11.09-19.33.38:204][  0]LogConfig: Setting CVar [[vr.RoundRobinOcclusion:0]]
[2022.11.09-19.33.38:204][  0]LogConfig: Setting CVar [[vr.ODSCapture:0]]
[2022.11.09-19.33.38:204][  0]LogConfig: Setting CVar [[r.MeshStreaming:0]]
[2022.11.09-19.33.38:204][  0]LogConfig: Setting CVar [[r.WireframeCullThreshold:5.000000]]
[2022.11.09-19.33.38:204][  0]LogConfig: Setting CVar [[r.RayTracing:0]]
[2022.11.09-19.33.38:204][  0]LogConfig: Setting CVar [[r.RayTracing.UseTextureLod:0]]
[2022.11.09-19.33.38:204][  0]LogConfig: Setting CVar [[r.SupportStationarySkylight:1]]
[2022.11.09-19.33.38:204][  0]LogConfig: Setting CVar [[r.SupportLowQualityLightmaps:1]]
[2022.11.09-19.33.38:204][  0]LogConfig: Setting CVar [[r.SupportPointLightWholeSceneShadows:1]]
[2022.11.09-19.33.38:204][  0]LogConfig: Setting CVar [[r.SupportAtmosphericFog:1]]
[2022.11.09-19.33.38:204][  0]LogConfig: Setting CVar [[r.SupportSkyAtmosphere:1]]
[2022.11.09-19.33.38:204][  0]LogConfig: Setting CVar [[r.SupportSkyAtmosphereAffectsHeightFog:0]]
[2022.11.09-19.33.38:204][  0]LogConfig: Setting CVar [[r.SkinCache.CompileShaders:0]]
[2022.11.09-19.33.38:204][  0]LogConfig: Setting CVar [[r.SkinCache.DefaultBehavior:1]]
[2022.11.09-19.33.38:204][  0]LogConfig: Setting CVar [[r.SkinCache.SceneMemoryLimitInMB:128.000000]]
[2022.11.09-19.33.38:204][  0]LogConfig: Setting CVar [[r.Mobile.EnableStaticAndCSMShadowReceivers:1]]
[2022.11.09-19.33.38:204][  0]LogConfig: Setting CVar [[r.Mobile.EnableMovableLightCSMShaderCulling:1]]
[2022.11.09-19.33.38:204][  0]LogConfig: Setting CVar [[r.Mobile.AllowDistanceFieldShadows:1]]
[2022.11.09-19.33.38:204][  0]LogConfig: Setting CVar [[r.Mobile.AllowMovableDirectionalLights:1]]
[2022.11.09-19.33.38:204][  0]LogConfig: Setting CVar [[r.MobileNumDynamicPointLights:4]]
[2022.11.09-19.33.38:204][  0]LogConfig: Setting CVar [[r.MobileDynamicPointLightsUseStaticBranch:1]]
[2022.11.09-19.33.38:204][  0]LogConfig: Setting CVar [[r.Mobile.EnableMovableSpotlights:0]]
[2022.11.09-19.33.38:204][  0]LogConfig: Setting CVar [[r.Mobile.EnableMovableSpotlightsShadow:0]]
[2022.11.09-19.33.38:204][  0]LogConfig: Setting CVar [[r.GPUSkin.Support16BitBoneIndex:0]]
[2022.11.09-19.33.38:204][  0]LogConfig: Setting CVar [[r.GPUSkin.Limit2BoneInfluences:0]]
[2022.11.09-19.33.38:204][  0]LogConfig: Setting CVar [[r.SupportDepthOnlyIndexBuffers:1]]
[2022.11.09-19.33.38:204][  0]LogConfig: Setting CVar [[r.SupportReversedIndexBuffers:1]]
[2022.11.09-19.33.38:204][  0]LogConfig: Setting CVar [[r.LightPropagationVolume:0]]
[2022.11.09-19.33.38:204][  0]LogConfig: Setting CVar [[r.Mobile.AmbientOcclusion:0]]
[2022.11.09-19.33.38:204][  0]LogConfig: Setting CVar [[r.GPUSkin.UnlimitedBoneInfluences:0]]
[2022.11.09-19.33.38:204][  0]LogConfig: Setting CVar [[r.GPUSkin.UnlimitedBoneInfluencesThreshold:8]]
[2022.11.09-19.33.38:204][  0]LogConfig: Setting CVar [[r.Mobile.PlanarReflectionMode:0]]
[2022.11.09-19.33.38:204][  0]LogConfig: Setting CVar [[r.Mobile.SupportsGen4TAA:0]]
[2022.11.09-19.33.38:204][  0]LogConfig: Applying CVar settings from Section [/Script/Engine.RendererOverrideSettings] File [C:/Users/danie/Documents/Gamedev VR/game/UE4 game/fpsgame/Saved/Config/Windows/Engine.ini]
[2022.11.09-19.33.38:204][  0]LogConfig: Applying CVar settings from Section [/Script/Engine.StreamingSettings] File [C:/Users/danie/Documents/Gamedev VR/game/UE4 game/fpsgame/Saved/Config/Windows/Engine.ini]
[2022.11.09-19.33.38:204][  0]LogConfig: Setting CVar [[s.MinBulkDataSizeForAsyncLoading:131072]]
[2022.11.09-19.33.38:204][  0]LogConfig: Setting CVar [[s.AsyncLoadingThreadEnabled:0]]
[2022.11.09-19.33.38:204][  0]LogConfig: Setting CVar [[s.EventDrivenLoaderEnabled:1]]
[2022.11.09-19.33.38:204][  0]LogConfig: Setting CVar [[s.WarnIfTimeLimitExceeded:0]]
[2022.11.09-19.33.38:204][  0]LogConfig: Setting CVar [[s.TimeLimitExceededMultiplier:1.5]]
[2022.11.09-19.33.38:204][  0]LogConfig: Setting CVar [[s.TimeLimitExceededMinTime:0.005]]
[2022.11.09-19.33.38:204][  0]LogConfig: Setting CVar [[s.UseBackgroundLevelStreaming:1]]
[2022.11.09-19.33.38:204][  0]LogConfig: Setting CVar [[s.PriorityAsyncLoadingExtraTime:15.0]]
[2022.11.09-19.33.38:204][  0]LogConfig: Setting CVar [[s.LevelStreamingActorsUpdateTimeLimit:5.0]]
[2022.11.09-19.33.38:204][  0]LogConfig: Setting CVar [[s.PriorityLevelStreamingActorsUpdateExtraTime:5.0]]
[2022.11.09-19.33.38:204][  0]LogConfig: Setting CVar [[s.LevelStreamingComponentsRegistrationGranularity:10]]
[2022.11.09-19.33.38:204][  0]LogConfig: Setting CVar [[s.UnregisterComponentsTimeLimit:1.0]]
[2022.11.09-19.33.38:204][  0]LogConfig: Setting CVar [[s.LevelStreamingComponentsUnregistrationGranularity:5]]
[2022.11.09-19.33.38:204][  0]LogConfig: Setting CVar [[s.FlushStreamingOnExit:1]]
[2022.11.09-19.33.38:204][  0]LogConfig: Applying CVar settings from Section [/Script/Engine.GarbageCollectionSettings] File [C:/Users/danie/Documents/Gamedev VR/game/UE4 game/fpsgame/Saved/Config/Windows/Engine.ini]
[2022.11.09-19.33.38:204][  0]LogConfig: Setting CVar [[gc.MaxObjectsNotConsideredByGC:1]]
[2022.11.09-19.33.38:204][  0]LogConfig: Setting CVar [[gc.SizeOfPermanentObjectPool:0]]
[2022.11.09-19.33.38:204][  0]LogConfig: Setting CVar [[gc.FlushStreamingOnGC:0]]
[2022.11.09-19.33.38:204][  0]LogConfig: Setting CVar [[gc.NumRetriesBeforeForcingGC:10]]
[2022.11.09-19.33.38:205][  0]LogConfig: Setting CVar [[gc.AllowParallelGC:1]]
[2022.11.09-19.33.38:205][  0]LogConfig: Setting CVar [[gc.TimeBetweenPurgingPendingKillObjects:61.1]]
[2022.11.09-19.33.38:205][  0]LogConfig: Setting CVar [[gc.MaxObjectsInEditor:25165824]]
[2022.11.09-19.33.38:205][  0]LogConfig: Setting CVar [[gc.IncrementalBeginDestroyEnabled:1]]
[2022.11.09-19.33.38:205][  0]LogConfig: Setting CVar [[gc.CreateGCClusters:1]]
[2022.11.09-19.33.38:205][  0]LogConfig: Setting CVar [[gc.MinGCClusterSize:5]]
[2022.11.09-19.33.38:205][  0]LogConfig: Setting CVar [[gc.ActorClusteringEnabled:0]]
[2022.11.09-19.33.38:205][  0]LogConfig: Setting CVar [[gc.BlueprintClusteringEnabled:0]]
[2022.11.09-19.33.38:205][  0]LogConfig: Setting CVar [[gc.UseDisregardForGCOnDedicatedServers:0]]
[2022.11.09-19.33.38:205][  0]LogConfig: Setting CVar [[gc.MultithreadedDestructionEnabled:1]]
[2022.11.09-19.33.38:205][  0]LogConfig: Applying CVar settings from Section [/Script/Engine.NetworkSettings] File [C:/Users/danie/Documents/Gamedev VR/game/UE4 game/fpsgame/Saved/Config/Windows/Engine.ini]
[2022.11.09-19.33.38:205][  0]LogConfig: Applying CVar settings from Section [/Script/UnrealEd.CookerSettings] File [C:/Users/danie/Documents/Gamedev VR/game/UE4 game/fpsgame/Saved/Config/Windows/Engine.ini]
[2022.11.09-19.33.38:215][  0]LogConfig: Applying CVar settings from Section [ViewDistanceQuality@3] File [C:/Users/danie/Documents/Gamedev VR/game/UE4 game/fpsgame/Saved/Config/Windows/Scalability.ini]
[2022.11.09-19.33.38:215][  0]LogConfig: Setting CVar [[r.SkeletalMeshLODBias:0]]
[2022.11.09-19.33.38:215][  0]LogConfig: Setting CVar [[r.ViewDistanceScale:1.0]]
[2022.11.09-19.33.38:215][  0]LogConfig: Applying CVar settings from Section [AntiAliasingQuality@3] File [C:/Users/danie/Documents/Gamedev VR/game/UE4 game/fpsgame/Saved/Config/Windows/Scalability.ini]
[2022.11.09-19.33.38:215][  0]LogConfig: Setting CVar [[r.PostProcessAAQuality:4]]
[2022.11.09-19.33.38:215][  0]LogConfig: Applying CVar settings from Section [ShadowQuality@3] File [C:/Users/danie/Documents/Gamedev VR/game/UE4 game/fpsgame/Saved/Config/Windows/Scalability.ini]
[2022.11.09-19.33.38:215][  0]LogConfig: Setting CVar [[r.LightFunctionQuality:1]]
[2022.11.09-19.33.38:215][  0]LogConfig: Setting CVar [[r.ShadowQuality:5]]
[2022.11.09-19.33.38:215][  0]LogConfig: Setting CVar [[r.Shadow.CSM.MaxCascades:10]]
[2022.11.09-19.33.38:215][  0]LogConfig: Setting CVar [[r.Shadow.MaxResolution:2048]]
[2022.11.09-19.33.38:215][  0]LogConfig: Setting CVar [[r.Shadow.MaxCSMResolution:2048]]
[2022.11.09-19.33.38:215][  0]LogConfig: Setting CVar [[r.Shadow.RadiusThreshold:0.01]]
[2022.11.09-19.33.38:215][  0]LogConfig: Setting CVar [[r.Shadow.DistanceScale:1.0]]
[2022.11.09-19.33.38:215][  0]LogConfig: Setting CVar [[r.Shadow.CSM.TransitionScale:1.0]]
[2022.11.09-19.33.38:215][  0]LogConfig: Setting CVar [[r.Shadow.PreShadowResolutionFactor:1.0]]
[2022.11.09-19.33.38:215][  0]LogConfig: Setting CVar [[r.DistanceFieldShadowing:1]]
[2022.11.09-19.33.38:215][  0]LogConfig: Setting CVar [[r.DistanceFieldAO:1]]
[2022.11.09-19.33.38:215][  0]LogConfig: Setting CVar [[r.AOQuality:2]]
[2022.11.09-19.33.38:215][  0]LogConfig: Setting CVar [[r.VolumetricFog:1]]
[2022.11.09-19.33.38:215][  0]LogConfig: Setting CVar [[r.VolumetricFog.GridPixelSize:8]]
[2022.11.09-19.33.38:215][  0]LogConfig: Setting CVar [[r.VolumetricFog.GridSizeZ:128]]
[2022.11.09-19.33.38:215][  0]LogConfig: Setting CVar [[r.VolumetricFog.HistoryMissSupersampleCount:4]]
[2022.11.09-19.33.38:215][  0]LogConfig: Setting CVar [[r.LightMaxDrawDistanceScale:1]]
[2022.11.09-19.33.38:215][  0]LogConfig: Setting CVar [[r.CapsuleShadows:1]]
[2022.11.09-19.33.38:215][  0]LogConfig: Applying CVar settings from Section [PostProcessQuality@3] File [C:/Users/danie/Documents/Gamedev VR/game/UE4 game/fpsgame/Saved/Config/Windows/Scalability.ini]
[2022.11.09-19.33.38:215][  0]LogConfig: Setting CVar [[r.MotionBlurQuality:4]]
[2022.11.09-19.33.38:215][  0]LogConfig: Setting CVar [[r.AmbientOcclusionMipLevelFactor:0.4]]
[2022.11.09-19.33.38:215][  0]LogConfig: Setting CVar [[r.AmbientOcclusionMaxQuality:100]]
[2022.11.09-19.33.38:215][  0]LogConfig: Setting CVar [[r.AmbientOcclusionLevels:-1]]
[2022.11.09-19.33.38:215][  0]LogConfig: Setting CVar [[r.AmbientOcclusionRadiusScale:1.0]]
[2022.11.09-19.33.38:215][  0]LogConfig: Setting CVar [[r.DepthOfFieldQuality:2]]
[2022.11.09-19.33.38:215][  0]LogConfig: Setting CVar [[r.RenderTargetPoolMin:400]]
[2022.11.09-19.33.38:215][  0]LogConfig: Setting CVar [[r.LensFlareQuality:2]]
[2022.11.09-19.33.38:215][  0]LogConfig: Setting CVar [[r.SceneColorFringeQuality:1]]
[2022.11.09-19.33.38:215][  0]LogConfig: Setting CVar [[r.EyeAdaptationQuality:2]]
[2022.11.09-19.33.38:215][  0]LogConfig: Setting CVar [[r.BloomQuality:5]]
[2022.11.09-19.33.38:215][  0]LogConfig: Setting CVar [[r.FastBlurThreshold:100]]
[2022.11.09-19.33.38:215][  0]LogConfig: Setting CVar [[r.Upscale.Quality:3]]
[2022.11.09-19.33.38:215][  0]LogConfig: Setting CVar [[r.Tonemapper.GrainQuantization:1]]
[2022.11.09-19.33.38:215][  0]LogConfig: Setting CVar [[r.LightShaftQuality:1]]
[2022.11.09-19.33.38:215][  0]LogConfig: Setting CVar [[r.Filter.SizeScale:1]]
[2022.11.09-19.33.38:215][  0]LogConfig: Setting CVar [[r.Tonemapper.Quality:5]]
[2022.11.09-19.33.38:215][  0]LogConfig: Setting CVar [[r.DOF.Gather.AccumulatorQuality:1        ; higher gathering accumulator quality]]
[2022.11.09-19.33.38:215][  0]LogConfig: Setting CVar [[r.DOF.Gather.PostfilterMethod:1          ; Median3x3 postfilering method]]
[2022.11.09-19.33.38:215][  0]LogConfig: Setting CVar [[r.DOF.Gather.EnableBokehSettings:0       ; no bokeh simulation when gathering]]
[2022.11.09-19.33.38:215][  0]LogConfig: Setting CVar [[r.DOF.Gather.RingCount:4                 ; medium number of samples when gathering]]
[2022.11.09-19.33.38:215][  0]LogConfig: Setting CVar [[r.DOF.Scatter.ForegroundCompositing:1    ; additive foreground scattering]]
[2022.11.09-19.33.38:215][  0]LogConfig: Setting CVar [[r.DOF.Scatter.BackgroundCompositing:2    ; additive background scattering]]
[2022.11.09-19.33.38:215][  0]LogConfig: Setting CVar [[r.DOF.Scatter.EnableBokehSettings:1      ; bokeh simulation when scattering]]
[2022.11.09-19.33.38:215][  0]LogConfig: Setting CVar [[r.DOF.Scatter.MaxSpriteRatio:0.1         ; only a maximum of 10% of scattered bokeh]]
[2022.11.09-19.33.38:215][  0]LogConfig: Setting CVar [[r.DOF.Recombine.Quality:1                ; cheap slight out of focus]]
[2022.11.09-19.33.38:215][  0]LogConfig: Setting CVar [[r.DOF.Recombine.EnableBokehSettings:0    ; no bokeh simulation on slight out of focus]]
[2022.11.09-19.33.38:215][  0]LogConfig: Setting CVar [[r.DOF.TemporalAAQuality:1                ; more stable temporal accumulation]]
[2022.11.09-19.33.38:215][  0]LogConfig: Setting CVar [[r.DOF.Kernel.MaxForegroundRadius:0.025]]
[2022.11.09-19.33.38:215][  0]LogConfig: Setting CVar [[r.DOF.Kernel.MaxBackgroundRadius:0.025]]
[2022.11.09-19.33.38:215][  0]LogConfig: Applying CVar settings from Section [TextureQuality@3] File [C:/Users/danie/Documents/Gamedev VR/game/UE4 game/fpsgame/Saved/Config/Windows/Scalability.ini]
[2022.11.09-19.33.38:215][  0]LogConfig: Setting CVar [[r.Streaming.MipBias:0]]
[2022.11.09-19.33.38:215][  0]LogConfig: Setting CVar [[r.Streaming.AmortizeCPUToGPUCopy:0]]
[2022.11.09-19.33.38:215][  0]LogConfig: Setting CVar [[r.Streaming.MaxNumTexturesToStreamPerFrame:0]]
[2022.11.09-19.33.38:215][  0]LogConfig: Setting CVar [[r.Streaming.Boost:1]]
[2022.11.09-19.33.38:215][  0]LogConfig: Setting CVar [[r.MaxAnisotropy:8]]
[2022.11.09-19.33.38:215][  0]LogConfig: Setting CVar [[r.VT.MaxAnisotropy:8]]
[2022.11.09-19.33.38:215][  0]LogConfig: Setting CVar [[r.Streaming.LimitPoolSizeToVRAM:0]]
[2022.11.09-19.33.38:215][  0]LogConfig: Setting CVar [[r.Streaming.PoolSize:1000]]
[2022.11.09-19.33.38:215][  0]LogConfig: Setting CVar [[r.Streaming.MaxEffectiveScreenSize:0]]
[2022.11.09-19.33.38:215][  0]LogConfig: Applying CVar settings from Section [EffectsQuality@3] File [C:/Users/danie/Documents/Gamedev VR/game/UE4 game/fpsgame/Saved/Config/Windows/Scalability.ini]
[2022.11.09-19.33.38:215][  0]LogConfig: Setting CVar [[r.TranslucencyLightingVolumeDim:64]]
[2022.11.09-19.33.38:215][  0]LogConfig: Setting CVar [[r.RefractionQuality:2]]
[2022.11.09-19.33.38:215][  0]LogConfig: Setting CVar [[r.SSR.Quality:3]]
[2022.11.09-19.33.38:215][  0]LogConfig: Setting CVar [[r.SSR.HalfResSceneColor:0]]
[2022.11.09-19.33.38:215][  0]LogConfig: Setting CVar [[r.SceneColorFormat:4]]
[2022.11.09-19.33.38:215][  0]LogConfig: Setting CVar [[r.DetailMode:2]]
[2022.11.09-19.33.38:215][  0]LogConfig: Setting CVar [[r.TranslucencyVolumeBlur:1]]
[2022.11.09-19.33.38:215][  0]LogConfig: Setting CVar [[r.MaterialQualityLevel:1 ; High quality]]
[2022.11.09-19.33.38:215][  0]LogConfig: Setting CVar [[r.AnisotropicMaterials:1]]
[2022.11.09-19.33.38:215][  0]LogConfig: Setting CVar [[r.SSS.Scale:1]]
[2022.11.09-19.33.38:215][  0]LogConfig: Setting CVar [[r.SSS.SampleSet:2]]
[2022.11.09-19.33.38:215][  0]LogConfig: Setting CVar [[r.SSS.Quality:1]]
[2022.11.09-19.33.38:215][  0]LogConfig: Setting CVar [[r.SSS.HalfRes:0]]
[2022.11.09-19.33.38:215][  0]LogConfig: Setting CVar [[r.SSGI.Quality:3]]
[2022.11.09-19.33.38:215][  0]LogConfig: Setting CVar [[r.EmitterSpawnRateScale:1.0]]
[2022.11.09-19.33.38:215][  0]LogConfig: Setting CVar [[r.ParticleLightQuality:2]]
[2022.11.09-19.33.38:215][  0]LogConfig: Setting CVar [[r.SkyAtmosphere.AerialPerspectiveLUT.FastApplyOnOpaque:1 ; Always have FastSkyLUT 1 in this case to avoid wrong sky]]
[2022.11.09-19.33.38:215][  0]LogConfig: Setting CVar [[r.SkyAtmosphere.AerialPerspectiveLUT.SampleCountMaxPerSlice:4]]
[2022.11.09-19.33.38:216][  0]LogConfig: Setting CVar [[r.SkyAtmosphere.AerialPerspectiveLUT.DepthResolution:16.0]]
[2022.11.09-19.33.38:216][  0]LogConfig: Setting CVar [[r.SkyAtmosphere.FastSkyLUT:1]]
[2022.11.09-19.33.38:216][  0]LogConfig: Setting CVar [[r.SkyAtmosphere.FastSkyLUT.SampleCountMin:4.0]]
[2022.11.09-19.33.38:216][  0]LogConfig: Setting CVar [[r.SkyAtmosphere.FastSkyLUT.SampleCountMax:128.0]]
[2022.11.09-19.33.38:216][  0]LogConfig: Setting CVar [[r.SkyAtmosphere.SampleCountMin:4.0]]
[2022.11.09-19.33.38:216][  0]LogConfig: Setting CVar [[r.SkyAtmosphere.SampleCountMax:128.0]]
[2022.11.09-19.33.38:216][  0]LogConfig: Setting CVar [[r.SkyAtmosphere.TransmittanceLUT.UseSmallFormat:0]]
[2022.11.09-19.33.38:216][  0]LogConfig: Setting CVar [[r.SkyAtmosphere.TransmittanceLUT.SampleCount:10.0]]
[2022.11.09-19.33.38:216][  0]LogConfig: Setting CVar [[r.SkyAtmosphere.MultiScatteringLUT.SampleCount:15.0]]
[2022.11.09-19.33.38:216][  0]LogConfig: Setting CVar [[r.SkyLight.RealTimeReflectionCapture:1]]
[2022.11.09-19.33.38:216][  0]LogConfig: Applying CVar settings from Section [FoliageQuality@3] File [C:/Users/danie/Documents/Gamedev VR/game/UE4 game/fpsgame/Saved/Config/Windows/Scalability.ini]
[2022.11.09-19.33.38:216][  0]LogConfig: Setting CVar [[foliage.DensityScale:1.0]]
[2022.11.09-19.33.38:216][  0]LogConfig: Setting CVar [[grass.DensityScale:1.0]]
[2022.11.09-19.33.38:216][  0]LogConfig: Applying CVar settings from Section [ShadingQuality@3] File [C:/Users/danie/Documents/Gamedev VR/game/UE4 game/fpsgame/Saved/Config/Windows/Scalability.ini]
[2022.11.09-19.33.38:216][  0]LogConfig: Setting CVar [[r.HairStrands.SkyLighting.IntegrationType:2]]
[2022.11.09-19.33.38:216][  0]LogConfig: Setting CVar [[r.HairStrands.SkyAO.SampleCount:4]]
[2022.11.09-19.33.38:216][  0]LogConfig: Setting CVar [[r.HairStrands.Visibility.MSAA.SamplePerPixel:4]]
[2022.11.09-19.33.38:216][  0]LogInit: Selected Device Profile: [Windows]
[2022.11.09-19.33.38:216][  0]LogInit: Applying CVar settings loaded from the selected device profile: [Windows]
[2022.11.09-19.33.38:216][  0]LogHAL: Display: Platform has ~ 16 GB [17128247296 / 17179869184 / 16], which maps to Larger [LargestMinGB=32, LargerMinGB=12, DefaultMinGB=8, SmallerMinGB=6, SmallestMinGB=0)
[2022.11.09-19.33.38:216][  0]LogInit: Going up to parent DeviceProfile []
[2022.11.09-19.33.38:216][  0]LogConfig: Applying CVar settings from Section [ViewDistanceQuality@3] File [C:/Users/danie/Documents/Gamedev VR/game/UE4 game/fpsgame/Saved/Config/Windows/Scalability.ini]
[2022.11.09-19.33.38:216][  0]LogConfig: Setting CVar [[r.SkeletalMeshLODBias:0]]
[2022.11.09-19.33.38:216][  0]LogConfig: Setting CVar [[r.ViewDistanceScale:1.0]]
[2022.11.09-19.33.38:216][  0]LogConfig: Applying CVar settings from Section [AntiAliasingQuality@3] File [C:/Users/danie/Documents/Gamedev VR/game/UE4 game/fpsgame/Saved/Config/Windows/Scalability.ini]
[2022.11.09-19.33.38:216][  0]LogConfig: Setting CVar [[r.PostProcessAAQuality:4]]
[2022.11.09-19.33.38:216][  0]LogConfig: Applying CVar settings from Section [ShadowQuality@3] File [C:/Users/danie/Documents/Gamedev VR/game/UE4 game/fpsgame/Saved/Config/Windows/Scalability.ini]
[2022.11.09-19.33.38:216][  0]LogConfig: Setting CVar [[r.LightFunctionQuality:1]]
[2022.11.09-19.33.38:216][  0]LogConfig: Setting CVar [[r.ShadowQuality:5]]
[2022.11.09-19.33.38:216][  0]LogConfig: Setting CVar [[r.Shadow.CSM.MaxCascades:10]]
[2022.11.09-19.33.38:216][  0]LogConfig: Setting CVar [[r.Shadow.MaxResolution:2048]]
[2022.11.09-19.33.38:216][  0]LogConfig: Setting CVar [[r.Shadow.MaxCSMResolution:2048]]
[2022.11.09-19.33.38:216][  0]LogConfig: Setting CVar [[r.Shadow.RadiusThreshold:0.01]]
[2022.11.09-19.33.38:216][  0]LogConfig: Setting CVar [[r.Shadow.DistanceScale:1.0]]
[2022.11.09-19.33.38:216][  0]LogConfig: Setting CVar [[r.Shadow.CSM.TransitionScale:1.0]]
[2022.11.09-19.33.38:216][  0]LogConfig: Setting CVar [[r.Shadow.PreShadowResolutionFactor:1.0]]
[2022.11.09-19.33.38:216][  0]LogConfig: Setting CVar [[r.DistanceFieldShadowing:1]]
[2022.11.09-19.33.38:216][  0]LogConfig: Setting CVar [[r.DistanceFieldAO:1]]
[2022.11.09-19.33.38:216][  0]LogConfig: Setting CVar [[r.AOQuality:2]]
[2022.11.09-19.33.38:216][  0]LogConfig: Setting CVar [[r.VolumetricFog:1]]
[2022.11.09-19.33.38:216][  0]LogConfig: Setting CVar [[r.VolumetricFog.GridPixelSize:8]]
[2022.11.09-19.33.38:216][  0]LogConfig: Setting CVar [[r.VolumetricFog.GridSizeZ:128]]
[2022.11.09-19.33.38:216][  0]LogConfig: Setting CVar [[r.VolumetricFog.HistoryMissSupersampleCount:4]]
[2022.11.09-19.33.38:216][  0]LogConfig: Setting CVar [[r.LightMaxDrawDistanceScale:1]]
[2022.11.09-19.33.38:216][  0]LogConfig: Setting CVar [[r.CapsuleShadows:1]]
[2022.11.09-19.33.38:216][  0]LogConfig: Applying CVar settings from Section [PostProcessQuality@3] File [C:/Users/danie/Documents/Gamedev VR/game/UE4 game/fpsgame/Saved/Config/Windows/Scalability.ini]
[2022.11.09-19.33.38:216][  0]LogConfig: Setting CVar [[r.MotionBlurQuality:4]]
[2022.11.09-19.33.38:216][  0]LogConfig: Setting CVar [[r.AmbientOcclusionMipLevelFactor:0.4]]
[2022.11.09-19.33.38:216][  0]LogConfig: Setting CVar [[r.AmbientOcclusionMaxQuality:100]]
[2022.11.09-19.33.38:216][  0]LogConfig: Setting CVar [[r.AmbientOcclusionLevels:-1]]
[2022.11.09-19.33.38:216][  0]LogConfig: Setting CVar [[r.AmbientOcclusionRadiusScale:1.0]]
[2022.11.09-19.33.38:216][  0]LogConfig: Setting CVar [[r.DepthOfFieldQuality:2]]
[2022.11.09-19.33.38:216][  0]LogConfig: Setting CVar [[r.RenderTargetPoolMin:400]]
[2022.11.09-19.33.38:216][  0]LogConfig: Setting CVar [[r.LensFlareQuality:2]]
[2022.11.09-19.33.38:216][  0]LogConfig: Setting CVar [[r.SceneColorFringeQuality:1]]
[2022.11.09-19.33.38:216][  0]LogConfig: Setting CVar [[r.EyeAdaptationQuality:2]]
[2022.11.09-19.33.38:216][  0]LogConfig: Setting CVar [[r.BloomQuality:5]]
[2022.11.09-19.33.38:216][  0]LogConfig: Setting CVar [[r.FastBlurThreshold:100]]
[2022.11.09-19.33.38:216][  0]LogConfig: Setting CVar [[r.Upscale.Quality:3]]
[2022.11.09-19.33.38:216][  0]LogConfig: Setting CVar [[r.Tonemapper.GrainQuantization:1]]
[2022.11.09-19.33.38:216][  0]LogConfig: Setting CVar [[r.LightShaftQuality:1]]
[2022.11.09-19.33.38:216][  0]LogConfig: Setting CVar [[r.Filter.SizeScale:1]]
[2022.11.09-19.33.38:216][  0]LogConfig: Setting CVar [[r.Tonemapper.Quality:5]]
[2022.11.09-19.33.38:216][  0]LogConfig: Setting CVar [[r.DOF.Gather.AccumulatorQuality:1        ; higher gathering accumulator quality]]
[2022.11.09-19.33.38:216][  0]LogConfig: Setting CVar [[r.DOF.Gather.PostfilterMethod:1          ; Median3x3 postfilering method]]
[2022.11.09-19.33.38:216][  0]LogConfig: Setting CVar [[r.DOF.Gather.EnableBokehSettings:0       ; no bokeh simulation when gathering]]
[2022.11.09-19.33.38:216][  0]LogConfig: Setting CVar [[r.DOF.Gather.RingCount:4                 ; medium number of samples when gathering]]
[2022.11.09-19.33.38:216][  0]LogConfig: Setting CVar [[r.DOF.Scatter.ForegroundCompositing:1    ; additive foreground scattering]]
[2022.11.09-19.33.38:216][  0]LogConfig: Setting CVar [[r.DOF.Scatter.BackgroundCompositing:2    ; additive background scattering]]
[2022.11.09-19.33.38:216][  0]LogConfig: Setting CVar [[r.DOF.Scatter.EnableBokehSettings:1      ; bokeh simulation when scattering]]
[2022.11.09-19.33.38:216][  0]LogConfig: Setting CVar [[r.DOF.Scatter.MaxSpriteRatio:0.1         ; only a maximum of 10% of scattered bokeh]]
[2022.11.09-19.33.38:216][  0]LogConfig: Setting CVar [[r.DOF.Recombine.Quality:1                ; cheap slight out of focus]]
[2022.11.09-19.33.38:216][  0]LogConfig: Setting CVar [[r.DOF.Recombine.EnableBokehSettings:0    ; no bokeh simulation on slight out of focus]]
[2022.11.09-19.33.38:216][  0]LogConfig: Setting CVar [[r.DOF.TemporalAAQuality:1                ; more stable temporal accumulation]]
[2022.11.09-19.33.38:216][  0]LogConfig: Setting CVar [[r.DOF.Kernel.MaxForegroundRadius:0.025]]
[2022.11.09-19.33.38:216][  0]LogConfig: Setting CVar [[r.DOF.Kernel.MaxBackgroundRadius:0.025]]
[2022.11.09-19.33.38:216][  0]LogConfig: Applying CVar settings from Section [TextureQuality@3] File [C:/Users/danie/Documents/Gamedev VR/game/UE4 game/fpsgame/Saved/Config/Windows/Scalability.ini]
[2022.11.09-19.33.38:216][  0]LogConfig: Setting CVar [[r.Streaming.MipBias:0]]
[2022.11.09-19.33.38:216][  0]LogConfig: Setting CVar [[r.Streaming.AmortizeCPUToGPUCopy:0]]
[2022.11.09-19.33.38:216][  0]LogConfig: Setting CVar [[r.Streaming.MaxNumTexturesToStreamPerFrame:0]]
[2022.11.09-19.33.38:216][  0]LogConfig: Setting CVar [[r.Streaming.Boost:1]]
[2022.11.09-19.33.38:216][  0]LogConfig: Setting CVar [[r.MaxAnisotropy:8]]
[2022.11.09-19.33.38:216][  0]LogConfig: Setting CVar [[r.VT.MaxAnisotropy:8]]
[2022.11.09-19.33.38:216][  0]LogConfig: Setting CVar [[r.Streaming.LimitPoolSizeToVRAM:0]]
[2022.11.09-19.33.38:217][  0]LogConfig: Setting CVar [[r.Streaming.PoolSize:1000]]
[2022.11.09-19.33.38:217][  0]LogConfig: Setting CVar [[r.Streaming.MaxEffectiveScreenSize:0]]
[2022.11.09-19.33.38:217][  0]LogConfig: Applying CVar settings from Section [EffectsQuality@3] File [C:/Users/danie/Documents/Gamedev VR/game/UE4 game/fpsgame/Saved/Config/Windows/Scalability.ini]
[2022.11.09-19.33.38:217][  0]LogConfig: Setting CVar [[r.TranslucencyLightingVolumeDim:64]]
[2022.11.09-19.33.38:217][  0]LogConfig: Setting CVar [[r.RefractionQuality:2]]
[2022.11.09-19.33.38:217][  0]LogConfig: Setting CVar [[r.SSR.Quality:3]]
[2022.11.09-19.33.38:217][  0]LogConfig: Setting CVar [[r.SSR.HalfResSceneColor:0]]
[2022.11.09-19.33.38:217][  0]LogConfig: Setting CVar [[r.SceneColorFormat:4]]
[2022.11.09-19.33.38:217][  0]LogConfig: Setting CVar [[r.DetailMode:2]]
[2022.11.09-19.33.38:217][  0]LogConfig: Setting CVar [[r.TranslucencyVolumeBlur:1]]
[2022.11.09-19.33.38:217][  0]LogConfig: Setting CVar [[r.MaterialQualityLevel:1 ; High quality]]
[2022.11.09-19.33.38:217][  0]LogConfig: Setting CVar [[r.AnisotropicMaterials:1]]
[2022.11.09-19.33.38:217][  0]LogConfig: Setting CVar [[r.SSS.Scale:1]]
[2022.11.09-19.33.38:217][  0]LogConfig: Setting CVar [[r.SSS.SampleSet:2]]
[2022.11.09-19.33.38:217][  0]LogConfig: Setting CVar [[r.SSS.Quality:1]]
[2022.11.09-19.33.38:217][  0]LogConfig: Setting CVar [[r.SSS.HalfRes:0]]
[2022.11.09-19.33.38:217][  0]LogConfig: Setting CVar [[r.SSGI.Quality:3]]
[2022.11.09-19.33.38:217][  0]LogConfig: Setting CVar [[r.EmitterSpawnRateScale:1.0]]
[2022.11.09-19.33.38:217][  0]LogConfig: Setting CVar [[r.ParticleLightQuality:2]]
[2022.11.09-19.33.38:217][  0]LogConfig: Setting CVar [[r.SkyAtmosphere.AerialPerspectiveLUT.FastApplyOnOpaque:1 ; Always have FastSkyLUT 1 in this case to avoid wrong sky]]
[2022.11.09-19.33.38:217][  0]LogConfig: Setting CVar [[r.SkyAtmosphere.AerialPerspectiveLUT.SampleCountMaxPerSlice:4]]
[2022.11.09-19.33.38:217][  0]LogConfig: Setting CVar [[r.SkyAtmosphere.AerialPerspectiveLUT.DepthResolution:16.0]]
[2022.11.09-19.33.38:217][  0]LogConfig: Setting CVar [[r.SkyAtmosphere.FastSkyLUT:1]]
[2022.11.09-19.33.38:217][  0]LogConfig: Setting CVar [[r.SkyAtmosphere.FastSkyLUT.SampleCountMin:4.0]]
[2022.11.09-19.33.38:217][  0]LogConfig: Setting CVar [[r.SkyAtmosphere.FastSkyLUT.SampleCountMax:128.0]]
[2022.11.09-19.33.38:217][  0]LogConfig: Setting CVar [[r.SkyAtmosphere.SampleCountMin:4.0]]
[2022.11.09-19.33.38:217][  0]LogConfig: Setting CVar [[r.SkyAtmosphere.SampleCountMax:128.0]]
[2022.11.09-19.33.38:217][  0]LogConfig: Setting CVar [[r.SkyAtmosphere.TransmittanceLUT.UseSmallFormat:0]]
[2022.11.09-19.33.38:217][  0]LogConfig: Setting CVar [[r.SkyAtmosphere.TransmittanceLUT.SampleCount:10.0]]
[2022.11.09-19.33.38:217][  0]LogConfig: Setting CVar [[r.SkyAtmosphere.MultiScatteringLUT.SampleCount:15.0]]
[2022.11.09-19.33.38:217][  0]LogConfig: Setting CVar [[r.SkyLight.RealTimeReflectionCapture:1]]
[2022.11.09-19.33.38:217][  0]LogConfig: Applying CVar settings from Section [FoliageQuality@3] File [C:/Users/danie/Documents/Gamedev VR/game/UE4 game/fpsgame/Saved/Config/Windows/Scalability.ini]
[2022.11.09-19.33.38:217][  0]LogConfig: Setting CVar [[foliage.DensityScale:1.0]]
[2022.11.09-19.33.38:217][  0]LogConfig: Setting CVar [[grass.DensityScale:1.0]]
[2022.11.09-19.33.38:217][  0]LogConfig: Applying CVar settings from Section [ShadingQuality@3] File [C:/Users/danie/Documents/Gamedev VR/game/UE4 game/fpsgame/Saved/Config/Windows/Scalability.ini]
[2022.11.09-19.33.38:217][  0]LogConfig: Setting CVar [[r.HairStrands.SkyLighting.IntegrationType:2]]
[2022.11.09-19.33.38:217][  0]LogConfig: Setting CVar [[r.HairStrands.SkyAO.SampleCount:4]]
[2022.11.09-19.33.38:217][  0]LogConfig: Setting CVar [[r.HairStrands.Visibility.MSAA.SamplePerPixel:4]]
[2022.11.09-19.33.38:217][  0]LogConfig: Applying CVar settings from Section [Startup] File [../../../Engine/Config/ConsoleVariables.ini]
[2022.11.09-19.33.38:217][  0]LogConfig: Setting CVar [[net.UseAdaptiveNetUpdateFrequency:0]]
[2022.11.09-19.33.38:218][  0]LogConfig: Setting CVar [[p.chaos.AllowCreatePhysxBodies:1]]
[2022.11.09-19.33.38:218][  0]LogConfig: Setting CVar [[fx.SkipVectorVMBackendOptimizations:1]]
[2022.11.09-19.33.38:218][  0]LogConfig: Applying CVar settings from Section [ConsoleVariables] File [C:/Users/danie/Documents/Gamedev VR/game/UE4 game/fpsgame/Saved/Config/Windows/Engine.ini]
[2022.11.09-19.33.38:218][  0]LogConfig: Applying CVar settings from Section [ConsoleVariables] File [C:/Users/danie/Documents/Gamedev VR/game/UE4 game/fpsgame/Saved/Config/Windows/Editor.ini]
[2022.11.09-19.33.38:218][  0]LogInit: Computer: DESKTOP-QG36584
[2022.11.09-19.33.38:218][  0]LogInit: User: danie
[2022.11.09-19.33.38:218][  0]LogInit: CPU Page size=4096, Cores=6
[2022.11.09-19.33.38:218][  0]LogInit: High frequency timer resolution =10.000000 MHz
[2022.11.09-19.33.38:218][  0]LogMemory: Memory total: Physical=16.0GB (16GB approx)
[2022.11.09-19.33.38:218][  0]LogMemory: Platform Memory Stats for Windows
[2022.11.09-19.33.38:218][  0]LogMemory: Process Physical Memory: 145.09 MB used, 145.09 MB peak
[2022.11.09-19.33.38:218][  0]LogMemory: Process Virtual Memory: 128.05 MB used, 128.05 MB peak
[2022.11.09-19.33.38:218][  0]LogMemory: Physical Memory: 9833.73 MB used,  6501.04 MB free, 16334.77 MB total
[2022.11.09-19.33.38:218][  0]LogMemory: Virtual Memory: 134213824.00 MB used,  3901.15 MB free, 134217728.00 MB total
[2022.11.09-19.33.38:222][  0]LogWindows: WindowsPlatformFeatures enabled
[2022.11.09-19.33.38:241][  0]LogInit: Physics initialised using underlying interface: PhysX
[2022.11.09-19.33.38:242][  0]LogInit: Using OS detected language (en-US).
[2022.11.09-19.33.38:242][  0]LogInit: Using OS detected locale (en-GB).
[2022.11.09-19.33.38:245][  0]LogTextLocalizationManager: No specific localization for 'en-US' exists, so the 'en' localization will be used.
[2022.11.09-19.33.38:408][  0]LogWindowsTextInputMethodSystem: Display: IME system deactivated.
[2022.11.09-19.33.38:430][  0]LogSlate: New Slate User Created.  User Index 0, Is Virtual User: 0
[2022.11.09-19.33.38:430][  0]LogSlate: Slate User Registered.  User Index 0, Is Virtual User: 0
[2022.11.09-19.33.38:448][  0]LogD3D11RHI: Loaded GFSDK_Aftermath_Lib.x64.dll
[2022.11.09-19.33.38:451][  0]LogHMD: Failed to initialize OpenVR with code 110
[2022.11.09-19.33.38:451][  0]LogD3D11RHI: D3D11 min allowed feature level: 11_0
[2022.11.09-19.33.38:451][  0]LogD3D11RHI: D3D11 max allowed feature level: 11_0
[2022.11.09-19.33.38:451][  0]LogD3D11RHI: D3D11 adapters:
[2022.11.09-19.33.38:487][  0]LogD3D11RHI:    0. 'AMD Radeon RX 5700 XT' (Feature Level 11_0)
[2022.11.09-19.33.38:487][  0]LogD3D11RHI:       8151/0/8167 MB DedicatedVideo/DedicatedSystem/SharedSystem, Outputs:2, VendorId:0x1002
[2022.11.09-19.33.38:489][  0]LogD3D11RHI:    1. 'Microsoft Basic Render Driver' (Feature Level 11_0)
[2022.11.09-19.33.38:489][  0]LogD3D11RHI:       0/0/8167 MB DedicatedVideo/DedicatedSystem/SharedSystem, Outputs:0, VendorId:0x1414
[2022.11.09-19.33.38:489][  0]LogD3D11RHI: Chosen D3D11 Adapter:
[2022.11.09-19.33.38:489][  0]LogD3D11RHI:     Description : AMD Radeon RX 5700 XT
[2022.11.09-19.33.38:489][  0]LogD3D11RHI:     VendorId    : 1002
[2022.11.09-19.33.38:489][  0]LogD3D11RHI:     DeviceId    : 731f
[2022.11.09-19.33.38:489][  0]LogD3D11RHI:     SubSysId    : 23131458
[2022.11.09-19.33.38:489][  0]LogD3D11RHI:     Revision    : 00c1
[2022.11.09-19.33.38:489][  0]LogD3D11RHI:     DedicatedVideoMemory : 8547471360 bytes
[2022.11.09-19.33.38:489][  0]LogD3D11RHI:     DedicatedSystemMemory : 0 bytes
[2022.11.09-19.33.38:489][  0]LogD3D11RHI:     SharedSystemMemory : 8564123648 bytes
[2022.11.09-19.33.38:489][  0]LogD3D11RHI:     AdapterLuid : 0 58307
[2022.11.09-19.33.38:494][  0]LogD3D11RHI: Creating new Direct3DDevice
[2022.11.09-19.33.38:494][  0]LogD3D11RHI:     GPU DeviceId: 0x731f (for the marketing name, search the web for "GPU Device Id")
[2022.11.09-19.33.38:494][  0]LogWindows: EnumDisplayDevices:
[2022.11.09-19.33.38:494][  0]LogWindows:    0. 'AMD Radeon RX 5700 XT' (P:1 D:1)
[2022.11.09-19.33.38:495][  0]LogWindows:    1. 'AMD Radeon RX 5700 XT' (P:0 D:1)
[2022.11.09-19.33.38:495][  0]LogWindows:    2. 'AMD Radeon RX 5700 XT' (P:0 D:0)
[2022.11.09-19.33.38:495][  0]LogWindows:    3. 'AMD Radeon RX 5700 XT' (P:0 D:0)
[2022.11.09-19.33.38:495][  0]LogWindows:    4. 'AMD Radeon RX 5700 XT' (P:0 D:0)
[2022.11.09-19.33.38:496][  0]LogWindows:    5. 'AMD Radeon RX 5700 XT' (P:0 D:0)
[2022.11.09-19.33.38:496][  0]LogWindows:    6. 'AMD Radeon RX 5700 XT' (P:0 D:0)
[2022.11.09-19.33.38:496][  0]LogWindows: DebugString: FoundDriverCount:7 
[2022.11.09-19.33.38:496][  0]LogD3D11RHI:     Adapter Name: AMD Radeon RX 5700 XT
[2022.11.09-19.33.38:496][  0]LogD3D11RHI:   Driver Version: AMD Software: Adrenalin Edition 22.5.1 (internal:30.0.15021.11005, unified:30.0.15021.11005)
[2022.11.09-19.33.38:496][  0]LogD3D11RHI:      Driver Date: 4-28-2022
[2022.11.09-19.33.38:496][  0]LogRHI: Texture pool is 5168 MB (70% of 7383 MB)
[2022.11.09-19.33.38:519][  0]LogD3D11RHI: Creating D3DDevice with AMD AGS, using adapter:
[2022.11.09-19.33.38:519][  0]LogD3D11RHI:     Description : AMD Radeon RX 5700 XT
[2022.11.09-19.33.38:519][  0]LogD3D11RHI:     VendorId    : 1002
[2022.11.09-19.33.38:519][  0]LogD3D11RHI:     DeviceId    : 731f
[2022.11.09-19.33.38:519][  0]LogD3D11RHI:     SubSysId    : 23131458
[2022.11.09-19.33.38:519][  0]LogD3D11RHI:     Revision    : 00c1
[2022.11.09-19.33.38:519][  0]LogD3D11RHI:     DedicatedVideoMemory : 8547471360 bytes
[2022.11.09-19.33.38:519][  0]LogD3D11RHI:     DedicatedSystemMemory : 0 bytes
[2022.11.09-19.33.38:519][  0]LogD3D11RHI:     SharedSystemMemory : 8564123648 bytes
[2022.11.09-19.33.38:519][  0]LogD3D11RHI:     AdapterLuid : 0 58307
[2022.11.09-19.33.38:552][  0]LogD3D11RHI: Created device via AGS, feature level 11_0, supported extensions 1fffffbf.
[2022.11.09-19.33.38:552][  0]LogD3D11RHI: RHI has support for 64 bit atomics
[2022.11.09-19.33.38:552][  0]LogD3D11RHI: Async texture creation enabled
[2022.11.09-19.33.38:552][  0]LogD3D11RHI: Array index from any shader is supported
[2022.11.09-19.33.38:565][  0]LogD3D11RHI: GPU Timing Frequency: 100.000000 (Debug: 2 1)
[2022.11.09-19.33.38:811][  0]LogTargetPlatformManager: Display: Loaded TargetPlatform 'WindowsNoEditor'
[2022.11.09-19.33.38:815][  0]LogTargetPlatformManager: Display: Loaded TargetPlatform 'Windows'
[2022.11.09-19.33.38:820][  0]LogTargetPlatformManager: Display: Loaded TargetPlatform 'WindowsClient'
[2022.11.09-19.33.38:824][  0]LogTargetPlatformManager: Display: Loaded TargetPlatform 'WindowsServer'
[2022.11.09-19.33.38:824][  0]LogTargetPlatformManager: Display: Building Assets For Windows
[2022.11.09-19.33.38:830][  0]LogAudioDebug: Display: Lib vorbis DLL was dynamically loaded.
[2022.11.09-19.33.38:859][  0]LogTextureFormatOodle: Display: Oodle Texture 2.9.0 init RDO Off
[2022.11.09-19.33.38:883][  0]LogRendererCore: Ray tracing is disabled. Reason: r.RayTracing=0.
[2022.11.09-19.33.38:883][  0]LogShaderCompilers: Guid format shader working directory is -26 characters bigger than the processId version (../../../../../../Users/danie/Documents/Gamedev VR/game/UE4 game/fpsgame/Intermediate/Shaders/WorkingDirectory/2988/).
[2022.11.09-19.33.38:883][  0]LogShaderCompilers: Cleaned the shader compiler working directory 'C:/Users/danie/AppData/Local/Temp/UnrealShaderWorkingDir/C9824F404E9692F6CB9053A113481696/'.
[2022.11.09-19.33.38:883][  0]LogXGEController: Cannot use XGE Controller as Incredibuild is not installed on this machine.
[2022.11.09-19.33.38:883][  0]LogShaderCompilers: Cannot use XGE Shader Compiler as Incredibuild is not installed on this machine.
[2022.11.09-19.33.38:883][  0]LogShaderCompilers: Display: Using Local Shader Compiler.
[2022.11.09-19.33.39:509][  0]LogDerivedDataCache: Display: Max Cache Size: 512 MB
[2022.11.09-19.33.39:558][  0]LogDerivedDataCache: Loaded boot cache 0.05s 94MB C:/Users/danie/AppData/Local/UnrealEngine/4.27/DerivedDataCache/Boot.ddc.
[2022.11.09-19.33.39:558][  0]LogDerivedDataCache: Display: Loaded Boot cache: C:/Users/danie/AppData/Local/UnrealEngine/4.27/DerivedDataCache/Boot.ddc
[2022.11.09-19.33.39:558][  0]LogDerivedDataCache: FDerivedDataBackendGraph:  Pak pak cache file ../../../../../../Users/danie/Documents/Gamedev VR/game/UE4 game/fpsgame/DerivedDataCache/DDC.ddp not found, will not use a pak cache.
[2022.11.09-19.33.39:558][  0]LogDerivedDataCache: Unable to find inner node Pak for hierarchical cache Hierarchy.
[2022.11.09-19.33.39:558][  0]LogDerivedDataCache: FDerivedDataBackendGraph:  CompressedPak pak cache file ../../../../../../Users/danie/Documents/Gamedev VR/game/UE4 game/fpsgame/DerivedDataCache/Compressed.ddp not found, will not use a pak cache.
[2022.11.09-19.33.39:558][  0]LogDerivedDataCache: Unable to find inner node CompressedPak for hierarchical cache Hierarchy.
[2022.11.09-19.33.39:575][  0]LogDerivedDataCache: Display: Pak cache opened for reading ../../../Engine/DerivedDataCache/Compressed.ddp.
[2022.11.09-19.33.39:575][  0]LogDerivedDataCache: FDerivedDataBackendGraph:  EnterprisePak pak cache file ../../../Enterprise/DerivedDataCache/Compressed.ddp not found, will not use a pak cache.
[2022.11.09-19.33.39:575][  0]LogDerivedDataCache: Unable to find inner node EnterprisePak for hierarchical cache Hierarchy.
[2022.11.09-19.33.39:585][  0]LogDerivedDataCache: Speed tests for C:/Users/danie/AppData/Local/UnrealEngine/Common/DerivedDataCache took 0.01 seconds
[2022.11.09-19.33.39:585][  0]LogDerivedDataCache: Display: Performance to C:/Users/danie/AppData/Local/UnrealEngine/Common/DerivedDataCache: Latency=0.03ms. RandomReadSpeed=298.19MBs, RandomWriteSpeed=167.73MBs. Assigned SpeedClass 'Local'
[2022.11.09-19.33.39:585][  0]LogDerivedDataCache: Using Local data cache path C:/Users/danie/AppData/Local/UnrealEngine/Common/DerivedDataCache: Writable
[2022.11.09-19.33.39:585][  0]LogDerivedDataCache: Shared data cache path not found in *engine.ini, will not use an Shared cache.
[2022.11.09-19.33.39:585][  0]LogDerivedDataCache: Unable to find inner node Shared for hierarchical cache Hierarchy.
[2022.11.09-19.33.39:618][  0]LogSlate: Using FreeType 2.10.0
[2022.11.09-19.33.39:618][  0]LogSlate: SlateFontServices - WITH_FREETYPE: 1, WITH_HARFBUZZ: 1
[2022.11.09-19.33.39:705][  0]LogInit: Using OS detected language (en-US).
[2022.11.09-19.33.39:705][  0]LogInit: Using OS detected locale (en-GB).
[2022.11.09-19.33.39:705][  0]LogTextLocalizationManager: No localization for 'en-US' exists, so 'en' will be used for the language.
[2022.11.09-19.33.39:705][  0]LogTextLocalizationManager: No localization for 'en-GB' exists, so 'en' will be used for the locale.
[2022.11.09-19.33.39:705][  0]LogSlate: FontCache flush requested. Reason: Culture for localization was changed
[2022.11.09-19.33.39:705][  0]LogSlate: FontCache flush requested. Reason: Culture for localization was changed
[2022.11.09-19.33.39:708][  0]LogTextLocalizationManager: Compacting localization data took   0.00ms
[2022.11.09-19.33.39:708][  0]LogAssetRegistry: FAssetRegistry took 0.0019 seconds to start up
[2022.11.09-19.33.39:855][  0]LogPackageLocalizationCache: Processed 27 localized package path(s) for 1 prioritized culture(s) in 0.001091 seconds
[2022.11.09-19.33.39:921][  0]LogInit: Selected Device Profile: [Windows]
[2022.11.09-19.33.39:921][  0]LogInit: Active device profile: [000001D2963F3F00][000001D290A86640 49] Windows
[2022.11.09-19.33.39:921][  0]LogInit: Profiles: [000001D2963F3F00][000001D290A86640 49] Windows, [000001D296403F00][000001D28FBF87C0 49] WindowsNoEditor, [000001D2963F0200][000001D28FBFC940 49] WindowsServer, [000001D296402300][000001D28FC00AC0 49] WindowsClient, [000001D2963F1C00][000001D28FC04C40 49] IOS, [000001D296403300][000001D28FC08DC0 49] iPadAir, [000001D2963F2000][000001D28FC0CF40 49] iPadAir2, [000001D2963A4500][000001D292A49200 49] IPadPro, [000001D2963A4600][000001D292A45240 49] iPadAir3, [000001D2963F3900][000001D292A4D3C0 49] iPadAir4, [000001D2963A7C00][000001D292A51540 49] iPadMini2, [000001D2963F0600][000001D292A556C0 49] iPadMini3, [000001D2963A5400][000001D292A59840 49] iPadMini4, [000001D2963F3100][000001D290A8B980 49] iPadMini5, [000001D2963A3D00][000001D292A61BC0 49] iPhone6, [000001D2963A3E00][000001D292A5DC00 49] iPodTouch6, [000001D2963A7400][000001D292A6C300 49] iPhone7, [000001D2963A7500][000001D292A64340 49] iPodTouch7, [000001D2963A0700][000001D292A704C0 49] iPhone5S, [000001D2963A6300][000001D292A74640 49] iPhone6Plus, [000001D2963A3100][000001D292A787C0 49] iPhone6S, [000001D2963A4200][000001D292A7C940 49] iPhone6SPlus, [000001D2963A1000][000001D29097EAC0 49] iPhone7Plus, [000001D2963A4C00][000001D290982C40 49] iPhoneSE, [000001D2963A2800][000001D290986DC0 49] iPhone8, [000001D2963A5D00][000001D29098AF40 49] iPhone8Plus, [000001D2963A1900][000001D29098F0C0 49] iPhoneX, [000001D2963A5300][000001D290993240 49] iPhoneXS, [000001D2963A0800][000001D2909973C0 49] iPhoneXSMax, [000001D2963A6B00][000001D29099B540 49] iPhoneXR, [000001D2963A2F00][000001D29099F6C0 49] iPhone11, [000001D2963A5900][000001D2909A3840 49] iPhone11Pro, [000001D2963A1200][000001D2909A79C0 49] iPhone11ProMax, [000001D2963A6A00][000001D292A69B00 49] iPhoneSE2, [000001D2963A3F00][000001D2909AA0C0 49] iPhone12Mini, [000001D2963A7800][000001D2909AE200 49] iPhone12, [000001D2963A1F00][000001D2909B2340 49] iPhone12Pro, [000001D2963A5A00][000001D2909BA4C0 49] iPhone12ProMax, [000001D2963A1B00][000001D2909BE640 49] iPadPro105, [000001D2963A6700][000001D2909C27C0 49] iPadPro129, [000001D2963A1700][000001D2909C6940 49] iPadPro97, [000001D2963A5600][000001D28FA60AC0 49] iPadPro2_129, [000001D2963A2400][000001D28FA64C40 49] iPad5, [000001D2963A4D00][000001D28FA68DC0 49] iPad6, [000001D2963A2D00][000001D28FA6CF40 49] iPad7, [000001D2963A7000][000001D28FA710C0 49] iPad8, [000001D2963A3500][000001D28FA75240 49] iPadPro11, [000001D2963A7E00][000001D28FA793C0 49] iPadPro2_11, [000001D2963A0500][000001D28FA7D540 49] iPadPro3_129, [000001D2963A7900][000001D28FA816C0 49] iPadPro4_129, [000001D2963A1100][000001D28FA85840 49] AppleTV, [000001D2963A7A00][000001D28FA899C0 49] AppleTV4K, [000001D2963A0F00][000001D28FA8DB40 49] TVOS, [000001D2963A6C00][000001D28FA90140 49] Mac, [000001D2963A0900][000001D2909B6280 49] MacClient, [000001D2963A7300][000001D28FA943C0 49] MacNoEditor, [000001D2963A2500][000001D28FA98500 49] MacServer, [000001D2963A4700][000001D28FAA0680 49] Linux, [000001D2963A0200][000001D28FAA4800 49] LinuxAArch64, [000001D2963A6600][000001D28FAA8980 49] LinuxNoEditor, [000001D2963A2B00][000001D28FAACB00 49] LinuxAArch64NoEditor, [000001D2963A4F00][000001D28FAB0C80 49] LinuxClient, [000001D2963A2900][000001D28FAB4E00 49] LinuxAArch64Client, [000001D2963A4400][000001D28FAB8F80 49] LinuxServer, [000001D2963A2300][000001D28FABD100 49] LinuxAArch64Server, [000001D296478100][000001D28FAC1280 49] Android, [000001D296401200][000001D28FAC5400 49] Android_Low, [000001D296478D00][000001D28FAC9580 49] Android_Mid, [000001D296402200][000001D28FACD700 49] Android_High, [000001D296478A00][000001D28FAD1880 49] Android_Default, [000001D296401400][000001D28FAD5A00 49] Android_Adreno4xx, [000001D29647AC00][000001D28FAD9B80 49] Android_Adreno5xx_Low, [000001D296402500][000001D28FADC180 49] Android_Adreno5xx, [000001D296479600][000001D28FAE0300 49] Android_Adreno6xx, [000001D296403B00][000001D28FA9C440 49] Android_Adreno6xx_Vulkan, [000001D296479F00][000001D28FAE4580 49] Android_Mali_T6xx, [000001D296400C00][000001D28FAE86C0 49] Android_Mali_T7xx, [000001D296479800][000001D28FAF0840 49] Android_Mali_T8xx, [000001D296402800][000001D28FAF49C0 49] Android_Mali_G71, [000001D296479000][000001D28FAF8B40 49] Android_Mali_G72, [000001D296403000][000001D28FAFCCC0 49] Android_Mali_G72_Vulkan, [000001D296478200][000001D28FB00E40 49] Android_Mali_G76, [000001D296400A00][000001D28FB04FC0 49] Android_Mali_G76_Vulkan, [000001D29647A600][000001D28FB09140 49] Android_Mali_G77, [000001D296401900][000001D28FB0D2C0 49] Android_Mali_G77_Vulkan, [000001D29647A400][000001D28FB11440 49] Android_Mali_G78, [000001D296402100][000001D28FB155C0 49] Android_Mali_G78_Vulkan, [000001D296479500][000001D28FB19740 49] Android_Mali_G710, [000001D296400900][000001D28FB1D8C0 49] Android_Mali_G710_Vulkan, [000001D29647AF00][000001D28FB21A40 49] Android_Vulkan_SM5, [000001D296401600][000001D28FB25BC0 49] Android_PowerVR_G6xxx, [000001D29647AA00][000001D28FB281C0 49] Android_PowerVR_GT7xxx, [000001D296400400][000001D28FB2C340 49] Android_PowerVR_GE8xxx, [000001D29647B100][000001D28FB304C0 49] Android_PowerVR_GM9xxx, [000001D2963A7F00][000001D28FAEC600 49] Android_PowerVR_GM9xxx_Vulkan, [000001D296478800][000001D28FB34740 49] Android_TegraK1, [000001D2963A6E00][000001D28FB38880 49] Android_Unknown_Vulkan, [000001D296478500][000001D28FB3C9C0 49] Lumin, [000001D2963A6900][000001D28FB44B40 49] Lumin_Desktop, [000001D296478E00][000001D28FB48CC0 49] HoloLens, 
[2022.11.09-19.33.39:955][  0]LogMeshReduction: Using QuadricMeshReduction for automatic static mesh reduction
[2022.11.09-19.33.39:955][  0]LogMeshReduction: Using SimplygonMeshReduction for automatic skeletal mesh reduction
[2022.11.09-19.33.39:955][  0]LogMeshReduction: Using ProxyLODMeshReduction for automatic mesh merging
[2022.11.09-19.33.39:955][  0]LogMeshReduction: No distributed automatic mesh merging module available
[2022.11.09-19.33.39:955][  0]LogMeshMerging: No distributed automatic mesh merging module available
[2022.11.09-19.33.40:042][  0]LogNetVersion: fpsgame 1.0.0, NetCL: 17155196, EngineNetVer: 17, GameNetVer: 0 (Checksum: 3215450660)
[2022.11.09-19.33.40:250][  0]LogTexture: Default maximum texture size for cubemaps generated from long-lat sources has been changed from 512 to unlimited. In order to preserve old behaiour for '/Engine/MapTemplates/Sky/DaylightAmbientCubemap.DaylightAmbientCubemap', its maximum texture size has been explicitly set to 512.
[2022.11.09-19.33.40:294][  0]LogHMD: PokeAHoleMaterial loaded successfully
[2022.11.09-19.33.40:383][  0]LogMoviePlayer: Initializing movie player
[2022.11.09-19.33.40:488][  0]LogNiagaraDebuggerClient: Niagara Debugger Client Initialized | Session: CD020817448A36880860E1B6B0DBBE3E | Instance: 524E7D7647AD673595D0BB970687D2EB (DESKTOP-QG36584-2988).
[2022.11.09-19.33.40:505][  0]LogCollectionManager: Loaded 0 collections in 0.001540 seconds
[2022.11.09-19.33.40:507][  0]LogFileCache: Scanning file cache for directory 'C:/Users/danie/Documents/Gamedev VR/game/UE4 game/fpsgame/Saved/Collections/' took 0.00s
[2022.11.09-19.33.40:507][  0]LogFileCache: Scanning file cache for directory 'C:/Users/danie/Documents/Gamedev VR/game/UE4 game/fpsgame/Content/Developers/danie/Collections/' took 0.00s
[2022.11.09-19.33.40:507][  0]LogFileCache: Scanning file cache for directory 'C:/Users/danie/Documents/Gamedev VR/game/UE4 game/fpsgame/Content/Collections/' took 0.00s
[2022.11.09-19.33.40:507][  0]LogCollectionManager: Fixed up redirectors for 0 collections in 0.000002 seconds (updated 0 objects)
[2022.11.09-19.33.40:590][  0]LogTcpMessaging: Initializing TcpMessaging bridge
[2022.11.09-19.33.40:594][  0]LogUdpMessaging: Initializing bridge on interface 0.0.0.0:0 to multicast group 230.0.0.1:6666.
[2022.11.09-19.33.40:603][  0]LogPython: Using Python 3.7.7
[2022.11.09-19.33.41:075][  0]SourceControl: Source control is disabled
[2022.11.09-19.33.41:075][  0]SourceControl: Source control is disabled
[2022.11.09-19.33.41:077][  0]SourceControl: Source control is disabled
[2022.11.09-19.33.41:081][  0]LogUProjectInfo: Found projects:
[2022.11.09-19.33.41:148][  0]LogOpenImageDenoise: OIDN starting up
[2022.11.09-19.33.41:170][  0]LogAndroidPermission: UAndroidPermissionCallbackProxy::GetInstance
[2022.11.09-19.33.41:191][  0]LogAudioCaptureCore: Display: No Audio Capture implementations found. Audio input will be silent.
[2022.11.09-19.33.41:191][  0]LogAudioCaptureCore: Display: No Audio Capture implementations found. Audio input will be silent.
[2022.11.09-19.33.41:243][  0]LogOcInput: OculusInput pre-init called
[2022.11.09-19.33.41:250][  0]LogUObjectArray: 22283 objects as part of root set at end of initial load.
[2022.11.09-19.33.41:250][  0]LogUObjectAllocator: 6047696 out of 0 bytes used by permanent object pool.
[2022.11.09-19.33.41:250][  0]LogUObjectArray: CloseDisregardForGC: 0/0 objects in disregard for GC pool
[2022.11.09-19.33.41:297][  0]LogClass: Display: StructProperty FRewindDataStruct::SnapshotPosition is not initialized properly. Module:fpsgame File:RewindComponent.h
[2022.11.09-19.33.41:297][  0]LogClass: Display: StructProperty FRewindDataStruct::SnapshotRotation is not initialized properly. Module:fpsgame File:RewindComponent.h
[2022.11.09-19.33.41:297][  0]LogClass: Display: StructProperty FRewindDataStruct::SnapshotScale is not initialized properly. Module:fpsgame File:RewindComponent.h
[2022.11.09-19.33.41:297][  0]LogClass: Display: BoolProperty FWeaponRecoil::bHasRecoil is not initialized properly. Module:fpsgame File:WeaponActor.h
[2022.11.09-19.33.41:297][  0]LogClass: Display: BoolProperty FWeaponRecoil::bUsesControlRotationForHipfireRecoil is not initialized properly. Module:fpsgame File:WeaponActor.h
[2022.11.09-19.33.41:297][  0]LogClass: Display: FloatProperty FWeaponRecoil::RecoilRecoveryTime is not initialized properly. Module:fpsgame File:WeaponActor.h
[2022.11.09-19.33.41:297][  0]LogClass: Display: FloatProperty FWeaponRecoil::PercentageRecoilRecoveryGainedPerSecond is not initialized properly. Module:fpsgame File:WeaponActor.h
[2022.11.09-19.33.41:297][  0]LogClass: Display: FloatProperty FWeaponStats::MaxRange is not initialized properly. Module:fpsgame File:WeaponActor.h
[2022.11.09-19.33.41:297][  0]LogClass: Display: FloatProperty FWeaponStats::FireRate is not initialized properly. Module:fpsgame File:WeaponActor.h
[2022.11.09-19.33.41:297][  0]LogClass: Display: IntProperty FWeaponStats::CartridgeBullets is not initialized properly. Module:fpsgame File:WeaponActor.h
[2022.11.09-19.33.41:297][  0]LogClass: Display: IntProperty FWeaponStats::BurstNumber is not initialized properly. Module:fpsgame File:WeaponActor.h
[2022.11.09-19.33.41:297][  0]LogClass: Display: FloatProperty FWeaponStats::BurstFireRate is not initialized properly. Module:fpsgame File:WeaponActor.h
[2022.11.09-19.33.41:297][  0]LogClass: Display: IntProperty FWeaponStats::MaxMagSize is not initialized properly. Module:fpsgame File:WeaponActor.h
[2022.11.09-19.33.41:297][  0]LogClass: Display: IntProperty FWeaponStats::MagAmmo is not initialized properly. Module:fpsgame File:WeaponActor.h
[2022.11.09-19.33.41:297][  0]LogClass: Display: FloatProperty FWeaponStats::BaseDamageTorso is not initialized properly. Module:fpsgame File:WeaponActor.h
[2022.11.09-19.33.41:297][  0]LogClass: Display: FloatProperty FWeaponStats::BaseDamageHead is not initialized properly. Module:fpsgame File:WeaponActor.h
[2022.11.09-19.33.41:297][  0]LogClass: Display: FloatProperty FWeaponStats::BaseDamageLegs is not initialized properly. Module:fpsgame File:WeaponActor.h
[2022.11.09-19.33.41:297][  0]LogClass: Display: FloatProperty FWeaponStats::BaseHipfireSpreadAngleInDegrees is not initialized properly. Module:fpsgame File:WeaponActor.h
[2022.11.09-19.33.41:297][  0]LogClass: Display: FloatProperty FWeaponStats::BaseMovementSpreadMultiplier is not initialized properly. Module:fpsgame File:WeaponActor.h
[2022.11.09-19.33.41:298][  0]LogClass: Display: EnumProperty FWeaponMetaData::GunModel is not initialized properly. Module:fpsgame File:WeaponActor.h
[2022.11.09-19.33.41:298][  0]LogClass: Display: EnumProperty FWeaponMetaData::WAWeaponType is not initialized properly. Module:fpsgame File:WeaponActor.h
[2022.11.09-19.33.41:298][  0]LogClass: Display: EnumProperty FWeaponMetaData::WAWeaponFireType is not initialized properly. Module:fpsgame File:WeaponActor.h
[2022.11.09-19.33.41:298][  0]LogClass: Display: EnumProperty FWeaponMetaData::WAWeaponHitDetectionType is not initialized properly. Module:fpsgame File:WeaponActor.h
[2022.11.09-19.33.41:298][  0]LogClass: Display: EnumProperty FWeaponMetaData::TypeOfEquip is not initialized properly. Module:fpsgame File:WeaponActor.h
[2022.11.09-19.33.41:298][  0]LogClass: Warning: ObjectProperty FWeaponVisualAssets::GunMesh is not initialized properly. Module:fpsgame File:WeaponActor.h
[2022.11.09-19.33.41:298][  0]LogClass: Warning: ObjectProperty FWeaponVisualAssets::TracerEffect is not initialized properly. Module:fpsgame File:WeaponActor.h
[2022.11.09-19.33.41:298][  0]LogClass: Warning: ObjectProperty FWeaponVisualAssets::MuzzleFlash is not initialized properly. Module:fpsgame File:WeaponActor.h
[2022.11.09-19.33.41:298][  0]LogClass: Display: StructProperty FWeaponPositionalDetails::BasePosition is not initialized properly. Module:fpsgame File:WeaponActor.h
[2022.11.09-19.33.41:298][  0]LogClass: Display: StructProperty FWeaponPositionalDetails::BaseRotation is not initialized properly. Module:fpsgame File:WeaponActor.h
[2022.11.09-19.33.41:298][  0]LogClass: Display: StructProperty FWeaponPositionalDetails::BaseScale is not initialized properly. Module:fpsgame File:WeaponActor.h
[2022.11.09-19.33.41:298][  0]LogClass: Display: StructProperty FWeaponPositionalDetails::TPBaseScale is not initialized properly. Module:fpsgame File:WeaponActor.h
[2022.11.09-19.33.41:298][  0]LogClass: Display: StructProperty FWeaponPositionalDetails::TPBaseRotation is not initialized properly. Module:fpsgame File:WeaponActor.h
[2022.11.09-19.33.41:298][  0]LogClass: Display: StructProperty FWeaponPositionalDetails::TPBasePosition is not initialized properly. Module:fpsgame File:WeaponActor.h
[2022.11.09-19.33.41:298][  0]LogClass: Display: StructProperty FWeaponPositionalDetails::MuzzlePosition is not initialized properly. Module:fpsgame File:WeaponActor.h
[2022.11.09-19.33.41:298][  0]LogClass: Display: 34 Uninitialized script struct members found including 3 object properties
[2022.11.09-19.33.41:298][  0]LogAutomationTest: Warning: ObjectProperty FWeaponVisualAssets::GunMesh is not initialized properly. Module:fpsgame File:WeaponActor.h
[2022.11.09-19.33.41:298][  0]LogAutomationTest: Warning: ObjectProperty FWeaponVisualAssets::TracerEffect is not initialized properly. Module:fpsgame File:WeaponActor.h
[2022.11.09-19.33.41:298][  0]LogAutomationTest: Warning: ObjectProperty FWeaponVisualAssets::MuzzleFlash is not initialized properly. Module:fpsgame File:WeaponActor.h
[2022.11.09-19.33.41:298][  0]LogEngine: Initializing Engine...
[2022.11.09-19.33.41:301][  0]LogHMD: Failed to enumerate extensions. Please check that you have a valid OpenXR runtime installed.
[2022.11.09-19.33.41:301][  0]LogHMD: Failed to initialize OpenVR with code 110
[2022.11.09-19.33.41:302][  0]LogMagicLeap: Warning: VR disabled because ZI is not enabled.  To enable, in the editor, Edit -> Project Settings -> Plugins -> Magic Leap Plugin -> Enable Zero Iteration
[2022.11.09-19.33.41:303][  0]LogStats: UGameplayTagsManager::InitializeManager -  0.000 s
[2022.11.09-19.33.41:377][  0]LogInit: Initializing FReadOnlyCVARCache
[2022.11.09-19.33.41:377][  0]LogAudio: Display: Initializing Audio Device Manager...
[2022.11.09-19.33.41:381][  0]LogAudio: Display: Loading Default Audio Settings Objects...
[2022.11.09-19.33.41:382][  0]LogAudio: Display: No default SoundConcurrencyObject specified (or failed to load).
[2022.11.09-19.33.41:383][  0]LogAudio: Display: Audio Device Manager Initialized
[2022.11.09-19.33.41:383][  0]LogAudio: Display: Creating Audio Device:                 Id: 1, Scope: Shared, Realtime: True
[2022.11.09-19.33.41:383][  0]LogAudioMixer: Display: Audio Mixer Platform Settings:
[2022.11.09-19.33.41:383][  0]LogAudioMixer: Display: 	Sample Rate:						  48000
[2022.11.09-19.33.41:383][  0]LogAudioMixer: Display: 	Callback Buffer Frame Size Requested: 1024
[2022.11.09-19.33.41:383][  0]LogAudioMixer: Display: 	Callback Buffer Frame Size To Use:	  1024
[2022.11.09-19.33.41:383][  0]LogAudioMixer: Display: 	Number of buffers to queue:			  2
[2022.11.09-19.33.41:383][  0]LogAudioMixer: Display: 	Max Channels (voices):				  32
[2022.11.09-19.33.41:383][  0]LogAudioMixer: Display: 	Number of Async Source Workers:		  0
[2022.11.09-19.33.41:383][  0]LogAudio: Display: AudioDevice MaxSources: 32
[2022.11.09-19.33.41:383][  0]LogAudio: Display: Audio Spatialization Plugin: None (built-in).
[2022.11.09-19.33.41:383][  0]LogAudio: Display: Audio Reverb Plugin: None (built-in).
[2022.11.09-19.33.41:383][  0]LogAudio: Display: Audio Occlusion Plugin: None (built-in).
[2022.11.09-19.33.41:383][  0]LogAudioMixer: Display: Initializing audio mixer.
[2022.11.09-19.33.41:396][  0]LogAudioMixer: Display: 0: FrontLeft
[2022.11.09-19.33.41:396][  0]LogAudioMixer: Display: 1: FrontRight
[2022.11.09-19.33.41:396][  0]LogAudioMixer: Display: 2: FrontCenter
[2022.11.09-19.33.41:396][  0]LogAudioMixer: Display: 3: LowFrequency
[2022.11.09-19.33.41:396][  0]LogAudioMixer: Display: 4: BackLeft
[2022.11.09-19.33.41:396][  0]LogAudioMixer: Display: 5: BackRight
[2022.11.09-19.33.41:396][  0]LogAudioMixer: Display: 6: SideLeft
[2022.11.09-19.33.41:396][  0]LogAudioMixer: Display: 7: SideRight
[2022.11.09-19.33.41:415][  0]LogAudioMixer: Display: Using Audio Device Speakers (Realtek(R) Audio)
[2022.11.09-19.33.41:420][  0]LogAudioMixer: Display: Initializing Sound Submixes...
[2022.11.09-19.33.41:422][  0]LogAudioMixer: Display: Creating Master Submix 'MasterSubmixDefault'
[2022.11.09-19.33.41:422][  0]LogAudioMixer: Display: Creating Master Submix 'MasterReverbSubmixDefault'
[2022.11.09-19.33.41:422][  0]LogAudioMixer: Display: Creating Master Submix 'MasterEQSubmixDefault'
[2022.11.09-19.33.41:423][  0]LogAudioMixer: FMixerPlatformXAudio2::StartAudioStream() called
[2022.11.09-19.33.41:423][  0]LogAudioMixer: Display: Output buffers initialized: Frames=1024, Channels=8, Samples=8192
[2022.11.09-19.33.41:423][  0]LogAudioMixer: Display: Starting AudioMixerPlatformInterface::RunInternal()
[2022.11.09-19.33.41:423][  0]LogAudioMixer: Display: FMixerPlatformXAudio2::SubmitBuffer() called for the first time
[2022.11.09-19.33.41:423][  0]LogInit: FAudioDevice initialized.
[2022.11.09-19.33.41:425][  0]LogNetVersion: Set ProjectVersion to 1.0.0.0. Version Checksum will be recalculated on next use.
[2022.11.09-19.33.41:426][  0]LogInit: Texture streaming: Enabled
[2022.11.09-19.33.41:474][  0]LogAudio: Display: Audio Device (ID: 1) registered with world 'Untitled'.
[2022.11.09-19.33.41:474][  0]LogSlate: Updating window title bar state: overlay mode, drag disabled, window buttons hidden, title bar hidden
[2022.11.09-19.33.41:475][  0]LogInit: Display: Game Engine Initialized.
[2022.11.09-19.33.41:475][  0]LogNiagaraEditor: GEditor isn't valid! Particle reset commands will not work for Niagara components!
[2022.11.09-19.33.41:551][  0]LogInit: Display: Starting Game.
[2022.11.09-19.33.41:552][  0]LogNet: Browse: 127.0.0.1:17777/Engine/Maps/Templates/Template_Default?Name=Player
[2022.11.09-19.33.41:552][  0]LogNet: PktLoss set to 0
[2022.11.09-19.33.41:552][  0]LogNet: PktLagMin set to 0
[2022.11.09-19.33.41:552][  0]LogNet: PktLagMax set to 0
[2022.11.09-19.33.41:552][  0]LogNet: PktIncomingLagMin set to 0
[2022.11.09-19.33.41:552][  0]LogNet: PktIncomingLagMax set to 0
[2022.11.09-19.33.41:552][  0]LogNet: PktIncomingLoss set to 0
[2022.11.09-19.33.41:552][  0]LogNet: PktLoss set to 0
[2022.11.09-19.33.41:552][  0]LogNet: PktLagMin set to 0
[2022.11.09-19.33.41:552][  0]LogNet: PktLagMax set to 0
[2022.11.09-19.33.41:552][  0]LogNet: PktIncomingLagMin set to 0
[2022.11.09-19.33.41:552][  0]LogNet: PktIncomingLagMax set to 0
[2022.11.09-19.33.41:552][  0]LogNet: PktIncomingLoss set to 0
[2022.11.09-19.33.41:552][  0]LogNet: PktLoss set to 0
[2022.11.09-19.33.41:552][  0]LogNet: PktLagMin set to 0
[2022.11.09-19.33.41:552][  0]LogNet: PktLagMax set to 0
[2022.11.09-19.33.41:552][  0]LogNet: PktIncomingLagMin set to 0
[2022.11.09-19.33.41:552][  0]LogNet: PktIncomingLagMax set to 0
[2022.11.09-19.33.41:552][  0]LogNet: PktIncomingLoss set to 0
[2022.11.09-19.33.41:552][  0]LogInit: WinSock: Socket queue. Rx: 32768 (config 32768) Tx: 32768 (config 32768)
[2022.11.09-19.33.41:552][  0]LogNet: Created socket for bind address: 0.0.0.0 on port 0
[2022.11.09-19.33.41:552][  0]PacketHandlerLog: Loaded PacketHandler component: Engine.EngineHandlerComponentFactory (StatelessConnectHandlerComponent)
[2022.11.09-19.33.41:552][  0]LogNet: Game client on port 17777, rate 100000
[2022.11.09-19.33.41:635][  0]LogInit: Display: Engine is initialized. Leaving FEngineLoop::Init()
[2022.11.09-19.33.41:636][  0]LogLoad: (Engine Initialization) Total time: 4.50 seconds
[2022.11.09-19.33.41:636][  0]LogLoad: (Engine Initialization) Total Blueprint compile time: 0.00 seconds
[2022.11.09-19.33.41:638][  0]LogContentStreaming: Texture pool size now 1000 MB
[2022.11.09-19.33.41:639][  0]LogSlate: InvalidateAllWidgets triggered.  All widgets were invalidated
[2022.11.09-19.33.42:576][ 48]LogHandshake: SendChallengeResponse. Timestamp: 0.729703, Cookie: 186075171041172242155146192199065226040027223254081229247196
[2022.11.09-19.33.42:610][180]LogNetVersion: fpsgame 1.0.0.0, NetCL: 17155196, EngineNetVer: 17, GameNetVer: 0 (Checksum: 1484303137)
[2022.11.09-19.33.42:610][180]LogNet: UPendingNetGame::SendInitialJoin: Sending hello. [UNetConnection] RemoteAddr: 127.0.0.1:17777, Name: IpConnection_0, Driver: PendingNetDriver IpNetDriver_0, IsServer: NO, PC: NULL, Owner: NULL, UniqueId: INVALID
[2022.11.09-19.33.42:642][308]LogNet: Welcomed by server (Level: /Game/Maps/TestMap, Game: /Game/Blueprints/BP_FPSGameModeDefault.BP_FPSGameModeDefault_C)
[2022.11.09-19.33.42:642][308]LogLoad: LoadMap: 127.0.0.1:17777/Game/Maps/TestMap?Name=Player?game=/Game/Blueprints/BP_FPSGameModeDefault.BP_FPSGameModeDefault_C
[2022.11.09-19.33.42:642][308]LogWorld: BeginTearingDown for /Temp/Untitled_0
[2022.11.09-19.33.42:642][308]LogWorld: UWorld::CleanupWorld for Untitled, bSessionEnded=true, bCleanupResources=true
[2022.11.09-19.33.42:642][308]LogSlate: InvalidateAllWidgets triggered.  All widgets were invalidated
[2022.11.09-19.33.42:649][308]LogAudio: Display: Audio Device unregistered from world 'None'.
[2022.11.09-19.33.42:651][308]LogUObjectHash: Compacting FUObjectHashTables data took   0.78ms
[2022.11.09-19.33.42:956][308]LogAudio: Display: Audio Device (ID: 1) registered with world 'TestMap'.
[2022.11.09-19.33.42:957][308]LogNet: PktLoss set to 0
[2022.11.09-19.33.42:957][308]LogNet: PktLagMin set to 0
[2022.11.09-19.33.42:957][308]LogNet: PktLagMax set to 0
[2022.11.09-19.33.42:957][308]LogNet: PktIncomingLagMin set to 0
[2022.11.09-19.33.42:957][308]LogNet: PktIncomingLagMax set to 0
[2022.11.09-19.33.42:957][308]LogNet: PktIncomingLoss set to 0
[2022.11.09-19.33.42:958][308]LogWorld: Bringing World /Game/Maps/TestMap.TestMap up for play (max tick rate 0) at 2022.11.09-19.33.42
[2022.11.09-19.33.42:958][308]LogWorld: Bringing up level for play took: 0.001135
[2022.11.09-19.33.42:959][308]LogSlate: Took 0.000163 seconds to synchronously load lazily loaded font '../../../Engine/Content/Slate/Fonts/Roboto-Regular.ttf' (155K)
[2022.11.09-19.33.42:959][308]LogLoad: Took 0.317046 seconds to LoadMap(/Game/Maps/TestMap)
[2022.11.09-19.33.42:959][308]LogNavigation: Warning: NavData RegistrationFailed_DataPendingKill.
[2022.11.09-19.33.42:987][310]LogRenderer: Reallocating scene render targets to support 640x480 Format 10 NumSamples 1 (Frame:1).
[2022.11.09-19.33.43:242][310]LogOnlineSession: Warning: OSS: No game present to join for session (GameSession)
[2022.11.09-19.33.43:274][315]LogOnlineSession: Warning: OSS: No game present to join for session (GameSession)
[2022.11.09-19.33.44:764][980]LogTemp: Warning: Interacting
[2022.11.09-19.33.44:764][980]LogTemp: Warning: OWNING CLIENT: Log no. 0
[2022.11.09-19.33.44:764][980]LogTemp: Warning: IsHit =  TRUE
[2022.11.09-19.33.44:764][980]LogTemp: Warning: We got a hit bois
[2022.11.09-19.33.44:764][980]LogTemp: Warning: interactable component found
[2022.11.09-19.33.44:764][980]LogTemp: Warning: We got a pickup bois
[2022.11.09-19.33.44:764][980]LogTemp: Warning: Disgusting client
[2022.11.09-19.33.44:764][980]LogTemp: Warning: diarrhea
[2022.11.09-19.33.44:764][980]LogTemp: Warning: prime
[2022.11.09-19.33.44:764][980]LogTemp: Warning: OWNING CLIENT: Log no. 1
[2022.11.09-19.33.44:764][980]LogTemp: Warning: No longer bursting
[2022.11.09-19.33.44:764][980]LogTemp: Warning: Primary FP
[2022.11.09-19.33.44:764][980]LogTemp: Warning: OWNING CLIENT: Log no. 2
[2022.11.09-19.33.44:764][980]LogTemp: Warning: name = Gun Muzzle
[2022.11.09-19.33.44:764][980]LogTemp: Warning: name2 = BP_Myfpscharacter_C_0
[2022.11.09-19.33.44:765][980]LogTemp: Warning: TP attach
[2022.11.09-19.33.45:152][174]LogTemp: Warning: Start
[2022.11.09-19.33.45:152][174]LogTemp: Warning: Burst client validate
[2022.11.09-19.33.45:152][174]LogTemp: Warning: recoilrecovery = 1.000000
[2022.11.09-19.33.45:157][174]LogTemp: Warning: RecoilControlRotation
[2022.11.09-19.33.45:157][174]LogTemp: Warning: Getting time
[2022.11.09-19.33.45:157][174]LogTemp: Warning: client time = 3.426183
[2022.11.09-19.33.45:164][176]LogTemp: Warning: DeltaRecoil = 0.750000
