Log file open, 07/28/22 16:54:41
LogWindows: Failed to load 'aqProf.dll' (GetLastError=126)
LogWindows: File 'aqProf.dll' does not exist
LogWindows: Failed to load 'VtuneApi.dll' (GetLastError=126)
LogWindows: File 'VtuneApi.dll' does not exist
LogWindows: Failed to load 'VtuneApi32e.dll' (GetLastError=126)
LogWindows: File 'VtuneApi32e.dll' does not exist
LogConsoleResponse: Display: Failed to find resolution value strings in scalability ini. Falling back to default.
LogConsoleResponse: Display: Failed to find resolution value strings in scalability ini. Falling back to default.
LogInit: Display: Running engine for game: fpsgame
LogPlatformFile: Not using cached read wrapper
LogTaskGraph: Started task graph with 5 named threads and 35 total threads with 3 sets of task threads.
LogStats: Stats thread started at 0.229101
LogICUInternationalization: ICU TimeZone Detection - Raw Offset: +0:00, Platform Override: ''
LogInit: Display: Loading text-based GConfig....
LogPluginManager: Mounting plugin MeshPainting
LogPluginManager: Mounting plugin XGEController
LogPluginManager: Mounting plugin Paper2D
LogPluginManager: Mounting plugin EnvironmentQueryEditor
LogPluginManager: Mounting plugin LiveLink
LogPluginManager: Mounting plugin AISupport
LogPluginManager: Mounting plugin CameraShakePreviewer
LogPluginManager: Mounting plugin OodleData
LogPluginManager: Mounting plugin OodleNetwork
LogPluginManager: Mounting plugin AnimationSharing
LogPluginManager: Mounting plugin CLionSourceCodeAccess
LogPluginManager: Mounting plugin CodeLiteSourceCodeAccess
LogPluginManager: Mounting plugin GitSourceControl
LogPluginManager: Mounting plugin KDevelopSourceCodeAccess
LogPluginManager: Mounting plugin NullSourceCodeAccess
LogPluginManager: Mounting plugin PerforceSourceControl
LogPluginManager: Mounting plugin PixWinPlugin
LogPluginManager: Mounting plugin PlasticSourceControl
LogPluginManager: Mounting plugin PluginUtils
LogPluginManager: Mounting plugin PropertyAccessNode
LogPluginManager: Mounting plugin TextureFormatOodle
LogPluginManager: Mounting plugin SubversionSourceControl
LogPluginManager: Mounting plugin VisualStudioCodeSourceCodeAccess
LogPluginManager: Mounting plugin UObjectPlugin
LogPluginManager: Mounting plugin GameplayCameras
LogPluginManager: Mounting plugin XCodeSourceCodeAccess
LogPluginManager: Mounting plugin VisualStudioSourceCodeAccess
LogPluginManager: Mounting plugin LightPropagationVolume
LogPluginManager: Mounting plugin DatasmithContent
LogPluginManager: Mounting plugin VariantManagerContent
LogPluginManager: Mounting plugin AssetManagerEditor
LogPluginManager: Mounting plugin RiderSourceCodeAccess
LogPluginManager: Mounting plugin CurveEditorTools
LogPluginManager: Mounting plugin Niagara
LogPluginManager: Mounting plugin FacialAnimation
LogPluginManager: Mounting plugin DataValidation
LogPluginManager: Mounting plugin GeometryMode
LogPluginManager: Mounting plugin MacGraphicsSwitching
LogPluginManager: Mounting plugin MaterialAnalyzer
LogPluginManager: Mounting plugin CryptoKeys
LogPluginManager: Mounting plugin MobileLauncherProfileWizard
LogPluginManager: Mounting plugin SpeedTreeImporter
LogPluginManager: Mounting plugin GameplayTagsEditor
LogPluginManager: Mounting plugin PluginBrowser
LogPluginManager: Mounting plugin OnlineSubsystem
LogPluginManager: Mounting plugin UdpMessaging
LogPluginManager: Mounting plugin TcpMessaging
LogPluginManager: Mounting plugin ActorSequence
LogPluginManager: Mounting plugin LevelSequenceEditor
LogPluginManager: Mounting plugin MatineeToLevelSequence
LogPluginManager: Mounting plugin AlembicImporter
LogPluginManager: Mounting plugin BackChannel
LogPluginManager: Mounting plugin AutomationUtils
LogPluginManager: Mounting plugin TemplateSequence
LogPluginManager: Mounting plugin ChaosCloth
LogPluginManager: Mounting plugin ChaosEditor
LogPluginManager: Mounting plugin ChaosClothEditor
LogPluginManager: Mounting plugin ChaosNiagara
LogPluginManager: Mounting plugin OnlineSubsystemNull
LogPluginManager: Mounting plugin CharacterAI
LogPluginManager: Mounting plugin ChaosSolverPlugin
LogPluginManager: Mounting plugin GeometryCache
LogPluginManager: Mounting plugin GeometryCollectionPlugin
LogPluginManager: Mounting plugin MagicLeap
LogPluginManager: Mounting plugin GeometryProcessing
LogPluginManager: Mounting plugin LuminPlatformFeatures
LogPluginManager: Mounting plugin OpenImageDenoise
LogPluginManager: Mounting plugin PlatformCrypto
LogPluginManager: Mounting plugin PlanarCut
LogPluginManager: Mounting plugin MotoSynth
LogPluginManager: Mounting plugin ProxyLODPlugin
LogPluginManager: Mounting plugin PythonScriptPlugin
LogPluginManager: Mounting plugin OnlineSubsystemUtils
LogPluginManager: Mounting plugin MagicLeapLightEstimation
LogPluginManager: Mounting plugin SkeletalReduction
LogPluginManager: Mounting plugin MagicLeapMedia
LogPluginManager: Mounting plugin MagicLeapPassableWorld
LogPluginManager: Mounting plugin LauncherChunkInstaller
LogPluginManager: Mounting plugin ActorLayerUtilities
LogPluginManager: Mounting plugin AndroidMoviePlayer
LogPluginManager: Mounting plugin AndroidDeviceProfileSelector
LogPluginManager: Mounting plugin AndroidPermission
LogPluginManager: Mounting plugin AppleImageUtils
LogPluginManager: Mounting plugin MLSDK
LogPluginManager: Mounting plugin AppleMoviePlayer
LogPluginManager: Mounting plugin ArchVisCharacter
LogPluginManager: Mounting plugin AudioCapture
LogPluginManager: Mounting plugin AssetTags
LogPluginManager: Mounting plugin AudioSynesthesia
LogPluginManager: Mounting plugin CableComponent
LogPluginManager: Mounting plugin CustomMeshComponent
LogPluginManager: Mounting plugin EditableMesh
LogPluginManager: Mounting plugin AndroidMedia
LogPluginManager: Mounting plugin GooglePAD
LogPluginManager: Mounting plugin GoogleCloudMessaging
LogPluginManager: Mounting plugin ExampleDeviceProfileSelector
LogPluginManager: Mounting plugin AvfMedia
LogPluginManager: Mounting plugin ChunkDownloader
LogPluginManager: Mounting plugin MediaCompositing
LogPluginManager: Mounting plugin MediaPlayerEditor
LogPluginManager: Mounting plugin WmfMedia
LogPluginManager: Mounting plugin ImgMedia
LogPluginManager: Mounting plugin ScreenshotTools
LogPluginManager: Mounting plugin IOSDeviceProfileSelector
LogPluginManager: Mounting plugin LinuxDeviceProfileSelector
LogPluginManager: Mounting plugin LocationServicesBPLibrary
LogPluginManager: Mounting plugin WebMMedia
LogPluginManager: Mounting plugin MobilePatchingUtils
LogPluginManager: Mounting plugin OpenXR
LogPluginManager: Mounting plugin OpenXRHandTracking
LogPluginManager: Mounting plugin OpenXREyeTracker
LogPluginManager: Mounting plugin PhysXVehicles
LogPluginManager: Mounting plugin ProceduralMeshComponent
LogPluginManager: Mounting plugin PostSplashScreen
LogPluginManager: Mounting plugin PropertyAccessEditor
LogPluginManager: Mounting plugin RuntimePhysXCooking
LogPluginManager: Mounting plugin SignificanceManager
LogPluginManager: Mounting plugin SoundFields
LogPluginManager: Mounting plugin WebMMoviePlayer
LogPluginManager: Mounting plugin WindowsMoviePlayer
LogPluginManager: Mounting plugin Synthesis
LogPluginManager: Mounting plugin Takes
LogPluginManager: Mounting plugin ContentBrowserAssetDataSource
LogPluginManager: Mounting plugin ContentBrowserClassDataSource
LogPluginManager: Mounting plugin ContentBrowserFileDataSource
LogPluginManager: Mounting plugin OnlineSubsystemGooglePlay
LogPluginManager: Mounting plugin OnlineSubsystemIOS
LogPluginManager: Mounting plugin OculusVR
LogPluginManager: Mounting plugin SteamVR
PixWinPlugin: PIX capture plugin failed to initialize! Check that the process is launched from PIX.
LogInit: Using libcurl 7.55.1-DEV
LogInit:  - built for x86_64-pc-win32
LogInit:  - supports SSL with OpenSSL/1.1.1
LogInit:  - supports HTTP deflate (compression) using libz 1.2.8
LogInit:  - other features:
LogInit:      CURL_VERSION_SSL
LogInit:      CURL_VERSION_LIBZ
LogInit:      CURL_VERSION_IPV6
LogInit:      CURL_VERSION_ASYNCHDNS
LogInit:      CURL_VERSION_LARGEFILE
LogInit:      CURL_VERSION_IDN
LogInit:  CurlRequestOptions (configurable via config and command line):
LogInit:  - bVerifyPeer = true  - Libcurl will verify peer certificate
LogInit:  - bUseHttpProxy = false  - Libcurl will NOT use HTTP proxy
LogInit:  - bDontReuseConnections = false  - Libcurl will reuse connections
LogInit:  - MaxHostConnections = 16  - Libcurl will limit the number of connections to a host
LogInit:  - LocalHostAddr = Default
LogInit:  - BufferSize = 65536
LogOnline: OSS: Creating online subsystem instance for: NULL
LogInit: WinSock: version 1.1 (2.2), MaxSocks=32767, MaxUdp=65467
LogOnline: OSS: TryLoadSubsystemAndSetDefault: Loaded subsystem for module [NULL]
LogOculusPluginWrapper: OculusPlugin initialized successfully
LogHMD: Failed initializing OVRPlugin 1.59.0
LogInit: Build: ++UE4+Release-4.27-CL-18319896
LogInit: Engine Version: 4.27.2-18319896+++UE4+Release-4.27
LogInit: Compatible Engine Version: 4.27.0-17155196+++UE4+Release-4.27
LogInit: Net CL: 17155196
LogInit: OS: Windows 10 (Release 2009) (), CPU: AMD Ryzen 5 3600X 6-Core Processor             , GPU: AMD Radeon RX 5700 XT
LogInit: Compiled (64-bit): Nov 30 2021 07:12:08
LogInit: Compiled with Visual C++: 19.24.28315.00
LogInit: Build Configuration: Development
LogInit: Branch Name: ++UE4+Release-4.27
LogInit: Command Line: 
LogInit: Base Directory: C:/Program Files/Epic Games/UE_4.27/Engine/Binaries/Win64/
LogInit: Allocator: TBB
LogInit: Installed Engine Build: 1
LogDevObjectVersion: Number of dev versions registered: 29
LogDevObjectVersion:   Dev-Blueprints (B0D832E4-1F89-4F0D-ACCF-7EB736FD4AA2): 10
LogDevObjectVersion:   Dev-Build (E1C64328-A22C-4D53-A36C-8E866417BD8C): 0
LogDevObjectVersion:   Dev-Core (375EC13C-06E4-48FB-B500-84F0262A717E): 4
LogDevObjectVersion:   Dev-Editor (E4B068ED-F494-42E9-A231-DA0B2E46BB41): 40
LogDevObjectVersion:   Dev-Framework (CFFC743F-43B0-4480-9391-14DF171D2073): 37
LogDevObjectVersion:   Dev-Mobile (B02B49B5-BB20-44E9-A304-32B752E40360): 3
LogDevObjectVersion:   Dev-Networking (A4E4105C-59A1-49B5-A7C5-40C4547EDFEE): 0
LogDevObjectVersion:   Dev-Online (39C831C9-5AE6-47DC-9A44-9C173E1C8E7C): 0
LogDevObjectVersion:   Dev-Physics (78F01B33-EBEA-4F98-B9B4-84EACCB95AA2): 14
LogDevObjectVersion:   Dev-Platform (6631380F-2D4D-43E0-8009-CF276956A95A): 0
LogDevObjectVersion:   Dev-Rendering (12F88B9F-8875-4AFC-A67C-D90C383ABD29): 45
LogDevObjectVersion:   Dev-Sequencer (7B5AE74C-D270-4C10-A958-57980B212A5A): 13
LogDevObjectVersion:   Dev-VR (D7296918-1DD6-4BDD-9DE2-64A83CC13884): 3
LogDevObjectVersion:   Dev-LoadTimes (C2A15278-BFE7-4AFE-6C17-90FF531DF755): 1
LogDevObjectVersion:   Private-Geometry (6EACA3D4-40EC-4CC1-B786-8BED09428FC5): 3
LogDevObjectVersion:   Dev-AnimPhys (29E575DD-E0A3-4627-9D10-D276232CDCEA): 17
LogDevObjectVersion:   Dev-Anim (AF43A65D-7FD3-4947-9873-3E8ED9C1BB05): 15
LogDevObjectVersion:   Dev-ReflectionCapture (6B266CEC-1EC7-4B8F-A30B-E4D90942FC07): 1
LogDevObjectVersion:   Dev-Automation (0DF73D61-A23F-47EA-B727-89E90C41499A): 1
LogDevObjectVersion:   FortniteMain (601D1886-AC64-4F84-AA16-D3DE0DEAC7D6): 47
LogDevObjectVersion:   FortniteRelease (E7086368-6B23-4C58-8439-1B7016265E91): 1
LogDevObjectVersion:   Dev-Enterprise (9DFFBCD6-494F-0158-E221-12823C92A888): 10
LogDevObjectVersion:   Dev-Niagara (F2AED0AC-9AFE-416F-8664-AA7FFA26D6FC): 1
LogDevObjectVersion:   Dev-Destruction (174F1F0B-B4C6-45A5-B13F-2EE8D0FB917D): 10
LogDevObjectVersion:   Dev-Physics-Ext (35F94A83-E258-406C-A318-09F59610247C): 41
LogDevObjectVersion:   Dev-PhysicsMaterial-Chaos (B68FC16E-8B1B-42E2-B453-215C058844FE): 1
LogDevObjectVersion:   Dev-CineCamera (B2E18506-4273-CFC2-A54E-F4BB758BBA07): 1
LogDevObjectVersion:   Dev-VirtualProduction (64F58936-FD1B-42BA-BA96-7289D5D0FA4E): 1
LogDevObjectVersion:   Dev-MediaFramework (6F0ED827-A609-4895-9C91-998D90180EA4): 2
LogInit: Presizing for max 25165824 objects, including 0 objects not considered by GC, pre-allocating 0 bytes for permanent pool.
LogConfig: Applying CVar settings from Section [/Script/Engine.StreamingSettings] File [C:/Users/danie/Documents/Gamedev VR/game/UE4 game/fpsgame/Saved/Config/Windows/Engine.ini]
LogConfig: Setting CVar [[s.MinBulkDataSizeForAsyncLoading:131072]]
LogConfig: Setting CVar [[s.AsyncLoadingThreadEnabled:0]]
LogConfig: Setting CVar [[s.EventDrivenLoaderEnabled:1]]
LogConfig: Setting CVar [[s.WarnIfTimeLimitExceeded:0]]
LogConfig: Setting CVar [[s.TimeLimitExceededMultiplier:1.5]]
LogConfig: Setting CVar [[s.TimeLimitExceededMinTime:0.005]]
LogConfig: Setting CVar [[s.UseBackgroundLevelStreaming:1]]
LogConfig: Setting CVar [[s.PriorityAsyncLoadingExtraTime:15.0]]
LogConfig: Setting CVar [[s.LevelStreamingActorsUpdateTimeLimit:5.0]]
LogConfig: Setting CVar [[s.PriorityLevelStreamingActorsUpdateExtraTime:5.0]]
LogConfig: Setting CVar [[s.LevelStreamingComponentsRegistrationGranularity:10]]
LogConfig: Setting CVar [[s.UnregisterComponentsTimeLimit:1.0]]
LogConfig: Setting CVar [[s.LevelStreamingComponentsUnregistrationGranularity:5]]
LogConfig: Setting CVar [[s.FlushStreamingOnExit:1]]
LogInit: Object subsystem initialized
LogConfig: Setting CVar [[con.DebugEarlyDefault:1]]
LogConfig: Setting CVar [[r.setres:1280x720]]
[2022.07.28-15.54.42:530][  0]LogConfig: Setting CVar [[r.VSync:0]]
[2022.07.28-15.54.42:530][  0]LogConfig: Setting CVar [[r.RHICmdBypass:0]]
[2022.07.28-15.54.42:530][  0]LogConfig: Applying CVar settings from Section [/Script/Engine.RendererSettings] File [C:/Users/danie/Documents/Gamedev VR/game/UE4 game/fpsgame/Saved/Config/Windows/Engine.ini]
[2022.07.28-15.54.42:530][  0]LogConfig: Setting CVar [[r.GPUCrashDebugging:0]]
[2022.07.28-15.54.42:530][  0]LogConfig: Setting CVar [[r.Mobile.DisableVertexFog:1]]
[2022.07.28-15.54.42:530][  0]LogConfig: Setting CVar [[r.Shadow.CSM.MaxMobileCascades:2]]
[2022.07.28-15.54.42:530][  0]LogConfig: Setting CVar [[r.MobileMSAA:1]]
[2022.07.28-15.54.42:530][  0]LogConfig: Setting CVar [[r.Mobile.AllowDitheredLODTransition:0]]
[2022.07.28-15.54.42:530][  0]LogConfig: Setting CVar [[r.Mobile.AllowSoftwareOcclusion:0]]
[2022.07.28-15.54.42:530][  0]LogConfig: Setting CVar [[r.Mobile.VirtualTextures:0]]
[2022.07.28-15.54.42:530][  0]LogConfig: Setting CVar [[r.DiscardUnusedQuality:0]]
[2022.07.28-15.54.42:530][  0]LogConfig: Setting CVar [[r.AllowOcclusionQueries:1]]
[2022.07.28-15.54.42:530][  0]LogConfig: Setting CVar [[r.MinScreenRadiusForLights:0.030000]]
[2022.07.28-15.54.42:530][  0]LogConfig: Setting CVar [[r.MinScreenRadiusForDepthPrepass:0.030000]]
[2022.07.28-15.54.42:530][  0]LogConfig: Setting CVar [[r.MinScreenRadiusForCSMDepth:0.010000]]
[2022.07.28-15.54.42:530][  0]LogConfig: Setting CVar [[r.PrecomputedVisibilityWarning:0]]
[2022.07.28-15.54.42:530][  0]LogConfig: Setting CVar [[r.TextureStreaming:1]]
[2022.07.28-15.54.42:531][  0]LogConfig: Setting CVar [[Compat.UseDXT5NormalMaps:0]]
[2022.07.28-15.54.42:531][  0]LogConfig: Setting CVar [[r.VirtualTextures:0]]
[2022.07.28-15.54.42:531][  0]LogConfig: Setting CVar [[r.VT.EnableAutoImport:1]]
[2022.07.28-15.54.42:531][  0]LogConfig: Setting CVar [[r.VirtualTexturedLightmaps:0]]
[2022.07.28-15.54.42:531][  0]LogConfig: Setting CVar [[r.VT.TileSize:128]]
[2022.07.28-15.54.42:531][  0]LogConfig: Setting CVar [[r.VT.TileBorderSize:4]]
[2022.07.28-15.54.42:531][  0]LogConfig: Setting CVar [[r.vt.FeedbackFactor:16]]
[2022.07.28-15.54.42:531][  0]LogConfig: Setting CVar [[r.VT.EnableCompressZlib:1]]
[2022.07.28-15.54.42:531][  0]LogConfig: Setting CVar [[r.VT.EnableCompressCrunch:0]]
[2022.07.28-15.54.42:531][  0]LogConfig: Setting CVar [[r.ClearCoatNormal:0]]
[2022.07.28-15.54.42:531][  0]LogConfig: Setting CVar [[r.ReflectionCaptureResolution:128]]
[2022.07.28-15.54.42:531][  0]LogConfig: Setting CVar [[r.Mobile.ReflectionCaptureCompression:0]]
[2022.07.28-15.54.42:531][  0]LogConfig: Setting CVar [[r.ReflectionEnvironmentLightmapMixBasedOnRoughness:1]]
[2022.07.28-15.54.42:531][  0]LogConfig: Setting CVar [[r.ForwardShading:0]]
[2022.07.28-15.54.42:531][  0]LogConfig: Setting CVar [[r.VertexFoggingForOpaque:1]]
[2022.07.28-15.54.42:531][  0]LogConfig: Setting CVar [[r.AllowStaticLighting:1]]
[2022.07.28-15.54.42:531][  0]LogConfig: Setting CVar [[r.NormalMapsForStaticLighting:0]]
[2022.07.28-15.54.42:531][  0]LogConfig: Setting CVar [[r.GenerateMeshDistanceFields:0]]
[2022.07.28-15.54.42:531][  0]LogConfig: Setting CVar [[r.DistanceFieldBuild.EightBit:0]]
[2022.07.28-15.54.42:531][  0]LogConfig: Setting CVar [[r.GenerateLandscapeGIData:0]]
[2022.07.28-15.54.42:531][  0]LogConfig: Setting CVar [[r.DistanceFieldBuild.Compress:0]]
[2022.07.28-15.54.42:531][  0]LogConfig: Setting CVar [[r.TessellationAdaptivePixelsPerTriangle:48.000000]]
[2022.07.28-15.54.42:531][  0]LogConfig: Setting CVar [[r.SeparateTranslucency:1]]
[2022.07.28-15.54.42:531][  0]LogConfig: Setting CVar [[r.TranslucentSortPolicy:0]]
[2022.07.28-15.54.42:531][  0]LogConfig: Setting CVar [[vr.VRS.HMDFixedFoveationLevel:0]]
[2022.07.28-15.54.42:531][  0]LogConfig: Setting CVar [[r.CustomDepth:1]]
[2022.07.28-15.54.42:531][  0]LogConfig: Setting CVar [[r.CustomDepthTemporalAAJitter:1]]
[2022.07.28-15.54.42:531][  0]LogConfig: Setting CVar [[r.PostProcessing.PropagateAlpha:0]]
[2022.07.28-15.54.42:531][  0]LogConfig: Setting CVar [[r.DefaultFeature.Bloom:1]]
[2022.07.28-15.54.42:531][  0]LogConfig: Setting CVar [[r.DefaultFeature.AmbientOcclusion:1]]
[2022.07.28-15.54.42:531][  0]LogConfig: Setting CVar [[r.DefaultFeature.AmbientOcclusionStaticFraction:1]]
[2022.07.28-15.54.42:531][  0]LogConfig: Setting CVar [[r.DefaultFeature.AutoExposure:0]]
[2022.07.28-15.54.42:531][  0]LogConfig: Setting CVar [[r.DefaultFeature.AutoExposure.Method:0]]
[2022.07.28-15.54.42:531][  0]LogConfig: Setting CVar [[r.DefaultFeature.AutoExposure.Bias:1.000000]]
[2022.07.28-15.54.42:531][  0]LogConfig: Setting CVar [[r.DefaultFeature.AutoExposure.ExtendDefaultLuminanceRange:0]]
[2022.07.28-15.54.42:531][  0]LogConfig: Setting CVar [[r.UsePreExposure:1]]
[2022.07.28-15.54.42:531][  0]LogConfig: Setting CVar [[r.EyeAdaptation.EditorOnly:0]]
[2022.07.28-15.54.42:531][  0]LogConfig: Setting CVar [[r.DefaultFeature.MotionBlur:0]]
[2022.07.28-15.54.42:531][  0]LogConfig: Setting CVar [[r.DefaultFeature.LensFlare:0]]
[2022.07.28-15.54.42:531][  0]LogConfig: Setting CVar [[r.TemporalAA.Upsampling:0]]
[2022.07.28-15.54.42:531][  0]LogConfig: Setting CVar [[r.SSGI.Enable:0]]
[2022.07.28-15.54.42:531][  0]LogConfig: Setting CVar [[r.DefaultFeature.AntiAliasing:0]]
[2022.07.28-15.54.42:531][  0]LogConfig: Setting CVar [[r.DefaultFeature.LightUnits:1]]
[2022.07.28-15.54.42:531][  0]LogConfig: Setting CVar [[r.DefaultBackBufferPixelFormat:4]]
[2022.07.28-15.54.42:531][  0]LogConfig: Setting CVar [[r.Shadow.UnbuiltPreviewInGame:1]]
[2022.07.28-15.54.42:531][  0]LogConfig: Setting CVar [[r.StencilForLODDither:0]]
[2022.07.28-15.54.42:531][  0]LogConfig: Setting CVar [[r.EarlyZPass:3]]
[2022.07.28-15.54.42:531][  0]LogConfig: Setting CVar [[r.EarlyZPassOnlyMaterialMasking:0]]
[2022.07.28-15.54.42:531][  0]LogConfig: Setting CVar [[r.DBuffer:1]]
[2022.07.28-15.54.42:531][  0]LogConfig: Setting CVar [[r.ClearSceneMethod:1]]
[2022.07.28-15.54.42:531][  0]LogConfig: Setting CVar [[r.BasePassOutputsVelocity:0]]
[2022.07.28-15.54.42:531][  0]LogConfig: Setting CVar [[r.VertexDeformationOutputsVelocity:0]]
[2022.07.28-15.54.42:531][  0]LogConfig: Setting CVar [[r.SelectiveBasePassOutputs:0]]
[2022.07.28-15.54.42:531][  0]LogConfig: Setting CVar [[fx.GPUSimulationTextureSizeX:1024]]
[2022.07.28-15.54.42:531][  0]LogConfig: Setting CVar [[fx.GPUSimulationTextureSizeY:1024]]
[2022.07.28-15.54.42:531][  0]LogConfig: Setting CVar [[r.AllowGlobalClipPlane:0]]
[2022.07.28-15.54.42:531][  0]LogConfig: Setting CVar [[r.GBufferFormat:1]]
[2022.07.28-15.54.42:531][  0]LogConfig: Setting CVar [[r.MorphTarget.Mode:1]]
[2022.07.28-15.54.42:531][  0]LogConfig: Setting CVar [[vr.InstancedStereo:0]]
[2022.07.28-15.54.42:531][  0]LogConfig: Setting CVar [[r.MobileHDR:1]]
[2022.07.28-15.54.42:531][  0]LogConfig: Setting CVar [[vr.MobileMultiView:0]]
[2022.07.28-15.54.42:531][  0]LogConfig: Setting CVar [[r.Mobile.UseHWsRGBEncoding:0]]
[2022.07.28-15.54.42:531][  0]LogConfig: Setting CVar [[vr.RoundRobinOcclusion:0]]
[2022.07.28-15.54.42:531][  0]LogConfig: Setting CVar [[vr.ODSCapture:0]]
[2022.07.28-15.54.42:531][  0]LogConfig: Setting CVar [[r.MeshStreaming:0]]
[2022.07.28-15.54.42:531][  0]LogConfig: Setting CVar [[r.WireframeCullThreshold:5.000000]]
[2022.07.28-15.54.42:531][  0]LogConfig: Setting CVar [[r.RayTracing:0]]
[2022.07.28-15.54.42:531][  0]LogConfig: Setting CVar [[r.RayTracing.UseTextureLod:0]]
[2022.07.28-15.54.42:531][  0]LogConfig: Setting CVar [[r.SupportStationarySkylight:1]]
[2022.07.28-15.54.42:531][  0]LogConfig: Setting CVar [[r.SupportLowQualityLightmaps:1]]
[2022.07.28-15.54.42:531][  0]LogConfig: Setting CVar [[r.SupportPointLightWholeSceneShadows:1]]
[2022.07.28-15.54.42:531][  0]LogConfig: Setting CVar [[r.SupportAtmosphericFog:1]]
[2022.07.28-15.54.42:531][  0]LogConfig: Setting CVar [[r.SupportSkyAtmosphere:1]]
[2022.07.28-15.54.42:531][  0]LogConfig: Setting CVar [[r.SupportSkyAtmosphereAffectsHeightFog:0]]
[2022.07.28-15.54.42:531][  0]LogConfig: Setting CVar [[r.SkinCache.CompileShaders:0]]
[2022.07.28-15.54.42:531][  0]LogConfig: Setting CVar [[r.SkinCache.DefaultBehavior:1]]
[2022.07.28-15.54.42:531][  0]LogConfig: Setting CVar [[r.SkinCache.SceneMemoryLimitInMB:128.000000]]
[2022.07.28-15.54.42:531][  0]LogConfig: Setting CVar [[r.Mobile.EnableStaticAndCSMShadowReceivers:1]]
[2022.07.28-15.54.42:531][  0]LogConfig: Setting CVar [[r.Mobile.EnableMovableLightCSMShaderCulling:1]]
[2022.07.28-15.54.42:531][  0]LogConfig: Setting CVar [[r.Mobile.AllowDistanceFieldShadows:1]]
[2022.07.28-15.54.42:531][  0]LogConfig: Setting CVar [[r.Mobile.AllowMovableDirectionalLights:1]]
[2022.07.28-15.54.42:531][  0]LogConfig: Setting CVar [[r.MobileNumDynamicPointLights:4]]
[2022.07.28-15.54.42:531][  0]LogConfig: Setting CVar [[r.MobileDynamicPointLightsUseStaticBranch:1]]
[2022.07.28-15.54.42:531][  0]LogConfig: Setting CVar [[r.Mobile.EnableMovableSpotlights:0]]
[2022.07.28-15.54.42:531][  0]LogConfig: Setting CVar [[r.Mobile.EnableMovableSpotlightsShadow:0]]
[2022.07.28-15.54.42:531][  0]LogConfig: Setting CVar [[r.GPUSkin.Support16BitBoneIndex:0]]
[2022.07.28-15.54.42:531][  0]LogConfig: Setting CVar [[r.GPUSkin.Limit2BoneInfluences:0]]
[2022.07.28-15.54.42:531][  0]LogConfig: Setting CVar [[r.SupportDepthOnlyIndexBuffers:1]]
[2022.07.28-15.54.42:531][  0]LogConfig: Setting CVar [[r.SupportReversedIndexBuffers:1]]
[2022.07.28-15.54.42:531][  0]LogConfig: Setting CVar [[r.LightPropagationVolume:0]]
[2022.07.28-15.54.42:531][  0]LogConfig: Setting CVar [[r.Mobile.AmbientOcclusion:0]]
[2022.07.28-15.54.42:531][  0]LogConfig: Setting CVar [[r.GPUSkin.UnlimitedBoneInfluences:0]]
[2022.07.28-15.54.42:531][  0]LogConfig: Setting CVar [[r.GPUSkin.UnlimitedBoneInfluencesThreshold:8]]
[2022.07.28-15.54.42:531][  0]LogConfig: Setting CVar [[r.Mobile.PlanarReflectionMode:0]]
[2022.07.28-15.54.42:531][  0]LogConfig: Setting CVar [[r.Mobile.SupportsGen4TAA:0]]
[2022.07.28-15.54.42:531][  0]LogConfig: Applying CVar settings from Section [/Script/Engine.RendererOverrideSettings] File [C:/Users/danie/Documents/Gamedev VR/game/UE4 game/fpsgame/Saved/Config/Windows/Engine.ini]
[2022.07.28-15.54.42:531][  0]LogConfig: Applying CVar settings from Section [/Script/Engine.StreamingSettings] File [C:/Users/danie/Documents/Gamedev VR/game/UE4 game/fpsgame/Saved/Config/Windows/Engine.ini]
[2022.07.28-15.54.42:532][  0]LogConfig: Setting CVar [[s.MinBulkDataSizeForAsyncLoading:131072]]
[2022.07.28-15.54.42:532][  0]LogConfig: Setting CVar [[s.AsyncLoadingThreadEnabled:0]]
[2022.07.28-15.54.42:532][  0]LogConfig: Setting CVar [[s.EventDrivenLoaderEnabled:1]]
[2022.07.28-15.54.42:532][  0]LogConfig: Setting CVar [[s.WarnIfTimeLimitExceeded:0]]
[2022.07.28-15.54.42:532][  0]LogConfig: Setting CVar [[s.TimeLimitExceededMultiplier:1.5]]
[2022.07.28-15.54.42:532][  0]LogConfig: Setting CVar [[s.TimeLimitExceededMinTime:0.005]]
[2022.07.28-15.54.42:532][  0]LogConfig: Setting CVar [[s.UseBackgroundLevelStreaming:1]]
[2022.07.28-15.54.42:532][  0]LogConfig: Setting CVar [[s.PriorityAsyncLoadingExtraTime:15.0]]
[2022.07.28-15.54.42:532][  0]LogConfig: Setting CVar [[s.LevelStreamingActorsUpdateTimeLimit:5.0]]
[2022.07.28-15.54.42:532][  0]LogConfig: Setting CVar [[s.PriorityLevelStreamingActorsUpdateExtraTime:5.0]]
[2022.07.28-15.54.42:532][  0]LogConfig: Setting CVar [[s.LevelStreamingComponentsRegistrationGranularity:10]]
[2022.07.28-15.54.42:532][  0]LogConfig: Setting CVar [[s.UnregisterComponentsTimeLimit:1.0]]
[2022.07.28-15.54.42:532][  0]LogConfig: Setting CVar [[s.LevelStreamingComponentsUnregistrationGranularity:5]]
[2022.07.28-15.54.42:532][  0]LogConfig: Setting CVar [[s.FlushStreamingOnExit:1]]
[2022.07.28-15.54.42:532][  0]LogConfig: Applying CVar settings from Section [/Script/Engine.GarbageCollectionSettings] File [C:/Users/danie/Documents/Gamedev VR/game/UE4 game/fpsgame/Saved/Config/Windows/Engine.ini]
[2022.07.28-15.54.42:532][  0]LogConfig: Setting CVar [[gc.MaxObjectsNotConsideredByGC:1]]
[2022.07.28-15.54.42:532][  0]LogConfig: Setting CVar [[gc.SizeOfPermanentObjectPool:0]]
[2022.07.28-15.54.42:532][  0]LogConfig: Setting CVar [[gc.FlushStreamingOnGC:0]]
[2022.07.28-15.54.42:532][  0]LogConfig: Setting CVar [[gc.NumRetriesBeforeForcingGC:10]]
[2022.07.28-15.54.42:532][  0]LogConfig: Setting CVar [[gc.AllowParallelGC:1]]
[2022.07.28-15.54.42:532][  0]LogConfig: Setting CVar [[gc.TimeBetweenPurgingPendingKillObjects:61.1]]
[2022.07.28-15.54.42:532][  0]LogConfig: Setting CVar [[gc.MaxObjectsInEditor:25165824]]
[2022.07.28-15.54.42:532][  0]LogConfig: Setting CVar [[gc.IncrementalBeginDestroyEnabled:1]]
[2022.07.28-15.54.42:532][  0]LogConfig: Setting CVar [[gc.CreateGCClusters:1]]
[2022.07.28-15.54.42:532][  0]LogConfig: Setting CVar [[gc.MinGCClusterSize:5]]
[2022.07.28-15.54.42:532][  0]LogConfig: Setting CVar [[gc.ActorClusteringEnabled:0]]
[2022.07.28-15.54.42:532][  0]LogConfig: Setting CVar [[gc.BlueprintClusteringEnabled:0]]
[2022.07.28-15.54.42:532][  0]LogConfig: Setting CVar [[gc.UseDisregardForGCOnDedicatedServers:0]]
[2022.07.28-15.54.42:532][  0]LogConfig: Setting CVar [[gc.MultithreadedDestructionEnabled:1]]
[2022.07.28-15.54.42:532][  0]LogConfig: Applying CVar settings from Section [/Script/Engine.NetworkSettings] File [C:/Users/danie/Documents/Gamedev VR/game/UE4 game/fpsgame/Saved/Config/Windows/Engine.ini]
[2022.07.28-15.54.42:532][  0]LogConfig: Applying CVar settings from Section [/Script/UnrealEd.CookerSettings] File [C:/Users/danie/Documents/Gamedev VR/game/UE4 game/fpsgame/Saved/Config/Windows/Engine.ini]
[2022.07.28-15.54.42:540][  0]LogConfig: Applying CVar settings from Section [ViewDistanceQuality@3] File [C:/Users/danie/Documents/Gamedev VR/game/UE4 game/fpsgame/Saved/Config/Windows/Scalability.ini]
[2022.07.28-15.54.42:540][  0]LogConfig: Setting CVar [[r.SkeletalMeshLODBias:0]]
[2022.07.28-15.54.42:540][  0]LogConfig: Setting CVar [[r.ViewDistanceScale:1.0]]
[2022.07.28-15.54.42:540][  0]LogConfig: Applying CVar settings from Section [AntiAliasingQuality@3] File [C:/Users/danie/Documents/Gamedev VR/game/UE4 game/fpsgame/Saved/Config/Windows/Scalability.ini]
[2022.07.28-15.54.42:540][  0]LogConfig: Setting CVar [[r.PostProcessAAQuality:4]]
[2022.07.28-15.54.42:540][  0]LogConfig: Applying CVar settings from Section [ShadowQuality@3] File [C:/Users/danie/Documents/Gamedev VR/game/UE4 game/fpsgame/Saved/Config/Windows/Scalability.ini]
[2022.07.28-15.54.42:540][  0]LogConfig: Setting CVar [[r.LightFunctionQuality:1]]
[2022.07.28-15.54.42:540][  0]LogConfig: Setting CVar [[r.ShadowQuality:5]]
[2022.07.28-15.54.42:541][  0]LogConfig: Setting CVar [[r.Shadow.CSM.MaxCascades:10]]
[2022.07.28-15.54.42:541][  0]LogConfig: Setting CVar [[r.Shadow.MaxResolution:2048]]
[2022.07.28-15.54.42:541][  0]LogConfig: Setting CVar [[r.Shadow.MaxCSMResolution:2048]]
[2022.07.28-15.54.42:541][  0]LogConfig: Setting CVar [[r.Shadow.RadiusThreshold:0.01]]
[2022.07.28-15.54.42:541][  0]LogConfig: Setting CVar [[r.Shadow.DistanceScale:1.0]]
[2022.07.28-15.54.42:541][  0]LogConfig: Setting CVar [[r.Shadow.CSM.TransitionScale:1.0]]
[2022.07.28-15.54.42:541][  0]LogConfig: Setting CVar [[r.Shadow.PreShadowResolutionFactor:1.0]]
[2022.07.28-15.54.42:541][  0]LogConfig: Setting CVar [[r.DistanceFieldShadowing:1]]
[2022.07.28-15.54.42:541][  0]LogConfig: Setting CVar [[r.DistanceFieldAO:1]]
[2022.07.28-15.54.42:541][  0]LogConfig: Setting CVar [[r.AOQuality:2]]
[2022.07.28-15.54.42:541][  0]LogConfig: Setting CVar [[r.VolumetricFog:1]]
[2022.07.28-15.54.42:541][  0]LogConfig: Setting CVar [[r.VolumetricFog.GridPixelSize:8]]
[2022.07.28-15.54.42:541][  0]LogConfig: Setting CVar [[r.VolumetricFog.GridSizeZ:128]]
[2022.07.28-15.54.42:541][  0]LogConfig: Setting CVar [[r.VolumetricFog.HistoryMissSupersampleCount:4]]
[2022.07.28-15.54.42:541][  0]LogConfig: Setting CVar [[r.LightMaxDrawDistanceScale:1]]
[2022.07.28-15.54.42:541][  0]LogConfig: Setting CVar [[r.CapsuleShadows:1]]
[2022.07.28-15.54.42:541][  0]LogConfig: Applying CVar settings from Section [PostProcessQuality@3] File [C:/Users/danie/Documents/Gamedev VR/game/UE4 game/fpsgame/Saved/Config/Windows/Scalability.ini]
[2022.07.28-15.54.42:541][  0]LogConfig: Setting CVar [[r.MotionBlurQuality:4]]
[2022.07.28-15.54.42:541][  0]LogConfig: Setting CVar [[r.AmbientOcclusionMipLevelFactor:0.4]]
[2022.07.28-15.54.42:541][  0]LogConfig: Setting CVar [[r.AmbientOcclusionMaxQuality:100]]
[2022.07.28-15.54.42:541][  0]LogConfig: Setting CVar [[r.AmbientOcclusionLevels:-1]]
[2022.07.28-15.54.42:541][  0]LogConfig: Setting CVar [[r.AmbientOcclusionRadiusScale:1.0]]
[2022.07.28-15.54.42:541][  0]LogConfig: Setting CVar [[r.DepthOfFieldQuality:2]]
[2022.07.28-15.54.42:541][  0]LogConfig: Setting CVar [[r.RenderTargetPoolMin:400]]
[2022.07.28-15.54.42:541][  0]LogConfig: Setting CVar [[r.LensFlareQuality:2]]
[2022.07.28-15.54.42:541][  0]LogConfig: Setting CVar [[r.SceneColorFringeQuality:1]]
[2022.07.28-15.54.42:541][  0]LogConfig: Setting CVar [[r.EyeAdaptationQuality:2]]
[2022.07.28-15.54.42:541][  0]LogConfig: Setting CVar [[r.BloomQuality:5]]
[2022.07.28-15.54.42:541][  0]LogConfig: Setting CVar [[r.FastBlurThreshold:100]]
[2022.07.28-15.54.42:541][  0]LogConfig: Setting CVar [[r.Upscale.Quality:3]]
[2022.07.28-15.54.42:541][  0]LogConfig: Setting CVar [[r.Tonemapper.GrainQuantization:1]]
[2022.07.28-15.54.42:541][  0]LogConfig: Setting CVar [[r.LightShaftQuality:1]]
[2022.07.28-15.54.42:541][  0]LogConfig: Setting CVar [[r.Filter.SizeScale:1]]
[2022.07.28-15.54.42:541][  0]LogConfig: Setting CVar [[r.Tonemapper.Quality:5]]
[2022.07.28-15.54.42:541][  0]LogConfig: Setting CVar [[r.DOF.Gather.AccumulatorQuality:1        ; higher gathering accumulator quality]]
[2022.07.28-15.54.42:541][  0]LogConfig: Setting CVar [[r.DOF.Gather.PostfilterMethod:1          ; Median3x3 postfilering method]]
[2022.07.28-15.54.42:541][  0]LogConfig: Setting CVar [[r.DOF.Gather.EnableBokehSettings:0       ; no bokeh simulation when gathering]]
[2022.07.28-15.54.42:541][  0]LogConfig: Setting CVar [[r.DOF.Gather.RingCount:4                 ; medium number of samples when gathering]]
[2022.07.28-15.54.42:541][  0]LogConfig: Setting CVar [[r.DOF.Scatter.ForegroundCompositing:1    ; additive foreground scattering]]
[2022.07.28-15.54.42:541][  0]LogConfig: Setting CVar [[r.DOF.Scatter.BackgroundCompositing:2    ; additive background scattering]]
[2022.07.28-15.54.42:541][  0]LogConfig: Setting CVar [[r.DOF.Scatter.EnableBokehSettings:1      ; bokeh simulation when scattering]]
[2022.07.28-15.54.42:541][  0]LogConfig: Setting CVar [[r.DOF.Scatter.MaxSpriteRatio:0.1         ; only a maximum of 10% of scattered bokeh]]
[2022.07.28-15.54.42:541][  0]LogConfig: Setting CVar [[r.DOF.Recombine.Quality:1                ; cheap slight out of focus]]
[2022.07.28-15.54.42:541][  0]LogConfig: Setting CVar [[r.DOF.Recombine.EnableBokehSettings:0    ; no bokeh simulation on slight out of focus]]
[2022.07.28-15.54.42:541][  0]LogConfig: Setting CVar [[r.DOF.TemporalAAQuality:1                ; more stable temporal accumulation]]
[2022.07.28-15.54.42:541][  0]LogConfig: Setting CVar [[r.DOF.Kernel.MaxForegroundRadius:0.025]]
[2022.07.28-15.54.42:541][  0]LogConfig: Setting CVar [[r.DOF.Kernel.MaxBackgroundRadius:0.025]]
[2022.07.28-15.54.42:541][  0]LogConfig: Applying CVar settings from Section [TextureQuality@3] File [C:/Users/danie/Documents/Gamedev VR/game/UE4 game/fpsgame/Saved/Config/Windows/Scalability.ini]
[2022.07.28-15.54.42:541][  0]LogConfig: Setting CVar [[r.Streaming.MipBias:0]]
[2022.07.28-15.54.42:541][  0]LogConfig: Setting CVar [[r.Streaming.AmortizeCPUToGPUCopy:0]]
[2022.07.28-15.54.42:541][  0]LogConfig: Setting CVar [[r.Streaming.MaxNumTexturesToStreamPerFrame:0]]
[2022.07.28-15.54.42:541][  0]LogConfig: Setting CVar [[r.Streaming.Boost:1]]
[2022.07.28-15.54.42:541][  0]LogConfig: Setting CVar [[r.MaxAnisotropy:8]]
[2022.07.28-15.54.42:541][  0]LogConfig: Setting CVar [[r.VT.MaxAnisotropy:8]]
[2022.07.28-15.54.42:541][  0]LogConfig: Setting CVar [[r.Streaming.LimitPoolSizeToVRAM:0]]
[2022.07.28-15.54.42:541][  0]LogConfig: Setting CVar [[r.Streaming.PoolSize:1000]]
[2022.07.28-15.54.42:541][  0]LogConfig: Setting CVar [[r.Streaming.MaxEffectiveScreenSize:0]]
[2022.07.28-15.54.42:541][  0]LogConfig: Applying CVar settings from Section [EffectsQuality@3] File [C:/Users/danie/Documents/Gamedev VR/game/UE4 game/fpsgame/Saved/Config/Windows/Scalability.ini]
[2022.07.28-15.54.42:541][  0]LogConfig: Setting CVar [[r.TranslucencyLightingVolumeDim:64]]
[2022.07.28-15.54.42:541][  0]LogConfig: Setting CVar [[r.RefractionQuality:2]]
[2022.07.28-15.54.42:541][  0]LogConfig: Setting CVar [[r.SSR.Quality:3]]
[2022.07.28-15.54.42:541][  0]LogConfig: Setting CVar [[r.SSR.HalfResSceneColor:0]]
[2022.07.28-15.54.42:541][  0]LogConfig: Setting CVar [[r.SceneColorFormat:4]]
[2022.07.28-15.54.42:541][  0]LogConfig: Setting CVar [[r.DetailMode:2]]
[2022.07.28-15.54.42:541][  0]LogConfig: Setting CVar [[r.TranslucencyVolumeBlur:1]]
[2022.07.28-15.54.42:541][  0]LogConfig: Setting CVar [[r.MaterialQualityLevel:1 ; High quality]]
[2022.07.28-15.54.42:541][  0]LogConfig: Setting CVar [[r.AnisotropicMaterials:1]]
[2022.07.28-15.54.42:541][  0]LogConfig: Setting CVar [[r.SSS.Scale:1]]
[2022.07.28-15.54.42:541][  0]LogConfig: Setting CVar [[r.SSS.SampleSet:2]]
[2022.07.28-15.54.42:541][  0]LogConfig: Setting CVar [[r.SSS.Quality:1]]
[2022.07.28-15.54.42:541][  0]LogConfig: Setting CVar [[r.SSS.HalfRes:0]]
[2022.07.28-15.54.42:541][  0]LogConfig: Setting CVar [[r.SSGI.Quality:3]]
[2022.07.28-15.54.42:541][  0]LogConfig: Setting CVar [[r.EmitterSpawnRateScale:1.0]]
[2022.07.28-15.54.42:541][  0]LogConfig: Setting CVar [[r.ParticleLightQuality:2]]
[2022.07.28-15.54.42:541][  0]LogConfig: Setting CVar [[r.SkyAtmosphere.AerialPerspectiveLUT.FastApplyOnOpaque:1 ; Always have FastSkyLUT 1 in this case to avoid wrong sky]]
[2022.07.28-15.54.42:541][  0]LogConfig: Setting CVar [[r.SkyAtmosphere.AerialPerspectiveLUT.SampleCountMaxPerSlice:4]]
[2022.07.28-15.54.42:541][  0]LogConfig: Setting CVar [[r.SkyAtmosphere.AerialPerspectiveLUT.DepthResolution:16.0]]
[2022.07.28-15.54.42:541][  0]LogConfig: Setting CVar [[r.SkyAtmosphere.FastSkyLUT:1]]
[2022.07.28-15.54.42:541][  0]LogConfig: Setting CVar [[r.SkyAtmosphere.FastSkyLUT.SampleCountMin:4.0]]
[2022.07.28-15.54.42:541][  0]LogConfig: Setting CVar [[r.SkyAtmosphere.FastSkyLUT.SampleCountMax:128.0]]
[2022.07.28-15.54.42:541][  0]LogConfig: Setting CVar [[r.SkyAtmosphere.SampleCountMin:4.0]]
[2022.07.28-15.54.42:541][  0]LogConfig: Setting CVar [[r.SkyAtmosphere.SampleCountMax:128.0]]
[2022.07.28-15.54.42:541][  0]LogConfig: Setting CVar [[r.SkyAtmosphere.TransmittanceLUT.UseSmallFormat:0]]
[2022.07.28-15.54.42:541][  0]LogConfig: Setting CVar [[r.SkyAtmosphere.TransmittanceLUT.SampleCount:10.0]]
[2022.07.28-15.54.42:541][  0]LogConfig: Setting CVar [[r.SkyAtmosphere.MultiScatteringLUT.SampleCount:15.0]]
[2022.07.28-15.54.42:541][  0]LogConfig: Setting CVar [[r.SkyLight.RealTimeReflectionCapture:1]]
[2022.07.28-15.54.42:541][  0]LogConfig: Applying CVar settings from Section [FoliageQuality@3] File [C:/Users/danie/Documents/Gamedev VR/game/UE4 game/fpsgame/Saved/Config/Windows/Scalability.ini]
[2022.07.28-15.54.42:541][  0]LogConfig: Setting CVar [[foliage.DensityScale:1.0]]
[2022.07.28-15.54.42:541][  0]LogConfig: Setting CVar [[grass.DensityScale:1.0]]
[2022.07.28-15.54.42:541][  0]LogConfig: Applying CVar settings from Section [ShadingQuality@3] File [C:/Users/danie/Documents/Gamedev VR/game/UE4 game/fpsgame/Saved/Config/Windows/Scalability.ini]
[2022.07.28-15.54.42:541][  0]LogConfig: Setting CVar [[r.HairStrands.SkyLighting.IntegrationType:2]]
[2022.07.28-15.54.42:541][  0]LogConfig: Setting CVar [[r.HairStrands.SkyAO.SampleCount:4]]
[2022.07.28-15.54.42:541][  0]LogConfig: Setting CVar [[r.HairStrands.Visibility.MSAA.SamplePerPixel:4]]
[2022.07.28-15.54.42:541][  0]LogInit: Selected Device Profile: [Windows]
[2022.07.28-15.54.42:541][  0]LogInit: Applying CVar settings loaded from the selected device profile: [Windows]
[2022.07.28-15.54.42:541][  0]LogHAL: Display: Platform has ~ 16 GB [17128247296 / 17179869184 / 16], which maps to Larger [LargestMinGB=32, LargerMinGB=12, DefaultMinGB=8, SmallerMinGB=6, SmallestMinGB=0)
[2022.07.28-15.54.42:541][  0]LogInit: Going up to parent DeviceProfile []
[2022.07.28-15.54.42:542][  0]LogConfig: Applying CVar settings from Section [ViewDistanceQuality@3] File [C:/Users/danie/Documents/Gamedev VR/game/UE4 game/fpsgame/Saved/Config/Windows/Scalability.ini]
[2022.07.28-15.54.42:542][  0]LogConfig: Setting CVar [[r.SkeletalMeshLODBias:0]]
[2022.07.28-15.54.42:542][  0]LogConfig: Setting CVar [[r.ViewDistanceScale:1.0]]
[2022.07.28-15.54.42:542][  0]LogConfig: Applying CVar settings from Section [AntiAliasingQuality@3] File [C:/Users/danie/Documents/Gamedev VR/game/UE4 game/fpsgame/Saved/Config/Windows/Scalability.ini]
[2022.07.28-15.54.42:542][  0]LogConfig: Setting CVar [[r.PostProcessAAQuality:4]]
[2022.07.28-15.54.42:542][  0]LogConfig: Applying CVar settings from Section [ShadowQuality@3] File [C:/Users/danie/Documents/Gamedev VR/game/UE4 game/fpsgame/Saved/Config/Windows/Scalability.ini]
[2022.07.28-15.54.42:542][  0]LogConfig: Setting CVar [[r.LightFunctionQuality:1]]
[2022.07.28-15.54.42:542][  0]LogConfig: Setting CVar [[r.ShadowQuality:5]]
[2022.07.28-15.54.42:542][  0]LogConfig: Setting CVar [[r.Shadow.CSM.MaxCascades:10]]
[2022.07.28-15.54.42:542][  0]LogConfig: Setting CVar [[r.Shadow.MaxResolution:2048]]
[2022.07.28-15.54.42:542][  0]LogConfig: Setting CVar [[r.Shadow.MaxCSMResolution:2048]]
[2022.07.28-15.54.42:542][  0]LogConfig: Setting CVar [[r.Shadow.RadiusThreshold:0.01]]
[2022.07.28-15.54.42:542][  0]LogConfig: Setting CVar [[r.Shadow.DistanceScale:1.0]]
[2022.07.28-15.54.42:542][  0]LogConfig: Setting CVar [[r.Shadow.CSM.TransitionScale:1.0]]
[2022.07.28-15.54.42:542][  0]LogConfig: Setting CVar [[r.Shadow.PreShadowResolutionFactor:1.0]]
[2022.07.28-15.54.42:542][  0]LogConfig: Setting CVar [[r.DistanceFieldShadowing:1]]
[2022.07.28-15.54.42:542][  0]LogConfig: Setting CVar [[r.DistanceFieldAO:1]]
[2022.07.28-15.54.42:542][  0]LogConfig: Setting CVar [[r.AOQuality:2]]
[2022.07.28-15.54.42:542][  0]LogConfig: Setting CVar [[r.VolumetricFog:1]]
[2022.07.28-15.54.42:542][  0]LogConfig: Setting CVar [[r.VolumetricFog.GridPixelSize:8]]
[2022.07.28-15.54.42:542][  0]LogConfig: Setting CVar [[r.VolumetricFog.GridSizeZ:128]]
[2022.07.28-15.54.42:542][  0]LogConfig: Setting CVar [[r.VolumetricFog.HistoryMissSupersampleCount:4]]
[2022.07.28-15.54.42:542][  0]LogConfig: Setting CVar [[r.LightMaxDrawDistanceScale:1]]
[2022.07.28-15.54.42:542][  0]LogConfig: Setting CVar [[r.CapsuleShadows:1]]
[2022.07.28-15.54.42:542][  0]LogConfig: Applying CVar settings from Section [PostProcessQuality@3] File [C:/Users/danie/Documents/Gamedev VR/game/UE4 game/fpsgame/Saved/Config/Windows/Scalability.ini]
[2022.07.28-15.54.42:542][  0]LogConfig: Setting CVar [[r.MotionBlurQuality:4]]
[2022.07.28-15.54.42:542][  0]LogConfig: Setting CVar [[r.AmbientOcclusionMipLevelFactor:0.4]]
[2022.07.28-15.54.42:542][  0]LogConfig: Setting CVar [[r.AmbientOcclusionMaxQuality:100]]
[2022.07.28-15.54.42:542][  0]LogConfig: Setting CVar [[r.AmbientOcclusionLevels:-1]]
[2022.07.28-15.54.42:542][  0]LogConfig: Setting CVar [[r.AmbientOcclusionRadiusScale:1.0]]
[2022.07.28-15.54.42:542][  0]LogConfig: Setting CVar [[r.DepthOfFieldQuality:2]]
[2022.07.28-15.54.42:542][  0]LogConfig: Setting CVar [[r.RenderTargetPoolMin:400]]
[2022.07.28-15.54.42:542][  0]LogConfig: Setting CVar [[r.LensFlareQuality:2]]
[2022.07.28-15.54.42:542][  0]LogConfig: Setting CVar [[r.SceneColorFringeQuality:1]]
[2022.07.28-15.54.42:542][  0]LogConfig: Setting CVar [[r.EyeAdaptationQuality:2]]
[2022.07.28-15.54.42:542][  0]LogConfig: Setting CVar [[r.BloomQuality:5]]
[2022.07.28-15.54.42:542][  0]LogConfig: Setting CVar [[r.FastBlurThreshold:100]]
[2022.07.28-15.54.42:542][  0]LogConfig: Setting CVar [[r.Upscale.Quality:3]]
[2022.07.28-15.54.42:542][  0]LogConfig: Setting CVar [[r.Tonemapper.GrainQuantization:1]]
[2022.07.28-15.54.42:542][  0]LogConfig: Setting CVar [[r.LightShaftQuality:1]]
[2022.07.28-15.54.42:542][  0]LogConfig: Setting CVar [[r.Filter.SizeScale:1]]
[2022.07.28-15.54.42:542][  0]LogConfig: Setting CVar [[r.Tonemapper.Quality:5]]
[2022.07.28-15.54.42:542][  0]LogConfig: Setting CVar [[r.DOF.Gather.AccumulatorQuality:1        ; higher gathering accumulator quality]]
[2022.07.28-15.54.42:542][  0]LogConfig: Setting CVar [[r.DOF.Gather.PostfilterMethod:1          ; Median3x3 postfilering method]]
[2022.07.28-15.54.42:542][  0]LogConfig: Setting CVar [[r.DOF.Gather.EnableBokehSettings:0       ; no bokeh simulation when gathering]]
[2022.07.28-15.54.42:542][  0]LogConfig: Setting CVar [[r.DOF.Gather.RingCount:4                 ; medium number of samples when gathering]]
[2022.07.28-15.54.42:542][  0]LogConfig: Setting CVar [[r.DOF.Scatter.ForegroundCompositing:1    ; additive foreground scattering]]
[2022.07.28-15.54.42:542][  0]LogConfig: Setting CVar [[r.DOF.Scatter.BackgroundCompositing:2    ; additive background scattering]]
[2022.07.28-15.54.42:542][  0]LogConfig: Setting CVar [[r.DOF.Scatter.EnableBokehSettings:1      ; bokeh simulation when scattering]]
[2022.07.28-15.54.42:542][  0]LogConfig: Setting CVar [[r.DOF.Scatter.MaxSpriteRatio:0.1         ; only a maximum of 10% of scattered bokeh]]
[2022.07.28-15.54.42:542][  0]LogConfig: Setting CVar [[r.DOF.Recombine.Quality:1                ; cheap slight out of focus]]
[2022.07.28-15.54.42:542][  0]LogConfig: Setting CVar [[r.DOF.Recombine.EnableBokehSettings:0    ; no bokeh simulation on slight out of focus]]
[2022.07.28-15.54.42:542][  0]LogConfig: Setting CVar [[r.DOF.TemporalAAQuality:1                ; more stable temporal accumulation]]
[2022.07.28-15.54.42:542][  0]LogConfig: Setting CVar [[r.DOF.Kernel.MaxForegroundRadius:0.025]]
[2022.07.28-15.54.42:542][  0]LogConfig: Setting CVar [[r.DOF.Kernel.MaxBackgroundRadius:0.025]]
[2022.07.28-15.54.42:542][  0]LogConfig: Applying CVar settings from Section [TextureQuality@3] File [C:/Users/danie/Documents/Gamedev VR/game/UE4 game/fpsgame/Saved/Config/Windows/Scalability.ini]
[2022.07.28-15.54.42:542][  0]LogConfig: Setting CVar [[r.Streaming.MipBias:0]]
[2022.07.28-15.54.42:542][  0]LogConfig: Setting CVar [[r.Streaming.AmortizeCPUToGPUCopy:0]]
[2022.07.28-15.54.42:542][  0]LogConfig: Setting CVar [[r.Streaming.MaxNumTexturesToStreamPerFrame:0]]
[2022.07.28-15.54.42:542][  0]LogConfig: Setting CVar [[r.Streaming.Boost:1]]
[2022.07.28-15.54.42:542][  0]LogConfig: Setting CVar [[r.MaxAnisotropy:8]]
[2022.07.28-15.54.42:542][  0]LogConfig: Setting CVar [[r.VT.MaxAnisotropy:8]]
[2022.07.28-15.54.42:542][  0]LogConfig: Setting CVar [[r.Streaming.LimitPoolSizeToVRAM:0]]
[2022.07.28-15.54.42:542][  0]LogConfig: Setting CVar [[r.Streaming.PoolSize:1000]]
[2022.07.28-15.54.42:542][  0]LogConfig: Setting CVar [[r.Streaming.MaxEffectiveScreenSize:0]]
[2022.07.28-15.54.42:542][  0]LogConfig: Applying CVar settings from Section [EffectsQuality@3] File [C:/Users/danie/Documents/Gamedev VR/game/UE4 game/fpsgame/Saved/Config/Windows/Scalability.ini]
[2022.07.28-15.54.42:542][  0]LogConfig: Setting CVar [[r.TranslucencyLightingVolumeDim:64]]
[2022.07.28-15.54.42:542][  0]LogConfig: Setting CVar [[r.RefractionQuality:2]]
[2022.07.28-15.54.42:542][  0]LogConfig: Setting CVar [[r.SSR.Quality:3]]
[2022.07.28-15.54.42:542][  0]LogConfig: Setting CVar [[r.SSR.HalfResSceneColor:0]]
[2022.07.28-15.54.42:542][  0]LogConfig: Setting CVar [[r.SceneColorFormat:4]]
[2022.07.28-15.54.42:542][  0]LogConfig: Setting CVar [[r.DetailMode:2]]
[2022.07.28-15.54.42:542][  0]LogConfig: Setting CVar [[r.TranslucencyVolumeBlur:1]]
[2022.07.28-15.54.42:542][  0]LogConfig: Setting CVar [[r.MaterialQualityLevel:1 ; High quality]]
[2022.07.28-15.54.42:542][  0]LogConfig: Setting CVar [[r.AnisotropicMaterials:1]]
[2022.07.28-15.54.42:542][  0]LogConfig: Setting CVar [[r.SSS.Scale:1]]
[2022.07.28-15.54.42:542][  0]LogConfig: Setting CVar [[r.SSS.SampleSet:2]]
[2022.07.28-15.54.42:542][  0]LogConfig: Setting CVar [[r.SSS.Quality:1]]
[2022.07.28-15.54.42:542][  0]LogConfig: Setting CVar [[r.SSS.HalfRes:0]]
[2022.07.28-15.54.42:542][  0]LogConfig: Setting CVar [[r.SSGI.Quality:3]]
[2022.07.28-15.54.42:542][  0]LogConfig: Setting CVar [[r.EmitterSpawnRateScale:1.0]]
[2022.07.28-15.54.42:542][  0]LogConfig: Setting CVar [[r.ParticleLightQuality:2]]
[2022.07.28-15.54.42:542][  0]LogConfig: Setting CVar [[r.SkyAtmosphere.AerialPerspectiveLUT.FastApplyOnOpaque:1 ; Always have FastSkyLUT 1 in this case to avoid wrong sky]]
[2022.07.28-15.54.42:542][  0]LogConfig: Setting CVar [[r.SkyAtmosphere.AerialPerspectiveLUT.SampleCountMaxPerSlice:4]]
[2022.07.28-15.54.42:542][  0]LogConfig: Setting CVar [[r.SkyAtmosphere.AerialPerspectiveLUT.DepthResolution:16.0]]
[2022.07.28-15.54.42:542][  0]LogConfig: Setting CVar [[r.SkyAtmosphere.FastSkyLUT:1]]
[2022.07.28-15.54.42:542][  0]LogConfig: Setting CVar [[r.SkyAtmosphere.FastSkyLUT.SampleCountMin:4.0]]
[2022.07.28-15.54.42:542][  0]LogConfig: Setting CVar [[r.SkyAtmosphere.FastSkyLUT.SampleCountMax:128.0]]
[2022.07.28-15.54.42:542][  0]LogConfig: Setting CVar [[r.SkyAtmosphere.SampleCountMin:4.0]]
[2022.07.28-15.54.42:542][  0]LogConfig: Setting CVar [[r.SkyAtmosphere.SampleCountMax:128.0]]
[2022.07.28-15.54.42:542][  0]LogConfig: Setting CVar [[r.SkyAtmosphere.TransmittanceLUT.UseSmallFormat:0]]
[2022.07.28-15.54.42:542][  0]LogConfig: Setting CVar [[r.SkyAtmosphere.TransmittanceLUT.SampleCount:10.0]]
[2022.07.28-15.54.42:542][  0]LogConfig: Setting CVar [[r.SkyAtmosphere.MultiScatteringLUT.SampleCount:15.0]]
[2022.07.28-15.54.42:542][  0]LogConfig: Setting CVar [[r.SkyLight.RealTimeReflectionCapture:1]]
[2022.07.28-15.54.42:542][  0]LogConfig: Applying CVar settings from Section [FoliageQuality@3] File [C:/Users/danie/Documents/Gamedev VR/game/UE4 game/fpsgame/Saved/Config/Windows/Scalability.ini]
[2022.07.28-15.54.42:542][  0]LogConfig: Setting CVar [[foliage.DensityScale:1.0]]
[2022.07.28-15.54.42:542][  0]LogConfig: Setting CVar [[grass.DensityScale:1.0]]
[2022.07.28-15.54.42:542][  0]LogConfig: Applying CVar settings from Section [ShadingQuality@3] File [C:/Users/danie/Documents/Gamedev VR/game/UE4 game/fpsgame/Saved/Config/Windows/Scalability.ini]
[2022.07.28-15.54.42:542][  0]LogConfig: Setting CVar [[r.HairStrands.SkyLighting.IntegrationType:2]]
[2022.07.28-15.54.42:542][  0]LogConfig: Setting CVar [[r.HairStrands.SkyAO.SampleCount:4]]
[2022.07.28-15.54.42:542][  0]LogConfig: Setting CVar [[r.HairStrands.Visibility.MSAA.SamplePerPixel:4]]
[2022.07.28-15.54.42:543][  0]LogConfig: Applying CVar settings from Section [Startup] File [../../../Engine/Config/ConsoleVariables.ini]
[2022.07.28-15.54.42:543][  0]LogConfig: Setting CVar [[net.UseAdaptiveNetUpdateFrequency:0]]
[2022.07.28-15.54.42:543][  0]LogConfig: Setting CVar [[p.chaos.AllowCreatePhysxBodies:1]]
[2022.07.28-15.54.42:543][  0]LogConfig: Setting CVar [[fx.SkipVectorVMBackendOptimizations:1]]
[2022.07.28-15.54.42:543][  0]LogConfig: Applying CVar settings from Section [ConsoleVariables] File [C:/Users/danie/Documents/Gamedev VR/game/UE4 game/fpsgame/Saved/Config/Windows/Engine.ini]
[2022.07.28-15.54.42:543][  0]LogConfig: Applying CVar settings from Section [ConsoleVariables] File [C:/Users/danie/Documents/Gamedev VR/game/UE4 game/fpsgame/Saved/Config/Windows/Editor.ini]
[2022.07.28-15.54.42:543][  0]LogInit: Computer: DESKTOP-QG36584
[2022.07.28-15.54.42:543][  0]LogInit: User: danie
[2022.07.28-15.54.42:543][  0]LogInit: CPU Page size=4096, Cores=6
[2022.07.28-15.54.42:543][  0]LogInit: High frequency timer resolution =10.000000 MHz
[2022.07.28-15.54.42:543][  0]LogMemory: Memory total: Physical=16.0GB (16GB approx)
[2022.07.28-15.54.42:543][  0]LogMemory: Platform Memory Stats for Windows
[2022.07.28-15.54.42:543][  0]LogMemory: Process Physical Memory: 144.95 MB used, 144.95 MB peak
[2022.07.28-15.54.42:543][  0]LogMemory: Process Virtual Memory: 125.91 MB used, 125.91 MB peak
[2022.07.28-15.54.42:543][  0]LogMemory: Physical Memory: 11396.47 MB used,  4938.30 MB free, 16334.77 MB total
[2022.07.28-15.54.42:543][  0]LogMemory: Virtual Memory: 134210024.00 MB used,  7707.64 MB free, 134217728.00 MB total
[2022.07.28-15.54.42:548][  0]LogWindows: WindowsPlatformFeatures enabled
[2022.07.28-15.54.42:569][  0]LogInit: Physics initialised using underlying interface: PhysX
[2022.07.28-15.54.42:570][  0]LogInit: Using OS detected language (en-US).
[2022.07.28-15.54.42:570][  0]LogInit: Using OS detected locale (en-GB).
[2022.07.28-15.54.42:577][  0]LogTextLocalizationManager: No specific localization for 'en-US' exists, so the 'en' localization will be used.
[2022.07.28-15.54.42:746][  0]LogInit: Setting process to per monitor DPI aware
[2022.07.28-15.54.42:759][  0]LogWindowsTextInputMethodSystem: Display: IME system deactivated.
[2022.07.28-15.54.42:772][  0]LogSlate: New Slate User Created.  User Index 0, Is Virtual User: 0
[2022.07.28-15.54.42:773][  0]LogSlate: Slate User Registered.  User Index 0, Is Virtual User: 0
[2022.07.28-15.54.42:906][  0]LogD3D11RHI: Loaded GFSDK_Aftermath_Lib.x64.dll
[2022.07.28-15.54.42:909][  0]LogHMD: Failed to initialize OpenVR with code 110
[2022.07.28-15.54.42:909][  0]LogD3D11RHI: D3D11 min allowed feature level: 11_0
[2022.07.28-15.54.42:909][  0]LogD3D11RHI: D3D11 max allowed feature level: 11_0
[2022.07.28-15.54.42:909][  0]LogD3D11RHI: D3D11 adapters:
[2022.07.28-15.54.42:950][  0]LogD3D11RHI:    0. 'AMD Radeon RX 5700 XT' (Feature Level 11_0)
[2022.07.28-15.54.42:950][  0]LogD3D11RHI:       8151/0/8167 MB DedicatedVideo/DedicatedSystem/SharedSystem, Outputs:1, VendorId:0x1002
[2022.07.28-15.54.42:951][  0]LogD3D11RHI:    1. 'Microsoft Basic Render Driver' (Feature Level 11_0)
[2022.07.28-15.54.42:951][  0]LogD3D11RHI:       0/0/8167 MB DedicatedVideo/DedicatedSystem/SharedSystem, Outputs:0, VendorId:0x1414
[2022.07.28-15.54.42:951][  0]LogD3D11RHI: Chosen D3D11 Adapter:
[2022.07.28-15.54.42:951][  0]LogD3D11RHI:     Description : AMD Radeon RX 5700 XT
[2022.07.28-15.54.42:951][  0]LogD3D11RHI:     VendorId    : 1002
[2022.07.28-15.54.42:951][  0]LogD3D11RHI:     DeviceId    : 731f
[2022.07.28-15.54.42:952][  0]LogD3D11RHI:     SubSysId    : 23131458
[2022.07.28-15.54.42:952][  0]LogD3D11RHI:     Revision    : 00c1
[2022.07.28-15.54.42:952][  0]LogD3D11RHI:     DedicatedVideoMemory : 8547471360 bytes
[2022.07.28-15.54.42:952][  0]LogD3D11RHI:     DedicatedSystemMemory : 0 bytes
[2022.07.28-15.54.42:952][  0]LogD3D11RHI:     SharedSystemMemory : 8564123648 bytes
[2022.07.28-15.54.42:952][  0]LogD3D11RHI:     AdapterLuid : 0 53280
[2022.07.28-15.54.42:957][  0]LogD3D11RHI: Creating new Direct3DDevice
[2022.07.28-15.54.42:957][  0]LogD3D11RHI:     GPU DeviceId: 0x731f (for the marketing name, search the web for "GPU Device Id")
[2022.07.28-15.54.42:957][  0]LogWindows: EnumDisplayDevices:
[2022.07.28-15.54.42:957][  0]LogWindows:    0. 'AMD Radeon RX 5700 XT' (P:0 D:0)
[2022.07.28-15.54.42:957][  0]LogWindows:    1. 'AMD Radeon RX 5700 XT' (P:1 D:1)
[2022.07.28-15.54.42:958][  0]LogWindows:    2. 'AMD Radeon RX 5700 XT' (P:0 D:0)
[2022.07.28-15.54.42:958][  0]LogWindows:    3. 'AMD Radeon RX 5700 XT' (P:0 D:0)
[2022.07.28-15.54.42:958][  0]LogWindows:    4. 'AMD Radeon RX 5700 XT' (P:0 D:0)
[2022.07.28-15.54.42:959][  0]LogWindows:    5. 'AMD Radeon RX 5700 XT' (P:0 D:0)
[2022.07.28-15.54.42:959][  0]LogWindows:    6. 'AMD Radeon RX 5700 XT' (P:0 D:0)
[2022.07.28-15.54.42:959][  0]LogWindows: DebugString: FoundDriverCount:7 
[2022.07.28-15.54.42:959][  0]LogD3D11RHI:     Adapter Name: AMD Radeon RX 5700 XT
[2022.07.28-15.54.42:959][  0]LogD3D11RHI:   Driver Version: AMD Software: Adrenalin Edition 22.5.1 (internal:30.0.15021.11005, unified:30.0.15021.11005)
[2022.07.28-15.54.42:959][  0]LogD3D11RHI:      Driver Date: 4-28-2022
[2022.07.28-15.54.42:959][  0]LogRHI: Texture pool is 5168 MB (70% of 7383 MB)
[2022.07.28-15.54.42:979][  0]LogD3D11RHI: Creating D3DDevice with AMD AGS, using adapter:
[2022.07.28-15.54.42:979][  0]LogD3D11RHI:     Description : AMD Radeon RX 5700 XT
[2022.07.28-15.54.42:979][  0]LogD3D11RHI:     VendorId    : 1002
[2022.07.28-15.54.42:979][  0]LogD3D11RHI:     DeviceId    : 731f
[2022.07.28-15.54.42:979][  0]LogD3D11RHI:     SubSysId    : 23131458
[2022.07.28-15.54.42:979][  0]LogD3D11RHI:     Revision    : 00c1
[2022.07.28-15.54.42:979][  0]LogD3D11RHI:     DedicatedVideoMemory : 8547471360 bytes
[2022.07.28-15.54.42:979][  0]LogD3D11RHI:     DedicatedSystemMemory : 0 bytes
[2022.07.28-15.54.42:979][  0]LogD3D11RHI:     SharedSystemMemory : 8564123648 bytes
[2022.07.28-15.54.42:979][  0]LogD3D11RHI:     AdapterLuid : 0 53280
[2022.07.28-15.54.43:018][  0]LogD3D11RHI: Created device via AGS, feature level 11_0, supported extensions 1fffffbf.
[2022.07.28-15.54.43:018][  0]LogD3D11RHI: RHI has support for 64 bit atomics
[2022.07.28-15.54.43:018][  0]LogD3D11RHI: Async texture creation enabled
[2022.07.28-15.54.43:018][  0]LogD3D11RHI: Array index from any shader is supported
[2022.07.28-15.54.43:031][  0]LogD3D11RHI: GPU Timing Frequency: 100.000000 (Debug: 2 1)
[2022.07.28-15.54.43:301][  0]LogTargetPlatformManager: Display: Loaded TargetPlatform 'AllDesktop'
[2022.07.28-15.54.43:330][  0]LogTargetPlatformManager: Display: Loaded TargetPlatform 'Android'
[2022.07.28-15.54.43:330][  0]LogTargetPlatformManager: Display: Loaded TargetPlatform 'Android_ASTC'
[2022.07.28-15.54.43:330][  0]LogTargetPlatformManager: Display: Loaded TargetPlatform 'Android_DXT'
[2022.07.28-15.54.43:330][  0]LogTargetPlatformManager: Display: Loaded TargetPlatform 'Android_ETC2'
[2022.07.28-15.54.43:330][  0]LogTargetPlatformManager: Display: Loaded TargetPlatform 'AndroidClient'
[2022.07.28-15.54.43:330][  0]LogTargetPlatformManager: Display: Loaded TargetPlatform 'Android_ASTCClient'
[2022.07.28-15.54.43:330][  0]LogTargetPlatformManager: Display: Loaded TargetPlatform 'Android_DXTClient'
[2022.07.28-15.54.43:330][  0]LogTargetPlatformManager: Display: Loaded TargetPlatform 'Android_ETC2Client'
[2022.07.28-15.54.43:330][  0]LogTargetPlatformManager: Display: Loaded TargetPlatform 'Android_Multi'
[2022.07.28-15.54.43:330][  0]LogTargetPlatformManager: Display: Loaded TargetPlatform 'Android_MultiClient'
[2022.07.28-15.54.43:352][  0]LogTargetPlatformManager: Display: Loaded TargetPlatform 'IOSClient'
[2022.07.28-15.54.43:352][  0]LogTargetPlatformManager: Display: Loaded TargetPlatform 'IOS'
[2022.07.28-15.54.43:365][  0]LogTargetPlatformManager: Display: Loaded TargetPlatform 'Linux'
[2022.07.28-15.54.43:370][  0]LogTargetPlatformManager: Display: Loaded TargetPlatform 'LinuxNoEditor'
[2022.07.28-15.54.43:374][  0]LogTargetPlatformManager: Display: Loaded TargetPlatform 'LinuxClient'
[2022.07.28-15.54.43:378][  0]LogTargetPlatformManager: Display: Loaded TargetPlatform 'LinuxServer'
[2022.07.28-15.54.43:388][  0]LogTargetPlatformManager: Display: Loaded TargetPlatform 'LinuxAArch64NoEditor'
[2022.07.28-15.54.43:392][  0]LogTargetPlatformManager: Display: Loaded TargetPlatform 'LinuxAArch64Client'
[2022.07.28-15.54.43:395][  0]LogTargetPlatformManager: Display: Loaded TargetPlatform 'LinuxAArch64Server'
[2022.07.28-15.54.43:420][  0]LogTargetPlatformManager: Display: Loaded TargetPlatform 'Lumin'
[2022.07.28-15.54.43:420][  0]LogTargetPlatformManager: Display: Loaded TargetPlatform 'LuminClient'
[2022.07.28-15.54.43:428][  0]LogTargetPlatformManager: Display: Loaded TargetPlatform 'MacNoEditor'
[2022.07.28-15.54.43:432][  0]LogTargetPlatformManager: Display: Loaded TargetPlatform 'Mac'
[2022.07.28-15.54.43:435][  0]LogTargetPlatformManager: Display: Loaded TargetPlatform 'MacClient'
[2022.07.28-15.54.43:439][  0]LogTargetPlatformManager: Display: Loaded TargetPlatform 'MacServer'
[2022.07.28-15.54.43:448][  0]LogTargetPlatformManager: Display: Loaded TargetPlatform 'TVOSClient'
[2022.07.28-15.54.43:448][  0]LogTargetPlatformManager: Display: Loaded TargetPlatform 'TVOS'
[2022.07.28-15.54.43:457][  0]LogTargetPlatformManager: Display: Loaded TargetPlatform 'WindowsNoEditor'
[2022.07.28-15.54.43:461][  0]LogTargetPlatformManager: Display: Loaded TargetPlatform 'Windows'
[2022.07.28-15.54.43:464][  0]LogTargetPlatformManager: Display: Loaded TargetPlatform 'WindowsClient'
[2022.07.28-15.54.43:468][  0]LogTargetPlatformManager: Display: Loaded TargetPlatform 'WindowsServer'
[2022.07.28-15.54.43:468][  0]LogTargetPlatformManager: Display: Building Assets For Windows
[2022.07.28-15.54.43:473][  0]LogAudioDebug: Display: Lib vorbis DLL was dynamically loaded.
[2022.07.28-15.54.43:498][  0]LogTextureFormatOodle: Display: Oodle Texture 2.9.0 init RDO Off
[2022.07.28-15.54.43:521][  0]LogRendererCore: Ray tracing is disabled. Reason: r.RayTracing=0.
[2022.07.28-15.54.43:521][  0]LogShaderCompilers: Guid format shader working directory is -27 characters bigger than the processId version (../../../../../../Users/danie/Documents/Gamedev VR/game/UE4 game/fpsgame/Intermediate/Shaders/WorkingDirectory/15976/).
[2022.07.28-15.54.43:522][  0]LogShaderCompilers: Cleaned the shader compiler working directory 'C:/Users/danie/AppData/Local/Temp/UnrealShaderWorkingDir/672FAE9A4EE2CC41353D38A032F94FC4/'.
[2022.07.28-15.54.43:522][  0]LogXGEController: Cannot use XGE Controller as Incredibuild is not installed on this machine.
[2022.07.28-15.54.43:522][  0]LogShaderCompilers: Cannot use XGE Shader Compiler as Incredibuild is not installed on this machine.
[2022.07.28-15.54.43:522][  0]LogShaderCompilers: Display: Using Local Shader Compiler.
[2022.07.28-15.54.44:137][  0]LogDerivedDataCache: Display: Max Cache Size: 512 MB
[2022.07.28-15.54.44:178][  0]LogDerivedDataCache: Loaded boot cache 0.04s 95MB C:/Users/danie/AppData/Local/UnrealEngine/4.27/DerivedDataCache/Boot.ddc.
[2022.07.28-15.54.44:178][  0]LogDerivedDataCache: Display: Loaded Boot cache: C:/Users/danie/AppData/Local/UnrealEngine/4.27/DerivedDataCache/Boot.ddc
[2022.07.28-15.54.44:178][  0]LogDerivedDataCache: FDerivedDataBackendGraph:  Pak pak cache file ../../../../../../Users/danie/Documents/Gamedev VR/game/UE4 game/fpsgame/DerivedDataCache/DDC.ddp not found, will not use a pak cache.
[2022.07.28-15.54.44:178][  0]LogDerivedDataCache: Unable to find inner node Pak for hierarchical cache Hierarchy.
[2022.07.28-15.54.44:178][  0]LogDerivedDataCache: FDerivedDataBackendGraph:  CompressedPak pak cache file ../../../../../../Users/danie/Documents/Gamedev VR/game/UE4 game/fpsgame/DerivedDataCache/Compressed.ddp not found, will not use a pak cache.
[2022.07.28-15.54.44:178][  0]LogDerivedDataCache: Unable to find inner node CompressedPak for hierarchical cache Hierarchy.
[2022.07.28-15.54.44:194][  0]LogDerivedDataCache: Display: Pak cache opened for reading ../../../Engine/DerivedDataCache/Compressed.ddp.
[2022.07.28-15.54.44:194][  0]LogDerivedDataCache: FDerivedDataBackendGraph:  EnterprisePak pak cache file ../../../Enterprise/DerivedDataCache/Compressed.ddp not found, will not use a pak cache.
[2022.07.28-15.54.44:194][  0]LogDerivedDataCache: Unable to find inner node EnterprisePak for hierarchical cache Hierarchy.
[2022.07.28-15.54.44:205][  0]LogDerivedDataCache: Speed tests for C:/Users/danie/AppData/Local/UnrealEngine/Common/DerivedDataCache took 0.01 seconds
[2022.07.28-15.54.44:205][  0]LogDerivedDataCache: Display: Performance to C:/Users/danie/AppData/Local/UnrealEngine/Common/DerivedDataCache: Latency=0.03ms. RandomReadSpeed=459.60MBs, RandomWriteSpeed=103.30MBs. Assigned SpeedClass 'Local'
[2022.07.28-15.54.44:206][  0]LogDerivedDataCache: Using Local data cache path C:/Users/danie/AppData/Local/UnrealEngine/Common/DerivedDataCache: Writable
[2022.07.28-15.54.44:206][  0]LogDerivedDataCache: Shared data cache path not found in *engine.ini, will not use an Shared cache.
[2022.07.28-15.54.44:206][  0]LogDerivedDataCache: Unable to find inner node Shared for hierarchical cache Hierarchy.
[2022.07.28-15.54.44:247][  0]LogSlate: Using FreeType 2.10.0
[2022.07.28-15.54.44:248][  0]LogSlate: SlateFontServices - WITH_FREETYPE: 1, WITH_HARFBUZZ: 1
[2022.07.28-15.54.44:269][  0]LogAssetRegistry: FAssetRegistry took 0.0029 seconds to start up
[2022.07.28-15.54.44:475][  0]LogInit: Selected Device Profile: [Windows]
[2022.07.28-15.54.44:475][  0]LogInit: Active device profile: [000002D21830F800][000002D215F88DC0 49] Windows
[2022.07.28-15.54.44:475][  0]LogInit: Profiles: [000002D21830F800][000002D215F88DC0 49] Windows, [000002D2182C0A00][000002D217114F40 49] WindowsNoEditor, [000002D21830CA00][000002D2171190C0 49] WindowsServer, [000002D2182C2F00][000002D20C7AB240 49] WindowsClient, [000002D21830EE00][000002D20BFBF3C0 49] IOS, [000002D2182C1400][000002D20BFC3540 49] iPadAir, [000002D21830D300][000002D20BFC76C0 49] iPadAir2, [000002D218243D00][000002D20C7DB980 49] IPadPro, [000002D218243E00][000002D213C519C0 49] iPadAir3, [000002D21830E700][000002D20C7DFB40 49] iPadAir4, [000002D218240F00][000002D20C7E2140 49] iPadMini2, [000002D21830D800][000002D20C7E62C0 49] iPadMini3, [000002D218242900][000002D20C3EA440 49] iPadMini4, [000002D21830C200][000002D2187C85C0 49] iPadMini5, [000002D21828F600][000002D2187D4880 49] iPhone6, [000002D21828F700][000002D2187D08C0 49] iPodTouch6, [000002D218241000][000002D215F96B40 49] iPhone7, [000002D218241100][000002D218814B80 49] iPodTouch7, [000002D21828CE00][000002D218818CC0 49] iPhone5S, [000002D218242C00][000002D21881CE00 49] iPhone6Plus, [000002D21828EA00][000002D218B5AF40 49] iPhone6S, [000002D218243A00][000002D218B7B0C0 49] iPhone6SPlus, [000002D21828D700][000002D218B7F240 49] iPhone7Plus, [000002D218240600][000002D218B833C0 49] iPhoneSE, [000002D21828E100][000002D218B87540 49] iPhone8, [000002D218242F00][000002D218B8B6C0 49] iPhone8Plus, [000002D21828F100][000002D217379840 49] iPhoneX, [000002D218240900][000002D21737D9C0 49] iPhoneXS, [000002D21828CF00][000002D217381B40 49] iPhoneXSMax, [000002D218243600][000002D2173F4140 49] iPhoneXR, [000002D21828DD00][000002D218B8E2C0 49] iPhone11, [000002D218241E00][000002D218BCE440 49] iPhone11Pro, [000002D21828F200][000002D218C0E5C0 49] iPhone11ProMax, [000002D218242E00][000002D218C12740 49] iPhoneSE2, [000002D21828ED00][000002D218C1A8C0 49] iPhone12Mini, [000002D218243C00][000002D218C1EA40 49] iPhone12, [000002D21828CC00][000002D218C26BC0 49] iPhone12Pro, [000002D218240800][000002D218C2AD40 49] iPhone12ProMax, [000002D21828D500][000002D218B76E80 49] iPadPro105, [000002D218240B00][000002D21711CFC0 49] iPadPro129, [000002D21828C700][000002D217121100 49] iPadPro97, [000002D218243B00][000002D218C17280 49] iPadPro2_129, [000002D21828F300][000002D217131400 49] iPad5, [000002D218243100][000002D217135580 49] iPad6, [000002D21828F000][000002D217139700 49] iPad7, [000002D218240400][000002D20BF67880 49] iPad8, [000002D21828D400][000002D20BF6BA00 49] iPadPro11, [000002D218241200][000002D2187CDB80 49] iPadPro2_11, [000002D21828E600][000002D20BFE4180 49] iPadPro3_129, [000002D218240300][000002D20BFE0300 49] iPadPro4_129, [000002D21828EB00][000002D2184EE480 49] AppleTV, [000002D218242700][000002D20C05E600 49] AppleTV4K, [000002D21828D600][000002D20C062780 49] TVOS, [000002D218243900][000002D2170CC900 49] Mac, [000002D21828CB00][000002D2170D0A80 49] MacClient, [000002D218242600][000002D2170D4C00 49] MacNoEditor, [000002D21828DF00][000002D2170D8D80 49] MacServer, [000002D218242500][000002D2170DCF00 49] Linux, [000002D21828CD00][000002D218C23040 49] LinuxAArch64, [000002D218241C00][000002D2170E1180 49] LinuxNoEditor, [000002D2182C2800][000002D2170E52C0 49] LinuxAArch64NoEditor, [000002D21834CF00][000002D2170ED440 49] LinuxClient, [000002D2182C2700][000002D2170F15C0 49] LinuxAArch64Client, [000002D21834D700][000002D20BF6F740 49] LinuxServer, [000002D2182C3700][000002D20BF738C0 49] LinuxAArch64Server, [000002D21834CC00][000002D20BF77A40 49] Android, [000002D2182C0800][000002D20BF7BBC0 49] Android_Low, [000002D21834DD00][000002D20BF7E1C0 49] Android_Mid, [000002D2182C3A00][000002D20BF82340 49] Android_High, [000002D21834D400][000002D20BF864C0 49] Android_Default, [000002D2182C0300][000002D20BF8A640 49] Android_Adreno4xx, [000002D21834C900][000002D20BF8E7C0 49] Android_Adreno5xx_Low, [000002D2182C1000][000002D20BF92940 49] Android_Adreno5xx, [000002D21834DE00][000002D20BF96AC0 49] Android_Adreno6xx, [000002D2182C1800][000002D20BF9AC40 49] Android_Adreno6xx_Vulkan, [000002D21834C600][000002D20BF9EDC0 49] Android_Mali_T6xx, [000002D2182C0F00][000002D20BFA2F40 49] Android_Mali_T7xx, [000002D21834CA00][000002D20BFA70C0 49] Android_Mali_T8xx, [000002D2182C1200][000002D2170E9200 49] Android_Mali_G71, [000002D21834DB00][000002D20BFAB340 49] Android_Mali_G72, [000002D2182C3300][000002D20BFAF480 49] Android_Mali_G72_Vulkan, [000002D21834D900][000002D20BFB35C0 49] Android_Mali_G76, [000002D2182C3800][000002D20BFBB740 49] Android_Mali_G76_Vulkan, [000002D21828E200][000002D21848F8C0 49] Android_Mali_G77, [000002D218242200][000002D218493A40 49] Android_Mali_G77_Vulkan, [000002D21828E400][000002D218497BC0 49] Android_Mali_G78, [000002D218242400][000002D21849A1C0 49] Android_Mali_G78_Vulkan, [000002D21834D800][000002D21849E340 49] Android_Mali_G710, [000002D218241F00][000002D2184A24C0 49] Android_Mali_G710_Vulkan, [000002D21834E400][000002D2184A6640 49] Android_Vulkan_SM5, [000002D218240500][000002D2184AA7C0 49] Android_PowerVR_G6xxx, [000002D21834ED00][000002D2184AE940 49] Android_PowerVR_GT7xxx, [000002D218242800][000002D2184B2AC0 49] Android_PowerVR_GE8xxx, [000002D21834D300][000002D2184B6C40 49] Android_PowerVR_GM9xxx, [000002D218240100][000002D2184BADC0 49] Android_PowerVR_GM9xxx_Vulkan, [000002D21834D100][000002D2184BEF40 49] Android_TegraK1, [000002D218242300][000002D2184C30C0 49] Android_Unknown_Vulkan, [000002D21834E900][000002D2184C7240 49] Lumin, [000002D218241900][000002D20BFB7380 49] Lumin_Desktop, [000002D21834D200][000002D2184CB4C0 49] HoloLens, 
[2022.07.28-15.54.44:577][  0]LogMeshReduction: Using QuadricMeshReduction for automatic static mesh reduction
[2022.07.28-15.54.44:577][  0]LogMeshReduction: Using SimplygonMeshReduction for automatic skeletal mesh reduction
[2022.07.28-15.54.44:577][  0]LogMeshReduction: Using ProxyLODMeshReduction for automatic mesh merging
[2022.07.28-15.54.44:577][  0]LogMeshReduction: No distributed automatic mesh merging module available
[2022.07.28-15.54.44:577][  0]LogMeshMerging: No distributed automatic mesh merging module available
[2022.07.28-15.54.44:591][  0]LogNetVersion: fpsgame 1.0.0, NetCL: 17155196, EngineNetVer: 17, GameNetVer: 0 (Checksum: 3215450660)
[2022.07.28-15.54.44:893][  0]LogTexture: Default maximum texture size for cubemaps generated from long-lat sources has been changed from 512 to unlimited. In order to preserve old behaiour for '/Engine/MapTemplates/Sky/DaylightAmbientCubemap.DaylightAmbientCubemap', its maximum texture size has been explicitly set to 512.
[2022.07.28-15.54.44:937][  0]LogHMD: PokeAHoleMaterial loaded successfully
[2022.07.28-15.54.44:942][  0]LogUObjectArray: 17178 objects as part of root set at end of initial load.
[2022.07.28-15.54.44:942][  0]LogUObjectAllocator: 4302048 out of 0 bytes used by permanent object pool.
[2022.07.28-15.54.44:942][  0]LogUObjectArray: CloseDisregardForGC: 0/0 objects in disregard for GC pool
[2022.07.28-15.54.45:139][  0]LogNiagaraDebuggerClient: Niagara Debugger Client Initialized | Session: 9A53BFFD43EB7875B5FD548F684FE712 | Instance: 95F822AD4760F18EF48E0E9F86EAAA2E (DESKTOP-QG36584-15976).
[2022.07.28-15.54.45:180][  0]LogUdpMessaging: Initializing bridge on interface 0.0.0.0:0 to multicast group 230.0.0.1:6666.
[2022.07.28-15.54.45:185][  0]LogTcpMessaging: Initializing TcpMessaging bridge
[2022.07.28-15.54.45:265][  0]LogPython: Using Python 3.7.7
[2022.07.28-15.54.45:749][  0]LogOutputDevice: Warning: 

Script Stack (0 frames):

[2022.07.28-15.54.45:749][  0]LogWindows: Windows GetLastError: The operation completed successfully. (0)
[2022.07.28-15.54.46:414][  0]LogWindows: Error: === Critical error: ===
[2022.07.28-15.54.46:414][  0]LogWindows: Error: 
[2022.07.28-15.54.46:414][  0]LogWindows: Error: Fatal error: [File:D:/Build/++UE4/Sync/Engine/Source/Runtime/CoreUObject/Private/UObject/UObjectGlobals.cpp] [Line: 2609] 
[2022.07.28-15.54.46:414][  0]LogWindows: Error: UObject() constructor called but it's not the object that's currently being constructed with NewObject. Maybe you are trying to construct it on the stack, which is not supported.
[2022.07.28-15.54.46:414][  0]LogWindows: Error: 
[2022.07.28-15.54.46:414][  0]LogWindows: Error: 
[2022.07.28-15.54.46:414][  0]LogWindows: Error: [Callstack] 0x00007ff98c304fd9 KERNELBASE.dll!UnknownFunction []
[2022.07.28-15.54.46:414][  0]LogWindows: Error: [Callstack] 0x00007ff946d80216 UE4Editor-Core.dll!UnknownFunction []
[2022.07.28-15.54.46:414][  0]LogWindows: Error: [Callstack] 0x00007ff946d84218 UE4Editor-Core.dll!UnknownFunction []
[2022.07.28-15.54.46:414][  0]LogWindows: Error: [Callstack] 0x00007ff946aa242d UE4Editor-Core.dll!UnknownFunction []
[2022.07.28-15.54.46:414][  0]LogWindows: Error: [Callstack] 0x00007ff9463d4ec3 UE4Editor-CoreUObject.dll!UnknownFunction []
[2022.07.28-15.54.46:414][  0]LogWindows: Error: [Callstack] 0x00007ff94306b478 UE4Editor-Engine.dll!UnknownFunction []
[2022.07.28-15.54.46:414][  0]LogWindows: Error: [Callstack] 0x00007ff9435fdfb7 UE4Editor-Engine.dll!UnknownFunction []
[2022.07.28-15.54.46:414][  0]LogWindows: Error: [Callstack] 0x00007ff943eaeb79 UE4Editor-Engine.dll!UnknownFunction []
[2022.07.28-15.54.46:414][  0]LogWindows: Error: [Callstack] 0x00007ff90ec6a57c UE4Editor-fpsgame-9893.dll!AFPSPlayerController::AFPSPlayerController() [C:\Users\danie\Documents\Gamedev VR\game\UE4 game\fpsgame\Source\fpsgame\FPSPlayerController.cpp:9]
[2022.07.28-15.54.46:414][  0]LogWindows: Error: [Callstack] 0x00007ff9461061d3 UE4Editor-CoreUObject.dll!UnknownFunction []
[2022.07.28-15.54.46:414][  0]LogWindows: Error: [Callstack] 0x00007ff946428faf UE4Editor-CoreUObject.dll!UnknownFunction []
[2022.07.28-15.54.46:414][  0]LogWindows: Error: [Callstack] 0x00007ff946405411 UE4Editor-CoreUObject.dll!UnknownFunction []
[2022.07.28-15.54.46:414][  0]LogWindows: Error: [Callstack] 0x00007ff9462cddc5 UE4Editor-CoreUObject.dll!UnknownFunction []
[2022.07.28-15.54.46:414][  0]LogWindows: Error: [Callstack] 0x00007ff946ae1bea UE4Editor-Core.dll!UnknownFunction []
[2022.07.28-15.54.46:414][  0]LogWindows: Error: [Callstack] 0x00007ff946b015a3 UE4Editor-Core.dll!UnknownFunction []
[2022.07.28-15.54.46:414][  0]LogWindows: Error: [Callstack] 0x00007ff9636f6433 UE4Editor-Projects.dll!UnknownFunction []
[2022.07.28-15.54.46:414][  0]LogWindows: Error: [Callstack] 0x00007ff9636f674f UE4Editor-Projects.dll!UnknownFunction []
[2022.07.28-15.54.46:414][  0]LogWindows: Error: [Callstack] 0x00007ff66eed5642 UE4Editor.exe!UnknownFunction []
[2022.07.28-15.54.46:414][  0]LogWindows: Error: [Callstack] 0x00007ff66eed9000 UE4Editor.exe!UnknownFunction []
[2022.07.28-15.54.46:414][  0]LogWindows: Error: [Callstack] 0x00007ff66eed0d2c UE4Editor.exe!UnknownFunction []
[2022.07.28-15.54.46:414][  0]LogWindows: Error: [Callstack] 0x00007ff66eed10ba UE4Editor.exe!UnknownFunction []
[2022.07.28-15.54.46:414][  0]LogWindows: Error: [Callstack] 0x00007ff66eed40dd UE4Editor.exe!UnknownFunction []
[2022.07.28-15.54.46:414][  0]LogWindows: Error: [Callstack] 0x00007ff66eee5984 UE4Editor.exe!UnknownFunction []
[2022.07.28-15.54.46:414][  0]LogWindows: Error: [Callstack] 0x00007ff66eee853a UE4Editor.exe!UnknownFunction []
[2022.07.28-15.54.46:414][  0]LogWindows: Error: [Callstack] 0x00007ff98e777034 KERNEL32.DLL!UnknownFunction []
[2022.07.28-15.54.46:414][  0]LogWindows: Error: [Callstack] 0x00007ff98e902651 ntdll.dll!UnknownFunction []
[2022.07.28-15.54.46:414][  0]LogWindows: Error: 
[2022.07.28-15.54.46:420][  0]LogExit: Executing StaticShutdownAfterError
[2022.07.28-15.54.46:421][  0]LogWindows: FPlatformMisc::RequestExit(1)
[2022.07.28-15.54.46:421][  0]LogWindows: FPlatformMisc::RequestExitWithStatus(1, 3)
[2022.07.28-15.54.46:421][  0]LogCore: Engine exit requested (reason: Win RequestExit)
[2022.07.28-15.54.46:430][  0]Log file closed, 07/28/22 16:54:46
