Log file open, 10/23/22 16:19:29
LogWindows: Failed to load 'aqProf.dll' (GetLastError=126)
LogWindows: File 'aqProf.dll' does not exist
LogWindows: Failed to load 'VtuneApi.dll' (GetLastError=126)
LogWindows: File 'VtuneApi.dll' does not exist
LogWindows: Failed to load 'VtuneApi32e.dll' (GetLastError=126)
LogWindows: File 'VtuneApi32e.dll' does not exist
LogConsoleResponse: Display: Failed to find resolution value strings in scalability ini. Falling back to default.
LogConsoleResponse: Display: Failed to find resolution value strings in scalability ini. Falling back to default.
LogInit: Display: Running engine for game: fpsgame
LogPlatformFile: Not using cached read wrapper
LogTaskGraph: Started task graph with 5 named threads and 17 total threads with 3 sets of task threads.
LogStats: Stats thread started at 0.218116
LogICUInternationalization: ICU TimeZone Detection - Raw Offset: +0:00, Platform Override: ''
LogInit: Display: Loading text-based GConfig....
LogPluginManager: Mounting plugin MeshPainting
LogPluginManager: Mounting plugin XGEController
LogPluginManager: Mounting plugin Paper2D
LogPluginManager: Mounting plugin AISupport
LogPluginManager: Mounting plugin EnvironmentQueryEditor
LogPluginManager: Mounting plugin LiveLink
LogPluginManager: Mounting plugin LightPropagationVolume
LogPluginManager: Mounting plugin CameraShakePreviewer
LogPluginManager: Mounting plugin GameplayCameras
LogPluginManager: Mounting plugin OodleData
LogPluginManager: Mounting plugin OodleNetwork
LogPluginManager: Mounting plugin AnimationSharing
LogPluginManager: Mounting plugin CLionSourceCodeAccess
LogPluginManager: Mounting plugin CodeLiteSourceCodeAccess
LogPluginManager: Mounting plugin GitSourceControl
LogPluginManager: Mounting plugin KDevelopSourceCodeAccess
LogPluginManager: Mounting plugin NullSourceCodeAccess
LogPluginManager: Mounting plugin PerforceSourceControl
LogPluginManager: Mounting plugin PixWinPlugin
LogPluginManager: Mounting plugin PlasticSourceControl
LogPluginManager: Mounting plugin PluginUtils
LogPluginManager: Mounting plugin PropertyAccessNode
LogPluginManager: Mounting plugin RiderSourceCodeAccess
LogPluginManager: Mounting plugin SubversionSourceControl
LogPluginManager: Mounting plugin TextureFormatOodle
LogPluginManager: Mounting plugin UObjectPlugin
LogPluginManager: Mounting plugin VisualStudioCodeSourceCodeAccess
LogPluginManager: Mounting plugin VisualStudioSourceCodeAccess
LogPluginManager: Mounting plugin XCodeSourceCodeAccess
LogPluginManager: Mounting plugin AssetManagerEditor
LogPluginManager: Mounting plugin CryptoKeys
LogPluginManager: Mounting plugin CurveEditorTools
LogPluginManager: Mounting plugin DataValidation
LogPluginManager: Mounting plugin FacialAnimation
LogPluginManager: Mounting plugin GameplayTagsEditor
LogPluginManager: Mounting plugin GeometryMode
LogPluginManager: Mounting plugin MacGraphicsSwitching
LogPluginManager: Mounting plugin MaterialAnalyzer
LogPluginManager: Mounting plugin MobileLauncherProfileWizard
LogPluginManager: Mounting plugin PluginBrowser
LogPluginManager: Mounting plugin SpeedTreeImporter
LogPluginManager: Mounting plugin DatasmithContent
LogPluginManager: Mounting plugin VariantManagerContent
LogPluginManager: Mounting plugin AlembicImporter
LogPluginManager: Mounting plugin AutomationUtils
LogPluginManager: Mounting plugin BackChannel
LogPluginManager: Mounting plugin ChaosCloth
LogPluginManager: Mounting plugin ChaosClothEditor
LogPluginManager: Mounting plugin ChaosEditor
LogPluginManager: Mounting plugin ChaosNiagara
LogPluginManager: Mounting plugin ChaosSolverPlugin
LogPluginManager: Mounting plugin CharacterAI
LogPluginManager: Mounting plugin GeometryCache
LogPluginManager: Mounting plugin GeometryCollectionPlugin
LogPluginManager: Mounting plugin GeometryProcessing
LogPluginManager: Mounting plugin MotoSynth
LogPluginManager: Mounting plugin OpenImageDenoise
LogPluginManager: Mounting plugin PlanarCut
LogPluginManager: Mounting plugin PlatformCrypto
LogPluginManager: Mounting plugin ProxyLODPlugin
LogPluginManager: Mounting plugin PythonScriptPlugin
LogPluginManager: Mounting plugin SkeletalReduction
LogPluginManager: Mounting plugin Niagara
LogPluginManager: Mounting plugin LuminPlatformFeatures
LogPluginManager: Mounting plugin MagicLeap
LogPluginManager: Mounting plugin MagicLeapLightEstimation
LogPluginManager: Mounting plugin MagicLeapMedia
LogPluginManager: Mounting plugin MagicLeapPassableWorld
LogPluginManager: Mounting plugin MLSDK
LogPluginManager: Mounting plugin AndroidMedia
LogPluginManager: Mounting plugin AvfMedia
LogPluginManager: Mounting plugin ImgMedia
LogPluginManager: Mounting plugin MediaCompositing
LogPluginManager: Mounting plugin MediaPlayerEditor
LogPluginManager: Mounting plugin WebMMedia
LogPluginManager: Mounting plugin WmfMedia
LogPluginManager: Mounting plugin TcpMessaging
LogPluginManager: Mounting plugin UdpMessaging
LogPluginManager: Mounting plugin ActorSequence
LogPluginManager: Mounting plugin LevelSequenceEditor
LogPluginManager: Mounting plugin MatineeToLevelSequence
LogPluginManager: Mounting plugin TemplateSequence
LogPluginManager: Mounting plugin OnlineSubsystem
LogPluginManager: Mounting plugin OnlineSubsystemNull
LogPluginManager: Mounting plugin OnlineSubsystemUtils
LogPluginManager: Mounting plugin LauncherChunkInstaller
LogPluginManager: Mounting plugin ActorLayerUtilities
LogPluginManager: Mounting plugin AndroidDeviceProfileSelector
LogPluginManager: Mounting plugin AndroidMoviePlayer
LogPluginManager: Mounting plugin AndroidPermission
LogPluginManager: Mounting plugin AppleImageUtils
LogPluginManager: Mounting plugin AppleMoviePlayer
LogPluginManager: Mounting plugin ArchVisCharacter
LogPluginManager: Mounting plugin AssetTags
LogPluginManager: Mounting plugin AudioCapture
LogPluginManager: Mounting plugin AudioSynesthesia
LogPluginManager: Mounting plugin CableComponent
LogPluginManager: Mounting plugin ChunkDownloader
LogPluginManager: Mounting plugin CustomMeshComponent
LogPluginManager: Mounting plugin EditableMesh
LogPluginManager: Mounting plugin ExampleDeviceProfileSelector
LogPluginManager: Mounting plugin GoogleCloudMessaging
LogPluginManager: Mounting plugin GooglePAD
LogPluginManager: Mounting plugin IOSDeviceProfileSelector
LogPluginManager: Mounting plugin LinuxDeviceProfileSelector
LogPluginManager: Mounting plugin LocationServicesBPLibrary
LogPluginManager: Mounting plugin MobilePatchingUtils
LogPluginManager: Mounting plugin OpenXR
LogPluginManager: Mounting plugin OpenXREyeTracker
LogPluginManager: Mounting plugin OpenXRHandTracking
LogPluginManager: Mounting plugin PhysXVehicles
LogPluginManager: Mounting plugin PostSplashScreen
LogPluginManager: Mounting plugin ProceduralMeshComponent
LogPluginManager: Mounting plugin PropertyAccessEditor
LogPluginManager: Mounting plugin RuntimePhysXCooking
LogPluginManager: Mounting plugin SignificanceManager
LogPluginManager: Mounting plugin SoundFields
LogPluginManager: Mounting plugin Synthesis
LogPluginManager: Mounting plugin WebMMoviePlayer
LogPluginManager: Mounting plugin WindowsMoviePlayer
LogPluginManager: Mounting plugin ScreenshotTools
LogPluginManager: Mounting plugin Takes
LogPluginManager: Mounting plugin ContentBrowserAssetDataSource
LogPluginManager: Mounting plugin ContentBrowserClassDataSource
LogPluginManager: Mounting plugin ContentBrowserFileDataSource
LogPluginManager: Mounting plugin OnlineSubsystemGooglePlay
LogPluginManager: Mounting plugin OnlineSubsystemIOS
LogPluginManager: Mounting plugin OculusVR
LogPluginManager: Mounting plugin SteamVR
PixWinPlugin: PIX capture plugin failed to initialize! Check that the process is launched from PIX.
LogInit: Using libcurl 7.55.1-DEV
LogInit:  - built for x86_64-pc-win32
LogInit:  - supports SSL with OpenSSL/1.1.1
LogInit:  - supports HTTP deflate (compression) using libz 1.2.8
LogInit:  - other features:
LogInit:      CURL_VERSION_SSL
LogInit:      CURL_VERSION_LIBZ
LogInit:      CURL_VERSION_IPV6
LogInit:      CURL_VERSION_ASYNCHDNS
LogInit:      CURL_VERSION_LARGEFILE
LogInit:      CURL_VERSION_IDN
LogInit:  CurlRequestOptions (configurable via config and command line):
LogInit:  - bVerifyPeer = true  - Libcurl will verify peer certificate
LogInit:  - bUseHttpProxy = false  - Libcurl will NOT use HTTP proxy
LogInit:  - bDontReuseConnections = false  - Libcurl will reuse connections
LogInit:  - MaxHostConnections = 16  - Libcurl will limit the number of connections to a host
LogInit:  - LocalHostAddr = Default
LogInit:  - BufferSize = 65536
LogOnline: OSS: Creating online subsystem instance for: NULL
LogInit: WinSock: version 1.1 (2.2), MaxSocks=32767, MaxUdp=65467
LogOnline: OSS: TryLoadSubsystemAndSetDefault: Loaded subsystem for module [NULL]
LogInit: Build: ++UE4+Release-4.27-CL-18319896
LogInit: Engine Version: 4.27.2-18319896+++UE4+Release-4.27
LogInit: Compatible Engine Version: 4.27.0-17155196+++UE4+Release-4.27
LogInit: Net CL: 17155196
LogInit: OS: Windows 10 (Release 2009) (), CPU: AMD Ryzen 5 3600X 6-Core Processor             , GPU: AMD Radeon RX 5700 XT
LogInit: Compiled (64-bit): Nov 30 2021 07:12:08
LogInit: Compiled with Visual C++: 19.24.28315.00
LogInit: Build Configuration: Development
LogInit: Branch Name: ++UE4+Release-4.27
LogInit: Command Line:  /Game/Maps/TestMap -game -PIEVIACONSOLE -Multiprocess -server -log "GameUserSettingsINI=C:/Users/danie/Documents/Gamedev VR/game/UE4 game/fpsgame/Saved/Config/Windows/PIEGameUserSettings0.ini" -MultiprocessSaveConfig -forcepassthrough -messaging -SessionName="Play in Standalone Game" -port=17777 -PktLagMin=0 -PktLagMax=0 -PktLoss=0 -PktIncomingLagMin=0 -PktIncomingLagMax=0 -PktIncomingLoss=0 -windowed
LogInit: Base Directory: C:/Program Files/Epic Games/UE_4.27/Engine/Binaries/Win64/
LogInit: Allocator: TBB
LogInit: Installed Engine Build: 1
LogDevObjectVersion: Number of dev versions registered: 29
LogDevObjectVersion:   Dev-Blueprints (B0D832E4-1F89-4F0D-ACCF-7EB736FD4AA2): 10
LogDevObjectVersion:   Dev-Build (E1C64328-A22C-4D53-A36C-8E866417BD8C): 0
LogDevObjectVersion:   Dev-Core (375EC13C-06E4-48FB-B500-84F0262A717E): 4
LogDevObjectVersion:   Dev-Editor (E4B068ED-F494-42E9-A231-DA0B2E46BB41): 40
LogDevObjectVersion:   Dev-Framework (CFFC743F-43B0-4480-9391-14DF171D2073): 37
LogDevObjectVersion:   Dev-Mobile (B02B49B5-BB20-44E9-A304-32B752E40360): 3
LogDevObjectVersion:   Dev-Networking (A4E4105C-59A1-49B5-A7C5-40C4547EDFEE): 0
LogDevObjectVersion:   Dev-Online (39C831C9-5AE6-47DC-9A44-9C173E1C8E7C): 0
LogDevObjectVersion:   Dev-Physics (78F01B33-EBEA-4F98-B9B4-84EACCB95AA2): 14
LogDevObjectVersion:   Dev-Platform (6631380F-2D4D-43E0-8009-CF276956A95A): 0
LogDevObjectVersion:   Dev-Rendering (12F88B9F-8875-4AFC-A67C-D90C383ABD29): 45
LogDevObjectVersion:   Dev-Sequencer (7B5AE74C-D270-4C10-A958-57980B212A5A): 13
LogDevObjectVersion:   Dev-VR (D7296918-1DD6-4BDD-9DE2-64A83CC13884): 3
LogDevObjectVersion:   Dev-LoadTimes (C2A15278-BFE7-4AFE-6C17-90FF531DF755): 1
LogDevObjectVersion:   Private-Geometry (6EACA3D4-40EC-4CC1-B786-8BED09428FC5): 3
LogDevObjectVersion:   Dev-AnimPhys (29E575DD-E0A3-4627-9D10-D276232CDCEA): 17
LogDevObjectVersion:   Dev-Anim (AF43A65D-7FD3-4947-9873-3E8ED9C1BB05): 15
LogDevObjectVersion:   Dev-ReflectionCapture (6B266CEC-1EC7-4B8F-A30B-E4D90942FC07): 1
LogDevObjectVersion:   Dev-Automation (0DF73D61-A23F-47EA-B727-89E90C41499A): 1
LogDevObjectVersion:   FortniteMain (601D1886-AC64-4F84-AA16-D3DE0DEAC7D6): 47
LogDevObjectVersion:   FortniteRelease (E7086368-6B23-4C58-8439-1B7016265E91): 1
LogDevObjectVersion:   Dev-Enterprise (9DFFBCD6-494F-0158-E221-12823C92A888): 10
LogDevObjectVersion:   Dev-Niagara (F2AED0AC-9AFE-416F-8664-AA7FFA26D6FC): 1
LogDevObjectVersion:   Dev-Destruction (174F1F0B-B4C6-45A5-B13F-2EE8D0FB917D): 10
LogDevObjectVersion:   Dev-Physics-Ext (35F94A83-E258-406C-A318-09F59610247C): 41
LogDevObjectVersion:   Dev-PhysicsMaterial-Chaos (B68FC16E-8B1B-42E2-B453-215C058844FE): 1
LogDevObjectVersion:   Dev-CineCamera (B2E18506-4273-CFC2-A54E-F4BB758BBA07): 1
LogDevObjectVersion:   Dev-VirtualProduction (64F58936-FD1B-42BA-BA96-7289D5D0FA4E): 1
LogDevObjectVersion:   Dev-MediaFramework (6F0ED827-A609-4895-9C91-998D90180EA4): 2
LogInit: Presizing for max 25165824 objects, including 0 objects not considered by GC, pre-allocating 0 bytes for permanent pool.
LogConfig: Applying CVar settings from Section [/Script/Engine.StreamingSettings] File [C:/Users/danie/Documents/Gamedev VR/game/UE4 game/fpsgame/Saved/Config/Windows/Engine.ini]
LogConfig: Setting CVar [[s.MinBulkDataSizeForAsyncLoading:131072]]
LogConfig: Setting CVar [[s.AsyncLoadingThreadEnabled:0]]
LogConfig: Setting CVar [[s.EventDrivenLoaderEnabled:1]]
LogConfig: Setting CVar [[s.WarnIfTimeLimitExceeded:0]]
LogConfig: Setting CVar [[s.TimeLimitExceededMultiplier:1.5]]
LogConfig: Setting CVar [[s.TimeLimitExceededMinTime:0.005]]
LogConfig: Setting CVar [[s.UseBackgroundLevelStreaming:1]]
LogConfig: Setting CVar [[s.PriorityAsyncLoadingExtraTime:15.0]]
LogConfig: Setting CVar [[s.LevelStreamingActorsUpdateTimeLimit:5.0]]
LogConfig: Setting CVar [[s.PriorityLevelStreamingActorsUpdateExtraTime:5.0]]
LogConfig: Setting CVar [[s.LevelStreamingComponentsRegistrationGranularity:10]]
LogConfig: Setting CVar [[s.UnregisterComponentsTimeLimit:1.0]]
LogConfig: Setting CVar [[s.LevelStreamingComponentsUnregistrationGranularity:5]]
LogConfig: Setting CVar [[s.FlushStreamingOnExit:1]]
LogInit: Object subsystem initialized
LogConfig: Setting CVar [[con.DebugEarlyDefault:1]]
LogConfig: Setting CVar [[r.setres:1280x720]]
[2022.10.23-15.19.30:468][  0]LogConfig: Setting CVar [[con.DebugEarlyDefault:1]]
[2022.10.23-15.19.30:469][  0]LogConfig: Setting CVar [[r.setres:1280x720]]
[2022.10.23-15.19.30:471][  0]LogConfig: Applying CVar settings from Section [/Script/Engine.RendererSettings] File [C:/Users/danie/Documents/Gamedev VR/game/UE4 game/fpsgame/Saved/Config/Windows/Engine.ini]
[2022.10.23-15.19.30:471][  0]LogConfig: Setting CVar [[r.GPUCrashDebugging:0]]
[2022.10.23-15.19.30:471][  0]LogConfig: Setting CVar [[r.Mobile.DisableVertexFog:1]]
[2022.10.23-15.19.30:472][  0]LogConfig: Setting CVar [[r.Shadow.CSM.MaxMobileCascades:2]]
[2022.10.23-15.19.30:472][  0]LogConfig: Setting CVar [[r.MobileMSAA:1]]
[2022.10.23-15.19.30:472][  0]LogConfig: Setting CVar [[r.Mobile.AllowDitheredLODTransition:0]]
[2022.10.23-15.19.30:473][  0]LogConfig: Setting CVar [[r.Mobile.AllowSoftwareOcclusion:0]]
[2022.10.23-15.19.30:473][  0]LogConfig: Setting CVar [[r.Mobile.VirtualTextures:0]]
[2022.10.23-15.19.30:473][  0]LogConfig: Setting CVar [[r.DiscardUnusedQuality:0]]
[2022.10.23-15.19.30:474][  0]LogConfig: Setting CVar [[r.AllowOcclusionQueries:1]]
[2022.10.23-15.19.30:474][  0]LogConfig: Setting CVar [[r.MinScreenRadiusForLights:0.030000]]
[2022.10.23-15.19.30:474][  0]LogConfig: Setting CVar [[r.MinScreenRadiusForDepthPrepass:0.030000]]
[2022.10.23-15.19.30:474][  0]LogConfig: Setting CVar [[r.MinScreenRadiusForCSMDepth:0.010000]]
[2022.10.23-15.19.30:475][  0]LogConfig: Setting CVar [[r.PrecomputedVisibilityWarning:0]]
[2022.10.23-15.19.30:475][  0]LogConfig: Setting CVar [[r.TextureStreaming:1]]
[2022.10.23-15.19.30:475][  0]LogConfig: Setting CVar [[Compat.UseDXT5NormalMaps:0]]
[2022.10.23-15.19.30:475][  0]LogConfig: Setting CVar [[r.VirtualTextures:0]]
[2022.10.23-15.19.30:476][  0]LogConfig: Setting CVar [[r.VT.EnableAutoImport:1]]
[2022.10.23-15.19.30:476][  0]LogConfig: Setting CVar [[r.VirtualTexturedLightmaps:0]]
[2022.10.23-15.19.30:476][  0]LogConfig: Setting CVar [[r.VT.TileSize:128]]
[2022.10.23-15.19.30:476][  0]LogConfig: Setting CVar [[r.VT.TileBorderSize:4]]
[2022.10.23-15.19.30:477][  0]LogConfig: Setting CVar [[r.vt.FeedbackFactor:16]]
[2022.10.23-15.19.30:477][  0]LogConfig: Setting CVar [[r.VT.EnableCompressZlib:1]]
[2022.10.23-15.19.30:477][  0]LogConfig: Setting CVar [[r.VT.EnableCompressCrunch:0]]
[2022.10.23-15.19.30:477][  0]LogConfig: Setting CVar [[r.ClearCoatNormal:0]]
[2022.10.23-15.19.30:478][  0]LogConfig: Setting CVar [[r.ReflectionCaptureResolution:128]]
[2022.10.23-15.19.30:478][  0]LogConfig: Setting CVar [[r.Mobile.ReflectionCaptureCompression:0]]
[2022.10.23-15.19.30:478][  0]LogConfig: Setting CVar [[r.ReflectionEnvironmentLightmapMixBasedOnRoughness:1]]
[2022.10.23-15.19.30:478][  0]LogConfig: Setting CVar [[r.ForwardShading:0]]
[2022.10.23-15.19.30:479][  0]LogConfig: Setting CVar [[r.VertexFoggingForOpaque:1]]
[2022.10.23-15.19.30:479][  0]LogConfig: Setting CVar [[r.AllowStaticLighting:1]]
[2022.10.23-15.19.30:479][  0]LogConfig: Setting CVar [[r.NormalMapsForStaticLighting:0]]
[2022.10.23-15.19.30:480][  0]LogConfig: Setting CVar [[r.GenerateMeshDistanceFields:0]]
[2022.10.23-15.19.30:480][  0]LogConfig: Setting CVar [[r.DistanceFieldBuild.EightBit:0]]
[2022.10.23-15.19.30:480][  0]LogConfig: Setting CVar [[r.GenerateLandscapeGIData:0]]
[2022.10.23-15.19.30:480][  0]LogConfig: Setting CVar [[r.DistanceFieldBuild.Compress:0]]
[2022.10.23-15.19.30:480][  0]LogConfig: Setting CVar [[r.TessellationAdaptivePixelsPerTriangle:48.000000]]
[2022.10.23-15.19.30:481][  0]LogConfig: Setting CVar [[r.SeparateTranslucency:1]]
[2022.10.23-15.19.30:481][  0]LogConfig: Setting CVar [[r.TranslucentSortPolicy:0]]
[2022.10.23-15.19.30:481][  0]LogConfig: Setting CVar [[vr.VRS.HMDFixedFoveationLevel:0]]
[2022.10.23-15.19.30:481][  0]LogConfig: Setting CVar [[r.CustomDepth:1]]
[2022.10.23-15.19.30:482][  0]LogConfig: Setting CVar [[r.CustomDepthTemporalAAJitter:1]]
[2022.10.23-15.19.30:482][  0]LogConfig: Setting CVar [[r.PostProcessing.PropagateAlpha:0]]
[2022.10.23-15.19.30:482][  0]LogConfig: Setting CVar [[r.DefaultFeature.Bloom:1]]
[2022.10.23-15.19.30:482][  0]LogConfig: Setting CVar [[r.DefaultFeature.AmbientOcclusion:1]]
[2022.10.23-15.19.30:483][  0]LogConfig: Setting CVar [[r.DefaultFeature.AmbientOcclusionStaticFraction:1]]
[2022.10.23-15.19.30:483][  0]LogConfig: Setting CVar [[r.DefaultFeature.AutoExposure:0]]
[2022.10.23-15.19.30:483][  0]LogConfig: Setting CVar [[r.DefaultFeature.AutoExposure.Method:0]]
[2022.10.23-15.19.30:483][  0]LogConfig: Setting CVar [[r.DefaultFeature.AutoExposure.Bias:1.000000]]
[2022.10.23-15.19.30:484][  0]LogConfig: Setting CVar [[r.DefaultFeature.AutoExposure.ExtendDefaultLuminanceRange:0]]
[2022.10.23-15.19.30:484][  0]LogConfig: Setting CVar [[r.UsePreExposure:1]]
[2022.10.23-15.19.30:484][  0]LogConfig: Setting CVar [[r.EyeAdaptation.EditorOnly:0]]
[2022.10.23-15.19.30:487][  0]LogConfig: Setting CVar [[r.DefaultFeature.MotionBlur:0]]
[2022.10.23-15.19.30:487][  0]LogConfig: Setting CVar [[r.DefaultFeature.LensFlare:0]]
[2022.10.23-15.19.30:488][  0]LogConfig: Setting CVar [[r.TemporalAA.Upsampling:0]]
[2022.10.23-15.19.30:489][  0]LogConfig: Setting CVar [[r.SSGI.Enable:0]]
[2022.10.23-15.19.30:489][  0]LogConfig: Setting CVar [[r.DefaultFeature.AntiAliasing:0]]
[2022.10.23-15.19.30:490][  0]LogConfig: Setting CVar [[r.DefaultFeature.LightUnits:1]]
[2022.10.23-15.19.30:490][  0]LogConfig: Setting CVar [[r.DefaultBackBufferPixelFormat:4]]
[2022.10.23-15.19.30:490][  0]LogConfig: Setting CVar [[r.Shadow.UnbuiltPreviewInGame:1]]
[2022.10.23-15.19.30:491][  0]LogConfig: Setting CVar [[r.StencilForLODDither:0]]
[2022.10.23-15.19.30:491][  0]LogConfig: Setting CVar [[r.EarlyZPass:3]]
[2022.10.23-15.19.30:491][  0]LogConfig: Setting CVar [[r.EarlyZPassOnlyMaterialMasking:0]]
[2022.10.23-15.19.30:491][  0]LogConfig: Setting CVar [[r.DBuffer:1]]
[2022.10.23-15.19.30:492][  0]LogConfig: Setting CVar [[r.ClearSceneMethod:1]]
[2022.10.23-15.19.30:492][  0]LogConfig: Setting CVar [[r.BasePassOutputsVelocity:0]]
[2022.10.23-15.19.30:492][  0]LogConfig: Setting CVar [[r.VertexDeformationOutputsVelocity:0]]
[2022.10.23-15.19.30:492][  0]LogConfig: Setting CVar [[r.SelectiveBasePassOutputs:0]]
[2022.10.23-15.19.30:493][  0]LogConfig: Setting CVar [[fx.GPUSimulationTextureSizeX:1024]]
[2022.10.23-15.19.30:493][  0]LogConfig: Setting CVar [[fx.GPUSimulationTextureSizeY:1024]]
[2022.10.23-15.19.30:493][  0]LogConfig: Setting CVar [[r.AllowGlobalClipPlane:0]]
[2022.10.23-15.19.30:493][  0]LogConfig: Setting CVar [[r.GBufferFormat:1]]
[2022.10.23-15.19.30:494][  0]LogConfig: Setting CVar [[r.MorphTarget.Mode:1]]
[2022.10.23-15.19.30:494][  0]LogConfig: Setting CVar [[vr.InstancedStereo:0]]
[2022.10.23-15.19.30:494][  0]LogConfig: Setting CVar [[r.MobileHDR:1]]
[2022.10.23-15.19.30:494][  0]LogConfig: Setting CVar [[vr.MobileMultiView:0]]
[2022.10.23-15.19.30:495][  0]LogConfig: Setting CVar [[r.Mobile.UseHWsRGBEncoding:0]]
[2022.10.23-15.19.30:495][  0]LogConfig: Setting CVar [[vr.RoundRobinOcclusion:0]]
[2022.10.23-15.19.30:495][  0]LogConfig: Setting CVar [[vr.ODSCapture:0]]
[2022.10.23-15.19.30:495][  0]LogConfig: Setting CVar [[r.MeshStreaming:0]]
[2022.10.23-15.19.30:496][  0]LogConfig: Setting CVar [[r.WireframeCullThreshold:5.000000]]
[2022.10.23-15.19.30:496][  0]LogConfig: Setting CVar [[r.RayTracing:0]]
[2022.10.23-15.19.30:496][  0]LogConfig: Setting CVar [[r.RayTracing.UseTextureLod:0]]
[2022.10.23-15.19.30:496][  0]LogConfig: Setting CVar [[r.SupportStationarySkylight:1]]
[2022.10.23-15.19.30:497][  0]LogConfig: Setting CVar [[r.SupportLowQualityLightmaps:1]]
[2022.10.23-15.19.30:497][  0]LogConfig: Setting CVar [[r.SupportPointLightWholeSceneShadows:1]]
[2022.10.23-15.19.30:497][  0]LogConfig: Setting CVar [[r.SupportAtmosphericFog:1]]
[2022.10.23-15.19.30:497][  0]LogConfig: Setting CVar [[r.SupportSkyAtmosphere:1]]
[2022.10.23-15.19.30:498][  0]LogConfig: Setting CVar [[r.SupportSkyAtmosphereAffectsHeightFog:0]]
[2022.10.23-15.19.30:498][  0]LogConfig: Setting CVar [[r.SkinCache.CompileShaders:0]]
[2022.10.23-15.19.30:498][  0]LogConfig: Setting CVar [[r.SkinCache.DefaultBehavior:1]]
[2022.10.23-15.19.30:498][  0]LogConfig: Setting CVar [[r.SkinCache.SceneMemoryLimitInMB:128.000000]]
[2022.10.23-15.19.30:499][  0]LogConfig: Setting CVar [[r.Mobile.EnableStaticAndCSMShadowReceivers:1]]
[2022.10.23-15.19.30:499][  0]LogConfig: Setting CVar [[r.Mobile.EnableMovableLightCSMShaderCulling:1]]
[2022.10.23-15.19.30:499][  0]LogConfig: Setting CVar [[r.Mobile.AllowDistanceFieldShadows:1]]
[2022.10.23-15.19.30:500][  0]LogConfig: Setting CVar [[r.Mobile.AllowMovableDirectionalLights:1]]
[2022.10.23-15.19.30:500][  0]LogConfig: Setting CVar [[r.MobileNumDynamicPointLights:4]]
[2022.10.23-15.19.30:500][  0]LogConfig: Setting CVar [[r.MobileDynamicPointLightsUseStaticBranch:1]]
[2022.10.23-15.19.30:500][  0]LogConfig: Setting CVar [[r.Mobile.EnableMovableSpotlights:0]]
[2022.10.23-15.19.30:501][  0]LogConfig: Setting CVar [[r.Mobile.EnableMovableSpotlightsShadow:0]]
[2022.10.23-15.19.30:503][  0]LogConfig: Setting CVar [[r.GPUSkin.Support16BitBoneIndex:0]]
[2022.10.23-15.19.30:503][  0]LogConfig: Setting CVar [[r.GPUSkin.Limit2BoneInfluences:0]]
[2022.10.23-15.19.30:503][  0]LogConfig: Setting CVar [[r.SupportDepthOnlyIndexBuffers:1]]
[2022.10.23-15.19.30:503][  0]LogConfig: Setting CVar [[r.SupportReversedIndexBuffers:1]]
[2022.10.23-15.19.30:504][  0]LogConfig: Setting CVar [[r.LightPropagationVolume:0]]
[2022.10.23-15.19.30:504][  0]LogConfig: Setting CVar [[r.Mobile.AmbientOcclusion:0]]
[2022.10.23-15.19.30:504][  0]LogConfig: Setting CVar [[r.GPUSkin.UnlimitedBoneInfluences:0]]
[2022.10.23-15.19.30:504][  0]LogConfig: Setting CVar [[r.GPUSkin.UnlimitedBoneInfluencesThreshold:8]]
[2022.10.23-15.19.30:505][  0]LogConfig: Setting CVar [[r.Mobile.PlanarReflectionMode:0]]
[2022.10.23-15.19.30:505][  0]LogConfig: Setting CVar [[r.Mobile.SupportsGen4TAA:0]]
[2022.10.23-15.19.30:505][  0]LogConfig: Applying CVar settings from Section [/Script/Engine.RendererOverrideSettings] File [C:/Users/danie/Documents/Gamedev VR/game/UE4 game/fpsgame/Saved/Config/Windows/Engine.ini]
[2022.10.23-15.19.30:506][  0]LogConfig: Applying CVar settings from Section [/Script/Engine.StreamingSettings] File [C:/Users/danie/Documents/Gamedev VR/game/UE4 game/fpsgame/Saved/Config/Windows/Engine.ini]
[2022.10.23-15.19.30:506][  0]LogConfig: Setting CVar [[s.MinBulkDataSizeForAsyncLoading:131072]]
[2022.10.23-15.19.30:506][  0]LogConfig: Setting CVar [[s.AsyncLoadingThreadEnabled:0]]
[2022.10.23-15.19.30:506][  0]LogConfig: Setting CVar [[s.EventDrivenLoaderEnabled:1]]
[2022.10.23-15.19.30:507][  0]LogConfig: Setting CVar [[s.WarnIfTimeLimitExceeded:0]]
[2022.10.23-15.19.30:507][  0]LogConfig: Setting CVar [[s.TimeLimitExceededMultiplier:1.5]]
[2022.10.23-15.19.30:507][  0]LogConfig: Setting CVar [[s.TimeLimitExceededMinTime:0.005]]
[2022.10.23-15.19.30:507][  0]LogConfig: Setting CVar [[s.UseBackgroundLevelStreaming:1]]
[2022.10.23-15.19.30:508][  0]LogConfig: Setting CVar [[s.PriorityAsyncLoadingExtraTime:15.0]]
[2022.10.23-15.19.30:508][  0]LogConfig: Setting CVar [[s.LevelStreamingActorsUpdateTimeLimit:5.0]]
[2022.10.23-15.19.30:508][  0]LogConfig: Setting CVar [[s.PriorityLevelStreamingActorsUpdateExtraTime:5.0]]
[2022.10.23-15.19.30:508][  0]LogConfig: Setting CVar [[s.LevelStreamingComponentsRegistrationGranularity:10]]
[2022.10.23-15.19.30:509][  0]LogConfig: Setting CVar [[s.UnregisterComponentsTimeLimit:1.0]]
[2022.10.23-15.19.30:509][  0]LogConfig: Setting CVar [[s.LevelStreamingComponentsUnregistrationGranularity:5]]
[2022.10.23-15.19.30:509][  0]LogConfig: Setting CVar [[s.FlushStreamingOnExit:1]]
[2022.10.23-15.19.30:509][  0]LogConfig: Applying CVar settings from Section [/Script/Engine.GarbageCollectionSettings] File [C:/Users/danie/Documents/Gamedev VR/game/UE4 game/fpsgame/Saved/Config/Windows/Engine.ini]
[2022.10.23-15.19.30:510][  0]LogConfig: Setting CVar [[gc.MaxObjectsNotConsideredByGC:1]]
[2022.10.23-15.19.30:510][  0]LogConfig: Setting CVar [[gc.SizeOfPermanentObjectPool:0]]
[2022.10.23-15.19.30:510][  0]LogConfig: Setting CVar [[gc.FlushStreamingOnGC:0]]
[2022.10.23-15.19.30:510][  0]LogConfig: Setting CVar [[gc.NumRetriesBeforeForcingGC:10]]
[2022.10.23-15.19.30:511][  0]LogConfig: Setting CVar [[gc.AllowParallelGC:1]]
[2022.10.23-15.19.30:511][  0]LogConfig: Setting CVar [[gc.TimeBetweenPurgingPendingKillObjects:61.1]]
[2022.10.23-15.19.30:511][  0]LogConfig: Setting CVar [[gc.MaxObjectsInEditor:25165824]]
[2022.10.23-15.19.30:512][  0]LogConfig: Setting CVar [[gc.IncrementalBeginDestroyEnabled:1]]
[2022.10.23-15.19.30:512][  0]LogConfig: Setting CVar [[gc.CreateGCClusters:1]]
[2022.10.23-15.19.30:512][  0]LogConfig: Setting CVar [[gc.MinGCClusterSize:5]]
[2022.10.23-15.19.30:512][  0]LogConfig: Setting CVar [[gc.ActorClusteringEnabled:0]]
[2022.10.23-15.19.30:513][  0]LogConfig: Setting CVar [[gc.BlueprintClusteringEnabled:0]]
[2022.10.23-15.19.30:513][  0]LogConfig: Setting CVar [[gc.UseDisregardForGCOnDedicatedServers:0]]
[2022.10.23-15.19.30:513][  0]LogConfig: Setting CVar [[gc.MultithreadedDestructionEnabled:1]]
[2022.10.23-15.19.30:513][  0]LogConfig: Applying CVar settings from Section [/Script/Engine.NetworkSettings] File [C:/Users/danie/Documents/Gamedev VR/game/UE4 game/fpsgame/Saved/Config/Windows/Engine.ini]
[2022.10.23-15.19.30:514][  0]LogConfig: Applying CVar settings from Section [/Script/UnrealEd.CookerSettings] File [C:/Users/danie/Documents/Gamedev VR/game/UE4 game/fpsgame/Saved/Config/Windows/Engine.ini]
[2022.10.23-15.19.30:514][  0]LogConfig: Applying CVar settings from Section [ViewDistanceQuality@3] File [C:/Users/danie/Documents/Gamedev VR/game/UE4 game/fpsgame/Saved/Config/Windows/Scalability.ini]
[2022.10.23-15.19.30:514][  0]LogConfig: Setting CVar [[r.SkeletalMeshLODBias:0]]
[2022.10.23-15.19.30:514][  0]LogConfig: Setting CVar [[r.ViewDistanceScale:1.0]]
[2022.10.23-15.19.30:515][  0]LogConfig: Applying CVar settings from Section [AntiAliasingQuality@3] File [C:/Users/danie/Documents/Gamedev VR/game/UE4 game/fpsgame/Saved/Config/Windows/Scalability.ini]
[2022.10.23-15.19.30:515][  0]LogConfig: Setting CVar [[r.PostProcessAAQuality:4]]
[2022.10.23-15.19.30:515][  0]LogConfig: Applying CVar settings from Section [ShadowQuality@3] File [C:/Users/danie/Documents/Gamedev VR/game/UE4 game/fpsgame/Saved/Config/Windows/Scalability.ini]
[2022.10.23-15.19.30:515][  0]LogConfig: Setting CVar [[r.LightFunctionQuality:1]]
[2022.10.23-15.19.30:516][  0]LogConfig: Setting CVar [[r.ShadowQuality:5]]
[2022.10.23-15.19.30:516][  0]LogConfig: Setting CVar [[r.Shadow.CSM.MaxCascades:10]]
[2022.10.23-15.19.30:516][  0]LogConfig: Setting CVar [[r.Shadow.MaxResolution:2048]]
[2022.10.23-15.19.30:516][  0]LogConfig: Setting CVar [[r.Shadow.MaxCSMResolution:2048]]
[2022.10.23-15.19.30:517][  0]LogConfig: Setting CVar [[r.Shadow.RadiusThreshold:0.01]]
[2022.10.23-15.19.30:519][  0]LogConfig: Setting CVar [[r.Shadow.DistanceScale:1.0]]
[2022.10.23-15.19.30:520][  0]LogConfig: Setting CVar [[r.Shadow.CSM.TransitionScale:1.0]]
[2022.10.23-15.19.30:520][  0]LogConfig: Setting CVar [[r.Shadow.PreShadowResolutionFactor:1.0]]
[2022.10.23-15.19.30:520][  0]LogConfig: Setting CVar [[r.DistanceFieldShadowing:1]]
[2022.10.23-15.19.30:520][  0]LogConfig: Setting CVar [[r.DistanceFieldAO:1]]
[2022.10.23-15.19.30:521][  0]LogConfig: Setting CVar [[r.AOQuality:2]]
[2022.10.23-15.19.30:521][  0]LogConfig: Setting CVar [[r.VolumetricFog:1]]
[2022.10.23-15.19.30:522][  0]LogConfig: Setting CVar [[r.VolumetricFog.GridPixelSize:8]]
[2022.10.23-15.19.30:522][  0]LogConfig: Setting CVar [[r.VolumetricFog.GridSizeZ:128]]
[2022.10.23-15.19.30:522][  0]LogConfig: Setting CVar [[r.VolumetricFog.HistoryMissSupersampleCount:4]]
[2022.10.23-15.19.30:522][  0]LogConfig: Setting CVar [[r.LightMaxDrawDistanceScale:1]]
[2022.10.23-15.19.30:523][  0]LogConfig: Setting CVar [[r.CapsuleShadows:1]]
[2022.10.23-15.19.30:523][  0]LogConfig: Applying CVar settings from Section [PostProcessQuality@3] File [C:/Users/danie/Documents/Gamedev VR/game/UE4 game/fpsgame/Saved/Config/Windows/Scalability.ini]
[2022.10.23-15.19.30:523][  0]LogConfig: Setting CVar [[r.MotionBlurQuality:4]]
[2022.10.23-15.19.30:524][  0]LogConfig: Setting CVar [[r.AmbientOcclusionMipLevelFactor:0.4]]
[2022.10.23-15.19.30:524][  0]LogConfig: Setting CVar [[r.AmbientOcclusionMaxQuality:100]]
[2022.10.23-15.19.30:524][  0]LogConfig: Setting CVar [[r.AmbientOcclusionLevels:-1]]
[2022.10.23-15.19.30:524][  0]LogConfig: Setting CVar [[r.AmbientOcclusionRadiusScale:1.0]]
[2022.10.23-15.19.30:525][  0]LogConfig: Setting CVar [[r.DepthOfFieldQuality:2]]
[2022.10.23-15.19.30:525][  0]LogConfig: Setting CVar [[r.RenderTargetPoolMin:400]]
[2022.10.23-15.19.30:525][  0]LogConfig: Setting CVar [[r.LensFlareQuality:2]]
[2022.10.23-15.19.30:525][  0]LogConfig: Setting CVar [[r.SceneColorFringeQuality:1]]
[2022.10.23-15.19.30:526][  0]LogConfig: Setting CVar [[r.EyeAdaptationQuality:2]]
[2022.10.23-15.19.30:526][  0]LogConfig: Setting CVar [[r.BloomQuality:5]]
[2022.10.23-15.19.30:526][  0]LogConfig: Setting CVar [[r.FastBlurThreshold:100]]
[2022.10.23-15.19.30:527][  0]LogConfig: Setting CVar [[r.Upscale.Quality:3]]
[2022.10.23-15.19.30:527][  0]LogConfig: Setting CVar [[r.Tonemapper.GrainQuantization:1]]
[2022.10.23-15.19.30:527][  0]LogConfig: Setting CVar [[r.LightShaftQuality:1]]
[2022.10.23-15.19.30:527][  0]LogConfig: Setting CVar [[r.Filter.SizeScale:1]]
[2022.10.23-15.19.30:528][  0]LogConfig: Setting CVar [[r.Tonemapper.Quality:5]]
[2022.10.23-15.19.30:528][  0]LogConfig: Setting CVar [[r.DOF.Gather.AccumulatorQuality:1        ; higher gathering accumulator quality]]
[2022.10.23-15.19.30:528][  0]LogConfig: Setting CVar [[r.DOF.Gather.PostfilterMethod:1          ; Median3x3 postfilering method]]
[2022.10.23-15.19.30:528][  0]LogConfig: Setting CVar [[r.DOF.Gather.EnableBokehSettings:0       ; no bokeh simulation when gathering]]
[2022.10.23-15.19.30:529][  0]LogConfig: Setting CVar [[r.DOF.Gather.RingCount:4                 ; medium number of samples when gathering]]
[2022.10.23-15.19.30:529][  0]LogConfig: Setting CVar [[r.DOF.Scatter.ForegroundCompositing:1    ; additive foreground scattering]]
[2022.10.23-15.19.30:529][  0]LogConfig: Setting CVar [[r.DOF.Scatter.BackgroundCompositing:2    ; additive background scattering]]
[2022.10.23-15.19.30:529][  0]LogConfig: Setting CVar [[r.DOF.Scatter.EnableBokehSettings:1      ; bokeh simulation when scattering]]
[2022.10.23-15.19.30:530][  0]LogConfig: Setting CVar [[r.DOF.Scatter.MaxSpriteRatio:0.1         ; only a maximum of 10% of scattered bokeh]]
[2022.10.23-15.19.30:530][  0]LogConfig: Setting CVar [[r.DOF.Recombine.Quality:1                ; cheap slight out of focus]]
[2022.10.23-15.19.30:530][  0]LogConfig: Setting CVar [[r.DOF.Recombine.EnableBokehSettings:0    ; no bokeh simulation on slight out of focus]]
[2022.10.23-15.19.30:530][  0]LogConfig: Setting CVar [[r.DOF.TemporalAAQuality:1                ; more stable temporal accumulation]]
[2022.10.23-15.19.30:531][  0]LogConfig: Setting CVar [[r.DOF.Kernel.MaxForegroundRadius:0.025]]
[2022.10.23-15.19.30:531][  0]LogConfig: Setting CVar [[r.DOF.Kernel.MaxBackgroundRadius:0.025]]
[2022.10.23-15.19.30:531][  0]LogConfig: Applying CVar settings from Section [TextureQuality@3] File [C:/Users/danie/Documents/Gamedev VR/game/UE4 game/fpsgame/Saved/Config/Windows/Scalability.ini]
[2022.10.23-15.19.30:531][  0]LogConfig: Setting CVar [[r.Streaming.MipBias:0]]
[2022.10.23-15.19.30:532][  0]LogConfig: Setting CVar [[r.Streaming.AmortizeCPUToGPUCopy:0]]
[2022.10.23-15.19.30:532][  0]LogConfig: Setting CVar [[r.Streaming.MaxNumTexturesToStreamPerFrame:0]]
[2022.10.23-15.19.30:532][  0]LogConfig: Setting CVar [[r.Streaming.Boost:1]]
[2022.10.23-15.19.30:532][  0]LogConfig: Setting CVar [[r.MaxAnisotropy:8]]
[2022.10.23-15.19.30:533][  0]LogConfig: Setting CVar [[r.VT.MaxAnisotropy:8]]
[2022.10.23-15.19.30:535][  0]LogConfig: Setting CVar [[r.Streaming.LimitPoolSizeToVRAM:0]]
[2022.10.23-15.19.30:535][  0]LogConfig: Setting CVar [[r.Streaming.PoolSize:1000]]
[2022.10.23-15.19.30:535][  0]LogConfig: Setting CVar [[r.Streaming.MaxEffectiveScreenSize:0]]
[2022.10.23-15.19.30:535][  0]LogConfig: Applying CVar settings from Section [EffectsQuality@3] File [C:/Users/danie/Documents/Gamedev VR/game/UE4 game/fpsgame/Saved/Config/Windows/Scalability.ini]
[2022.10.23-15.19.30:536][  0]LogConfig: Setting CVar [[r.TranslucencyLightingVolumeDim:64]]
[2022.10.23-15.19.30:536][  0]LogConfig: Setting CVar [[r.RefractionQuality:2]]
[2022.10.23-15.19.30:536][  0]LogConfig: Setting CVar [[r.SSR.Quality:3]]
[2022.10.23-15.19.30:537][  0]LogConfig: Setting CVar [[r.SSR.HalfResSceneColor:0]]
[2022.10.23-15.19.30:537][  0]LogConfig: Setting CVar [[r.SceneColorFormat:4]]
[2022.10.23-15.19.30:537][  0]LogConfig: Setting CVar [[r.DetailMode:2]]
[2022.10.23-15.19.30:537][  0]LogConfig: Setting CVar [[r.TranslucencyVolumeBlur:1]]
[2022.10.23-15.19.30:538][  0]LogConfig: Setting CVar [[r.MaterialQualityLevel:1 ; High quality]]
[2022.10.23-15.19.30:538][  0]LogConfig: Setting CVar [[r.AnisotropicMaterials:1]]
[2022.10.23-15.19.30:539][  0]LogConfig: Setting CVar [[r.SSS.Scale:1]]
[2022.10.23-15.19.30:539][  0]LogConfig: Setting CVar [[r.SSS.SampleSet:2]]
[2022.10.23-15.19.30:539][  0]LogConfig: Setting CVar [[r.SSS.Quality:1]]
[2022.10.23-15.19.30:539][  0]LogConfig: Setting CVar [[r.SSS.HalfRes:0]]
[2022.10.23-15.19.30:540][  0]LogConfig: Setting CVar [[r.SSGI.Quality:3]]
[2022.10.23-15.19.30:540][  0]LogConfig: Setting CVar [[r.EmitterSpawnRateScale:1.0]]
[2022.10.23-15.19.30:540][  0]LogConfig: Setting CVar [[r.ParticleLightQuality:2]]
[2022.10.23-15.19.30:540][  0]LogConfig: Setting CVar [[r.SkyAtmosphere.AerialPerspectiveLUT.FastApplyOnOpaque:1 ; Always have FastSkyLUT 1 in this case to avoid wrong sky]]
[2022.10.23-15.19.30:541][  0]LogConfig: Setting CVar [[r.SkyAtmosphere.AerialPerspectiveLUT.SampleCountMaxPerSlice:4]]
[2022.10.23-15.19.30:541][  0]LogConfig: Setting CVar [[r.SkyAtmosphere.AerialPerspectiveLUT.DepthResolution:16.0]]
[2022.10.23-15.19.30:541][  0]LogConfig: Setting CVar [[r.SkyAtmosphere.FastSkyLUT:1]]
[2022.10.23-15.19.30:541][  0]LogConfig: Setting CVar [[r.SkyAtmosphere.FastSkyLUT.SampleCountMin:4.0]]
[2022.10.23-15.19.30:542][  0]LogConfig: Setting CVar [[r.SkyAtmosphere.FastSkyLUT.SampleCountMax:128.0]]
[2022.10.23-15.19.30:542][  0]LogConfig: Setting CVar [[r.SkyAtmosphere.SampleCountMin:4.0]]
[2022.10.23-15.19.30:542][  0]LogConfig: Setting CVar [[r.SkyAtmosphere.SampleCountMax:128.0]]
[2022.10.23-15.19.30:542][  0]LogConfig: Setting CVar [[r.SkyAtmosphere.TransmittanceLUT.UseSmallFormat:0]]
[2022.10.23-15.19.30:543][  0]LogConfig: Setting CVar [[r.SkyAtmosphere.TransmittanceLUT.SampleCount:10.0]]
[2022.10.23-15.19.30:543][  0]LogConfig: Setting CVar [[r.SkyAtmosphere.MultiScatteringLUT.SampleCount:15.0]]
[2022.10.23-15.19.30:543][  0]LogConfig: Setting CVar [[r.SkyLight.RealTimeReflectionCapture:1]]
[2022.10.23-15.19.30:543][  0]LogConfig: Applying CVar settings from Section [FoliageQuality@3] File [C:/Users/danie/Documents/Gamedev VR/game/UE4 game/fpsgame/Saved/Config/Windows/Scalability.ini]
[2022.10.23-15.19.30:544][  0]LogConfig: Setting CVar [[foliage.DensityScale:1.0]]
[2022.10.23-15.19.30:544][  0]LogConfig: Setting CVar [[grass.DensityScale:1.0]]
[2022.10.23-15.19.30:544][  0]LogConfig: Applying CVar settings from Section [ShadingQuality@3] File [C:/Users/danie/Documents/Gamedev VR/game/UE4 game/fpsgame/Saved/Config/Windows/Scalability.ini]
[2022.10.23-15.19.30:544][  0]LogConfig: Setting CVar [[r.HairStrands.SkyLighting.IntegrationType:2]]
[2022.10.23-15.19.30:545][  0]LogConfig: Setting CVar [[r.HairStrands.SkyAO.SampleCount:4]]
[2022.10.23-15.19.30:545][  0]LogConfig: Setting CVar [[r.HairStrands.Visibility.MSAA.SamplePerPixel:4]]
[2022.10.23-15.19.30:545][  0]LogInit: Selected Device Profile: [Windows]
[2022.10.23-15.19.30:546][  0]LogInit: Applying CVar settings loaded from the selected device profile: [Windows]
[2022.10.23-15.19.30:546][  0]LogHAL: Display: Platform has ~ 16 GB [17128247296 / 17179869184 / 16], which maps to Larger [LargestMinGB=32, LargerMinGB=12, DefaultMinGB=8, SmallerMinGB=6, SmallestMinGB=0)
[2022.10.23-15.19.30:546][  0]LogInit: Going up to parent DeviceProfile []
[2022.10.23-15.19.30:546][  0]LogConfig: Applying CVar settings from Section [ViewDistanceQuality@3] File [C:/Users/danie/Documents/Gamedev VR/game/UE4 game/fpsgame/Saved/Config/Windows/Scalability.ini]
[2022.10.23-15.19.30:546][  0]LogConfig: Setting CVar [[r.SkeletalMeshLODBias:0]]
[2022.10.23-15.19.30:547][  0]LogConfig: Setting CVar [[r.ViewDistanceScale:1.0]]
[2022.10.23-15.19.30:547][  0]LogConfig: Applying CVar settings from Section [AntiAliasingQuality@3] File [C:/Users/danie/Documents/Gamedev VR/game/UE4 game/fpsgame/Saved/Config/Windows/Scalability.ini]
[2022.10.23-15.19.30:547][  0]LogConfig: Setting CVar [[r.PostProcessAAQuality:4]]
[2022.10.23-15.19.30:547][  0]LogConfig: Applying CVar settings from Section [ShadowQuality@3] File [C:/Users/danie/Documents/Gamedev VR/game/UE4 game/fpsgame/Saved/Config/Windows/Scalability.ini]
[2022.10.23-15.19.30:548][  0]LogConfig: Setting CVar [[r.LightFunctionQuality:1]]
[2022.10.23-15.19.30:548][  0]LogConfig: Setting CVar [[r.ShadowQuality:5]]
[2022.10.23-15.19.30:548][  0]LogConfig: Setting CVar [[r.Shadow.CSM.MaxCascades:10]]
[2022.10.23-15.19.30:548][  0]LogConfig: Setting CVar [[r.Shadow.MaxResolution:2048]]
[2022.10.23-15.19.30:549][  0]LogConfig: Setting CVar [[r.Shadow.MaxCSMResolution:2048]]
[2022.10.23-15.19.30:551][  0]LogConfig: Setting CVar [[r.Shadow.RadiusThreshold:0.01]]
[2022.10.23-15.19.30:552][  0]LogConfig: Setting CVar [[r.Shadow.DistanceScale:1.0]]
[2022.10.23-15.19.30:552][  0]LogConfig: Setting CVar [[r.Shadow.CSM.TransitionScale:1.0]]
[2022.10.23-15.19.30:553][  0]LogConfig: Setting CVar [[r.Shadow.PreShadowResolutionFactor:1.0]]
[2022.10.23-15.19.30:553][  0]LogConfig: Setting CVar [[r.DistanceFieldShadowing:1]]
[2022.10.23-15.19.30:554][  0]LogConfig: Setting CVar [[r.DistanceFieldAO:1]]
[2022.10.23-15.19.30:554][  0]LogConfig: Setting CVar [[r.AOQuality:2]]
[2022.10.23-15.19.30:554][  0]LogConfig: Setting CVar [[r.VolumetricFog:1]]
[2022.10.23-15.19.30:555][  0]LogConfig: Setting CVar [[r.VolumetricFog.GridPixelSize:8]]
[2022.10.23-15.19.30:555][  0]LogConfig: Setting CVar [[r.VolumetricFog.GridSizeZ:128]]
[2022.10.23-15.19.30:555][  0]LogConfig: Setting CVar [[r.VolumetricFog.HistoryMissSupersampleCount:4]]
[2022.10.23-15.19.30:556][  0]LogConfig: Setting CVar [[r.LightMaxDrawDistanceScale:1]]
[2022.10.23-15.19.30:556][  0]LogConfig: Setting CVar [[r.CapsuleShadows:1]]
[2022.10.23-15.19.30:556][  0]LogConfig: Applying CVar settings from Section [PostProcessQuality@3] File [C:/Users/danie/Documents/Gamedev VR/game/UE4 game/fpsgame/Saved/Config/Windows/Scalability.ini]
[2022.10.23-15.19.30:556][  0]LogConfig: Setting CVar [[r.MotionBlurQuality:4]]
[2022.10.23-15.19.30:557][  0]LogConfig: Setting CVar [[r.AmbientOcclusionMipLevelFactor:0.4]]
[2022.10.23-15.19.30:557][  0]LogConfig: Setting CVar [[r.AmbientOcclusionMaxQuality:100]]
[2022.10.23-15.19.30:557][  0]LogConfig: Setting CVar [[r.AmbientOcclusionLevels:-1]]
[2022.10.23-15.19.30:557][  0]LogConfig: Setting CVar [[r.AmbientOcclusionRadiusScale:1.0]]
[2022.10.23-15.19.30:558][  0]LogConfig: Setting CVar [[r.DepthOfFieldQuality:2]]
[2022.10.23-15.19.30:558][  0]LogConfig: Setting CVar [[r.RenderTargetPoolMin:400]]
[2022.10.23-15.19.30:558][  0]LogConfig: Setting CVar [[r.LensFlareQuality:2]]
[2022.10.23-15.19.30:558][  0]LogConfig: Setting CVar [[r.SceneColorFringeQuality:1]]
[2022.10.23-15.19.30:559][  0]LogConfig: Setting CVar [[r.EyeAdaptationQuality:2]]
[2022.10.23-15.19.30:559][  0]LogConfig: Setting CVar [[r.BloomQuality:5]]
[2022.10.23-15.19.30:559][  0]LogConfig: Setting CVar [[r.FastBlurThreshold:100]]
[2022.10.23-15.19.30:559][  0]LogConfig: Setting CVar [[r.Upscale.Quality:3]]
[2022.10.23-15.19.30:560][  0]LogConfig: Setting CVar [[r.Tonemapper.GrainQuantization:1]]
[2022.10.23-15.19.30:560][  0]LogConfig: Setting CVar [[r.LightShaftQuality:1]]
[2022.10.23-15.19.30:560][  0]LogConfig: Setting CVar [[r.Filter.SizeScale:1]]
[2022.10.23-15.19.30:560][  0]LogConfig: Setting CVar [[r.Tonemapper.Quality:5]]
[2022.10.23-15.19.30:561][  0]LogConfig: Setting CVar [[r.DOF.Gather.AccumulatorQuality:1        ; higher gathering accumulator quality]]
[2022.10.23-15.19.30:561][  0]LogConfig: Setting CVar [[r.DOF.Gather.PostfilterMethod:1          ; Median3x3 postfilering method]]
[2022.10.23-15.19.30:561][  0]LogConfig: Setting CVar [[r.DOF.Gather.EnableBokehSettings:0       ; no bokeh simulation when gathering]]
[2022.10.23-15.19.30:561][  0]LogConfig: Setting CVar [[r.DOF.Gather.RingCount:4                 ; medium number of samples when gathering]]
[2022.10.23-15.19.30:562][  0]LogConfig: Setting CVar [[r.DOF.Scatter.ForegroundCompositing:1    ; additive foreground scattering]]
[2022.10.23-15.19.30:562][  0]LogConfig: Setting CVar [[r.DOF.Scatter.BackgroundCompositing:2    ; additive background scattering]]
[2022.10.23-15.19.30:562][  0]LogConfig: Setting CVar [[r.DOF.Scatter.EnableBokehSettings:1      ; bokeh simulation when scattering]]
[2022.10.23-15.19.30:562][  0]LogConfig: Setting CVar [[r.DOF.Scatter.MaxSpriteRatio:0.1         ; only a maximum of 10% of scattered bokeh]]
[2022.10.23-15.19.30:563][  0]LogConfig: Setting CVar [[r.DOF.Recombine.Quality:1                ; cheap slight out of focus]]
[2022.10.23-15.19.30:563][  0]LogConfig: Setting CVar [[r.DOF.Recombine.EnableBokehSettings:0    ; no bokeh simulation on slight out of focus]]
[2022.10.23-15.19.30:563][  0]LogConfig: Setting CVar [[r.DOF.TemporalAAQuality:1                ; more stable temporal accumulation]]
[2022.10.23-15.19.30:563][  0]LogConfig: Setting CVar [[r.DOF.Kernel.MaxForegroundRadius:0.025]]
[2022.10.23-15.19.30:564][  0]LogConfig: Setting CVar [[r.DOF.Kernel.MaxBackgroundRadius:0.025]]
[2022.10.23-15.19.30:564][  0]LogConfig: Applying CVar settings from Section [TextureQuality@3] File [C:/Users/danie/Documents/Gamedev VR/game/UE4 game/fpsgame/Saved/Config/Windows/Scalability.ini]
[2022.10.23-15.19.30:564][  0]LogConfig: Setting CVar [[r.Streaming.MipBias:0]]
[2022.10.23-15.19.30:564][  0]LogConfig: Setting CVar [[r.Streaming.AmortizeCPUToGPUCopy:0]]
[2022.10.23-15.19.30:565][  0]LogConfig: Setting CVar [[r.Streaming.MaxNumTexturesToStreamPerFrame:0]]
[2022.10.23-15.19.30:567][  0]LogConfig: Setting CVar [[r.Streaming.Boost:1]]
[2022.10.23-15.19.30:568][  0]LogConfig: Setting CVar [[r.MaxAnisotropy:8]]
[2022.10.23-15.19.30:568][  0]LogConfig: Setting CVar [[r.VT.MaxAnisotropy:8]]
[2022.10.23-15.19.30:568][  0]LogConfig: Setting CVar [[r.Streaming.LimitPoolSizeToVRAM:0]]
[2022.10.23-15.19.30:569][  0]LogConfig: Setting CVar [[r.Streaming.PoolSize:1000]]
[2022.10.23-15.19.30:569][  0]LogConfig: Setting CVar [[r.Streaming.MaxEffectiveScreenSize:0]]
[2022.10.23-15.19.30:569][  0]LogConfig: Applying CVar settings from Section [EffectsQuality@3] File [C:/Users/danie/Documents/Gamedev VR/game/UE4 game/fpsgame/Saved/Config/Windows/Scalability.ini]
[2022.10.23-15.19.30:569][  0]LogConfig: Setting CVar [[r.TranslucencyLightingVolumeDim:64]]
[2022.10.23-15.19.30:570][  0]LogConfig: Setting CVar [[r.RefractionQuality:2]]
[2022.10.23-15.19.30:570][  0]LogConfig: Setting CVar [[r.SSR.Quality:3]]
[2022.10.23-15.19.30:570][  0]LogConfig: Setting CVar [[r.SSR.HalfResSceneColor:0]]
[2022.10.23-15.19.30:570][  0]LogConfig: Setting CVar [[r.SceneColorFormat:4]]
[2022.10.23-15.19.30:571][  0]LogConfig: Setting CVar [[r.DetailMode:2]]
[2022.10.23-15.19.30:571][  0]LogConfig: Setting CVar [[r.TranslucencyVolumeBlur:1]]
[2022.10.23-15.19.30:572][  0]LogConfig: Setting CVar [[r.MaterialQualityLevel:1 ; High quality]]
[2022.10.23-15.19.30:572][  0]LogConfig: Setting CVar [[r.AnisotropicMaterials:1]]
[2022.10.23-15.19.30:572][  0]LogConfig: Setting CVar [[r.SSS.Scale:1]]
[2022.10.23-15.19.30:572][  0]LogConfig: Setting CVar [[r.SSS.SampleSet:2]]
[2022.10.23-15.19.30:573][  0]LogConfig: Setting CVar [[r.SSS.Quality:1]]
[2022.10.23-15.19.30:573][  0]LogConfig: Setting CVar [[r.SSS.HalfRes:0]]
[2022.10.23-15.19.30:573][  0]LogConfig: Setting CVar [[r.SSGI.Quality:3]]
[2022.10.23-15.19.30:573][  0]LogConfig: Setting CVar [[r.EmitterSpawnRateScale:1.0]]
[2022.10.23-15.19.30:574][  0]LogConfig: Setting CVar [[r.ParticleLightQuality:2]]
[2022.10.23-15.19.30:574][  0]LogConfig: Setting CVar [[r.SkyAtmosphere.AerialPerspectiveLUT.FastApplyOnOpaque:1 ; Always have FastSkyLUT 1 in this case to avoid wrong sky]]
[2022.10.23-15.19.30:574][  0]LogConfig: Setting CVar [[r.SkyAtmosphere.AerialPerspectiveLUT.SampleCountMaxPerSlice:4]]
[2022.10.23-15.19.30:574][  0]LogConfig: Setting CVar [[r.SkyAtmosphere.AerialPerspectiveLUT.DepthResolution:16.0]]
[2022.10.23-15.19.30:575][  0]LogConfig: Setting CVar [[r.SkyAtmosphere.FastSkyLUT:1]]
[2022.10.23-15.19.30:575][  0]LogConfig: Setting CVar [[r.SkyAtmosphere.FastSkyLUT.SampleCountMin:4.0]]
[2022.10.23-15.19.30:575][  0]LogConfig: Setting CVar [[r.SkyAtmosphere.FastSkyLUT.SampleCountMax:128.0]]
[2022.10.23-15.19.30:575][  0]LogConfig: Setting CVar [[r.SkyAtmosphere.SampleCountMin:4.0]]
[2022.10.23-15.19.30:576][  0]LogConfig: Setting CVar [[r.SkyAtmosphere.SampleCountMax:128.0]]
[2022.10.23-15.19.30:576][  0]LogConfig: Setting CVar [[r.SkyAtmosphere.TransmittanceLUT.UseSmallFormat:0]]
[2022.10.23-15.19.30:576][  0]LogConfig: Setting CVar [[r.SkyAtmosphere.TransmittanceLUT.SampleCount:10.0]]
[2022.10.23-15.19.30:576][  0]LogConfig: Setting CVar [[r.SkyAtmosphere.MultiScatteringLUT.SampleCount:15.0]]
[2022.10.23-15.19.30:577][  0]LogConfig: Setting CVar [[r.SkyLight.RealTimeReflectionCapture:1]]
[2022.10.23-15.19.30:577][  0]LogConfig: Applying CVar settings from Section [FoliageQuality@3] File [C:/Users/danie/Documents/Gamedev VR/game/UE4 game/fpsgame/Saved/Config/Windows/Scalability.ini]
[2022.10.23-15.19.30:577][  0]LogConfig: Setting CVar [[foliage.DensityScale:1.0]]
[2022.10.23-15.19.30:578][  0]LogConfig: Setting CVar [[grass.DensityScale:1.0]]
[2022.10.23-15.19.30:578][  0]LogConfig: Applying CVar settings from Section [ShadingQuality@3] File [C:/Users/danie/Documents/Gamedev VR/game/UE4 game/fpsgame/Saved/Config/Windows/Scalability.ini]
[2022.10.23-15.19.30:578][  0]LogConfig: Setting CVar [[r.HairStrands.SkyLighting.IntegrationType:2]]
[2022.10.23-15.19.30:578][  0]LogConfig: Setting CVar [[r.HairStrands.SkyAO.SampleCount:4]]
[2022.10.23-15.19.30:579][  0]LogConfig: Setting CVar [[r.HairStrands.Visibility.MSAA.SamplePerPixel:4]]
[2022.10.23-15.19.30:579][  0]LogConfig: Applying CVar settings from Section [Startup] File [../../../Engine/Config/ConsoleVariables.ini]
[2022.10.23-15.19.30:580][  0]LogConfig: Setting CVar [[net.UseAdaptiveNetUpdateFrequency:0]]
[2022.10.23-15.19.30:580][  0]LogConfig: Setting CVar [[p.chaos.AllowCreatePhysxBodies:1]]
[2022.10.23-15.19.30:580][  0]LogConfig: Setting CVar [[fx.SkipVectorVMBackendOptimizations:1]]
[2022.10.23-15.19.30:580][  0]LogConfig: Applying CVar settings from Section [ConsoleVariables] File [C:/Users/danie/Documents/Gamedev VR/game/UE4 game/fpsgame/Saved/Config/Windows/Engine.ini]
[2022.10.23-15.19.30:581][  0]LogConfig: Applying CVar settings from Section [ConsoleVariables] File [C:/Users/danie/Documents/Gamedev VR/game/UE4 game/fpsgame/Saved/Config/Windows/Editor.ini]
[2022.10.23-15.19.30:583][  0]LogInit: Computer: DESKTOP-QG36584
[2022.10.23-15.19.30:583][  0]LogInit: User: danie
[2022.10.23-15.19.30:583][  0]LogInit: CPU Page size=4096, Cores=6
[2022.10.23-15.19.30:584][  0]LogInit: High frequency timer resolution =10.000000 MHz
[2022.10.23-15.19.30:584][  0]LogMemory: Memory total: Physical=16.0GB (16GB approx)
[2022.10.23-15.19.30:584][  0]LogMemory: Platform Memory Stats for Windows
[2022.10.23-15.19.30:584][  0]LogMemory: Process Physical Memory: 137.77 MB used, 137.77 MB peak
[2022.10.23-15.19.30:585][  0]LogMemory: Process Virtual Memory: 117.40 MB used, 117.40 MB peak
[2022.10.23-15.19.30:585][  0]LogMemory: Physical Memory: 12055.84 MB used,  4278.93 MB free, 16334.77 MB total
[2022.10.23-15.19.30:585][  0]LogMemory: Virtual Memory: 134214224.00 MB used,  3500.36 MB free, 134217728.00 MB total
[2022.10.23-15.19.30:588][  0]LogWindows: WindowsPlatformFeatures disabled or dedicated server build
[2022.10.23-15.19.30:597][  0]LogInit: Physics initialised using underlying interface: PhysX
[2022.10.23-15.19.30:597][  0]LogInit: Using OS detected language (en-US).
[2022.10.23-15.19.30:598][  0]LogInit: Using OS detected locale (en-GB).
[2022.10.23-15.19.30:601][  0]LogTextLocalizationManager: No specific localization for 'en-US' exists, so the 'en' localization will be used.
[2022.10.23-15.19.30:996][  0]LogTargetPlatformManager: Display: Loaded TargetPlatform 'WindowsNoEditor'
[2022.10.23-15.19.30:999][  0]LogTargetPlatformManager: Display: Loaded TargetPlatform 'Windows'
[2022.10.23-15.19.31:001][  0]LogTargetPlatformManager: Display: Loaded TargetPlatform 'WindowsClient'
[2022.10.23-15.19.31:004][  0]LogTargetPlatformManager: Display: Loaded TargetPlatform 'WindowsServer'
[2022.10.23-15.19.31:004][  0]LogTargetPlatformManager: Display: Building Assets For Windows
[2022.10.23-15.19.31:008][  0]LogAudioDebug: Display: Lib vorbis DLL was dynamically loaded.
[2022.10.23-15.19.31:022][  0]LogTextureFormatOodle: Display: Oodle Texture 2.9.0 init RDO Off
[2022.10.23-15.19.31:034][  0]LogRendererCore: Ray tracing is disabled. Reason: r.RayTracing=0.
[2022.10.23-15.19.31:034][  0]LogShaderCompilers: Guid format shader working directory is -27 characters bigger than the processId version (../../../../../../Users/danie/Documents/Gamedev VR/game/UE4 game/fpsgame/Intermediate/Shaders/WorkingDirectory/14064/).
[2022.10.23-15.19.31:034][  0]LogShaderCompilers: Cleaned the shader compiler working directory 'C:/Users/danie/AppData/Local/Temp/UnrealShaderWorkingDir/34E3261D43B595644FBCB9AD5219CA49/'.
[2022.10.23-15.19.31:035][  0]LogXGEController: Cannot use XGE Controller as Incredibuild is not installed on this machine.
[2022.10.23-15.19.31:035][  0]LogShaderCompilers: Cannot use XGE Shader Compiler as Incredibuild is not installed on this machine.
[2022.10.23-15.19.31:035][  0]LogShaderCompilers: Display: Using Local Shader Compiler.
[2022.10.23-15.19.31:511][  0]LogDerivedDataCache: Display: Max Cache Size: 512 MB
[2022.10.23-15.19.31:570][  0]LogDerivedDataCache: Loaded boot cache 0.06s 94MB C:/Users/danie/AppData/Local/UnrealEngine/4.27/DerivedDataCache/Boot.ddc.
[2022.10.23-15.19.31:570][  0]LogDerivedDataCache: Display: Loaded Boot cache: C:/Users/danie/AppData/Local/UnrealEngine/4.27/DerivedDataCache/Boot.ddc
[2022.10.23-15.19.31:571][  0]LogDerivedDataCache: FDerivedDataBackendGraph:  Pak pak cache file ../../../../../../Users/danie/Documents/Gamedev VR/game/UE4 game/fpsgame/DerivedDataCache/DDC.ddp not found, will not use a pak cache.
[2022.10.23-15.19.31:572][  0]LogDerivedDataCache: Unable to find inner node Pak for hierarchical cache Hierarchy.
[2022.10.23-15.19.31:572][  0]LogDerivedDataCache: FDerivedDataBackendGraph:  CompressedPak pak cache file ../../../../../../Users/danie/Documents/Gamedev VR/game/UE4 game/fpsgame/DerivedDataCache/Compressed.ddp not found, will not use a pak cache.
[2022.10.23-15.19.31:572][  0]LogDerivedDataCache: Unable to find inner node CompressedPak for hierarchical cache Hierarchy.
[2022.10.23-15.19.31:590][  0]LogDerivedDataCache: Display: Pak cache opened for reading ../../../Engine/DerivedDataCache/Compressed.ddp.
[2022.10.23-15.19.31:591][  0]LogDerivedDataCache: FDerivedDataBackendGraph:  EnterprisePak pak cache file ../../../Enterprise/DerivedDataCache/Compressed.ddp not found, will not use a pak cache.
[2022.10.23-15.19.31:591][  0]LogDerivedDataCache: Unable to find inner node EnterprisePak for hierarchical cache Hierarchy.
[2022.10.23-15.19.31:600][  0]LogDerivedDataCache: Speed tests for C:/Users/danie/AppData/Local/UnrealEngine/Common/DerivedDataCache took 0.01 seconds
[2022.10.23-15.19.31:601][  0]LogDerivedDataCache: Display: Performance to C:/Users/danie/AppData/Local/UnrealEngine/Common/DerivedDataCache: Latency=0.03ms. RandomReadSpeed=372.20MBs, RandomWriteSpeed=168.64MBs. Assigned SpeedClass 'Local'
[2022.10.23-15.19.31:602][  0]LogDerivedDataCache: Using Local data cache path C:/Users/danie/AppData/Local/UnrealEngine/Common/DerivedDataCache: Writable
[2022.10.23-15.19.31:602][  0]LogDerivedDataCache: Shared data cache path not found in *engine.ini, will not use an Shared cache.
[2022.10.23-15.19.31:602][  0]LogDerivedDataCache: Unable to find inner node Shared for hierarchical cache Hierarchy.
[2022.10.23-15.19.31:603][  0]LogInit: Using OS detected language (en-US).
[2022.10.23-15.19.31:603][  0]LogInit: Using OS detected locale (en-GB).
[2022.10.23-15.19.31:604][  0]LogTextLocalizationManager: No localization for 'en-US' exists, so 'en' will be used for the language.
[2022.10.23-15.19.31:604][  0]LogTextLocalizationManager: No localization for 'en-GB' exists, so 'en' will be used for the locale.
[2022.10.23-15.19.31:608][  0]LogTextLocalizationManager: Compacting localization data took   0.01ms
[2022.10.23-15.19.31:608][  0]LogAssetRegistry: FAssetRegistry took 0.0023 seconds to start up
[2022.10.23-15.19.31:764][  0]LogPackageLocalizationCache: Processed 27 localized package path(s) for 1 prioritized culture(s) in 0.000934 seconds
[2022.10.23-15.19.31:854][  0]LogInit: Selected Device Profile: [Windows]
[2022.10.23-15.19.31:854][  0]LogInit: Active device profile: [000001FC0C250500][000001FC0A55B880 49] Windows
[2022.10.23-15.19.31:855][  0]LogInit: Profiles: [000001FC0C250500][000001FC0A55B880 49] Windows, [000001FC0C243600][000001FC0A569B40 49] WindowsNoEditor, [000001FC0C240100][000001FC0A55E240 49] WindowsServer, [000001FC0C253000][000001FC0A56C4C0 49] WindowsClient, [000001FC0C250200][000001FC0A574780 49] IOS, [000001FC0C227D00][000001FC0A578A40 49] iPadAir, [000001FC0C253A00][000001FC0A57CD00 49] iPadAir2, [000001FC0C1E8200][000001FC0F377240 49] IPadPro, [000001FC0C1E3F00][000001FC0F361280 49] iPadAir3, [000001FC0C241000][000001FC0F36F540 49] iPadAir4, [000001FC0C1E0500][000001FC0F36B800 49] iPadMini2, [000001FC0C240200][000001FC0F373AC0 49] iPadMini3, [000001FC0C1E1200][000001FC0F380200 49] iPadMini4, [000001FC0C243800][000001FC0A570480 49] iPadMini5, [000001FC0C225600][000001FC0F398980 49] iPhone6, [000001FC0C225700][000001FC0F3849C0 49] iPodTouch6, [000001FC0C1E2100][000001FC0F3A0F00 49] iPhone7, [000001FC0C1E2200][000001FC0F390F40 49] iPodTouch7, [000001FC0C226600][000001FC0F395200 49] iPhone5S, [000001FC0C1E3100][000001FC0F38D4C0 49] iPhone6Plus, [000001FC0C227B00][000001FC0F39D780 49] iPhone6S, [000001FC0C1E2B00][000001FC0F3A5A40 49] iPhone6SPlus, [000001FC0C224A00][000001FC0F3A8180 49] iPhone7Plus, [000001FC0C1E2F00][000001FC0F3AC440 49] iPhoneSE, [000001FC0C225000][000001FC0F3886C0 49] iPhone8, [000001FC0C1E3C00][000001FC0F3B0940 49] iPhone8Plus, [000001FC0C227200][000001FC0F3B8C00 49] iPhoneX, [000001FC0C1E2C00][000001FC0F3BCEC0 49] iPhoneXS, [000001FC0C226B00][000001FC0F3C1180 49] iPhoneXSMax, [000001FC0C1E2900][000001FC0F3C5440 49] iPhoneXR, [000001FC0C226F00][000001FC0F3C9700 49] iPhone11, [000001FC0C1E0A00][000001FC0F3CD9C0 49] iPhone11Pro, [000001FC0C227E00][000001FC0F3D0100 49] iPhone11ProMax, [000001FC0C1E1400][000001FC0F3D43C0 49] iPhoneSE2, [000001FC0C227F00][000001FC0F3D8680 49] iPhone12Mini, [000001FC0C1E3D00][000001FC0F3B4900 49] iPhone12, [000001FC0C225200][000001FC0F3DCB80 49] iPhone12Pro, [000001FC0C1E3500][000001FC0F3E4E40 49] iPhone12ProMax, [000001FC0C224200][000001FC0F3E9100 49] iPadPro105, [000001FC0C1E1A00][000001FC0F3ED3C0 49] iPadPro129, [000001FC0C224D00][000001FC0F3F1680 49] iPadPro97, [000001FC0C1E0900][000001FC0F3F5940 49] iPadPro2_129, [000001FC0C225A00][000001FC0F3F9C00 49] iPad5, [000001FC0C1E1C00][000001FC0F3FC340 49] iPad6, [000001FC0C227900][000001FC0F400600 49] iPad7, [000001FC0C1E2600][000001FC0F4048C0 49] iPad8, [000001FC0C227000][000001FC0F3E0B40 49] iPadPro11, [000001FC0C1E1500][000001FC0F408DC0 49] iPadPro2_11, [000001FC0C226100][000001FC0F411080 49] iPadPro3_129, [000001FC0C1E1D00][000001FC0F415340 49] iPadPro4_129, [000001FC0C226400][000001FC0F419600 49] AppleTV, [000001FC0C1E2E00][000001FC0F41D8C0 49] AppleTV4K, [000001FC0C224500][000001FC0F421B80 49] TVOS, [000001FC0C1E3A00][000001FC0F4242C0 49] Mac, [000001FC0C226900][000001FC0F428580 49] MacClient, [000001FC0C1E1700][000001FC0F42C840 49] MacNoEditor, [000001FC0C225100][000001FC0F430B00 49] MacServer, [000001FC0C1E3B00][000001FC0F40CD80 49] Linux, [000001FC0C224600][000001FC0F435000 49] LinuxAArch64, [000001FC0C1E0400][000001FC0F43D2C0 49] LinuxNoEditor, [000001FC0C226200][000001FC0F441580 49] LinuxAArch64NoEditor, [000001FC0C250100][000001FC0F445840 49] LinuxClient, [000001FC0C1E8700][000001FC0F449B00 49] LinuxAArch64Client, [000001FC0C251900][000001FC0F44C240 49] LinuxServer, [000001FC0C1E8A00][000001FC0F450500 49] LinuxAArch64Server, [000001FC0C252D00][000001FC0F4547C0 49] Android, [000001FC0C1E9400][000001FC0F458A80 49] Android_Low, [000001FC0C251100][000001FC0F45CD40 49] Android_Mid, [000001FC0C1E8E00][000001FC0F438FC0 49] Android_High, [000001FC0C250800][000001FC0F461240 49] Android_Default, [000001FC0C1EA600][000001FC0F469500 49] Android_Adreno4xx, [000001FC0C251400][000001FC0F46D7C0 49] Android_Adreno5xx_Low, [000001FC0C1EA400][000001FC0F471A80 49] Android_Adreno5xx, [000001FC0C250700][000001FC0F4741C0 49] Android_Adreno6xx, [000001FC0C1EAC00][000001FC0F478480 49] Android_Adreno6xx_Vulkan, [000001FC0C253B00][000001FC0F47C740 49] Android_Mali_T6xx, [000001FC0C1E8500][000001FC0F480A00 49] Android_Mali_T7xx, [000001FC0C250300][000001FC0F484CC0 49] Android_Mali_T8xx, [000001FC0C1EB000][000001FC0F488F80 49] Android_Mali_G71, [000001FC0C252900][000001FC0F465200 49] Android_Mali_G72, [000001FC0C1EA500][000001FC0F4914C0 49] Android_Mali_G72_Vulkan, [000001FC0C251B00][000001FC0F495780 49] Android_Mali_G76, [000001FC0C1EB100][000001FC0F499A40 49] Android_Mali_G76_Vulkan, [000001FC0C251E00][000001FC0F49C180 49] Android_Mali_G77, [000001FC0C1EBB00][000001FC0F4A0440 49] Android_Mali_G77_Vulkan, [000001FC0C253C00][000001FC0F4A4700 49] Android_Mali_G78, [000001FC0C1EBF00][000001FC0F4A89C0 49] Android_Mali_G78_Vulkan, [000001FC0C252400][000001FC0F4ACC80 49] Android_Mali_G710, [000001FC0C1E9300][000001FC0F4B0F40 49] Android_Mali_G710_Vulkan, [000001FC0C253100][000001FC0F48D1C0 49] Android_Vulkan_SM5, [000001FC0C1E2400][000001FC0F4B5440 49] Android_PowerVR_G6xxx, [000001FC0C251D00][000001FC0F4BD700 49] Android_PowerVR_GT7xxx, [000001FC0C1E0100][000001FC0F4C19C0 49] Android_PowerVR_GE8xxx, [000001FC0C253200][000001FC0F4C4100 49] Android_PowerVR_GM9xxx, [000001FC0C1E0300][000001FC0F4C83C0 49] Android_PowerVR_GM9xxx_Vulkan, [000001FC0C253300][000001FC0F4CC680 49] Android_TegraK1, [000001FC0C1E1600][000001FC0F4D0940 49] Android_Unknown_Vulkan, [000001FC0C252000][000001FC0F4D4C00 49] Lumin, [000001FC0C1E0B00][000001FC0F4D8EC0 49] Lumin_Desktop, [000001FC0C250D00][000001FC0F4DD180 49] HoloLens, 
[2022.10.23-15.19.31:874][  0]LogMeshReduction: Using QuadricMeshReduction for automatic static mesh reduction
[2022.10.23-15.19.31:874][  0]LogMeshReduction: Using SimplygonMeshReduction for automatic skeletal mesh reduction
[2022.10.23-15.19.31:875][  0]LogMeshReduction: Using ProxyLODMeshReduction for automatic mesh merging
[2022.10.23-15.19.31:875][  0]LogMeshReduction: No distributed automatic mesh merging module available
[2022.10.23-15.19.31:875][  0]LogMeshMerging: No distributed automatic mesh merging module available
[2022.10.23-15.19.31:886][  0]LogNetVersion: fpsgame 1.0.0, NetCL: 17155196, EngineNetVer: 17, GameNetVer: 0 (Checksum: 3215450660)
[2022.10.23-15.19.31:978][  0]LogTexture: Default maximum texture size for cubemaps generated from long-lat sources has been changed from 512 to unlimited. In order to preserve old behaiour for '/Engine/MapTemplates/Sky/DaylightAmbientCubemap.DaylightAmbientCubemap', its maximum texture size has been explicitly set to 512.
[2022.10.23-15.19.31:993][  0]LogHMD: PokeAHoleMaterial loaded successfully
[2022.10.23-15.19.32:051][  0]LogPython: Using Python 3.7.7
[2022.10.23-15.19.32:444][  0]LogNiagaraDebuggerClient: Niagara Debugger Client Initialized | Session: B1289AF6439535EA61302EB1C85AE2E5 | Instance: 6486E2CF42A449E88BF180A69E3EC007 (DESKTOP-QG36584-14064).
[2022.10.23-15.19.32:461][  0]LogCollectionManager: Loaded 0 collections in 0.002316 seconds
[2022.10.23-15.19.32:463][  0]LogFileCache: Scanning file cache for directory 'C:/Users/danie/Documents/Gamedev VR/game/UE4 game/fpsgame/Saved/Collections/' took 0.00s
[2022.10.23-15.19.32:463][  0]LogFileCache: Scanning file cache for directory 'C:/Users/danie/Documents/Gamedev VR/game/UE4 game/fpsgame/Content/Developers/danie/Collections/' took 0.00s
[2022.10.23-15.19.32:464][  0]LogFileCache: Scanning file cache for directory 'C:/Users/danie/Documents/Gamedev VR/game/UE4 game/fpsgame/Content/Collections/' took 0.00s
[2022.10.23-15.19.32:464][  0]LogCollectionManager: Fixed up redirectors for 0 collections in 0.000003 seconds (updated 0 objects)
[2022.10.23-15.19.32:537][  0]LogTcpMessaging: Initializing TcpMessaging bridge
[2022.10.23-15.19.32:540][  0]LogUdpMessaging: Initializing bridge on interface 0.0.0.0:0 to multicast group 230.0.0.1:6666.
[2022.10.23-15.19.32:601][  0]SourceControl: Source control is disabled
[2022.10.23-15.19.32:602][  0]SourceControl: Source control is disabled
[2022.10.23-15.19.32:604][  0]SourceControl: Source control is disabled
[2022.10.23-15.19.32:606][  0]LogUProjectInfo: Found projects:
[2022.10.23-15.19.32:655][  0]LogOpenImageDenoise: OIDN starting up
[2022.10.23-15.19.32:672][  0]LogAndroidPermission: UAndroidPermissionCallbackProxy::GetInstance
[2022.10.23-15.19.32:682][  0]LogAudioCaptureCore: Display: No Audio Capture implementations found. Audio input will be silent.
[2022.10.23-15.19.32:682][  0]LogAudioCaptureCore: Display: No Audio Capture implementations found. Audio input will be silent.
[2022.10.23-15.19.32:728][  0]LogOcInput: OculusInput pre-init called
[2022.10.23-15.19.32:737][  0]LogUObjectArray: 22055 objects as part of root set at end of initial load.
[2022.10.23-15.19.32:737][  0]LogUObjectAllocator: 5974240 out of 0 bytes used by permanent object pool.
[2022.10.23-15.19.32:737][  0]LogUObjectArray: CloseDisregardForGC: 0/0 objects in disregard for GC pool
[2022.10.23-15.19.32:769][  0]LogClass: Display: StructProperty FRewindDataStruct::SnapshotPosition is not initialized properly. Module:fpsgame File:RewindComponent.h
[2022.10.23-15.19.32:769][  0]LogClass: Display: StructProperty FRewindDataStruct::SnapshotRotation is not initialized properly. Module:fpsgame File:RewindComponent.h
[2022.10.23-15.19.32:770][  0]LogClass: Display: StructProperty FRewindDataStruct::SnapshotScale is not initialized properly. Module:fpsgame File:RewindComponent.h
[2022.10.23-15.19.32:770][  0]LogClass: Display: FloatProperty FWeaponStats::MaxRange is not initialized properly. Module:fpsgame File:WeaponActor.h
[2022.10.23-15.19.32:771][  0]LogClass: Display: FloatProperty FWeaponStats::FireRate is not initialized properly. Module:fpsgame File:WeaponActor.h
[2022.10.23-15.19.32:771][  0]LogClass: Display: IntProperty FWeaponStats::CartridgeBullets is not initialized properly. Module:fpsgame File:WeaponActor.h
[2022.10.23-15.19.32:771][  0]LogClass: Display: IntProperty FWeaponStats::BurstNumber is not initialized properly. Module:fpsgame File:WeaponActor.h
[2022.10.23-15.19.32:772][  0]LogClass: Display: FloatProperty FWeaponStats::BurstFireRate is not initialized properly. Module:fpsgame File:WeaponActor.h
[2022.10.23-15.19.32:772][  0]LogClass: Display: IntProperty FWeaponStats::MaxMagSize is not initialized properly. Module:fpsgame File:WeaponActor.h
[2022.10.23-15.19.32:772][  0]LogClass: Display: IntProperty FWeaponStats::MagAmmo is not initialized properly. Module:fpsgame File:WeaponActor.h
[2022.10.23-15.19.32:773][  0]LogClass: Display: FloatProperty FWeaponStats::ProjectileSpeed is not initialized properly. Module:fpsgame File:WeaponActor.h
[2022.10.23-15.19.32:773][  0]LogClass: Display: FloatProperty FWeaponStats::BaseDamageTorso is not initialized properly. Module:fpsgame File:WeaponActor.h
[2022.10.23-15.19.32:773][  0]LogClass: Display: FloatProperty FWeaponStats::BaseDamageHead is not initialized properly. Module:fpsgame File:WeaponActor.h
[2022.10.23-15.19.32:773][  0]LogClass: Display: FloatProperty FWeaponStats::BaseDamageLegs is not initialized properly. Module:fpsgame File:WeaponActor.h
[2022.10.23-15.19.32:774][  0]LogClass: Display: FloatProperty FWeaponStats::BaseHipfireSpreadAngleInDegrees is not initialized properly. Module:fpsgame File:WeaponActor.h
[2022.10.23-15.19.32:774][  0]LogClass: Display: FloatProperty FWeaponStats::BaseMovementSpreadMultiplier is not initialized properly. Module:fpsgame File:WeaponActor.h
[2022.10.23-15.19.32:774][  0]LogClass: Display: EnumProperty FWeaponMetaData::GunModel is not initialized properly. Module:fpsgame File:WeaponActor.h
[2022.10.23-15.19.32:774][  0]LogClass: Display: EnumProperty FWeaponMetaData::WAWeaponType is not initialized properly. Module:fpsgame File:WeaponActor.h
[2022.10.23-15.19.32:775][  0]LogClass: Display: EnumProperty FWeaponMetaData::WAWeaponFireType is not initialized properly. Module:fpsgame File:WeaponActor.h
[2022.10.23-15.19.32:775][  0]LogClass: Display: EnumProperty FWeaponMetaData::WAWeaponHitDetectionType is not initialized properly. Module:fpsgame File:WeaponActor.h
[2022.10.23-15.19.32:775][  0]LogClass: Display: EnumProperty FWeaponMetaData::TypeOfEquip is not initialized properly. Module:fpsgame File:WeaponActor.h
[2022.10.23-15.19.32:776][  0]LogClass: Warning: ObjectProperty FWeaponVisualAssets::GunMesh is not initialized properly. Module:fpsgame File:WeaponActor.h
[2022.10.23-15.19.32:776][  0]LogClass: Warning: ObjectProperty FWeaponVisualAssets::TracerEffect is not initialized properly. Module:fpsgame File:WeaponActor.h
[2022.10.23-15.19.32:777][  0]LogClass: Warning: ObjectProperty FWeaponVisualAssets::MuzzleFlash is not initialized properly. Module:fpsgame File:WeaponActor.h
[2022.10.23-15.19.32:777][  0]LogClass: Display: StructProperty FWeaponPositionalDetails::BasePosition is not initialized properly. Module:fpsgame File:WeaponActor.h
[2022.10.23-15.19.32:777][  0]LogClass: Display: StructProperty FWeaponPositionalDetails::BaseRotation is not initialized properly. Module:fpsgame File:WeaponActor.h
[2022.10.23-15.19.32:777][  0]LogClass: Display: StructProperty FWeaponPositionalDetails::BaseScale is not initialized properly. Module:fpsgame File:WeaponActor.h
[2022.10.23-15.19.32:778][  0]LogClass: Display: StructProperty FWeaponPositionalDetails::TPBaseScale is not initialized properly. Module:fpsgame File:WeaponActor.h
[2022.10.23-15.19.32:778][  0]LogClass: Display: StructProperty FWeaponPositionalDetails::TPBaseRotation is not initialized properly. Module:fpsgame File:WeaponActor.h
[2022.10.23-15.19.32:778][  0]LogClass: Display: StructProperty FWeaponPositionalDetails::TPBasePosition is not initialized properly. Module:fpsgame File:WeaponActor.h
[2022.10.23-15.19.32:778][  0]LogClass: Display: StructProperty FWeaponPositionalDetails::MuzzlePosition is not initialized properly. Module:fpsgame File:WeaponActor.h
[2022.10.23-15.19.32:779][  0]LogClass: Display: 31 Uninitialized script struct members found including 3 object properties
[2022.10.23-15.19.32:780][  0]LogAutomationTest: Warning: ObjectProperty FWeaponVisualAssets::GunMesh is not initialized properly. Module:fpsgame File:WeaponActor.h
[2022.10.23-15.19.32:780][  0]LogAutomationTest: Warning: ObjectProperty FWeaponVisualAssets::TracerEffect is not initialized properly. Module:fpsgame File:WeaponActor.h
[2022.10.23-15.19.32:780][  0]LogAutomationTest: Warning: ObjectProperty FWeaponVisualAssets::MuzzleFlash is not initialized properly. Module:fpsgame File:WeaponActor.h
[2022.10.23-15.19.32:781][  0]LogEngine: Initializing Engine...
[2022.10.23-15.19.32:782][  0]LogStats: UGameplayTagsManager::InitializeManager -  0.000 s
[2022.10.23-15.19.32:797][  0]LogInit: Initializing FReadOnlyCVARCache
[2022.10.23-15.19.32:797][  0]LogNetVersion: Set ProjectVersion to 1.0.0.0. Version Checksum will be recalculated on next use.
[2022.10.23-15.19.32:800][  0]LogInit: Texture streaming: Disabled
[2022.10.23-15.19.32:829][  0]LogInit: Display: Game Engine Initialized.
[2022.10.23-15.19.32:830][  0]LogNiagaraEditor: GEditor isn't valid! Particle reset commands will not work for Niagara components!
[2022.10.23-15.19.32:856][  0]LogInit: Display: Starting Game.
[2022.10.23-15.19.32:856][  0]LogNet: Browse: /Game/Maps/TestMap?Name=Player
[2022.10.23-15.19.32:863][  0]LogLoad: LoadMap: /Game/Maps/TestMap?Name=Player
[2022.10.23-15.19.32:863][  0]LogWorld: BeginTearingDown for /Temp/Untitled_0
[2022.10.23-15.19.32:865][  0]LogWorld: UWorld::CleanupWorld for Untitled, bSessionEnded=true, bCleanupResources=true
[2022.10.23-15.19.32:877][  0]LogUObjectHash: Compacting FUObjectHashTables data took   0.74ms
[2022.10.23-15.19.32:977][  0]LogAIModule: Creating AISystem for world TestMap
[2022.10.23-15.19.33:173][  0]LogLoad: Game class is 'BP_FPSGameModeDefault_C'
[2022.10.23-15.19.33:173][  0]LogNet: PktLoss set to 0
[2022.10.23-15.19.33:174][  0]LogNet: PktLagMin set to 0
[2022.10.23-15.19.33:174][  0]LogNet: PktLagMax set to 0
[2022.10.23-15.19.33:175][  0]LogNet: PktIncomingLagMin set to 0
[2022.10.23-15.19.33:175][  0]LogNet: PktIncomingLagMax set to 0
[2022.10.23-15.19.33:176][  0]LogNet: PktIncomingLoss set to 0
[2022.10.23-15.19.33:177][  0]LogNet: PktLoss set to 0
[2022.10.23-15.19.33:177][  0]LogNet: PktLagMin set to 0
[2022.10.23-15.19.33:178][  0]LogNet: PktLagMax set to 0
[2022.10.23-15.19.33:178][  0]LogNet: PktIncomingLagMin set to 0
[2022.10.23-15.19.33:178][  0]LogNet: PktIncomingLagMax set to 0
[2022.10.23-15.19.33:179][  0]LogNet: PktIncomingLoss set to 0
[2022.10.23-15.19.33:179][  0]LogNet: PktLoss set to 0
[2022.10.23-15.19.33:179][  0]LogNet: PktLagMin set to 0
[2022.10.23-15.19.33:180][  0]LogNet: PktLagMax set to 0
[2022.10.23-15.19.33:180][  0]LogNet: PktIncomingLagMin set to 0
[2022.10.23-15.19.33:180][  0]LogNet: PktIncomingLagMax set to 0
[2022.10.23-15.19.33:181][  0]LogNet: PktIncomingLoss set to 0
[2022.10.23-15.19.33:181][  0]LogNet: ReplicationDriverClass is null! Not using ReplicationDriver.
[2022.10.23-15.19.33:181][  0]LogNetCore: DDoS detection status: detection enabled: 0 analytics enabled: 0
[2022.10.23-15.19.33:182][  0]LogInit: WinSock: Socket queue. Rx: 131072 (config 131072) Tx: 131072 (config 131072)
[2022.10.23-15.19.33:183][  0]LogNet: Created socket for bind address: 0.0.0.0 on port 17777
[2022.10.23-15.19.33:183][  0]PacketHandlerLog: Loaded PacketHandler component: Engine.EngineHandlerComponentFactory (StatelessConnectHandlerComponent)
[2022.10.23-15.19.33:184][  0]LogNet: GameNetDriver IpNetDriver_0 IpNetDriver listening on port 17777
[2022.10.23-15.19.33:185][  0]LogWorld: Bringing World /Game/Maps/TestMap.TestMap up for play (max tick rate 30) at 2022.10.23-16.19.33
[2022.10.23-15.19.33:187][  0]LogWorld: Bringing up level for play took: 0.002379
[2022.10.23-15.19.33:187][  0]LogGameMode: Display: Match State Changed from EnteringMap to WaitingToStart
[2022.10.23-15.19.33:187][  0]LogGameState: Match State Changed from EnteringMap to WaitingToStart
[2022.10.23-15.19.33:187][  0]LogLoad: Took 0.324578 seconds to LoadMap(/Game/Maps/TestMap)
[2022.10.23-15.19.33:193][  0]LogInit: Display: Engine is initialized. Leaving FEngineLoop::Init()
[2022.10.23-15.19.33:194][  0]LogLoad: (Engine Initialization) Total time: 4.93 seconds
[2022.10.23-15.19.33:194][  0]LogLoad: (Engine Initialization) Total Blueprint compile time: 0.00 seconds
[2022.10.23-15.19.33:855][ 19]LogNet: NotifyAcceptingConnection accepted from: 127.0.0.1:56100
[2022.10.23-15.19.33:855][ 19]LogHandshake: SendConnectChallenge. Timestamp: 0.659753, Cookie: 123015232209161110216062116102253114083090013162247010029012
[2022.10.23-15.19.33:888][ 20]LogNet: NotifyAcceptingConnection accepted from: 127.0.0.1:56100
[2022.10.23-15.19.33:888][ 20]LogHandshake: SendChallengeAck. InCookie: 123015232209161110216062116102253114083090013162247010029012
[2022.10.23-15.19.33:889][ 20]LogNet: Server accepting post-challenge connection from: 127.0.0.1:56100
[2022.10.23-15.19.33:889][ 20]PacketHandlerLog: Loaded PacketHandler component: Engine.EngineHandlerComponentFactory (StatelessConnectHandlerComponent)
[2022.10.23-15.19.33:889][ 20]LogNet: NotifyAcceptedConnection: Name: TestMap, TimeStamp: 10/23/22 16:19:33, [UNetConnection] RemoteAddr: 127.0.0.1:56100, Name: IpConnection_0, Driver: GameNetDriver IpNetDriver_0, IsServer: YES, PC: NULL, Owner: NULL, UniqueId: INVALID
[2022.10.23-15.19.33:889][ 20]LogNet: AddClientConnection: Added client connection: [UNetConnection] RemoteAddr: 127.0.0.1:56100, Name: IpConnection_0, Driver: GameNetDriver IpNetDriver_0, IsServer: YES, PC: NULL, Owner: NULL, UniqueId: INVALID
[2022.10.23-15.19.33:890][ 20]LogNet: NotifyAcceptingChannel Control 0 server World /Game/Maps/TestMap.TestMap: Accepted
[2022.10.23-15.19.33:890][ 20]LogNet: Remote platform little endian=1
[2022.10.23-15.19.33:891][ 20]LogNet: This platform little endian=1
[2022.10.23-15.19.33:891][ 20]LogNetVersion: fpsgame 1.0.0.0, NetCL: 17155196, EngineNetVer: 17, GameNetVer: 0 (Checksum: 1484303137)
[2022.10.23-15.19.33:922][ 21]LogNet: Login request: ?Name=DESKTOP-QG36584-856626ED479958D963750E915AEB0DCF userId: NULL:DESKTOP-QG36584-856626ED479958D963750E915AEB0DCF platform: NULL
[2022.10.23-15.19.33:955][ 22]LogNet: Client netspeed is 100000
[2022.10.23-15.19.34:186][ 29]LogNet: NotifyAcceptingConnection accepted from: 127.0.0.1:49484
[2022.10.23-15.19.34:186][ 29]LogHandshake: SendConnectChallenge. Timestamp: 0.991053, Cookie: 112174007058115030020071253243220244186251102016192173170172
[2022.10.23-15.19.34:219][ 30]LogNet: Join request: /Engine/Maps/Entry?Name=DESKTOP-QG36584-856626ED479958D963750E915AEB0DCF?SplitscreenCount=1
[2022.10.23-15.19.34:219][ 30]LogOnlineSession: Warning: OSS: No game present to join for session (GameSession)
[2022.10.23-15.19.34:220][ 30]LogGameMode: Display: Match State Changed from WaitingToStart to InProgress
[2022.10.23-15.19.34:222][ 30]LogTemp: Warning: Numebr of rewind components = 1
[2022.10.23-15.19.34:222][ 30]LogGameState: Match State Changed from WaitingToStart to InProgress
[2022.10.23-15.19.34:222][ 30]LogNet: Join succeeded: DESKTOP-QG36584-8566
[2022.10.23-15.19.34:223][ 30]LogNet: NotifyAcceptingConnection accepted from: 127.0.0.1:49484
[2022.10.23-15.19.34:223][ 30]LogHandshake: SendChallengeAck. InCookie: 112174007058115030020071253243220244186251102016192173170172
[2022.10.23-15.19.34:223][ 30]LogNet: Server accepting post-challenge connection from: 127.0.0.1:49484
[2022.10.23-15.19.34:224][ 30]PacketHandlerLog: Loaded PacketHandler component: Engine.EngineHandlerComponentFactory (StatelessConnectHandlerComponent)
[2022.10.23-15.19.34:224][ 30]LogNet: NotifyAcceptedConnection: Name: TestMap, TimeStamp: 10/23/22 16:19:34, [UNetConnection] RemoteAddr: 127.0.0.1:49484, Name: IpConnection_1, Driver: GameNetDriver IpNetDriver_0, IsServer: YES, PC: NULL, Owner: NULL, UniqueId: INVALID
[2022.10.23-15.19.34:224][ 30]LogNet: AddClientConnection: Added client connection: [UNetConnection] RemoteAddr: 127.0.0.1:49484, Name: IpConnection_1, Driver: GameNetDriver IpNetDriver_0, IsServer: YES, PC: NULL, Owner: NULL, UniqueId: INVALID
[2022.10.23-15.19.34:252][ 31]LogNet: NotifyAcceptingChannel Control 0 server World /Game/Maps/TestMap.TestMap: Accepted
[2022.10.23-15.19.34:252][ 31]LogNet: Remote platform little endian=1
[2022.10.23-15.19.34:253][ 31]LogNet: This platform little endian=1
[2022.10.23-15.19.34:285][ 32]LogNet: Login request: ?PktLagMin=0?PktLagMax=0?PktLoss=0?PktIncomingLagMin=0?PktIncomingLagMax=0?PktIncomingLoss=0?Name=DESKTOP-QG36584-9DF268224E1725B80C693197EAC7FC9F userId: NULL:DESKTOP-QG36584-9DF268224E1725B80C693197EAC7FC9F platform: NULL
[2022.10.23-15.19.34:318][ 33]LogNet: Client netspeed is 100000
[2022.10.23-15.19.34:384][ 35]LogNet: Join request: /Engine/Maps/Entry?PktLagMin=0?PktLagMax=0?PktLoss=0?PktIncomingLagMin=0?PktIncomingLagMax=0?PktIncomingLoss=0?Name=DESKTOP-QG36584-9DF268224E1725B80C693197EAC7FC9F?SplitscreenCount=1
[2022.10.23-15.19.34:384][ 35]LogOnlineSession: Warning: OSS: No game present to join for session (GameSession)
[2022.10.23-15.19.34:386][ 35]LogTemp: Warning: Numebr of rewind components = 2
[2022.10.23-15.19.34:386][ 35]LogNet: Join succeeded: DESKTOP-QG36584-9DF2
[2022.10.23-15.19.42:942][293]LogTemp: Warning: Reliable pickup call
[2022.10.23-15.19.42:943][293]LogTemp: Warning: diarrhea
[2022.10.23-15.19.42:943][293]LogTemp: Warning: prime
[2022.10.23-15.19.42:944][293]LogTemp: Warning: SERVER: Log no. 0
[2022.10.23-15.19.42:944][293]LogTemp: Warning: No longer bursting
[2022.10.23-15.19.42:944][293]LogTemp: Warning: TP attach
[2022.10.23-15.19.42:945][293]LogTemp: Warning: Switch primary rpc call
[2022.10.23-15.19.42:945][293]LogTemp: Warning: prime
[2022.10.23-15.19.42:945][293]LogTemp: Warning: SERVER: Log no. 1
[2022.10.23-15.19.42:946][293]LogTemp: Warning: No longer bursting
[2022.10.23-15.19.42:946][293]LogTemp: Warning: TP attach
[2022.10.23-15.19.46:686][406]LogTemp: Warning: Weapon name: Prototype AR
[2022.10.23-15.19.46:686][406]LogTemp: Warning: Blocking
[2022.10.23-15.19.46:687][406]LogScript: Warning: Accessed None trying to read property CallFunc_SpawnSystemAtLocation_ReturnValue
	BP_Myfpscharacter_C /Game/Maps/TestMap.TestMap:PersistentLevel.BP_Myfpscharacter_C_0
	Function /Game/Blueprints/Character/BP_Myfpscharacter.BP_Myfpscharacter_C:ShowHitscanFireEffectTP:0050
[2022.10.23-15.19.46:688][406]LogScript: Warning: Script call stack:
	Function /Game/Blueprints/Character/BP_Myfpscharacter.BP_Myfpscharacter_C:ShowHitscanFireEffectTP

[2022.10.23-15.19.46:688][406]LogTemp: Warning: Got a hit
[2022.10.23-15.19.48:672][466]LogTemp: Warning: Weapon name: Prototype AR
[2022.10.23-15.19.48:673][466]LogTemp: Warning: miss
[2022.10.23-15.19.48:673][466]LogScript: Warning: Accessed None trying to read property CallFunc_SpawnSystemAtLocation_ReturnValue
	BP_Myfpscharacter_C /Game/Maps/TestMap.TestMap:PersistentLevel.BP_Myfpscharacter_C_0
	Function /Game/Blueprints/Character/BP_Myfpscharacter.BP_Myfpscharacter_C:ShowHitscanFireEffectTP:0050
[2022.10.23-15.19.48:673][466]LogScript: Warning: Script call stack:
	Function /Game/Blueprints/Character/BP_Myfpscharacter.BP_Myfpscharacter_C:ShowHitscanFireEffectTP

[2022.10.23-15.19.51:784][560]LogTemp: Warning: Weapon name: Prototype AR
[2022.10.23-15.19.51:785][560]LogTemp: Warning: miss
[2022.10.23-15.19.51:785][560]LogScript: Warning: Accessed None trying to read property CallFunc_SpawnSystemAtLocation_ReturnValue
	BP_Myfpscharacter_C /Game/Maps/TestMap.TestMap:PersistentLevel.BP_Myfpscharacter_C_0
	Function /Game/Blueprints/Character/BP_Myfpscharacter.BP_Myfpscharacter_C:ShowHitscanFireEffectTP:0050
[2022.10.23-15.19.51:786][560]LogScript: Warning: Script call stack:
	Function /Game/Blueprints/Character/BP_Myfpscharacter.BP_Myfpscharacter_C:ShowHitscanFireEffectTP

[2022.10.23-15.19.53:280][605]LogTemp: Warning: Weapon name: Prototype AR
[2022.10.23-15.19.53:281][605]LogTemp: Warning: miss
[2022.10.23-15.19.53:281][605]LogScript: Warning: Accessed None trying to read property CallFunc_SpawnSystemAtLocation_ReturnValue
	BP_Myfpscharacter_C /Game/Maps/TestMap.TestMap:PersistentLevel.BP_Myfpscharacter_C_0
	Function /Game/Blueprints/Character/BP_Myfpscharacter.BP_Myfpscharacter_C:ShowHitscanFireEffectTP:0050
[2022.10.23-15.19.53:281][605]LogScript: Warning: Script call stack:
	Function /Game/Blueprints/Character/BP_Myfpscharacter.BP_Myfpscharacter_C:ShowHitscanFireEffectTP

[2022.10.23-15.19.54:043][628]LogTemp: Warning: Weapon name: Prototype AR
[2022.10.23-15.19.54:043][628]LogTemp: Warning: miss
[2022.10.23-15.19.54:044][628]LogScript: Warning: Accessed None trying to read property CallFunc_SpawnSystemAtLocation_ReturnValue
	BP_Myfpscharacter_C /Game/Maps/TestMap.TestMap:PersistentLevel.BP_Myfpscharacter_C_0
	Function /Game/Blueprints/Character/BP_Myfpscharacter.BP_Myfpscharacter_C:ShowHitscanFireEffectTP:0050
[2022.10.23-15.19.54:045][628]LogScript: Warning: Script call stack:
	Function /Game/Blueprints/Character/BP_Myfpscharacter.BP_Myfpscharacter_C:ShowHitscanFireEffectTP

[2022.10.23-15.19.54:143][631]LogTemp: Warning: Weapon name: Prototype AR
[2022.10.23-15.19.54:144][631]LogTemp: Warning: miss
[2022.10.23-15.19.54:144][631]LogScript: Warning: Accessed None trying to read property CallFunc_SpawnSystemAtLocation_ReturnValue
	BP_Myfpscharacter_C /Game/Maps/TestMap.TestMap:PersistentLevel.BP_Myfpscharacter_C_0
	Function /Game/Blueprints/Character/BP_Myfpscharacter.BP_Myfpscharacter_C:ShowHitscanFireEffectTP:0050
[2022.10.23-15.19.54:144][631]LogScript: Warning: Script call stack:
	Function /Game/Blueprints/Character/BP_Myfpscharacter.BP_Myfpscharacter_C:ShowHitscanFireEffectTP

[2022.10.23-15.19.54:606][645]LogTemp: Warning: Weapon name: Prototype AR
[2022.10.23-15.19.54:606][645]LogTemp: Warning: miss
[2022.10.23-15.19.54:607][645]LogScript: Warning: Accessed None trying to read property CallFunc_SpawnSystemAtLocation_ReturnValue
	BP_Myfpscharacter_C /Game/Maps/TestMap.TestMap:PersistentLevel.BP_Myfpscharacter_C_0
	Function /Game/Blueprints/Character/BP_Myfpscharacter.BP_Myfpscharacter_C:ShowHitscanFireEffectTP:0050
[2022.10.23-15.19.54:607][645]LogScript: Warning: Script call stack:
	Function /Game/Blueprints/Character/BP_Myfpscharacter.BP_Myfpscharacter_C:ShowHitscanFireEffectTP

[2022.10.23-15.19.54:706][648]LogTemp: Warning: Weapon name: Prototype AR
[2022.10.23-15.19.54:707][648]LogTemp: Warning: miss
[2022.10.23-15.19.54:708][648]LogScript: Warning: Accessed None trying to read property CallFunc_SpawnSystemAtLocation_ReturnValue
	BP_Myfpscharacter_C /Game/Maps/TestMap.TestMap:PersistentLevel.BP_Myfpscharacter_C_0
	Function /Game/Blueprints/Character/BP_Myfpscharacter.BP_Myfpscharacter_C:ShowHitscanFireEffectTP:0050
[2022.10.23-15.19.54:708][648]LogScript: Warning: Script call stack:
	Function /Game/Blueprints/Character/BP_Myfpscharacter.BP_Myfpscharacter_C:ShowHitscanFireEffectTP

[2022.10.23-15.19.55:037][658]LogTemp: Warning: Weapon name: Prototype AR
[2022.10.23-15.19.55:038][658]LogTemp: Warning: miss
[2022.10.23-15.19.55:039][658]LogScript: Warning: Accessed None trying to read property CallFunc_SpawnSystemAtLocation_ReturnValue
	BP_Myfpscharacter_C /Game/Maps/TestMap.TestMap:PersistentLevel.BP_Myfpscharacter_C_0
	Function /Game/Blueprints/Character/BP_Myfpscharacter.BP_Myfpscharacter_C:ShowHitscanFireEffectTP:0050
[2022.10.23-15.19.55:039][658]LogScript: Warning: Script call stack:
	Function /Game/Blueprints/Character/BP_Myfpscharacter.BP_Myfpscharacter_C:ShowHitscanFireEffectTP

[2022.10.23-15.19.55:136][661]LogTemp: Warning: Weapon name: Prototype AR
[2022.10.23-15.19.55:136][661]LogTemp: Warning: miss
[2022.10.23-15.19.55:138][661]LogScript: Warning: Accessed None trying to read property CallFunc_SpawnSystemAtLocation_ReturnValue
	BP_Myfpscharacter_C /Game/Maps/TestMap.TestMap:PersistentLevel.BP_Myfpscharacter_C_0
	Function /Game/Blueprints/Character/BP_Myfpscharacter.BP_Myfpscharacter_C:ShowHitscanFireEffectTP:0050
[2022.10.23-15.19.55:139][661]LogScript: Warning: Script call stack:
	Function /Game/Blueprints/Character/BP_Myfpscharacter.BP_Myfpscharacter_C:ShowHitscanFireEffectTP

[2022.10.23-15.19.55:865][683]LogTemp: Warning: Weapon name: Prototype AR
[2022.10.23-15.19.55:865][683]LogTemp: Warning: miss
[2022.10.23-15.19.55:866][683]LogScript: Warning: Accessed None trying to read property CallFunc_SpawnSystemAtLocation_ReturnValue
	BP_Myfpscharacter_C /Game/Maps/TestMap.TestMap:PersistentLevel.BP_Myfpscharacter_C_0
	Function /Game/Blueprints/Character/BP_Myfpscharacter.BP_Myfpscharacter_C:ShowHitscanFireEffectTP:0050
[2022.10.23-15.19.55:866][683]LogScript: Warning: Script call stack:
	Function /Game/Blueprints/Character/BP_Myfpscharacter.BP_Myfpscharacter_C:ShowHitscanFireEffectTP

[2022.10.23-15.19.55:964][686]LogTemp: Warning: Weapon name: Prototype AR
[2022.10.23-15.19.55:965][686]LogTemp: Warning: miss
[2022.10.23-15.19.55:965][686]LogScript: Warning: Accessed None trying to read property CallFunc_SpawnSystemAtLocation_ReturnValue
	BP_Myfpscharacter_C /Game/Maps/TestMap.TestMap:PersistentLevel.BP_Myfpscharacter_C_0
	Function /Game/Blueprints/Character/BP_Myfpscharacter.BP_Myfpscharacter_C:ShowHitscanFireEffectTP:0050
[2022.10.23-15.19.55:965][686]LogScript: Warning: Script call stack:
	Function /Game/Blueprints/Character/BP_Myfpscharacter.BP_Myfpscharacter_C:ShowHitscanFireEffectTP

[2022.10.23-15.19.56:063][689]LogTemp: Warning: Weapon name: Prototype AR
[2022.10.23-15.19.56:064][689]LogTemp: Warning: miss
[2022.10.23-15.19.56:064][689]LogScript: Warning: Accessed None trying to read property CallFunc_SpawnSystemAtLocation_ReturnValue
	BP_Myfpscharacter_C /Game/Maps/TestMap.TestMap:PersistentLevel.BP_Myfpscharacter_C_0
	Function /Game/Blueprints/Character/BP_Myfpscharacter.BP_Myfpscharacter_C:ShowHitscanFireEffectTP:0050
[2022.10.23-15.19.56:065][689]LogScript: Warning: Script call stack:
	Function /Game/Blueprints/Character/BP_Myfpscharacter.BP_Myfpscharacter_C:ShowHitscanFireEffectTP

[2022.10.23-15.19.56:163][692]LogTemp: Warning: Weapon name: Prototype AR
[2022.10.23-15.19.56:163][692]LogTemp: Warning: miss
[2022.10.23-15.19.56:165][692]LogScript: Warning: Accessed None trying to read property CallFunc_SpawnSystemAtLocation_ReturnValue
	BP_Myfpscharacter_C /Game/Maps/TestMap.TestMap:PersistentLevel.BP_Myfpscharacter_C_0
	Function /Game/Blueprints/Character/BP_Myfpscharacter.BP_Myfpscharacter_C:ShowHitscanFireEffectTP:0050
[2022.10.23-15.19.56:165][692]LogScript: Warning: Script call stack:
	Function /Game/Blueprints/Character/BP_Myfpscharacter.BP_Myfpscharacter_C:ShowHitscanFireEffectTP

[2022.10.23-15.19.56:528][703]LogTemp: Warning: Weapon name: Prototype AR
[2022.10.23-15.19.56:529][703]LogTemp: Warning: miss
[2022.10.23-15.19.56:529][703]LogScript: Warning: Accessed None trying to read property CallFunc_SpawnSystemAtLocation_ReturnValue
	BP_Myfpscharacter_C /Game/Maps/TestMap.TestMap:PersistentLevel.BP_Myfpscharacter_C_0
	Function /Game/Blueprints/Character/BP_Myfpscharacter.BP_Myfpscharacter_C:ShowHitscanFireEffectTP:0050
[2022.10.23-15.19.56:529][703]LogScript: Warning: Script call stack:
	Function /Game/Blueprints/Character/BP_Myfpscharacter.BP_Myfpscharacter_C:ShowHitscanFireEffectTP

[2022.10.23-15.19.56:628][706]LogTemp: Warning: Weapon name: Prototype AR
[2022.10.23-15.19.56:629][706]LogTemp: Warning: miss
[2022.10.23-15.19.56:629][706]LogScript: Warning: Accessed None trying to read property CallFunc_SpawnSystemAtLocation_ReturnValue
	BP_Myfpscharacter_C /Game/Maps/TestMap.TestMap:PersistentLevel.BP_Myfpscharacter_C_0
	Function /Game/Blueprints/Character/BP_Myfpscharacter.BP_Myfpscharacter_C:ShowHitscanFireEffectTP:0050
[2022.10.23-15.19.56:630][706]LogScript: Warning: Script call stack:
	Function /Game/Blueprints/Character/BP_Myfpscharacter.BP_Myfpscharacter_C:ShowHitscanFireEffectTP

[2022.10.23-15.19.56:728][709]LogTemp: Warning: Weapon name: Prototype AR
[2022.10.23-15.19.56:729][709]LogTemp: Warning: miss
[2022.10.23-15.19.57:788][741]LogTemp: Warning: Weapon name: Prototype AR
[2022.10.23-15.19.57:789][741]LogTemp: Warning: miss
[2022.10.23-15.19.57:888][744]LogTemp: Warning: Weapon name: Prototype AR
[2022.10.23-15.19.57:889][744]LogTemp: Warning: miss
[2022.10.23-15.19.57:955][746]LogTemp: Warning: Weapon name: Prototype AR
[2022.10.23-15.19.57:956][746]LogTemp: Warning: miss
[2022.10.23-15.19.58:088][750]LogTemp: Warning: Weapon name: Prototype AR
[2022.10.23-15.19.58:089][750]LogTemp: Warning: miss
[2022.10.23-15.19.58:454][761]LogTemp: Warning: Weapon name: Prototype AR
[2022.10.23-15.19.58:455][761]LogTemp: Warning: miss
[2022.10.23-15.19.58:554][764]LogTemp: Warning: Weapon name: Prototype AR
[2022.10.23-15.19.58:555][764]LogTemp: Warning: miss
[2022.10.23-15.19.58:654][767]LogTemp: Warning: Weapon name: Prototype AR
[2022.10.23-15.19.58:655][767]LogTemp: Warning: miss
[2022.10.23-15.19.58:753][770]LogTemp: Warning: Weapon name: Prototype AR
[2022.10.23-15.19.58:754][770]LogTemp: Warning: miss
[2022.10.23-15.19.58:855][773]LogTemp: Warning: Weapon name: Prototype AR
[2022.10.23-15.19.58:856][773]LogTemp: Warning: miss
[2022.10.23-15.19.58:955][776]LogTemp: Warning: Weapon name: Prototype AR
[2022.10.23-15.19.58:955][776]LogTemp: Warning: miss
[2022.10.23-15.19.59:054][779]LogTemp: Warning: Weapon name: Prototype AR
[2022.10.23-15.19.59:055][779]LogTemp: Warning: miss
[2022.10.23-15.19.59:153][782]LogTemp: Warning: Weapon name: Prototype AR
[2022.10.23-15.19.59:154][782]LogTemp: Warning: miss
[2022.10.23-15.19.59:252][785]LogTemp: Warning: Weapon name: Prototype AR
[2022.10.23-15.19.59:253][785]LogTemp: Warning: miss
