Log file open, 04/14/23 19:08:44
LogWindows: Failed to load 'aqProf.dll' (GetLastError=126)
LogWindows: File 'aqProf.dll' does not exist
LogWindows: Failed to load 'VtuneApi.dll' (GetLastError=126)
LogWindows: File 'VtuneApi.dll' does not exist
LogWindows: Failed to load 'VtuneApi32e.dll' (GetLastError=126)
LogWindows: File 'VtuneApi32e.dll' does not exist
LogConsoleResponse: Display: Failed to find resolution value strings in scalability ini. Falling back to default.
LogConsoleResponse: Display: Failed to find resolution value strings in scalability ini. Falling back to default.
LogInit: Display: Running engine for game: fpsgame
LogPlatformFile: Not using cached read wrapper
LogTaskGraph: Started task graph with 5 named threads and 17 total threads with 3 sets of task threads.
LogStats: Stats thread started at 0.265617
LogICUInternationalization: ICU TimeZone Detection - Raw Offset: +0:00, Platform Override: ''
LogInit: Display: Loading text-based GConfig....
LogPluginManager: Mounting plugin MeshPainting
LogPluginManager: Mounting plugin XGEController
LogPluginManager: Mounting plugin Paper2D
LogPluginManager: Mounting plugin AISupport
LogPluginManager: Mounting plugin EnvironmentQueryEditor
LogPluginManager: Mounting plugin LiveLink
LogPluginManager: Mounting plugin LightPropagationVolume
LogPluginManager: Mounting plugin CameraShakePreviewer
LogPluginManager: Mounting plugin GameplayCameras
LogPluginManager: Mounting plugin OodleData
LogPluginManager: Mounting plugin OodleNetwork
LogPluginManager: Mounting plugin AnimationSharing
LogPluginManager: Mounting plugin CLionSourceCodeAccess
LogPluginManager: Mounting plugin CodeLiteSourceCodeAccess
LogPluginManager: Mounting plugin GitSourceControl
LogPluginManager: Mounting plugin KDevelopSourceCodeAccess
LogPluginManager: Mounting plugin NullSourceCodeAccess
LogPluginManager: Mounting plugin PerforceSourceControl
LogPluginManager: Mounting plugin PixWinPlugin
LogPluginManager: Mounting plugin PlasticSourceControl
LogPluginManager: Mounting plugin PluginUtils
LogPluginManager: Mounting plugin PropertyAccessNode
LogPluginManager: Mounting plugin RiderSourceCodeAccess
LogPluginManager: Mounting plugin SubversionSourceControl
LogPluginManager: Mounting plugin TextureFormatOodle
LogPluginManager: Mounting plugin UObjectPlugin
LogPluginManager: Mounting plugin VisualStudioCodeSourceCodeAccess
LogPluginManager: Mounting plugin VisualStudioSourceCodeAccess
LogPluginManager: Mounting plugin XCodeSourceCodeAccess
LogPluginManager: Mounting plugin AssetManagerEditor
LogPluginManager: Mounting plugin CryptoKeys
LogPluginManager: Mounting plugin CurveEditorTools
LogPluginManager: Mounting plugin DataValidation
LogPluginManager: Mounting plugin FacialAnimation
LogPluginManager: Mounting plugin GameplayTagsEditor
LogPluginManager: Mounting plugin GeometryMode
LogPluginManager: Mounting plugin MacGraphicsSwitching
LogPluginManager: Mounting plugin MaterialAnalyzer
LogPluginManager: Mounting plugin MobileLauncherProfileWizard
LogPluginManager: Mounting plugin PluginBrowser
LogPluginManager: Mounting plugin SpeedTreeImporter
LogPluginManager: Mounting plugin DatasmithContent
LogPluginManager: Mounting plugin VariantManagerContent
LogPluginManager: Mounting plugin AlembicImporter
LogPluginManager: Mounting plugin AutomationUtils
LogPluginManager: Mounting plugin BackChannel
LogPluginManager: Mounting plugin ChaosCloth
LogPluginManager: Mounting plugin ChaosClothEditor
LogPluginManager: Mounting plugin ChaosEditor
LogPluginManager: Mounting plugin ChaosNiagara
LogPluginManager: Mounting plugin ChaosSolverPlugin
LogPluginManager: Mounting plugin CharacterAI
LogPluginManager: Mounting plugin GeometryCache
LogPluginManager: Mounting plugin GeometryCollectionPlugin
LogPluginManager: Mounting plugin GeometryProcessing
LogPluginManager: Mounting plugin MotoSynth
LogPluginManager: Mounting plugin OpenImageDenoise
LogPluginManager: Mounting plugin PlanarCut
LogPluginManager: Mounting plugin PlatformCrypto
LogPluginManager: Mounting plugin ProxyLODPlugin
LogPluginManager: Mounting plugin PythonScriptPlugin
LogPluginManager: Mounting plugin SkeletalReduction
LogPluginManager: Mounting plugin Niagara
LogPluginManager: Mounting plugin LuminPlatformFeatures
LogPluginManager: Mounting plugin MagicLeap
LogPluginManager: Mounting plugin MagicLeapLightEstimation
LogPluginManager: Mounting plugin MagicLeapMedia
LogPluginManager: Mounting plugin MagicLeapPassableWorld
LogPluginManager: Mounting plugin MLSDK
LogPluginManager: Mounting plugin AndroidMedia
LogPluginManager: Mounting plugin AvfMedia
LogPluginManager: Mounting plugin ImgMedia
LogPluginManager: Mounting plugin MediaCompositing
LogPluginManager: Mounting plugin MediaPlayerEditor
LogPluginManager: Mounting plugin WebMMedia
LogPluginManager: Mounting plugin WmfMedia
LogPluginManager: Mounting plugin TcpMessaging
LogPluginManager: Mounting plugin UdpMessaging
LogPluginManager: Mounting plugin ActorSequence
LogPluginManager: Mounting plugin LevelSequenceEditor
LogPluginManager: Mounting plugin MatineeToLevelSequence
LogPluginManager: Mounting plugin TemplateSequence
LogPluginManager: Mounting plugin OnlineSubsystem
LogPluginManager: Mounting plugin OnlineSubsystemNull
LogPluginManager: Mounting plugin OnlineSubsystemUtils
LogPluginManager: Mounting plugin LauncherChunkInstaller
LogPluginManager: Mounting plugin ActorLayerUtilities
LogPluginManager: Mounting plugin AndroidDeviceProfileSelector
LogPluginManager: Mounting plugin AndroidMoviePlayer
LogPluginManager: Mounting plugin AndroidPermission
LogPluginManager: Mounting plugin AppleImageUtils
LogPluginManager: Mounting plugin AppleMoviePlayer
LogPluginManager: Mounting plugin ArchVisCharacter
LogPluginManager: Mounting plugin AssetTags
LogPluginManager: Mounting plugin AudioCapture
LogPluginManager: Mounting plugin AudioSynesthesia
LogPluginManager: Mounting plugin CableComponent
LogPluginManager: Mounting plugin ChunkDownloader
LogPluginManager: Mounting plugin CustomMeshComponent
LogPluginManager: Mounting plugin EditableMesh
LogPluginManager: Mounting plugin ExampleDeviceProfileSelector
LogPluginManager: Mounting plugin GoogleCloudMessaging
LogPluginManager: Mounting plugin GooglePAD
LogPluginManager: Mounting plugin IOSDeviceProfileSelector
LogPluginManager: Mounting plugin LinuxDeviceProfileSelector
LogPluginManager: Mounting plugin LocationServicesBPLibrary
LogPluginManager: Mounting plugin MobilePatchingUtils
LogPluginManager: Mounting plugin OpenXR
LogPluginManager: Mounting plugin OpenXREyeTracker
LogPluginManager: Mounting plugin OpenXRHandTracking
LogPluginManager: Mounting plugin PhysXVehicles
LogPluginManager: Mounting plugin PostSplashScreen
LogPluginManager: Mounting plugin ProceduralMeshComponent
LogPluginManager: Mounting plugin PropertyAccessEditor
LogPluginManager: Mounting plugin RuntimePhysXCooking
LogPluginManager: Mounting plugin SignificanceManager
LogPluginManager: Mounting plugin SoundFields
LogPluginManager: Mounting plugin Synthesis
LogPluginManager: Mounting plugin WebMMoviePlayer
LogPluginManager: Mounting plugin WindowsMoviePlayer
LogPluginManager: Mounting plugin ScreenshotTools
LogPluginManager: Mounting plugin Takes
LogPluginManager: Mounting plugin ContentBrowserAssetDataSource
LogPluginManager: Mounting plugin ContentBrowserClassDataSource
LogPluginManager: Mounting plugin ContentBrowserFileDataSource
LogPluginManager: Mounting plugin OnlineSubsystemGooglePlay
LogPluginManager: Mounting plugin OnlineSubsystemIOS
LogPluginManager: Mounting plugin OculusVR
LogPluginManager: Mounting plugin SteamVR
PixWinPlugin: PIX capture plugin failed to initialize! Check that the process is launched from PIX.
LogInit: Using libcurl 7.55.1-DEV
LogInit:  - built for x86_64-pc-win32
LogInit:  - supports SSL with OpenSSL/1.1.1
LogInit:  - supports HTTP deflate (compression) using libz 1.2.8
LogInit:  - other features:
LogInit:      CURL_VERSION_SSL
LogInit:      CURL_VERSION_LIBZ
LogInit:      CURL_VERSION_IPV6
LogInit:      CURL_VERSION_ASYNCHDNS
LogInit:      CURL_VERSION_LARGEFILE
LogInit:      CURL_VERSION_IDN
LogInit:  CurlRequestOptions (configurable via config and command line):
LogInit:  - bVerifyPeer = true  - Libcurl will verify peer certificate
LogInit:  - bUseHttpProxy = false  - Libcurl will NOT use HTTP proxy
LogInit:  - bDontReuseConnections = false  - Libcurl will reuse connections
LogInit:  - MaxHostConnections = 16  - Libcurl will limit the number of connections to a host
LogInit:  - LocalHostAddr = Default
LogInit:  - BufferSize = 65536
LogOnline: OSS: Creating online subsystem instance for: NULL
LogInit: WinSock: version 1.1 (2.2), MaxSocks=32767, MaxUdp=65467
LogOnline: OSS: TryLoadSubsystemAndSetDefault: Loaded subsystem for module [NULL]
LogInit: Build: ++UE4+Release-4.27-CL-18319896
LogInit: Engine Version: 4.27.2-18319896+++UE4+Release-4.27
LogInit: Compatible Engine Version: 4.27.0-17155196+++UE4+Release-4.27
LogInit: Net CL: 17155196
LogInit: OS: Windows 10 (Release 2009) (), CPU: AMD Ryzen 5 3600X 6-Core Processor             , GPU: AMD Radeon RX 5700 XT
LogInit: Compiled (64-bit): Nov 30 2021 07:12:08
LogInit: Compiled with Visual C++: 19.24.28315.00
LogInit: Build Configuration: Development
LogInit: Branch Name: ++UE4+Release-4.27
LogInit: Command Line:  /Game/Maps/TestMap -game -PIEVIACONSOLE -Multiprocess -server -log "GameUserSettingsINI=C:/Users/danie/Documents/Gamedev VR/game/UE4 game/fpsgame/Saved/Config/Windows/PIEGameUserSettings0.ini" -MultiprocessSaveConfig -forcepassthrough -messaging -SessionName="Play in Standalone Game" -port=17777 -PktLagMin=0 -PktLagMax=0 -PktLoss=0 -PktIncomingLagMin=0 -PktIncomingLagMax=0 -PktIncomingLoss=0 -windowed
LogInit: Base Directory: C:/Program Files/Epic Games/UE_4.27/Engine/Binaries/Win64/
LogInit: Allocator: TBB
LogInit: Installed Engine Build: 1
LogDevObjectVersion: Number of dev versions registered: 29
LogDevObjectVersion:   Dev-Blueprints (B0D832E4-1F89-4F0D-ACCF-7EB736FD4AA2): 10
LogDevObjectVersion:   Dev-Build (E1C64328-A22C-4D53-A36C-8E866417BD8C): 0
LogDevObjectVersion:   Dev-Core (375EC13C-06E4-48FB-B500-84F0262A717E): 4
LogDevObjectVersion:   Dev-Editor (E4B068ED-F494-42E9-A231-DA0B2E46BB41): 40
LogDevObjectVersion:   Dev-Framework (CFFC743F-43B0-4480-9391-14DF171D2073): 37
LogDevObjectVersion:   Dev-Mobile (B02B49B5-BB20-44E9-A304-32B752E40360): 3
LogDevObjectVersion:   Dev-Networking (A4E4105C-59A1-49B5-A7C5-40C4547EDFEE): 0
LogDevObjectVersion:   Dev-Online (39C831C9-5AE6-47DC-9A44-9C173E1C8E7C): 0
LogDevObjectVersion:   Dev-Physics (78F01B33-EBEA-4F98-B9B4-84EACCB95AA2): 14
LogDevObjectVersion:   Dev-Platform (6631380F-2D4D-43E0-8009-CF276956A95A): 0
LogDevObjectVersion:   Dev-Rendering (12F88B9F-8875-4AFC-A67C-D90C383ABD29): 45
LogDevObjectVersion:   Dev-Sequencer (7B5AE74C-D270-4C10-A958-57980B212A5A): 13
LogDevObjectVersion:   Dev-VR (D7296918-1DD6-4BDD-9DE2-64A83CC13884): 3
LogDevObjectVersion:   Dev-LoadTimes (C2A15278-BFE7-4AFE-6C17-90FF531DF755): 1
LogDevObjectVersion:   Private-Geometry (6EACA3D4-40EC-4CC1-B786-8BED09428FC5): 3
LogDevObjectVersion:   Dev-AnimPhys (29E575DD-E0A3-4627-9D10-D276232CDCEA): 17
LogDevObjectVersion:   Dev-Anim (AF43A65D-7FD3-4947-9873-3E8ED9C1BB05): 15
LogDevObjectVersion:   Dev-ReflectionCapture (6B266CEC-1EC7-4B8F-A30B-E4D90942FC07): 1
LogDevObjectVersion:   Dev-Automation (0DF73D61-A23F-47EA-B727-89E90C41499A): 1
LogDevObjectVersion:   FortniteMain (601D1886-AC64-4F84-AA16-D3DE0DEAC7D6): 47
LogDevObjectVersion:   FortniteRelease (E7086368-6B23-4C58-8439-1B7016265E91): 1
LogDevObjectVersion:   Dev-Enterprise (9DFFBCD6-494F-0158-E221-12823C92A888): 10
LogDevObjectVersion:   Dev-Niagara (F2AED0AC-9AFE-416F-8664-AA7FFA26D6FC): 1
LogDevObjectVersion:   Dev-Destruction (174F1F0B-B4C6-45A5-B13F-2EE8D0FB917D): 10
LogDevObjectVersion:   Dev-Physics-Ext (35F94A83-E258-406C-A318-09F59610247C): 41
LogDevObjectVersion:   Dev-PhysicsMaterial-Chaos (B68FC16E-8B1B-42E2-B453-215C058844FE): 1
LogDevObjectVersion:   Dev-CineCamera (B2E18506-4273-CFC2-A54E-F4BB758BBA07): 1
LogDevObjectVersion:   Dev-VirtualProduction (64F58936-FD1B-42BA-BA96-7289D5D0FA4E): 1
LogDevObjectVersion:   Dev-MediaFramework (6F0ED827-A609-4895-9C91-998D90180EA4): 2
LogInit: Presizing for max 25165824 objects, including 0 objects not considered by GC, pre-allocating 0 bytes for permanent pool.
LogConfig: Applying CVar settings from Section [/Script/Engine.StreamingSettings] File [C:/Users/danie/Documents/Gamedev VR/game/UE4 game/fpsgame/Saved/Config/Windows/Engine.ini]
LogConfig: Setting CVar [[s.MinBulkDataSizeForAsyncLoading:131072]]
LogConfig: Setting CVar [[s.AsyncLoadingThreadEnabled:0]]
LogConfig: Setting CVar [[s.EventDrivenLoaderEnabled:1]]
LogConfig: Setting CVar [[s.WarnIfTimeLimitExceeded:0]]
LogConfig: Setting CVar [[s.TimeLimitExceededMultiplier:1.5]]
LogConfig: Setting CVar [[s.TimeLimitExceededMinTime:0.005]]
LogConfig: Setting CVar [[s.UseBackgroundLevelStreaming:1]]
LogConfig: Setting CVar [[s.PriorityAsyncLoadingExtraTime:15.0]]
LogConfig: Setting CVar [[s.LevelStreamingActorsUpdateTimeLimit:5.0]]
LogConfig: Setting CVar [[s.PriorityLevelStreamingActorsUpdateExtraTime:5.0]]
LogConfig: Setting CVar [[s.LevelStreamingComponentsRegistrationGranularity:10]]
LogConfig: Setting CVar [[s.UnregisterComponentsTimeLimit:1.0]]
LogConfig: Setting CVar [[s.LevelStreamingComponentsUnregistrationGranularity:5]]
LogConfig: Setting CVar [[s.FlushStreamingOnExit:1]]
LogInit: Object subsystem initialized
LogConfig: Setting CVar [[con.DebugEarlyDefault:1]]
LogConfig: Setting CVar [[r.setres:1280x720]]
[2023.04.14-18.08.44:613][  0]LogConfig: Setting CVar [[con.DebugEarlyDefault:1]]
[2023.04.14-18.08.44:613][  0]LogConfig: Setting CVar [[r.setres:1280x720]]
[2023.04.14-18.08.44:614][  0]LogConfig: Applying CVar settings from Section [/Script/Engine.RendererSettings] File [C:/Users/danie/Documents/Gamedev VR/game/UE4 game/fpsgame/Saved/Config/Windows/Engine.ini]
[2023.04.14-18.08.44:616][  0]LogConfig: Setting CVar [[r.GPUCrashDebugging:0]]
[2023.04.14-18.08.44:617][  0]LogConfig: Setting CVar [[r.Mobile.DisableVertexFog:1]]
[2023.04.14-18.08.44:617][  0]LogConfig: Setting CVar [[r.Shadow.CSM.MaxMobileCascades:2]]
[2023.04.14-18.08.44:617][  0]LogConfig: Setting CVar [[r.MobileMSAA:1]]
[2023.04.14-18.08.44:618][  0]LogConfig: Setting CVar [[r.Mobile.AllowDitheredLODTransition:0]]
[2023.04.14-18.08.44:618][  0]LogConfig: Setting CVar [[r.Mobile.AllowSoftwareOcclusion:0]]
[2023.04.14-18.08.44:618][  0]LogConfig: Setting CVar [[r.Mobile.VirtualTextures:0]]
[2023.04.14-18.08.44:619][  0]LogConfig: Setting CVar [[r.DiscardUnusedQuality:0]]
[2023.04.14-18.08.44:619][  0]LogConfig: Setting CVar [[r.AllowOcclusionQueries:1]]
[2023.04.14-18.08.44:619][  0]LogConfig: Setting CVar [[r.MinScreenRadiusForLights:0.030000]]
[2023.04.14-18.08.44:619][  0]LogConfig: Setting CVar [[r.MinScreenRadiusForDepthPrepass:0.030000]]
[2023.04.14-18.08.44:620][  0]LogConfig: Setting CVar [[r.MinScreenRadiusForCSMDepth:0.010000]]
[2023.04.14-18.08.44:620][  0]LogConfig: Setting CVar [[r.PrecomputedVisibilityWarning:0]]
[2023.04.14-18.08.44:620][  0]LogConfig: Setting CVar [[r.TextureStreaming:1]]
[2023.04.14-18.08.44:620][  0]LogConfig: Setting CVar [[Compat.UseDXT5NormalMaps:0]]
[2023.04.14-18.08.44:621][  0]LogConfig: Setting CVar [[r.VirtualTextures:0]]
[2023.04.14-18.08.44:621][  0]LogConfig: Setting CVar [[r.VT.EnableAutoImport:1]]
[2023.04.14-18.08.44:621][  0]LogConfig: Setting CVar [[r.VirtualTexturedLightmaps:0]]
[2023.04.14-18.08.44:622][  0]LogConfig: Setting CVar [[r.VT.TileSize:128]]
[2023.04.14-18.08.44:622][  0]LogConfig: Setting CVar [[r.VT.TileBorderSize:4]]
[2023.04.14-18.08.44:622][  0]LogConfig: Setting CVar [[r.vt.FeedbackFactor:16]]
[2023.04.14-18.08.44:622][  0]LogConfig: Setting CVar [[r.VT.EnableCompressZlib:1]]
[2023.04.14-18.08.44:623][  0]LogConfig: Setting CVar [[r.VT.EnableCompressCrunch:0]]
[2023.04.14-18.08.44:623][  0]LogConfig: Setting CVar [[r.ClearCoatNormal:0]]
[2023.04.14-18.08.44:623][  0]LogConfig: Setting CVar [[r.ReflectionCaptureResolution:128]]
[2023.04.14-18.08.44:624][  0]LogConfig: Setting CVar [[r.Mobile.ReflectionCaptureCompression:0]]
[2023.04.14-18.08.44:624][  0]LogConfig: Setting CVar [[r.ReflectionEnvironmentLightmapMixBasedOnRoughness:1]]
[2023.04.14-18.08.44:624][  0]LogConfig: Setting CVar [[r.ForwardShading:0]]
[2023.04.14-18.08.44:624][  0]LogConfig: Setting CVar [[r.VertexFoggingForOpaque:1]]
[2023.04.14-18.08.44:625][  0]LogConfig: Setting CVar [[r.AllowStaticLighting:1]]
[2023.04.14-18.08.44:625][  0]LogConfig: Setting CVar [[r.NormalMapsForStaticLighting:0]]
[2023.04.14-18.08.44:625][  0]LogConfig: Setting CVar [[r.GenerateMeshDistanceFields:0]]
[2023.04.14-18.08.44:626][  0]LogConfig: Setting CVar [[r.DistanceFieldBuild.EightBit:0]]
[2023.04.14-18.08.44:626][  0]LogConfig: Setting CVar [[r.GenerateLandscapeGIData:0]]
[2023.04.14-18.08.44:626][  0]LogConfig: Setting CVar [[r.DistanceFieldBuild.Compress:0]]
[2023.04.14-18.08.44:626][  0]LogConfig: Setting CVar [[r.TessellationAdaptivePixelsPerTriangle:48.000000]]
[2023.04.14-18.08.44:627][  0]LogConfig: Setting CVar [[r.SeparateTranslucency:1]]
[2023.04.14-18.08.44:627][  0]LogConfig: Setting CVar [[r.TranslucentSortPolicy:0]]
[2023.04.14-18.08.44:627][  0]LogConfig: Setting CVar [[vr.VRS.HMDFixedFoveationLevel:0]]
[2023.04.14-18.08.44:628][  0]LogConfig: Setting CVar [[r.CustomDepth:1]]
[2023.04.14-18.08.44:628][  0]LogConfig: Setting CVar [[r.CustomDepthTemporalAAJitter:1]]
[2023.04.14-18.08.44:628][  0]LogConfig: Setting CVar [[r.PostProcessing.PropagateAlpha:0]]
[2023.04.14-18.08.44:628][  0]LogConfig: Setting CVar [[r.DefaultFeature.Bloom:1]]
[2023.04.14-18.08.44:629][  0]LogConfig: Setting CVar [[r.DefaultFeature.AmbientOcclusion:1]]
[2023.04.14-18.08.44:631][  0]LogConfig: Setting CVar [[r.DefaultFeature.AmbientOcclusionStaticFraction:1]]
[2023.04.14-18.08.44:631][  0]LogConfig: Setting CVar [[r.DefaultFeature.AutoExposure:0]]
[2023.04.14-18.08.44:631][  0]LogConfig: Setting CVar [[r.DefaultFeature.AutoExposure.Method:0]]
[2023.04.14-18.08.44:632][  0]LogConfig: Setting CVar [[r.DefaultFeature.AutoExposure.Bias:1.000000]]
[2023.04.14-18.08.44:632][  0]LogConfig: Setting CVar [[r.DefaultFeature.AutoExposure.ExtendDefaultLuminanceRange:0]]
[2023.04.14-18.08.44:632][  0]LogConfig: Setting CVar [[r.UsePreExposure:1]]
[2023.04.14-18.08.44:633][  0]LogConfig: Setting CVar [[r.EyeAdaptation.EditorOnly:0]]
[2023.04.14-18.08.44:633][  0]LogConfig: Setting CVar [[r.DefaultFeature.MotionBlur:0]]
[2023.04.14-18.08.44:633][  0]LogConfig: Setting CVar [[r.DefaultFeature.LensFlare:0]]
[2023.04.14-18.08.44:633][  0]LogConfig: Setting CVar [[r.TemporalAA.Upsampling:0]]
[2023.04.14-18.08.44:634][  0]LogConfig: Setting CVar [[r.SSGI.Enable:0]]
[2023.04.14-18.08.44:634][  0]LogConfig: Setting CVar [[r.DefaultFeature.AntiAliasing:0]]
[2023.04.14-18.08.44:634][  0]LogConfig: Setting CVar [[r.DefaultFeature.LightUnits:1]]
[2023.04.14-18.08.44:634][  0]LogConfig: Setting CVar [[r.DefaultBackBufferPixelFormat:4]]
[2023.04.14-18.08.44:635][  0]LogConfig: Setting CVar [[r.Shadow.UnbuiltPreviewInGame:1]]
[2023.04.14-18.08.44:635][  0]LogConfig: Setting CVar [[r.StencilForLODDither:0]]
[2023.04.14-18.08.44:635][  0]LogConfig: Setting CVar [[r.EarlyZPass:3]]
[2023.04.14-18.08.44:636][  0]LogConfig: Setting CVar [[r.EarlyZPassOnlyMaterialMasking:0]]
[2023.04.14-18.08.44:636][  0]LogConfig: Setting CVar [[r.DBuffer:1]]
[2023.04.14-18.08.44:636][  0]LogConfig: Setting CVar [[r.ClearSceneMethod:1]]
[2023.04.14-18.08.44:636][  0]LogConfig: Setting CVar [[r.BasePassOutputsVelocity:0]]
[2023.04.14-18.08.44:637][  0]LogConfig: Setting CVar [[r.VertexDeformationOutputsVelocity:0]]
[2023.04.14-18.08.44:637][  0]LogConfig: Setting CVar [[r.SelectiveBasePassOutputs:0]]
[2023.04.14-18.08.44:637][  0]LogConfig: Setting CVar [[fx.GPUSimulationTextureSizeX:1024]]
[2023.04.14-18.08.44:638][  0]LogConfig: Setting CVar [[fx.GPUSimulationTextureSizeY:1024]]
[2023.04.14-18.08.44:638][  0]LogConfig: Setting CVar [[r.AllowGlobalClipPlane:0]]
[2023.04.14-18.08.44:638][  0]LogConfig: Setting CVar [[r.GBufferFormat:1]]
[2023.04.14-18.08.44:638][  0]LogConfig: Setting CVar [[r.MorphTarget.Mode:1]]
[2023.04.14-18.08.44:639][  0]LogConfig: Setting CVar [[vr.InstancedStereo:0]]
[2023.04.14-18.08.44:639][  0]LogConfig: Setting CVar [[r.MobileHDR:1]]
[2023.04.14-18.08.44:639][  0]LogConfig: Setting CVar [[vr.MobileMultiView:0]]
[2023.04.14-18.08.44:639][  0]LogConfig: Setting CVar [[r.Mobile.UseHWsRGBEncoding:0]]
[2023.04.14-18.08.44:640][  0]LogConfig: Setting CVar [[vr.RoundRobinOcclusion:0]]
[2023.04.14-18.08.44:640][  0]LogConfig: Setting CVar [[vr.ODSCapture:0]]
[2023.04.14-18.08.44:640][  0]LogConfig: Setting CVar [[r.MeshStreaming:0]]
[2023.04.14-18.08.44:641][  0]LogConfig: Setting CVar [[r.WireframeCullThreshold:5.000000]]
[2023.04.14-18.08.44:641][  0]LogConfig: Setting CVar [[r.RayTracing:0]]
[2023.04.14-18.08.44:641][  0]LogConfig: Setting CVar [[r.RayTracing.UseTextureLod:0]]
[2023.04.14-18.08.44:641][  0]LogConfig: Setting CVar [[r.SupportStationarySkylight:1]]
[2023.04.14-18.08.44:642][  0]LogConfig: Setting CVar [[r.SupportLowQualityLightmaps:1]]
[2023.04.14-18.08.44:642][  0]LogConfig: Setting CVar [[r.SupportPointLightWholeSceneShadows:1]]
[2023.04.14-18.08.44:642][  0]LogConfig: Setting CVar [[r.SupportAtmosphericFog:1]]
[2023.04.14-18.08.44:642][  0]LogConfig: Setting CVar [[r.SupportSkyAtmosphere:1]]
[2023.04.14-18.08.44:643][  0]LogConfig: Setting CVar [[r.SupportSkyAtmosphereAffectsHeightFog:0]]
[2023.04.14-18.08.44:643][  0]LogConfig: Setting CVar [[r.SkinCache.CompileShaders:0]]
[2023.04.14-18.08.44:643][  0]LogConfig: Setting CVar [[r.SkinCache.DefaultBehavior:1]]
[2023.04.14-18.08.44:644][  0]LogConfig: Setting CVar [[r.SkinCache.SceneMemoryLimitInMB:128.000000]]
[2023.04.14-18.08.44:644][  0]LogConfig: Setting CVar [[r.Mobile.EnableStaticAndCSMShadowReceivers:1]]
[2023.04.14-18.08.44:644][  0]LogConfig: Setting CVar [[r.Mobile.EnableMovableLightCSMShaderCulling:1]]
[2023.04.14-18.08.44:644][  0]LogConfig: Setting CVar [[r.Mobile.AllowDistanceFieldShadows:1]]
[2023.04.14-18.08.44:645][  0]LogConfig: Setting CVar [[r.Mobile.AllowMovableDirectionalLights:1]]
[2023.04.14-18.08.44:647][  0]LogConfig: Setting CVar [[r.MobileNumDynamicPointLights:4]]
[2023.04.14-18.08.44:647][  0]LogConfig: Setting CVar [[r.MobileDynamicPointLightsUseStaticBranch:1]]
[2023.04.14-18.08.44:648][  0]LogConfig: Setting CVar [[r.Mobile.EnableMovableSpotlights:0]]
[2023.04.14-18.08.44:648][  0]LogConfig: Setting CVar [[r.Mobile.EnableMovableSpotlightsShadow:0]]
[2023.04.14-18.08.44:648][  0]LogConfig: Setting CVar [[r.GPUSkin.Support16BitBoneIndex:0]]
[2023.04.14-18.08.44:648][  0]LogConfig: Setting CVar [[r.GPUSkin.Limit2BoneInfluences:0]]
[2023.04.14-18.08.44:649][  0]LogConfig: Setting CVar [[r.SupportDepthOnlyIndexBuffers:1]]
[2023.04.14-18.08.44:649][  0]LogConfig: Setting CVar [[r.SupportReversedIndexBuffers:1]]
[2023.04.14-18.08.44:650][  0]LogConfig: Setting CVar [[r.LightPropagationVolume:0]]
[2023.04.14-18.08.44:650][  0]LogConfig: Setting CVar [[r.Mobile.AmbientOcclusion:0]]
[2023.04.14-18.08.44:650][  0]LogConfig: Setting CVar [[r.GPUSkin.UnlimitedBoneInfluences:0]]
[2023.04.14-18.08.44:651][  0]LogConfig: Setting CVar [[r.GPUSkin.UnlimitedBoneInfluencesThreshold:8]]
[2023.04.14-18.08.44:651][  0]LogConfig: Setting CVar [[r.Mobile.PlanarReflectionMode:0]]
[2023.04.14-18.08.44:651][  0]LogConfig: Setting CVar [[r.Mobile.SupportsGen4TAA:0]]
[2023.04.14-18.08.44:651][  0]LogConfig: Applying CVar settings from Section [/Script/Engine.RendererOverrideSettings] File [C:/Users/danie/Documents/Gamedev VR/game/UE4 game/fpsgame/Saved/Config/Windows/Engine.ini]
[2023.04.14-18.08.44:652][  0]LogConfig: Applying CVar settings from Section [/Script/Engine.StreamingSettings] File [C:/Users/danie/Documents/Gamedev VR/game/UE4 game/fpsgame/Saved/Config/Windows/Engine.ini]
[2023.04.14-18.08.44:652][  0]LogConfig: Setting CVar [[s.MinBulkDataSizeForAsyncLoading:131072]]
[2023.04.14-18.08.44:652][  0]LogConfig: Setting CVar [[s.AsyncLoadingThreadEnabled:0]]
[2023.04.14-18.08.44:653][  0]LogConfig: Setting CVar [[s.EventDrivenLoaderEnabled:1]]
[2023.04.14-18.08.44:653][  0]LogConfig: Setting CVar [[s.WarnIfTimeLimitExceeded:0]]
[2023.04.14-18.08.44:653][  0]LogConfig: Setting CVar [[s.TimeLimitExceededMultiplier:1.5]]
[2023.04.14-18.08.44:654][  0]LogConfig: Setting CVar [[s.TimeLimitExceededMinTime:0.005]]
[2023.04.14-18.08.44:654][  0]LogConfig: Setting CVar [[s.UseBackgroundLevelStreaming:1]]
[2023.04.14-18.08.44:654][  0]LogConfig: Setting CVar [[s.PriorityAsyncLoadingExtraTime:15.0]]
[2023.04.14-18.08.44:654][  0]LogConfig: Setting CVar [[s.LevelStreamingActorsUpdateTimeLimit:5.0]]
[2023.04.14-18.08.44:655][  0]LogConfig: Setting CVar [[s.PriorityLevelStreamingActorsUpdateExtraTime:5.0]]
[2023.04.14-18.08.44:655][  0]LogConfig: Setting CVar [[s.LevelStreamingComponentsRegistrationGranularity:10]]
[2023.04.14-18.08.44:655][  0]LogConfig: Setting CVar [[s.UnregisterComponentsTimeLimit:1.0]]
[2023.04.14-18.08.44:655][  0]LogConfig: Setting CVar [[s.LevelStreamingComponentsUnregistrationGranularity:5]]
[2023.04.14-18.08.44:656][  0]LogConfig: Setting CVar [[s.FlushStreamingOnExit:1]]
[2023.04.14-18.08.44:656][  0]LogConfig: Applying CVar settings from Section [/Script/Engine.GarbageCollectionSettings] File [C:/Users/danie/Documents/Gamedev VR/game/UE4 game/fpsgame/Saved/Config/Windows/Engine.ini]
[2023.04.14-18.08.44:656][  0]LogConfig: Setting CVar [[gc.MaxObjectsNotConsideredByGC:1]]
[2023.04.14-18.08.44:657][  0]LogConfig: Setting CVar [[gc.SizeOfPermanentObjectPool:0]]
[2023.04.14-18.08.44:657][  0]LogConfig: Setting CVar [[gc.FlushStreamingOnGC:0]]
[2023.04.14-18.08.44:657][  0]LogConfig: Setting CVar [[gc.NumRetriesBeforeForcingGC:10]]
[2023.04.14-18.08.44:658][  0]LogConfig: Setting CVar [[gc.AllowParallelGC:1]]
[2023.04.14-18.08.44:658][  0]LogConfig: Setting CVar [[gc.TimeBetweenPurgingPendingKillObjects:61.1]]
[2023.04.14-18.08.44:658][  0]LogConfig: Setting CVar [[gc.MaxObjectsInEditor:25165824]]
[2023.04.14-18.08.44:658][  0]LogConfig: Setting CVar [[gc.IncrementalBeginDestroyEnabled:1]]
[2023.04.14-18.08.44:659][  0]LogConfig: Setting CVar [[gc.CreateGCClusters:1]]
[2023.04.14-18.08.44:659][  0]LogConfig: Setting CVar [[gc.MinGCClusterSize:5]]
[2023.04.14-18.08.44:659][  0]LogConfig: Setting CVar [[gc.ActorClusteringEnabled:0]]
[2023.04.14-18.08.44:660][  0]LogConfig: Setting CVar [[gc.BlueprintClusteringEnabled:0]]
[2023.04.14-18.08.44:660][  0]LogConfig: Setting CVar [[gc.UseDisregardForGCOnDedicatedServers:0]]
[2023.04.14-18.08.44:660][  0]LogConfig: Setting CVar [[gc.MultithreadedDestructionEnabled:1]]
[2023.04.14-18.08.44:660][  0]LogConfig: Applying CVar settings from Section [/Script/Engine.NetworkSettings] File [C:/Users/danie/Documents/Gamedev VR/game/UE4 game/fpsgame/Saved/Config/Windows/Engine.ini]
[2023.04.14-18.08.44:661][  0]LogConfig: Applying CVar settings from Section [/Script/UnrealEd.CookerSettings] File [C:/Users/danie/Documents/Gamedev VR/game/UE4 game/fpsgame/Saved/Config/Windows/Engine.ini]
[2023.04.14-18.08.44:664][  0]LogConfig: Applying CVar settings from Section [ViewDistanceQuality@3] File [C:/Users/danie/Documents/Gamedev VR/game/UE4 game/fpsgame/Saved/Config/Windows/Scalability.ini]
[2023.04.14-18.08.44:664][  0]LogConfig: Setting CVar [[r.SkeletalMeshLODBias:0]]
[2023.04.14-18.08.44:664][  0]LogConfig: Setting CVar [[r.ViewDistanceScale:1.0]]
[2023.04.14-18.08.44:664][  0]LogConfig: Applying CVar settings from Section [AntiAliasingQuality@3] File [C:/Users/danie/Documents/Gamedev VR/game/UE4 game/fpsgame/Saved/Config/Windows/Scalability.ini]
[2023.04.14-18.08.44:665][  0]LogConfig: Setting CVar [[r.PostProcessAAQuality:4]]
[2023.04.14-18.08.44:665][  0]LogConfig: Applying CVar settings from Section [ShadowQuality@3] File [C:/Users/danie/Documents/Gamedev VR/game/UE4 game/fpsgame/Saved/Config/Windows/Scalability.ini]
[2023.04.14-18.08.44:665][  0]LogConfig: Setting CVar [[r.LightFunctionQuality:1]]
[2023.04.14-18.08.44:666][  0]LogConfig: Setting CVar [[r.ShadowQuality:5]]
[2023.04.14-18.08.44:666][  0]LogConfig: Setting CVar [[r.Shadow.CSM.MaxCascades:10]]
[2023.04.14-18.08.44:666][  0]LogConfig: Setting CVar [[r.Shadow.MaxResolution:2048]]
[2023.04.14-18.08.44:667][  0]LogConfig: Setting CVar [[r.Shadow.MaxCSMResolution:2048]]
[2023.04.14-18.08.44:667][  0]LogConfig: Setting CVar [[r.Shadow.RadiusThreshold:0.01]]
[2023.04.14-18.08.44:667][  0]LogConfig: Setting CVar [[r.Shadow.DistanceScale:1.0]]
[2023.04.14-18.08.44:667][  0]LogConfig: Setting CVar [[r.Shadow.CSM.TransitionScale:1.0]]
[2023.04.14-18.08.44:668][  0]LogConfig: Setting CVar [[r.Shadow.PreShadowResolutionFactor:1.0]]
[2023.04.14-18.08.44:668][  0]LogConfig: Setting CVar [[r.DistanceFieldShadowing:1]]
[2023.04.14-18.08.44:668][  0]LogConfig: Setting CVar [[r.DistanceFieldAO:1]]
[2023.04.14-18.08.44:669][  0]LogConfig: Setting CVar [[r.AOQuality:2]]
[2023.04.14-18.08.44:669][  0]LogConfig: Setting CVar [[r.VolumetricFog:1]]
[2023.04.14-18.08.44:669][  0]LogConfig: Setting CVar [[r.VolumetricFog.GridPixelSize:8]]
[2023.04.14-18.08.44:670][  0]LogConfig: Setting CVar [[r.VolumetricFog.GridSizeZ:128]]
[2023.04.14-18.08.44:670][  0]LogConfig: Setting CVar [[r.VolumetricFog.HistoryMissSupersampleCount:4]]
[2023.04.14-18.08.44:670][  0]LogConfig: Setting CVar [[r.LightMaxDrawDistanceScale:1]]
[2023.04.14-18.08.44:670][  0]LogConfig: Setting CVar [[r.CapsuleShadows:1]]
[2023.04.14-18.08.44:671][  0]LogConfig: Applying CVar settings from Section [PostProcessQuality@3] File [C:/Users/danie/Documents/Gamedev VR/game/UE4 game/fpsgame/Saved/Config/Windows/Scalability.ini]
[2023.04.14-18.08.44:671][  0]LogConfig: Setting CVar [[r.MotionBlurQuality:4]]
[2023.04.14-18.08.44:671][  0]LogConfig: Setting CVar [[r.AmbientOcclusionMipLevelFactor:0.4]]
[2023.04.14-18.08.44:672][  0]LogConfig: Setting CVar [[r.AmbientOcclusionMaxQuality:100]]
[2023.04.14-18.08.44:672][  0]LogConfig: Setting CVar [[r.AmbientOcclusionLevels:-1]]
[2023.04.14-18.08.44:672][  0]LogConfig: Setting CVar [[r.AmbientOcclusionRadiusScale:1.0]]
[2023.04.14-18.08.44:672][  0]LogConfig: Setting CVar [[r.DepthOfFieldQuality:2]]
[2023.04.14-18.08.44:673][  0]LogConfig: Setting CVar [[r.RenderTargetPoolMin:400]]
[2023.04.14-18.08.44:673][  0]LogConfig: Setting CVar [[r.LensFlareQuality:2]]
[2023.04.14-18.08.44:673][  0]LogConfig: Setting CVar [[r.SceneColorFringeQuality:1]]
[2023.04.14-18.08.44:673][  0]LogConfig: Setting CVar [[r.EyeAdaptationQuality:2]]
[2023.04.14-18.08.44:674][  0]LogConfig: Setting CVar [[r.BloomQuality:5]]
[2023.04.14-18.08.44:674][  0]LogConfig: Setting CVar [[r.FastBlurThreshold:100]]
[2023.04.14-18.08.44:674][  0]LogConfig: Setting CVar [[r.Upscale.Quality:3]]
[2023.04.14-18.08.44:675][  0]LogConfig: Setting CVar [[r.Tonemapper.GrainQuantization:1]]
[2023.04.14-18.08.44:675][  0]LogConfig: Setting CVar [[r.LightShaftQuality:1]]
[2023.04.14-18.08.44:675][  0]LogConfig: Setting CVar [[r.Filter.SizeScale:1]]
[2023.04.14-18.08.44:676][  0]LogConfig: Setting CVar [[r.Tonemapper.Quality:5]]
[2023.04.14-18.08.44:676][  0]LogConfig: Setting CVar [[r.DOF.Gather.AccumulatorQuality:1        ; higher gathering accumulator quality]]
[2023.04.14-18.08.44:676][  0]LogConfig: Setting CVar [[r.DOF.Gather.PostfilterMethod:1          ; Median3x3 postfilering method]]
[2023.04.14-18.08.44:676][  0]LogConfig: Setting CVar [[r.DOF.Gather.EnableBokehSettings:0       ; no bokeh simulation when gathering]]
[2023.04.14-18.08.44:677][  0]LogConfig: Setting CVar [[r.DOF.Gather.RingCount:4                 ; medium number of samples when gathering]]
[2023.04.14-18.08.44:680][  0]LogConfig: Setting CVar [[r.DOF.Scatter.ForegroundCompositing:1    ; additive foreground scattering]]
[2023.04.14-18.08.44:680][  0]LogConfig: Setting CVar [[r.DOF.Scatter.BackgroundCompositing:2    ; additive background scattering]]
[2023.04.14-18.08.44:680][  0]LogConfig: Setting CVar [[r.DOF.Scatter.EnableBokehSettings:1      ; bokeh simulation when scattering]]
[2023.04.14-18.08.44:681][  0]LogConfig: Setting CVar [[r.DOF.Scatter.MaxSpriteRatio:0.1         ; only a maximum of 10% of scattered bokeh]]
[2023.04.14-18.08.44:682][  0]LogConfig: Setting CVar [[r.DOF.Recombine.Quality:1                ; cheap slight out of focus]]
[2023.04.14-18.08.44:682][  0]LogConfig: Setting CVar [[r.DOF.Recombine.EnableBokehSettings:0    ; no bokeh simulation on slight out of focus]]
[2023.04.14-18.08.44:683][  0]LogConfig: Setting CVar [[r.DOF.TemporalAAQuality:1                ; more stable temporal accumulation]]
[2023.04.14-18.08.44:683][  0]LogConfig: Setting CVar [[r.DOF.Kernel.MaxForegroundRadius:0.025]]
[2023.04.14-18.08.44:683][  0]LogConfig: Setting CVar [[r.DOF.Kernel.MaxBackgroundRadius:0.025]]
[2023.04.14-18.08.44:683][  0]LogConfig: Applying CVar settings from Section [TextureQuality@3] File [C:/Users/danie/Documents/Gamedev VR/game/UE4 game/fpsgame/Saved/Config/Windows/Scalability.ini]
[2023.04.14-18.08.44:684][  0]LogConfig: Setting CVar [[r.Streaming.MipBias:0]]
[2023.04.14-18.08.44:684][  0]LogConfig: Setting CVar [[r.Streaming.AmortizeCPUToGPUCopy:0]]
[2023.04.14-18.08.44:684][  0]LogConfig: Setting CVar [[r.Streaming.MaxNumTexturesToStreamPerFrame:0]]
[2023.04.14-18.08.44:685][  0]LogConfig: Setting CVar [[r.Streaming.Boost:1]]
[2023.04.14-18.08.44:685][  0]LogConfig: Setting CVar [[r.MaxAnisotropy:8]]
[2023.04.14-18.08.44:685][  0]LogConfig: Setting CVar [[r.VT.MaxAnisotropy:8]]
[2023.04.14-18.08.44:685][  0]LogConfig: Setting CVar [[r.Streaming.LimitPoolSizeToVRAM:0]]
[2023.04.14-18.08.44:686][  0]LogConfig: Setting CVar [[r.Streaming.PoolSize:1000]]
[2023.04.14-18.08.44:686][  0]LogConfig: Setting CVar [[r.Streaming.MaxEffectiveScreenSize:0]]
[2023.04.14-18.08.44:686][  0]LogConfig: Applying CVar settings from Section [EffectsQuality@3] File [C:/Users/danie/Documents/Gamedev VR/game/UE4 game/fpsgame/Saved/Config/Windows/Scalability.ini]
[2023.04.14-18.08.44:687][  0]LogConfig: Setting CVar [[r.TranslucencyLightingVolumeDim:64]]
[2023.04.14-18.08.44:687][  0]LogConfig: Setting CVar [[r.RefractionQuality:2]]
[2023.04.14-18.08.44:687][  0]LogConfig: Setting CVar [[r.SSR.Quality:3]]
[2023.04.14-18.08.44:687][  0]LogConfig: Setting CVar [[r.SSR.HalfResSceneColor:0]]
[2023.04.14-18.08.44:688][  0]LogConfig: Setting CVar [[r.SceneColorFormat:4]]
[2023.04.14-18.08.44:688][  0]LogConfig: Setting CVar [[r.DetailMode:2]]
[2023.04.14-18.08.44:688][  0]LogConfig: Setting CVar [[r.TranslucencyVolumeBlur:1]]
[2023.04.14-18.08.44:689][  0]LogConfig: Setting CVar [[r.MaterialQualityLevel:1 ; High quality]]
[2023.04.14-18.08.44:689][  0]LogConfig: Setting CVar [[r.AnisotropicMaterials:1]]
[2023.04.14-18.08.44:689][  0]LogConfig: Setting CVar [[r.SSS.Scale:1]]
[2023.04.14-18.08.44:690][  0]LogConfig: Setting CVar [[r.SSS.SampleSet:2]]
[2023.04.14-18.08.44:690][  0]LogConfig: Setting CVar [[r.SSS.Quality:1]]
[2023.04.14-18.08.44:690][  0]LogConfig: Setting CVar [[r.SSS.HalfRes:0]]
[2023.04.14-18.08.44:691][  0]LogConfig: Setting CVar [[r.SSGI.Quality:3]]
[2023.04.14-18.08.44:691][  0]LogConfig: Setting CVar [[r.EmitterSpawnRateScale:1.0]]
[2023.04.14-18.08.44:691][  0]LogConfig: Setting CVar [[r.ParticleLightQuality:2]]
[2023.04.14-18.08.44:691][  0]LogConfig: Setting CVar [[r.SkyAtmosphere.AerialPerspectiveLUT.FastApplyOnOpaque:1 ; Always have FastSkyLUT 1 in this case to avoid wrong sky]]
[2023.04.14-18.08.44:692][  0]LogConfig: Setting CVar [[r.SkyAtmosphere.AerialPerspectiveLUT.SampleCountMaxPerSlice:4]]
[2023.04.14-18.08.44:692][  0]LogConfig: Setting CVar [[r.SkyAtmosphere.AerialPerspectiveLUT.DepthResolution:16.0]]
[2023.04.14-18.08.44:692][  0]LogConfig: Setting CVar [[r.SkyAtmosphere.FastSkyLUT:1]]
[2023.04.14-18.08.44:693][  0]LogConfig: Setting CVar [[r.SkyAtmosphere.FastSkyLUT.SampleCountMin:4.0]]
[2023.04.14-18.08.44:695][  0]LogConfig: Setting CVar [[r.SkyAtmosphere.FastSkyLUT.SampleCountMax:128.0]]
[2023.04.14-18.08.44:696][  0]LogConfig: Setting CVar [[r.SkyAtmosphere.SampleCountMin:4.0]]
[2023.04.14-18.08.44:696][  0]LogConfig: Setting CVar [[r.SkyAtmosphere.SampleCountMax:128.0]]
[2023.04.14-18.08.44:696][  0]LogConfig: Setting CVar [[r.SkyAtmosphere.TransmittanceLUT.UseSmallFormat:0]]
[2023.04.14-18.08.44:697][  0]LogConfig: Setting CVar [[r.SkyAtmosphere.TransmittanceLUT.SampleCount:10.0]]
[2023.04.14-18.08.44:697][  0]LogConfig: Setting CVar [[r.SkyAtmosphere.MultiScatteringLUT.SampleCount:15.0]]
[2023.04.14-18.08.44:697][  0]LogConfig: Setting CVar [[r.SkyLight.RealTimeReflectionCapture:1]]
[2023.04.14-18.08.44:697][  0]LogConfig: Applying CVar settings from Section [FoliageQuality@3] File [C:/Users/danie/Documents/Gamedev VR/game/UE4 game/fpsgame/Saved/Config/Windows/Scalability.ini]
[2023.04.14-18.08.44:698][  0]LogConfig: Setting CVar [[foliage.DensityScale:1.0]]
[2023.04.14-18.08.44:698][  0]LogConfig: Setting CVar [[grass.DensityScale:1.0]]
[2023.04.14-18.08.44:698][  0]LogConfig: Applying CVar settings from Section [ShadingQuality@3] File [C:/Users/danie/Documents/Gamedev VR/game/UE4 game/fpsgame/Saved/Config/Windows/Scalability.ini]
[2023.04.14-18.08.44:699][  0]LogConfig: Setting CVar [[r.HairStrands.SkyLighting.IntegrationType:2]]
[2023.04.14-18.08.44:699][  0]LogConfig: Setting CVar [[r.HairStrands.SkyAO.SampleCount:4]]
[2023.04.14-18.08.44:700][  0]LogConfig: Setting CVar [[r.HairStrands.Visibility.MSAA.SamplePerPixel:4]]
[2023.04.14-18.08.44:700][  0]LogInit: Selected Device Profile: [Windows]
[2023.04.14-18.08.44:700][  0]LogInit: Applying CVar settings loaded from the selected device profile: [Windows]
[2023.04.14-18.08.44:701][  0]LogHAL: Display: Platform has ~ 16 GB [17128247296 / 17179869184 / 16], which maps to Larger [LargestMinGB=32, LargerMinGB=12, DefaultMinGB=8, SmallerMinGB=6, SmallestMinGB=0)
[2023.04.14-18.08.44:701][  0]LogInit: Going up to parent DeviceProfile []
[2023.04.14-18.08.44:701][  0]LogConfig: Applying CVar settings from Section [ViewDistanceQuality@3] File [C:/Users/danie/Documents/Gamedev VR/game/UE4 game/fpsgame/Saved/Config/Windows/Scalability.ini]
[2023.04.14-18.08.44:701][  0]LogConfig: Setting CVar [[r.SkeletalMeshLODBias:0]]
[2023.04.14-18.08.44:702][  0]LogConfig: Setting CVar [[r.ViewDistanceScale:1.0]]
[2023.04.14-18.08.44:702][  0]LogConfig: Applying CVar settings from Section [AntiAliasingQuality@3] File [C:/Users/danie/Documents/Gamedev VR/game/UE4 game/fpsgame/Saved/Config/Windows/Scalability.ini]
[2023.04.14-18.08.44:702][  0]LogConfig: Setting CVar [[r.PostProcessAAQuality:4]]
[2023.04.14-18.08.44:702][  0]LogConfig: Applying CVar settings from Section [ShadowQuality@3] File [C:/Users/danie/Documents/Gamedev VR/game/UE4 game/fpsgame/Saved/Config/Windows/Scalability.ini]
[2023.04.14-18.08.44:703][  0]LogConfig: Setting CVar [[r.LightFunctionQuality:1]]
[2023.04.14-18.08.44:703][  0]LogConfig: Setting CVar [[r.ShadowQuality:5]]
[2023.04.14-18.08.44:703][  0]LogConfig: Setting CVar [[r.Shadow.CSM.MaxCascades:10]]
[2023.04.14-18.08.44:703][  0]LogConfig: Setting CVar [[r.Shadow.MaxResolution:2048]]
[2023.04.14-18.08.44:704][  0]LogConfig: Setting CVar [[r.Shadow.MaxCSMResolution:2048]]
[2023.04.14-18.08.44:704][  0]LogConfig: Setting CVar [[r.Shadow.RadiusThreshold:0.01]]
[2023.04.14-18.08.44:704][  0]LogConfig: Setting CVar [[r.Shadow.DistanceScale:1.0]]
[2023.04.14-18.08.44:705][  0]LogConfig: Setting CVar [[r.Shadow.CSM.TransitionScale:1.0]]
[2023.04.14-18.08.44:705][  0]LogConfig: Setting CVar [[r.Shadow.PreShadowResolutionFactor:1.0]]
[2023.04.14-18.08.44:705][  0]LogConfig: Setting CVar [[r.DistanceFieldShadowing:1]]
[2023.04.14-18.08.44:706][  0]LogConfig: Setting CVar [[r.DistanceFieldAO:1]]
[2023.04.14-18.08.44:706][  0]LogConfig: Setting CVar [[r.AOQuality:2]]
[2023.04.14-18.08.44:706][  0]LogConfig: Setting CVar [[r.VolumetricFog:1]]
[2023.04.14-18.08.44:706][  0]LogConfig: Setting CVar [[r.VolumetricFog.GridPixelSize:8]]
[2023.04.14-18.08.44:707][  0]LogConfig: Setting CVar [[r.VolumetricFog.GridSizeZ:128]]
[2023.04.14-18.08.44:707][  0]LogConfig: Setting CVar [[r.VolumetricFog.HistoryMissSupersampleCount:4]]
[2023.04.14-18.08.44:707][  0]LogConfig: Setting CVar [[r.LightMaxDrawDistanceScale:1]]
[2023.04.14-18.08.44:708][  0]LogConfig: Setting CVar [[r.CapsuleShadows:1]]
[2023.04.14-18.08.44:709][  0]LogConfig: Applying CVar settings from Section [PostProcessQuality@3] File [C:/Users/danie/Documents/Gamedev VR/game/UE4 game/fpsgame/Saved/Config/Windows/Scalability.ini]
[2023.04.14-18.08.44:712][  0]LogConfig: Setting CVar [[r.MotionBlurQuality:4]]
[2023.04.14-18.08.44:713][  0]LogConfig: Setting CVar [[r.AmbientOcclusionMipLevelFactor:0.4]]
[2023.04.14-18.08.44:713][  0]LogConfig: Setting CVar [[r.AmbientOcclusionMaxQuality:100]]
[2023.04.14-18.08.44:713][  0]LogConfig: Setting CVar [[r.AmbientOcclusionLevels:-1]]
[2023.04.14-18.08.44:714][  0]LogConfig: Setting CVar [[r.AmbientOcclusionRadiusScale:1.0]]
[2023.04.14-18.08.44:714][  0]LogConfig: Setting CVar [[r.DepthOfFieldQuality:2]]
[2023.04.14-18.08.44:714][  0]LogConfig: Setting CVar [[r.RenderTargetPoolMin:400]]
[2023.04.14-18.08.44:715][  0]LogConfig: Setting CVar [[r.LensFlareQuality:2]]
[2023.04.14-18.08.44:715][  0]LogConfig: Setting CVar [[r.SceneColorFringeQuality:1]]
[2023.04.14-18.08.44:715][  0]LogConfig: Setting CVar [[r.EyeAdaptationQuality:2]]
[2023.04.14-18.08.44:716][  0]LogConfig: Setting CVar [[r.BloomQuality:5]]
[2023.04.14-18.08.44:716][  0]LogConfig: Setting CVar [[r.FastBlurThreshold:100]]
[2023.04.14-18.08.44:716][  0]LogConfig: Setting CVar [[r.Upscale.Quality:3]]
[2023.04.14-18.08.44:717][  0]LogConfig: Setting CVar [[r.Tonemapper.GrainQuantization:1]]
[2023.04.14-18.08.44:717][  0]LogConfig: Setting CVar [[r.LightShaftQuality:1]]
[2023.04.14-18.08.44:717][  0]LogConfig: Setting CVar [[r.Filter.SizeScale:1]]
[2023.04.14-18.08.44:718][  0]LogConfig: Setting CVar [[r.Tonemapper.Quality:5]]
[2023.04.14-18.08.44:719][  0]LogConfig: Setting CVar [[r.DOF.Gather.AccumulatorQuality:1        ; higher gathering accumulator quality]]
[2023.04.14-18.08.44:719][  0]LogConfig: Setting CVar [[r.DOF.Gather.PostfilterMethod:1          ; Median3x3 postfilering method]]
[2023.04.14-18.08.44:719][  0]LogConfig: Setting CVar [[r.DOF.Gather.EnableBokehSettings:0       ; no bokeh simulation when gathering]]
[2023.04.14-18.08.44:720][  0]LogConfig: Setting CVar [[r.DOF.Gather.RingCount:4                 ; medium number of samples when gathering]]
[2023.04.14-18.08.44:720][  0]LogConfig: Setting CVar [[r.DOF.Scatter.ForegroundCompositing:1    ; additive foreground scattering]]
[2023.04.14-18.08.44:721][  0]LogConfig: Setting CVar [[r.DOF.Scatter.BackgroundCompositing:2    ; additive background scattering]]
[2023.04.14-18.08.44:721][  0]LogConfig: Setting CVar [[r.DOF.Scatter.EnableBokehSettings:1      ; bokeh simulation when scattering]]
[2023.04.14-18.08.44:722][  0]LogConfig: Setting CVar [[r.DOF.Scatter.MaxSpriteRatio:0.1         ; only a maximum of 10% of scattered bokeh]]
[2023.04.14-18.08.44:722][  0]LogConfig: Setting CVar [[r.DOF.Recombine.Quality:1                ; cheap slight out of focus]]
[2023.04.14-18.08.44:722][  0]LogConfig: Setting CVar [[r.DOF.Recombine.EnableBokehSettings:0    ; no bokeh simulation on slight out of focus]]
[2023.04.14-18.08.44:723][  0]LogConfig: Setting CVar [[r.DOF.TemporalAAQuality:1                ; more stable temporal accumulation]]
[2023.04.14-18.08.44:723][  0]LogConfig: Setting CVar [[r.DOF.Kernel.MaxForegroundRadius:0.025]]
[2023.04.14-18.08.44:723][  0]LogConfig: Setting CVar [[r.DOF.Kernel.MaxBackgroundRadius:0.025]]
[2023.04.14-18.08.44:723][  0]LogConfig: Applying CVar settings from Section [TextureQuality@3] File [C:/Users/danie/Documents/Gamedev VR/game/UE4 game/fpsgame/Saved/Config/Windows/Scalability.ini]
[2023.04.14-18.08.44:724][  0]LogConfig: Setting CVar [[r.Streaming.MipBias:0]]
[2023.04.14-18.08.44:724][  0]LogConfig: Setting CVar [[r.Streaming.AmortizeCPUToGPUCopy:0]]
[2023.04.14-18.08.44:724][  0]LogConfig: Setting CVar [[r.Streaming.MaxNumTexturesToStreamPerFrame:0]]
[2023.04.14-18.08.44:724][  0]LogConfig: Setting CVar [[r.Streaming.Boost:1]]
[2023.04.14-18.08.44:725][  0]LogConfig: Setting CVar [[r.MaxAnisotropy:8]]
[2023.04.14-18.08.44:728][  0]LogConfig: Setting CVar [[r.VT.MaxAnisotropy:8]]
[2023.04.14-18.08.44:728][  0]LogConfig: Setting CVar [[r.Streaming.LimitPoolSizeToVRAM:0]]
[2023.04.14-18.08.44:728][  0]LogConfig: Setting CVar [[r.Streaming.PoolSize:1000]]
[2023.04.14-18.08.44:729][  0]LogConfig: Setting CVar [[r.Streaming.MaxEffectiveScreenSize:0]]
[2023.04.14-18.08.44:729][  0]LogConfig: Applying CVar settings from Section [EffectsQuality@3] File [C:/Users/danie/Documents/Gamedev VR/game/UE4 game/fpsgame/Saved/Config/Windows/Scalability.ini]
[2023.04.14-18.08.44:729][  0]LogConfig: Setting CVar [[r.TranslucencyLightingVolumeDim:64]]
[2023.04.14-18.08.44:730][  0]LogConfig: Setting CVar [[r.RefractionQuality:2]]
[2023.04.14-18.08.44:730][  0]LogConfig: Setting CVar [[r.SSR.Quality:3]]
[2023.04.14-18.08.44:730][  0]LogConfig: Setting CVar [[r.SSR.HalfResSceneColor:0]]
[2023.04.14-18.08.44:731][  0]LogConfig: Setting CVar [[r.SceneColorFormat:4]]
[2023.04.14-18.08.44:731][  0]LogConfig: Setting CVar [[r.DetailMode:2]]
[2023.04.14-18.08.44:731][  0]LogConfig: Setting CVar [[r.TranslucencyVolumeBlur:1]]
[2023.04.14-18.08.44:731][  0]LogConfig: Setting CVar [[r.MaterialQualityLevel:1 ; High quality]]
[2023.04.14-18.08.44:731][  0]LogConfig: Setting CVar [[r.AnisotropicMaterials:1]]
[2023.04.14-18.08.44:732][  0]LogConfig: Setting CVar [[r.SSS.Scale:1]]
[2023.04.14-18.08.44:732][  0]LogConfig: Setting CVar [[r.SSS.SampleSet:2]]
[2023.04.14-18.08.44:733][  0]LogConfig: Setting CVar [[r.SSS.Quality:1]]
[2023.04.14-18.08.44:733][  0]LogConfig: Setting CVar [[r.SSS.HalfRes:0]]
[2023.04.14-18.08.44:733][  0]LogConfig: Setting CVar [[r.SSGI.Quality:3]]
[2023.04.14-18.08.44:733][  0]LogConfig: Setting CVar [[r.EmitterSpawnRateScale:1.0]]
[2023.04.14-18.08.44:734][  0]LogConfig: Setting CVar [[r.ParticleLightQuality:2]]
[2023.04.14-18.08.44:734][  0]LogConfig: Setting CVar [[r.SkyAtmosphere.AerialPerspectiveLUT.FastApplyOnOpaque:1 ; Always have FastSkyLUT 1 in this case to avoid wrong sky]]
[2023.04.14-18.08.44:734][  0]LogConfig: Setting CVar [[r.SkyAtmosphere.AerialPerspectiveLUT.SampleCountMaxPerSlice:4]]
[2023.04.14-18.08.44:734][  0]LogConfig: Setting CVar [[r.SkyAtmosphere.AerialPerspectiveLUT.DepthResolution:16.0]]
[2023.04.14-18.08.44:735][  0]LogConfig: Setting CVar [[r.SkyAtmosphere.FastSkyLUT:1]]
[2023.04.14-18.08.44:735][  0]LogConfig: Setting CVar [[r.SkyAtmosphere.FastSkyLUT.SampleCountMin:4.0]]
[2023.04.14-18.08.44:735][  0]LogConfig: Setting CVar [[r.SkyAtmosphere.FastSkyLUT.SampleCountMax:128.0]]
[2023.04.14-18.08.44:736][  0]LogConfig: Setting CVar [[r.SkyAtmosphere.SampleCountMin:4.0]]
[2023.04.14-18.08.44:736][  0]LogConfig: Setting CVar [[r.SkyAtmosphere.SampleCountMax:128.0]]
[2023.04.14-18.08.44:736][  0]LogConfig: Setting CVar [[r.SkyAtmosphere.TransmittanceLUT.UseSmallFormat:0]]
[2023.04.14-18.08.44:737][  0]LogConfig: Setting CVar [[r.SkyAtmosphere.TransmittanceLUT.SampleCount:10.0]]
[2023.04.14-18.08.44:737][  0]LogConfig: Setting CVar [[r.SkyAtmosphere.MultiScatteringLUT.SampleCount:15.0]]
[2023.04.14-18.08.44:737][  0]LogConfig: Setting CVar [[r.SkyLight.RealTimeReflectionCapture:1]]
[2023.04.14-18.08.44:738][  0]LogConfig: Applying CVar settings from Section [FoliageQuality@3] File [C:/Users/danie/Documents/Gamedev VR/game/UE4 game/fpsgame/Saved/Config/Windows/Scalability.ini]
[2023.04.14-18.08.44:738][  0]LogConfig: Setting CVar [[foliage.DensityScale:1.0]]
[2023.04.14-18.08.44:738][  0]LogConfig: Setting CVar [[grass.DensityScale:1.0]]
[2023.04.14-18.08.44:738][  0]LogConfig: Applying CVar settings from Section [ShadingQuality@3] File [C:/Users/danie/Documents/Gamedev VR/game/UE4 game/fpsgame/Saved/Config/Windows/Scalability.ini]
[2023.04.14-18.08.44:739][  0]LogConfig: Setting CVar [[r.HairStrands.SkyLighting.IntegrationType:2]]
[2023.04.14-18.08.44:739][  0]LogConfig: Setting CVar [[r.HairStrands.SkyAO.SampleCount:4]]
[2023.04.14-18.08.44:739][  0]LogConfig: Setting CVar [[r.HairStrands.Visibility.MSAA.SamplePerPixel:4]]
[2023.04.14-18.08.44:740][  0]LogConfig: Applying CVar settings from Section [Startup] File [../../../Engine/Config/ConsoleVariables.ini]
[2023.04.14-18.08.44:740][  0]LogConfig: Setting CVar [[net.UseAdaptiveNetUpdateFrequency:0]]
[2023.04.14-18.08.44:740][  0]LogConfig: Setting CVar [[p.chaos.AllowCreatePhysxBodies:1]]
[2023.04.14-18.08.44:740][  0]LogConfig: Setting CVar [[fx.SkipVectorVMBackendOptimizations:1]]
[2023.04.14-18.08.44:741][  0]LogConfig: Applying CVar settings from Section [ConsoleVariables] File [C:/Users/danie/Documents/Gamedev VR/game/UE4 game/fpsgame/Saved/Config/Windows/Engine.ini]
[2023.04.14-18.08.44:743][  0]LogConfig: Applying CVar settings from Section [ConsoleVariables] File [C:/Users/danie/Documents/Gamedev VR/game/UE4 game/fpsgame/Saved/Config/Windows/Editor.ini]
[2023.04.14-18.08.44:744][  0]LogInit: Computer: DESKTOP-QG36584
[2023.04.14-18.08.44:744][  0]LogInit: User: danie
[2023.04.14-18.08.44:744][  0]LogInit: CPU Page size=4096, Cores=6
[2023.04.14-18.08.44:744][  0]LogInit: High frequency timer resolution =10.000000 MHz
[2023.04.14-18.08.44:745][  0]LogMemory: Memory total: Physical=16.0GB (16GB approx)
[2023.04.14-18.08.44:745][  0]LogMemory: Platform Memory Stats for Windows
[2023.04.14-18.08.44:745][  0]LogMemory: Process Physical Memory: 137.52 MB used, 137.53 MB peak
[2023.04.14-18.08.44:746][  0]LogMemory: Process Virtual Memory: 119.39 MB used, 119.39 MB peak
[2023.04.14-18.08.44:746][  0]LogMemory: Physical Memory: 10804.79 MB used,  5529.98 MB free, 16334.77 MB total
[2023.04.14-18.08.44:746][  0]LogMemory: Virtual Memory: 134213344.00 MB used,  4385.66 MB free, 134217728.00 MB total
[2023.04.14-18.08.44:749][  0]LogWindows: WindowsPlatformFeatures disabled or dedicated server build
[2023.04.14-18.08.44:760][  0]LogInit: Physics initialised using underlying interface: PhysX
[2023.04.14-18.08.44:760][  0]LogInit: Using OS detected language (en-US).
[2023.04.14-18.08.44:760][  0]LogInit: Using OS detected locale (en-GB).
[2023.04.14-18.08.44:764][  0]LogTextLocalizationManager: No specific localization for 'en-US' exists, so the 'en' localization will be used.
[2023.04.14-18.08.45:575][  0]LogTargetPlatformManager: Display: Loaded TargetPlatform 'WindowsNoEditor'
[2023.04.14-18.08.45:577][  0]LogTargetPlatformManager: Display: Loaded TargetPlatform 'Windows'
[2023.04.14-18.08.45:580][  0]LogTargetPlatformManager: Display: Loaded TargetPlatform 'WindowsClient'
[2023.04.14-18.08.45:583][  0]LogTargetPlatformManager: Display: Loaded TargetPlatform 'WindowsServer'
[2023.04.14-18.08.45:583][  0]LogTargetPlatformManager: Display: Building Assets For Windows
[2023.04.14-18.08.45:586][  0]LogAudioDebug: Display: Lib vorbis DLL was dynamically loaded.
[2023.04.14-18.08.45:602][  0]LogTextureFormatOodle: Display: Oodle Texture 2.9.0 init RDO Off
[2023.04.14-18.08.45:614][  0]LogRendererCore: Ray tracing is disabled. Reason: r.RayTracing=0.
[2023.04.14-18.08.45:614][  0]LogShaderCompilers: Guid format shader working directory is -27 characters bigger than the processId version (../../../../../../Users/danie/Documents/Gamedev VR/game/UE4 game/fpsgame/Intermediate/Shaders/WorkingDirectory/10668/).
[2023.04.14-18.08.45:615][  0]LogShaderCompilers: Cleaned the shader compiler working directory 'C:/Users/danie/AppData/Local/Temp/UnrealShaderWorkingDir/BF1113314834642DD2FD3B9AB5FAE3A0/'.
[2023.04.14-18.08.45:615][  0]LogXGEController: Cannot use XGE Controller as Incredibuild is not installed on this machine.
[2023.04.14-18.08.45:615][  0]LogShaderCompilers: Cannot use XGE Shader Compiler as Incredibuild is not installed on this machine.
[2023.04.14-18.08.45:615][  0]LogShaderCompilers: Display: Using Local Shader Compiler.
[2023.04.14-18.08.46:320][  0]LogDerivedDataCache: Display: Max Cache Size: 512 MB
[2023.04.14-18.08.46:387][  0]LogDerivedDataCache: Loaded boot cache 0.07s 94MB C:/Users/danie/AppData/Local/UnrealEngine/4.27/DerivedDataCache/Boot.ddc.
[2023.04.14-18.08.46:387][  0]LogDerivedDataCache: Display: Loaded Boot cache: C:/Users/danie/AppData/Local/UnrealEngine/4.27/DerivedDataCache/Boot.ddc
[2023.04.14-18.08.46:388][  0]LogDerivedDataCache: FDerivedDataBackendGraph:  Pak pak cache file ../../../../../../Users/danie/Documents/Gamedev VR/game/UE4 game/fpsgame/DerivedDataCache/DDC.ddp not found, will not use a pak cache.
[2023.04.14-18.08.46:389][  0]LogDerivedDataCache: Unable to find inner node Pak for hierarchical cache Hierarchy.
[2023.04.14-18.08.46:389][  0]LogDerivedDataCache: FDerivedDataBackendGraph:  CompressedPak pak cache file ../../../../../../Users/danie/Documents/Gamedev VR/game/UE4 game/fpsgame/DerivedDataCache/Compressed.ddp not found, will not use a pak cache.
[2023.04.14-18.08.46:389][  0]LogDerivedDataCache: Unable to find inner node CompressedPak for hierarchical cache Hierarchy.
[2023.04.14-18.08.46:407][  0]LogDerivedDataCache: Display: Pak cache opened for reading ../../../Engine/DerivedDataCache/Compressed.ddp.
[2023.04.14-18.08.46:407][  0]LogDerivedDataCache: FDerivedDataBackendGraph:  EnterprisePak pak cache file ../../../Enterprise/DerivedDataCache/Compressed.ddp not found, will not use a pak cache.
[2023.04.14-18.08.46:407][  0]LogDerivedDataCache: Unable to find inner node EnterprisePak for hierarchical cache Hierarchy.
[2023.04.14-18.08.46:419][  0]LogDerivedDataCache: Speed tests for C:/Users/danie/AppData/Local/UnrealEngine/Common/DerivedDataCache took 0.01 seconds
[2023.04.14-18.08.46:420][  0]LogDerivedDataCache: Display: Performance to C:/Users/danie/AppData/Local/UnrealEngine/Common/DerivedDataCache: Latency=0.13ms. RandomReadSpeed=250.19MBs, RandomWriteSpeed=171.70MBs. Assigned SpeedClass 'Local'
[2023.04.14-18.08.46:421][  0]LogDerivedDataCache: Using Local data cache path C:/Users/danie/AppData/Local/UnrealEngine/Common/DerivedDataCache: Writable
[2023.04.14-18.08.46:421][  0]LogDerivedDataCache: Shared data cache path not found in *engine.ini, will not use an Shared cache.
[2023.04.14-18.08.46:421][  0]LogDerivedDataCache: Unable to find inner node Shared for hierarchical cache Hierarchy.
[2023.04.14-18.08.46:428][  0]LogInit: Using OS detected language (en-US).
[2023.04.14-18.08.46:428][  0]LogInit: Using OS detected locale (en-GB).
[2023.04.14-18.08.46:428][  0]LogTextLocalizationManager: No localization for 'en-US' exists, so 'en' will be used for the language.
[2023.04.14-18.08.46:428][  0]LogTextLocalizationManager: No localization for 'en-GB' exists, so 'en' will be used for the locale.
[2023.04.14-18.08.46:433][  0]LogTextLocalizationManager: Compacting localization data took   0.25ms
[2023.04.14-18.08.46:433][  0]LogAssetRegistry: FAssetRegistry took 0.0020 seconds to start up
[2023.04.14-18.08.46:687][  0]LogPackageLocalizationCache: Processed 27 localized package path(s) for 1 prioritized culture(s) in 0.001295 seconds
[2023.04.14-18.08.46:766][  0]LogInit: Selected Device Profile: [Windows]
[2023.04.14-18.08.46:767][  0]LogInit: Active device profile: [000001F3EAF78500][000001F3EA9FF8C0 49] Windows
[2023.04.14-18.08.46:768][  0]LogInit: Profiles: [000001F3EAF78500][000001F3EA9FF8C0 49] Windows, [000001F3EAF4F600][000001F3EAA0DB80 49] WindowsNoEditor, [000001F3EAF4C100][000001F3EAA02280 49] WindowsServer, [000001F3EAF7B000][000001F3EAA10500 49] WindowsClient, [000001F3EAF78200][000001F3EAA187C0 49] IOS, [000001F3EAF63D00][000001F3EAA1CA80 49] iPadAir, [000001F3EAF7BA00][000001F3EAA20D40 49] iPadAir2, [000001F3EAEFC200][000001F3EAA3B280 49] IPadPro, [000001F3EAEF7F00][000001F3EAA252C0 49] iPadAir3, [000001F3EAF4D000][000001F3EAA33580 49] iPadAir4, [000001F3EAEF4500][000001F3EAA2F840 49] iPadMini2, [000001F3EAF4C200][000001F3EAA37B00 49] iPadMini3, [000001F3EAEF5200][000001F3EAA44240 49] iPadMini4, [000001F3EAF4F800][000001F3EAA144C0 49] iPadMini5, [000001F3EAF61600][000001F3EAA5C9C0 49] iPhone6, [000001F3EAF61700][000001F3EAA48A00 49] iPodTouch6, [000001F3EAEF6100][000001F3EAA64F40 49] iPhone7, [000001F3EAEF6200][000001F3EAA54F80 49] iPodTouch7, [000001F3EAF62600][000001F3EAA59240 49] iPhone5S, [000001F3EAEF7100][000001F3EAA51500 49] iPhone6Plus, [000001F3EAF63B00][000001F3EAA617C0 49] iPhone6S, [000001F3EAEF6B00][000001F3EAA69A80 49] iPhone6SPlus, [000001F3EAF60A00][000001F3EAA6C1C0 49] iPhone7Plus, [000001F3EAEF6F00][000001F3EA4B2480 49] iPhoneSE, [000001F3EAF61000][000001F3EAA4C700 49] iPhone8, [000001F3EAEF7C00][000001F3EA4B6980 49] iPhone8Plus, [000001F3EAF63200][000001F3EA4BEC40 49] iPhoneX, [000001F3EAEF6C00][000001F3EA4C2F00 49] iPhoneXS, [000001F3EAF62B00][000001F3EA4C71C0 49] iPhoneXSMax, [000001F3EAEF6900][000001F3EA4CB480 49] iPhoneXR, [000001F3EAF62F00][000001F3EA4CF740 49] iPhone11, [000001F3EAEF4A00][000001F3EA4D3A00 49] iPhone11Pro, [000001F3EAF63E00][000001F3EA4D6140 49] iPhone11ProMax, [000001F3EAEF5400][000001F3EA4DA400 49] iPhoneSE2, [000001F3EAF63F00][000001F3EA4DE6C0 49] iPhone12Mini, [000001F3EAEF7D00][000001F3EA4BA940 49] iPhone12, [000001F3EAF61200][000001F3EA4E2BC0 49] iPhone12Pro, [000001F3EAEF7500][000001F3EA4EAE80 49] iPhone12ProMax, [000001F3EAF60200][000001F3EA4EF140 49] iPadPro105, [000001F3EAEF5A00][000001F3EA4F3400 49] iPadPro129, [000001F3EAF60D00][000001F3EA4F76C0 49] iPadPro97, [000001F3EAEF4900][000001F3EA4FB980 49] iPadPro2_129, [000001F3EAF61A00][000001F3EA4FE0C0 49] iPad5, [000001F3EAEF5C00][000001F3EA502380 49] iPad6, [000001F3EAF63900][000001F3EA506640 49] iPad7, [000001F3EAEF6600][000001F3EA50A900 49] iPad8, [000001F3EAF63000][000001F3EA4E6B80 49] iPadPro11, [000001F3EAEF5500][000001F3EA50EE00 49] iPadPro2_11, [000001F3EAF62100][000001F3EA5170C0 49] iPadPro3_129, [000001F3EAEF5D00][000001F3EA51B380 49] iPadPro4_129, [000001F3EAF62400][000001F3EA51F640 49] AppleTV, [000001F3EAEF6E00][000001F3EA523900 49] AppleTV4K, [000001F3EAF60500][000001F3EA527BC0 49] TVOS, [000001F3EAEF7A00][000001F3EA52A300 49] Mac, [000001F3EAF62900][000001F3EA52E5C0 49] MacClient, [000001F3EAEF5700][000001F3EA532880 49] MacNoEditor, [000001F3EAF61100][000001F3EA536B40 49] MacServer, [000001F3EAEF7B00][000001F3EA512DC0 49] Linux, [000001F3EAF60600][000001F3EA53B040 49] LinuxAArch64, [000001F3EAEF4400][000001F3EA543300 49] LinuxNoEditor, [000001F3EAF62200][000001F3EA5475C0 49] LinuxAArch64NoEditor, [000001F3EAF78100][000001F3EA54B880 49] LinuxClient, [000001F3EAEFC700][000001F3EA54FB40 49] LinuxAArch64Client, [000001F3EAF79900][000001F3EA552280 49] LinuxServer, [000001F3EAEFCA00][000001F3EA556540 49] LinuxAArch64Server, [000001F3EAF7AD00][000001F3EA55A800 49] Android, [000001F3EAEFD400][000001F3EA55EAC0 49] Android_Low, [000001F3EAF79100][000001F3EA562D80 49] Android_Mid, [000001F3EAEFCE00][000001F3EA53F000 49] Android_High, [000001F3EAF78800][000001F3EA56B2C0 49] Android_Default, [000001F3EAEFE600][000001F3EA56F580 49] Android_Adreno4xx, [000001F3EAF79400][000001F3EA573840 49] Android_Adreno5xx_Low, [000001F3EAEFE400][000001F3EA577B00 49] Android_Adreno5xx, [000001F3EAF78700][000001F3EA57A240 49] Android_Adreno6xx, [000001F3EAEFEC00][000001F3EA57E500 49] Android_Adreno6xx_Vulkan, [000001F3EAF7BB00][000001F3EA5827C0 49] Android_Mali_T6xx, [000001F3EAEFC500][000001F3EA586A80 49] Android_Mali_T7xx, [000001F3EAF78300][000001F3EA58AD40 49] Android_Mali_T8xx, [000001F3EAEFF000][000001F3EA566FC0 49] Android_Mali_G71, [000001F3EAF7A900][000001F3EA58F240 49] Android_Mali_G72, [000001F3EAEFE500][000001F3EA597500 49] Android_Mali_G72_Vulkan, [000001F3EAF79B00][000001F3EA59B7C0 49] Android_Mali_G76, [000001F3EAEFF100][000001F3EA59FA80 49] Android_Mali_G76_Vulkan, [000001F3EAF79E00][000001F3EA5A21C0 49] Android_Mali_G77, [000001F3EAEFFB00][000001F3EA5A6480 49] Android_Mali_G77_Vulkan, [000001F3EAF7BC00][000001F3EA5AA740 49] Android_Mali_G78, [000001F3EAEFFF00][000001F3EA5AEA00 49] Android_Mali_G78_Vulkan, [000001F3EAF7A400][000001F3EA5B2CC0 49] Android_Mali_G710, [000001F3EAEFD300][000001F3EA5B6F80 49] Android_Mali_G710_Vulkan, [000001F3EAF7B100][000001F3EA593200 49] Android_Vulkan_SM5, [000001F3EAEF6400][000001F3EA5BB480 49] Android_PowerVR_G6xxx, [000001F3EAF79D00][000001F3EA5C3740 49] Android_PowerVR_GT7xxx, [000001F3EAEF4100][000001F3EA5C7A00 49] Android_PowerVR_GE8xxx, [000001F3EAF7B200][000001F3EA5CA140 49] Android_PowerVR_GM9xxx, [000001F3EAEF4300][000001F3EA5CE400 49] Android_PowerVR_GM9xxx_Vulkan, [000001F3EAF7B300][000001F3EA5D26C0 49] Android_TegraK1, [000001F3EAEF5600][000001F3EA5D6980 49] Android_Unknown_Vulkan, [000001F3EAF7A000][000001F3EA5DAC40 49] Lumin, [000001F3EAEF4B00][000001F3EA5DEF00 49] Lumin_Desktop, [000001F3EAF78D00][000001F3EA5E31C0 49] HoloLens, 
[2023.04.14-18.08.46:847][  0]LogMeshReduction: Using QuadricMeshReduction for automatic static mesh reduction
[2023.04.14-18.08.46:847][  0]LogMeshReduction: Using SimplygonMeshReduction for automatic skeletal mesh reduction
[2023.04.14-18.08.46:848][  0]LogMeshReduction: Using ProxyLODMeshReduction for automatic mesh merging
[2023.04.14-18.08.46:848][  0]LogMeshReduction: No distributed automatic mesh merging module available
[2023.04.14-18.08.46:849][  0]LogMeshMerging: No distributed automatic mesh merging module available
[2023.04.14-18.08.46:872][  0]LogNetVersion: fpsgame 1.0.0, NetCL: 17155196, EngineNetVer: 17, GameNetVer: 0 (Checksum: 3215450660)
[2023.04.14-18.08.47:074][  0]LogTexture: Default maximum texture size for cubemaps generated from long-lat sources has been changed from 512 to unlimited. In order to preserve old behaiour for '/Engine/MapTemplates/Sky/DaylightAmbientCubemap.DaylightAmbientCubemap', its maximum texture size has been explicitly set to 512.
[2023.04.14-18.08.47:106][  0]LogHMD: PokeAHoleMaterial loaded successfully
[2023.04.14-18.08.47:350][  0]LogPython: Using Python 3.7.7
[2023.04.14-18.08.47:760][  0]LogNiagaraDebuggerClient: Niagara Debugger Client Initialized | Session: 0582970C474D7473955ACDB77A87726C | Instance: 3D17D90D47F21EB00D72D2A185D100F7 (DESKTOP-QG36584-10668).
[2023.04.14-18.08.47:773][  0]LogCollectionManager: Loaded 0 collections in 0.001680 seconds
[2023.04.14-18.08.47:775][  0]LogFileCache: Scanning file cache for directory 'C:/Users/danie/Documents/Gamedev VR/game/UE4 game/fpsgame/Saved/Collections/' took 0.00s
[2023.04.14-18.08.47:775][  0]LogFileCache: Scanning file cache for directory 'C:/Users/danie/Documents/Gamedev VR/game/UE4 game/fpsgame/Content/Developers/danie/Collections/' took 0.00s
[2023.04.14-18.08.47:776][  0]LogFileCache: Scanning file cache for directory 'C:/Users/danie/Documents/Gamedev VR/game/UE4 game/fpsgame/Content/Collections/' took 0.00s
[2023.04.14-18.08.47:776][  0]LogCollectionManager: Fixed up redirectors for 0 collections in 0.000002 seconds (updated 0 objects)
[2023.04.14-18.08.47:903][  0]LogTcpMessaging: Initializing TcpMessaging bridge
[2023.04.14-18.08.47:910][  0]LogUdpMessaging: Initializing bridge on interface 0.0.0.0:0 to multicast group 230.0.0.1:6666.
[2023.04.14-18.08.47:965][  0]LogPython: Warning: 'AttachmentType' and 'EAttachmentType' have the same name (AttachmentType) when exposed to Python. Rename one of them using 'ScriptName' meta-data.
[2023.04.14-18.08.48:045][  0]SourceControl: Source control is disabled
[2023.04.14-18.08.48:046][  0]SourceControl: Source control is disabled
[2023.04.14-18.08.48:051][  0]SourceControl: Source control is disabled
[2023.04.14-18.08.48:057][  0]LogUProjectInfo: Found projects:
[2023.04.14-18.08.48:147][  0]LogOpenImageDenoise: OIDN starting up
[2023.04.14-18.08.48:182][  0]LogAndroidPermission: UAndroidPermissionCallbackProxy::GetInstance
[2023.04.14-18.08.48:200][  0]LogAudioCaptureCore: Display: No Audio Capture implementations found. Audio input will be silent.
[2023.04.14-18.08.48:201][  0]LogAudioCaptureCore: Display: No Audio Capture implementations found. Audio input will be silent.
[2023.04.14-18.08.48:283][  0]LogOcInput: OculusInput pre-init called
[2023.04.14-18.08.48:292][  0]LogUObjectArray: 22091 objects as part of root set at end of initial load.
[2023.04.14-18.08.48:292][  0]LogUObjectAllocator: 5978928 out of 0 bytes used by permanent object pool.
[2023.04.14-18.08.48:292][  0]LogUObjectArray: CloseDisregardForGC: 0/0 objects in disregard for GC pool
[2023.04.14-18.08.48:364][  0]LogClass: Display: StructProperty FRewindDataStruct::SnapshotPosition is not initialized properly. Module:fpsgame File:RewindComponent.h
[2023.04.14-18.08.48:365][  0]LogClass: Display: StructProperty FRewindDataStruct::SnapshotRotation is not initialized properly. Module:fpsgame File:RewindComponent.h
[2023.04.14-18.08.48:365][  0]LogClass: Display: StructProperty FRewindDataStruct::SnapshotScale is not initialized properly. Module:fpsgame File:RewindComponent.h
[2023.04.14-18.08.48:365][  0]LogClass: Display: BoolProperty FWeaponRecoil::bHasRecoil is not initialized properly. Module:fpsgame File:WeaponActor.h
[2023.04.14-18.08.48:366][  0]LogClass: Display: BoolProperty FWeaponRecoil::bUsesControlRotationForHipfireRecoil is not initialized properly. Module:fpsgame File:WeaponActor.h
[2023.04.14-18.08.48:366][  0]LogClass: Warning: ObjectProperty FWeaponRecoil::RecoilVectorCurve is not initialized properly. Module:fpsgame File:WeaponActor.h
[2023.04.14-18.08.48:367][  0]LogClass: Display: FloatProperty FWeaponRecoil::RecoveryTime is not initialized properly. Module:fpsgame File:WeaponActor.h
[2023.04.14-18.08.48:367][  0]LogClass: Display: FloatProperty FWeaponStats::MaxRange is not initialized properly. Module:fpsgame File:WeaponActor.h
[2023.04.14-18.08.48:367][  0]LogClass: Display: FloatProperty FWeaponStats::FireRate is not initialized properly. Module:fpsgame File:WeaponActor.h
[2023.04.14-18.08.48:367][  0]LogClass: Display: IntProperty FWeaponStats::CartridgeBullets is not initialized properly. Module:fpsgame File:WeaponActor.h
[2023.04.14-18.08.48:368][  0]LogClass: Display: IntProperty FWeaponStats::BurstNumber is not initialized properly. Module:fpsgame File:WeaponActor.h
[2023.04.14-18.08.48:368][  0]LogClass: Display: FloatProperty FWeaponStats::BurstFireRate is not initialized properly. Module:fpsgame File:WeaponActor.h
[2023.04.14-18.08.48:368][  0]LogClass: Display: IntProperty FWeaponStats::MaxMagSize is not initialized properly. Module:fpsgame File:WeaponActor.h
[2023.04.14-18.08.48:368][  0]LogClass: Display: FloatProperty FWeaponStats::BaseDamageTorso is not initialized properly. Module:fpsgame File:WeaponActor.h
[2023.04.14-18.08.48:369][  0]LogClass: Display: FloatProperty FWeaponStats::BaseDamageHead is not initialized properly. Module:fpsgame File:WeaponActor.h
[2023.04.14-18.08.48:369][  0]LogClass: Display: FloatProperty FWeaponStats::BaseDamageLegs is not initialized properly. Module:fpsgame File:WeaponActor.h
[2023.04.14-18.08.48:369][  0]LogClass: Display: FloatProperty FWeaponStats::BaseHipfireSpreadAngleInDegrees is not initialized properly. Module:fpsgame File:WeaponActor.h
[2023.04.14-18.08.48:370][  0]LogClass: Display: FloatProperty FWeaponStats::BaseMovementSpreadMultiplier is not initialized properly. Module:fpsgame File:WeaponActor.h
[2023.04.14-18.08.48:370][  0]LogClass: Display: EnumProperty FWeaponMetaData::GunModel is not initialized properly. Module:fpsgame File:WeaponActor.h
[2023.04.14-18.08.48:370][  0]LogClass: Display: EnumProperty FWeaponMetaData::WAWeaponType is not initialized properly. Module:fpsgame File:WeaponActor.h
[2023.04.14-18.08.48:370][  0]LogClass: Display: EnumProperty FWeaponMetaData::WAWeaponFireType is not initialized properly. Module:fpsgame File:WeaponActor.h
[2023.04.14-18.08.48:371][  0]LogClass: Display: EnumProperty FWeaponMetaData::WAWeaponHitDetectionType is not initialized properly. Module:fpsgame File:WeaponActor.h
[2023.04.14-18.08.48:371][  0]LogClass: Display: EnumProperty FWeaponMetaData::TypeOfEquip is not initialized properly. Module:fpsgame File:WeaponActor.h
[2023.04.14-18.08.48:371][  0]LogClass: Warning: ObjectProperty FWeaponVisualAssets::GunMesh is not initialized properly. Module:fpsgame File:WeaponActor.h
[2023.04.14-18.08.48:372][  0]LogClass: Warning: ObjectProperty FWeaponVisualAssets::TracerEffect is not initialized properly. Module:fpsgame File:WeaponActor.h
[2023.04.14-18.08.48:372][  0]LogClass: Warning: ObjectProperty FWeaponVisualAssets::MuzzleFlash is not initialized properly. Module:fpsgame File:WeaponActor.h
[2023.04.14-18.08.48:372][  0]LogClass: Display: StructProperty FWeaponPositionalDetails::BasePosition is not initialized properly. Module:fpsgame File:WeaponActor.h
[2023.04.14-18.08.48:373][  0]LogClass: Display: StructProperty FWeaponPositionalDetails::BaseRotation is not initialized properly. Module:fpsgame File:WeaponActor.h
[2023.04.14-18.08.48:373][  0]LogClass: Display: StructProperty FWeaponPositionalDetails::BaseScale is not initialized properly. Module:fpsgame File:WeaponActor.h
[2023.04.14-18.08.48:373][  0]LogClass: Display: StructProperty FWeaponPositionalDetails::TPBaseScale is not initialized properly. Module:fpsgame File:WeaponActor.h
[2023.04.14-18.08.48:373][  0]LogClass: Display: StructProperty FWeaponPositionalDetails::TPBaseRotation is not initialized properly. Module:fpsgame File:WeaponActor.h
[2023.04.14-18.08.48:374][  0]LogClass: Display: StructProperty FWeaponPositionalDetails::TPBasePosition is not initialized properly. Module:fpsgame File:WeaponActor.h
[2023.04.14-18.08.48:374][  0]LogClass: Display: 32 Uninitialized script struct members found including 4 object properties
[2023.04.14-18.08.48:375][  0]LogAutomationTest: Warning: ObjectProperty FWeaponRecoil::RecoilVectorCurve is not initialized properly. Module:fpsgame File:WeaponActor.h
[2023.04.14-18.08.48:375][  0]LogAutomationTest: Warning: ObjectProperty FWeaponVisualAssets::GunMesh is not initialized properly. Module:fpsgame File:WeaponActor.h
[2023.04.14-18.08.48:376][  0]LogAutomationTest: Warning: ObjectProperty FWeaponVisualAssets::TracerEffect is not initialized properly. Module:fpsgame File:WeaponActor.h
[2023.04.14-18.08.48:376][  0]LogAutomationTest: Warning: ObjectProperty FWeaponVisualAssets::MuzzleFlash is not initialized properly. Module:fpsgame File:WeaponActor.h
[2023.04.14-18.08.48:376][  0]LogEngine: Initializing Engine...
[2023.04.14-18.08.48:378][  0]LogStats: UGameplayTagsManager::InitializeManager -  0.001 s
[2023.04.14-18.08.48:403][  0]LogInit: Initializing FReadOnlyCVARCache
[2023.04.14-18.08.48:403][  0]LogNetVersion: Set ProjectVersion to 1.0.0.0. Version Checksum will be recalculated on next use.
[2023.04.14-18.08.48:405][  0]LogInit: Texture streaming: Disabled
[2023.04.14-18.08.48:456][  0]LogInit: Display: Game Engine Initialized.
[2023.04.14-18.08.48:457][  0]LogNiagaraEditor: GEditor isn't valid! Particle reset commands will not work for Niagara components!
[2023.04.14-18.08.48:528][  0]LogInit: Display: Starting Game.
[2023.04.14-18.08.48:528][  0]LogNet: Browse: /Game/Maps/TestMap?Name=Player
[2023.04.14-18.08.48:530][  0]LogLoad: LoadMap: /Game/Maps/TestMap?Name=Player
[2023.04.14-18.08.48:530][  0]LogWorld: BeginTearingDown for /Temp/Untitled_0
[2023.04.14-18.08.48:532][  0]LogWorld: UWorld::CleanupWorld for Untitled, bSessionEnded=true, bCleanupResources=true
[2023.04.14-18.08.48:541][  0]LogUObjectHash: Compacting FUObjectHashTables data took   0.73ms
[2023.04.14-18.08.48:936][  0]LogAIModule: Creating AISystem for world TestMap
[2023.04.14-18.08.48:937][  0]LogLoad: Game class is 'BP_FPSGameModeDefault_C'
[2023.04.14-18.08.48:937][  0]LogNet: PktLoss set to 0
[2023.04.14-18.08.48:937][  0]LogNet: PktLagMin set to 0
[2023.04.14-18.08.48:938][  0]LogNet: PktLagMax set to 0
[2023.04.14-18.08.48:938][  0]LogNet: PktIncomingLagMin set to 0
[2023.04.14-18.08.48:938][  0]LogNet: PktIncomingLagMax set to 0
[2023.04.14-18.08.48:939][  0]LogNet: PktIncomingLoss set to 0
[2023.04.14-18.08.48:939][  0]LogNet: PktLoss set to 0
[2023.04.14-18.08.48:939][  0]LogNet: PktLagMin set to 0
[2023.04.14-18.08.48:940][  0]LogNet: PktLagMax set to 0
[2023.04.14-18.08.48:940][  0]LogNet: PktIncomingLagMin set to 0
[2023.04.14-18.08.48:940][  0]LogNet: PktIncomingLagMax set to 0
[2023.04.14-18.08.48:941][  0]LogNet: PktIncomingLoss set to 0
[2023.04.14-18.08.48:941][  0]LogNet: PktLoss set to 0
[2023.04.14-18.08.48:941][  0]LogNet: PktLagMin set to 0
[2023.04.14-18.08.48:942][  0]LogNet: PktLagMax set to 0
[2023.04.14-18.08.48:942][  0]LogNet: PktIncomingLagMin set to 0
[2023.04.14-18.08.48:943][  0]LogNet: PktIncomingLagMax set to 0
[2023.04.14-18.08.48:943][  0]LogNet: PktIncomingLoss set to 0
[2023.04.14-18.08.48:944][  0]LogNet: ReplicationDriverClass is null! Not using ReplicationDriver.
[2023.04.14-18.08.48:944][  0]LogNetCore: DDoS detection status: detection enabled: 0 analytics enabled: 0
[2023.04.14-18.08.48:944][  0]LogInit: WinSock: Socket queue. Rx: 131072 (config 131072) Tx: 131072 (config 131072)
[2023.04.14-18.08.48:945][  0]LogNet: Created socket for bind address: 0.0.0.0 on port 17777
[2023.04.14-18.08.48:945][  0]PacketHandlerLog: Loaded PacketHandler component: Engine.EngineHandlerComponentFactory (StatelessConnectHandlerComponent)
[2023.04.14-18.08.48:945][  0]LogNet: GameNetDriver IpNetDriver_0 IpNetDriver listening on port 17777
[2023.04.14-18.08.48:949][  0]LogWorld: Bringing World /Game/Maps/TestMap.TestMap up for play (max tick rate 30) at 2023.04.14-19.08.48
[2023.04.14-18.08.48:950][  0]LogWorld: Bringing up level for play took: 0.003594
[2023.04.14-18.08.48:951][  0]LogGameMode: Display: Match State Changed from EnteringMap to WaitingToStart
[2023.04.14-18.08.48:951][  0]LogGameState: Match State Changed from EnteringMap to WaitingToStart
[2023.04.14-18.08.48:951][  0]LogLoad: Took 0.421097 seconds to LoadMap(/Game/Maps/TestMap)
[2023.04.14-18.08.48:956][  0]LogInit: Display: Engine is initialized. Leaving FEngineLoop::Init()
[2023.04.14-18.08.48:956][  0]LogLoad: (Engine Initialization) Total time: 6.52 seconds
[2023.04.14-18.08.48:957][  0]LogLoad: (Engine Initialization) Total Blueprint compile time: 0.00 seconds
[2023.04.14-18.08.49:553][ 17]LogNet: NotifyAcceptingConnection accepted from: 127.0.0.1:64885
[2023.04.14-18.08.49:553][ 17]LogHandshake: SendConnectChallenge. Timestamp: 0.595894, Cookie: 191251215072254020098255155150206218189253032164056184211141
[2023.04.14-18.08.49:586][ 18]LogNet: NotifyAcceptingConnection accepted from: 127.0.0.1:64885
[2023.04.14-18.08.49:586][ 18]LogHandshake: SendChallengeAck. InCookie: 191251215072254020098255155150206218189253032164056184211141
[2023.04.14-18.08.49:587][ 18]LogNet: Server accepting post-challenge connection from: 127.0.0.1:64885
[2023.04.14-18.08.49:587][ 18]PacketHandlerLog: Loaded PacketHandler component: Engine.EngineHandlerComponentFactory (StatelessConnectHandlerComponent)
[2023.04.14-18.08.49:588][ 18]LogNet: NotifyAcceptedConnection: Name: TestMap, TimeStamp: 04/14/23 19:08:49, [UNetConnection] RemoteAddr: 127.0.0.1:64885, Name: IpConnection_0, Driver: GameNetDriver IpNetDriver_0, IsServer: YES, PC: NULL, Owner: NULL, UniqueId: INVALID
[2023.04.14-18.08.49:588][ 18]LogNet: AddClientConnection: Added client connection: [UNetConnection] RemoteAddr: 127.0.0.1:64885, Name: IpConnection_0, Driver: GameNetDriver IpNetDriver_0, IsServer: YES, PC: NULL, Owner: NULL, UniqueId: INVALID
[2023.04.14-18.08.49:620][ 19]LogNet: NotifyAcceptingChannel Control 0 server World /Game/Maps/TestMap.TestMap: Accepted
[2023.04.14-18.08.49:621][ 19]LogNet: Remote platform little endian=1
[2023.04.14-18.08.49:621][ 19]LogNet: This platform little endian=1
[2023.04.14-18.08.49:621][ 19]LogNetVersion: fpsgame 1.0.0.0, NetCL: 17155196, EngineNetVer: 17, GameNetVer: 0 (Checksum: 1484303137)
[2023.04.14-18.08.49:653][ 20]LogNet: Login request: ?PktLagMin=0?PktLagMax=0?PktLoss=0?PktIncomingLagMin=0?PktIncomingLagMax=0?PktIncomingLoss=0?Name=DESKTOP-QG36584-D9A84D4F494A3E36F88BA6B895E6FE8A userId: NULL:DESKTOP-QG36584-D9A84D4F494A3E36F88BA6B895E6FE8A platform: NULL
[2023.04.14-18.08.49:686][ 21]LogNet: Client netspeed is 100000
[2023.04.14-18.08.49:686][ 21]LogNet: NotifyAcceptingConnection accepted from: 127.0.0.1:61208
[2023.04.14-18.08.49:687][ 21]LogHandshake: SendConnectChallenge. Timestamp: 0.729024, Cookie: 139017106242109181157250076056084190150225023219204161012192
[2023.04.14-18.08.49:719][ 22]LogNet: NotifyAcceptingConnection accepted from: 127.0.0.1:61208
[2023.04.14-18.08.49:719][ 22]LogHandshake: SendChallengeAck. InCookie: 139017106242109181157250076056084190150225023219204161012192
[2023.04.14-18.08.49:719][ 22]LogNet: Server accepting post-challenge connection from: 127.0.0.1:61208
[2023.04.14-18.08.49:720][ 22]PacketHandlerLog: Loaded PacketHandler component: Engine.EngineHandlerComponentFactory (StatelessConnectHandlerComponent)
[2023.04.14-18.08.49:720][ 22]LogNet: NotifyAcceptedConnection: Name: TestMap, TimeStamp: 04/14/23 19:08:49, [UNetConnection] RemoteAddr: 127.0.0.1:61208, Name: IpConnection_1, Driver: GameNetDriver IpNetDriver_0, IsServer: YES, PC: NULL, Owner: NULL, UniqueId: INVALID
[2023.04.14-18.08.49:720][ 22]LogNet: AddClientConnection: Added client connection: [UNetConnection] RemoteAddr: 127.0.0.1:61208, Name: IpConnection_1, Driver: GameNetDriver IpNetDriver_0, IsServer: YES, PC: NULL, Owner: NULL, UniqueId: INVALID
[2023.04.14-18.08.49:721][ 22]LogNet: NotifyAcceptingChannel Control 0 server World /Game/Maps/TestMap.TestMap: Accepted
[2023.04.14-18.08.49:721][ 22]LogNet: Remote platform little endian=1
[2023.04.14-18.08.49:721][ 22]LogNet: This platform little endian=1
[2023.04.14-18.08.49:752][ 23]LogNet: Login request: ?Name=DESKTOP-QG36584-80CBA46349F3AE5D5A8F3BA42CA4975C userId: NULL:DESKTOP-QG36584-80CBA46349F3AE5D5A8F3BA42CA4975C platform: NULL
[2023.04.14-18.08.49:752][ 23]LogNet: Join request: /Engine/Maps/Entry?PktLagMin=0?PktLagMax=0?PktLoss=0?PktIncomingLagMin=0?PktIncomingLagMax=0?PktIncomingLoss=0?Name=DESKTOP-QG36584-D9A84D4F494A3E36F88BA6B895E6FE8A?SplitscreenCount=1
[2023.04.14-18.08.49:753][ 23]LogOnlineSession: Warning: OSS: No game present to join for session (GameSession)
[2023.04.14-18.08.49:760][ 23]LogGameMode: Display: Match State Changed from WaitingToStart to InProgress
[2023.04.14-18.08.49:762][ 23]LogTemp: Warning: Numebr of rewind components = 1
[2023.04.14-18.08.49:765][ 23]LogGameState: Match State Changed from WaitingToStart to InProgress
[2023.04.14-18.08.49:765][ 23]LogNet: Join succeeded: DESKTOP-QG36584-D9A8
[2023.04.14-18.08.50:348][ 41]LogNet: Client netspeed is 100000
[2023.04.14-18.08.50:348][ 41]LogNet: Join request: /Engine/Maps/Entry?Name=DESKTOP-QG36584-80CBA46349F3AE5D5A8F3BA42CA4975C?SplitscreenCount=1
[2023.04.14-18.08.50:349][ 41]LogOnlineSession: Warning: OSS: No game present to join for session (GameSession)
[2023.04.14-18.08.50:351][ 41]LogTemp: Warning: Numebr of rewind components = 2
[2023.04.14-18.08.50:352][ 41]LogNet: Join succeeded: DESKTOP-QG36584-80CB
[2023.04.14-18.09.19:348][918]LogTemp: Warning: Reliable pickup call
[2023.04.14-18.09.20:405][950]LogTemp: Warning: Reliable pickup call
[2023.04.14-18.09.21:198][974]LogTemp: Warning: Reliable pickup call
[2023.04.14-18.09.23:884][ 55]LogTemp: Warning: Reliable pickup call
[2023.04.14-18.09.25:140][ 93]LogTemp: Warning: Reliable pickup call
[2023.04.14-18.09.26:263][127]LogTemp: Warning: RELIABLE SPRINT RPC CALL
[2023.04.14-18.09.26:395][131]LogTemp: Warning: RELIABLE SPRINT RPC CALL
[2023.04.14-18.09.27:026][150]LogTemp: Warning: RELIABLE SPRINT RPC CALL
[2023.04.14-18.09.27:126][153]LogTemp: Warning: RELIABLE SPRINT RPC CALL
[2023.04.14-18.09.27:588][167]LogTemp: Warning: RELIABLE SPRINT RPC CALL
[2023.04.14-18.09.28:153][184]LogTemp: Warning: RELIABLE SPRINT RPC CALL
[2023.04.14-18.09.28:553][196]LogTemp: Warning: RELIABLE SPRINT RPC CALL
[2023.04.14-18.09.30:681][260]LogTemp: Warning: RELIABLE SPRINT RPC CALL
[2023.04.14-18.09.31:115][273]LogTemp: Warning: RELIABLE SPRINT RPC CALL
[2023.04.14-18.09.31:380][281]LogTemp: Warning: JUMP RELIABLE RPC CALL
