Log file open, 12/04/22 12:46:32
LogWindows: Failed to load 'aqProf.dll' (GetLastError=126)
LogWindows: File 'aqProf.dll' does not exist
LogWindows: Failed to load 'VtuneApi.dll' (GetLastError=126)
LogWindows: File 'VtuneApi.dll' does not exist
LogWindows: Failed to load 'VtuneApi32e.dll' (GetLastError=126)
LogWindows: File 'VtuneApi32e.dll' does not exist
LogConsoleResponse: Display: Failed to find resolution value strings in scalability ini. Falling back to default.
LogConsoleResponse: Display: Failed to find resolution value strings in scalability ini. Falling back to default.
LogInit: Display: Running engine for game: fpsgame
LogPlatformFile: Not using cached read wrapper
LogTaskGraph: Started task graph with 5 named threads and 17 total threads with 3 sets of task threads.
LogStats: Stats thread started at 0.215904
LogICUInternationalization: ICU TimeZone Detection - Raw Offset: +0:00, Platform Override: ''
LogInit: Display: Loading text-based GConfig....
LogPluginManager: Mounting plugin MeshPainting
LogPluginManager: Mounting plugin XGEController
LogPluginManager: Mounting plugin Paper2D
LogPluginManager: Mounting plugin AISupport
LogPluginManager: Mounting plugin EnvironmentQueryEditor
LogPluginManager: Mounting plugin LiveLink
LogPluginManager: Mounting plugin LightPropagationVolume
LogPluginManager: Mounting plugin CameraShakePreviewer
LogPluginManager: Mounting plugin GameplayCameras
LogPluginManager: Mounting plugin OodleData
LogPluginManager: Mounting plugin OodleNetwork
LogPluginManager: Mounting plugin AnimationSharing
LogPluginManager: Mounting plugin CLionSourceCodeAccess
LogPluginManager: Mounting plugin CodeLiteSourceCodeAccess
LogPluginManager: Mounting plugin GitSourceControl
LogPluginManager: Mounting plugin KDevelopSourceCodeAccess
LogPluginManager: Mounting plugin NullSourceCodeAccess
LogPluginManager: Mounting plugin PerforceSourceControl
LogPluginManager: Mounting plugin PixWinPlugin
LogPluginManager: Mounting plugin PlasticSourceControl
LogPluginManager: Mounting plugin PluginUtils
LogPluginManager: Mounting plugin PropertyAccessNode
LogPluginManager: Mounting plugin RiderSourceCodeAccess
LogPluginManager: Mounting plugin SubversionSourceControl
LogPluginManager: Mounting plugin TextureFormatOodle
LogPluginManager: Mounting plugin UObjectPlugin
LogPluginManager: Mounting plugin VisualStudioCodeSourceCodeAccess
LogPluginManager: Mounting plugin VisualStudioSourceCodeAccess
LogPluginManager: Mounting plugin XCodeSourceCodeAccess
LogPluginManager: Mounting plugin AssetManagerEditor
LogPluginManager: Mounting plugin CryptoKeys
LogPluginManager: Mounting plugin CurveEditorTools
LogPluginManager: Mounting plugin DataValidation
LogPluginManager: Mounting plugin FacialAnimation
LogPluginManager: Mounting plugin GameplayTagsEditor
LogPluginManager: Mounting plugin GeometryMode
LogPluginManager: Mounting plugin MacGraphicsSwitching
LogPluginManager: Mounting plugin MaterialAnalyzer
LogPluginManager: Mounting plugin MobileLauncherProfileWizard
LogPluginManager: Mounting plugin PluginBrowser
LogPluginManager: Mounting plugin SpeedTreeImporter
LogPluginManager: Mounting plugin DatasmithContent
LogPluginManager: Mounting plugin VariantManagerContent
LogPluginManager: Mounting plugin AlembicImporter
LogPluginManager: Mounting plugin AutomationUtils
LogPluginManager: Mounting plugin BackChannel
LogPluginManager: Mounting plugin ChaosCloth
LogPluginManager: Mounting plugin ChaosClothEditor
LogPluginManager: Mounting plugin ChaosEditor
LogPluginManager: Mounting plugin ChaosNiagara
LogPluginManager: Mounting plugin ChaosSolverPlugin
LogPluginManager: Mounting plugin CharacterAI
LogPluginManager: Mounting plugin GeometryCache
LogPluginManager: Mounting plugin GeometryCollectionPlugin
LogPluginManager: Mounting plugin GeometryProcessing
LogPluginManager: Mounting plugin MotoSynth
LogPluginManager: Mounting plugin OpenImageDenoise
LogPluginManager: Mounting plugin PlanarCut
LogPluginManager: Mounting plugin PlatformCrypto
LogPluginManager: Mounting plugin ProxyLODPlugin
LogPluginManager: Mounting plugin PythonScriptPlugin
LogPluginManager: Mounting plugin SkeletalReduction
LogPluginManager: Mounting plugin Niagara
LogPluginManager: Mounting plugin LuminPlatformFeatures
LogPluginManager: Mounting plugin MagicLeap
LogPluginManager: Mounting plugin MagicLeapLightEstimation
LogPluginManager: Mounting plugin MagicLeapMedia
LogPluginManager: Mounting plugin MagicLeapPassableWorld
LogPluginManager: Mounting plugin MLSDK
LogPluginManager: Mounting plugin AndroidMedia
LogPluginManager: Mounting plugin AvfMedia
LogPluginManager: Mounting plugin ImgMedia
LogPluginManager: Mounting plugin MediaCompositing
LogPluginManager: Mounting plugin MediaPlayerEditor
LogPluginManager: Mounting plugin WebMMedia
LogPluginManager: Mounting plugin WmfMedia
LogPluginManager: Mounting plugin TcpMessaging
LogPluginManager: Mounting plugin UdpMessaging
LogPluginManager: Mounting plugin ActorSequence
LogPluginManager: Mounting plugin LevelSequenceEditor
LogPluginManager: Mounting plugin MatineeToLevelSequence
LogPluginManager: Mounting plugin TemplateSequence
LogPluginManager: Mounting plugin OnlineSubsystem
LogPluginManager: Mounting plugin OnlineSubsystemNull
LogPluginManager: Mounting plugin OnlineSubsystemUtils
LogPluginManager: Mounting plugin LauncherChunkInstaller
LogPluginManager: Mounting plugin ActorLayerUtilities
LogPluginManager: Mounting plugin AndroidDeviceProfileSelector
LogPluginManager: Mounting plugin AndroidMoviePlayer
LogPluginManager: Mounting plugin AndroidPermission
LogPluginManager: Mounting plugin AppleImageUtils
LogPluginManager: Mounting plugin AppleMoviePlayer
LogPluginManager: Mounting plugin ArchVisCharacter
LogPluginManager: Mounting plugin AssetTags
LogPluginManager: Mounting plugin AudioCapture
LogPluginManager: Mounting plugin AudioSynesthesia
LogPluginManager: Mounting plugin CableComponent
LogPluginManager: Mounting plugin ChunkDownloader
LogPluginManager: Mounting plugin CustomMeshComponent
LogPluginManager: Mounting plugin EditableMesh
LogPluginManager: Mounting plugin ExampleDeviceProfileSelector
LogPluginManager: Mounting plugin GoogleCloudMessaging
LogPluginManager: Mounting plugin GooglePAD
LogPluginManager: Mounting plugin IOSDeviceProfileSelector
LogPluginManager: Mounting plugin LinuxDeviceProfileSelector
LogPluginManager: Mounting plugin LocationServicesBPLibrary
LogPluginManager: Mounting plugin MobilePatchingUtils
LogPluginManager: Mounting plugin OpenXR
LogPluginManager: Mounting plugin OpenXREyeTracker
LogPluginManager: Mounting plugin OpenXRHandTracking
LogPluginManager: Mounting plugin PhysXVehicles
LogPluginManager: Mounting plugin PostSplashScreen
LogPluginManager: Mounting plugin ProceduralMeshComponent
LogPluginManager: Mounting plugin PropertyAccessEditor
LogPluginManager: Mounting plugin RuntimePhysXCooking
LogPluginManager: Mounting plugin SignificanceManager
LogPluginManager: Mounting plugin SoundFields
LogPluginManager: Mounting plugin Synthesis
LogPluginManager: Mounting plugin WebMMoviePlayer
LogPluginManager: Mounting plugin WindowsMoviePlayer
LogPluginManager: Mounting plugin ScreenshotTools
LogPluginManager: Mounting plugin Takes
LogPluginManager: Mounting plugin ContentBrowserAssetDataSource
LogPluginManager: Mounting plugin ContentBrowserClassDataSource
LogPluginManager: Mounting plugin ContentBrowserFileDataSource
LogPluginManager: Mounting plugin OnlineSubsystemGooglePlay
LogPluginManager: Mounting plugin OnlineSubsystemIOS
LogPluginManager: Mounting plugin OculusVR
LogPluginManager: Mounting plugin SteamVR
PixWinPlugin: PIX capture plugin failed to initialize! Check that the process is launched from PIX.
LogInit: Using libcurl 7.55.1-DEV
LogInit:  - built for x86_64-pc-win32
LogInit:  - supports SSL with OpenSSL/1.1.1
LogInit:  - supports HTTP deflate (compression) using libz 1.2.8
LogInit:  - other features:
LogInit:      CURL_VERSION_SSL
LogInit:      CURL_VERSION_LIBZ
LogInit:      CURL_VERSION_IPV6
LogInit:      CURL_VERSION_ASYNCHDNS
LogInit:      CURL_VERSION_LARGEFILE
LogInit:      CURL_VERSION_IDN
LogInit:  CurlRequestOptions (configurable via config and command line):
LogInit:  - bVerifyPeer = true  - Libcurl will verify peer certificate
LogInit:  - bUseHttpProxy = false  - Libcurl will NOT use HTTP proxy
LogInit:  - bDontReuseConnections = false  - Libcurl will reuse connections
LogInit:  - MaxHostConnections = 16  - Libcurl will limit the number of connections to a host
LogInit:  - LocalHostAddr = Default
LogInit:  - BufferSize = 65536
LogOnline: OSS: Creating online subsystem instance for: NULL
LogInit: WinSock: version 1.1 (2.2), MaxSocks=32767, MaxUdp=65467
LogOnline: OSS: TryLoadSubsystemAndSetDefault: Loaded subsystem for module [NULL]
LogInit: Build: ++UE4+Release-4.27-CL-18319896
LogInit: Engine Version: 4.27.2-18319896+++UE4+Release-4.27
LogInit: Compatible Engine Version: 4.27.0-17155196+++UE4+Release-4.27
LogInit: Net CL: 17155196
LogInit: OS: Windows 10 (Release 2009) (), CPU: AMD Ryzen 5 3600X 6-Core Processor             , GPU: AMD Radeon RX 5700 XT
LogInit: Compiled (64-bit): Nov 30 2021 07:12:08
LogInit: Compiled with Visual C++: 19.24.28315.00
LogInit: Build Configuration: Development
LogInit: Branch Name: ++UE4+Release-4.27
LogInit: Command Line:  /Game/Maps/Main -game -PIEVIACONSOLE -Multiprocess -server -log "GameUserSettingsINI=C:/Users/danie/Documents/Gamedev VR/game/UE4 game/fpsgame/Saved/Config/Windows/PIEGameUserSettings0.ini" -MultiprocessSaveConfig -forcepassthrough -messaging -SessionName="Play in Standalone Game" -port=17777 -PktLagMin=0 -PktLagMax=0 -PktLoss=0 -PktIncomingLagMin=0 -PktIncomingLagMax=0 -PktIncomingLoss=0 -windowed
LogInit: Base Directory: C:/Program Files/Epic Games/UE_4.27/Engine/Binaries/Win64/
LogInit: Allocator: TBB
LogInit: Installed Engine Build: 1
LogDevObjectVersion: Number of dev versions registered: 29
LogDevObjectVersion:   Dev-Blueprints (B0D832E4-1F89-4F0D-ACCF-7EB736FD4AA2): 10
LogDevObjectVersion:   Dev-Build (E1C64328-A22C-4D53-A36C-8E866417BD8C): 0
LogDevObjectVersion:   Dev-Core (375EC13C-06E4-48FB-B500-84F0262A717E): 4
LogDevObjectVersion:   Dev-Editor (E4B068ED-F494-42E9-A231-DA0B2E46BB41): 40
LogDevObjectVersion:   Dev-Framework (CFFC743F-43B0-4480-9391-14DF171D2073): 37
LogDevObjectVersion:   Dev-Mobile (B02B49B5-BB20-44E9-A304-32B752E40360): 3
LogDevObjectVersion:   Dev-Networking (A4E4105C-59A1-49B5-A7C5-40C4547EDFEE): 0
LogDevObjectVersion:   Dev-Online (39C831C9-5AE6-47DC-9A44-9C173E1C8E7C): 0
LogDevObjectVersion:   Dev-Physics (78F01B33-EBEA-4F98-B9B4-84EACCB95AA2): 14
LogDevObjectVersion:   Dev-Platform (6631380F-2D4D-43E0-8009-CF276956A95A): 0
LogDevObjectVersion:   Dev-Rendering (12F88B9F-8875-4AFC-A67C-D90C383ABD29): 45
LogDevObjectVersion:   Dev-Sequencer (7B5AE74C-D270-4C10-A958-57980B212A5A): 13
LogDevObjectVersion:   Dev-VR (D7296918-1DD6-4BDD-9DE2-64A83CC13884): 3
LogDevObjectVersion:   Dev-LoadTimes (C2A15278-BFE7-4AFE-6C17-90FF531DF755): 1
LogDevObjectVersion:   Private-Geometry (6EACA3D4-40EC-4CC1-B786-8BED09428FC5): 3
LogDevObjectVersion:   Dev-AnimPhys (29E575DD-E0A3-4627-9D10-D276232CDCEA): 17
LogDevObjectVersion:   Dev-Anim (AF43A65D-7FD3-4947-9873-3E8ED9C1BB05): 15
LogDevObjectVersion:   Dev-ReflectionCapture (6B266CEC-1EC7-4B8F-A30B-E4D90942FC07): 1
LogDevObjectVersion:   Dev-Automation (0DF73D61-A23F-47EA-B727-89E90C41499A): 1
LogDevObjectVersion:   FortniteMain (601D1886-AC64-4F84-AA16-D3DE0DEAC7D6): 47
LogDevObjectVersion:   FortniteRelease (E7086368-6B23-4C58-8439-1B7016265E91): 1
LogDevObjectVersion:   Dev-Enterprise (9DFFBCD6-494F-0158-E221-12823C92A888): 10
LogDevObjectVersion:   Dev-Niagara (F2AED0AC-9AFE-416F-8664-AA7FFA26D6FC): 1
LogDevObjectVersion:   Dev-Destruction (174F1F0B-B4C6-45A5-B13F-2EE8D0FB917D): 10
LogDevObjectVersion:   Dev-Physics-Ext (35F94A83-E258-406C-A318-09F59610247C): 41
LogDevObjectVersion:   Dev-PhysicsMaterial-Chaos (B68FC16E-8B1B-42E2-B453-215C058844FE): 1
LogDevObjectVersion:   Dev-CineCamera (B2E18506-4273-CFC2-A54E-F4BB758BBA07): 1
LogDevObjectVersion:   Dev-VirtualProduction (64F58936-FD1B-42BA-BA96-7289D5D0FA4E): 1
LogDevObjectVersion:   Dev-MediaFramework (6F0ED827-A609-4895-9C91-998D90180EA4): 2
LogInit: Presizing for max 25165824 objects, including 0 objects not considered by GC, pre-allocating 0 bytes for permanent pool.
LogConfig: Applying CVar settings from Section [/Script/Engine.StreamingSettings] File [C:/Users/danie/Documents/Gamedev VR/game/UE4 game/fpsgame/Saved/Config/Windows/Engine.ini]
LogConfig: Setting CVar [[s.MinBulkDataSizeForAsyncLoading:131072]]
LogConfig: Setting CVar [[s.AsyncLoadingThreadEnabled:0]]
LogConfig: Setting CVar [[s.EventDrivenLoaderEnabled:1]]
LogConfig: Setting CVar [[s.WarnIfTimeLimitExceeded:0]]
LogConfig: Setting CVar [[s.TimeLimitExceededMultiplier:1.5]]
LogConfig: Setting CVar [[s.TimeLimitExceededMinTime:0.005]]
LogConfig: Setting CVar [[s.UseBackgroundLevelStreaming:1]]
LogConfig: Setting CVar [[s.PriorityAsyncLoadingExtraTime:15.0]]
LogConfig: Setting CVar [[s.LevelStreamingActorsUpdateTimeLimit:5.0]]
LogConfig: Setting CVar [[s.PriorityLevelStreamingActorsUpdateExtraTime:5.0]]
LogConfig: Setting CVar [[s.LevelStreamingComponentsRegistrationGranularity:10]]
LogConfig: Setting CVar [[s.UnregisterComponentsTimeLimit:1.0]]
LogConfig: Setting CVar [[s.LevelStreamingComponentsUnregistrationGranularity:5]]
LogConfig: Setting CVar [[s.FlushStreamingOnExit:1]]
LogInit: Object subsystem initialized
LogConfig: Setting CVar [[con.DebugEarlyDefault:1]]
LogConfig: Setting CVar [[r.setres:1280x720]]
[2022.12.04-12.46.33:491][  0]LogConfig: Setting CVar [[con.DebugEarlyDefault:1]]
[2022.12.04-12.46.33:491][  0]LogConfig: Setting CVar [[r.setres:1280x720]]
[2022.12.04-12.46.33:491][  0]LogConfig: Applying CVar settings from Section [/Script/Engine.RendererSettings] File [C:/Users/danie/Documents/Gamedev VR/game/UE4 game/fpsgame/Saved/Config/Windows/Engine.ini]
[2022.12.04-12.46.33:492][  0]LogConfig: Setting CVar [[r.GPUCrashDebugging:0]]
[2022.12.04-12.46.33:492][  0]LogConfig: Setting CVar [[r.Mobile.DisableVertexFog:1]]
[2022.12.04-12.46.33:492][  0]LogConfig: Setting CVar [[r.Shadow.CSM.MaxMobileCascades:2]]
[2022.12.04-12.46.33:492][  0]LogConfig: Setting CVar [[r.MobileMSAA:1]]
[2022.12.04-12.46.33:493][  0]LogConfig: Setting CVar [[r.Mobile.AllowDitheredLODTransition:0]]
[2022.12.04-12.46.33:493][  0]LogConfig: Setting CVar [[r.Mobile.AllowSoftwareOcclusion:0]]
[2022.12.04-12.46.33:493][  0]LogConfig: Setting CVar [[r.Mobile.VirtualTextures:0]]
[2022.12.04-12.46.33:493][  0]LogConfig: Setting CVar [[r.DiscardUnusedQuality:0]]
[2022.12.04-12.46.33:494][  0]LogConfig: Setting CVar [[r.AllowOcclusionQueries:1]]
[2022.12.04-12.46.33:496][  0]LogConfig: Setting CVar [[r.MinScreenRadiusForLights:0.030000]]
[2022.12.04-12.46.33:496][  0]LogConfig: Setting CVar [[r.MinScreenRadiusForDepthPrepass:0.030000]]
[2022.12.04-12.46.33:496][  0]LogConfig: Setting CVar [[r.MinScreenRadiusForCSMDepth:0.010000]]
[2022.12.04-12.46.33:496][  0]LogConfig: Setting CVar [[r.PrecomputedVisibilityWarning:0]]
[2022.12.04-12.46.33:497][  0]LogConfig: Setting CVar [[r.TextureStreaming:1]]
[2022.12.04-12.46.33:497][  0]LogConfig: Setting CVar [[Compat.UseDXT5NormalMaps:0]]
[2022.12.04-12.46.33:497][  0]LogConfig: Setting CVar [[r.VirtualTextures:0]]
[2022.12.04-12.46.33:497][  0]LogConfig: Setting CVar [[r.VT.EnableAutoImport:1]]
[2022.12.04-12.46.33:498][  0]LogConfig: Setting CVar [[r.VirtualTexturedLightmaps:0]]
[2022.12.04-12.46.33:498][  0]LogConfig: Setting CVar [[r.VT.TileSize:128]]
[2022.12.04-12.46.33:498][  0]LogConfig: Setting CVar [[r.VT.TileBorderSize:4]]
[2022.12.04-12.46.33:498][  0]LogConfig: Setting CVar [[r.vt.FeedbackFactor:16]]
[2022.12.04-12.46.33:499][  0]LogConfig: Setting CVar [[r.VT.EnableCompressZlib:1]]
[2022.12.04-12.46.33:499][  0]LogConfig: Setting CVar [[r.VT.EnableCompressCrunch:0]]
[2022.12.04-12.46.33:499][  0]LogConfig: Setting CVar [[r.ClearCoatNormal:0]]
[2022.12.04-12.46.33:499][  0]LogConfig: Setting CVar [[r.ReflectionCaptureResolution:128]]
[2022.12.04-12.46.33:500][  0]LogConfig: Setting CVar [[r.Mobile.ReflectionCaptureCompression:0]]
[2022.12.04-12.46.33:500][  0]LogConfig: Setting CVar [[r.ReflectionEnvironmentLightmapMixBasedOnRoughness:1]]
[2022.12.04-12.46.33:500][  0]LogConfig: Setting CVar [[r.ForwardShading:0]]
[2022.12.04-12.46.33:501][  0]LogConfig: Setting CVar [[r.VertexFoggingForOpaque:1]]
[2022.12.04-12.46.33:501][  0]LogConfig: Setting CVar [[r.AllowStaticLighting:1]]
[2022.12.04-12.46.33:501][  0]LogConfig: Setting CVar [[r.NormalMapsForStaticLighting:0]]
[2022.12.04-12.46.33:501][  0]LogConfig: Setting CVar [[r.GenerateMeshDistanceFields:0]]
[2022.12.04-12.46.33:502][  0]LogConfig: Setting CVar [[r.DistanceFieldBuild.EightBit:0]]
[2022.12.04-12.46.33:502][  0]LogConfig: Setting CVar [[r.GenerateLandscapeGIData:0]]
[2022.12.04-12.46.33:502][  0]LogConfig: Setting CVar [[r.DistanceFieldBuild.Compress:0]]
[2022.12.04-12.46.33:503][  0]LogConfig: Setting CVar [[r.TessellationAdaptivePixelsPerTriangle:48.000000]]
[2022.12.04-12.46.33:503][  0]LogConfig: Setting CVar [[r.SeparateTranslucency:1]]
[2022.12.04-12.46.33:503][  0]LogConfig: Setting CVar [[r.TranslucentSortPolicy:0]]
[2022.12.04-12.46.33:503][  0]LogConfig: Setting CVar [[vr.VRS.HMDFixedFoveationLevel:0]]
[2022.12.04-12.46.33:504][  0]LogConfig: Setting CVar [[r.CustomDepth:1]]
[2022.12.04-12.46.33:504][  0]LogConfig: Setting CVar [[r.CustomDepthTemporalAAJitter:1]]
[2022.12.04-12.46.33:504][  0]LogConfig: Setting CVar [[r.PostProcessing.PropagateAlpha:0]]
[2022.12.04-12.46.33:505][  0]LogConfig: Setting CVar [[r.DefaultFeature.Bloom:1]]
[2022.12.04-12.46.33:505][  0]LogConfig: Setting CVar [[r.DefaultFeature.AmbientOcclusion:1]]
[2022.12.04-12.46.33:505][  0]LogConfig: Setting CVar [[r.DefaultFeature.AmbientOcclusionStaticFraction:1]]
[2022.12.04-12.46.33:505][  0]LogConfig: Setting CVar [[r.DefaultFeature.AutoExposure:0]]
[2022.12.04-12.46.33:506][  0]LogConfig: Setting CVar [[r.DefaultFeature.AutoExposure.Method:0]]
[2022.12.04-12.46.33:506][  0]LogConfig: Setting CVar [[r.DefaultFeature.AutoExposure.Bias:1.000000]]
[2022.12.04-12.46.33:506][  0]LogConfig: Setting CVar [[r.DefaultFeature.AutoExposure.ExtendDefaultLuminanceRange:0]]
[2022.12.04-12.46.33:507][  0]LogConfig: Setting CVar [[r.UsePreExposure:1]]
[2022.12.04-12.46.33:507][  0]LogConfig: Setting CVar [[r.EyeAdaptation.EditorOnly:0]]
[2022.12.04-12.46.33:508][  0]LogConfig: Setting CVar [[r.DefaultFeature.MotionBlur:0]]
[2022.12.04-12.46.33:508][  0]LogConfig: Setting CVar [[r.DefaultFeature.LensFlare:0]]
[2022.12.04-12.46.33:509][  0]LogConfig: Setting CVar [[r.TemporalAA.Upsampling:0]]
[2022.12.04-12.46.33:509][  0]LogConfig: Setting CVar [[r.SSGI.Enable:0]]
[2022.12.04-12.46.33:509][  0]LogConfig: Setting CVar [[r.DefaultFeature.AntiAliasing:0]]
[2022.12.04-12.46.33:509][  0]LogConfig: Setting CVar [[r.DefaultFeature.LightUnits:1]]
[2022.12.04-12.46.33:510][  0]LogConfig: Setting CVar [[r.DefaultBackBufferPixelFormat:4]]
[2022.12.04-12.46.33:512][  0]LogConfig: Setting CVar [[r.Shadow.UnbuiltPreviewInGame:1]]
[2022.12.04-12.46.33:513][  0]LogConfig: Setting CVar [[r.StencilForLODDither:0]]
[2022.12.04-12.46.33:513][  0]LogConfig: Setting CVar [[r.EarlyZPass:3]]
[2022.12.04-12.46.33:513][  0]LogConfig: Setting CVar [[r.EarlyZPassOnlyMaterialMasking:0]]
[2022.12.04-12.46.33:514][  0]LogConfig: Setting CVar [[r.DBuffer:1]]
[2022.12.04-12.46.33:514][  0]LogConfig: Setting CVar [[r.ClearSceneMethod:1]]
[2022.12.04-12.46.33:514][  0]LogConfig: Setting CVar [[r.BasePassOutputsVelocity:0]]
[2022.12.04-12.46.33:514][  0]LogConfig: Setting CVar [[r.VertexDeformationOutputsVelocity:0]]
[2022.12.04-12.46.33:515][  0]LogConfig: Setting CVar [[r.SelectiveBasePassOutputs:0]]
[2022.12.04-12.46.33:515][  0]LogConfig: Setting CVar [[fx.GPUSimulationTextureSizeX:1024]]
[2022.12.04-12.46.33:515][  0]LogConfig: Setting CVar [[fx.GPUSimulationTextureSizeY:1024]]
[2022.12.04-12.46.33:516][  0]LogConfig: Setting CVar [[r.AllowGlobalClipPlane:0]]
[2022.12.04-12.46.33:516][  0]LogConfig: Setting CVar [[r.GBufferFormat:1]]
[2022.12.04-12.46.33:516][  0]LogConfig: Setting CVar [[r.MorphTarget.Mode:1]]
[2022.12.04-12.46.33:516][  0]LogConfig: Setting CVar [[vr.InstancedStereo:0]]
[2022.12.04-12.46.33:517][  0]LogConfig: Setting CVar [[r.MobileHDR:1]]
[2022.12.04-12.46.33:517][  0]LogConfig: Setting CVar [[vr.MobileMultiView:0]]
[2022.12.04-12.46.33:517][  0]LogConfig: Setting CVar [[r.Mobile.UseHWsRGBEncoding:0]]
[2022.12.04-12.46.33:517][  0]LogConfig: Setting CVar [[vr.RoundRobinOcclusion:0]]
[2022.12.04-12.46.33:518][  0]LogConfig: Setting CVar [[vr.ODSCapture:0]]
[2022.12.04-12.46.33:518][  0]LogConfig: Setting CVar [[r.MeshStreaming:0]]
[2022.12.04-12.46.33:518][  0]LogConfig: Setting CVar [[r.WireframeCullThreshold:5.000000]]
[2022.12.04-12.46.33:518][  0]LogConfig: Setting CVar [[r.RayTracing:0]]
[2022.12.04-12.46.33:519][  0]LogConfig: Setting CVar [[r.RayTracing.UseTextureLod:0]]
[2022.12.04-12.46.33:519][  0]LogConfig: Setting CVar [[r.SupportStationarySkylight:1]]
[2022.12.04-12.46.33:520][  0]LogConfig: Setting CVar [[r.SupportLowQualityLightmaps:1]]
[2022.12.04-12.46.33:520][  0]LogConfig: Setting CVar [[r.SupportPointLightWholeSceneShadows:1]]
[2022.12.04-12.46.33:520][  0]LogConfig: Setting CVar [[r.SupportAtmosphericFog:1]]
[2022.12.04-12.46.33:520][  0]LogConfig: Setting CVar [[r.SupportSkyAtmosphere:1]]
[2022.12.04-12.46.33:521][  0]LogConfig: Setting CVar [[r.SupportSkyAtmosphereAffectsHeightFog:0]]
[2022.12.04-12.46.33:521][  0]LogConfig: Setting CVar [[r.SkinCache.CompileShaders:0]]
[2022.12.04-12.46.33:521][  0]LogConfig: Setting CVar [[r.SkinCache.DefaultBehavior:1]]
[2022.12.04-12.46.33:521][  0]LogConfig: Setting CVar [[r.SkinCache.SceneMemoryLimitInMB:128.000000]]
[2022.12.04-12.46.33:522][  0]LogConfig: Setting CVar [[r.Mobile.EnableStaticAndCSMShadowReceivers:1]]
[2022.12.04-12.46.33:522][  0]LogConfig: Setting CVar [[r.Mobile.EnableMovableLightCSMShaderCulling:1]]
[2022.12.04-12.46.33:522][  0]LogConfig: Setting CVar [[r.Mobile.AllowDistanceFieldShadows:1]]
[2022.12.04-12.46.33:522][  0]LogConfig: Setting CVar [[r.Mobile.AllowMovableDirectionalLights:1]]
[2022.12.04-12.46.33:523][  0]LogConfig: Setting CVar [[r.MobileNumDynamicPointLights:4]]
[2022.12.04-12.46.33:523][  0]LogConfig: Setting CVar [[r.MobileDynamicPointLightsUseStaticBranch:1]]
[2022.12.04-12.46.33:523][  0]LogConfig: Setting CVar [[r.Mobile.EnableMovableSpotlights:0]]
[2022.12.04-12.46.33:524][  0]LogConfig: Setting CVar [[r.Mobile.EnableMovableSpotlightsShadow:0]]
[2022.12.04-12.46.33:524][  0]LogConfig: Setting CVar [[r.GPUSkin.Support16BitBoneIndex:0]]
[2022.12.04-12.46.33:524][  0]LogConfig: Setting CVar [[r.GPUSkin.Limit2BoneInfluences:0]]
[2022.12.04-12.46.33:524][  0]LogConfig: Setting CVar [[r.SupportDepthOnlyIndexBuffers:1]]
[2022.12.04-12.46.33:525][  0]LogConfig: Setting CVar [[r.SupportReversedIndexBuffers:1]]
[2022.12.04-12.46.33:525][  0]LogConfig: Setting CVar [[r.LightPropagationVolume:0]]
[2022.12.04-12.46.33:525][  0]LogConfig: Setting CVar [[r.Mobile.AmbientOcclusion:0]]
[2022.12.04-12.46.33:525][  0]LogConfig: Setting CVar [[r.GPUSkin.UnlimitedBoneInfluences:0]]
[2022.12.04-12.46.33:526][  0]LogConfig: Setting CVar [[r.GPUSkin.UnlimitedBoneInfluencesThreshold:8]]
[2022.12.04-12.46.33:528][  0]LogConfig: Setting CVar [[r.Mobile.PlanarReflectionMode:0]]
[2022.12.04-12.46.33:529][  0]LogConfig: Setting CVar [[r.Mobile.SupportsGen4TAA:0]]
[2022.12.04-12.46.33:529][  0]LogConfig: Applying CVar settings from Section [/Script/Engine.RendererOverrideSettings] File [C:/Users/danie/Documents/Gamedev VR/game/UE4 game/fpsgame/Saved/Config/Windows/Engine.ini]
[2022.12.04-12.46.33:529][  0]LogConfig: Applying CVar settings from Section [/Script/Engine.StreamingSettings] File [C:/Users/danie/Documents/Gamedev VR/game/UE4 game/fpsgame/Saved/Config/Windows/Engine.ini]
[2022.12.04-12.46.33:530][  0]LogConfig: Setting CVar [[s.MinBulkDataSizeForAsyncLoading:131072]]
[2022.12.04-12.46.33:530][  0]LogConfig: Setting CVar [[s.AsyncLoadingThreadEnabled:0]]
[2022.12.04-12.46.33:530][  0]LogConfig: Setting CVar [[s.EventDrivenLoaderEnabled:1]]
[2022.12.04-12.46.33:531][  0]LogConfig: Setting CVar [[s.WarnIfTimeLimitExceeded:0]]
[2022.12.04-12.46.33:531][  0]LogConfig: Setting CVar [[s.TimeLimitExceededMultiplier:1.5]]
[2022.12.04-12.46.33:531][  0]LogConfig: Setting CVar [[s.TimeLimitExceededMinTime:0.005]]
[2022.12.04-12.46.33:532][  0]LogConfig: Setting CVar [[s.UseBackgroundLevelStreaming:1]]
[2022.12.04-12.46.33:532][  0]LogConfig: Setting CVar [[s.PriorityAsyncLoadingExtraTime:15.0]]
[2022.12.04-12.46.33:532][  0]LogConfig: Setting CVar [[s.LevelStreamingActorsUpdateTimeLimit:5.0]]
[2022.12.04-12.46.33:532][  0]LogConfig: Setting CVar [[s.PriorityLevelStreamingActorsUpdateExtraTime:5.0]]
[2022.12.04-12.46.33:533][  0]LogConfig: Setting CVar [[s.LevelStreamingComponentsRegistrationGranularity:10]]
[2022.12.04-12.46.33:533][  0]LogConfig: Setting CVar [[s.UnregisterComponentsTimeLimit:1.0]]
[2022.12.04-12.46.33:533][  0]LogConfig: Setting CVar [[s.LevelStreamingComponentsUnregistrationGranularity:5]]
[2022.12.04-12.46.33:533][  0]LogConfig: Setting CVar [[s.FlushStreamingOnExit:1]]
[2022.12.04-12.46.33:534][  0]LogConfig: Applying CVar settings from Section [/Script/Engine.GarbageCollectionSettings] File [C:/Users/danie/Documents/Gamedev VR/game/UE4 game/fpsgame/Saved/Config/Windows/Engine.ini]
[2022.12.04-12.46.33:534][  0]LogConfig: Setting CVar [[gc.MaxObjectsNotConsideredByGC:1]]
[2022.12.04-12.46.33:534][  0]LogConfig: Setting CVar [[gc.SizeOfPermanentObjectPool:0]]
[2022.12.04-12.46.33:535][  0]LogConfig: Setting CVar [[gc.FlushStreamingOnGC:0]]
[2022.12.04-12.46.33:535][  0]LogConfig: Setting CVar [[gc.NumRetriesBeforeForcingGC:10]]
[2022.12.04-12.46.33:535][  0]LogConfig: Setting CVar [[gc.AllowParallelGC:1]]
[2022.12.04-12.46.33:536][  0]LogConfig: Setting CVar [[gc.TimeBetweenPurgingPendingKillObjects:61.1]]
[2022.12.04-12.46.33:536][  0]LogConfig: Setting CVar [[gc.MaxObjectsInEditor:25165824]]
[2022.12.04-12.46.33:536][  0]LogConfig: Setting CVar [[gc.IncrementalBeginDestroyEnabled:1]]
[2022.12.04-12.46.33:536][  0]LogConfig: Setting CVar [[gc.CreateGCClusters:1]]
[2022.12.04-12.46.33:537][  0]LogConfig: Setting CVar [[gc.MinGCClusterSize:5]]
[2022.12.04-12.46.33:537][  0]LogConfig: Setting CVar [[gc.ActorClusteringEnabled:0]]
[2022.12.04-12.46.33:537][  0]LogConfig: Setting CVar [[gc.BlueprintClusteringEnabled:0]]
[2022.12.04-12.46.33:537][  0]LogConfig: Setting CVar [[gc.UseDisregardForGCOnDedicatedServers:0]]
[2022.12.04-12.46.33:538][  0]LogConfig: Setting CVar [[gc.MultithreadedDestructionEnabled:1]]
[2022.12.04-12.46.33:538][  0]LogConfig: Applying CVar settings from Section [/Script/Engine.NetworkSettings] File [C:/Users/danie/Documents/Gamedev VR/game/UE4 game/fpsgame/Saved/Config/Windows/Engine.ini]
[2022.12.04-12.46.33:538][  0]LogConfig: Applying CVar settings from Section [/Script/UnrealEd.CookerSettings] File [C:/Users/danie/Documents/Gamedev VR/game/UE4 game/fpsgame/Saved/Config/Windows/Engine.ini]
[2022.12.04-12.46.33:539][  0]LogConfig: Applying CVar settings from Section [ViewDistanceQuality@3] File [C:/Users/danie/Documents/Gamedev VR/game/UE4 game/fpsgame/Saved/Config/Windows/Scalability.ini]
[2022.12.04-12.46.33:539][  0]LogConfig: Setting CVar [[r.SkeletalMeshLODBias:0]]
[2022.12.04-12.46.33:539][  0]LogConfig: Setting CVar [[r.ViewDistanceScale:1.0]]
[2022.12.04-12.46.33:539][  0]LogConfig: Applying CVar settings from Section [AntiAliasingQuality@3] File [C:/Users/danie/Documents/Gamedev VR/game/UE4 game/fpsgame/Saved/Config/Windows/Scalability.ini]
[2022.12.04-12.46.33:540][  0]LogConfig: Setting CVar [[r.PostProcessAAQuality:4]]
[2022.12.04-12.46.33:540][  0]LogConfig: Applying CVar settings from Section [ShadowQuality@3] File [C:/Users/danie/Documents/Gamedev VR/game/UE4 game/fpsgame/Saved/Config/Windows/Scalability.ini]
[2022.12.04-12.46.33:540][  0]LogConfig: Setting CVar [[r.LightFunctionQuality:1]]
[2022.12.04-12.46.33:541][  0]LogConfig: Setting CVar [[r.ShadowQuality:5]]
[2022.12.04-12.46.33:541][  0]LogConfig: Setting CVar [[r.Shadow.CSM.MaxCascades:10]]
[2022.12.04-12.46.33:541][  0]LogConfig: Setting CVar [[r.Shadow.MaxResolution:2048]]
[2022.12.04-12.46.33:541][  0]LogConfig: Setting CVar [[r.Shadow.MaxCSMResolution:2048]]
[2022.12.04-12.46.33:542][  0]LogConfig: Setting CVar [[r.Shadow.RadiusThreshold:0.01]]
[2022.12.04-12.46.33:544][  0]LogConfig: Setting CVar [[r.Shadow.DistanceScale:1.0]]
[2022.12.04-12.46.33:544][  0]LogConfig: Setting CVar [[r.Shadow.CSM.TransitionScale:1.0]]
[2022.12.04-12.46.33:544][  0]LogConfig: Setting CVar [[r.Shadow.PreShadowResolutionFactor:1.0]]
[2022.12.04-12.46.33:544][  0]LogConfig: Setting CVar [[r.DistanceFieldShadowing:1]]
[2022.12.04-12.46.33:545][  0]LogConfig: Setting CVar [[r.DistanceFieldAO:1]]
[2022.12.04-12.46.33:545][  0]LogConfig: Setting CVar [[r.AOQuality:2]]
[2022.12.04-12.46.33:545][  0]LogConfig: Setting CVar [[r.VolumetricFog:1]]
[2022.12.04-12.46.33:545][  0]LogConfig: Setting CVar [[r.VolumetricFog.GridPixelSize:8]]
[2022.12.04-12.46.33:546][  0]LogConfig: Setting CVar [[r.VolumetricFog.GridSizeZ:128]]
[2022.12.04-12.46.33:546][  0]LogConfig: Setting CVar [[r.VolumetricFog.HistoryMissSupersampleCount:4]]
[2022.12.04-12.46.33:546][  0]LogConfig: Setting CVar [[r.LightMaxDrawDistanceScale:1]]
[2022.12.04-12.46.33:546][  0]LogConfig: Setting CVar [[r.CapsuleShadows:1]]
[2022.12.04-12.46.33:547][  0]LogConfig: Applying CVar settings from Section [PostProcessQuality@3] File [C:/Users/danie/Documents/Gamedev VR/game/UE4 game/fpsgame/Saved/Config/Windows/Scalability.ini]
[2022.12.04-12.46.33:547][  0]LogConfig: Setting CVar [[r.MotionBlurQuality:4]]
[2022.12.04-12.46.33:547][  0]LogConfig: Setting CVar [[r.AmbientOcclusionMipLevelFactor:0.4]]
[2022.12.04-12.46.33:547][  0]LogConfig: Setting CVar [[r.AmbientOcclusionMaxQuality:100]]
[2022.12.04-12.46.33:548][  0]LogConfig: Setting CVar [[r.AmbientOcclusionLevels:-1]]
[2022.12.04-12.46.33:548][  0]LogConfig: Setting CVar [[r.AmbientOcclusionRadiusScale:1.0]]
[2022.12.04-12.46.33:548][  0]LogConfig: Setting CVar [[r.DepthOfFieldQuality:2]]
[2022.12.04-12.46.33:549][  0]LogConfig: Setting CVar [[r.RenderTargetPoolMin:400]]
[2022.12.04-12.46.33:549][  0]LogConfig: Setting CVar [[r.LensFlareQuality:2]]
[2022.12.04-12.46.33:549][  0]LogConfig: Setting CVar [[r.SceneColorFringeQuality:1]]
[2022.12.04-12.46.33:549][  0]LogConfig: Setting CVar [[r.EyeAdaptationQuality:2]]
[2022.12.04-12.46.33:549][  0]LogConfig: Setting CVar [[r.BloomQuality:5]]
[2022.12.04-12.46.33:550][  0]LogConfig: Setting CVar [[r.FastBlurThreshold:100]]
[2022.12.04-12.46.33:550][  0]LogConfig: Setting CVar [[r.Upscale.Quality:3]]
[2022.12.04-12.46.33:550][  0]LogConfig: Setting CVar [[r.Tonemapper.GrainQuantization:1]]
[2022.12.04-12.46.33:550][  0]LogConfig: Setting CVar [[r.LightShaftQuality:1]]
[2022.12.04-12.46.33:551][  0]LogConfig: Setting CVar [[r.Filter.SizeScale:1]]
[2022.12.04-12.46.33:551][  0]LogConfig: Setting CVar [[r.Tonemapper.Quality:5]]
[2022.12.04-12.46.33:551][  0]LogConfig: Setting CVar [[r.DOF.Gather.AccumulatorQuality:1        ; higher gathering accumulator quality]]
[2022.12.04-12.46.33:551][  0]LogConfig: Setting CVar [[r.DOF.Gather.PostfilterMethod:1          ; Median3x3 postfilering method]]
[2022.12.04-12.46.33:552][  0]LogConfig: Setting CVar [[r.DOF.Gather.EnableBokehSettings:0       ; no bokeh simulation when gathering]]
[2022.12.04-12.46.33:552][  0]LogConfig: Setting CVar [[r.DOF.Gather.RingCount:4                 ; medium number of samples when gathering]]
[2022.12.04-12.46.33:552][  0]LogConfig: Setting CVar [[r.DOF.Scatter.ForegroundCompositing:1    ; additive foreground scattering]]
[2022.12.04-12.46.33:552][  0]LogConfig: Setting CVar [[r.DOF.Scatter.BackgroundCompositing:2    ; additive background scattering]]
[2022.12.04-12.46.33:553][  0]LogConfig: Setting CVar [[r.DOF.Scatter.EnableBokehSettings:1      ; bokeh simulation when scattering]]
[2022.12.04-12.46.33:553][  0]LogConfig: Setting CVar [[r.DOF.Scatter.MaxSpriteRatio:0.1         ; only a maximum of 10% of scattered bokeh]]
[2022.12.04-12.46.33:553][  0]LogConfig: Setting CVar [[r.DOF.Recombine.Quality:1                ; cheap slight out of focus]]
[2022.12.04-12.46.33:554][  0]LogConfig: Setting CVar [[r.DOF.Recombine.EnableBokehSettings:0    ; no bokeh simulation on slight out of focus]]
[2022.12.04-12.46.33:554][  0]LogConfig: Setting CVar [[r.DOF.TemporalAAQuality:1                ; more stable temporal accumulation]]
[2022.12.04-12.46.33:554][  0]LogConfig: Setting CVar [[r.DOF.Kernel.MaxForegroundRadius:0.025]]
[2022.12.04-12.46.33:554][  0]LogConfig: Setting CVar [[r.DOF.Kernel.MaxBackgroundRadius:0.025]]
[2022.12.04-12.46.33:555][  0]LogConfig: Applying CVar settings from Section [TextureQuality@3] File [C:/Users/danie/Documents/Gamedev VR/game/UE4 game/fpsgame/Saved/Config/Windows/Scalability.ini]
[2022.12.04-12.46.33:555][  0]LogConfig: Setting CVar [[r.Streaming.MipBias:0]]
[2022.12.04-12.46.33:555][  0]LogConfig: Setting CVar [[r.Streaming.AmortizeCPUToGPUCopy:0]]
[2022.12.04-12.46.33:556][  0]LogConfig: Setting CVar [[r.Streaming.MaxNumTexturesToStreamPerFrame:0]]
[2022.12.04-12.46.33:556][  0]LogConfig: Setting CVar [[r.Streaming.Boost:1]]
[2022.12.04-12.46.33:556][  0]LogConfig: Setting CVar [[r.MaxAnisotropy:8]]
[2022.12.04-12.46.33:556][  0]LogConfig: Setting CVar [[r.VT.MaxAnisotropy:8]]
[2022.12.04-12.46.33:557][  0]LogConfig: Setting CVar [[r.Streaming.LimitPoolSizeToVRAM:0]]
[2022.12.04-12.46.33:557][  0]LogConfig: Setting CVar [[r.Streaming.PoolSize:1000]]
[2022.12.04-12.46.33:557][  0]LogConfig: Setting CVar [[r.Streaming.MaxEffectiveScreenSize:0]]
[2022.12.04-12.46.33:557][  0]LogConfig: Applying CVar settings from Section [EffectsQuality@3] File [C:/Users/danie/Documents/Gamedev VR/game/UE4 game/fpsgame/Saved/Config/Windows/Scalability.ini]
[2022.12.04-12.46.33:558][  0]LogConfig: Setting CVar [[r.TranslucencyLightingVolumeDim:64]]
[2022.12.04-12.46.33:560][  0]LogConfig: Setting CVar [[r.RefractionQuality:2]]
[2022.12.04-12.46.33:561][  0]LogConfig: Setting CVar [[r.SSR.Quality:3]]
[2022.12.04-12.46.33:562][  0]LogConfig: Setting CVar [[r.SSR.HalfResSceneColor:0]]
[2022.12.04-12.46.33:563][  0]LogConfig: Setting CVar [[r.SceneColorFormat:4]]
[2022.12.04-12.46.33:563][  0]LogConfig: Setting CVar [[r.DetailMode:2]]
[2022.12.04-12.46.33:563][  0]LogConfig: Setting CVar [[r.TranslucencyVolumeBlur:1]]
[2022.12.04-12.46.33:564][  0]LogConfig: Setting CVar [[r.MaterialQualityLevel:1 ; High quality]]
[2022.12.04-12.46.33:564][  0]LogConfig: Setting CVar [[r.AnisotropicMaterials:1]]
[2022.12.04-12.46.33:565][  0]LogConfig: Setting CVar [[r.SSS.Scale:1]]
[2022.12.04-12.46.33:565][  0]LogConfig: Setting CVar [[r.SSS.SampleSet:2]]
[2022.12.04-12.46.33:565][  0]LogConfig: Setting CVar [[r.SSS.Quality:1]]
[2022.12.04-12.46.33:566][  0]LogConfig: Setting CVar [[r.SSS.HalfRes:0]]
[2022.12.04-12.46.33:566][  0]LogConfig: Setting CVar [[r.SSGI.Quality:3]]
[2022.12.04-12.46.33:566][  0]LogConfig: Setting CVar [[r.EmitterSpawnRateScale:1.0]]
[2022.12.04-12.46.33:566][  0]LogConfig: Setting CVar [[r.ParticleLightQuality:2]]
[2022.12.04-12.46.33:567][  0]LogConfig: Setting CVar [[r.SkyAtmosphere.AerialPerspectiveLUT.FastApplyOnOpaque:1 ; Always have FastSkyLUT 1 in this case to avoid wrong sky]]
[2022.12.04-12.46.33:567][  0]LogConfig: Setting CVar [[r.SkyAtmosphere.AerialPerspectiveLUT.SampleCountMaxPerSlice:4]]
[2022.12.04-12.46.33:567][  0]LogConfig: Setting CVar [[r.SkyAtmosphere.AerialPerspectiveLUT.DepthResolution:16.0]]
[2022.12.04-12.46.33:567][  0]LogConfig: Setting CVar [[r.SkyAtmosphere.FastSkyLUT:1]]
[2022.12.04-12.46.33:568][  0]LogConfig: Setting CVar [[r.SkyAtmosphere.FastSkyLUT.SampleCountMin:4.0]]
[2022.12.04-12.46.33:568][  0]LogConfig: Setting CVar [[r.SkyAtmosphere.FastSkyLUT.SampleCountMax:128.0]]
[2022.12.04-12.46.33:568][  0]LogConfig: Setting CVar [[r.SkyAtmosphere.SampleCountMin:4.0]]
[2022.12.04-12.46.33:569][  0]LogConfig: Setting CVar [[r.SkyAtmosphere.SampleCountMax:128.0]]
[2022.12.04-12.46.33:569][  0]LogConfig: Setting CVar [[r.SkyAtmosphere.TransmittanceLUT.UseSmallFormat:0]]
[2022.12.04-12.46.33:569][  0]LogConfig: Setting CVar [[r.SkyAtmosphere.TransmittanceLUT.SampleCount:10.0]]
[2022.12.04-12.46.33:569][  0]LogConfig: Setting CVar [[r.SkyAtmosphere.MultiScatteringLUT.SampleCount:15.0]]
[2022.12.04-12.46.33:570][  0]LogConfig: Setting CVar [[r.SkyLight.RealTimeReflectionCapture:1]]
[2022.12.04-12.46.33:570][  0]LogConfig: Applying CVar settings from Section [FoliageQuality@3] File [C:/Users/danie/Documents/Gamedev VR/game/UE4 game/fpsgame/Saved/Config/Windows/Scalability.ini]
[2022.12.04-12.46.33:570][  0]LogConfig: Setting CVar [[foliage.DensityScale:1.0]]
[2022.12.04-12.46.33:571][  0]LogConfig: Setting CVar [[grass.DensityScale:1.0]]
[2022.12.04-12.46.33:571][  0]LogConfig: Applying CVar settings from Section [ShadingQuality@3] File [C:/Users/danie/Documents/Gamedev VR/game/UE4 game/fpsgame/Saved/Config/Windows/Scalability.ini]
[2022.12.04-12.46.33:571][  0]LogConfig: Setting CVar [[r.HairStrands.SkyLighting.IntegrationType:2]]
[2022.12.04-12.46.33:571][  0]LogConfig: Setting CVar [[r.HairStrands.SkyAO.SampleCount:4]]
[2022.12.04-12.46.33:572][  0]LogConfig: Setting CVar [[r.HairStrands.Visibility.MSAA.SamplePerPixel:4]]
[2022.12.04-12.46.33:572][  0]LogInit: Selected Device Profile: [Windows]
[2022.12.04-12.46.33:572][  0]LogInit: Applying CVar settings loaded from the selected device profile: [Windows]
[2022.12.04-12.46.33:572][  0]LogHAL: Display: Platform has ~ 16 GB [17128247296 / 17179869184 / 16], which maps to Larger [LargestMinGB=32, LargerMinGB=12, DefaultMinGB=8, SmallerMinGB=6, SmallestMinGB=0)
[2022.12.04-12.46.33:573][  0]LogInit: Going up to parent DeviceProfile []
[2022.12.04-12.46.33:573][  0]LogConfig: Applying CVar settings from Section [ViewDistanceQuality@3] File [C:/Users/danie/Documents/Gamedev VR/game/UE4 game/fpsgame/Saved/Config/Windows/Scalability.ini]
[2022.12.04-12.46.33:573][  0]LogConfig: Setting CVar [[r.SkeletalMeshLODBias:0]]
[2022.12.04-12.46.33:573][  0]LogConfig: Setting CVar [[r.ViewDistanceScale:1.0]]
[2022.12.04-12.46.33:574][  0]LogConfig: Applying CVar settings from Section [AntiAliasingQuality@3] File [C:/Users/danie/Documents/Gamedev VR/game/UE4 game/fpsgame/Saved/Config/Windows/Scalability.ini]
[2022.12.04-12.46.33:576][  0]LogConfig: Setting CVar [[r.PostProcessAAQuality:4]]
[2022.12.04-12.46.33:577][  0]LogConfig: Applying CVar settings from Section [ShadowQuality@3] File [C:/Users/danie/Documents/Gamedev VR/game/UE4 game/fpsgame/Saved/Config/Windows/Scalability.ini]
[2022.12.04-12.46.33:577][  0]LogConfig: Setting CVar [[r.LightFunctionQuality:1]]
[2022.12.04-12.46.33:577][  0]LogConfig: Setting CVar [[r.ShadowQuality:5]]
[2022.12.04-12.46.33:577][  0]LogConfig: Setting CVar [[r.Shadow.CSM.MaxCascades:10]]
[2022.12.04-12.46.33:578][  0]LogConfig: Setting CVar [[r.Shadow.MaxResolution:2048]]
[2022.12.04-12.46.33:578][  0]LogConfig: Setting CVar [[r.Shadow.MaxCSMResolution:2048]]
[2022.12.04-12.46.33:578][  0]LogConfig: Setting CVar [[r.Shadow.RadiusThreshold:0.01]]
[2022.12.04-12.46.33:578][  0]LogConfig: Setting CVar [[r.Shadow.DistanceScale:1.0]]
[2022.12.04-12.46.33:579][  0]LogConfig: Setting CVar [[r.Shadow.CSM.TransitionScale:1.0]]
[2022.12.04-12.46.33:579][  0]LogConfig: Setting CVar [[r.Shadow.PreShadowResolutionFactor:1.0]]
[2022.12.04-12.46.33:579][  0]LogConfig: Setting CVar [[r.DistanceFieldShadowing:1]]
[2022.12.04-12.46.33:580][  0]LogConfig: Setting CVar [[r.DistanceFieldAO:1]]
[2022.12.04-12.46.33:580][  0]LogConfig: Setting CVar [[r.AOQuality:2]]
[2022.12.04-12.46.33:580][  0]LogConfig: Setting CVar [[r.VolumetricFog:1]]
[2022.12.04-12.46.33:581][  0]LogConfig: Setting CVar [[r.VolumetricFog.GridPixelSize:8]]
[2022.12.04-12.46.33:581][  0]LogConfig: Setting CVar [[r.VolumetricFog.GridSizeZ:128]]
[2022.12.04-12.46.33:581][  0]LogConfig: Setting CVar [[r.VolumetricFog.HistoryMissSupersampleCount:4]]
[2022.12.04-12.46.33:582][  0]LogConfig: Setting CVar [[r.LightMaxDrawDistanceScale:1]]
[2022.12.04-12.46.33:582][  0]LogConfig: Setting CVar [[r.CapsuleShadows:1]]
[2022.12.04-12.46.33:582][  0]LogConfig: Applying CVar settings from Section [PostProcessQuality@3] File [C:/Users/danie/Documents/Gamedev VR/game/UE4 game/fpsgame/Saved/Config/Windows/Scalability.ini]
[2022.12.04-12.46.33:583][  0]LogConfig: Setting CVar [[r.MotionBlurQuality:4]]
[2022.12.04-12.46.33:583][  0]LogConfig: Setting CVar [[r.AmbientOcclusionMipLevelFactor:0.4]]
[2022.12.04-12.46.33:583][  0]LogConfig: Setting CVar [[r.AmbientOcclusionMaxQuality:100]]
[2022.12.04-12.46.33:583][  0]LogConfig: Setting CVar [[r.AmbientOcclusionLevels:-1]]
[2022.12.04-12.46.33:584][  0]LogConfig: Setting CVar [[r.AmbientOcclusionRadiusScale:1.0]]
[2022.12.04-12.46.33:584][  0]LogConfig: Setting CVar [[r.DepthOfFieldQuality:2]]
[2022.12.04-12.46.33:584][  0]LogConfig: Setting CVar [[r.RenderTargetPoolMin:400]]
[2022.12.04-12.46.33:584][  0]LogConfig: Setting CVar [[r.LensFlareQuality:2]]
[2022.12.04-12.46.33:585][  0]LogConfig: Setting CVar [[r.SceneColorFringeQuality:1]]
[2022.12.04-12.46.33:585][  0]LogConfig: Setting CVar [[r.EyeAdaptationQuality:2]]
[2022.12.04-12.46.33:585][  0]LogConfig: Setting CVar [[r.BloomQuality:5]]
[2022.12.04-12.46.33:585][  0]LogConfig: Setting CVar [[r.FastBlurThreshold:100]]
[2022.12.04-12.46.33:586][  0]LogConfig: Setting CVar [[r.Upscale.Quality:3]]
[2022.12.04-12.46.33:586][  0]LogConfig: Setting CVar [[r.Tonemapper.GrainQuantization:1]]
[2022.12.04-12.46.33:586][  0]LogConfig: Setting CVar [[r.LightShaftQuality:1]]
[2022.12.04-12.46.33:586][  0]LogConfig: Setting CVar [[r.Filter.SizeScale:1]]
[2022.12.04-12.46.33:587][  0]LogConfig: Setting CVar [[r.Tonemapper.Quality:5]]
[2022.12.04-12.46.33:587][  0]LogConfig: Setting CVar [[r.DOF.Gather.AccumulatorQuality:1        ; higher gathering accumulator quality]]
[2022.12.04-12.46.33:587][  0]LogConfig: Setting CVar [[r.DOF.Gather.PostfilterMethod:1          ; Median3x3 postfilering method]]
[2022.12.04-12.46.33:587][  0]LogConfig: Setting CVar [[r.DOF.Gather.EnableBokehSettings:0       ; no bokeh simulation when gathering]]
[2022.12.04-12.46.33:588][  0]LogConfig: Setting CVar [[r.DOF.Gather.RingCount:4                 ; medium number of samples when gathering]]
[2022.12.04-12.46.33:588][  0]LogConfig: Setting CVar [[r.DOF.Scatter.ForegroundCompositing:1    ; additive foreground scattering]]
[2022.12.04-12.46.33:588][  0]LogConfig: Setting CVar [[r.DOF.Scatter.BackgroundCompositing:2    ; additive background scattering]]
[2022.12.04-12.46.33:588][  0]LogConfig: Setting CVar [[r.DOF.Scatter.EnableBokehSettings:1      ; bokeh simulation when scattering]]
[2022.12.04-12.46.33:589][  0]LogConfig: Setting CVar [[r.DOF.Scatter.MaxSpriteRatio:0.1         ; only a maximum of 10% of scattered bokeh]]
[2022.12.04-12.46.33:591][  0]LogConfig: Setting CVar [[r.DOF.Recombine.Quality:1                ; cheap slight out of focus]]
[2022.12.04-12.46.33:591][  0]LogConfig: Setting CVar [[r.DOF.Recombine.EnableBokehSettings:0    ; no bokeh simulation on slight out of focus]]
[2022.12.04-12.46.33:591][  0]LogConfig: Setting CVar [[r.DOF.TemporalAAQuality:1                ; more stable temporal accumulation]]
[2022.12.04-12.46.33:592][  0]LogConfig: Setting CVar [[r.DOF.Kernel.MaxForegroundRadius:0.025]]
[2022.12.04-12.46.33:592][  0]LogConfig: Setting CVar [[r.DOF.Kernel.MaxBackgroundRadius:0.025]]
[2022.12.04-12.46.33:592][  0]LogConfig: Applying CVar settings from Section [TextureQuality@3] File [C:/Users/danie/Documents/Gamedev VR/game/UE4 game/fpsgame/Saved/Config/Windows/Scalability.ini]
[2022.12.04-12.46.33:592][  0]LogConfig: Setting CVar [[r.Streaming.MipBias:0]]
[2022.12.04-12.46.33:593][  0]LogConfig: Setting CVar [[r.Streaming.AmortizeCPUToGPUCopy:0]]
[2022.12.04-12.46.33:593][  0]LogConfig: Setting CVar [[r.Streaming.MaxNumTexturesToStreamPerFrame:0]]
[2022.12.04-12.46.33:593][  0]LogConfig: Setting CVar [[r.Streaming.Boost:1]]
[2022.12.04-12.46.33:594][  0]LogConfig: Setting CVar [[r.MaxAnisotropy:8]]
[2022.12.04-12.46.33:594][  0]LogConfig: Setting CVar [[r.VT.MaxAnisotropy:8]]
[2022.12.04-12.46.33:594][  0]LogConfig: Setting CVar [[r.Streaming.LimitPoolSizeToVRAM:0]]
[2022.12.04-12.46.33:595][  0]LogConfig: Setting CVar [[r.Streaming.PoolSize:1000]]
[2022.12.04-12.46.33:595][  0]LogConfig: Setting CVar [[r.Streaming.MaxEffectiveScreenSize:0]]
[2022.12.04-12.46.33:595][  0]LogConfig: Applying CVar settings from Section [EffectsQuality@3] File [C:/Users/danie/Documents/Gamedev VR/game/UE4 game/fpsgame/Saved/Config/Windows/Scalability.ini]
[2022.12.04-12.46.33:596][  0]LogConfig: Setting CVar [[r.TranslucencyLightingVolumeDim:64]]
[2022.12.04-12.46.33:596][  0]LogConfig: Setting CVar [[r.RefractionQuality:2]]
[2022.12.04-12.46.33:596][  0]LogConfig: Setting CVar [[r.SSR.Quality:3]]
[2022.12.04-12.46.33:596][  0]LogConfig: Setting CVar [[r.SSR.HalfResSceneColor:0]]
[2022.12.04-12.46.33:597][  0]LogConfig: Setting CVar [[r.SceneColorFormat:4]]
[2022.12.04-12.46.33:597][  0]LogConfig: Setting CVar [[r.DetailMode:2]]
[2022.12.04-12.46.33:597][  0]LogConfig: Setting CVar [[r.TranslucencyVolumeBlur:1]]
[2022.12.04-12.46.33:597][  0]LogConfig: Setting CVar [[r.MaterialQualityLevel:1 ; High quality]]
[2022.12.04-12.46.33:598][  0]LogConfig: Setting CVar [[r.AnisotropicMaterials:1]]
[2022.12.04-12.46.33:598][  0]LogConfig: Setting CVar [[r.SSS.Scale:1]]
[2022.12.04-12.46.33:598][  0]LogConfig: Setting CVar [[r.SSS.SampleSet:2]]
[2022.12.04-12.46.33:598][  0]LogConfig: Setting CVar [[r.SSS.Quality:1]]
[2022.12.04-12.46.33:599][  0]LogConfig: Setting CVar [[r.SSS.HalfRes:0]]
[2022.12.04-12.46.33:599][  0]LogConfig: Setting CVar [[r.SSGI.Quality:3]]
[2022.12.04-12.46.33:599][  0]LogConfig: Setting CVar [[r.EmitterSpawnRateScale:1.0]]
[2022.12.04-12.46.33:599][  0]LogConfig: Setting CVar [[r.ParticleLightQuality:2]]
[2022.12.04-12.46.33:600][  0]LogConfig: Setting CVar [[r.SkyAtmosphere.AerialPerspectiveLUT.FastApplyOnOpaque:1 ; Always have FastSkyLUT 1 in this case to avoid wrong sky]]
[2022.12.04-12.46.33:600][  0]LogConfig: Setting CVar [[r.SkyAtmosphere.AerialPerspectiveLUT.SampleCountMaxPerSlice:4]]
[2022.12.04-12.46.33:600][  0]LogConfig: Setting CVar [[r.SkyAtmosphere.AerialPerspectiveLUT.DepthResolution:16.0]]
[2022.12.04-12.46.33:601][  0]LogConfig: Setting CVar [[r.SkyAtmosphere.FastSkyLUT:1]]
[2022.12.04-12.46.33:601][  0]LogConfig: Setting CVar [[r.SkyAtmosphere.FastSkyLUT.SampleCountMin:4.0]]
[2022.12.04-12.46.33:601][  0]LogConfig: Setting CVar [[r.SkyAtmosphere.FastSkyLUT.SampleCountMax:128.0]]
[2022.12.04-12.46.33:601][  0]LogConfig: Setting CVar [[r.SkyAtmosphere.SampleCountMin:4.0]]
[2022.12.04-12.46.33:602][  0]LogConfig: Setting CVar [[r.SkyAtmosphere.SampleCountMax:128.0]]
[2022.12.04-12.46.33:602][  0]LogConfig: Setting CVar [[r.SkyAtmosphere.TransmittanceLUT.UseSmallFormat:0]]
[2022.12.04-12.46.33:602][  0]LogConfig: Setting CVar [[r.SkyAtmosphere.TransmittanceLUT.SampleCount:10.0]]
[2022.12.04-12.46.33:602][  0]LogConfig: Setting CVar [[r.SkyAtmosphere.MultiScatteringLUT.SampleCount:15.0]]
[2022.12.04-12.46.33:603][  0]LogConfig: Setting CVar [[r.SkyLight.RealTimeReflectionCapture:1]]
[2022.12.04-12.46.33:603][  0]LogConfig: Applying CVar settings from Section [FoliageQuality@3] File [C:/Users/danie/Documents/Gamedev VR/game/UE4 game/fpsgame/Saved/Config/Windows/Scalability.ini]
[2022.12.04-12.46.33:603][  0]LogConfig: Setting CVar [[foliage.DensityScale:1.0]]
[2022.12.04-12.46.33:603][  0]LogConfig: Setting CVar [[grass.DensityScale:1.0]]
[2022.12.04-12.46.33:604][  0]LogConfig: Applying CVar settings from Section [ShadingQuality@3] File [C:/Users/danie/Documents/Gamedev VR/game/UE4 game/fpsgame/Saved/Config/Windows/Scalability.ini]
[2022.12.04-12.46.33:606][  0]LogConfig: Setting CVar [[r.HairStrands.SkyLighting.IntegrationType:2]]
[2022.12.04-12.46.33:606][  0]LogConfig: Setting CVar [[r.HairStrands.SkyAO.SampleCount:4]]
[2022.12.04-12.46.33:607][  0]LogConfig: Setting CVar [[r.HairStrands.Visibility.MSAA.SamplePerPixel:4]]
[2022.12.04-12.46.33:607][  0]LogConfig: Applying CVar settings from Section [Startup] File [../../../Engine/Config/ConsoleVariables.ini]
[2022.12.04-12.46.33:608][  0]LogConfig: Setting CVar [[net.UseAdaptiveNetUpdateFrequency:0]]
[2022.12.04-12.46.33:608][  0]LogConfig: Setting CVar [[p.chaos.AllowCreatePhysxBodies:1]]
[2022.12.04-12.46.33:608][  0]LogConfig: Setting CVar [[fx.SkipVectorVMBackendOptimizations:1]]
[2022.12.04-12.46.33:608][  0]LogConfig: Applying CVar settings from Section [ConsoleVariables] File [C:/Users/danie/Documents/Gamedev VR/game/UE4 game/fpsgame/Saved/Config/Windows/Engine.ini]
[2022.12.04-12.46.33:609][  0]LogConfig: Applying CVar settings from Section [ConsoleVariables] File [C:/Users/danie/Documents/Gamedev VR/game/UE4 game/fpsgame/Saved/Config/Windows/Editor.ini]
[2022.12.04-12.46.33:609][  0]LogInit: Computer: DESKTOP-QG36584
[2022.12.04-12.46.33:609][  0]LogInit: User: danie
[2022.12.04-12.46.33:609][  0]LogInit: CPU Page size=4096, Cores=6
[2022.12.04-12.46.33:610][  0]LogInit: High frequency timer resolution =10.000000 MHz
[2022.12.04-12.46.33:610][  0]LogMemory: Memory total: Physical=16.0GB (16GB approx)
[2022.12.04-12.46.33:610][  0]LogMemory: Platform Memory Stats for Windows
[2022.12.04-12.46.33:611][  0]LogMemory: Process Physical Memory: 137.32 MB used, 137.32 MB peak
[2022.12.04-12.46.33:611][  0]LogMemory: Process Virtual Memory: 119.46 MB used, 119.46 MB peak
[2022.12.04-12.46.33:611][  0]LogMemory: Physical Memory: 8188.03 MB used,  8146.74 MB free, 16334.77 MB total
[2022.12.04-12.46.33:611][  0]LogMemory: Virtual Memory: 134207296.00 MB used,  10430.19 MB free, 134217728.00 MB total
[2022.12.04-12.46.33:614][  0]LogWindows: WindowsPlatformFeatures disabled or dedicated server build
[2022.12.04-12.46.33:623][  0]LogInit: Physics initialised using underlying interface: PhysX
[2022.12.04-12.46.33:624][  0]LogInit: Using OS detected language (en-US).
[2022.12.04-12.46.33:624][  0]LogInit: Using OS detected locale (en-GB).
[2022.12.04-12.46.33:627][  0]LogTextLocalizationManager: No specific localization for 'en-US' exists, so the 'en' localization will be used.
[2022.12.04-12.46.34:022][  0]LogTargetPlatformManager: Display: Loaded TargetPlatform 'WindowsNoEditor'
[2022.12.04-12.46.34:025][  0]LogTargetPlatformManager: Display: Loaded TargetPlatform 'Windows'
[2022.12.04-12.46.34:028][  0]LogTargetPlatformManager: Display: Loaded TargetPlatform 'WindowsClient'
[2022.12.04-12.46.34:031][  0]LogTargetPlatformManager: Display: Loaded TargetPlatform 'WindowsServer'
[2022.12.04-12.46.34:031][  0]LogTargetPlatformManager: Display: Building Assets For Windows
[2022.12.04-12.46.34:034][  0]LogAudioDebug: Display: Lib vorbis DLL was dynamically loaded.
[2022.12.04-12.46.34:048][  0]LogTextureFormatOodle: Display: Oodle Texture 2.9.0 init RDO Off
[2022.12.04-12.46.34:059][  0]LogRendererCore: Ray tracing is disabled. Reason: r.RayTracing=0.
[2022.12.04-12.46.34:059][  0]LogShaderCompilers: Guid format shader working directory is -27 characters bigger than the processId version (../../../../../../Users/danie/Documents/Gamedev VR/game/UE4 game/fpsgame/Intermediate/Shaders/WorkingDirectory/18900/).
[2022.12.04-12.46.34:059][  0]LogShaderCompilers: Cleaned the shader compiler working directory 'C:/Users/danie/AppData/Local/Temp/UnrealShaderWorkingDir/EEA31E7C4FF32D9AF3F9BF9FC39970A7/'.
[2022.12.04-12.46.34:060][  0]LogXGEController: Cannot use XGE Controller as Incredibuild is not installed on this machine.
[2022.12.04-12.46.34:060][  0]LogShaderCompilers: Cannot use XGE Shader Compiler as Incredibuild is not installed on this machine.
[2022.12.04-12.46.34:060][  0]LogShaderCompilers: Display: Using Local Shader Compiler.
[2022.12.04-12.46.34:505][  0]LogDerivedDataCache: Display: Max Cache Size: 512 MB
[2022.12.04-12.46.34:548][  0]LogDerivedDataCache: Loaded boot cache 0.04s 94MB C:/Users/danie/AppData/Local/UnrealEngine/4.27/DerivedDataCache/Boot.ddc.
[2022.12.04-12.46.34:548][  0]LogDerivedDataCache: Display: Loaded Boot cache: C:/Users/danie/AppData/Local/UnrealEngine/4.27/DerivedDataCache/Boot.ddc
[2022.12.04-12.46.34:549][  0]LogDerivedDataCache: FDerivedDataBackendGraph:  Pak pak cache file ../../../../../../Users/danie/Documents/Gamedev VR/game/UE4 game/fpsgame/DerivedDataCache/DDC.ddp not found, will not use a pak cache.
[2022.12.04-12.46.34:549][  0]LogDerivedDataCache: Unable to find inner node Pak for hierarchical cache Hierarchy.
[2022.12.04-12.46.34:549][  0]LogDerivedDataCache: FDerivedDataBackendGraph:  CompressedPak pak cache file ../../../../../../Users/danie/Documents/Gamedev VR/game/UE4 game/fpsgame/DerivedDataCache/Compressed.ddp not found, will not use a pak cache.
[2022.12.04-12.46.34:549][  0]LogDerivedDataCache: Unable to find inner node CompressedPak for hierarchical cache Hierarchy.
[2022.12.04-12.46.34:566][  0]LogDerivedDataCache: Display: Pak cache opened for reading ../../../Engine/DerivedDataCache/Compressed.ddp.
[2022.12.04-12.46.34:566][  0]LogDerivedDataCache: FDerivedDataBackendGraph:  EnterprisePak pak cache file ../../../Enterprise/DerivedDataCache/Compressed.ddp not found, will not use a pak cache.
[2022.12.04-12.46.34:566][  0]LogDerivedDataCache: Unable to find inner node EnterprisePak for hierarchical cache Hierarchy.
[2022.12.04-12.46.34:575][  0]LogDerivedDataCache: Speed tests for C:/Users/danie/AppData/Local/UnrealEngine/Common/DerivedDataCache took 0.01 seconds
[2022.12.04-12.46.34:575][  0]LogDerivedDataCache: Display: Performance to C:/Users/danie/AppData/Local/UnrealEngine/Common/DerivedDataCache: Latency=0.03ms. RandomReadSpeed=348.99MBs, RandomWriteSpeed=197.04MBs. Assigned SpeedClass 'Local'
[2022.12.04-12.46.34:576][  0]LogDerivedDataCache: Using Local data cache path C:/Users/danie/AppData/Local/UnrealEngine/Common/DerivedDataCache: Writable
[2022.12.04-12.46.34:576][  0]LogDerivedDataCache: Shared data cache path not found in *engine.ini, will not use an Shared cache.
[2022.12.04-12.46.34:576][  0]LogDerivedDataCache: Unable to find inner node Shared for hierarchical cache Hierarchy.
[2022.12.04-12.46.34:577][  0]LogInit: Using OS detected language (en-US).
[2022.12.04-12.46.34:577][  0]LogInit: Using OS detected locale (en-GB).
[2022.12.04-12.46.34:578][  0]LogTextLocalizationManager: No localization for 'en-US' exists, so 'en' will be used for the language.
[2022.12.04-12.46.34:578][  0]LogTextLocalizationManager: No localization for 'en-GB' exists, so 'en' will be used for the locale.
[2022.12.04-12.46.34:581][  0]LogTextLocalizationManager: Compacting localization data took   0.01ms
[2022.12.04-12.46.34:581][  0]LogAssetRegistry: FAssetRegistry took 0.0019 seconds to start up
[2022.12.04-12.46.34:723][  0]LogPackageLocalizationCache: Processed 27 localized package path(s) for 1 prioritized culture(s) in 0.001058 seconds
[2022.12.04-12.46.34:797][  0]LogInit: Selected Device Profile: [Windows]
[2022.12.04-12.46.34:797][  0]LogInit: Active device profile: [00000157569C0500][0000015755FC7880 49] Windows
[2022.12.04-12.46.34:798][  0]LogInit: Profiles: [00000157569C0500][0000015755FC7880 49] Windows, [0000015756997600][0000015755FD5B40 49] WindowsNoEditor, [0000015756994100][0000015755FCA240 49] WindowsServer, [00000157569C3000][0000015755FD84C0 49] WindowsClient, [00000157569C0200][0000015755FE0780 49] IOS, [00000157569ABD00][0000015755FE4A40 49] iPadAir, [00000157569C3A00][0000015755FE8D00 49] iPadAir2, [0000015756944200][0000015756003240 49] IPadPro, [000001575693FF00][0000015755FED280 49] iPadAir3, [0000015756995000][0000015755FFB540 49] iPadAir4, [000001575693C500][0000015755FF7800 49] iPadMini2, [0000015756994200][0000015755FFFAC0 49] iPadMini3, [000001575693D200][000001575600C200 49] iPadMini4, [0000015756997800][0000015755FDC480 49] iPadMini5, [00000157569A9600][0000015756024980 49] iPhone6, [00000157569A9700][00000157560109C0 49] iPodTouch6, [000001575693E100][000001575602CF00 49] iPhone7, [000001575693E200][000001575601CF40 49] iPodTouch7, [00000157569AA600][0000015756021200 49] iPhone5S, [000001575693F100][00000157560194C0 49] iPhone6Plus, [00000157569ABB00][0000015756029780 49] iPhone6S, [000001575693EB00][0000015756031A40 49] iPhone6SPlus, [00000157569A8A00][0000015756034180 49] iPhone7Plus, [000001575693EF00][0000015756038440 49] iPhoneSE, [00000157569A9000][00000157560146C0 49] iPhone8, [000001575693FC00][000001575603C940 49] iPhone8Plus, [00000157569AB200][0000015756044C00 49] iPhoneX, [000001575693EC00][0000015756048EC0 49] iPhoneXS, [00000157569AAB00][000001575604D180 49] iPhoneXSMax, [000001575693E900][0000015756051440 49] iPhoneXR, [00000157569AAF00][0000015756055700 49] iPhone11, [000001575693CA00][00000157560599C0 49] iPhone11Pro, [00000157569ABE00][000001575605C100 49] iPhone11ProMax, [000001575693D400][00000157560603C0 49] iPhoneSE2, [00000157569ABF00][0000015756064680 49] iPhone12Mini, [000001575693FD00][0000015756040900 49] iPhone12, [00000157569A9200][0000015756068B80 49] iPhone12Pro, [000001575693F500][0000015756070E40 49] iPhone12ProMax, [00000157569A8200][0000015756075100 49] iPadPro105, [000001575693DA00][00000157560793C0 49] iPadPro129, [00000157569A8D00][000001575607D680 49] iPadPro97, [000001575693C900][0000015756081940 49] iPadPro2_129, [00000157569A9A00][0000015756085C00 49] iPad5, [000001575693DC00][0000015756088340 49] iPad6, [00000157569AB900][000001575608C600 49] iPad7, [000001575693E600][00000157559828C0 49] iPad8, [00000157569AB000][000001575606CB40 49] iPadPro11, [000001575693D500][0000015755986DC0 49] iPadPro2_11, [00000157569AA100][000001575598F080 49] iPadPro3_129, [000001575693DD00][0000015755993340 49] iPadPro4_129, [00000157569AA400][0000015755997600 49] AppleTV, [000001575693EE00][000001575599B8C0 49] AppleTV4K, [00000157569A8500][000001575599FB80 49] TVOS, [000001575693FA00][00000157559A22C0 49] Mac, [00000157569AA900][00000157559A6580 49] MacClient, [000001575693D700][00000157559AA840 49] MacNoEditor, [00000157569A9100][00000157559AEB00 49] MacServer, [000001575693FB00][000001575598AD80 49] Linux, [00000157569A8600][00000157559B3000 49] LinuxAArch64, [000001575693C400][00000157559BB2C0 49] LinuxNoEditor, [00000157569AA200][00000157559BF580 49] LinuxAArch64NoEditor, [00000157569C0100][00000157559C3840 49] LinuxClient, [0000015756944700][00000157559C7B00 49] LinuxAArch64Client, [00000157569C1900][00000157559CA240 49] LinuxServer, [0000015756944A00][00000157559CE500 49] LinuxAArch64Server, [00000157569C2D00][00000157559D27C0 49] Android, [0000015756945400][00000157559D6A80 49] Android_Low, [00000157569C1100][00000157559DAD40 49] Android_Mid, [0000015756944E00][00000157559B6FC0 49] Android_High, [00000157569C0800][00000157559DF240 49] Android_Default, [0000015756946600][00000157559E7500 49] Android_Adreno4xx, [00000157569C1400][00000157559EB7C0 49] Android_Adreno5xx_Low, [0000015756946400][00000157559EFA80 49] Android_Adreno5xx, [00000157569C0700][00000157559F21C0 49] Android_Adreno6xx, [0000015756946C00][00000157559F6480 49] Android_Adreno6xx_Vulkan, [00000157569C3B00][00000157559FA740 49] Android_Mali_T6xx, [0000015756944500][00000157559FEA00 49] Android_Mali_T7xx, [00000157569C0300][0000015755A02CC0 49] Android_Mali_T8xx, [0000015756947000][0000015755A06F80 49] Android_Mali_G71, [00000157569C2900][00000157559E3200 49] Android_Mali_G72, [0000015756946500][0000015755A0F4C0 49] Android_Mali_G72_Vulkan, [00000157569C1B00][0000015755A13780 49] Android_Mali_G76, [0000015756947100][0000015755A17A40 49] Android_Mali_G76_Vulkan, [00000157569C1E00][0000015755A1A180 49] Android_Mali_G77, [0000015756947B00][0000015755A1E440 49] Android_Mali_G77_Vulkan, [00000157569C3C00][0000015755A22700 49] Android_Mali_G78, [0000015756947F00][0000015755A269C0 49] Android_Mali_G78_Vulkan, [00000157569C2400][0000015755A2AC80 49] Android_Mali_G710, [0000015756945300][0000015755A2EF40 49] Android_Mali_G710_Vulkan, [00000157569C3100][0000015755A0B1C0 49] Android_Vulkan_SM5, [000001575693E400][0000015755A33440 49] Android_PowerVR_G6xxx, [00000157569C1D00][0000015755A3B700 49] Android_PowerVR_GT7xxx, [000001575693C100][0000015755A3F9C0 49] Android_PowerVR_GE8xxx, [00000157569C3200][0000015755A42100 49] Android_PowerVR_GM9xxx, [000001575693C300][0000015755A463C0 49] Android_PowerVR_GM9xxx_Vulkan, [00000157569C3300][0000015755A4A680 49] Android_TegraK1, [000001575693D600][0000015755A4E940 49] Android_Unknown_Vulkan, [00000157569C2000][0000015755A52C00 49] Lumin, [000001575693CB00][0000015755A56EC0 49] Lumin_Desktop, [00000157569C0D00][0000015755A5B180 49] HoloLens, 
[2022.12.04-12.46.34:815][  0]LogMeshReduction: Using QuadricMeshReduction for automatic static mesh reduction
[2022.12.04-12.46.34:815][  0]LogMeshReduction: Using SimplygonMeshReduction for automatic skeletal mesh reduction
[2022.12.04-12.46.34:816][  0]LogMeshReduction: Using ProxyLODMeshReduction for automatic mesh merging
[2022.12.04-12.46.34:816][  0]LogMeshReduction: No distributed automatic mesh merging module available
[2022.12.04-12.46.34:816][  0]LogMeshMerging: No distributed automatic mesh merging module available
[2022.12.04-12.46.34:826][  0]LogNetVersion: fpsgame 1.0.0, NetCL: 17155196, EngineNetVer: 17, GameNetVer: 0 (Checksum: 3215450660)
[2022.12.04-12.46.34:909][  0]LogTexture: Default maximum texture size for cubemaps generated from long-lat sources has been changed from 512 to unlimited. In order to preserve old behaiour for '/Engine/MapTemplates/Sky/DaylightAmbientCubemap.DaylightAmbientCubemap', its maximum texture size has been explicitly set to 512.
[2022.12.04-12.46.34:923][  0]LogHMD: PokeAHoleMaterial loaded successfully
[2022.12.04-12.46.34:982][  0]LogPython: Using Python 3.7.7
[2022.12.04-12.46.35:346][  0]LogNiagaraDebuggerClient: Niagara Debugger Client Initialized | Session: 6B79FF0B45011D170C9D0B8C7DBEE59E | Instance: 5554AE2F4C957DE1B76A5CABC096B63D (DESKTOP-QG36584-18900).
[2022.12.04-12.46.35:359][  0]LogCollectionManager: Loaded 0 collections in 0.001644 seconds
[2022.12.04-12.46.35:362][  0]LogFileCache: Scanning file cache for directory 'C:/Users/danie/Documents/Gamedev VR/game/UE4 game/fpsgame/Saved/Collections/' took 0.00s
[2022.12.04-12.46.35:362][  0]LogFileCache: Scanning file cache for directory 'C:/Users/danie/Documents/Gamedev VR/game/UE4 game/fpsgame/Content/Developers/danie/Collections/' took 0.00s
[2022.12.04-12.46.35:362][  0]LogFileCache: Scanning file cache for directory 'C:/Users/danie/Documents/Gamedev VR/game/UE4 game/fpsgame/Content/Collections/' took 0.00s
[2022.12.04-12.46.35:362][  0]LogCollectionManager: Fixed up redirectors for 0 collections in 0.000001 seconds (updated 0 objects)
[2022.12.04-12.46.35:428][  0]LogTcpMessaging: Initializing TcpMessaging bridge
[2022.12.04-12.46.35:429][  0]LogUdpMessaging: Initializing bridge on interface 0.0.0.0:0 to multicast group 230.0.0.1:6666.
[2022.12.04-12.46.35:478][  0]SourceControl: Source control is disabled
[2022.12.04-12.46.35:479][  0]SourceControl: Source control is disabled
[2022.12.04-12.46.35:481][  0]SourceControl: Source control is disabled
[2022.12.04-12.46.35:483][  0]LogUProjectInfo: Found projects:
[2022.12.04-12.46.35:525][  0]LogOpenImageDenoise: OIDN starting up
[2022.12.04-12.46.35:542][  0]LogAndroidPermission: UAndroidPermissionCallbackProxy::GetInstance
[2022.12.04-12.46.35:549][  0]LogAudioCaptureCore: Display: No Audio Capture implementations found. Audio input will be silent.
[2022.12.04-12.46.35:549][  0]LogAudioCaptureCore: Display: No Audio Capture implementations found. Audio input will be silent.
[2022.12.04-12.46.35:594][  0]LogOcInput: OculusInput pre-init called
[2022.12.04-12.46.35:602][  0]LogUObjectArray: 22050 objects as part of root set at end of initial load.
[2022.12.04-12.46.35:602][  0]LogUObjectAllocator: 5966448 out of 0 bytes used by permanent object pool.
[2022.12.04-12.46.35:603][  0]LogUObjectArray: CloseDisregardForGC: 0/0 objects in disregard for GC pool
[2022.12.04-12.46.35:632][  0]LogClass: Display: StructProperty FRewindDataStruct::SnapshotPosition is not initialized properly. Module:fpsgame File:RewindComponent.h
[2022.12.04-12.46.35:632][  0]LogClass: Display: StructProperty FRewindDataStruct::SnapshotRotation is not initialized properly. Module:fpsgame File:RewindComponent.h
[2022.12.04-12.46.35:633][  0]LogClass: Display: StructProperty FRewindDataStruct::SnapshotScale is not initialized properly. Module:fpsgame File:RewindComponent.h
[2022.12.04-12.46.35:633][  0]LogClass: Display: BoolProperty FWeaponRecoil::bHasRecoil is not initialized properly. Module:fpsgame File:WeaponActor.h
[2022.12.04-12.46.35:634][  0]LogClass: Display: BoolProperty FWeaponRecoil::bUsesControlRotationForHipfireRecoil is not initialized properly. Module:fpsgame File:WeaponActor.h
[2022.12.04-12.46.35:634][  0]LogClass: Warning: ObjectProperty FWeaponRecoil::RecoilVectorCurve is not initialized properly. Module:fpsgame File:WeaponActor.h
[2022.12.04-12.46.35:634][  0]LogClass: Display: FloatProperty FWeaponRecoil::RecoveryTime is not initialized properly. Module:fpsgame File:WeaponActor.h
[2022.12.04-12.46.35:634][  0]LogClass: Display: FloatProperty FWeaponStats::MaxRange is not initialized properly. Module:fpsgame File:WeaponActor.h
[2022.12.04-12.46.35:635][  0]LogClass: Display: FloatProperty FWeaponStats::FireRate is not initialized properly. Module:fpsgame File:WeaponActor.h
[2022.12.04-12.46.35:635][  0]LogClass: Display: IntProperty FWeaponStats::CartridgeBullets is not initialized properly. Module:fpsgame File:WeaponActor.h
[2022.12.04-12.46.35:635][  0]LogClass: Display: IntProperty FWeaponStats::BurstNumber is not initialized properly. Module:fpsgame File:WeaponActor.h
[2022.12.04-12.46.35:636][  0]LogClass: Display: FloatProperty FWeaponStats::BurstFireRate is not initialized properly. Module:fpsgame File:WeaponActor.h
[2022.12.04-12.46.35:636][  0]LogClass: Display: IntProperty FWeaponStats::MaxMagSize is not initialized properly. Module:fpsgame File:WeaponActor.h
[2022.12.04-12.46.35:636][  0]LogClass: Display: IntProperty FWeaponStats::MagAmmo is not initialized properly. Module:fpsgame File:WeaponActor.h
[2022.12.04-12.46.35:637][  0]LogClass: Display: FloatProperty FWeaponStats::BaseDamageTorso is not initialized properly. Module:fpsgame File:WeaponActor.h
[2022.12.04-12.46.35:637][  0]LogClass: Display: FloatProperty FWeaponStats::BaseDamageHead is not initialized properly. Module:fpsgame File:WeaponActor.h
[2022.12.04-12.46.35:637][  0]LogClass: Display: FloatProperty FWeaponStats::BaseDamageLegs is not initialized properly. Module:fpsgame File:WeaponActor.h
[2022.12.04-12.46.35:637][  0]LogClass: Display: FloatProperty FWeaponStats::BaseHipfireSpreadAngleInDegrees is not initialized properly. Module:fpsgame File:WeaponActor.h
[2022.12.04-12.46.35:638][  0]LogClass: Display: FloatProperty FWeaponStats::BaseMovementSpreadMultiplier is not initialized properly. Module:fpsgame File:WeaponActor.h
[2022.12.04-12.46.35:638][  0]LogClass: Display: EnumProperty FWeaponMetaData::GunModel is not initialized properly. Module:fpsgame File:WeaponActor.h
[2022.12.04-12.46.35:638][  0]LogClass: Display: EnumProperty FWeaponMetaData::WAWeaponType is not initialized properly. Module:fpsgame File:WeaponActor.h
[2022.12.04-12.46.35:638][  0]LogClass: Display: EnumProperty FWeaponMetaData::WAWeaponFireType is not initialized properly. Module:fpsgame File:WeaponActor.h
[2022.12.04-12.46.35:639][  0]LogClass: Display: EnumProperty FWeaponMetaData::WAWeaponHitDetectionType is not initialized properly. Module:fpsgame File:WeaponActor.h
[2022.12.04-12.46.35:639][  0]LogClass: Display: EnumProperty FWeaponMetaData::TypeOfEquip is not initialized properly. Module:fpsgame File:WeaponActor.h
[2022.12.04-12.46.35:639][  0]LogClass: Warning: ObjectProperty FWeaponVisualAssets::GunMesh is not initialized properly. Module:fpsgame File:WeaponActor.h
[2022.12.04-12.46.35:640][  0]LogClass: Warning: ObjectProperty FWeaponVisualAssets::TracerEffect is not initialized properly. Module:fpsgame File:WeaponActor.h
[2022.12.04-12.46.35:640][  0]LogClass: Warning: ObjectProperty FWeaponVisualAssets::MuzzleFlash is not initialized properly. Module:fpsgame File:WeaponActor.h
[2022.12.04-12.46.35:640][  0]LogClass: Display: StructProperty FWeaponPositionalDetails::BasePosition is not initialized properly. Module:fpsgame File:WeaponActor.h
[2022.12.04-12.46.35:640][  0]LogClass: Display: StructProperty FWeaponPositionalDetails::BaseRotation is not initialized properly. Module:fpsgame File:WeaponActor.h
[2022.12.04-12.46.35:641][  0]LogClass: Display: StructProperty FWeaponPositionalDetails::BaseScale is not initialized properly. Module:fpsgame File:WeaponActor.h
[2022.12.04-12.46.35:641][  0]LogClass: Display: StructProperty FWeaponPositionalDetails::TPBaseScale is not initialized properly. Module:fpsgame File:WeaponActor.h
[2022.12.04-12.46.35:641][  0]LogClass: Display: StructProperty FWeaponPositionalDetails::TPBaseRotation is not initialized properly. Module:fpsgame File:WeaponActor.h
[2022.12.04-12.46.35:642][  0]LogClass: Display: StructProperty FWeaponPositionalDetails::TPBasePosition is not initialized properly. Module:fpsgame File:WeaponActor.h
[2022.12.04-12.46.35:642][  0]LogClass: Display: StructProperty FWeaponPositionalDetails::MuzzlePosition is not initialized properly. Module:fpsgame File:WeaponActor.h
[2022.12.04-12.46.35:642][  0]LogClass: Display: 34 Uninitialized script struct members found including 4 object properties
[2022.12.04-12.46.35:643][  0]LogAutomationTest: Warning: ObjectProperty FWeaponRecoil::RecoilVectorCurve is not initialized properly. Module:fpsgame File:WeaponActor.h
[2022.12.04-12.46.35:643][  0]LogAutomationTest: Warning: ObjectProperty FWeaponVisualAssets::GunMesh is not initialized properly. Module:fpsgame File:WeaponActor.h
[2022.12.04-12.46.35:644][  0]LogAutomationTest: Warning: ObjectProperty FWeaponVisualAssets::TracerEffect is not initialized properly. Module:fpsgame File:WeaponActor.h
[2022.12.04-12.46.35:646][  0]LogAutomationTest: Warning: ObjectProperty FWeaponVisualAssets::MuzzleFlash is not initialized properly. Module:fpsgame File:WeaponActor.h
[2022.12.04-12.46.35:646][  0]LogEngine: Initializing Engine...
[2022.12.04-12.46.35:647][  0]LogStats: UGameplayTagsManager::InitializeManager -  0.000 s
[2022.12.04-12.46.35:661][  0]LogInit: Initializing FReadOnlyCVARCache
[2022.12.04-12.46.35:661][  0]LogNetVersion: Set ProjectVersion to 1.0.0.0. Version Checksum will be recalculated on next use.
[2022.12.04-12.46.35:663][  0]LogInit: Texture streaming: Disabled
[2022.12.04-12.46.35:690][  0]LogInit: Display: Game Engine Initialized.
[2022.12.04-12.46.35:690][  0]LogNiagaraEditor: GEditor isn't valid! Particle reset commands will not work for Niagara components!
[2022.12.04-12.46.35:714][  0]LogInit: Display: Starting Game.
[2022.12.04-12.46.35:714][  0]LogNet: Browse: /Game/Maps/Main?Name=Player
[2022.12.04-12.46.35:715][  0]LogLoad: LoadMap: /Game/Maps/Main?Name=Player
[2022.12.04-12.46.35:715][  0]LogWorld: BeginTearingDown for /Temp/Untitled_0
[2022.12.04-12.46.35:723][  0]LogWorld: UWorld::CleanupWorld for Untitled, bSessionEnded=true, bCleanupResources=true
[2022.12.04-12.46.35:734][  0]LogUObjectHash: Compacting FUObjectHashTables data took   0.85ms
[2022.12.04-12.46.35:759][  0]LogAIModule: Creating AISystem for world Main
[2022.12.04-12.46.35:760][  0]LogLoad: Game class is 'BP_FPSGameModeDefault_C'
[2022.12.04-12.46.35:763][  0]LogNet: PktLoss set to 0
[2022.12.04-12.46.35:767][  0]LogNet: PktLagMin set to 0
[2022.12.04-12.46.35:767][  0]LogNet: PktLagMax set to 0
[2022.12.04-12.46.35:768][  0]LogNet: PktIncomingLagMin set to 0
[2022.12.04-12.46.35:768][  0]LogNet: PktIncomingLagMax set to 0
[2022.12.04-12.46.35:768][  0]LogNet: PktIncomingLoss set to 0
[2022.12.04-12.46.35:768][  0]LogNet: PktLoss set to 0
[2022.12.04-12.46.35:768][  0]LogNet: PktLagMin set to 0
[2022.12.04-12.46.35:768][  0]LogNet: PktLagMax set to 0
[2022.12.04-12.46.35:768][  0]LogNet: PktIncomingLagMin set to 0
[2022.12.04-12.46.35:773][  0]LogNet: PktIncomingLagMax set to 0
[2022.12.04-12.46.35:774][  0]LogNet: PktIncomingLoss set to 0
[2022.12.04-12.46.35:774][  0]LogNet: PktLoss set to 0
[2022.12.04-12.46.35:774][  0]LogNet: PktLagMin set to 0
[2022.12.04-12.46.35:774][  0]LogNet: PktLagMax set to 0
[2022.12.04-12.46.35:774][  0]LogNet: PktIncomingLagMin set to 0
[2022.12.04-12.46.35:774][  0]LogNet: PktIncomingLagMax set to 0
[2022.12.04-12.46.35:775][  0]LogNet: PktIncomingLoss set to 0
[2022.12.04-12.46.35:775][  0]LogNet: ReplicationDriverClass is null! Not using ReplicationDriver.
[2022.12.04-12.46.35:775][  0]LogNetCore: DDoS detection status: detection enabled: 0 analytics enabled: 0
[2022.12.04-12.46.35:780][  0]LogInit: WinSock: Socket queue. Rx: 131072 (config 131072) Tx: 131072 (config 131072)
[2022.12.04-12.46.35:781][  0]LogNet: Created socket for bind address: 0.0.0.0 on port 17777
[2022.12.04-12.46.35:781][  0]PacketHandlerLog: Loaded PacketHandler component: Engine.EngineHandlerComponentFactory (StatelessConnectHandlerComponent)
[2022.12.04-12.46.35:781][  0]LogNet: GameNetDriver IpNetDriver_0 IpNetDriver listening on port 17777
[2022.12.04-12.46.35:781][  0]LogWorld: Bringing World /Game/Maps/Main.Main up for play (max tick rate 30) at 2022.12.04-12.46.35
[2022.12.04-12.46.35:784][  0]LogWorld: Bringing up level for play took: 0.002926
[2022.12.04-12.46.35:784][  0]LogGameMode: Display: Match State Changed from EnteringMap to WaitingToStart
[2022.12.04-12.46.35:784][  0]LogScript: Warning: Accessed None trying to read property CallFunc_Create_ReturnValue
	Main_C /Game/Maps/Main.Main:PersistentLevel.Main_C_1
	Function /Game/Maps/Main.Main_C:ExecuteUbergraph_Main:0089
[2022.12.04-12.46.35:785][  0]LogScript: Warning: Script call stack:
	Function /Game/Maps/Main.Main_C:ReceiveBeginPlay
	Function /Game/Maps/Main.Main_C:ExecuteUbergraph_Main

[2022.12.04-12.46.35:785][  0]LogScript: Warning: Accessed None trying to read property CallFunc_GetPlayerController_ReturnValue
	Main_C /Game/Maps/Main.Main:PersistentLevel.Main_C_1
	Function /Game/Maps/Main.Main_C:ExecuteUbergraph_Main:002F
[2022.12.04-12.46.35:786][  0]LogScript: Warning: Script call stack:
	Function /Game/Maps/Main.Main_C:ReceiveBeginPlay
	Function /Game/Maps/Main.Main_C:ExecuteUbergraph_Main

[2022.12.04-12.46.35:788][  0]LogGameState: Match State Changed from EnteringMap to WaitingToStart
[2022.12.04-12.46.35:789][  0]LogLoad: Took 0.073219 seconds to LoadMap(/Game/Maps/Main)
[2022.12.04-12.46.35:793][  0]LogInit: Display: Engine is initialized. Leaving FEngineLoop::Init()
[2022.12.04-12.46.35:793][  0]LogLoad: (Engine Initialization) Total time: 4.42 seconds
[2022.12.04-12.46.35:794][  0]LogLoad: (Engine Initialization) Total Blueprint compile time: 0.00 seconds
[2022.12.04-12.46.36:264][ 13]LogNet: NotifyAcceptingConnection accepted from: 127.0.0.1:58484
[2022.12.04-12.46.36:264][ 13]LogHandshake: SendConnectChallenge. Timestamp: 0.469339, Cookie: 105095074068163204041167157230013008061094020196149045133014
[2022.12.04-12.46.36:297][ 14]LogNet: NotifyAcceptingConnection accepted from: 127.0.0.1:58484
[2022.12.04-12.46.36:297][ 14]LogHandshake: SendChallengeAck. InCookie: 105095074068163204041167157230013008061094020196149045133014
[2022.12.04-12.46.36:298][ 14]LogNet: Server accepting post-challenge connection from: 127.0.0.1:58484
[2022.12.04-12.46.36:298][ 14]PacketHandlerLog: Loaded PacketHandler component: Engine.EngineHandlerComponentFactory (StatelessConnectHandlerComponent)
[2022.12.04-12.46.36:298][ 14]LogNet: NotifyAcceptedConnection: Name: Main, TimeStamp: 12/04/22 12:46:36, [UNetConnection] RemoteAddr: 127.0.0.1:58484, Name: IpConnection_0, Driver: GameNetDriver IpNetDriver_0, IsServer: YES, PC: NULL, Owner: NULL, UniqueId: INVALID
[2022.12.04-12.46.36:299][ 14]LogNet: AddClientConnection: Added client connection: [UNetConnection] RemoteAddr: 127.0.0.1:58484, Name: IpConnection_0, Driver: GameNetDriver IpNetDriver_0, IsServer: YES, PC: NULL, Owner: NULL, UniqueId: INVALID
[2022.12.04-12.46.36:330][ 15]LogNet: NotifyAcceptingChannel Control 0 server World /Game/Maps/Main.Main: Accepted
[2022.12.04-12.46.36:330][ 15]LogNet: Remote platform little endian=1
[2022.12.04-12.46.36:331][ 15]LogNet: This platform little endian=1
[2022.12.04-12.46.36:331][ 15]LogNetVersion: fpsgame 1.0.0.0, NetCL: 17155196, EngineNetVer: 17, GameNetVer: 0 (Checksum: 1484303137)
[2022.12.04-12.46.36:364][ 16]LogNet: Login request: ?PktLagMin=0?PktLagMax=0?PktLoss=0?PktIncomingLagMin=0?PktIncomingLagMax=0?PktIncomingLoss=0?Name=DESKTOP-QG36584-836E3E6A4B9613562EEAAF887BAF1934 userId: NULL:DESKTOP-QG36584-836E3E6A4B9613562EEAAF887BAF1934 platform: NULL
[2022.12.04-12.46.36:397][ 17]LogNet: Client netspeed is 100000
[2022.12.04-12.46.36:397][ 17]LogNet: Join request: /Engine/Maps/Entry?PktLagMin=0?PktLagMax=0?PktLoss=0?PktIncomingLagMin=0?PktIncomingLagMax=0?PktIncomingLoss=0?Name=DESKTOP-QG36584-836E3E6A4B9613562EEAAF887BAF1934?SplitscreenCount=1
[2022.12.04-12.46.36:398][ 17]LogOnlineSession: Warning: OSS: No game present to join for session (GameSession)
[2022.12.04-12.46.36:398][ 17]LogGameMode: FindPlayerStart: PATHS NOT DEFINED or NO PLAYERSTART with positive rating
[2022.12.04-12.46.36:399][ 17]LogGameMode: Display: Match State Changed from WaitingToStart to InProgress
[2022.12.04-12.46.36:400][ 17]LogGameState: Match State Changed from WaitingToStart to InProgress
[2022.12.04-12.46.36:400][ 17]LogNet: Join succeeded: DESKTOP-QG36584-836E
[2022.12.04-12.46.36:729][ 27]LogNet: NotifyAcceptingConnection accepted from: 127.0.0.1:60924
[2022.12.04-12.46.36:729][ 27]LogHandshake: SendConnectChallenge. Timestamp: 0.933773, Cookie: 093217019072112039087183183205111233132176084169094206026171
[2022.12.04-12.46.36:762][ 28]LogNet: NotifyAcceptingConnection accepted from: 127.0.0.1:60924
[2022.12.04-12.46.36:762][ 28]LogHandshake: SendChallengeAck. InCookie: 093217019072112039087183183205111233132176084169094206026171
[2022.12.04-12.46.36:763][ 28]LogNet: Server accepting post-challenge connection from: 127.0.0.1:60924
[2022.12.04-12.46.36:763][ 28]PacketHandlerLog: Loaded PacketHandler component: Engine.EngineHandlerComponentFactory (StatelessConnectHandlerComponent)
[2022.12.04-12.46.36:763][ 28]LogNet: NotifyAcceptedConnection: Name: Main, TimeStamp: 12/04/22 12:46:36, [UNetConnection] RemoteAddr: 127.0.0.1:60924, Name: IpConnection_1, Driver: GameNetDriver IpNetDriver_0, IsServer: YES, PC: NULL, Owner: NULL, UniqueId: INVALID
[2022.12.04-12.46.36:763][ 28]LogNet: AddClientConnection: Added client connection: [UNetConnection] RemoteAddr: 127.0.0.1:60924, Name: IpConnection_1, Driver: GameNetDriver IpNetDriver_0, IsServer: YES, PC: NULL, Owner: NULL, UniqueId: INVALID
[2022.12.04-12.46.36:764][ 28]LogNet: NotifyAcceptingChannel Control 0 server World /Game/Maps/Main.Main: Accepted
[2022.12.04-12.46.36:764][ 28]LogNet: Remote platform little endian=1
[2022.12.04-12.46.36:764][ 28]LogNet: This platform little endian=1
[2022.12.04-12.46.36:795][ 29]LogNet: Login request: ?Name=DESKTOP-QG36584-8B9FC0C649543E357DAAB2BC855CD454 userId: NULL:DESKTOP-QG36584-8B9FC0C649543E357DAAB2BC855CD454 platform: NULL
[2022.12.04-12.46.36:861][ 31]LogNet: Client netspeed is 100000
[2022.12.04-12.46.36:861][ 31]LogNet: Join request: /Engine/Maps/Entry?Name=DESKTOP-QG36584-8B9FC0C649543E357DAAB2BC855CD454?SplitscreenCount=1
[2022.12.04-12.46.36:862][ 31]LogOnlineSession: Warning: OSS: No game present to join for session (GameSession)
[2022.12.04-12.46.36:863][ 31]LogGameMode: FindPlayerStart: PATHS NOT DEFINED or NO PLAYERSTART with positive rating
[2022.12.04-12.46.36:863][ 31]LogNet: Join succeeded: DESKTOP-QG36584-8B9F
[2022.12.04-12.46.48:408][380]LogNet: UChannel::ReceivedSequencedBunch: Bunch.bClose == true. ChIndex == 0. Calling ConditionalCleanUp.
[2022.12.04-12.46.48:408][380]LogNet: UChannel::CleanUp: ChIndex == 0. Closing connection. [UChannel] ChIndex: 0, Closing: 0 [UNetConnection] RemoteAddr: 127.0.0.1:60924, Name: IpConnection_1, Driver: GameNetDriver IpNetDriver_0, IsServer: YES, PC: FPSPlayerController_1, Owner: FPSPlayerController_1, UniqueId: NULL:DESKTOP-QG36584-8B9FC0C649543E357DAAB2BC855CD454
[2022.12.04-12.46.48:409][380]LogNet: UNetConnection::Close: [UNetConnection] RemoteAddr: 127.0.0.1:60924, Name: IpConnection_1, Driver: GameNetDriver IpNetDriver_0, IsServer: YES, PC: FPSPlayerController_1, Owner: FPSPlayerController_1, UniqueId: NULL:DESKTOP-QG36584-8B9FC0C649543E357DAAB2BC855CD454, Channels: 11, Time: 2022.12.04-12.46.48
[2022.12.04-12.46.48:409][380]LogNet: UChannel::Close: Sending CloseBunch. ChIndex == 0. Name: [UChannel] ChIndex: 0, Closing: 0 [UNetConnection] RemoteAddr: 127.0.0.1:60924, Name: IpConnection_1, Driver: GameNetDriver IpNetDriver_0, IsServer: YES, PC: FPSPlayerController_1, Owner: FPSPlayerController_1, UniqueId: NULL:DESKTOP-QG36584-8B9FC0C649543E357DAAB2BC855CD454
[2022.12.04-12.46.48:409][380]LogOnlineSession: Warning: OSS: No game present to leave for session (GameSession)
[2022.12.04-12.47.00:963][760]LogNet: UChannel::ReceivedSequencedBunch: Bunch.bClose == true. ChIndex == 0. Calling ConditionalCleanUp.
[2022.12.04-12.47.00:963][760]LogNet: UChannel::CleanUp: ChIndex == 0. Closing connection. [UChannel] ChIndex: 0, Closing: 0 [UNetConnection] RemoteAddr: 127.0.0.1:58484, Name: IpConnection_0, Driver: GameNetDriver IpNetDriver_0, IsServer: YES, PC: FPSPlayerController_0, Owner: FPSPlayerController_0, UniqueId: NULL:DESKTOP-QG36584-836E3E6A4B9613562EEAAF887BAF1934
[2022.12.04-12.47.00:964][760]LogNet: UNetConnection::Close: [UNetConnection] RemoteAddr: 127.0.0.1:58484, Name: IpConnection_0, Driver: GameNetDriver IpNetDriver_0, IsServer: YES, PC: FPSPlayerController_0, Owner: FPSPlayerController_0, UniqueId: NULL:DESKTOP-QG36584-836E3E6A4B9613562EEAAF887BAF1934, Channels: 9, Time: 2022.12.04-12.47.00
[2022.12.04-12.47.00:964][760]LogNet: UChannel::Close: Sending CloseBunch. ChIndex == 0. Name: [UChannel] ChIndex: 0, Closing: 0 [UNetConnection] RemoteAddr: 127.0.0.1:58484, Name: IpConnection_0, Driver: GameNetDriver IpNetDriver_0, IsServer: YES, PC: FPSPlayerController_0, Owner: FPSPlayerController_0, UniqueId: NULL:DESKTOP-QG36584-836E3E6A4B9613562EEAAF887BAF1934
[2022.12.04-12.47.00:964][760]LogOnlineSession: Warning: OSS: No game present to leave for session (GameSession)
