Log file open, 08/03/22 18:15:54
LogWindows: Failed to load 'aqProf.dll' (GetLastError=126)
LogWindows: File 'aqProf.dll' does not exist
LogWindows: Failed to load 'VtuneApi.dll' (GetLastError=126)
LogWindows: File 'VtuneApi.dll' does not exist
LogWindows: Failed to load 'VtuneApi32e.dll' (GetLastError=126)
LogWindows: File 'VtuneApi32e.dll' does not exist
LogConsoleResponse: Display: Failed to find resolution value strings in scalability ini. Falling back to default.
LogConsoleResponse: Display: Failed to find resolution value strings in scalability ini. Falling back to default.
LogInit: Display: Running engine for game: fpsgame
LogPlatformFile: Not using cached read wrapper
LogTaskGraph: Started task graph with 5 named threads and 17 total threads with 3 sets of task threads.
LogStats: Stats thread started at 0.214257
LogICUInternationalization: ICU TimeZone Detection - Raw Offset: +0:00, Platform Override: ''
LogInit: Display: Loading text-based GConfig....
LogPluginManager: Mounting plugin MeshPainting
LogPluginManager: Mounting plugin XGEController
LogPluginManager: Mounting plugin Paper2D
LogPluginManager: Mounting plugin AISupport
LogPluginManager: Mounting plugin EnvironmentQueryEditor
LogPluginManager: Mounting plugin LiveLink
LogPluginManager: Mounting plugin LightPropagationVolume
LogPluginManager: Mounting plugin CameraShakePreviewer
LogPluginManager: Mounting plugin GameplayCameras
LogPluginManager: Mounting plugin OodleData
LogPluginManager: Mounting plugin OodleNetwork
LogPluginManager: Mounting plugin AnimationSharing
LogPluginManager: Mounting plugin CLionSourceCodeAccess
LogPluginManager: Mounting plugin CodeLiteSourceCodeAccess
LogPluginManager: Mounting plugin GitSourceControl
LogPluginManager: Mounting plugin KDevelopSourceCodeAccess
LogPluginManager: Mounting plugin NullSourceCodeAccess
LogPluginManager: Mounting plugin PerforceSourceControl
LogPluginManager: Mounting plugin PixWinPlugin
LogPluginManager: Mounting plugin PlasticSourceControl
LogPluginManager: Mounting plugin PluginUtils
LogPluginManager: Mounting plugin PropertyAccessNode
LogPluginManager: Mounting plugin RiderSourceCodeAccess
LogPluginManager: Mounting plugin SubversionSourceControl
LogPluginManager: Mounting plugin TextureFormatOodle
LogPluginManager: Mounting plugin UObjectPlugin
LogPluginManager: Mounting plugin VisualStudioCodeSourceCodeAccess
LogPluginManager: Mounting plugin VisualStudioSourceCodeAccess
LogPluginManager: Mounting plugin XCodeSourceCodeAccess
LogPluginManager: Mounting plugin AssetManagerEditor
LogPluginManager: Mounting plugin CryptoKeys
LogPluginManager: Mounting plugin CurveEditorTools
LogPluginManager: Mounting plugin DataValidation
LogPluginManager: Mounting plugin FacialAnimation
LogPluginManager: Mounting plugin GameplayTagsEditor
LogPluginManager: Mounting plugin GeometryMode
LogPluginManager: Mounting plugin MacGraphicsSwitching
LogPluginManager: Mounting plugin MaterialAnalyzer
LogPluginManager: Mounting plugin MobileLauncherProfileWizard
LogPluginManager: Mounting plugin PluginBrowser
LogPluginManager: Mounting plugin SpeedTreeImporter
LogPluginManager: Mounting plugin DatasmithContent
LogPluginManager: Mounting plugin VariantManagerContent
LogPluginManager: Mounting plugin AlembicImporter
LogPluginManager: Mounting plugin AutomationUtils
LogPluginManager: Mounting plugin BackChannel
LogPluginManager: Mounting plugin ChaosCloth
LogPluginManager: Mounting plugin ChaosClothEditor
LogPluginManager: Mounting plugin ChaosEditor
LogPluginManager: Mounting plugin ChaosNiagara
LogPluginManager: Mounting plugin ChaosSolverPlugin
LogPluginManager: Mounting plugin CharacterAI
LogPluginManager: Mounting plugin GeometryCache
LogPluginManager: Mounting plugin GeometryCollectionPlugin
LogPluginManager: Mounting plugin GeometryProcessing
LogPluginManager: Mounting plugin MotoSynth
LogPluginManager: Mounting plugin OpenImageDenoise
LogPluginManager: Mounting plugin PlanarCut
LogPluginManager: Mounting plugin PlatformCrypto
LogPluginManager: Mounting plugin ProxyLODPlugin
LogPluginManager: Mounting plugin PythonScriptPlugin
LogPluginManager: Mounting plugin SkeletalReduction
LogPluginManager: Mounting plugin Niagara
LogPluginManager: Mounting plugin LuminPlatformFeatures
LogPluginManager: Mounting plugin MagicLeap
LogPluginManager: Mounting plugin MagicLeapLightEstimation
LogPluginManager: Mounting plugin MagicLeapMedia
LogPluginManager: Mounting plugin MagicLeapPassableWorld
LogPluginManager: Mounting plugin MLSDK
LogPluginManager: Mounting plugin AndroidMedia
LogPluginManager: Mounting plugin AvfMedia
LogPluginManager: Mounting plugin ImgMedia
LogPluginManager: Mounting plugin MediaCompositing
LogPluginManager: Mounting plugin MediaPlayerEditor
LogPluginManager: Mounting plugin WebMMedia
LogPluginManager: Mounting plugin WmfMedia
LogPluginManager: Mounting plugin TcpMessaging
LogPluginManager: Mounting plugin UdpMessaging
LogPluginManager: Mounting plugin ActorSequence
LogPluginManager: Mounting plugin LevelSequenceEditor
LogPluginManager: Mounting plugin MatineeToLevelSequence
LogPluginManager: Mounting plugin TemplateSequence
LogPluginManager: Mounting plugin OnlineSubsystem
LogPluginManager: Mounting plugin OnlineSubsystemNull
LogPluginManager: Mounting plugin OnlineSubsystemUtils
LogPluginManager: Mounting plugin LauncherChunkInstaller
LogPluginManager: Mounting plugin ActorLayerUtilities
LogPluginManager: Mounting plugin AndroidDeviceProfileSelector
LogPluginManager: Mounting plugin AndroidMoviePlayer
LogPluginManager: Mounting plugin AndroidPermission
LogPluginManager: Mounting plugin AppleImageUtils
LogPluginManager: Mounting plugin AppleMoviePlayer
LogPluginManager: Mounting plugin ArchVisCharacter
LogPluginManager: Mounting plugin AssetTags
LogPluginManager: Mounting plugin AudioCapture
LogPluginManager: Mounting plugin AudioSynesthesia
LogPluginManager: Mounting plugin CableComponent
LogPluginManager: Mounting plugin ChunkDownloader
LogPluginManager: Mounting plugin CustomMeshComponent
LogPluginManager: Mounting plugin EditableMesh
LogPluginManager: Mounting plugin ExampleDeviceProfileSelector
LogPluginManager: Mounting plugin GoogleCloudMessaging
LogPluginManager: Mounting plugin GooglePAD
LogPluginManager: Mounting plugin IOSDeviceProfileSelector
LogPluginManager: Mounting plugin LinuxDeviceProfileSelector
LogPluginManager: Mounting plugin LocationServicesBPLibrary
LogPluginManager: Mounting plugin MobilePatchingUtils
LogPluginManager: Mounting plugin OpenXR
LogPluginManager: Mounting plugin OpenXREyeTracker
LogPluginManager: Mounting plugin OpenXRHandTracking
LogPluginManager: Mounting plugin PhysXVehicles
LogPluginManager: Mounting plugin PostSplashScreen
LogPluginManager: Mounting plugin ProceduralMeshComponent
LogPluginManager: Mounting plugin PropertyAccessEditor
LogPluginManager: Mounting plugin RuntimePhysXCooking
LogPluginManager: Mounting plugin SignificanceManager
LogPluginManager: Mounting plugin SoundFields
LogPluginManager: Mounting plugin Synthesis
LogPluginManager: Mounting plugin WebMMoviePlayer
LogPluginManager: Mounting plugin WindowsMoviePlayer
LogPluginManager: Mounting plugin ScreenshotTools
LogPluginManager: Mounting plugin Takes
LogPluginManager: Mounting plugin ContentBrowserAssetDataSource
LogPluginManager: Mounting plugin ContentBrowserClassDataSource
LogPluginManager: Mounting plugin ContentBrowserFileDataSource
LogPluginManager: Mounting plugin OnlineSubsystemGooglePlay
LogPluginManager: Mounting plugin OnlineSubsystemIOS
LogPluginManager: Mounting plugin OculusVR
LogPluginManager: Mounting plugin SteamVR
PixWinPlugin: PIX capture plugin failed to initialize! Check that the process is launched from PIX.
LogInit: Using libcurl 7.55.1-DEV
LogInit:  - built for x86_64-pc-win32
LogInit:  - supports SSL with OpenSSL/1.1.1
LogInit:  - supports HTTP deflate (compression) using libz 1.2.8
LogInit:  - other features:
LogInit:      CURL_VERSION_SSL
LogInit:      CURL_VERSION_LIBZ
LogInit:      CURL_VERSION_IPV6
LogInit:      CURL_VERSION_ASYNCHDNS
LogInit:      CURL_VERSION_LARGEFILE
LogInit:      CURL_VERSION_IDN
LogInit:  CurlRequestOptions (configurable via config and command line):
LogInit:  - bVerifyPeer = true  - Libcurl will verify peer certificate
LogInit:  - bUseHttpProxy = false  - Libcurl will NOT use HTTP proxy
LogInit:  - bDontReuseConnections = false  - Libcurl will reuse connections
LogInit:  - MaxHostConnections = 16  - Libcurl will limit the number of connections to a host
LogInit:  - LocalHostAddr = Default
LogInit:  - BufferSize = 65536
LogOnline: OSS: Creating online subsystem instance for: NULL
LogInit: WinSock: version 1.1 (2.2), MaxSocks=32767, MaxUdp=65467
LogOnline: OSS: TryLoadSubsystemAndSetDefault: Loaded subsystem for module [NULL]
LogInit: Build: ++UE4+Release-4.27-CL-18319896
LogInit: Engine Version: 4.27.2-18319896+++UE4+Release-4.27
LogInit: Compatible Engine Version: 4.27.0-17155196+++UE4+Release-4.27
LogInit: Net CL: 17155196
LogInit: OS: Windows 10 (Release 2009) (), CPU: AMD Ryzen 5 3600X 6-Core Processor             , GPU: AMD Radeon RX 5700 XT
LogInit: Compiled (64-bit): Nov 30 2021 07:12:08
LogInit: Compiled with Visual C++: 19.24.28315.00
LogInit: Build Configuration: Development
LogInit: Branch Name: ++UE4+Release-4.27
LogInit: Command Line:  /Game/Maps/TestMap -game -PIEVIACONSOLE -Multiprocess -server -log "GameUserSettingsINI=C:/Users/danie/Documents/Gamedev VR/game/UE4 game/fpsgame/Saved/Config/Windows/PIEGameUserSettings0.ini" -MultiprocessSaveConfig -forcepassthrough -messaging -SessionName="Play in Standalone Game" -port=17777 -windowed
LogInit: Base Directory: C:/Program Files/Epic Games/UE_4.27/Engine/Binaries/Win64/
LogInit: Allocator: TBB
LogInit: Installed Engine Build: 1
LogDevObjectVersion: Number of dev versions registered: 29
LogDevObjectVersion:   Dev-Blueprints (B0D832E4-1F89-4F0D-ACCF-7EB736FD4AA2): 10
LogDevObjectVersion:   Dev-Build (E1C64328-A22C-4D53-A36C-8E866417BD8C): 0
LogDevObjectVersion:   Dev-Core (375EC13C-06E4-48FB-B500-84F0262A717E): 4
LogDevObjectVersion:   Dev-Editor (E4B068ED-F494-42E9-A231-DA0B2E46BB41): 40
LogDevObjectVersion:   Dev-Framework (CFFC743F-43B0-4480-9391-14DF171D2073): 37
LogDevObjectVersion:   Dev-Mobile (B02B49B5-BB20-44E9-A304-32B752E40360): 3
LogDevObjectVersion:   Dev-Networking (A4E4105C-59A1-49B5-A7C5-40C4547EDFEE): 0
LogDevObjectVersion:   Dev-Online (39C831C9-5AE6-47DC-9A44-9C173E1C8E7C): 0
LogDevObjectVersion:   Dev-Physics (78F01B33-EBEA-4F98-B9B4-84EACCB95AA2): 14
LogDevObjectVersion:   Dev-Platform (6631380F-2D4D-43E0-8009-CF276956A95A): 0
LogDevObjectVersion:   Dev-Rendering (12F88B9F-8875-4AFC-A67C-D90C383ABD29): 45
LogDevObjectVersion:   Dev-Sequencer (7B5AE74C-D270-4C10-A958-57980B212A5A): 13
LogDevObjectVersion:   Dev-VR (D7296918-1DD6-4BDD-9DE2-64A83CC13884): 3
LogDevObjectVersion:   Dev-LoadTimes (C2A15278-BFE7-4AFE-6C17-90FF531DF755): 1
LogDevObjectVersion:   Private-Geometry (6EACA3D4-40EC-4CC1-B786-8BED09428FC5): 3
LogDevObjectVersion:   Dev-AnimPhys (29E575DD-E0A3-4627-9D10-D276232CDCEA): 17
LogDevObjectVersion:   Dev-Anim (AF43A65D-7FD3-4947-9873-3E8ED9C1BB05): 15
LogDevObjectVersion:   Dev-ReflectionCapture (6B266CEC-1EC7-4B8F-A30B-E4D90942FC07): 1
LogDevObjectVersion:   Dev-Automation (0DF73D61-A23F-47EA-B727-89E90C41499A): 1
LogDevObjectVersion:   FortniteMain (601D1886-AC64-4F84-AA16-D3DE0DEAC7D6): 47
LogDevObjectVersion:   FortniteRelease (E7086368-6B23-4C58-8439-1B7016265E91): 1
LogDevObjectVersion:   Dev-Enterprise (9DFFBCD6-494F-0158-E221-12823C92A888): 10
LogDevObjectVersion:   Dev-Niagara (F2AED0AC-9AFE-416F-8664-AA7FFA26D6FC): 1
LogDevObjectVersion:   Dev-Destruction (174F1F0B-B4C6-45A5-B13F-2EE8D0FB917D): 10
LogDevObjectVersion:   Dev-Physics-Ext (35F94A83-E258-406C-A318-09F59610247C): 41
LogDevObjectVersion:   Dev-PhysicsMaterial-Chaos (B68FC16E-8B1B-42E2-B453-215C058844FE): 1
LogDevObjectVersion:   Dev-CineCamera (B2E18506-4273-CFC2-A54E-F4BB758BBA07): 1
LogDevObjectVersion:   Dev-VirtualProduction (64F58936-FD1B-42BA-BA96-7289D5D0FA4E): 1
LogDevObjectVersion:   Dev-MediaFramework (6F0ED827-A609-4895-9C91-998D90180EA4): 2
LogInit: Presizing for max 25165824 objects, including 0 objects not considered by GC, pre-allocating 0 bytes for permanent pool.
LogConfig: Applying CVar settings from Section [/Script/Engine.StreamingSettings] File [C:/Users/danie/Documents/Gamedev VR/game/UE4 game/fpsgame/Saved/Config/Windows/Engine.ini]
LogConfig: Setting CVar [[s.MinBulkDataSizeForAsyncLoading:131072]]
LogConfig: Setting CVar [[s.AsyncLoadingThreadEnabled:0]]
LogConfig: Setting CVar [[s.EventDrivenLoaderEnabled:1]]
LogConfig: Setting CVar [[s.WarnIfTimeLimitExceeded:0]]
LogConfig: Setting CVar [[s.TimeLimitExceededMultiplier:1.5]]
LogConfig: Setting CVar [[s.TimeLimitExceededMinTime:0.005]]
LogConfig: Setting CVar [[s.UseBackgroundLevelStreaming:1]]
LogConfig: Setting CVar [[s.PriorityAsyncLoadingExtraTime:15.0]]
LogConfig: Setting CVar [[s.LevelStreamingActorsUpdateTimeLimit:5.0]]
LogConfig: Setting CVar [[s.PriorityLevelStreamingActorsUpdateExtraTime:5.0]]
LogConfig: Setting CVar [[s.LevelStreamingComponentsRegistrationGranularity:10]]
LogConfig: Setting CVar [[s.UnregisterComponentsTimeLimit:1.0]]
LogConfig: Setting CVar [[s.LevelStreamingComponentsUnregistrationGranularity:5]]
LogConfig: Setting CVar [[s.FlushStreamingOnExit:1]]
LogInit: Object subsystem initialized
LogConfig: Setting CVar [[con.DebugEarlyDefault:1]]
LogConfig: Setting CVar [[r.setres:1280x720]]
[2022.08.03-17.15.54:773][  0]LogConfig: Setting CVar [[con.DebugEarlyDefault:1]]
[2022.08.03-17.15.54:774][  0]LogConfig: Setting CVar [[r.setres:1280x720]]
[2022.08.03-17.15.54:774][  0]LogConfig: Applying CVar settings from Section [/Script/Engine.RendererSettings] File [C:/Users/danie/Documents/Gamedev VR/game/UE4 game/fpsgame/Saved/Config/Windows/Engine.ini]
[2022.08.03-17.15.54:774][  0]LogConfig: Setting CVar [[r.GPUCrashDebugging:0]]
[2022.08.03-17.15.54:774][  0]LogConfig: Setting CVar [[r.Mobile.DisableVertexFog:1]]
[2022.08.03-17.15.54:775][  0]LogConfig: Setting CVar [[r.Shadow.CSM.MaxMobileCascades:2]]
[2022.08.03-17.15.54:775][  0]LogConfig: Setting CVar [[r.MobileMSAA:1]]
[2022.08.03-17.15.54:775][  0]LogConfig: Setting CVar [[r.Mobile.AllowDitheredLODTransition:0]]
[2022.08.03-17.15.54:776][  0]LogConfig: Setting CVar [[r.Mobile.AllowSoftwareOcclusion:0]]
[2022.08.03-17.15.54:776][  0]LogConfig: Setting CVar [[r.Mobile.VirtualTextures:0]]
[2022.08.03-17.15.54:776][  0]LogConfig: Setting CVar [[r.DiscardUnusedQuality:0]]
[2022.08.03-17.15.54:776][  0]LogConfig: Setting CVar [[r.AllowOcclusionQueries:1]]
[2022.08.03-17.15.54:777][  0]LogConfig: Setting CVar [[r.MinScreenRadiusForLights:0.030000]]
[2022.08.03-17.15.54:777][  0]LogConfig: Setting CVar [[r.MinScreenRadiusForDepthPrepass:0.030000]]
[2022.08.03-17.15.54:777][  0]LogConfig: Setting CVar [[r.MinScreenRadiusForCSMDepth:0.010000]]
[2022.08.03-17.15.54:777][  0]LogConfig: Setting CVar [[r.PrecomputedVisibilityWarning:0]]
[2022.08.03-17.15.54:778][  0]LogConfig: Setting CVar [[r.TextureStreaming:1]]
[2022.08.03-17.15.54:778][  0]LogConfig: Setting CVar [[Compat.UseDXT5NormalMaps:0]]
[2022.08.03-17.15.54:778][  0]LogConfig: Setting CVar [[r.VirtualTextures:0]]
[2022.08.03-17.15.54:778][  0]LogConfig: Setting CVar [[r.VT.EnableAutoImport:1]]
[2022.08.03-17.15.54:779][  0]LogConfig: Setting CVar [[r.VirtualTexturedLightmaps:0]]
[2022.08.03-17.15.54:779][  0]LogConfig: Setting CVar [[r.VT.TileSize:128]]
[2022.08.03-17.15.54:779][  0]LogConfig: Setting CVar [[r.VT.TileBorderSize:4]]
[2022.08.03-17.15.54:780][  0]LogConfig: Setting CVar [[r.vt.FeedbackFactor:16]]
[2022.08.03-17.15.54:780][  0]LogConfig: Setting CVar [[r.VT.EnableCompressZlib:1]]
[2022.08.03-17.15.54:780][  0]LogConfig: Setting CVar [[r.VT.EnableCompressCrunch:0]]
[2022.08.03-17.15.54:781][  0]LogConfig: Setting CVar [[r.ClearCoatNormal:0]]
[2022.08.03-17.15.54:781][  0]LogConfig: Setting CVar [[r.ReflectionCaptureResolution:128]]
[2022.08.03-17.15.54:781][  0]LogConfig: Setting CVar [[r.Mobile.ReflectionCaptureCompression:0]]
[2022.08.03-17.15.54:781][  0]LogConfig: Setting CVar [[r.ReflectionEnvironmentLightmapMixBasedOnRoughness:1]]
[2022.08.03-17.15.54:781][  0]LogConfig: Setting CVar [[r.ForwardShading:0]]
[2022.08.03-17.15.54:782][  0]LogConfig: Setting CVar [[r.VertexFoggingForOpaque:1]]
[2022.08.03-17.15.54:782][  0]LogConfig: Setting CVar [[r.AllowStaticLighting:1]]
[2022.08.03-17.15.54:782][  0]LogConfig: Setting CVar [[r.NormalMapsForStaticLighting:0]]
[2022.08.03-17.15.54:782][  0]LogConfig: Setting CVar [[r.GenerateMeshDistanceFields:0]]
[2022.08.03-17.15.54:783][  0]LogConfig: Setting CVar [[r.DistanceFieldBuild.EightBit:0]]
[2022.08.03-17.15.54:783][  0]LogConfig: Setting CVar [[r.GenerateLandscapeGIData:0]]
[2022.08.03-17.15.54:783][  0]LogConfig: Setting CVar [[r.DistanceFieldBuild.Compress:0]]
[2022.08.03-17.15.54:784][  0]LogConfig: Setting CVar [[r.TessellationAdaptivePixelsPerTriangle:48.000000]]
[2022.08.03-17.15.54:784][  0]LogConfig: Setting CVar [[r.SeparateTranslucency:1]]
[2022.08.03-17.15.54:784][  0]LogConfig: Setting CVar [[r.TranslucentSortPolicy:0]]
[2022.08.03-17.15.54:784][  0]LogConfig: Setting CVar [[vr.VRS.HMDFixedFoveationLevel:0]]
[2022.08.03-17.15.54:785][  0]LogConfig: Setting CVar [[r.CustomDepth:1]]
[2022.08.03-17.15.54:785][  0]LogConfig: Setting CVar [[r.CustomDepthTemporalAAJitter:1]]
[2022.08.03-17.15.54:785][  0]LogConfig: Setting CVar [[r.PostProcessing.PropagateAlpha:0]]
[2022.08.03-17.15.54:786][  0]LogConfig: Setting CVar [[r.DefaultFeature.Bloom:1]]
[2022.08.03-17.15.54:788][  0]LogConfig: Setting CVar [[r.DefaultFeature.AmbientOcclusion:1]]
[2022.08.03-17.15.54:788][  0]LogConfig: Setting CVar [[r.DefaultFeature.AmbientOcclusionStaticFraction:1]]
[2022.08.03-17.15.54:789][  0]LogConfig: Setting CVar [[r.DefaultFeature.AutoExposure:0]]
[2022.08.03-17.15.54:789][  0]LogConfig: Setting CVar [[r.DefaultFeature.AutoExposure.Method:0]]
[2022.08.03-17.15.54:789][  0]LogConfig: Setting CVar [[r.DefaultFeature.AutoExposure.Bias:1.000000]]
[2022.08.03-17.15.54:790][  0]LogConfig: Setting CVar [[r.DefaultFeature.AutoExposure.ExtendDefaultLuminanceRange:0]]
[2022.08.03-17.15.54:790][  0]LogConfig: Setting CVar [[r.UsePreExposure:1]]
[2022.08.03-17.15.54:790][  0]LogConfig: Setting CVar [[r.EyeAdaptation.EditorOnly:0]]
[2022.08.03-17.15.54:790][  0]LogConfig: Setting CVar [[r.DefaultFeature.MotionBlur:0]]
[2022.08.03-17.15.54:791][  0]LogConfig: Setting CVar [[r.DefaultFeature.LensFlare:0]]
[2022.08.03-17.15.54:791][  0]LogConfig: Setting CVar [[r.TemporalAA.Upsampling:0]]
[2022.08.03-17.15.54:791][  0]LogConfig: Setting CVar [[r.SSGI.Enable:0]]
[2022.08.03-17.15.54:791][  0]LogConfig: Setting CVar [[r.DefaultFeature.AntiAliasing:0]]
[2022.08.03-17.15.54:791][  0]LogConfig: Setting CVar [[r.DefaultFeature.LightUnits:1]]
[2022.08.03-17.15.54:792][  0]LogConfig: Setting CVar [[r.DefaultBackBufferPixelFormat:4]]
[2022.08.03-17.15.54:792][  0]LogConfig: Setting CVar [[r.Shadow.UnbuiltPreviewInGame:1]]
[2022.08.03-17.15.54:792][  0]LogConfig: Setting CVar [[r.StencilForLODDither:0]]
[2022.08.03-17.15.54:793][  0]LogConfig: Setting CVar [[r.EarlyZPass:3]]
[2022.08.03-17.15.54:793][  0]LogConfig: Setting CVar [[r.EarlyZPassOnlyMaterialMasking:0]]
[2022.08.03-17.15.54:793][  0]LogConfig: Setting CVar [[r.DBuffer:1]]
[2022.08.03-17.15.54:794][  0]LogConfig: Setting CVar [[r.ClearSceneMethod:1]]
[2022.08.03-17.15.54:794][  0]LogConfig: Setting CVar [[r.BasePassOutputsVelocity:0]]
[2022.08.03-17.15.54:794][  0]LogConfig: Setting CVar [[r.VertexDeformationOutputsVelocity:0]]
[2022.08.03-17.15.54:794][  0]LogConfig: Setting CVar [[r.SelectiveBasePassOutputs:0]]
[2022.08.03-17.15.54:795][  0]LogConfig: Setting CVar [[fx.GPUSimulationTextureSizeX:1024]]
[2022.08.03-17.15.54:795][  0]LogConfig: Setting CVar [[fx.GPUSimulationTextureSizeY:1024]]
[2022.08.03-17.15.54:795][  0]LogConfig: Setting CVar [[r.AllowGlobalClipPlane:0]]
[2022.08.03-17.15.54:796][  0]LogConfig: Setting CVar [[r.GBufferFormat:1]]
[2022.08.03-17.15.54:796][  0]LogConfig: Setting CVar [[r.MorphTarget.Mode:1]]
[2022.08.03-17.15.54:796][  0]LogConfig: Setting CVar [[vr.InstancedStereo:0]]
[2022.08.03-17.15.54:796][  0]LogConfig: Setting CVar [[r.MobileHDR:1]]
[2022.08.03-17.15.54:797][  0]LogConfig: Setting CVar [[vr.MobileMultiView:0]]
[2022.08.03-17.15.54:797][  0]LogConfig: Setting CVar [[r.Mobile.UseHWsRGBEncoding:0]]
[2022.08.03-17.15.54:797][  0]LogConfig: Setting CVar [[vr.RoundRobinOcclusion:0]]
[2022.08.03-17.15.54:798][  0]LogConfig: Setting CVar [[vr.ODSCapture:0]]
[2022.08.03-17.15.54:798][  0]LogConfig: Setting CVar [[r.MeshStreaming:0]]
[2022.08.03-17.15.54:798][  0]LogConfig: Setting CVar [[r.WireframeCullThreshold:5.000000]]
[2022.08.03-17.15.54:799][  0]LogConfig: Setting CVar [[r.RayTracing:0]]
[2022.08.03-17.15.54:799][  0]LogConfig: Setting CVar [[r.RayTracing.UseTextureLod:0]]
[2022.08.03-17.15.54:799][  0]LogConfig: Setting CVar [[r.SupportStationarySkylight:1]]
[2022.08.03-17.15.54:799][  0]LogConfig: Setting CVar [[r.SupportLowQualityLightmaps:1]]
[2022.08.03-17.15.54:800][  0]LogConfig: Setting CVar [[r.SupportPointLightWholeSceneShadows:1]]
[2022.08.03-17.15.54:800][  0]LogConfig: Setting CVar [[r.SupportAtmosphericFog:1]]
[2022.08.03-17.15.54:800][  0]LogConfig: Setting CVar [[r.SupportSkyAtmosphere:1]]
[2022.08.03-17.15.54:800][  0]LogConfig: Setting CVar [[r.SupportSkyAtmosphereAffectsHeightFog:0]]
[2022.08.03-17.15.54:801][  0]LogConfig: Setting CVar [[r.SkinCache.CompileShaders:0]]
[2022.08.03-17.15.54:801][  0]LogConfig: Setting CVar [[r.SkinCache.DefaultBehavior:1]]
[2022.08.03-17.15.54:801][  0]LogConfig: Setting CVar [[r.SkinCache.SceneMemoryLimitInMB:128.000000]]
[2022.08.03-17.15.54:802][  0]LogConfig: Setting CVar [[r.Mobile.EnableStaticAndCSMShadowReceivers:1]]
[2022.08.03-17.15.54:804][  0]LogConfig: Setting CVar [[r.Mobile.EnableMovableLightCSMShaderCulling:1]]
[2022.08.03-17.15.54:804][  0]LogConfig: Setting CVar [[r.Mobile.AllowDistanceFieldShadows:1]]
[2022.08.03-17.15.54:805][  0]LogConfig: Setting CVar [[r.Mobile.AllowMovableDirectionalLights:1]]
[2022.08.03-17.15.54:805][  0]LogConfig: Setting CVar [[r.MobileNumDynamicPointLights:4]]
[2022.08.03-17.15.54:805][  0]LogConfig: Setting CVar [[r.MobileDynamicPointLightsUseStaticBranch:1]]
[2022.08.03-17.15.54:805][  0]LogConfig: Setting CVar [[r.Mobile.EnableMovableSpotlights:0]]
[2022.08.03-17.15.54:806][  0]LogConfig: Setting CVar [[r.Mobile.EnableMovableSpotlightsShadow:0]]
[2022.08.03-17.15.54:806][  0]LogConfig: Setting CVar [[r.GPUSkin.Support16BitBoneIndex:0]]
[2022.08.03-17.15.54:806][  0]LogConfig: Setting CVar [[r.GPUSkin.Limit2BoneInfluences:0]]
[2022.08.03-17.15.54:807][  0]LogConfig: Setting CVar [[r.SupportDepthOnlyIndexBuffers:1]]
[2022.08.03-17.15.54:807][  0]LogConfig: Setting CVar [[r.SupportReversedIndexBuffers:1]]
[2022.08.03-17.15.54:807][  0]LogConfig: Setting CVar [[r.LightPropagationVolume:0]]
[2022.08.03-17.15.54:807][  0]LogConfig: Setting CVar [[r.Mobile.AmbientOcclusion:0]]
[2022.08.03-17.15.54:808][  0]LogConfig: Setting CVar [[r.GPUSkin.UnlimitedBoneInfluences:0]]
[2022.08.03-17.15.54:808][  0]LogConfig: Setting CVar [[r.GPUSkin.UnlimitedBoneInfluencesThreshold:8]]
[2022.08.03-17.15.54:808][  0]LogConfig: Setting CVar [[r.Mobile.PlanarReflectionMode:0]]
[2022.08.03-17.15.54:808][  0]LogConfig: Setting CVar [[r.Mobile.SupportsGen4TAA:0]]
[2022.08.03-17.15.54:809][  0]LogConfig: Applying CVar settings from Section [/Script/Engine.RendererOverrideSettings] File [C:/Users/danie/Documents/Gamedev VR/game/UE4 game/fpsgame/Saved/Config/Windows/Engine.ini]
[2022.08.03-17.15.54:809][  0]LogConfig: Applying CVar settings from Section [/Script/Engine.StreamingSettings] File [C:/Users/danie/Documents/Gamedev VR/game/UE4 game/fpsgame/Saved/Config/Windows/Engine.ini]
[2022.08.03-17.15.54:809][  0]LogConfig: Setting CVar [[s.MinBulkDataSizeForAsyncLoading:131072]]
[2022.08.03-17.15.54:810][  0]LogConfig: Setting CVar [[s.AsyncLoadingThreadEnabled:0]]
[2022.08.03-17.15.54:810][  0]LogConfig: Setting CVar [[s.EventDrivenLoaderEnabled:1]]
[2022.08.03-17.15.54:810][  0]LogConfig: Setting CVar [[s.WarnIfTimeLimitExceeded:0]]
[2022.08.03-17.15.54:810][  0]LogConfig: Setting CVar [[s.TimeLimitExceededMultiplier:1.5]]
[2022.08.03-17.15.54:811][  0]LogConfig: Setting CVar [[s.TimeLimitExceededMinTime:0.005]]
[2022.08.03-17.15.54:811][  0]LogConfig: Setting CVar [[s.UseBackgroundLevelStreaming:1]]
[2022.08.03-17.15.54:811][  0]LogConfig: Setting CVar [[s.PriorityAsyncLoadingExtraTime:15.0]]
[2022.08.03-17.15.54:812][  0]LogConfig: Setting CVar [[s.LevelStreamingActorsUpdateTimeLimit:5.0]]
[2022.08.03-17.15.54:812][  0]LogConfig: Setting CVar [[s.PriorityLevelStreamingActorsUpdateExtraTime:5.0]]
[2022.08.03-17.15.54:812][  0]LogConfig: Setting CVar [[s.LevelStreamingComponentsRegistrationGranularity:10]]
[2022.08.03-17.15.54:812][  0]LogConfig: Setting CVar [[s.UnregisterComponentsTimeLimit:1.0]]
[2022.08.03-17.15.54:813][  0]LogConfig: Setting CVar [[s.LevelStreamingComponentsUnregistrationGranularity:5]]
[2022.08.03-17.15.54:813][  0]LogConfig: Setting CVar [[s.FlushStreamingOnExit:1]]
[2022.08.03-17.15.54:813][  0]LogConfig: Applying CVar settings from Section [/Script/Engine.GarbageCollectionSettings] File [C:/Users/danie/Documents/Gamedev VR/game/UE4 game/fpsgame/Saved/Config/Windows/Engine.ini]
[2022.08.03-17.15.54:814][  0]LogConfig: Setting CVar [[gc.MaxObjectsNotConsideredByGC:1]]
[2022.08.03-17.15.54:814][  0]LogConfig: Setting CVar [[gc.SizeOfPermanentObjectPool:0]]
[2022.08.03-17.15.54:814][  0]LogConfig: Setting CVar [[gc.FlushStreamingOnGC:0]]
[2022.08.03-17.15.54:814][  0]LogConfig: Setting CVar [[gc.NumRetriesBeforeForcingGC:10]]
[2022.08.03-17.15.54:815][  0]LogConfig: Setting CVar [[gc.AllowParallelGC:1]]
[2022.08.03-17.15.54:815][  0]LogConfig: Setting CVar [[gc.TimeBetweenPurgingPendingKillObjects:61.1]]
[2022.08.03-17.15.54:815][  0]LogConfig: Setting CVar [[gc.MaxObjectsInEditor:25165824]]
[2022.08.03-17.15.54:816][  0]LogConfig: Setting CVar [[gc.IncrementalBeginDestroyEnabled:1]]
[2022.08.03-17.15.54:816][  0]LogConfig: Setting CVar [[gc.CreateGCClusters:1]]
[2022.08.03-17.15.54:816][  0]LogConfig: Setting CVar [[gc.MinGCClusterSize:5]]
[2022.08.03-17.15.54:816][  0]LogConfig: Setting CVar [[gc.ActorClusteringEnabled:0]]
[2022.08.03-17.15.54:817][  0]LogConfig: Setting CVar [[gc.BlueprintClusteringEnabled:0]]
[2022.08.03-17.15.54:817][  0]LogConfig: Setting CVar [[gc.UseDisregardForGCOnDedicatedServers:0]]
[2022.08.03-17.15.54:817][  0]LogConfig: Setting CVar [[gc.MultithreadedDestructionEnabled:1]]
[2022.08.03-17.15.54:817][  0]LogConfig: Applying CVar settings from Section [/Script/Engine.NetworkSettings] File [C:/Users/danie/Documents/Gamedev VR/game/UE4 game/fpsgame/Saved/Config/Windows/Engine.ini]
[2022.08.03-17.15.54:818][  0]LogConfig: Applying CVar settings from Section [/Script/UnrealEd.CookerSettings] File [C:/Users/danie/Documents/Gamedev VR/game/UE4 game/fpsgame/Saved/Config/Windows/Engine.ini]
[2022.08.03-17.15.54:821][  0]LogConfig: Applying CVar settings from Section [ViewDistanceQuality@3] File [C:/Users/danie/Documents/Gamedev VR/game/UE4 game/fpsgame/Saved/Config/Windows/Scalability.ini]
[2022.08.03-17.15.54:821][  0]LogConfig: Setting CVar [[r.SkeletalMeshLODBias:0]]
[2022.08.03-17.15.54:822][  0]LogConfig: Setting CVar [[r.ViewDistanceScale:1.0]]
[2022.08.03-17.15.54:822][  0]LogConfig: Applying CVar settings from Section [AntiAliasingQuality@3] File [C:/Users/danie/Documents/Gamedev VR/game/UE4 game/fpsgame/Saved/Config/Windows/Scalability.ini]
[2022.08.03-17.15.54:822][  0]LogConfig: Setting CVar [[r.PostProcessAAQuality:4]]
[2022.08.03-17.15.54:823][  0]LogConfig: Applying CVar settings from Section [ShadowQuality@3] File [C:/Users/danie/Documents/Gamedev VR/game/UE4 game/fpsgame/Saved/Config/Windows/Scalability.ini]
[2022.08.03-17.15.54:823][  0]LogConfig: Setting CVar [[r.LightFunctionQuality:1]]
[2022.08.03-17.15.54:823][  0]LogConfig: Setting CVar [[r.ShadowQuality:5]]
[2022.08.03-17.15.54:823][  0]LogConfig: Setting CVar [[r.Shadow.CSM.MaxCascades:10]]
[2022.08.03-17.15.54:824][  0]LogConfig: Setting CVar [[r.Shadow.MaxResolution:2048]]
[2022.08.03-17.15.54:824][  0]LogConfig: Setting CVar [[r.Shadow.MaxCSMResolution:2048]]
[2022.08.03-17.15.54:824][  0]LogConfig: Setting CVar [[r.Shadow.RadiusThreshold:0.01]]
[2022.08.03-17.15.54:825][  0]LogConfig: Setting CVar [[r.Shadow.DistanceScale:1.0]]
[2022.08.03-17.15.54:825][  0]LogConfig: Setting CVar [[r.Shadow.CSM.TransitionScale:1.0]]
[2022.08.03-17.15.54:825][  0]LogConfig: Setting CVar [[r.Shadow.PreShadowResolutionFactor:1.0]]
[2022.08.03-17.15.54:825][  0]LogConfig: Setting CVar [[r.DistanceFieldShadowing:1]]
[2022.08.03-17.15.54:826][  0]LogConfig: Setting CVar [[r.DistanceFieldAO:1]]
[2022.08.03-17.15.54:826][  0]LogConfig: Setting CVar [[r.AOQuality:2]]
[2022.08.03-17.15.54:826][  0]LogConfig: Setting CVar [[r.VolumetricFog:1]]
[2022.08.03-17.15.54:827][  0]LogConfig: Setting CVar [[r.VolumetricFog.GridPixelSize:8]]
[2022.08.03-17.15.54:827][  0]LogConfig: Setting CVar [[r.VolumetricFog.GridSizeZ:128]]
[2022.08.03-17.15.54:827][  0]LogConfig: Setting CVar [[r.VolumetricFog.HistoryMissSupersampleCount:4]]
[2022.08.03-17.15.54:828][  0]LogConfig: Setting CVar [[r.LightMaxDrawDistanceScale:1]]
[2022.08.03-17.15.54:828][  0]LogConfig: Setting CVar [[r.CapsuleShadows:1]]
[2022.08.03-17.15.54:828][  0]LogConfig: Applying CVar settings from Section [PostProcessQuality@3] File [C:/Users/danie/Documents/Gamedev VR/game/UE4 game/fpsgame/Saved/Config/Windows/Scalability.ini]
[2022.08.03-17.15.54:829][  0]LogConfig: Setting CVar [[r.MotionBlurQuality:4]]
[2022.08.03-17.15.54:829][  0]LogConfig: Setting CVar [[r.AmbientOcclusionMipLevelFactor:0.4]]
[2022.08.03-17.15.54:829][  0]LogConfig: Setting CVar [[r.AmbientOcclusionMaxQuality:100]]
[2022.08.03-17.15.54:830][  0]LogConfig: Setting CVar [[r.AmbientOcclusionLevels:-1]]
[2022.08.03-17.15.54:830][  0]LogConfig: Setting CVar [[r.AmbientOcclusionRadiusScale:1.0]]
[2022.08.03-17.15.54:830][  0]LogConfig: Setting CVar [[r.DepthOfFieldQuality:2]]
[2022.08.03-17.15.54:830][  0]LogConfig: Setting CVar [[r.RenderTargetPoolMin:400]]
[2022.08.03-17.15.54:831][  0]LogConfig: Setting CVar [[r.LensFlareQuality:2]]
[2022.08.03-17.15.54:831][  0]LogConfig: Setting CVar [[r.SceneColorFringeQuality:1]]
[2022.08.03-17.15.54:831][  0]LogConfig: Setting CVar [[r.EyeAdaptationQuality:2]]
[2022.08.03-17.15.54:832][  0]LogConfig: Setting CVar [[r.BloomQuality:5]]
[2022.08.03-17.15.54:832][  0]LogConfig: Setting CVar [[r.FastBlurThreshold:100]]
[2022.08.03-17.15.54:832][  0]LogConfig: Setting CVar [[r.Upscale.Quality:3]]
[2022.08.03-17.15.54:832][  0]LogConfig: Setting CVar [[r.Tonemapper.GrainQuantization:1]]
[2022.08.03-17.15.54:833][  0]LogConfig: Setting CVar [[r.LightShaftQuality:1]]
[2022.08.03-17.15.54:833][  0]LogConfig: Setting CVar [[r.Filter.SizeScale:1]]
[2022.08.03-17.15.54:833][  0]LogConfig: Setting CVar [[r.Tonemapper.Quality:5]]
[2022.08.03-17.15.54:834][  0]LogConfig: Setting CVar [[r.DOF.Gather.AccumulatorQuality:1        ; higher gathering accumulator quality]]
[2022.08.03-17.15.54:836][  0]LogConfig: Setting CVar [[r.DOF.Gather.PostfilterMethod:1          ; Median3x3 postfilering method]]
[2022.08.03-17.15.54:836][  0]LogConfig: Setting CVar [[r.DOF.Gather.EnableBokehSettings:0       ; no bokeh simulation when gathering]]
[2022.08.03-17.15.54:836][  0]LogConfig: Setting CVar [[r.DOF.Gather.RingCount:4                 ; medium number of samples when gathering]]
[2022.08.03-17.15.54:836][  0]LogConfig: Setting CVar [[r.DOF.Scatter.ForegroundCompositing:1    ; additive foreground scattering]]
[2022.08.03-17.15.54:837][  0]LogConfig: Setting CVar [[r.DOF.Scatter.BackgroundCompositing:2    ; additive background scattering]]
[2022.08.03-17.15.54:837][  0]LogConfig: Setting CVar [[r.DOF.Scatter.EnableBokehSettings:1      ; bokeh simulation when scattering]]
[2022.08.03-17.15.54:837][  0]LogConfig: Setting CVar [[r.DOF.Scatter.MaxSpriteRatio:0.1         ; only a maximum of 10% of scattered bokeh]]
[2022.08.03-17.15.54:837][  0]LogConfig: Setting CVar [[r.DOF.Recombine.Quality:1                ; cheap slight out of focus]]
[2022.08.03-17.15.54:838][  0]LogConfig: Setting CVar [[r.DOF.Recombine.EnableBokehSettings:0    ; no bokeh simulation on slight out of focus]]
[2022.08.03-17.15.54:838][  0]LogConfig: Setting CVar [[r.DOF.TemporalAAQuality:1                ; more stable temporal accumulation]]
[2022.08.03-17.15.54:838][  0]LogConfig: Setting CVar [[r.DOF.Kernel.MaxForegroundRadius:0.025]]
[2022.08.03-17.15.54:839][  0]LogConfig: Setting CVar [[r.DOF.Kernel.MaxBackgroundRadius:0.025]]
[2022.08.03-17.15.54:839][  0]LogConfig: Applying CVar settings from Section [TextureQuality@3] File [C:/Users/danie/Documents/Gamedev VR/game/UE4 game/fpsgame/Saved/Config/Windows/Scalability.ini]
[2022.08.03-17.15.54:839][  0]LogConfig: Setting CVar [[r.Streaming.MipBias:0]]
[2022.08.03-17.15.54:840][  0]LogConfig: Setting CVar [[r.Streaming.AmortizeCPUToGPUCopy:0]]
[2022.08.03-17.15.54:840][  0]LogConfig: Setting CVar [[r.Streaming.MaxNumTexturesToStreamPerFrame:0]]
[2022.08.03-17.15.54:840][  0]LogConfig: Setting CVar [[r.Streaming.Boost:1]]
[2022.08.03-17.15.54:840][  0]LogConfig: Setting CVar [[r.MaxAnisotropy:8]]
[2022.08.03-17.15.54:841][  0]LogConfig: Setting CVar [[r.VT.MaxAnisotropy:8]]
[2022.08.03-17.15.54:841][  0]LogConfig: Setting CVar [[r.Streaming.LimitPoolSizeToVRAM:0]]
[2022.08.03-17.15.54:841][  0]LogConfig: Setting CVar [[r.Streaming.PoolSize:1000]]
[2022.08.03-17.15.54:842][  0]LogConfig: Setting CVar [[r.Streaming.MaxEffectiveScreenSize:0]]
[2022.08.03-17.15.54:842][  0]LogConfig: Applying CVar settings from Section [EffectsQuality@3] File [C:/Users/danie/Documents/Gamedev VR/game/UE4 game/fpsgame/Saved/Config/Windows/Scalability.ini]
[2022.08.03-17.15.54:842][  0]LogConfig: Setting CVar [[r.TranslucencyLightingVolumeDim:64]]
[2022.08.03-17.15.54:842][  0]LogConfig: Setting CVar [[r.RefractionQuality:2]]
[2022.08.03-17.15.54:843][  0]LogConfig: Setting CVar [[r.SSR.Quality:3]]
[2022.08.03-17.15.54:843][  0]LogConfig: Setting CVar [[r.SSR.HalfResSceneColor:0]]
[2022.08.03-17.15.54:843][  0]LogConfig: Setting CVar [[r.SceneColorFormat:4]]
[2022.08.03-17.15.54:844][  0]LogConfig: Setting CVar [[r.DetailMode:2]]
[2022.08.03-17.15.54:844][  0]LogConfig: Setting CVar [[r.TranslucencyVolumeBlur:1]]
[2022.08.03-17.15.54:844][  0]LogConfig: Setting CVar [[r.MaterialQualityLevel:1 ; High quality]]
[2022.08.03-17.15.54:844][  0]LogConfig: Setting CVar [[r.AnisotropicMaterials:1]]
[2022.08.03-17.15.54:845][  0]LogConfig: Setting CVar [[r.SSS.Scale:1]]
[2022.08.03-17.15.54:845][  0]LogConfig: Setting CVar [[r.SSS.SampleSet:2]]
[2022.08.03-17.15.54:845][  0]LogConfig: Setting CVar [[r.SSS.Quality:1]]
[2022.08.03-17.15.54:845][  0]LogConfig: Setting CVar [[r.SSS.HalfRes:0]]
[2022.08.03-17.15.54:846][  0]LogConfig: Setting CVar [[r.SSGI.Quality:3]]
[2022.08.03-17.15.54:846][  0]LogConfig: Setting CVar [[r.EmitterSpawnRateScale:1.0]]
[2022.08.03-17.15.54:846][  0]LogConfig: Setting CVar [[r.ParticleLightQuality:2]]
[2022.08.03-17.15.54:847][  0]LogConfig: Setting CVar [[r.SkyAtmosphere.AerialPerspectiveLUT.FastApplyOnOpaque:1 ; Always have FastSkyLUT 1 in this case to avoid wrong sky]]
[2022.08.03-17.15.54:847][  0]LogConfig: Setting CVar [[r.SkyAtmosphere.AerialPerspectiveLUT.SampleCountMaxPerSlice:4]]
[2022.08.03-17.15.54:847][  0]LogConfig: Setting CVar [[r.SkyAtmosphere.AerialPerspectiveLUT.DepthResolution:16.0]]
[2022.08.03-17.15.54:848][  0]LogConfig: Setting CVar [[r.SkyAtmosphere.FastSkyLUT:1]]
[2022.08.03-17.15.54:848][  0]LogConfig: Setting CVar [[r.SkyAtmosphere.FastSkyLUT.SampleCountMin:4.0]]
[2022.08.03-17.15.54:848][  0]LogConfig: Setting CVar [[r.SkyAtmosphere.FastSkyLUT.SampleCountMax:128.0]]
[2022.08.03-17.15.54:848][  0]LogConfig: Setting CVar [[r.SkyAtmosphere.SampleCountMin:4.0]]
[2022.08.03-17.15.54:849][  0]LogConfig: Setting CVar [[r.SkyAtmosphere.SampleCountMax:128.0]]
[2022.08.03-17.15.54:849][  0]LogConfig: Setting CVar [[r.SkyAtmosphere.TransmittanceLUT.UseSmallFormat:0]]
[2022.08.03-17.15.54:849][  0]LogConfig: Setting CVar [[r.SkyAtmosphere.TransmittanceLUT.SampleCount:10.0]]
[2022.08.03-17.15.54:850][  0]LogConfig: Setting CVar [[r.SkyAtmosphere.MultiScatteringLUT.SampleCount:15.0]]
[2022.08.03-17.15.54:852][  0]LogConfig: Setting CVar [[r.SkyLight.RealTimeReflectionCapture:1]]
[2022.08.03-17.15.54:853][  0]LogConfig: Applying CVar settings from Section [FoliageQuality@3] File [C:/Users/danie/Documents/Gamedev VR/game/UE4 game/fpsgame/Saved/Config/Windows/Scalability.ini]
[2022.08.03-17.15.54:853][  0]LogConfig: Setting CVar [[foliage.DensityScale:1.0]]
[2022.08.03-17.15.54:854][  0]LogConfig: Setting CVar [[grass.DensityScale:1.0]]
[2022.08.03-17.15.54:854][  0]LogConfig: Applying CVar settings from Section [ShadingQuality@3] File [C:/Users/danie/Documents/Gamedev VR/game/UE4 game/fpsgame/Saved/Config/Windows/Scalability.ini]
[2022.08.03-17.15.54:854][  0]LogConfig: Setting CVar [[r.HairStrands.SkyLighting.IntegrationType:2]]
[2022.08.03-17.15.54:855][  0]LogConfig: Setting CVar [[r.HairStrands.SkyAO.SampleCount:4]]
[2022.08.03-17.15.54:855][  0]LogConfig: Setting CVar [[r.HairStrands.Visibility.MSAA.SamplePerPixel:4]]
[2022.08.03-17.15.54:856][  0]LogInit: Selected Device Profile: [Windows]
[2022.08.03-17.15.54:856][  0]LogInit: Applying CVar settings loaded from the selected device profile: [Windows]
[2022.08.03-17.15.54:856][  0]LogHAL: Display: Platform has ~ 16 GB [17128247296 / 17179869184 / 16], which maps to Larger [LargestMinGB=32, LargerMinGB=12, DefaultMinGB=8, SmallerMinGB=6, SmallestMinGB=0)
[2022.08.03-17.15.54:857][  0]LogInit: Going up to parent DeviceProfile []
[2022.08.03-17.15.54:857][  0]LogConfig: Applying CVar settings from Section [ViewDistanceQuality@3] File [C:/Users/danie/Documents/Gamedev VR/game/UE4 game/fpsgame/Saved/Config/Windows/Scalability.ini]
[2022.08.03-17.15.54:857][  0]LogConfig: Setting CVar [[r.SkeletalMeshLODBias:0]]
[2022.08.03-17.15.54:857][  0]LogConfig: Setting CVar [[r.ViewDistanceScale:1.0]]
[2022.08.03-17.15.54:858][  0]LogConfig: Applying CVar settings from Section [AntiAliasingQuality@3] File [C:/Users/danie/Documents/Gamedev VR/game/UE4 game/fpsgame/Saved/Config/Windows/Scalability.ini]
[2022.08.03-17.15.54:858][  0]LogConfig: Setting CVar [[r.PostProcessAAQuality:4]]
[2022.08.03-17.15.54:858][  0]LogConfig: Applying CVar settings from Section [ShadowQuality@3] File [C:/Users/danie/Documents/Gamedev VR/game/UE4 game/fpsgame/Saved/Config/Windows/Scalability.ini]
[2022.08.03-17.15.54:858][  0]LogConfig: Setting CVar [[r.LightFunctionQuality:1]]
[2022.08.03-17.15.54:859][  0]LogConfig: Setting CVar [[r.ShadowQuality:5]]
[2022.08.03-17.15.54:859][  0]LogConfig: Setting CVar [[r.Shadow.CSM.MaxCascades:10]]
[2022.08.03-17.15.54:859][  0]LogConfig: Setting CVar [[r.Shadow.MaxResolution:2048]]
[2022.08.03-17.15.54:859][  0]LogConfig: Setting CVar [[r.Shadow.MaxCSMResolution:2048]]
[2022.08.03-17.15.54:860][  0]LogConfig: Setting CVar [[r.Shadow.RadiusThreshold:0.01]]
[2022.08.03-17.15.54:860][  0]LogConfig: Setting CVar [[r.Shadow.DistanceScale:1.0]]
[2022.08.03-17.15.54:860][  0]LogConfig: Setting CVar [[r.Shadow.CSM.TransitionScale:1.0]]
[2022.08.03-17.15.54:861][  0]LogConfig: Setting CVar [[r.Shadow.PreShadowResolutionFactor:1.0]]
[2022.08.03-17.15.54:861][  0]LogConfig: Setting CVar [[r.DistanceFieldShadowing:1]]
[2022.08.03-17.15.54:861][  0]LogConfig: Setting CVar [[r.DistanceFieldAO:1]]
[2022.08.03-17.15.54:861][  0]LogConfig: Setting CVar [[r.AOQuality:2]]
[2022.08.03-17.15.54:862][  0]LogConfig: Setting CVar [[r.VolumetricFog:1]]
[2022.08.03-17.15.54:862][  0]LogConfig: Setting CVar [[r.VolumetricFog.GridPixelSize:8]]
[2022.08.03-17.15.54:862][  0]LogConfig: Setting CVar [[r.VolumetricFog.GridSizeZ:128]]
[2022.08.03-17.15.54:862][  0]LogConfig: Setting CVar [[r.VolumetricFog.HistoryMissSupersampleCount:4]]
[2022.08.03-17.15.54:863][  0]LogConfig: Setting CVar [[r.LightMaxDrawDistanceScale:1]]
[2022.08.03-17.15.54:863][  0]LogConfig: Setting CVar [[r.CapsuleShadows:1]]
[2022.08.03-17.15.54:863][  0]LogConfig: Applying CVar settings from Section [PostProcessQuality@3] File [C:/Users/danie/Documents/Gamedev VR/game/UE4 game/fpsgame/Saved/Config/Windows/Scalability.ini]
[2022.08.03-17.15.54:864][  0]LogConfig: Setting CVar [[r.MotionBlurQuality:4]]
[2022.08.03-17.15.54:864][  0]LogConfig: Setting CVar [[r.AmbientOcclusionMipLevelFactor:0.4]]
[2022.08.03-17.15.54:864][  0]LogConfig: Setting CVar [[r.AmbientOcclusionMaxQuality:100]]
[2022.08.03-17.15.54:864][  0]LogConfig: Setting CVar [[r.AmbientOcclusionLevels:-1]]
[2022.08.03-17.15.54:865][  0]LogConfig: Setting CVar [[r.AmbientOcclusionRadiusScale:1.0]]
[2022.08.03-17.15.54:865][  0]LogConfig: Setting CVar [[r.DepthOfFieldQuality:2]]
[2022.08.03-17.15.54:865][  0]LogConfig: Setting CVar [[r.RenderTargetPoolMin:400]]
[2022.08.03-17.15.54:865][  0]LogConfig: Setting CVar [[r.LensFlareQuality:2]]
[2022.08.03-17.15.54:866][  0]LogConfig: Setting CVar [[r.SceneColorFringeQuality:1]]
[2022.08.03-17.15.54:868][  0]LogConfig: Setting CVar [[r.EyeAdaptationQuality:2]]
[2022.08.03-17.15.54:869][  0]LogConfig: Setting CVar [[r.BloomQuality:5]]
[2022.08.03-17.15.54:869][  0]LogConfig: Setting CVar [[r.FastBlurThreshold:100]]
[2022.08.03-17.15.54:869][  0]LogConfig: Setting CVar [[r.Upscale.Quality:3]]
[2022.08.03-17.15.54:870][  0]LogConfig: Setting CVar [[r.Tonemapper.GrainQuantization:1]]
[2022.08.03-17.15.54:870][  0]LogConfig: Setting CVar [[r.LightShaftQuality:1]]
[2022.08.03-17.15.54:870][  0]LogConfig: Setting CVar [[r.Filter.SizeScale:1]]
[2022.08.03-17.15.54:870][  0]LogConfig: Setting CVar [[r.Tonemapper.Quality:5]]
[2022.08.03-17.15.54:871][  0]LogConfig: Setting CVar [[r.DOF.Gather.AccumulatorQuality:1        ; higher gathering accumulator quality]]
[2022.08.03-17.15.54:871][  0]LogConfig: Setting CVar [[r.DOF.Gather.PostfilterMethod:1          ; Median3x3 postfilering method]]
[2022.08.03-17.15.54:871][  0]LogConfig: Setting CVar [[r.DOF.Gather.EnableBokehSettings:0       ; no bokeh simulation when gathering]]
[2022.08.03-17.15.54:871][  0]LogConfig: Setting CVar [[r.DOF.Gather.RingCount:4                 ; medium number of samples when gathering]]
[2022.08.03-17.15.54:872][  0]LogConfig: Setting CVar [[r.DOF.Scatter.ForegroundCompositing:1    ; additive foreground scattering]]
[2022.08.03-17.15.54:872][  0]LogConfig: Setting CVar [[r.DOF.Scatter.BackgroundCompositing:2    ; additive background scattering]]
[2022.08.03-17.15.54:872][  0]LogConfig: Setting CVar [[r.DOF.Scatter.EnableBokehSettings:1      ; bokeh simulation when scattering]]
[2022.08.03-17.15.54:873][  0]LogConfig: Setting CVar [[r.DOF.Scatter.MaxSpriteRatio:0.1         ; only a maximum of 10% of scattered bokeh]]
[2022.08.03-17.15.54:873][  0]LogConfig: Setting CVar [[r.DOF.Recombine.Quality:1                ; cheap slight out of focus]]
[2022.08.03-17.15.54:873][  0]LogConfig: Setting CVar [[r.DOF.Recombine.EnableBokehSettings:0    ; no bokeh simulation on slight out of focus]]
[2022.08.03-17.15.54:874][  0]LogConfig: Setting CVar [[r.DOF.TemporalAAQuality:1                ; more stable temporal accumulation]]
[2022.08.03-17.15.54:874][  0]LogConfig: Setting CVar [[r.DOF.Kernel.MaxForegroundRadius:0.025]]
[2022.08.03-17.15.54:874][  0]LogConfig: Setting CVar [[r.DOF.Kernel.MaxBackgroundRadius:0.025]]
[2022.08.03-17.15.54:874][  0]LogConfig: Applying CVar settings from Section [TextureQuality@3] File [C:/Users/danie/Documents/Gamedev VR/game/UE4 game/fpsgame/Saved/Config/Windows/Scalability.ini]
[2022.08.03-17.15.54:875][  0]LogConfig: Setting CVar [[r.Streaming.MipBias:0]]
[2022.08.03-17.15.54:875][  0]LogConfig: Setting CVar [[r.Streaming.AmortizeCPUToGPUCopy:0]]
[2022.08.03-17.15.54:875][  0]LogConfig: Setting CVar [[r.Streaming.MaxNumTexturesToStreamPerFrame:0]]
[2022.08.03-17.15.54:875][  0]LogConfig: Setting CVar [[r.Streaming.Boost:1]]
[2022.08.03-17.15.54:876][  0]LogConfig: Setting CVar [[r.MaxAnisotropy:8]]
[2022.08.03-17.15.54:876][  0]LogConfig: Setting CVar [[r.VT.MaxAnisotropy:8]]
[2022.08.03-17.15.54:876][  0]LogConfig: Setting CVar [[r.Streaming.LimitPoolSizeToVRAM:0]]
[2022.08.03-17.15.54:876][  0]LogConfig: Setting CVar [[r.Streaming.PoolSize:1000]]
[2022.08.03-17.15.54:877][  0]LogConfig: Setting CVar [[r.Streaming.MaxEffectiveScreenSize:0]]
[2022.08.03-17.15.54:877][  0]LogConfig: Applying CVar settings from Section [EffectsQuality@3] File [C:/Users/danie/Documents/Gamedev VR/game/UE4 game/fpsgame/Saved/Config/Windows/Scalability.ini]
[2022.08.03-17.15.54:877][  0]LogConfig: Setting CVar [[r.TranslucencyLightingVolumeDim:64]]
[2022.08.03-17.15.54:878][  0]LogConfig: Setting CVar [[r.RefractionQuality:2]]
[2022.08.03-17.15.54:878][  0]LogConfig: Setting CVar [[r.SSR.Quality:3]]
[2022.08.03-17.15.54:878][  0]LogConfig: Setting CVar [[r.SSR.HalfResSceneColor:0]]
[2022.08.03-17.15.54:878][  0]LogConfig: Setting CVar [[r.SceneColorFormat:4]]
[2022.08.03-17.15.54:879][  0]LogConfig: Setting CVar [[r.DetailMode:2]]
[2022.08.03-17.15.54:879][  0]LogConfig: Setting CVar [[r.TranslucencyVolumeBlur:1]]
[2022.08.03-17.15.54:879][  0]LogConfig: Setting CVar [[r.MaterialQualityLevel:1 ; High quality]]
[2022.08.03-17.15.54:880][  0]LogConfig: Setting CVar [[r.AnisotropicMaterials:1]]
[2022.08.03-17.15.54:880][  0]LogConfig: Setting CVar [[r.SSS.Scale:1]]
[2022.08.03-17.15.54:880][  0]LogConfig: Setting CVar [[r.SSS.SampleSet:2]]
[2022.08.03-17.15.54:880][  0]LogConfig: Setting CVar [[r.SSS.Quality:1]]
[2022.08.03-17.15.54:881][  0]LogConfig: Setting CVar [[r.SSS.HalfRes:0]]
[2022.08.03-17.15.54:881][  0]LogConfig: Setting CVar [[r.SSGI.Quality:3]]
[2022.08.03-17.15.54:881][  0]LogConfig: Setting CVar [[r.EmitterSpawnRateScale:1.0]]
[2022.08.03-17.15.54:882][  0]LogConfig: Setting CVar [[r.ParticleLightQuality:2]]
[2022.08.03-17.15.54:884][  0]LogConfig: Setting CVar [[r.SkyAtmosphere.AerialPerspectiveLUT.FastApplyOnOpaque:1 ; Always have FastSkyLUT 1 in this case to avoid wrong sky]]
[2022.08.03-17.15.54:884][  0]LogConfig: Setting CVar [[r.SkyAtmosphere.AerialPerspectiveLUT.SampleCountMaxPerSlice:4]]
[2022.08.03-17.15.54:885][  0]LogConfig: Setting CVar [[r.SkyAtmosphere.AerialPerspectiveLUT.DepthResolution:16.0]]
[2022.08.03-17.15.54:885][  0]LogConfig: Setting CVar [[r.SkyAtmosphere.FastSkyLUT:1]]
[2022.08.03-17.15.54:885][  0]LogConfig: Setting CVar [[r.SkyAtmosphere.FastSkyLUT.SampleCountMin:4.0]]
[2022.08.03-17.15.54:885][  0]LogConfig: Setting CVar [[r.SkyAtmosphere.FastSkyLUT.SampleCountMax:128.0]]
[2022.08.03-17.15.54:886][  0]LogConfig: Setting CVar [[r.SkyAtmosphere.SampleCountMin:4.0]]
[2022.08.03-17.15.54:886][  0]LogConfig: Setting CVar [[r.SkyAtmosphere.SampleCountMax:128.0]]
[2022.08.03-17.15.54:886][  0]LogConfig: Setting CVar [[r.SkyAtmosphere.TransmittanceLUT.UseSmallFormat:0]]
[2022.08.03-17.15.54:886][  0]LogConfig: Setting CVar [[r.SkyAtmosphere.TransmittanceLUT.SampleCount:10.0]]
[2022.08.03-17.15.54:887][  0]LogConfig: Setting CVar [[r.SkyAtmosphere.MultiScatteringLUT.SampleCount:15.0]]
[2022.08.03-17.15.54:887][  0]LogConfig: Setting CVar [[r.SkyLight.RealTimeReflectionCapture:1]]
[2022.08.03-17.15.54:887][  0]LogConfig: Applying CVar settings from Section [FoliageQuality@3] File [C:/Users/danie/Documents/Gamedev VR/game/UE4 game/fpsgame/Saved/Config/Windows/Scalability.ini]
[2022.08.03-17.15.54:887][  0]LogConfig: Setting CVar [[foliage.DensityScale:1.0]]
[2022.08.03-17.15.54:888][  0]LogConfig: Setting CVar [[grass.DensityScale:1.0]]
[2022.08.03-17.15.54:888][  0]LogConfig: Applying CVar settings from Section [ShadingQuality@3] File [C:/Users/danie/Documents/Gamedev VR/game/UE4 game/fpsgame/Saved/Config/Windows/Scalability.ini]
[2022.08.03-17.15.54:888][  0]LogConfig: Setting CVar [[r.HairStrands.SkyLighting.IntegrationType:2]]
[2022.08.03-17.15.54:888][  0]LogConfig: Setting CVar [[r.HairStrands.SkyAO.SampleCount:4]]
[2022.08.03-17.15.54:889][  0]LogConfig: Setting CVar [[r.HairStrands.Visibility.MSAA.SamplePerPixel:4]]
[2022.08.03-17.15.54:889][  0]LogConfig: Applying CVar settings from Section [Startup] File [../../../Engine/Config/ConsoleVariables.ini]
[2022.08.03-17.15.54:890][  0]LogConfig: Setting CVar [[net.UseAdaptiveNetUpdateFrequency:0]]
[2022.08.03-17.15.54:890][  0]LogConfig: Setting CVar [[p.chaos.AllowCreatePhysxBodies:1]]
[2022.08.03-17.15.54:890][  0]LogConfig: Setting CVar [[fx.SkipVectorVMBackendOptimizations:1]]
[2022.08.03-17.15.54:890][  0]LogConfig: Applying CVar settings from Section [ConsoleVariables] File [C:/Users/danie/Documents/Gamedev VR/game/UE4 game/fpsgame/Saved/Config/Windows/Engine.ini]
[2022.08.03-17.15.54:891][  0]LogConfig: Applying CVar settings from Section [ConsoleVariables] File [C:/Users/danie/Documents/Gamedev VR/game/UE4 game/fpsgame/Saved/Config/Windows/Editor.ini]
[2022.08.03-17.15.54:891][  0]LogInit: Computer: DESKTOP-QG36584
[2022.08.03-17.15.54:891][  0]LogInit: User: danie
[2022.08.03-17.15.54:892][  0]LogInit: CPU Page size=4096, Cores=6
[2022.08.03-17.15.54:892][  0]LogInit: High frequency timer resolution =10.000000 MHz
[2022.08.03-17.15.54:892][  0]LogMemory: Memory total: Physical=16.0GB (16GB approx)
[2022.08.03-17.15.54:892][  0]LogMemory: Platform Memory Stats for Windows
[2022.08.03-17.15.54:893][  0]LogMemory: Process Physical Memory: 136.58 MB used, 136.58 MB peak
[2022.08.03-17.15.54:893][  0]LogMemory: Process Virtual Memory: 115.30 MB used, 115.30 MB peak
[2022.08.03-17.15.54:893][  0]LogMemory: Physical Memory: 11829.89 MB used,  4504.88 MB free, 16334.77 MB total
[2022.08.03-17.15.54:893][  0]LogMemory: Virtual Memory: 134213136.00 MB used,  4592.61 MB free, 134217728.00 MB total
[2022.08.03-17.15.54:895][  0]LogWindows: WindowsPlatformFeatures disabled or dedicated server build
[2022.08.03-17.15.54:903][  0]LogInit: Physics initialised using underlying interface: PhysX
[2022.08.03-17.15.54:903][  0]LogInit: Using OS detected language (en-US).
[2022.08.03-17.15.54:904][  0]LogInit: Using OS detected locale (en-GB).
[2022.08.03-17.15.54:907][  0]LogTextLocalizationManager: No specific localization for 'en-US' exists, so the 'en' localization will be used.
[2022.08.03-17.15.55:286][  0]LogTargetPlatformManager: Display: Loaded TargetPlatform 'WindowsNoEditor'
[2022.08.03-17.15.55:289][  0]LogTargetPlatformManager: Display: Loaded TargetPlatform 'Windows'
[2022.08.03-17.15.55:292][  0]LogTargetPlatformManager: Display: Loaded TargetPlatform 'WindowsClient'
[2022.08.03-17.15.55:294][  0]LogTargetPlatformManager: Display: Loaded TargetPlatform 'WindowsServer'
[2022.08.03-17.15.55:294][  0]LogTargetPlatformManager: Display: Building Assets For Windows
[2022.08.03-17.15.55:297][  0]LogAudioDebug: Display: Lib vorbis DLL was dynamically loaded.
[2022.08.03-17.15.55:309][  0]LogTextureFormatOodle: Display: Oodle Texture 2.9.0 init RDO Off
[2022.08.03-17.15.55:318][  0]LogRendererCore: Ray tracing is disabled. Reason: r.RayTracing=0.
[2022.08.03-17.15.55:318][  0]LogShaderCompilers: Guid format shader working directory is -27 characters bigger than the processId version (../../../../../../Users/danie/Documents/Gamedev VR/game/UE4 game/fpsgame/Intermediate/Shaders/WorkingDirectory/16760/).
[2022.08.03-17.15.55:319][  0]LogShaderCompilers: Cleaned the shader compiler working directory 'C:/Users/danie/AppData/Local/Temp/UnrealShaderWorkingDir/8FB622DF4883A48D4175F9A6F06F153D/'.
[2022.08.03-17.15.55:319][  0]LogXGEController: Cannot use XGE Controller as Incredibuild is not installed on this machine.
[2022.08.03-17.15.55:319][  0]LogShaderCompilers: Cannot use XGE Shader Compiler as Incredibuild is not installed on this machine.
[2022.08.03-17.15.55:320][  0]LogShaderCompilers: Display: Using Local Shader Compiler.
[2022.08.03-17.15.55:791][  0]LogDerivedDataCache: Display: Max Cache Size: 512 MB
[2022.08.03-17.15.55:857][  0]LogDerivedDataCache: Loaded boot cache 0.07s 100MB C:/Users/danie/AppData/Local/UnrealEngine/4.27/DerivedDataCache/Boot.ddc.
[2022.08.03-17.15.55:857][  0]LogDerivedDataCache: Display: Loaded Boot cache: C:/Users/danie/AppData/Local/UnrealEngine/4.27/DerivedDataCache/Boot.ddc
[2022.08.03-17.15.55:858][  0]LogDerivedDataCache: FDerivedDataBackendGraph:  Pak pak cache file ../../../../../../Users/danie/Documents/Gamedev VR/game/UE4 game/fpsgame/DerivedDataCache/DDC.ddp not found, will not use a pak cache.
[2022.08.03-17.15.55:858][  0]LogDerivedDataCache: Unable to find inner node Pak for hierarchical cache Hierarchy.
[2022.08.03-17.15.55:859][  0]LogDerivedDataCache: FDerivedDataBackendGraph:  CompressedPak pak cache file ../../../../../../Users/danie/Documents/Gamedev VR/game/UE4 game/fpsgame/DerivedDataCache/Compressed.ddp not found, will not use a pak cache.
[2022.08.03-17.15.55:859][  0]LogDerivedDataCache: Unable to find inner node CompressedPak for hierarchical cache Hierarchy.
[2022.08.03-17.15.55:876][  0]LogDerivedDataCache: Display: Pak cache opened for reading ../../../Engine/DerivedDataCache/Compressed.ddp.
[2022.08.03-17.15.55:876][  0]LogDerivedDataCache: FDerivedDataBackendGraph:  EnterprisePak pak cache file ../../../Enterprise/DerivedDataCache/Compressed.ddp not found, will not use a pak cache.
[2022.08.03-17.15.55:876][  0]LogDerivedDataCache: Unable to find inner node EnterprisePak for hierarchical cache Hierarchy.
[2022.08.03-17.15.55:885][  0]LogDerivedDataCache: Speed tests for C:/Users/danie/AppData/Local/UnrealEngine/Common/DerivedDataCache took 0.01 seconds
[2022.08.03-17.15.55:885][  0]LogDerivedDataCache: Display: Performance to C:/Users/danie/AppData/Local/UnrealEngine/Common/DerivedDataCache: Latency=0.03ms. RandomReadSpeed=299.22MBs, RandomWriteSpeed=198.18MBs. Assigned SpeedClass 'Local'
[2022.08.03-17.15.55:886][  0]LogDerivedDataCache: Using Local data cache path C:/Users/danie/AppData/Local/UnrealEngine/Common/DerivedDataCache: Writable
[2022.08.03-17.15.55:886][  0]LogDerivedDataCache: Shared data cache path not found in *engine.ini, will not use an Shared cache.
[2022.08.03-17.15.55:886][  0]LogDerivedDataCache: Unable to find inner node Shared for hierarchical cache Hierarchy.
[2022.08.03-17.15.55:888][  0]LogInit: Using OS detected language (en-US).
[2022.08.03-17.15.55:888][  0]LogInit: Using OS detected locale (en-GB).
[2022.08.03-17.15.55:888][  0]LogTextLocalizationManager: No localization for 'en-US' exists, so 'en' will be used for the language.
[2022.08.03-17.15.55:889][  0]LogTextLocalizationManager: No localization for 'en-GB' exists, so 'en' will be used for the locale.
[2022.08.03-17.15.55:892][  0]LogTextLocalizationManager: Compacting localization data took   0.00ms
[2022.08.03-17.15.55:893][  0]LogAssetRegistry: FAssetRegistry took 0.0022 seconds to start up
[2022.08.03-17.15.56:044][  0]LogPackageLocalizationCache: Processed 27 localized package path(s) for 1 prioritized culture(s) in 0.000978 seconds
[2022.08.03-17.15.56:119][  0]LogInit: Selected Device Profile: [Windows]
[2022.08.03-17.15.56:119][  0]LogInit: Active device profile: [000001CE61882E00][000001CE64109580 49] Windows
[2022.08.03-17.15.56:120][  0]LogInit: Profiles: [000001CE61882E00][000001CE64109580 49] Windows, [000001CE6183F400][000001CE64117840 49] WindowsNoEditor, [000001CE61883D00][000001CE6411BB00 49] WindowsServer, [000001CE6183C300][000001CE6410C200 49] WindowsClient, [000001CE61880200][000001CE6411E480 49] IOS, [000001CE6183FA00][000001CE64126740 49] iPadAir, [000001CE61880B00][000001CE6412AA00 49] iPadAir2, [000001CE617FA200][000001CE64144F40 49] IPadPro, [000001CE617FA300][000001CE6412EF80 49] iPadAir3, [000001CE61880E00][000001CE6413D240 49] iPadAir4, [000001CE617FAA00][000001CE64139500 49] iPadMini2, [000001CE61882600][000001CE641417C0 49] iPadMini3, [000001CE617FB100][000001CE6414FA80 49] iPadMini4, [000001CE61883100][000001CE641521C0 49] iPadMini5, [000001CE6182DB00][000001CE64162680 49] iPhone6, [000001CE6182DC00][000001CE641226C0 49] iPodTouch6, [000001CE617FA400][000001CE6416EC00 49] iPhone7, [000001CE617F9B00][000001CE6415EC40 49] iPodTouch7, [000001CE6182E500][000001CE64166F00 49] iPhone5S, [000001CE617F9800][000001CE6415B1C0 49] iPhone6Plus, [000001CE6182EA00][000001CE6416B480 49] iPhone6S, [000001CE617FBC00][000001CE64173740 49] iPhone6SPlus, [000001CE6182C600][000001CE64177A00 49] iPhone7Plus, [000001CE617FBF00][000001CE6417A140 49] iPhoneSE, [000001CE6182C700][000001CE6417E400 49] iPhone8, [000001CE617F9C00][000001CE64156680 49] iPhone8Plus, [000001CE6182C400][000001CE64182900 49] iPhoneX, [000001CE617FB500][000001CE6418ABC0 49] iPhoneXS, [000001CE6182CD00][000001CE5D012E80 49] iPhoneXSMax, [000001CE617F8F00][000001CE5D017140 49] iPhoneXR, [000001CE6182D700][000001CE5D01B400 49] iPhone11, [000001CE617FA800][000001CE5D01F6C0 49] iPhone11Pro, [000001CE6182FD00][000001CE5D023980 49] iPhone11ProMax, [000001CE617F8900][000001CE5D0260C0 49] iPhoneSE2, [000001CE6182DA00][000001CE5D02A380 49] iPhone12Mini, [000001CE617FA600][000001CE5D02E640 49] iPhone12, [000001CE6182FA00][000001CE641868C0 49] iPhone12Pro, [000001CE617F8600][000001CE5D032B40 49] iPhone12ProMax, [000001CE6182E300][000001CE5D03AE00 49] iPadPro105, [000001CE617FA000][000001CE5D03F0C0 49] iPadPro129, [000001CE6182F500][000001CE5D043380 49] iPadPro97, [000001CE617F9100][000001CE5D047640 49] iPadPro2_129, [000001CE6182C300][000001CE5D04B900 49] iPad5, [000001CE617F9400][000001CE5D04FBC0 49] iPad6, [000001CE6182ED00][000001CE5D052300 49] iPad7, [000001CE6183FF00][000001CE5D0565C0 49] iPad8, [000001CE618BD800][000001CE5D05A880 49] iPadPro11, [000001CE6183DF00][000001CE5D036B00 49] iPadPro2_11, [000001CE618BE400][000001CE5D05ED80 49] iPadPro3_129, [000001CE6183DD00][000001CE5D067040 49] iPadPro4_129, [000001CE618BD900][000001CE5D06B300 49] AppleTV, [000001CE6183E000][000001CE5D06F5C0 49] AppleTV4K, [000001CE618BC800][000001CE5D073880 49] TVOS, [000001CE6183C200][000001CE5D077B40 49] Mac, [000001CE618BD600][000001CE5D07A280 49] MacClient, [000001CE6183F300][000001CE5D07E540 49] MacNoEditor, [000001CE617F9D00][000001CE5D082800 49] MacServer, [000001CE6182D400][000001CE5D086AC0 49] Linux, [000001CE617FAE00][000001CE5D062D40 49] LinuxAArch64, [000001CE6182DF00][000001CE5D08AFC0 49] LinuxNoEditor, [000001CE617F8A00][000001CE5D093280 49] LinuxAArch64NoEditor, [000001CE6182C100][000001CE5D097540 49] LinuxClient, [000001CE617FA500][000001CE5D09B800 49] LinuxAArch64Client, [000001CE6182FF00][000001CE5D09FAC0 49] LinuxServer, [000001CE617F8300][000001CE5D0A2200 49] LinuxAArch64Server, [000001CE6182D900][000001CE5D0A64C0 49] Android, [000001CE617F9F00][000001CE5D0AA780 49] Android_Low, [000001CE618BE500][000001CE5D0AEA40 49] Android_Mid, [000001CE617FA100][000001CE5D0B2D00 49] Android_High, [000001CE618BD200][000001CE5D08EF80 49] Android_Default, [000001CE617F8B00][000001CE5D0B7200 49] Android_Adreno4xx, [000001CE618BE000][000001CE5D0BF4C0 49] Android_Adreno5xx_Low, [000001CE617FB400][000001CE5D0C3780 49] Android_Adreno5xx, [000001CE618BCC00][000001CE5D0C7A40 49] Android_Adreno6xx, [000001CE617FBE00][000001CE5D0CA180 49] Android_Adreno6xx_Vulkan, [000001CE618BE900][000001CE5D0CE440 49] Android_Mali_T6xx, [000001CE617FAF00][000001CE5D0D2700 49] Android_Mali_T7xx, [000001CE618BDD00][000001CE5D0D69C0 49] Android_Mali_T8xx, [000001CE617FB700][000001CE5D0DAC80 49] Android_Mali_G71, [000001CE618BCB00][000001CE5D0DEF40 49] Android_Mali_G72, [000001CE617F9A00][000001CE5D0BB1C0 49] Android_Mali_G72_Vulkan, [000001CE618BC300][000001CE5D0E3440 49] Android_Mali_G76, [000001CE617F8C00][000001CE5D0EB700 49] Android_Mali_G76_Vulkan, [000001CE618BDB00][000001CE5D0EF9C0 49] Android_Mali_G77, [000001CE617F8E00][000001CE5D0F2100 49] Android_Mali_G77_Vulkan, [000001CE618BE800][000001CE5D0F63C0 49] Android_Mali_G78, [000001CE617F9700][000001CE5D0FA680 49] Android_Mali_G78_Vulkan, [000001CE618BC900][000001CE5D0FE940 49] Android_Mali_G710, [000001CE617F8400][000001CE5D102C00 49] Android_Mali_G710_Vulkan, [000001CE6182D300][000001CE5D106EC0 49] Android_Vulkan_SM5, [000001CE617FB900][000001CE5D10B180 49] Android_PowerVR_G6xxx, [000001CE6182E700][000001CE5D0E7400 49] Android_PowerVR_GT7xxx, [000001CE617FB800][000001CE5D1136C0 49] Android_PowerVR_GE8xxx, [000001CE6182F700][000001CE5D117980 49] Android_PowerVR_GM9xxx, [000001CE617FB000][000001CE5D11A0C0 49] Android_PowerVR_GM9xxx_Vulkan, [000001CE6182D200][000001CE5D11E380 49] Android_TegraK1, [000001CE6183C500][000001CE5D122640 49] Android_Unknown_Vulkan, [000001CE6182CB00][000001CE5D126900 49] Lumin, [000001CE6183FC00][000001CE5D12ABC0 49] Lumin_Desktop, [000001CE6182E900][000001CE5D12EE80 49] HoloLens, 
[2022.08.03-17.15.56:137][  0]LogMeshReduction: Using QuadricMeshReduction for automatic static mesh reduction
[2022.08.03-17.15.56:137][  0]LogMeshReduction: Using SimplygonMeshReduction for automatic skeletal mesh reduction
[2022.08.03-17.15.56:137][  0]LogMeshReduction: Using ProxyLODMeshReduction for automatic mesh merging
[2022.08.03-17.15.56:137][  0]LogMeshReduction: No distributed automatic mesh merging module available
[2022.08.03-17.15.56:138][  0]LogMeshMerging: No distributed automatic mesh merging module available
[2022.08.03-17.15.56:148][  0]LogNetVersion: fpsgame 1.0.0, NetCL: 17155196, EngineNetVer: 17, GameNetVer: 0 (Checksum: 3215450660)
[2022.08.03-17.15.56:234][  0]LogTexture: Default maximum texture size for cubemaps generated from long-lat sources has been changed from 512 to unlimited. In order to preserve old behaiour for '/Engine/MapTemplates/Sky/DaylightAmbientCubemap.DaylightAmbientCubemap', its maximum texture size has been explicitly set to 512.
[2022.08.03-17.15.56:248][  0]LogHMD: PokeAHoleMaterial loaded successfully
[2022.08.03-17.15.56:303][  0]LogPython: Using Python 3.7.7
[2022.08.03-17.15.56:691][  0]LogNiagaraDebuggerClient: Niagara Debugger Client Initialized | Session: B11CC4174060EC18099093BE0F23AF77 | Instance: 8D7BE8AF41976B93BCC82584177AFD40 (DESKTOP-QG36584-16760).
[2022.08.03-17.15.56:704][  0]LogCollectionManager: Loaded 0 collections in 0.001690 seconds
[2022.08.03-17.15.56:706][  0]LogFileCache: Scanning file cache for directory 'C:/Users/danie/Documents/Gamedev VR/game/UE4 game/fpsgame/Saved/Collections/' took 0.00s
[2022.08.03-17.15.56:707][  0]LogFileCache: Scanning file cache for directory 'C:/Users/danie/Documents/Gamedev VR/game/UE4 game/fpsgame/Content/Developers/danie/Collections/' took 0.00s
[2022.08.03-17.15.56:707][  0]LogFileCache: Scanning file cache for directory 'C:/Users/danie/Documents/Gamedev VR/game/UE4 game/fpsgame/Content/Collections/' took 0.00s
[2022.08.03-17.15.56:707][  0]LogCollectionManager: Fixed up redirectors for 0 collections in 0.000001 seconds (updated 0 objects)
[2022.08.03-17.15.56:771][  0]LogTcpMessaging: Initializing TcpMessaging bridge
[2022.08.03-17.15.56:773][  0]LogUdpMessaging: Initializing bridge on interface 0.0.0.0:0 to multicast group 230.0.0.1:6666.
[2022.08.03-17.15.56:832][  0]SourceControl: Source control is disabled
[2022.08.03-17.15.56:833][  0]SourceControl: Source control is disabled
[2022.08.03-17.15.56:835][  0]SourceControl: Source control is disabled
[2022.08.03-17.15.56:837][  0]LogUProjectInfo: Found projects:
[2022.08.03-17.15.56:873][  0]LogOpenImageDenoise: OIDN starting up
[2022.08.03-17.15.56:888][  0]LogAndroidPermission: UAndroidPermissionCallbackProxy::GetInstance
[2022.08.03-17.15.56:895][  0]LogAudioCaptureCore: Display: No Audio Capture implementations found. Audio input will be silent.
[2022.08.03-17.15.56:895][  0]LogAudioCaptureCore: Display: No Audio Capture implementations found. Audio input will be silent.
[2022.08.03-17.15.56:939][  0]LogOcInput: OculusInput pre-init called
[2022.08.03-17.15.56:948][  0]LogUObjectArray: 22257 objects as part of root set at end of initial load.
[2022.08.03-17.15.56:948][  0]LogUObjectAllocator: 6034096 out of 0 bytes used by permanent object pool.
[2022.08.03-17.15.56:948][  0]LogUObjectArray: CloseDisregardForGC: 0/0 objects in disregard for GC pool
[2022.08.03-17.15.56:978][  0]LogClass: Display: StructProperty FRewindDataStruct::SnapshotPosition is not initialized properly. Module:fpsgame File:RewindComponent.h
[2022.08.03-17.15.56:978][  0]LogClass: Display: StructProperty FRewindDataStruct::SnapshotRotation is not initialized properly. Module:fpsgame File:RewindComponent.h
[2022.08.03-17.15.56:979][  0]LogClass: Display: StructProperty FRewindDataStruct::SnapshotScale is not initialized properly. Module:fpsgame File:RewindComponent.h
[2022.08.03-17.15.56:979][  0]LogClass: Display: FloatProperty FWeaponDataStruct::MaxRange is not initialized properly. Module:fpsgame File:WeaponActor.h
[2022.08.03-17.15.56:979][  0]LogClass: Display: FloatProperty FWeaponDataStruct::FireRate is not initialized properly. Module:fpsgame File:WeaponActor.h
[2022.08.03-17.15.56:980][  0]LogClass: Display: IntProperty FWeaponDataStruct::CartridgeBullets is not initialized properly. Module:fpsgame File:WeaponActor.h
[2022.08.03-17.15.56:980][  0]LogClass: Display: IntProperty FWeaponDataStruct::BurstNumber is not initialized properly. Module:fpsgame File:WeaponActor.h
[2022.08.03-17.15.56:980][  0]LogClass: Display: IntProperty FWeaponDataStruct::MaxMagSize is not initialized properly. Module:fpsgame File:WeaponActor.h
[2022.08.03-17.15.56:980][  0]LogClass: Display: IntProperty FWeaponDataStruct::MagAmmo is not initialized properly. Module:fpsgame File:WeaponActor.h
[2022.08.03-17.15.56:981][  0]LogClass: Display: FloatProperty FWeaponDataStruct::ProjectileSpeed is not initialized properly. Module:fpsgame File:WeaponActor.h
[2022.08.03-17.15.56:981][  0]LogClass: Display: EnumProperty FWeaponDataStruct::WAWeaponType is not initialized properly. Module:fpsgame File:WeaponActor.h
[2022.08.03-17.15.56:981][  0]LogClass: Display: EnumProperty FWeaponDataStruct::WAWeaponFireType is not initialized properly. Module:fpsgame File:WeaponActor.h
[2022.08.03-17.15.56:982][  0]LogClass: Display: EnumProperty FWeaponDataStruct::WAWeaponHitDetectionType is not initialized properly. Module:fpsgame File:WeaponActor.h
[2022.08.03-17.15.56:982][  0]LogClass: Warning: ObjectProperty FWeaponDataStruct::GunMesh is not initialized properly. Module:fpsgame File:WeaponActor.h
[2022.08.03-17.15.56:983][  0]LogClass: Display: EnumProperty FWeaponDataStruct::TypeOfEquip is not initialized properly. Module:fpsgame File:WeaponActor.h
[2022.08.03-17.15.56:983][  0]LogClass: Display: EnumProperty FWeaponDataStruct::GunModel is not initialized properly. Module:fpsgame File:WeaponActor.h
[2022.08.03-17.15.56:983][  0]LogClass: Display: StructProperty FWeaponDataStruct::BasePosition is not initialized properly. Module:fpsgame File:WeaponActor.h
[2022.08.03-17.15.56:983][  0]LogClass: Display: StructProperty FWeaponDataStruct::BaseRotation is not initialized properly. Module:fpsgame File:WeaponActor.h
[2022.08.03-17.15.56:984][  0]LogClass: Display: StructProperty FWeaponDataStruct::BaseScale is not initialized properly. Module:fpsgame File:WeaponActor.h
[2022.08.03-17.15.56:984][  0]LogClass: Display: StructProperty FWeaponDataStruct::TPBaseScale is not initialized properly. Module:fpsgame File:WeaponActor.h
[2022.08.03-17.15.56:984][  0]LogClass: Display: StructProperty FWeaponDataStruct::TPBaseRotation is not initialized properly. Module:fpsgame File:WeaponActor.h
[2022.08.03-17.15.56:984][  0]LogClass: Display: StructProperty FWeaponDataStruct::TPBasePosition is not initialized properly. Module:fpsgame File:WeaponActor.h
[2022.08.03-17.15.56:985][  0]LogClass: Display: 22 Uninitialized script struct members found including 1 object properties
[2022.08.03-17.15.56:986][  0]LogAutomationTest: Warning: ObjectProperty FWeaponDataStruct::GunMesh is not initialized properly. Module:fpsgame File:WeaponActor.h
[2022.08.03-17.15.56:986][  0]LogEngine: Initializing Engine...
[2022.08.03-17.15.56:987][  0]LogStats: UGameplayTagsManager::InitializeManager -  0.000 s
[2022.08.03-17.15.57:001][  0]LogInit: Initializing FReadOnlyCVARCache
[2022.08.03-17.15.57:001][  0]LogNetVersion: Set ProjectVersion to 1.0.0.0. Version Checksum will be recalculated on next use.
[2022.08.03-17.15.57:004][  0]LogInit: Texture streaming: Disabled
[2022.08.03-17.15.57:028][  0]LogInit: Display: Game Engine Initialized.
[2022.08.03-17.15.57:028][  0]LogNiagaraEditor: GEditor isn't valid! Particle reset commands will not work for Niagara components!
[2022.08.03-17.15.57:050][  0]LogInit: Display: Starting Game.
[2022.08.03-17.15.57:050][  0]LogNet: Browse: /Game/Maps/TestMap?Name=Player
[2022.08.03-17.15.57:055][  0]LogLoad: LoadMap: /Game/Maps/TestMap?Name=Player
[2022.08.03-17.15.57:055][  0]LogWorld: BeginTearingDown for /Temp/Untitled_0
[2022.08.03-17.15.57:057][  0]LogWorld: UWorld::CleanupWorld for Untitled, bSessionEnded=true, bCleanupResources=true
[2022.08.03-17.15.57:065][  0]LogUObjectHash: Compacting FUObjectHashTables data took   0.79ms
[2022.08.03-17.15.57:079][  0]LogClass: Warning: Property TPBaseRotation of TPBaseRotation has a struct type mismatch (tag Vector != prop Rotator) in package:  ../../../../../../Users/danie/Documents/Gamedev VR/game/UE4 game/fpsgame/Content/Blueprints/Weapons/Guns/Prototypes/BP_PrototypePistol.uasset. If that struct got renamed, add an entry to ActiveStructRedirects.
[2022.08.03-17.15.57:155][  0]LogAIModule: Creating AISystem for world TestMap
[2022.08.03-17.15.57:344][  0]LogLoad: Game class is 'BP_FPSGameModeDefault_C'
[2022.08.03-17.15.57:345][  0]LogNet: ReplicationDriverClass is null! Not using ReplicationDriver.
[2022.08.03-17.15.57:346][  0]LogNetCore: DDoS detection status: detection enabled: 0 analytics enabled: 0
[2022.08.03-17.15.57:346][  0]LogInit: WinSock: Socket queue. Rx: 131072 (config 131072) Tx: 131072 (config 131072)
[2022.08.03-17.15.57:346][  0]LogNet: Created socket for bind address: 0.0.0.0 on port 17777
[2022.08.03-17.15.57:347][  0]PacketHandlerLog: Loaded PacketHandler component: Engine.EngineHandlerComponentFactory (StatelessConnectHandlerComponent)
[2022.08.03-17.15.57:347][  0]LogNet: GameNetDriver IpNetDriver_0 IpNetDriver listening on port 17777
[2022.08.03-17.15.57:349][  0]LogWorld: Bringing World /Game/Maps/TestMap.TestMap up for play (max tick rate 30) at 2022.08.03-18.15.57
[2022.08.03-17.15.57:349][  0]LogWorld: Bringing up level for play took: 0.001304
[2022.08.03-17.15.57:351][  0]LogGameMode: Display: Match State Changed from EnteringMap to WaitingToStart
[2022.08.03-17.15.57:351][  0]LogGameState: Match State Changed from EnteringMap to WaitingToStart
[2022.08.03-17.15.57:351][  0]LogLoad: Took 0.296629 seconds to LoadMap(/Game/Maps/TestMap)
[2022.08.03-17.15.57:356][  0]LogInit: Display: Engine is initialized. Leaving FEngineLoop::Init()
[2022.08.03-17.15.57:356][  0]LogLoad: (Engine Initialization) Total time: 4.65 seconds
[2022.08.03-17.15.57:357][  0]LogLoad: (Engine Initialization) Total Blueprint compile time: 0.00 seconds
[2022.08.03-17.15.57:624][  7]LogNet: NotifyAcceptingConnection accepted from: 127.0.0.1:56824
[2022.08.03-17.15.57:624][  7]LogHandshake: SendConnectChallenge. Timestamp: 0.265499, Cookie: 023037227063209189187031011188115073179191238051247236177005
[2022.08.03-17.15.57:657][  8]LogNet: NotifyAcceptingConnection accepted from: 127.0.0.1:56824
[2022.08.03-17.15.57:657][  8]LogHandshake: SendChallengeAck. InCookie: 023037227063209189187031011188115073179191238051247236177005
[2022.08.03-17.15.57:657][  8]LogNet: Server accepting post-challenge connection from: 127.0.0.1:56824
[2022.08.03-17.15.57:658][  8]PacketHandlerLog: Loaded PacketHandler component: Engine.EngineHandlerComponentFactory (StatelessConnectHandlerComponent)
[2022.08.03-17.15.57:658][  8]LogNet: NotifyAcceptedConnection: Name: TestMap, TimeStamp: 08/03/22 18:15:57, [UNetConnection] RemoteAddr: 127.0.0.1:56824, Name: IpConnection_0, Driver: GameNetDriver IpNetDriver_0, IsServer: YES, PC: NULL, Owner: NULL, UniqueId: INVALID
[2022.08.03-17.15.57:658][  8]LogNet: AddClientConnection: Added client connection: [UNetConnection] RemoteAddr: 127.0.0.1:56824, Name: IpConnection_0, Driver: GameNetDriver IpNetDriver_0, IsServer: YES, PC: NULL, Owner: NULL, UniqueId: INVALID
[2022.08.03-17.15.57:689][  9]LogNet: NotifyAcceptingChannel Control 0 server World /Game/Maps/TestMap.TestMap: Accepted
[2022.08.03-17.15.57:689][  9]LogNet: Remote platform little endian=1
[2022.08.03-17.15.57:690][  9]LogNet: This platform little endian=1
[2022.08.03-17.15.57:690][  9]LogNetVersion: fpsgame 1.0.0.0, NetCL: 17155196, EngineNetVer: 17, GameNetVer: 0 (Checksum: 1484303137)
[2022.08.03-17.15.57:722][ 10]LogNet: Login request: ?Name=DESKTOP-QG36584-3A8FBBCA4E5FD83EEF3D2BB1375F1B01 userId: NULL:DESKTOP-QG36584-3A8FBBCA4E5FD83EEF3D2BB1375F1B01 platform: NULL
[2022.08.03-17.15.57:755][ 11]LogNet: Client netspeed is 100000
[2022.08.03-17.15.57:788][ 12]LogNet: Join request: /Engine/Maps/Entry?Name=DESKTOP-QG36584-3A8FBBCA4E5FD83EEF3D2BB1375F1B01?SplitscreenCount=1
[2022.08.03-17.15.57:788][ 12]LogOnlineSession: Warning: OSS: No game present to join for session (GameSession)
[2022.08.03-17.15.57:790][ 12]LogGameMode: Display: Match State Changed from WaitingToStart to InProgress
[2022.08.03-17.15.57:791][ 12]LogTemp: Warning: Numebr of rewind components = 1
[2022.08.03-17.15.57:792][ 12]LogGameState: Match State Changed from WaitingToStart to InProgress
[2022.08.03-17.15.57:792][ 12]LogNet: Join succeeded: DESKTOP-QG36584-3A8F
[2022.08.03-17.15.58:055][ 20]LogNet: NotifyAcceptingConnection accepted from: 127.0.0.1:58443
[2022.08.03-17.15.58:055][ 20]LogHandshake: SendConnectChallenge. Timestamp: 0.696917, Cookie: 068029065249175090100108150233152211030024082181020166125223
[2022.08.03-17.15.58:089][ 21]LogNet: NotifyAcceptingConnection accepted from: 127.0.0.1:58443
[2022.08.03-17.15.58:089][ 21]LogHandshake: SendChallengeAck. InCookie: 068029065249175090100108150233152211030024082181020166125223
[2022.08.03-17.15.58:090][ 21]LogNet: Server accepting post-challenge connection from: 127.0.0.1:58443
[2022.08.03-17.15.58:090][ 21]PacketHandlerLog: Loaded PacketHandler component: Engine.EngineHandlerComponentFactory (StatelessConnectHandlerComponent)
[2022.08.03-17.15.58:090][ 21]LogNet: NotifyAcceptedConnection: Name: TestMap, TimeStamp: 08/03/22 18:15:58, [UNetConnection] RemoteAddr: 127.0.0.1:58443, Name: IpConnection_1, Driver: GameNetDriver IpNetDriver_0, IsServer: YES, PC: NULL, Owner: NULL, UniqueId: INVALID
[2022.08.03-17.15.58:091][ 21]LogNet: AddClientConnection: Added client connection: [UNetConnection] RemoteAddr: 127.0.0.1:58443, Name: IpConnection_1, Driver: GameNetDriver IpNetDriver_0, IsServer: YES, PC: NULL, Owner: NULL, UniqueId: INVALID
[2022.08.03-17.15.58:092][ 21]LogNet: NotifyAcceptingChannel Control 0 server World /Game/Maps/TestMap.TestMap: Accepted
[2022.08.03-17.15.58:092][ 21]LogNet: Remote platform little endian=1
[2022.08.03-17.15.58:092][ 21]LogNet: This platform little endian=1
[2022.08.03-17.15.58:122][ 22]LogNet: Login request: ?Name=DESKTOP-QG36584-9268748349A0E25385C8B2B65573F3EA userId: NULL:DESKTOP-QG36584-9268748349A0E25385C8B2B65573F3EA platform: NULL
[2022.08.03-17.15.58:222][ 25]LogNet: Client netspeed is 100000
[2022.08.03-17.15.58:222][ 25]LogNet: Join request: /Engine/Maps/Entry?Name=DESKTOP-QG36584-9268748349A0E25385C8B2B65573F3EA?SplitscreenCount=1
[2022.08.03-17.15.58:223][ 25]LogOnlineSession: Warning: OSS: No game present to join for session (GameSession)
[2022.08.03-17.15.58:224][ 25]LogTemp: Warning: Numebr of rewind components = 2
[2022.08.03-17.15.58:225][ 25]LogNet: Join succeeded: DESKTOP-QG36584-9268
