Log file open, 07/15/22 14:06:56
LogWindows: Failed to load 'aqProf.dll' (GetLastError=126)
LogWindows: File 'aqProf.dll' does not exist
LogWindows: Failed to load 'VtuneApi.dll' (GetLastError=126)
LogWindows: File 'VtuneApi.dll' does not exist
LogWindows: Failed to load 'VtuneApi32e.dll' (GetLastError=126)
LogWindows: File 'VtuneApi32e.dll' does not exist
LogConsoleResponse: Display: Failed to find resolution value strings in scalability ini. Falling back to default.
LogConsoleResponse: Display: Failed to find resolution value strings in scalability ini. Falling back to default.
LogInit: Display: Running engine for game: fpsgame
LogPlatformFile: Not using cached read wrapper
LogTaskGraph: Started task graph with 5 named threads and 35 total threads with 3 sets of task threads.
LogStats: Stats thread started at 0.207187
LogICUInternationalization: ICU TimeZone Detection - Raw Offset: +0:00, Platform Override: ''
LogInit: Display: Loading text-based GConfig....
LogPluginManager: Mounting plugin MeshPainting
LogPluginManager: Mounting plugin XGEController
LogPluginManager: Mounting plugin Paper2D
LogPluginManager: Mounting plugin LiveLink
LogPluginManager: Mounting plugin AISupport
LogPluginManager: Mounting plugin EnvironmentQueryEditor
LogPluginManager: Mounting plugin GameplayCameras
LogPluginManager: Mounting plugin OodleNetwork
LogPluginManager: Mounting plugin OodleData
LogPluginManager: Mounting plugin AnimationSharing
LogPluginManager: Mounting plugin CameraShakePreviewer
LogPluginManager: Mounting plugin CLionSourceCodeAccess
LogPluginManager: Mounting plugin CodeLiteSourceCodeAccess
LogPluginManager: Mounting plugin GitSourceControl
LogPluginManager: Mounting plugin PerforceSourceControl
LogPluginManager: Mounting plugin PlasticSourceControl
LogPluginManager: Mounting plugin PixWinPlugin
LogPluginManager: Mounting plugin PluginUtils
LogPluginManager: Mounting plugin PropertyAccessNode
LogPluginManager: Mounting plugin RiderSourceCodeAccess
LogPluginManager: Mounting plugin SubversionSourceControl
LogPluginManager: Mounting plugin NullSourceCodeAccess
LogPluginManager: Mounting plugin TextureFormatOodle
LogPluginManager: Mounting plugin KDevelopSourceCodeAccess
LogPluginManager: Mounting plugin UObjectPlugin
LogPluginManager: Mounting plugin VisualStudioSourceCodeAccess
LogPluginManager: Mounting plugin XCodeSourceCodeAccess
LogPluginManager: Mounting plugin VisualStudioCodeSourceCodeAccess
LogPluginManager: Mounting plugin AssetManagerEditor
LogPluginManager: Mounting plugin CryptoKeys
LogPluginManager: Mounting plugin DataValidation
LogPluginManager: Mounting plugin CurveEditorTools
LogPluginManager: Mounting plugin FacialAnimation
LogPluginManager: Mounting plugin GameplayTagsEditor
LogPluginManager: Mounting plugin GeometryMode
LogPluginManager: Mounting plugin MacGraphicsSwitching
LogPluginManager: Mounting plugin PluginBrowser
LogPluginManager: Mounting plugin MaterialAnalyzer
LogPluginManager: Mounting plugin SpeedTreeImporter
LogPluginManager: Mounting plugin MobileLauncherProfileWizard
LogPluginManager: Mounting plugin DatasmithContent
LogPluginManager: Mounting plugin Niagara
LogPluginManager: Mounting plugin VariantManagerContent
LogPluginManager: Mounting plugin AlembicImporter
LogPluginManager: Mounting plugin BackChannel
LogPluginManager: Mounting plugin AutomationUtils
LogPluginManager: Mounting plugin ChaosCloth
LogPluginManager: Mounting plugin ChaosSolverPlugin
LogPluginManager: Mounting plugin ChaosNiagara
LogPluginManager: Mounting plugin ChaosEditor
LogPluginManager: Mounting plugin CharacterAI
LogPluginManager: Mounting plugin ChaosClothEditor
LogPluginManager: Mounting plugin GeometryCache
LogPluginManager: Mounting plugin GeometryCollectionPlugin
LogPluginManager: Mounting plugin LuminPlatformFeatures
LogPluginManager: Mounting plugin MagicLeap
LogPluginManager: Mounting plugin MagicLeapLightEstimation
LogPluginManager: Mounting plugin MagicLeapMedia
LogPluginManager: Mounting plugin MagicLeapPassableWorld
LogPluginManager: Mounting plugin MLSDK
LogPluginManager: Mounting plugin GeometryProcessing
LogPluginManager: Mounting plugin OpenImageDenoise
LogPluginManager: Mounting plugin MotoSynth
LogPluginManager: Mounting plugin PlanarCut
LogPluginManager: Mounting plugin PlatformCrypto
LogPluginManager: Mounting plugin ProxyLODPlugin
LogPluginManager: Mounting plugin PythonScriptPlugin
LogPluginManager: Mounting plugin SkeletalReduction
LogPluginManager: Mounting plugin AndroidMedia
LogPluginManager: Mounting plugin AvfMedia
LogPluginManager: Mounting plugin ImgMedia
LogPluginManager: Mounting plugin MediaCompositing
LogPluginManager: Mounting plugin MediaPlayerEditor
LogPluginManager: Mounting plugin WmfMedia
LogPluginManager: Mounting plugin WebMMedia
LogPluginManager: Mounting plugin TcpMessaging
LogPluginManager: Mounting plugin UdpMessaging
LogPluginManager: Mounting plugin ActorSequence
LogPluginManager: Mounting plugin LevelSequenceEditor
LogPluginManager: Mounting plugin MatineeToLevelSequence
LogPluginManager: Mounting plugin TemplateSequence
LogPluginManager: Mounting plugin OnlineSubsystem
LogPluginManager: Mounting plugin OnlineSubsystemNull
LogPluginManager: Mounting plugin OnlineSubsystemUtils
LogPluginManager: Mounting plugin LauncherChunkInstaller
LogPluginManager: Mounting plugin ActorLayerUtilities
LogPluginManager: Mounting plugin AndroidDeviceProfileSelector
LogPluginManager: Mounting plugin AndroidMoviePlayer
LogPluginManager: Mounting plugin AndroidPermission
LogPluginManager: Mounting plugin AppleImageUtils
LogPluginManager: Mounting plugin AppleMoviePlayer
LogPluginManager: Mounting plugin ArchVisCharacter
LogPluginManager: Mounting plugin AssetTags
LogPluginManager: Mounting plugin AudioCapture
LogPluginManager: Mounting plugin CableComponent
LogPluginManager: Mounting plugin AudioSynesthesia
LogPluginManager: Mounting plugin ChunkDownloader
LogPluginManager: Mounting plugin CustomMeshComponent
LogPluginManager: Mounting plugin EditableMesh
LogPluginManager: Mounting plugin ExampleDeviceProfileSelector
LogPluginManager: Mounting plugin GoogleCloudMessaging
LogPluginManager: Mounting plugin GooglePAD
LogPluginManager: Mounting plugin IOSDeviceProfileSelector
LogPluginManager: Mounting plugin LinuxDeviceProfileSelector
LogPluginManager: Mounting plugin LocationServicesBPLibrary
LogPluginManager: Mounting plugin MobilePatchingUtils
LogPluginManager: Mounting plugin OpenXR
LogPluginManager: Mounting plugin OpenXREyeTracker
LogPluginManager: Mounting plugin OpenXRHandTracking
LogPluginManager: Mounting plugin PhysXVehicles
LogPluginManager: Mounting plugin PostSplashScreen
LogPluginManager: Mounting plugin PropertyAccessEditor
LogPluginManager: Mounting plugin ProceduralMeshComponent
LogPluginManager: Mounting plugin SignificanceManager
LogPluginManager: Mounting plugin RuntimePhysXCooking
LogPluginManager: Mounting plugin SoundFields
LogPluginManager: Mounting plugin Synthesis
LogPluginManager: Mounting plugin WebMMoviePlayer
LogPluginManager: Mounting plugin WindowsMoviePlayer
LogPluginManager: Mounting plugin ScreenshotTools
LogPluginManager: Mounting plugin Takes
LogPluginManager: Mounting plugin LightPropagationVolume
LogPluginManager: Mounting plugin ContentBrowserFileDataSource
LogPluginManager: Mounting plugin ContentBrowserClassDataSource
LogPluginManager: Mounting plugin ContentBrowserAssetDataSource
LogPluginManager: Mounting plugin OnlineSubsystemGooglePlay
LogPluginManager: Mounting plugin OnlineSubsystemIOS
LogPluginManager: Mounting plugin OculusVR
LogPluginManager: Mounting plugin SteamVR
PixWinPlugin: PIX capture plugin failed to initialize! Check that the process is launched from PIX.
LogInit: Using libcurl 7.55.1-DEV
LogInit:  - built for x86_64-pc-win32
LogInit:  - supports SSL with OpenSSL/1.1.1
LogInit:  - supports HTTP deflate (compression) using libz 1.2.8
LogInit:  - other features:
LogInit:      CURL_VERSION_SSL
LogInit:      CURL_VERSION_LIBZ
LogInit:      CURL_VERSION_IPV6
LogInit:      CURL_VERSION_ASYNCHDNS
LogInit:      CURL_VERSION_LARGEFILE
LogInit:      CURL_VERSION_IDN
LogInit:  CurlRequestOptions (configurable via config and command line):
LogInit:  - bVerifyPeer = true  - Libcurl will verify peer certificate
LogInit:  - bUseHttpProxy = false  - Libcurl will NOT use HTTP proxy
LogInit:  - bDontReuseConnections = false  - Libcurl will reuse connections
LogInit:  - MaxHostConnections = 16  - Libcurl will limit the number of connections to a host
LogInit:  - LocalHostAddr = Default
LogInit:  - BufferSize = 65536
LogOnline: OSS: Creating online subsystem instance for: NULL
LogInit: WinSock: version 1.1 (2.2), MaxSocks=32767, MaxUdp=65467
LogOnline: OSS: TryLoadSubsystemAndSetDefault: Loaded subsystem for module [NULL]
LogOculusPluginWrapper: OculusPlugin initialized successfully
LogHMD: Failed initializing OVRPlugin 1.59.0
LogInit: Build: ++UE4+Release-4.27-CL-18319896
LogInit: Engine Version: 4.27.2-18319896+++UE4+Release-4.27
LogInit: Compatible Engine Version: 4.27.0-17155196+++UE4+Release-4.27
LogInit: Net CL: 17155196
LogInit: OS: Windows 10 (Release 2009) (), CPU: AMD Ryzen 5 3600X 6-Core Processor             , GPU: AMD Radeon RX 5700 XT
LogInit: Compiled (64-bit): Nov 30 2021 07:12:08
LogInit: Compiled with Visual C++: 19.24.28315.00
LogInit: Build Configuration: Development
LogInit: Branch Name: ++UE4+Release-4.27
LogInit: Command Line: 
LogInit: Base Directory: C:/Program Files/Epic Games/UE_4.27/Engine/Binaries/Win64/
LogInit: Allocator: TBB
LogInit: Installed Engine Build: 1
LogDevObjectVersion: Number of dev versions registered: 29
LogDevObjectVersion:   Dev-Blueprints (B0D832E4-1F89-4F0D-ACCF-7EB736FD4AA2): 10
LogDevObjectVersion:   Dev-Build (E1C64328-A22C-4D53-A36C-8E866417BD8C): 0
LogDevObjectVersion:   Dev-Core (375EC13C-06E4-48FB-B500-84F0262A717E): 4
LogDevObjectVersion:   Dev-Editor (E4B068ED-F494-42E9-A231-DA0B2E46BB41): 40
LogDevObjectVersion:   Dev-Framework (CFFC743F-43B0-4480-9391-14DF171D2073): 37
LogDevObjectVersion:   Dev-Mobile (B02B49B5-BB20-44E9-A304-32B752E40360): 3
LogDevObjectVersion:   Dev-Networking (A4E4105C-59A1-49B5-A7C5-40C4547EDFEE): 0
LogDevObjectVersion:   Dev-Online (39C831C9-5AE6-47DC-9A44-9C173E1C8E7C): 0
LogDevObjectVersion:   Dev-Physics (78F01B33-EBEA-4F98-B9B4-84EACCB95AA2): 14
LogDevObjectVersion:   Dev-Platform (6631380F-2D4D-43E0-8009-CF276956A95A): 0
LogDevObjectVersion:   Dev-Rendering (12F88B9F-8875-4AFC-A67C-D90C383ABD29): 45
LogDevObjectVersion:   Dev-Sequencer (7B5AE74C-D270-4C10-A958-57980B212A5A): 13
LogDevObjectVersion:   Dev-VR (D7296918-1DD6-4BDD-9DE2-64A83CC13884): 3
LogDevObjectVersion:   Dev-LoadTimes (C2A15278-BFE7-4AFE-6C17-90FF531DF755): 1
LogDevObjectVersion:   Private-Geometry (6EACA3D4-40EC-4CC1-B786-8BED09428FC5): 3
LogDevObjectVersion:   Dev-AnimPhys (29E575DD-E0A3-4627-9D10-D276232CDCEA): 17
LogDevObjectVersion:   Dev-Anim (AF43A65D-7FD3-4947-9873-3E8ED9C1BB05): 15
LogDevObjectVersion:   Dev-ReflectionCapture (6B266CEC-1EC7-4B8F-A30B-E4D90942FC07): 1
LogDevObjectVersion:   Dev-Automation (0DF73D61-A23F-47EA-B727-89E90C41499A): 1
LogDevObjectVersion:   FortniteMain (601D1886-AC64-4F84-AA16-D3DE0DEAC7D6): 47
LogDevObjectVersion:   FortniteRelease (E7086368-6B23-4C58-8439-1B7016265E91): 1
LogDevObjectVersion:   Dev-Enterprise (9DFFBCD6-494F-0158-E221-12823C92A888): 10
LogDevObjectVersion:   Dev-Niagara (F2AED0AC-9AFE-416F-8664-AA7FFA26D6FC): 1
LogDevObjectVersion:   Dev-Destruction (174F1F0B-B4C6-45A5-B13F-2EE8D0FB917D): 10
LogDevObjectVersion:   Dev-Physics-Ext (35F94A83-E258-406C-A318-09F59610247C): 41
LogDevObjectVersion:   Dev-PhysicsMaterial-Chaos (B68FC16E-8B1B-42E2-B453-215C058844FE): 1
LogDevObjectVersion:   Dev-CineCamera (B2E18506-4273-CFC2-A54E-F4BB758BBA07): 1
LogDevObjectVersion:   Dev-VirtualProduction (64F58936-FD1B-42BA-BA96-7289D5D0FA4E): 1
LogDevObjectVersion:   Dev-MediaFramework (6F0ED827-A609-4895-9C91-998D90180EA4): 2
LogInit: Presizing for max 25165824 objects, including 0 objects not considered by GC, pre-allocating 0 bytes for permanent pool.
LogConfig: Applying CVar settings from Section [/Script/Engine.StreamingSettings] File [C:/Users/danie/Documents/Gamedev VR/game/UE4 game/fpsgame/Saved/Config/Windows/Engine.ini]
LogConfig: Setting CVar [[s.MinBulkDataSizeForAsyncLoading:131072]]
LogConfig: Setting CVar [[s.AsyncLoadingThreadEnabled:0]]
LogConfig: Setting CVar [[s.EventDrivenLoaderEnabled:1]]
LogConfig: Setting CVar [[s.WarnIfTimeLimitExceeded:0]]
LogConfig: Setting CVar [[s.TimeLimitExceededMultiplier:1.5]]
LogConfig: Setting CVar [[s.TimeLimitExceededMinTime:0.005]]
LogConfig: Setting CVar [[s.UseBackgroundLevelStreaming:1]]
LogConfig: Setting CVar [[s.PriorityAsyncLoadingExtraTime:15.0]]
LogConfig: Setting CVar [[s.LevelStreamingActorsUpdateTimeLimit:5.0]]
LogConfig: Setting CVar [[s.PriorityLevelStreamingActorsUpdateExtraTime:5.0]]
LogConfig: Setting CVar [[s.LevelStreamingComponentsRegistrationGranularity:10]]
LogConfig: Setting CVar [[s.UnregisterComponentsTimeLimit:1.0]]
LogConfig: Setting CVar [[s.LevelStreamingComponentsUnregistrationGranularity:5]]
LogConfig: Setting CVar [[s.FlushStreamingOnExit:1]]
LogInit: Object subsystem initialized
LogConfig: Setting CVar [[con.DebugEarlyDefault:1]]
LogConfig: Setting CVar [[r.setres:1280x720]]
[2022.07.15-13.06.56:670][  0]LogConfig: Setting CVar [[r.VSync:0]]
[2022.07.15-13.06.56:670][  0]LogConfig: Setting CVar [[r.RHICmdBypass:0]]
[2022.07.15-13.06.56:670][  0]LogConfig: Applying CVar settings from Section [/Script/Engine.RendererSettings] File [C:/Users/danie/Documents/Gamedev VR/game/UE4 game/fpsgame/Saved/Config/Windows/Engine.ini]
[2022.07.15-13.06.56:670][  0]LogConfig: Setting CVar [[r.GPUCrashDebugging:0]]
[2022.07.15-13.06.56:670][  0]LogConfig: Setting CVar [[r.Mobile.DisableVertexFog:1]]
[2022.07.15-13.06.56:670][  0]LogConfig: Setting CVar [[r.Shadow.CSM.MaxMobileCascades:2]]
[2022.07.15-13.06.56:670][  0]LogConfig: Setting CVar [[r.MobileMSAA:1]]
[2022.07.15-13.06.56:670][  0]LogConfig: Setting CVar [[r.Mobile.AllowDitheredLODTransition:0]]
[2022.07.15-13.06.56:670][  0]LogConfig: Setting CVar [[r.Mobile.AllowSoftwareOcclusion:0]]
[2022.07.15-13.06.56:670][  0]LogConfig: Setting CVar [[r.Mobile.VirtualTextures:0]]
[2022.07.15-13.06.56:670][  0]LogConfig: Setting CVar [[r.DiscardUnusedQuality:0]]
[2022.07.15-13.06.56:670][  0]LogConfig: Setting CVar [[r.AllowOcclusionQueries:1]]
[2022.07.15-13.06.56:670][  0]LogConfig: Setting CVar [[r.MinScreenRadiusForLights:0.030000]]
[2022.07.15-13.06.56:670][  0]LogConfig: Setting CVar [[r.MinScreenRadiusForDepthPrepass:0.030000]]
[2022.07.15-13.06.56:670][  0]LogConfig: Setting CVar [[r.MinScreenRadiusForCSMDepth:0.010000]]
[2022.07.15-13.06.56:670][  0]LogConfig: Setting CVar [[r.PrecomputedVisibilityWarning:0]]
[2022.07.15-13.06.56:670][  0]LogConfig: Setting CVar [[r.TextureStreaming:1]]
[2022.07.15-13.06.56:670][  0]LogConfig: Setting CVar [[Compat.UseDXT5NormalMaps:0]]
[2022.07.15-13.06.56:670][  0]LogConfig: Setting CVar [[r.VirtualTextures:0]]
[2022.07.15-13.06.56:670][  0]LogConfig: Setting CVar [[r.VT.EnableAutoImport:1]]
[2022.07.15-13.06.56:670][  0]LogConfig: Setting CVar [[r.VirtualTexturedLightmaps:0]]
[2022.07.15-13.06.56:671][  0]LogConfig: Setting CVar [[r.VT.TileSize:128]]
[2022.07.15-13.06.56:671][  0]LogConfig: Setting CVar [[r.VT.TileBorderSize:4]]
[2022.07.15-13.06.56:671][  0]LogConfig: Setting CVar [[r.vt.FeedbackFactor:16]]
[2022.07.15-13.06.56:671][  0]LogConfig: Setting CVar [[r.VT.EnableCompressZlib:1]]
[2022.07.15-13.06.56:671][  0]LogConfig: Setting CVar [[r.VT.EnableCompressCrunch:0]]
[2022.07.15-13.06.56:671][  0]LogConfig: Setting CVar [[r.ClearCoatNormal:0]]
[2022.07.15-13.06.56:671][  0]LogConfig: Setting CVar [[r.ReflectionCaptureResolution:128]]
[2022.07.15-13.06.56:671][  0]LogConfig: Setting CVar [[r.Mobile.ReflectionCaptureCompression:0]]
[2022.07.15-13.06.56:671][  0]LogConfig: Setting CVar [[r.ReflectionEnvironmentLightmapMixBasedOnRoughness:1]]
[2022.07.15-13.06.56:671][  0]LogConfig: Setting CVar [[r.ForwardShading:0]]
[2022.07.15-13.06.56:671][  0]LogConfig: Setting CVar [[r.VertexFoggingForOpaque:1]]
[2022.07.15-13.06.56:671][  0]LogConfig: Setting CVar [[r.AllowStaticLighting:1]]
[2022.07.15-13.06.56:671][  0]LogConfig: Setting CVar [[r.NormalMapsForStaticLighting:0]]
[2022.07.15-13.06.56:671][  0]LogConfig: Setting CVar [[r.GenerateMeshDistanceFields:0]]
[2022.07.15-13.06.56:671][  0]LogConfig: Setting CVar [[r.DistanceFieldBuild.EightBit:0]]
[2022.07.15-13.06.56:671][  0]LogConfig: Setting CVar [[r.GenerateLandscapeGIData:0]]
[2022.07.15-13.06.56:671][  0]LogConfig: Setting CVar [[r.DistanceFieldBuild.Compress:0]]
[2022.07.15-13.06.56:671][  0]LogConfig: Setting CVar [[r.TessellationAdaptivePixelsPerTriangle:48.000000]]
[2022.07.15-13.06.56:671][  0]LogConfig: Setting CVar [[r.SeparateTranslucency:1]]
[2022.07.15-13.06.56:671][  0]LogConfig: Setting CVar [[r.TranslucentSortPolicy:0]]
[2022.07.15-13.06.56:671][  0]LogConfig: Setting CVar [[vr.VRS.HMDFixedFoveationLevel:0]]
[2022.07.15-13.06.56:671][  0]LogConfig: Setting CVar [[r.CustomDepth:1]]
[2022.07.15-13.06.56:671][  0]LogConfig: Setting CVar [[r.CustomDepthTemporalAAJitter:1]]
[2022.07.15-13.06.56:671][  0]LogConfig: Setting CVar [[r.PostProcessing.PropagateAlpha:0]]
[2022.07.15-13.06.56:671][  0]LogConfig: Setting CVar [[r.DefaultFeature.Bloom:1]]
[2022.07.15-13.06.56:671][  0]LogConfig: Setting CVar [[r.DefaultFeature.AmbientOcclusion:1]]
[2022.07.15-13.06.56:671][  0]LogConfig: Setting CVar [[r.DefaultFeature.AmbientOcclusionStaticFraction:1]]
[2022.07.15-13.06.56:671][  0]LogConfig: Setting CVar [[r.DefaultFeature.AutoExposure:0]]
[2022.07.15-13.06.56:671][  0]LogConfig: Setting CVar [[r.DefaultFeature.AutoExposure.Method:0]]
[2022.07.15-13.06.56:671][  0]LogConfig: Setting CVar [[r.DefaultFeature.AutoExposure.Bias:1.000000]]
[2022.07.15-13.06.56:671][  0]LogConfig: Setting CVar [[r.DefaultFeature.AutoExposure.ExtendDefaultLuminanceRange:0]]
[2022.07.15-13.06.56:671][  0]LogConfig: Setting CVar [[r.UsePreExposure:1]]
[2022.07.15-13.06.56:671][  0]LogConfig: Setting CVar [[r.EyeAdaptation.EditorOnly:0]]
[2022.07.15-13.06.56:671][  0]LogConfig: Setting CVar [[r.DefaultFeature.MotionBlur:0]]
[2022.07.15-13.06.56:671][  0]LogConfig: Setting CVar [[r.DefaultFeature.LensFlare:0]]
[2022.07.15-13.06.56:671][  0]LogConfig: Setting CVar [[r.TemporalAA.Upsampling:0]]
[2022.07.15-13.06.56:671][  0]LogConfig: Setting CVar [[r.SSGI.Enable:0]]
[2022.07.15-13.06.56:671][  0]LogConfig: Setting CVar [[r.DefaultFeature.AntiAliasing:0]]
[2022.07.15-13.06.56:671][  0]LogConfig: Setting CVar [[r.DefaultFeature.LightUnits:1]]
[2022.07.15-13.06.56:671][  0]LogConfig: Setting CVar [[r.DefaultBackBufferPixelFormat:4]]
[2022.07.15-13.06.56:671][  0]LogConfig: Setting CVar [[r.Shadow.UnbuiltPreviewInGame:1]]
[2022.07.15-13.06.56:671][  0]LogConfig: Setting CVar [[r.StencilForLODDither:0]]
[2022.07.15-13.06.56:671][  0]LogConfig: Setting CVar [[r.EarlyZPass:3]]
[2022.07.15-13.06.56:671][  0]LogConfig: Setting CVar [[r.EarlyZPassOnlyMaterialMasking:0]]
[2022.07.15-13.06.56:671][  0]LogConfig: Setting CVar [[r.DBuffer:1]]
[2022.07.15-13.06.56:671][  0]LogConfig: Setting CVar [[r.ClearSceneMethod:1]]
[2022.07.15-13.06.56:671][  0]LogConfig: Setting CVar [[r.BasePassOutputsVelocity:0]]
[2022.07.15-13.06.56:671][  0]LogConfig: Setting CVar [[r.VertexDeformationOutputsVelocity:0]]
[2022.07.15-13.06.56:671][  0]LogConfig: Setting CVar [[r.SelectiveBasePassOutputs:0]]
[2022.07.15-13.06.56:671][  0]LogConfig: Setting CVar [[fx.GPUSimulationTextureSizeX:1024]]
[2022.07.15-13.06.56:671][  0]LogConfig: Setting CVar [[fx.GPUSimulationTextureSizeY:1024]]
[2022.07.15-13.06.56:671][  0]LogConfig: Setting CVar [[r.AllowGlobalClipPlane:0]]
[2022.07.15-13.06.56:671][  0]LogConfig: Setting CVar [[r.GBufferFormat:1]]
[2022.07.15-13.06.56:671][  0]LogConfig: Setting CVar [[r.MorphTarget.Mode:1]]
[2022.07.15-13.06.56:671][  0]LogConfig: Setting CVar [[vr.InstancedStereo:0]]
[2022.07.15-13.06.56:671][  0]LogConfig: Setting CVar [[r.MobileHDR:1]]
[2022.07.15-13.06.56:671][  0]LogConfig: Setting CVar [[vr.MobileMultiView:0]]
[2022.07.15-13.06.56:671][  0]LogConfig: Setting CVar [[r.Mobile.UseHWsRGBEncoding:0]]
[2022.07.15-13.06.56:671][  0]LogConfig: Setting CVar [[vr.RoundRobinOcclusion:0]]
[2022.07.15-13.06.56:671][  0]LogConfig: Setting CVar [[vr.ODSCapture:0]]
[2022.07.15-13.06.56:671][  0]LogConfig: Setting CVar [[r.MeshStreaming:0]]
[2022.07.15-13.06.56:671][  0]LogConfig: Setting CVar [[r.WireframeCullThreshold:5.000000]]
[2022.07.15-13.06.56:671][  0]LogConfig: Setting CVar [[r.RayTracing:0]]
[2022.07.15-13.06.56:671][  0]LogConfig: Setting CVar [[r.RayTracing.UseTextureLod:0]]
[2022.07.15-13.06.56:671][  0]LogConfig: Setting CVar [[r.SupportStationarySkylight:1]]
[2022.07.15-13.06.56:671][  0]LogConfig: Setting CVar [[r.SupportLowQualityLightmaps:1]]
[2022.07.15-13.06.56:671][  0]LogConfig: Setting CVar [[r.SupportPointLightWholeSceneShadows:1]]
[2022.07.15-13.06.56:671][  0]LogConfig: Setting CVar [[r.SupportAtmosphericFog:1]]
[2022.07.15-13.06.56:671][  0]LogConfig: Setting CVar [[r.SupportSkyAtmosphere:1]]
[2022.07.15-13.06.56:671][  0]LogConfig: Setting CVar [[r.SupportSkyAtmosphereAffectsHeightFog:0]]
[2022.07.15-13.06.56:671][  0]LogConfig: Setting CVar [[r.SkinCache.CompileShaders:0]]
[2022.07.15-13.06.56:671][  0]LogConfig: Setting CVar [[r.SkinCache.DefaultBehavior:1]]
[2022.07.15-13.06.56:671][  0]LogConfig: Setting CVar [[r.SkinCache.SceneMemoryLimitInMB:128.000000]]
[2022.07.15-13.06.56:671][  0]LogConfig: Setting CVar [[r.Mobile.EnableStaticAndCSMShadowReceivers:1]]
[2022.07.15-13.06.56:671][  0]LogConfig: Setting CVar [[r.Mobile.EnableMovableLightCSMShaderCulling:1]]
[2022.07.15-13.06.56:671][  0]LogConfig: Setting CVar [[r.Mobile.AllowDistanceFieldShadows:1]]
[2022.07.15-13.06.56:671][  0]LogConfig: Setting CVar [[r.Mobile.AllowMovableDirectionalLights:1]]
[2022.07.15-13.06.56:671][  0]LogConfig: Setting CVar [[r.MobileNumDynamicPointLights:4]]
[2022.07.15-13.06.56:671][  0]LogConfig: Setting CVar [[r.MobileDynamicPointLightsUseStaticBranch:1]]
[2022.07.15-13.06.56:671][  0]LogConfig: Setting CVar [[r.Mobile.EnableMovableSpotlights:0]]
[2022.07.15-13.06.56:671][  0]LogConfig: Setting CVar [[r.Mobile.EnableMovableSpotlightsShadow:0]]
[2022.07.15-13.06.56:671][  0]LogConfig: Setting CVar [[r.GPUSkin.Support16BitBoneIndex:0]]
[2022.07.15-13.06.56:671][  0]LogConfig: Setting CVar [[r.GPUSkin.Limit2BoneInfluences:0]]
[2022.07.15-13.06.56:671][  0]LogConfig: Setting CVar [[r.SupportDepthOnlyIndexBuffers:1]]
[2022.07.15-13.06.56:671][  0]LogConfig: Setting CVar [[r.SupportReversedIndexBuffers:1]]
[2022.07.15-13.06.56:671][  0]LogConfig: Setting CVar [[r.LightPropagationVolume:0]]
[2022.07.15-13.06.56:671][  0]LogConfig: Setting CVar [[r.Mobile.AmbientOcclusion:0]]
[2022.07.15-13.06.56:671][  0]LogConfig: Setting CVar [[r.GPUSkin.UnlimitedBoneInfluences:0]]
[2022.07.15-13.06.56:671][  0]LogConfig: Setting CVar [[r.GPUSkin.UnlimitedBoneInfluencesThreshold:8]]
[2022.07.15-13.06.56:671][  0]LogConfig: Setting CVar [[r.Mobile.PlanarReflectionMode:0]]
[2022.07.15-13.06.56:671][  0]LogConfig: Setting CVar [[r.Mobile.SupportsGen4TAA:0]]
[2022.07.15-13.06.56:671][  0]LogConfig: Applying CVar settings from Section [/Script/Engine.RendererOverrideSettings] File [C:/Users/danie/Documents/Gamedev VR/game/UE4 game/fpsgame/Saved/Config/Windows/Engine.ini]
[2022.07.15-13.06.56:671][  0]LogConfig: Applying CVar settings from Section [/Script/Engine.StreamingSettings] File [C:/Users/danie/Documents/Gamedev VR/game/UE4 game/fpsgame/Saved/Config/Windows/Engine.ini]
[2022.07.15-13.06.56:671][  0]LogConfig: Setting CVar [[s.MinBulkDataSizeForAsyncLoading:131072]]
[2022.07.15-13.06.56:671][  0]LogConfig: Setting CVar [[s.AsyncLoadingThreadEnabled:0]]
[2022.07.15-13.06.56:671][  0]LogConfig: Setting CVar [[s.EventDrivenLoaderEnabled:1]]
[2022.07.15-13.06.56:671][  0]LogConfig: Setting CVar [[s.WarnIfTimeLimitExceeded:0]]
[2022.07.15-13.06.56:671][  0]LogConfig: Setting CVar [[s.TimeLimitExceededMultiplier:1.5]]
[2022.07.15-13.06.56:671][  0]LogConfig: Setting CVar [[s.TimeLimitExceededMinTime:0.005]]
[2022.07.15-13.06.56:671][  0]LogConfig: Setting CVar [[s.UseBackgroundLevelStreaming:1]]
[2022.07.15-13.06.56:671][  0]LogConfig: Setting CVar [[s.PriorityAsyncLoadingExtraTime:15.0]]
[2022.07.15-13.06.56:671][  0]LogConfig: Setting CVar [[s.LevelStreamingActorsUpdateTimeLimit:5.0]]
[2022.07.15-13.06.56:672][  0]LogConfig: Setting CVar [[s.PriorityLevelStreamingActorsUpdateExtraTime:5.0]]
[2022.07.15-13.06.56:672][  0]LogConfig: Setting CVar [[s.LevelStreamingComponentsRegistrationGranularity:10]]
[2022.07.15-13.06.56:672][  0]LogConfig: Setting CVar [[s.UnregisterComponentsTimeLimit:1.0]]
[2022.07.15-13.06.56:672][  0]LogConfig: Setting CVar [[s.LevelStreamingComponentsUnregistrationGranularity:5]]
[2022.07.15-13.06.56:672][  0]LogConfig: Setting CVar [[s.FlushStreamingOnExit:1]]
[2022.07.15-13.06.56:672][  0]LogConfig: Applying CVar settings from Section [/Script/Engine.GarbageCollectionSettings] File [C:/Users/danie/Documents/Gamedev VR/game/UE4 game/fpsgame/Saved/Config/Windows/Engine.ini]
[2022.07.15-13.06.56:672][  0]LogConfig: Setting CVar [[gc.MaxObjectsNotConsideredByGC:1]]
[2022.07.15-13.06.56:672][  0]LogConfig: Setting CVar [[gc.SizeOfPermanentObjectPool:0]]
[2022.07.15-13.06.56:672][  0]LogConfig: Setting CVar [[gc.FlushStreamingOnGC:0]]
[2022.07.15-13.06.56:672][  0]LogConfig: Setting CVar [[gc.NumRetriesBeforeForcingGC:10]]
[2022.07.15-13.06.56:672][  0]LogConfig: Setting CVar [[gc.AllowParallelGC:1]]
[2022.07.15-13.06.56:672][  0]LogConfig: Setting CVar [[gc.TimeBetweenPurgingPendingKillObjects:61.1]]
[2022.07.15-13.06.56:672][  0]LogConfig: Setting CVar [[gc.MaxObjectsInEditor:25165824]]
[2022.07.15-13.06.56:672][  0]LogConfig: Setting CVar [[gc.IncrementalBeginDestroyEnabled:1]]
[2022.07.15-13.06.56:672][  0]LogConfig: Setting CVar [[gc.CreateGCClusters:1]]
[2022.07.15-13.06.56:672][  0]LogConfig: Setting CVar [[gc.MinGCClusterSize:5]]
[2022.07.15-13.06.56:672][  0]LogConfig: Setting CVar [[gc.ActorClusteringEnabled:0]]
[2022.07.15-13.06.56:672][  0]LogConfig: Setting CVar [[gc.BlueprintClusteringEnabled:0]]
[2022.07.15-13.06.56:672][  0]LogConfig: Setting CVar [[gc.UseDisregardForGCOnDedicatedServers:0]]
[2022.07.15-13.06.56:672][  0]LogConfig: Setting CVar [[gc.MultithreadedDestructionEnabled:1]]
[2022.07.15-13.06.56:672][  0]LogConfig: Applying CVar settings from Section [/Script/Engine.NetworkSettings] File [C:/Users/danie/Documents/Gamedev VR/game/UE4 game/fpsgame/Saved/Config/Windows/Engine.ini]
[2022.07.15-13.06.56:672][  0]LogConfig: Applying CVar settings from Section [/Script/UnrealEd.CookerSettings] File [C:/Users/danie/Documents/Gamedev VR/game/UE4 game/fpsgame/Saved/Config/Windows/Engine.ini]
[2022.07.15-13.06.56:683][  0]LogConfig: Applying CVar settings from Section [ViewDistanceQuality@3] File [C:/Users/danie/Documents/Gamedev VR/game/UE4 game/fpsgame/Saved/Config/Windows/Scalability.ini]
[2022.07.15-13.06.56:683][  0]LogConfig: Setting CVar [[r.SkeletalMeshLODBias:0]]
[2022.07.15-13.06.56:683][  0]LogConfig: Setting CVar [[r.ViewDistanceScale:1.0]]
[2022.07.15-13.06.56:683][  0]LogConfig: Applying CVar settings from Section [AntiAliasingQuality@3] File [C:/Users/danie/Documents/Gamedev VR/game/UE4 game/fpsgame/Saved/Config/Windows/Scalability.ini]
[2022.07.15-13.06.56:683][  0]LogConfig: Setting CVar [[r.PostProcessAAQuality:4]]
[2022.07.15-13.06.56:683][  0]LogConfig: Applying CVar settings from Section [ShadowQuality@3] File [C:/Users/danie/Documents/Gamedev VR/game/UE4 game/fpsgame/Saved/Config/Windows/Scalability.ini]
[2022.07.15-13.06.56:683][  0]LogConfig: Setting CVar [[r.LightFunctionQuality:1]]
[2022.07.15-13.06.56:683][  0]LogConfig: Setting CVar [[r.ShadowQuality:5]]
[2022.07.15-13.06.56:683][  0]LogConfig: Setting CVar [[r.Shadow.CSM.MaxCascades:10]]
[2022.07.15-13.06.56:683][  0]LogConfig: Setting CVar [[r.Shadow.MaxResolution:2048]]
[2022.07.15-13.06.56:683][  0]LogConfig: Setting CVar [[r.Shadow.MaxCSMResolution:2048]]
[2022.07.15-13.06.56:683][  0]LogConfig: Setting CVar [[r.Shadow.RadiusThreshold:0.01]]
[2022.07.15-13.06.56:683][  0]LogConfig: Setting CVar [[r.Shadow.DistanceScale:1.0]]
[2022.07.15-13.06.56:683][  0]LogConfig: Setting CVar [[r.Shadow.CSM.TransitionScale:1.0]]
[2022.07.15-13.06.56:683][  0]LogConfig: Setting CVar [[r.Shadow.PreShadowResolutionFactor:1.0]]
[2022.07.15-13.06.56:683][  0]LogConfig: Setting CVar [[r.DistanceFieldShadowing:1]]
[2022.07.15-13.06.56:683][  0]LogConfig: Setting CVar [[r.DistanceFieldAO:1]]
[2022.07.15-13.06.56:683][  0]LogConfig: Setting CVar [[r.AOQuality:2]]
[2022.07.15-13.06.56:683][  0]LogConfig: Setting CVar [[r.VolumetricFog:1]]
[2022.07.15-13.06.56:683][  0]LogConfig: Setting CVar [[r.VolumetricFog.GridPixelSize:8]]
[2022.07.15-13.06.56:683][  0]LogConfig: Setting CVar [[r.VolumetricFog.GridSizeZ:128]]
[2022.07.15-13.06.56:683][  0]LogConfig: Setting CVar [[r.VolumetricFog.HistoryMissSupersampleCount:4]]
[2022.07.15-13.06.56:683][  0]LogConfig: Setting CVar [[r.LightMaxDrawDistanceScale:1]]
[2022.07.15-13.06.56:683][  0]LogConfig: Setting CVar [[r.CapsuleShadows:1]]
[2022.07.15-13.06.56:684][  0]LogConfig: Applying CVar settings from Section [PostProcessQuality@3] File [C:/Users/danie/Documents/Gamedev VR/game/UE4 game/fpsgame/Saved/Config/Windows/Scalability.ini]
[2022.07.15-13.06.56:684][  0]LogConfig: Setting CVar [[r.MotionBlurQuality:4]]
[2022.07.15-13.06.56:684][  0]LogConfig: Setting CVar [[r.AmbientOcclusionMipLevelFactor:0.4]]
[2022.07.15-13.06.56:684][  0]LogConfig: Setting CVar [[r.AmbientOcclusionMaxQuality:100]]
[2022.07.15-13.06.56:684][  0]LogConfig: Setting CVar [[r.AmbientOcclusionLevels:-1]]
[2022.07.15-13.06.56:684][  0]LogConfig: Setting CVar [[r.AmbientOcclusionRadiusScale:1.0]]
[2022.07.15-13.06.56:684][  0]LogConfig: Setting CVar [[r.DepthOfFieldQuality:2]]
[2022.07.15-13.06.56:684][  0]LogConfig: Setting CVar [[r.RenderTargetPoolMin:400]]
[2022.07.15-13.06.56:684][  0]LogConfig: Setting CVar [[r.LensFlareQuality:2]]
[2022.07.15-13.06.56:684][  0]LogConfig: Setting CVar [[r.SceneColorFringeQuality:1]]
[2022.07.15-13.06.56:684][  0]LogConfig: Setting CVar [[r.EyeAdaptationQuality:2]]
[2022.07.15-13.06.56:684][  0]LogConfig: Setting CVar [[r.BloomQuality:5]]
[2022.07.15-13.06.56:684][  0]LogConfig: Setting CVar [[r.FastBlurThreshold:100]]
[2022.07.15-13.06.56:684][  0]LogConfig: Setting CVar [[r.Upscale.Quality:3]]
[2022.07.15-13.06.56:684][  0]LogConfig: Setting CVar [[r.Tonemapper.GrainQuantization:1]]
[2022.07.15-13.06.56:684][  0]LogConfig: Setting CVar [[r.LightShaftQuality:1]]
[2022.07.15-13.06.56:684][  0]LogConfig: Setting CVar [[r.Filter.SizeScale:1]]
[2022.07.15-13.06.56:684][  0]LogConfig: Setting CVar [[r.Tonemapper.Quality:5]]
[2022.07.15-13.06.56:684][  0]LogConfig: Setting CVar [[r.DOF.Gather.AccumulatorQuality:1        ; higher gathering accumulator quality]]
[2022.07.15-13.06.56:684][  0]LogConfig: Setting CVar [[r.DOF.Gather.PostfilterMethod:1          ; Median3x3 postfilering method]]
[2022.07.15-13.06.56:684][  0]LogConfig: Setting CVar [[r.DOF.Gather.EnableBokehSettings:0       ; no bokeh simulation when gathering]]
[2022.07.15-13.06.56:684][  0]LogConfig: Setting CVar [[r.DOF.Gather.RingCount:4                 ; medium number of samples when gathering]]
[2022.07.15-13.06.56:684][  0]LogConfig: Setting CVar [[r.DOF.Scatter.ForegroundCompositing:1    ; additive foreground scattering]]
[2022.07.15-13.06.56:684][  0]LogConfig: Setting CVar [[r.DOF.Scatter.BackgroundCompositing:2    ; additive background scattering]]
[2022.07.15-13.06.56:684][  0]LogConfig: Setting CVar [[r.DOF.Scatter.EnableBokehSettings:1      ; bokeh simulation when scattering]]
[2022.07.15-13.06.56:684][  0]LogConfig: Setting CVar [[r.DOF.Scatter.MaxSpriteRatio:0.1         ; only a maximum of 10% of scattered bokeh]]
[2022.07.15-13.06.56:684][  0]LogConfig: Setting CVar [[r.DOF.Recombine.Quality:1                ; cheap slight out of focus]]
[2022.07.15-13.06.56:684][  0]LogConfig: Setting CVar [[r.DOF.Recombine.EnableBokehSettings:0    ; no bokeh simulation on slight out of focus]]
[2022.07.15-13.06.56:684][  0]LogConfig: Setting CVar [[r.DOF.TemporalAAQuality:1                ; more stable temporal accumulation]]
[2022.07.15-13.06.56:684][  0]LogConfig: Setting CVar [[r.DOF.Kernel.MaxForegroundRadius:0.025]]
[2022.07.15-13.06.56:684][  0]LogConfig: Setting CVar [[r.DOF.Kernel.MaxBackgroundRadius:0.025]]
[2022.07.15-13.06.56:684][  0]LogConfig: Applying CVar settings from Section [TextureQuality@3] File [C:/Users/danie/Documents/Gamedev VR/game/UE4 game/fpsgame/Saved/Config/Windows/Scalability.ini]
[2022.07.15-13.06.56:684][  0]LogConfig: Setting CVar [[r.Streaming.MipBias:0]]
[2022.07.15-13.06.56:684][  0]LogConfig: Setting CVar [[r.Streaming.AmortizeCPUToGPUCopy:0]]
[2022.07.15-13.06.56:684][  0]LogConfig: Setting CVar [[r.Streaming.MaxNumTexturesToStreamPerFrame:0]]
[2022.07.15-13.06.56:684][  0]LogConfig: Setting CVar [[r.Streaming.Boost:1]]
[2022.07.15-13.06.56:684][  0]LogConfig: Setting CVar [[r.MaxAnisotropy:8]]
[2022.07.15-13.06.56:684][  0]LogConfig: Setting CVar [[r.VT.MaxAnisotropy:8]]
[2022.07.15-13.06.56:684][  0]LogConfig: Setting CVar [[r.Streaming.LimitPoolSizeToVRAM:0]]
[2022.07.15-13.06.56:684][  0]LogConfig: Setting CVar [[r.Streaming.PoolSize:1000]]
[2022.07.15-13.06.56:684][  0]LogConfig: Setting CVar [[r.Streaming.MaxEffectiveScreenSize:0]]
[2022.07.15-13.06.56:684][  0]LogConfig: Applying CVar settings from Section [EffectsQuality@3] File [C:/Users/danie/Documents/Gamedev VR/game/UE4 game/fpsgame/Saved/Config/Windows/Scalability.ini]
[2022.07.15-13.06.56:684][  0]LogConfig: Setting CVar [[r.TranslucencyLightingVolumeDim:64]]
[2022.07.15-13.06.56:684][  0]LogConfig: Setting CVar [[r.RefractionQuality:2]]
[2022.07.15-13.06.56:684][  0]LogConfig: Setting CVar [[r.SSR.Quality:3]]
[2022.07.15-13.06.56:684][  0]LogConfig: Setting CVar [[r.SSR.HalfResSceneColor:0]]
[2022.07.15-13.06.56:684][  0]LogConfig: Setting CVar [[r.SceneColorFormat:4]]
[2022.07.15-13.06.56:684][  0]LogConfig: Setting CVar [[r.DetailMode:2]]
[2022.07.15-13.06.56:684][  0]LogConfig: Setting CVar [[r.TranslucencyVolumeBlur:1]]
[2022.07.15-13.06.56:684][  0]LogConfig: Setting CVar [[r.MaterialQualityLevel:1 ; High quality]]
[2022.07.15-13.06.56:684][  0]LogConfig: Setting CVar [[r.AnisotropicMaterials:1]]
[2022.07.15-13.06.56:684][  0]LogConfig: Setting CVar [[r.SSS.Scale:1]]
[2022.07.15-13.06.56:684][  0]LogConfig: Setting CVar [[r.SSS.SampleSet:2]]
[2022.07.15-13.06.56:684][  0]LogConfig: Setting CVar [[r.SSS.Quality:1]]
[2022.07.15-13.06.56:684][  0]LogConfig: Setting CVar [[r.SSS.HalfRes:0]]
[2022.07.15-13.06.56:684][  0]LogConfig: Setting CVar [[r.SSGI.Quality:3]]
[2022.07.15-13.06.56:684][  0]LogConfig: Setting CVar [[r.EmitterSpawnRateScale:1.0]]
[2022.07.15-13.06.56:684][  0]LogConfig: Setting CVar [[r.ParticleLightQuality:2]]
[2022.07.15-13.06.56:684][  0]LogConfig: Setting CVar [[r.SkyAtmosphere.AerialPerspectiveLUT.FastApplyOnOpaque:1 ; Always have FastSkyLUT 1 in this case to avoid wrong sky]]
[2022.07.15-13.06.56:684][  0]LogConfig: Setting CVar [[r.SkyAtmosphere.AerialPerspectiveLUT.SampleCountMaxPerSlice:4]]
[2022.07.15-13.06.56:684][  0]LogConfig: Setting CVar [[r.SkyAtmosphere.AerialPerspectiveLUT.DepthResolution:16.0]]
[2022.07.15-13.06.56:684][  0]LogConfig: Setting CVar [[r.SkyAtmosphere.FastSkyLUT:1]]
[2022.07.15-13.06.56:684][  0]LogConfig: Setting CVar [[r.SkyAtmosphere.FastSkyLUT.SampleCountMin:4.0]]
[2022.07.15-13.06.56:684][  0]LogConfig: Setting CVar [[r.SkyAtmosphere.FastSkyLUT.SampleCountMax:128.0]]
[2022.07.15-13.06.56:684][  0]LogConfig: Setting CVar [[r.SkyAtmosphere.SampleCountMin:4.0]]
[2022.07.15-13.06.56:684][  0]LogConfig: Setting CVar [[r.SkyAtmosphere.SampleCountMax:128.0]]
[2022.07.15-13.06.56:684][  0]LogConfig: Setting CVar [[r.SkyAtmosphere.TransmittanceLUT.UseSmallFormat:0]]
[2022.07.15-13.06.56:684][  0]LogConfig: Setting CVar [[r.SkyAtmosphere.TransmittanceLUT.SampleCount:10.0]]
[2022.07.15-13.06.56:684][  0]LogConfig: Setting CVar [[r.SkyAtmosphere.MultiScatteringLUT.SampleCount:15.0]]
[2022.07.15-13.06.56:684][  0]LogConfig: Setting CVar [[r.SkyLight.RealTimeReflectionCapture:1]]
[2022.07.15-13.06.56:684][  0]LogConfig: Applying CVar settings from Section [FoliageQuality@3] File [C:/Users/danie/Documents/Gamedev VR/game/UE4 game/fpsgame/Saved/Config/Windows/Scalability.ini]
[2022.07.15-13.06.56:684][  0]LogConfig: Setting CVar [[foliage.DensityScale:1.0]]
[2022.07.15-13.06.56:684][  0]LogConfig: Setting CVar [[grass.DensityScale:1.0]]
[2022.07.15-13.06.56:684][  0]LogConfig: Applying CVar settings from Section [ShadingQuality@3] File [C:/Users/danie/Documents/Gamedev VR/game/UE4 game/fpsgame/Saved/Config/Windows/Scalability.ini]
[2022.07.15-13.06.56:684][  0]LogConfig: Setting CVar [[r.HairStrands.SkyLighting.IntegrationType:2]]
[2022.07.15-13.06.56:684][  0]LogConfig: Setting CVar [[r.HairStrands.SkyAO.SampleCount:4]]
[2022.07.15-13.06.56:684][  0]LogConfig: Setting CVar [[r.HairStrands.Visibility.MSAA.SamplePerPixel:4]]
[2022.07.15-13.06.56:684][  0]LogInit: Selected Device Profile: [Windows]
[2022.07.15-13.06.56:684][  0]LogInit: Applying CVar settings loaded from the selected device profile: [Windows]
[2022.07.15-13.06.56:684][  0]LogHAL: Display: Platform has ~ 16 GB [17128247296 / 17179869184 / 16], which maps to Larger [LargestMinGB=32, LargerMinGB=12, DefaultMinGB=8, SmallerMinGB=6, SmallestMinGB=0)
[2022.07.15-13.06.56:684][  0]LogInit: Going up to parent DeviceProfile []
[2022.07.15-13.06.56:684][  0]LogConfig: Applying CVar settings from Section [ViewDistanceQuality@3] File [C:/Users/danie/Documents/Gamedev VR/game/UE4 game/fpsgame/Saved/Config/Windows/Scalability.ini]
[2022.07.15-13.06.56:684][  0]LogConfig: Setting CVar [[r.SkeletalMeshLODBias:0]]
[2022.07.15-13.06.56:684][  0]LogConfig: Setting CVar [[r.ViewDistanceScale:1.0]]
[2022.07.15-13.06.56:684][  0]LogConfig: Applying CVar settings from Section [AntiAliasingQuality@3] File [C:/Users/danie/Documents/Gamedev VR/game/UE4 game/fpsgame/Saved/Config/Windows/Scalability.ini]
[2022.07.15-13.06.56:684][  0]LogConfig: Setting CVar [[r.PostProcessAAQuality:4]]
[2022.07.15-13.06.56:684][  0]LogConfig: Applying CVar settings from Section [ShadowQuality@3] File [C:/Users/danie/Documents/Gamedev VR/game/UE4 game/fpsgame/Saved/Config/Windows/Scalability.ini]
[2022.07.15-13.06.56:684][  0]LogConfig: Setting CVar [[r.LightFunctionQuality:1]]
[2022.07.15-13.06.56:684][  0]LogConfig: Setting CVar [[r.ShadowQuality:5]]
[2022.07.15-13.06.56:684][  0]LogConfig: Setting CVar [[r.Shadow.CSM.MaxCascades:10]]
[2022.07.15-13.06.56:684][  0]LogConfig: Setting CVar [[r.Shadow.MaxResolution:2048]]
[2022.07.15-13.06.56:684][  0]LogConfig: Setting CVar [[r.Shadow.MaxCSMResolution:2048]]
[2022.07.15-13.06.56:684][  0]LogConfig: Setting CVar [[r.Shadow.RadiusThreshold:0.01]]
[2022.07.15-13.06.56:685][  0]LogConfig: Setting CVar [[r.Shadow.DistanceScale:1.0]]
[2022.07.15-13.06.56:685][  0]LogConfig: Setting CVar [[r.Shadow.CSM.TransitionScale:1.0]]
[2022.07.15-13.06.56:685][  0]LogConfig: Setting CVar [[r.Shadow.PreShadowResolutionFactor:1.0]]
[2022.07.15-13.06.56:685][  0]LogConfig: Setting CVar [[r.DistanceFieldShadowing:1]]
[2022.07.15-13.06.56:685][  0]LogConfig: Setting CVar [[r.DistanceFieldAO:1]]
[2022.07.15-13.06.56:685][  0]LogConfig: Setting CVar [[r.AOQuality:2]]
[2022.07.15-13.06.56:685][  0]LogConfig: Setting CVar [[r.VolumetricFog:1]]
[2022.07.15-13.06.56:685][  0]LogConfig: Setting CVar [[r.VolumetricFog.GridPixelSize:8]]
[2022.07.15-13.06.56:685][  0]LogConfig: Setting CVar [[r.VolumetricFog.GridSizeZ:128]]
[2022.07.15-13.06.56:685][  0]LogConfig: Setting CVar [[r.VolumetricFog.HistoryMissSupersampleCount:4]]
[2022.07.15-13.06.56:685][  0]LogConfig: Setting CVar [[r.LightMaxDrawDistanceScale:1]]
[2022.07.15-13.06.56:685][  0]LogConfig: Setting CVar [[r.CapsuleShadows:1]]
[2022.07.15-13.06.56:685][  0]LogConfig: Applying CVar settings from Section [PostProcessQuality@3] File [C:/Users/danie/Documents/Gamedev VR/game/UE4 game/fpsgame/Saved/Config/Windows/Scalability.ini]
[2022.07.15-13.06.56:685][  0]LogConfig: Setting CVar [[r.MotionBlurQuality:4]]
[2022.07.15-13.06.56:685][  0]LogConfig: Setting CVar [[r.AmbientOcclusionMipLevelFactor:0.4]]
[2022.07.15-13.06.56:685][  0]LogConfig: Setting CVar [[r.AmbientOcclusionMaxQuality:100]]
[2022.07.15-13.06.56:685][  0]LogConfig: Setting CVar [[r.AmbientOcclusionLevels:-1]]
[2022.07.15-13.06.56:685][  0]LogConfig: Setting CVar [[r.AmbientOcclusionRadiusScale:1.0]]
[2022.07.15-13.06.56:685][  0]LogConfig: Setting CVar [[r.DepthOfFieldQuality:2]]
[2022.07.15-13.06.56:685][  0]LogConfig: Setting CVar [[r.RenderTargetPoolMin:400]]
[2022.07.15-13.06.56:685][  0]LogConfig: Setting CVar [[r.LensFlareQuality:2]]
[2022.07.15-13.06.56:685][  0]LogConfig: Setting CVar [[r.SceneColorFringeQuality:1]]
[2022.07.15-13.06.56:685][  0]LogConfig: Setting CVar [[r.EyeAdaptationQuality:2]]
[2022.07.15-13.06.56:685][  0]LogConfig: Setting CVar [[r.BloomQuality:5]]
[2022.07.15-13.06.56:685][  0]LogConfig: Setting CVar [[r.FastBlurThreshold:100]]
[2022.07.15-13.06.56:685][  0]LogConfig: Setting CVar [[r.Upscale.Quality:3]]
[2022.07.15-13.06.56:685][  0]LogConfig: Setting CVar [[r.Tonemapper.GrainQuantization:1]]
[2022.07.15-13.06.56:685][  0]LogConfig: Setting CVar [[r.LightShaftQuality:1]]
[2022.07.15-13.06.56:685][  0]LogConfig: Setting CVar [[r.Filter.SizeScale:1]]
[2022.07.15-13.06.56:685][  0]LogConfig: Setting CVar [[r.Tonemapper.Quality:5]]
[2022.07.15-13.06.56:685][  0]LogConfig: Setting CVar [[r.DOF.Gather.AccumulatorQuality:1        ; higher gathering accumulator quality]]
[2022.07.15-13.06.56:685][  0]LogConfig: Setting CVar [[r.DOF.Gather.PostfilterMethod:1          ; Median3x3 postfilering method]]
[2022.07.15-13.06.56:685][  0]LogConfig: Setting CVar [[r.DOF.Gather.EnableBokehSettings:0       ; no bokeh simulation when gathering]]
[2022.07.15-13.06.56:685][  0]LogConfig: Setting CVar [[r.DOF.Gather.RingCount:4                 ; medium number of samples when gathering]]
[2022.07.15-13.06.56:685][  0]LogConfig: Setting CVar [[r.DOF.Scatter.ForegroundCompositing:1    ; additive foreground scattering]]
[2022.07.15-13.06.56:685][  0]LogConfig: Setting CVar [[r.DOF.Scatter.BackgroundCompositing:2    ; additive background scattering]]
[2022.07.15-13.06.56:685][  0]LogConfig: Setting CVar [[r.DOF.Scatter.EnableBokehSettings:1      ; bokeh simulation when scattering]]
[2022.07.15-13.06.56:685][  0]LogConfig: Setting CVar [[r.DOF.Scatter.MaxSpriteRatio:0.1         ; only a maximum of 10% of scattered bokeh]]
[2022.07.15-13.06.56:685][  0]LogConfig: Setting CVar [[r.DOF.Recombine.Quality:1                ; cheap slight out of focus]]
[2022.07.15-13.06.56:685][  0]LogConfig: Setting CVar [[r.DOF.Recombine.EnableBokehSettings:0    ; no bokeh simulation on slight out of focus]]
[2022.07.15-13.06.56:685][  0]LogConfig: Setting CVar [[r.DOF.TemporalAAQuality:1                ; more stable temporal accumulation]]
[2022.07.15-13.06.56:685][  0]LogConfig: Setting CVar [[r.DOF.Kernel.MaxForegroundRadius:0.025]]
[2022.07.15-13.06.56:685][  0]LogConfig: Setting CVar [[r.DOF.Kernel.MaxBackgroundRadius:0.025]]
[2022.07.15-13.06.56:685][  0]LogConfig: Applying CVar settings from Section [TextureQuality@3] File [C:/Users/danie/Documents/Gamedev VR/game/UE4 game/fpsgame/Saved/Config/Windows/Scalability.ini]
[2022.07.15-13.06.56:685][  0]LogConfig: Setting CVar [[r.Streaming.MipBias:0]]
[2022.07.15-13.06.56:685][  0]LogConfig: Setting CVar [[r.Streaming.AmortizeCPUToGPUCopy:0]]
[2022.07.15-13.06.56:685][  0]LogConfig: Setting CVar [[r.Streaming.MaxNumTexturesToStreamPerFrame:0]]
[2022.07.15-13.06.56:685][  0]LogConfig: Setting CVar [[r.Streaming.Boost:1]]
[2022.07.15-13.06.56:685][  0]LogConfig: Setting CVar [[r.MaxAnisotropy:8]]
[2022.07.15-13.06.56:685][  0]LogConfig: Setting CVar [[r.VT.MaxAnisotropy:8]]
[2022.07.15-13.06.56:685][  0]LogConfig: Setting CVar [[r.Streaming.LimitPoolSizeToVRAM:0]]
[2022.07.15-13.06.56:685][  0]LogConfig: Setting CVar [[r.Streaming.PoolSize:1000]]
[2022.07.15-13.06.56:685][  0]LogConfig: Setting CVar [[r.Streaming.MaxEffectiveScreenSize:0]]
[2022.07.15-13.06.56:685][  0]LogConfig: Applying CVar settings from Section [EffectsQuality@3] File [C:/Users/danie/Documents/Gamedev VR/game/UE4 game/fpsgame/Saved/Config/Windows/Scalability.ini]
[2022.07.15-13.06.56:685][  0]LogConfig: Setting CVar [[r.TranslucencyLightingVolumeDim:64]]
[2022.07.15-13.06.56:685][  0]LogConfig: Setting CVar [[r.RefractionQuality:2]]
[2022.07.15-13.06.56:685][  0]LogConfig: Setting CVar [[r.SSR.Quality:3]]
[2022.07.15-13.06.56:685][  0]LogConfig: Setting CVar [[r.SSR.HalfResSceneColor:0]]
[2022.07.15-13.06.56:685][  0]LogConfig: Setting CVar [[r.SceneColorFormat:4]]
[2022.07.15-13.06.56:685][  0]LogConfig: Setting CVar [[r.DetailMode:2]]
[2022.07.15-13.06.56:685][  0]LogConfig: Setting CVar [[r.TranslucencyVolumeBlur:1]]
[2022.07.15-13.06.56:685][  0]LogConfig: Setting CVar [[r.MaterialQualityLevel:1 ; High quality]]
[2022.07.15-13.06.56:685][  0]LogConfig: Setting CVar [[r.AnisotropicMaterials:1]]
[2022.07.15-13.06.56:685][  0]LogConfig: Setting CVar [[r.SSS.Scale:1]]
[2022.07.15-13.06.56:685][  0]LogConfig: Setting CVar [[r.SSS.SampleSet:2]]
[2022.07.15-13.06.56:685][  0]LogConfig: Setting CVar [[r.SSS.Quality:1]]
[2022.07.15-13.06.56:685][  0]LogConfig: Setting CVar [[r.SSS.HalfRes:0]]
[2022.07.15-13.06.56:685][  0]LogConfig: Setting CVar [[r.SSGI.Quality:3]]
[2022.07.15-13.06.56:685][  0]LogConfig: Setting CVar [[r.EmitterSpawnRateScale:1.0]]
[2022.07.15-13.06.56:685][  0]LogConfig: Setting CVar [[r.ParticleLightQuality:2]]
[2022.07.15-13.06.56:685][  0]LogConfig: Setting CVar [[r.SkyAtmosphere.AerialPerspectiveLUT.FastApplyOnOpaque:1 ; Always have FastSkyLUT 1 in this case to avoid wrong sky]]
[2022.07.15-13.06.56:685][  0]LogConfig: Setting CVar [[r.SkyAtmosphere.AerialPerspectiveLUT.SampleCountMaxPerSlice:4]]
[2022.07.15-13.06.56:685][  0]LogConfig: Setting CVar [[r.SkyAtmosphere.AerialPerspectiveLUT.DepthResolution:16.0]]
[2022.07.15-13.06.56:685][  0]LogConfig: Setting CVar [[r.SkyAtmosphere.FastSkyLUT:1]]
[2022.07.15-13.06.56:685][  0]LogConfig: Setting CVar [[r.SkyAtmosphere.FastSkyLUT.SampleCountMin:4.0]]
[2022.07.15-13.06.56:685][  0]LogConfig: Setting CVar [[r.SkyAtmosphere.FastSkyLUT.SampleCountMax:128.0]]
[2022.07.15-13.06.56:685][  0]LogConfig: Setting CVar [[r.SkyAtmosphere.SampleCountMin:4.0]]
[2022.07.15-13.06.56:685][  0]LogConfig: Setting CVar [[r.SkyAtmosphere.SampleCountMax:128.0]]
[2022.07.15-13.06.56:685][  0]LogConfig: Setting CVar [[r.SkyAtmosphere.TransmittanceLUT.UseSmallFormat:0]]
[2022.07.15-13.06.56:685][  0]LogConfig: Setting CVar [[r.SkyAtmosphere.TransmittanceLUT.SampleCount:10.0]]
[2022.07.15-13.06.56:685][  0]LogConfig: Setting CVar [[r.SkyAtmosphere.MultiScatteringLUT.SampleCount:15.0]]
[2022.07.15-13.06.56:685][  0]LogConfig: Setting CVar [[r.SkyLight.RealTimeReflectionCapture:1]]
[2022.07.15-13.06.56:685][  0]LogConfig: Applying CVar settings from Section [FoliageQuality@3] File [C:/Users/danie/Documents/Gamedev VR/game/UE4 game/fpsgame/Saved/Config/Windows/Scalability.ini]
[2022.07.15-13.06.56:685][  0]LogConfig: Setting CVar [[foliage.DensityScale:1.0]]
[2022.07.15-13.06.56:685][  0]LogConfig: Setting CVar [[grass.DensityScale:1.0]]
[2022.07.15-13.06.56:685][  0]LogConfig: Applying CVar settings from Section [ShadingQuality@3] File [C:/Users/danie/Documents/Gamedev VR/game/UE4 game/fpsgame/Saved/Config/Windows/Scalability.ini]
[2022.07.15-13.06.56:685][  0]LogConfig: Setting CVar [[r.HairStrands.SkyLighting.IntegrationType:2]]
[2022.07.15-13.06.56:685][  0]LogConfig: Setting CVar [[r.HairStrands.SkyAO.SampleCount:4]]
[2022.07.15-13.06.56:685][  0]LogConfig: Setting CVar [[r.HairStrands.Visibility.MSAA.SamplePerPixel:4]]
[2022.07.15-13.06.56:685][  0]LogConfig: Applying CVar settings from Section [Startup] File [../../../Engine/Config/ConsoleVariables.ini]
[2022.07.15-13.06.56:686][  0]LogConfig: Setting CVar [[net.UseAdaptiveNetUpdateFrequency:0]]
[2022.07.15-13.06.56:686][  0]LogConfig: Setting CVar [[p.chaos.AllowCreatePhysxBodies:1]]
[2022.07.15-13.06.56:686][  0]LogConfig: Setting CVar [[fx.SkipVectorVMBackendOptimizations:1]]
[2022.07.15-13.06.56:686][  0]LogConfig: Applying CVar settings from Section [ConsoleVariables] File [C:/Users/danie/Documents/Gamedev VR/game/UE4 game/fpsgame/Saved/Config/Windows/Engine.ini]
[2022.07.15-13.06.56:686][  0]LogConfig: Applying CVar settings from Section [ConsoleVariables] File [C:/Users/danie/Documents/Gamedev VR/game/UE4 game/fpsgame/Saved/Config/Windows/Editor.ini]
[2022.07.15-13.06.56:686][  0]LogInit: Computer: DESKTOP-QG36584
[2022.07.15-13.06.56:686][  0]LogInit: User: danie
[2022.07.15-13.06.56:686][  0]LogInit: CPU Page size=4096, Cores=6
[2022.07.15-13.06.56:686][  0]LogInit: High frequency timer resolution =10.000000 MHz
[2022.07.15-13.06.56:686][  0]LogMemory: Memory total: Physical=16.0GB (16GB approx)
[2022.07.15-13.06.56:686][  0]LogMemory: Platform Memory Stats for Windows
[2022.07.15-13.06.56:686][  0]LogMemory: Process Physical Memory: 145.81 MB used, 145.82 MB peak
[2022.07.15-13.06.56:686][  0]LogMemory: Process Virtual Memory: 127.70 MB used, 127.70 MB peak
[2022.07.15-13.06.56:686][  0]LogMemory: Physical Memory: 11465.80 MB used,  4868.96 MB free, 16334.77 MB total
[2022.07.15-13.06.56:686][  0]LogMemory: Virtual Memory: 134214064.00 MB used,  3661.34 MB free, 134217728.00 MB total
[2022.07.15-13.06.56:690][  0]LogWindows: WindowsPlatformFeatures enabled
[2022.07.15-13.06.56:707][  0]LogInit: Physics initialised using underlying interface: PhysX
[2022.07.15-13.06.56:708][  0]LogInit: Using OS detected language (en-US).
[2022.07.15-13.06.56:708][  0]LogInit: Using OS detected locale (en-GB).
[2022.07.15-13.06.56:713][  0]LogTextLocalizationManager: No specific localization for 'en-US' exists, so the 'en' localization will be used.
[2022.07.15-13.06.56:885][  0]LogInit: Setting process to per monitor DPI aware
[2022.07.15-13.06.56:896][  0]LogWindowsTextInputMethodSystem: Display: IME system deactivated.
[2022.07.15-13.06.56:912][  0]LogSlate: New Slate User Created.  User Index 0, Is Virtual User: 0
[2022.07.15-13.06.56:912][  0]LogSlate: Slate User Registered.  User Index 0, Is Virtual User: 0
[2022.07.15-13.06.57:030][  0]LogD3D11RHI: Loaded GFSDK_Aftermath_Lib.x64.dll
[2022.07.15-13.06.57:033][  0]LogHMD: Failed to initialize OpenVR with code 110
[2022.07.15-13.06.57:033][  0]LogD3D11RHI: D3D11 min allowed feature level: 11_0
[2022.07.15-13.06.57:033][  0]LogD3D11RHI: D3D11 max allowed feature level: 11_0
[2022.07.15-13.06.57:033][  0]LogD3D11RHI: D3D11 adapters:
[2022.07.15-13.06.57:067][  0]LogD3D11RHI:    0. 'AMD Radeon RX 5700 XT' (Feature Level 11_0)
[2022.07.15-13.06.57:067][  0]LogD3D11RHI:       8151/0/8167 MB DedicatedVideo/DedicatedSystem/SharedSystem, Outputs:2, VendorId:0x1002
[2022.07.15-13.06.57:068][  0]LogD3D11RHI:    1. 'Microsoft Basic Render Driver' (Feature Level 11_0)
[2022.07.15-13.06.57:068][  0]LogD3D11RHI:       0/0/8167 MB DedicatedVideo/DedicatedSystem/SharedSystem, Outputs:0, VendorId:0x1414
[2022.07.15-13.06.57:068][  0]LogD3D11RHI: Chosen D3D11 Adapter:
[2022.07.15-13.06.57:068][  0]LogD3D11RHI:     Description : AMD Radeon RX 5700 XT
[2022.07.15-13.06.57:068][  0]LogD3D11RHI:     VendorId    : 1002
[2022.07.15-13.06.57:068][  0]LogD3D11RHI:     DeviceId    : 731f
[2022.07.15-13.06.57:068][  0]LogD3D11RHI:     SubSysId    : 23131458
[2022.07.15-13.06.57:068][  0]LogD3D11RHI:     Revision    : 00c1
[2022.07.15-13.06.57:068][  0]LogD3D11RHI:     DedicatedVideoMemory : 8547471360 bytes
[2022.07.15-13.06.57:068][  0]LogD3D11RHI:     DedicatedSystemMemory : 0 bytes
[2022.07.15-13.06.57:068][  0]LogD3D11RHI:     SharedSystemMemory : 8564123648 bytes
[2022.07.15-13.06.57:068][  0]LogD3D11RHI:     AdapterLuid : 0 54130
[2022.07.15-13.06.57:075][  0]LogD3D11RHI: Creating new Direct3DDevice
[2022.07.15-13.06.57:075][  0]LogD3D11RHI:     GPU DeviceId: 0x731f (for the marketing name, search the web for "GPU Device Id")
[2022.07.15-13.06.57:075][  0]LogWindows: EnumDisplayDevices:
[2022.07.15-13.06.57:075][  0]LogWindows:    0. 'AMD Radeon RX 5700 XT' (P:1 D:1)
[2022.07.15-13.06.57:075][  0]LogWindows:    1. 'AMD Radeon RX 5700 XT' (P:0 D:1)
[2022.07.15-13.06.57:076][  0]LogWindows:    2. 'AMD Radeon RX 5700 XT' (P:0 D:0)
[2022.07.15-13.06.57:076][  0]LogWindows:    3. 'AMD Radeon RX 5700 XT' (P:0 D:0)
[2022.07.15-13.06.57:076][  0]LogWindows:    4. 'AMD Radeon RX 5700 XT' (P:0 D:0)
[2022.07.15-13.06.57:076][  0]LogWindows:    5. 'AMD Radeon RX 5700 XT' (P:0 D:0)
[2022.07.15-13.06.57:077][  0]LogWindows:    6. 'AMD Radeon RX 5700 XT' (P:0 D:0)
[2022.07.15-13.06.57:077][  0]LogWindows: DebugString: FoundDriverCount:7 
[2022.07.15-13.06.57:077][  0]LogD3D11RHI:     Adapter Name: AMD Radeon RX 5700 XT
[2022.07.15-13.06.57:077][  0]LogD3D11RHI:   Driver Version: AMD Software: Adrenalin Edition 22.5.1 (internal:30.0.15021.11005, unified:30.0.15021.11005)
[2022.07.15-13.06.57:077][  0]LogD3D11RHI:      Driver Date: 4-28-2022
[2022.07.15-13.06.57:077][  0]LogRHI: Texture pool is 5168 MB (70% of 7383 MB)
[2022.07.15-13.06.57:101][  0]LogD3D11RHI: Creating D3DDevice with AMD AGS, using adapter:
[2022.07.15-13.06.57:101][  0]LogD3D11RHI:     Description : AMD Radeon RX 5700 XT
[2022.07.15-13.06.57:101][  0]LogD3D11RHI:     VendorId    : 1002
[2022.07.15-13.06.57:101][  0]LogD3D11RHI:     DeviceId    : 731f
[2022.07.15-13.06.57:101][  0]LogD3D11RHI:     SubSysId    : 23131458
[2022.07.15-13.06.57:101][  0]LogD3D11RHI:     Revision    : 00c1
[2022.07.15-13.06.57:101][  0]LogD3D11RHI:     DedicatedVideoMemory : 8547471360 bytes
[2022.07.15-13.06.57:101][  0]LogD3D11RHI:     DedicatedSystemMemory : 0 bytes
[2022.07.15-13.06.57:101][  0]LogD3D11RHI:     SharedSystemMemory : 8564123648 bytes
[2022.07.15-13.06.57:101][  0]LogD3D11RHI:     AdapterLuid : 0 54130
[2022.07.15-13.06.57:130][  0]LogD3D11RHI: Created device via AGS, feature level 11_0, supported extensions 1fffffbf.
[2022.07.15-13.06.57:130][  0]LogD3D11RHI: RHI has support for 64 bit atomics
[2022.07.15-13.06.57:130][  0]LogD3D11RHI: Async texture creation enabled
[2022.07.15-13.06.57:130][  0]LogD3D11RHI: Array index from any shader is supported
[2022.07.15-13.06.57:143][  0]LogD3D11RHI: GPU Timing Frequency: 100.000000 (Debug: 2 1)
[2022.07.15-13.06.57:384][  0]LogTargetPlatformManager: Display: Loaded TargetPlatform 'AllDesktop'
[2022.07.15-13.06.57:407][  0]LogTargetPlatformManager: Display: Loaded TargetPlatform 'Android'
[2022.07.15-13.06.57:407][  0]LogTargetPlatformManager: Display: Loaded TargetPlatform 'Android_ASTC'
[2022.07.15-13.06.57:407][  0]LogTargetPlatformManager: Display: Loaded TargetPlatform 'Android_DXT'
[2022.07.15-13.06.57:407][  0]LogTargetPlatformManager: Display: Loaded TargetPlatform 'Android_ETC2'
[2022.07.15-13.06.57:407][  0]LogTargetPlatformManager: Display: Loaded TargetPlatform 'AndroidClient'
[2022.07.15-13.06.57:407][  0]LogTargetPlatformManager: Display: Loaded TargetPlatform 'Android_ASTCClient'
[2022.07.15-13.06.57:407][  0]LogTargetPlatformManager: Display: Loaded TargetPlatform 'Android_DXTClient'
[2022.07.15-13.06.57:407][  0]LogTargetPlatformManager: Display: Loaded TargetPlatform 'Android_ETC2Client'
[2022.07.15-13.06.57:407][  0]LogTargetPlatformManager: Display: Loaded TargetPlatform 'Android_Multi'
[2022.07.15-13.06.57:407][  0]LogTargetPlatformManager: Display: Loaded TargetPlatform 'Android_MultiClient'
[2022.07.15-13.06.57:424][  0]LogTargetPlatformManager: Display: Loaded TargetPlatform 'IOSClient'
[2022.07.15-13.06.57:424][  0]LogTargetPlatformManager: Display: Loaded TargetPlatform 'IOS'
[2022.07.15-13.06.57:434][  0]LogTargetPlatformManager: Display: Loaded TargetPlatform 'Linux'
[2022.07.15-13.06.57:438][  0]LogTargetPlatformManager: Display: Loaded TargetPlatform 'LinuxNoEditor'
[2022.07.15-13.06.57:442][  0]LogTargetPlatformManager: Display: Loaded TargetPlatform 'LinuxClient'
[2022.07.15-13.06.57:446][  0]LogTargetPlatformManager: Display: Loaded TargetPlatform 'LinuxServer'
[2022.07.15-13.06.57:455][  0]LogTargetPlatformManager: Display: Loaded TargetPlatform 'LinuxAArch64NoEditor'
[2022.07.15-13.06.57:459][  0]LogTargetPlatformManager: Display: Loaded TargetPlatform 'LinuxAArch64Client'
[2022.07.15-13.06.57:463][  0]LogTargetPlatformManager: Display: Loaded TargetPlatform 'LinuxAArch64Server'
[2022.07.15-13.06.57:489][  0]LogTargetPlatformManager: Display: Loaded TargetPlatform 'Lumin'
[2022.07.15-13.06.57:489][  0]LogTargetPlatformManager: Display: Loaded TargetPlatform 'LuminClient'
[2022.07.15-13.06.57:497][  0]LogTargetPlatformManager: Display: Loaded TargetPlatform 'MacNoEditor'
[2022.07.15-13.06.57:501][  0]LogTargetPlatformManager: Display: Loaded TargetPlatform 'Mac'
[2022.07.15-13.06.57:506][  0]LogTargetPlatformManager: Display: Loaded TargetPlatform 'MacClient'
[2022.07.15-13.06.57:510][  0]LogTargetPlatformManager: Display: Loaded TargetPlatform 'MacServer'
[2022.07.15-13.06.57:520][  0]LogTargetPlatformManager: Display: Loaded TargetPlatform 'TVOSClient'
[2022.07.15-13.06.57:520][  0]LogTargetPlatformManager: Display: Loaded TargetPlatform 'TVOS'
[2022.07.15-13.06.57:530][  0]LogTargetPlatformManager: Display: Loaded TargetPlatform 'WindowsNoEditor'
[2022.07.15-13.06.57:534][  0]LogTargetPlatformManager: Display: Loaded TargetPlatform 'Windows'
[2022.07.15-13.06.57:539][  0]LogTargetPlatformManager: Display: Loaded TargetPlatform 'WindowsClient'
[2022.07.15-13.06.57:543][  0]LogTargetPlatformManager: Display: Loaded TargetPlatform 'WindowsServer'
[2022.07.15-13.06.57:543][  0]LogTargetPlatformManager: Display: Building Assets For Windows
[2022.07.15-13.06.57:548][  0]LogAudioDebug: Display: Lib vorbis DLL was dynamically loaded.
[2022.07.15-13.06.57:575][  0]LogTextureFormatOodle: Display: Oodle Texture 2.9.0 init RDO Off
[2022.07.15-13.06.57:599][  0]LogRendererCore: Ray tracing is disabled. Reason: r.RayTracing=0.
[2022.07.15-13.06.57:599][  0]LogShaderCompilers: Guid format shader working directory is -27 characters bigger than the processId version (../../../../../../Users/danie/Documents/Gamedev VR/game/UE4 game/fpsgame/Intermediate/Shaders/WorkingDirectory/14632/).
[2022.07.15-13.06.57:599][  0]LogShaderCompilers: Cleaned the shader compiler working directory 'C:/Users/danie/AppData/Local/Temp/UnrealShaderWorkingDir/BAFA9A044D9898199AAD3AB444984E9C/'.
[2022.07.15-13.06.57:599][  0]LogXGEController: Cannot use XGE Controller as Incredibuild is not installed on this machine.
[2022.07.15-13.06.57:599][  0]LogShaderCompilers: Cannot use XGE Shader Compiler as Incredibuild is not installed on this machine.
[2022.07.15-13.06.57:599][  0]LogShaderCompilers: Display: Using Local Shader Compiler.
[2022.07.15-13.06.58:198][  0]LogDerivedDataCache: Display: Max Cache Size: 512 MB
[2022.07.15-13.06.58:250][  0]LogDerivedDataCache: Loaded boot cache 0.05s 95MB C:/Users/danie/AppData/Local/UnrealEngine/4.27/DerivedDataCache/Boot.ddc.
[2022.07.15-13.06.58:250][  0]LogDerivedDataCache: Display: Loaded Boot cache: C:/Users/danie/AppData/Local/UnrealEngine/4.27/DerivedDataCache/Boot.ddc
[2022.07.15-13.06.58:250][  0]LogDerivedDataCache: FDerivedDataBackendGraph:  Pak pak cache file ../../../../../../Users/danie/Documents/Gamedev VR/game/UE4 game/fpsgame/DerivedDataCache/DDC.ddp not found, will not use a pak cache.
[2022.07.15-13.06.58:250][  0]LogDerivedDataCache: Unable to find inner node Pak for hierarchical cache Hierarchy.
[2022.07.15-13.06.58:250][  0]LogDerivedDataCache: FDerivedDataBackendGraph:  CompressedPak pak cache file ../../../../../../Users/danie/Documents/Gamedev VR/game/UE4 game/fpsgame/DerivedDataCache/Compressed.ddp not found, will not use a pak cache.
[2022.07.15-13.06.58:250][  0]LogDerivedDataCache: Unable to find inner node CompressedPak for hierarchical cache Hierarchy.
[2022.07.15-13.06.58:266][  0]LogDerivedDataCache: Display: Pak cache opened for reading ../../../Engine/DerivedDataCache/Compressed.ddp.
[2022.07.15-13.06.58:266][  0]LogDerivedDataCache: FDerivedDataBackendGraph:  EnterprisePak pak cache file ../../../Enterprise/DerivedDataCache/Compressed.ddp not found, will not use a pak cache.
[2022.07.15-13.06.58:266][  0]LogDerivedDataCache: Unable to find inner node EnterprisePak for hierarchical cache Hierarchy.
[2022.07.15-13.06.58:274][  0]LogDerivedDataCache: Speed tests for C:/Users/danie/AppData/Local/UnrealEngine/Common/DerivedDataCache took 0.01 seconds
[2022.07.15-13.06.58:274][  0]LogDerivedDataCache: Display: Performance to C:/Users/danie/AppData/Local/UnrealEngine/Common/DerivedDataCache: Latency=0.04ms. RandomReadSpeed=386.93MBs, RandomWriteSpeed=178.82MBs. Assigned SpeedClass 'Local'
[2022.07.15-13.06.58:275][  0]LogDerivedDataCache: Using Local data cache path C:/Users/danie/AppData/Local/UnrealEngine/Common/DerivedDataCache: Writable
[2022.07.15-13.06.58:275][  0]LogDerivedDataCache: Shared data cache path not found in *engine.ini, will not use an Shared cache.
[2022.07.15-13.06.58:275][  0]LogDerivedDataCache: Unable to find inner node Shared for hierarchical cache Hierarchy.
[2022.07.15-13.06.58:316][  0]LogSlate: Using FreeType 2.10.0
[2022.07.15-13.06.58:317][  0]LogSlate: SlateFontServices - WITH_FREETYPE: 1, WITH_HARFBUZZ: 1
[2022.07.15-13.06.58:339][  0]LogAssetRegistry: FAssetRegistry took 0.0029 seconds to start up
[2022.07.15-13.06.58:538][  0]LogInit: Selected Device Profile: [Windows]
[2022.07.15-13.06.58:538][  0]LogInit: Active device profile: [000001A01D4AEE00][000001A01D1EEF00 49] Windows
[2022.07.15-13.06.58:538][  0]LogInit: Profiles: [000001A01D4AEE00][000001A01D1EEF00 49] Windows, [000001A01D2D5A00][000001A01D1F7080 49] WindowsNoEditor, [000001A01D4AE100][000001A01D1FB200 49] WindowsServer, [000001A01D2D6600][000001A01E605380 49] WindowsClient, [000001A01D4AF600][000001A01E60D500 49] IOS, [000001A01D2D4B00][000001A016057680 49] iPadAir, [000001A01D4AC200][000001A01606B800 49] iPadAir2, [000001A01E1C8F00][000001A015E7FAC0 49] IPadPro, [000001A01E1C9000][000001A01606FB00 49] iPadAir3, [000001A01D4AC900][000001A0176C4100 49] iPadAir4, [000001A01E1CB200][000001A0176E8280 49] iPadMini2, [000001A01E1C8600][000001A0176EC400 49] iPadMini3, [000001A01D2D6400][000001A0176F0580 49] iPadMini4, [000001A01E1CAA00][000001A0176F4700 49] iPadMini5, [000001A01D220800][000001A0156F49C0 49] iPhone6, [000001A01D220900][000001A0156F0A00 49] iPodTouch6, [000001A01D4AF800][000001A0176F8C40 49] iPhone7, [000001A01D4AE300][000001A01D1E2C80 49] iPodTouch7, [000001A01D220300][000001A0176FCDC0 49] iPhone5S, [000001A01D2D7500][000001A015EB2F00 49] iPhone6Plus, [000001A01D222700][000001A015EBF080 49] iPhone6S, [000001A01D2D7A00][000001A01D0B7200 49] iPhone6SPlus, [000001A01D222500][000001A01D0BB380 49] iPhone7Plus, [000001A01D2D7E00][000001A01D0CF500 49] iPhoneSE, [000001A01D222E00][000001A01E271680 49] iPhone8, [000001A01D2D7800][000001A01E27F800 49] iPhone8Plus, [000001A01D4AD100][000001A01E719980 49] iPhoneX, [000001A01D2D4800][000001A01E71DB00 49] iPhoneXS, [000001A01D4ADD00][000001A01E720100 49] iPhoneXSMax, [000001A01D2D5E00][000001A01E724280 49] iPhoneXR, [000001A01D4AED00][000001A01E728400 49] iPhone11, [000001A01D2D7400][000001A01E72C580 49] iPhone11Pro, [000001A01D4ACF00][000001A01E730700 49] iPhone11ProMax, [000001A01D2D5500][000001A01E8B8880 49] iPhoneSE2, [000001A01D4ADC00][000001A01E8BCA00 49] iPhone12Mini, [000001A01D2D6300][000001A01E8C0B80 49] iPhone12, [000001A01D4ACE00][000001A01E934D00 49] iPhone12Pro, [000001A01D2D7C00][000001A015EBAE40 49] iPhone12ProMax, [000001A01D4AC600][000001A01E988F80 49] iPadPro105, [000001A01D2D4300][000001A01E9C90C0 49] iPadPro129, [000001A01D4AC100][000001A01E9D1240 49] iPadPro97, [000001A01D2D6B00][000001A01E9D53C0 49] iPadPro2_129, [000001A01D4AF500][000001A01EA19540 49] iPad5, [000001A01D2D5000][000001A01EA1D6C0 49] iPad6, [000001A01D4ADF00][000001A01EF4D840 49] iPad7, [000001A01D2D4400][000001A0176C99C0 49] iPad8, [000001A01D4AFF00][000001A0176CDB40 49] iPadPro11, [000001A01D2D5300][000001A0176D0140 49] iPadPro2_11, [000001A01D4ACD00][000001A0176D42C0 49] iPadPro3_129, [000001A01D2D7100][000001A0176D8440 49] iPadPro4_129, [000001A01D4ACB00][000001A0176DC5C0 49] AppleTV, [000001A01D2D5B00][000001A01EF50740 49] AppleTV4K, [000001A01D4AFC00][000001A01E9D88C0 49] TVOS, [000001A01D2D4200][000001A0176E0A40 49] Mac, [000001A01D4AFB00][000001A0176E4BC0 49] MacClient, [000001A01D2D7900][000001A01E9DCD40 49] MacNoEditor, [000001A01D4AEB00][000001A01E9E0EC0 49] MacServer, [000001A01D2D5C00][000001A01E9CD000 49] Linux, [000001A01D4AD400][000001A01D0B3140 49] LinuxAArch64, [000001A01D2D4100][000001A015EB7280 49] LinuxNoEditor, [000001A01D4ACA00][000001A0177013C0 49] LinuxAArch64NoEditor, [000001A01D2D7D00][000001A01604B540 49] LinuxClient, [000001A01D4AD300][000001A01CF1D6C0 49] LinuxAArch64Client, [000001A01D2D7000][000001A01CF21840 49] LinuxServer, [000001A01D4AEA00][000001A01CF259C0 49] LinuxAArch64Server, [000001A01D2D4A00][000001A01CF29B40 49] Android, [000001A01D4ADB00][000001A01CF2C140 49] Android_Low, [000001A01D2D6000][000001A01CF302C0 49] Android_Mid, [000001A01D220B00][000001A01CF34440 49] Android_High, [000001A01E1C8500][000001A01CF385C0 49] Android_Default, [000001A01D222A00][000001A01CF3C740 49] Android_Adreno4xx, [000001A01E1C9800][000001A01CF408C0 49] Android_Adreno5xx_Low, [000001A01D220E00][000001A01E9E4A40 49] Android_Adreno5xx, [000001A01E1C9E00][000001A01E9E8BC0 49] Android_Adreno6xx, [000001A01D220100][000001A01E9ECD40 49] Android_Adreno6xx_Vulkan, [000001A01E1CB800][000001A01E9F0EC0 49] Android_Mali_T6xx, [000001A01D220200][000001A01E9F5040 49] Android_Mali_T7xx, [000001A01E1CA100][000001A01E609180 49] Android_Mali_T8xx, [000001A01D222600][000001A01E9F92C0 49] Android_Mali_G71, [000001A01E1C8C00][000001A01E9FD400 49] Android_Mali_G72, [000001A01D223200][000001A01EA01540 49] Android_Mali_G72_Vulkan, [000001A01E1CAB00][000001A01EA096C0 49] Android_Mali_G76, [000001A01D223700][000001A01EA0D840 49] Android_Mali_G76_Vulkan, [000001A01E1CBE00][000001A01EA119C0 49] Android_Mali_G77, [000001A01D220A00][000001A01EA15B40 49] Android_Mali_G77_Vulkan, [000001A01E1C8B00][000001A015F80140 49] Android_Mali_G78, [000001A01D221800][000001A015F842C0 49] Android_Mali_G78_Vulkan, [000001A01E1C8200][000001A015F88440 49] Android_Mali_G710, [000001A01D223A00][000001A015F8C5C0 49] Android_Mali_G710_Vulkan, [000001A01E1CA000][000001A015F90740 49] Android_Vulkan_SM5, [000001A01D220600][000001A015F948C0 49] Android_PowerVR_G6xxx, [000001A01E1CB500][000001A015F98A40 49] Android_PowerVR_GT7xxx, [000001A01D221900][000001A015F9CBC0 49] Android_PowerVR_GE8xxx, [000001A01E1CB900][000001A015FA0D40 49] Android_PowerVR_GM9xxx, [000001A01D222D00][000001A015FA4EC0 49] Android_PowerVR_GM9xxx_Vulkan, [000001A01E1CBA00][000001A015FA9040 49] Android_TegraK1, [000001A01D220C00][000001A015FAD1C0 49] Android_Unknown_Vulkan, [000001A01E1C9900][000001A015FB1340 49] Lumin, [000001A01D223000][000001A01EA05480 49] Lumin_Desktop, [000001A01D4AE800][000001A015FB55C0 49] HoloLens, 
[2022.07.15-13.06.58:638][  0]LogMeshReduction: Using QuadricMeshReduction for automatic static mesh reduction
[2022.07.15-13.06.58:638][  0]LogMeshReduction: Using SimplygonMeshReduction for automatic skeletal mesh reduction
[2022.07.15-13.06.58:638][  0]LogMeshReduction: Using ProxyLODMeshReduction for automatic mesh merging
[2022.07.15-13.06.58:638][  0]LogMeshReduction: No distributed automatic mesh merging module available
[2022.07.15-13.06.58:638][  0]LogMeshMerging: No distributed automatic mesh merging module available
[2022.07.15-13.06.58:651][  0]LogNetVersion: fpsgame 1.0.0, NetCL: 17155196, EngineNetVer: 17, GameNetVer: 0 (Checksum: 3215450660)
[2022.07.15-13.06.58:972][  0]LogTexture: Default maximum texture size for cubemaps generated from long-lat sources has been changed from 512 to unlimited. In order to preserve old behaiour for '/Engine/MapTemplates/Sky/DaylightAmbientCubemap.DaylightAmbientCubemap', its maximum texture size has been explicitly set to 512.
[2022.07.15-13.06.59:022][  0]LogHMD: PokeAHoleMaterial loaded successfully
[2022.07.15-13.06.59:027][  0]LogUObjectArray: 17178 objects as part of root set at end of initial load.
[2022.07.15-13.06.59:027][  0]LogUObjectAllocator: 4302048 out of 0 bytes used by permanent object pool.
[2022.07.15-13.06.59:027][  0]LogUObjectArray: CloseDisregardForGC: 0/0 objects in disregard for GC pool
[2022.07.15-13.06.59:235][  0]LogNiagaraDebuggerClient: Niagara Debugger Client Initialized | Session: E617DDDD435731DAD6DAA5A632168438 | Instance: 5EAD316B47CA0B67A110D6BFDCA12CFF (DESKTOP-QG36584-14632).
[2022.07.15-13.06.59:328][  0]LogPython: Using Python 3.7.7
[2022.07.15-13.06.59:761][  0]LogTcpMessaging: Initializing TcpMessaging bridge
[2022.07.15-13.06.59:765][  0]LogUdpMessaging: Initializing bridge on interface 0.0.0.0:0 to multicast group 230.0.0.1:6666.
[2022.07.15-13.06.59:827][  0]LogOutputDevice: Warning: 

Script Stack (0 frames):

[2022.07.15-13.06.59:864][  0]LogStats: FPlatformStackWalk::StackWalkAndDump -  0.038 s
[2022.07.15-13.06.59:864][  0]LogOutputDevice: Error: === Handled ensure: ===
[2022.07.15-13.06.59:864][  0]LogOutputDevice: Error: 
[2022.07.15-13.06.59:864][  0]LogOutputDevice: Error: Ensure condition failed: !AttachmentRules.bWeldSimulatedBodies [File:D:/Build/++UE4/Sync/Engine/Source/Runtime/Engine/Private/Components/SceneComponent.cpp] [Line: 1825]
[2022.07.15-13.06.59:864][  0]LogOutputDevice: Error: AttachToComponent when called from a constructor cannot weld simulated bodies. Consider calling SetupAttachment directly instead.
[2022.07.15-13.06.59:864][  0]LogOutputDevice: Error: Stack: 
[2022.07.15-13.06.59:864][  0]LogOutputDevice: Error: [Callstack] 0x00007ffd4e544179 UE4Editor-Engine.dll!UnknownFunction []
[2022.07.15-13.06.59:864][  0]LogOutputDevice: Error: [Callstack] 0x00007ffd4cf86bc6 UE4Editor-Engine.dll!UnknownFunction []
[2022.07.15-13.06.59:864][  0]LogOutputDevice: Error: [Callstack] 0x00007ffd32af9b3e UE4Editor-fpsgame-0629.dll!AWeaponActor::AWeaponActor() [C:\Users\danie\Documents\Gamedev VR\game\UE4 game\fpsgame\Source\fpsgame\WeaponActor.cpp:23]
[2022.07.15-13.06.59:864][  0]LogOutputDevice: Error: [Callstack] 0x00007ffd5e8d61d3 UE4Editor-CoreUObject.dll!UnknownFunction []
[2022.07.15-13.06.59:864][  0]LogOutputDevice: Error: [Callstack] 0x00007ffd5ebf8faf UE4Editor-CoreUObject.dll!UnknownFunction []
[2022.07.15-13.06.59:864][  0]LogOutputDevice: Error: [Callstack] 0x00007ffd5ebd5411 UE4Editor-CoreUObject.dll!UnknownFunction []
[2022.07.15-13.06.59:864][  0]LogOutputDevice: Error: [Callstack] 0x00007ffd5ea9ddc5 UE4Editor-CoreUObject.dll!UnknownFunction []
[2022.07.15-13.06.59:864][  0]LogOutputDevice: Error: [Callstack] 0x00007ffd5dcb1bea UE4Editor-Core.dll!UnknownFunction []
[2022.07.15-13.06.59:864][  0]LogOutputDevice: Error: [Callstack] 0x00007ffd5dcd15a3 UE4Editor-Core.dll!UnknownFunction []
[2022.07.15-13.06.59:864][  0]LogOutputDevice: Error: [Callstack] 0x00007ffd6a0e6433 UE4Editor-Projects.dll!UnknownFunction []
[2022.07.15-13.06.59:864][  0]LogOutputDevice: Error: [Callstack] 0x00007ffd6a0e674f UE4Editor-Projects.dll!UnknownFunction []
[2022.07.15-13.06.59:864][  0]LogOutputDevice: Error: [Callstack] 0x00007ff7b3735642 UE4Editor.exe!UnknownFunction []
[2022.07.15-13.06.59:864][  0]LogOutputDevice: Error: [Callstack] 0x00007ff7b3739000 UE4Editor.exe!UnknownFunction []
[2022.07.15-13.06.59:864][  0]LogOutputDevice: Error: [Callstack] 0x00007ff7b3730d2c UE4Editor.exe!UnknownFunction []
[2022.07.15-13.06.59:864][  0]LogOutputDevice: Error: [Callstack] 0x00007ff7b37310ba UE4Editor.exe!UnknownFunction []
[2022.07.15-13.06.59:865][  0]LogOutputDevice: Error: [Callstack] 0x00007ff7b37340dd UE4Editor.exe!UnknownFunction []
[2022.07.15-13.06.59:865][  0]LogOutputDevice: Error: [Callstack] 0x00007ff7b3745984 UE4Editor.exe!UnknownFunction []
[2022.07.15-13.06.59:865][  0]LogOutputDevice: Error: [Callstack] 0x00007ff7b374853a UE4Editor.exe!UnknownFunction []
[2022.07.15-13.06.59:865][  0]LogOutputDevice: Error: [Callstack] 0x00007ffdbdbf7034 KERNEL32.DLL!UnknownFunction []
[2022.07.15-13.06.59:865][  0]LogOutputDevice: Error: [Callstack] 0x00007ffdbfb62651 ntdll.dll!UnknownFunction []
[2022.07.15-13.06.59:865][  0]LogOutputDevice: Error: 
[2022.07.15-13.06.59:873][  0]LogStats:                SubmitErrorReport -  0.000 s
[2022.07.15-13.07.00:466][  0]LogStats:                    SendNewReport -  0.593 s
[2022.07.15-13.07.00:466][  0]LogStats:             FDebug::EnsureFailed -  0.639 s
[2022.07.15-13.07.00:466][  0]LogOutputDevice: Warning: 

Script Stack (0 frames):

[2022.07.15-13.07.00:486][  0]LogStats: FPlatformStackWalk::StackWalkAndDump -  0.019 s
[2022.07.15-13.07.00:486][  0]LogOutputDevice: Error: === Handled ensure: ===
[2022.07.15-13.07.00:486][  0]LogOutputDevice: Error: 
[2022.07.15-13.07.00:486][  0]LogOutputDevice: Error: Ensure condition failed: AttachmentRules.LocationRule == EAttachmentRule::KeepRelative && AttachmentRules.RotationRule == EAttachmentRule::KeepRelative && AttachmentRules.ScaleRule == EAttachmentRule::KeepRelative [File:D:/Build/++UE4/Sync/Engine/Source/Runtime/Engine/Private/Components/SceneComponent.cpp] [Line: 1826]
[2022.07.15-13.07.00:486][  0]LogOutputDevice: Error: AttachToComponent when called from a constructor is only setting up attachment and will always be treated as KeepRelative. Consider calling SetupAttachment directly instead.
[2022.07.15-13.07.00:486][  0]LogOutputDevice: Error: Stack: 
[2022.07.15-13.07.00:486][  0]LogOutputDevice: Error: [Callstack] 0x00007ffd4e5446f9 UE4Editor-Engine.dll!UnknownFunction []
[2022.07.15-13.07.00:486][  0]LogOutputDevice: Error: [Callstack] 0x00007ffd4cf86bef UE4Editor-Engine.dll!UnknownFunction []
[2022.07.15-13.07.00:486][  0]LogOutputDevice: Error: [Callstack] 0x00007ffd32af9b3e UE4Editor-fpsgame-0629.dll!AWeaponActor::AWeaponActor() [C:\Users\danie\Documents\Gamedev VR\game\UE4 game\fpsgame\Source\fpsgame\WeaponActor.cpp:23]
[2022.07.15-13.07.00:486][  0]LogOutputDevice: Error: [Callstack] 0x00007ffd5e8d61d3 UE4Editor-CoreUObject.dll!UnknownFunction []
[2022.07.15-13.07.00:486][  0]LogOutputDevice: Error: [Callstack] 0x00007ffd5ebf8faf UE4Editor-CoreUObject.dll!UnknownFunction []
[2022.07.15-13.07.00:486][  0]LogOutputDevice: Error: [Callstack] 0x00007ffd5ebd5411 UE4Editor-CoreUObject.dll!UnknownFunction []
[2022.07.15-13.07.00:486][  0]LogOutputDevice: Error: [Callstack] 0x00007ffd5ea9ddc5 UE4Editor-CoreUObject.dll!UnknownFunction []
[2022.07.15-13.07.00:486][  0]LogOutputDevice: Error: [Callstack] 0x00007ffd5dcb1bea UE4Editor-Core.dll!UnknownFunction []
[2022.07.15-13.07.00:486][  0]LogOutputDevice: Error: [Callstack] 0x00007ffd5dcd15a3 UE4Editor-Core.dll!UnknownFunction []
[2022.07.15-13.07.00:486][  0]LogOutputDevice: Error: [Callstack] 0x00007ffd6a0e6433 UE4Editor-Projects.dll!UnknownFunction []
[2022.07.15-13.07.00:486][  0]LogOutputDevice: Error: [Callstack] 0x00007ffd6a0e674f UE4Editor-Projects.dll!UnknownFunction []
[2022.07.15-13.07.00:486][  0]LogOutputDevice: Error: [Callstack] 0x00007ff7b3735642 UE4Editor.exe!UnknownFunction []
[2022.07.15-13.07.00:486][  0]LogOutputDevice: Error: [Callstack] 0x00007ff7b3739000 UE4Editor.exe!UnknownFunction []
[2022.07.15-13.07.00:486][  0]LogOutputDevice: Error: [Callstack] 0x00007ff7b3730d2c UE4Editor.exe!UnknownFunction []
[2022.07.15-13.07.00:486][  0]LogOutputDevice: Error: [Callstack] 0x00007ff7b37310ba UE4Editor.exe!UnknownFunction []
[2022.07.15-13.07.00:486][  0]LogOutputDevice: Error: [Callstack] 0x00007ff7b37340dd UE4Editor.exe!UnknownFunction []
[2022.07.15-13.07.00:486][  0]LogOutputDevice: Error: [Callstack] 0x00007ff7b3745984 UE4Editor.exe!UnknownFunction []
[2022.07.15-13.07.00:486][  0]LogOutputDevice: Error: [Callstack] 0x00007ff7b374853a UE4Editor.exe!UnknownFunction []
[2022.07.15-13.07.00:486][  0]LogOutputDevice: Error: [Callstack] 0x00007ffdbdbf7034 KERNEL32.DLL!UnknownFunction []
[2022.07.15-13.07.00:486][  0]LogOutputDevice: Error: [Callstack] 0x00007ffdbfb62651 ntdll.dll!UnknownFunction []
[2022.07.15-13.07.00:486][  0]LogOutputDevice: Error: 
[2022.07.15-13.07.00:488][  0]LogStats:                SubmitErrorReport -  0.000 s
