Log file open, 12/03/22 16:32:23
LogWindows: Failed to load 'aqProf.dll' (GetLastError=126)
LogWindows: File 'aqProf.dll' does not exist
LogWindows: Failed to load 'VtuneApi.dll' (GetLastError=126)
LogWindows: File 'VtuneApi.dll' does not exist
LogWindows: Failed to load 'VtuneApi32e.dll' (GetLastError=126)
LogWindows: File 'VtuneApi32e.dll' does not exist
LogConsoleResponse: Display: Failed to find resolution value strings in scalability ini. Falling back to default.
LogConsoleResponse: Display: Failed to find resolution value strings in scalability ini. Falling back to default.
LogInit: Display: Running engine for game: fpsgame
LogPlatformFile: Not using cached read wrapper
LogTaskGraph: Started task graph with 5 named threads and 17 total threads with 3 sets of task threads.
LogStats: Stats thread started at 0.229890
LogICUInternationalization: ICU TimeZone Detection - Raw Offset: +0:00, Platform Override: ''
LogInit: Display: Loading text-based GConfig....
LogPluginManager: Mounting plugin MeshPainting
LogPluginManager: Mounting plugin XGEController
LogPluginManager: Mounting plugin Paper2D
LogPluginManager: Mounting plugin AISupport
LogPluginManager: Mounting plugin EnvironmentQueryEditor
LogPluginManager: Mounting plugin LiveLink
LogPluginManager: Mounting plugin LightPropagationVolume
LogPluginManager: Mounting plugin CameraShakePreviewer
LogPluginManager: Mounting plugin GameplayCameras
LogPluginManager: Mounting plugin OodleData
LogPluginManager: Mounting plugin OodleNetwork
LogPluginManager: Mounting plugin AnimationSharing
LogPluginManager: Mounting plugin CLionSourceCodeAccess
LogPluginManager: Mounting plugin CodeLiteSourceCodeAccess
LogPluginManager: Mounting plugin GitSourceControl
LogPluginManager: Mounting plugin KDevelopSourceCodeAccess
LogPluginManager: Mounting plugin NullSourceCodeAccess
LogPluginManager: Mounting plugin PerforceSourceControl
LogPluginManager: Mounting plugin PixWinPlugin
LogPluginManager: Mounting plugin PlasticSourceControl
LogPluginManager: Mounting plugin PluginUtils
LogPluginManager: Mounting plugin PropertyAccessNode
LogPluginManager: Mounting plugin RiderSourceCodeAccess
LogPluginManager: Mounting plugin SubversionSourceControl
LogPluginManager: Mounting plugin TextureFormatOodle
LogPluginManager: Mounting plugin UObjectPlugin
LogPluginManager: Mounting plugin VisualStudioCodeSourceCodeAccess
LogPluginManager: Mounting plugin VisualStudioSourceCodeAccess
LogPluginManager: Mounting plugin XCodeSourceCodeAccess
LogPluginManager: Mounting plugin AssetManagerEditor
LogPluginManager: Mounting plugin CryptoKeys
LogPluginManager: Mounting plugin CurveEditorTools
LogPluginManager: Mounting plugin DataValidation
LogPluginManager: Mounting plugin FacialAnimation
LogPluginManager: Mounting plugin GameplayTagsEditor
LogPluginManager: Mounting plugin GeometryMode
LogPluginManager: Mounting plugin MacGraphicsSwitching
LogPluginManager: Mounting plugin MaterialAnalyzer
LogPluginManager: Mounting plugin MobileLauncherProfileWizard
LogPluginManager: Mounting plugin PluginBrowser
LogPluginManager: Mounting plugin SpeedTreeImporter
LogPluginManager: Mounting plugin DatasmithContent
LogPluginManager: Mounting plugin VariantManagerContent
LogPluginManager: Mounting plugin AlembicImporter
LogPluginManager: Mounting plugin AutomationUtils
LogPluginManager: Mounting plugin BackChannel
LogPluginManager: Mounting plugin ChaosCloth
LogPluginManager: Mounting plugin ChaosClothEditor
LogPluginManager: Mounting plugin ChaosEditor
LogPluginManager: Mounting plugin ChaosNiagara
LogPluginManager: Mounting plugin ChaosSolverPlugin
LogPluginManager: Mounting plugin CharacterAI
LogPluginManager: Mounting plugin GeometryCache
LogPluginManager: Mounting plugin GeometryCollectionPlugin
LogPluginManager: Mounting plugin GeometryProcessing
LogPluginManager: Mounting plugin MotoSynth
LogPluginManager: Mounting plugin OpenImageDenoise
LogPluginManager: Mounting plugin PlanarCut
LogPluginManager: Mounting plugin PlatformCrypto
LogPluginManager: Mounting plugin ProxyLODPlugin
LogPluginManager: Mounting plugin PythonScriptPlugin
LogPluginManager: Mounting plugin SkeletalReduction
LogPluginManager: Mounting plugin Niagara
LogPluginManager: Mounting plugin LuminPlatformFeatures
LogPluginManager: Mounting plugin MagicLeap
LogPluginManager: Mounting plugin MagicLeapLightEstimation
LogPluginManager: Mounting plugin MagicLeapMedia
LogPluginManager: Mounting plugin MagicLeapPassableWorld
LogPluginManager: Mounting plugin MLSDK
LogPluginManager: Mounting plugin AndroidMedia
LogPluginManager: Mounting plugin AvfMedia
LogPluginManager: Mounting plugin ImgMedia
LogPluginManager: Mounting plugin MediaCompositing
LogPluginManager: Mounting plugin MediaPlayerEditor
LogPluginManager: Mounting plugin WebMMedia
LogPluginManager: Mounting plugin WmfMedia
LogPluginManager: Mounting plugin TcpMessaging
LogPluginManager: Mounting plugin UdpMessaging
LogPluginManager: Mounting plugin ActorSequence
LogPluginManager: Mounting plugin LevelSequenceEditor
LogPluginManager: Mounting plugin MatineeToLevelSequence
LogPluginManager: Mounting plugin TemplateSequence
LogPluginManager: Mounting plugin OnlineSubsystem
LogPluginManager: Mounting plugin OnlineSubsystemNull
LogPluginManager: Mounting plugin OnlineSubsystemUtils
LogPluginManager: Mounting plugin LauncherChunkInstaller
LogPluginManager: Mounting plugin ActorLayerUtilities
LogPluginManager: Mounting plugin AndroidDeviceProfileSelector
LogPluginManager: Mounting plugin AndroidMoviePlayer
LogPluginManager: Mounting plugin AndroidPermission
LogPluginManager: Mounting plugin AppleImageUtils
LogPluginManager: Mounting plugin AppleMoviePlayer
LogPluginManager: Mounting plugin ArchVisCharacter
LogPluginManager: Mounting plugin AssetTags
LogPluginManager: Mounting plugin AudioCapture
LogPluginManager: Mounting plugin AudioSynesthesia
LogPluginManager: Mounting plugin CableComponent
LogPluginManager: Mounting plugin ChunkDownloader
LogPluginManager: Mounting plugin CustomMeshComponent
LogPluginManager: Mounting plugin EditableMesh
LogPluginManager: Mounting plugin ExampleDeviceProfileSelector
LogPluginManager: Mounting plugin GoogleCloudMessaging
LogPluginManager: Mounting plugin GooglePAD
LogPluginManager: Mounting plugin IOSDeviceProfileSelector
LogPluginManager: Mounting plugin LinuxDeviceProfileSelector
LogPluginManager: Mounting plugin LocationServicesBPLibrary
LogPluginManager: Mounting plugin MobilePatchingUtils
LogPluginManager: Mounting plugin OpenXR
LogPluginManager: Mounting plugin OpenXREyeTracker
LogPluginManager: Mounting plugin OpenXRHandTracking
LogPluginManager: Mounting plugin PhysXVehicles
LogPluginManager: Mounting plugin PostSplashScreen
LogPluginManager: Mounting plugin ProceduralMeshComponent
LogPluginManager: Mounting plugin PropertyAccessEditor
LogPluginManager: Mounting plugin RuntimePhysXCooking
LogPluginManager: Mounting plugin SignificanceManager
LogPluginManager: Mounting plugin SoundFields
LogPluginManager: Mounting plugin Synthesis
LogPluginManager: Mounting plugin WebMMoviePlayer
LogPluginManager: Mounting plugin WindowsMoviePlayer
LogPluginManager: Mounting plugin ScreenshotTools
LogPluginManager: Mounting plugin Takes
LogPluginManager: Mounting plugin ContentBrowserAssetDataSource
LogPluginManager: Mounting plugin ContentBrowserClassDataSource
LogPluginManager: Mounting plugin ContentBrowserFileDataSource
LogPluginManager: Mounting plugin OnlineSubsystemGooglePlay
LogPluginManager: Mounting plugin OnlineSubsystemIOS
LogPluginManager: Mounting plugin OculusVR
LogPluginManager: Mounting plugin SteamVR
PixWinPlugin: PIX capture plugin failed to initialize! Check that the process is launched from PIX.
LogInit: Using libcurl 7.55.1-DEV
LogInit:  - built for x86_64-pc-win32
LogInit:  - supports SSL with OpenSSL/1.1.1
LogInit:  - supports HTTP deflate (compression) using libz 1.2.8
LogInit:  - other features:
LogInit:      CURL_VERSION_SSL
LogInit:      CURL_VERSION_LIBZ
LogInit:      CURL_VERSION_IPV6
LogInit:      CURL_VERSION_ASYNCHDNS
LogInit:      CURL_VERSION_LARGEFILE
LogInit:      CURL_VERSION_IDN
LogInit:  CurlRequestOptions (configurable via config and command line):
LogInit:  - bVerifyPeer = true  - Libcurl will verify peer certificate
LogInit:  - bUseHttpProxy = false  - Libcurl will NOT use HTTP proxy
LogInit:  - bDontReuseConnections = false  - Libcurl will reuse connections
LogInit:  - MaxHostConnections = 16  - Libcurl will limit the number of connections to a host
LogInit:  - LocalHostAddr = Default
LogInit:  - BufferSize = 65536
LogOnline: OSS: Creating online subsystem instance for: NULL
LogInit: WinSock: version 1.1 (2.2), MaxSocks=32767, MaxUdp=65467
LogOnline: OSS: TryLoadSubsystemAndSetDefault: Loaded subsystem for module [NULL]
LogInit: Build: ++UE4+Release-4.27-CL-18319896
LogInit: Engine Version: 4.27.2-18319896+++UE4+Release-4.27
LogInit: Compatible Engine Version: 4.27.0-17155196+++UE4+Release-4.27
LogInit: Net CL: 17155196
LogInit: OS: Windows 10 (Release 2009) (), CPU: AMD Ryzen 5 3600X 6-Core Processor             , GPU: AMD Radeon RX 5700 XT
LogInit: Compiled (64-bit): Nov 30 2021 07:12:08
LogInit: Compiled with Visual C++: 19.24.28315.00
LogInit: Build Configuration: Development
LogInit: Branch Name: ++UE4+Release-4.27
LogInit: Command Line:  /Game/Maps/TestMap -game -PIEVIACONSOLE -Multiprocess -server -log "GameUserSettingsINI=C:/Users/danie/Documents/Gamedev VR/game/UE4 game/fpsgame/Saved/Config/Windows/PIEGameUserSettings0.ini" -MultiprocessSaveConfig -forcepassthrough -messaging -SessionName="Play in Standalone Game" -port=17777 -PktLagMin=0 -PktLagMax=0 -PktLoss=0 -PktIncomingLagMin=0 -PktIncomingLagMax=0 -PktIncomingLoss=0 -windowed
LogInit: Base Directory: C:/Program Files/Epic Games/UE_4.27/Engine/Binaries/Win64/
LogInit: Allocator: TBB
LogInit: Installed Engine Build: 1
LogDevObjectVersion: Number of dev versions registered: 29
LogDevObjectVersion:   Dev-Blueprints (B0D832E4-1F89-4F0D-ACCF-7EB736FD4AA2): 10
LogDevObjectVersion:   Dev-Build (E1C64328-A22C-4D53-A36C-8E866417BD8C): 0
LogDevObjectVersion:   Dev-Core (375EC13C-06E4-48FB-B500-84F0262A717E): 4
LogDevObjectVersion:   Dev-Editor (E4B068ED-F494-42E9-A231-DA0B2E46BB41): 40
LogDevObjectVersion:   Dev-Framework (CFFC743F-43B0-4480-9391-14DF171D2073): 37
LogDevObjectVersion:   Dev-Mobile (B02B49B5-BB20-44E9-A304-32B752E40360): 3
LogDevObjectVersion:   Dev-Networking (A4E4105C-59A1-49B5-A7C5-40C4547EDFEE): 0
LogDevObjectVersion:   Dev-Online (39C831C9-5AE6-47DC-9A44-9C173E1C8E7C): 0
LogDevObjectVersion:   Dev-Physics (78F01B33-EBEA-4F98-B9B4-84EACCB95AA2): 14
LogDevObjectVersion:   Dev-Platform (6631380F-2D4D-43E0-8009-CF276956A95A): 0
LogDevObjectVersion:   Dev-Rendering (12F88B9F-8875-4AFC-A67C-D90C383ABD29): 45
LogDevObjectVersion:   Dev-Sequencer (7B5AE74C-D270-4C10-A958-57980B212A5A): 13
LogDevObjectVersion:   Dev-VR (D7296918-1DD6-4BDD-9DE2-64A83CC13884): 3
LogDevObjectVersion:   Dev-LoadTimes (C2A15278-BFE7-4AFE-6C17-90FF531DF755): 1
LogDevObjectVersion:   Private-Geometry (6EACA3D4-40EC-4CC1-B786-8BED09428FC5): 3
LogDevObjectVersion:   Dev-AnimPhys (29E575DD-E0A3-4627-9D10-D276232CDCEA): 17
LogDevObjectVersion:   Dev-Anim (AF43A65D-7FD3-4947-9873-3E8ED9C1BB05): 15
LogDevObjectVersion:   Dev-ReflectionCapture (6B266CEC-1EC7-4B8F-A30B-E4D90942FC07): 1
LogDevObjectVersion:   Dev-Automation (0DF73D61-A23F-47EA-B727-89E90C41499A): 1
LogDevObjectVersion:   FortniteMain (601D1886-AC64-4F84-AA16-D3DE0DEAC7D6): 47
LogDevObjectVersion:   FortniteRelease (E7086368-6B23-4C58-8439-1B7016265E91): 1
LogDevObjectVersion:   Dev-Enterprise (9DFFBCD6-494F-0158-E221-12823C92A888): 10
LogDevObjectVersion:   Dev-Niagara (F2AED0AC-9AFE-416F-8664-AA7FFA26D6FC): 1
LogDevObjectVersion:   Dev-Destruction (174F1F0B-B4C6-45A5-B13F-2EE8D0FB917D): 10
LogDevObjectVersion:   Dev-Physics-Ext (35F94A83-E258-406C-A318-09F59610247C): 41
LogDevObjectVersion:   Dev-PhysicsMaterial-Chaos (B68FC16E-8B1B-42E2-B453-215C058844FE): 1
LogDevObjectVersion:   Dev-CineCamera (B2E18506-4273-CFC2-A54E-F4BB758BBA07): 1
LogDevObjectVersion:   Dev-VirtualProduction (64F58936-FD1B-42BA-BA96-7289D5D0FA4E): 1
LogDevObjectVersion:   Dev-MediaFramework (6F0ED827-A609-4895-9C91-998D90180EA4): 2
LogInit: Presizing for max 25165824 objects, including 0 objects not considered by GC, pre-allocating 0 bytes for permanent pool.
LogConfig: Applying CVar settings from Section [/Script/Engine.StreamingSettings] File [C:/Users/danie/Documents/Gamedev VR/game/UE4 game/fpsgame/Saved/Config/Windows/Engine.ini]
LogConfig: Setting CVar [[s.MinBulkDataSizeForAsyncLoading:131072]]
LogConfig: Setting CVar [[s.AsyncLoadingThreadEnabled:0]]
LogConfig: Setting CVar [[s.EventDrivenLoaderEnabled:1]]
LogConfig: Setting CVar [[s.WarnIfTimeLimitExceeded:0]]
LogConfig: Setting CVar [[s.TimeLimitExceededMultiplier:1.5]]
LogConfig: Setting CVar [[s.TimeLimitExceededMinTime:0.005]]
LogConfig: Setting CVar [[s.UseBackgroundLevelStreaming:1]]
LogConfig: Setting CVar [[s.PriorityAsyncLoadingExtraTime:15.0]]
LogConfig: Setting CVar [[s.LevelStreamingActorsUpdateTimeLimit:5.0]]
LogConfig: Setting CVar [[s.PriorityLevelStreamingActorsUpdateExtraTime:5.0]]
LogConfig: Setting CVar [[s.LevelStreamingComponentsRegistrationGranularity:10]]
LogConfig: Setting CVar [[s.UnregisterComponentsTimeLimit:1.0]]
LogConfig: Setting CVar [[s.LevelStreamingComponentsUnregistrationGranularity:5]]
LogConfig: Setting CVar [[s.FlushStreamingOnExit:1]]
LogInit: Object subsystem initialized
LogConfig: Setting CVar [[con.DebugEarlyDefault:1]]
LogConfig: Setting CVar [[r.setres:1280x720]]
[2022.12.03-16.32.24:212][  0]LogConfig: Setting CVar [[con.DebugEarlyDefault:1]]
[2022.12.03-16.32.24:212][  0]LogConfig: Setting CVar [[r.setres:1280x720]]
[2022.12.03-16.32.24:212][  0]LogConfig: Applying CVar settings from Section [/Script/Engine.RendererSettings] File [C:/Users/danie/Documents/Gamedev VR/game/UE4 game/fpsgame/Saved/Config/Windows/Engine.ini]
[2022.12.03-16.32.24:212][  0]LogConfig: Setting CVar [[r.GPUCrashDebugging:0]]
[2022.12.03-16.32.24:213][  0]LogConfig: Setting CVar [[r.Mobile.DisableVertexFog:1]]
[2022.12.03-16.32.24:213][  0]LogConfig: Setting CVar [[r.Shadow.CSM.MaxMobileCascades:2]]
[2022.12.03-16.32.24:213][  0]LogConfig: Setting CVar [[r.MobileMSAA:1]]
[2022.12.03-16.32.24:213][  0]LogConfig: Setting CVar [[r.Mobile.AllowDitheredLODTransition:0]]
[2022.12.03-16.32.24:214][  0]LogConfig: Setting CVar [[r.Mobile.AllowSoftwareOcclusion:0]]
[2022.12.03-16.32.24:216][  0]LogConfig: Setting CVar [[r.Mobile.VirtualTextures:0]]
[2022.12.03-16.32.24:216][  0]LogConfig: Setting CVar [[r.DiscardUnusedQuality:0]]
[2022.12.03-16.32.24:216][  0]LogConfig: Setting CVar [[r.AllowOcclusionQueries:1]]
[2022.12.03-16.32.24:217][  0]LogConfig: Setting CVar [[r.MinScreenRadiusForLights:0.030000]]
[2022.12.03-16.32.24:217][  0]LogConfig: Setting CVar [[r.MinScreenRadiusForDepthPrepass:0.030000]]
[2022.12.03-16.32.24:217][  0]LogConfig: Setting CVar [[r.MinScreenRadiusForCSMDepth:0.010000]]
[2022.12.03-16.32.24:217][  0]LogConfig: Setting CVar [[r.PrecomputedVisibilityWarning:0]]
[2022.12.03-16.32.24:218][  0]LogConfig: Setting CVar [[r.TextureStreaming:1]]
[2022.12.03-16.32.24:218][  0]LogConfig: Setting CVar [[Compat.UseDXT5NormalMaps:0]]
[2022.12.03-16.32.24:218][  0]LogConfig: Setting CVar [[r.VirtualTextures:0]]
[2022.12.03-16.32.24:218][  0]LogConfig: Setting CVar [[r.VT.EnableAutoImport:1]]
[2022.12.03-16.32.24:219][  0]LogConfig: Setting CVar [[r.VirtualTexturedLightmaps:0]]
[2022.12.03-16.32.24:219][  0]LogConfig: Setting CVar [[r.VT.TileSize:128]]
[2022.12.03-16.32.24:219][  0]LogConfig: Setting CVar [[r.VT.TileBorderSize:4]]
[2022.12.03-16.32.24:219][  0]LogConfig: Setting CVar [[r.vt.FeedbackFactor:16]]
[2022.12.03-16.32.24:220][  0]LogConfig: Setting CVar [[r.VT.EnableCompressZlib:1]]
[2022.12.03-16.32.24:220][  0]LogConfig: Setting CVar [[r.VT.EnableCompressCrunch:0]]
[2022.12.03-16.32.24:220][  0]LogConfig: Setting CVar [[r.ClearCoatNormal:0]]
[2022.12.03-16.32.24:220][  0]LogConfig: Setting CVar [[r.ReflectionCaptureResolution:128]]
[2022.12.03-16.32.24:221][  0]LogConfig: Setting CVar [[r.Mobile.ReflectionCaptureCompression:0]]
[2022.12.03-16.32.24:221][  0]LogConfig: Setting CVar [[r.ReflectionEnvironmentLightmapMixBasedOnRoughness:1]]
[2022.12.03-16.32.24:221][  0]LogConfig: Setting CVar [[r.ForwardShading:0]]
[2022.12.03-16.32.24:222][  0]LogConfig: Setting CVar [[r.VertexFoggingForOpaque:1]]
[2022.12.03-16.32.24:222][  0]LogConfig: Setting CVar [[r.AllowStaticLighting:1]]
[2022.12.03-16.32.24:222][  0]LogConfig: Setting CVar [[r.NormalMapsForStaticLighting:0]]
[2022.12.03-16.32.24:222][  0]LogConfig: Setting CVar [[r.GenerateMeshDistanceFields:0]]
[2022.12.03-16.32.24:222][  0]LogConfig: Setting CVar [[r.DistanceFieldBuild.EightBit:0]]
[2022.12.03-16.32.24:223][  0]LogConfig: Setting CVar [[r.GenerateLandscapeGIData:0]]
[2022.12.03-16.32.24:223][  0]LogConfig: Setting CVar [[r.DistanceFieldBuild.Compress:0]]
[2022.12.03-16.32.24:224][  0]LogConfig: Setting CVar [[r.TessellationAdaptivePixelsPerTriangle:48.000000]]
[2022.12.03-16.32.24:224][  0]LogConfig: Setting CVar [[r.SeparateTranslucency:1]]
[2022.12.03-16.32.24:224][  0]LogConfig: Setting CVar [[r.TranslucentSortPolicy:0]]
[2022.12.03-16.32.24:225][  0]LogConfig: Setting CVar [[vr.VRS.HMDFixedFoveationLevel:0]]
[2022.12.03-16.32.24:225][  0]LogConfig: Setting CVar [[r.CustomDepth:1]]
[2022.12.03-16.32.24:225][  0]LogConfig: Setting CVar [[r.CustomDepthTemporalAAJitter:1]]
[2022.12.03-16.32.24:225][  0]LogConfig: Setting CVar [[r.PostProcessing.PropagateAlpha:0]]
[2022.12.03-16.32.24:226][  0]LogConfig: Setting CVar [[r.DefaultFeature.Bloom:1]]
[2022.12.03-16.32.24:226][  0]LogConfig: Setting CVar [[r.DefaultFeature.AmbientOcclusion:1]]
[2022.12.03-16.32.24:226][  0]LogConfig: Setting CVar [[r.DefaultFeature.AmbientOcclusionStaticFraction:1]]
[2022.12.03-16.32.24:226][  0]LogConfig: Setting CVar [[r.DefaultFeature.AutoExposure:0]]
[2022.12.03-16.32.24:227][  0]LogConfig: Setting CVar [[r.DefaultFeature.AutoExposure.Method:0]]
[2022.12.03-16.32.24:227][  0]LogConfig: Setting CVar [[r.DefaultFeature.AutoExposure.Bias:1.000000]]
[2022.12.03-16.32.24:227][  0]LogConfig: Setting CVar [[r.DefaultFeature.AutoExposure.ExtendDefaultLuminanceRange:0]]
[2022.12.03-16.32.24:227][  0]LogConfig: Setting CVar [[r.UsePreExposure:1]]
[2022.12.03-16.32.24:228][  0]LogConfig: Setting CVar [[r.EyeAdaptation.EditorOnly:0]]
[2022.12.03-16.32.24:228][  0]LogConfig: Setting CVar [[r.DefaultFeature.MotionBlur:0]]
[2022.12.03-16.32.24:228][  0]LogConfig: Setting CVar [[r.DefaultFeature.LensFlare:0]]
[2022.12.03-16.32.24:228][  0]LogConfig: Setting CVar [[r.TemporalAA.Upsampling:0]]
[2022.12.03-16.32.24:229][  0]LogConfig: Setting CVar [[r.SSGI.Enable:0]]
[2022.12.03-16.32.24:229][  0]LogConfig: Setting CVar [[r.DefaultFeature.AntiAliasing:0]]
[2022.12.03-16.32.24:229][  0]LogConfig: Setting CVar [[r.DefaultFeature.LightUnits:1]]
[2022.12.03-16.32.24:229][  0]LogConfig: Setting CVar [[r.DefaultBackBufferPixelFormat:4]]
[2022.12.03-16.32.24:230][  0]LogConfig: Setting CVar [[r.Shadow.UnbuiltPreviewInGame:1]]
[2022.12.03-16.32.24:232][  0]LogConfig: Setting CVar [[r.StencilForLODDither:0]]
[2022.12.03-16.32.24:232][  0]LogConfig: Setting CVar [[r.EarlyZPass:3]]
[2022.12.03-16.32.24:232][  0]LogConfig: Setting CVar [[r.EarlyZPassOnlyMaterialMasking:0]]
[2022.12.03-16.32.24:232][  0]LogConfig: Setting CVar [[r.DBuffer:1]]
[2022.12.03-16.32.24:233][  0]LogConfig: Setting CVar [[r.ClearSceneMethod:1]]
[2022.12.03-16.32.24:233][  0]LogConfig: Setting CVar [[r.BasePassOutputsVelocity:0]]
[2022.12.03-16.32.24:233][  0]LogConfig: Setting CVar [[r.VertexDeformationOutputsVelocity:0]]
[2022.12.03-16.32.24:234][  0]LogConfig: Setting CVar [[r.SelectiveBasePassOutputs:0]]
[2022.12.03-16.32.24:234][  0]LogConfig: Setting CVar [[fx.GPUSimulationTextureSizeX:1024]]
[2022.12.03-16.32.24:234][  0]LogConfig: Setting CVar [[fx.GPUSimulationTextureSizeY:1024]]
[2022.12.03-16.32.24:234][  0]LogConfig: Setting CVar [[r.AllowGlobalClipPlane:0]]
[2022.12.03-16.32.24:235][  0]LogConfig: Setting CVar [[r.GBufferFormat:1]]
[2022.12.03-16.32.24:235][  0]LogConfig: Setting CVar [[r.MorphTarget.Mode:1]]
[2022.12.03-16.32.24:235][  0]LogConfig: Setting CVar [[vr.InstancedStereo:0]]
[2022.12.03-16.32.24:235][  0]LogConfig: Setting CVar [[r.MobileHDR:1]]
[2022.12.03-16.32.24:236][  0]LogConfig: Setting CVar [[vr.MobileMultiView:0]]
[2022.12.03-16.32.24:236][  0]LogConfig: Setting CVar [[r.Mobile.UseHWsRGBEncoding:0]]
[2022.12.03-16.32.24:236][  0]LogConfig: Setting CVar [[vr.RoundRobinOcclusion:0]]
[2022.12.03-16.32.24:236][  0]LogConfig: Setting CVar [[vr.ODSCapture:0]]
[2022.12.03-16.32.24:237][  0]LogConfig: Setting CVar [[r.MeshStreaming:0]]
[2022.12.03-16.32.24:237][  0]LogConfig: Setting CVar [[r.WireframeCullThreshold:5.000000]]
[2022.12.03-16.32.24:237][  0]LogConfig: Setting CVar [[r.RayTracing:0]]
[2022.12.03-16.32.24:237][  0]LogConfig: Setting CVar [[r.RayTracing.UseTextureLod:0]]
[2022.12.03-16.32.24:238][  0]LogConfig: Setting CVar [[r.SupportStationarySkylight:1]]
[2022.12.03-16.32.24:238][  0]LogConfig: Setting CVar [[r.SupportLowQualityLightmaps:1]]
[2022.12.03-16.32.24:238][  0]LogConfig: Setting CVar [[r.SupportPointLightWholeSceneShadows:1]]
[2022.12.03-16.32.24:238][  0]LogConfig: Setting CVar [[r.SupportAtmosphericFog:1]]
[2022.12.03-16.32.24:239][  0]LogConfig: Setting CVar [[r.SupportSkyAtmosphere:1]]
[2022.12.03-16.32.24:239][  0]LogConfig: Setting CVar [[r.SupportSkyAtmosphereAffectsHeightFog:0]]
[2022.12.03-16.32.24:239][  0]LogConfig: Setting CVar [[r.SkinCache.CompileShaders:0]]
[2022.12.03-16.32.24:239][  0]LogConfig: Setting CVar [[r.SkinCache.DefaultBehavior:1]]
[2022.12.03-16.32.24:240][  0]LogConfig: Setting CVar [[r.SkinCache.SceneMemoryLimitInMB:128.000000]]
[2022.12.03-16.32.24:240][  0]LogConfig: Setting CVar [[r.Mobile.EnableStaticAndCSMShadowReceivers:1]]
[2022.12.03-16.32.24:240][  0]LogConfig: Setting CVar [[r.Mobile.EnableMovableLightCSMShaderCulling:1]]
[2022.12.03-16.32.24:241][  0]LogConfig: Setting CVar [[r.Mobile.AllowDistanceFieldShadows:1]]
[2022.12.03-16.32.24:241][  0]LogConfig: Setting CVar [[r.Mobile.AllowMovableDirectionalLights:1]]
[2022.12.03-16.32.24:241][  0]LogConfig: Setting CVar [[r.MobileNumDynamicPointLights:4]]
[2022.12.03-16.32.24:241][  0]LogConfig: Setting CVar [[r.MobileDynamicPointLightsUseStaticBranch:1]]
[2022.12.03-16.32.24:242][  0]LogConfig: Setting CVar [[r.Mobile.EnableMovableSpotlights:0]]
[2022.12.03-16.32.24:242][  0]LogConfig: Setting CVar [[r.Mobile.EnableMovableSpotlightsShadow:0]]
[2022.12.03-16.32.24:242][  0]LogConfig: Setting CVar [[r.GPUSkin.Support16BitBoneIndex:0]]
[2022.12.03-16.32.24:242][  0]LogConfig: Setting CVar [[r.GPUSkin.Limit2BoneInfluences:0]]
[2022.12.03-16.32.24:243][  0]LogConfig: Setting CVar [[r.SupportDepthOnlyIndexBuffers:1]]
[2022.12.03-16.32.24:243][  0]LogConfig: Setting CVar [[r.SupportReversedIndexBuffers:1]]
[2022.12.03-16.32.24:243][  0]LogConfig: Setting CVar [[r.LightPropagationVolume:0]]
[2022.12.03-16.32.24:243][  0]LogConfig: Setting CVar [[r.Mobile.AmbientOcclusion:0]]
[2022.12.03-16.32.24:244][  0]LogConfig: Setting CVar [[r.GPUSkin.UnlimitedBoneInfluences:0]]
[2022.12.03-16.32.24:244][  0]LogConfig: Setting CVar [[r.GPUSkin.UnlimitedBoneInfluencesThreshold:8]]
[2022.12.03-16.32.24:244][  0]LogConfig: Setting CVar [[r.Mobile.PlanarReflectionMode:0]]
[2022.12.03-16.32.24:244][  0]LogConfig: Setting CVar [[r.Mobile.SupportsGen4TAA:0]]
[2022.12.03-16.32.24:245][  0]LogConfig: Applying CVar settings from Section [/Script/Engine.RendererOverrideSettings] File [C:/Users/danie/Documents/Gamedev VR/game/UE4 game/fpsgame/Saved/Config/Windows/Engine.ini]
[2022.12.03-16.32.24:245][  0]LogConfig: Applying CVar settings from Section [/Script/Engine.StreamingSettings] File [C:/Users/danie/Documents/Gamedev VR/game/UE4 game/fpsgame/Saved/Config/Windows/Engine.ini]
[2022.12.03-16.32.24:245][  0]LogConfig: Setting CVar [[s.MinBulkDataSizeForAsyncLoading:131072]]
[2022.12.03-16.32.24:246][  0]LogConfig: Setting CVar [[s.AsyncLoadingThreadEnabled:0]]
[2022.12.03-16.32.24:248][  0]LogConfig: Setting CVar [[s.EventDrivenLoaderEnabled:1]]
[2022.12.03-16.32.24:248][  0]LogConfig: Setting CVar [[s.WarnIfTimeLimitExceeded:0]]
[2022.12.03-16.32.24:249][  0]LogConfig: Setting CVar [[s.TimeLimitExceededMultiplier:1.5]]
[2022.12.03-16.32.24:249][  0]LogConfig: Setting CVar [[s.TimeLimitExceededMinTime:0.005]]
[2022.12.03-16.32.24:249][  0]LogConfig: Setting CVar [[s.UseBackgroundLevelStreaming:1]]
[2022.12.03-16.32.24:249][  0]LogConfig: Setting CVar [[s.PriorityAsyncLoadingExtraTime:15.0]]
[2022.12.03-16.32.24:249][  0]LogConfig: Setting CVar [[s.LevelStreamingActorsUpdateTimeLimit:5.0]]
[2022.12.03-16.32.24:250][  0]LogConfig: Setting CVar [[s.PriorityLevelStreamingActorsUpdateExtraTime:5.0]]
[2022.12.03-16.32.24:250][  0]LogConfig: Setting CVar [[s.LevelStreamingComponentsRegistrationGranularity:10]]
[2022.12.03-16.32.24:250][  0]LogConfig: Setting CVar [[s.UnregisterComponentsTimeLimit:1.0]]
[2022.12.03-16.32.24:251][  0]LogConfig: Setting CVar [[s.LevelStreamingComponentsUnregistrationGranularity:5]]
[2022.12.03-16.32.24:251][  0]LogConfig: Setting CVar [[s.FlushStreamingOnExit:1]]
[2022.12.03-16.32.24:251][  0]LogConfig: Applying CVar settings from Section [/Script/Engine.GarbageCollectionSettings] File [C:/Users/danie/Documents/Gamedev VR/game/UE4 game/fpsgame/Saved/Config/Windows/Engine.ini]
[2022.12.03-16.32.24:251][  0]LogConfig: Setting CVar [[gc.MaxObjectsNotConsideredByGC:1]]
[2022.12.03-16.32.24:252][  0]LogConfig: Setting CVar [[gc.SizeOfPermanentObjectPool:0]]
[2022.12.03-16.32.24:252][  0]LogConfig: Setting CVar [[gc.FlushStreamingOnGC:0]]
[2022.12.03-16.32.24:252][  0]LogConfig: Setting CVar [[gc.NumRetriesBeforeForcingGC:10]]
[2022.12.03-16.32.24:252][  0]LogConfig: Setting CVar [[gc.AllowParallelGC:1]]
[2022.12.03-16.32.24:253][  0]LogConfig: Setting CVar [[gc.TimeBetweenPurgingPendingKillObjects:61.1]]
[2022.12.03-16.32.24:253][  0]LogConfig: Setting CVar [[gc.MaxObjectsInEditor:25165824]]
[2022.12.03-16.32.24:253][  0]LogConfig: Setting CVar [[gc.IncrementalBeginDestroyEnabled:1]]
[2022.12.03-16.32.24:253][  0]LogConfig: Setting CVar [[gc.CreateGCClusters:1]]
[2022.12.03-16.32.24:254][  0]LogConfig: Setting CVar [[gc.MinGCClusterSize:5]]
[2022.12.03-16.32.24:254][  0]LogConfig: Setting CVar [[gc.ActorClusteringEnabled:0]]
[2022.12.03-16.32.24:254][  0]LogConfig: Setting CVar [[gc.BlueprintClusteringEnabled:0]]
[2022.12.03-16.32.24:254][  0]LogConfig: Setting CVar [[gc.UseDisregardForGCOnDedicatedServers:0]]
[2022.12.03-16.32.24:255][  0]LogConfig: Setting CVar [[gc.MultithreadedDestructionEnabled:1]]
[2022.12.03-16.32.24:255][  0]LogConfig: Applying CVar settings from Section [/Script/Engine.NetworkSettings] File [C:/Users/danie/Documents/Gamedev VR/game/UE4 game/fpsgame/Saved/Config/Windows/Engine.ini]
[2022.12.03-16.32.24:255][  0]LogConfig: Applying CVar settings from Section [/Script/UnrealEd.CookerSettings] File [C:/Users/danie/Documents/Gamedev VR/game/UE4 game/fpsgame/Saved/Config/Windows/Engine.ini]
[2022.12.03-16.32.24:256][  0]LogConfig: Applying CVar settings from Section [ViewDistanceQuality@3] File [C:/Users/danie/Documents/Gamedev VR/game/UE4 game/fpsgame/Saved/Config/Windows/Scalability.ini]
[2022.12.03-16.32.24:256][  0]LogConfig: Setting CVar [[r.SkeletalMeshLODBias:0]]
[2022.12.03-16.32.24:256][  0]LogConfig: Setting CVar [[r.ViewDistanceScale:1.0]]
[2022.12.03-16.32.24:256][  0]LogConfig: Applying CVar settings from Section [AntiAliasingQuality@3] File [C:/Users/danie/Documents/Gamedev VR/game/UE4 game/fpsgame/Saved/Config/Windows/Scalability.ini]
[2022.12.03-16.32.24:257][  0]LogConfig: Setting CVar [[r.PostProcessAAQuality:4]]
[2022.12.03-16.32.24:257][  0]LogConfig: Applying CVar settings from Section [ShadowQuality@3] File [C:/Users/danie/Documents/Gamedev VR/game/UE4 game/fpsgame/Saved/Config/Windows/Scalability.ini]
[2022.12.03-16.32.24:257][  0]LogConfig: Setting CVar [[r.LightFunctionQuality:1]]
[2022.12.03-16.32.24:257][  0]LogConfig: Setting CVar [[r.ShadowQuality:5]]
[2022.12.03-16.32.24:258][  0]LogConfig: Setting CVar [[r.Shadow.CSM.MaxCascades:10]]
[2022.12.03-16.32.24:258][  0]LogConfig: Setting CVar [[r.Shadow.MaxResolution:2048]]
[2022.12.03-16.32.24:258][  0]LogConfig: Setting CVar [[r.Shadow.MaxCSMResolution:2048]]
[2022.12.03-16.32.24:258][  0]LogConfig: Setting CVar [[r.Shadow.RadiusThreshold:0.01]]
[2022.12.03-16.32.24:259][  0]LogConfig: Setting CVar [[r.Shadow.DistanceScale:1.0]]
[2022.12.03-16.32.24:259][  0]LogConfig: Setting CVar [[r.Shadow.CSM.TransitionScale:1.0]]
[2022.12.03-16.32.24:259][  0]LogConfig: Setting CVar [[r.Shadow.PreShadowResolutionFactor:1.0]]
[2022.12.03-16.32.24:260][  0]LogConfig: Setting CVar [[r.DistanceFieldShadowing:1]]
[2022.12.03-16.32.24:260][  0]LogConfig: Setting CVar [[r.DistanceFieldAO:1]]
[2022.12.03-16.32.24:260][  0]LogConfig: Setting CVar [[r.AOQuality:2]]
[2022.12.03-16.32.24:260][  0]LogConfig: Setting CVar [[r.VolumetricFog:1]]
[2022.12.03-16.32.24:261][  0]LogConfig: Setting CVar [[r.VolumetricFog.GridPixelSize:8]]
[2022.12.03-16.32.24:261][  0]LogConfig: Setting CVar [[r.VolumetricFog.GridSizeZ:128]]
[2022.12.03-16.32.24:261][  0]LogConfig: Setting CVar [[r.VolumetricFog.HistoryMissSupersampleCount:4]]
[2022.12.03-16.32.24:261][  0]LogConfig: Setting CVar [[r.LightMaxDrawDistanceScale:1]]
[2022.12.03-16.32.24:262][  0]LogConfig: Setting CVar [[r.CapsuleShadows:1]]
[2022.12.03-16.32.24:264][  0]LogConfig: Applying CVar settings from Section [PostProcessQuality@3] File [C:/Users/danie/Documents/Gamedev VR/game/UE4 game/fpsgame/Saved/Config/Windows/Scalability.ini]
[2022.12.03-16.32.24:264][  0]LogConfig: Setting CVar [[r.MotionBlurQuality:4]]
[2022.12.03-16.32.24:265][  0]LogConfig: Setting CVar [[r.AmbientOcclusionMipLevelFactor:0.4]]
[2022.12.03-16.32.24:265][  0]LogConfig: Setting CVar [[r.AmbientOcclusionMaxQuality:100]]
[2022.12.03-16.32.24:265][  0]LogConfig: Setting CVar [[r.AmbientOcclusionLevels:-1]]
[2022.12.03-16.32.24:265][  0]LogConfig: Setting CVar [[r.AmbientOcclusionRadiusScale:1.0]]
[2022.12.03-16.32.24:266][  0]LogConfig: Setting CVar [[r.DepthOfFieldQuality:2]]
[2022.12.03-16.32.24:266][  0]LogConfig: Setting CVar [[r.RenderTargetPoolMin:400]]
[2022.12.03-16.32.24:266][  0]LogConfig: Setting CVar [[r.LensFlareQuality:2]]
[2022.12.03-16.32.24:266][  0]LogConfig: Setting CVar [[r.SceneColorFringeQuality:1]]
[2022.12.03-16.32.24:267][  0]LogConfig: Setting CVar [[r.EyeAdaptationQuality:2]]
[2022.12.03-16.32.24:267][  0]LogConfig: Setting CVar [[r.BloomQuality:5]]
[2022.12.03-16.32.24:267][  0]LogConfig: Setting CVar [[r.FastBlurThreshold:100]]
[2022.12.03-16.32.24:267][  0]LogConfig: Setting CVar [[r.Upscale.Quality:3]]
[2022.12.03-16.32.24:268][  0]LogConfig: Setting CVar [[r.Tonemapper.GrainQuantization:1]]
[2022.12.03-16.32.24:268][  0]LogConfig: Setting CVar [[r.LightShaftQuality:1]]
[2022.12.03-16.32.24:268][  0]LogConfig: Setting CVar [[r.Filter.SizeScale:1]]
[2022.12.03-16.32.24:268][  0]LogConfig: Setting CVar [[r.Tonemapper.Quality:5]]
[2022.12.03-16.32.24:269][  0]LogConfig: Setting CVar [[r.DOF.Gather.AccumulatorQuality:1        ; higher gathering accumulator quality]]
[2022.12.03-16.32.24:269][  0]LogConfig: Setting CVar [[r.DOF.Gather.PostfilterMethod:1          ; Median3x3 postfilering method]]
[2022.12.03-16.32.24:269][  0]LogConfig: Setting CVar [[r.DOF.Gather.EnableBokehSettings:0       ; no bokeh simulation when gathering]]
[2022.12.03-16.32.24:269][  0]LogConfig: Setting CVar [[r.DOF.Gather.RingCount:4                 ; medium number of samples when gathering]]
[2022.12.03-16.32.24:270][  0]LogConfig: Setting CVar [[r.DOF.Scatter.ForegroundCompositing:1    ; additive foreground scattering]]
[2022.12.03-16.32.24:270][  0]LogConfig: Setting CVar [[r.DOF.Scatter.BackgroundCompositing:2    ; additive background scattering]]
[2022.12.03-16.32.24:270][  0]LogConfig: Setting CVar [[r.DOF.Scatter.EnableBokehSettings:1      ; bokeh simulation when scattering]]
[2022.12.03-16.32.24:271][  0]LogConfig: Setting CVar [[r.DOF.Scatter.MaxSpriteRatio:0.1         ; only a maximum of 10% of scattered bokeh]]
[2022.12.03-16.32.24:271][  0]LogConfig: Setting CVar [[r.DOF.Recombine.Quality:1                ; cheap slight out of focus]]
[2022.12.03-16.32.24:271][  0]LogConfig: Setting CVar [[r.DOF.Recombine.EnableBokehSettings:0    ; no bokeh simulation on slight out of focus]]
[2022.12.03-16.32.24:271][  0]LogConfig: Setting CVar [[r.DOF.TemporalAAQuality:1                ; more stable temporal accumulation]]
[2022.12.03-16.32.24:272][  0]LogConfig: Setting CVar [[r.DOF.Kernel.MaxForegroundRadius:0.025]]
[2022.12.03-16.32.24:272][  0]LogConfig: Setting CVar [[r.DOF.Kernel.MaxBackgroundRadius:0.025]]
[2022.12.03-16.32.24:272][  0]LogConfig: Applying CVar settings from Section [TextureQuality@3] File [C:/Users/danie/Documents/Gamedev VR/game/UE4 game/fpsgame/Saved/Config/Windows/Scalability.ini]
[2022.12.03-16.32.24:272][  0]LogConfig: Setting CVar [[r.Streaming.MipBias:0]]
[2022.12.03-16.32.24:273][  0]LogConfig: Setting CVar [[r.Streaming.AmortizeCPUToGPUCopy:0]]
[2022.12.03-16.32.24:273][  0]LogConfig: Setting CVar [[r.Streaming.MaxNumTexturesToStreamPerFrame:0]]
[2022.12.03-16.32.24:274][  0]LogConfig: Setting CVar [[r.Streaming.Boost:1]]
[2022.12.03-16.32.24:274][  0]LogConfig: Setting CVar [[r.MaxAnisotropy:8]]
[2022.12.03-16.32.24:275][  0]LogConfig: Setting CVar [[r.VT.MaxAnisotropy:8]]
[2022.12.03-16.32.24:275][  0]LogConfig: Setting CVar [[r.Streaming.LimitPoolSizeToVRAM:0]]
[2022.12.03-16.32.24:276][  0]LogConfig: Setting CVar [[r.Streaming.PoolSize:1000]]
[2022.12.03-16.32.24:276][  0]LogConfig: Setting CVar [[r.Streaming.MaxEffectiveScreenSize:0]]
[2022.12.03-16.32.24:276][  0]LogConfig: Applying CVar settings from Section [EffectsQuality@3] File [C:/Users/danie/Documents/Gamedev VR/game/UE4 game/fpsgame/Saved/Config/Windows/Scalability.ini]
[2022.12.03-16.32.24:277][  0]LogConfig: Setting CVar [[r.TranslucencyLightingVolumeDim:64]]
[2022.12.03-16.32.24:277][  0]LogConfig: Setting CVar [[r.RefractionQuality:2]]
[2022.12.03-16.32.24:277][  0]LogConfig: Setting CVar [[r.SSR.Quality:3]]
[2022.12.03-16.32.24:278][  0]LogConfig: Setting CVar [[r.SSR.HalfResSceneColor:0]]
[2022.12.03-16.32.24:280][  0]LogConfig: Setting CVar [[r.SceneColorFormat:4]]
[2022.12.03-16.32.24:282][  0]LogConfig: Setting CVar [[r.DetailMode:2]]
[2022.12.03-16.32.24:282][  0]LogConfig: Setting CVar [[r.TranslucencyVolumeBlur:1]]
[2022.12.03-16.32.24:282][  0]LogConfig: Setting CVar [[r.MaterialQualityLevel:1 ; High quality]]
[2022.12.03-16.32.24:282][  0]LogConfig: Setting CVar [[r.AnisotropicMaterials:1]]
[2022.12.03-16.32.24:283][  0]LogConfig: Setting CVar [[r.SSS.Scale:1]]
[2022.12.03-16.32.24:283][  0]LogConfig: Setting CVar [[r.SSS.SampleSet:2]]
[2022.12.03-16.32.24:283][  0]LogConfig: Setting CVar [[r.SSS.Quality:1]]
[2022.12.03-16.32.24:283][  0]LogConfig: Setting CVar [[r.SSS.HalfRes:0]]
[2022.12.03-16.32.24:284][  0]LogConfig: Setting CVar [[r.SSGI.Quality:3]]
[2022.12.03-16.32.24:284][  0]LogConfig: Setting CVar [[r.EmitterSpawnRateScale:1.0]]
[2022.12.03-16.32.24:284][  0]LogConfig: Setting CVar [[r.ParticleLightQuality:2]]
[2022.12.03-16.32.24:284][  0]LogConfig: Setting CVar [[r.SkyAtmosphere.AerialPerspectiveLUT.FastApplyOnOpaque:1 ; Always have FastSkyLUT 1 in this case to avoid wrong sky]]
[2022.12.03-16.32.24:285][  0]LogConfig: Setting CVar [[r.SkyAtmosphere.AerialPerspectiveLUT.SampleCountMaxPerSlice:4]]
[2022.12.03-16.32.24:285][  0]LogConfig: Setting CVar [[r.SkyAtmosphere.AerialPerspectiveLUT.DepthResolution:16.0]]
[2022.12.03-16.32.24:285][  0]LogConfig: Setting CVar [[r.SkyAtmosphere.FastSkyLUT:1]]
[2022.12.03-16.32.24:285][  0]LogConfig: Setting CVar [[r.SkyAtmosphere.FastSkyLUT.SampleCountMin:4.0]]
[2022.12.03-16.32.24:286][  0]LogConfig: Setting CVar [[r.SkyAtmosphere.FastSkyLUT.SampleCountMax:128.0]]
[2022.12.03-16.32.24:286][  0]LogConfig: Setting CVar [[r.SkyAtmosphere.SampleCountMin:4.0]]
[2022.12.03-16.32.24:286][  0]LogConfig: Setting CVar [[r.SkyAtmosphere.SampleCountMax:128.0]]
[2022.12.03-16.32.24:286][  0]LogConfig: Setting CVar [[r.SkyAtmosphere.TransmittanceLUT.UseSmallFormat:0]]
[2022.12.03-16.32.24:287][  0]LogConfig: Setting CVar [[r.SkyAtmosphere.TransmittanceLUT.SampleCount:10.0]]
[2022.12.03-16.32.24:287][  0]LogConfig: Setting CVar [[r.SkyAtmosphere.MultiScatteringLUT.SampleCount:15.0]]
[2022.12.03-16.32.24:287][  0]LogConfig: Setting CVar [[r.SkyLight.RealTimeReflectionCapture:1]]
[2022.12.03-16.32.24:287][  0]LogConfig: Applying CVar settings from Section [FoliageQuality@3] File [C:/Users/danie/Documents/Gamedev VR/game/UE4 game/fpsgame/Saved/Config/Windows/Scalability.ini]
[2022.12.03-16.32.24:288][  0]LogConfig: Setting CVar [[foliage.DensityScale:1.0]]
[2022.12.03-16.32.24:288][  0]LogConfig: Setting CVar [[grass.DensityScale:1.0]]
[2022.12.03-16.32.24:288][  0]LogConfig: Applying CVar settings from Section [ShadingQuality@3] File [C:/Users/danie/Documents/Gamedev VR/game/UE4 game/fpsgame/Saved/Config/Windows/Scalability.ini]
[2022.12.03-16.32.24:289][  0]LogConfig: Setting CVar [[r.HairStrands.SkyLighting.IntegrationType:2]]
[2022.12.03-16.32.24:289][  0]LogConfig: Setting CVar [[r.HairStrands.SkyAO.SampleCount:4]]
[2022.12.03-16.32.24:289][  0]LogConfig: Setting CVar [[r.HairStrands.Visibility.MSAA.SamplePerPixel:4]]
[2022.12.03-16.32.24:289][  0]LogInit: Selected Device Profile: [Windows]
[2022.12.03-16.32.24:290][  0]LogInit: Applying CVar settings loaded from the selected device profile: [Windows]
[2022.12.03-16.32.24:291][  0]LogHAL: Display: Platform has ~ 16 GB [17128247296 / 17179869184 / 16], which maps to Larger [LargestMinGB=32, LargerMinGB=12, DefaultMinGB=8, SmallerMinGB=6, SmallestMinGB=0)
[2022.12.03-16.32.24:291][  0]LogInit: Going up to parent DeviceProfile []
[2022.12.03-16.32.24:291][  0]LogConfig: Applying CVar settings from Section [ViewDistanceQuality@3] File [C:/Users/danie/Documents/Gamedev VR/game/UE4 game/fpsgame/Saved/Config/Windows/Scalability.ini]
[2022.12.03-16.32.24:292][  0]LogConfig: Setting CVar [[r.SkeletalMeshLODBias:0]]
[2022.12.03-16.32.24:292][  0]LogConfig: Setting CVar [[r.ViewDistanceScale:1.0]]
[2022.12.03-16.32.24:292][  0]LogConfig: Applying CVar settings from Section [AntiAliasingQuality@3] File [C:/Users/danie/Documents/Gamedev VR/game/UE4 game/fpsgame/Saved/Config/Windows/Scalability.ini]
[2022.12.03-16.32.24:292][  0]LogConfig: Setting CVar [[r.PostProcessAAQuality:4]]
[2022.12.03-16.32.24:293][  0]LogConfig: Applying CVar settings from Section [ShadowQuality@3] File [C:/Users/danie/Documents/Gamedev VR/game/UE4 game/fpsgame/Saved/Config/Windows/Scalability.ini]
[2022.12.03-16.32.24:293][  0]LogConfig: Setting CVar [[r.LightFunctionQuality:1]]
[2022.12.03-16.32.24:293][  0]LogConfig: Setting CVar [[r.ShadowQuality:5]]
[2022.12.03-16.32.24:293][  0]LogConfig: Setting CVar [[r.Shadow.CSM.MaxCascades:10]]
[2022.12.03-16.32.24:294][  0]LogConfig: Setting CVar [[r.Shadow.MaxResolution:2048]]
[2022.12.03-16.32.24:296][  0]LogConfig: Setting CVar [[r.Shadow.MaxCSMResolution:2048]]
[2022.12.03-16.32.24:296][  0]LogConfig: Setting CVar [[r.Shadow.RadiusThreshold:0.01]]
[2022.12.03-16.32.24:296][  0]LogConfig: Setting CVar [[r.Shadow.DistanceScale:1.0]]
[2022.12.03-16.32.24:297][  0]LogConfig: Setting CVar [[r.Shadow.CSM.TransitionScale:1.0]]
[2022.12.03-16.32.24:297][  0]LogConfig: Setting CVar [[r.Shadow.PreShadowResolutionFactor:1.0]]
[2022.12.03-16.32.24:297][  0]LogConfig: Setting CVar [[r.DistanceFieldShadowing:1]]
[2022.12.03-16.32.24:297][  0]LogConfig: Setting CVar [[r.DistanceFieldAO:1]]
[2022.12.03-16.32.24:298][  0]LogConfig: Setting CVar [[r.AOQuality:2]]
[2022.12.03-16.32.24:298][  0]LogConfig: Setting CVar [[r.VolumetricFog:1]]
[2022.12.03-16.32.24:298][  0]LogConfig: Setting CVar [[r.VolumetricFog.GridPixelSize:8]]
[2022.12.03-16.32.24:298][  0]LogConfig: Setting CVar [[r.VolumetricFog.GridSizeZ:128]]
[2022.12.03-16.32.24:299][  0]LogConfig: Setting CVar [[r.VolumetricFog.HistoryMissSupersampleCount:4]]
[2022.12.03-16.32.24:299][  0]LogConfig: Setting CVar [[r.LightMaxDrawDistanceScale:1]]
[2022.12.03-16.32.24:299][  0]LogConfig: Setting CVar [[r.CapsuleShadows:1]]
[2022.12.03-16.32.24:300][  0]LogConfig: Applying CVar settings from Section [PostProcessQuality@3] File [C:/Users/danie/Documents/Gamedev VR/game/UE4 game/fpsgame/Saved/Config/Windows/Scalability.ini]
[2022.12.03-16.32.24:300][  0]LogConfig: Setting CVar [[r.MotionBlurQuality:4]]
[2022.12.03-16.32.24:300][  0]LogConfig: Setting CVar [[r.AmbientOcclusionMipLevelFactor:0.4]]
[2022.12.03-16.32.24:300][  0]LogConfig: Setting CVar [[r.AmbientOcclusionMaxQuality:100]]
[2022.12.03-16.32.24:301][  0]LogConfig: Setting CVar [[r.AmbientOcclusionLevels:-1]]
[2022.12.03-16.32.24:301][  0]LogConfig: Setting CVar [[r.AmbientOcclusionRadiusScale:1.0]]
[2022.12.03-16.32.24:301][  0]LogConfig: Setting CVar [[r.DepthOfFieldQuality:2]]
[2022.12.03-16.32.24:301][  0]LogConfig: Setting CVar [[r.RenderTargetPoolMin:400]]
[2022.12.03-16.32.24:302][  0]LogConfig: Setting CVar [[r.LensFlareQuality:2]]
[2022.12.03-16.32.24:302][  0]LogConfig: Setting CVar [[r.SceneColorFringeQuality:1]]
[2022.12.03-16.32.24:302][  0]LogConfig: Setting CVar [[r.EyeAdaptationQuality:2]]
[2022.12.03-16.32.24:303][  0]LogConfig: Setting CVar [[r.BloomQuality:5]]
[2022.12.03-16.32.24:303][  0]LogConfig: Setting CVar [[r.FastBlurThreshold:100]]
[2022.12.03-16.32.24:303][  0]LogConfig: Setting CVar [[r.Upscale.Quality:3]]
[2022.12.03-16.32.24:303][  0]LogConfig: Setting CVar [[r.Tonemapper.GrainQuantization:1]]
[2022.12.03-16.32.24:304][  0]LogConfig: Setting CVar [[r.LightShaftQuality:1]]
[2022.12.03-16.32.24:304][  0]LogConfig: Setting CVar [[r.Filter.SizeScale:1]]
[2022.12.03-16.32.24:304][  0]LogConfig: Setting CVar [[r.Tonemapper.Quality:5]]
[2022.12.03-16.32.24:304][  0]LogConfig: Setting CVar [[r.DOF.Gather.AccumulatorQuality:1        ; higher gathering accumulator quality]]
[2022.12.03-16.32.24:305][  0]LogConfig: Setting CVar [[r.DOF.Gather.PostfilterMethod:1          ; Median3x3 postfilering method]]
[2022.12.03-16.32.24:305][  0]LogConfig: Setting CVar [[r.DOF.Gather.EnableBokehSettings:0       ; no bokeh simulation when gathering]]
[2022.12.03-16.32.24:305][  0]LogConfig: Setting CVar [[r.DOF.Gather.RingCount:4                 ; medium number of samples when gathering]]
[2022.12.03-16.32.24:305][  0]LogConfig: Setting CVar [[r.DOF.Scatter.ForegroundCompositing:1    ; additive foreground scattering]]
[2022.12.03-16.32.24:305][  0]LogConfig: Setting CVar [[r.DOF.Scatter.BackgroundCompositing:2    ; additive background scattering]]
[2022.12.03-16.32.24:306][  0]LogConfig: Setting CVar [[r.DOF.Scatter.EnableBokehSettings:1      ; bokeh simulation when scattering]]
[2022.12.03-16.32.24:306][  0]LogConfig: Setting CVar [[r.DOF.Scatter.MaxSpriteRatio:0.1         ; only a maximum of 10% of scattered bokeh]]
[2022.12.03-16.32.24:306][  0]LogConfig: Setting CVar [[r.DOF.Recombine.Quality:1                ; cheap slight out of focus]]
[2022.12.03-16.32.24:307][  0]LogConfig: Setting CVar [[r.DOF.Recombine.EnableBokehSettings:0    ; no bokeh simulation on slight out of focus]]
[2022.12.03-16.32.24:308][  0]LogConfig: Setting CVar [[r.DOF.TemporalAAQuality:1                ; more stable temporal accumulation]]
[2022.12.03-16.32.24:308][  0]LogConfig: Setting CVar [[r.DOF.Kernel.MaxForegroundRadius:0.025]]
[2022.12.03-16.32.24:309][  0]LogConfig: Setting CVar [[r.DOF.Kernel.MaxBackgroundRadius:0.025]]
[2022.12.03-16.32.24:309][  0]LogConfig: Applying CVar settings from Section [TextureQuality@3] File [C:/Users/danie/Documents/Gamedev VR/game/UE4 game/fpsgame/Saved/Config/Windows/Scalability.ini]
[2022.12.03-16.32.24:309][  0]LogConfig: Setting CVar [[r.Streaming.MipBias:0]]
[2022.12.03-16.32.24:309][  0]LogConfig: Setting CVar [[r.Streaming.AmortizeCPUToGPUCopy:0]]
[2022.12.03-16.32.24:310][  0]LogConfig: Setting CVar [[r.Streaming.MaxNumTexturesToStreamPerFrame:0]]
[2022.12.03-16.32.24:311][  0]LogConfig: Setting CVar [[r.Streaming.Boost:1]]
[2022.12.03-16.32.24:312][  0]LogConfig: Setting CVar [[r.MaxAnisotropy:8]]
[2022.12.03-16.32.24:312][  0]LogConfig: Setting CVar [[r.VT.MaxAnisotropy:8]]
[2022.12.03-16.32.24:312][  0]LogConfig: Setting CVar [[r.Streaming.LimitPoolSizeToVRAM:0]]
[2022.12.03-16.32.24:313][  0]LogConfig: Setting CVar [[r.Streaming.PoolSize:1000]]
[2022.12.03-16.32.24:313][  0]LogConfig: Setting CVar [[r.Streaming.MaxEffectiveScreenSize:0]]
[2022.12.03-16.32.24:313][  0]LogConfig: Applying CVar settings from Section [EffectsQuality@3] File [C:/Users/danie/Documents/Gamedev VR/game/UE4 game/fpsgame/Saved/Config/Windows/Scalability.ini]
[2022.12.03-16.32.24:314][  0]LogConfig: Setting CVar [[r.TranslucencyLightingVolumeDim:64]]
[2022.12.03-16.32.24:314][  0]LogConfig: Setting CVar [[r.RefractionQuality:2]]
[2022.12.03-16.32.24:314][  0]LogConfig: Setting CVar [[r.SSR.Quality:3]]
[2022.12.03-16.32.24:314][  0]LogConfig: Setting CVar [[r.SSR.HalfResSceneColor:0]]
[2022.12.03-16.32.24:315][  0]LogConfig: Setting CVar [[r.SceneColorFormat:4]]
[2022.12.03-16.32.24:315][  0]LogConfig: Setting CVar [[r.DetailMode:2]]
[2022.12.03-16.32.24:315][  0]LogConfig: Setting CVar [[r.TranslucencyVolumeBlur:1]]
[2022.12.03-16.32.24:315][  0]LogConfig: Setting CVar [[r.MaterialQualityLevel:1 ; High quality]]
[2022.12.03-16.32.24:316][  0]LogConfig: Setting CVar [[r.AnisotropicMaterials:1]]
[2022.12.03-16.32.24:316][  0]LogConfig: Setting CVar [[r.SSS.Scale:1]]
[2022.12.03-16.32.24:316][  0]LogConfig: Setting CVar [[r.SSS.SampleSet:2]]
[2022.12.03-16.32.24:316][  0]LogConfig: Setting CVar [[r.SSS.Quality:1]]
[2022.12.03-16.32.24:317][  0]LogConfig: Setting CVar [[r.SSS.HalfRes:0]]
[2022.12.03-16.32.24:317][  0]LogConfig: Setting CVar [[r.SSGI.Quality:3]]
[2022.12.03-16.32.24:317][  0]LogConfig: Setting CVar [[r.EmitterSpawnRateScale:1.0]]
[2022.12.03-16.32.24:317][  0]LogConfig: Setting CVar [[r.ParticleLightQuality:2]]
[2022.12.03-16.32.24:318][  0]LogConfig: Setting CVar [[r.SkyAtmosphere.AerialPerspectiveLUT.FastApplyOnOpaque:1 ; Always have FastSkyLUT 1 in this case to avoid wrong sky]]
[2022.12.03-16.32.24:318][  0]LogConfig: Setting CVar [[r.SkyAtmosphere.AerialPerspectiveLUT.SampleCountMaxPerSlice:4]]
[2022.12.03-16.32.24:318][  0]LogConfig: Setting CVar [[r.SkyAtmosphere.AerialPerspectiveLUT.DepthResolution:16.0]]
[2022.12.03-16.32.24:319][  0]LogConfig: Setting CVar [[r.SkyAtmosphere.FastSkyLUT:1]]
[2022.12.03-16.32.24:319][  0]LogConfig: Setting CVar [[r.SkyAtmosphere.FastSkyLUT.SampleCountMin:4.0]]
[2022.12.03-16.32.24:319][  0]LogConfig: Setting CVar [[r.SkyAtmosphere.FastSkyLUT.SampleCountMax:128.0]]
[2022.12.03-16.32.24:319][  0]LogConfig: Setting CVar [[r.SkyAtmosphere.SampleCountMin:4.0]]
[2022.12.03-16.32.24:320][  0]LogConfig: Setting CVar [[r.SkyAtmosphere.SampleCountMax:128.0]]
[2022.12.03-16.32.24:320][  0]LogConfig: Setting CVar [[r.SkyAtmosphere.TransmittanceLUT.UseSmallFormat:0]]
[2022.12.03-16.32.24:320][  0]LogConfig: Setting CVar [[r.SkyAtmosphere.TransmittanceLUT.SampleCount:10.0]]
[2022.12.03-16.32.24:321][  0]LogConfig: Setting CVar [[r.SkyAtmosphere.MultiScatteringLUT.SampleCount:15.0]]
[2022.12.03-16.32.24:321][  0]LogConfig: Setting CVar [[r.SkyLight.RealTimeReflectionCapture:1]]
[2022.12.03-16.32.24:321][  0]LogConfig: Applying CVar settings from Section [FoliageQuality@3] File [C:/Users/danie/Documents/Gamedev VR/game/UE4 game/fpsgame/Saved/Config/Windows/Scalability.ini]
[2022.12.03-16.32.24:321][  0]LogConfig: Setting CVar [[foliage.DensityScale:1.0]]
[2022.12.03-16.32.24:322][  0]LogConfig: Setting CVar [[grass.DensityScale:1.0]]
[2022.12.03-16.32.24:322][  0]LogConfig: Applying CVar settings from Section [ShadingQuality@3] File [C:/Users/danie/Documents/Gamedev VR/game/UE4 game/fpsgame/Saved/Config/Windows/Scalability.ini]
[2022.12.03-16.32.24:322][  0]LogConfig: Setting CVar [[r.HairStrands.SkyLighting.IntegrationType:2]]
[2022.12.03-16.32.24:323][  0]LogConfig: Setting CVar [[r.HairStrands.SkyAO.SampleCount:4]]
[2022.12.03-16.32.24:323][  0]LogConfig: Setting CVar [[r.HairStrands.Visibility.MSAA.SamplePerPixel:4]]
[2022.12.03-16.32.24:323][  0]LogConfig: Applying CVar settings from Section [Startup] File [../../../Engine/Config/ConsoleVariables.ini]
[2022.12.03-16.32.24:324][  0]LogConfig: Setting CVar [[net.UseAdaptiveNetUpdateFrequency:0]]
[2022.12.03-16.32.24:324][  0]LogConfig: Setting CVar [[p.chaos.AllowCreatePhysxBodies:1]]
[2022.12.03-16.32.24:324][  0]LogConfig: Setting CVar [[fx.SkipVectorVMBackendOptimizations:1]]
[2022.12.03-16.32.24:325][  0]LogConfig: Applying CVar settings from Section [ConsoleVariables] File [C:/Users/danie/Documents/Gamedev VR/game/UE4 game/fpsgame/Saved/Config/Windows/Engine.ini]
[2022.12.03-16.32.24:325][  0]LogConfig: Applying CVar settings from Section [ConsoleVariables] File [C:/Users/danie/Documents/Gamedev VR/game/UE4 game/fpsgame/Saved/Config/Windows/Editor.ini]
[2022.12.03-16.32.24:325][  0]LogInit: Computer: DESKTOP-QG36584
[2022.12.03-16.32.24:326][  0]LogInit: User: danie
[2022.12.03-16.32.24:328][  0]LogInit: CPU Page size=4096, Cores=6
[2022.12.03-16.32.24:328][  0]LogInit: High frequency timer resolution =10.000000 MHz
[2022.12.03-16.32.24:328][  0]LogMemory: Memory total: Physical=16.0GB (16GB approx)
[2022.12.03-16.32.24:329][  0]LogMemory: Platform Memory Stats for Windows
[2022.12.03-16.32.24:329][  0]LogMemory: Process Physical Memory: 141.37 MB used, 141.37 MB peak
[2022.12.03-16.32.24:329][  0]LogMemory: Process Virtual Memory: 119.54 MB used, 119.54 MB peak
[2022.12.03-16.32.24:329][  0]LogMemory: Physical Memory: 9493.95 MB used,  6840.82 MB free, 16334.77 MB total
[2022.12.03-16.32.24:329][  0]LogMemory: Virtual Memory: 134211288.00 MB used,  6438.20 MB free, 134217728.00 MB total
[2022.12.03-16.32.24:332][  0]LogWindows: WindowsPlatformFeatures disabled or dedicated server build
[2022.12.03-16.32.24:341][  0]LogInit: Physics initialised using underlying interface: PhysX
[2022.12.03-16.32.24:342][  0]LogInit: Using OS detected language (en-US).
[2022.12.03-16.32.24:343][  0]LogInit: Using OS detected locale (en-GB).
[2022.12.03-16.32.24:346][  0]LogTextLocalizationManager: No specific localization for 'en-US' exists, so the 'en' localization will be used.
[2022.12.03-16.32.24:735][  0]LogTargetPlatformManager: Display: Loaded TargetPlatform 'WindowsNoEditor'
[2022.12.03-16.32.24:738][  0]LogTargetPlatformManager: Display: Loaded TargetPlatform 'Windows'
[2022.12.03-16.32.24:741][  0]LogTargetPlatformManager: Display: Loaded TargetPlatform 'WindowsClient'
[2022.12.03-16.32.24:744][  0]LogTargetPlatformManager: Display: Loaded TargetPlatform 'WindowsServer'
[2022.12.03-16.32.24:744][  0]LogTargetPlatformManager: Display: Building Assets For Windows
[2022.12.03-16.32.24:747][  0]LogAudioDebug: Display: Lib vorbis DLL was dynamically loaded.
[2022.12.03-16.32.24:762][  0]LogTextureFormatOodle: Display: Oodle Texture 2.9.0 init RDO Off
[2022.12.03-16.32.24:775][  0]LogRendererCore: Ray tracing is disabled. Reason: r.RayTracing=0.
[2022.12.03-16.32.24:775][  0]LogShaderCompilers: Guid format shader working directory is -27 characters bigger than the processId version (../../../../../../Users/danie/Documents/Gamedev VR/game/UE4 game/fpsgame/Intermediate/Shaders/WorkingDirectory/12828/).
[2022.12.03-16.32.24:776][  0]LogShaderCompilers: Cleaned the shader compiler working directory 'C:/Users/danie/AppData/Local/Temp/UnrealShaderWorkingDir/1D6AAA1C455661221FBAB78A043BB1F9/'.
[2022.12.03-16.32.24:776][  0]LogXGEController: Cannot use XGE Controller as Incredibuild is not installed on this machine.
[2022.12.03-16.32.24:776][  0]LogShaderCompilers: Cannot use XGE Shader Compiler as Incredibuild is not installed on this machine.
[2022.12.03-16.32.24:777][  0]LogShaderCompilers: Display: Using Local Shader Compiler.
[2022.12.03-16.32.25:207][  0]LogDerivedDataCache: Display: Max Cache Size: 512 MB
[2022.12.03-16.32.25:255][  0]LogDerivedDataCache: Loaded boot cache 0.05s 94MB C:/Users/danie/AppData/Local/UnrealEngine/4.27/DerivedDataCache/Boot.ddc.
[2022.12.03-16.32.25:255][  0]LogDerivedDataCache: Display: Loaded Boot cache: C:/Users/danie/AppData/Local/UnrealEngine/4.27/DerivedDataCache/Boot.ddc
[2022.12.03-16.32.25:256][  0]LogDerivedDataCache: FDerivedDataBackendGraph:  Pak pak cache file ../../../../../../Users/danie/Documents/Gamedev VR/game/UE4 game/fpsgame/DerivedDataCache/DDC.ddp not found, will not use a pak cache.
[2022.12.03-16.32.25:256][  0]LogDerivedDataCache: Unable to find inner node Pak for hierarchical cache Hierarchy.
[2022.12.03-16.32.25:256][  0]LogDerivedDataCache: FDerivedDataBackendGraph:  CompressedPak pak cache file ../../../../../../Users/danie/Documents/Gamedev VR/game/UE4 game/fpsgame/DerivedDataCache/Compressed.ddp not found, will not use a pak cache.
[2022.12.03-16.32.25:257][  0]LogDerivedDataCache: Unable to find inner node CompressedPak for hierarchical cache Hierarchy.
[2022.12.03-16.32.25:274][  0]LogDerivedDataCache: Display: Pak cache opened for reading ../../../Engine/DerivedDataCache/Compressed.ddp.
[2022.12.03-16.32.25:275][  0]LogDerivedDataCache: FDerivedDataBackendGraph:  EnterprisePak pak cache file ../../../Enterprise/DerivedDataCache/Compressed.ddp not found, will not use a pak cache.
[2022.12.03-16.32.25:275][  0]LogDerivedDataCache: Unable to find inner node EnterprisePak for hierarchical cache Hierarchy.
[2022.12.03-16.32.25:283][  0]LogDerivedDataCache: Speed tests for C:/Users/danie/AppData/Local/UnrealEngine/Common/DerivedDataCache took 0.01 seconds
[2022.12.03-16.32.25:283][  0]LogDerivedDataCache: Display: Performance to C:/Users/danie/AppData/Local/UnrealEngine/Common/DerivedDataCache: Latency=0.03ms. RandomReadSpeed=387.68MBs, RandomWriteSpeed=186.29MBs. Assigned SpeedClass 'Local'
[2022.12.03-16.32.25:284][  0]LogDerivedDataCache: Using Local data cache path C:/Users/danie/AppData/Local/UnrealEngine/Common/DerivedDataCache: Writable
[2022.12.03-16.32.25:284][  0]LogDerivedDataCache: Shared data cache path not found in *engine.ini, will not use an Shared cache.
[2022.12.03-16.32.25:285][  0]LogDerivedDataCache: Unable to find inner node Shared for hierarchical cache Hierarchy.
[2022.12.03-16.32.25:286][  0]LogInit: Using OS detected language (en-US).
[2022.12.03-16.32.25:286][  0]LogInit: Using OS detected locale (en-GB).
[2022.12.03-16.32.25:286][  0]LogTextLocalizationManager: No localization for 'en-US' exists, so 'en' will be used for the language.
[2022.12.03-16.32.25:287][  0]LogTextLocalizationManager: No localization for 'en-GB' exists, so 'en' will be used for the locale.
[2022.12.03-16.32.25:290][  0]LogTextLocalizationManager: Compacting localization data took   0.01ms
[2022.12.03-16.32.25:291][  0]LogAssetRegistry: FAssetRegistry took 0.0020 seconds to start up
[2022.12.03-16.32.25:432][  0]LogPackageLocalizationCache: Processed 27 localized package path(s) for 1 prioritized culture(s) in 0.000962 seconds
[2022.12.03-16.32.25:510][  0]LogInit: Selected Device Profile: [Windows]
[2022.12.03-16.32.25:511][  0]LogInit: Active device profile: [000001E9280E0500][000001E927707880 49] Windows
[2022.12.03-16.32.25:511][  0]LogInit: Profiles: [000001E9280E0500][000001E927707880 49] Windows, [000001E9280CF600][000001E927715B40 49] WindowsNoEditor, [000001E9280CC100][000001E92770A240 49] WindowsServer, [000001E9280E3000][000001E9277184C0 49] WindowsClient, [000001E9280E0200][000001E927720780 49] IOS, [000001E928113D00][000001E927724A40 49] iPadAir, [000001E9280E3A00][000001E927728D00 49] iPadAir2, [000001E92807C200][000001E927743240 49] IPadPro, [000001E928077F00][000001E92772D280 49] iPadAir3, [000001E9280CD000][000001E92773B540 49] iPadAir4, [000001E928074500][000001E927737800 49] iPadMini2, [000001E9280CC200][000001E92773FAC0 49] iPadMini3, [000001E928075200][000001E92774C200 49] iPadMini4, [000001E9280CF800][000001E92771C480 49] iPadMini5, [000001E928111600][000001E927764980 49] iPhone6, [000001E928111700][000001E9277509C0 49] iPodTouch6, [000001E928076100][000001E92776CF00 49] iPhone7, [000001E928076200][000001E92775CF40 49] iPodTouch7, [000001E928112600][000001E927761200 49] iPhone5S, [000001E928077100][000001E9277594C0 49] iPhone6Plus, [000001E928113B00][000001E927769780 49] iPhone6S, [000001E928076B00][000001E927771A40 49] iPhone6SPlus, [000001E928110A00][000001E927774180 49] iPhone7Plus, [000001E928076F00][000001E927778440 49] iPhoneSE, [000001E928111000][000001E9277546C0 49] iPhone8, [000001E928077C00][000001E92777C940 49] iPhone8Plus, [000001E928113200][000001E927784C00 49] iPhoneX, [000001E928076C00][000001E927788EC0 49] iPhoneXS, [000001E928112B00][000001E92778D180 49] iPhoneXSMax, [000001E928076900][000001E927791440 49] iPhoneXR, [000001E928112F00][000001E927795700 49] iPhone11, [000001E928074A00][000001E9277999C0 49] iPhone11Pro, [000001E928113E00][000001E92779C100 49] iPhone11ProMax, [000001E928075400][000001E9277A03C0 49] iPhoneSE2, [000001E928113F00][000001E9277A4680 49] iPhone12Mini, [000001E928077D00][000001E927780900 49] iPhone12, [000001E928111200][000001E9277A8B80 49] iPhone12Pro, [000001E928077500][000001E9277B0E40 49] iPhone12ProMax, [000001E928110200][000001E9277B5100 49] iPadPro105, [000001E928075A00][000001E9277B93C0 49] iPadPro129, [000001E928110D00][000001E9277BD680 49] iPadPro97, [000001E928074900][000001E9277C1940 49] iPadPro2_129, [000001E928111A00][000001E9277C5C00 49] iPad5, [000001E928075C00][000001E9277C8340 49] iPad6, [000001E928113900][000001E9277CC600 49] iPad7, [000001E928076600][000001E9270C28C0 49] iPad8, [000001E928113000][000001E9277ACB40 49] iPadPro11, [000001E928075500][000001E9270C6DC0 49] iPadPro2_11, [000001E928112100][000001E9270CF080 49] iPadPro3_129, [000001E928075D00][000001E9270D3340 49] iPadPro4_129, [000001E928112400][000001E9270D7600 49] AppleTV, [000001E928076E00][000001E9270DB8C0 49] AppleTV4K, [000001E928110500][000001E9270DFB80 49] TVOS, [000001E928077A00][000001E9270E22C0 49] Mac, [000001E928112900][000001E9270E6580 49] MacClient, [000001E928075700][000001E9270EA840 49] MacNoEditor, [000001E928111100][000001E9270EEB00 49] MacServer, [000001E928077B00][000001E9270CAD80 49] Linux, [000001E928110600][000001E9270F3000 49] LinuxAArch64, [000001E928074400][000001E9270FB2C0 49] LinuxNoEditor, [000001E928112200][000001E9270FF580 49] LinuxAArch64NoEditor, [000001E9280E0100][000001E927103840 49] LinuxClient, [000001E92807C700][000001E927107B00 49] LinuxAArch64Client, [000001E9280E1900][000001E92710A240 49] LinuxServer, [000001E92807CA00][000001E92710E500 49] LinuxAArch64Server, [000001E9280E2D00][000001E9271127C0 49] Android, [000001E92807D400][000001E927116A80 49] Android_Low, [000001E9280E1100][000001E92711AD40 49] Android_Mid, [000001E92807CE00][000001E9270F6FC0 49] Android_High, [000001E9280E0800][000001E92711F240 49] Android_Default, [000001E92807E600][000001E927127500 49] Android_Adreno4xx, [000001E9280E1400][000001E92712B7C0 49] Android_Adreno5xx_Low, [000001E92807E400][000001E92712FA80 49] Android_Adreno5xx, [000001E9280E0700][000001E9271321C0 49] Android_Adreno6xx, [000001E92807EC00][000001E927136480 49] Android_Adreno6xx_Vulkan, [000001E9280E3B00][000001E92713A740 49] Android_Mali_T6xx, [000001E92807C500][000001E92713EA00 49] Android_Mali_T7xx, [000001E9280E0300][000001E927142CC0 49] Android_Mali_T8xx, [000001E92807F000][000001E927146F80 49] Android_Mali_G71, [000001E9280E2900][000001E927123200 49] Android_Mali_G72, [000001E92807E500][000001E92714F4C0 49] Android_Mali_G72_Vulkan, [000001E9280E1B00][000001E927153780 49] Android_Mali_G76, [000001E92807F100][000001E927157A40 49] Android_Mali_G76_Vulkan, [000001E9280E1E00][000001E92715A180 49] Android_Mali_G77, [000001E92807FB00][000001E92715E440 49] Android_Mali_G77_Vulkan, [000001E9280E3C00][000001E927162700 49] Android_Mali_G78, [000001E92807FF00][000001E9271669C0 49] Android_Mali_G78_Vulkan, [000001E9280E2400][000001E92716AC80 49] Android_Mali_G710, [000001E92807D300][000001E92716EF40 49] Android_Mali_G710_Vulkan, [000001E9280E3100][000001E92714B1C0 49] Android_Vulkan_SM5, [000001E928076400][000001E927173440 49] Android_PowerVR_G6xxx, [000001E9280E1D00][000001E92717B700 49] Android_PowerVR_GT7xxx, [000001E928074100][000001E92717F9C0 49] Android_PowerVR_GE8xxx, [000001E9280E3200][000001E927182100 49] Android_PowerVR_GM9xxx, [000001E928074300][000001E9271863C0 49] Android_PowerVR_GM9xxx_Vulkan, [000001E9280E3300][000001E92718A680 49] Android_TegraK1, [000001E928075600][000001E92718E940 49] Android_Unknown_Vulkan, [000001E9280E2000][000001E927192C00 49] Lumin, [000001E928074B00][000001E927196EC0 49] Lumin_Desktop, [000001E9280E0D00][000001E92719B180 49] HoloLens, 
[2022.12.03-16.32.25:530][  0]LogMeshReduction: Using QuadricMeshReduction for automatic static mesh reduction
[2022.12.03-16.32.25:530][  0]LogMeshReduction: Using SimplygonMeshReduction for automatic skeletal mesh reduction
[2022.12.03-16.32.25:530][  0]LogMeshReduction: Using ProxyLODMeshReduction for automatic mesh merging
[2022.12.03-16.32.25:530][  0]LogMeshReduction: No distributed automatic mesh merging module available
[2022.12.03-16.32.25:531][  0]LogMeshMerging: No distributed automatic mesh merging module available
[2022.12.03-16.32.25:540][  0]LogNetVersion: fpsgame 1.0.0, NetCL: 17155196, EngineNetVer: 17, GameNetVer: 0 (Checksum: 3215450660)
[2022.12.03-16.32.25:625][  0]LogTexture: Default maximum texture size for cubemaps generated from long-lat sources has been changed from 512 to unlimited. In order to preserve old behaiour for '/Engine/MapTemplates/Sky/DaylightAmbientCubemap.DaylightAmbientCubemap', its maximum texture size has been explicitly set to 512.
[2022.12.03-16.32.25:638][  0]LogHMD: PokeAHoleMaterial loaded successfully
[2022.12.03-16.32.25:699][  0]LogPython: Using Python 3.7.7
[2022.12.03-16.32.26:071][  0]LogNiagaraDebuggerClient: Niagara Debugger Client Initialized | Session: 3B8795BF437D4813AE8B1C8963D031F0 | Instance: 7D0DB7A84454CE84DA18599551986854 (DESKTOP-QG36584-12828).
[2022.12.03-16.32.26:085][  0]LogCollectionManager: Loaded 0 collections in 0.001630 seconds
[2022.12.03-16.32.26:087][  0]LogFileCache: Scanning file cache for directory 'C:/Users/danie/Documents/Gamedev VR/game/UE4 game/fpsgame/Saved/Collections/' took 0.00s
[2022.12.03-16.32.26:087][  0]LogFileCache: Scanning file cache for directory 'C:/Users/danie/Documents/Gamedev VR/game/UE4 game/fpsgame/Content/Developers/danie/Collections/' took 0.00s
[2022.12.03-16.32.26:087][  0]LogFileCache: Scanning file cache for directory 'C:/Users/danie/Documents/Gamedev VR/game/UE4 game/fpsgame/Content/Collections/' took 0.00s
[2022.12.03-16.32.26:088][  0]LogCollectionManager: Fixed up redirectors for 0 collections in 0.000001 seconds (updated 0 objects)
[2022.12.03-16.32.26:153][  0]LogTcpMessaging: Initializing TcpMessaging bridge
[2022.12.03-16.32.26:155][  0]LogUdpMessaging: Initializing bridge on interface 0.0.0.0:0 to multicast group 230.0.0.1:6666.
[2022.12.03-16.32.26:209][  0]SourceControl: Source control is disabled
[2022.12.03-16.32.26:209][  0]SourceControl: Source control is disabled
[2022.12.03-16.32.26:211][  0]SourceControl: Source control is disabled
[2022.12.03-16.32.26:213][  0]LogUProjectInfo: Found projects:
[2022.12.03-16.32.26:255][  0]LogOpenImageDenoise: OIDN starting up
[2022.12.03-16.32.26:273][  0]LogAndroidPermission: UAndroidPermissionCallbackProxy::GetInstance
[2022.12.03-16.32.26:281][  0]LogAudioCaptureCore: Display: No Audio Capture implementations found. Audio input will be silent.
[2022.12.03-16.32.26:281][  0]LogAudioCaptureCore: Display: No Audio Capture implementations found. Audio input will be silent.
[2022.12.03-16.32.26:322][  0]LogOcInput: OculusInput pre-init called
[2022.12.03-16.32.26:331][  0]LogUObjectArray: 22050 objects as part of root set at end of initial load.
[2022.12.03-16.32.26:331][  0]LogUObjectAllocator: 5966432 out of 0 bytes used by permanent object pool.
[2022.12.03-16.32.26:331][  0]LogUObjectArray: CloseDisregardForGC: 0/0 objects in disregard for GC pool
[2022.12.03-16.32.26:362][  0]LogClass: Display: StructProperty FRewindDataStruct::SnapshotPosition is not initialized properly. Module:fpsgame File:RewindComponent.h
[2022.12.03-16.32.26:362][  0]LogClass: Display: StructProperty FRewindDataStruct::SnapshotRotation is not initialized properly. Module:fpsgame File:RewindComponent.h
[2022.12.03-16.32.26:362][  0]LogClass: Display: StructProperty FRewindDataStruct::SnapshotScale is not initialized properly. Module:fpsgame File:RewindComponent.h
[2022.12.03-16.32.26:363][  0]LogClass: Display: BoolProperty FWeaponRecoil::bHasRecoil is not initialized properly. Module:fpsgame File:WeaponActor.h
[2022.12.03-16.32.26:363][  0]LogClass: Display: BoolProperty FWeaponRecoil::bUsesControlRotationForHipfireRecoil is not initialized properly. Module:fpsgame File:WeaponActor.h
[2022.12.03-16.32.26:363][  0]LogClass: Warning: ObjectProperty FWeaponRecoil::RecoilVectorCurve is not initialized properly. Module:fpsgame File:WeaponActor.h
[2022.12.03-16.32.26:364][  0]LogClass: Display: FloatProperty FWeaponRecoil::RecoveryTime is not initialized properly. Module:fpsgame File:WeaponActor.h
[2022.12.03-16.32.26:364][  0]LogClass: Display: FloatProperty FWeaponStats::MaxRange is not initialized properly. Module:fpsgame File:WeaponActor.h
[2022.12.03-16.32.26:364][  0]LogClass: Display: FloatProperty FWeaponStats::FireRate is not initialized properly. Module:fpsgame File:WeaponActor.h
[2022.12.03-16.32.26:364][  0]LogClass: Display: IntProperty FWeaponStats::CartridgeBullets is not initialized properly. Module:fpsgame File:WeaponActor.h
[2022.12.03-16.32.26:365][  0]LogClass: Display: IntProperty FWeaponStats::BurstNumber is not initialized properly. Module:fpsgame File:WeaponActor.h
[2022.12.03-16.32.26:365][  0]LogClass: Display: FloatProperty FWeaponStats::BurstFireRate is not initialized properly. Module:fpsgame File:WeaponActor.h
[2022.12.03-16.32.26:365][  0]LogClass: Display: IntProperty FWeaponStats::MaxMagSize is not initialized properly. Module:fpsgame File:WeaponActor.h
[2022.12.03-16.32.26:365][  0]LogClass: Display: IntProperty FWeaponStats::MagAmmo is not initialized properly. Module:fpsgame File:WeaponActor.h
[2022.12.03-16.32.26:366][  0]LogClass: Display: FloatProperty FWeaponStats::BaseDamageTorso is not initialized properly. Module:fpsgame File:WeaponActor.h
[2022.12.03-16.32.26:366][  0]LogClass: Display: FloatProperty FWeaponStats::BaseDamageHead is not initialized properly. Module:fpsgame File:WeaponActor.h
[2022.12.03-16.32.26:366][  0]LogClass: Display: FloatProperty FWeaponStats::BaseDamageLegs is not initialized properly. Module:fpsgame File:WeaponActor.h
[2022.12.03-16.32.26:366][  0]LogClass: Display: FloatProperty FWeaponStats::BaseHipfireSpreadAngleInDegrees is not initialized properly. Module:fpsgame File:WeaponActor.h
[2022.12.03-16.32.26:367][  0]LogClass: Display: FloatProperty FWeaponStats::BaseMovementSpreadMultiplier is not initialized properly. Module:fpsgame File:WeaponActor.h
[2022.12.03-16.32.26:367][  0]LogClass: Display: EnumProperty FWeaponMetaData::GunModel is not initialized properly. Module:fpsgame File:WeaponActor.h
[2022.12.03-16.32.26:367][  0]LogClass: Display: EnumProperty FWeaponMetaData::WAWeaponType is not initialized properly. Module:fpsgame File:WeaponActor.h
[2022.12.03-16.32.26:368][  0]LogClass: Display: EnumProperty FWeaponMetaData::WAWeaponFireType is not initialized properly. Module:fpsgame File:WeaponActor.h
[2022.12.03-16.32.26:368][  0]LogClass: Display: EnumProperty FWeaponMetaData::WAWeaponHitDetectionType is not initialized properly. Module:fpsgame File:WeaponActor.h
[2022.12.03-16.32.26:368][  0]LogClass: Display: EnumProperty FWeaponMetaData::TypeOfEquip is not initialized properly. Module:fpsgame File:WeaponActor.h
[2022.12.03-16.32.26:368][  0]LogClass: Warning: ObjectProperty FWeaponVisualAssets::GunMesh is not initialized properly. Module:fpsgame File:WeaponActor.h
[2022.12.03-16.32.26:369][  0]LogClass: Warning: ObjectProperty FWeaponVisualAssets::TracerEffect is not initialized properly. Module:fpsgame File:WeaponActor.h
[2022.12.03-16.32.26:369][  0]LogClass: Warning: ObjectProperty FWeaponVisualAssets::MuzzleFlash is not initialized properly. Module:fpsgame File:WeaponActor.h
[2022.12.03-16.32.26:369][  0]LogClass: Display: StructProperty FWeaponPositionalDetails::BasePosition is not initialized properly. Module:fpsgame File:WeaponActor.h
[2022.12.03-16.32.26:370][  0]LogClass: Display: StructProperty FWeaponPositionalDetails::BaseRotation is not initialized properly. Module:fpsgame File:WeaponActor.h
[2022.12.03-16.32.26:370][  0]LogClass: Display: StructProperty FWeaponPositionalDetails::BaseScale is not initialized properly. Module:fpsgame File:WeaponActor.h
[2022.12.03-16.32.26:370][  0]LogClass: Display: StructProperty FWeaponPositionalDetails::TPBaseScale is not initialized properly. Module:fpsgame File:WeaponActor.h
[2022.12.03-16.32.26:370][  0]LogClass: Display: StructProperty FWeaponPositionalDetails::TPBaseRotation is not initialized properly. Module:fpsgame File:WeaponActor.h
[2022.12.03-16.32.26:371][  0]LogClass: Display: StructProperty FWeaponPositionalDetails::TPBasePosition is not initialized properly. Module:fpsgame File:WeaponActor.h
[2022.12.03-16.32.26:371][  0]LogClass: Display: StructProperty FWeaponPositionalDetails::MuzzlePosition is not initialized properly. Module:fpsgame File:WeaponActor.h
[2022.12.03-16.32.26:372][  0]LogClass: Display: 34 Uninitialized script struct members found including 4 object properties
[2022.12.03-16.32.26:372][  0]LogAutomationTest: Warning: ObjectProperty FWeaponRecoil::RecoilVectorCurve is not initialized properly. Module:fpsgame File:WeaponActor.h
[2022.12.03-16.32.26:372][  0]LogAutomationTest: Warning: ObjectProperty FWeaponVisualAssets::GunMesh is not initialized properly. Module:fpsgame File:WeaponActor.h
[2022.12.03-16.32.26:373][  0]LogAutomationTest: Warning: ObjectProperty FWeaponVisualAssets::TracerEffect is not initialized properly. Module:fpsgame File:WeaponActor.h
[2022.12.03-16.32.26:373][  0]LogAutomationTest: Warning: ObjectProperty FWeaponVisualAssets::MuzzleFlash is not initialized properly. Module:fpsgame File:WeaponActor.h
[2022.12.03-16.32.26:374][  0]LogEngine: Initializing Engine...
[2022.12.03-16.32.26:377][  0]LogStats: UGameplayTagsManager::InitializeManager -  0.000 s
[2022.12.03-16.32.26:388][  0]LogInit: Initializing FReadOnlyCVARCache
[2022.12.03-16.32.26:388][  0]LogNetVersion: Set ProjectVersion to 1.0.0.0. Version Checksum will be recalculated on next use.
[2022.12.03-16.32.26:391][  0]LogInit: Texture streaming: Disabled
[2022.12.03-16.32.26:419][  0]LogInit: Display: Game Engine Initialized.
[2022.12.03-16.32.26:419][  0]LogNiagaraEditor: GEditor isn't valid! Particle reset commands will not work for Niagara components!
[2022.12.03-16.32.26:445][  0]LogInit: Display: Starting Game.
[2022.12.03-16.32.26:445][  0]LogNet: Browse: /Game/Maps/TestMap?Name=Player
[2022.12.03-16.32.26:446][  0]LogLoad: LoadMap: /Game/Maps/TestMap?Name=Player
[2022.12.03-16.32.26:446][  0]LogWorld: BeginTearingDown for /Temp/Untitled_0
[2022.12.03-16.32.26:449][  0]LogWorld: UWorld::CleanupWorld for Untitled, bSessionEnded=true, bCleanupResources=true
[2022.12.03-16.32.26:456][  0]LogUObjectHash: Compacting FUObjectHashTables data took   0.73ms
[2022.12.03-16.32.26:560][  0]LogAIModule: Creating AISystem for world TestMap
[2022.12.03-16.32.26:749][  0]LogLoad: Game class is 'BP_FPSGameModeDefault_C'
[2022.12.03-16.32.26:750][  0]LogNet: PktLoss set to 0
[2022.12.03-16.32.26:750][  0]LogNet: PktLagMin set to 0
[2022.12.03-16.32.26:751][  0]LogNet: PktLagMax set to 0
[2022.12.03-16.32.26:751][  0]LogNet: PktIncomingLagMin set to 0
[2022.12.03-16.32.26:751][  0]LogNet: PktIncomingLagMax set to 0
[2022.12.03-16.32.26:752][  0]LogNet: PktIncomingLoss set to 0
[2022.12.03-16.32.26:752][  0]LogNet: PktLoss set to 0
[2022.12.03-16.32.26:752][  0]LogNet: PktLagMin set to 0
[2022.12.03-16.32.26:753][  0]LogNet: PktLagMax set to 0
[2022.12.03-16.32.26:753][  0]LogNet: PktIncomingLagMin set to 0
[2022.12.03-16.32.26:753][  0]LogNet: PktIncomingLagMax set to 0
[2022.12.03-16.32.26:754][  0]LogNet: PktIncomingLoss set to 0
[2022.12.03-16.32.26:754][  0]LogNet: PktLoss set to 0
[2022.12.03-16.32.26:754][  0]LogNet: PktLagMin set to 0
[2022.12.03-16.32.26:755][  0]LogNet: PktLagMax set to 0
[2022.12.03-16.32.26:755][  0]LogNet: PktIncomingLagMin set to 0
[2022.12.03-16.32.26:755][  0]LogNet: PktIncomingLagMax set to 0
[2022.12.03-16.32.26:756][  0]LogNet: PktIncomingLoss set to 0
[2022.12.03-16.32.26:756][  0]LogNet: ReplicationDriverClass is null! Not using ReplicationDriver.
[2022.12.03-16.32.26:757][  0]LogNetCore: DDoS detection status: detection enabled: 0 analytics enabled: 0
[2022.12.03-16.32.26:757][  0]LogInit: WinSock: Socket queue. Rx: 131072 (config 131072) Tx: 131072 (config 131072)
[2022.12.03-16.32.26:757][  0]LogNet: Created socket for bind address: 0.0.0.0 on port 17777
[2022.12.03-16.32.26:757][  0]PacketHandlerLog: Loaded PacketHandler component: Engine.EngineHandlerComponentFactory (StatelessConnectHandlerComponent)
[2022.12.03-16.32.26:758][  0]LogNet: GameNetDriver IpNetDriver_0 IpNetDriver listening on port 17777
[2022.12.03-16.32.26:759][  0]LogWorld: Bringing World /Game/Maps/TestMap.TestMap up for play (max tick rate 30) at 2022.12.03-16.32.26
[2022.12.03-16.32.26:760][  0]LogWorld: Bringing up level for play took: 0.001272
[2022.12.03-16.32.26:760][  0]LogGameMode: Display: Match State Changed from EnteringMap to WaitingToStart
[2022.12.03-16.32.26:760][  0]LogGameState: Match State Changed from EnteringMap to WaitingToStart
[2022.12.03-16.32.26:760][  0]LogLoad: Took 0.313893 seconds to LoadMap(/Game/Maps/TestMap)
[2022.12.03-16.32.26:765][  0]LogInit: Display: Engine is initialized. Leaving FEngineLoop::Init()
[2022.12.03-16.32.26:765][  0]LogLoad: (Engine Initialization) Total time: 4.74 seconds
[2022.12.03-16.32.26:765][  0]LogLoad: (Engine Initialization) Total Blueprint compile time: 0.00 seconds
[2022.12.03-16.32.26:965][  5]LogNet: NotifyAcceptingConnection accepted from: 127.0.0.1:64768
[2022.12.03-16.32.26:965][  5]LogHandshake: SendConnectChallenge. Timestamp: 0.198462, Cookie: 089217175048074013152050098064232036108006019222112208020068
[2022.12.03-16.32.26:997][  6]LogNet: NotifyAcceptingConnection accepted from: 127.0.0.1:64768
[2022.12.03-16.32.26:997][  6]LogHandshake: SendChallengeAck. InCookie: 089217175048074013152050098064232036108006019222112208020068
[2022.12.03-16.32.26:998][  6]LogNet: Server accepting post-challenge connection from: 127.0.0.1:64768
[2022.12.03-16.32.26:998][  6]PacketHandlerLog: Loaded PacketHandler component: Engine.EngineHandlerComponentFactory (StatelessConnectHandlerComponent)
[2022.12.03-16.32.26:999][  6]LogNet: NotifyAcceptedConnection: Name: TestMap, TimeStamp: 12/03/22 16:32:26, [UNetConnection] RemoteAddr: 127.0.0.1:64768, Name: IpConnection_0, Driver: GameNetDriver IpNetDriver_0, IsServer: YES, PC: NULL, Owner: NULL, UniqueId: INVALID
[2022.12.03-16.32.26:999][  6]LogNet: AddClientConnection: Added client connection: [UNetConnection] RemoteAddr: 127.0.0.1:64768, Name: IpConnection_0, Driver: GameNetDriver IpNetDriver_0, IsServer: YES, PC: NULL, Owner: NULL, UniqueId: INVALID
[2022.12.03-16.32.26:999][  6]LogNet: NotifyAcceptingChannel Control 0 server World /Game/Maps/TestMap.TestMap: Accepted
[2022.12.03-16.32.27:000][  6]LogNet: Remote platform little endian=1
[2022.12.03-16.32.27:000][  6]LogNet: This platform little endian=1
[2022.12.03-16.32.27:000][  6]LogNetVersion: fpsgame 1.0.0.0, NetCL: 17155196, EngineNetVer: 17, GameNetVer: 0 (Checksum: 1484303137)
[2022.12.03-16.32.27:030][  7]LogNet: Login request: ?PktLagMin=0?PktLagMax=0?PktLoss=0?PktIncomingLagMin=0?PktIncomingLagMax=0?PktIncomingLoss=0?Name=DESKTOP-QG36584-572FDB5D408C1F7B1F6D19A4821E150F userId: NULL:DESKTOP-QG36584-572FDB5D408C1F7B1F6D19A4821E150F platform: NULL
[2022.12.03-16.32.27:063][  8]LogNet: Client netspeed is 100000
[2022.12.03-16.32.27:096][  9]LogNet: Join request: /Engine/Maps/Entry?PktLagMin=0?PktLagMax=0?PktLoss=0?PktIncomingLagMin=0?PktIncomingLagMax=0?PktIncomingLoss=0?Name=DESKTOP-QG36584-572FDB5D408C1F7B1F6D19A4821E150F?SplitscreenCount=1
[2022.12.03-16.32.27:096][  9]LogOnlineSession: Warning: OSS: No game present to join for session (GameSession)
[2022.12.03-16.32.27:098][  9]LogGameMode: Display: Match State Changed from WaitingToStart to InProgress
[2022.12.03-16.32.27:099][  9]LogTemp: Warning: Numebr of rewind components = 1
[2022.12.03-16.32.27:100][  9]LogGameState: Match State Changed from WaitingToStart to InProgress
[2022.12.03-16.32.27:100][  9]LogNet: Join succeeded: DESKTOP-QG36584-572F
[2022.12.03-16.32.27:462][ 20]LogNet: NotifyAcceptingConnection accepted from: 127.0.0.1:64771
[2022.12.03-16.32.27:462][ 20]LogHandshake: SendConnectChallenge. Timestamp: 0.695455, Cookie: 125037236114111139223190126099210010008188248105038156116231
[2022.12.03-16.32.27:495][ 21]LogNet: NotifyAcceptingConnection accepted from: 127.0.0.1:64771
[2022.12.03-16.32.27:495][ 21]LogHandshake: SendChallengeAck. InCookie: 125037236114111139223190126099210010008188248105038156116231
[2022.12.03-16.32.27:496][ 21]LogNet: Server accepting post-challenge connection from: 127.0.0.1:64771
[2022.12.03-16.32.27:496][ 21]PacketHandlerLog: Loaded PacketHandler component: Engine.EngineHandlerComponentFactory (StatelessConnectHandlerComponent)
[2022.12.03-16.32.27:496][ 21]LogNet: NotifyAcceptedConnection: Name: TestMap, TimeStamp: 12/03/22 16:32:27, [UNetConnection] RemoteAddr: 127.0.0.1:64771, Name: IpConnection_1, Driver: GameNetDriver IpNetDriver_0, IsServer: YES, PC: NULL, Owner: NULL, UniqueId: INVALID
[2022.12.03-16.32.27:496][ 21]LogNet: AddClientConnection: Added client connection: [UNetConnection] RemoteAddr: 127.0.0.1:64771, Name: IpConnection_1, Driver: GameNetDriver IpNetDriver_0, IsServer: YES, PC: NULL, Owner: NULL, UniqueId: INVALID
[2022.12.03-16.32.27:497][ 21]LogNet: NotifyAcceptingChannel Control 0 server World /Game/Maps/TestMap.TestMap: Accepted
[2022.12.03-16.32.27:497][ 21]LogNet: Remote platform little endian=1
[2022.12.03-16.32.27:497][ 21]LogNet: This platform little endian=1
[2022.12.03-16.32.27:528][ 22]LogNet: Login request: ?Name=DESKTOP-QG36584-22A69F5647E68D36668791BFD30142F3 userId: NULL:DESKTOP-QG36584-22A69F5647E68D36668791BFD30142F3 platform: NULL
[2022.12.03-16.32.27:858][ 32]LogNet: Client netspeed is 100000
[2022.12.03-16.32.27:858][ 32]LogNet: Join request: /Engine/Maps/Entry?Name=DESKTOP-QG36584-22A69F5647E68D36668791BFD30142F3?SplitscreenCount=1
[2022.12.03-16.32.27:859][ 32]LogOnlineSession: Warning: OSS: No game present to join for session (GameSession)
[2022.12.03-16.32.27:860][ 32]LogTemp: Warning: Numebr of rewind components = 2
[2022.12.03-16.32.27:861][ 32]LogNet: Join succeeded: DESKTOP-QG36584-22A6
[2022.12.03-16.32.28:652][ 56]LogTemp: Warning: Recoilstop
[2022.12.03-16.32.28:653][ 56]LogTemp: Warning: SEIZURES
[2022.12.03-16.32.28:653][ 56]LogTemp: Warning: Current rotation b4 = 0.225220
[2022.12.03-16.32.28:653][ 56]LogTemp: Warning: New rotation b4 = 0.225220
[2022.12.03-16.32.28:654][ 56]LogTemp: Warning: RecoilDelta: 0.000000
[2022.12.03-16.32.28:685][ 57]LogTemp: Warning: SEIZURES
[2022.12.03-16.32.28:686][ 57]LogTemp: Warning: Current rotation b4 = 0.225220
[2022.12.03-16.32.28:686][ 57]LogTemp: Warning: New rotation b4 = 0.225220
[2022.12.03-16.32.28:687][ 57]LogTemp: Warning: RecoilDelta: 0.000000
[2022.12.03-16.32.28:719][ 58]LogTemp: Warning: SEIZURES
[2022.12.03-16.32.28:720][ 58]LogTemp: Warning: Current rotation b4 = 0.049438
[2022.12.03-16.32.28:720][ 58]LogTemp: Warning: New rotation b4 = 0.049438
[2022.12.03-16.32.28:721][ 58]LogTemp: Warning: RecoilDelta: 0.000000
[2022.12.03-16.32.28:752][ 59]LogTemp: Warning: SEIZURES
[2022.12.03-16.32.28:753][ 59]LogTemp: Warning: Current rotation b4 = 0.049438
[2022.12.03-16.32.28:754][ 59]LogTemp: Warning: New rotation b4 = 0.049438
[2022.12.03-16.32.28:754][ 59]LogTemp: Warning: RecoilDelta: 0.000000
[2022.12.03-16.32.28:786][ 60]LogTemp: Warning: SEIZURES
[2022.12.03-16.32.28:786][ 60]LogTemp: Warning: Current rotation b4 = 0.049438
[2022.12.03-16.32.28:787][ 60]LogTemp: Warning: New rotation b4 = 0.049438
[2022.12.03-16.32.28:787][ 60]LogTemp: Warning: RecoilDelta: 0.000000
[2022.12.03-16.32.28:820][ 61]LogTemp: Warning: SEIZURES
[2022.12.03-16.32.28:821][ 61]LogTemp: Warning: Current rotation b4 = 0.049438
[2022.12.03-16.32.28:821][ 61]LogTemp: Warning: New rotation b4 = 0.049438
[2022.12.03-16.32.28:822][ 61]LogTemp: Warning: RecoilDelta: 0.000000
[2022.12.03-16.32.28:853][ 62]LogTemp: Warning: SEIZURES
[2022.12.03-16.32.28:853][ 62]LogTemp: Warning: Current rotation b4 = 0.049438
[2022.12.03-16.32.28:854][ 62]LogTemp: Warning: New rotation b4 = 0.049438
[2022.12.03-16.32.28:855][ 62]LogTemp: Warning: RecoilDelta: 0.000000
[2022.12.03-16.32.28:886][ 63]LogTemp: Warning: SEIZURES
[2022.12.03-16.32.28:887][ 63]LogTemp: Warning: Current rotation b4 = 0.049438
[2022.12.03-16.32.28:887][ 63]LogTemp: Warning: New rotation b4 = 0.049438
[2022.12.03-16.32.28:888][ 63]LogTemp: Warning: RecoilDelta: 0.000000
[2022.12.03-16.32.28:919][ 64]LogTemp: Warning: SEIZURES
[2022.12.03-16.32.28:919][ 64]LogTemp: Warning: Current rotation b4 = 0.049438
[2022.12.03-16.32.28:920][ 64]LogTemp: Warning: New rotation b4 = 0.049438
[2022.12.03-16.32.28:921][ 64]LogTemp: Warning: RecoilDelta: 0.000000
[2022.12.03-16.32.28:952][ 65]LogTemp: Warning: SEIZURES
[2022.12.03-16.32.28:953][ 65]LogTemp: Warning: Current rotation b4 = 0.049438
[2022.12.03-16.32.28:953][ 65]LogTemp: Warning: New rotation b4 = 0.049438
[2022.12.03-16.32.28:954][ 65]LogTemp: Warning: RecoilDelta: 0.000000
[2022.12.03-16.32.28:985][ 66]LogTemp: Warning: SEIZURES
[2022.12.03-16.32.28:986][ 66]LogTemp: Warning: Current rotation b4 = 0.049438
[2022.12.03-16.32.28:986][ 66]LogTemp: Warning: New rotation b4 = 0.049438
[2022.12.03-16.32.28:987][ 66]LogTemp: Warning: RecoilDelta: 0.000000
[2022.12.03-16.32.29:018][ 67]LogTemp: Warning: SEIZURES
[2022.12.03-16.32.29:019][ 67]LogTemp: Warning: Current rotation b4 = 0.049438
[2022.12.03-16.32.29:019][ 67]LogTemp: Warning: New rotation b4 = 0.049438
[2022.12.03-16.32.29:020][ 67]LogTemp: Warning: RecoilDelta: 0.000000
[2022.12.03-16.32.29:052][ 68]LogTemp: Warning: SEIZURES
[2022.12.03-16.32.29:053][ 68]LogTemp: Warning: Current rotation b4 = 0.049438
[2022.12.03-16.32.29:053][ 68]LogTemp: Warning: New rotation b4 = 0.049438
[2022.12.03-16.32.29:054][ 68]LogTemp: Warning: RecoilDelta: 0.000000
[2022.12.03-16.32.29:085][ 69]LogTemp: Warning: SEIZURES
[2022.12.03-16.32.29:085][ 69]LogTemp: Warning: Current rotation b4 = 0.274658
[2022.12.03-16.32.29:086][ 69]LogTemp: Warning: New rotation b4 = 0.274658
[2022.12.03-16.32.29:086][ 69]LogTemp: Warning: RecoilDelta: 0.000000
[2022.12.03-16.32.29:118][ 70]LogTemp: Warning: SEIZURES
[2022.12.03-16.32.29:119][ 70]LogTemp: Warning: Current rotation b4 = 0.274658
[2022.12.03-16.32.29:119][ 70]LogTemp: Warning: New rotation b4 = 0.274658
[2022.12.03-16.32.29:119][ 70]LogTemp: Warning: RecoilDelta: 0.000000
[2022.12.03-16.32.29:151][ 71]LogTemp: Warning: SEIZURES
[2022.12.03-16.32.29:151][ 71]LogTemp: Warning: Current rotation b4 = 0.274658
[2022.12.03-16.32.29:152][ 71]LogTemp: Warning: New rotation b4 = 0.274658
[2022.12.03-16.32.29:152][ 71]LogTemp: Warning: RecoilDelta: 0.000000
[2022.12.03-16.32.29:185][ 72]LogTemp: Warning: SEIZURES
[2022.12.03-16.32.29:185][ 72]LogTemp: Warning: Current rotation b4 = 0.274658
[2022.12.03-16.32.29:186][ 72]LogTemp: Warning: New rotation b4 = 0.274658
[2022.12.03-16.32.29:186][ 72]LogTemp: Warning: RecoilDelta: 0.000000
[2022.12.03-16.32.29:218][ 73]LogTemp: Warning: SEIZURES
[2022.12.03-16.32.29:219][ 73]LogTemp: Warning: Current rotation b4 = 0.274658
[2022.12.03-16.32.29:219][ 73]LogTemp: Warning: New rotation b4 = 0.274658
[2022.12.03-16.32.29:220][ 73]LogTemp: Warning: RecoilDelta: 0.000000
[2022.12.03-16.32.29:252][ 74]LogTemp: Warning: SEIZURES
[2022.12.03-16.32.29:253][ 74]LogTemp: Warning: Current rotation b4 = 0.274658
[2022.12.03-16.32.29:253][ 74]LogTemp: Warning: New rotation b4 = 0.274658
[2022.12.03-16.32.29:254][ 74]LogTemp: Warning: RecoilDelta: 0.000000
[2022.12.03-16.32.29:285][ 75]LogTemp: Warning: SEIZURES
[2022.12.03-16.32.29:286][ 75]LogTemp: Warning: Current rotation b4 = 0.274658
[2022.12.03-16.32.29:286][ 75]LogTemp: Warning: New rotation b4 = 0.274658
[2022.12.03-16.32.29:287][ 75]LogTemp: Warning: RecoilDelta: 0.000000
[2022.12.03-16.32.29:318][ 76]LogTemp: Warning: SEIZURES
[2022.12.03-16.32.29:319][ 76]LogTemp: Warning: Current rotation b4 = 0.274658
[2022.12.03-16.32.29:319][ 76]LogTemp: Warning: New rotation b4 = 0.274658
[2022.12.03-16.32.29:320][ 76]LogTemp: Warning: RecoilDelta: 0.000000
[2022.12.03-16.32.29:351][ 77]LogTemp: Warning: SEIZURES
[2022.12.03-16.32.29:352][ 77]LogTemp: Warning: Current rotation b4 = 0.274658
[2022.12.03-16.32.29:352][ 77]LogTemp: Warning: New rotation b4 = 0.274658
[2022.12.03-16.32.29:352][ 77]LogTemp: Warning: RecoilDelta: 0.000000
[2022.12.03-16.32.29:384][ 78]LogTemp: Warning: SEIZURES
[2022.12.03-16.32.29:385][ 78]LogTemp: Warning: Current rotation b4 = 0.274658
[2022.12.03-16.32.29:385][ 78]LogTemp: Warning: New rotation b4 = 0.274658
[2022.12.03-16.32.29:385][ 78]LogTemp: Warning: RecoilDelta: 0.000000
[2022.12.03-16.32.29:417][ 79]LogTemp: Warning: SEIZURES
[2022.12.03-16.32.29:417][ 79]LogTemp: Warning: Current rotation b4 = 0.274658
[2022.12.03-16.32.29:418][ 79]LogTemp: Warning: New rotation b4 = 0.274658
[2022.12.03-16.32.29:418][ 79]LogTemp: Warning: RecoilDelta: 0.000000
[2022.12.03-16.32.29:451][ 80]LogTemp: Warning: SEIZURES
[2022.12.03-16.32.29:452][ 80]LogTemp: Warning: Current rotation b4 = 0.274658
[2022.12.03-16.32.29:452][ 80]LogTemp: Warning: New rotation b4 = 0.274658
[2022.12.03-16.32.29:453][ 80]LogTemp: Warning: RecoilDelta: 0.000000
[2022.12.03-16.32.29:484][ 81]LogTemp: Warning: SEIZURES
[2022.12.03-16.32.29:484][ 81]LogTemp: Warning: Current rotation b4 = 0.274658
[2022.12.03-16.32.29:484][ 81]LogTemp: Warning: New rotation b4 = 0.274658
[2022.12.03-16.32.29:485][ 81]LogTemp: Warning: RecoilDelta: 0.000000
[2022.12.03-16.32.29:518][ 82]LogTemp: Warning: SEIZURES
[2022.12.03-16.32.29:519][ 82]LogTemp: Warning: Current rotation b4 = 0.274658
[2022.12.03-16.32.29:519][ 82]LogTemp: Warning: New rotation b4 = 0.274658
[2022.12.03-16.32.29:520][ 82]LogTemp: Warning: RecoilDelta: 0.000000
[2022.12.03-16.32.29:551][ 83]LogTemp: Warning: SEIZURES
[2022.12.03-16.32.29:551][ 83]LogTemp: Warning: Current rotation b4 = 0.444946
[2022.12.03-16.32.29:552][ 83]LogTemp: Warning: New rotation b4 = 0.444946
[2022.12.03-16.32.29:553][ 83]LogTemp: Warning: RecoilDelta: 0.000000
[2022.12.03-16.32.29:584][ 84]LogTemp: Warning: SEIZURES
[2022.12.03-16.32.29:584][ 84]LogTemp: Warning: Current rotation b4 = 0.444946
[2022.12.03-16.32.29:585][ 84]LogTemp: Warning: New rotation b4 = 0.444946
[2022.12.03-16.32.29:585][ 84]LogTemp: Warning: RecoilDelta: 0.000000
[2022.12.03-16.32.29:617][ 85]LogTemp: Warning: SEIZURES
[2022.12.03-16.32.29:618][ 85]LogTemp: Warning: Current rotation b4 = 0.444946
[2022.12.03-16.32.29:618][ 85]LogTemp: Warning: New rotation b4 = 0.444946
[2022.12.03-16.32.29:619][ 85]LogTemp: Warning: RecoilDelta: 0.000000
[2022.12.03-16.32.29:651][ 86]LogTemp: Warning: SEIZURES
[2022.12.03-16.32.29:652][ 86]LogTemp: Warning: Current rotation b4 = 0.444946
[2022.12.03-16.32.29:652][ 86]LogTemp: Warning: New rotation b4 = 0.444946
[2022.12.03-16.32.29:652][ 86]LogTemp: Warning: RecoilDelta: 0.000000
[2022.12.03-16.32.29:684][ 87]LogTemp: Warning: SEIZURES
[2022.12.03-16.32.29:685][ 87]LogTemp: Warning: Current rotation b4 = 0.444946
[2022.12.03-16.32.29:685][ 87]LogTemp: Warning: New rotation b4 = 0.444946
[2022.12.03-16.32.29:685][ 87]LogTemp: Warning: RecoilDelta: 0.000000
[2022.12.03-16.32.29:717][ 88]LogTemp: Warning: SEIZURES
[2022.12.03-16.32.29:718][ 88]LogTemp: Warning: Current rotation b4 = 0.444946
[2022.12.03-16.32.29:718][ 88]LogTemp: Warning: New rotation b4 = 0.444946
[2022.12.03-16.32.29:719][ 88]LogTemp: Warning: RecoilDelta: 0.000000
[2022.12.03-16.32.29:750][ 89]LogTemp: Warning: SEIZURES
[2022.12.03-16.32.29:752][ 89]LogTemp: Warning: Current rotation b4 = 0.444946
[2022.12.03-16.32.29:752][ 89]LogTemp: Warning: New rotation b4 = 0.444946
[2022.12.03-16.32.29:755][ 89]LogTemp: Warning: RecoilDelta: 0.000000
[2022.12.03-16.32.29:784][ 90]LogTemp: Warning: SEIZURES
[2022.12.03-16.32.29:786][ 90]LogTemp: Warning: Current rotation b4 = 0.444946
[2022.12.03-16.32.29:790][ 90]LogTemp: Warning: New rotation b4 = 0.444946
[2022.12.03-16.32.29:793][ 90]LogTemp: Warning: RecoilDelta: 0.000000
[2022.12.03-16.32.29:818][ 91]LogTemp: Warning: SEIZURES
[2022.12.03-16.32.29:818][ 91]LogTemp: Warning: Current rotation b4 = 0.444946
[2022.12.03-16.32.29:819][ 91]LogTemp: Warning: New rotation b4 = 0.444946
[2022.12.03-16.32.29:820][ 91]LogTemp: Warning: RecoilDelta: 0.000000
[2022.12.03-16.32.29:851][ 92]LogTemp: Warning: SEIZURES
[2022.12.03-16.32.29:852][ 92]LogTemp: Warning: Current rotation b4 = 0.444946
[2022.12.03-16.32.29:852][ 92]LogTemp: Warning: New rotation b4 = 0.444946
[2022.12.03-16.32.29:853][ 92]LogTemp: Warning: RecoilDelta: 0.000000
[2022.12.03-16.32.29:885][ 93]LogTemp: Warning: SEIZURES
[2022.12.03-16.32.29:886][ 93]LogTemp: Warning: Current rotation b4 = 0.444946
[2022.12.03-16.32.29:886][ 93]LogTemp: Warning: New rotation b4 = 0.444946
[2022.12.03-16.32.29:887][ 93]LogTemp: Warning: RecoilDelta: 0.000000
[2022.12.03-16.32.29:918][ 94]LogTemp: Warning: SEIZURES
[2022.12.03-16.32.29:920][ 94]LogTemp: Warning: Current rotation b4 = 0.444946
[2022.12.03-16.32.29:920][ 94]LogTemp: Warning: New rotation b4 = 0.444946
[2022.12.03-16.32.29:920][ 94]LogTemp: Warning: RecoilDelta: 0.000000
[2022.12.03-16.32.29:952][ 95]LogTemp: Warning: SEIZURES
[2022.12.03-16.32.29:953][ 95]LogTemp: Warning: Current rotation b4 = 0.444946
[2022.12.03-16.32.29:953][ 95]LogTemp: Warning: New rotation b4 = 0.444946
[2022.12.03-16.32.29:954][ 95]LogTemp: Warning: RecoilDelta: 0.000000
[2022.12.03-16.32.29:985][ 96]LogTemp: Warning: SEIZURES
[2022.12.03-16.32.29:986][ 96]LogTemp: Warning: Current rotation b4 = 0.444946
[2022.12.03-16.32.29:986][ 96]LogTemp: Warning: New rotation b4 = 0.444946
[2022.12.03-16.32.29:987][ 96]LogTemp: Warning: RecoilDelta: 0.000000
[2022.12.03-16.32.30:019][ 97]LogTemp: Warning: SEIZURES
[2022.12.03-16.32.30:019][ 97]LogTemp: Warning: Current rotation b4 = 0.444946
[2022.12.03-16.32.30:020][ 97]LogTemp: Warning: New rotation b4 = 0.444946
[2022.12.03-16.32.30:020][ 97]LogTemp: Warning: RecoilDelta: 0.000000
[2022.12.03-16.32.30:053][ 98]LogTemp: Warning: SEIZURES
[2022.12.03-16.32.30:054][ 98]LogTemp: Warning: Current rotation b4 = 0.444946
[2022.12.03-16.32.30:054][ 98]LogTemp: Warning: New rotation b4 = 0.444946
[2022.12.03-16.32.30:055][ 98]LogTemp: Warning: RecoilDelta: 0.000000
[2022.12.03-16.32.30:086][ 99]LogTemp: Warning: SEIZURES
[2022.12.03-16.32.30:087][ 99]LogTemp: Warning: Current rotation b4 = 0.444946
[2022.12.03-16.32.30:087][ 99]LogTemp: Warning: New rotation b4 = 0.444946
[2022.12.03-16.32.30:088][ 99]LogTemp: Warning: RecoilDelta: 0.000000
[2022.12.03-16.32.30:120][100]LogTemp: Warning: SEIZURES
[2022.12.03-16.32.30:121][100]LogTemp: Warning: Current rotation b4 = 0.444946
[2022.12.03-16.32.30:122][100]LogTemp: Warning: New rotation b4 = 0.444946
[2022.12.03-16.32.30:122][100]LogTemp: Warning: RecoilDelta: 0.000000
[2022.12.03-16.32.30:154][101]LogTemp: Warning: SEIZURES
[2022.12.03-16.32.30:155][101]LogTemp: Warning: Current rotation b4 = 0.444946
[2022.12.03-16.32.30:155][101]LogTemp: Warning: New rotation b4 = 0.444946
[2022.12.03-16.32.30:155][101]LogTemp: Warning: RecoilDelta: 0.000000
[2022.12.03-16.32.30:187][102]LogTemp: Warning: SEIZURES
[2022.12.03-16.32.30:187][102]LogTemp: Warning: Current rotation b4 = 0.444946
[2022.12.03-16.32.30:188][102]LogTemp: Warning: New rotation b4 = 0.444946
[2022.12.03-16.32.30:188][102]LogTemp: Warning: RecoilDelta: 0.000000
[2022.12.03-16.32.30:219][103]LogTemp: Warning: SEIZURES
[2022.12.03-16.32.30:220][103]LogTemp: Warning: Current rotation b4 = 0.444946
[2022.12.03-16.32.30:220][103]LogTemp: Warning: New rotation b4 = 0.444946
[2022.12.03-16.32.30:221][103]LogTemp: Warning: RecoilDelta: 0.000000
[2022.12.03-16.32.30:252][104]LogTemp: Warning: SEIZURES
[2022.12.03-16.32.30:253][104]LogTemp: Warning: Current rotation b4 = 0.444946
[2022.12.03-16.32.30:253][104]LogTemp: Warning: New rotation b4 = 0.444946
[2022.12.03-16.32.30:254][104]LogTemp: Warning: RecoilDelta: 0.000000
[2022.12.03-16.32.30:285][105]LogTemp: Warning: SEIZURES
[2022.12.03-16.32.30:285][105]LogTemp: Warning: Current rotation b4 = 0.444946
[2022.12.03-16.32.30:286][105]LogTemp: Warning: New rotation b4 = 0.444946
[2022.12.03-16.32.30:286][105]LogTemp: Warning: RecoilDelta: 0.000000
[2022.12.03-16.32.30:319][106]LogTemp: Warning: SEIZURES
[2022.12.03-16.32.30:320][106]LogTemp: Warning: Current rotation b4 = 0.444946
[2022.12.03-16.32.30:320][106]LogTemp: Warning: New rotation b4 = 0.444946
[2022.12.03-16.32.30:321][106]LogTemp: Warning: RecoilDelta: 0.000000
[2022.12.03-16.32.30:352][107]LogTemp: Warning: SEIZURES
[2022.12.03-16.32.30:353][107]LogTemp: Warning: Current rotation b4 = 0.444946
[2022.12.03-16.32.30:353][107]LogTemp: Warning: New rotation b4 = 0.444946
[2022.12.03-16.32.30:354][107]LogTemp: Warning: RecoilDelta: 0.000000
[2022.12.03-16.32.30:385][108]LogTemp: Warning: SEIZURES
[2022.12.03-16.32.30:386][108]LogTemp: Warning: Current rotation b4 = 0.444946
[2022.12.03-16.32.30:386][108]LogTemp: Warning: New rotation b4 = 0.444946
[2022.12.03-16.32.30:386][108]LogTemp: Warning: RecoilDelta: 0.000000
[2022.12.03-16.32.30:418][109]LogTemp: Warning: SEIZURES
[2022.12.03-16.32.30:419][109]LogTemp: Warning: Current rotation b4 = 0.444946
[2022.12.03-16.32.30:419][109]LogTemp: Warning: New rotation b4 = 0.444946
[2022.12.03-16.32.30:420][109]LogTemp: Warning: RecoilDelta: 0.000000
[2022.12.03-16.32.30:451][110]LogTemp: Warning: SEIZURES
[2022.12.03-16.32.30:451][110]LogTemp: Warning: Current rotation b4 = 0.444946
[2022.12.03-16.32.30:452][110]LogTemp: Warning: New rotation b4 = 0.444946
[2022.12.03-16.32.30:452][110]LogTemp: Warning: RecoilDelta: 0.000000
[2022.12.03-16.32.30:485][111]LogTemp: Warning: SEIZURES
[2022.12.03-16.32.30:486][111]LogTemp: Warning: Current rotation b4 = 0.444946
[2022.12.03-16.32.30:486][111]LogTemp: Warning: New rotation b4 = 0.444946
[2022.12.03-16.32.30:487][111]LogTemp: Warning: RecoilDelta: 0.000000
[2022.12.03-16.32.30:519][112]LogTemp: Warning: SEIZURES
[2022.12.03-16.32.30:519][112]LogTemp: Warning: Current rotation b4 = 0.444946
[2022.12.03-16.32.30:520][112]LogTemp: Warning: New rotation b4 = 0.444946
[2022.12.03-16.32.30:521][112]LogTemp: Warning: RecoilDelta: 0.000000
[2022.12.03-16.32.30:552][113]LogTemp: Warning: SEIZURES
[2022.12.03-16.32.30:553][113]LogTemp: Warning: Current rotation b4 = 0.444946
[2022.12.03-16.32.30:554][113]LogTemp: Warning: New rotation b4 = 0.444946
[2022.12.03-16.32.30:554][113]LogTemp: Warning: RecoilDelta: 0.000000
[2022.12.03-16.32.30:586][114]LogTemp: Warning: SEIZURES
[2022.12.03-16.32.30:587][114]LogTemp: Warning: Current rotation b4 = 0.444946
[2022.12.03-16.32.30:587][114]LogTemp: Warning: New rotation b4 = 0.444946
[2022.12.03-16.32.30:588][114]LogTemp: Warning: RecoilDelta: 0.000000
[2022.12.03-16.32.30:620][115]LogTemp: Warning: SEIZURES
[2022.12.03-16.32.30:621][115]LogTemp: Warning: Current rotation b4 = 0.444946
[2022.12.03-16.32.30:621][115]LogTemp: Warning: New rotation b4 = 0.444946
[2022.12.03-16.32.30:621][115]LogTemp: Warning: RecoilDelta: 0.000000
[2022.12.03-16.32.30:654][116]LogTemp: Warning: SEIZURES
[2022.12.03-16.32.30:654][116]LogTemp: Warning: Current rotation b4 = 0.444946
[2022.12.03-16.32.30:655][116]LogTemp: Warning: New rotation b4 = 0.444946
[2022.12.03-16.32.30:655][116]LogTemp: Warning: RecoilDelta: 0.000000
[2022.12.03-16.32.30:687][117]LogTemp: Warning: SEIZURES
[2022.12.03-16.32.30:688][117]LogTemp: Warning: Current rotation b4 = 0.444946
[2022.12.03-16.32.30:688][117]LogTemp: Warning: New rotation b4 = 0.444946
[2022.12.03-16.32.30:689][117]LogTemp: Warning: RecoilDelta: 0.000000
[2022.12.03-16.32.30:720][118]LogTemp: Warning: SEIZURES
[2022.12.03-16.32.30:720][118]LogTemp: Warning: Current rotation b4 = 0.444946
[2022.12.03-16.32.30:721][118]LogTemp: Warning: New rotation b4 = 0.444946
[2022.12.03-16.32.30:722][118]LogTemp: Warning: RecoilDelta: 0.000000
[2022.12.03-16.32.30:753][119]LogTemp: Warning: SEIZURES
[2022.12.03-16.32.30:754][119]LogTemp: Warning: Current rotation b4 = 0.444946
[2022.12.03-16.32.30:754][119]LogTemp: Warning: New rotation b4 = 0.444946
[2022.12.03-16.32.30:755][119]LogTemp: Warning: RecoilDelta: 0.000000
[2022.12.03-16.32.30:786][120]LogTemp: Warning: SEIZURES
[2022.12.03-16.32.30:787][120]LogTemp: Warning: Current rotation b4 = 0.444946
[2022.12.03-16.32.30:787][120]LogTemp: Warning: New rotation b4 = 0.444946
[2022.12.03-16.32.30:788][120]LogTemp: Warning: RecoilDelta: 0.000000
[2022.12.03-16.32.30:819][121]LogTemp: Warning: SEIZURES
[2022.12.03-16.32.30:820][121]LogTemp: Warning: Current rotation b4 = 0.444946
[2022.12.03-16.32.30:820][121]LogTemp: Warning: New rotation b4 = 0.444946
[2022.12.03-16.32.30:821][121]LogTemp: Warning: RecoilDelta: 0.000000
[2022.12.03-16.32.30:853][122]LogTemp: Warning: SEIZURES
[2022.12.03-16.32.30:854][122]LogTemp: Warning: Current rotation b4 = 0.444946
[2022.12.03-16.32.30:854][122]LogTemp: Warning: New rotation b4 = 0.444946
[2022.12.03-16.32.30:855][122]LogTemp: Warning: RecoilDelta: 0.000000
[2022.12.03-16.32.30:886][123]LogTemp: Warning: SEIZURES
[2022.12.03-16.32.30:886][123]LogTemp: Warning: Current rotation b4 = 0.444946
[2022.12.03-16.32.30:886][123]LogTemp: Warning: New rotation b4 = 0.444946
[2022.12.03-16.32.30:887][123]LogTemp: Warning: RecoilDelta: 0.000000
[2022.12.03-16.32.30:919][124]LogTemp: Warning: SEIZURES
[2022.12.03-16.32.30:921][124]LogTemp: Warning: Current rotation b4 = 0.444946
[2022.12.03-16.32.30:921][124]LogTemp: Warning: New rotation b4 = 0.444946
[2022.12.03-16.32.30:921][124]LogTemp: Warning: RecoilDelta: 0.000000
