Log file open, 04/16/23 13:15:41
LogWindows: Failed to load 'aqProf.dll' (GetLastError=126)
LogWindows: File 'aqProf.dll' does not exist
LogWindows: Failed to load 'VtuneApi.dll' (GetLastError=126)
LogWindows: File 'VtuneApi.dll' does not exist
LogWindows: Failed to load 'VtuneApi32e.dll' (GetLastError=126)
LogWindows: File 'VtuneApi32e.dll' does not exist
LogConsoleResponse: Display: Failed to find resolution value strings in scalability ini. Falling back to default.
LogConsoleResponse: Display: Failed to find resolution value strings in scalability ini. Falling back to default.
LogInit: Display: Running engine for game: fpsgame
LogPlatformFile: Not using cached read wrapper
LogTaskGraph: Started task graph with 5 named threads and 35 total threads with 3 sets of task threads.
LogStats: Stats thread started at 0.210451
LogICUInternationalization: ICU TimeZone Detection - Raw Offset: +0:00, Platform Override: ''
LogInit: Display: Loading text-based GConfig....
LogPluginManager: Mounting plugin MeshPainting
LogPluginManager: Mounting plugin XGEController
LogPluginManager: Mounting plugin Paper2D
LogPluginManager: Mounting plugin AISupport
LogPluginManager: Mounting plugin LightPropagationVolume
LogPluginManager: Mounting plugin EnvironmentQueryEditor
LogPluginManager: Mounting plugin LiveLink
LogPluginManager: Mounting plugin AnimationSharing
LogPluginManager: Mounting plugin CLionSourceCodeAccess
LogPluginManager: Mounting plugin CodeLiteSourceCodeAccess
LogPluginManager: Mounting plugin KDevelopSourceCodeAccess
LogPluginManager: Mounting plugin AssetManagerEditor
LogPluginManager: Mounting plugin NullSourceCodeAccess
LogPluginManager: Mounting plugin GitSourceControl
LogPluginManager: Mounting plugin PerforceSourceControl
LogPluginManager: Mounting plugin PixWinPlugin
LogPluginManager: Mounting plugin PlasticSourceControl
LogPluginManager: Mounting plugin PropertyAccessNode
LogPluginManager: Mounting plugin CryptoKeys
LogPluginManager: Mounting plugin CurveEditorTools
LogPluginManager: Mounting plugin RiderSourceCodeAccess
LogPluginManager: Mounting plugin PluginUtils
LogPluginManager: Mounting plugin SubversionSourceControl
LogPluginManager: Mounting plugin FacialAnimation
LogPluginManager: Mounting plugin GameplayTagsEditor
LogPluginManager: Mounting plugin GeometryMode
LogPluginManager: Mounting plugin MacGraphicsSwitching
LogPluginManager: Mounting plugin TextureFormatOodle
LogPluginManager: Mounting plugin MobileLauncherProfileWizard
LogPluginManager: Mounting plugin UObjectPlugin
LogPluginManager: Mounting plugin PluginBrowser
LogPluginManager: Mounting plugin SpeedTreeImporter
LogPluginManager: Mounting plugin DataValidation
LogPluginManager: Mounting plugin VisualStudioSourceCodeAccess
LogPluginManager: Mounting plugin VisualStudioCodeSourceCodeAccess
LogPluginManager: Mounting plugin MaterialAnalyzer
LogPluginManager: Mounting plugin XCodeSourceCodeAccess
LogPluginManager: Mounting plugin OodleNetwork
LogPluginManager: Mounting plugin OodleData
LogPluginManager: Mounting plugin AlembicImporter
LogPluginManager: Mounting plugin BackChannel
LogPluginManager: Mounting plugin AutomationUtils
LogPluginManager: Mounting plugin Niagara
LogPluginManager: Mounting plugin ChaosCloth
LogPluginManager: Mounting plugin ChaosClothEditor
LogPluginManager: Mounting plugin ChaosNiagara
LogPluginManager: Mounting plugin ChaosSolverPlugin
LogPluginManager: Mounting plugin ChaosEditor
LogPluginManager: Mounting plugin CharacterAI
LogPluginManager: Mounting plugin GeometryCache
LogPluginManager: Mounting plugin GeometryCollectionPlugin
LogPluginManager: Mounting plugin LuminPlatformFeatures
LogPluginManager: Mounting plugin MagicLeap
LogPluginManager: Mounting plugin MagicLeapLightEstimation
LogPluginManager: Mounting plugin MagicLeapMedia
LogPluginManager: Mounting plugin MagicLeapPassableWorld
LogPluginManager: Mounting plugin MLSDK
LogPluginManager: Mounting plugin TcpMessaging
LogPluginManager: Mounting plugin AndroidMedia
LogPluginManager: Mounting plugin UdpMessaging
LogPluginManager: Mounting plugin AvfMedia
LogPluginManager: Mounting plugin GeometryProcessing
LogPluginManager: Mounting plugin ImgMedia
LogPluginManager: Mounting plugin MediaCompositing
LogPluginManager: Mounting plugin WebMMedia
LogPluginManager: Mounting plugin WmfMedia
LogPluginManager: Mounting plugin MediaPlayerEditor
LogPluginManager: Mounting plugin MotoSynth
LogPluginManager: Mounting plugin OpenImageDenoise
LogPluginManager: Mounting plugin PythonScriptPlugin
LogPluginManager: Mounting plugin PlatformCrypto
LogPluginManager: Mounting plugin PlanarCut
LogPluginManager: Mounting plugin ProxyLODPlugin
LogPluginManager: Mounting plugin SkeletalReduction
LogPluginManager: Mounting plugin DatasmithContent
LogPluginManager: Mounting plugin VariantManagerContent
LogPluginManager: Mounting plugin ActorSequence
LogPluginManager: Mounting plugin MatineeToLevelSequence
LogPluginManager: Mounting plugin LevelSequenceEditor
LogPluginManager: Mounting plugin OnlineSubsystem
LogPluginManager: Mounting plugin OnlineSubsystemNull
LogPluginManager: Mounting plugin TemplateSequence
LogPluginManager: Mounting plugin LauncherChunkInstaller
LogPluginManager: Mounting plugin OnlineSubsystemUtils
LogPluginManager: Mounting plugin ActorLayerUtilities
LogPluginManager: Mounting plugin AndroidDeviceProfileSelector
LogPluginManager: Mounting plugin AndroidMoviePlayer
LogPluginManager: Mounting plugin AppleImageUtils
LogPluginManager: Mounting plugin AndroidPermission
LogPluginManager: Mounting plugin AssetTags
LogPluginManager: Mounting plugin AudioCapture
LogPluginManager: Mounting plugin AudioSynesthesia
LogPluginManager: Mounting plugin ArchVisCharacter
LogPluginManager: Mounting plugin CableComponent
LogPluginManager: Mounting plugin ChunkDownloader
LogPluginManager: Mounting plugin AppleMoviePlayer
LogPluginManager: Mounting plugin CustomMeshComponent
LogPluginManager: Mounting plugin EditableMesh
LogPluginManager: Mounting plugin ExampleDeviceProfileSelector
LogPluginManager: Mounting plugin GoogleCloudMessaging
LogPluginManager: Mounting plugin IOSDeviceProfileSelector
LogPluginManager: Mounting plugin GooglePAD
LogPluginManager: Mounting plugin ScreenshotTools
LogPluginManager: Mounting plugin LocationServicesBPLibrary
LogPluginManager: Mounting plugin MobilePatchingUtils
LogPluginManager: Mounting plugin OpenXRHandTracking
LogPluginManager: Mounting plugin OpenXREyeTracker
LogPluginManager: Mounting plugin OpenXR
LogPluginManager: Mounting plugin LinuxDeviceProfileSelector
LogPluginManager: Mounting plugin PhysXVehicles
LogPluginManager: Mounting plugin PostSplashScreen
LogPluginManager: Mounting plugin ProceduralMeshComponent
LogPluginManager: Mounting plugin PropertyAccessEditor
LogPluginManager: Mounting plugin RuntimePhysXCooking
LogPluginManager: Mounting plugin SignificanceManager
LogPluginManager: Mounting plugin SoundFields
LogPluginManager: Mounting plugin Synthesis
LogPluginManager: Mounting plugin WebMMoviePlayer
LogPluginManager: Mounting plugin WindowsMoviePlayer
LogPluginManager: Mounting plugin Takes
LogPluginManager: Mounting plugin GameplayCameras
LogPluginManager: Mounting plugin CameraShakePreviewer
LogPluginManager: Mounting plugin ContentBrowserAssetDataSource
LogPluginManager: Mounting plugin ContentBrowserFileDataSource
LogPluginManager: Mounting plugin ContentBrowserClassDataSource
LogPluginManager: Mounting plugin OnlineSubsystemGooglePlay
LogPluginManager: Mounting plugin OnlineSubsystemIOS
LogPluginManager: Mounting plugin OculusVR
LogPluginManager: Mounting plugin SteamVR
PixWinPlugin: PIX capture plugin failed to initialize! Check that the process is launched from PIX.
LogInit: Using libcurl 7.55.1-DEV
LogInit:  - built for x86_64-pc-win32
LogInit:  - supports SSL with OpenSSL/1.1.1
LogInit:  - supports HTTP deflate (compression) using libz 1.2.8
LogInit:  - other features:
LogInit:      CURL_VERSION_SSL
LogInit:      CURL_VERSION_LIBZ
LogInit:      CURL_VERSION_IPV6
LogInit:      CURL_VERSION_ASYNCHDNS
LogInit:      CURL_VERSION_LARGEFILE
LogInit:      CURL_VERSION_IDN
LogInit:  CurlRequestOptions (configurable via config and command line):
LogInit:  - bVerifyPeer = true  - Libcurl will verify peer certificate
LogInit:  - bUseHttpProxy = false  - Libcurl will NOT use HTTP proxy
LogInit:  - bDontReuseConnections = false  - Libcurl will reuse connections
LogInit:  - MaxHostConnections = 16  - Libcurl will limit the number of connections to a host
LogInit:  - LocalHostAddr = Default
LogInit:  - BufferSize = 65536
LogOnline: OSS: Creating online subsystem instance for: NULL
LogInit: WinSock: version 1.1 (2.2), MaxSocks=32767, MaxUdp=65467
LogOnline: OSS: TryLoadSubsystemAndSetDefault: Loaded subsystem for module [NULL]
LogOculusPluginWrapper: OculusPlugin initialized successfully
LogHMD: Failed initializing OVRPlugin 1.59.0
LogInit: Build: ++UE4+Release-4.27-CL-18319896
LogInit: Engine Version: 4.27.2-18319896+++UE4+Release-4.27
LogInit: Compatible Engine Version: 4.27.0-17155196+++UE4+Release-4.27
LogInit: Net CL: 17155196
LogInit: OS: Windows 10 (Release 2009) (), CPU: AMD Ryzen 5 3600X 6-Core Processor             , GPU: AMD Radeon RX 5700 XT
LogInit: Compiled (64-bit): Nov 30 2021 07:12:08
LogInit: Compiled with Visual C++: 19.24.28315.00
LogInit: Build Configuration: Development
LogInit: Branch Name: ++UE4+Release-4.27
LogInit: Command Line:  127.0.0.1:17777 -game -PIEVIACONSOLE -Multiprocess "GameUserSettingsINI=C:/Users/danie/Documents/Gamedev VR/game/UE4 game/fpsgame/Saved/Config/Windows/PIEGameUserSettings1.ini" -MultiprocessSaveConfig -forcepassthrough -messaging -SessionName="Play in Standalone Game" -PktLagMin=0 -PktLagMax=0 -PktLoss=0 -PktIncomingLagMin=0 -PktIncomingLagMax=0 -PktIncomingLoss=0 -windowed -WinX=0 -WinY=24 SAVEWINPOS=1 -ResX=640 -ResY=480
LogInit: Base Directory: C:/Program Files/Epic Games/UE_4.27/Engine/Binaries/Win64/
LogInit: Allocator: TBB
LogInit: Installed Engine Build: 1
LogDevObjectVersion: Number of dev versions registered: 29
LogDevObjectVersion:   Dev-Blueprints (B0D832E4-1F89-4F0D-ACCF-7EB736FD4AA2): 10
LogDevObjectVersion:   Dev-Build (E1C64328-A22C-4D53-A36C-8E866417BD8C): 0
LogDevObjectVersion:   Dev-Core (375EC13C-06E4-48FB-B500-84F0262A717E): 4
LogDevObjectVersion:   Dev-Editor (E4B068ED-F494-42E9-A231-DA0B2E46BB41): 40
LogDevObjectVersion:   Dev-Framework (CFFC743F-43B0-4480-9391-14DF171D2073): 37
LogDevObjectVersion:   Dev-Mobile (B02B49B5-BB20-44E9-A304-32B752E40360): 3
LogDevObjectVersion:   Dev-Networking (A4E4105C-59A1-49B5-A7C5-40C4547EDFEE): 0
LogDevObjectVersion:   Dev-Online (39C831C9-5AE6-47DC-9A44-9C173E1C8E7C): 0
LogDevObjectVersion:   Dev-Physics (78F01B33-EBEA-4F98-B9B4-84EACCB95AA2): 14
LogDevObjectVersion:   Dev-Platform (6631380F-2D4D-43E0-8009-CF276956A95A): 0
LogDevObjectVersion:   Dev-Rendering (12F88B9F-8875-4AFC-A67C-D90C383ABD29): 45
LogDevObjectVersion:   Dev-Sequencer (7B5AE74C-D270-4C10-A958-57980B212A5A): 13
LogDevObjectVersion:   Dev-VR (D7296918-1DD6-4BDD-9DE2-64A83CC13884): 3
LogDevObjectVersion:   Dev-LoadTimes (C2A15278-BFE7-4AFE-6C17-90FF531DF755): 1
LogDevObjectVersion:   Private-Geometry (6EACA3D4-40EC-4CC1-B786-8BED09428FC5): 3
LogDevObjectVersion:   Dev-AnimPhys (29E575DD-E0A3-4627-9D10-D276232CDCEA): 17
LogDevObjectVersion:   Dev-Anim (AF43A65D-7FD3-4947-9873-3E8ED9C1BB05): 15
LogDevObjectVersion:   Dev-ReflectionCapture (6B266CEC-1EC7-4B8F-A30B-E4D90942FC07): 1
LogDevObjectVersion:   Dev-Automation (0DF73D61-A23F-47EA-B727-89E90C41499A): 1
LogDevObjectVersion:   FortniteMain (601D1886-AC64-4F84-AA16-D3DE0DEAC7D6): 47
LogDevObjectVersion:   FortniteRelease (E7086368-6B23-4C58-8439-1B7016265E91): 1
LogDevObjectVersion:   Dev-Enterprise (9DFFBCD6-494F-0158-E221-12823C92A888): 10
LogDevObjectVersion:   Dev-Niagara (F2AED0AC-9AFE-416F-8664-AA7FFA26D6FC): 1
LogDevObjectVersion:   Dev-Destruction (174F1F0B-B4C6-45A5-B13F-2EE8D0FB917D): 10
LogDevObjectVersion:   Dev-Physics-Ext (35F94A83-E258-406C-A318-09F59610247C): 41
LogDevObjectVersion:   Dev-PhysicsMaterial-Chaos (B68FC16E-8B1B-42E2-B453-215C058844FE): 1
LogDevObjectVersion:   Dev-CineCamera (B2E18506-4273-CFC2-A54E-F4BB758BBA07): 1
LogDevObjectVersion:   Dev-VirtualProduction (64F58936-FD1B-42BA-BA96-7289D5D0FA4E): 1
LogDevObjectVersion:   Dev-MediaFramework (6F0ED827-A609-4895-9C91-998D90180EA4): 2
LogInit: Presizing for max 25165824 objects, including 0 objects not considered by GC, pre-allocating 0 bytes for permanent pool.
LogConfig: Applying CVar settings from Section [/Script/Engine.StreamingSettings] File [C:/Users/danie/Documents/Gamedev VR/game/UE4 game/fpsgame/Saved/Config/Windows/Engine.ini]
LogConfig: Setting CVar [[s.MinBulkDataSizeForAsyncLoading:131072]]
LogConfig: Setting CVar [[s.AsyncLoadingThreadEnabled:0]]
LogConfig: Setting CVar [[s.EventDrivenLoaderEnabled:1]]
LogConfig: Setting CVar [[s.WarnIfTimeLimitExceeded:0]]
LogConfig: Setting CVar [[s.TimeLimitExceededMultiplier:1.5]]
LogConfig: Setting CVar [[s.TimeLimitExceededMinTime:0.005]]
LogConfig: Setting CVar [[s.UseBackgroundLevelStreaming:1]]
LogConfig: Setting CVar [[s.PriorityAsyncLoadingExtraTime:15.0]]
LogConfig: Setting CVar [[s.LevelStreamingActorsUpdateTimeLimit:5.0]]
LogConfig: Setting CVar [[s.PriorityLevelStreamingActorsUpdateExtraTime:5.0]]
LogConfig: Setting CVar [[s.LevelStreamingComponentsRegistrationGranularity:10]]
LogConfig: Setting CVar [[s.UnregisterComponentsTimeLimit:1.0]]
LogConfig: Setting CVar [[s.LevelStreamingComponentsUnregistrationGranularity:5]]
LogConfig: Setting CVar [[s.FlushStreamingOnExit:1]]
LogInit: Object subsystem initialized
LogConfig: Setting CVar [[con.DebugEarlyDefault:1]]
LogConfig: Setting CVar [[r.setres:1280x720]]
[2023.04.16-12.15.41:940][  0]LogConfig: Setting CVar [[con.DebugEarlyDefault:1]]
[2023.04.16-12.15.41:940][  0]LogConfig: Setting CVar [[r.setres:1280x720]]
[2023.04.16-12.15.41:940][  0]LogConfig: Applying CVar settings from Section [/Script/Engine.RendererSettings] File [C:/Users/danie/Documents/Gamedev VR/game/UE4 game/fpsgame/Saved/Config/Windows/Engine.ini]
[2023.04.16-12.15.41:940][  0]LogConfig: Setting CVar [[r.GPUCrashDebugging:0]]
[2023.04.16-12.15.41:940][  0]LogConfig: Setting CVar [[r.Mobile.DisableVertexFog:1]]
[2023.04.16-12.15.41:940][  0]LogConfig: Setting CVar [[r.Shadow.CSM.MaxMobileCascades:2]]
[2023.04.16-12.15.41:940][  0]LogConfig: Setting CVar [[r.MobileMSAA:1]]
[2023.04.16-12.15.41:940][  0]LogConfig: Setting CVar [[r.Mobile.AllowDitheredLODTransition:0]]
[2023.04.16-12.15.41:940][  0]LogConfig: Setting CVar [[r.Mobile.AllowSoftwareOcclusion:0]]
[2023.04.16-12.15.41:940][  0]LogConfig: Setting CVar [[r.Mobile.VirtualTextures:0]]
[2023.04.16-12.15.41:940][  0]LogConfig: Setting CVar [[r.DiscardUnusedQuality:0]]
[2023.04.16-12.15.41:940][  0]LogConfig: Setting CVar [[r.AllowOcclusionQueries:1]]
[2023.04.16-12.15.41:940][  0]LogConfig: Setting CVar [[r.MinScreenRadiusForLights:0.030000]]
[2023.04.16-12.15.41:940][  0]LogConfig: Setting CVar [[r.MinScreenRadiusForDepthPrepass:0.030000]]
[2023.04.16-12.15.41:940][  0]LogConfig: Setting CVar [[r.MinScreenRadiusForCSMDepth:0.010000]]
[2023.04.16-12.15.41:940][  0]LogConfig: Setting CVar [[r.PrecomputedVisibilityWarning:0]]
[2023.04.16-12.15.41:940][  0]LogConfig: Setting CVar [[r.TextureStreaming:1]]
[2023.04.16-12.15.41:940][  0]LogConfig: Setting CVar [[Compat.UseDXT5NormalMaps:0]]
[2023.04.16-12.15.41:940][  0]LogConfig: Setting CVar [[r.VirtualTextures:0]]
[2023.04.16-12.15.41:940][  0]LogConfig: Setting CVar [[r.VT.EnableAutoImport:1]]
[2023.04.16-12.15.41:940][  0]LogConfig: Setting CVar [[r.VirtualTexturedLightmaps:0]]
[2023.04.16-12.15.41:940][  0]LogConfig: Setting CVar [[r.VT.TileSize:128]]
[2023.04.16-12.15.41:940][  0]LogConfig: Setting CVar [[r.VT.TileBorderSize:4]]
[2023.04.16-12.15.41:940][  0]LogConfig: Setting CVar [[r.vt.FeedbackFactor:16]]
[2023.04.16-12.15.41:940][  0]LogConfig: Setting CVar [[r.VT.EnableCompressZlib:1]]
[2023.04.16-12.15.41:940][  0]LogConfig: Setting CVar [[r.VT.EnableCompressCrunch:0]]
[2023.04.16-12.15.41:940][  0]LogConfig: Setting CVar [[r.ClearCoatNormal:0]]
[2023.04.16-12.15.41:940][  0]LogConfig: Setting CVar [[r.ReflectionCaptureResolution:128]]
[2023.04.16-12.15.41:940][  0]LogConfig: Setting CVar [[r.Mobile.ReflectionCaptureCompression:0]]
[2023.04.16-12.15.41:940][  0]LogConfig: Setting CVar [[r.ReflectionEnvironmentLightmapMixBasedOnRoughness:1]]
[2023.04.16-12.15.41:940][  0]LogConfig: Setting CVar [[r.ForwardShading:0]]
[2023.04.16-12.15.41:940][  0]LogConfig: Setting CVar [[r.VertexFoggingForOpaque:1]]
[2023.04.16-12.15.41:940][  0]LogConfig: Setting CVar [[r.AllowStaticLighting:1]]
[2023.04.16-12.15.41:940][  0]LogConfig: Setting CVar [[r.NormalMapsForStaticLighting:0]]
[2023.04.16-12.15.41:940][  0]LogConfig: Setting CVar [[r.GenerateMeshDistanceFields:0]]
[2023.04.16-12.15.41:940][  0]LogConfig: Setting CVar [[r.DistanceFieldBuild.EightBit:0]]
[2023.04.16-12.15.41:940][  0]LogConfig: Setting CVar [[r.GenerateLandscapeGIData:0]]
[2023.04.16-12.15.41:940][  0]LogConfig: Setting CVar [[r.DistanceFieldBuild.Compress:0]]
[2023.04.16-12.15.41:940][  0]LogConfig: Setting CVar [[r.TessellationAdaptivePixelsPerTriangle:48.000000]]
[2023.04.16-12.15.41:940][  0]LogConfig: Setting CVar [[r.SeparateTranslucency:1]]
[2023.04.16-12.15.41:940][  0]LogConfig: Setting CVar [[r.TranslucentSortPolicy:0]]
[2023.04.16-12.15.41:940][  0]LogConfig: Setting CVar [[vr.VRS.HMDFixedFoveationLevel:0]]
[2023.04.16-12.15.41:940][  0]LogConfig: Setting CVar [[r.CustomDepth:1]]
[2023.04.16-12.15.41:940][  0]LogConfig: Setting CVar [[r.CustomDepthTemporalAAJitter:1]]
[2023.04.16-12.15.41:940][  0]LogConfig: Setting CVar [[r.PostProcessing.PropagateAlpha:0]]
[2023.04.16-12.15.41:940][  0]LogConfig: Setting CVar [[r.DefaultFeature.Bloom:1]]
[2023.04.16-12.15.41:940][  0]LogConfig: Setting CVar [[r.DefaultFeature.AmbientOcclusion:1]]
[2023.04.16-12.15.41:940][  0]LogConfig: Setting CVar [[r.DefaultFeature.AmbientOcclusionStaticFraction:1]]
[2023.04.16-12.15.41:940][  0]LogConfig: Setting CVar [[r.DefaultFeature.AutoExposure:0]]
[2023.04.16-12.15.41:940][  0]LogConfig: Setting CVar [[r.DefaultFeature.AutoExposure.Method:0]]
[2023.04.16-12.15.41:940][  0]LogConfig: Setting CVar [[r.DefaultFeature.AutoExposure.Bias:1.000000]]
[2023.04.16-12.15.41:940][  0]LogConfig: Setting CVar [[r.DefaultFeature.AutoExposure.ExtendDefaultLuminanceRange:0]]
[2023.04.16-12.15.41:941][  0]LogConfig: Setting CVar [[r.UsePreExposure:1]]
[2023.04.16-12.15.41:941][  0]LogConfig: Setting CVar [[r.EyeAdaptation.EditorOnly:0]]
[2023.04.16-12.15.41:941][  0]LogConfig: Setting CVar [[r.DefaultFeature.MotionBlur:0]]
[2023.04.16-12.15.41:941][  0]LogConfig: Setting CVar [[r.DefaultFeature.LensFlare:0]]
[2023.04.16-12.15.41:941][  0]LogConfig: Setting CVar [[r.TemporalAA.Upsampling:0]]
[2023.04.16-12.15.41:941][  0]LogConfig: Setting CVar [[r.SSGI.Enable:0]]
[2023.04.16-12.15.41:941][  0]LogConfig: Setting CVar [[r.DefaultFeature.AntiAliasing:0]]
[2023.04.16-12.15.41:941][  0]LogConfig: Setting CVar [[r.DefaultFeature.LightUnits:1]]
[2023.04.16-12.15.41:941][  0]LogConfig: Setting CVar [[r.DefaultBackBufferPixelFormat:4]]
[2023.04.16-12.15.41:941][  0]LogConfig: Setting CVar [[r.Shadow.UnbuiltPreviewInGame:1]]
[2023.04.16-12.15.41:941][  0]LogConfig: Setting CVar [[r.StencilForLODDither:0]]
[2023.04.16-12.15.41:941][  0]LogConfig: Setting CVar [[r.EarlyZPass:3]]
[2023.04.16-12.15.41:941][  0]LogConfig: Setting CVar [[r.EarlyZPassOnlyMaterialMasking:0]]
[2023.04.16-12.15.41:941][  0]LogConfig: Setting CVar [[r.DBuffer:1]]
[2023.04.16-12.15.41:941][  0]LogConfig: Setting CVar [[r.ClearSceneMethod:1]]
[2023.04.16-12.15.41:941][  0]LogConfig: Setting CVar [[r.BasePassOutputsVelocity:0]]
[2023.04.16-12.15.41:941][  0]LogConfig: Setting CVar [[r.VertexDeformationOutputsVelocity:0]]
[2023.04.16-12.15.41:941][  0]LogConfig: Setting CVar [[r.SelectiveBasePassOutputs:0]]
[2023.04.16-12.15.41:941][  0]LogConfig: Setting CVar [[fx.GPUSimulationTextureSizeX:1024]]
[2023.04.16-12.15.41:941][  0]LogConfig: Setting CVar [[fx.GPUSimulationTextureSizeY:1024]]
[2023.04.16-12.15.41:941][  0]LogConfig: Setting CVar [[r.AllowGlobalClipPlane:0]]
[2023.04.16-12.15.41:941][  0]LogConfig: Setting CVar [[r.GBufferFormat:1]]
[2023.04.16-12.15.41:941][  0]LogConfig: Setting CVar [[r.MorphTarget.Mode:1]]
[2023.04.16-12.15.41:941][  0]LogConfig: Setting CVar [[vr.InstancedStereo:0]]
[2023.04.16-12.15.41:941][  0]LogConfig: Setting CVar [[r.MobileHDR:1]]
[2023.04.16-12.15.41:941][  0]LogConfig: Setting CVar [[vr.MobileMultiView:0]]
[2023.04.16-12.15.41:941][  0]LogConfig: Setting CVar [[r.Mobile.UseHWsRGBEncoding:0]]
[2023.04.16-12.15.41:941][  0]LogConfig: Setting CVar [[vr.RoundRobinOcclusion:0]]
[2023.04.16-12.15.41:941][  0]LogConfig: Setting CVar [[vr.ODSCapture:0]]
[2023.04.16-12.15.41:941][  0]LogConfig: Setting CVar [[r.MeshStreaming:0]]
[2023.04.16-12.15.41:941][  0]LogConfig: Setting CVar [[r.WireframeCullThreshold:5.000000]]
[2023.04.16-12.15.41:941][  0]LogConfig: Setting CVar [[r.RayTracing:0]]
[2023.04.16-12.15.41:941][  0]LogConfig: Setting CVar [[r.RayTracing.UseTextureLod:0]]
[2023.04.16-12.15.41:941][  0]LogConfig: Setting CVar [[r.SupportStationarySkylight:1]]
[2023.04.16-12.15.41:941][  0]LogConfig: Setting CVar [[r.SupportLowQualityLightmaps:1]]
[2023.04.16-12.15.41:941][  0]LogConfig: Setting CVar [[r.SupportPointLightWholeSceneShadows:1]]
[2023.04.16-12.15.41:941][  0]LogConfig: Setting CVar [[r.SupportAtmosphericFog:1]]
[2023.04.16-12.15.41:941][  0]LogConfig: Setting CVar [[r.SupportSkyAtmosphere:1]]
[2023.04.16-12.15.41:941][  0]LogConfig: Setting CVar [[r.SupportSkyAtmosphereAffectsHeightFog:0]]
[2023.04.16-12.15.41:941][  0]LogConfig: Setting CVar [[r.SkinCache.CompileShaders:0]]
[2023.04.16-12.15.41:941][  0]LogConfig: Setting CVar [[r.SkinCache.DefaultBehavior:1]]
[2023.04.16-12.15.41:941][  0]LogConfig: Setting CVar [[r.SkinCache.SceneMemoryLimitInMB:128.000000]]
[2023.04.16-12.15.41:941][  0]LogConfig: Setting CVar [[r.Mobile.EnableStaticAndCSMShadowReceivers:1]]
[2023.04.16-12.15.41:941][  0]LogConfig: Setting CVar [[r.Mobile.EnableMovableLightCSMShaderCulling:1]]
[2023.04.16-12.15.41:941][  0]LogConfig: Setting CVar [[r.Mobile.AllowDistanceFieldShadows:1]]
[2023.04.16-12.15.41:941][  0]LogConfig: Setting CVar [[r.Mobile.AllowMovableDirectionalLights:1]]
[2023.04.16-12.15.41:941][  0]LogConfig: Setting CVar [[r.MobileNumDynamicPointLights:4]]
[2023.04.16-12.15.41:941][  0]LogConfig: Setting CVar [[r.MobileDynamicPointLightsUseStaticBranch:1]]
[2023.04.16-12.15.41:941][  0]LogConfig: Setting CVar [[r.Mobile.EnableMovableSpotlights:0]]
[2023.04.16-12.15.41:941][  0]LogConfig: Setting CVar [[r.Mobile.EnableMovableSpotlightsShadow:0]]
[2023.04.16-12.15.41:941][  0]LogConfig: Setting CVar [[r.GPUSkin.Support16BitBoneIndex:0]]
[2023.04.16-12.15.41:941][  0]LogConfig: Setting CVar [[r.GPUSkin.Limit2BoneInfluences:0]]
[2023.04.16-12.15.41:941][  0]LogConfig: Setting CVar [[r.SupportDepthOnlyIndexBuffers:1]]
[2023.04.16-12.15.41:941][  0]LogConfig: Setting CVar [[r.SupportReversedIndexBuffers:1]]
[2023.04.16-12.15.41:941][  0]LogConfig: Setting CVar [[r.LightPropagationVolume:0]]
[2023.04.16-12.15.41:941][  0]LogConfig: Setting CVar [[r.Mobile.AmbientOcclusion:0]]
[2023.04.16-12.15.41:941][  0]LogConfig: Setting CVar [[r.GPUSkin.UnlimitedBoneInfluences:0]]
[2023.04.16-12.15.41:941][  0]LogConfig: Setting CVar [[r.GPUSkin.UnlimitedBoneInfluencesThreshold:8]]
[2023.04.16-12.15.41:941][  0]LogConfig: Setting CVar [[r.Mobile.PlanarReflectionMode:0]]
[2023.04.16-12.15.41:941][  0]LogConfig: Setting CVar [[r.Mobile.SupportsGen4TAA:0]]
[2023.04.16-12.15.41:941][  0]LogConfig: Applying CVar settings from Section [/Script/Engine.RendererOverrideSettings] File [C:/Users/danie/Documents/Gamedev VR/game/UE4 game/fpsgame/Saved/Config/Windows/Engine.ini]
[2023.04.16-12.15.41:941][  0]LogConfig: Applying CVar settings from Section [/Script/Engine.StreamingSettings] File [C:/Users/danie/Documents/Gamedev VR/game/UE4 game/fpsgame/Saved/Config/Windows/Engine.ini]
[2023.04.16-12.15.41:941][  0]LogConfig: Setting CVar [[s.MinBulkDataSizeForAsyncLoading:131072]]
[2023.04.16-12.15.41:941][  0]LogConfig: Setting CVar [[s.AsyncLoadingThreadEnabled:0]]
[2023.04.16-12.15.41:941][  0]LogConfig: Setting CVar [[s.EventDrivenLoaderEnabled:1]]
[2023.04.16-12.15.41:941][  0]LogConfig: Setting CVar [[s.WarnIfTimeLimitExceeded:0]]
[2023.04.16-12.15.41:941][  0]LogConfig: Setting CVar [[s.TimeLimitExceededMultiplier:1.5]]
[2023.04.16-12.15.41:941][  0]LogConfig: Setting CVar [[s.TimeLimitExceededMinTime:0.005]]
[2023.04.16-12.15.41:941][  0]LogConfig: Setting CVar [[s.UseBackgroundLevelStreaming:1]]
[2023.04.16-12.15.41:941][  0]LogConfig: Setting CVar [[s.PriorityAsyncLoadingExtraTime:15.0]]
[2023.04.16-12.15.41:941][  0]LogConfig: Setting CVar [[s.LevelStreamingActorsUpdateTimeLimit:5.0]]
[2023.04.16-12.15.41:941][  0]LogConfig: Setting CVar [[s.PriorityLevelStreamingActorsUpdateExtraTime:5.0]]
[2023.04.16-12.15.41:941][  0]LogConfig: Setting CVar [[s.LevelStreamingComponentsRegistrationGranularity:10]]
[2023.04.16-12.15.41:941][  0]LogConfig: Setting CVar [[s.UnregisterComponentsTimeLimit:1.0]]
[2023.04.16-12.15.41:941][  0]LogConfig: Setting CVar [[s.LevelStreamingComponentsUnregistrationGranularity:5]]
[2023.04.16-12.15.41:941][  0]LogConfig: Setting CVar [[s.FlushStreamingOnExit:1]]
[2023.04.16-12.15.41:941][  0]LogConfig: Applying CVar settings from Section [/Script/Engine.GarbageCollectionSettings] File [C:/Users/danie/Documents/Gamedev VR/game/UE4 game/fpsgame/Saved/Config/Windows/Engine.ini]
[2023.04.16-12.15.41:941][  0]LogConfig: Setting CVar [[gc.MaxObjectsNotConsideredByGC:1]]
[2023.04.16-12.15.41:941][  0]LogConfig: Setting CVar [[gc.SizeOfPermanentObjectPool:0]]
[2023.04.16-12.15.41:941][  0]LogConfig: Setting CVar [[gc.FlushStreamingOnGC:0]]
[2023.04.16-12.15.41:941][  0]LogConfig: Setting CVar [[gc.NumRetriesBeforeForcingGC:10]]
[2023.04.16-12.15.41:941][  0]LogConfig: Setting CVar [[gc.AllowParallelGC:1]]
[2023.04.16-12.15.41:941][  0]LogConfig: Setting CVar [[gc.TimeBetweenPurgingPendingKillObjects:61.1]]
[2023.04.16-12.15.41:941][  0]LogConfig: Setting CVar [[gc.MaxObjectsInEditor:25165824]]
[2023.04.16-12.15.41:941][  0]LogConfig: Setting CVar [[gc.IncrementalBeginDestroyEnabled:1]]
[2023.04.16-12.15.41:941][  0]LogConfig: Setting CVar [[gc.CreateGCClusters:1]]
[2023.04.16-12.15.41:941][  0]LogConfig: Setting CVar [[gc.MinGCClusterSize:5]]
[2023.04.16-12.15.41:941][  0]LogConfig: Setting CVar [[gc.ActorClusteringEnabled:0]]
[2023.04.16-12.15.41:941][  0]LogConfig: Setting CVar [[gc.BlueprintClusteringEnabled:0]]
[2023.04.16-12.15.41:941][  0]LogConfig: Setting CVar [[gc.UseDisregardForGCOnDedicatedServers:0]]
[2023.04.16-12.15.41:941][  0]LogConfig: Setting CVar [[gc.MultithreadedDestructionEnabled:1]]
[2023.04.16-12.15.41:941][  0]LogConfig: Applying CVar settings from Section [/Script/Engine.NetworkSettings] File [C:/Users/danie/Documents/Gamedev VR/game/UE4 game/fpsgame/Saved/Config/Windows/Engine.ini]
[2023.04.16-12.15.41:941][  0]LogConfig: Applying CVar settings from Section [/Script/UnrealEd.CookerSettings] File [C:/Users/danie/Documents/Gamedev VR/game/UE4 game/fpsgame/Saved/Config/Windows/Engine.ini]
[2023.04.16-12.15.41:954][  0]LogConfig: Applying CVar settings from Section [ViewDistanceQuality@3] File [C:/Users/danie/Documents/Gamedev VR/game/UE4 game/fpsgame/Saved/Config/Windows/Scalability.ini]
[2023.04.16-12.15.41:954][  0]LogConfig: Setting CVar [[r.SkeletalMeshLODBias:0]]
[2023.04.16-12.15.41:954][  0]LogConfig: Setting CVar [[r.ViewDistanceScale:1.0]]
[2023.04.16-12.15.41:954][  0]LogConfig: Applying CVar settings from Section [AntiAliasingQuality@3] File [C:/Users/danie/Documents/Gamedev VR/game/UE4 game/fpsgame/Saved/Config/Windows/Scalability.ini]
[2023.04.16-12.15.41:954][  0]LogConfig: Setting CVar [[r.PostProcessAAQuality:4]]
[2023.04.16-12.15.41:954][  0]LogConfig: Applying CVar settings from Section [ShadowQuality@3] File [C:/Users/danie/Documents/Gamedev VR/game/UE4 game/fpsgame/Saved/Config/Windows/Scalability.ini]
[2023.04.16-12.15.41:954][  0]LogConfig: Setting CVar [[r.LightFunctionQuality:1]]
[2023.04.16-12.15.41:954][  0]LogConfig: Setting CVar [[r.ShadowQuality:5]]
[2023.04.16-12.15.41:954][  0]LogConfig: Setting CVar [[r.Shadow.CSM.MaxCascades:10]]
[2023.04.16-12.15.41:954][  0]LogConfig: Setting CVar [[r.Shadow.MaxResolution:2048]]
[2023.04.16-12.15.41:954][  0]LogConfig: Setting CVar [[r.Shadow.MaxCSMResolution:2048]]
[2023.04.16-12.15.41:954][  0]LogConfig: Setting CVar [[r.Shadow.RadiusThreshold:0.01]]
[2023.04.16-12.15.41:954][  0]LogConfig: Setting CVar [[r.Shadow.DistanceScale:1.0]]
[2023.04.16-12.15.41:954][  0]LogConfig: Setting CVar [[r.Shadow.CSM.TransitionScale:1.0]]
[2023.04.16-12.15.41:954][  0]LogConfig: Setting CVar [[r.Shadow.PreShadowResolutionFactor:1.0]]
[2023.04.16-12.15.41:954][  0]LogConfig: Setting CVar [[r.DistanceFieldShadowing:1]]
[2023.04.16-12.15.41:954][  0]LogConfig: Setting CVar [[r.DistanceFieldAO:1]]
[2023.04.16-12.15.41:954][  0]LogConfig: Setting CVar [[r.AOQuality:2]]
[2023.04.16-12.15.41:954][  0]LogConfig: Setting CVar [[r.VolumetricFog:1]]
[2023.04.16-12.15.41:954][  0]LogConfig: Setting CVar [[r.VolumetricFog.GridPixelSize:8]]
[2023.04.16-12.15.41:954][  0]LogConfig: Setting CVar [[r.VolumetricFog.GridSizeZ:128]]
[2023.04.16-12.15.41:954][  0]LogConfig: Setting CVar [[r.VolumetricFog.HistoryMissSupersampleCount:4]]
[2023.04.16-12.15.41:954][  0]LogConfig: Setting CVar [[r.LightMaxDrawDistanceScale:1]]
[2023.04.16-12.15.41:954][  0]LogConfig: Setting CVar [[r.CapsuleShadows:1]]
[2023.04.16-12.15.41:954][  0]LogConfig: Applying CVar settings from Section [PostProcessQuality@3] File [C:/Users/danie/Documents/Gamedev VR/game/UE4 game/fpsgame/Saved/Config/Windows/Scalability.ini]
[2023.04.16-12.15.41:954][  0]LogConfig: Setting CVar [[r.MotionBlurQuality:4]]
[2023.04.16-12.15.41:954][  0]LogConfig: Setting CVar [[r.AmbientOcclusionMipLevelFactor:0.4]]
[2023.04.16-12.15.41:954][  0]LogConfig: Setting CVar [[r.AmbientOcclusionMaxQuality:100]]
[2023.04.16-12.15.41:954][  0]LogConfig: Setting CVar [[r.AmbientOcclusionLevels:-1]]
[2023.04.16-12.15.41:954][  0]LogConfig: Setting CVar [[r.AmbientOcclusionRadiusScale:1.0]]
[2023.04.16-12.15.41:954][  0]LogConfig: Setting CVar [[r.DepthOfFieldQuality:2]]
[2023.04.16-12.15.41:954][  0]LogConfig: Setting CVar [[r.RenderTargetPoolMin:400]]
[2023.04.16-12.15.41:954][  0]LogConfig: Setting CVar [[r.LensFlareQuality:2]]
[2023.04.16-12.15.41:954][  0]LogConfig: Setting CVar [[r.SceneColorFringeQuality:1]]
[2023.04.16-12.15.41:954][  0]LogConfig: Setting CVar [[r.EyeAdaptationQuality:2]]
[2023.04.16-12.15.41:954][  0]LogConfig: Setting CVar [[r.BloomQuality:5]]
[2023.04.16-12.15.41:954][  0]LogConfig: Setting CVar [[r.FastBlurThreshold:100]]
[2023.04.16-12.15.41:954][  0]LogConfig: Setting CVar [[r.Upscale.Quality:3]]
[2023.04.16-12.15.41:954][  0]LogConfig: Setting CVar [[r.Tonemapper.GrainQuantization:1]]
[2023.04.16-12.15.41:954][  0]LogConfig: Setting CVar [[r.LightShaftQuality:1]]
[2023.04.16-12.15.41:954][  0]LogConfig: Setting CVar [[r.Filter.SizeScale:1]]
[2023.04.16-12.15.41:954][  0]LogConfig: Setting CVar [[r.Tonemapper.Quality:5]]
[2023.04.16-12.15.41:954][  0]LogConfig: Setting CVar [[r.DOF.Gather.AccumulatorQuality:1        ; higher gathering accumulator quality]]
[2023.04.16-12.15.41:954][  0]LogConfig: Setting CVar [[r.DOF.Gather.PostfilterMethod:1          ; Median3x3 postfilering method]]
[2023.04.16-12.15.41:954][  0]LogConfig: Setting CVar [[r.DOF.Gather.EnableBokehSettings:0       ; no bokeh simulation when gathering]]
[2023.04.16-12.15.41:954][  0]LogConfig: Setting CVar [[r.DOF.Gather.RingCount:4                 ; medium number of samples when gathering]]
[2023.04.16-12.15.41:954][  0]LogConfig: Setting CVar [[r.DOF.Scatter.ForegroundCompositing:1    ; additive foreground scattering]]
[2023.04.16-12.15.41:954][  0]LogConfig: Setting CVar [[r.DOF.Scatter.BackgroundCompositing:2    ; additive background scattering]]
[2023.04.16-12.15.41:954][  0]LogConfig: Setting CVar [[r.DOF.Scatter.EnableBokehSettings:1      ; bokeh simulation when scattering]]
[2023.04.16-12.15.41:954][  0]LogConfig: Setting CVar [[r.DOF.Scatter.MaxSpriteRatio:0.1         ; only a maximum of 10% of scattered bokeh]]
[2023.04.16-12.15.41:954][  0]LogConfig: Setting CVar [[r.DOF.Recombine.Quality:1                ; cheap slight out of focus]]
[2023.04.16-12.15.41:954][  0]LogConfig: Setting CVar [[r.DOF.Recombine.EnableBokehSettings:0    ; no bokeh simulation on slight out of focus]]
[2023.04.16-12.15.41:954][  0]LogConfig: Setting CVar [[r.DOF.TemporalAAQuality:1                ; more stable temporal accumulation]]
[2023.04.16-12.15.41:954][  0]LogConfig: Setting CVar [[r.DOF.Kernel.MaxForegroundRadius:0.025]]
[2023.04.16-12.15.41:954][  0]LogConfig: Setting CVar [[r.DOF.Kernel.MaxBackgroundRadius:0.025]]
[2023.04.16-12.15.41:954][  0]LogConfig: Applying CVar settings from Section [TextureQuality@3] File [C:/Users/danie/Documents/Gamedev VR/game/UE4 game/fpsgame/Saved/Config/Windows/Scalability.ini]
[2023.04.16-12.15.41:954][  0]LogConfig: Setting CVar [[r.Streaming.MipBias:0]]
[2023.04.16-12.15.41:954][  0]LogConfig: Setting CVar [[r.Streaming.AmortizeCPUToGPUCopy:0]]
[2023.04.16-12.15.41:954][  0]LogConfig: Setting CVar [[r.Streaming.MaxNumTexturesToStreamPerFrame:0]]
[2023.04.16-12.15.41:954][  0]LogConfig: Setting CVar [[r.Streaming.Boost:1]]
[2023.04.16-12.15.41:954][  0]LogConfig: Setting CVar [[r.MaxAnisotropy:8]]
[2023.04.16-12.15.41:954][  0]LogConfig: Setting CVar [[r.VT.MaxAnisotropy:8]]
[2023.04.16-12.15.41:954][  0]LogConfig: Setting CVar [[r.Streaming.LimitPoolSizeToVRAM:0]]
[2023.04.16-12.15.41:954][  0]LogConfig: Setting CVar [[r.Streaming.PoolSize:1000]]
[2023.04.16-12.15.41:954][  0]LogConfig: Setting CVar [[r.Streaming.MaxEffectiveScreenSize:0]]
[2023.04.16-12.15.41:954][  0]LogConfig: Applying CVar settings from Section [EffectsQuality@3] File [C:/Users/danie/Documents/Gamedev VR/game/UE4 game/fpsgame/Saved/Config/Windows/Scalability.ini]
[2023.04.16-12.15.41:954][  0]LogConfig: Setting CVar [[r.TranslucencyLightingVolumeDim:64]]
[2023.04.16-12.15.41:954][  0]LogConfig: Setting CVar [[r.RefractionQuality:2]]
[2023.04.16-12.15.41:954][  0]LogConfig: Setting CVar [[r.SSR.Quality:3]]
[2023.04.16-12.15.41:954][  0]LogConfig: Setting CVar [[r.SSR.HalfResSceneColor:0]]
[2023.04.16-12.15.41:954][  0]LogConfig: Setting CVar [[r.SceneColorFormat:4]]
[2023.04.16-12.15.41:954][  0]LogConfig: Setting CVar [[r.DetailMode:2]]
[2023.04.16-12.15.41:954][  0]LogConfig: Setting CVar [[r.TranslucencyVolumeBlur:1]]
[2023.04.16-12.15.41:954][  0]LogConfig: Setting CVar [[r.MaterialQualityLevel:1 ; High quality]]
[2023.04.16-12.15.41:954][  0]LogConfig: Setting CVar [[r.AnisotropicMaterials:1]]
[2023.04.16-12.15.41:954][  0]LogConfig: Setting CVar [[r.SSS.Scale:1]]
[2023.04.16-12.15.41:954][  0]LogConfig: Setting CVar [[r.SSS.SampleSet:2]]
[2023.04.16-12.15.41:954][  0]LogConfig: Setting CVar [[r.SSS.Quality:1]]
[2023.04.16-12.15.41:954][  0]LogConfig: Setting CVar [[r.SSS.HalfRes:0]]
[2023.04.16-12.15.41:954][  0]LogConfig: Setting CVar [[r.SSGI.Quality:3]]
[2023.04.16-12.15.41:954][  0]LogConfig: Setting CVar [[r.EmitterSpawnRateScale:1.0]]
[2023.04.16-12.15.41:955][  0]LogConfig: Setting CVar [[r.ParticleLightQuality:2]]
[2023.04.16-12.15.41:955][  0]LogConfig: Setting CVar [[r.SkyAtmosphere.AerialPerspectiveLUT.FastApplyOnOpaque:1 ; Always have FastSkyLUT 1 in this case to avoid wrong sky]]
[2023.04.16-12.15.41:955][  0]LogConfig: Setting CVar [[r.SkyAtmosphere.AerialPerspectiveLUT.SampleCountMaxPerSlice:4]]
[2023.04.16-12.15.41:955][  0]LogConfig: Setting CVar [[r.SkyAtmosphere.AerialPerspectiveLUT.DepthResolution:16.0]]
[2023.04.16-12.15.41:955][  0]LogConfig: Setting CVar [[r.SkyAtmosphere.FastSkyLUT:1]]
[2023.04.16-12.15.41:955][  0]LogConfig: Setting CVar [[r.SkyAtmosphere.FastSkyLUT.SampleCountMin:4.0]]
[2023.04.16-12.15.41:955][  0]LogConfig: Setting CVar [[r.SkyAtmosphere.FastSkyLUT.SampleCountMax:128.0]]
[2023.04.16-12.15.41:955][  0]LogConfig: Setting CVar [[r.SkyAtmosphere.SampleCountMin:4.0]]
[2023.04.16-12.15.41:955][  0]LogConfig: Setting CVar [[r.SkyAtmosphere.SampleCountMax:128.0]]
[2023.04.16-12.15.41:955][  0]LogConfig: Setting CVar [[r.SkyAtmosphere.TransmittanceLUT.UseSmallFormat:0]]
[2023.04.16-12.15.41:955][  0]LogConfig: Setting CVar [[r.SkyAtmosphere.TransmittanceLUT.SampleCount:10.0]]
[2023.04.16-12.15.41:955][  0]LogConfig: Setting CVar [[r.SkyAtmosphere.MultiScatteringLUT.SampleCount:15.0]]
[2023.04.16-12.15.41:955][  0]LogConfig: Setting CVar [[r.SkyLight.RealTimeReflectionCapture:1]]
[2023.04.16-12.15.41:955][  0]LogConfig: Applying CVar settings from Section [FoliageQuality@3] File [C:/Users/danie/Documents/Gamedev VR/game/UE4 game/fpsgame/Saved/Config/Windows/Scalability.ini]
[2023.04.16-12.15.41:955][  0]LogConfig: Setting CVar [[foliage.DensityScale:1.0]]
[2023.04.16-12.15.41:955][  0]LogConfig: Setting CVar [[grass.DensityScale:1.0]]
[2023.04.16-12.15.41:955][  0]LogConfig: Applying CVar settings from Section [ShadingQuality@3] File [C:/Users/danie/Documents/Gamedev VR/game/UE4 game/fpsgame/Saved/Config/Windows/Scalability.ini]
[2023.04.16-12.15.41:955][  0]LogConfig: Setting CVar [[r.HairStrands.SkyLighting.IntegrationType:2]]
[2023.04.16-12.15.41:955][  0]LogConfig: Setting CVar [[r.HairStrands.SkyAO.SampleCount:4]]
[2023.04.16-12.15.41:955][  0]LogConfig: Setting CVar [[r.HairStrands.Visibility.MSAA.SamplePerPixel:4]]
[2023.04.16-12.15.41:955][  0]LogInit: Selected Device Profile: [Windows]
[2023.04.16-12.15.41:955][  0]LogInit: Applying CVar settings loaded from the selected device profile: [Windows]
[2023.04.16-12.15.41:955][  0]LogHAL: Display: Platform has ~ 16 GB [17128247296 / 17179869184 / 16], which maps to Larger [LargestMinGB=32, LargerMinGB=12, DefaultMinGB=8, SmallerMinGB=6, SmallestMinGB=0)
[2023.04.16-12.15.41:955][  0]LogInit: Going up to parent DeviceProfile []
[2023.04.16-12.15.41:955][  0]LogConfig: Applying CVar settings from Section [ViewDistanceQuality@3] File [C:/Users/danie/Documents/Gamedev VR/game/UE4 game/fpsgame/Saved/Config/Windows/Scalability.ini]
[2023.04.16-12.15.41:955][  0]LogConfig: Setting CVar [[r.SkeletalMeshLODBias:0]]
[2023.04.16-12.15.41:955][  0]LogConfig: Setting CVar [[r.ViewDistanceScale:1.0]]
[2023.04.16-12.15.41:955][  0]LogConfig: Applying CVar settings from Section [AntiAliasingQuality@3] File [C:/Users/danie/Documents/Gamedev VR/game/UE4 game/fpsgame/Saved/Config/Windows/Scalability.ini]
[2023.04.16-12.15.41:955][  0]LogConfig: Setting CVar [[r.PostProcessAAQuality:4]]
[2023.04.16-12.15.41:955][  0]LogConfig: Applying CVar settings from Section [ShadowQuality@3] File [C:/Users/danie/Documents/Gamedev VR/game/UE4 game/fpsgame/Saved/Config/Windows/Scalability.ini]
[2023.04.16-12.15.41:955][  0]LogConfig: Setting CVar [[r.LightFunctionQuality:1]]
[2023.04.16-12.15.41:955][  0]LogConfig: Setting CVar [[r.ShadowQuality:5]]
[2023.04.16-12.15.41:955][  0]LogConfig: Setting CVar [[r.Shadow.CSM.MaxCascades:10]]
[2023.04.16-12.15.41:955][  0]LogConfig: Setting CVar [[r.Shadow.MaxResolution:2048]]
[2023.04.16-12.15.41:955][  0]LogConfig: Setting CVar [[r.Shadow.MaxCSMResolution:2048]]
[2023.04.16-12.15.41:955][  0]LogConfig: Setting CVar [[r.Shadow.RadiusThreshold:0.01]]
[2023.04.16-12.15.41:955][  0]LogConfig: Setting CVar [[r.Shadow.DistanceScale:1.0]]
[2023.04.16-12.15.41:955][  0]LogConfig: Setting CVar [[r.Shadow.CSM.TransitionScale:1.0]]
[2023.04.16-12.15.41:955][  0]LogConfig: Setting CVar [[r.Shadow.PreShadowResolutionFactor:1.0]]
[2023.04.16-12.15.41:955][  0]LogConfig: Setting CVar [[r.DistanceFieldShadowing:1]]
[2023.04.16-12.15.41:955][  0]LogConfig: Setting CVar [[r.DistanceFieldAO:1]]
[2023.04.16-12.15.41:955][  0]LogConfig: Setting CVar [[r.AOQuality:2]]
[2023.04.16-12.15.41:955][  0]LogConfig: Setting CVar [[r.VolumetricFog:1]]
[2023.04.16-12.15.41:955][  0]LogConfig: Setting CVar [[r.VolumetricFog.GridPixelSize:8]]
[2023.04.16-12.15.41:955][  0]LogConfig: Setting CVar [[r.VolumetricFog.GridSizeZ:128]]
[2023.04.16-12.15.41:955][  0]LogConfig: Setting CVar [[r.VolumetricFog.HistoryMissSupersampleCount:4]]
[2023.04.16-12.15.41:955][  0]LogConfig: Setting CVar [[r.LightMaxDrawDistanceScale:1]]
[2023.04.16-12.15.41:955][  0]LogConfig: Setting CVar [[r.CapsuleShadows:1]]
[2023.04.16-12.15.41:955][  0]LogConfig: Applying CVar settings from Section [PostProcessQuality@3] File [C:/Users/danie/Documents/Gamedev VR/game/UE4 game/fpsgame/Saved/Config/Windows/Scalability.ini]
[2023.04.16-12.15.41:955][  0]LogConfig: Setting CVar [[r.MotionBlurQuality:4]]
[2023.04.16-12.15.41:955][  0]LogConfig: Setting CVar [[r.AmbientOcclusionMipLevelFactor:0.4]]
[2023.04.16-12.15.41:955][  0]LogConfig: Setting CVar [[r.AmbientOcclusionMaxQuality:100]]
[2023.04.16-12.15.41:955][  0]LogConfig: Setting CVar [[r.AmbientOcclusionLevels:-1]]
[2023.04.16-12.15.41:955][  0]LogConfig: Setting CVar [[r.AmbientOcclusionRadiusScale:1.0]]
[2023.04.16-12.15.41:955][  0]LogConfig: Setting CVar [[r.DepthOfFieldQuality:2]]
[2023.04.16-12.15.41:955][  0]LogConfig: Setting CVar [[r.RenderTargetPoolMin:400]]
[2023.04.16-12.15.41:955][  0]LogConfig: Setting CVar [[r.LensFlareQuality:2]]
[2023.04.16-12.15.41:955][  0]LogConfig: Setting CVar [[r.SceneColorFringeQuality:1]]
[2023.04.16-12.15.41:955][  0]LogConfig: Setting CVar [[r.EyeAdaptationQuality:2]]
[2023.04.16-12.15.41:955][  0]LogConfig: Setting CVar [[r.BloomQuality:5]]
[2023.04.16-12.15.41:955][  0]LogConfig: Setting CVar [[r.FastBlurThreshold:100]]
[2023.04.16-12.15.41:955][  0]LogConfig: Setting CVar [[r.Upscale.Quality:3]]
[2023.04.16-12.15.41:955][  0]LogConfig: Setting CVar [[r.Tonemapper.GrainQuantization:1]]
[2023.04.16-12.15.41:955][  0]LogConfig: Setting CVar [[r.LightShaftQuality:1]]
[2023.04.16-12.15.41:955][  0]LogConfig: Setting CVar [[r.Filter.SizeScale:1]]
[2023.04.16-12.15.41:955][  0]LogConfig: Setting CVar [[r.Tonemapper.Quality:5]]
[2023.04.16-12.15.41:955][  0]LogConfig: Setting CVar [[r.DOF.Gather.AccumulatorQuality:1        ; higher gathering accumulator quality]]
[2023.04.16-12.15.41:955][  0]LogConfig: Setting CVar [[r.DOF.Gather.PostfilterMethod:1          ; Median3x3 postfilering method]]
[2023.04.16-12.15.41:955][  0]LogConfig: Setting CVar [[r.DOF.Gather.EnableBokehSettings:0       ; no bokeh simulation when gathering]]
[2023.04.16-12.15.41:955][  0]LogConfig: Setting CVar [[r.DOF.Gather.RingCount:4                 ; medium number of samples when gathering]]
[2023.04.16-12.15.41:955][  0]LogConfig: Setting CVar [[r.DOF.Scatter.ForegroundCompositing:1    ; additive foreground scattering]]
[2023.04.16-12.15.41:955][  0]LogConfig: Setting CVar [[r.DOF.Scatter.BackgroundCompositing:2    ; additive background scattering]]
[2023.04.16-12.15.41:955][  0]LogConfig: Setting CVar [[r.DOF.Scatter.EnableBokehSettings:1      ; bokeh simulation when scattering]]
[2023.04.16-12.15.41:955][  0]LogConfig: Setting CVar [[r.DOF.Scatter.MaxSpriteRatio:0.1         ; only a maximum of 10% of scattered bokeh]]
[2023.04.16-12.15.41:955][  0]LogConfig: Setting CVar [[r.DOF.Recombine.Quality:1                ; cheap slight out of focus]]
[2023.04.16-12.15.41:955][  0]LogConfig: Setting CVar [[r.DOF.Recombine.EnableBokehSettings:0    ; no bokeh simulation on slight out of focus]]
[2023.04.16-12.15.41:955][  0]LogConfig: Setting CVar [[r.DOF.TemporalAAQuality:1                ; more stable temporal accumulation]]
[2023.04.16-12.15.41:955][  0]LogConfig: Setting CVar [[r.DOF.Kernel.MaxForegroundRadius:0.025]]
[2023.04.16-12.15.41:955][  0]LogConfig: Setting CVar [[r.DOF.Kernel.MaxBackgroundRadius:0.025]]
[2023.04.16-12.15.41:955][  0]LogConfig: Applying CVar settings from Section [TextureQuality@3] File [C:/Users/danie/Documents/Gamedev VR/game/UE4 game/fpsgame/Saved/Config/Windows/Scalability.ini]
[2023.04.16-12.15.41:955][  0]LogConfig: Setting CVar [[r.Streaming.MipBias:0]]
[2023.04.16-12.15.41:955][  0]LogConfig: Setting CVar [[r.Streaming.AmortizeCPUToGPUCopy:0]]
[2023.04.16-12.15.41:955][  0]LogConfig: Setting CVar [[r.Streaming.MaxNumTexturesToStreamPerFrame:0]]
[2023.04.16-12.15.41:955][  0]LogConfig: Setting CVar [[r.Streaming.Boost:1]]
[2023.04.16-12.15.41:955][  0]LogConfig: Setting CVar [[r.MaxAnisotropy:8]]
[2023.04.16-12.15.41:955][  0]LogConfig: Setting CVar [[r.VT.MaxAnisotropy:8]]
[2023.04.16-12.15.41:955][  0]LogConfig: Setting CVar [[r.Streaming.LimitPoolSizeToVRAM:0]]
[2023.04.16-12.15.41:955][  0]LogConfig: Setting CVar [[r.Streaming.PoolSize:1000]]
[2023.04.16-12.15.41:955][  0]LogConfig: Setting CVar [[r.Streaming.MaxEffectiveScreenSize:0]]
[2023.04.16-12.15.41:955][  0]LogConfig: Applying CVar settings from Section [EffectsQuality@3] File [C:/Users/danie/Documents/Gamedev VR/game/UE4 game/fpsgame/Saved/Config/Windows/Scalability.ini]
[2023.04.16-12.15.41:955][  0]LogConfig: Setting CVar [[r.TranslucencyLightingVolumeDim:64]]
[2023.04.16-12.15.41:955][  0]LogConfig: Setting CVar [[r.RefractionQuality:2]]
[2023.04.16-12.15.41:955][  0]LogConfig: Setting CVar [[r.SSR.Quality:3]]
[2023.04.16-12.15.41:955][  0]LogConfig: Setting CVar [[r.SSR.HalfResSceneColor:0]]
[2023.04.16-12.15.41:956][  0]LogConfig: Setting CVar [[r.SceneColorFormat:4]]
[2023.04.16-12.15.41:956][  0]LogConfig: Setting CVar [[r.DetailMode:2]]
[2023.04.16-12.15.41:956][  0]LogConfig: Setting CVar [[r.TranslucencyVolumeBlur:1]]
[2023.04.16-12.15.41:956][  0]LogConfig: Setting CVar [[r.MaterialQualityLevel:1 ; High quality]]
[2023.04.16-12.15.41:956][  0]LogConfig: Setting CVar [[r.AnisotropicMaterials:1]]
[2023.04.16-12.15.41:956][  0]LogConfig: Setting CVar [[r.SSS.Scale:1]]
[2023.04.16-12.15.41:956][  0]LogConfig: Setting CVar [[r.SSS.SampleSet:2]]
[2023.04.16-12.15.41:956][  0]LogConfig: Setting CVar [[r.SSS.Quality:1]]
[2023.04.16-12.15.41:956][  0]LogConfig: Setting CVar [[r.SSS.HalfRes:0]]
[2023.04.16-12.15.41:956][  0]LogConfig: Setting CVar [[r.SSGI.Quality:3]]
[2023.04.16-12.15.41:956][  0]LogConfig: Setting CVar [[r.EmitterSpawnRateScale:1.0]]
[2023.04.16-12.15.41:956][  0]LogConfig: Setting CVar [[r.ParticleLightQuality:2]]
[2023.04.16-12.15.41:956][  0]LogConfig: Setting CVar [[r.SkyAtmosphere.AerialPerspectiveLUT.FastApplyOnOpaque:1 ; Always have FastSkyLUT 1 in this case to avoid wrong sky]]
[2023.04.16-12.15.41:956][  0]LogConfig: Setting CVar [[r.SkyAtmosphere.AerialPerspectiveLUT.SampleCountMaxPerSlice:4]]
[2023.04.16-12.15.41:956][  0]LogConfig: Setting CVar [[r.SkyAtmosphere.AerialPerspectiveLUT.DepthResolution:16.0]]
[2023.04.16-12.15.41:956][  0]LogConfig: Setting CVar [[r.SkyAtmosphere.FastSkyLUT:1]]
[2023.04.16-12.15.41:956][  0]LogConfig: Setting CVar [[r.SkyAtmosphere.FastSkyLUT.SampleCountMin:4.0]]
[2023.04.16-12.15.41:956][  0]LogConfig: Setting CVar [[r.SkyAtmosphere.FastSkyLUT.SampleCountMax:128.0]]
[2023.04.16-12.15.41:956][  0]LogConfig: Setting CVar [[r.SkyAtmosphere.SampleCountMin:4.0]]
[2023.04.16-12.15.41:956][  0]LogConfig: Setting CVar [[r.SkyAtmosphere.SampleCountMax:128.0]]
[2023.04.16-12.15.41:956][  0]LogConfig: Setting CVar [[r.SkyAtmosphere.TransmittanceLUT.UseSmallFormat:0]]
[2023.04.16-12.15.41:956][  0]LogConfig: Setting CVar [[r.SkyAtmosphere.TransmittanceLUT.SampleCount:10.0]]
[2023.04.16-12.15.41:956][  0]LogConfig: Setting CVar [[r.SkyAtmosphere.MultiScatteringLUT.SampleCount:15.0]]
[2023.04.16-12.15.41:956][  0]LogConfig: Setting CVar [[r.SkyLight.RealTimeReflectionCapture:1]]
[2023.04.16-12.15.41:956][  0]LogConfig: Applying CVar settings from Section [FoliageQuality@3] File [C:/Users/danie/Documents/Gamedev VR/game/UE4 game/fpsgame/Saved/Config/Windows/Scalability.ini]
[2023.04.16-12.15.41:956][  0]LogConfig: Setting CVar [[foliage.DensityScale:1.0]]
[2023.04.16-12.15.41:956][  0]LogConfig: Setting CVar [[grass.DensityScale:1.0]]
[2023.04.16-12.15.41:956][  0]LogConfig: Applying CVar settings from Section [ShadingQuality@3] File [C:/Users/danie/Documents/Gamedev VR/game/UE4 game/fpsgame/Saved/Config/Windows/Scalability.ini]
[2023.04.16-12.15.41:956][  0]LogConfig: Setting CVar [[r.HairStrands.SkyLighting.IntegrationType:2]]
[2023.04.16-12.15.41:956][  0]LogConfig: Setting CVar [[r.HairStrands.SkyAO.SampleCount:4]]
[2023.04.16-12.15.41:956][  0]LogConfig: Setting CVar [[r.HairStrands.Visibility.MSAA.SamplePerPixel:4]]
[2023.04.16-12.15.41:956][  0]LogConfig: Applying CVar settings from Section [Startup] File [../../../Engine/Config/ConsoleVariables.ini]
[2023.04.16-12.15.41:956][  0]LogConfig: Setting CVar [[net.UseAdaptiveNetUpdateFrequency:0]]
[2023.04.16-12.15.41:956][  0]LogConfig: Setting CVar [[p.chaos.AllowCreatePhysxBodies:1]]
[2023.04.16-12.15.41:956][  0]LogConfig: Setting CVar [[fx.SkipVectorVMBackendOptimizations:1]]
[2023.04.16-12.15.41:956][  0]LogConfig: Applying CVar settings from Section [ConsoleVariables] File [C:/Users/danie/Documents/Gamedev VR/game/UE4 game/fpsgame/Saved/Config/Windows/Engine.ini]
[2023.04.16-12.15.41:956][  0]LogConfig: Applying CVar settings from Section [ConsoleVariables] File [C:/Users/danie/Documents/Gamedev VR/game/UE4 game/fpsgame/Saved/Config/Windows/Editor.ini]
[2023.04.16-12.15.41:956][  0]LogInit: Computer: DESKTOP-QG36584
[2023.04.16-12.15.41:956][  0]LogInit: User: danie
[2023.04.16-12.15.41:956][  0]LogInit: CPU Page size=4096, Cores=6
[2023.04.16-12.15.41:956][  0]LogInit: High frequency timer resolution =10.000000 MHz
[2023.04.16-12.15.41:956][  0]LogMemory: Memory total: Physical=16.0GB (16GB approx)
[2023.04.16-12.15.41:956][  0]LogMemory: Platform Memory Stats for Windows
[2023.04.16-12.15.41:956][  0]LogMemory: Process Physical Memory: 144.28 MB used, 144.29 MB peak
[2023.04.16-12.15.41:956][  0]LogMemory: Process Virtual Memory: 126.25 MB used, 126.25 MB peak
[2023.04.16-12.15.41:956][  0]LogMemory: Physical Memory: 11237.11 MB used,  5097.66 MB free, 16334.77 MB total
[2023.04.16-12.15.41:956][  0]LogMemory: Virtual Memory: 134212952.00 MB used,  4779.17 MB free, 134217728.00 MB total
[2023.04.16-12.15.41:961][  0]LogWindows: WindowsPlatformFeatures enabled
[2023.04.16-12.15.41:984][  0]LogInit: Physics initialised using underlying interface: PhysX
[2023.04.16-12.15.41:984][  0]LogInit: Using OS detected language (en-US).
[2023.04.16-12.15.41:984][  0]LogInit: Using OS detected locale (en-GB).
[2023.04.16-12.15.41:990][  0]LogTextLocalizationManager: No specific localization for 'en-US' exists, so the 'en' localization will be used.
[2023.04.16-12.15.42:164][  0]LogWindowsTextInputMethodSystem: Display: IME system deactivated.
[2023.04.16-12.15.42:190][  0]LogSlate: New Slate User Created.  User Index 0, Is Virtual User: 0
[2023.04.16-12.15.42:190][  0]LogSlate: Slate User Registered.  User Index 0, Is Virtual User: 0
[2023.04.16-12.15.42:208][  0]LogD3D11RHI: Loaded GFSDK_Aftermath_Lib.x64.dll
[2023.04.16-12.15.42:210][  0]LogHMD: Failed to initialize OpenVR with code 110
[2023.04.16-12.15.42:210][  0]LogD3D11RHI: D3D11 min allowed feature level: 11_0
[2023.04.16-12.15.42:210][  0]LogD3D11RHI: D3D11 max allowed feature level: 11_0
[2023.04.16-12.15.42:210][  0]LogD3D11RHI: D3D11 adapters:
[2023.04.16-12.15.42:247][  0]LogD3D11RHI:    0. 'AMD Radeon RX 5700 XT' (Feature Level 11_0)
[2023.04.16-12.15.42:247][  0]LogD3D11RHI:       8151/0/8167 MB DedicatedVideo/DedicatedSystem/SharedSystem, Outputs:2, VendorId:0x1002
[2023.04.16-12.15.42:249][  0]LogD3D11RHI:    1. 'Microsoft Basic Render Driver' (Feature Level 11_0)
[2023.04.16-12.15.42:249][  0]LogD3D11RHI:       0/0/8167 MB DedicatedVideo/DedicatedSystem/SharedSystem, Outputs:0, VendorId:0x1414
[2023.04.16-12.15.42:249][  0]LogD3D11RHI: Chosen D3D11 Adapter:
[2023.04.16-12.15.42:249][  0]LogD3D11RHI:     Description : AMD Radeon RX 5700 XT
[2023.04.16-12.15.42:249][  0]LogD3D11RHI:     VendorId    : 1002
[2023.04.16-12.15.42:249][  0]LogD3D11RHI:     DeviceId    : 731f
[2023.04.16-12.15.42:249][  0]LogD3D11RHI:     SubSysId    : 23131458
[2023.04.16-12.15.42:249][  0]LogD3D11RHI:     Revision    : 00c1
[2023.04.16-12.15.42:249][  0]LogD3D11RHI:     DedicatedVideoMemory : 8547471360 bytes
[2023.04.16-12.15.42:249][  0]LogD3D11RHI:     DedicatedSystemMemory : 0 bytes
[2023.04.16-12.15.42:249][  0]LogD3D11RHI:     SharedSystemMemory : 8564123648 bytes
[2023.04.16-12.15.42:249][  0]LogD3D11RHI:     AdapterLuid : 0 54437
[2023.04.16-12.15.42:256][  0]LogD3D11RHI: Creating new Direct3DDevice
[2023.04.16-12.15.42:256][  0]LogD3D11RHI:     GPU DeviceId: 0x731f (for the marketing name, search the web for "GPU Device Id")
[2023.04.16-12.15.42:256][  0]LogWindows: EnumDisplayDevices:
[2023.04.16-12.15.42:256][  0]LogWindows:    0. 'AMD Radeon RX 5700 XT' (P:1 D:1)
[2023.04.16-12.15.42:257][  0]LogWindows:    1. 'AMD Radeon RX 5700 XT' (P:0 D:1)
[2023.04.16-12.15.42:257][  0]LogWindows:    2. 'AMD Radeon RX 5700 XT' (P:0 D:0)
[2023.04.16-12.15.42:257][  0]LogWindows:    3. 'AMD Radeon RX 5700 XT' (P:0 D:0)
[2023.04.16-12.15.42:257][  0]LogWindows:    4. 'AMD Radeon RX 5700 XT' (P:0 D:0)
[2023.04.16-12.15.42:258][  0]LogWindows:    5. 'AMD Radeon RX 5700 XT' (P:0 D:0)
[2023.04.16-12.15.42:258][  0]LogWindows:    6. 'AMD Radeon RX 5700 XT' (P:0 D:0)
[2023.04.16-12.15.42:258][  0]LogWindows: DebugString: FoundDriverCount:7 
[2023.04.16-12.15.42:258][  0]LogD3D11RHI:     Adapter Name: AMD Radeon RX 5700 XT
[2023.04.16-12.15.42:258][  0]LogD3D11RHI:   Driver Version: AMD Software: Adrenalin Edition 22.11.2 (internal:31.0.12029.10015, unified:31.0.12029.10015)
[2023.04.16-12.15.42:258][  0]LogD3D11RHI:      Driver Date: 11-30-2022
[2023.04.16-12.15.42:258][  0]LogRHI: Texture pool is 5168 MB (70% of 7383 MB)
[2023.04.16-12.15.42:293][  0]LogD3D11RHI: Creating D3DDevice with AMD AGS, using adapter:
[2023.04.16-12.15.42:293][  0]LogD3D11RHI:     Description : AMD Radeon RX 5700 XT
[2023.04.16-12.15.42:293][  0]LogD3D11RHI:     VendorId    : 1002
[2023.04.16-12.15.42:293][  0]LogD3D11RHI:     DeviceId    : 731f
[2023.04.16-12.15.42:293][  0]LogD3D11RHI:     SubSysId    : 23131458
[2023.04.16-12.15.42:293][  0]LogD3D11RHI:     Revision    : 00c1
[2023.04.16-12.15.42:293][  0]LogD3D11RHI:     DedicatedVideoMemory : 8547471360 bytes
[2023.04.16-12.15.42:293][  0]LogD3D11RHI:     DedicatedSystemMemory : 0 bytes
[2023.04.16-12.15.42:293][  0]LogD3D11RHI:     SharedSystemMemory : 8564123648 bytes
[2023.04.16-12.15.42:293][  0]LogD3D11RHI:     AdapterLuid : 0 54437
[2023.04.16-12.15.42:323][  0]LogD3D11RHI: Created device via AGS, feature level 11_0, supported extensions 1fffffbf.
[2023.04.16-12.15.42:323][  0]LogD3D11RHI: RHI has support for 64 bit atomics
[2023.04.16-12.15.42:323][  0]LogD3D11RHI: Async texture creation enabled
[2023.04.16-12.15.42:323][  0]LogD3D11RHI: Array index from any shader is supported
[2023.04.16-12.15.42:336][  0]LogD3D11RHI: GPU Timing Frequency: 100.000000 (Debug: 2 1)
[2023.04.16-12.15.42:595][  0]LogTargetPlatformManager: Display: Loaded TargetPlatform 'WindowsNoEditor'
[2023.04.16-12.15.42:599][  0]LogTargetPlatformManager: Display: Loaded TargetPlatform 'Windows'
[2023.04.16-12.15.42:603][  0]LogTargetPlatformManager: Display: Loaded TargetPlatform 'WindowsClient'
[2023.04.16-12.15.42:607][  0]LogTargetPlatformManager: Display: Loaded TargetPlatform 'WindowsServer'
[2023.04.16-12.15.42:607][  0]LogTargetPlatformManager: Display: Building Assets For Windows
[2023.04.16-12.15.42:614][  0]LogAudioDebug: Display: Lib vorbis DLL was dynamically loaded.
[2023.04.16-12.15.42:643][  0]LogTextureFormatOodle: Display: Oodle Texture 2.9.0 init RDO Off
[2023.04.16-12.15.42:669][  0]LogRendererCore: Ray tracing is disabled. Reason: r.RayTracing=0.
[2023.04.16-12.15.42:669][  0]LogShaderCompilers: Guid format shader working directory is -27 characters bigger than the processId version (../../../../../../Users/danie/Documents/Gamedev VR/game/UE4 game/fpsgame/Intermediate/Shaders/WorkingDirectory/14592/).
[2023.04.16-12.15.42:670][  0]LogShaderCompilers: Cleaned the shader compiler working directory 'C:/Users/danie/AppData/Local/Temp/UnrealShaderWorkingDir/00F5D1A649EB886337DEDFBD7C2D5321/'.
[2023.04.16-12.15.42:670][  0]LogXGEController: Cannot use XGE Controller as Incredibuild is not installed on this machine.
[2023.04.16-12.15.42:670][  0]LogShaderCompilers: Cannot use XGE Shader Compiler as Incredibuild is not installed on this machine.
[2023.04.16-12.15.42:670][  0]LogShaderCompilers: Display: Using Local Shader Compiler.
[2023.04.16-12.15.43:339][  0]LogDerivedDataCache: Display: Max Cache Size: 512 MB
[2023.04.16-12.15.43:386][  0]LogDerivedDataCache: Loaded boot cache 0.05s 94MB C:/Users/danie/AppData/Local/UnrealEngine/4.27/DerivedDataCache/Boot.ddc.
[2023.04.16-12.15.43:386][  0]LogDerivedDataCache: Display: Loaded Boot cache: C:/Users/danie/AppData/Local/UnrealEngine/4.27/DerivedDataCache/Boot.ddc
[2023.04.16-12.15.43:386][  0]LogDerivedDataCache: FDerivedDataBackendGraph:  Pak pak cache file ../../../../../../Users/danie/Documents/Gamedev VR/game/UE4 game/fpsgame/DerivedDataCache/DDC.ddp not found, will not use a pak cache.
[2023.04.16-12.15.43:386][  0]LogDerivedDataCache: Unable to find inner node Pak for hierarchical cache Hierarchy.
[2023.04.16-12.15.43:386][  0]LogDerivedDataCache: FDerivedDataBackendGraph:  CompressedPak pak cache file ../../../../../../Users/danie/Documents/Gamedev VR/game/UE4 game/fpsgame/DerivedDataCache/Compressed.ddp not found, will not use a pak cache.
[2023.04.16-12.15.43:386][  0]LogDerivedDataCache: Unable to find inner node CompressedPak for hierarchical cache Hierarchy.
[2023.04.16-12.15.43:405][  0]LogDerivedDataCache: Display: Pak cache opened for reading ../../../Engine/DerivedDataCache/Compressed.ddp.
[2023.04.16-12.15.43:405][  0]LogDerivedDataCache: FDerivedDataBackendGraph:  EnterprisePak pak cache file ../../../Enterprise/DerivedDataCache/Compressed.ddp not found, will not use a pak cache.
[2023.04.16-12.15.43:405][  0]LogDerivedDataCache: Unable to find inner node EnterprisePak for hierarchical cache Hierarchy.
[2023.04.16-12.15.43:413][  0]LogDerivedDataCache: Speed tests for C:/Users/danie/AppData/Local/UnrealEngine/Common/DerivedDataCache took 0.01 seconds
[2023.04.16-12.15.43:413][  0]LogDerivedDataCache: Display: Performance to C:/Users/danie/AppData/Local/UnrealEngine/Common/DerivedDataCache: Latency=0.03ms. RandomReadSpeed=1364.58MBs, RandomWriteSpeed=141.97MBs. Assigned SpeedClass 'Local'
[2023.04.16-12.15.43:414][  0]LogDerivedDataCache: Using Local data cache path C:/Users/danie/AppData/Local/UnrealEngine/Common/DerivedDataCache: Writable
[2023.04.16-12.15.43:414][  0]LogDerivedDataCache: Shared data cache path not found in *engine.ini, will not use an Shared cache.
[2023.04.16-12.15.43:414][  0]LogDerivedDataCache: Unable to find inner node Shared for hierarchical cache Hierarchy.
[2023.04.16-12.15.43:449][  0]LogSlate: Using FreeType 2.10.0
[2023.04.16-12.15.43:449][  0]LogSlate: SlateFontServices - WITH_FREETYPE: 1, WITH_HARFBUZZ: 1
[2023.04.16-12.15.43:523][  0]LogInit: Using OS detected language (en-US).
[2023.04.16-12.15.43:523][  0]LogInit: Using OS detected locale (en-GB).
[2023.04.16-12.15.43:523][  0]LogTextLocalizationManager: No localization for 'en-US' exists, so 'en' will be used for the language.
[2023.04.16-12.15.43:523][  0]LogTextLocalizationManager: No localization for 'en-GB' exists, so 'en' will be used for the locale.
[2023.04.16-12.15.43:523][  0]LogSlate: FontCache flush requested. Reason: Culture for localization was changed
[2023.04.16-12.15.43:523][  0]LogSlate: FontCache flush requested. Reason: Culture for localization was changed
[2023.04.16-12.15.43:525][  0]LogTextLocalizationManager: Compacting localization data took   0.00ms
[2023.04.16-12.15.43:525][  0]LogAssetRegistry: FAssetRegistry took 0.0015 seconds to start up
[2023.04.16-12.15.43:675][  0]LogPackageLocalizationCache: Processed 27 localized package path(s) for 1 prioritized culture(s) in 0.001118 seconds
[2023.04.16-12.15.43:742][  0]LogInit: Selected Device Profile: [Windows]
[2023.04.16-12.15.43:742][  0]LogInit: Active device profile: [000002D43B743D00][000002D431A2C780 49] Windows
[2023.04.16-12.15.43:742][  0]LogInit: Profiles: [000002D43B743D00][000002D431A2C780 49] Windows, [000002D43B748400][000002D43123C900 49] WindowsNoEditor, [000002D43B740400][000002D431240A80 49] WindowsServer, [000002D43B74B400][000002D431244C00 49] WindowsClient, [000002D43B743300][000002D431248D80 49] IOS, [000002D43B748F00][000002D431926F00 49] iPadAir, [000002D43B740E00][000002D43192B080 49] iPadAir2, [000002D43B708300][000002D431933340 49] IPadPro, [000002D43B6EFF00][000002D43192F380 49] iPadAir3, [000002D43B740500][000002D431937500 49] iPadAir4, [000002D43B6ECA00][000002D43193B680 49] iPadMini2, [000002D43B740700][000002D43193F800 49] iPadMini3, [000002D43B6EEF00][000002D431A31940 49] iPadMini4, [000002D43B743F00][000002D431943A80 49] iPadMini5, [000002D43B74AB00][000002D43194A140 49] iPhone6, [000002D43B74AC00][000002D431946180 49] iPodTouch6, [000002D43B6ECF00][000002D431956440 49] iPhone7, [000002D43B6ED000][000002D431952480 49] iPodTouch7, [000002D43B748A00][000002D43195A600 49] iPhone5S, [000002D43B6EDD00][000002D43195E780 49] iPhone6Plus, [000002D43B749600][000002D431962900 49] iPhone6S, [000002D43B6EEB00][000002D431966A80 49] iPhone6SPlus, [000002D43B748300][000002D43196AC00 49] iPhone7Plus, [000002D43B6EF100][000002D43196ED80 49] iPhoneSE, [000002D43B74B600][000002D4317C4F00 49] iPhone8, [000002D43B6ED900][000002D4317C9080 49] iPhone8Plus, [000002D43B748500][000002D4317CD200 49] iPhoneX, [000002D43B6EC700][000002D4317D1380 49] iPhoneXS, [000002D43B74BB00][000002D4317D5500 49] iPhoneXSMax, [000002D43B6EF800][000002D4317D9680 49] iPhoneXR, [000002D43B748200][000002D4317DD800 49] iPhone11, [000002D43B6EE000][000002D4317E1980 49] iPhone11Pro, [000002D43B74B500][000002D43194FAC0 49] iPhone11ProMax, [000002D43B6ECC00][000002D4317E5C00 49] iPhoneSE2, [000002D43B74A700][000002D4317E81C0 49] iPhone12Mini, [000002D43B6EED00][000002D4317EC300 49] iPhone12, [000002D43B749100][000002D4317F4480 49] iPhone12Pro, [000002D43B6EFE00][000002D4317F8600 49] iPhone12ProMax, [000002D43B74BD00][000002D4317FC780 49] iPadPro105, [000002D43B6EF900][000002D431800900 49] iPadPro129, [000002D43B74B800][000002D431804A80 49] iPadPro97, [000002D43B6EE700][000002D431808C00 49] iPadPro2_129, [000002D43B749B00][000002D43180CD80 49] iPad5, [000002D43B6EF400][000002D431810F00 49] iPad6, [000002D43B74A800][000002D431815080 49] iPad7, [000002D43B6EE100][000002D431819200 49] iPad8, [000002D43B748C00][000002D43181D380 49] iPadPro11, [000002D43B6ED800][000002D431821500 49] iPadPro2_11, [000002D43B748900][000002D431825680 49] iPadPro3_129, [000002D43B6ED100][000002D431829800 49] iPadPro4_129, [000002D43B74B300][000002D43182D980 49] AppleTV, [000002D43B6EC400][000002D431831B00 49] AppleTV4K, [000002D43B749E00][000002D431834100 49] TVOS, [000002D43B6EC200][000002D4317F0240 49] Mac, [000002D43B74BF00][000002D431838380 49] MacClient, [000002D43B6EF000][000002D43183C4C0 49] MacNoEditor, [000002D43B749800][000002D431844640 49] MacServer, [000002D43B6EE900][000002D4318487C0 49] Linux, [000002D43B749500][000002D43184C940 49] LinuxAArch64, [000002D43B6EC600][000002D431850AC0 49] LinuxNoEditor, [000002D43B7CA100][000002D431854C40 49] LinuxAArch64NoEditor, [000002D43B708D00][000002D431858DC0 49] LinuxClient, [000002D43B7CA000][000002D43185CF40 49] LinuxAArch64Client, [000002D43B70AE00][000002D4318610C0 49] LinuxServer, [000002D43B7C9D00][000002D431865240 49] LinuxAArch64Server, [000002D43B70A900][000002D4318693C0 49] Android, [000002D43B7C9200][000002D43186D540 49] Android_Low, [000002D43B70A800][000002D4318716C0 49] Android_Mid, [000002D43B7C9B00][000002D431875840 49] Android_High, [000002D43B708700][000002D4318799C0 49] Android_Default, [000002D43B7C8800][000002D43187DB40 49] Android_Adreno4xx, [000002D43B70BB00][000002D431880140 49] Android_Adreno5xx_Low, [000002D43B7C9300][000002D4318842C0 49] Android_Adreno5xx, [000002D43B709000][000002D431840400 49] Android_Adreno6xx, [000002D43B7C8100][000002D431888540 49] Android_Adreno6xx_Vulkan, [000002D43B70B200][000002D43188C680 49] Android_Mali_T6xx, [000002D43B7CAE00][000002D4318907C0 49] Android_Mali_T7xx, [000002D43B709900][000002D431898940 49] Android_Mali_T8xx, [000002D43B7C8200][000002D43189CAC0 49] Android_Mali_G71, [000002D43B70B300][000002D4318A0C40 49] Android_Mali_G72, [000002D43B7C9900][000002D4318A4DC0 49] Android_Mali_G72_Vulkan, [000002D43B709700][000002D4318A8F40 49] Android_Mali_G76, [000002D43B7C8C00][000002D4318AD0C0 49] Android_Mali_G76_Vulkan, [000002D43B70A400][000002D4318B1240 49] Android_Mali_G77, [000002D43B7C8D00][000002D4318B53C0 49] Android_Mali_G77_Vulkan, [000002D43B709600][000002D4318B9540 49] Android_Mali_G78, [000002D43B7CA500][000002D4318BD6C0 49] Android_Mali_G78_Vulkan, [000002D43B709A00][000002D431973840 49] Android_Mali_G710, [000002D43B6EFA00][000002D4319779C0 49] Android_Mali_G710_Vulkan, [000002D43B74AD00][000002D43197BB40 49] Android_Vulkan_SM5, [000002D43B7CA200][000002D43197E140 49] Android_PowerVR_G6xxx, [000002D43B74AE00][000002D4319822C0 49] Android_PowerVR_GT7xxx, [000002D43B7C8500][000002D431986440 49] Android_PowerVR_GE8xxx, [000002D43B74BC00][000002D431894580 49] Android_PowerVR_GM9xxx, [000002D43B7CA300][000002D43198A6C0 49] Android_PowerVR_GM9xxx_Vulkan, [000002D43B74B700][000002D43198E800 49] Android_TegraK1, [000002D43B7CA600][000002D431992940 49] Android_Unknown_Vulkan, [000002D43B749000][000002D420E34AC0 49] Lumin, [000002D43B7C9C00][000002D420E38C40 49] Lumin_Desktop, [000002D43B749200][000002D420E3CDC0 49] HoloLens, 
[2023.04.16-12.15.43:780][  0]LogMeshReduction: Using QuadricMeshReduction for automatic static mesh reduction
[2023.04.16-12.15.43:780][  0]LogMeshReduction: Using SimplygonMeshReduction for automatic skeletal mesh reduction
[2023.04.16-12.15.43:780][  0]LogMeshReduction: Using ProxyLODMeshReduction for automatic mesh merging
[2023.04.16-12.15.43:780][  0]LogMeshReduction: No distributed automatic mesh merging module available
[2023.04.16-12.15.43:780][  0]LogMeshMerging: No distributed automatic mesh merging module available
[2023.04.16-12.15.43:868][  0]LogNetVersion: fpsgame 1.0.0, NetCL: 17155196, EngineNetVer: 17, GameNetVer: 0 (Checksum: 3215450660)
[2023.04.16-12.15.44:077][  0]LogTexture: Default maximum texture size for cubemaps generated from long-lat sources has been changed from 512 to unlimited. In order to preserve old behaiour for '/Engine/MapTemplates/Sky/DaylightAmbientCubemap.DaylightAmbientCubemap', its maximum texture size has been explicitly set to 512.
[2023.04.16-12.15.44:120][  0]LogHMD: PokeAHoleMaterial loaded successfully
[2023.04.16-12.15.44:216][  0]LogMoviePlayer: Initializing movie player
[2023.04.16-12.15.44:319][  0]LogNiagaraDebuggerClient: Niagara Debugger Client Initialized | Session: 924454044F1C0C53F75304A7CCD6EFFA | Instance: CE3B7516477CD63ED8EFF49D42186A75 (DESKTOP-QG36584-14592).
[2023.04.16-12.15.44:336][  0]LogCollectionManager: Loaded 0 collections in 0.001665 seconds
[2023.04.16-12.15.44:338][  0]LogFileCache: Scanning file cache for directory 'C:/Users/danie/Documents/Gamedev VR/game/UE4 game/fpsgame/Saved/Collections/' took 0.00s
[2023.04.16-12.15.44:338][  0]LogFileCache: Scanning file cache for directory 'C:/Users/danie/Documents/Gamedev VR/game/UE4 game/fpsgame/Content/Developers/danie/Collections/' took 0.00s
[2023.04.16-12.15.44:339][  0]LogCollectionManager: Fixed up redirectors for 0 collections in 0.000001 seconds (updated 0 objects)
[2023.04.16-12.15.44:433][  0]LogFileCache: Scanning file cache for directory 'C:/Users/danie/Documents/Gamedev VR/game/UE4 game/fpsgame/Content/Collections/' took 0.00s
[2023.04.16-12.15.44:433][  0]LogTcpMessaging: Initializing TcpMessaging bridge
[2023.04.16-12.15.44:437][  0]LogUdpMessaging: Initializing bridge on interface 0.0.0.0:0 to multicast group 230.0.0.1:6666.
[2023.04.16-12.15.44:449][  0]LogPython: Using Python 3.7.7
[2023.04.16-12.15.44:907][  0]LogPython: Warning: 'AttachmentType' and 'EAttachmentType' have the same name (AttachmentType) when exposed to Python. Rename one of them using 'ScriptName' meta-data.
[2023.04.16-12.15.44:952][  0]SourceControl: Source control is disabled
[2023.04.16-12.15.44:952][  0]SourceControl: Source control is disabled
[2023.04.16-12.15.44:954][  0]SourceControl: Source control is disabled
[2023.04.16-12.15.44:962][  0]LogUProjectInfo: Found projects:
[2023.04.16-12.15.45:060][  0]LogOpenImageDenoise: OIDN starting up
[2023.04.16-12.15.45:071][  0]LogAndroidPermission: UAndroidPermissionCallbackProxy::GetInstance
[2023.04.16-12.15.45:079][  0]LogAudioCaptureCore: Display: No Audio Capture implementations found. Audio input will be silent.
[2023.04.16-12.15.45:079][  0]LogAudioCaptureCore: Display: No Audio Capture implementations found. Audio input will be silent.
[2023.04.16-12.15.45:144][  0]LogOcInput: OculusInput pre-init called
[2023.04.16-12.15.45:153][  0]LogUObjectArray: 22331 objects as part of root set at end of initial load.
[2023.04.16-12.15.45:153][  0]LogUObjectAllocator: 6062336 out of 0 bytes used by permanent object pool.
[2023.04.16-12.15.45:153][  0]LogUObjectArray: CloseDisregardForGC: 0/0 objects in disregard for GC pool
[2023.04.16-12.15.45:199][  0]LogClass: Display: StructProperty FRewindDataStruct::SnapshotPosition is not initialized properly. Module:fpsgame File:RewindComponent.h
[2023.04.16-12.15.45:199][  0]LogClass: Display: StructProperty FRewindDataStruct::SnapshotRotation is not initialized properly. Module:fpsgame File:RewindComponent.h
[2023.04.16-12.15.45:199][  0]LogClass: Display: StructProperty FRewindDataStruct::SnapshotScale is not initialized properly. Module:fpsgame File:RewindComponent.h
[2023.04.16-12.15.45:199][  0]LogClass: Display: BoolProperty FWeaponRecoil::bHasRecoil is not initialized properly. Module:fpsgame File:WeaponActor.h
[2023.04.16-12.15.45:199][  0]LogClass: Display: BoolProperty FWeaponRecoil::bUsesControlRotationForHipfireRecoil is not initialized properly. Module:fpsgame File:WeaponActor.h
[2023.04.16-12.15.45:199][  0]LogClass: Warning: ObjectProperty FWeaponRecoil::RecoilVectorCurve is not initialized properly. Module:fpsgame File:WeaponActor.h
[2023.04.16-12.15.45:199][  0]LogClass: Display: FloatProperty FWeaponRecoil::RecoveryTime is not initialized properly. Module:fpsgame File:WeaponActor.h
[2023.04.16-12.15.45:199][  0]LogClass: Display: FloatProperty FWeaponStats::MaxRange is not initialized properly. Module:fpsgame File:WeaponActor.h
[2023.04.16-12.15.45:199][  0]LogClass: Display: FloatProperty FWeaponStats::FireRate is not initialized properly. Module:fpsgame File:WeaponActor.h
[2023.04.16-12.15.45:199][  0]LogClass: Display: IntProperty FWeaponStats::CartridgeBullets is not initialized properly. Module:fpsgame File:WeaponActor.h
[2023.04.16-12.15.45:199][  0]LogClass: Display: IntProperty FWeaponStats::BurstNumber is not initialized properly. Module:fpsgame File:WeaponActor.h
[2023.04.16-12.15.45:199][  0]LogClass: Display: FloatProperty FWeaponStats::BurstFireRate is not initialized properly. Module:fpsgame File:WeaponActor.h
[2023.04.16-12.15.45:199][  0]LogClass: Display: IntProperty FWeaponStats::MaxMagSize is not initialized properly. Module:fpsgame File:WeaponActor.h
[2023.04.16-12.15.45:199][  0]LogClass: Display: FloatProperty FWeaponStats::BaseDamageTorso is not initialized properly. Module:fpsgame File:WeaponActor.h
[2023.04.16-12.15.45:199][  0]LogClass: Display: FloatProperty FWeaponStats::BaseDamageHead is not initialized properly. Module:fpsgame File:WeaponActor.h
[2023.04.16-12.15.45:199][  0]LogClass: Display: FloatProperty FWeaponStats::BaseDamageLegs is not initialized properly. Module:fpsgame File:WeaponActor.h
[2023.04.16-12.15.45:199][  0]LogClass: Display: FloatProperty FWeaponStats::BaseHipfireSpreadAngleInDegrees is not initialized properly. Module:fpsgame File:WeaponActor.h
[2023.04.16-12.15.45:199][  0]LogClass: Display: FloatProperty FWeaponStats::BaseMovementSpreadMultiplier is not initialized properly. Module:fpsgame File:WeaponActor.h
[2023.04.16-12.15.45:199][  0]LogClass: Display: EnumProperty FWeaponMetaData::GunModel is not initialized properly. Module:fpsgame File:WeaponActor.h
[2023.04.16-12.15.45:199][  0]LogClass: Display: EnumProperty FWeaponMetaData::WAWeaponType is not initialized properly. Module:fpsgame File:WeaponActor.h
[2023.04.16-12.15.45:199][  0]LogClass: Display: EnumProperty FWeaponMetaData::WAWeaponFireType is not initialized properly. Module:fpsgame File:WeaponActor.h
[2023.04.16-12.15.45:199][  0]LogClass: Display: EnumProperty FWeaponMetaData::WAWeaponHitDetectionType is not initialized properly. Module:fpsgame File:WeaponActor.h
[2023.04.16-12.15.45:199][  0]LogClass: Display: EnumProperty FWeaponMetaData::TypeOfEquip is not initialized properly. Module:fpsgame File:WeaponActor.h
[2023.04.16-12.15.45:199][  0]LogClass: Warning: ObjectProperty FWeaponVisualAssets::GunMesh is not initialized properly. Module:fpsgame File:WeaponActor.h
[2023.04.16-12.15.45:199][  0]LogClass: Warning: ObjectProperty FWeaponVisualAssets::TracerEffect is not initialized properly. Module:fpsgame File:WeaponActor.h
[2023.04.16-12.15.45:199][  0]LogClass: Warning: ObjectProperty FWeaponVisualAssets::MuzzleFlash is not initialized properly. Module:fpsgame File:WeaponActor.h
[2023.04.16-12.15.45:199][  0]LogClass: Display: StructProperty FWeaponPositionalDetails::BasePosition is not initialized properly. Module:fpsgame File:WeaponActor.h
[2023.04.16-12.15.45:199][  0]LogClass: Display: StructProperty FWeaponPositionalDetails::BaseRotation is not initialized properly. Module:fpsgame File:WeaponActor.h
[2023.04.16-12.15.45:199][  0]LogClass: Display: StructProperty FWeaponPositionalDetails::BaseScale is not initialized properly. Module:fpsgame File:WeaponActor.h
[2023.04.16-12.15.45:199][  0]LogClass: Display: StructProperty FWeaponPositionalDetails::TPBaseScale is not initialized properly. Module:fpsgame File:WeaponActor.h
[2023.04.16-12.15.45:199][  0]LogClass: Display: StructProperty FWeaponPositionalDetails::TPBaseRotation is not initialized properly. Module:fpsgame File:WeaponActor.h
[2023.04.16-12.15.45:199][  0]LogClass: Display: StructProperty FWeaponPositionalDetails::TPBasePosition is not initialized properly. Module:fpsgame File:WeaponActor.h
[2023.04.16-12.15.45:200][  0]LogClass: Display: 32 Uninitialized script struct members found including 4 object properties
[2023.04.16-12.15.45:200][  0]LogAutomationTest: Warning: ObjectProperty FWeaponRecoil::RecoilVectorCurve is not initialized properly. Module:fpsgame File:WeaponActor.h
[2023.04.16-12.15.45:200][  0]LogAutomationTest: Warning: ObjectProperty FWeaponVisualAssets::GunMesh is not initialized properly. Module:fpsgame File:WeaponActor.h
[2023.04.16-12.15.45:200][  0]LogAutomationTest: Warning: ObjectProperty FWeaponVisualAssets::TracerEffect is not initialized properly. Module:fpsgame File:WeaponActor.h
[2023.04.16-12.15.45:200][  0]LogAutomationTest: Warning: ObjectProperty FWeaponVisualAssets::MuzzleFlash is not initialized properly. Module:fpsgame File:WeaponActor.h
[2023.04.16-12.15.45:200][  0]LogEngine: Initializing Engine...
[2023.04.16-12.15.45:203][  0]LogHMD: Failed to enumerate extensions. Please check that you have a valid OpenXR runtime installed.
[2023.04.16-12.15.45:203][  0]LogHMD: Failed to initialize OpenVR with code 110
[2023.04.16-12.15.45:203][  0]LogMagicLeap: Warning: VR disabled because ZI is not enabled.  To enable, in the editor, Edit -> Project Settings -> Plugins -> Magic Leap Plugin -> Enable Zero Iteration
[2023.04.16-12.15.45:205][  0]LogStats: UGameplayTagsManager::InitializeManager -  0.000 s
[2023.04.16-12.15.45:290][  0]LogInit: Initializing FReadOnlyCVARCache
[2023.04.16-12.15.45:290][  0]LogAudio: Display: Initializing Audio Device Manager...
[2023.04.16-12.15.45:295][  0]LogAudio: Display: Loading Default Audio Settings Objects...
[2023.04.16-12.15.45:295][  0]LogAudio: Display: No default SoundConcurrencyObject specified (or failed to load).
[2023.04.16-12.15.45:296][  0]LogAudio: Display: Audio Device Manager Initialized
[2023.04.16-12.15.45:296][  0]LogAudio: Display: Creating Audio Device:                 Id: 1, Scope: Shared, Realtime: True
[2023.04.16-12.15.45:296][  0]LogAudioMixer: Display: Audio Mixer Platform Settings:
[2023.04.16-12.15.45:296][  0]LogAudioMixer: Display: 	Sample Rate:						  48000
[2023.04.16-12.15.45:296][  0]LogAudioMixer: Display: 	Callback Buffer Frame Size Requested: 1024
[2023.04.16-12.15.45:296][  0]LogAudioMixer: Display: 	Callback Buffer Frame Size To Use:	  1024
[2023.04.16-12.15.45:296][  0]LogAudioMixer: Display: 	Number of buffers to queue:			  2
[2023.04.16-12.15.45:297][  0]LogAudioMixer: Display: 	Max Channels (voices):				  32
[2023.04.16-12.15.45:297][  0]LogAudioMixer: Display: 	Number of Async Source Workers:		  0
[2023.04.16-12.15.45:297][  0]LogAudio: Display: AudioDevice MaxSources: 32
[2023.04.16-12.15.45:297][  0]LogAudio: Display: Audio Spatialization Plugin: None (built-in).
[2023.04.16-12.15.45:297][  0]LogAudio: Display: Audio Reverb Plugin: None (built-in).
[2023.04.16-12.15.45:297][  0]LogAudio: Display: Audio Occlusion Plugin: None (built-in).
[2023.04.16-12.15.45:297][  0]LogAudioMixer: Display: Initializing audio mixer.
[2023.04.16-12.15.45:311][  0]LogAudioMixer: Display: 0: FrontLeft
[2023.04.16-12.15.45:311][  0]LogAudioMixer: Display: 1: FrontRight
[2023.04.16-12.15.45:311][  0]LogAudioMixer: Display: 2: FrontCenter
[2023.04.16-12.15.45:311][  0]LogAudioMixer: Display: 3: LowFrequency
[2023.04.16-12.15.45:311][  0]LogAudioMixer: Display: 4: BackLeft
[2023.04.16-12.15.45:311][  0]LogAudioMixer: Display: 5: BackRight
[2023.04.16-12.15.45:311][  0]LogAudioMixer: Display: 6: SideLeft
[2023.04.16-12.15.45:311][  0]LogAudioMixer: Display: 7: SideRight
[2023.04.16-12.15.45:332][  0]LogAudioMixer: Display: Using Audio Device Speakers (Realtek(R) Audio)
[2023.04.16-12.15.45:337][  0]LogAudioMixer: Display: Initializing Sound Submixes...
[2023.04.16-12.15.45:338][  0]LogAudioMixer: Display: Creating Master Submix 'MasterSubmixDefault'
[2023.04.16-12.15.45:338][  0]LogAudioMixer: Display: Creating Master Submix 'MasterReverbSubmixDefault'
[2023.04.16-12.15.45:339][  0]LogAudioMixer: Display: Creating Master Submix 'MasterEQSubmixDefault'
[2023.04.16-12.15.45:339][  0]LogAudioMixer: FMixerPlatformXAudio2::StartAudioStream() called
[2023.04.16-12.15.45:339][  0]LogAudioMixer: Display: Output buffers initialized: Frames=1024, Channels=8, Samples=8192
[2023.04.16-12.15.45:340][  0]LogAudioMixer: Display: Starting AudioMixerPlatformInterface::RunInternal()
[2023.04.16-12.15.45:340][  0]LogAudioMixer: Display: FMixerPlatformXAudio2::SubmitBuffer() called for the first time
[2023.04.16-12.15.45:340][  0]LogInit: FAudioDevice initialized.
[2023.04.16-12.15.45:341][  0]LogNetVersion: Set ProjectVersion to 1.0.0.0. Version Checksum will be recalculated on next use.
[2023.04.16-12.15.45:342][  0]LogInit: Texture streaming: Enabled
[2023.04.16-12.15.45:398][  0]LogAudio: Display: Audio Device (ID: 1) registered with world 'Untitled'.
[2023.04.16-12.15.45:398][  0]LogSlate: Updating window title bar state: overlay mode, drag disabled, window buttons hidden, title bar hidden
[2023.04.16-12.15.45:399][  0]LogInit: Display: Game Engine Initialized.
[2023.04.16-12.15.45:399][  0]LogNiagaraEditor: GEditor isn't valid! Particle reset commands will not work for Niagara components!
[2023.04.16-12.15.45:501][  0]LogInit: Display: Starting Game.
[2023.04.16-12.15.45:501][  0]LogNet: Browse: 127.0.0.1:17777/Engine/Maps/Templates/Template_Default?Name=Player
[2023.04.16-12.15.45:501][  0]LogNet: PktLoss set to 0
[2023.04.16-12.15.45:501][  0]LogNet: PktLagMin set to 0
[2023.04.16-12.15.45:501][  0]LogNet: PktLagMax set to 0
[2023.04.16-12.15.45:501][  0]LogNet: PktIncomingLagMin set to 0
[2023.04.16-12.15.45:501][  0]LogNet: PktIncomingLagMax set to 0
[2023.04.16-12.15.45:501][  0]LogNet: PktIncomingLoss set to 0
[2023.04.16-12.15.45:501][  0]LogNet: PktLoss set to 0
[2023.04.16-12.15.45:501][  0]LogNet: PktLagMin set to 0
[2023.04.16-12.15.45:501][  0]LogNet: PktLagMax set to 0
[2023.04.16-12.15.45:501][  0]LogNet: PktIncomingLagMin set to 0
[2023.04.16-12.15.45:501][  0]LogNet: PktIncomingLagMax set to 0
[2023.04.16-12.15.45:501][  0]LogNet: PktIncomingLoss set to 0
[2023.04.16-12.15.45:501][  0]LogNet: PktLoss set to 0
[2023.04.16-12.15.45:502][  0]LogNet: PktLagMin set to 0
[2023.04.16-12.15.45:502][  0]LogNet: PktLagMax set to 0
[2023.04.16-12.15.45:502][  0]LogNet: PktIncomingLagMin set to 0
[2023.04.16-12.15.45:502][  0]LogNet: PktIncomingLagMax set to 0
[2023.04.16-12.15.45:502][  0]LogNet: PktIncomingLoss set to 0
[2023.04.16-12.15.45:502][  0]LogInit: WinSock: Socket queue. Rx: 32768 (config 32768) Tx: 32768 (config 32768)
[2023.04.16-12.15.45:502][  0]LogNet: Created socket for bind address: 0.0.0.0 on port 0
[2023.04.16-12.15.45:502][  0]PacketHandlerLog: Loaded PacketHandler component: Engine.EngineHandlerComponentFactory (StatelessConnectHandlerComponent)
[2023.04.16-12.15.45:502][  0]LogNet: Game client on port 17777, rate 100000
[2023.04.16-12.15.45:600][  0]LogInit: Display: Engine is initialized. Leaving FEngineLoop::Init()
[2023.04.16-12.15.45:600][  0]LogLoad: (Engine Initialization) Total time: 4.70 seconds
[2023.04.16-12.15.45:600][  0]LogLoad: (Engine Initialization) Total Blueprint compile time: 0.00 seconds
[2023.04.16-12.15.45:603][  0]LogContentStreaming: Texture pool size now 1000 MB
[2023.04.16-12.15.45:604][  0]LogSlate: InvalidateAllWidgets triggered.  All widgets were invalidated
[2023.04.16-12.15.46:524][  0]LogHandshake: SendChallengeResponse. Timestamp: 0.631956, Cookie: 174039014161215060011191240239244118086208231150197039212221
[2023.04.16-12.15.46:557][160]LogNetVersion: fpsgame 1.0.0.0, NetCL: 17155196, EngineNetVer: 17, GameNetVer: 0 (Checksum: 1484303137)
[2023.04.16-12.15.46:557][160]LogNet: UPendingNetGame::SendInitialJoin: Sending hello. [UNetConnection] RemoteAddr: 127.0.0.1:17777, Name: IpConnection_0, Driver: PendingNetDriver IpNetDriver_0, IsServer: NO, PC: NULL, Owner: NULL, UniqueId: INVALID
[2023.04.16-12.15.46:590][313]LogNet: Welcomed by server (Level: /Game/Maps/TestMap, Game: /Game/Blueprints/GameMode/BP_FPSGameModeDefault.BP_FPSGameModeDefault_C)
[2023.04.16-12.15.46:590][313]LogLoad: LoadMap: 127.0.0.1:17777/Game/Maps/TestMap?Name=Player?game=/Game/Blueprints/GameMode/BP_FPSGameModeDefault.BP_FPSGameModeDefault_C
[2023.04.16-12.15.46:590][313]LogWorld: BeginTearingDown for /Temp/Untitled_0
[2023.04.16-12.15.46:590][313]LogWorld: UWorld::CleanupWorld for Untitled, bSessionEnded=true, bCleanupResources=true
[2023.04.16-12.15.46:591][313]LogSlate: InvalidateAllWidgets triggered.  All widgets were invalidated
[2023.04.16-12.15.46:607][313]LogAudio: Display: Audio Device unregistered from world 'None'.
[2023.04.16-12.15.46:609][313]LogUObjectHash: Compacting FUObjectHashTables data took   0.73ms
[2023.04.16-12.15.46:615][313]LogClass: Warning: Type mismatch in Attachments of WeaponAttachmentSystem - Previous (ArrayProperty) Current(MapProperty) for package:  ../../../../../../Users/danie/Documents/Gamedev VR/game/UE4 game/fpsgame/Content/Blueprints/Weapons/Guns/Prototypes/BP_PrototypeAR.uasset
[2023.04.16-12.15.47:125][313]LogAudio: Display: Audio Device (ID: 1) registered with world 'TestMap'.
[2023.04.16-12.15.47:127][313]LogNet: PktLoss set to 0
[2023.04.16-12.15.47:127][313]LogNet: PktLagMin set to 0
[2023.04.16-12.15.47:127][313]LogNet: PktLagMax set to 0
[2023.04.16-12.15.47:127][313]LogNet: PktIncomingLagMin set to 0
[2023.04.16-12.15.47:127][313]LogNet: PktIncomingLagMax set to 0
[2023.04.16-12.15.47:127][313]LogNet: PktIncomingLoss set to 0
[2023.04.16-12.15.47:129][313]LogWorld: Bringing World /Game/Maps/TestMap.TestMap up for play (max tick rate 0) at 2023.04.16-13.15.47
[2023.04.16-12.15.47:129][313]LogWorld: Bringing up level for play took: 0.001465
[2023.04.16-12.15.47:129][313]LogSlate: Took 0.000165 seconds to synchronously load lazily loaded font '../../../Engine/Content/Slate/Fonts/Roboto-Regular.ttf' (155K)
[2023.04.16-12.15.47:129][313]LogLoad: Took 0.538512 seconds to LoadMap(/Game/Maps/TestMap)
[2023.04.16-12.15.47:130][313]LogNavigation: Warning: NavData RegistrationFailed_DataPendingKill.
[2023.04.16-12.15.47:157][315]LogRenderer: Reallocating scene render targets to support 640x480 Format 10 NumSamples 1 (Frame:1).
[2023.04.16-12.15.47:241][315]LogViewport: Display: Viewport MouseCaptureMode Changed, CapturePermanently_IncludingInitialMouseDown -> CapturePermanently
[2023.04.16-12.15.47:241][315]LogOnlineSession: Warning: OSS: No game present to join for session (GameSession)
[2023.04.16-12.15.48:055][627]LogOnlineSession: Warning: OSS: No game present to join for session (GameSession)
