Log file open, 11/09/22 19:32:11
LogWindows: Failed to load 'aqProf.dll' (GetLastError=126)
LogWindows: File 'aqProf.dll' does not exist
LogWindows: Failed to load 'VtuneApi.dll' (GetLastError=126)
LogWindows: File 'VtuneApi.dll' does not exist
LogWindows: Failed to load 'VtuneApi32e.dll' (GetLastError=126)
LogWindows: File 'VtuneApi32e.dll' does not exist
LogConsoleResponse: Display: Failed to find resolution value strings in scalability ini. Falling back to default.
LogConsoleResponse: Display: Failed to find resolution value strings in scalability ini. Falling back to default.
LogInit: Display: Running engine for game: fpsgame
LogPlatformFile: Not using cached read wrapper
LogTaskGraph: Started task graph with 5 named threads and 17 total threads with 3 sets of task threads.
LogStats: Stats thread started at 0.221396
LogICUInternationalization: ICU TimeZone Detection - Raw Offset: +0:00, Platform Override: ''
LogInit: Display: Loading text-based GConfig....
LogPluginManager: Mounting plugin MeshPainting
LogPluginManager: Mounting plugin XGEController
LogPluginManager: Mounting plugin Paper2D
LogPluginManager: Mounting plugin AISupport
LogPluginManager: Mounting plugin EnvironmentQueryEditor
LogPluginManager: Mounting plugin LiveLink
LogPluginManager: Mounting plugin LightPropagationVolume
LogPluginManager: Mounting plugin CameraShakePreviewer
LogPluginManager: Mounting plugin GameplayCameras
LogPluginManager: Mounting plugin OodleData
LogPluginManager: Mounting plugin OodleNetwork
LogPluginManager: Mounting plugin AnimationSharing
LogPluginManager: Mounting plugin CLionSourceCodeAccess
LogPluginManager: Mounting plugin CodeLiteSourceCodeAccess
LogPluginManager: Mounting plugin GitSourceControl
LogPluginManager: Mounting plugin KDevelopSourceCodeAccess
LogPluginManager: Mounting plugin NullSourceCodeAccess
LogPluginManager: Mounting plugin PerforceSourceControl
LogPluginManager: Mounting plugin PixWinPlugin
LogPluginManager: Mounting plugin PlasticSourceControl
LogPluginManager: Mounting plugin PluginUtils
LogPluginManager: Mounting plugin PropertyAccessNode
LogPluginManager: Mounting plugin RiderSourceCodeAccess
LogPluginManager: Mounting plugin SubversionSourceControl
LogPluginManager: Mounting plugin TextureFormatOodle
LogPluginManager: Mounting plugin UObjectPlugin
LogPluginManager: Mounting plugin VisualStudioCodeSourceCodeAccess
LogPluginManager: Mounting plugin VisualStudioSourceCodeAccess
LogPluginManager: Mounting plugin XCodeSourceCodeAccess
LogPluginManager: Mounting plugin AssetManagerEditor
LogPluginManager: Mounting plugin CryptoKeys
LogPluginManager: Mounting plugin CurveEditorTools
LogPluginManager: Mounting plugin DataValidation
LogPluginManager: Mounting plugin FacialAnimation
LogPluginManager: Mounting plugin GameplayTagsEditor
LogPluginManager: Mounting plugin GeometryMode
LogPluginManager: Mounting plugin MacGraphicsSwitching
LogPluginManager: Mounting plugin MaterialAnalyzer
LogPluginManager: Mounting plugin MobileLauncherProfileWizard
LogPluginManager: Mounting plugin PluginBrowser
LogPluginManager: Mounting plugin SpeedTreeImporter
LogPluginManager: Mounting plugin DatasmithContent
LogPluginManager: Mounting plugin VariantManagerContent
LogPluginManager: Mounting plugin AlembicImporter
LogPluginManager: Mounting plugin AutomationUtils
LogPluginManager: Mounting plugin BackChannel
LogPluginManager: Mounting plugin ChaosCloth
LogPluginManager: Mounting plugin ChaosClothEditor
LogPluginManager: Mounting plugin ChaosEditor
LogPluginManager: Mounting plugin ChaosNiagara
LogPluginManager: Mounting plugin ChaosSolverPlugin
LogPluginManager: Mounting plugin CharacterAI
LogPluginManager: Mounting plugin GeometryCache
LogPluginManager: Mounting plugin GeometryCollectionPlugin
LogPluginManager: Mounting plugin GeometryProcessing
LogPluginManager: Mounting plugin MotoSynth
LogPluginManager: Mounting plugin OpenImageDenoise
LogPluginManager: Mounting plugin PlanarCut
LogPluginManager: Mounting plugin PlatformCrypto
LogPluginManager: Mounting plugin ProxyLODPlugin
LogPluginManager: Mounting plugin PythonScriptPlugin
LogPluginManager: Mounting plugin SkeletalReduction
LogPluginManager: Mounting plugin Niagara
LogPluginManager: Mounting plugin LuminPlatformFeatures
LogPluginManager: Mounting plugin MagicLeap
LogPluginManager: Mounting plugin MagicLeapLightEstimation
LogPluginManager: Mounting plugin MagicLeapMedia
LogPluginManager: Mounting plugin MagicLeapPassableWorld
LogPluginManager: Mounting plugin MLSDK
LogPluginManager: Mounting plugin AndroidMedia
LogPluginManager: Mounting plugin AvfMedia
LogPluginManager: Mounting plugin ImgMedia
LogPluginManager: Mounting plugin MediaCompositing
LogPluginManager: Mounting plugin MediaPlayerEditor
LogPluginManager: Mounting plugin WebMMedia
LogPluginManager: Mounting plugin WmfMedia
LogPluginManager: Mounting plugin TcpMessaging
LogPluginManager: Mounting plugin UdpMessaging
LogPluginManager: Mounting plugin ActorSequence
LogPluginManager: Mounting plugin LevelSequenceEditor
LogPluginManager: Mounting plugin MatineeToLevelSequence
LogPluginManager: Mounting plugin TemplateSequence
LogPluginManager: Mounting plugin OnlineSubsystem
LogPluginManager: Mounting plugin OnlineSubsystemNull
LogPluginManager: Mounting plugin OnlineSubsystemUtils
LogPluginManager: Mounting plugin LauncherChunkInstaller
LogPluginManager: Mounting plugin ActorLayerUtilities
LogPluginManager: Mounting plugin AndroidDeviceProfileSelector
LogPluginManager: Mounting plugin AndroidMoviePlayer
LogPluginManager: Mounting plugin AndroidPermission
LogPluginManager: Mounting plugin AppleImageUtils
LogPluginManager: Mounting plugin AppleMoviePlayer
LogPluginManager: Mounting plugin ArchVisCharacter
LogPluginManager: Mounting plugin AssetTags
LogPluginManager: Mounting plugin AudioCapture
LogPluginManager: Mounting plugin AudioSynesthesia
LogPluginManager: Mounting plugin CableComponent
LogPluginManager: Mounting plugin ChunkDownloader
LogPluginManager: Mounting plugin CustomMeshComponent
LogPluginManager: Mounting plugin EditableMesh
LogPluginManager: Mounting plugin ExampleDeviceProfileSelector
LogPluginManager: Mounting plugin GoogleCloudMessaging
LogPluginManager: Mounting plugin GooglePAD
LogPluginManager: Mounting plugin IOSDeviceProfileSelector
LogPluginManager: Mounting plugin LinuxDeviceProfileSelector
LogPluginManager: Mounting plugin LocationServicesBPLibrary
LogPluginManager: Mounting plugin MobilePatchingUtils
LogPluginManager: Mounting plugin OpenXR
LogPluginManager: Mounting plugin OpenXREyeTracker
LogPluginManager: Mounting plugin OpenXRHandTracking
LogPluginManager: Mounting plugin PhysXVehicles
LogPluginManager: Mounting plugin PostSplashScreen
LogPluginManager: Mounting plugin ProceduralMeshComponent
LogPluginManager: Mounting plugin PropertyAccessEditor
LogPluginManager: Mounting plugin RuntimePhysXCooking
LogPluginManager: Mounting plugin SignificanceManager
LogPluginManager: Mounting plugin SoundFields
LogPluginManager: Mounting plugin Synthesis
LogPluginManager: Mounting plugin WebMMoviePlayer
LogPluginManager: Mounting plugin WindowsMoviePlayer
LogPluginManager: Mounting plugin ScreenshotTools
LogPluginManager: Mounting plugin Takes
LogPluginManager: Mounting plugin ContentBrowserAssetDataSource
LogPluginManager: Mounting plugin ContentBrowserClassDataSource
LogPluginManager: Mounting plugin ContentBrowserFileDataSource
LogPluginManager: Mounting plugin OnlineSubsystemGooglePlay
LogPluginManager: Mounting plugin OnlineSubsystemIOS
LogPluginManager: Mounting plugin OculusVR
LogPluginManager: Mounting plugin SteamVR
PixWinPlugin: PIX capture plugin failed to initialize! Check that the process is launched from PIX.
LogInit: Using libcurl 7.55.1-DEV
LogInit:  - built for x86_64-pc-win32
LogInit:  - supports SSL with OpenSSL/1.1.1
LogInit:  - supports HTTP deflate (compression) using libz 1.2.8
LogInit:  - other features:
LogInit:      CURL_VERSION_SSL
LogInit:      CURL_VERSION_LIBZ
LogInit:      CURL_VERSION_IPV6
LogInit:      CURL_VERSION_ASYNCHDNS
LogInit:      CURL_VERSION_LARGEFILE
LogInit:      CURL_VERSION_IDN
LogInit:  CurlRequestOptions (configurable via config and command line):
LogInit:  - bVerifyPeer = true  - Libcurl will verify peer certificate
LogInit:  - bUseHttpProxy = false  - Libcurl will NOT use HTTP proxy
LogInit:  - bDontReuseConnections = false  - Libcurl will reuse connections
LogInit:  - MaxHostConnections = 16  - Libcurl will limit the number of connections to a host
LogInit:  - LocalHostAddr = Default
LogInit:  - BufferSize = 65536
LogOnline: OSS: Creating online subsystem instance for: NULL
LogInit: WinSock: version 1.1 (2.2), MaxSocks=32767, MaxUdp=65467
LogOnline: OSS: TryLoadSubsystemAndSetDefault: Loaded subsystem for module [NULL]
LogInit: Build: ++UE4+Release-4.27-CL-18319896
LogInit: Engine Version: 4.27.2-18319896+++UE4+Release-4.27
LogInit: Compatible Engine Version: 4.27.0-17155196+++UE4+Release-4.27
LogInit: Net CL: 17155196
LogInit: OS: Windows 10 (Release 2009) (), CPU: AMD Ryzen 5 3600X 6-Core Processor             , GPU: AMD Radeon RX 5700 XT
LogInit: Compiled (64-bit): Nov 30 2021 07:12:08
LogInit: Compiled with Visual C++: 19.24.28315.00
LogInit: Build Configuration: Development
LogInit: Branch Name: ++UE4+Release-4.27
LogInit: Command Line:  /Game/Maps/TestMap -game -PIEVIACONSOLE -Multiprocess -server -log "GameUserSettingsINI=C:/Users/danie/Documents/Gamedev VR/game/UE4 game/fpsgame/Saved/Config/Windows/PIEGameUserSettings0.ini" -MultiprocessSaveConfig -forcepassthrough -messaging -SessionName="Play in Standalone Game" -port=17777 -PktLagMin=0 -PktLagMax=0 -PktLoss=0 -PktIncomingLagMin=0 -PktIncomingLagMax=0 -PktIncomingLoss=0 -windowed
LogInit: Base Directory: C:/Program Files/Epic Games/UE_4.27/Engine/Binaries/Win64/
LogInit: Allocator: TBB
LogInit: Installed Engine Build: 1
LogDevObjectVersion: Number of dev versions registered: 29
LogDevObjectVersion:   Dev-Blueprints (B0D832E4-1F89-4F0D-ACCF-7EB736FD4AA2): 10
LogDevObjectVersion:   Dev-Build (E1C64328-A22C-4D53-A36C-8E866417BD8C): 0
LogDevObjectVersion:   Dev-Core (375EC13C-06E4-48FB-B500-84F0262A717E): 4
LogDevObjectVersion:   Dev-Editor (E4B068ED-F494-42E9-A231-DA0B2E46BB41): 40
LogDevObjectVersion:   Dev-Framework (CFFC743F-43B0-4480-9391-14DF171D2073): 37
LogDevObjectVersion:   Dev-Mobile (B02B49B5-BB20-44E9-A304-32B752E40360): 3
LogDevObjectVersion:   Dev-Networking (A4E4105C-59A1-49B5-A7C5-40C4547EDFEE): 0
LogDevObjectVersion:   Dev-Online (39C831C9-5AE6-47DC-9A44-9C173E1C8E7C): 0
LogDevObjectVersion:   Dev-Physics (78F01B33-EBEA-4F98-B9B4-84EACCB95AA2): 14
LogDevObjectVersion:   Dev-Platform (6631380F-2D4D-43E0-8009-CF276956A95A): 0
LogDevObjectVersion:   Dev-Rendering (12F88B9F-8875-4AFC-A67C-D90C383ABD29): 45
LogDevObjectVersion:   Dev-Sequencer (7B5AE74C-D270-4C10-A958-57980B212A5A): 13
LogDevObjectVersion:   Dev-VR (D7296918-1DD6-4BDD-9DE2-64A83CC13884): 3
LogDevObjectVersion:   Dev-LoadTimes (C2A15278-BFE7-4AFE-6C17-90FF531DF755): 1
LogDevObjectVersion:   Private-Geometry (6EACA3D4-40EC-4CC1-B786-8BED09428FC5): 3
LogDevObjectVersion:   Dev-AnimPhys (29E575DD-E0A3-4627-9D10-D276232CDCEA): 17
LogDevObjectVersion:   Dev-Anim (AF43A65D-7FD3-4947-9873-3E8ED9C1BB05): 15
LogDevObjectVersion:   Dev-ReflectionCapture (6B266CEC-1EC7-4B8F-A30B-E4D90942FC07): 1
LogDevObjectVersion:   Dev-Automation (0DF73D61-A23F-47EA-B727-89E90C41499A): 1
LogDevObjectVersion:   FortniteMain (601D1886-AC64-4F84-AA16-D3DE0DEAC7D6): 47
LogDevObjectVersion:   FortniteRelease (E7086368-6B23-4C58-8439-1B7016265E91): 1
LogDevObjectVersion:   Dev-Enterprise (9DFFBCD6-494F-0158-E221-12823C92A888): 10
LogDevObjectVersion:   Dev-Niagara (F2AED0AC-9AFE-416F-8664-AA7FFA26D6FC): 1
LogDevObjectVersion:   Dev-Destruction (174F1F0B-B4C6-45A5-B13F-2EE8D0FB917D): 10
LogDevObjectVersion:   Dev-Physics-Ext (35F94A83-E258-406C-A318-09F59610247C): 41
LogDevObjectVersion:   Dev-PhysicsMaterial-Chaos (B68FC16E-8B1B-42E2-B453-215C058844FE): 1
LogDevObjectVersion:   Dev-CineCamera (B2E18506-4273-CFC2-A54E-F4BB758BBA07): 1
LogDevObjectVersion:   Dev-VirtualProduction (64F58936-FD1B-42BA-BA96-7289D5D0FA4E): 1
LogDevObjectVersion:   Dev-MediaFramework (6F0ED827-A609-4895-9C91-998D90180EA4): 2
LogInit: Presizing for max 25165824 objects, including 0 objects not considered by GC, pre-allocating 0 bytes for permanent pool.
LogConfig: Applying CVar settings from Section [/Script/Engine.StreamingSettings] File [C:/Users/danie/Documents/Gamedev VR/game/UE4 game/fpsgame/Saved/Config/Windows/Engine.ini]
LogConfig: Setting CVar [[s.MinBulkDataSizeForAsyncLoading:131072]]
LogConfig: Setting CVar [[s.AsyncLoadingThreadEnabled:0]]
LogConfig: Setting CVar [[s.EventDrivenLoaderEnabled:1]]
LogConfig: Setting CVar [[s.WarnIfTimeLimitExceeded:0]]
LogConfig: Setting CVar [[s.TimeLimitExceededMultiplier:1.5]]
LogConfig: Setting CVar [[s.TimeLimitExceededMinTime:0.005]]
LogConfig: Setting CVar [[s.UseBackgroundLevelStreaming:1]]
LogConfig: Setting CVar [[s.PriorityAsyncLoadingExtraTime:15.0]]
LogConfig: Setting CVar [[s.LevelStreamingActorsUpdateTimeLimit:5.0]]
LogConfig: Setting CVar [[s.PriorityLevelStreamingActorsUpdateExtraTime:5.0]]
LogConfig: Setting CVar [[s.LevelStreamingComponentsRegistrationGranularity:10]]
LogConfig: Setting CVar [[s.UnregisterComponentsTimeLimit:1.0]]
LogConfig: Setting CVar [[s.LevelStreamingComponentsUnregistrationGranularity:5]]
LogConfig: Setting CVar [[s.FlushStreamingOnExit:1]]
LogInit: Object subsystem initialized
LogConfig: Setting CVar [[con.DebugEarlyDefault:1]]
LogConfig: Setting CVar [[r.setres:1280x720]]
[2022.11.09-19.32.11:927][  0]LogConfig: Setting CVar [[con.DebugEarlyDefault:1]]
[2022.11.09-19.32.11:927][  0]LogConfig: Setting CVar [[r.setres:1280x720]]
[2022.11.09-19.32.11:927][  0]LogConfig: Applying CVar settings from Section [/Script/Engine.RendererSettings] File [C:/Users/danie/Documents/Gamedev VR/game/UE4 game/fpsgame/Saved/Config/Windows/Engine.ini]
[2022.11.09-19.32.11:928][  0]LogConfig: Setting CVar [[r.GPUCrashDebugging:0]]
[2022.11.09-19.32.11:928][  0]LogConfig: Setting CVar [[r.Mobile.DisableVertexFog:1]]
[2022.11.09-19.32.11:928][  0]LogConfig: Setting CVar [[r.Shadow.CSM.MaxMobileCascades:2]]
[2022.11.09-19.32.11:928][  0]LogConfig: Setting CVar [[r.MobileMSAA:1]]
[2022.11.09-19.32.11:929][  0]LogConfig: Setting CVar [[r.Mobile.AllowDitheredLODTransition:0]]
[2022.11.09-19.32.11:929][  0]LogConfig: Setting CVar [[r.Mobile.AllowSoftwareOcclusion:0]]
[2022.11.09-19.32.11:929][  0]LogConfig: Setting CVar [[r.Mobile.VirtualTextures:0]]
[2022.11.09-19.32.11:929][  0]LogConfig: Setting CVar [[r.DiscardUnusedQuality:0]]
[2022.11.09-19.32.11:930][  0]LogConfig: Setting CVar [[r.AllowOcclusionQueries:1]]
[2022.11.09-19.32.11:930][  0]LogConfig: Setting CVar [[r.MinScreenRadiusForLights:0.030000]]
[2022.11.09-19.32.11:930][  0]LogConfig: Setting CVar [[r.MinScreenRadiusForDepthPrepass:0.030000]]
[2022.11.09-19.32.11:930][  0]LogConfig: Setting CVar [[r.MinScreenRadiusForCSMDepth:0.010000]]
[2022.11.09-19.32.11:931][  0]LogConfig: Setting CVar [[r.PrecomputedVisibilityWarning:0]]
[2022.11.09-19.32.11:933][  0]LogConfig: Setting CVar [[r.TextureStreaming:1]]
[2022.11.09-19.32.11:933][  0]LogConfig: Setting CVar [[Compat.UseDXT5NormalMaps:0]]
[2022.11.09-19.32.11:933][  0]LogConfig: Setting CVar [[r.VirtualTextures:0]]
[2022.11.09-19.32.11:934][  0]LogConfig: Setting CVar [[r.VT.EnableAutoImport:1]]
[2022.11.09-19.32.11:934][  0]LogConfig: Setting CVar [[r.VirtualTexturedLightmaps:0]]
[2022.11.09-19.32.11:934][  0]LogConfig: Setting CVar [[r.VT.TileSize:128]]
[2022.11.09-19.32.11:935][  0]LogConfig: Setting CVar [[r.VT.TileBorderSize:4]]
[2022.11.09-19.32.11:935][  0]LogConfig: Setting CVar [[r.vt.FeedbackFactor:16]]
[2022.11.09-19.32.11:935][  0]LogConfig: Setting CVar [[r.VT.EnableCompressZlib:1]]
[2022.11.09-19.32.11:935][  0]LogConfig: Setting CVar [[r.VT.EnableCompressCrunch:0]]
[2022.11.09-19.32.11:935][  0]LogConfig: Setting CVar [[r.ClearCoatNormal:0]]
[2022.11.09-19.32.11:936][  0]LogConfig: Setting CVar [[r.ReflectionCaptureResolution:128]]
[2022.11.09-19.32.11:936][  0]LogConfig: Setting CVar [[r.Mobile.ReflectionCaptureCompression:0]]
[2022.11.09-19.32.11:936][  0]LogConfig: Setting CVar [[r.ReflectionEnvironmentLightmapMixBasedOnRoughness:1]]
[2022.11.09-19.32.11:937][  0]LogConfig: Setting CVar [[r.ForwardShading:0]]
[2022.11.09-19.32.11:937][  0]LogConfig: Setting CVar [[r.VertexFoggingForOpaque:1]]
[2022.11.09-19.32.11:937][  0]LogConfig: Setting CVar [[r.AllowStaticLighting:1]]
[2022.11.09-19.32.11:938][  0]LogConfig: Setting CVar [[r.NormalMapsForStaticLighting:0]]
[2022.11.09-19.32.11:938][  0]LogConfig: Setting CVar [[r.GenerateMeshDistanceFields:0]]
[2022.11.09-19.32.11:938][  0]LogConfig: Setting CVar [[r.DistanceFieldBuild.EightBit:0]]
[2022.11.09-19.32.11:938][  0]LogConfig: Setting CVar [[r.GenerateLandscapeGIData:0]]
[2022.11.09-19.32.11:939][  0]LogConfig: Setting CVar [[r.DistanceFieldBuild.Compress:0]]
[2022.11.09-19.32.11:939][  0]LogConfig: Setting CVar [[r.TessellationAdaptivePixelsPerTriangle:48.000000]]
[2022.11.09-19.32.11:939][  0]LogConfig: Setting CVar [[r.SeparateTranslucency:1]]
[2022.11.09-19.32.11:939][  0]LogConfig: Setting CVar [[r.TranslucentSortPolicy:0]]
[2022.11.09-19.32.11:940][  0]LogConfig: Setting CVar [[vr.VRS.HMDFixedFoveationLevel:0]]
[2022.11.09-19.32.11:940][  0]LogConfig: Setting CVar [[r.CustomDepth:1]]
[2022.11.09-19.32.11:940][  0]LogConfig: Setting CVar [[r.CustomDepthTemporalAAJitter:1]]
[2022.11.09-19.32.11:940][  0]LogConfig: Setting CVar [[r.PostProcessing.PropagateAlpha:0]]
[2022.11.09-19.32.11:941][  0]LogConfig: Setting CVar [[r.DefaultFeature.Bloom:1]]
[2022.11.09-19.32.11:941][  0]LogConfig: Setting CVar [[r.DefaultFeature.AmbientOcclusion:1]]
[2022.11.09-19.32.11:941][  0]LogConfig: Setting CVar [[r.DefaultFeature.AmbientOcclusionStaticFraction:1]]
[2022.11.09-19.32.11:941][  0]LogConfig: Setting CVar [[r.DefaultFeature.AutoExposure:0]]
[2022.11.09-19.32.11:942][  0]LogConfig: Setting CVar [[r.DefaultFeature.AutoExposure.Method:0]]
[2022.11.09-19.32.11:942][  0]LogConfig: Setting CVar [[r.DefaultFeature.AutoExposure.Bias:1.000000]]
[2022.11.09-19.32.11:942][  0]LogConfig: Setting CVar [[r.DefaultFeature.AutoExposure.ExtendDefaultLuminanceRange:0]]
[2022.11.09-19.32.11:942][  0]LogConfig: Setting CVar [[r.UsePreExposure:1]]
[2022.11.09-19.32.11:943][  0]LogConfig: Setting CVar [[r.EyeAdaptation.EditorOnly:0]]
[2022.11.09-19.32.11:943][  0]LogConfig: Setting CVar [[r.DefaultFeature.MotionBlur:0]]
[2022.11.09-19.32.11:943][  0]LogConfig: Setting CVar [[r.DefaultFeature.LensFlare:0]]
[2022.11.09-19.32.11:943][  0]LogConfig: Setting CVar [[r.TemporalAA.Upsampling:0]]
[2022.11.09-19.32.11:944][  0]LogConfig: Setting CVar [[r.SSGI.Enable:0]]
[2022.11.09-19.32.11:944][  0]LogConfig: Setting CVar [[r.DefaultFeature.AntiAliasing:0]]
[2022.11.09-19.32.11:944][  0]LogConfig: Setting CVar [[r.DefaultFeature.LightUnits:1]]
[2022.11.09-19.32.11:944][  0]LogConfig: Setting CVar [[r.DefaultBackBufferPixelFormat:4]]
[2022.11.09-19.32.11:945][  0]LogConfig: Setting CVar [[r.Shadow.UnbuiltPreviewInGame:1]]
[2022.11.09-19.32.11:945][  0]LogConfig: Setting CVar [[r.StencilForLODDither:0]]
[2022.11.09-19.32.11:945][  0]LogConfig: Setting CVar [[r.EarlyZPass:3]]
[2022.11.09-19.32.11:945][  0]LogConfig: Setting CVar [[r.EarlyZPassOnlyMaterialMasking:0]]
[2022.11.09-19.32.11:946][  0]LogConfig: Setting CVar [[r.DBuffer:1]]
[2022.11.09-19.32.11:946][  0]LogConfig: Setting CVar [[r.ClearSceneMethod:1]]
[2022.11.09-19.32.11:946][  0]LogConfig: Setting CVar [[r.BasePassOutputsVelocity:0]]
[2022.11.09-19.32.11:946][  0]LogConfig: Setting CVar [[r.VertexDeformationOutputsVelocity:0]]
[2022.11.09-19.32.11:947][  0]LogConfig: Setting CVar [[r.SelectiveBasePassOutputs:0]]
[2022.11.09-19.32.11:949][  0]LogConfig: Setting CVar [[fx.GPUSimulationTextureSizeX:1024]]
[2022.11.09-19.32.11:949][  0]LogConfig: Setting CVar [[fx.GPUSimulationTextureSizeY:1024]]
[2022.11.09-19.32.11:949][  0]LogConfig: Setting CVar [[r.AllowGlobalClipPlane:0]]
[2022.11.09-19.32.11:950][  0]LogConfig: Setting CVar [[r.GBufferFormat:1]]
[2022.11.09-19.32.11:950][  0]LogConfig: Setting CVar [[r.MorphTarget.Mode:1]]
[2022.11.09-19.32.11:950][  0]LogConfig: Setting CVar [[vr.InstancedStereo:0]]
[2022.11.09-19.32.11:951][  0]LogConfig: Setting CVar [[r.MobileHDR:1]]
[2022.11.09-19.32.11:951][  0]LogConfig: Setting CVar [[vr.MobileMultiView:0]]
[2022.11.09-19.32.11:951][  0]LogConfig: Setting CVar [[r.Mobile.UseHWsRGBEncoding:0]]
[2022.11.09-19.32.11:951][  0]LogConfig: Setting CVar [[vr.RoundRobinOcclusion:0]]
[2022.11.09-19.32.11:952][  0]LogConfig: Setting CVar [[vr.ODSCapture:0]]
[2022.11.09-19.32.11:952][  0]LogConfig: Setting CVar [[r.MeshStreaming:0]]
[2022.11.09-19.32.11:952][  0]LogConfig: Setting CVar [[r.WireframeCullThreshold:5.000000]]
[2022.11.09-19.32.11:952][  0]LogConfig: Setting CVar [[r.RayTracing:0]]
[2022.11.09-19.32.11:953][  0]LogConfig: Setting CVar [[r.RayTracing.UseTextureLod:0]]
[2022.11.09-19.32.11:953][  0]LogConfig: Setting CVar [[r.SupportStationarySkylight:1]]
[2022.11.09-19.32.11:953][  0]LogConfig: Setting CVar [[r.SupportLowQualityLightmaps:1]]
[2022.11.09-19.32.11:953][  0]LogConfig: Setting CVar [[r.SupportPointLightWholeSceneShadows:1]]
[2022.11.09-19.32.11:954][  0]LogConfig: Setting CVar [[r.SupportAtmosphericFog:1]]
[2022.11.09-19.32.11:954][  0]LogConfig: Setting CVar [[r.SupportSkyAtmosphere:1]]
[2022.11.09-19.32.11:955][  0]LogConfig: Setting CVar [[r.SupportSkyAtmosphereAffectsHeightFog:0]]
[2022.11.09-19.32.11:955][  0]LogConfig: Setting CVar [[r.SkinCache.CompileShaders:0]]
[2022.11.09-19.32.11:955][  0]LogConfig: Setting CVar [[r.SkinCache.DefaultBehavior:1]]
[2022.11.09-19.32.11:955][  0]LogConfig: Setting CVar [[r.SkinCache.SceneMemoryLimitInMB:128.000000]]
[2022.11.09-19.32.11:956][  0]LogConfig: Setting CVar [[r.Mobile.EnableStaticAndCSMShadowReceivers:1]]
[2022.11.09-19.32.11:956][  0]LogConfig: Setting CVar [[r.Mobile.EnableMovableLightCSMShaderCulling:1]]
[2022.11.09-19.32.11:956][  0]LogConfig: Setting CVar [[r.Mobile.AllowDistanceFieldShadows:1]]
[2022.11.09-19.32.11:956][  0]LogConfig: Setting CVar [[r.Mobile.AllowMovableDirectionalLights:1]]
[2022.11.09-19.32.11:957][  0]LogConfig: Setting CVar [[r.MobileNumDynamicPointLights:4]]
[2022.11.09-19.32.11:957][  0]LogConfig: Setting CVar [[r.MobileDynamicPointLightsUseStaticBranch:1]]
[2022.11.09-19.32.11:957][  0]LogConfig: Setting CVar [[r.Mobile.EnableMovableSpotlights:0]]
[2022.11.09-19.32.11:957][  0]LogConfig: Setting CVar [[r.Mobile.EnableMovableSpotlightsShadow:0]]
[2022.11.09-19.32.11:958][  0]LogConfig: Setting CVar [[r.GPUSkin.Support16BitBoneIndex:0]]
[2022.11.09-19.32.11:958][  0]LogConfig: Setting CVar [[r.GPUSkin.Limit2BoneInfluences:0]]
[2022.11.09-19.32.11:958][  0]LogConfig: Setting CVar [[r.SupportDepthOnlyIndexBuffers:1]]
[2022.11.09-19.32.11:959][  0]LogConfig: Setting CVar [[r.SupportReversedIndexBuffers:1]]
[2022.11.09-19.32.11:959][  0]LogConfig: Setting CVar [[r.LightPropagationVolume:0]]
[2022.11.09-19.32.11:959][  0]LogConfig: Setting CVar [[r.Mobile.AmbientOcclusion:0]]
[2022.11.09-19.32.11:959][  0]LogConfig: Setting CVar [[r.GPUSkin.UnlimitedBoneInfluences:0]]
[2022.11.09-19.32.11:960][  0]LogConfig: Setting CVar [[r.GPUSkin.UnlimitedBoneInfluencesThreshold:8]]
[2022.11.09-19.32.11:960][  0]LogConfig: Setting CVar [[r.Mobile.PlanarReflectionMode:0]]
[2022.11.09-19.32.11:960][  0]LogConfig: Setting CVar [[r.Mobile.SupportsGen4TAA:0]]
[2022.11.09-19.32.11:960][  0]LogConfig: Applying CVar settings from Section [/Script/Engine.RendererOverrideSettings] File [C:/Users/danie/Documents/Gamedev VR/game/UE4 game/fpsgame/Saved/Config/Windows/Engine.ini]
[2022.11.09-19.32.11:961][  0]LogConfig: Applying CVar settings from Section [/Script/Engine.StreamingSettings] File [C:/Users/danie/Documents/Gamedev VR/game/UE4 game/fpsgame/Saved/Config/Windows/Engine.ini]
[2022.11.09-19.32.11:961][  0]LogConfig: Setting CVar [[s.MinBulkDataSizeForAsyncLoading:131072]]
[2022.11.09-19.32.11:961][  0]LogConfig: Setting CVar [[s.AsyncLoadingThreadEnabled:0]]
[2022.11.09-19.32.11:962][  0]LogConfig: Setting CVar [[s.EventDrivenLoaderEnabled:1]]
[2022.11.09-19.32.11:962][  0]LogConfig: Setting CVar [[s.WarnIfTimeLimitExceeded:0]]
[2022.11.09-19.32.11:962][  0]LogConfig: Setting CVar [[s.TimeLimitExceededMultiplier:1.5]]
[2022.11.09-19.32.11:962][  0]LogConfig: Setting CVar [[s.TimeLimitExceededMinTime:0.005]]
[2022.11.09-19.32.11:963][  0]LogConfig: Setting CVar [[s.UseBackgroundLevelStreaming:1]]
[2022.11.09-19.32.11:965][  0]LogConfig: Setting CVar [[s.PriorityAsyncLoadingExtraTime:15.0]]
[2022.11.09-19.32.11:965][  0]LogConfig: Setting CVar [[s.LevelStreamingActorsUpdateTimeLimit:5.0]]
[2022.11.09-19.32.11:965][  0]LogConfig: Setting CVar [[s.PriorityLevelStreamingActorsUpdateExtraTime:5.0]]
[2022.11.09-19.32.11:965][  0]LogConfig: Setting CVar [[s.LevelStreamingComponentsRegistrationGranularity:10]]
[2022.11.09-19.32.11:965][  0]LogConfig: Setting CVar [[s.UnregisterComponentsTimeLimit:1.0]]
[2022.11.09-19.32.11:966][  0]LogConfig: Setting CVar [[s.LevelStreamingComponentsUnregistrationGranularity:5]]
[2022.11.09-19.32.11:966][  0]LogConfig: Setting CVar [[s.FlushStreamingOnExit:1]]
[2022.11.09-19.32.11:966][  0]LogConfig: Applying CVar settings from Section [/Script/Engine.GarbageCollectionSettings] File [C:/Users/danie/Documents/Gamedev VR/game/UE4 game/fpsgame/Saved/Config/Windows/Engine.ini]
[2022.11.09-19.32.11:967][  0]LogConfig: Setting CVar [[gc.MaxObjectsNotConsideredByGC:1]]
[2022.11.09-19.32.11:967][  0]LogConfig: Setting CVar [[gc.SizeOfPermanentObjectPool:0]]
[2022.11.09-19.32.11:967][  0]LogConfig: Setting CVar [[gc.FlushStreamingOnGC:0]]
[2022.11.09-19.32.11:967][  0]LogConfig: Setting CVar [[gc.NumRetriesBeforeForcingGC:10]]
[2022.11.09-19.32.11:967][  0]LogConfig: Setting CVar [[gc.AllowParallelGC:1]]
[2022.11.09-19.32.11:968][  0]LogConfig: Setting CVar [[gc.TimeBetweenPurgingPendingKillObjects:61.1]]
[2022.11.09-19.32.11:968][  0]LogConfig: Setting CVar [[gc.MaxObjectsInEditor:25165824]]
[2022.11.09-19.32.11:968][  0]LogConfig: Setting CVar [[gc.IncrementalBeginDestroyEnabled:1]]
[2022.11.09-19.32.11:968][  0]LogConfig: Setting CVar [[gc.CreateGCClusters:1]]
[2022.11.09-19.32.11:969][  0]LogConfig: Setting CVar [[gc.MinGCClusterSize:5]]
[2022.11.09-19.32.11:969][  0]LogConfig: Setting CVar [[gc.ActorClusteringEnabled:0]]
[2022.11.09-19.32.11:969][  0]LogConfig: Setting CVar [[gc.BlueprintClusteringEnabled:0]]
[2022.11.09-19.32.11:969][  0]LogConfig: Setting CVar [[gc.UseDisregardForGCOnDedicatedServers:0]]
[2022.11.09-19.32.11:970][  0]LogConfig: Setting CVar [[gc.MultithreadedDestructionEnabled:1]]
[2022.11.09-19.32.11:970][  0]LogConfig: Applying CVar settings from Section [/Script/Engine.NetworkSettings] File [C:/Users/danie/Documents/Gamedev VR/game/UE4 game/fpsgame/Saved/Config/Windows/Engine.ini]
[2022.11.09-19.32.11:970][  0]LogConfig: Applying CVar settings from Section [/Script/UnrealEd.CookerSettings] File [C:/Users/danie/Documents/Gamedev VR/game/UE4 game/fpsgame/Saved/Config/Windows/Engine.ini]
[2022.11.09-19.32.11:971][  0]LogConfig: Applying CVar settings from Section [ViewDistanceQuality@3] File [C:/Users/danie/Documents/Gamedev VR/game/UE4 game/fpsgame/Saved/Config/Windows/Scalability.ini]
[2022.11.09-19.32.11:972][  0]LogConfig: Setting CVar [[r.SkeletalMeshLODBias:0]]
[2022.11.09-19.32.11:972][  0]LogConfig: Setting CVar [[r.ViewDistanceScale:1.0]]
[2022.11.09-19.32.11:973][  0]LogConfig: Applying CVar settings from Section [AntiAliasingQuality@3] File [C:/Users/danie/Documents/Gamedev VR/game/UE4 game/fpsgame/Saved/Config/Windows/Scalability.ini]
[2022.11.09-19.32.11:973][  0]LogConfig: Setting CVar [[r.PostProcessAAQuality:4]]
[2022.11.09-19.32.11:973][  0]LogConfig: Applying CVar settings from Section [ShadowQuality@3] File [C:/Users/danie/Documents/Gamedev VR/game/UE4 game/fpsgame/Saved/Config/Windows/Scalability.ini]
[2022.11.09-19.32.11:974][  0]LogConfig: Setting CVar [[r.LightFunctionQuality:1]]
[2022.11.09-19.32.11:974][  0]LogConfig: Setting CVar [[r.ShadowQuality:5]]
[2022.11.09-19.32.11:974][  0]LogConfig: Setting CVar [[r.Shadow.CSM.MaxCascades:10]]
[2022.11.09-19.32.11:974][  0]LogConfig: Setting CVar [[r.Shadow.MaxResolution:2048]]
[2022.11.09-19.32.11:974][  0]LogConfig: Setting CVar [[r.Shadow.MaxCSMResolution:2048]]
[2022.11.09-19.32.11:975][  0]LogConfig: Setting CVar [[r.Shadow.RadiusThreshold:0.01]]
[2022.11.09-19.32.11:975][  0]LogConfig: Setting CVar [[r.Shadow.DistanceScale:1.0]]
[2022.11.09-19.32.11:975][  0]LogConfig: Setting CVar [[r.Shadow.CSM.TransitionScale:1.0]]
[2022.11.09-19.32.11:976][  0]LogConfig: Setting CVar [[r.Shadow.PreShadowResolutionFactor:1.0]]
[2022.11.09-19.32.11:976][  0]LogConfig: Setting CVar [[r.DistanceFieldShadowing:1]]
[2022.11.09-19.32.11:976][  0]LogConfig: Setting CVar [[r.DistanceFieldAO:1]]
[2022.11.09-19.32.11:976][  0]LogConfig: Setting CVar [[r.AOQuality:2]]
[2022.11.09-19.32.11:976][  0]LogConfig: Setting CVar [[r.VolumetricFog:1]]
[2022.11.09-19.32.11:977][  0]LogConfig: Setting CVar [[r.VolumetricFog.GridPixelSize:8]]
[2022.11.09-19.32.11:977][  0]LogConfig: Setting CVar [[r.VolumetricFog.GridSizeZ:128]]
[2022.11.09-19.32.11:977][  0]LogConfig: Setting CVar [[r.VolumetricFog.HistoryMissSupersampleCount:4]]
[2022.11.09-19.32.11:977][  0]LogConfig: Setting CVar [[r.LightMaxDrawDistanceScale:1]]
[2022.11.09-19.32.11:978][  0]LogConfig: Setting CVar [[r.CapsuleShadows:1]]
[2022.11.09-19.32.11:978][  0]LogConfig: Applying CVar settings from Section [PostProcessQuality@3] File [C:/Users/danie/Documents/Gamedev VR/game/UE4 game/fpsgame/Saved/Config/Windows/Scalability.ini]
[2022.11.09-19.32.11:978][  0]LogConfig: Setting CVar [[r.MotionBlurQuality:4]]
[2022.11.09-19.32.11:979][  0]LogConfig: Setting CVar [[r.AmbientOcclusionMipLevelFactor:0.4]]
[2022.11.09-19.32.11:981][  0]LogConfig: Setting CVar [[r.AmbientOcclusionMaxQuality:100]]
[2022.11.09-19.32.11:981][  0]LogConfig: Setting CVar [[r.AmbientOcclusionLevels:-1]]
[2022.11.09-19.32.11:981][  0]LogConfig: Setting CVar [[r.AmbientOcclusionRadiusScale:1.0]]
[2022.11.09-19.32.11:982][  0]LogConfig: Setting CVar [[r.DepthOfFieldQuality:2]]
[2022.11.09-19.32.11:982][  0]LogConfig: Setting CVar [[r.RenderTargetPoolMin:400]]
[2022.11.09-19.32.11:982][  0]LogConfig: Setting CVar [[r.LensFlareQuality:2]]
[2022.11.09-19.32.11:982][  0]LogConfig: Setting CVar [[r.SceneColorFringeQuality:1]]
[2022.11.09-19.32.11:983][  0]LogConfig: Setting CVar [[r.EyeAdaptationQuality:2]]
[2022.11.09-19.32.11:983][  0]LogConfig: Setting CVar [[r.BloomQuality:5]]
[2022.11.09-19.32.11:983][  0]LogConfig: Setting CVar [[r.FastBlurThreshold:100]]
[2022.11.09-19.32.11:983][  0]LogConfig: Setting CVar [[r.Upscale.Quality:3]]
[2022.11.09-19.32.11:984][  0]LogConfig: Setting CVar [[r.Tonemapper.GrainQuantization:1]]
[2022.11.09-19.32.11:984][  0]LogConfig: Setting CVar [[r.LightShaftQuality:1]]
[2022.11.09-19.32.11:984][  0]LogConfig: Setting CVar [[r.Filter.SizeScale:1]]
[2022.11.09-19.32.11:984][  0]LogConfig: Setting CVar [[r.Tonemapper.Quality:5]]
[2022.11.09-19.32.11:985][  0]LogConfig: Setting CVar [[r.DOF.Gather.AccumulatorQuality:1        ; higher gathering accumulator quality]]
[2022.11.09-19.32.11:985][  0]LogConfig: Setting CVar [[r.DOF.Gather.PostfilterMethod:1          ; Median3x3 postfilering method]]
[2022.11.09-19.32.11:985][  0]LogConfig: Setting CVar [[r.DOF.Gather.EnableBokehSettings:0       ; no bokeh simulation when gathering]]
[2022.11.09-19.32.11:985][  0]LogConfig: Setting CVar [[r.DOF.Gather.RingCount:4                 ; medium number of samples when gathering]]
[2022.11.09-19.32.11:986][  0]LogConfig: Setting CVar [[r.DOF.Scatter.ForegroundCompositing:1    ; additive foreground scattering]]
[2022.11.09-19.32.11:986][  0]LogConfig: Setting CVar [[r.DOF.Scatter.BackgroundCompositing:2    ; additive background scattering]]
[2022.11.09-19.32.11:986][  0]LogConfig: Setting CVar [[r.DOF.Scatter.EnableBokehSettings:1      ; bokeh simulation when scattering]]
[2022.11.09-19.32.11:986][  0]LogConfig: Setting CVar [[r.DOF.Scatter.MaxSpriteRatio:0.1         ; only a maximum of 10% of scattered bokeh]]
[2022.11.09-19.32.11:987][  0]LogConfig: Setting CVar [[r.DOF.Recombine.Quality:1                ; cheap slight out of focus]]
[2022.11.09-19.32.11:987][  0]LogConfig: Setting CVar [[r.DOF.Recombine.EnableBokehSettings:0    ; no bokeh simulation on slight out of focus]]
[2022.11.09-19.32.11:987][  0]LogConfig: Setting CVar [[r.DOF.TemporalAAQuality:1                ; more stable temporal accumulation]]
[2022.11.09-19.32.11:988][  0]LogConfig: Setting CVar [[r.DOF.Kernel.MaxForegroundRadius:0.025]]
[2022.11.09-19.32.11:988][  0]LogConfig: Setting CVar [[r.DOF.Kernel.MaxBackgroundRadius:0.025]]
[2022.11.09-19.32.11:988][  0]LogConfig: Applying CVar settings from Section [TextureQuality@3] File [C:/Users/danie/Documents/Gamedev VR/game/UE4 game/fpsgame/Saved/Config/Windows/Scalability.ini]
[2022.11.09-19.32.11:988][  0]LogConfig: Setting CVar [[r.Streaming.MipBias:0]]
[2022.11.09-19.32.11:989][  0]LogConfig: Setting CVar [[r.Streaming.AmortizeCPUToGPUCopy:0]]
[2022.11.09-19.32.11:989][  0]LogConfig: Setting CVar [[r.Streaming.MaxNumTexturesToStreamPerFrame:0]]
[2022.11.09-19.32.11:989][  0]LogConfig: Setting CVar [[r.Streaming.Boost:1]]
[2022.11.09-19.32.11:989][  0]LogConfig: Setting CVar [[r.MaxAnisotropy:8]]
[2022.11.09-19.32.11:990][  0]LogConfig: Setting CVar [[r.VT.MaxAnisotropy:8]]
[2022.11.09-19.32.11:990][  0]LogConfig: Setting CVar [[r.Streaming.LimitPoolSizeToVRAM:0]]
[2022.11.09-19.32.11:990][  0]LogConfig: Setting CVar [[r.Streaming.PoolSize:1000]]
[2022.11.09-19.32.11:990][  0]LogConfig: Setting CVar [[r.Streaming.MaxEffectiveScreenSize:0]]
[2022.11.09-19.32.11:991][  0]LogConfig: Applying CVar settings from Section [EffectsQuality@3] File [C:/Users/danie/Documents/Gamedev VR/game/UE4 game/fpsgame/Saved/Config/Windows/Scalability.ini]
[2022.11.09-19.32.11:991][  0]LogConfig: Setting CVar [[r.TranslucencyLightingVolumeDim:64]]
[2022.11.09-19.32.11:991][  0]LogConfig: Setting CVar [[r.RefractionQuality:2]]
[2022.11.09-19.32.11:991][  0]LogConfig: Setting CVar [[r.SSR.Quality:3]]
[2022.11.09-19.32.11:992][  0]LogConfig: Setting CVar [[r.SSR.HalfResSceneColor:0]]
[2022.11.09-19.32.11:992][  0]LogConfig: Setting CVar [[r.SceneColorFormat:4]]
[2022.11.09-19.32.11:992][  0]LogConfig: Setting CVar [[r.DetailMode:2]]
[2022.11.09-19.32.11:993][  0]LogConfig: Setting CVar [[r.TranslucencyVolumeBlur:1]]
[2022.11.09-19.32.11:993][  0]LogConfig: Setting CVar [[r.MaterialQualityLevel:1 ; High quality]]
[2022.11.09-19.32.11:993][  0]LogConfig: Setting CVar [[r.AnisotropicMaterials:1]]
[2022.11.09-19.32.11:993][  0]LogConfig: Setting CVar [[r.SSS.Scale:1]]
[2022.11.09-19.32.11:994][  0]LogConfig: Setting CVar [[r.SSS.SampleSet:2]]
[2022.11.09-19.32.11:994][  0]LogConfig: Setting CVar [[r.SSS.Quality:1]]
[2022.11.09-19.32.11:994][  0]LogConfig: Setting CVar [[r.SSS.HalfRes:0]]
[2022.11.09-19.32.11:994][  0]LogConfig: Setting CVar [[r.SSGI.Quality:3]]
[2022.11.09-19.32.11:995][  0]LogConfig: Setting CVar [[r.EmitterSpawnRateScale:1.0]]
[2022.11.09-19.32.11:997][  0]LogConfig: Setting CVar [[r.ParticleLightQuality:2]]
[2022.11.09-19.32.11:998][  0]LogConfig: Setting CVar [[r.SkyAtmosphere.AerialPerspectiveLUT.FastApplyOnOpaque:1 ; Always have FastSkyLUT 1 in this case to avoid wrong sky]]
[2022.11.09-19.32.11:998][  0]LogConfig: Setting CVar [[r.SkyAtmosphere.AerialPerspectiveLUT.SampleCountMaxPerSlice:4]]
[2022.11.09-19.32.11:999][  0]LogConfig: Setting CVar [[r.SkyAtmosphere.AerialPerspectiveLUT.DepthResolution:16.0]]
[2022.11.09-19.32.11:999][  0]LogConfig: Setting CVar [[r.SkyAtmosphere.FastSkyLUT:1]]
[2022.11.09-19.32.12:000][  0]LogConfig: Setting CVar [[r.SkyAtmosphere.FastSkyLUT.SampleCountMin:4.0]]
[2022.11.09-19.32.12:000][  0]LogConfig: Setting CVar [[r.SkyAtmosphere.FastSkyLUT.SampleCountMax:128.0]]
[2022.11.09-19.32.12:000][  0]LogConfig: Setting CVar [[r.SkyAtmosphere.SampleCountMin:4.0]]
[2022.11.09-19.32.12:001][  0]LogConfig: Setting CVar [[r.SkyAtmosphere.SampleCountMax:128.0]]
[2022.11.09-19.32.12:001][  0]LogConfig: Setting CVar [[r.SkyAtmosphere.TransmittanceLUT.UseSmallFormat:0]]
[2022.11.09-19.32.12:001][  0]LogConfig: Setting CVar [[r.SkyAtmosphere.TransmittanceLUT.SampleCount:10.0]]
[2022.11.09-19.32.12:001][  0]LogConfig: Setting CVar [[r.SkyAtmosphere.MultiScatteringLUT.SampleCount:15.0]]
[2022.11.09-19.32.12:002][  0]LogConfig: Setting CVar [[r.SkyLight.RealTimeReflectionCapture:1]]
[2022.11.09-19.32.12:002][  0]LogConfig: Applying CVar settings from Section [FoliageQuality@3] File [C:/Users/danie/Documents/Gamedev VR/game/UE4 game/fpsgame/Saved/Config/Windows/Scalability.ini]
[2022.11.09-19.32.12:002][  0]LogConfig: Setting CVar [[foliage.DensityScale:1.0]]
[2022.11.09-19.32.12:002][  0]LogConfig: Setting CVar [[grass.DensityScale:1.0]]
[2022.11.09-19.32.12:003][  0]LogConfig: Applying CVar settings from Section [ShadingQuality@3] File [C:/Users/danie/Documents/Gamedev VR/game/UE4 game/fpsgame/Saved/Config/Windows/Scalability.ini]
[2022.11.09-19.32.12:003][  0]LogConfig: Setting CVar [[r.HairStrands.SkyLighting.IntegrationType:2]]
[2022.11.09-19.32.12:003][  0]LogConfig: Setting CVar [[r.HairStrands.SkyAO.SampleCount:4]]
[2022.11.09-19.32.12:003][  0]LogConfig: Setting CVar [[r.HairStrands.Visibility.MSAA.SamplePerPixel:4]]
[2022.11.09-19.32.12:004][  0]LogInit: Selected Device Profile: [Windows]
[2022.11.09-19.32.12:004][  0]LogInit: Applying CVar settings loaded from the selected device profile: [Windows]
[2022.11.09-19.32.12:004][  0]LogHAL: Display: Platform has ~ 16 GB [17128247296 / 17179869184 / 16], which maps to Larger [LargestMinGB=32, LargerMinGB=12, DefaultMinGB=8, SmallerMinGB=6, SmallestMinGB=0)
[2022.11.09-19.32.12:005][  0]LogInit: Going up to parent DeviceProfile []
[2022.11.09-19.32.12:005][  0]LogConfig: Applying CVar settings from Section [ViewDistanceQuality@3] File [C:/Users/danie/Documents/Gamedev VR/game/UE4 game/fpsgame/Saved/Config/Windows/Scalability.ini]
[2022.11.09-19.32.12:005][  0]LogConfig: Setting CVar [[r.SkeletalMeshLODBias:0]]
[2022.11.09-19.32.12:006][  0]LogConfig: Setting CVar [[r.ViewDistanceScale:1.0]]
[2022.11.09-19.32.12:006][  0]LogConfig: Applying CVar settings from Section [AntiAliasingQuality@3] File [C:/Users/danie/Documents/Gamedev VR/game/UE4 game/fpsgame/Saved/Config/Windows/Scalability.ini]
[2022.11.09-19.32.12:006][  0]LogConfig: Setting CVar [[r.PostProcessAAQuality:4]]
[2022.11.09-19.32.12:006][  0]LogConfig: Applying CVar settings from Section [ShadowQuality@3] File [C:/Users/danie/Documents/Gamedev VR/game/UE4 game/fpsgame/Saved/Config/Windows/Scalability.ini]
[2022.11.09-19.32.12:007][  0]LogConfig: Setting CVar [[r.LightFunctionQuality:1]]
[2022.11.09-19.32.12:007][  0]LogConfig: Setting CVar [[r.ShadowQuality:5]]
[2022.11.09-19.32.12:007][  0]LogConfig: Setting CVar [[r.Shadow.CSM.MaxCascades:10]]
[2022.11.09-19.32.12:007][  0]LogConfig: Setting CVar [[r.Shadow.MaxResolution:2048]]
[2022.11.09-19.32.12:008][  0]LogConfig: Setting CVar [[r.Shadow.MaxCSMResolution:2048]]
[2022.11.09-19.32.12:008][  0]LogConfig: Setting CVar [[r.Shadow.RadiusThreshold:0.01]]
[2022.11.09-19.32.12:008][  0]LogConfig: Setting CVar [[r.Shadow.DistanceScale:1.0]]
[2022.11.09-19.32.12:008][  0]LogConfig: Setting CVar [[r.Shadow.CSM.TransitionScale:1.0]]
[2022.11.09-19.32.12:009][  0]LogConfig: Setting CVar [[r.Shadow.PreShadowResolutionFactor:1.0]]
[2022.11.09-19.32.12:009][  0]LogConfig: Setting CVar [[r.DistanceFieldShadowing:1]]
[2022.11.09-19.32.12:009][  0]LogConfig: Setting CVar [[r.DistanceFieldAO:1]]
[2022.11.09-19.32.12:010][  0]LogConfig: Setting CVar [[r.AOQuality:2]]
[2022.11.09-19.32.12:010][  0]LogConfig: Setting CVar [[r.VolumetricFog:1]]
[2022.11.09-19.32.12:010][  0]LogConfig: Setting CVar [[r.VolumetricFog.GridPixelSize:8]]
[2022.11.09-19.32.12:010][  0]LogConfig: Setting CVar [[r.VolumetricFog.GridSizeZ:128]]
[2022.11.09-19.32.12:010][  0]LogConfig: Setting CVar [[r.VolumetricFog.HistoryMissSupersampleCount:4]]
[2022.11.09-19.32.12:011][  0]LogConfig: Setting CVar [[r.LightMaxDrawDistanceScale:1]]
[2022.11.09-19.32.12:013][  0]LogConfig: Setting CVar [[r.CapsuleShadows:1]]
[2022.11.09-19.32.12:013][  0]LogConfig: Applying CVar settings from Section [PostProcessQuality@3] File [C:/Users/danie/Documents/Gamedev VR/game/UE4 game/fpsgame/Saved/Config/Windows/Scalability.ini]
[2022.11.09-19.32.12:013][  0]LogConfig: Setting CVar [[r.MotionBlurQuality:4]]
[2022.11.09-19.32.12:014][  0]LogConfig: Setting CVar [[r.AmbientOcclusionMipLevelFactor:0.4]]
[2022.11.09-19.32.12:014][  0]LogConfig: Setting CVar [[r.AmbientOcclusionMaxQuality:100]]
[2022.11.09-19.32.12:014][  0]LogConfig: Setting CVar [[r.AmbientOcclusionLevels:-1]]
[2022.11.09-19.32.12:015][  0]LogConfig: Setting CVar [[r.AmbientOcclusionRadiusScale:1.0]]
[2022.11.09-19.32.12:015][  0]LogConfig: Setting CVar [[r.DepthOfFieldQuality:2]]
[2022.11.09-19.32.12:015][  0]LogConfig: Setting CVar [[r.RenderTargetPoolMin:400]]
[2022.11.09-19.32.12:015][  0]LogConfig: Setting CVar [[r.LensFlareQuality:2]]
[2022.11.09-19.32.12:016][  0]LogConfig: Setting CVar [[r.SceneColorFringeQuality:1]]
[2022.11.09-19.32.12:016][  0]LogConfig: Setting CVar [[r.EyeAdaptationQuality:2]]
[2022.11.09-19.32.12:016][  0]LogConfig: Setting CVar [[r.BloomQuality:5]]
[2022.11.09-19.32.12:016][  0]LogConfig: Setting CVar [[r.FastBlurThreshold:100]]
[2022.11.09-19.32.12:017][  0]LogConfig: Setting CVar [[r.Upscale.Quality:3]]
[2022.11.09-19.32.12:017][  0]LogConfig: Setting CVar [[r.Tonemapper.GrainQuantization:1]]
[2022.11.09-19.32.12:017][  0]LogConfig: Setting CVar [[r.LightShaftQuality:1]]
[2022.11.09-19.32.12:017][  0]LogConfig: Setting CVar [[r.Filter.SizeScale:1]]
[2022.11.09-19.32.12:018][  0]LogConfig: Setting CVar [[r.Tonemapper.Quality:5]]
[2022.11.09-19.32.12:018][  0]LogConfig: Setting CVar [[r.DOF.Gather.AccumulatorQuality:1        ; higher gathering accumulator quality]]
[2022.11.09-19.32.12:018][  0]LogConfig: Setting CVar [[r.DOF.Gather.PostfilterMethod:1          ; Median3x3 postfilering method]]
[2022.11.09-19.32.12:018][  0]LogConfig: Setting CVar [[r.DOF.Gather.EnableBokehSettings:0       ; no bokeh simulation when gathering]]
[2022.11.09-19.32.12:019][  0]LogConfig: Setting CVar [[r.DOF.Gather.RingCount:4                 ; medium number of samples when gathering]]
[2022.11.09-19.32.12:019][  0]LogConfig: Setting CVar [[r.DOF.Scatter.ForegroundCompositing:1    ; additive foreground scattering]]
[2022.11.09-19.32.12:019][  0]LogConfig: Setting CVar [[r.DOF.Scatter.BackgroundCompositing:2    ; additive background scattering]]
[2022.11.09-19.32.12:020][  0]LogConfig: Setting CVar [[r.DOF.Scatter.EnableBokehSettings:1      ; bokeh simulation when scattering]]
[2022.11.09-19.32.12:020][  0]LogConfig: Setting CVar [[r.DOF.Scatter.MaxSpriteRatio:0.1         ; only a maximum of 10% of scattered bokeh]]
[2022.11.09-19.32.12:021][  0]LogConfig: Setting CVar [[r.DOF.Recombine.Quality:1                ; cheap slight out of focus]]
[2022.11.09-19.32.12:021][  0]LogConfig: Setting CVar [[r.DOF.Recombine.EnableBokehSettings:0    ; no bokeh simulation on slight out of focus]]
[2022.11.09-19.32.12:022][  0]LogConfig: Setting CVar [[r.DOF.TemporalAAQuality:1                ; more stable temporal accumulation]]
[2022.11.09-19.32.12:022][  0]LogConfig: Setting CVar [[r.DOF.Kernel.MaxForegroundRadius:0.025]]
[2022.11.09-19.32.12:022][  0]LogConfig: Setting CVar [[r.DOF.Kernel.MaxBackgroundRadius:0.025]]
[2022.11.09-19.32.12:022][  0]LogConfig: Applying CVar settings from Section [TextureQuality@3] File [C:/Users/danie/Documents/Gamedev VR/game/UE4 game/fpsgame/Saved/Config/Windows/Scalability.ini]
[2022.11.09-19.32.12:022][  0]LogConfig: Setting CVar [[r.Streaming.MipBias:0]]
[2022.11.09-19.32.12:023][  0]LogConfig: Setting CVar [[r.Streaming.AmortizeCPUToGPUCopy:0]]
[2022.11.09-19.32.12:023][  0]LogConfig: Setting CVar [[r.Streaming.MaxNumTexturesToStreamPerFrame:0]]
[2022.11.09-19.32.12:023][  0]LogConfig: Setting CVar [[r.Streaming.Boost:1]]
[2022.11.09-19.32.12:023][  0]LogConfig: Setting CVar [[r.MaxAnisotropy:8]]
[2022.11.09-19.32.12:024][  0]LogConfig: Setting CVar [[r.VT.MaxAnisotropy:8]]
[2022.11.09-19.32.12:024][  0]LogConfig: Setting CVar [[r.Streaming.LimitPoolSizeToVRAM:0]]
[2022.11.09-19.32.12:024][  0]LogConfig: Setting CVar [[r.Streaming.PoolSize:1000]]
[2022.11.09-19.32.12:024][  0]LogConfig: Setting CVar [[r.Streaming.MaxEffectiveScreenSize:0]]
[2022.11.09-19.32.12:025][  0]LogConfig: Applying CVar settings from Section [EffectsQuality@3] File [C:/Users/danie/Documents/Gamedev VR/game/UE4 game/fpsgame/Saved/Config/Windows/Scalability.ini]
[2022.11.09-19.32.12:025][  0]LogConfig: Setting CVar [[r.TranslucencyLightingVolumeDim:64]]
[2022.11.09-19.32.12:025][  0]LogConfig: Setting CVar [[r.RefractionQuality:2]]
[2022.11.09-19.32.12:026][  0]LogConfig: Setting CVar [[r.SSR.Quality:3]]
[2022.11.09-19.32.12:026][  0]LogConfig: Setting CVar [[r.SSR.HalfResSceneColor:0]]
[2022.11.09-19.32.12:026][  0]LogConfig: Setting CVar [[r.SceneColorFormat:4]]
[2022.11.09-19.32.12:026][  0]LogConfig: Setting CVar [[r.DetailMode:2]]
[2022.11.09-19.32.12:027][  0]LogConfig: Setting CVar [[r.TranslucencyVolumeBlur:1]]
[2022.11.09-19.32.12:029][  0]LogConfig: Setting CVar [[r.MaterialQualityLevel:1 ; High quality]]
[2022.11.09-19.32.12:029][  0]LogConfig: Setting CVar [[r.AnisotropicMaterials:1]]
[2022.11.09-19.32.12:029][  0]LogConfig: Setting CVar [[r.SSS.Scale:1]]
[2022.11.09-19.32.12:029][  0]LogConfig: Setting CVar [[r.SSS.SampleSet:2]]
[2022.11.09-19.32.12:030][  0]LogConfig: Setting CVar [[r.SSS.Quality:1]]
[2022.11.09-19.32.12:030][  0]LogConfig: Setting CVar [[r.SSS.HalfRes:0]]
[2022.11.09-19.32.12:030][  0]LogConfig: Setting CVar [[r.SSGI.Quality:3]]
[2022.11.09-19.32.12:031][  0]LogConfig: Setting CVar [[r.EmitterSpawnRateScale:1.0]]
[2022.11.09-19.32.12:031][  0]LogConfig: Setting CVar [[r.ParticleLightQuality:2]]
[2022.11.09-19.32.12:031][  0]LogConfig: Setting CVar [[r.SkyAtmosphere.AerialPerspectiveLUT.FastApplyOnOpaque:1 ; Always have FastSkyLUT 1 in this case to avoid wrong sky]]
[2022.11.09-19.32.12:032][  0]LogConfig: Setting CVar [[r.SkyAtmosphere.AerialPerspectiveLUT.SampleCountMaxPerSlice:4]]
[2022.11.09-19.32.12:032][  0]LogConfig: Setting CVar [[r.SkyAtmosphere.AerialPerspectiveLUT.DepthResolution:16.0]]
[2022.11.09-19.32.12:032][  0]LogConfig: Setting CVar [[r.SkyAtmosphere.FastSkyLUT:1]]
[2022.11.09-19.32.12:032][  0]LogConfig: Setting CVar [[r.SkyAtmosphere.FastSkyLUT.SampleCountMin:4.0]]
[2022.11.09-19.32.12:032][  0]LogConfig: Setting CVar [[r.SkyAtmosphere.FastSkyLUT.SampleCountMax:128.0]]
[2022.11.09-19.32.12:033][  0]LogConfig: Setting CVar [[r.SkyAtmosphere.SampleCountMin:4.0]]
[2022.11.09-19.32.12:033][  0]LogConfig: Setting CVar [[r.SkyAtmosphere.SampleCountMax:128.0]]
[2022.11.09-19.32.12:033][  0]LogConfig: Setting CVar [[r.SkyAtmosphere.TransmittanceLUT.UseSmallFormat:0]]
[2022.11.09-19.32.12:033][  0]LogConfig: Setting CVar [[r.SkyAtmosphere.TransmittanceLUT.SampleCount:10.0]]
[2022.11.09-19.32.12:034][  0]LogConfig: Setting CVar [[r.SkyAtmosphere.MultiScatteringLUT.SampleCount:15.0]]
[2022.11.09-19.32.12:034][  0]LogConfig: Setting CVar [[r.SkyLight.RealTimeReflectionCapture:1]]
[2022.11.09-19.32.12:034][  0]LogConfig: Applying CVar settings from Section [FoliageQuality@3] File [C:/Users/danie/Documents/Gamedev VR/game/UE4 game/fpsgame/Saved/Config/Windows/Scalability.ini]
[2022.11.09-19.32.12:034][  0]LogConfig: Setting CVar [[foliage.DensityScale:1.0]]
[2022.11.09-19.32.12:035][  0]LogConfig: Setting CVar [[grass.DensityScale:1.0]]
[2022.11.09-19.32.12:035][  0]LogConfig: Applying CVar settings from Section [ShadingQuality@3] File [C:/Users/danie/Documents/Gamedev VR/game/UE4 game/fpsgame/Saved/Config/Windows/Scalability.ini]
[2022.11.09-19.32.12:035][  0]LogConfig: Setting CVar [[r.HairStrands.SkyLighting.IntegrationType:2]]
[2022.11.09-19.32.12:035][  0]LogConfig: Setting CVar [[r.HairStrands.SkyAO.SampleCount:4]]
[2022.11.09-19.32.12:036][  0]LogConfig: Setting CVar [[r.HairStrands.Visibility.MSAA.SamplePerPixel:4]]
[2022.11.09-19.32.12:036][  0]LogConfig: Applying CVar settings from Section [Startup] File [../../../Engine/Config/ConsoleVariables.ini]
[2022.11.09-19.32.12:037][  0]LogConfig: Setting CVar [[net.UseAdaptiveNetUpdateFrequency:0]]
[2022.11.09-19.32.12:037][  0]LogConfig: Setting CVar [[p.chaos.AllowCreatePhysxBodies:1]]
[2022.11.09-19.32.12:037][  0]LogConfig: Setting CVar [[fx.SkipVectorVMBackendOptimizations:1]]
[2022.11.09-19.32.12:038][  0]LogConfig: Applying CVar settings from Section [ConsoleVariables] File [C:/Users/danie/Documents/Gamedev VR/game/UE4 game/fpsgame/Saved/Config/Windows/Engine.ini]
[2022.11.09-19.32.12:038][  0]LogConfig: Applying CVar settings from Section [ConsoleVariables] File [C:/Users/danie/Documents/Gamedev VR/game/UE4 game/fpsgame/Saved/Config/Windows/Editor.ini]
[2022.11.09-19.32.12:038][  0]LogInit: Computer: DESKTOP-QG36584
[2022.11.09-19.32.12:039][  0]LogInit: User: danie
[2022.11.09-19.32.12:039][  0]LogInit: CPU Page size=4096, Cores=6
[2022.11.09-19.32.12:040][  0]LogInit: High frequency timer resolution =10.000000 MHz
[2022.11.09-19.32.12:040][  0]LogMemory: Memory total: Physical=16.0GB (16GB approx)
[2022.11.09-19.32.12:040][  0]LogMemory: Platform Memory Stats for Windows
[2022.11.09-19.32.12:040][  0]LogMemory: Process Physical Memory: 137.12 MB used, 137.12 MB peak
[2022.11.09-19.32.12:040][  0]LogMemory: Process Virtual Memory: 119.40 MB used, 119.40 MB peak
[2022.11.09-19.32.12:041][  0]LogMemory: Physical Memory: 9848.77 MB used,  6486.00 MB free, 16334.77 MB total
[2022.11.09-19.32.12:041][  0]LogMemory: Virtual Memory: 134213960.00 MB used,  3771.75 MB free, 134217728.00 MB total
[2022.11.09-19.32.12:043][  0]LogWindows: WindowsPlatformFeatures disabled or dedicated server build
[2022.11.09-19.32.12:054][  0]LogInit: Physics initialised using underlying interface: PhysX
[2022.11.09-19.32.12:054][  0]LogInit: Using OS detected language (en-US).
[2022.11.09-19.32.12:054][  0]LogInit: Using OS detected locale (en-GB).
[2022.11.09-19.32.12:057][  0]LogTextLocalizationManager: No specific localization for 'en-US' exists, so the 'en' localization will be used.
[2022.11.09-19.32.12:447][  0]LogTargetPlatformManager: Display: Loaded TargetPlatform 'WindowsNoEditor'
[2022.11.09-19.32.12:450][  0]LogTargetPlatformManager: Display: Loaded TargetPlatform 'Windows'
[2022.11.09-19.32.12:453][  0]LogTargetPlatformManager: Display: Loaded TargetPlatform 'WindowsClient'
[2022.11.09-19.32.12:456][  0]LogTargetPlatformManager: Display: Loaded TargetPlatform 'WindowsServer'
[2022.11.09-19.32.12:457][  0]LogTargetPlatformManager: Display: Building Assets For Windows
[2022.11.09-19.32.12:460][  0]LogAudioDebug: Display: Lib vorbis DLL was dynamically loaded.
[2022.11.09-19.32.12:475][  0]LogTextureFormatOodle: Display: Oodle Texture 2.9.0 init RDO Off
[2022.11.09-19.32.12:485][  0]LogRendererCore: Ray tracing is disabled. Reason: r.RayTracing=0.
[2022.11.09-19.32.12:485][  0]LogShaderCompilers: Guid format shader working directory is -27 characters bigger than the processId version (../../../../../../Users/danie/Documents/Gamedev VR/game/UE4 game/fpsgame/Intermediate/Shaders/WorkingDirectory/11100/).
[2022.11.09-19.32.12:486][  0]LogShaderCompilers: Cleaned the shader compiler working directory 'C:/Users/danie/AppData/Local/Temp/UnrealShaderWorkingDir/75E19D79420529D51FB26FAF55600AE2/'.
[2022.11.09-19.32.12:486][  0]LogXGEController: Cannot use XGE Controller as Incredibuild is not installed on this machine.
[2022.11.09-19.32.12:487][  0]LogShaderCompilers: Cannot use XGE Shader Compiler as Incredibuild is not installed on this machine.
[2022.11.09-19.32.12:487][  0]LogShaderCompilers: Display: Using Local Shader Compiler.
[2022.11.09-19.32.12:913][  0]LogDerivedDataCache: Display: Max Cache Size: 512 MB
[2022.11.09-19.32.12:958][  0]LogDerivedDataCache: Loaded boot cache 0.05s 94MB C:/Users/danie/AppData/Local/UnrealEngine/4.27/DerivedDataCache/Boot.ddc.
[2022.11.09-19.32.12:958][  0]LogDerivedDataCache: Display: Loaded Boot cache: C:/Users/danie/AppData/Local/UnrealEngine/4.27/DerivedDataCache/Boot.ddc
[2022.11.09-19.32.12:959][  0]LogDerivedDataCache: FDerivedDataBackendGraph:  Pak pak cache file ../../../../../../Users/danie/Documents/Gamedev VR/game/UE4 game/fpsgame/DerivedDataCache/DDC.ddp not found, will not use a pak cache.
[2022.11.09-19.32.12:959][  0]LogDerivedDataCache: Unable to find inner node Pak for hierarchical cache Hierarchy.
[2022.11.09-19.32.12:959][  0]LogDerivedDataCache: FDerivedDataBackendGraph:  CompressedPak pak cache file ../../../../../../Users/danie/Documents/Gamedev VR/game/UE4 game/fpsgame/DerivedDataCache/Compressed.ddp not found, will not use a pak cache.
[2022.11.09-19.32.12:959][  0]LogDerivedDataCache: Unable to find inner node CompressedPak for hierarchical cache Hierarchy.
[2022.11.09-19.32.12:977][  0]LogDerivedDataCache: Display: Pak cache opened for reading ../../../Engine/DerivedDataCache/Compressed.ddp.
[2022.11.09-19.32.12:977][  0]LogDerivedDataCache: FDerivedDataBackendGraph:  EnterprisePak pak cache file ../../../Enterprise/DerivedDataCache/Compressed.ddp not found, will not use a pak cache.
[2022.11.09-19.32.12:977][  0]LogDerivedDataCache: Unable to find inner node EnterprisePak for hierarchical cache Hierarchy.
[2022.11.09-19.32.12:986][  0]LogDerivedDataCache: Speed tests for C:/Users/danie/AppData/Local/UnrealEngine/Common/DerivedDataCache took 0.01 seconds
[2022.11.09-19.32.12:986][  0]LogDerivedDataCache: Display: Performance to C:/Users/danie/AppData/Local/UnrealEngine/Common/DerivedDataCache: Latency=0.03ms. RandomReadSpeed=406.83MBs, RandomWriteSpeed=161.64MBs. Assigned SpeedClass 'Local'
[2022.11.09-19.32.12:987][  0]LogDerivedDataCache: Using Local data cache path C:/Users/danie/AppData/Local/UnrealEngine/Common/DerivedDataCache: Writable
[2022.11.09-19.32.12:988][  0]LogDerivedDataCache: Shared data cache path not found in *engine.ini, will not use an Shared cache.
[2022.11.09-19.32.12:989][  0]LogDerivedDataCache: Unable to find inner node Shared for hierarchical cache Hierarchy.
[2022.11.09-19.32.12:990][  0]LogInit: Using OS detected language (en-US).
[2022.11.09-19.32.12:990][  0]LogInit: Using OS detected locale (en-GB).
[2022.11.09-19.32.12:991][  0]LogTextLocalizationManager: No localization for 'en-US' exists, so 'en' will be used for the language.
[2022.11.09-19.32.12:991][  0]LogTextLocalizationManager: No localization for 'en-GB' exists, so 'en' will be used for the locale.
[2022.11.09-19.32.12:994][  0]LogTextLocalizationManager: Compacting localization data took   0.00ms
[2022.11.09-19.32.12:994][  0]LogAssetRegistry: FAssetRegistry took 0.0020 seconds to start up
[2022.11.09-19.32.13:133][  0]LogPackageLocalizationCache: Processed 27 localized package path(s) for 1 prioritized culture(s) in 0.001131 seconds
[2022.11.09-19.32.13:208][  0]LogInit: Selected Device Profile: [Windows]
[2022.11.09-19.32.13:209][  0]LogInit: Active device profile: [000001872AD94500][000001872A34D880 49] Windows
[2022.11.09-19.32.13:209][  0]LogInit: Profiles: [000001872AD94500][000001872A34D880 49] Windows, [000001872AD93600][000001872A35BB40 49] WindowsNoEditor, [000001872AD90100][000001872A350240 49] WindowsServer, [000001872AD97000][000001872A35E4C0 49] WindowsClient, [000001872AD94200][000001872A366780 49] IOS, [000001872ADAFD00][000001872A36AA40 49] iPadAir, [000001872AD97A00][000001872A36ED00 49] iPadAir2, [000001872AD34200][000001872A389240 49] IPadPro, [000001872AD2FF00][000001872A373280 49] iPadAir3, [000001872AD91000][000001872A381540 49] iPadAir4, [000001872AD2C500][000001872A37D800 49] iPadMini2, [000001872AD90200][000001872A385AC0 49] iPadMini3, [000001872AD2D200][000001872A392200 49] iPadMini4, [000001872AD93800][000001872A362480 49] iPadMini5, [000001872ADAD600][000001872A3AA980 49] iPhone6, [000001872ADAD700][000001872A3969C0 49] iPodTouch6, [000001872AD2E100][000001872A3B2F00 49] iPhone7, [000001872AD2E200][000001872A3A2F40 49] iPodTouch7, [000001872ADAE600][000001872A3A7200 49] iPhone5S, [000001872AD2F100][000001872A39F4C0 49] iPhone6Plus, [000001872ADAFB00][000001872A3AF780 49] iPhone6S, [000001872AD2EB00][000001872A3B7A40 49] iPhone6SPlus, [000001872ADACA00][000001872A3BA180 49] iPhone7Plus, [000001872AD2EF00][000001872A3BE440 49] iPhoneSE, [000001872ADAD000][000001872A39A6C0 49] iPhone8, [000001872AD2FC00][000001872A3C2940 49] iPhone8Plus, [000001872ADAF200][000001872A3CAC00 49] iPhoneX, [000001872AD2EC00][000001872A3CEEC0 49] iPhoneXS, [000001872ADAEB00][000001872A3D3180 49] iPhoneXSMax, [000001872AD2E900][000001872A3D7440 49] iPhoneXR, [000001872ADAEF00][000001872A3DB700 49] iPhone11, [000001872AD2CA00][000001872A3DF9C0 49] iPhone11Pro, [000001872ADAFE00][000001872A3E2100 49] iPhone11ProMax, [000001872AD2D400][000001872A3E63C0 49] iPhoneSE2, [000001872ADAFF00][000001872A3EA680 49] iPhone12Mini, [000001872AD2FD00][000001872A3C6900 49] iPhone12, [000001872ADAD200][000001872A3EEB80 49] iPhone12Pro, [000001872AD2F500][000001872A3F6E40 49] iPhone12ProMax, [000001872ADAC200][000001872A3FB100 49] iPadPro105, [000001872AD2DA00][000001872A3FF3C0 49] iPadPro129, [000001872ADACD00][000001872A403680 49] iPadPro97, [000001872AD2C900][000001872A407940 49] iPadPro2_129, [000001872ADADA00][000001872A40BC00 49] iPad5, [000001872AD2DC00][000001872A40E340 49] iPad6, [000001872ADAF900][000001872A412600 49] iPad7, [000001872AD2E600][000001872A4168C0 49] iPad8, [000001872ADAF000][000001872A3F2B40 49] iPadPro11, [000001872AD2D500][000001872A41ADC0 49] iPadPro2_11, [000001872ADAE100][000001872A423080 49] iPadPro3_129, [000001872AD2DD00][000001872A427340 49] iPadPro4_129, [000001872ADAE400][000001872A42B600 49] AppleTV, [000001872AD2EE00][000001872A42F8C0 49] AppleTV4K, [000001872ADAC500][000001872A433B80 49] TVOS, [000001872AD2FA00][000001872A4362C0 49] Mac, [000001872ADAE900][000001872A43A580 49] MacClient, [000001872AD2D700][000001872A43E840 49] MacNoEditor, [000001872ADAD100][000001872A442B00 49] MacServer, [000001872AD2FB00][000001872A41ED80 49] Linux, [000001872ADAC600][000001872A447000 49] LinuxAArch64, [000001872AD2C400][000001872A44F2C0 49] LinuxNoEditor, [000001872ADAE200][000001872A453580 49] LinuxAArch64NoEditor, [000001872AD94100][000001872A457840 49] LinuxClient, [000001872AD34700][000001872A45BB00 49] LinuxAArch64Client, [000001872AD95900][000001872A45E240 49] LinuxServer, [000001872AD34A00][000001872A462500 49] LinuxAArch64Server, [000001872AD96D00][000001872A4667C0 49] Android, [000001872AD35400][000001872A46AA80 49] Android_Low, [000001872AD95100][000001872A46ED40 49] Android_Mid, [000001872AD34E00][000001872A44AFC0 49] Android_High, [000001872AD94800][000001872A473240 49] Android_Default, [000001872AD36600][000001872A47B500 49] Android_Adreno4xx, [000001872AD95400][0000018729C717C0 49] Android_Adreno5xx_Low, [000001872AD36400][0000018729C75A80 49] Android_Adreno5xx, [000001872AD94700][0000018729C781C0 49] Android_Adreno6xx, [000001872AD36C00][0000018729C7C480 49] Android_Adreno6xx_Vulkan, [000001872AD97B00][0000018729C80740 49] Android_Mali_T6xx, [000001872AD34500][0000018729C84A00 49] Android_Mali_T7xx, [000001872AD94300][0000018729C88CC0 49] Android_Mali_T8xx, [000001872AD37000][0000018729C8CF80 49] Android_Mali_G71, [000001872AD96900][000001872A477200 49] Android_Mali_G72, [000001872AD36500][0000018729C954C0 49] Android_Mali_G72_Vulkan, [000001872AD95B00][0000018729C99780 49] Android_Mali_G76, [000001872AD37100][0000018729C9DA40 49] Android_Mali_G76_Vulkan, [000001872AD95E00][0000018729CA0180 49] Android_Mali_G77, [000001872AD37B00][0000018729CA4440 49] Android_Mali_G77_Vulkan, [000001872AD97C00][0000018729CA8700 49] Android_Mali_G78, [000001872AD37F00][0000018729CAC9C0 49] Android_Mali_G78_Vulkan, [000001872AD96400][0000018729CB0C80 49] Android_Mali_G710, [000001872AD35300][0000018729CB4F40 49] Android_Mali_G710_Vulkan, [000001872AD97100][0000018729C911C0 49] Android_Vulkan_SM5, [000001872AD2E400][0000018729CB9440 49] Android_PowerVR_G6xxx, [000001872AD95D00][0000018729CC1700 49] Android_PowerVR_GT7xxx, [000001872AD2C100][0000018729CC59C0 49] Android_PowerVR_GE8xxx, [000001872AD97200][0000018729CC8100 49] Android_PowerVR_GM9xxx, [000001872AD2C300][0000018729CCC3C0 49] Android_PowerVR_GM9xxx_Vulkan, [000001872AD97300][0000018729CD0680 49] Android_TegraK1, [000001872AD2D600][0000018729CD4940 49] Android_Unknown_Vulkan, [000001872AD96000][0000018729CD8C00 49] Lumin, [000001872AD2CB00][0000018729CDCEC0 49] Lumin_Desktop, [000001872AD94D00][0000018729CE1180 49] HoloLens, 
[2022.11.09-19.32.13:228][  0]LogMeshReduction: Using QuadricMeshReduction for automatic static mesh reduction
[2022.11.09-19.32.13:228][  0]LogMeshReduction: Using SimplygonMeshReduction for automatic skeletal mesh reduction
[2022.11.09-19.32.13:228][  0]LogMeshReduction: Using ProxyLODMeshReduction for automatic mesh merging
[2022.11.09-19.32.13:228][  0]LogMeshReduction: No distributed automatic mesh merging module available
[2022.11.09-19.32.13:229][  0]LogMeshMerging: No distributed automatic mesh merging module available
[2022.11.09-19.32.13:238][  0]LogNetVersion: fpsgame 1.0.0, NetCL: 17155196, EngineNetVer: 17, GameNetVer: 0 (Checksum: 3215450660)
[2022.11.09-19.32.13:323][  0]LogTexture: Default maximum texture size for cubemaps generated from long-lat sources has been changed from 512 to unlimited. In order to preserve old behaiour for '/Engine/MapTemplates/Sky/DaylightAmbientCubemap.DaylightAmbientCubemap', its maximum texture size has been explicitly set to 512.
[2022.11.09-19.32.13:337][  0]LogHMD: PokeAHoleMaterial loaded successfully
[2022.11.09-19.32.13:395][  0]LogPython: Using Python 3.7.7
[2022.11.09-19.32.13:787][  0]LogNiagaraDebuggerClient: Niagara Debugger Client Initialized | Session: 3524CF1B43888BC6339970BBCF7D08F2 | Instance: BE4E91C447BEFFDBF1F87D93BC07B912 (DESKTOP-QG36584-11100).
[2022.11.09-19.32.13:801][  0]LogCollectionManager: Loaded 0 collections in 0.001906 seconds
[2022.11.09-19.32.13:803][  0]LogFileCache: Scanning file cache for directory 'C:/Users/danie/Documents/Gamedev VR/game/UE4 game/fpsgame/Saved/Collections/' took 0.00s
[2022.11.09-19.32.13:803][  0]LogFileCache: Scanning file cache for directory 'C:/Users/danie/Documents/Gamedev VR/game/UE4 game/fpsgame/Content/Developers/danie/Collections/' took 0.00s
[2022.11.09-19.32.13:803][  0]LogFileCache: Scanning file cache for directory 'C:/Users/danie/Documents/Gamedev VR/game/UE4 game/fpsgame/Content/Collections/' took 0.00s
[2022.11.09-19.32.13:803][  0]LogCollectionManager: Fixed up redirectors for 0 collections in 0.000001 seconds (updated 0 objects)
[2022.11.09-19.32.13:871][  0]LogTcpMessaging: Initializing TcpMessaging bridge
[2022.11.09-19.32.13:873][  0]LogUdpMessaging: Initializing bridge on interface 0.0.0.0:0 to multicast group 230.0.0.1:6666.
[2022.11.09-19.32.13:923][  0]SourceControl: Source control is disabled
[2022.11.09-19.32.13:925][  0]SourceControl: Source control is disabled
[2022.11.09-19.32.13:926][  0]SourceControl: Source control is disabled
[2022.11.09-19.32.13:928][  0]LogUProjectInfo: Found projects:
[2022.11.09-19.32.13:969][  0]LogOpenImageDenoise: OIDN starting up
[2022.11.09-19.32.13:985][  0]LogAndroidPermission: UAndroidPermissionCallbackProxy::GetInstance
[2022.11.09-19.32.13:993][  0]LogAudioCaptureCore: Display: No Audio Capture implementations found. Audio input will be silent.
[2022.11.09-19.32.13:993][  0]LogAudioCaptureCore: Display: No Audio Capture implementations found. Audio input will be silent.
[2022.11.09-19.32.14:037][  0]LogOcInput: OculusInput pre-init called
[2022.11.09-19.32.14:046][  0]LogUObjectArray: 22048 objects as part of root set at end of initial load.
[2022.11.09-19.32.14:046][  0]LogUObjectAllocator: 5965968 out of 0 bytes used by permanent object pool.
[2022.11.09-19.32.14:046][  0]LogUObjectArray: CloseDisregardForGC: 0/0 objects in disregard for GC pool
[2022.11.09-19.32.14:076][  0]LogClass: Display: StructProperty FRewindDataStruct::SnapshotPosition is not initialized properly. Module:fpsgame File:RewindComponent.h
[2022.11.09-19.32.14:076][  0]LogClass: Display: StructProperty FRewindDataStruct::SnapshotRotation is not initialized properly. Module:fpsgame File:RewindComponent.h
[2022.11.09-19.32.14:077][  0]LogClass: Display: StructProperty FRewindDataStruct::SnapshotScale is not initialized properly. Module:fpsgame File:RewindComponent.h
[2022.11.09-19.32.14:078][  0]LogClass: Display: BoolProperty FWeaponRecoil::bHasRecoil is not initialized properly. Module:fpsgame File:WeaponActor.h
[2022.11.09-19.32.14:078][  0]LogClass: Display: BoolProperty FWeaponRecoil::bUsesControlRotationForHipfireRecoil is not initialized properly. Module:fpsgame File:WeaponActor.h
[2022.11.09-19.32.14:078][  0]LogClass: Display: FloatProperty FWeaponRecoil::RecoilRecoveryTime is not initialized properly. Module:fpsgame File:WeaponActor.h
[2022.11.09-19.32.14:078][  0]LogClass: Display: FloatProperty FWeaponRecoil::PercentageRecoilRecoveryGainedPerSecond is not initialized properly. Module:fpsgame File:WeaponActor.h
[2022.11.09-19.32.14:079][  0]LogClass: Display: FloatProperty FWeaponStats::MaxRange is not initialized properly. Module:fpsgame File:WeaponActor.h
[2022.11.09-19.32.14:079][  0]LogClass: Display: FloatProperty FWeaponStats::FireRate is not initialized properly. Module:fpsgame File:WeaponActor.h
[2022.11.09-19.32.14:079][  0]LogClass: Display: IntProperty FWeaponStats::CartridgeBullets is not initialized properly. Module:fpsgame File:WeaponActor.h
[2022.11.09-19.32.14:080][  0]LogClass: Display: IntProperty FWeaponStats::BurstNumber is not initialized properly. Module:fpsgame File:WeaponActor.h
[2022.11.09-19.32.14:080][  0]LogClass: Display: FloatProperty FWeaponStats::BurstFireRate is not initialized properly. Module:fpsgame File:WeaponActor.h
[2022.11.09-19.32.14:080][  0]LogClass: Display: IntProperty FWeaponStats::MaxMagSize is not initialized properly. Module:fpsgame File:WeaponActor.h
[2022.11.09-19.32.14:080][  0]LogClass: Display: IntProperty FWeaponStats::MagAmmo is not initialized properly. Module:fpsgame File:WeaponActor.h
[2022.11.09-19.32.14:081][  0]LogClass: Display: FloatProperty FWeaponStats::BaseDamageTorso is not initialized properly. Module:fpsgame File:WeaponActor.h
[2022.11.09-19.32.14:081][  0]LogClass: Display: FloatProperty FWeaponStats::BaseDamageHead is not initialized properly. Module:fpsgame File:WeaponActor.h
[2022.11.09-19.32.14:081][  0]LogClass: Display: FloatProperty FWeaponStats::BaseDamageLegs is not initialized properly. Module:fpsgame File:WeaponActor.h
[2022.11.09-19.32.14:082][  0]LogClass: Display: FloatProperty FWeaponStats::BaseHipfireSpreadAngleInDegrees is not initialized properly. Module:fpsgame File:WeaponActor.h
[2022.11.09-19.32.14:082][  0]LogClass: Display: FloatProperty FWeaponStats::BaseMovementSpreadMultiplier is not initialized properly. Module:fpsgame File:WeaponActor.h
[2022.11.09-19.32.14:082][  0]LogClass: Display: EnumProperty FWeaponMetaData::GunModel is not initialized properly. Module:fpsgame File:WeaponActor.h
[2022.11.09-19.32.14:082][  0]LogClass: Display: EnumProperty FWeaponMetaData::WAWeaponType is not initialized properly. Module:fpsgame File:WeaponActor.h
[2022.11.09-19.32.14:083][  0]LogClass: Display: EnumProperty FWeaponMetaData::WAWeaponFireType is not initialized properly. Module:fpsgame File:WeaponActor.h
[2022.11.09-19.32.14:083][  0]LogClass: Display: EnumProperty FWeaponMetaData::WAWeaponHitDetectionType is not initialized properly. Module:fpsgame File:WeaponActor.h
[2022.11.09-19.32.14:084][  0]LogClass: Display: EnumProperty FWeaponMetaData::TypeOfEquip is not initialized properly. Module:fpsgame File:WeaponActor.h
[2022.11.09-19.32.14:084][  0]LogClass: Warning: ObjectProperty FWeaponVisualAssets::GunMesh is not initialized properly. Module:fpsgame File:WeaponActor.h
[2022.11.09-19.32.14:085][  0]LogClass: Warning: ObjectProperty FWeaponVisualAssets::TracerEffect is not initialized properly. Module:fpsgame File:WeaponActor.h
[2022.11.09-19.32.14:085][  0]LogClass: Warning: ObjectProperty FWeaponVisualAssets::MuzzleFlash is not initialized properly. Module:fpsgame File:WeaponActor.h
[2022.11.09-19.32.14:086][  0]LogClass: Display: StructProperty FWeaponPositionalDetails::BasePosition is not initialized properly. Module:fpsgame File:WeaponActor.h
[2022.11.09-19.32.14:086][  0]LogClass: Display: StructProperty FWeaponPositionalDetails::BaseRotation is not initialized properly. Module:fpsgame File:WeaponActor.h
[2022.11.09-19.32.14:086][  0]LogClass: Display: StructProperty FWeaponPositionalDetails::BaseScale is not initialized properly. Module:fpsgame File:WeaponActor.h
[2022.11.09-19.32.14:086][  0]LogClass: Display: StructProperty FWeaponPositionalDetails::TPBaseScale is not initialized properly. Module:fpsgame File:WeaponActor.h
[2022.11.09-19.32.14:087][  0]LogClass: Display: StructProperty FWeaponPositionalDetails::TPBaseRotation is not initialized properly. Module:fpsgame File:WeaponActor.h
[2022.11.09-19.32.14:087][  0]LogClass: Display: StructProperty FWeaponPositionalDetails::TPBasePosition is not initialized properly. Module:fpsgame File:WeaponActor.h
[2022.11.09-19.32.14:087][  0]LogClass: Display: StructProperty FWeaponPositionalDetails::MuzzlePosition is not initialized properly. Module:fpsgame File:WeaponActor.h
[2022.11.09-19.32.14:088][  0]LogClass: Display: 34 Uninitialized script struct members found including 3 object properties
[2022.11.09-19.32.14:088][  0]LogAutomationTest: Warning: ObjectProperty FWeaponVisualAssets::GunMesh is not initialized properly. Module:fpsgame File:WeaponActor.h
[2022.11.09-19.32.14:089][  0]LogAutomationTest: Warning: ObjectProperty FWeaponVisualAssets::TracerEffect is not initialized properly. Module:fpsgame File:WeaponActor.h
[2022.11.09-19.32.14:089][  0]LogAutomationTest: Warning: ObjectProperty FWeaponVisualAssets::MuzzleFlash is not initialized properly. Module:fpsgame File:WeaponActor.h
[2022.11.09-19.32.14:090][  0]LogEngine: Initializing Engine...
[2022.11.09-19.32.14:091][  0]LogStats: UGameplayTagsManager::InitializeManager -  0.000 s
[2022.11.09-19.32.14:103][  0]LogInit: Initializing FReadOnlyCVARCache
[2022.11.09-19.32.14:103][  0]LogNetVersion: Set ProjectVersion to 1.0.0.0. Version Checksum will be recalculated on next use.
[2022.11.09-19.32.14:105][  0]LogInit: Texture streaming: Disabled
[2022.11.09-19.32.14:136][  0]LogInit: Display: Game Engine Initialized.
[2022.11.09-19.32.14:136][  0]LogNiagaraEditor: GEditor isn't valid! Particle reset commands will not work for Niagara components!
[2022.11.09-19.32.14:163][  0]LogInit: Display: Starting Game.
[2022.11.09-19.32.14:163][  0]LogNet: Browse: /Game/Maps/TestMap?Name=Player
[2022.11.09-19.32.14:169][  0]LogLoad: LoadMap: /Game/Maps/TestMap?Name=Player
[2022.11.09-19.32.14:173][  0]LogWorld: BeginTearingDown for /Temp/Untitled_0
[2022.11.09-19.32.14:180][  0]LogWorld: UWorld::CleanupWorld for Untitled, bSessionEnded=true, bCleanupResources=true
[2022.11.09-19.32.14:193][  0]LogUObjectHash: Compacting FUObjectHashTables data took   0.75ms
[2022.11.09-19.32.14:305][  0]LogAIModule: Creating AISystem for world TestMap
[2022.11.09-19.32.14:505][  0]LogLoad: Game class is 'BP_FPSGameModeDefault_C'
[2022.11.09-19.32.14:506][  0]LogNet: PktLoss set to 0
[2022.11.09-19.32.14:506][  0]LogNet: PktLagMin set to 0
[2022.11.09-19.32.14:507][  0]LogNet: PktLagMax set to 0
[2022.11.09-19.32.14:507][  0]LogNet: PktIncomingLagMin set to 0
[2022.11.09-19.32.14:508][  0]LogNet: PktIncomingLagMax set to 0
[2022.11.09-19.32.14:508][  0]LogNet: PktIncomingLoss set to 0
[2022.11.09-19.32.14:508][  0]LogNet: PktLoss set to 0
[2022.11.09-19.32.14:508][  0]LogNet: PktLagMin set to 0
[2022.11.09-19.32.14:509][  0]LogNet: PktLagMax set to 0
[2022.11.09-19.32.14:509][  0]LogNet: PktIncomingLagMin set to 0
[2022.11.09-19.32.14:509][  0]LogNet: PktIncomingLagMax set to 0
[2022.11.09-19.32.14:510][  0]LogNet: PktIncomingLoss set to 0
[2022.11.09-19.32.14:510][  0]LogNet: PktLoss set to 0
[2022.11.09-19.32.14:511][  0]LogNet: PktLagMin set to 0
[2022.11.09-19.32.14:511][  0]LogNet: PktLagMax set to 0
[2022.11.09-19.32.14:511][  0]LogNet: PktIncomingLagMin set to 0
[2022.11.09-19.32.14:512][  0]LogNet: PktIncomingLagMax set to 0
[2022.11.09-19.32.14:512][  0]LogNet: PktIncomingLoss set to 0
[2022.11.09-19.32.14:513][  0]LogNet: ReplicationDriverClass is null! Not using ReplicationDriver.
[2022.11.09-19.32.14:513][  0]LogNetCore: DDoS detection status: detection enabled: 0 analytics enabled: 0
[2022.11.09-19.32.14:514][  0]LogInit: WinSock: Socket queue. Rx: 131072 (config 131072) Tx: 131072 (config 131072)
[2022.11.09-19.32.14:514][  0]LogNet: Created socket for bind address: 0.0.0.0 on port 17777
[2022.11.09-19.32.14:515][  0]PacketHandlerLog: Loaded PacketHandler component: Engine.EngineHandlerComponentFactory (StatelessConnectHandlerComponent)
[2022.11.09-19.32.14:515][  0]LogNet: GameNetDriver IpNetDriver_0 IpNetDriver listening on port 17777
[2022.11.09-19.32.14:517][  0]LogWorld: Bringing World /Game/Maps/TestMap.TestMap up for play (max tick rate 30) at 2022.11.09-19.32.14
[2022.11.09-19.32.14:517][  0]LogWorld: Bringing up level for play took: 0.001357
[2022.11.09-19.32.14:517][  0]LogGameMode: Display: Match State Changed from EnteringMap to WaitingToStart
[2022.11.09-19.32.14:518][  0]LogGameState: Match State Changed from EnteringMap to WaitingToStart
[2022.11.09-19.32.14:518][  0]LogLoad: Took 0.349037 seconds to LoadMap(/Game/Maps/TestMap)
[2022.11.09-19.32.14:523][  0]LogInit: Display: Engine is initialized. Leaving FEngineLoop::Init()
[2022.11.09-19.32.14:523][  0]LogLoad: (Engine Initialization) Total time: 4.74 seconds
[2022.11.09-19.32.14:524][  0]LogLoad: (Engine Initialization) Total Blueprint compile time: 0.00 seconds
[2022.11.09-19.32.14:690][  4]LogNet: NotifyAcceptingConnection accepted from: 127.0.0.1:52759
[2022.11.09-19.32.14:690][  4]LogHandshake: SendConnectChallenge. Timestamp: 0.165465, Cookie: 111009154030212251043037033211114022211209076144034239082070
[2022.11.09-19.32.14:723][  5]LogNet: NotifyAcceptingConnection accepted from: 127.0.0.1:52759
[2022.11.09-19.32.14:723][  5]LogHandshake: SendChallengeAck. InCookie: 111009154030212251043037033211114022211209076144034239082070
[2022.11.09-19.32.14:724][  5]LogNet: Server accepting post-challenge connection from: 127.0.0.1:52759
[2022.11.09-19.32.14:724][  5]PacketHandlerLog: Loaded PacketHandler component: Engine.EngineHandlerComponentFactory (StatelessConnectHandlerComponent)
[2022.11.09-19.32.14:724][  5]LogNet: NotifyAcceptedConnection: Name: TestMap, TimeStamp: 11/09/22 19:32:14, [UNetConnection] RemoteAddr: 127.0.0.1:52759, Name: IpConnection_0, Driver: GameNetDriver IpNetDriver_0, IsServer: YES, PC: NULL, Owner: NULL, UniqueId: INVALID
[2022.11.09-19.32.14:725][  5]LogNet: AddClientConnection: Added client connection: [UNetConnection] RemoteAddr: 127.0.0.1:52759, Name: IpConnection_0, Driver: GameNetDriver IpNetDriver_0, IsServer: YES, PC: NULL, Owner: NULL, UniqueId: INVALID
[2022.11.09-19.32.14:756][  6]LogNet: NotifyAcceptingChannel Control 0 server World /Game/Maps/TestMap.TestMap: Accepted
[2022.11.09-19.32.14:756][  6]LogNet: Remote platform little endian=1
[2022.11.09-19.32.14:757][  6]LogNet: This platform little endian=1
[2022.11.09-19.32.14:757][  6]LogNetVersion: fpsgame 1.0.0.0, NetCL: 17155196, EngineNetVer: 17, GameNetVer: 0 (Checksum: 1484303137)
[2022.11.09-19.32.14:791][  7]LogNet: Login request: ?PktLagMin=0?PktLagMax=0?PktLoss=0?PktIncomingLagMin=0?PktIncomingLagMax=0?PktIncomingLoss=0?Name=DESKTOP-QG36584-508AC557471F027B71921A96B46034B2 userId: NULL:DESKTOP-QG36584-508AC557471F027B71921A96B46034B2 platform: NULL
[2022.11.09-19.32.14:824][  8]LogNet: Client netspeed is 100000
[2022.11.09-19.32.14:857][  9]LogNet: Join request: /Engine/Maps/Entry?PktLagMin=0?PktLagMax=0?PktLoss=0?PktIncomingLagMin=0?PktIncomingLagMax=0?PktIncomingLoss=0?Name=DESKTOP-QG36584-508AC557471F027B71921A96B46034B2?SplitscreenCount=1
[2022.11.09-19.32.14:857][  9]LogOnlineSession: Warning: OSS: No game present to join for session (GameSession)
[2022.11.09-19.32.14:858][  9]LogGameMode: Display: Match State Changed from WaitingToStart to InProgress
[2022.11.09-19.32.14:859][  9]LogTemp: Warning: Numebr of rewind components = 1
[2022.11.09-19.32.14:860][  9]LogGameState: Match State Changed from WaitingToStart to InProgress
[2022.11.09-19.32.14:860][  9]LogNet: Join succeeded: DESKTOP-QG36584-508A
[2022.11.09-19.32.15:155][ 18]LogNet: NotifyAcceptingConnection accepted from: 127.0.0.1:53745
[2022.11.09-19.32.15:155][ 18]LogHandshake: SendConnectChallenge. Timestamp: 0.629889, Cookie: 156169142233070235251090074190074199005188021189041041084163
[2022.11.09-19.32.15:188][ 19]LogNet: NotifyAcceptingConnection accepted from: 127.0.0.1:53745
[2022.11.09-19.32.15:188][ 19]LogHandshake: SendChallengeAck. InCookie: 156169142233070235251090074190074199005188021189041041084163
[2022.11.09-19.32.15:188][ 19]LogNet: Server accepting post-challenge connection from: 127.0.0.1:53745
[2022.11.09-19.32.15:189][ 19]PacketHandlerLog: Loaded PacketHandler component: Engine.EngineHandlerComponentFactory (StatelessConnectHandlerComponent)
[2022.11.09-19.32.15:189][ 19]LogNet: NotifyAcceptedConnection: Name: TestMap, TimeStamp: 11/09/22 19:32:15, [UNetConnection] RemoteAddr: 127.0.0.1:53745, Name: IpConnection_1, Driver: GameNetDriver IpNetDriver_0, IsServer: YES, PC: NULL, Owner: NULL, UniqueId: INVALID
[2022.11.09-19.32.15:189][ 19]LogNet: AddClientConnection: Added client connection: [UNetConnection] RemoteAddr: 127.0.0.1:53745, Name: IpConnection_1, Driver: GameNetDriver IpNetDriver_0, IsServer: YES, PC: NULL, Owner: NULL, UniqueId: INVALID
[2022.11.09-19.32.15:190][ 19]LogNet: NotifyAcceptingChannel Control 0 server World /Game/Maps/TestMap.TestMap: Accepted
[2022.11.09-19.32.15:190][ 19]LogNet: Remote platform little endian=1
[2022.11.09-19.32.15:190][ 19]LogNet: This platform little endian=1
[2022.11.09-19.32.15:222][ 20]LogNet: Login request: ?Name=DESKTOP-QG36584-B280E4C040508BBDB51228A5F359ADEA userId: NULL:DESKTOP-QG36584-B280E4C040508BBDB51228A5F359ADEA platform: NULL
[2022.11.09-19.32.15:552][ 30]LogNet: Client netspeed is 100000
[2022.11.09-19.32.15:552][ 30]LogNet: Join request: /Engine/Maps/Entry?Name=DESKTOP-QG36584-B280E4C040508BBDB51228A5F359ADEA?SplitscreenCount=1
[2022.11.09-19.32.15:553][ 30]LogOnlineSession: Warning: OSS: No game present to join for session (GameSession)
[2022.11.09-19.32.15:554][ 30]LogTemp: Warning: Numebr of rewind components = 2
[2022.11.09-19.32.15:555][ 30]LogNet: Join succeeded: DESKTOP-QG36584-B280
[2022.11.09-19.32.16:847][ 69]LogTemp: Warning: Reliable pickup call
[2022.11.09-19.32.16:848][ 69]LogTemp: Warning: diarrhea
[2022.11.09-19.32.16:848][ 69]LogTemp: Warning: prime
[2022.11.09-19.32.16:848][ 69]LogTemp: Warning: SERVER: Log no. 0
[2022.11.09-19.32.16:849][ 69]LogTemp: Warning: No longer bursting
[2022.11.09-19.32.16:849][ 69]LogTemp: Warning: TP attach
[2022.11.09-19.32.16:850][ 69]LogTemp: Warning: Switch primary rpc call
[2022.11.09-19.32.16:850][ 69]LogTemp: Warning: prime
[2022.11.09-19.32.16:850][ 69]LogTemp: Warning: SERVER: Log no. 1
[2022.11.09-19.32.16:851][ 69]LogTemp: Warning: No longer bursting
[2022.11.09-19.32.16:851][ 69]LogTemp: Warning: TP attach
[2022.11.09-19.32.17:544][ 90]LogTemp: Warning: recoilrecovery = 1.000000
[2022.11.09-19.32.17:545][ 90]LogTemp: Warning: Blocking
[2022.11.09-19.32.17:545][ 90]LogTemp: Warning: ReduceRecoil = -0.250000
[2022.11.09-19.32.17:643][ 93]LogTemp: Warning: recoilrecovery = 1.000000
[2022.11.09-19.32.17:643][ 93]LogTemp: Warning: Blocking
[2022.11.09-19.32.17:644][ 93]LogTemp: Warning: ReduceRecoil = -0.250000
