Log file open, 11/02/22 18:27:33
LogWindows: Failed to load 'aqProf.dll' (GetLastError=126)
LogWindows: File 'aqProf.dll' does not exist
LogWindows: Failed to load 'VtuneApi.dll' (GetLastError=126)
LogWindows: File 'VtuneApi.dll' does not exist
LogWindows: Failed to load 'VtuneApi32e.dll' (GetLastError=126)
LogWindows: File 'VtuneApi32e.dll' does not exist
LogConsoleResponse: Display: Failed to find resolution value strings in scalability ini. Falling back to default.
LogConsoleResponse: Display: Failed to find resolution value strings in scalability ini. Falling back to default.
LogInit: Display: Running engine for game: fpsgame
LogPlatformFile: Not using cached read wrapper
LogTaskGraph: Started task graph with 5 named threads and 17 total threads with 3 sets of task threads.
LogStats: Stats thread started at 0.229589
LogICUInternationalization: ICU TimeZone Detection - Raw Offset: +0:00, Platform Override: ''
LogInit: Display: Loading text-based GConfig....
LogPluginManager: Mounting plugin MeshPainting
LogPluginManager: Mounting plugin XGEController
LogPluginManager: Mounting plugin Paper2D
LogPluginManager: Mounting plugin AISupport
LogPluginManager: Mounting plugin EnvironmentQueryEditor
LogPluginManager: Mounting plugin LiveLink
LogPluginManager: Mounting plugin LightPropagationVolume
LogPluginManager: Mounting plugin CameraShakePreviewer
LogPluginManager: Mounting plugin GameplayCameras
LogPluginManager: Mounting plugin OodleData
LogPluginManager: Mounting plugin OodleNetwork
LogPluginManager: Mounting plugin AnimationSharing
LogPluginManager: Mounting plugin CLionSourceCodeAccess
LogPluginManager: Mounting plugin CodeLiteSourceCodeAccess
LogPluginManager: Mounting plugin GitSourceControl
LogPluginManager: Mounting plugin KDevelopSourceCodeAccess
LogPluginManager: Mounting plugin NullSourceCodeAccess
LogPluginManager: Mounting plugin PerforceSourceControl
LogPluginManager: Mounting plugin PixWinPlugin
LogPluginManager: Mounting plugin PlasticSourceControl
LogPluginManager: Mounting plugin PluginUtils
LogPluginManager: Mounting plugin PropertyAccessNode
LogPluginManager: Mounting plugin RiderSourceCodeAccess
LogPluginManager: Mounting plugin SubversionSourceControl
LogPluginManager: Mounting plugin TextureFormatOodle
LogPluginManager: Mounting plugin UObjectPlugin
LogPluginManager: Mounting plugin VisualStudioCodeSourceCodeAccess
LogPluginManager: Mounting plugin VisualStudioSourceCodeAccess
LogPluginManager: Mounting plugin XCodeSourceCodeAccess
LogPluginManager: Mounting plugin AssetManagerEditor
LogPluginManager: Mounting plugin CryptoKeys
LogPluginManager: Mounting plugin CurveEditorTools
LogPluginManager: Mounting plugin DataValidation
LogPluginManager: Mounting plugin FacialAnimation
LogPluginManager: Mounting plugin GameplayTagsEditor
LogPluginManager: Mounting plugin GeometryMode
LogPluginManager: Mounting plugin MacGraphicsSwitching
LogPluginManager: Mounting plugin MaterialAnalyzer
LogPluginManager: Mounting plugin MobileLauncherProfileWizard
LogPluginManager: Mounting plugin PluginBrowser
LogPluginManager: Mounting plugin SpeedTreeImporter
LogPluginManager: Mounting plugin DatasmithContent
LogPluginManager: Mounting plugin VariantManagerContent
LogPluginManager: Mounting plugin AlembicImporter
LogPluginManager: Mounting plugin AutomationUtils
LogPluginManager: Mounting plugin BackChannel
LogPluginManager: Mounting plugin ChaosCloth
LogPluginManager: Mounting plugin ChaosClothEditor
LogPluginManager: Mounting plugin ChaosEditor
LogPluginManager: Mounting plugin ChaosNiagara
LogPluginManager: Mounting plugin ChaosSolverPlugin
LogPluginManager: Mounting plugin CharacterAI
LogPluginManager: Mounting plugin GeometryCache
LogPluginManager: Mounting plugin GeometryCollectionPlugin
LogPluginManager: Mounting plugin GeometryProcessing
LogPluginManager: Mounting plugin MotoSynth
LogPluginManager: Mounting plugin OpenImageDenoise
LogPluginManager: Mounting plugin PlanarCut
LogPluginManager: Mounting plugin PlatformCrypto
LogPluginManager: Mounting plugin ProxyLODPlugin
LogPluginManager: Mounting plugin PythonScriptPlugin
LogPluginManager: Mounting plugin SkeletalReduction
LogPluginManager: Mounting plugin Niagara
LogPluginManager: Mounting plugin LuminPlatformFeatures
LogPluginManager: Mounting plugin MagicLeap
LogPluginManager: Mounting plugin MagicLeapLightEstimation
LogPluginManager: Mounting plugin MagicLeapMedia
LogPluginManager: Mounting plugin MagicLeapPassableWorld
LogPluginManager: Mounting plugin MLSDK
LogPluginManager: Mounting plugin AndroidMedia
LogPluginManager: Mounting plugin AvfMedia
LogPluginManager: Mounting plugin ImgMedia
LogPluginManager: Mounting plugin MediaCompositing
LogPluginManager: Mounting plugin MediaPlayerEditor
LogPluginManager: Mounting plugin WebMMedia
LogPluginManager: Mounting plugin WmfMedia
LogPluginManager: Mounting plugin TcpMessaging
LogPluginManager: Mounting plugin UdpMessaging
LogPluginManager: Mounting plugin ActorSequence
LogPluginManager: Mounting plugin LevelSequenceEditor
LogPluginManager: Mounting plugin MatineeToLevelSequence
LogPluginManager: Mounting plugin TemplateSequence
LogPluginManager: Mounting plugin OnlineSubsystem
LogPluginManager: Mounting plugin OnlineSubsystemNull
LogPluginManager: Mounting plugin OnlineSubsystemUtils
LogPluginManager: Mounting plugin LauncherChunkInstaller
LogPluginManager: Mounting plugin ActorLayerUtilities
LogPluginManager: Mounting plugin AndroidDeviceProfileSelector
LogPluginManager: Mounting plugin AndroidMoviePlayer
LogPluginManager: Mounting plugin AndroidPermission
LogPluginManager: Mounting plugin AppleImageUtils
LogPluginManager: Mounting plugin AppleMoviePlayer
LogPluginManager: Mounting plugin ArchVisCharacter
LogPluginManager: Mounting plugin AssetTags
LogPluginManager: Mounting plugin AudioCapture
LogPluginManager: Mounting plugin AudioSynesthesia
LogPluginManager: Mounting plugin CableComponent
LogPluginManager: Mounting plugin ChunkDownloader
LogPluginManager: Mounting plugin CustomMeshComponent
LogPluginManager: Mounting plugin EditableMesh
LogPluginManager: Mounting plugin ExampleDeviceProfileSelector
LogPluginManager: Mounting plugin GoogleCloudMessaging
LogPluginManager: Mounting plugin GooglePAD
LogPluginManager: Mounting plugin IOSDeviceProfileSelector
LogPluginManager: Mounting plugin LinuxDeviceProfileSelector
LogPluginManager: Mounting plugin LocationServicesBPLibrary
LogPluginManager: Mounting plugin MobilePatchingUtils
LogPluginManager: Mounting plugin OpenXR
LogPluginManager: Mounting plugin OpenXREyeTracker
LogPluginManager: Mounting plugin OpenXRHandTracking
LogPluginManager: Mounting plugin PhysXVehicles
LogPluginManager: Mounting plugin PostSplashScreen
LogPluginManager: Mounting plugin ProceduralMeshComponent
LogPluginManager: Mounting plugin PropertyAccessEditor
LogPluginManager: Mounting plugin RuntimePhysXCooking
LogPluginManager: Mounting plugin SignificanceManager
LogPluginManager: Mounting plugin SoundFields
LogPluginManager: Mounting plugin Synthesis
LogPluginManager: Mounting plugin WebMMoviePlayer
LogPluginManager: Mounting plugin WindowsMoviePlayer
LogPluginManager: Mounting plugin ScreenshotTools
LogPluginManager: Mounting plugin Takes
LogPluginManager: Mounting plugin ContentBrowserAssetDataSource
LogPluginManager: Mounting plugin ContentBrowserClassDataSource
LogPluginManager: Mounting plugin ContentBrowserFileDataSource
LogPluginManager: Mounting plugin OnlineSubsystemGooglePlay
LogPluginManager: Mounting plugin OnlineSubsystemIOS
LogPluginManager: Mounting plugin OculusVR
LogPluginManager: Mounting plugin SteamVR
PixWinPlugin: PIX capture plugin failed to initialize! Check that the process is launched from PIX.
LogInit: Using libcurl 7.55.1-DEV
LogInit:  - built for x86_64-pc-win32
LogInit:  - supports SSL with OpenSSL/1.1.1
LogInit:  - supports HTTP deflate (compression) using libz 1.2.8
LogInit:  - other features:
LogInit:      CURL_VERSION_SSL
LogInit:      CURL_VERSION_LIBZ
LogInit:      CURL_VERSION_IPV6
LogInit:      CURL_VERSION_ASYNCHDNS
LogInit:      CURL_VERSION_LARGEFILE
LogInit:      CURL_VERSION_IDN
LogInit:  CurlRequestOptions (configurable via config and command line):
LogInit:  - bVerifyPeer = true  - Libcurl will verify peer certificate
LogInit:  - bUseHttpProxy = false  - Libcurl will NOT use HTTP proxy
LogInit:  - bDontReuseConnections = false  - Libcurl will reuse connections
LogInit:  - MaxHostConnections = 16  - Libcurl will limit the number of connections to a host
LogInit:  - LocalHostAddr = Default
LogInit:  - BufferSize = 65536
LogOnline: OSS: Creating online subsystem instance for: NULL
LogInit: WinSock: version 1.1 (2.2), MaxSocks=32767, MaxUdp=65467
LogOnline: OSS: TryLoadSubsystemAndSetDefault: Loaded subsystem for module [NULL]
LogInit: Build: ++UE4+Release-4.27-CL-18319896
LogInit: Engine Version: 4.27.2-18319896+++UE4+Release-4.27
LogInit: Compatible Engine Version: 4.27.0-17155196+++UE4+Release-4.27
LogInit: Net CL: 17155196
LogInit: OS: Windows 10 (Release 2009) (), CPU: AMD Ryzen 5 3600X 6-Core Processor             , GPU: AMD Radeon RX 5700 XT
LogInit: Compiled (64-bit): Nov 30 2021 07:12:08
LogInit: Compiled with Visual C++: 19.24.28315.00
LogInit: Build Configuration: Development
LogInit: Branch Name: ++UE4+Release-4.27
LogInit: Command Line:  /Game/Maps/TestMap -game -PIEVIACONSOLE -Multiprocess -server -log "GameUserSettingsINI=C:/Users/danie/Documents/Gamedev VR/game/UE4 game/fpsgame/Saved/Config/Windows/PIEGameUserSettings0.ini" -MultiprocessSaveConfig -forcepassthrough -messaging -SessionName="Play in Standalone Game" -port=17777 -PktLagMin=0 -PktLagMax=0 -PktLoss=0 -PktIncomingLagMin=0 -PktIncomingLagMax=0 -PktIncomingLoss=0 -windowed
LogInit: Base Directory: C:/Program Files/Epic Games/UE_4.27/Engine/Binaries/Win64/
LogInit: Allocator: TBB
LogInit: Installed Engine Build: 1
LogDevObjectVersion: Number of dev versions registered: 29
LogDevObjectVersion:   Dev-Blueprints (B0D832E4-1F89-4F0D-ACCF-7EB736FD4AA2): 10
LogDevObjectVersion:   Dev-Build (E1C64328-A22C-4D53-A36C-8E866417BD8C): 0
LogDevObjectVersion:   Dev-Core (375EC13C-06E4-48FB-B500-84F0262A717E): 4
LogDevObjectVersion:   Dev-Editor (E4B068ED-F494-42E9-A231-DA0B2E46BB41): 40
LogDevObjectVersion:   Dev-Framework (CFFC743F-43B0-4480-9391-14DF171D2073): 37
LogDevObjectVersion:   Dev-Mobile (B02B49B5-BB20-44E9-A304-32B752E40360): 3
LogDevObjectVersion:   Dev-Networking (A4E4105C-59A1-49B5-A7C5-40C4547EDFEE): 0
LogDevObjectVersion:   Dev-Online (39C831C9-5AE6-47DC-9A44-9C173E1C8E7C): 0
LogDevObjectVersion:   Dev-Physics (78F01B33-EBEA-4F98-B9B4-84EACCB95AA2): 14
LogDevObjectVersion:   Dev-Platform (6631380F-2D4D-43E0-8009-CF276956A95A): 0
LogDevObjectVersion:   Dev-Rendering (12F88B9F-8875-4AFC-A67C-D90C383ABD29): 45
LogDevObjectVersion:   Dev-Sequencer (7B5AE74C-D270-4C10-A958-57980B212A5A): 13
LogDevObjectVersion:   Dev-VR (D7296918-1DD6-4BDD-9DE2-64A83CC13884): 3
LogDevObjectVersion:   Dev-LoadTimes (C2A15278-BFE7-4AFE-6C17-90FF531DF755): 1
LogDevObjectVersion:   Private-Geometry (6EACA3D4-40EC-4CC1-B786-8BED09428FC5): 3
LogDevObjectVersion:   Dev-AnimPhys (29E575DD-E0A3-4627-9D10-D276232CDCEA): 17
LogDevObjectVersion:   Dev-Anim (AF43A65D-7FD3-4947-9873-3E8ED9C1BB05): 15
LogDevObjectVersion:   Dev-ReflectionCapture (6B266CEC-1EC7-4B8F-A30B-E4D90942FC07): 1
LogDevObjectVersion:   Dev-Automation (0DF73D61-A23F-47EA-B727-89E90C41499A): 1
LogDevObjectVersion:   FortniteMain (601D1886-AC64-4F84-AA16-D3DE0DEAC7D6): 47
LogDevObjectVersion:   FortniteRelease (E7086368-6B23-4C58-8439-1B7016265E91): 1
LogDevObjectVersion:   Dev-Enterprise (9DFFBCD6-494F-0158-E221-12823C92A888): 10
LogDevObjectVersion:   Dev-Niagara (F2AED0AC-9AFE-416F-8664-AA7FFA26D6FC): 1
LogDevObjectVersion:   Dev-Destruction (174F1F0B-B4C6-45A5-B13F-2EE8D0FB917D): 10
LogDevObjectVersion:   Dev-Physics-Ext (35F94A83-E258-406C-A318-09F59610247C): 41
LogDevObjectVersion:   Dev-PhysicsMaterial-Chaos (B68FC16E-8B1B-42E2-B453-215C058844FE): 1
LogDevObjectVersion:   Dev-CineCamera (B2E18506-4273-CFC2-A54E-F4BB758BBA07): 1
LogDevObjectVersion:   Dev-VirtualProduction (64F58936-FD1B-42BA-BA96-7289D5D0FA4E): 1
LogDevObjectVersion:   Dev-MediaFramework (6F0ED827-A609-4895-9C91-998D90180EA4): 2
LogInit: Presizing for max 25165824 objects, including 0 objects not considered by GC, pre-allocating 0 bytes for permanent pool.
LogConfig: Applying CVar settings from Section [/Script/Engine.StreamingSettings] File [C:/Users/danie/Documents/Gamedev VR/game/UE4 game/fpsgame/Saved/Config/Windows/Engine.ini]
LogConfig: Setting CVar [[s.MinBulkDataSizeForAsyncLoading:131072]]
LogConfig: Setting CVar [[s.AsyncLoadingThreadEnabled:0]]
LogConfig: Setting CVar [[s.EventDrivenLoaderEnabled:1]]
LogConfig: Setting CVar [[s.WarnIfTimeLimitExceeded:0]]
LogConfig: Setting CVar [[s.TimeLimitExceededMultiplier:1.5]]
LogConfig: Setting CVar [[s.TimeLimitExceededMinTime:0.005]]
LogConfig: Setting CVar [[s.UseBackgroundLevelStreaming:1]]
LogConfig: Setting CVar [[s.PriorityAsyncLoadingExtraTime:15.0]]
LogConfig: Setting CVar [[s.LevelStreamingActorsUpdateTimeLimit:5.0]]
LogConfig: Setting CVar [[s.PriorityLevelStreamingActorsUpdateExtraTime:5.0]]
LogConfig: Setting CVar [[s.LevelStreamingComponentsRegistrationGranularity:10]]
LogConfig: Setting CVar [[s.UnregisterComponentsTimeLimit:1.0]]
LogConfig: Setting CVar [[s.LevelStreamingComponentsUnregistrationGranularity:5]]
LogConfig: Setting CVar [[s.FlushStreamingOnExit:1]]
LogInit: Object subsystem initialized
LogConfig: Setting CVar [[con.DebugEarlyDefault:1]]
LogConfig: Setting CVar [[r.setres:1280x720]]
[2022.11.02-18.27.33:666][  0]LogConfig: Setting CVar [[con.DebugEarlyDefault:1]]
[2022.11.02-18.27.33:666][  0]LogConfig: Setting CVar [[r.setres:1280x720]]
[2022.11.02-18.27.33:667][  0]LogConfig: Applying CVar settings from Section [/Script/Engine.RendererSettings] File [C:/Users/danie/Documents/Gamedev VR/game/UE4 game/fpsgame/Saved/Config/Windows/Engine.ini]
[2022.11.02-18.27.33:667][  0]LogConfig: Setting CVar [[r.GPUCrashDebugging:0]]
[2022.11.02-18.27.33:667][  0]LogConfig: Setting CVar [[r.Mobile.DisableVertexFog:1]]
[2022.11.02-18.27.33:667][  0]LogConfig: Setting CVar [[r.Shadow.CSM.MaxMobileCascades:2]]
[2022.11.02-18.27.33:668][  0]LogConfig: Setting CVar [[r.MobileMSAA:1]]
[2022.11.02-18.27.33:668][  0]LogConfig: Setting CVar [[r.Mobile.AllowDitheredLODTransition:0]]
[2022.11.02-18.27.33:668][  0]LogConfig: Setting CVar [[r.Mobile.AllowSoftwareOcclusion:0]]
[2022.11.02-18.27.33:668][  0]LogConfig: Setting CVar [[r.Mobile.VirtualTextures:0]]
[2022.11.02-18.27.33:669][  0]LogConfig: Setting CVar [[r.DiscardUnusedQuality:0]]
[2022.11.02-18.27.33:671][  0]LogConfig: Setting CVar [[r.AllowOcclusionQueries:1]]
[2022.11.02-18.27.33:671][  0]LogConfig: Setting CVar [[r.MinScreenRadiusForLights:0.030000]]
[2022.11.02-18.27.33:671][  0]LogConfig: Setting CVar [[r.MinScreenRadiusForDepthPrepass:0.030000]]
[2022.11.02-18.27.33:672][  0]LogConfig: Setting CVar [[r.MinScreenRadiusForCSMDepth:0.010000]]
[2022.11.02-18.27.33:672][  0]LogConfig: Setting CVar [[r.PrecomputedVisibilityWarning:0]]
[2022.11.02-18.27.33:672][  0]LogConfig: Setting CVar [[r.TextureStreaming:1]]
[2022.11.02-18.27.33:672][  0]LogConfig: Setting CVar [[Compat.UseDXT5NormalMaps:0]]
[2022.11.02-18.27.33:673][  0]LogConfig: Setting CVar [[r.VirtualTextures:0]]
[2022.11.02-18.27.33:673][  0]LogConfig: Setting CVar [[r.VT.EnableAutoImport:1]]
[2022.11.02-18.27.33:673][  0]LogConfig: Setting CVar [[r.VirtualTexturedLightmaps:0]]
[2022.11.02-18.27.33:674][  0]LogConfig: Setting CVar [[r.VT.TileSize:128]]
[2022.11.02-18.27.33:674][  0]LogConfig: Setting CVar [[r.VT.TileBorderSize:4]]
[2022.11.02-18.27.33:674][  0]LogConfig: Setting CVar [[r.vt.FeedbackFactor:16]]
[2022.11.02-18.27.33:674][  0]LogConfig: Setting CVar [[r.VT.EnableCompressZlib:1]]
[2022.11.02-18.27.33:675][  0]LogConfig: Setting CVar [[r.VT.EnableCompressCrunch:0]]
[2022.11.02-18.27.33:675][  0]LogConfig: Setting CVar [[r.ClearCoatNormal:0]]
[2022.11.02-18.27.33:675][  0]LogConfig: Setting CVar [[r.ReflectionCaptureResolution:128]]
[2022.11.02-18.27.33:675][  0]LogConfig: Setting CVar [[r.Mobile.ReflectionCaptureCompression:0]]
[2022.11.02-18.27.33:676][  0]LogConfig: Setting CVar [[r.ReflectionEnvironmentLightmapMixBasedOnRoughness:1]]
[2022.11.02-18.27.33:676][  0]LogConfig: Setting CVar [[r.ForwardShading:0]]
[2022.11.02-18.27.33:676][  0]LogConfig: Setting CVar [[r.VertexFoggingForOpaque:1]]
[2022.11.02-18.27.33:677][  0]LogConfig: Setting CVar [[r.AllowStaticLighting:1]]
[2022.11.02-18.27.33:677][  0]LogConfig: Setting CVar [[r.NormalMapsForStaticLighting:0]]
[2022.11.02-18.27.33:677][  0]LogConfig: Setting CVar [[r.GenerateMeshDistanceFields:0]]
[2022.11.02-18.27.33:677][  0]LogConfig: Setting CVar [[r.DistanceFieldBuild.EightBit:0]]
[2022.11.02-18.27.33:678][  0]LogConfig: Setting CVar [[r.GenerateLandscapeGIData:0]]
[2022.11.02-18.27.33:678][  0]LogConfig: Setting CVar [[r.DistanceFieldBuild.Compress:0]]
[2022.11.02-18.27.33:678][  0]LogConfig: Setting CVar [[r.TessellationAdaptivePixelsPerTriangle:48.000000]]
[2022.11.02-18.27.33:678][  0]LogConfig: Setting CVar [[r.SeparateTranslucency:1]]
[2022.11.02-18.27.33:678][  0]LogConfig: Setting CVar [[r.TranslucentSortPolicy:0]]
[2022.11.02-18.27.33:679][  0]LogConfig: Setting CVar [[vr.VRS.HMDFixedFoveationLevel:0]]
[2022.11.02-18.27.33:679][  0]LogConfig: Setting CVar [[r.CustomDepth:1]]
[2022.11.02-18.27.33:679][  0]LogConfig: Setting CVar [[r.CustomDepthTemporalAAJitter:1]]
[2022.11.02-18.27.33:680][  0]LogConfig: Setting CVar [[r.PostProcessing.PropagateAlpha:0]]
[2022.11.02-18.27.33:680][  0]LogConfig: Setting CVar [[r.DefaultFeature.Bloom:1]]
[2022.11.02-18.27.33:680][  0]LogConfig: Setting CVar [[r.DefaultFeature.AmbientOcclusion:1]]
[2022.11.02-18.27.33:681][  0]LogConfig: Setting CVar [[r.DefaultFeature.AmbientOcclusionStaticFraction:1]]
[2022.11.02-18.27.33:681][  0]LogConfig: Setting CVar [[r.DefaultFeature.AutoExposure:0]]
[2022.11.02-18.27.33:681][  0]LogConfig: Setting CVar [[r.DefaultFeature.AutoExposure.Method:0]]
[2022.11.02-18.27.33:681][  0]LogConfig: Setting CVar [[r.DefaultFeature.AutoExposure.Bias:1.000000]]
[2022.11.02-18.27.33:681][  0]LogConfig: Setting CVar [[r.DefaultFeature.AutoExposure.ExtendDefaultLuminanceRange:0]]
[2022.11.02-18.27.33:682][  0]LogConfig: Setting CVar [[r.UsePreExposure:1]]
[2022.11.02-18.27.33:682][  0]LogConfig: Setting CVar [[r.EyeAdaptation.EditorOnly:0]]
[2022.11.02-18.27.33:682][  0]LogConfig: Setting CVar [[r.DefaultFeature.MotionBlur:0]]
[2022.11.02-18.27.33:682][  0]LogConfig: Setting CVar [[r.DefaultFeature.LensFlare:0]]
[2022.11.02-18.27.33:683][  0]LogConfig: Setting CVar [[r.TemporalAA.Upsampling:0]]
[2022.11.02-18.27.33:683][  0]LogConfig: Setting CVar [[r.SSGI.Enable:0]]
[2022.11.02-18.27.33:683][  0]LogConfig: Setting CVar [[r.DefaultFeature.AntiAliasing:0]]
[2022.11.02-18.27.33:683][  0]LogConfig: Setting CVar [[r.DefaultFeature.LightUnits:1]]
[2022.11.02-18.27.33:684][  0]LogConfig: Setting CVar [[r.DefaultBackBufferPixelFormat:4]]
[2022.11.02-18.27.33:684][  0]LogConfig: Setting CVar [[r.Shadow.UnbuiltPreviewInGame:1]]
[2022.11.02-18.27.33:684][  0]LogConfig: Setting CVar [[r.StencilForLODDither:0]]
[2022.11.02-18.27.33:684][  0]LogConfig: Setting CVar [[r.EarlyZPass:3]]
[2022.11.02-18.27.33:685][  0]LogConfig: Setting CVar [[r.EarlyZPassOnlyMaterialMasking:0]]
[2022.11.02-18.27.33:687][  0]LogConfig: Setting CVar [[r.DBuffer:1]]
[2022.11.02-18.27.33:687][  0]LogConfig: Setting CVar [[r.ClearSceneMethod:1]]
[2022.11.02-18.27.33:687][  0]LogConfig: Setting CVar [[r.BasePassOutputsVelocity:0]]
[2022.11.02-18.27.33:688][  0]LogConfig: Setting CVar [[r.VertexDeformationOutputsVelocity:0]]
[2022.11.02-18.27.33:688][  0]LogConfig: Setting CVar [[r.SelectiveBasePassOutputs:0]]
[2022.11.02-18.27.33:688][  0]LogConfig: Setting CVar [[fx.GPUSimulationTextureSizeX:1024]]
[2022.11.02-18.27.33:688][  0]LogConfig: Setting CVar [[fx.GPUSimulationTextureSizeY:1024]]
[2022.11.02-18.27.33:689][  0]LogConfig: Setting CVar [[r.AllowGlobalClipPlane:0]]
[2022.11.02-18.27.33:689][  0]LogConfig: Setting CVar [[r.GBufferFormat:1]]
[2022.11.02-18.27.33:689][  0]LogConfig: Setting CVar [[r.MorphTarget.Mode:1]]
[2022.11.02-18.27.33:689][  0]LogConfig: Setting CVar [[vr.InstancedStereo:0]]
[2022.11.02-18.27.33:690][  0]LogConfig: Setting CVar [[r.MobileHDR:1]]
[2022.11.02-18.27.33:690][  0]LogConfig: Setting CVar [[vr.MobileMultiView:0]]
[2022.11.02-18.27.33:690][  0]LogConfig: Setting CVar [[r.Mobile.UseHWsRGBEncoding:0]]
[2022.11.02-18.27.33:690][  0]LogConfig: Setting CVar [[vr.RoundRobinOcclusion:0]]
[2022.11.02-18.27.33:691][  0]LogConfig: Setting CVar [[vr.ODSCapture:0]]
[2022.11.02-18.27.33:691][  0]LogConfig: Setting CVar [[r.MeshStreaming:0]]
[2022.11.02-18.27.33:691][  0]LogConfig: Setting CVar [[r.WireframeCullThreshold:5.000000]]
[2022.11.02-18.27.33:691][  0]LogConfig: Setting CVar [[r.RayTracing:0]]
[2022.11.02-18.27.33:692][  0]LogConfig: Setting CVar [[r.RayTracing.UseTextureLod:0]]
[2022.11.02-18.27.33:692][  0]LogConfig: Setting CVar [[r.SupportStationarySkylight:1]]
[2022.11.02-18.27.33:692][  0]LogConfig: Setting CVar [[r.SupportLowQualityLightmaps:1]]
[2022.11.02-18.27.33:692][  0]LogConfig: Setting CVar [[r.SupportPointLightWholeSceneShadows:1]]
[2022.11.02-18.27.33:693][  0]LogConfig: Setting CVar [[r.SupportAtmosphericFog:1]]
[2022.11.02-18.27.33:693][  0]LogConfig: Setting CVar [[r.SupportSkyAtmosphere:1]]
[2022.11.02-18.27.33:693][  0]LogConfig: Setting CVar [[r.SupportSkyAtmosphereAffectsHeightFog:0]]
[2022.11.02-18.27.33:693][  0]LogConfig: Setting CVar [[r.SkinCache.CompileShaders:0]]
[2022.11.02-18.27.33:694][  0]LogConfig: Setting CVar [[r.SkinCache.DefaultBehavior:1]]
[2022.11.02-18.27.33:694][  0]LogConfig: Setting CVar [[r.SkinCache.SceneMemoryLimitInMB:128.000000]]
[2022.11.02-18.27.33:694][  0]LogConfig: Setting CVar [[r.Mobile.EnableStaticAndCSMShadowReceivers:1]]
[2022.11.02-18.27.33:695][  0]LogConfig: Setting CVar [[r.Mobile.EnableMovableLightCSMShaderCulling:1]]
[2022.11.02-18.27.33:695][  0]LogConfig: Setting CVar [[r.Mobile.AllowDistanceFieldShadows:1]]
[2022.11.02-18.27.33:695][  0]LogConfig: Setting CVar [[r.Mobile.AllowMovableDirectionalLights:1]]
[2022.11.02-18.27.33:695][  0]LogConfig: Setting CVar [[r.MobileNumDynamicPointLights:4]]
[2022.11.02-18.27.33:696][  0]LogConfig: Setting CVar [[r.MobileDynamicPointLightsUseStaticBranch:1]]
[2022.11.02-18.27.33:696][  0]LogConfig: Setting CVar [[r.Mobile.EnableMovableSpotlights:0]]
[2022.11.02-18.27.33:696][  0]LogConfig: Setting CVar [[r.Mobile.EnableMovableSpotlightsShadow:0]]
[2022.11.02-18.27.33:697][  0]LogConfig: Setting CVar [[r.GPUSkin.Support16BitBoneIndex:0]]
[2022.11.02-18.27.33:697][  0]LogConfig: Setting CVar [[r.GPUSkin.Limit2BoneInfluences:0]]
[2022.11.02-18.27.33:697][  0]LogConfig: Setting CVar [[r.SupportDepthOnlyIndexBuffers:1]]
[2022.11.02-18.27.33:697][  0]LogConfig: Setting CVar [[r.SupportReversedIndexBuffers:1]]
[2022.11.02-18.27.33:698][  0]LogConfig: Setting CVar [[r.LightPropagationVolume:0]]
[2022.11.02-18.27.33:698][  0]LogConfig: Setting CVar [[r.Mobile.AmbientOcclusion:0]]
[2022.11.02-18.27.33:698][  0]LogConfig: Setting CVar [[r.GPUSkin.UnlimitedBoneInfluences:0]]
[2022.11.02-18.27.33:699][  0]LogConfig: Setting CVar [[r.GPUSkin.UnlimitedBoneInfluencesThreshold:8]]
[2022.11.02-18.27.33:699][  0]LogConfig: Setting CVar [[r.Mobile.PlanarReflectionMode:0]]
[2022.11.02-18.27.33:699][  0]LogConfig: Setting CVar [[r.Mobile.SupportsGen4TAA:0]]
[2022.11.02-18.27.33:699][  0]LogConfig: Applying CVar settings from Section [/Script/Engine.RendererOverrideSettings] File [C:/Users/danie/Documents/Gamedev VR/game/UE4 game/fpsgame/Saved/Config/Windows/Engine.ini]
[2022.11.02-18.27.33:700][  0]LogConfig: Applying CVar settings from Section [/Script/Engine.StreamingSettings] File [C:/Users/danie/Documents/Gamedev VR/game/UE4 game/fpsgame/Saved/Config/Windows/Engine.ini]
[2022.11.02-18.27.33:700][  0]LogConfig: Setting CVar [[s.MinBulkDataSizeForAsyncLoading:131072]]
[2022.11.02-18.27.33:700][  0]LogConfig: Setting CVar [[s.AsyncLoadingThreadEnabled:0]]
[2022.11.02-18.27.33:701][  0]LogConfig: Setting CVar [[s.EventDrivenLoaderEnabled:1]]
[2022.11.02-18.27.33:702][  0]LogConfig: Setting CVar [[s.WarnIfTimeLimitExceeded:0]]
[2022.11.02-18.27.33:703][  0]LogConfig: Setting CVar [[s.TimeLimitExceededMultiplier:1.5]]
[2022.11.02-18.27.33:703][  0]LogConfig: Setting CVar [[s.TimeLimitExceededMinTime:0.005]]
[2022.11.02-18.27.33:703][  0]LogConfig: Setting CVar [[s.UseBackgroundLevelStreaming:1]]
[2022.11.02-18.27.33:703][  0]LogConfig: Setting CVar [[s.PriorityAsyncLoadingExtraTime:15.0]]
[2022.11.02-18.27.33:704][  0]LogConfig: Setting CVar [[s.LevelStreamingActorsUpdateTimeLimit:5.0]]
[2022.11.02-18.27.33:704][  0]LogConfig: Setting CVar [[s.PriorityLevelStreamingActorsUpdateExtraTime:5.0]]
[2022.11.02-18.27.33:704][  0]LogConfig: Setting CVar [[s.LevelStreamingComponentsRegistrationGranularity:10]]
[2022.11.02-18.27.33:704][  0]LogConfig: Setting CVar [[s.UnregisterComponentsTimeLimit:1.0]]
[2022.11.02-18.27.33:705][  0]LogConfig: Setting CVar [[s.LevelStreamingComponentsUnregistrationGranularity:5]]
[2022.11.02-18.27.33:705][  0]LogConfig: Setting CVar [[s.FlushStreamingOnExit:1]]
[2022.11.02-18.27.33:705][  0]LogConfig: Applying CVar settings from Section [/Script/Engine.GarbageCollectionSettings] File [C:/Users/danie/Documents/Gamedev VR/game/UE4 game/fpsgame/Saved/Config/Windows/Engine.ini]
[2022.11.02-18.27.33:705][  0]LogConfig: Setting CVar [[gc.MaxObjectsNotConsideredByGC:1]]
[2022.11.02-18.27.33:706][  0]LogConfig: Setting CVar [[gc.SizeOfPermanentObjectPool:0]]
[2022.11.02-18.27.33:706][  0]LogConfig: Setting CVar [[gc.FlushStreamingOnGC:0]]
[2022.11.02-18.27.33:706][  0]LogConfig: Setting CVar [[gc.NumRetriesBeforeForcingGC:10]]
[2022.11.02-18.27.33:706][  0]LogConfig: Setting CVar [[gc.AllowParallelGC:1]]
[2022.11.02-18.27.33:707][  0]LogConfig: Setting CVar [[gc.TimeBetweenPurgingPendingKillObjects:61.1]]
[2022.11.02-18.27.33:707][  0]LogConfig: Setting CVar [[gc.MaxObjectsInEditor:25165824]]
[2022.11.02-18.27.33:707][  0]LogConfig: Setting CVar [[gc.IncrementalBeginDestroyEnabled:1]]
[2022.11.02-18.27.33:707][  0]LogConfig: Setting CVar [[gc.CreateGCClusters:1]]
[2022.11.02-18.27.33:708][  0]LogConfig: Setting CVar [[gc.MinGCClusterSize:5]]
[2022.11.02-18.27.33:708][  0]LogConfig: Setting CVar [[gc.ActorClusteringEnabled:0]]
[2022.11.02-18.27.33:708][  0]LogConfig: Setting CVar [[gc.BlueprintClusteringEnabled:0]]
[2022.11.02-18.27.33:708][  0]LogConfig: Setting CVar [[gc.UseDisregardForGCOnDedicatedServers:0]]
[2022.11.02-18.27.33:709][  0]LogConfig: Setting CVar [[gc.MultithreadedDestructionEnabled:1]]
[2022.11.02-18.27.33:709][  0]LogConfig: Applying CVar settings from Section [/Script/Engine.NetworkSettings] File [C:/Users/danie/Documents/Gamedev VR/game/UE4 game/fpsgame/Saved/Config/Windows/Engine.ini]
[2022.11.02-18.27.33:709][  0]LogConfig: Applying CVar settings from Section [/Script/UnrealEd.CookerSettings] File [C:/Users/danie/Documents/Gamedev VR/game/UE4 game/fpsgame/Saved/Config/Windows/Engine.ini]
[2022.11.02-18.27.33:709][  0]LogConfig: Applying CVar settings from Section [ViewDistanceQuality@3] File [C:/Users/danie/Documents/Gamedev VR/game/UE4 game/fpsgame/Saved/Config/Windows/Scalability.ini]
[2022.11.02-18.27.33:710][  0]LogConfig: Setting CVar [[r.SkeletalMeshLODBias:0]]
[2022.11.02-18.27.33:710][  0]LogConfig: Setting CVar [[r.ViewDistanceScale:1.0]]
[2022.11.02-18.27.33:710][  0]LogConfig: Applying CVar settings from Section [AntiAliasingQuality@3] File [C:/Users/danie/Documents/Gamedev VR/game/UE4 game/fpsgame/Saved/Config/Windows/Scalability.ini]
[2022.11.02-18.27.33:710][  0]LogConfig: Setting CVar [[r.PostProcessAAQuality:4]]
[2022.11.02-18.27.33:711][  0]LogConfig: Applying CVar settings from Section [ShadowQuality@3] File [C:/Users/danie/Documents/Gamedev VR/game/UE4 game/fpsgame/Saved/Config/Windows/Scalability.ini]
[2022.11.02-18.27.33:711][  0]LogConfig: Setting CVar [[r.LightFunctionQuality:1]]
[2022.11.02-18.27.33:711][  0]LogConfig: Setting CVar [[r.ShadowQuality:5]]
[2022.11.02-18.27.33:712][  0]LogConfig: Setting CVar [[r.Shadow.CSM.MaxCascades:10]]
[2022.11.02-18.27.33:712][  0]LogConfig: Setting CVar [[r.Shadow.MaxResolution:2048]]
[2022.11.02-18.27.33:712][  0]LogConfig: Setting CVar [[r.Shadow.MaxCSMResolution:2048]]
[2022.11.02-18.27.33:713][  0]LogConfig: Setting CVar [[r.Shadow.RadiusThreshold:0.01]]
[2022.11.02-18.27.33:713][  0]LogConfig: Setting CVar [[r.Shadow.DistanceScale:1.0]]
[2022.11.02-18.27.33:713][  0]LogConfig: Setting CVar [[r.Shadow.CSM.TransitionScale:1.0]]
[2022.11.02-18.27.33:713][  0]LogConfig: Setting CVar [[r.Shadow.PreShadowResolutionFactor:1.0]]
[2022.11.02-18.27.33:714][  0]LogConfig: Setting CVar [[r.DistanceFieldShadowing:1]]
[2022.11.02-18.27.33:714][  0]LogConfig: Setting CVar [[r.DistanceFieldAO:1]]
[2022.11.02-18.27.33:714][  0]LogConfig: Setting CVar [[r.AOQuality:2]]
[2022.11.02-18.27.33:714][  0]LogConfig: Setting CVar [[r.VolumetricFog:1]]
[2022.11.02-18.27.33:715][  0]LogConfig: Setting CVar [[r.VolumetricFog.GridPixelSize:8]]
[2022.11.02-18.27.33:715][  0]LogConfig: Setting CVar [[r.VolumetricFog.GridSizeZ:128]]
[2022.11.02-18.27.33:715][  0]LogConfig: Setting CVar [[r.VolumetricFog.HistoryMissSupersampleCount:4]]
[2022.11.02-18.27.33:715][  0]LogConfig: Setting CVar [[r.LightMaxDrawDistanceScale:1]]
[2022.11.02-18.27.33:716][  0]LogConfig: Setting CVar [[r.CapsuleShadows:1]]
[2022.11.02-18.27.33:716][  0]LogConfig: Applying CVar settings from Section [PostProcessQuality@3] File [C:/Users/danie/Documents/Gamedev VR/game/UE4 game/fpsgame/Saved/Config/Windows/Scalability.ini]
[2022.11.02-18.27.33:716][  0]LogConfig: Setting CVar [[r.MotionBlurQuality:4]]
[2022.11.02-18.27.33:716][  0]LogConfig: Setting CVar [[r.AmbientOcclusionMipLevelFactor:0.4]]
[2022.11.02-18.27.33:717][  0]LogConfig: Setting CVar [[r.AmbientOcclusionMaxQuality:100]]
[2022.11.02-18.27.33:719][  0]LogConfig: Setting CVar [[r.AmbientOcclusionLevels:-1]]
[2022.11.02-18.27.33:719][  0]LogConfig: Setting CVar [[r.AmbientOcclusionRadiusScale:1.0]]
[2022.11.02-18.27.33:720][  0]LogConfig: Setting CVar [[r.DepthOfFieldQuality:2]]
[2022.11.02-18.27.33:720][  0]LogConfig: Setting CVar [[r.RenderTargetPoolMin:400]]
[2022.11.02-18.27.33:720][  0]LogConfig: Setting CVar [[r.LensFlareQuality:2]]
[2022.11.02-18.27.33:721][  0]LogConfig: Setting CVar [[r.SceneColorFringeQuality:1]]
[2022.11.02-18.27.33:721][  0]LogConfig: Setting CVar [[r.EyeAdaptationQuality:2]]
[2022.11.02-18.27.33:721][  0]LogConfig: Setting CVar [[r.BloomQuality:5]]
[2022.11.02-18.27.33:721][  0]LogConfig: Setting CVar [[r.FastBlurThreshold:100]]
[2022.11.02-18.27.33:722][  0]LogConfig: Setting CVar [[r.Upscale.Quality:3]]
[2022.11.02-18.27.33:722][  0]LogConfig: Setting CVar [[r.Tonemapper.GrainQuantization:1]]
[2022.11.02-18.27.33:722][  0]LogConfig: Setting CVar [[r.LightShaftQuality:1]]
[2022.11.02-18.27.33:722][  0]LogConfig: Setting CVar [[r.Filter.SizeScale:1]]
[2022.11.02-18.27.33:723][  0]LogConfig: Setting CVar [[r.Tonemapper.Quality:5]]
[2022.11.02-18.27.33:723][  0]LogConfig: Setting CVar [[r.DOF.Gather.AccumulatorQuality:1        ; higher gathering accumulator quality]]
[2022.11.02-18.27.33:723][  0]LogConfig: Setting CVar [[r.DOF.Gather.PostfilterMethod:1          ; Median3x3 postfilering method]]
[2022.11.02-18.27.33:723][  0]LogConfig: Setting CVar [[r.DOF.Gather.EnableBokehSettings:0       ; no bokeh simulation when gathering]]
[2022.11.02-18.27.33:724][  0]LogConfig: Setting CVar [[r.DOF.Gather.RingCount:4                 ; medium number of samples when gathering]]
[2022.11.02-18.27.33:724][  0]LogConfig: Setting CVar [[r.DOF.Scatter.ForegroundCompositing:1    ; additive foreground scattering]]
[2022.11.02-18.27.33:724][  0]LogConfig: Setting CVar [[r.DOF.Scatter.BackgroundCompositing:2    ; additive background scattering]]
[2022.11.02-18.27.33:724][  0]LogConfig: Setting CVar [[r.DOF.Scatter.EnableBokehSettings:1      ; bokeh simulation when scattering]]
[2022.11.02-18.27.33:725][  0]LogConfig: Setting CVar [[r.DOF.Scatter.MaxSpriteRatio:0.1         ; only a maximum of 10% of scattered bokeh]]
[2022.11.02-18.27.33:725][  0]LogConfig: Setting CVar [[r.DOF.Recombine.Quality:1                ; cheap slight out of focus]]
[2022.11.02-18.27.33:725][  0]LogConfig: Setting CVar [[r.DOF.Recombine.EnableBokehSettings:0    ; no bokeh simulation on slight out of focus]]
[2022.11.02-18.27.33:725][  0]LogConfig: Setting CVar [[r.DOF.TemporalAAQuality:1                ; more stable temporal accumulation]]
[2022.11.02-18.27.33:726][  0]LogConfig: Setting CVar [[r.DOF.Kernel.MaxForegroundRadius:0.025]]
[2022.11.02-18.27.33:726][  0]LogConfig: Setting CVar [[r.DOF.Kernel.MaxBackgroundRadius:0.025]]
[2022.11.02-18.27.33:726][  0]LogConfig: Applying CVar settings from Section [TextureQuality@3] File [C:/Users/danie/Documents/Gamedev VR/game/UE4 game/fpsgame/Saved/Config/Windows/Scalability.ini]
[2022.11.02-18.27.33:727][  0]LogConfig: Setting CVar [[r.Streaming.MipBias:0]]
[2022.11.02-18.27.33:727][  0]LogConfig: Setting CVar [[r.Streaming.AmortizeCPUToGPUCopy:0]]
[2022.11.02-18.27.33:727][  0]LogConfig: Setting CVar [[r.Streaming.MaxNumTexturesToStreamPerFrame:0]]
[2022.11.02-18.27.33:727][  0]LogConfig: Setting CVar [[r.Streaming.Boost:1]]
[2022.11.02-18.27.33:728][  0]LogConfig: Setting CVar [[r.MaxAnisotropy:8]]
[2022.11.02-18.27.33:728][  0]LogConfig: Setting CVar [[r.VT.MaxAnisotropy:8]]
[2022.11.02-18.27.33:728][  0]LogConfig: Setting CVar [[r.Streaming.LimitPoolSizeToVRAM:0]]
[2022.11.02-18.27.33:728][  0]LogConfig: Setting CVar [[r.Streaming.PoolSize:1000]]
[2022.11.02-18.27.33:729][  0]LogConfig: Setting CVar [[r.Streaming.MaxEffectiveScreenSize:0]]
[2022.11.02-18.27.33:729][  0]LogConfig: Applying CVar settings from Section [EffectsQuality@3] File [C:/Users/danie/Documents/Gamedev VR/game/UE4 game/fpsgame/Saved/Config/Windows/Scalability.ini]
[2022.11.02-18.27.33:729][  0]LogConfig: Setting CVar [[r.TranslucencyLightingVolumeDim:64]]
[2022.11.02-18.27.33:729][  0]LogConfig: Setting CVar [[r.RefractionQuality:2]]
[2022.11.02-18.27.33:730][  0]LogConfig: Setting CVar [[r.SSR.Quality:3]]
[2022.11.02-18.27.33:730][  0]LogConfig: Setting CVar [[r.SSR.HalfResSceneColor:0]]
[2022.11.02-18.27.33:730][  0]LogConfig: Setting CVar [[r.SceneColorFormat:4]]
[2022.11.02-18.27.33:731][  0]LogConfig: Setting CVar [[r.DetailMode:2]]
[2022.11.02-18.27.33:731][  0]LogConfig: Setting CVar [[r.TranslucencyVolumeBlur:1]]
[2022.11.02-18.27.33:731][  0]LogConfig: Setting CVar [[r.MaterialQualityLevel:1 ; High quality]]
[2022.11.02-18.27.33:731][  0]LogConfig: Setting CVar [[r.AnisotropicMaterials:1]]
[2022.11.02-18.27.33:732][  0]LogConfig: Setting CVar [[r.SSS.Scale:1]]
[2022.11.02-18.27.33:732][  0]LogConfig: Setting CVar [[r.SSS.SampleSet:2]]
[2022.11.02-18.27.33:732][  0]LogConfig: Setting CVar [[r.SSS.Quality:1]]
[2022.11.02-18.27.33:732][  0]LogConfig: Setting CVar [[r.SSS.HalfRes:0]]
[2022.11.02-18.27.33:733][  0]LogConfig: Setting CVar [[r.SSGI.Quality:3]]
[2022.11.02-18.27.33:735][  0]LogConfig: Setting CVar [[r.EmitterSpawnRateScale:1.0]]
[2022.11.02-18.27.33:735][  0]LogConfig: Setting CVar [[r.ParticleLightQuality:2]]
[2022.11.02-18.27.33:736][  0]LogConfig: Setting CVar [[r.SkyAtmosphere.AerialPerspectiveLUT.FastApplyOnOpaque:1 ; Always have FastSkyLUT 1 in this case to avoid wrong sky]]
[2022.11.02-18.27.33:736][  0]LogConfig: Setting CVar [[r.SkyAtmosphere.AerialPerspectiveLUT.SampleCountMaxPerSlice:4]]
[2022.11.02-18.27.33:737][  0]LogConfig: Setting CVar [[r.SkyAtmosphere.AerialPerspectiveLUT.DepthResolution:16.0]]
[2022.11.02-18.27.33:737][  0]LogConfig: Setting CVar [[r.SkyAtmosphere.FastSkyLUT:1]]
[2022.11.02-18.27.33:737][  0]LogConfig: Setting CVar [[r.SkyAtmosphere.FastSkyLUT.SampleCountMin:4.0]]
[2022.11.02-18.27.33:738][  0]LogConfig: Setting CVar [[r.SkyAtmosphere.FastSkyLUT.SampleCountMax:128.0]]
[2022.11.02-18.27.33:738][  0]LogConfig: Setting CVar [[r.SkyAtmosphere.SampleCountMin:4.0]]
[2022.11.02-18.27.33:738][  0]LogConfig: Setting CVar [[r.SkyAtmosphere.SampleCountMax:128.0]]
[2022.11.02-18.27.33:739][  0]LogConfig: Setting CVar [[r.SkyAtmosphere.TransmittanceLUT.UseSmallFormat:0]]
[2022.11.02-18.27.33:739][  0]LogConfig: Setting CVar [[r.SkyAtmosphere.TransmittanceLUT.SampleCount:10.0]]
[2022.11.02-18.27.33:739][  0]LogConfig: Setting CVar [[r.SkyAtmosphere.MultiScatteringLUT.SampleCount:15.0]]
[2022.11.02-18.27.33:739][  0]LogConfig: Setting CVar [[r.SkyLight.RealTimeReflectionCapture:1]]
[2022.11.02-18.27.33:740][  0]LogConfig: Applying CVar settings from Section [FoliageQuality@3] File [C:/Users/danie/Documents/Gamedev VR/game/UE4 game/fpsgame/Saved/Config/Windows/Scalability.ini]
[2022.11.02-18.27.33:740][  0]LogConfig: Setting CVar [[foliage.DensityScale:1.0]]
[2022.11.02-18.27.33:740][  0]LogConfig: Setting CVar [[grass.DensityScale:1.0]]
[2022.11.02-18.27.33:741][  0]LogConfig: Applying CVar settings from Section [ShadingQuality@3] File [C:/Users/danie/Documents/Gamedev VR/game/UE4 game/fpsgame/Saved/Config/Windows/Scalability.ini]
[2022.11.02-18.27.33:741][  0]LogConfig: Setting CVar [[r.HairStrands.SkyLighting.IntegrationType:2]]
[2022.11.02-18.27.33:741][  0]LogConfig: Setting CVar [[r.HairStrands.SkyAO.SampleCount:4]]
[2022.11.02-18.27.33:741][  0]LogConfig: Setting CVar [[r.HairStrands.Visibility.MSAA.SamplePerPixel:4]]
[2022.11.02-18.27.33:742][  0]LogInit: Selected Device Profile: [Windows]
[2022.11.02-18.27.33:742][  0]LogInit: Applying CVar settings loaded from the selected device profile: [Windows]
[2022.11.02-18.27.33:742][  0]LogHAL: Display: Platform has ~ 16 GB [17128247296 / 17179869184 / 16], which maps to Larger [LargestMinGB=32, LargerMinGB=12, DefaultMinGB=8, SmallerMinGB=6, SmallestMinGB=0)
[2022.11.02-18.27.33:742][  0]LogInit: Going up to parent DeviceProfile []
[2022.11.02-18.27.33:743][  0]LogConfig: Applying CVar settings from Section [ViewDistanceQuality@3] File [C:/Users/danie/Documents/Gamedev VR/game/UE4 game/fpsgame/Saved/Config/Windows/Scalability.ini]
[2022.11.02-18.27.33:743][  0]LogConfig: Setting CVar [[r.SkeletalMeshLODBias:0]]
[2022.11.02-18.27.33:743][  0]LogConfig: Setting CVar [[r.ViewDistanceScale:1.0]]
[2022.11.02-18.27.33:743][  0]LogConfig: Applying CVar settings from Section [AntiAliasingQuality@3] File [C:/Users/danie/Documents/Gamedev VR/game/UE4 game/fpsgame/Saved/Config/Windows/Scalability.ini]
[2022.11.02-18.27.33:744][  0]LogConfig: Setting CVar [[r.PostProcessAAQuality:4]]
[2022.11.02-18.27.33:744][  0]LogConfig: Applying CVar settings from Section [ShadowQuality@3] File [C:/Users/danie/Documents/Gamedev VR/game/UE4 game/fpsgame/Saved/Config/Windows/Scalability.ini]
[2022.11.02-18.27.33:744][  0]LogConfig: Setting CVar [[r.LightFunctionQuality:1]]
[2022.11.02-18.27.33:744][  0]LogConfig: Setting CVar [[r.ShadowQuality:5]]
[2022.11.02-18.27.33:745][  0]LogConfig: Setting CVar [[r.Shadow.CSM.MaxCascades:10]]
[2022.11.02-18.27.33:745][  0]LogConfig: Setting CVar [[r.Shadow.MaxResolution:2048]]
[2022.11.02-18.27.33:745][  0]LogConfig: Setting CVar [[r.Shadow.MaxCSMResolution:2048]]
[2022.11.02-18.27.33:746][  0]LogConfig: Setting CVar [[r.Shadow.RadiusThreshold:0.01]]
[2022.11.02-18.27.33:746][  0]LogConfig: Setting CVar [[r.Shadow.DistanceScale:1.0]]
[2022.11.02-18.27.33:746][  0]LogConfig: Setting CVar [[r.Shadow.CSM.TransitionScale:1.0]]
[2022.11.02-18.27.33:746][  0]LogConfig: Setting CVar [[r.Shadow.PreShadowResolutionFactor:1.0]]
[2022.11.02-18.27.33:747][  0]LogConfig: Setting CVar [[r.DistanceFieldShadowing:1]]
[2022.11.02-18.27.33:747][  0]LogConfig: Setting CVar [[r.DistanceFieldAO:1]]
[2022.11.02-18.27.33:747][  0]LogConfig: Setting CVar [[r.AOQuality:2]]
[2022.11.02-18.27.33:747][  0]LogConfig: Setting CVar [[r.VolumetricFog:1]]
[2022.11.02-18.27.33:748][  0]LogConfig: Setting CVar [[r.VolumetricFog.GridPixelSize:8]]
[2022.11.02-18.27.33:748][  0]LogConfig: Setting CVar [[r.VolumetricFog.GridSizeZ:128]]
[2022.11.02-18.27.33:748][  0]LogConfig: Setting CVar [[r.VolumetricFog.HistoryMissSupersampleCount:4]]
[2022.11.02-18.27.33:748][  0]LogConfig: Setting CVar [[r.LightMaxDrawDistanceScale:1]]
[2022.11.02-18.27.33:749][  0]LogConfig: Setting CVar [[r.CapsuleShadows:1]]
[2022.11.02-18.27.33:751][  0]LogConfig: Applying CVar settings from Section [PostProcessQuality@3] File [C:/Users/danie/Documents/Gamedev VR/game/UE4 game/fpsgame/Saved/Config/Windows/Scalability.ini]
[2022.11.02-18.27.33:751][  0]LogConfig: Setting CVar [[r.MotionBlurQuality:4]]
[2022.11.02-18.27.33:751][  0]LogConfig: Setting CVar [[r.AmbientOcclusionMipLevelFactor:0.4]]
[2022.11.02-18.27.33:752][  0]LogConfig: Setting CVar [[r.AmbientOcclusionMaxQuality:100]]
[2022.11.02-18.27.33:752][  0]LogConfig: Setting CVar [[r.AmbientOcclusionLevels:-1]]
[2022.11.02-18.27.33:752][  0]LogConfig: Setting CVar [[r.AmbientOcclusionRadiusScale:1.0]]
[2022.11.02-18.27.33:752][  0]LogConfig: Setting CVar [[r.DepthOfFieldQuality:2]]
[2022.11.02-18.27.33:753][  0]LogConfig: Setting CVar [[r.RenderTargetPoolMin:400]]
[2022.11.02-18.27.33:753][  0]LogConfig: Setting CVar [[r.LensFlareQuality:2]]
[2022.11.02-18.27.33:753][  0]LogConfig: Setting CVar [[r.SceneColorFringeQuality:1]]
[2022.11.02-18.27.33:753][  0]LogConfig: Setting CVar [[r.EyeAdaptationQuality:2]]
[2022.11.02-18.27.33:754][  0]LogConfig: Setting CVar [[r.BloomQuality:5]]
[2022.11.02-18.27.33:754][  0]LogConfig: Setting CVar [[r.FastBlurThreshold:100]]
[2022.11.02-18.27.33:754][  0]LogConfig: Setting CVar [[r.Upscale.Quality:3]]
[2022.11.02-18.27.33:754][  0]LogConfig: Setting CVar [[r.Tonemapper.GrainQuantization:1]]
[2022.11.02-18.27.33:755][  0]LogConfig: Setting CVar [[r.LightShaftQuality:1]]
[2022.11.02-18.27.33:755][  0]LogConfig: Setting CVar [[r.Filter.SizeScale:1]]
[2022.11.02-18.27.33:755][  0]LogConfig: Setting CVar [[r.Tonemapper.Quality:5]]
[2022.11.02-18.27.33:755][  0]LogConfig: Setting CVar [[r.DOF.Gather.AccumulatorQuality:1        ; higher gathering accumulator quality]]
[2022.11.02-18.27.33:756][  0]LogConfig: Setting CVar [[r.DOF.Gather.PostfilterMethod:1          ; Median3x3 postfilering method]]
[2022.11.02-18.27.33:756][  0]LogConfig: Setting CVar [[r.DOF.Gather.EnableBokehSettings:0       ; no bokeh simulation when gathering]]
[2022.11.02-18.27.33:756][  0]LogConfig: Setting CVar [[r.DOF.Gather.RingCount:4                 ; medium number of samples when gathering]]
[2022.11.02-18.27.33:756][  0]LogConfig: Setting CVar [[r.DOF.Scatter.ForegroundCompositing:1    ; additive foreground scattering]]
[2022.11.02-18.27.33:757][  0]LogConfig: Setting CVar [[r.DOF.Scatter.BackgroundCompositing:2    ; additive background scattering]]
[2022.11.02-18.27.33:757][  0]LogConfig: Setting CVar [[r.DOF.Scatter.EnableBokehSettings:1      ; bokeh simulation when scattering]]
[2022.11.02-18.27.33:757][  0]LogConfig: Setting CVar [[r.DOF.Scatter.MaxSpriteRatio:0.1         ; only a maximum of 10% of scattered bokeh]]
[2022.11.02-18.27.33:757][  0]LogConfig: Setting CVar [[r.DOF.Recombine.Quality:1                ; cheap slight out of focus]]
[2022.11.02-18.27.33:758][  0]LogConfig: Setting CVar [[r.DOF.Recombine.EnableBokehSettings:0    ; no bokeh simulation on slight out of focus]]
[2022.11.02-18.27.33:758][  0]LogConfig: Setting CVar [[r.DOF.TemporalAAQuality:1                ; more stable temporal accumulation]]
[2022.11.02-18.27.33:758][  0]LogConfig: Setting CVar [[r.DOF.Kernel.MaxForegroundRadius:0.025]]
[2022.11.02-18.27.33:758][  0]LogConfig: Setting CVar [[r.DOF.Kernel.MaxBackgroundRadius:0.025]]
[2022.11.02-18.27.33:759][  0]LogConfig: Applying CVar settings from Section [TextureQuality@3] File [C:/Users/danie/Documents/Gamedev VR/game/UE4 game/fpsgame/Saved/Config/Windows/Scalability.ini]
[2022.11.02-18.27.33:759][  0]LogConfig: Setting CVar [[r.Streaming.MipBias:0]]
[2022.11.02-18.27.33:759][  0]LogConfig: Setting CVar [[r.Streaming.AmortizeCPUToGPUCopy:0]]
[2022.11.02-18.27.33:759][  0]LogConfig: Setting CVar [[r.Streaming.MaxNumTexturesToStreamPerFrame:0]]
[2022.11.02-18.27.33:760][  0]LogConfig: Setting CVar [[r.Streaming.Boost:1]]
[2022.11.02-18.27.33:760][  0]LogConfig: Setting CVar [[r.MaxAnisotropy:8]]
[2022.11.02-18.27.33:760][  0]LogConfig: Setting CVar [[r.VT.MaxAnisotropy:8]]
[2022.11.02-18.27.33:760][  0]LogConfig: Setting CVar [[r.Streaming.LimitPoolSizeToVRAM:0]]
[2022.11.02-18.27.33:761][  0]LogConfig: Setting CVar [[r.Streaming.PoolSize:1000]]
[2022.11.02-18.27.33:761][  0]LogConfig: Setting CVar [[r.Streaming.MaxEffectiveScreenSize:0]]
[2022.11.02-18.27.33:761][  0]LogConfig: Applying CVar settings from Section [EffectsQuality@3] File [C:/Users/danie/Documents/Gamedev VR/game/UE4 game/fpsgame/Saved/Config/Windows/Scalability.ini]
[2022.11.02-18.27.33:761][  0]LogConfig: Setting CVar [[r.TranslucencyLightingVolumeDim:64]]
[2022.11.02-18.27.33:762][  0]LogConfig: Setting CVar [[r.RefractionQuality:2]]
[2022.11.02-18.27.33:762][  0]LogConfig: Setting CVar [[r.SSR.Quality:3]]
[2022.11.02-18.27.33:763][  0]LogConfig: Setting CVar [[r.SSR.HalfResSceneColor:0]]
[2022.11.02-18.27.33:763][  0]LogConfig: Setting CVar [[r.SceneColorFormat:4]]
[2022.11.02-18.27.33:763][  0]LogConfig: Setting CVar [[r.DetailMode:2]]
[2022.11.02-18.27.33:764][  0]LogConfig: Setting CVar [[r.TranslucencyVolumeBlur:1]]
[2022.11.02-18.27.33:764][  0]LogConfig: Setting CVar [[r.MaterialQualityLevel:1 ; High quality]]
[2022.11.02-18.27.33:764][  0]LogConfig: Setting CVar [[r.AnisotropicMaterials:1]]
[2022.11.02-18.27.33:765][  0]LogConfig: Setting CVar [[r.SSS.Scale:1]]
[2022.11.02-18.27.33:767][  0]LogConfig: Setting CVar [[r.SSS.SampleSet:2]]
[2022.11.02-18.27.33:767][  0]LogConfig: Setting CVar [[r.SSS.Quality:1]]
[2022.11.02-18.27.33:767][  0]LogConfig: Setting CVar [[r.SSS.HalfRes:0]]
[2022.11.02-18.27.33:768][  0]LogConfig: Setting CVar [[r.SSGI.Quality:3]]
[2022.11.02-18.27.33:768][  0]LogConfig: Setting CVar [[r.EmitterSpawnRateScale:1.0]]
[2022.11.02-18.27.33:768][  0]LogConfig: Setting CVar [[r.ParticleLightQuality:2]]
[2022.11.02-18.27.33:768][  0]LogConfig: Setting CVar [[r.SkyAtmosphere.AerialPerspectiveLUT.FastApplyOnOpaque:1 ; Always have FastSkyLUT 1 in this case to avoid wrong sky]]
[2022.11.02-18.27.33:768][  0]LogConfig: Setting CVar [[r.SkyAtmosphere.AerialPerspectiveLUT.SampleCountMaxPerSlice:4]]
[2022.11.02-18.27.33:769][  0]LogConfig: Setting CVar [[r.SkyAtmosphere.AerialPerspectiveLUT.DepthResolution:16.0]]
[2022.11.02-18.27.33:769][  0]LogConfig: Setting CVar [[r.SkyAtmosphere.FastSkyLUT:1]]
[2022.11.02-18.27.33:769][  0]LogConfig: Setting CVar [[r.SkyAtmosphere.FastSkyLUT.SampleCountMin:4.0]]
[2022.11.02-18.27.33:770][  0]LogConfig: Setting CVar [[r.SkyAtmosphere.FastSkyLUT.SampleCountMax:128.0]]
[2022.11.02-18.27.33:770][  0]LogConfig: Setting CVar [[r.SkyAtmosphere.SampleCountMin:4.0]]
[2022.11.02-18.27.33:770][  0]LogConfig: Setting CVar [[r.SkyAtmosphere.SampleCountMax:128.0]]
[2022.11.02-18.27.33:770][  0]LogConfig: Setting CVar [[r.SkyAtmosphere.TransmittanceLUT.UseSmallFormat:0]]
[2022.11.02-18.27.33:771][  0]LogConfig: Setting CVar [[r.SkyAtmosphere.TransmittanceLUT.SampleCount:10.0]]
[2022.11.02-18.27.33:771][  0]LogConfig: Setting CVar [[r.SkyAtmosphere.MultiScatteringLUT.SampleCount:15.0]]
[2022.11.02-18.27.33:771][  0]LogConfig: Setting CVar [[r.SkyLight.RealTimeReflectionCapture:1]]
[2022.11.02-18.27.33:771][  0]LogConfig: Applying CVar settings from Section [FoliageQuality@3] File [C:/Users/danie/Documents/Gamedev VR/game/UE4 game/fpsgame/Saved/Config/Windows/Scalability.ini]
[2022.11.02-18.27.33:772][  0]LogConfig: Setting CVar [[foliage.DensityScale:1.0]]
[2022.11.02-18.27.33:772][  0]LogConfig: Setting CVar [[grass.DensityScale:1.0]]
[2022.11.02-18.27.33:772][  0]LogConfig: Applying CVar settings from Section [ShadingQuality@3] File [C:/Users/danie/Documents/Gamedev VR/game/UE4 game/fpsgame/Saved/Config/Windows/Scalability.ini]
[2022.11.02-18.27.33:772][  0]LogConfig: Setting CVar [[r.HairStrands.SkyLighting.IntegrationType:2]]
[2022.11.02-18.27.33:773][  0]LogConfig: Setting CVar [[r.HairStrands.SkyAO.SampleCount:4]]
[2022.11.02-18.27.33:773][  0]LogConfig: Setting CVar [[r.HairStrands.Visibility.MSAA.SamplePerPixel:4]]
[2022.11.02-18.27.33:773][  0]LogConfig: Applying CVar settings from Section [Startup] File [../../../Engine/Config/ConsoleVariables.ini]
[2022.11.02-18.27.33:774][  0]LogConfig: Setting CVar [[net.UseAdaptiveNetUpdateFrequency:0]]
[2022.11.02-18.27.33:774][  0]LogConfig: Setting CVar [[p.chaos.AllowCreatePhysxBodies:1]]
[2022.11.02-18.27.33:774][  0]LogConfig: Setting CVar [[fx.SkipVectorVMBackendOptimizations:1]]
[2022.11.02-18.27.33:775][  0]LogConfig: Applying CVar settings from Section [ConsoleVariables] File [C:/Users/danie/Documents/Gamedev VR/game/UE4 game/fpsgame/Saved/Config/Windows/Engine.ini]
[2022.11.02-18.27.33:775][  0]LogConfig: Applying CVar settings from Section [ConsoleVariables] File [C:/Users/danie/Documents/Gamedev VR/game/UE4 game/fpsgame/Saved/Config/Windows/Editor.ini]
[2022.11.02-18.27.33:775][  0]LogInit: Computer: DESKTOP-QG36584
[2022.11.02-18.27.33:775][  0]LogInit: User: danie
[2022.11.02-18.27.33:776][  0]LogInit: CPU Page size=4096, Cores=6
[2022.11.02-18.27.33:776][  0]LogInit: High frequency timer resolution =10.000000 MHz
[2022.11.02-18.27.33:776][  0]LogMemory: Memory total: Physical=16.0GB (16GB approx)
[2022.11.02-18.27.33:776][  0]LogMemory: Platform Memory Stats for Windows
[2022.11.02-18.27.33:777][  0]LogMemory: Process Physical Memory: 137.05 MB used, 137.05 MB peak
[2022.11.02-18.27.33:777][  0]LogMemory: Process Virtual Memory: 119.30 MB used, 119.30 MB peak
[2022.11.02-18.27.33:777][  0]LogMemory: Physical Memory: 8099.23 MB used,  8235.54 MB free, 16334.77 MB total
[2022.11.02-18.27.33:777][  0]LogMemory: Virtual Memory: 134210168.00 MB used,  7562.85 MB free, 134217728.00 MB total
[2022.11.02-18.27.33:780][  0]LogWindows: WindowsPlatformFeatures disabled or dedicated server build
[2022.11.02-18.27.33:789][  0]LogInit: Physics initialised using underlying interface: PhysX
[2022.11.02-18.27.33:790][  0]LogInit: Using OS detected language (en-US).
[2022.11.02-18.27.33:790][  0]LogInit: Using OS detected locale (en-GB).
[2022.11.02-18.27.33:793][  0]LogTextLocalizationManager: No specific localization for 'en-US' exists, so the 'en' localization will be used.
[2022.11.02-18.27.34:204][  0]LogTargetPlatformManager: Display: Loaded TargetPlatform 'WindowsNoEditor'
[2022.11.02-18.27.34:207][  0]LogTargetPlatformManager: Display: Loaded TargetPlatform 'Windows'
[2022.11.02-18.27.34:211][  0]LogTargetPlatformManager: Display: Loaded TargetPlatform 'WindowsClient'
[2022.11.02-18.27.34:214][  0]LogTargetPlatformManager: Display: Loaded TargetPlatform 'WindowsServer'
[2022.11.02-18.27.34:214][  0]LogTargetPlatformManager: Display: Building Assets For Windows
[2022.11.02-18.27.34:217][  0]LogAudioDebug: Display: Lib vorbis DLL was dynamically loaded.
[2022.11.02-18.27.34:231][  0]LogTextureFormatOodle: Display: Oodle Texture 2.9.0 init RDO Off
[2022.11.02-18.27.34:243][  0]LogRendererCore: Ray tracing is disabled. Reason: r.RayTracing=0.
[2022.11.02-18.27.34:243][  0]LogShaderCompilers: Guid format shader working directory is -27 characters bigger than the processId version (../../../../../../Users/danie/Documents/Gamedev VR/game/UE4 game/fpsgame/Intermediate/Shaders/WorkingDirectory/16832/).
[2022.11.02-18.27.34:243][  0]LogShaderCompilers: Cleaned the shader compiler working directory 'C:/Users/danie/AppData/Local/Temp/UnrealShaderWorkingDir/E86D963349D1D0D23082C6A54187D892/'.
[2022.11.02-18.27.34:244][  0]LogXGEController: Cannot use XGE Controller as Incredibuild is not installed on this machine.
[2022.11.02-18.27.34:244][  0]LogShaderCompilers: Cannot use XGE Shader Compiler as Incredibuild is not installed on this machine.
[2022.11.02-18.27.34:244][  0]LogShaderCompilers: Display: Using Local Shader Compiler.
[2022.11.02-18.27.34:710][  0]LogDerivedDataCache: Display: Max Cache Size: 512 MB
[2022.11.02-18.27.34:768][  0]LogDerivedDataCache: Loaded boot cache 0.06s 94MB C:/Users/danie/AppData/Local/UnrealEngine/4.27/DerivedDataCache/Boot.ddc.
[2022.11.02-18.27.34:768][  0]LogDerivedDataCache: Display: Loaded Boot cache: C:/Users/danie/AppData/Local/UnrealEngine/4.27/DerivedDataCache/Boot.ddc
[2022.11.02-18.27.34:770][  0]LogDerivedDataCache: FDerivedDataBackendGraph:  Pak pak cache file ../../../../../../Users/danie/Documents/Gamedev VR/game/UE4 game/fpsgame/DerivedDataCache/DDC.ddp not found, will not use a pak cache.
[2022.11.02-18.27.34:770][  0]LogDerivedDataCache: Unable to find inner node Pak for hierarchical cache Hierarchy.
[2022.11.02-18.27.34:771][  0]LogDerivedDataCache: FDerivedDataBackendGraph:  CompressedPak pak cache file ../../../../../../Users/danie/Documents/Gamedev VR/game/UE4 game/fpsgame/DerivedDataCache/Compressed.ddp not found, will not use a pak cache.
[2022.11.02-18.27.34:771][  0]LogDerivedDataCache: Unable to find inner node CompressedPak for hierarchical cache Hierarchy.
[2022.11.02-18.27.34:789][  0]LogDerivedDataCache: Display: Pak cache opened for reading ../../../Engine/DerivedDataCache/Compressed.ddp.
[2022.11.02-18.27.34:789][  0]LogDerivedDataCache: FDerivedDataBackendGraph:  EnterprisePak pak cache file ../../../Enterprise/DerivedDataCache/Compressed.ddp not found, will not use a pak cache.
[2022.11.02-18.27.34:789][  0]LogDerivedDataCache: Unable to find inner node EnterprisePak for hierarchical cache Hierarchy.
[2022.11.02-18.27.34:798][  0]LogDerivedDataCache: Speed tests for C:/Users/danie/AppData/Local/UnrealEngine/Common/DerivedDataCache took 0.01 seconds
[2022.11.02-18.27.34:798][  0]LogDerivedDataCache: Display: Performance to C:/Users/danie/AppData/Local/UnrealEngine/Common/DerivedDataCache: Latency=0.03ms. RandomReadSpeed=319.11MBs, RandomWriteSpeed=199.34MBs. Assigned SpeedClass 'Local'
[2022.11.02-18.27.34:799][  0]LogDerivedDataCache: Using Local data cache path C:/Users/danie/AppData/Local/UnrealEngine/Common/DerivedDataCache: Writable
[2022.11.02-18.27.34:799][  0]LogDerivedDataCache: Shared data cache path not found in *engine.ini, will not use an Shared cache.
[2022.11.02-18.27.34:799][  0]LogDerivedDataCache: Unable to find inner node Shared for hierarchical cache Hierarchy.
[2022.11.02-18.27.34:800][  0]LogInit: Using OS detected language (en-US).
[2022.11.02-18.27.34:800][  0]LogInit: Using OS detected locale (en-GB).
[2022.11.02-18.27.34:801][  0]LogTextLocalizationManager: No localization for 'en-US' exists, so 'en' will be used for the language.
[2022.11.02-18.27.34:802][  0]LogTextLocalizationManager: No localization for 'en-GB' exists, so 'en' will be used for the locale.
[2022.11.02-18.27.34:805][  0]LogTextLocalizationManager: Compacting localization data took   0.01ms
[2022.11.02-18.27.34:805][  0]LogAssetRegistry: FAssetRegistry took 0.0021 seconds to start up
[2022.11.02-18.27.34:950][  0]LogPackageLocalizationCache: Processed 27 localized package path(s) for 1 prioritized culture(s) in 0.000954 seconds
[2022.11.02-18.27.35:031][  0]LogInit: Selected Device Profile: [Windows]
[2022.11.02-18.27.35:031][  0]LogInit: Active device profile: [0000023A3ED34500][0000023A3E2DD880 49] Windows
[2022.11.02-18.27.35:032][  0]LogInit: Profiles: [0000023A3ED34500][0000023A3E2DD880 49] Windows, [0000023A3ED1B600][0000023A3E2EBB40 49] WindowsNoEditor, [0000023A3ED18100][0000023A3E2E0240 49] WindowsServer, [0000023A3ED37000][0000023A3E2EE4C0 49] WindowsClient, [0000023A3ED34200][0000023A3E2F6780 49] IOS, [0000023A3ED1FD00][0000023A3E2FAA40 49] iPadAir, [0000023A3ED37A00][0000023A3E2FED00 49] iPadAir2, [0000023A3ECC8200][0000023A3E319240 49] IPadPro, [0000023A3ECC3F00][0000023A3E303280 49] iPadAir3, [0000023A3ED19000][0000023A3E311540 49] iPadAir4, [0000023A3ECC0500][0000023A3E30D800 49] iPadMini2, [0000023A3ED18200][0000023A3E315AC0 49] iPadMini3, [0000023A3ECC1200][0000023A3E322200 49] iPadMini4, [0000023A3ED1B800][0000023A3E2F2480 49] iPadMini5, [0000023A3ED1D600][0000023A3E33A980 49] iPhone6, [0000023A3ED1D700][0000023A3E3269C0 49] iPodTouch6, [0000023A3ECC2100][0000023A3E342F00 49] iPhone7, [0000023A3ECC2200][0000023A3E332F40 49] iPodTouch7, [0000023A3ED1E600][0000023A3E337200 49] iPhone5S, [0000023A3ECC3100][0000023A3E32F4C0 49] iPhone6Plus, [0000023A3ED1FB00][0000023A3E33F780 49] iPhone6S, [0000023A3ECC2B00][0000023A3E347A40 49] iPhone6SPlus, [0000023A3ED1CA00][0000023A3E34A180 49] iPhone7Plus, [0000023A3ECC2F00][0000023A3E34E440 49] iPhoneSE, [0000023A3ED1D000][0000023A3E32A6C0 49] iPhone8, [0000023A3ECC3C00][0000023A3E352940 49] iPhone8Plus, [0000023A3ED1F200][0000023A3E35AC00 49] iPhoneX, [0000023A3ECC2C00][0000023A3E35EEC0 49] iPhoneXS, [0000023A3ED1EB00][0000023A3E363180 49] iPhoneXSMax, [0000023A3ECC2900][0000023A3E367440 49] iPhoneXR, [0000023A3ED1EF00][0000023A3E36B700 49] iPhone11, [0000023A3ECC0A00][0000023A3E36F9C0 49] iPhone11Pro, [0000023A3ED1FE00][0000023A3E372100 49] iPhone11ProMax, [0000023A3ECC1400][0000023A3E3763C0 49] iPhoneSE2, [0000023A3ED1FF00][0000023A3E37A680 49] iPhone12Mini, [0000023A3ECC3D00][0000023A3E356900 49] iPhone12, [0000023A3ED1D200][0000023A3E37EB80 49] iPhone12Pro, [0000023A3ECC3500][0000023A3E386E40 49] iPhone12ProMax, [0000023A3ED1C200][0000023A3E38B100 49] iPadPro105, [0000023A3ECC1A00][0000023A3E38F3C0 49] iPadPro129, [0000023A3ED1CD00][0000023A3E393680 49] iPadPro97, [0000023A3ECC0900][0000023A3E397940 49] iPadPro2_129, [0000023A3ED1DA00][0000023A3E39BC00 49] iPad5, [0000023A3ECC1C00][0000023A3E39E340 49] iPad6, [0000023A3ED1F900][0000023A3E3A2600 49] iPad7, [0000023A3ECC2600][0000023A3E3A68C0 49] iPad8, [0000023A3ED1F000][0000023A3E382B40 49] iPadPro11, [0000023A3ECC1500][0000023A3E3AADC0 49] iPadPro2_11, [0000023A3ED1E100][0000023A3E3B3080 49] iPadPro3_129, [0000023A3ECC1D00][0000023A3E3B7340 49] iPadPro4_129, [0000023A3ED1E400][0000023A3E3BB600 49] AppleTV, [0000023A3ECC2E00][0000023A3E3BF8C0 49] AppleTV4K, [0000023A3ED1C500][0000023A3E3C3B80 49] TVOS, [0000023A3ECC3A00][0000023A3E3C62C0 49] Mac, [0000023A3ED1E900][0000023A3E3CA580 49] MacClient, [0000023A3ECC1700][0000023A3E3CE840 49] MacNoEditor, [0000023A3ED1D100][0000023A3E3D2B00 49] MacServer, [0000023A3ECC3B00][0000023A3E3AED80 49] Linux, [0000023A3ED1C600][0000023A3E3D7000 49] LinuxAArch64, [0000023A3ECC0400][0000023A3E3DF2C0 49] LinuxNoEditor, [0000023A3ED1E200][0000023A3E3E3580 49] LinuxAArch64NoEditor, [0000023A3ED34100][0000023A3E3E7840 49] LinuxClient, [0000023A3ECC8700][0000023A3E3EBB00 49] LinuxAArch64Client, [0000023A3ED35900][0000023A3E3EE240 49] LinuxServer, [0000023A3ECC8A00][0000023A3E3F2500 49] LinuxAArch64Server, [0000023A3ED36D00][0000023A3E3F67C0 49] Android, [0000023A3ECC9400][0000023A3E3FAA80 49] Android_Low, [0000023A3ED35100][0000023A3E3FED40 49] Android_Mid, [0000023A3ECC8E00][0000023A3E3DAFC0 49] Android_High, [0000023A3ED34800][0000023A3E403240 49] Android_Default, [0000023A3ECCA600][0000023A3E40B500 49] Android_Adreno4xx, [0000023A3ED35400][0000023A3DC017C0 49] Android_Adreno5xx_Low, [0000023A3ECCA400][0000023A3DC05A80 49] Android_Adreno5xx, [0000023A3ED34700][0000023A3DC081C0 49] Android_Adreno6xx, [0000023A3ECCAC00][0000023A3DC0C480 49] Android_Adreno6xx_Vulkan, [0000023A3ED37B00][0000023A3DC10740 49] Android_Mali_T6xx, [0000023A3ECC8500][0000023A3DC14A00 49] Android_Mali_T7xx, [0000023A3ED34300][0000023A3DC18CC0 49] Android_Mali_T8xx, [0000023A3ECCB000][0000023A3DC1CF80 49] Android_Mali_G71, [0000023A3ED36900][0000023A3E407200 49] Android_Mali_G72, [0000023A3ECCA500][0000023A3DC254C0 49] Android_Mali_G72_Vulkan, [0000023A3ED35B00][0000023A3DC29780 49] Android_Mali_G76, [0000023A3ECCB100][0000023A3DC2DA40 49] Android_Mali_G76_Vulkan, [0000023A3ED35E00][0000023A3DC30180 49] Android_Mali_G77, [0000023A3ECCBB00][0000023A3DC34440 49] Android_Mali_G77_Vulkan, [0000023A3ED37C00][0000023A3DC38700 49] Android_Mali_G78, [0000023A3ECCBF00][0000023A3DC3C9C0 49] Android_Mali_G78_Vulkan, [0000023A3ED36400][0000023A3DC40C80 49] Android_Mali_G710, [0000023A3ECC9300][0000023A3DC44F40 49] Android_Mali_G710_Vulkan, [0000023A3ED37100][0000023A3DC211C0 49] Android_Vulkan_SM5, [0000023A3ECC2400][0000023A3DC49440 49] Android_PowerVR_G6xxx, [0000023A3ED35D00][0000023A3DC51700 49] Android_PowerVR_GT7xxx, [0000023A3ECC0100][0000023A3DC559C0 49] Android_PowerVR_GE8xxx, [0000023A3ED37200][0000023A3DC58100 49] Android_PowerVR_GM9xxx, [0000023A3ECC0300][0000023A3DC5C3C0 49] Android_PowerVR_GM9xxx_Vulkan, [0000023A3ED37300][0000023A3DC60680 49] Android_TegraK1, [0000023A3ECC1600][0000023A3DC64940 49] Android_Unknown_Vulkan, [0000023A3ED36000][0000023A3DC68C00 49] Lumin, [0000023A3ECC0B00][0000023A3DC6CEC0 49] Lumin_Desktop, [0000023A3ED34D00][0000023A3DC71180 49] HoloLens, 
[2022.11.02-18.27.35:051][  0]LogMeshReduction: Using QuadricMeshReduction for automatic static mesh reduction
[2022.11.02-18.27.35:051][  0]LogMeshReduction: Using SimplygonMeshReduction for automatic skeletal mesh reduction
[2022.11.02-18.27.35:052][  0]LogMeshReduction: Using ProxyLODMeshReduction for automatic mesh merging
[2022.11.02-18.27.35:052][  0]LogMeshReduction: No distributed automatic mesh merging module available
[2022.11.02-18.27.35:052][  0]LogMeshMerging: No distributed automatic mesh merging module available
[2022.11.02-18.27.35:063][  0]LogNetVersion: fpsgame 1.0.0, NetCL: 17155196, EngineNetVer: 17, GameNetVer: 0 (Checksum: 3215450660)
[2022.11.02-18.27.35:148][  0]LogTexture: Default maximum texture size for cubemaps generated from long-lat sources has been changed from 512 to unlimited. In order to preserve old behaiour for '/Engine/MapTemplates/Sky/DaylightAmbientCubemap.DaylightAmbientCubemap', its maximum texture size has been explicitly set to 512.
[2022.11.02-18.27.35:166][  0]LogHMD: PokeAHoleMaterial loaded successfully
[2022.11.02-18.27.35:235][  0]LogPython: Using Python 3.7.7
[2022.11.02-18.27.35:629][  0]LogNiagaraDebuggerClient: Niagara Debugger Client Initialized | Session: 4EA54D7E4B94FA9898C5D481A8DB7CBF | Instance: EB74C6A2401D1C47EFE08A83EBC4B544 (DESKTOP-QG36584-16832).
[2022.11.02-18.27.35:643][  0]LogCollectionManager: Loaded 0 collections in 0.001741 seconds
[2022.11.02-18.27.35:646][  0]LogFileCache: Scanning file cache for directory 'C:/Users/danie/Documents/Gamedev VR/game/UE4 game/fpsgame/Saved/Collections/' took 0.00s
[2022.11.02-18.27.35:646][  0]LogFileCache: Scanning file cache for directory 'C:/Users/danie/Documents/Gamedev VR/game/UE4 game/fpsgame/Content/Developers/danie/Collections/' took 0.00s
[2022.11.02-18.27.35:646][  0]LogFileCache: Scanning file cache for directory 'C:/Users/danie/Documents/Gamedev VR/game/UE4 game/fpsgame/Content/Collections/' took 0.00s
[2022.11.02-18.27.35:647][  0]LogCollectionManager: Fixed up redirectors for 0 collections in 0.000002 seconds (updated 0 objects)
[2022.11.02-18.27.35:719][  0]LogTcpMessaging: Initializing TcpMessaging bridge
[2022.11.02-18.27.35:721][  0]LogUdpMessaging: Initializing bridge on interface 0.0.0.0:0 to multicast group 230.0.0.1:6666.
[2022.11.02-18.27.35:776][  0]SourceControl: Source control is disabled
[2022.11.02-18.27.35:776][  0]SourceControl: Source control is disabled
[2022.11.02-18.27.35:778][  0]SourceControl: Source control is disabled
[2022.11.02-18.27.35:780][  0]LogUProjectInfo: Found projects:
[2022.11.02-18.27.35:817][  0]LogOpenImageDenoise: OIDN starting up
[2022.11.02-18.27.35:837][  0]LogAndroidPermission: UAndroidPermissionCallbackProxy::GetInstance
[2022.11.02-18.27.35:850][  0]LogAudioCaptureCore: Display: No Audio Capture implementations found. Audio input will be silent.
[2022.11.02-18.27.35:850][  0]LogAudioCaptureCore: Display: No Audio Capture implementations found. Audio input will be silent.
[2022.11.02-18.27.35:901][  0]LogOcInput: OculusInput pre-init called
[2022.11.02-18.27.35:911][  0]LogUObjectArray: 22036 objects as part of root set at end of initial load.
[2022.11.02-18.27.35:911][  0]LogUObjectAllocator: 5964224 out of 0 bytes used by permanent object pool.
[2022.11.02-18.27.35:911][  0]LogUObjectArray: CloseDisregardForGC: 0/0 objects in disregard for GC pool
[2022.11.02-18.27.35:946][  0]LogClass: Display: StructProperty FRewindDataStruct::SnapshotPosition is not initialized properly. Module:fpsgame File:RewindComponent.h
[2022.11.02-18.27.35:946][  0]LogClass: Display: StructProperty FRewindDataStruct::SnapshotRotation is not initialized properly. Module:fpsgame File:RewindComponent.h
[2022.11.02-18.27.35:947][  0]LogClass: Display: StructProperty FRewindDataStruct::SnapshotScale is not initialized properly. Module:fpsgame File:RewindComponent.h
[2022.11.02-18.27.35:947][  0]LogClass: Display: FloatProperty FWeaponStats::MaxRange is not initialized properly. Module:fpsgame File:WeaponActor.h
[2022.11.02-18.27.35:947][  0]LogClass: Display: FloatProperty FWeaponStats::FireRate is not initialized properly. Module:fpsgame File:WeaponActor.h
[2022.11.02-18.27.35:947][  0]LogClass: Display: IntProperty FWeaponStats::CartridgeBullets is not initialized properly. Module:fpsgame File:WeaponActor.h
[2022.11.02-18.27.35:947][  0]LogClass: Display: IntProperty FWeaponStats::BurstNumber is not initialized properly. Module:fpsgame File:WeaponActor.h
[2022.11.02-18.27.35:947][  0]LogClass: Display: FloatProperty FWeaponStats::BurstFireRate is not initialized properly. Module:fpsgame File:WeaponActor.h
[2022.11.02-18.27.35:947][  0]LogClass: Display: IntProperty FWeaponStats::MaxMagSize is not initialized properly. Module:fpsgame File:WeaponActor.h
[2022.11.02-18.27.35:947][  0]LogClass: Display: IntProperty FWeaponStats::MagAmmo is not initialized properly. Module:fpsgame File:WeaponActor.h
[2022.11.02-18.27.35:947][  0]LogClass: Display: FloatProperty FWeaponStats::BaseDamageTorso is not initialized properly. Module:fpsgame File:WeaponActor.h
[2022.11.02-18.27.35:947][  0]LogClass: Display: FloatProperty FWeaponStats::BaseDamageHead is not initialized properly. Module:fpsgame File:WeaponActor.h
[2022.11.02-18.27.35:947][  0]LogClass: Display: FloatProperty FWeaponStats::BaseDamageLegs is not initialized properly. Module:fpsgame File:WeaponActor.h
[2022.11.02-18.27.35:948][  0]LogClass: Display: FloatProperty FWeaponStats::BaseHipfireSpreadAngleInDegrees is not initialized properly. Module:fpsgame File:WeaponActor.h
[2022.11.02-18.27.35:948][  0]LogClass: Display: FloatProperty FWeaponStats::BaseMovementSpreadMultiplier is not initialized properly. Module:fpsgame File:WeaponActor.h
[2022.11.02-18.27.35:948][  0]LogClass: Display: EnumProperty FWeaponMetaData::GunModel is not initialized properly. Module:fpsgame File:WeaponActor.h
[2022.11.02-18.27.35:948][  0]LogClass: Display: EnumProperty FWeaponMetaData::WAWeaponType is not initialized properly. Module:fpsgame File:WeaponActor.h
[2022.11.02-18.27.35:948][  0]LogClass: Display: EnumProperty FWeaponMetaData::WAWeaponFireType is not initialized properly. Module:fpsgame File:WeaponActor.h
[2022.11.02-18.27.35:949][  0]LogClass: Display: EnumProperty FWeaponMetaData::WAWeaponHitDetectionType is not initialized properly. Module:fpsgame File:WeaponActor.h
[2022.11.02-18.27.35:949][  0]LogClass: Display: EnumProperty FWeaponMetaData::TypeOfEquip is not initialized properly. Module:fpsgame File:WeaponActor.h
[2022.11.02-18.27.35:949][  0]LogClass: Warning: ObjectProperty FWeaponVisualAssets::GunMesh is not initialized properly. Module:fpsgame File:WeaponActor.h
[2022.11.02-18.27.35:950][  0]LogClass: Warning: ObjectProperty FWeaponVisualAssets::TracerEffect is not initialized properly. Module:fpsgame File:WeaponActor.h
[2022.11.02-18.27.35:950][  0]LogClass: Warning: ObjectProperty FWeaponVisualAssets::MuzzleFlash is not initialized properly. Module:fpsgame File:WeaponActor.h
[2022.11.02-18.27.35:950][  0]LogClass: Display: StructProperty FWeaponPositionalDetails::BasePosition is not initialized properly. Module:fpsgame File:WeaponActor.h
[2022.11.02-18.27.35:950][  0]LogClass: Display: StructProperty FWeaponPositionalDetails::BaseRotation is not initialized properly. Module:fpsgame File:WeaponActor.h
[2022.11.02-18.27.35:950][  0]LogClass: Display: StructProperty FWeaponPositionalDetails::BaseScale is not initialized properly. Module:fpsgame File:WeaponActor.h
[2022.11.02-18.27.35:950][  0]LogClass: Display: StructProperty FWeaponPositionalDetails::TPBaseScale is not initialized properly. Module:fpsgame File:WeaponActor.h
[2022.11.02-18.27.35:951][  0]LogClass: Display: StructProperty FWeaponPositionalDetails::TPBaseRotation is not initialized properly. Module:fpsgame File:WeaponActor.h
[2022.11.02-18.27.35:951][  0]LogClass: Display: StructProperty FWeaponPositionalDetails::TPBasePosition is not initialized properly. Module:fpsgame File:WeaponActor.h
[2022.11.02-18.27.35:951][  0]LogClass: Display: StructProperty FWeaponPositionalDetails::MuzzlePosition is not initialized properly. Module:fpsgame File:WeaponActor.h
[2022.11.02-18.27.35:951][  0]LogClass: Display: 30 Uninitialized script struct members found including 3 object properties
[2022.11.02-18.27.35:952][  0]LogAutomationTest: Warning: ObjectProperty FWeaponVisualAssets::GunMesh is not initialized properly. Module:fpsgame File:WeaponActor.h
[2022.11.02-18.27.35:952][  0]LogAutomationTest: Warning: ObjectProperty FWeaponVisualAssets::TracerEffect is not initialized properly. Module:fpsgame File:WeaponActor.h
[2022.11.02-18.27.35:952][  0]LogAutomationTest: Warning: ObjectProperty FWeaponVisualAssets::MuzzleFlash is not initialized properly. Module:fpsgame File:WeaponActor.h
[2022.11.02-18.27.35:953][  0]LogEngine: Initializing Engine...
[2022.11.02-18.27.35:954][  0]LogStats: UGameplayTagsManager::InitializeManager -  0.000 s
[2022.11.02-18.27.35:966][  0]LogInit: Initializing FReadOnlyCVARCache
[2022.11.02-18.27.35:966][  0]LogNetVersion: Set ProjectVersion to 1.0.0.0. Version Checksum will be recalculated on next use.
[2022.11.02-18.27.35:968][  0]LogInit: Texture streaming: Disabled
[2022.11.02-18.27.35:993][  0]LogInit: Display: Game Engine Initialized.
[2022.11.02-18.27.35:993][  0]LogNiagaraEditor: GEditor isn't valid! Particle reset commands will not work for Niagara components!
[2022.11.02-18.27.36:022][  0]LogInit: Display: Starting Game.
[2022.11.02-18.27.36:022][  0]LogNet: Browse: /Game/Maps/TestMap?Name=Player
[2022.11.02-18.27.36:022][  0]LogLoad: LoadMap: /Game/Maps/TestMap?Name=Player
[2022.11.02-18.27.36:022][  0]LogWorld: BeginTearingDown for /Temp/Untitled_0
[2022.11.02-18.27.36:025][  0]LogWorld: UWorld::CleanupWorld for Untitled, bSessionEnded=true, bCleanupResources=true
[2022.11.02-18.27.36:034][  0]LogUObjectHash: Compacting FUObjectHashTables data took   0.93ms
[2022.11.02-18.27.36:137][  0]LogAIModule: Creating AISystem for world TestMap
[2022.11.02-18.27.36:344][  0]LogLoad: Game class is 'BP_FPSGameModeDefault_C'
[2022.11.02-18.27.36:344][  0]LogNet: PktLoss set to 0
[2022.11.02-18.27.36:345][  0]LogNet: PktLagMin set to 0
[2022.11.02-18.27.36:345][  0]LogNet: PktLagMax set to 0
[2022.11.02-18.27.36:346][  0]LogNet: PktIncomingLagMin set to 0
[2022.11.02-18.27.36:346][  0]LogNet: PktIncomingLagMax set to 0
[2022.11.02-18.27.36:346][  0]LogNet: PktIncomingLoss set to 0
[2022.11.02-18.27.36:347][  0]LogNet: PktLoss set to 0
[2022.11.02-18.27.36:347][  0]LogNet: PktLagMin set to 0
[2022.11.02-18.27.36:347][  0]LogNet: PktLagMax set to 0
[2022.11.02-18.27.36:348][  0]LogNet: PktIncomingLagMin set to 0
[2022.11.02-18.27.36:348][  0]LogNet: PktIncomingLagMax set to 0
[2022.11.02-18.27.36:348][  0]LogNet: PktIncomingLoss set to 0
[2022.11.02-18.27.36:349][  0]LogNet: PktLoss set to 0
[2022.11.02-18.27.36:349][  0]LogNet: PktLagMin set to 0
[2022.11.02-18.27.36:349][  0]LogNet: PktLagMax set to 0
[2022.11.02-18.27.36:350][  0]LogNet: PktIncomingLagMin set to 0
[2022.11.02-18.27.36:350][  0]LogNet: PktIncomingLagMax set to 0
[2022.11.02-18.27.36:350][  0]LogNet: PktIncomingLoss set to 0
[2022.11.02-18.27.36:351][  0]LogNet: ReplicationDriverClass is null! Not using ReplicationDriver.
[2022.11.02-18.27.36:351][  0]LogNetCore: DDoS detection status: detection enabled: 0 analytics enabled: 0
[2022.11.02-18.27.36:352][  0]LogInit: WinSock: Socket queue. Rx: 131072 (config 131072) Tx: 131072 (config 131072)
[2022.11.02-18.27.36:352][  0]LogNet: Created socket for bind address: 0.0.0.0 on port 17777
[2022.11.02-18.27.36:352][  0]PacketHandlerLog: Loaded PacketHandler component: Engine.EngineHandlerComponentFactory (StatelessConnectHandlerComponent)
[2022.11.02-18.27.36:353][  0]LogNet: GameNetDriver IpNetDriver_0 IpNetDriver listening on port 17777
[2022.11.02-18.27.36:354][  0]LogWorld: Bringing World /Game/Maps/TestMap.TestMap up for play (max tick rate 30) at 2022.11.02-18.27.36
[2022.11.02-18.27.36:355][  0]LogWorld: Bringing up level for play took: 0.001349
[2022.11.02-18.27.36:355][  0]LogGameMode: Display: Match State Changed from EnteringMap to WaitingToStart
[2022.11.02-18.27.36:355][  0]LogGameState: Match State Changed from EnteringMap to WaitingToStart
[2022.11.02-18.27.36:355][  0]LogLoad: Took 0.333536 seconds to LoadMap(/Game/Maps/TestMap)
[2022.11.02-18.27.36:360][  0]LogInit: Display: Engine is initialized. Leaving FEngineLoop::Init()
[2022.11.02-18.27.36:360][  0]LogLoad: (Engine Initialization) Total time: 4.92 seconds
[2022.11.02-18.27.36:361][  0]LogLoad: (Engine Initialization) Total Blueprint compile time: 0.00 seconds
[2022.11.02-18.27.37:057][ 20]LogNet: NotifyAcceptingConnection accepted from: 127.0.0.1:57339
[2022.11.02-18.27.37:057][ 20]LogHandshake: SendConnectChallenge. Timestamp: 0.694655, Cookie: 110061011161249169142002176176148021040082139005159146151061
[2022.11.02-18.27.37:090][ 21]LogNet: NotifyAcceptingConnection accepted from: 127.0.0.1:57339
[2022.11.02-18.27.37:090][ 21]LogHandshake: SendChallengeAck. InCookie: 110061011161249169142002176176148021040082139005159146151061
[2022.11.02-18.27.37:091][ 21]LogNet: Server accepting post-challenge connection from: 127.0.0.1:57339
[2022.11.02-18.27.37:091][ 21]PacketHandlerLog: Loaded PacketHandler component: Engine.EngineHandlerComponentFactory (StatelessConnectHandlerComponent)
[2022.11.02-18.27.37:091][ 21]LogNet: NotifyAcceptedConnection: Name: TestMap, TimeStamp: 11/02/22 18:27:37, [UNetConnection] RemoteAddr: 127.0.0.1:57339, Name: IpConnection_0, Driver: GameNetDriver IpNetDriver_0, IsServer: YES, PC: NULL, Owner: NULL, UniqueId: INVALID
[2022.11.02-18.27.37:092][ 21]LogNet: AddClientConnection: Added client connection: [UNetConnection] RemoteAddr: 127.0.0.1:57339, Name: IpConnection_0, Driver: GameNetDriver IpNetDriver_0, IsServer: YES, PC: NULL, Owner: NULL, UniqueId: INVALID
[2022.11.02-18.27.37:092][ 21]LogNet: NotifyAcceptingChannel Control 0 server World /Game/Maps/TestMap.TestMap: Accepted
[2022.11.02-18.27.37:092][ 21]LogNet: Remote platform little endian=1
[2022.11.02-18.27.37:093][ 21]LogNet: This platform little endian=1
[2022.11.02-18.27.37:093][ 21]LogNetVersion: fpsgame 1.0.0.0, NetCL: 17155196, EngineNetVer: 17, GameNetVer: 0 (Checksum: 1484303137)
[2022.11.02-18.27.37:124][ 22]LogNet: Login request: ?Name=DESKTOP-QG36584-BE67AA094DDB365B987A7DA8DD161DE5 userId: NULL:DESKTOP-QG36584-BE67AA094DDB365B987A7DA8DD161DE5 platform: NULL
[2022.11.02-18.27.37:355][ 29]LogNet: NotifyAcceptingConnection accepted from: 127.0.0.1:57336
[2022.11.02-18.27.37:355][ 29]LogHandshake: SendConnectChallenge. Timestamp: 0.992935, Cookie: 142084008008247171043127154231231182010101043101112161207109
[2022.11.02-18.27.37:388][ 30]LogNet: NotifyAcceptingConnection accepted from: 127.0.0.1:57336
[2022.11.02-18.27.37:388][ 30]LogHandshake: SendChallengeAck. InCookie: 142084008008247171043127154231231182010101043101112161207109
[2022.11.02-18.27.37:388][ 30]LogNet: Server accepting post-challenge connection from: 127.0.0.1:57336
[2022.11.02-18.27.37:389][ 30]PacketHandlerLog: Loaded PacketHandler component: Engine.EngineHandlerComponentFactory (StatelessConnectHandlerComponent)
[2022.11.02-18.27.37:389][ 30]LogNet: NotifyAcceptedConnection: Name: TestMap, TimeStamp: 11/02/22 18:27:37, [UNetConnection] RemoteAddr: 127.0.0.1:57336, Name: IpConnection_1, Driver: GameNetDriver IpNetDriver_0, IsServer: YES, PC: NULL, Owner: NULL, UniqueId: INVALID
[2022.11.02-18.27.37:389][ 30]LogNet: AddClientConnection: Added client connection: [UNetConnection] RemoteAddr: 127.0.0.1:57336, Name: IpConnection_1, Driver: GameNetDriver IpNetDriver_0, IsServer: YES, PC: NULL, Owner: NULL, UniqueId: INVALID
[2022.11.02-18.27.37:421][ 31]LogNet: NotifyAcceptingChannel Control 0 server World /Game/Maps/TestMap.TestMap: Accepted
[2022.11.02-18.27.37:421][ 31]LogNet: Remote platform little endian=1
[2022.11.02-18.27.37:422][ 31]LogNet: This platform little endian=1
[2022.11.02-18.27.37:454][ 32]LogNet: Login request: ?PktLagMin=0?PktLagMax=0?PktLoss=0?PktIncomingLagMin=0?PktIncomingLagMax=0?PktIncomingLoss=0?Name=DESKTOP-QG36584-B7FBCCE2439F2D02B2D228B5DE012435 userId: NULL:DESKTOP-QG36584-B7FBCCE2439F2D02B2D228B5DE012435 platform: NULL
[2022.11.02-18.27.37:488][ 33]LogNet: Client netspeed is 100000
[2022.11.02-18.27.37:488][ 33]LogNet: Client netspeed is 100000
[2022.11.02-18.27.37:489][ 33]LogNet: Join request: /Engine/Maps/Entry?Name=DESKTOP-QG36584-BE67AA094DDB365B987A7DA8DD161DE5?SplitscreenCount=1
[2022.11.02-18.27.37:489][ 33]LogOnlineSession: Warning: OSS: No game present to join for session (GameSession)
[2022.11.02-18.27.37:490][ 33]LogGameMode: Display: Match State Changed from WaitingToStart to InProgress
[2022.11.02-18.27.37:491][ 33]LogTemp: Warning: Numebr of rewind components = 1
[2022.11.02-18.27.37:492][ 33]LogGameState: Match State Changed from WaitingToStart to InProgress
[2022.11.02-18.27.37:492][ 33]LogNet: Join succeeded: DESKTOP-QG36584-BE67
[2022.11.02-18.27.37:492][ 33]LogNet: Join request: /Engine/Maps/Entry?PktLagMin=0?PktLagMax=0?PktLoss=0?PktIncomingLagMin=0?PktIncomingLagMax=0?PktIncomingLoss=0?Name=DESKTOP-QG36584-B7FBCCE2439F2D02B2D228B5DE012435?SplitscreenCount=1
[2022.11.02-18.27.37:492][ 33]LogOnlineSession: Warning: OSS: No game present to join for session (GameSession)
[2022.11.02-18.27.37:493][ 33]LogTemp: Warning: Numebr of rewind components = 2
[2022.11.02-18.27.37:494][ 33]LogNet: Join succeeded: DESKTOP-QG36584-B7FB
[2022.11.02-18.27.39:447][ 92]LogTemp: Warning: Reliable pickup call
[2022.11.02-18.27.39:448][ 92]LogTemp: Warning: diarrhea
[2022.11.02-18.27.39:945][107]LogTemp: Warning: Secondary pickup reliable switch call
[2022.11.02-18.27.39:946][107]LogTemp: Warning: Equipping secondary
[2022.11.02-18.27.39:946][107]LogTemp: Warning: No longer bursting
[2022.11.02-18.27.39:946][107]LogTemp: Warning: TP attach
[2022.11.02-18.28.17:565][238]LogTemp: Warning: JUMP RELIABLE RPC CALL
[2022.11.02-18.28.23:416][414]LogTemp: Warning: JUMP RELIABLE RPC CALL
[2022.11.02-18.28.26:163][497]LogTemp: Warning: JUMP RELIABLE RPC CALL
[2022.11.02-18.28.27:527][538]LogTemp: Warning: JUMP RELIABLE RPC CALL
[2022.11.02-18.28.29:354][593]LogTemp: Warning: JUMP RELIABLE RPC CALL
[2022.11.02-18.28.30:976][642]LogTemp: Warning: JUMP RELIABLE RPC CALL
[2022.11.02-18.28.32:727][695]LogTemp: Warning: JUMP RELIABLE RPC CALL
[2022.11.02-18.28.34:418][746]LogTemp: Warning: JUMP RELIABLE RPC CALL
[2022.11.02-18.28.35:510][779]LogTemp: Warning: JUMP RELIABLE RPC CALL
[2022.11.02-18.28.37:436][837]LogTemp: Warning: JUMP RELIABLE RPC CALL
[2022.11.02-18.28.38:800][878]LogTemp: Warning: JUMP RELIABLE RPC CALL
[2022.11.02-18.28.49:204][192]LogTemp: Warning: Reliable pickup call
[2022.11.02-18.28.49:205][192]LogTemp: Warning: diarrhea
[2022.11.02-18.28.49:600][204]LogTemp: Warning: Switch primary rpc call
[2022.11.02-18.28.49:601][204]LogTemp: Warning: prime
[2022.11.02-18.28.49:601][204]LogTemp: Warning: SERVER: Log no. 0
[2022.11.02-18.28.49:601][204]LogTemp: Warning: No longer bursting
[2022.11.02-18.28.49:602][204]LogTemp: Warning: TP attach
[2022.11.02-18.28.50:229][223]LogTemp: Warning: Weapon name: Prototype AR
[2022.11.02-18.28.50:230][223]LogTemp: Warning: Blocking
[2022.11.02-18.28.50:329][226]LogTemp: Warning: Weapon name: Prototype AR
[2022.11.02-18.28.50:329][226]LogTemp: Warning: Blocking
[2022.11.02-18.28.50:428][229]LogTemp: Warning: Weapon name: Prototype AR
[2022.11.02-18.28.50:429][229]LogTemp: Warning: Blocking
[2022.11.02-18.28.50:527][232]LogTemp: Warning: Weapon name: Prototype AR
[2022.11.02-18.28.50:528][232]LogTemp: Warning: Blocking
[2022.11.02-18.28.50:626][235]LogTemp: Warning: Weapon name: Prototype AR
[2022.11.02-18.28.50:627][235]LogTemp: Warning: Blocking
[2022.11.02-18.28.50:725][238]LogTemp: Warning: Weapon name: Prototype AR
[2022.11.02-18.28.50:726][238]LogTemp: Warning: Blocking
[2022.11.02-18.28.50:824][241]LogTemp: Warning: Weapon name: Prototype AR
[2022.11.02-18.28.50:825][241]LogTemp: Warning: Blocking
[2022.11.02-18.28.50:923][244]LogTemp: Warning: Weapon name: Prototype AR
[2022.11.02-18.28.50:923][244]LogTemp: Warning: Blocking
[2022.11.02-18.28.51:022][247]LogTemp: Warning: Weapon name: Prototype AR
[2022.11.02-18.28.51:022][247]LogTemp: Warning: Blocking
[2022.11.02-18.28.51:123][250]LogTemp: Warning: Weapon name: Prototype AR
[2022.11.02-18.28.51:124][250]LogTemp: Warning: Blocking
[2022.11.02-18.28.51:222][253]LogTemp: Warning: Weapon name: Prototype AR
[2022.11.02-18.28.51:223][253]LogTemp: Warning: Blocking
[2022.11.02-18.28.51:322][256]LogTemp: Warning: Weapon name: Prototype AR
[2022.11.02-18.28.51:322][256]LogTemp: Warning: Blocking
[2022.11.02-18.28.51:421][259]LogTemp: Warning: Weapon name: Prototype AR
[2022.11.02-18.28.51:422][259]LogTemp: Warning: Blocking
[2022.11.02-18.28.51:520][262]LogTemp: Warning: Weapon name: Prototype AR
[2022.11.02-18.28.51:521][262]LogTemp: Warning: Blocking
[2022.11.02-18.28.51:619][265]LogTemp: Warning: Weapon name: Prototype AR
[2022.11.02-18.28.51:620][265]LogTemp: Warning: Blocking
[2022.11.02-18.28.51:718][268]LogTemp: Warning: Weapon name: Prototype AR
[2022.11.02-18.28.51:719][268]LogTemp: Warning: Blocking
[2022.11.02-18.28.51:818][271]LogTemp: Warning: Weapon name: Prototype AR
[2022.11.02-18.28.51:819][271]LogTemp: Warning: Blocking
[2022.11.02-18.28.51:918][274]LogTemp: Warning: Weapon name: Prototype AR
[2022.11.02-18.28.51:919][274]LogTemp: Warning: Blocking
[2022.11.02-18.28.52:017][277]LogTemp: Warning: Weapon name: Prototype AR
[2022.11.02-18.28.52:017][277]LogTemp: Warning: Blocking
[2022.11.02-18.28.52:117][280]LogTemp: Warning: Weapon name: Prototype AR
[2022.11.02-18.28.52:118][280]LogTemp: Warning: Blocking
[2022.11.02-18.28.52:218][283]LogTemp: Warning: Weapon name: Prototype AR
[2022.11.02-18.28.52:219][283]LogTemp: Warning: Blocking
[2022.11.02-18.28.52:317][286]LogTemp: Warning: Weapon name: Prototype AR
[2022.11.02-18.28.52:318][286]LogTemp: Warning: Blocking
[2022.11.02-18.28.52:417][289]LogTemp: Warning: Weapon name: Prototype AR
[2022.11.02-18.28.52:418][289]LogTemp: Warning: Blocking
[2022.11.02-18.28.52:516][292]LogTemp: Warning: Weapon name: Prototype AR
[2022.11.02-18.28.52:517][292]LogTemp: Warning: Blocking
[2022.11.02-18.28.52:616][295]LogTemp: Warning: Weapon name: Prototype AR
[2022.11.02-18.28.52:617][295]LogTemp: Warning: Blocking
[2022.11.02-18.28.52:716][298]LogTemp: Warning: Weapon name: Prototype AR
[2022.11.02-18.28.52:717][298]LogTemp: Warning: Blocking
[2022.11.02-18.28.52:817][301]LogTemp: Warning: Weapon name: Prototype AR
[2022.11.02-18.28.52:818][301]LogTemp: Warning: Blocking
[2022.11.02-18.28.52:917][304]LogTemp: Warning: Weapon name: Prototype AR
[2022.11.02-18.28.52:917][304]LogTemp: Warning: Blocking
[2022.11.02-18.28.53:017][307]LogTemp: Warning: Weapon name: Prototype AR
[2022.11.02-18.28.53:018][307]LogTemp: Warning: Blocking
[2022.11.02-18.28.55:208][373]LogTemp: Warning: Weapon name: Prototype AR
[2022.11.02-18.28.55:208][373]LogTemp: Warning: miss
[2022.11.02-18.28.55:308][376]LogTemp: Warning: Weapon name: Prototype AR
[2022.11.02-18.28.55:309][376]LogTemp: Warning: Hit
[2022.11.02-18.28.55:309][376]LogTemp: Warning: Yes
[2022.11.02-18.28.55:309][376]LogTemp: Warning: Damaging
[2022.11.02-18.28.55:310][376]LogTemp: Warning: Headshot
[2022.11.02-18.28.55:408][379]LogTemp: Warning: Weapon name: Prototype AR
[2022.11.02-18.28.55:409][379]LogTemp: Warning: miss
[2022.11.02-18.28.55:507][382]LogTemp: Warning: Weapon name: Prototype AR
[2022.11.02-18.28.55:508][382]LogTemp: Warning: Hit
[2022.11.02-18.28.55:508][382]LogTemp: Warning: Yes
[2022.11.02-18.28.55:509][382]LogTemp: Warning: Damaging
[2022.11.02-18.28.55:509][382]LogTemp: Warning: Headshot
[2022.11.02-18.28.55:607][385]LogTemp: Warning: Weapon name: Prototype AR
[2022.11.02-18.28.55:608][385]LogTemp: Warning: Hit
[2022.11.02-18.28.55:608][385]LogTemp: Warning: Yes
[2022.11.02-18.28.55:609][385]LogTemp: Warning: Damaging
[2022.11.02-18.28.55:609][385]LogTemp: Warning: Torsoshot
[2022.11.02-18.28.55:609][385]LogTemp: Warning: Continuing
[2022.11.02-18.28.55:706][388]LogTemp: Warning: Weapon name: Prototype AR
[2022.11.02-18.28.55:706][388]LogTemp: Warning: miss
[2022.11.02-18.28.55:807][391]LogTemp: Warning: Weapon name: Prototype AR
[2022.11.02-18.28.55:807][391]LogTemp: Warning: Hit
[2022.11.02-18.28.55:808][391]LogTemp: Warning: Yes
[2022.11.02-18.28.55:808][391]LogTemp: Warning: Damaging
[2022.11.02-18.28.55:809][391]LogTemp: Warning: Torsoshot
[2022.11.02-18.28.55:809][391]LogTemp: Warning: Continuing
[2022.11.02-18.28.55:810][391]LogTemp: Warning: Continuing
[2022.11.02-18.28.55:907][394]LogTemp: Warning: Weapon name: Prototype AR
[2022.11.02-18.28.55:908][394]LogTemp: Warning: Hit
[2022.11.02-18.28.55:909][394]LogTemp: Warning: Yes
[2022.11.02-18.28.55:910][394]LogTemp: Warning: Damaging
[2022.11.02-18.28.55:910][394]LogTemp: Warning: Headshot
[2022.11.02-18.28.55:910][394]LogTemp: Warning: Continuing
[2022.11.02-18.28.56:006][397]LogTemp: Warning: Weapon name: Prototype AR
[2022.11.02-18.28.56:007][397]LogTemp: Warning: Hit
[2022.11.02-18.28.56:007][397]LogTemp: Warning: Yes
[2022.11.02-18.28.56:008][397]LogTemp: Warning: Damaging
[2022.11.02-18.28.56:008][397]LogTemp: Warning: Torsoshot
[2022.11.02-18.28.56:008][397]LogTemp: Warning: Continuing
[2022.11.02-18.28.56:105][400]LogTemp: Warning: Weapon name: Prototype AR
[2022.11.02-18.28.56:105][400]LogTemp: Warning: miss
[2022.11.02-18.28.56:205][403]LogTemp: Warning: Weapon name: Prototype AR
[2022.11.02-18.28.56:205][403]LogTemp: Warning: Hit
[2022.11.02-18.28.56:206][403]LogTemp: Warning: Yes
[2022.11.02-18.28.56:206][403]LogTemp: Warning: Damaging
[2022.11.02-18.28.56:207][403]LogTemp: Warning: Torsoshot
[2022.11.02-18.28.56:207][403]LogTemp: Warning: Continuing
[2022.11.02-18.28.56:304][406]LogTemp: Warning: Weapon name: Prototype AR
[2022.11.02-18.28.56:305][406]LogTemp: Warning: miss
[2022.11.02-18.28.56:405][409]LogTemp: Warning: Weapon name: Prototype AR
[2022.11.02-18.28.56:405][409]LogTemp: Warning: Hit
[2022.11.02-18.28.56:406][409]LogTemp: Warning: Yes
[2022.11.02-18.28.56:406][409]LogTemp: Warning: Damaging
[2022.11.02-18.28.56:407][409]LogTemp: Warning: Torsoshot
[2022.11.02-18.28.56:407][409]LogTemp: Warning: Continuing
[2022.11.02-18.28.56:505][412]LogTemp: Warning: Weapon name: Prototype AR
[2022.11.02-18.28.56:505][412]LogTemp: Warning: Hit
[2022.11.02-18.28.56:506][412]LogTemp: Warning: Yes
[2022.11.02-18.28.56:506][412]LogTemp: Warning: Damaging
[2022.11.02-18.28.56:507][412]LogTemp: Warning: BP_Myfpscharacter_C_0 has been killed
[2022.11.02-18.28.56:507][412]LogTemp: Warning: Headshot
[2022.11.02-18.28.56:604][415]LogTemp: Warning: Weapon name: Prototype AR
[2022.11.02-18.28.56:605][415]LogTemp: Warning: Hit
[2022.11.02-18.28.56:605][415]LogTemp: Warning: Yes
[2022.11.02-18.28.56:605][415]LogTemp: Warning: Damaging
[2022.11.02-18.28.56:606][415]LogTemp: Warning: BP_Myfpscharacter_C_0 has been killed
[2022.11.02-18.28.56:606][415]LogTemp: Warning: Headshot
[2022.11.02-18.28.56:606][415]LogTemp: Warning: Continuing
[2022.11.02-18.28.56:703][418]LogTemp: Warning: Weapon name: Prototype AR
[2022.11.02-18.28.56:704][418]LogTemp: Warning: Hit
[2022.11.02-18.28.56:704][418]LogTemp: Warning: Yes
[2022.11.02-18.28.56:705][418]LogTemp: Warning: Damaging
[2022.11.02-18.28.56:705][418]LogTemp: Warning: BP_Myfpscharacter_C_0 has been killed
[2022.11.02-18.28.56:705][418]LogTemp: Warning: Headshot
[2022.11.02-18.28.56:706][418]LogTemp: Warning: Continuing
[2022.11.02-18.28.58:259][465]LogTemp: Warning: Weapon name: Prototype AR
[2022.11.02-18.28.58:260][465]LogTemp: Warning: Hit
[2022.11.02-18.28.58:260][465]LogTemp: Warning: Yes
[2022.11.02-18.28.58:260][465]LogTemp: Warning: Damaging
[2022.11.02-18.28.58:261][465]LogTemp: Warning: BP_Myfpscharacter_C_0 has been killed
[2022.11.02-18.28.58:261][465]LogTemp: Warning: Headshot
[2022.11.02-18.28.58:261][465]LogTemp: Warning: Continuing
[2022.11.02-18.28.58:358][468]LogTemp: Warning: Weapon name: Prototype AR
[2022.11.02-18.28.58:359][468]LogTemp: Warning: miss
[2022.11.02-18.28.58:458][471]LogTemp: Warning: Weapon name: Prototype AR
[2022.11.02-18.28.58:458][471]LogTemp: Warning: Hit
[2022.11.02-18.28.58:459][471]LogTemp: Warning: Yes
[2022.11.02-18.28.58:459][471]LogTemp: Warning: Damaging
[2022.11.02-18.28.58:460][471]LogTemp: Warning: BP_Myfpscharacter_C_0 has been killed
[2022.11.02-18.28.58:460][471]LogTemp: Warning: Headshot
[2022.11.02-18.28.58:557][474]LogTemp: Warning: Weapon name: Prototype AR
[2022.11.02-18.28.58:558][474]LogTemp: Warning: Hit
[2022.11.02-18.28.58:558][474]LogTemp: Warning: Yes
[2022.11.02-18.28.58:559][474]LogTemp: Warning: Damaging
[2022.11.02-18.28.58:559][474]LogTemp: Warning: BP_Myfpscharacter_C_0 has been killed
[2022.11.02-18.28.58:560][474]LogTemp: Warning: Headshot
[2022.11.02-18.28.58:560][474]LogTemp: Warning: Continuing
[2022.11.02-18.28.58:657][477]LogTemp: Warning: Weapon name: Prototype AR
[2022.11.02-18.28.58:658][477]LogTemp: Warning: miss
[2022.11.02-18.28.58:756][480]LogTemp: Warning: Weapon name: Prototype AR
[2022.11.02-18.28.58:757][480]LogTemp: Warning: miss
[2022.11.02-18.28.58:855][483]LogTemp: Warning: Weapon name: Prototype AR
[2022.11.02-18.28.58:856][483]LogTemp: Warning: Hit
[2022.11.02-18.28.58:856][483]LogTemp: Warning: Yes
[2022.11.02-18.28.58:856][483]LogTemp: Warning: Damaging
[2022.11.02-18.28.58:857][483]LogTemp: Warning: BP_Myfpscharacter_C_0 has been killed
[2022.11.02-18.28.58:857][483]LogTemp: Warning: Headshot
[2022.11.02-18.28.58:954][486]LogTemp: Warning: Weapon name: Prototype AR
[2022.11.02-18.28.58:955][486]LogTemp: Warning: miss
[2022.11.02-18.29.11:783][874]LogTemp: Warning: Weapon name: Prototype AR
[2022.11.02-18.29.11:783][874]LogTemp: Warning: Blocking
[2022.11.02-18.29.14:232][948]LogTemp: Warning: Weapon name: Prototype AR
[2022.11.02-18.29.14:232][948]LogTemp: Warning: miss
[2022.11.02-18.29.14:333][951]LogTemp: Warning: Weapon name: Prototype AR
[2022.11.02-18.29.14:334][951]LogTemp: Warning: Hit
[2022.11.02-18.29.14:334][951]LogTemp: Warning: Yes
[2022.11.02-18.29.14:334][951]LogTemp: Warning: Damaging
[2022.11.02-18.29.14:335][951]LogTemp: Warning: BP_Myfpscharacter_C_0 has been killed
[2022.11.02-18.29.14:335][951]LogTemp: Warning: Headshot
[2022.11.02-18.29.14:432][954]LogTemp: Warning: Weapon name: Prototype AR
[2022.11.02-18.29.14:432][954]LogTemp: Warning: miss
[2022.11.02-18.29.14:532][957]LogTemp: Warning: Weapon name: Prototype AR
[2022.11.02-18.29.14:533][957]LogTemp: Warning: miss
[2022.11.02-18.29.14:632][960]LogTemp: Warning: Weapon name: Prototype AR
[2022.11.02-18.29.14:633][960]LogTemp: Warning: miss
[2022.11.02-18.29.14:732][963]LogTemp: Warning: Weapon name: Prototype AR
[2022.11.02-18.29.14:732][963]LogTemp: Warning: miss
[2022.11.02-18.29.14:832][966]LogTemp: Warning: Weapon name: Prototype AR
[2022.11.02-18.29.14:832][966]LogTemp: Warning: Hit
[2022.11.02-18.29.14:833][966]LogTemp: Warning: Yes
[2022.11.02-18.29.14:833][966]LogTemp: Warning: Damaging
[2022.11.02-18.29.14:834][966]LogTemp: Warning: BP_Myfpscharacter_C_0 has been killed
[2022.11.02-18.29.14:834][966]LogTemp: Warning: Torsoshot
[2022.11.02-18.29.14:834][966]LogTemp: Warning: Continuing
[2022.11.02-18.29.14:932][969]LogTemp: Warning: Weapon name: Prototype AR
[2022.11.02-18.29.14:933][969]LogTemp: Warning: Hit
[2022.11.02-18.29.14:933][969]LogTemp: Warning: Yes
[2022.11.02-18.29.14:934][969]LogTemp: Warning: Damaging
[2022.11.02-18.29.14:934][969]LogTemp: Warning: BP_Myfpscharacter_C_0 has been killed
[2022.11.02-18.29.14:934][969]LogTemp: Warning: Torsoshot
[2022.11.02-18.29.14:934][969]LogTemp: Warning: Continuing
[2022.11.02-18.29.15:031][972]LogTemp: Warning: Weapon name: Prototype AR
[2022.11.02-18.29.15:032][972]LogTemp: Warning: miss
[2022.11.02-18.29.15:130][975]LogTemp: Warning: Weapon name: Prototype AR
[2022.11.02-18.29.15:131][975]LogTemp: Warning: Hit
[2022.11.02-18.29.15:131][975]LogTemp: Warning: Yes
[2022.11.02-18.29.15:132][975]LogTemp: Warning: Damaging
[2022.11.02-18.29.15:132][975]LogTemp: Warning: BP_Myfpscharacter_C_0 has been killed
[2022.11.02-18.29.15:132][975]LogTemp: Warning: Headshot
[2022.11.02-18.29.15:230][978]LogTemp: Warning: Weapon name: Prototype AR
[2022.11.02-18.29.15:230][978]LogTemp: Warning: miss
[2022.11.02-18.29.15:329][981]LogTemp: Warning: Weapon name: Prototype AR
[2022.11.02-18.29.15:330][981]LogTemp: Warning: Hit
[2022.11.02-18.29.15:330][981]LogTemp: Warning: Yes
[2022.11.02-18.29.15:330][981]LogTemp: Warning: Damaging
[2022.11.02-18.29.15:331][981]LogTemp: Warning: BP_Myfpscharacter_C_0 has been killed
[2022.11.02-18.29.15:331][981]LogTemp: Warning: Headshot
[2022.11.02-18.29.15:428][984]LogTemp: Warning: Weapon name: Prototype AR
[2022.11.02-18.29.15:429][984]LogTemp: Warning: Hit
[2022.11.02-18.29.15:429][984]LogTemp: Warning: Yes
[2022.11.02-18.29.15:430][984]LogTemp: Warning: Damaging
[2022.11.02-18.29.15:430][984]LogTemp: Warning: BP_Myfpscharacter_C_0 has been killed
[2022.11.02-18.29.15:430][984]LogTemp: Warning: Headshot
[2022.11.02-18.29.15:527][987]LogTemp: Warning: Weapon name: Prototype AR
[2022.11.02-18.29.15:528][987]LogTemp: Warning: Hit
[2022.11.02-18.29.15:528][987]LogTemp: Warning: Yes
[2022.11.02-18.29.15:528][987]LogTemp: Warning: Damaging
[2022.11.02-18.29.15:529][987]LogTemp: Warning: BP_Myfpscharacter_C_0 has been killed
[2022.11.02-18.29.15:529][987]LogTemp: Warning: Headshot
[2022.11.02-18.29.15:627][990]LogTemp: Warning: Weapon name: Prototype AR
[2022.11.02-18.29.15:628][990]LogTemp: Warning: Hit
[2022.11.02-18.29.15:628][990]LogTemp: Warning: Yes
[2022.11.02-18.29.15:628][990]LogTemp: Warning: Damaging
[2022.11.02-18.29.15:629][990]LogTemp: Warning: BP_Myfpscharacter_C_0 has been killed
[2022.11.02-18.29.15:629][990]LogTemp: Warning: Headshot
[2022.11.02-18.29.15:726][993]LogTemp: Warning: Weapon name: Prototype AR
[2022.11.02-18.29.15:726][993]LogTemp: Warning: Hit
[2022.11.02-18.29.15:727][993]LogTemp: Warning: Yes
[2022.11.02-18.29.15:727][993]LogTemp: Warning: Damaging
[2022.11.02-18.29.15:728][993]LogTemp: Warning: BP_Myfpscharacter_C_0 has been killed
[2022.11.02-18.29.15:728][993]LogTemp: Warning: Headshot
[2022.11.02-18.29.15:728][993]LogTemp: Warning: Continuing
[2022.11.02-18.29.15:825][996]LogTemp: Warning: Weapon name: Prototype AR
[2022.11.02-18.29.15:826][996]LogTemp: Warning: Hit
[2022.11.02-18.29.15:826][996]LogTemp: Warning: Yes
[2022.11.02-18.29.15:826][996]LogTemp: Warning: Damaging
[2022.11.02-18.29.15:827][996]LogTemp: Warning: BP_Myfpscharacter_C_0 has been killed
[2022.11.02-18.29.15:827][996]LogTemp: Warning: Headshot
[2022.11.02-18.29.15:827][996]LogTemp: Warning: Continuing
[2022.11.02-18.29.15:828][996]LogTemp: Warning: Continuing
[2022.11.02-18.29.15:924][999]LogTemp: Warning: Weapon name: Prototype AR
[2022.11.02-18.29.15:925][999]LogTemp: Warning: Hit
[2022.11.02-18.29.15:925][999]LogTemp: Warning: Yes
[2022.11.02-18.29.15:925][999]LogTemp: Warning: Damaging
[2022.11.02-18.29.15:926][999]LogTemp: Warning: BP_Myfpscharacter_C_0 has been killed
[2022.11.02-18.29.15:926][999]LogTemp: Warning: Headshot
[2022.11.02-18.29.15:926][999]LogTemp: Warning: Continuing
[2022.11.02-18.29.16:024][  2]LogTemp: Warning: Weapon name: Prototype AR
[2022.11.02-18.29.16:024][  2]LogTemp: Warning: miss
[2022.11.02-18.29.16:124][  5]LogTemp: Warning: Weapon name: Prototype AR
[2022.11.02-18.29.16:125][  5]LogTemp: Warning: Hit
[2022.11.02-18.29.16:126][  5]LogTemp: Warning: Yes
[2022.11.02-18.29.16:127][  5]LogTemp: Warning: Damaging
[2022.11.02-18.29.16:127][  5]LogTemp: Warning: BP_Myfpscharacter_C_0 has been killed
[2022.11.02-18.29.16:127][  5]LogTemp: Warning: Headshot
[2022.11.02-18.29.16:128][  5]LogTemp: Warning: Continuing
[2022.11.02-18.29.16:128][  5]LogTemp: Warning: Continuing
[2022.11.02-18.29.16:225][  8]LogTemp: Warning: Weapon name: Prototype AR
[2022.11.02-18.29.16:226][  8]LogTemp: Warning: miss
[2022.11.02-18.29.16:854][ 27]LogTemp: Warning: Weapon name: Prototype AR
[2022.11.02-18.29.16:855][ 27]LogTemp: Warning: Hit
[2022.11.02-18.29.16:855][ 27]LogTemp: Warning: Yes
[2022.11.02-18.29.16:855][ 27]LogTemp: Warning: Damaging
[2022.11.02-18.29.16:856][ 27]LogTemp: Warning: BP_Myfpscharacter_C_0 has been killed
[2022.11.02-18.29.16:856][ 27]LogTemp: Warning: Headshot
[2022.11.02-18.29.17:218][ 38]LogTemp: Warning: Weapon name: Prototype AR
[2022.11.02-18.29.17:219][ 38]LogTemp: Warning: Hit
[2022.11.02-18.29.17:219][ 38]LogTemp: Warning: Yes
[2022.11.02-18.29.17:220][ 38]LogTemp: Warning: Damaging
[2022.11.02-18.29.17:220][ 38]LogTemp: Warning: BP_Myfpscharacter_C_0 has been killed
[2022.11.02-18.29.17:220][ 38]LogTemp: Warning: Headshot
[2022.11.02-18.29.17:482][ 46]LogTemp: Warning: Weapon name: Prototype AR
[2022.11.02-18.29.17:483][ 46]LogTemp: Warning: Hit
[2022.11.02-18.29.17:483][ 46]LogTemp: Warning: Yes
[2022.11.02-18.29.17:484][ 46]LogTemp: Warning: Damaging
[2022.11.02-18.29.17:484][ 46]LogTemp: Warning: BP_Myfpscharacter_C_0 has been killed
[2022.11.02-18.29.17:484][ 46]LogTemp: Warning: Headshot
[2022.11.02-18.29.17:485][ 46]LogTemp: Warning: Continuing
[2022.11.02-18.29.17:485][ 46]LogTemp: Warning: Continuing
[2022.11.02-18.29.17:581][ 49]LogTemp: Warning: Weapon name: Prototype AR
[2022.11.02-18.29.17:582][ 49]LogTemp: Warning: Hit
[2022.11.02-18.29.17:582][ 49]LogTemp: Warning: Yes
[2022.11.02-18.29.17:583][ 49]LogTemp: Warning: Damaging
[2022.11.02-18.29.17:583][ 49]LogTemp: Warning: BP_Myfpscharacter_C_0 has been killed
[2022.11.02-18.29.17:583][ 49]LogTemp: Warning: Headshot
[2022.11.02-18.29.17:584][ 49]LogTemp: Warning: Continuing
[2022.11.02-18.29.17:584][ 49]LogTemp: Warning: Continuing
[2022.11.02-18.29.17:879][ 58]LogTemp: Warning: Weapon name: Prototype AR
[2022.11.02-18.29.17:879][ 58]LogTemp: Warning: miss
[2022.11.02-18.29.18:012][ 62]LogTemp: Warning: Weapon name: Prototype AR
[2022.11.02-18.29.18:013][ 62]LogTemp: Warning: Hit
[2022.11.02-18.29.18:013][ 62]LogTemp: Warning: Yes
[2022.11.02-18.29.18:013][ 62]LogTemp: Warning: Damaging
[2022.11.02-18.29.18:014][ 62]LogTemp: Warning: BP_Myfpscharacter_C_0 has been killed
[2022.11.02-18.29.18:014][ 62]LogTemp: Warning: Headshot
[2022.11.02-18.29.18:014][ 62]LogTemp: Warning: Continuing
