Log file open, 08/24/22 19:28:15
LogWindows: Failed to load 'aqProf.dll' (GetLastError=126)
LogWindows: File 'aqProf.dll' does not exist
LogWindows: Failed to load 'VtuneApi.dll' (GetLastError=126)
LogWindows: File 'VtuneApi.dll' does not exist
LogWindows: Failed to load 'VtuneApi32e.dll' (GetLastError=126)
LogWindows: File 'VtuneApi32e.dll' does not exist
LogConsoleResponse: Display: Failed to find resolution value strings in scalability ini. Falling back to default.
LogConsoleResponse: Display: Failed to find resolution value strings in scalability ini. Falling back to default.
LogInit: Display: Running engine for game: fpsgame
LogPlatformFile: Not using cached read wrapper
LogTaskGraph: Started task graph with 5 named threads and 17 total threads with 3 sets of task threads.
LogStats: Stats thread started at 0.206671
LogICUInternationalization: ICU TimeZone Detection - Raw Offset: +0:00, Platform Override: ''
LogInit: Display: Loading text-based GConfig....
LogPluginManager: Mounting plugin MeshPainting
LogPluginManager: Mounting plugin XGEController
LogPluginManager: Mounting plugin Paper2D
LogPluginManager: Mounting plugin AISupport
LogPluginManager: Mounting plugin EnvironmentQueryEditor
LogPluginManager: Mounting plugin LiveLink
LogPluginManager: Mounting plugin LightPropagationVolume
LogPluginManager: Mounting plugin CameraShakePreviewer
LogPluginManager: Mounting plugin GameplayCameras
LogPluginManager: Mounting plugin OodleData
LogPluginManager: Mounting plugin OodleNetwork
LogPluginManager: Mounting plugin AnimationSharing
LogPluginManager: Mounting plugin CLionSourceCodeAccess
LogPluginManager: Mounting plugin CodeLiteSourceCodeAccess
LogPluginManager: Mounting plugin GitSourceControl
LogPluginManager: Mounting plugin KDevelopSourceCodeAccess
LogPluginManager: Mounting plugin NullSourceCodeAccess
LogPluginManager: Mounting plugin PerforceSourceControl
LogPluginManager: Mounting plugin PixWinPlugin
LogPluginManager: Mounting plugin PlasticSourceControl
LogPluginManager: Mounting plugin PluginUtils
LogPluginManager: Mounting plugin PropertyAccessNode
LogPluginManager: Mounting plugin RiderSourceCodeAccess
LogPluginManager: Mounting plugin SubversionSourceControl
LogPluginManager: Mounting plugin TextureFormatOodle
LogPluginManager: Mounting plugin UObjectPlugin
LogPluginManager: Mounting plugin VisualStudioCodeSourceCodeAccess
LogPluginManager: Mounting plugin VisualStudioSourceCodeAccess
LogPluginManager: Mounting plugin XCodeSourceCodeAccess
LogPluginManager: Mounting plugin AssetManagerEditor
LogPluginManager: Mounting plugin CryptoKeys
LogPluginManager: Mounting plugin CurveEditorTools
LogPluginManager: Mounting plugin DataValidation
LogPluginManager: Mounting plugin FacialAnimation
LogPluginManager: Mounting plugin GameplayTagsEditor
LogPluginManager: Mounting plugin GeometryMode
LogPluginManager: Mounting plugin MacGraphicsSwitching
LogPluginManager: Mounting plugin MaterialAnalyzer
LogPluginManager: Mounting plugin MobileLauncherProfileWizard
LogPluginManager: Mounting plugin PluginBrowser
LogPluginManager: Mounting plugin SpeedTreeImporter
LogPluginManager: Mounting plugin DatasmithContent
LogPluginManager: Mounting plugin VariantManagerContent
LogPluginManager: Mounting plugin AlembicImporter
LogPluginManager: Mounting plugin AutomationUtils
LogPluginManager: Mounting plugin BackChannel
LogPluginManager: Mounting plugin ChaosCloth
LogPluginManager: Mounting plugin ChaosClothEditor
LogPluginManager: Mounting plugin ChaosEditor
LogPluginManager: Mounting plugin ChaosNiagara
LogPluginManager: Mounting plugin ChaosSolverPlugin
LogPluginManager: Mounting plugin CharacterAI
LogPluginManager: Mounting plugin GeometryCache
LogPluginManager: Mounting plugin GeometryCollectionPlugin
LogPluginManager: Mounting plugin GeometryProcessing
LogPluginManager: Mounting plugin MotoSynth
LogPluginManager: Mounting plugin OpenImageDenoise
LogPluginManager: Mounting plugin PlanarCut
LogPluginManager: Mounting plugin PlatformCrypto
LogPluginManager: Mounting plugin ProxyLODPlugin
LogPluginManager: Mounting plugin PythonScriptPlugin
LogPluginManager: Mounting plugin SkeletalReduction
LogPluginManager: Mounting plugin Niagara
LogPluginManager: Mounting plugin LuminPlatformFeatures
LogPluginManager: Mounting plugin MagicLeap
LogPluginManager: Mounting plugin MagicLeapLightEstimation
LogPluginManager: Mounting plugin MagicLeapMedia
LogPluginManager: Mounting plugin MagicLeapPassableWorld
LogPluginManager: Mounting plugin MLSDK
LogPluginManager: Mounting plugin AndroidMedia
LogPluginManager: Mounting plugin AvfMedia
LogPluginManager: Mounting plugin ImgMedia
LogPluginManager: Mounting plugin MediaCompositing
LogPluginManager: Mounting plugin MediaPlayerEditor
LogPluginManager: Mounting plugin WebMMedia
LogPluginManager: Mounting plugin WmfMedia
LogPluginManager: Mounting plugin TcpMessaging
LogPluginManager: Mounting plugin UdpMessaging
LogPluginManager: Mounting plugin ActorSequence
LogPluginManager: Mounting plugin LevelSequenceEditor
LogPluginManager: Mounting plugin MatineeToLevelSequence
LogPluginManager: Mounting plugin TemplateSequence
LogPluginManager: Mounting plugin OnlineSubsystem
LogPluginManager: Mounting plugin OnlineSubsystemNull
LogPluginManager: Mounting plugin OnlineSubsystemUtils
LogPluginManager: Mounting plugin LauncherChunkInstaller
LogPluginManager: Mounting plugin ActorLayerUtilities
LogPluginManager: Mounting plugin AndroidDeviceProfileSelector
LogPluginManager: Mounting plugin AndroidMoviePlayer
LogPluginManager: Mounting plugin AndroidPermission
LogPluginManager: Mounting plugin AppleImageUtils
LogPluginManager: Mounting plugin AppleMoviePlayer
LogPluginManager: Mounting plugin ArchVisCharacter
LogPluginManager: Mounting plugin AssetTags
LogPluginManager: Mounting plugin AudioCapture
LogPluginManager: Mounting plugin AudioSynesthesia
LogPluginManager: Mounting plugin CableComponent
LogPluginManager: Mounting plugin ChunkDownloader
LogPluginManager: Mounting plugin CustomMeshComponent
LogPluginManager: Mounting plugin EditableMesh
LogPluginManager: Mounting plugin ExampleDeviceProfileSelector
LogPluginManager: Mounting plugin GoogleCloudMessaging
LogPluginManager: Mounting plugin GooglePAD
LogPluginManager: Mounting plugin IOSDeviceProfileSelector
LogPluginManager: Mounting plugin LinuxDeviceProfileSelector
LogPluginManager: Mounting plugin LocationServicesBPLibrary
LogPluginManager: Mounting plugin MobilePatchingUtils
LogPluginManager: Mounting plugin OpenXR
LogPluginManager: Mounting plugin OpenXREyeTracker
LogPluginManager: Mounting plugin OpenXRHandTracking
LogPluginManager: Mounting plugin PhysXVehicles
LogPluginManager: Mounting plugin PostSplashScreen
LogPluginManager: Mounting plugin ProceduralMeshComponent
LogPluginManager: Mounting plugin PropertyAccessEditor
LogPluginManager: Mounting plugin RuntimePhysXCooking
LogPluginManager: Mounting plugin SignificanceManager
LogPluginManager: Mounting plugin SoundFields
LogPluginManager: Mounting plugin Synthesis
LogPluginManager: Mounting plugin WebMMoviePlayer
LogPluginManager: Mounting plugin WindowsMoviePlayer
LogPluginManager: Mounting plugin ScreenshotTools
LogPluginManager: Mounting plugin Takes
LogPluginManager: Mounting plugin ContentBrowserAssetDataSource
LogPluginManager: Mounting plugin ContentBrowserClassDataSource
LogPluginManager: Mounting plugin ContentBrowserFileDataSource
LogPluginManager: Mounting plugin OnlineSubsystemGooglePlay
LogPluginManager: Mounting plugin OnlineSubsystemIOS
LogPluginManager: Mounting plugin OculusVR
LogPluginManager: Mounting plugin SteamVR
PixWinPlugin: PIX capture plugin failed to initialize! Check that the process is launched from PIX.
LogInit: Using libcurl 7.55.1-DEV
LogInit:  - built for x86_64-pc-win32
LogInit:  - supports SSL with OpenSSL/1.1.1
LogInit:  - supports HTTP deflate (compression) using libz 1.2.8
LogInit:  - other features:
LogInit:      CURL_VERSION_SSL
LogInit:      CURL_VERSION_LIBZ
LogInit:      CURL_VERSION_IPV6
LogInit:      CURL_VERSION_ASYNCHDNS
LogInit:      CURL_VERSION_LARGEFILE
LogInit:      CURL_VERSION_IDN
LogInit:  CurlRequestOptions (configurable via config and command line):
LogInit:  - bVerifyPeer = true  - Libcurl will verify peer certificate
LogInit:  - bUseHttpProxy = false  - Libcurl will NOT use HTTP proxy
LogInit:  - bDontReuseConnections = false  - Libcurl will reuse connections
LogInit:  - MaxHostConnections = 16  - Libcurl will limit the number of connections to a host
LogInit:  - LocalHostAddr = Default
LogInit:  - BufferSize = 65536
LogOnline: OSS: Creating online subsystem instance for: NULL
LogInit: WinSock: version 1.1 (2.2), MaxSocks=32767, MaxUdp=65467
LogOnline: OSS: TryLoadSubsystemAndSetDefault: Loaded subsystem for module [NULL]
LogInit: Build: ++UE4+Release-4.27-CL-18319896
LogInit: Engine Version: 4.27.2-18319896+++UE4+Release-4.27
LogInit: Compatible Engine Version: 4.27.0-17155196+++UE4+Release-4.27
LogInit: Net CL: 17155196
LogInit: OS: Windows 10 (Release 2009) (), CPU: AMD Ryzen 5 3600X 6-Core Processor             , GPU: AMD Radeon RX 5700 XT
LogInit: Compiled (64-bit): Nov 30 2021 07:12:08
LogInit: Compiled with Visual C++: 19.24.28315.00
LogInit: Build Configuration: Development
LogInit: Branch Name: ++UE4+Release-4.27
LogInit: Command Line:  /Game/Maps/TestMap -game -PIEVIACONSOLE -Multiprocess -server -log "GameUserSettingsINI=C:/Users/danie/Documents/Gamedev VR/game/UE4 game/fpsgame/Saved/Config/Windows/PIEGameUserSettings0.ini" -MultiprocessSaveConfig -forcepassthrough -messaging -SessionName="Play in Standalone Game" -port=17777 -PktLagMin=100 -PktLagMax=100 -PktLoss=0 -PktIncomingLagMin=100 -PktIncomingLagMax=100 -PktIncomingLoss=0 -windowed
LogInit: Base Directory: C:/Program Files/Epic Games/UE_4.27/Engine/Binaries/Win64/
LogInit: Allocator: TBB
LogInit: Installed Engine Build: 1
LogDevObjectVersion: Number of dev versions registered: 29
LogDevObjectVersion:   Dev-Blueprints (B0D832E4-1F89-4F0D-ACCF-7EB736FD4AA2): 10
LogDevObjectVersion:   Dev-Build (E1C64328-A22C-4D53-A36C-8E866417BD8C): 0
LogDevObjectVersion:   Dev-Core (375EC13C-06E4-48FB-B500-84F0262A717E): 4
LogDevObjectVersion:   Dev-Editor (E4B068ED-F494-42E9-A231-DA0B2E46BB41): 40
LogDevObjectVersion:   Dev-Framework (CFFC743F-43B0-4480-9391-14DF171D2073): 37
LogDevObjectVersion:   Dev-Mobile (B02B49B5-BB20-44E9-A304-32B752E40360): 3
LogDevObjectVersion:   Dev-Networking (A4E4105C-59A1-49B5-A7C5-40C4547EDFEE): 0
LogDevObjectVersion:   Dev-Online (39C831C9-5AE6-47DC-9A44-9C173E1C8E7C): 0
LogDevObjectVersion:   Dev-Physics (78F01B33-EBEA-4F98-B9B4-84EACCB95AA2): 14
LogDevObjectVersion:   Dev-Platform (6631380F-2D4D-43E0-8009-CF276956A95A): 0
LogDevObjectVersion:   Dev-Rendering (12F88B9F-8875-4AFC-A67C-D90C383ABD29): 45
LogDevObjectVersion:   Dev-Sequencer (7B5AE74C-D270-4C10-A958-57980B212A5A): 13
LogDevObjectVersion:   Dev-VR (D7296918-1DD6-4BDD-9DE2-64A83CC13884): 3
LogDevObjectVersion:   Dev-LoadTimes (C2A15278-BFE7-4AFE-6C17-90FF531DF755): 1
LogDevObjectVersion:   Private-Geometry (6EACA3D4-40EC-4CC1-B786-8BED09428FC5): 3
LogDevObjectVersion:   Dev-AnimPhys (29E575DD-E0A3-4627-9D10-D276232CDCEA): 17
LogDevObjectVersion:   Dev-Anim (AF43A65D-7FD3-4947-9873-3E8ED9C1BB05): 15
LogDevObjectVersion:   Dev-ReflectionCapture (6B266CEC-1EC7-4B8F-A30B-E4D90942FC07): 1
LogDevObjectVersion:   Dev-Automation (0DF73D61-A23F-47EA-B727-89E90C41499A): 1
LogDevObjectVersion:   FortniteMain (601D1886-AC64-4F84-AA16-D3DE0DEAC7D6): 47
LogDevObjectVersion:   FortniteRelease (E7086368-6B23-4C58-8439-1B7016265E91): 1
LogDevObjectVersion:   Dev-Enterprise (9DFFBCD6-494F-0158-E221-12823C92A888): 10
LogDevObjectVersion:   Dev-Niagara (F2AED0AC-9AFE-416F-8664-AA7FFA26D6FC): 1
LogDevObjectVersion:   Dev-Destruction (174F1F0B-B4C6-45A5-B13F-2EE8D0FB917D): 10
LogDevObjectVersion:   Dev-Physics-Ext (35F94A83-E258-406C-A318-09F59610247C): 41
LogDevObjectVersion:   Dev-PhysicsMaterial-Chaos (B68FC16E-8B1B-42E2-B453-215C058844FE): 1
LogDevObjectVersion:   Dev-CineCamera (B2E18506-4273-CFC2-A54E-F4BB758BBA07): 1
LogDevObjectVersion:   Dev-VirtualProduction (64F58936-FD1B-42BA-BA96-7289D5D0FA4E): 1
LogDevObjectVersion:   Dev-MediaFramework (6F0ED827-A609-4895-9C91-998D90180EA4): 2
LogInit: Presizing for max 25165824 objects, including 0 objects not considered by GC, pre-allocating 0 bytes for permanent pool.
LogConfig: Applying CVar settings from Section [/Script/Engine.StreamingSettings] File [C:/Users/danie/Documents/Gamedev VR/game/UE4 game/fpsgame/Saved/Config/Windows/Engine.ini]
LogConfig: Setting CVar [[s.MinBulkDataSizeForAsyncLoading:131072]]
LogConfig: Setting CVar [[s.AsyncLoadingThreadEnabled:0]]
LogConfig: Setting CVar [[s.EventDrivenLoaderEnabled:1]]
LogConfig: Setting CVar [[s.WarnIfTimeLimitExceeded:0]]
LogConfig: Setting CVar [[s.TimeLimitExceededMultiplier:1.5]]
LogConfig: Setting CVar [[s.TimeLimitExceededMinTime:0.005]]
LogConfig: Setting CVar [[s.UseBackgroundLevelStreaming:1]]
LogConfig: Setting CVar [[s.PriorityAsyncLoadingExtraTime:15.0]]
LogConfig: Setting CVar [[s.LevelStreamingActorsUpdateTimeLimit:5.0]]
LogConfig: Setting CVar [[s.PriorityLevelStreamingActorsUpdateExtraTime:5.0]]
LogConfig: Setting CVar [[s.LevelStreamingComponentsRegistrationGranularity:10]]
LogConfig: Setting CVar [[s.UnregisterComponentsTimeLimit:1.0]]
LogConfig: Setting CVar [[s.LevelStreamingComponentsUnregistrationGranularity:5]]
LogConfig: Setting CVar [[s.FlushStreamingOnExit:1]]
LogInit: Object subsystem initialized
LogConfig: Setting CVar [[con.DebugEarlyDefault:1]]
LogConfig: Setting CVar [[r.setres:1280x720]]
[2022.08.24-18.28.15:685][  0]LogConfig: Setting CVar [[con.DebugEarlyDefault:1]]
[2022.08.24-18.28.15:685][  0]LogConfig: Setting CVar [[r.setres:1280x720]]
[2022.08.24-18.28.15:686][  0]LogConfig: Applying CVar settings from Section [/Script/Engine.RendererSettings] File [C:/Users/danie/Documents/Gamedev VR/game/UE4 game/fpsgame/Saved/Config/Windows/Engine.ini]
[2022.08.24-18.28.15:686][  0]LogConfig: Setting CVar [[r.GPUCrashDebugging:0]]
[2022.08.24-18.28.15:686][  0]LogConfig: Setting CVar [[r.Mobile.DisableVertexFog:1]]
[2022.08.24-18.28.15:688][  0]LogConfig: Setting CVar [[r.Shadow.CSM.MaxMobileCascades:2]]
[2022.08.24-18.28.15:688][  0]LogConfig: Setting CVar [[r.MobileMSAA:1]]
[2022.08.24-18.28.15:688][  0]LogConfig: Setting CVar [[r.Mobile.AllowDitheredLODTransition:0]]
[2022.08.24-18.28.15:689][  0]LogConfig: Setting CVar [[r.Mobile.AllowSoftwareOcclusion:0]]
[2022.08.24-18.28.15:689][  0]LogConfig: Setting CVar [[r.Mobile.VirtualTextures:0]]
[2022.08.24-18.28.15:689][  0]LogConfig: Setting CVar [[r.DiscardUnusedQuality:0]]
[2022.08.24-18.28.15:689][  0]LogConfig: Setting CVar [[r.AllowOcclusionQueries:1]]
[2022.08.24-18.28.15:690][  0]LogConfig: Setting CVar [[r.MinScreenRadiusForLights:0.030000]]
[2022.08.24-18.28.15:690][  0]LogConfig: Setting CVar [[r.MinScreenRadiusForDepthPrepass:0.030000]]
[2022.08.24-18.28.15:690][  0]LogConfig: Setting CVar [[r.MinScreenRadiusForCSMDepth:0.010000]]
[2022.08.24-18.28.15:690][  0]LogConfig: Setting CVar [[r.PrecomputedVisibilityWarning:0]]
[2022.08.24-18.28.15:691][  0]LogConfig: Setting CVar [[r.TextureStreaming:1]]
[2022.08.24-18.28.15:691][  0]LogConfig: Setting CVar [[Compat.UseDXT5NormalMaps:0]]
[2022.08.24-18.28.15:691][  0]LogConfig: Setting CVar [[r.VirtualTextures:0]]
[2022.08.24-18.28.15:691][  0]LogConfig: Setting CVar [[r.VT.EnableAutoImport:1]]
[2022.08.24-18.28.15:692][  0]LogConfig: Setting CVar [[r.VirtualTexturedLightmaps:0]]
[2022.08.24-18.28.15:694][  0]LogConfig: Setting CVar [[r.VT.TileSize:128]]
[2022.08.24-18.28.15:694][  0]LogConfig: Setting CVar [[r.VT.TileBorderSize:4]]
[2022.08.24-18.28.15:694][  0]LogConfig: Setting CVar [[r.vt.FeedbackFactor:16]]
[2022.08.24-18.28.15:694][  0]LogConfig: Setting CVar [[r.VT.EnableCompressZlib:1]]
[2022.08.24-18.28.15:695][  0]LogConfig: Setting CVar [[r.VT.EnableCompressCrunch:0]]
[2022.08.24-18.28.15:695][  0]LogConfig: Setting CVar [[r.ClearCoatNormal:0]]
[2022.08.24-18.28.15:695][  0]LogConfig: Setting CVar [[r.ReflectionCaptureResolution:128]]
[2022.08.24-18.28.15:695][  0]LogConfig: Setting CVar [[r.Mobile.ReflectionCaptureCompression:0]]
[2022.08.24-18.28.15:696][  0]LogConfig: Setting CVar [[r.ReflectionEnvironmentLightmapMixBasedOnRoughness:1]]
[2022.08.24-18.28.15:696][  0]LogConfig: Setting CVar [[r.ForwardShading:0]]
[2022.08.24-18.28.15:696][  0]LogConfig: Setting CVar [[r.VertexFoggingForOpaque:1]]
[2022.08.24-18.28.15:697][  0]LogConfig: Setting CVar [[r.AllowStaticLighting:1]]
[2022.08.24-18.28.15:697][  0]LogConfig: Setting CVar [[r.NormalMapsForStaticLighting:0]]
[2022.08.24-18.28.15:697][  0]LogConfig: Setting CVar [[r.GenerateMeshDistanceFields:0]]
[2022.08.24-18.28.15:697][  0]LogConfig: Setting CVar [[r.DistanceFieldBuild.EightBit:0]]
[2022.08.24-18.28.15:698][  0]LogConfig: Setting CVar [[r.GenerateLandscapeGIData:0]]
[2022.08.24-18.28.15:698][  0]LogConfig: Setting CVar [[r.DistanceFieldBuild.Compress:0]]
[2022.08.24-18.28.15:698][  0]LogConfig: Setting CVar [[r.TessellationAdaptivePixelsPerTriangle:48.000000]]
[2022.08.24-18.28.15:699][  0]LogConfig: Setting CVar [[r.SeparateTranslucency:1]]
[2022.08.24-18.28.15:699][  0]LogConfig: Setting CVar [[r.TranslucentSortPolicy:0]]
[2022.08.24-18.28.15:699][  0]LogConfig: Setting CVar [[vr.VRS.HMDFixedFoveationLevel:0]]
[2022.08.24-18.28.15:699][  0]LogConfig: Setting CVar [[r.CustomDepth:1]]
[2022.08.24-18.28.15:699][  0]LogConfig: Setting CVar [[r.CustomDepthTemporalAAJitter:1]]
[2022.08.24-18.28.15:700][  0]LogConfig: Setting CVar [[r.PostProcessing.PropagateAlpha:0]]
[2022.08.24-18.28.15:700][  0]LogConfig: Setting CVar [[r.DefaultFeature.Bloom:1]]
[2022.08.24-18.28.15:700][  0]LogConfig: Setting CVar [[r.DefaultFeature.AmbientOcclusion:1]]
[2022.08.24-18.28.15:700][  0]LogConfig: Setting CVar [[r.DefaultFeature.AmbientOcclusionStaticFraction:1]]
[2022.08.24-18.28.15:701][  0]LogConfig: Setting CVar [[r.DefaultFeature.AutoExposure:0]]
[2022.08.24-18.28.15:701][  0]LogConfig: Setting CVar [[r.DefaultFeature.AutoExposure.Method:0]]
[2022.08.24-18.28.15:701][  0]LogConfig: Setting CVar [[r.DefaultFeature.AutoExposure.Bias:1.000000]]
[2022.08.24-18.28.15:701][  0]LogConfig: Setting CVar [[r.DefaultFeature.AutoExposure.ExtendDefaultLuminanceRange:0]]
[2022.08.24-18.28.15:702][  0]LogConfig: Setting CVar [[r.UsePreExposure:1]]
[2022.08.24-18.28.15:702][  0]LogConfig: Setting CVar [[r.EyeAdaptation.EditorOnly:0]]
[2022.08.24-18.28.15:702][  0]LogConfig: Setting CVar [[r.DefaultFeature.MotionBlur:0]]
[2022.08.24-18.28.15:703][  0]LogConfig: Setting CVar [[r.DefaultFeature.LensFlare:0]]
[2022.08.24-18.28.15:703][  0]LogConfig: Setting CVar [[r.TemporalAA.Upsampling:0]]
[2022.08.24-18.28.15:703][  0]LogConfig: Setting CVar [[r.SSGI.Enable:0]]
[2022.08.24-18.28.15:703][  0]LogConfig: Setting CVar [[r.DefaultFeature.AntiAliasing:0]]
[2022.08.24-18.28.15:704][  0]LogConfig: Setting CVar [[r.DefaultFeature.LightUnits:1]]
[2022.08.24-18.28.15:704][  0]LogConfig: Setting CVar [[r.DefaultBackBufferPixelFormat:4]]
[2022.08.24-18.28.15:704][  0]LogConfig: Setting CVar [[r.Shadow.UnbuiltPreviewInGame:1]]
[2022.08.24-18.28.15:704][  0]LogConfig: Setting CVar [[r.StencilForLODDither:0]]
[2022.08.24-18.28.15:705][  0]LogConfig: Setting CVar [[r.EarlyZPass:3]]
[2022.08.24-18.28.15:705][  0]LogConfig: Setting CVar [[r.EarlyZPassOnlyMaterialMasking:0]]
[2022.08.24-18.28.15:705][  0]LogConfig: Setting CVar [[r.DBuffer:1]]
[2022.08.24-18.28.15:705][  0]LogConfig: Setting CVar [[r.ClearSceneMethod:1]]
[2022.08.24-18.28.15:706][  0]LogConfig: Setting CVar [[r.BasePassOutputsVelocity:0]]
[2022.08.24-18.28.15:706][  0]LogConfig: Setting CVar [[r.VertexDeformationOutputsVelocity:0]]
[2022.08.24-18.28.15:706][  0]LogConfig: Setting CVar [[r.SelectiveBasePassOutputs:0]]
[2022.08.24-18.28.15:706][  0]LogConfig: Setting CVar [[fx.GPUSimulationTextureSizeX:1024]]
[2022.08.24-18.28.15:707][  0]LogConfig: Setting CVar [[fx.GPUSimulationTextureSizeY:1024]]
[2022.08.24-18.28.15:707][  0]LogConfig: Setting CVar [[r.AllowGlobalClipPlane:0]]
[2022.08.24-18.28.15:707][  0]LogConfig: Setting CVar [[r.GBufferFormat:1]]
[2022.08.24-18.28.15:707][  0]LogConfig: Setting CVar [[r.MorphTarget.Mode:1]]
[2022.08.24-18.28.15:708][  0]LogConfig: Setting CVar [[vr.InstancedStereo:0]]
[2022.08.24-18.28.15:710][  0]LogConfig: Setting CVar [[r.MobileHDR:1]]
[2022.08.24-18.28.15:710][  0]LogConfig: Setting CVar [[vr.MobileMultiView:0]]
[2022.08.24-18.28.15:711][  0]LogConfig: Setting CVar [[r.Mobile.UseHWsRGBEncoding:0]]
[2022.08.24-18.28.15:711][  0]LogConfig: Setting CVar [[vr.RoundRobinOcclusion:0]]
[2022.08.24-18.28.15:711][  0]LogConfig: Setting CVar [[vr.ODSCapture:0]]
[2022.08.24-18.28.15:711][  0]LogConfig: Setting CVar [[r.MeshStreaming:0]]
[2022.08.24-18.28.15:712][  0]LogConfig: Setting CVar [[r.WireframeCullThreshold:5.000000]]
[2022.08.24-18.28.15:712][  0]LogConfig: Setting CVar [[r.RayTracing:0]]
[2022.08.24-18.28.15:712][  0]LogConfig: Setting CVar [[r.RayTracing.UseTextureLod:0]]
[2022.08.24-18.28.15:713][  0]LogConfig: Setting CVar [[r.SupportStationarySkylight:1]]
[2022.08.24-18.28.15:713][  0]LogConfig: Setting CVar [[r.SupportLowQualityLightmaps:1]]
[2022.08.24-18.28.15:713][  0]LogConfig: Setting CVar [[r.SupportPointLightWholeSceneShadows:1]]
[2022.08.24-18.28.15:713][  0]LogConfig: Setting CVar [[r.SupportAtmosphericFog:1]]
[2022.08.24-18.28.15:714][  0]LogConfig: Setting CVar [[r.SupportSkyAtmosphere:1]]
[2022.08.24-18.28.15:714][  0]LogConfig: Setting CVar [[r.SupportSkyAtmosphereAffectsHeightFog:0]]
[2022.08.24-18.28.15:714][  0]LogConfig: Setting CVar [[r.SkinCache.CompileShaders:0]]
[2022.08.24-18.28.15:714][  0]LogConfig: Setting CVar [[r.SkinCache.DefaultBehavior:1]]
[2022.08.24-18.28.15:715][  0]LogConfig: Setting CVar [[r.SkinCache.SceneMemoryLimitInMB:128.000000]]
[2022.08.24-18.28.15:715][  0]LogConfig: Setting CVar [[r.Mobile.EnableStaticAndCSMShadowReceivers:1]]
[2022.08.24-18.28.15:715][  0]LogConfig: Setting CVar [[r.Mobile.EnableMovableLightCSMShaderCulling:1]]
[2022.08.24-18.28.15:715][  0]LogConfig: Setting CVar [[r.Mobile.AllowDistanceFieldShadows:1]]
[2022.08.24-18.28.15:716][  0]LogConfig: Setting CVar [[r.Mobile.AllowMovableDirectionalLights:1]]
[2022.08.24-18.28.15:716][  0]LogConfig: Setting CVar [[r.MobileNumDynamicPointLights:4]]
[2022.08.24-18.28.15:716][  0]LogConfig: Setting CVar [[r.MobileDynamicPointLightsUseStaticBranch:1]]
[2022.08.24-18.28.15:716][  0]LogConfig: Setting CVar [[r.Mobile.EnableMovableSpotlights:0]]
[2022.08.24-18.28.15:717][  0]LogConfig: Setting CVar [[r.Mobile.EnableMovableSpotlightsShadow:0]]
[2022.08.24-18.28.15:717][  0]LogConfig: Setting CVar [[r.GPUSkin.Support16BitBoneIndex:0]]
[2022.08.24-18.28.15:717][  0]LogConfig: Setting CVar [[r.GPUSkin.Limit2BoneInfluences:0]]
[2022.08.24-18.28.15:717][  0]LogConfig: Setting CVar [[r.SupportDepthOnlyIndexBuffers:1]]
[2022.08.24-18.28.15:718][  0]LogConfig: Setting CVar [[r.SupportReversedIndexBuffers:1]]
[2022.08.24-18.28.15:718][  0]LogConfig: Setting CVar [[r.LightPropagationVolume:0]]
[2022.08.24-18.28.15:718][  0]LogConfig: Setting CVar [[r.Mobile.AmbientOcclusion:0]]
[2022.08.24-18.28.15:718][  0]LogConfig: Setting CVar [[r.GPUSkin.UnlimitedBoneInfluences:0]]
[2022.08.24-18.28.15:719][  0]LogConfig: Setting CVar [[r.GPUSkin.UnlimitedBoneInfluencesThreshold:8]]
[2022.08.24-18.28.15:719][  0]LogConfig: Setting CVar [[r.Mobile.PlanarReflectionMode:0]]
[2022.08.24-18.28.15:719][  0]LogConfig: Setting CVar [[r.Mobile.SupportsGen4TAA:0]]
[2022.08.24-18.28.15:720][  0]LogConfig: Applying CVar settings from Section [/Script/Engine.RendererOverrideSettings] File [C:/Users/danie/Documents/Gamedev VR/game/UE4 game/fpsgame/Saved/Config/Windows/Engine.ini]
[2022.08.24-18.28.15:720][  0]LogConfig: Applying CVar settings from Section [/Script/Engine.StreamingSettings] File [C:/Users/danie/Documents/Gamedev VR/game/UE4 game/fpsgame/Saved/Config/Windows/Engine.ini]
[2022.08.24-18.28.15:720][  0]LogConfig: Setting CVar [[s.MinBulkDataSizeForAsyncLoading:131072]]
[2022.08.24-18.28.15:720][  0]LogConfig: Setting CVar [[s.AsyncLoadingThreadEnabled:0]]
[2022.08.24-18.28.15:721][  0]LogConfig: Setting CVar [[s.EventDrivenLoaderEnabled:1]]
[2022.08.24-18.28.15:721][  0]LogConfig: Setting CVar [[s.WarnIfTimeLimitExceeded:0]]
[2022.08.24-18.28.15:721][  0]LogConfig: Setting CVar [[s.TimeLimitExceededMultiplier:1.5]]
[2022.08.24-18.28.15:721][  0]LogConfig: Setting CVar [[s.TimeLimitExceededMinTime:0.005]]
[2022.08.24-18.28.15:722][  0]LogConfig: Setting CVar [[s.UseBackgroundLevelStreaming:1]]
[2022.08.24-18.28.15:722][  0]LogConfig: Setting CVar [[s.PriorityAsyncLoadingExtraTime:15.0]]
[2022.08.24-18.28.15:722][  0]LogConfig: Setting CVar [[s.LevelStreamingActorsUpdateTimeLimit:5.0]]
[2022.08.24-18.28.15:722][  0]LogConfig: Setting CVar [[s.PriorityLevelStreamingActorsUpdateExtraTime:5.0]]
[2022.08.24-18.28.15:723][  0]LogConfig: Setting CVar [[s.LevelStreamingComponentsRegistrationGranularity:10]]
[2022.08.24-18.28.15:723][  0]LogConfig: Setting CVar [[s.UnregisterComponentsTimeLimit:1.0]]
[2022.08.24-18.28.15:723][  0]LogConfig: Setting CVar [[s.LevelStreamingComponentsUnregistrationGranularity:5]]
[2022.08.24-18.28.15:724][  0]LogConfig: Setting CVar [[s.FlushStreamingOnExit:1]]
[2022.08.24-18.28.15:726][  0]LogConfig: Applying CVar settings from Section [/Script/Engine.GarbageCollectionSettings] File [C:/Users/danie/Documents/Gamedev VR/game/UE4 game/fpsgame/Saved/Config/Windows/Engine.ini]
[2022.08.24-18.28.15:726][  0]LogConfig: Setting CVar [[gc.MaxObjectsNotConsideredByGC:1]]
[2022.08.24-18.28.15:727][  0]LogConfig: Setting CVar [[gc.SizeOfPermanentObjectPool:0]]
[2022.08.24-18.28.15:727][  0]LogConfig: Setting CVar [[gc.FlushStreamingOnGC:0]]
[2022.08.24-18.28.15:727][  0]LogConfig: Setting CVar [[gc.NumRetriesBeforeForcingGC:10]]
[2022.08.24-18.28.15:728][  0]LogConfig: Setting CVar [[gc.AllowParallelGC:1]]
[2022.08.24-18.28.15:728][  0]LogConfig: Setting CVar [[gc.TimeBetweenPurgingPendingKillObjects:61.1]]
[2022.08.24-18.28.15:728][  0]LogConfig: Setting CVar [[gc.MaxObjectsInEditor:25165824]]
[2022.08.24-18.28.15:728][  0]LogConfig: Setting CVar [[gc.IncrementalBeginDestroyEnabled:1]]
[2022.08.24-18.28.15:729][  0]LogConfig: Setting CVar [[gc.CreateGCClusters:1]]
[2022.08.24-18.28.15:729][  0]LogConfig: Setting CVar [[gc.MinGCClusterSize:5]]
[2022.08.24-18.28.15:729][  0]LogConfig: Setting CVar [[gc.ActorClusteringEnabled:0]]
[2022.08.24-18.28.15:729][  0]LogConfig: Setting CVar [[gc.BlueprintClusteringEnabled:0]]
[2022.08.24-18.28.15:730][  0]LogConfig: Setting CVar [[gc.UseDisregardForGCOnDedicatedServers:0]]
[2022.08.24-18.28.15:730][  0]LogConfig: Setting CVar [[gc.MultithreadedDestructionEnabled:1]]
[2022.08.24-18.28.15:730][  0]LogConfig: Applying CVar settings from Section [/Script/Engine.NetworkSettings] File [C:/Users/danie/Documents/Gamedev VR/game/UE4 game/fpsgame/Saved/Config/Windows/Engine.ini]
[2022.08.24-18.28.15:730][  0]LogConfig: Applying CVar settings from Section [/Script/UnrealEd.CookerSettings] File [C:/Users/danie/Documents/Gamedev VR/game/UE4 game/fpsgame/Saved/Config/Windows/Engine.ini]
[2022.08.24-18.28.15:731][  0]LogConfig: Applying CVar settings from Section [ViewDistanceQuality@3] File [C:/Users/danie/Documents/Gamedev VR/game/UE4 game/fpsgame/Saved/Config/Windows/Scalability.ini]
[2022.08.24-18.28.15:731][  0]LogConfig: Setting CVar [[r.SkeletalMeshLODBias:0]]
[2022.08.24-18.28.15:731][  0]LogConfig: Setting CVar [[r.ViewDistanceScale:1.0]]
[2022.08.24-18.28.15:731][  0]LogConfig: Applying CVar settings from Section [AntiAliasingQuality@3] File [C:/Users/danie/Documents/Gamedev VR/game/UE4 game/fpsgame/Saved/Config/Windows/Scalability.ini]
[2022.08.24-18.28.15:732][  0]LogConfig: Setting CVar [[r.PostProcessAAQuality:4]]
[2022.08.24-18.28.15:732][  0]LogConfig: Applying CVar settings from Section [ShadowQuality@3] File [C:/Users/danie/Documents/Gamedev VR/game/UE4 game/fpsgame/Saved/Config/Windows/Scalability.ini]
[2022.08.24-18.28.15:732][  0]LogConfig: Setting CVar [[r.LightFunctionQuality:1]]
[2022.08.24-18.28.15:732][  0]LogConfig: Setting CVar [[r.ShadowQuality:5]]
[2022.08.24-18.28.15:733][  0]LogConfig: Setting CVar [[r.Shadow.CSM.MaxCascades:10]]
[2022.08.24-18.28.15:733][  0]LogConfig: Setting CVar [[r.Shadow.MaxResolution:2048]]
[2022.08.24-18.28.15:733][  0]LogConfig: Setting CVar [[r.Shadow.MaxCSMResolution:2048]]
[2022.08.24-18.28.15:733][  0]LogConfig: Setting CVar [[r.Shadow.RadiusThreshold:0.01]]
[2022.08.24-18.28.15:734][  0]LogConfig: Setting CVar [[r.Shadow.DistanceScale:1.0]]
[2022.08.24-18.28.15:734][  0]LogConfig: Setting CVar [[r.Shadow.CSM.TransitionScale:1.0]]
[2022.08.24-18.28.15:734][  0]LogConfig: Setting CVar [[r.Shadow.PreShadowResolutionFactor:1.0]]
[2022.08.24-18.28.15:734][  0]LogConfig: Setting CVar [[r.DistanceFieldShadowing:1]]
[2022.08.24-18.28.15:735][  0]LogConfig: Setting CVar [[r.DistanceFieldAO:1]]
[2022.08.24-18.28.15:735][  0]LogConfig: Setting CVar [[r.AOQuality:2]]
[2022.08.24-18.28.15:735][  0]LogConfig: Setting CVar [[r.VolumetricFog:1]]
[2022.08.24-18.28.15:735][  0]LogConfig: Setting CVar [[r.VolumetricFog.GridPixelSize:8]]
[2022.08.24-18.28.15:736][  0]LogConfig: Setting CVar [[r.VolumetricFog.GridSizeZ:128]]
[2022.08.24-18.28.15:736][  0]LogConfig: Setting CVar [[r.VolumetricFog.HistoryMissSupersampleCount:4]]
[2022.08.24-18.28.15:736][  0]LogConfig: Setting CVar [[r.LightMaxDrawDistanceScale:1]]
[2022.08.24-18.28.15:737][  0]LogConfig: Setting CVar [[r.CapsuleShadows:1]]
[2022.08.24-18.28.15:737][  0]LogConfig: Applying CVar settings from Section [PostProcessQuality@3] File [C:/Users/danie/Documents/Gamedev VR/game/UE4 game/fpsgame/Saved/Config/Windows/Scalability.ini]
[2022.08.24-18.28.15:737][  0]LogConfig: Setting CVar [[r.MotionBlurQuality:4]]
[2022.08.24-18.28.15:737][  0]LogConfig: Setting CVar [[r.AmbientOcclusionMipLevelFactor:0.4]]
[2022.08.24-18.28.15:738][  0]LogConfig: Setting CVar [[r.AmbientOcclusionMaxQuality:100]]
[2022.08.24-18.28.15:738][  0]LogConfig: Setting CVar [[r.AmbientOcclusionLevels:-1]]
[2022.08.24-18.28.15:738][  0]LogConfig: Setting CVar [[r.AmbientOcclusionRadiusScale:1.0]]
[2022.08.24-18.28.15:738][  0]LogConfig: Setting CVar [[r.DepthOfFieldQuality:2]]
[2022.08.24-18.28.15:739][  0]LogConfig: Setting CVar [[r.RenderTargetPoolMin:400]]
[2022.08.24-18.28.15:739][  0]LogConfig: Setting CVar [[r.LensFlareQuality:2]]
[2022.08.24-18.28.15:739][  0]LogConfig: Setting CVar [[r.SceneColorFringeQuality:1]]
[2022.08.24-18.28.15:740][  0]LogConfig: Setting CVar [[r.EyeAdaptationQuality:2]]
[2022.08.24-18.28.15:742][  0]LogConfig: Setting CVar [[r.BloomQuality:5]]
[2022.08.24-18.28.15:743][  0]LogConfig: Setting CVar [[r.FastBlurThreshold:100]]
[2022.08.24-18.28.15:743][  0]LogConfig: Setting CVar [[r.Upscale.Quality:3]]
[2022.08.24-18.28.15:744][  0]LogConfig: Setting CVar [[r.Tonemapper.GrainQuantization:1]]
[2022.08.24-18.28.15:744][  0]LogConfig: Setting CVar [[r.LightShaftQuality:1]]
[2022.08.24-18.28.15:744][  0]LogConfig: Setting CVar [[r.Filter.SizeScale:1]]
[2022.08.24-18.28.15:745][  0]LogConfig: Setting CVar [[r.Tonemapper.Quality:5]]
[2022.08.24-18.28.15:745][  0]LogConfig: Setting CVar [[r.DOF.Gather.AccumulatorQuality:1        ; higher gathering accumulator quality]]
[2022.08.24-18.28.15:745][  0]LogConfig: Setting CVar [[r.DOF.Gather.PostfilterMethod:1          ; Median3x3 postfilering method]]
[2022.08.24-18.28.15:745][  0]LogConfig: Setting CVar [[r.DOF.Gather.EnableBokehSettings:0       ; no bokeh simulation when gathering]]
[2022.08.24-18.28.15:746][  0]LogConfig: Setting CVar [[r.DOF.Gather.RingCount:4                 ; medium number of samples when gathering]]
[2022.08.24-18.28.15:746][  0]LogConfig: Setting CVar [[r.DOF.Scatter.ForegroundCompositing:1    ; additive foreground scattering]]
[2022.08.24-18.28.15:746][  0]LogConfig: Setting CVar [[r.DOF.Scatter.BackgroundCompositing:2    ; additive background scattering]]
[2022.08.24-18.28.15:746][  0]LogConfig: Setting CVar [[r.DOF.Scatter.EnableBokehSettings:1      ; bokeh simulation when scattering]]
[2022.08.24-18.28.15:747][  0]LogConfig: Setting CVar [[r.DOF.Scatter.MaxSpriteRatio:0.1         ; only a maximum of 10% of scattered bokeh]]
[2022.08.24-18.28.15:747][  0]LogConfig: Setting CVar [[r.DOF.Recombine.Quality:1                ; cheap slight out of focus]]
[2022.08.24-18.28.15:747][  0]LogConfig: Setting CVar [[r.DOF.Recombine.EnableBokehSettings:0    ; no bokeh simulation on slight out of focus]]
[2022.08.24-18.28.15:748][  0]LogConfig: Setting CVar [[r.DOF.TemporalAAQuality:1                ; more stable temporal accumulation]]
[2022.08.24-18.28.15:748][  0]LogConfig: Setting CVar [[r.DOF.Kernel.MaxForegroundRadius:0.025]]
[2022.08.24-18.28.15:748][  0]LogConfig: Setting CVar [[r.DOF.Kernel.MaxBackgroundRadius:0.025]]
[2022.08.24-18.28.15:748][  0]LogConfig: Applying CVar settings from Section [TextureQuality@3] File [C:/Users/danie/Documents/Gamedev VR/game/UE4 game/fpsgame/Saved/Config/Windows/Scalability.ini]
[2022.08.24-18.28.15:749][  0]LogConfig: Setting CVar [[r.Streaming.MipBias:0]]
[2022.08.24-18.28.15:749][  0]LogConfig: Setting CVar [[r.Streaming.AmortizeCPUToGPUCopy:0]]
[2022.08.24-18.28.15:749][  0]LogConfig: Setting CVar [[r.Streaming.MaxNumTexturesToStreamPerFrame:0]]
[2022.08.24-18.28.15:749][  0]LogConfig: Setting CVar [[r.Streaming.Boost:1]]
[2022.08.24-18.28.15:750][  0]LogConfig: Setting CVar [[r.MaxAnisotropy:8]]
[2022.08.24-18.28.15:750][  0]LogConfig: Setting CVar [[r.VT.MaxAnisotropy:8]]
[2022.08.24-18.28.15:750][  0]LogConfig: Setting CVar [[r.Streaming.LimitPoolSizeToVRAM:0]]
[2022.08.24-18.28.15:750][  0]LogConfig: Setting CVar [[r.Streaming.PoolSize:1000]]
[2022.08.24-18.28.15:751][  0]LogConfig: Setting CVar [[r.Streaming.MaxEffectiveScreenSize:0]]
[2022.08.24-18.28.15:751][  0]LogConfig: Applying CVar settings from Section [EffectsQuality@3] File [C:/Users/danie/Documents/Gamedev VR/game/UE4 game/fpsgame/Saved/Config/Windows/Scalability.ini]
[2022.08.24-18.28.15:751][  0]LogConfig: Setting CVar [[r.TranslucencyLightingVolumeDim:64]]
[2022.08.24-18.28.15:752][  0]LogConfig: Setting CVar [[r.RefractionQuality:2]]
[2022.08.24-18.28.15:752][  0]LogConfig: Setting CVar [[r.SSR.Quality:3]]
[2022.08.24-18.28.15:752][  0]LogConfig: Setting CVar [[r.SSR.HalfResSceneColor:0]]
[2022.08.24-18.28.15:752][  0]LogConfig: Setting CVar [[r.SceneColorFormat:4]]
[2022.08.24-18.28.15:753][  0]LogConfig: Setting CVar [[r.DetailMode:2]]
[2022.08.24-18.28.15:753][  0]LogConfig: Setting CVar [[r.TranslucencyVolumeBlur:1]]
[2022.08.24-18.28.15:753][  0]LogConfig: Setting CVar [[r.MaterialQualityLevel:1 ; High quality]]
[2022.08.24-18.28.15:754][  0]LogConfig: Setting CVar [[r.AnisotropicMaterials:1]]
[2022.08.24-18.28.15:754][  0]LogConfig: Setting CVar [[r.SSS.Scale:1]]
[2022.08.24-18.28.15:754][  0]LogConfig: Setting CVar [[r.SSS.SampleSet:2]]
[2022.08.24-18.28.15:754][  0]LogConfig: Setting CVar [[r.SSS.Quality:1]]
[2022.08.24-18.28.15:755][  0]LogConfig: Setting CVar [[r.SSS.HalfRes:0]]
[2022.08.24-18.28.15:755][  0]LogConfig: Setting CVar [[r.SSGI.Quality:3]]
[2022.08.24-18.28.15:755][  0]LogConfig: Setting CVar [[r.EmitterSpawnRateScale:1.0]]
[2022.08.24-18.28.15:755][  0]LogConfig: Setting CVar [[r.ParticleLightQuality:2]]
[2022.08.24-18.28.15:756][  0]LogConfig: Setting CVar [[r.SkyAtmosphere.AerialPerspectiveLUT.FastApplyOnOpaque:1 ; Always have FastSkyLUT 1 in this case to avoid wrong sky]]
[2022.08.24-18.28.15:758][  0]LogConfig: Setting CVar [[r.SkyAtmosphere.AerialPerspectiveLUT.SampleCountMaxPerSlice:4]]
[2022.08.24-18.28.15:758][  0]LogConfig: Setting CVar [[r.SkyAtmosphere.AerialPerspectiveLUT.DepthResolution:16.0]]
[2022.08.24-18.28.15:759][  0]LogConfig: Setting CVar [[r.SkyAtmosphere.FastSkyLUT:1]]
[2022.08.24-18.28.15:759][  0]LogConfig: Setting CVar [[r.SkyAtmosphere.FastSkyLUT.SampleCountMin:4.0]]
[2022.08.24-18.28.15:760][  0]LogConfig: Setting CVar [[r.SkyAtmosphere.FastSkyLUT.SampleCountMax:128.0]]
[2022.08.24-18.28.15:760][  0]LogConfig: Setting CVar [[r.SkyAtmosphere.SampleCountMin:4.0]]
[2022.08.24-18.28.15:760][  0]LogConfig: Setting CVar [[r.SkyAtmosphere.SampleCountMax:128.0]]
[2022.08.24-18.28.15:761][  0]LogConfig: Setting CVar [[r.SkyAtmosphere.TransmittanceLUT.UseSmallFormat:0]]
[2022.08.24-18.28.15:761][  0]LogConfig: Setting CVar [[r.SkyAtmosphere.TransmittanceLUT.SampleCount:10.0]]
[2022.08.24-18.28.15:761][  0]LogConfig: Setting CVar [[r.SkyAtmosphere.MultiScatteringLUT.SampleCount:15.0]]
[2022.08.24-18.28.15:762][  0]LogConfig: Setting CVar [[r.SkyLight.RealTimeReflectionCapture:1]]
[2022.08.24-18.28.15:762][  0]LogConfig: Applying CVar settings from Section [FoliageQuality@3] File [C:/Users/danie/Documents/Gamedev VR/game/UE4 game/fpsgame/Saved/Config/Windows/Scalability.ini]
[2022.08.24-18.28.15:762][  0]LogConfig: Setting CVar [[foliage.DensityScale:1.0]]
[2022.08.24-18.28.15:762][  0]LogConfig: Setting CVar [[grass.DensityScale:1.0]]
[2022.08.24-18.28.15:763][  0]LogConfig: Applying CVar settings from Section [ShadingQuality@3] File [C:/Users/danie/Documents/Gamedev VR/game/UE4 game/fpsgame/Saved/Config/Windows/Scalability.ini]
[2022.08.24-18.28.15:763][  0]LogConfig: Setting CVar [[r.HairStrands.SkyLighting.IntegrationType:2]]
[2022.08.24-18.28.15:763][  0]LogConfig: Setting CVar [[r.HairStrands.SkyAO.SampleCount:4]]
[2022.08.24-18.28.15:764][  0]LogConfig: Setting CVar [[r.HairStrands.Visibility.MSAA.SamplePerPixel:4]]
[2022.08.24-18.28.15:764][  0]LogInit: Selected Device Profile: [Windows]
[2022.08.24-18.28.15:764][  0]LogInit: Applying CVar settings loaded from the selected device profile: [Windows]
[2022.08.24-18.28.15:764][  0]LogHAL: Display: Platform has ~ 16 GB [17128247296 / 17179869184 / 16], which maps to Larger [LargestMinGB=32, LargerMinGB=12, DefaultMinGB=8, SmallerMinGB=6, SmallestMinGB=0)
[2022.08.24-18.28.15:765][  0]LogInit: Going up to parent DeviceProfile []
[2022.08.24-18.28.15:765][  0]LogConfig: Applying CVar settings from Section [ViewDistanceQuality@3] File [C:/Users/danie/Documents/Gamedev VR/game/UE4 game/fpsgame/Saved/Config/Windows/Scalability.ini]
[2022.08.24-18.28.15:765][  0]LogConfig: Setting CVar [[r.SkeletalMeshLODBias:0]]
[2022.08.24-18.28.15:765][  0]LogConfig: Setting CVar [[r.ViewDistanceScale:1.0]]
[2022.08.24-18.28.15:766][  0]LogConfig: Applying CVar settings from Section [AntiAliasingQuality@3] File [C:/Users/danie/Documents/Gamedev VR/game/UE4 game/fpsgame/Saved/Config/Windows/Scalability.ini]
[2022.08.24-18.28.15:766][  0]LogConfig: Setting CVar [[r.PostProcessAAQuality:4]]
[2022.08.24-18.28.15:766][  0]LogConfig: Applying CVar settings from Section [ShadowQuality@3] File [C:/Users/danie/Documents/Gamedev VR/game/UE4 game/fpsgame/Saved/Config/Windows/Scalability.ini]
[2022.08.24-18.28.15:766][  0]LogConfig: Setting CVar [[r.LightFunctionQuality:1]]
[2022.08.24-18.28.15:767][  0]LogConfig: Setting CVar [[r.ShadowQuality:5]]
[2022.08.24-18.28.15:767][  0]LogConfig: Setting CVar [[r.Shadow.CSM.MaxCascades:10]]
[2022.08.24-18.28.15:767][  0]LogConfig: Setting CVar [[r.Shadow.MaxResolution:2048]]
[2022.08.24-18.28.15:767][  0]LogConfig: Setting CVar [[r.Shadow.MaxCSMResolution:2048]]
[2022.08.24-18.28.15:768][  0]LogConfig: Setting CVar [[r.Shadow.RadiusThreshold:0.01]]
[2022.08.24-18.28.15:768][  0]LogConfig: Setting CVar [[r.Shadow.DistanceScale:1.0]]
[2022.08.24-18.28.15:768][  0]LogConfig: Setting CVar [[r.Shadow.CSM.TransitionScale:1.0]]
[2022.08.24-18.28.15:768][  0]LogConfig: Setting CVar [[r.Shadow.PreShadowResolutionFactor:1.0]]
[2022.08.24-18.28.15:769][  0]LogConfig: Setting CVar [[r.DistanceFieldShadowing:1]]
[2022.08.24-18.28.15:769][  0]LogConfig: Setting CVar [[r.DistanceFieldAO:1]]
[2022.08.24-18.28.15:769][  0]LogConfig: Setting CVar [[r.AOQuality:2]]
[2022.08.24-18.28.15:770][  0]LogConfig: Setting CVar [[r.VolumetricFog:1]]
[2022.08.24-18.28.15:770][  0]LogConfig: Setting CVar [[r.VolumetricFog.GridPixelSize:8]]
[2022.08.24-18.28.15:770][  0]LogConfig: Setting CVar [[r.VolumetricFog.GridSizeZ:128]]
[2022.08.24-18.28.15:770][  0]LogConfig: Setting CVar [[r.VolumetricFog.HistoryMissSupersampleCount:4]]
[2022.08.24-18.28.15:771][  0]LogConfig: Setting CVar [[r.LightMaxDrawDistanceScale:1]]
[2022.08.24-18.28.15:773][  0]LogConfig: Setting CVar [[r.CapsuleShadows:1]]
[2022.08.24-18.28.15:773][  0]LogConfig: Applying CVar settings from Section [PostProcessQuality@3] File [C:/Users/danie/Documents/Gamedev VR/game/UE4 game/fpsgame/Saved/Config/Windows/Scalability.ini]
[2022.08.24-18.28.15:774][  0]LogConfig: Setting CVar [[r.MotionBlurQuality:4]]
[2022.08.24-18.28.15:774][  0]LogConfig: Setting CVar [[r.AmbientOcclusionMipLevelFactor:0.4]]
[2022.08.24-18.28.15:774][  0]LogConfig: Setting CVar [[r.AmbientOcclusionMaxQuality:100]]
[2022.08.24-18.28.15:774][  0]LogConfig: Setting CVar [[r.AmbientOcclusionLevels:-1]]
[2022.08.24-18.28.15:774][  0]LogConfig: Setting CVar [[r.AmbientOcclusionRadiusScale:1.0]]
[2022.08.24-18.28.15:775][  0]LogConfig: Setting CVar [[r.DepthOfFieldQuality:2]]
[2022.08.24-18.28.15:775][  0]LogConfig: Setting CVar [[r.RenderTargetPoolMin:400]]
[2022.08.24-18.28.15:775][  0]LogConfig: Setting CVar [[r.LensFlareQuality:2]]
[2022.08.24-18.28.15:775][  0]LogConfig: Setting CVar [[r.SceneColorFringeQuality:1]]
[2022.08.24-18.28.15:776][  0]LogConfig: Setting CVar [[r.EyeAdaptationQuality:2]]
[2022.08.24-18.28.15:776][  0]LogConfig: Setting CVar [[r.BloomQuality:5]]
[2022.08.24-18.28.15:776][  0]LogConfig: Setting CVar [[r.FastBlurThreshold:100]]
[2022.08.24-18.28.15:776][  0]LogConfig: Setting CVar [[r.Upscale.Quality:3]]
[2022.08.24-18.28.15:777][  0]LogConfig: Setting CVar [[r.Tonemapper.GrainQuantization:1]]
[2022.08.24-18.28.15:777][  0]LogConfig: Setting CVar [[r.LightShaftQuality:1]]
[2022.08.24-18.28.15:777][  0]LogConfig: Setting CVar [[r.Filter.SizeScale:1]]
[2022.08.24-18.28.15:778][  0]LogConfig: Setting CVar [[r.Tonemapper.Quality:5]]
[2022.08.24-18.28.15:778][  0]LogConfig: Setting CVar [[r.DOF.Gather.AccumulatorQuality:1        ; higher gathering accumulator quality]]
[2022.08.24-18.28.15:778][  0]LogConfig: Setting CVar [[r.DOF.Gather.PostfilterMethod:1          ; Median3x3 postfilering method]]
[2022.08.24-18.28.15:778][  0]LogConfig: Setting CVar [[r.DOF.Gather.EnableBokehSettings:0       ; no bokeh simulation when gathering]]
[2022.08.24-18.28.15:779][  0]LogConfig: Setting CVar [[r.DOF.Gather.RingCount:4                 ; medium number of samples when gathering]]
[2022.08.24-18.28.15:779][  0]LogConfig: Setting CVar [[r.DOF.Scatter.ForegroundCompositing:1    ; additive foreground scattering]]
[2022.08.24-18.28.15:779][  0]LogConfig: Setting CVar [[r.DOF.Scatter.BackgroundCompositing:2    ; additive background scattering]]
[2022.08.24-18.28.15:779][  0]LogConfig: Setting CVar [[r.DOF.Scatter.EnableBokehSettings:1      ; bokeh simulation when scattering]]
[2022.08.24-18.28.15:780][  0]LogConfig: Setting CVar [[r.DOF.Scatter.MaxSpriteRatio:0.1         ; only a maximum of 10% of scattered bokeh]]
[2022.08.24-18.28.15:780][  0]LogConfig: Setting CVar [[r.DOF.Recombine.Quality:1                ; cheap slight out of focus]]
[2022.08.24-18.28.15:780][  0]LogConfig: Setting CVar [[r.DOF.Recombine.EnableBokehSettings:0    ; no bokeh simulation on slight out of focus]]
[2022.08.24-18.28.15:780][  0]LogConfig: Setting CVar [[r.DOF.TemporalAAQuality:1                ; more stable temporal accumulation]]
[2022.08.24-18.28.15:781][  0]LogConfig: Setting CVar [[r.DOF.Kernel.MaxForegroundRadius:0.025]]
[2022.08.24-18.28.15:781][  0]LogConfig: Setting CVar [[r.DOF.Kernel.MaxBackgroundRadius:0.025]]
[2022.08.24-18.28.15:781][  0]LogConfig: Applying CVar settings from Section [TextureQuality@3] File [C:/Users/danie/Documents/Gamedev VR/game/UE4 game/fpsgame/Saved/Config/Windows/Scalability.ini]
[2022.08.24-18.28.15:782][  0]LogConfig: Setting CVar [[r.Streaming.MipBias:0]]
[2022.08.24-18.28.15:782][  0]LogConfig: Setting CVar [[r.Streaming.AmortizeCPUToGPUCopy:0]]
[2022.08.24-18.28.15:782][  0]LogConfig: Setting CVar [[r.Streaming.MaxNumTexturesToStreamPerFrame:0]]
[2022.08.24-18.28.15:782][  0]LogConfig: Setting CVar [[r.Streaming.Boost:1]]
[2022.08.24-18.28.15:783][  0]LogConfig: Setting CVar [[r.MaxAnisotropy:8]]
[2022.08.24-18.28.15:783][  0]LogConfig: Setting CVar [[r.VT.MaxAnisotropy:8]]
[2022.08.24-18.28.15:783][  0]LogConfig: Setting CVar [[r.Streaming.LimitPoolSizeToVRAM:0]]
[2022.08.24-18.28.15:783][  0]LogConfig: Setting CVar [[r.Streaming.PoolSize:1000]]
[2022.08.24-18.28.15:784][  0]LogConfig: Setting CVar [[r.Streaming.MaxEffectiveScreenSize:0]]
[2022.08.24-18.28.15:784][  0]LogConfig: Applying CVar settings from Section [EffectsQuality@3] File [C:/Users/danie/Documents/Gamedev VR/game/UE4 game/fpsgame/Saved/Config/Windows/Scalability.ini]
[2022.08.24-18.28.15:784][  0]LogConfig: Setting CVar [[r.TranslucencyLightingVolumeDim:64]]
[2022.08.24-18.28.15:784][  0]LogConfig: Setting CVar [[r.RefractionQuality:2]]
[2022.08.24-18.28.15:785][  0]LogConfig: Setting CVar [[r.SSR.Quality:3]]
[2022.08.24-18.28.15:785][  0]LogConfig: Setting CVar [[r.SSR.HalfResSceneColor:0]]
[2022.08.24-18.28.15:785][  0]LogConfig: Setting CVar [[r.SceneColorFormat:4]]
[2022.08.24-18.28.15:785][  0]LogConfig: Setting CVar [[r.DetailMode:2]]
[2022.08.24-18.28.15:786][  0]LogConfig: Setting CVar [[r.TranslucencyVolumeBlur:1]]
[2022.08.24-18.28.15:788][  0]LogConfig: Setting CVar [[r.MaterialQualityLevel:1 ; High quality]]
[2022.08.24-18.28.15:789][  0]LogConfig: Setting CVar [[r.AnisotropicMaterials:1]]
[2022.08.24-18.28.15:789][  0]LogConfig: Setting CVar [[r.SSS.Scale:1]]
[2022.08.24-18.28.15:789][  0]LogConfig: Setting CVar [[r.SSS.SampleSet:2]]
[2022.08.24-18.28.15:789][  0]LogConfig: Setting CVar [[r.SSS.Quality:1]]
[2022.08.24-18.28.15:790][  0]LogConfig: Setting CVar [[r.SSS.HalfRes:0]]
[2022.08.24-18.28.15:790][  0]LogConfig: Setting CVar [[r.SSGI.Quality:3]]
[2022.08.24-18.28.15:790][  0]LogConfig: Setting CVar [[r.EmitterSpawnRateScale:1.0]]
[2022.08.24-18.28.15:791][  0]LogConfig: Setting CVar [[r.ParticleLightQuality:2]]
[2022.08.24-18.28.15:791][  0]LogConfig: Setting CVar [[r.SkyAtmosphere.AerialPerspectiveLUT.FastApplyOnOpaque:1 ; Always have FastSkyLUT 1 in this case to avoid wrong sky]]
[2022.08.24-18.28.15:791][  0]LogConfig: Setting CVar [[r.SkyAtmosphere.AerialPerspectiveLUT.SampleCountMaxPerSlice:4]]
[2022.08.24-18.28.15:791][  0]LogConfig: Setting CVar [[r.SkyAtmosphere.AerialPerspectiveLUT.DepthResolution:16.0]]
[2022.08.24-18.28.15:792][  0]LogConfig: Setting CVar [[r.SkyAtmosphere.FastSkyLUT:1]]
[2022.08.24-18.28.15:792][  0]LogConfig: Setting CVar [[r.SkyAtmosphere.FastSkyLUT.SampleCountMin:4.0]]
[2022.08.24-18.28.15:792][  0]LogConfig: Setting CVar [[r.SkyAtmosphere.FastSkyLUT.SampleCountMax:128.0]]
[2022.08.24-18.28.15:792][  0]LogConfig: Setting CVar [[r.SkyAtmosphere.SampleCountMin:4.0]]
[2022.08.24-18.28.15:793][  0]LogConfig: Setting CVar [[r.SkyAtmosphere.SampleCountMax:128.0]]
[2022.08.24-18.28.15:793][  0]LogConfig: Setting CVar [[r.SkyAtmosphere.TransmittanceLUT.UseSmallFormat:0]]
[2022.08.24-18.28.15:793][  0]LogConfig: Setting CVar [[r.SkyAtmosphere.TransmittanceLUT.SampleCount:10.0]]
[2022.08.24-18.28.15:793][  0]LogConfig: Setting CVar [[r.SkyAtmosphere.MultiScatteringLUT.SampleCount:15.0]]
[2022.08.24-18.28.15:794][  0]LogConfig: Setting CVar [[r.SkyLight.RealTimeReflectionCapture:1]]
[2022.08.24-18.28.15:794][  0]LogConfig: Applying CVar settings from Section [FoliageQuality@3] File [C:/Users/danie/Documents/Gamedev VR/game/UE4 game/fpsgame/Saved/Config/Windows/Scalability.ini]
[2022.08.24-18.28.15:794][  0]LogConfig: Setting CVar [[foliage.DensityScale:1.0]]
[2022.08.24-18.28.15:794][  0]LogConfig: Setting CVar [[grass.DensityScale:1.0]]
[2022.08.24-18.28.15:795][  0]LogConfig: Applying CVar settings from Section [ShadingQuality@3] File [C:/Users/danie/Documents/Gamedev VR/game/UE4 game/fpsgame/Saved/Config/Windows/Scalability.ini]
[2022.08.24-18.28.15:795][  0]LogConfig: Setting CVar [[r.HairStrands.SkyLighting.IntegrationType:2]]
[2022.08.24-18.28.15:795][  0]LogConfig: Setting CVar [[r.HairStrands.SkyAO.SampleCount:4]]
[2022.08.24-18.28.15:795][  0]LogConfig: Setting CVar [[r.HairStrands.Visibility.MSAA.SamplePerPixel:4]]
[2022.08.24-18.28.15:796][  0]LogConfig: Applying CVar settings from Section [Startup] File [../../../Engine/Config/ConsoleVariables.ini]
[2022.08.24-18.28.15:797][  0]LogConfig: Setting CVar [[net.UseAdaptiveNetUpdateFrequency:0]]
[2022.08.24-18.28.15:797][  0]LogConfig: Setting CVar [[p.chaos.AllowCreatePhysxBodies:1]]
[2022.08.24-18.28.15:797][  0]LogConfig: Setting CVar [[fx.SkipVectorVMBackendOptimizations:1]]
[2022.08.24-18.28.15:797][  0]LogConfig: Applying CVar settings from Section [ConsoleVariables] File [C:/Users/danie/Documents/Gamedev VR/game/UE4 game/fpsgame/Saved/Config/Windows/Engine.ini]
[2022.08.24-18.28.15:798][  0]LogConfig: Applying CVar settings from Section [ConsoleVariables] File [C:/Users/danie/Documents/Gamedev VR/game/UE4 game/fpsgame/Saved/Config/Windows/Editor.ini]
[2022.08.24-18.28.15:798][  0]LogInit: Computer: DESKTOP-QG36584
[2022.08.24-18.28.15:798][  0]LogInit: User: danie
[2022.08.24-18.28.15:798][  0]LogInit: CPU Page size=4096, Cores=6
[2022.08.24-18.28.15:799][  0]LogInit: High frequency timer resolution =10.000000 MHz
[2022.08.24-18.28.15:799][  0]LogMemory: Memory total: Physical=16.0GB (16GB approx)
[2022.08.24-18.28.15:799][  0]LogMemory: Platform Memory Stats for Windows
[2022.08.24-18.28.15:800][  0]LogMemory: Process Physical Memory: 136.67 MB used, 136.68 MB peak
[2022.08.24-18.28.15:800][  0]LogMemory: Process Virtual Memory: 115.41 MB used, 115.41 MB peak
[2022.08.24-18.28.15:800][  0]LogMemory: Physical Memory: 13689.60 MB used,  2645.17 MB free, 16334.77 MB total
[2022.08.24-18.28.15:800][  0]LogMemory: Virtual Memory: 134213328.00 MB used,  4400.09 MB free, 134217728.00 MB total
[2022.08.24-18.28.15:802][  0]LogWindows: WindowsPlatformFeatures disabled or dedicated server build
[2022.08.24-18.28.15:811][  0]LogInit: Physics initialised using underlying interface: PhysX
[2022.08.24-18.28.15:812][  0]LogInit: Using OS detected language (en-US).
[2022.08.24-18.28.15:812][  0]LogInit: Using OS detected locale (en-GB).
[2022.08.24-18.28.15:815][  0]LogTextLocalizationManager: No specific localization for 'en-US' exists, so the 'en' localization will be used.
[2022.08.24-18.28.16:259][  0]LogTargetPlatformManager: Display: Loaded TargetPlatform 'WindowsNoEditor'
[2022.08.24-18.28.16:262][  0]LogTargetPlatformManager: Display: Loaded TargetPlatform 'Windows'
[2022.08.24-18.28.16:264][  0]LogTargetPlatformManager: Display: Loaded TargetPlatform 'WindowsClient'
[2022.08.24-18.28.16:267][  0]LogTargetPlatformManager: Display: Loaded TargetPlatform 'WindowsServer'
[2022.08.24-18.28.16:267][  0]LogTargetPlatformManager: Display: Building Assets For Windows
[2022.08.24-18.28.16:270][  0]LogAudioDebug: Display: Lib vorbis DLL was dynamically loaded.
[2022.08.24-18.28.16:283][  0]LogTextureFormatOodle: Display: Oodle Texture 2.9.0 init RDO Off
[2022.08.24-18.28.16:292][  0]LogRendererCore: Ray tracing is disabled. Reason: r.RayTracing=0.
[2022.08.24-18.28.16:292][  0]LogShaderCompilers: Guid format shader working directory is -25 characters bigger than the processId version (../../../../../../Users/danie/Documents/Gamedev VR/game/UE4 game/fpsgame/Intermediate/Shaders/WorkingDirectory/660/).
[2022.08.24-18.28.16:293][  0]LogShaderCompilers: Cleaned the shader compiler working directory 'C:/Users/danie/AppData/Local/Temp/UnrealShaderWorkingDir/588F3BB6438E4289EF74F9B19A3570C6/'.
[2022.08.24-18.28.16:293][  0]LogXGEController: Cannot use XGE Controller as Incredibuild is not installed on this machine.
[2022.08.24-18.28.16:293][  0]LogShaderCompilers: Cannot use XGE Shader Compiler as Incredibuild is not installed on this machine.
[2022.08.24-18.28.16:294][  0]LogShaderCompilers: Display: Using Local Shader Compiler.
[2022.08.24-18.28.16:751][  0]LogDerivedDataCache: Display: Max Cache Size: 512 MB
[2022.08.24-18.28.16:799][  0]LogDerivedDataCache: Loaded boot cache 0.05s 95MB C:/Users/danie/AppData/Local/UnrealEngine/4.27/DerivedDataCache/Boot.ddc.
[2022.08.24-18.28.16:799][  0]LogDerivedDataCache: Display: Loaded Boot cache: C:/Users/danie/AppData/Local/UnrealEngine/4.27/DerivedDataCache/Boot.ddc
[2022.08.24-18.28.16:800][  0]LogDerivedDataCache: FDerivedDataBackendGraph:  Pak pak cache file ../../../../../../Users/danie/Documents/Gamedev VR/game/UE4 game/fpsgame/DerivedDataCache/DDC.ddp not found, will not use a pak cache.
[2022.08.24-18.28.16:800][  0]LogDerivedDataCache: Unable to find inner node Pak for hierarchical cache Hierarchy.
[2022.08.24-18.28.16:800][  0]LogDerivedDataCache: FDerivedDataBackendGraph:  CompressedPak pak cache file ../../../../../../Users/danie/Documents/Gamedev VR/game/UE4 game/fpsgame/DerivedDataCache/Compressed.ddp not found, will not use a pak cache.
[2022.08.24-18.28.16:800][  0]LogDerivedDataCache: Unable to find inner node CompressedPak for hierarchical cache Hierarchy.
[2022.08.24-18.28.16:817][  0]LogDerivedDataCache: Display: Pak cache opened for reading ../../../Engine/DerivedDataCache/Compressed.ddp.
[2022.08.24-18.28.16:817][  0]LogDerivedDataCache: FDerivedDataBackendGraph:  EnterprisePak pak cache file ../../../Enterprise/DerivedDataCache/Compressed.ddp not found, will not use a pak cache.
[2022.08.24-18.28.16:817][  0]LogDerivedDataCache: Unable to find inner node EnterprisePak for hierarchical cache Hierarchy.
[2022.08.24-18.28.16:826][  0]LogDerivedDataCache: Speed tests for C:/Users/danie/AppData/Local/UnrealEngine/Common/DerivedDataCache took 0.01 seconds
[2022.08.24-18.28.16:827][  0]LogDerivedDataCache: Display: Performance to C:/Users/danie/AppData/Local/UnrealEngine/Common/DerivedDataCache: Latency=0.03ms. RandomReadSpeed=325.62MBs, RandomWriteSpeed=166.71MBs. Assigned SpeedClass 'Local'
[2022.08.24-18.28.16:827][  0]LogDerivedDataCache: Using Local data cache path C:/Users/danie/AppData/Local/UnrealEngine/Common/DerivedDataCache: Writable
[2022.08.24-18.28.16:828][  0]LogDerivedDataCache: Shared data cache path not found in *engine.ini, will not use an Shared cache.
[2022.08.24-18.28.16:828][  0]LogDerivedDataCache: Unable to find inner node Shared for hierarchical cache Hierarchy.
[2022.08.24-18.28.16:829][  0]LogInit: Using OS detected language (en-US).
[2022.08.24-18.28.16:829][  0]LogInit: Using OS detected locale (en-GB).
[2022.08.24-18.28.16:829][  0]LogTextLocalizationManager: No localization for 'en-US' exists, so 'en' will be used for the language.
[2022.08.24-18.28.16:829][  0]LogTextLocalizationManager: No localization for 'en-GB' exists, so 'en' will be used for the locale.
[2022.08.24-18.28.16:833][  0]LogTextLocalizationManager: Compacting localization data took   0.00ms
[2022.08.24-18.28.16:833][  0]LogAssetRegistry: FAssetRegistry took 0.0023 seconds to start up
[2022.08.24-18.28.16:976][  0]LogPackageLocalizationCache: Processed 27 localized package path(s) for 1 prioritized culture(s) in 0.000953 seconds
[2022.08.24-18.28.17:054][  0]LogInit: Selected Device Profile: [Windows]
[2022.08.24-18.28.17:054][  0]LogInit: Active device profile: [000001EE68AE0500][000001EE64343440 49] Windows
[2022.08.24-18.28.17:055][  0]LogInit: Profiles: [000001EE68AE0500][000001EE64343440 49] Windows, [000001EE68AD2D00][000001EE64351700 49] WindowsNoEditor, [000001EE68AD0100][000001EE643559C0 49] WindowsServer, [000001EE68AE3000][000001EE64358100 49] WindowsClient, [000001EE68AE0200][000001EE64346380 49] IOS, [000001EE68AD7D00][000001EE6435C600 49] iPadAir, [000001EE68AE3A00][000001EE643648C0 49] iPadAir2, [000001EE68A6C200][000001EE6437EE00 49] IPadPro, [000001EE68A67F00][000001EE64368E40 49] iPadAir3, [000001EE68AD0700][000001EE64377100 49] iPadAir4, [000001EE68A64500][000001EE643733C0 49] iPadMini2, [000001EE68AD0200][000001EE6437B680 49] iPadMini3, [000001EE68A65200][000001EE64389940 49] iPadMini4, [000001EE68AD2F00][000001EE6438DC00 49] iPadMini5, [000001EE68AD5600][000001EE63D4A580 49] iPhone6, [000001EE68AD5700][000001EE63D3E5C0 49] iPodTouch6, [000001EE68A66100][000001EE63D56AC0 49] iPhone7, [000001EE68A66200][000001EE64360B00 49] iPodTouch7, [000001EE68AD6600][000001EE63D4EDC0 49] iPhone5S, [000001EE68A67100][000001EE63D43080 49] iPhone6Plus, [000001EE68AD7B00][000001EE63D53340 49] iPhone6S, [000001EE68A66B00][000001EE63D5B600 49] iPhone6SPlus, [000001EE68AD4A00][000001EE63D5F8C0 49] iPhone7Plus, [000001EE68A66F00][000001EE63D63B80 49] iPhoneSE, [000001EE68AD5000][000001EE63D662C0 49] iPhone8, [000001EE68A67C00][000001EE63D6A580 49] iPhone8Plus, [000001EE68AD7200][000001EE63D46800 49] iPhoneX, [000001EE68A66C00][000001EE63D72AC0 49] iPhoneXS, [000001EE68AD6B00][000001EE63D76D80 49] iPhoneXSMax, [000001EE68A66900][000001EE63D7B040 49] iPhoneXR, [000001EE68AD6F00][000001EE63D7F300 49] iPhone11, [000001EE68A64A00][000001EE63D835C0 49] iPhone11Pro, [000001EE68AD7E00][000001EE63D87880 49] iPhone11ProMax, [000001EE68A65400][000001EE63D8BB40 49] iPhoneSE2, [000001EE68AD7F00][000001EE63D8E280 49] iPhone12Mini, [000001EE68A67D00][000001EE63D92540 49] iPhone12, [000001EE68AD5200][000001EE63D6E7C0 49] iPhone12Pro, [000001EE68A67500][000001EE63D96A40 49] iPhone12ProMax, [000001EE68AD4200][000001EE63D9ED00 49] iPadPro105, [000001EE68A65A00][000001EE63DA2FC0 49] iPadPro129, [000001EE68AD4D00][000001EE63DA7280 49] iPadPro97, [000001EE68A64900][000001EE63DAB540 49] iPadPro2_129, [000001EE68AD5A00][000001EE63DAF800 49] iPad5, [000001EE68A65C00][000001EE63DB3AC0 49] iPad6, [000001EE68AD7900][000001EE63DB6200 49] iPad7, [000001EE68A66600][000001EE63DBA4C0 49] iPad8, [000001EE68AD7000][000001EE63DBE780 49] iPadPro11, [000001EE68A65500][000001EE63D9AA00 49] iPadPro2_11, [000001EE68AD6100][000001EE63DC2C80 49] iPadPro3_129, [000001EE68A65D00][000001EE63DCAF40 49] iPadPro4_129, [000001EE68AD6400][000001EE63DCF200 49] AppleTV, [000001EE68A66E00][000001EE63DD34C0 49] AppleTV4K, [000001EE68AD4500][000001EE63DD7780 49] TVOS, [000001EE68A67A00][000001EE63DDBA40 49] Mac, [000001EE68AD6900][000001EE63DDE180 49] MacClient, [000001EE68A65700][000001EE63DE2440 49] MacNoEditor, [000001EE68AD5100][000001EE63DE6700 49] MacServer, [000001EE68A67B00][000001EE63DEA9C0 49] Linux, [000001EE68AD4600][000001EE63DC6C40 49] LinuxAArch64, [000001EE68A64400][000001EE63DEEEC0 49] LinuxNoEditor, [000001EE68AD6200][000001EE63DF7180 49] LinuxAArch64NoEditor, [000001EE68AE0100][000001EE63DFB440 49] LinuxClient, [000001EE68A6C700][000001EE63DFF700 49] LinuxAArch64Client, [000001EE68AE1900][000001EE63E039C0 49] LinuxServer, [000001EE68A6CA00][000001EE63E06100 49] LinuxAArch64Server, [000001EE68AE2D00][000001EE63E0A3C0 49] Android, [000001EE68A6D400][000001EE63E0E680 49] Android_Low, [000001EE68AE1100][000001EE63E12940 49] Android_Mid, [000001EE68A6CE00][000001EE63E16C00 49] Android_High, [000001EE68AE0800][000001EE63DF2E80 49] Android_Default, [000001EE68A6E600][000001EE63E1B100 49] Android_Adreno4xx, [000001EE68AE1400][000001EE63E233C0 49] Android_Adreno5xx_Low, [000001EE68A6E400][000001EE63E27680 49] Android_Adreno5xx, [000001EE68AE0700][000001EE63E2B940 49] Android_Adreno6xx, [000001EE68A6EC00][000001EE63E2FC00 49] Android_Adreno6xx_Vulkan, [000001EE68AE3B00][000001EE63E32340 49] Android_Mali_T6xx, [000001EE68A6C500][000001EE63E36600 49] Android_Mali_T7xx, [000001EE68AE0300][000001EE63E3A8C0 49] Android_Mali_T8xx, [000001EE68A6F000][000001EE63E3EB80 49] Android_Mali_G71, [000001EE68AE2900][000001EE63E42E40 49] Android_Mali_G72, [000001EE68A6E500][000001EE63E1F0C0 49] Android_Mali_G72_Vulkan, [000001EE68AE1B00][000001EE63E47340 49] Android_Mali_G76, [000001EE68A6F100][000001EE63E4F600 49] Android_Mali_G76_Vulkan, [000001EE68AE1E00][000001EE63E538C0 49] Android_Mali_G77, [000001EE68A6FB00][000001EE63E57B80 49] Android_Mali_G77_Vulkan, [000001EE68AE3C00][000001EE63E5A2C0 49] Android_Mali_G78, [000001EE68A6FF00][000001EE63E5E580 49] Android_Mali_G78_Vulkan, [000001EE68AE2400][000001EE63E62840 49] Android_Mali_G710, [000001EE68A6D300][000001EE63E66B00 49] Android_Mali_G710_Vulkan, [000001EE68AE3100][000001EE63E6ADC0 49] Android_Vulkan_SM5, [000001EE68A66400][000001EE63E6F080 49] Android_PowerVR_G6xxx, [000001EE68AE1D00][000001EE63E4B300 49] Android_PowerVR_GT7xxx, [000001EE68A64100][000001EE63E73580 49] Android_PowerVR_GE8xxx, [000001EE68AE3200][000001EE63E7B840 49] Android_PowerVR_GM9xxx, [000001EE68A64300][000001EE63E7FB00 49] Android_PowerVR_GM9xxx_Vulkan, [000001EE68AE3300][000001EE63E82240 49] Android_TegraK1, [000001EE68A65600][000001EE63E86500 49] Android_Unknown_Vulkan, [000001EE68AE2000][000001EE63E8A7C0 49] Lumin, [000001EE68A64B00][000001EE63E8EA80 49] Lumin_Desktop, [000001EE68AE0D00][000001EE63E92D40 49] HoloLens, 
[2022.08.24-18.28.17:072][  0]LogMeshReduction: Using QuadricMeshReduction for automatic static mesh reduction
[2022.08.24-18.28.17:072][  0]LogMeshReduction: Using SimplygonMeshReduction for automatic skeletal mesh reduction
[2022.08.24-18.28.17:073][  0]LogMeshReduction: Using ProxyLODMeshReduction for automatic mesh merging
[2022.08.24-18.28.17:073][  0]LogMeshReduction: No distributed automatic mesh merging module available
[2022.08.24-18.28.17:074][  0]LogMeshMerging: No distributed automatic mesh merging module available
[2022.08.24-18.28.17:083][  0]LogNetVersion: fpsgame 1.0.0, NetCL: 17155196, EngineNetVer: 17, GameNetVer: 0 (Checksum: 3215450660)
[2022.08.24-18.28.17:174][  0]LogTexture: Default maximum texture size for cubemaps generated from long-lat sources has been changed from 512 to unlimited. In order to preserve old behaiour for '/Engine/MapTemplates/Sky/DaylightAmbientCubemap.DaylightAmbientCubemap', its maximum texture size has been explicitly set to 512.
[2022.08.24-18.28.17:189][  0]LogHMD: PokeAHoleMaterial loaded successfully
[2022.08.24-18.28.17:248][  0]LogPython: Using Python 3.7.7
[2022.08.24-18.28.17:640][  0]LogNiagaraDebuggerClient: Niagara Debugger Client Initialized | Session: ABB609A74B8C686FD79876B1E7887307 | Instance: E272ECCE4372C89C216792AEDBECAC6C (DESKTOP-QG36584-660).
[2022.08.24-18.28.17:654][  0]LogCollectionManager: Loaded 0 collections in 0.001980 seconds
[2022.08.24-18.28.17:657][  0]LogFileCache: Scanning file cache for directory 'C:/Users/danie/Documents/Gamedev VR/game/UE4 game/fpsgame/Saved/Collections/' took 0.00s
[2022.08.24-18.28.17:657][  0]LogFileCache: Scanning file cache for directory 'C:/Users/danie/Documents/Gamedev VR/game/UE4 game/fpsgame/Content/Developers/danie/Collections/' took 0.00s
[2022.08.24-18.28.17:657][  0]LogFileCache: Scanning file cache for directory 'C:/Users/danie/Documents/Gamedev VR/game/UE4 game/fpsgame/Content/Collections/' took 0.00s
[2022.08.24-18.28.17:657][  0]LogCollectionManager: Fixed up redirectors for 0 collections in 0.000002 seconds (updated 0 objects)
[2022.08.24-18.28.17:723][  0]LogTcpMessaging: Initializing TcpMessaging bridge
[2022.08.24-18.28.17:725][  0]LogUdpMessaging: Initializing bridge on interface 0.0.0.0:0 to multicast group 230.0.0.1:6666.
[2022.08.24-18.28.17:782][  0]SourceControl: Source control is disabled
[2022.08.24-18.28.17:783][  0]SourceControl: Source control is disabled
[2022.08.24-18.28.17:785][  0]SourceControl: Source control is disabled
[2022.08.24-18.28.17:786][  0]LogUProjectInfo: Found projects:
[2022.08.24-18.28.17:823][  0]LogOpenImageDenoise: OIDN starting up
[2022.08.24-18.28.17:838][  0]LogAndroidPermission: UAndroidPermissionCallbackProxy::GetInstance
[2022.08.24-18.28.17:845][  0]LogAudioCaptureCore: Display: No Audio Capture implementations found. Audio input will be silent.
[2022.08.24-18.28.17:846][  0]LogAudioCaptureCore: Display: No Audio Capture implementations found. Audio input will be silent.
[2022.08.24-18.28.17:887][  0]LogOcInput: OculusInput pre-init called
[2022.08.24-18.28.17:897][  0]LogUObjectArray: 22261 objects as part of root set at end of initial load.
[2022.08.24-18.28.17:897][  0]LogUObjectAllocator: 6034928 out of 0 bytes used by permanent object pool.
[2022.08.24-18.28.17:897][  0]LogUObjectArray: CloseDisregardForGC: 0/0 objects in disregard for GC pool
[2022.08.24-18.28.17:928][  0]LogClass: Display: StructProperty FRewindDataStruct::SnapshotPosition is not initialized properly. Module:fpsgame File:RewindComponent.h
[2022.08.24-18.28.17:929][  0]LogClass: Display: StructProperty FRewindDataStruct::SnapshotRotation is not initialized properly. Module:fpsgame File:RewindComponent.h
[2022.08.24-18.28.17:929][  0]LogClass: Display: StructProperty FRewindDataStruct::SnapshotScale is not initialized properly. Module:fpsgame File:RewindComponent.h
[2022.08.24-18.28.17:930][  0]LogClass: Display: FloatProperty FWeaponDataStruct::MaxRange is not initialized properly. Module:fpsgame File:WeaponActor.h
[2022.08.24-18.28.17:930][  0]LogClass: Display: FloatProperty FWeaponDataStruct::FireRate is not initialized properly. Module:fpsgame File:WeaponActor.h
[2022.08.24-18.28.17:930][  0]LogClass: Display: IntProperty FWeaponDataStruct::CartridgeBullets is not initialized properly. Module:fpsgame File:WeaponActor.h
[2022.08.24-18.28.17:930][  0]LogClass: Display: IntProperty FWeaponDataStruct::BurstNumber is not initialized properly. Module:fpsgame File:WeaponActor.h
[2022.08.24-18.28.17:931][  0]LogClass: Display: IntProperty FWeaponDataStruct::MaxMagSize is not initialized properly. Module:fpsgame File:WeaponActor.h
[2022.08.24-18.28.17:931][  0]LogClass: Display: IntProperty FWeaponDataStruct::MagAmmo is not initialized properly. Module:fpsgame File:WeaponActor.h
[2022.08.24-18.28.17:931][  0]LogClass: Display: FloatProperty FWeaponDataStruct::ProjectileSpeed is not initialized properly. Module:fpsgame File:WeaponActor.h
[2022.08.24-18.28.17:932][  0]LogClass: Display: EnumProperty FWeaponDataStruct::WAWeaponType is not initialized properly. Module:fpsgame File:WeaponActor.h
[2022.08.24-18.28.17:932][  0]LogClass: Display: EnumProperty FWeaponDataStruct::WAWeaponFireType is not initialized properly. Module:fpsgame File:WeaponActor.h
[2022.08.24-18.28.17:932][  0]LogClass: Display: EnumProperty FWeaponDataStruct::WAWeaponHitDetectionType is not initialized properly. Module:fpsgame File:WeaponActor.h
[2022.08.24-18.28.17:932][  0]LogClass: Warning: ObjectProperty FWeaponDataStruct::GunMesh is not initialized properly. Module:fpsgame File:WeaponActor.h
[2022.08.24-18.28.17:933][  0]LogClass: Display: EnumProperty FWeaponDataStruct::TypeOfEquip is not initialized properly. Module:fpsgame File:WeaponActor.h
[2022.08.24-18.28.17:933][  0]LogClass: Display: EnumProperty FWeaponDataStruct::GunModel is not initialized properly. Module:fpsgame File:WeaponActor.h
[2022.08.24-18.28.17:933][  0]LogClass: Display: StructProperty FWeaponDataStruct::BasePosition is not initialized properly. Module:fpsgame File:WeaponActor.h
[2022.08.24-18.28.17:934][  0]LogClass: Display: StructProperty FWeaponDataStruct::BaseRotation is not initialized properly. Module:fpsgame File:WeaponActor.h
[2022.08.24-18.28.17:934][  0]LogClass: Display: StructProperty FWeaponDataStruct::BaseScale is not initialized properly. Module:fpsgame File:WeaponActor.h
[2022.08.24-18.28.17:934][  0]LogClass: Display: StructProperty FWeaponDataStruct::TPBaseScale is not initialized properly. Module:fpsgame File:WeaponActor.h
[2022.08.24-18.28.17:934][  0]LogClass: Display: StructProperty FWeaponDataStruct::TPBaseRotation is not initialized properly. Module:fpsgame File:WeaponActor.h
[2022.08.24-18.28.17:935][  0]LogClass: Display: StructProperty FWeaponDataStruct::TPBasePosition is not initialized properly. Module:fpsgame File:WeaponActor.h
[2022.08.24-18.28.17:935][  0]LogClass: Display: 22 Uninitialized script struct members found including 1 object properties
[2022.08.24-18.28.17:936][  0]LogAutomationTest: Warning: ObjectProperty FWeaponDataStruct::GunMesh is not initialized properly. Module:fpsgame File:WeaponActor.h
[2022.08.24-18.28.17:936][  0]LogEngine: Initializing Engine...
[2022.08.24-18.28.17:937][  0]LogStats: UGameplayTagsManager::InitializeManager -  0.000 s
[2022.08.24-18.28.17:949][  0]LogInit: Initializing FReadOnlyCVARCache
[2022.08.24-18.28.17:949][  0]LogNetVersion: Set ProjectVersion to 1.0.0.0. Version Checksum will be recalculated on next use.
[2022.08.24-18.28.17:951][  0]LogInit: Texture streaming: Disabled
[2022.08.24-18.28.17:976][  0]LogInit: Display: Game Engine Initialized.
[2022.08.24-18.28.17:976][  0]LogNiagaraEditor: GEditor isn't valid! Particle reset commands will not work for Niagara components!
[2022.08.24-18.28.18:001][  0]LogInit: Display: Starting Game.
[2022.08.24-18.28.18:001][  0]LogNet: Browse: /Game/Maps/TestMap?Name=Player
[2022.08.24-18.28.18:002][  0]LogLoad: LoadMap: /Game/Maps/TestMap?Name=Player
[2022.08.24-18.28.18:003][  0]LogWorld: BeginTearingDown for /Temp/Untitled_0
[2022.08.24-18.28.18:005][  0]LogWorld: UWorld::CleanupWorld for Untitled, bSessionEnded=true, bCleanupResources=true
[2022.08.24-18.28.18:014][  0]LogUObjectHash: Compacting FUObjectHashTables data took   0.73ms
[2022.08.24-18.28.18:098][  0]LogAIModule: Creating AISystem for world TestMap
[2022.08.24-18.28.18:350][  0]LogLoad: Game class is 'BP_FPSGameModeDefault_C'
[2022.08.24-18.28.18:350][  0]LogNet: PktLoss set to 0
[2022.08.24-18.28.18:351][  0]LogNet: PktLagMin set to 100
[2022.08.24-18.28.18:352][  0]LogNet: PktLagMax set to 100
[2022.08.24-18.28.18:353][  0]LogNet: PktIncomingLagMin set to 100
[2022.08.24-18.28.18:353][  0]LogNet: PktIncomingLagMax set to 100
[2022.08.24-18.28.18:354][  0]LogNet: PktIncomingLoss set to 0
[2022.08.24-18.28.18:354][  0]LogNet: PktLoss set to 0
[2022.08.24-18.28.18:355][  0]LogNet: PktLagMin set to 100
[2022.08.24-18.28.18:355][  0]LogNet: PktLagMax set to 100
[2022.08.24-18.28.18:355][  0]LogNet: PktIncomingLagMin set to 100
[2022.08.24-18.28.18:356][  0]LogNet: PktIncomingLagMax set to 100
[2022.08.24-18.28.18:356][  0]LogNet: PktIncomingLoss set to 0
[2022.08.24-18.28.18:356][  0]LogNet: PktLoss set to 0
[2022.08.24-18.28.18:357][  0]LogNet: PktLagMin set to 100
[2022.08.24-18.28.18:357][  0]LogNet: PktLagMax set to 100
[2022.08.24-18.28.18:357][  0]LogNet: PktIncomingLagMin set to 100
[2022.08.24-18.28.18:358][  0]LogNet: PktIncomingLagMax set to 100
[2022.08.24-18.28.18:358][  0]LogNet: PktIncomingLoss set to 0
[2022.08.24-18.28.18:358][  0]LogNet: ReplicationDriverClass is null! Not using ReplicationDriver.
[2022.08.24-18.28.18:359][  0]LogNetCore: DDoS detection status: detection enabled: 0 analytics enabled: 0
[2022.08.24-18.28.18:360][  0]LogInit: WinSock: Socket queue. Rx: 131072 (config 131072) Tx: 131072 (config 131072)
[2022.08.24-18.28.18:360][  0]LogNet: Created socket for bind address: 0.0.0.0 on port 17777
[2022.08.24-18.28.18:361][  0]PacketHandlerLog: Loaded PacketHandler component: Engine.EngineHandlerComponentFactory (StatelessConnectHandlerComponent)
[2022.08.24-18.28.18:361][  0]LogNet: GameNetDriver IpNetDriver_0 IpNetDriver listening on port 17777
[2022.08.24-18.28.18:363][  0]LogWorld: Bringing World /Game/Maps/TestMap.TestMap up for play (max tick rate 30) at 2022.08.24-19.28.18
[2022.08.24-18.28.18:364][  0]LogWorld: Bringing up level for play took: 0.002181
[2022.08.24-18.28.18:364][  0]LogGameMode: Display: Match State Changed from EnteringMap to WaitingToStart
[2022.08.24-18.28.18:364][  0]LogGameState: Match State Changed from EnteringMap to WaitingToStart
[2022.08.24-18.28.18:365][  0]LogLoad: Took 0.363331 seconds to LoadMap(/Game/Maps/TestMap)
[2022.08.24-18.28.18:369][  0]LogInit: Display: Engine is initialized. Leaving FEngineLoop::Init()
[2022.08.24-18.28.18:370][  0]LogLoad: (Engine Initialization) Total time: 4.79 seconds
[2022.08.24-18.28.18:370][  0]LogLoad: (Engine Initialization) Total Blueprint compile time: 0.00 seconds
[2022.08.24-18.28.18:505][  3]LogNet: NotifyAcceptingConnection accepted from: 127.0.0.1:58341
[2022.08.24-18.28.18:505][  3]LogHandshake: SendConnectChallenge. Timestamp: 0.134081, Cookie: 115090155026087209037095197206049248024010058215047106181250
[2022.08.24-18.28.18:538][  4]LogNet: NotifyAcceptingConnection accepted from: 127.0.0.1:58341
[2022.08.24-18.28.18:538][  4]LogHandshake: SendChallengeAck. InCookie: 115090155026087209037095197206049248024010058215047106181250
[2022.08.24-18.28.18:538][  4]LogNet: Server accepting post-challenge connection from: 127.0.0.1:58341
[2022.08.24-18.28.18:539][  4]PacketHandlerLog: Loaded PacketHandler component: Engine.EngineHandlerComponentFactory (StatelessConnectHandlerComponent)
[2022.08.24-18.28.18:539][  4]LogNet: NotifyAcceptedConnection: Name: TestMap, TimeStamp: 08/24/22 19:28:18, [UNetConnection] RemoteAddr: 127.0.0.1:58341, Name: IpConnection_0, Driver: GameNetDriver IpNetDriver_0, IsServer: YES, PC: NULL, Owner: NULL, UniqueId: INVALID
[2022.08.24-18.28.18:539][  4]LogNet: AddClientConnection: Added client connection: [UNetConnection] RemoteAddr: 127.0.0.1:58341, Name: IpConnection_0, Driver: GameNetDriver IpNetDriver_0, IsServer: YES, PC: NULL, Owner: NULL, UniqueId: INVALID
[2022.08.24-18.28.18:704][  9]LogNet: NotifyAcceptingChannel Control 0 server World /Game/Maps/TestMap.TestMap: Accepted
[2022.08.24-18.28.18:704][  9]LogNet: Remote platform little endian=1
[2022.08.24-18.28.18:705][  9]LogNet: This platform little endian=1
[2022.08.24-18.28.18:705][  9]LogNetVersion: fpsgame 1.0.0.0, NetCL: 17155196, EngineNetVer: 17, GameNetVer: 0 (Checksum: 1484303137)
[2022.08.24-18.28.19:003][ 18]LogNet: Login request: ?Name=DESKTOP-QG36584-294CA5BA4AFBA0A8E60D418C399FF3F1 userId: NULL:DESKTOP-QG36584-294CA5BA4AFBA0A8E60D418C399FF3F1 platform: NULL
[2022.08.24-18.28.19:036][ 19]LogNet: NotifyAcceptingConnection accepted from: 127.0.0.1:58344
[2022.08.24-18.28.19:036][ 19]LogHandshake: SendConnectChallenge. Timestamp: 0.664552, Cookie: 158052150073205160118119210042115222042236191046108216229145
[2022.08.24-18.28.19:069][ 20]LogNet: NotifyAcceptingConnection accepted from: 127.0.0.1:58344
[2022.08.24-18.28.19:069][ 20]LogHandshake: SendChallengeAck. InCookie: 158052150073205160118119210042115222042236191046108216229145
[2022.08.24-18.28.19:070][ 20]LogNet: Server accepting post-challenge connection from: 127.0.0.1:58344
[2022.08.24-18.28.19:070][ 20]PacketHandlerLog: Loaded PacketHandler component: Engine.EngineHandlerComponentFactory (StatelessConnectHandlerComponent)
[2022.08.24-18.28.19:070][ 20]LogNet: NotifyAcceptedConnection: Name: TestMap, TimeStamp: 08/24/22 19:28:19, [UNetConnection] RemoteAddr: 127.0.0.1:58344, Name: IpConnection_1, Driver: GameNetDriver IpNetDriver_0, IsServer: YES, PC: NULL, Owner: NULL, UniqueId: INVALID
[2022.08.24-18.28.19:071][ 20]LogNet: AddClientConnection: Added client connection: [UNetConnection] RemoteAddr: 127.0.0.1:58344, Name: IpConnection_1, Driver: GameNetDriver IpNetDriver_0, IsServer: YES, PC: NULL, Owner: NULL, UniqueId: INVALID
[2022.08.24-18.28.19:202][ 24]LogNet: NotifyAcceptingChannel Control 0 server World /Game/Maps/TestMap.TestMap: Accepted
[2022.08.24-18.28.19:202][ 24]LogNet: Remote platform little endian=1
[2022.08.24-18.28.19:203][ 24]LogNet: This platform little endian=1
[2022.08.24-18.28.19:236][ 25]LogNet: Client netspeed is 100000
[2022.08.24-18.28.19:236][ 25]LogNet: Join request: /Engine/Maps/Entry?Name=DESKTOP-QG36584-294CA5BA4AFBA0A8E60D418C399FF3F1?SplitscreenCount=1
[2022.08.24-18.28.19:237][ 25]LogOnlineSession: Warning: OSS: No game present to join for session (GameSession)
[2022.08.24-18.28.19:242][ 25]LogGameMode: Display: Match State Changed from WaitingToStart to InProgress
[2022.08.24-18.28.19:244][ 25]LogTemp: Warning: Numebr of rewind components = 1
[2022.08.24-18.28.19:247][ 25]LogGameState: Match State Changed from WaitingToStart to InProgress
[2022.08.24-18.28.19:247][ 25]LogNet: Join succeeded: DESKTOP-QG36584-294C
[2022.08.24-18.28.19:469][ 32]LogNet: Login request: ?Name=DESKTOP-QG36584-F51D1B2F4B0AC3D49D351DAD7D5B613B userId: NULL:DESKTOP-QG36584-F51D1B2F4B0AC3D49D351DAD7D5B613B platform: NULL
[2022.08.24-18.28.19:867][ 44]LogNet: Client netspeed is 100000
[2022.08.24-18.28.19:867][ 44]LogNet: Join request: /Engine/Maps/Entry?Name=DESKTOP-QG36584-F51D1B2F4B0AC3D49D351DAD7D5B613B?SplitscreenCount=1
[2022.08.24-18.28.19:868][ 44]LogOnlineSession: Warning: OSS: No game present to join for session (GameSession)
[2022.08.24-18.28.19:870][ 44]LogTemp: Warning: Numebr of rewind components = 2
[2022.08.24-18.28.19:871][ 44]LogNet: Join succeeded: DESKTOP-QG36584-F51D
[2022.08.24-18.28.25:996][228]LogTemp: Warning: Interacting
[2022.08.24-18.28.25:997][228]LogTemp: Warning: SERVER: Log no. 0
[2022.08.24-18.28.25:997][228]LogTemp: Warning: IsHit =  TRUE
[2022.08.24-18.28.25:998][228]LogTemp: Warning: We got a hit bois
[2022.08.24-18.28.32:020][409]LogTemp: Warning: Interacting
[2022.08.24-18.28.32:021][409]LogTemp: Warning: SERVER: Log no. 1
[2022.08.24-18.28.32:022][409]LogTemp: Warning: IsHit =  TRUE
[2022.08.24-18.28.32:022][409]LogTemp: Warning: We got a hit bois
[2022.08.24-18.28.32:023][409]LogTemp: Warning: interactable component found
[2022.08.24-18.28.32:023][409]LogTemp: Warning: We got a pickup bois
[2022.08.24-18.28.32:024][409]LogTemp: Warning: Servertime
[2022.08.24-18.28.35:384][510]LogTemp: Warning: Server validate fire
[2022.08.24-18.28.35:385][510]LogTemp: Warning: ServerHitscanCheckFire start
[2022.08.24-18.28.35:385][510]LogTemp: Warning: Server time for hitscan check = 16.979628
[2022.08.24-18.28.35:387][510]LogTemp: Warning: Latency measured = 0.150812
[2022.08.24-18.28.35:387][510]LogTemp: Warning: Stag 2,3
[2022.08.24-18.28.35:387][510]LogTemp: Warning: Interp
[2022.08.24-18.28.35:388][510]LogTemp: Warning: Rewind transforms = 2
[2022.08.24-18.28.35:388][510]LogTemp: Warning: Final stages
[2022.08.24-18.28.35:388][510]LogTemp: Warning: Rewinding
[2022.08.24-18.28.35:389][510]LogTemp: Warning: Rewind length = 2
[2022.08.24-18.28.35:389][510]LogTemp: Warning: Got a hit
[2022.08.24-18.28.36:945][557]LogTemp: Warning: Server validate fire
[2022.08.24-18.28.36:946][557]LogTemp: Warning: ServerHitscanCheckFire start
[2022.08.24-18.28.36:946][557]LogTemp: Warning: Server time for hitscan check = 18.541044
[2022.08.24-18.28.36:947][557]LogTemp: Warning: Latency measured = 0.172089
[2022.08.24-18.28.36:947][557]LogTemp: Warning: Stag 2,3
[2022.08.24-18.28.36:947][557]LogTemp: Warning: Interp
[2022.08.24-18.28.36:948][557]LogTemp: Warning: Rewind transforms = 2
[2022.08.24-18.28.36:948][557]LogTemp: Warning: Final stages
[2022.08.24-18.28.36:949][557]LogTemp: Warning: Rewinding
[2022.08.24-18.28.36:949][557]LogTemp: Warning: Rewind length = 2
[2022.08.24-18.28.36:949][557]LogTemp: Warning: Got a hit
[2022.08.24-18.28.37:947][587]LogTemp: Warning: Server validate fire
[2022.08.24-18.28.37:948][587]LogTemp: Warning: ServerHitscanCheckFire start
[2022.08.24-18.28.37:948][587]LogTemp: Warning: Server time for hitscan check = 19.542967
[2022.08.24-18.28.37:949][587]LogTemp: Warning: Latency measured = 0.150972
[2022.08.24-18.28.37:949][587]LogTemp: Warning: Stag 2,3
[2022.08.24-18.28.37:949][587]LogTemp: Warning: Interp
[2022.08.24-18.28.37:950][587]LogTemp: Warning: Rewind transforms = 2
[2022.08.24-18.28.37:950][587]LogTemp: Warning: Final stages
[2022.08.24-18.28.37:951][587]LogTemp: Warning: Rewinding
[2022.08.24-18.28.37:951][587]LogTemp: Warning: Rewind length = 2
[2022.08.24-18.28.37:951][587]LogTemp: Warning: Got a hit
[2022.08.24-18.28.38:577][606]LogTemp: Warning: Server validate fire
[2022.08.24-18.28.38:578][606]LogTemp: Warning: ServerHitscanCheckFire start
[2022.08.24-18.28.38:578][606]LogTemp: Warning: Server time for hitscan check = 20.172539
[2022.08.24-18.28.38:579][606]LogTemp: Warning: Latency measured = 0.160065
[2022.08.24-18.28.38:579][606]LogTemp: Warning: Stag 2,3
[2022.08.24-18.28.38:580][606]LogTemp: Warning: Interp
[2022.08.24-18.28.38:580][606]LogTemp: Warning: Rewind transforms = 2
[2022.08.24-18.28.38:581][606]LogTemp: Warning: Final stages
[2022.08.24-18.28.38:581][606]LogTemp: Warning: Rewinding
[2022.08.24-18.28.38:582][606]LogTemp: Warning: Rewind length = 2
[2022.08.24-18.28.38:582][606]LogTemp: Warning: Got a hit
[2022.08.24-18.28.39:041][620]LogTemp: Warning: Server validate fire
[2022.08.24-18.28.39:042][620]LogTemp: Warning: ServerHitscanCheckFire start
[2022.08.24-18.28.39:042][620]LogTemp: Warning: Server time for hitscan check = 20.636967
[2022.08.24-18.28.39:043][620]LogTemp: Warning: Latency measured = 0.166048
[2022.08.24-18.28.39:043][620]LogTemp: Warning: Stag 2,3
[2022.08.24-18.28.39:043][620]LogTemp: Warning: Interp
[2022.08.24-18.28.39:044][620]LogTemp: Warning: Rewind transforms = 2
[2022.08.24-18.28.39:044][620]LogTemp: Warning: Final stages
[2022.08.24-18.28.39:044][620]LogTemp: Warning: Rewinding
[2022.08.24-18.28.39:045][620]LogTemp: Warning: Rewind length = 2
[2022.08.24-18.28.39:045][620]LogTemp: Warning: Got a hit
[2022.08.24-18.28.44:402][781]LogTemp: Warning: Server validate fire
[2022.08.24-18.28.44:403][781]LogTemp: Warning: ServerHitscanCheckFire start
[2022.08.24-18.28.44:403][781]LogTemp: Warning: Server time for hitscan check = 25.998459
[2022.08.24-18.28.44:404][781]LogTemp: Warning: Latency measured = 0.143534
[2022.08.24-18.28.44:404][781]LogTemp: Warning: Stag 2,3
[2022.08.24-18.28.44:404][781]LogTemp: Warning: Interp
[2022.08.24-18.28.44:405][781]LogTemp: Warning: Rewind transforms = 2
[2022.08.24-18.28.44:405][781]LogTemp: Warning: Final stages
[2022.08.24-18.28.44:405][781]LogTemp: Warning: Rewinding
[2022.08.24-18.28.44:406][781]LogTemp: Warning: Rewind length = 2
[2022.08.24-18.28.44:406][781]LogTemp: Warning: Got a hit
[2022.08.24-18.28.45:001][799]LogTemp: Warning: Server validate fire
[2022.08.24-18.28.45:002][799]LogTemp: Warning: ServerHitscanCheckFire start
[2022.08.24-18.28.45:003][799]LogTemp: Warning: Server time for hitscan check = 26.597004
[2022.08.24-18.28.45:003][799]LogTemp: Warning: Latency measured = 0.169146
[2022.08.24-18.28.45:003][799]LogTemp: Warning: Stag 2,3
[2022.08.24-18.28.45:004][799]LogTemp: Warning: Interp
[2022.08.24-18.28.45:004][799]LogTemp: Warning: Rewind transforms = 2
[2022.08.24-18.28.45:004][799]LogTemp: Warning: Final stages
[2022.08.24-18.28.45:005][799]LogTemp: Warning: Rewinding
[2022.08.24-18.28.45:005][799]LogTemp: Warning: Rewind length = 2
[2022.08.24-18.28.45:005][799]LogTemp: Warning: Got a hit
[2022.08.24-18.28.45:504][814]LogTemp: Warning: Server validate fire
[2022.08.24-18.28.45:505][814]LogTemp: Warning: ServerHitscanCheckFire start
[2022.08.24-18.28.45:505][814]LogTemp: Warning: Server time for hitscan check = 27.099464
[2022.08.24-18.28.45:506][814]LogTemp: Warning: Latency measured = 0.114689
[2022.08.24-18.28.45:506][814]LogTemp: Warning: Stag 2,3
[2022.08.24-18.28.45:506][814]LogTemp: Warning: Interp
[2022.08.24-18.28.45:507][814]LogTemp: Warning: Rewind transforms = 2
[2022.08.24-18.28.45:507][814]LogTemp: Warning: Final stages
[2022.08.24-18.28.45:508][814]LogTemp: Warning: Rewinding
[2022.08.24-18.28.45:508][814]LogTemp: Warning: Rewind length = 2
[2022.08.24-18.28.45:509][814]LogTemp: Warning: Got a hit
[2022.08.24-18.28.46:170][834]LogTemp: Warning: Server validate fire
[2022.08.24-18.28.46:171][834]LogTemp: Warning: ServerHitscanCheckFire start
[2022.08.24-18.28.46:171][834]LogTemp: Warning: Server time for hitscan check = 27.766075
[2022.08.24-18.28.46:172][834]LogTemp: Warning: Latency measured = 0.106060
[2022.08.24-18.28.46:172][834]LogTemp: Warning: Stag 2,3
[2022.08.24-18.28.46:173][834]LogTemp: Warning: Interp
[2022.08.24-18.28.46:173][834]LogTemp: Warning: Rewind transforms = 2
[2022.08.24-18.28.46:173][834]LogTemp: Warning: Final stages
[2022.08.24-18.28.46:174][834]LogTemp: Warning: Rewinding
[2022.08.24-18.28.46:174][834]LogTemp: Warning: Rewind length = 2
[2022.08.24-18.28.46:175][834]LogTemp: Warning: Got a hit
[2022.08.24-18.28.46:771][852]LogTemp: Warning: Server validate fire
[2022.08.24-18.28.46:772][852]LogTemp: Warning: ServerHitscanCheckFire start
[2022.08.24-18.28.46:772][852]LogTemp: Warning: Server time for hitscan check = 28.366631
[2022.08.24-18.28.46:773][852]LogTemp: Warning: Latency measured = 0.141714
[2022.08.24-18.28.46:773][852]LogTemp: Warning: Stag 2,3
[2022.08.24-18.28.46:773][852]LogTemp: Warning: Interp
[2022.08.24-18.28.46:774][852]LogTemp: Warning: Rewind transforms = 2
[2022.08.24-18.28.46:774][852]LogTemp: Warning: Final stages
[2022.08.24-18.28.46:774][852]LogTemp: Warning: Rewinding
[2022.08.24-18.28.46:775][852]LogTemp: Warning: Rewind length = 2
[2022.08.24-18.28.46:775][852]LogTemp: Warning: Got a hit
[2022.08.24-18.28.47:368][870]LogTemp: Warning: Server validate fire
[2022.08.24-18.28.47:369][870]LogTemp: Warning: ServerHitscanCheckFire start
[2022.08.24-18.28.47:369][870]LogTemp: Warning: Server time for hitscan check = 28.964191
[2022.08.24-18.28.47:370][870]LogTemp: Warning: Latency measured = 0.145679
[2022.08.24-18.28.47:370][870]LogTemp: Warning: Stag 2,3
[2022.08.24-18.28.47:371][870]LogTemp: Warning: Interp
[2022.08.24-18.28.47:371][870]LogTemp: Warning: Rewind transforms = 2
[2022.08.24-18.28.47:371][870]LogTemp: Warning: Final stages
[2022.08.24-18.28.47:372][870]LogTemp: Warning: Rewinding
[2022.08.24-18.28.47:372][870]LogTemp: Warning: Rewind length = 2
[2022.08.24-18.28.47:373][870]LogTemp: Warning: Got a hit
[2022.08.24-18.28.48:003][889]LogTemp: Warning: Server validate fire
[2022.08.24-18.28.48:003][889]LogTemp: Warning: ServerHitscanCheckFire start
[2022.08.24-18.28.48:004][889]LogTemp: Warning: Server time for hitscan check = 29.596786
[2022.08.24-18.28.48:005][889]LogTemp: Warning: Latency measured = 0.143541
[2022.08.24-18.28.48:005][889]LogTemp: Warning: Stag 2,3
[2022.08.24-18.28.48:005][889]LogTemp: Warning: Interp
[2022.08.24-18.28.48:006][889]LogTemp: Warning: Rewind transforms = 2
[2022.08.24-18.28.48:006][889]LogTemp: Warning: Final stages
[2022.08.24-18.28.48:006][889]LogTemp: Warning: Rewinding
[2022.08.24-18.28.48:007][889]LogTemp: Warning: Rewind length = 2
[2022.08.24-18.28.48:007][889]LogTemp: Warning: Got a hit
[2022.08.24-18.28.49:234][926]LogTemp: Warning: Server validate fire
[2022.08.24-18.28.49:235][926]LogTemp: Warning: ServerHitscanCheckFire start
[2022.08.24-18.28.49:235][926]LogTemp: Warning: Server time for hitscan check = 30.829954
[2022.08.24-18.28.49:236][926]LogTemp: Warning: Latency measured = 0.135469
[2022.08.24-18.28.49:236][926]LogTemp: Warning: Stag 2,3
[2022.08.24-18.28.49:236][926]LogTemp: Warning: Interp
[2022.08.24-18.28.49:237][926]LogTemp: Warning: Rewind transforms = 2
[2022.08.24-18.28.49:237][926]LogTemp: Warning: Final stages
[2022.08.24-18.28.49:237][926]LogTemp: Warning: Rewinding
[2022.08.24-18.28.49:238][926]LogTemp: Warning: Rewind length = 2
[2022.08.24-18.28.49:238][926]LogTemp: Warning: Got a hit
[2022.08.24-18.28.49:964][948]LogTemp: Warning: Server validate fire
[2022.08.24-18.28.49:965][948]LogTemp: Warning: ServerHitscanCheckFire start
[2022.08.24-18.28.49:965][948]LogTemp: Warning: Server time for hitscan check = 31.559649
[2022.08.24-18.28.49:966][948]LogTemp: Warning: Latency measured = 0.133188
[2022.08.24-18.28.49:966][948]LogTemp: Warning: Stag 2,3
[2022.08.24-18.28.49:967][948]LogTemp: Warning: Interp
[2022.08.24-18.28.49:967][948]LogTemp: Warning: Rewind transforms = 2
[2022.08.24-18.28.49:967][948]LogTemp: Warning: Final stages
[2022.08.24-18.28.49:968][948]LogTemp: Warning: Rewinding
[2022.08.24-18.28.49:968][948]LogTemp: Warning: Rewind length = 2
[2022.08.24-18.28.49:968][948]LogTemp: Warning: Got a hit
[2022.08.24-18.28.55:878][126]LogTemp: Warning: Server validate fire
[2022.08.24-18.28.55:879][126]LogTemp: Warning: ServerHitscanCheckFire start
[2022.08.24-18.28.55:879][126]LogTemp: Warning: Server time for hitscan check = 37.474083
[2022.08.24-18.28.55:880][126]LogTemp: Warning: Latency measured = 0.156849
[2022.08.24-18.28.55:880][126]LogTemp: Warning: Stag 2,3
[2022.08.24-18.28.55:880][126]LogTemp: Warning: Interp
[2022.08.24-18.28.55:881][126]LogTemp: Warning: Rewind transforms = 2
[2022.08.24-18.28.55:881][126]LogTemp: Warning: Final stages
[2022.08.24-18.28.55:881][126]LogTemp: Warning: Rewinding
[2022.08.24-18.28.55:882][126]LogTemp: Warning: Rewind length = 2
[2022.08.24-18.28.55:882][126]LogTemp: Warning: Got a hit
[2022.08.24-18.28.56:347][140]LogTemp: Warning: Server validate fire
[2022.08.24-18.28.56:348][140]LogTemp: Warning: ServerHitscanCheckFire start
[2022.08.24-18.28.56:348][140]LogTemp: Warning: Server time for hitscan check = 37.941547
[2022.08.24-18.28.56:349][140]LogTemp: Warning: Latency measured = 0.131401
[2022.08.24-18.28.56:349][140]LogTemp: Warning: Stag 2,3
[2022.08.24-18.28.56:350][140]LogTemp: Warning: Interp
[2022.08.24-18.28.56:350][140]LogTemp: Warning: Rewind transforms = 2
[2022.08.24-18.28.56:350][140]LogTemp: Warning: Final stages
[2022.08.24-18.28.56:351][140]LogTemp: Warning: Rewinding
[2022.08.24-18.28.56:351][140]LogTemp: Warning: Rewind length = 2
[2022.08.24-18.28.56:351][140]LogTemp: Warning: Got a hit
[2022.08.24-18.28.56:810][154]LogTemp: Warning: Server validate fire
[2022.08.24-18.28.56:810][154]LogTemp: Warning: ServerHitscanCheckFire start
[2022.08.24-18.28.56:811][154]LogTemp: Warning: Server time for hitscan check = 38.405937
[2022.08.24-18.28.56:812][154]LogTemp: Warning: Latency measured = 0.163826
[2022.08.24-18.28.56:812][154]LogTemp: Warning: Stag 2,3
[2022.08.24-18.28.56:812][154]LogTemp: Warning: Interp
[2022.08.24-18.28.56:813][154]LogTemp: Warning: Rewind transforms = 2
[2022.08.24-18.28.56:813][154]LogTemp: Warning: Final stages
[2022.08.24-18.28.56:813][154]LogTemp: Warning: Rewinding
[2022.08.24-18.28.56:814][154]LogTemp: Warning: Rewind length = 2
[2022.08.24-18.28.56:814][154]LogTemp: Warning: Got a hit
[2022.08.24-18.28.57:109][163]LogTemp: Warning: Server validate fire
[2022.08.24-18.28.57:110][163]LogTemp: Warning: ServerHitscanCheckFire start
[2022.08.24-18.28.57:110][163]LogTemp: Warning: Server time for hitscan check = 38.704708
[2022.08.24-18.28.57:111][163]LogTemp: Warning: Latency measured = 0.138950
[2022.08.24-18.28.57:111][163]LogTemp: Warning: Stag 2,3
[2022.08.24-18.28.57:112][163]LogTemp: Warning: Interp
[2022.08.24-18.28.57:112][163]LogTemp: Warning: Rewind transforms = 2
[2022.08.24-18.28.57:113][163]LogTemp: Warning: Final stages
[2022.08.24-18.28.57:113][163]LogTemp: Warning: Rewinding
[2022.08.24-18.28.57:113][163]LogTemp: Warning: Rewind length = 2
[2022.08.24-18.28.57:114][163]LogTemp: Warning: Got a hit
[2022.08.24-18.28.57:378][171]LogTemp: Warning: Server validate fire
[2022.08.24-18.28.57:379][171]LogTemp: Warning: ServerHitscanCheckFire start
[2022.08.24-18.28.57:379][171]LogTemp: Warning: Server time for hitscan check = 38.972965
[2022.08.24-18.28.57:379][171]LogTemp: Warning: Latency measured = 0.138950
[2022.08.24-18.28.57:380][171]LogTemp: Warning: Stag 2,3
[2022.08.24-18.28.57:380][171]LogTemp: Warning: Interp
[2022.08.24-18.28.57:381][171]LogTemp: Warning: Rewind transforms = 2
[2022.08.24-18.28.57:381][171]LogTemp: Warning: Final stages
[2022.08.24-18.28.57:381][171]LogTemp: Warning: Rewinding
[2022.08.24-18.28.57:382][171]LogTemp: Warning: Rewind length = 2
[2022.08.24-18.28.57:383][171]LogTemp: Warning: Got a hit
[2022.08.24-18.28.57:545][176]LogTemp: Warning: Server validate fire
[2022.08.24-18.28.57:546][176]LogTemp: Warning: ServerHitscanCheckFire start
[2022.08.24-18.28.57:547][176]LogTemp: Warning: Server time for hitscan check = 39.139629
[2022.08.24-18.28.57:547][176]LogTemp: Warning: Latency measured = 0.132202
[2022.08.24-18.28.57:548][176]LogTemp: Warning: Stag 2,3
[2022.08.24-18.28.57:548][176]LogTemp: Warning: Interp
[2022.08.24-18.28.57:548][176]LogTemp: Warning: Rewind transforms = 2
[2022.08.24-18.28.57:549][176]LogTemp: Warning: Final stages
[2022.08.24-18.28.57:549][176]LogTemp: Warning: Rewinding
[2022.08.24-18.28.57:550][176]LogTemp: Warning: Rewind length = 2
[2022.08.24-18.28.57:550][176]LogTemp: Warning: Got a hit
[2022.08.24-18.28.57:710][181]LogTemp: Warning: Server validate fire
[2022.08.24-18.28.57:711][181]LogTemp: Warning: ServerHitscanCheckFire start
[2022.08.24-18.28.57:711][181]LogTemp: Warning: Server time for hitscan check = 39.306286
[2022.08.24-18.28.57:712][181]LogTemp: Warning: Latency measured = 0.137684
[2022.08.24-18.28.57:712][181]LogTemp: Warning: Stag 2,3
[2022.08.24-18.28.57:713][181]LogTemp: Warning: Interp
[2022.08.24-18.28.57:713][181]LogTemp: Warning: Rewind transforms = 2
[2022.08.24-18.28.57:714][181]LogTemp: Warning: Final stages
[2022.08.24-18.28.57:715][181]LogTemp: Warning: Rewinding
[2022.08.24-18.28.57:715][181]LogTemp: Warning: Rewind length = 2
[2022.08.24-18.28.57:716][181]LogTemp: Warning: Got a hit
[2022.08.24-18.28.57:845][185]LogTemp: Warning: Server validate fire
[2022.08.24-18.28.57:846][185]LogTemp: Warning: ServerHitscanCheckFire start
[2022.08.24-18.28.57:846][185]LogTemp: Warning: Server time for hitscan check = 39.440914
[2022.08.24-18.28.57:847][185]LogTemp: Warning: Latency measured = 0.111626
[2022.08.24-18.28.57:847][185]LogTemp: Warning: Stag 2,3
[2022.08.24-18.28.57:848][185]LogTemp: Warning: Interp
[2022.08.24-18.28.57:848][185]LogTemp: Warning: Rewind transforms = 2
[2022.08.24-18.28.57:849][185]LogTemp: Warning: Final stages
[2022.08.24-18.28.57:849][185]LogTemp: Warning: Rewinding
[2022.08.24-18.28.57:850][185]LogTemp: Warning: Rewind length = 2
[2022.08.24-18.28.57:850][185]LogTemp: Warning: Got a hit
[2022.08.24-18.28.58:113][193]LogTemp: Warning: Server validate fire
[2022.08.24-18.28.58:114][193]LogTemp: Warning: ServerHitscanCheckFire start
[2022.08.24-18.28.58:114][193]LogTemp: Warning: Server time for hitscan check = 39.708187
[2022.08.24-18.28.58:115][193]LogTemp: Warning: Latency measured = 0.117695
[2022.08.24-18.28.58:115][193]LogTemp: Warning: Stag 2,3
[2022.08.24-18.28.58:116][193]LogTemp: Warning: Interp
[2022.08.24-18.28.58:116][193]LogTemp: Warning: Rewind transforms = 2
[2022.08.24-18.28.58:116][193]LogTemp: Warning: Final stages
[2022.08.24-18.28.58:116][193]LogTemp: Warning: Rewinding
[2022.08.24-18.28.58:117][193]LogTemp: Warning: Rewind length = 2
[2022.08.24-18.28.58:117][193]LogTemp: Warning: Got a hit
[2022.08.24-18.28.58:279][198]LogTemp: Warning: Server validate fire
[2022.08.24-18.28.58:280][198]LogTemp: Warning: ServerHitscanCheckFire start
[2022.08.24-18.28.58:280][198]LogTemp: Warning: Server time for hitscan check = 39.873848
[2022.08.24-18.28.58:281][198]LogTemp: Warning: Latency measured = 0.141930
[2022.08.24-18.28.58:281][198]LogTemp: Warning: Stag 2,3
[2022.08.24-18.28.58:281][198]LogTemp: Warning: Interp
[2022.08.24-18.28.58:282][198]LogTemp: Warning: Rewind transforms = 2
[2022.08.24-18.28.58:282][198]LogTemp: Warning: Final stages
[2022.08.24-18.28.58:283][198]LogTemp: Warning: Rewinding
[2022.08.24-18.28.58:284][198]LogTemp: Warning: Rewind length = 2
[2022.08.24-18.28.58:285][198]LogTemp: Warning: Got a hit
[2022.08.24-18.28.58:445][203]LogTemp: Warning: Server validate fire
[2022.08.24-18.28.58:446][203]LogTemp: Warning: ServerHitscanCheckFire start
[2022.08.24-18.28.58:446][203]LogTemp: Warning: Server time for hitscan check = 40.041084
[2022.08.24-18.28.58:447][203]LogTemp: Warning: Latency measured = 0.162632
[2022.08.24-18.28.58:447][203]LogTemp: Warning: Stag 2,3
[2022.08.24-18.28.58:448][203]LogTemp: Warning: Interp
[2022.08.24-18.28.58:448][203]LogTemp: Warning: Rewind transforms = 2
[2022.08.24-18.28.58:448][203]LogTemp: Warning: Final stages
[2022.08.24-18.28.58:449][203]LogTemp: Warning: Rewinding
[2022.08.24-18.28.58:449][203]LogTemp: Warning: Rewind length = 2
[2022.08.24-18.28.58:449][203]LogTemp: Warning: Got a hit
[2022.08.24-18.28.58:546][206]LogTemp: Warning: Server validate fire
[2022.08.24-18.28.58:547][206]LogTemp: Warning: ServerHitscanCheckFire start
[2022.08.24-18.28.58:547][206]LogTemp: Warning: Server time for hitscan check = 40.141106
[2022.08.24-18.28.58:548][206]LogTemp: Warning: Latency measured = 0.122124
[2022.08.24-18.28.58:548][206]LogTemp: Warning: Stag 2,3
[2022.08.24-18.28.58:548][206]LogTemp: Warning: Interp
[2022.08.24-18.28.58:549][206]LogTemp: Warning: Rewind transforms = 2
[2022.08.24-18.28.58:549][206]LogTemp: Warning: Final stages
[2022.08.24-18.28.58:549][206]LogTemp: Warning: Rewinding
[2022.08.24-18.28.58:550][206]LogTemp: Warning: Rewind length = 2
[2022.08.24-18.28.58:550][206]LogTemp: Warning: Got a hit
[2022.08.24-18.28.58:712][211]LogTemp: Warning: Server validate fire
[2022.08.24-18.28.58:713][211]LogTemp: Warning: ServerHitscanCheckFire start
[2022.08.24-18.28.58:714][211]LogTemp: Warning: Server time for hitscan check = 40.307255
[2022.08.24-18.28.58:714][211]LogTemp: Warning: Latency measured = 0.120510
[2022.08.24-18.28.58:714][211]LogTemp: Warning: Stag 2,3
[2022.08.24-18.28.58:715][211]LogTemp: Warning: Interp
[2022.08.24-18.28.58:715][211]LogTemp: Warning: Rewind transforms = 2
[2022.08.24-18.28.58:715][211]LogTemp: Warning: Final stages
[2022.08.24-18.28.58:716][211]LogTemp: Warning: Rewinding
[2022.08.24-18.28.58:716][211]LogTemp: Warning: Rewind length = 2
[2022.08.24-18.28.58:716][211]LogTemp: Warning: Got a hit
[2022.08.24-18.28.58:878][216]LogTemp: Warning: Server validate fire
[2022.08.24-18.28.58:879][216]LogTemp: Warning: ServerHitscanCheckFire start
[2022.08.24-18.28.58:880][216]LogTemp: Warning: Server time for hitscan check = 40.473927
[2022.08.24-18.28.58:880][216]LogTemp: Warning: Latency measured = 0.135822
[2022.08.24-18.28.58:880][216]LogTemp: Warning: Stag 2,3
[2022.08.24-18.28.58:880][216]LogTemp: Warning: Interp
[2022.08.24-18.28.58:881][216]LogTemp: Warning: Rewind transforms = 2
[2022.08.24-18.28.58:881][216]LogTemp: Warning: Final stages
[2022.08.24-18.28.58:882][216]LogTemp: Warning: Rewinding
[2022.08.24-18.28.58:882][216]LogTemp: Warning: Rewind length = 2
[2022.08.24-18.28.58:883][216]LogTemp: Warning: Got a hit
[2022.08.24-18.28.59:012][220]LogTemp: Warning: Server validate fire
[2022.08.24-18.28.59:013][220]LogTemp: Warning: ServerHitscanCheckFire start
[2022.08.24-18.28.59:013][220]LogTemp: Warning: Server time for hitscan check = 40.608044
[2022.08.24-18.28.59:014][220]LogTemp: Warning: Latency measured = 0.132313
[2022.08.24-18.28.59:014][220]LogTemp: Warning: Stag 2,3
[2022.08.24-18.28.59:014][220]LogTemp: Warning: Interp
[2022.08.24-18.28.59:015][220]LogTemp: Warning: Rewind transforms = 2
[2022.08.24-18.28.59:015][220]LogTemp: Warning: Final stages
[2022.08.24-18.28.59:015][220]LogTemp: Warning: Rewinding
[2022.08.24-18.28.59:016][220]LogTemp: Warning: Rewind length = 2
[2022.08.24-18.28.59:016][220]LogTemp: Warning: Got a hit
[2022.08.24-18.28.59:278][228]LogTemp: Warning: Server validate fire
[2022.08.24-18.28.59:279][228]LogTemp: Warning: ServerHitscanCheckFire start
[2022.08.24-18.28.59:280][228]LogTemp: Warning: Server time for hitscan check = 40.874306
[2022.08.24-18.28.59:280][228]LogTemp: Warning: Latency measured = 0.145775
[2022.08.24-18.28.59:280][228]LogTemp: Warning: Stag 2,3
[2022.08.24-18.28.59:281][228]LogTemp: Warning: Interp
[2022.08.24-18.28.59:281][228]LogTemp: Warning: Rewind transforms = 2
[2022.08.24-18.28.59:281][228]LogTemp: Warning: Final stages
[2022.08.24-18.28.59:282][228]LogTemp: Warning: Rewinding
[2022.08.24-18.28.59:282][228]LogTemp: Warning: Rewind length = 2
[2022.08.24-18.28.59:282][228]LogTemp: Warning: Got a hit
