Log file open, 04/13/23 19:59:48
LogWindows: Failed to load 'aqProf.dll' (GetLastError=126)
LogWindows: File 'aqProf.dll' does not exist
LogWindows: Failed to load 'VtuneApi.dll' (GetLastError=126)
LogWindows: File 'VtuneApi.dll' does not exist
LogWindows: Failed to load 'VtuneApi32e.dll' (GetLastError=126)
LogWindows: File 'VtuneApi32e.dll' does not exist
LogConsoleResponse: Display: Failed to find resolution value strings in scalability ini. Falling back to default.
LogConsoleResponse: Display: Failed to find resolution value strings in scalability ini. Falling back to default.
LogInit: Display: Running engine for game: fpsgame
LogPlatformFile: Not using cached read wrapper
LogTaskGraph: Started task graph with 5 named threads and 17 total threads with 3 sets of task threads.
LogStats: Stats thread started at 0.299413
LogICUInternationalization: ICU TimeZone Detection - Raw Offset: +0:00, Platform Override: ''
LogInit: Display: Loading text-based GConfig....
LogPluginManager: Mounting plugin MeshPainting
LogPluginManager: Mounting plugin XGEController
LogPluginManager: Mounting plugin Paper2D
LogPluginManager: Mounting plugin AISupport
LogPluginManager: Mounting plugin EnvironmentQueryEditor
LogPluginManager: Mounting plugin LiveLink
LogPluginManager: Mounting plugin LightPropagationVolume
LogPluginManager: Mounting plugin CameraShakePreviewer
LogPluginManager: Mounting plugin GameplayCameras
LogPluginManager: Mounting plugin OodleData
LogPluginManager: Mounting plugin OodleNetwork
LogPluginManager: Mounting plugin AnimationSharing
LogPluginManager: Mounting plugin CLionSourceCodeAccess
LogPluginManager: Mounting plugin CodeLiteSourceCodeAccess
LogPluginManager: Mounting plugin GitSourceControl
LogPluginManager: Mounting plugin KDevelopSourceCodeAccess
LogPluginManager: Mounting plugin NullSourceCodeAccess
LogPluginManager: Mounting plugin PerforceSourceControl
LogPluginManager: Mounting plugin PixWinPlugin
LogPluginManager: Mounting plugin PlasticSourceControl
LogPluginManager: Mounting plugin PluginUtils
LogPluginManager: Mounting plugin PropertyAccessNode
LogPluginManager: Mounting plugin RiderSourceCodeAccess
LogPluginManager: Mounting plugin SubversionSourceControl
LogPluginManager: Mounting plugin TextureFormatOodle
LogPluginManager: Mounting plugin UObjectPlugin
LogPluginManager: Mounting plugin VisualStudioCodeSourceCodeAccess
LogPluginManager: Mounting plugin VisualStudioSourceCodeAccess
LogPluginManager: Mounting plugin XCodeSourceCodeAccess
LogPluginManager: Mounting plugin AssetManagerEditor
LogPluginManager: Mounting plugin CryptoKeys
LogPluginManager: Mounting plugin CurveEditorTools
LogPluginManager: Mounting plugin DataValidation
LogPluginManager: Mounting plugin FacialAnimation
LogPluginManager: Mounting plugin GameplayTagsEditor
LogPluginManager: Mounting plugin GeometryMode
LogPluginManager: Mounting plugin MacGraphicsSwitching
LogPluginManager: Mounting plugin MaterialAnalyzer
LogPluginManager: Mounting plugin MobileLauncherProfileWizard
LogPluginManager: Mounting plugin PluginBrowser
LogPluginManager: Mounting plugin SpeedTreeImporter
LogPluginManager: Mounting plugin DatasmithContent
LogPluginManager: Mounting plugin VariantManagerContent
LogPluginManager: Mounting plugin AlembicImporter
LogPluginManager: Mounting plugin AutomationUtils
LogPluginManager: Mounting plugin BackChannel
LogPluginManager: Mounting plugin ChaosCloth
LogPluginManager: Mounting plugin ChaosClothEditor
LogPluginManager: Mounting plugin ChaosEditor
LogPluginManager: Mounting plugin ChaosNiagara
LogPluginManager: Mounting plugin ChaosSolverPlugin
LogPluginManager: Mounting plugin CharacterAI
LogPluginManager: Mounting plugin GeometryCache
LogPluginManager: Mounting plugin GeometryCollectionPlugin
LogPluginManager: Mounting plugin GeometryProcessing
LogPluginManager: Mounting plugin MotoSynth
LogPluginManager: Mounting plugin OpenImageDenoise
LogPluginManager: Mounting plugin PlanarCut
LogPluginManager: Mounting plugin PlatformCrypto
LogPluginManager: Mounting plugin ProxyLODPlugin
LogPluginManager: Mounting plugin PythonScriptPlugin
LogPluginManager: Mounting plugin SkeletalReduction
LogPluginManager: Mounting plugin Niagara
LogPluginManager: Mounting plugin LuminPlatformFeatures
LogPluginManager: Mounting plugin MagicLeap
LogPluginManager: Mounting plugin MagicLeapLightEstimation
LogPluginManager: Mounting plugin MagicLeapMedia
LogPluginManager: Mounting plugin MagicLeapPassableWorld
LogPluginManager: Mounting plugin MLSDK
LogPluginManager: Mounting plugin AndroidMedia
LogPluginManager: Mounting plugin AvfMedia
LogPluginManager: Mounting plugin ImgMedia
LogPluginManager: Mounting plugin MediaCompositing
LogPluginManager: Mounting plugin MediaPlayerEditor
LogPluginManager: Mounting plugin WebMMedia
LogPluginManager: Mounting plugin WmfMedia
LogPluginManager: Mounting plugin TcpMessaging
LogPluginManager: Mounting plugin UdpMessaging
LogPluginManager: Mounting plugin ActorSequence
LogPluginManager: Mounting plugin LevelSequenceEditor
LogPluginManager: Mounting plugin MatineeToLevelSequence
LogPluginManager: Mounting plugin TemplateSequence
LogPluginManager: Mounting plugin OnlineSubsystem
LogPluginManager: Mounting plugin OnlineSubsystemNull
LogPluginManager: Mounting plugin OnlineSubsystemUtils
LogPluginManager: Mounting plugin LauncherChunkInstaller
LogPluginManager: Mounting plugin ActorLayerUtilities
LogPluginManager: Mounting plugin AndroidDeviceProfileSelector
LogPluginManager: Mounting plugin AndroidMoviePlayer
LogPluginManager: Mounting plugin AndroidPermission
LogPluginManager: Mounting plugin AppleImageUtils
LogPluginManager: Mounting plugin AppleMoviePlayer
LogPluginManager: Mounting plugin ArchVisCharacter
LogPluginManager: Mounting plugin AssetTags
LogPluginManager: Mounting plugin AudioCapture
LogPluginManager: Mounting plugin AudioSynesthesia
LogPluginManager: Mounting plugin CableComponent
LogPluginManager: Mounting plugin ChunkDownloader
LogPluginManager: Mounting plugin CustomMeshComponent
LogPluginManager: Mounting plugin EditableMesh
LogPluginManager: Mounting plugin ExampleDeviceProfileSelector
LogPluginManager: Mounting plugin GoogleCloudMessaging
LogPluginManager: Mounting plugin GooglePAD
LogPluginManager: Mounting plugin IOSDeviceProfileSelector
LogPluginManager: Mounting plugin LinuxDeviceProfileSelector
LogPluginManager: Mounting plugin LocationServicesBPLibrary
LogPluginManager: Mounting plugin MobilePatchingUtils
LogPluginManager: Mounting plugin OpenXR
LogPluginManager: Mounting plugin OpenXREyeTracker
LogPluginManager: Mounting plugin OpenXRHandTracking
LogPluginManager: Mounting plugin PhysXVehicles
LogPluginManager: Mounting plugin PostSplashScreen
LogPluginManager: Mounting plugin ProceduralMeshComponent
LogPluginManager: Mounting plugin PropertyAccessEditor
LogPluginManager: Mounting plugin RuntimePhysXCooking
LogPluginManager: Mounting plugin SignificanceManager
LogPluginManager: Mounting plugin SoundFields
LogPluginManager: Mounting plugin Synthesis
LogPluginManager: Mounting plugin WebMMoviePlayer
LogPluginManager: Mounting plugin WindowsMoviePlayer
LogPluginManager: Mounting plugin ScreenshotTools
LogPluginManager: Mounting plugin Takes
LogPluginManager: Mounting plugin ContentBrowserAssetDataSource
LogPluginManager: Mounting plugin ContentBrowserClassDataSource
LogPluginManager: Mounting plugin ContentBrowserFileDataSource
LogPluginManager: Mounting plugin OnlineSubsystemGooglePlay
LogPluginManager: Mounting plugin OnlineSubsystemIOS
LogPluginManager: Mounting plugin OculusVR
LogPluginManager: Mounting plugin SteamVR
PixWinPlugin: PIX capture plugin failed to initialize! Check that the process is launched from PIX.
LogInit: Using libcurl 7.55.1-DEV
LogInit:  - built for x86_64-pc-win32
LogInit:  - supports SSL with OpenSSL/1.1.1
LogInit:  - supports HTTP deflate (compression) using libz 1.2.8
LogInit:  - other features:
LogInit:      CURL_VERSION_SSL
LogInit:      CURL_VERSION_LIBZ
LogInit:      CURL_VERSION_IPV6
LogInit:      CURL_VERSION_ASYNCHDNS
LogInit:      CURL_VERSION_LARGEFILE
LogInit:      CURL_VERSION_IDN
LogInit:  CurlRequestOptions (configurable via config and command line):
LogInit:  - bVerifyPeer = true  - Libcurl will verify peer certificate
LogInit:  - bUseHttpProxy = false  - Libcurl will NOT use HTTP proxy
LogInit:  - bDontReuseConnections = false  - Libcurl will reuse connections
LogInit:  - MaxHostConnections = 16  - Libcurl will limit the number of connections to a host
LogInit:  - LocalHostAddr = Default
LogInit:  - BufferSize = 65536
LogOnline: OSS: Creating online subsystem instance for: NULL
LogInit: WinSock: version 1.1 (2.2), MaxSocks=32767, MaxUdp=65467
LogOnline: OSS: TryLoadSubsystemAndSetDefault: Loaded subsystem for module [NULL]
LogInit: Build: ++UE4+Release-4.27-CL-18319896
LogInit: Engine Version: 4.27.2-18319896+++UE4+Release-4.27
LogInit: Compatible Engine Version: 4.27.0-17155196+++UE4+Release-4.27
LogInit: Net CL: 17155196
LogInit: OS: Windows 10 (Release 2009) (), CPU: AMD Ryzen 5 3600X 6-Core Processor             , GPU: AMD Radeon RX 5700 XT
LogInit: Compiled (64-bit): Nov 30 2021 07:12:08
LogInit: Compiled with Visual C++: 19.24.28315.00
LogInit: Build Configuration: Development
LogInit: Branch Name: ++UE4+Release-4.27
LogInit: Command Line:  /Game/Maps/TestMap -game -PIEVIACONSOLE -Multiprocess -server -log "GameUserSettingsINI=C:/Users/danie/Documents/Gamedev VR/game/UE4 game/fpsgame/Saved/Config/Windows/PIEGameUserSettings0.ini" -MultiprocessSaveConfig -forcepassthrough -messaging -SessionName="Play in Standalone Game" -port=17777 -PktLagMin=0 -PktLagMax=0 -PktLoss=0 -PktIncomingLagMin=0 -PktIncomingLagMax=0 -PktIncomingLoss=0 -windowed
LogInit: Base Directory: C:/Program Files/Epic Games/UE_4.27/Engine/Binaries/Win64/
LogInit: Allocator: TBB
LogInit: Installed Engine Build: 1
LogDevObjectVersion: Number of dev versions registered: 29
LogDevObjectVersion:   Dev-Blueprints (B0D832E4-1F89-4F0D-ACCF-7EB736FD4AA2): 10
LogDevObjectVersion:   Dev-Build (E1C64328-A22C-4D53-A36C-8E866417BD8C): 0
LogDevObjectVersion:   Dev-Core (375EC13C-06E4-48FB-B500-84F0262A717E): 4
LogDevObjectVersion:   Dev-Editor (E4B068ED-F494-42E9-A231-DA0B2E46BB41): 40
LogDevObjectVersion:   Dev-Framework (CFFC743F-43B0-4480-9391-14DF171D2073): 37
LogDevObjectVersion:   Dev-Mobile (B02B49B5-BB20-44E9-A304-32B752E40360): 3
LogDevObjectVersion:   Dev-Networking (A4E4105C-59A1-49B5-A7C5-40C4547EDFEE): 0
LogDevObjectVersion:   Dev-Online (39C831C9-5AE6-47DC-9A44-9C173E1C8E7C): 0
LogDevObjectVersion:   Dev-Physics (78F01B33-EBEA-4F98-B9B4-84EACCB95AA2): 14
LogDevObjectVersion:   Dev-Platform (6631380F-2D4D-43E0-8009-CF276956A95A): 0
LogDevObjectVersion:   Dev-Rendering (12F88B9F-8875-4AFC-A67C-D90C383ABD29): 45
LogDevObjectVersion:   Dev-Sequencer (7B5AE74C-D270-4C10-A958-57980B212A5A): 13
LogDevObjectVersion:   Dev-VR (D7296918-1DD6-4BDD-9DE2-64A83CC13884): 3
LogDevObjectVersion:   Dev-LoadTimes (C2A15278-BFE7-4AFE-6C17-90FF531DF755): 1
LogDevObjectVersion:   Private-Geometry (6EACA3D4-40EC-4CC1-B786-8BED09428FC5): 3
LogDevObjectVersion:   Dev-AnimPhys (29E575DD-E0A3-4627-9D10-D276232CDCEA): 17
LogDevObjectVersion:   Dev-Anim (AF43A65D-7FD3-4947-9873-3E8ED9C1BB05): 15
LogDevObjectVersion:   Dev-ReflectionCapture (6B266CEC-1EC7-4B8F-A30B-E4D90942FC07): 1
LogDevObjectVersion:   Dev-Automation (0DF73D61-A23F-47EA-B727-89E90C41499A): 1
LogDevObjectVersion:   FortniteMain (601D1886-AC64-4F84-AA16-D3DE0DEAC7D6): 47
LogDevObjectVersion:   FortniteRelease (E7086368-6B23-4C58-8439-1B7016265E91): 1
LogDevObjectVersion:   Dev-Enterprise (9DFFBCD6-494F-0158-E221-12823C92A888): 10
LogDevObjectVersion:   Dev-Niagara (F2AED0AC-9AFE-416F-8664-AA7FFA26D6FC): 1
LogDevObjectVersion:   Dev-Destruction (174F1F0B-B4C6-45A5-B13F-2EE8D0FB917D): 10
LogDevObjectVersion:   Dev-Physics-Ext (35F94A83-E258-406C-A318-09F59610247C): 41
LogDevObjectVersion:   Dev-PhysicsMaterial-Chaos (B68FC16E-8B1B-42E2-B453-215C058844FE): 1
LogDevObjectVersion:   Dev-CineCamera (B2E18506-4273-CFC2-A54E-F4BB758BBA07): 1
LogDevObjectVersion:   Dev-VirtualProduction (64F58936-FD1B-42BA-BA96-7289D5D0FA4E): 1
LogDevObjectVersion:   Dev-MediaFramework (6F0ED827-A609-4895-9C91-998D90180EA4): 2
LogInit: Presizing for max 25165824 objects, including 0 objects not considered by GC, pre-allocating 0 bytes for permanent pool.
LogConfig: Applying CVar settings from Section [/Script/Engine.StreamingSettings] File [C:/Users/danie/Documents/Gamedev VR/game/UE4 game/fpsgame/Saved/Config/Windows/Engine.ini]
LogConfig: Setting CVar [[s.MinBulkDataSizeForAsyncLoading:131072]]
LogConfig: Setting CVar [[s.AsyncLoadingThreadEnabled:0]]
LogConfig: Setting CVar [[s.EventDrivenLoaderEnabled:1]]
LogConfig: Setting CVar [[s.WarnIfTimeLimitExceeded:0]]
LogConfig: Setting CVar [[s.TimeLimitExceededMultiplier:1.5]]
LogConfig: Setting CVar [[s.TimeLimitExceededMinTime:0.005]]
LogConfig: Setting CVar [[s.UseBackgroundLevelStreaming:1]]
LogConfig: Setting CVar [[s.PriorityAsyncLoadingExtraTime:15.0]]
LogConfig: Setting CVar [[s.LevelStreamingActorsUpdateTimeLimit:5.0]]
LogConfig: Setting CVar [[s.PriorityLevelStreamingActorsUpdateExtraTime:5.0]]
LogConfig: Setting CVar [[s.LevelStreamingComponentsRegistrationGranularity:10]]
LogConfig: Setting CVar [[s.UnregisterComponentsTimeLimit:1.0]]
LogConfig: Setting CVar [[s.LevelStreamingComponentsUnregistrationGranularity:5]]
LogConfig: Setting CVar [[s.FlushStreamingOnExit:1]]
LogInit: Object subsystem initialized
LogConfig: Setting CVar [[con.DebugEarlyDefault:1]]
LogConfig: Setting CVar [[r.setres:1280x720]]
[2023.04.13-18.59.48:991][  0]LogConfig: Setting CVar [[con.DebugEarlyDefault:1]]
[2023.04.13-18.59.48:992][  0]LogConfig: Setting CVar [[r.setres:1280x720]]
[2023.04.13-18.59.48:992][  0]LogConfig: Applying CVar settings from Section [/Script/Engine.RendererSettings] File [C:/Users/danie/Documents/Gamedev VR/game/UE4 game/fpsgame/Saved/Config/Windows/Engine.ini]
[2023.04.13-18.59.48:992][  0]LogConfig: Setting CVar [[r.GPUCrashDebugging:0]]
[2023.04.13-18.59.48:993][  0]LogConfig: Setting CVar [[r.Mobile.DisableVertexFog:1]]
[2023.04.13-18.59.48:993][  0]LogConfig: Setting CVar [[r.Shadow.CSM.MaxMobileCascades:2]]
[2023.04.13-18.59.48:993][  0]LogConfig: Setting CVar [[r.MobileMSAA:1]]
[2023.04.13-18.59.48:993][  0]LogConfig: Setting CVar [[r.Mobile.AllowDitheredLODTransition:0]]
[2023.04.13-18.59.48:994][  0]LogConfig: Setting CVar [[r.Mobile.AllowSoftwareOcclusion:0]]
[2023.04.13-18.59.48:996][  0]LogConfig: Setting CVar [[r.Mobile.VirtualTextures:0]]
[2023.04.13-18.59.48:996][  0]LogConfig: Setting CVar [[r.DiscardUnusedQuality:0]]
[2023.04.13-18.59.48:996][  0]LogConfig: Setting CVar [[r.AllowOcclusionQueries:1]]
[2023.04.13-18.59.48:997][  0]LogConfig: Setting CVar [[r.MinScreenRadiusForLights:0.030000]]
[2023.04.13-18.59.48:997][  0]LogConfig: Setting CVar [[r.MinScreenRadiusForDepthPrepass:0.030000]]
[2023.04.13-18.59.48:997][  0]LogConfig: Setting CVar [[r.MinScreenRadiusForCSMDepth:0.010000]]
[2023.04.13-18.59.48:997][  0]LogConfig: Setting CVar [[r.PrecomputedVisibilityWarning:0]]
[2023.04.13-18.59.48:998][  0]LogConfig: Setting CVar [[r.TextureStreaming:1]]
[2023.04.13-18.59.48:998][  0]LogConfig: Setting CVar [[Compat.UseDXT5NormalMaps:0]]
[2023.04.13-18.59.48:998][  0]LogConfig: Setting CVar [[r.VirtualTextures:0]]
[2023.04.13-18.59.48:998][  0]LogConfig: Setting CVar [[r.VT.EnableAutoImport:1]]
[2023.04.13-18.59.48:999][  0]LogConfig: Setting CVar [[r.VirtualTexturedLightmaps:0]]
[2023.04.13-18.59.48:999][  0]LogConfig: Setting CVar [[r.VT.TileSize:128]]
[2023.04.13-18.59.48:999][  0]LogConfig: Setting CVar [[r.VT.TileBorderSize:4]]
[2023.04.13-18.59.48:999][  0]LogConfig: Setting CVar [[r.vt.FeedbackFactor:16]]
[2023.04.13-18.59.49:000][  0]LogConfig: Setting CVar [[r.VT.EnableCompressZlib:1]]
[2023.04.13-18.59.49:000][  0]LogConfig: Setting CVar [[r.VT.EnableCompressCrunch:0]]
[2023.04.13-18.59.49:000][  0]LogConfig: Setting CVar [[r.ClearCoatNormal:0]]
[2023.04.13-18.59.49:001][  0]LogConfig: Setting CVar [[r.ReflectionCaptureResolution:128]]
[2023.04.13-18.59.49:001][  0]LogConfig: Setting CVar [[r.Mobile.ReflectionCaptureCompression:0]]
[2023.04.13-18.59.49:001][  0]LogConfig: Setting CVar [[r.ReflectionEnvironmentLightmapMixBasedOnRoughness:1]]
[2023.04.13-18.59.49:001][  0]LogConfig: Setting CVar [[r.ForwardShading:0]]
[2023.04.13-18.59.49:002][  0]LogConfig: Setting CVar [[r.VertexFoggingForOpaque:1]]
[2023.04.13-18.59.49:002][  0]LogConfig: Setting CVar [[r.AllowStaticLighting:1]]
[2023.04.13-18.59.49:002][  0]LogConfig: Setting CVar [[r.NormalMapsForStaticLighting:0]]
[2023.04.13-18.59.49:003][  0]LogConfig: Setting CVar [[r.GenerateMeshDistanceFields:0]]
[2023.04.13-18.59.49:003][  0]LogConfig: Setting CVar [[r.DistanceFieldBuild.EightBit:0]]
[2023.04.13-18.59.49:003][  0]LogConfig: Setting CVar [[r.GenerateLandscapeGIData:0]]
[2023.04.13-18.59.49:003][  0]LogConfig: Setting CVar [[r.DistanceFieldBuild.Compress:0]]
[2023.04.13-18.59.49:004][  0]LogConfig: Setting CVar [[r.TessellationAdaptivePixelsPerTriangle:48.000000]]
[2023.04.13-18.59.49:004][  0]LogConfig: Setting CVar [[r.SeparateTranslucency:1]]
[2023.04.13-18.59.49:004][  0]LogConfig: Setting CVar [[r.TranslucentSortPolicy:0]]
[2023.04.13-18.59.49:004][  0]LogConfig: Setting CVar [[vr.VRS.HMDFixedFoveationLevel:0]]
[2023.04.13-18.59.49:005][  0]LogConfig: Setting CVar [[r.CustomDepth:1]]
[2023.04.13-18.59.49:005][  0]LogConfig: Setting CVar [[r.CustomDepthTemporalAAJitter:1]]
[2023.04.13-18.59.49:005][  0]LogConfig: Setting CVar [[r.PostProcessing.PropagateAlpha:0]]
[2023.04.13-18.59.49:005][  0]LogConfig: Setting CVar [[r.DefaultFeature.Bloom:1]]
[2023.04.13-18.59.49:006][  0]LogConfig: Setting CVar [[r.DefaultFeature.AmbientOcclusion:1]]
[2023.04.13-18.59.49:006][  0]LogConfig: Setting CVar [[r.DefaultFeature.AmbientOcclusionStaticFraction:1]]
[2023.04.13-18.59.49:006][  0]LogConfig: Setting CVar [[r.DefaultFeature.AutoExposure:0]]
[2023.04.13-18.59.49:007][  0]LogConfig: Setting CVar [[r.DefaultFeature.AutoExposure.Method:0]]
[2023.04.13-18.59.49:007][  0]LogConfig: Setting CVar [[r.DefaultFeature.AutoExposure.Bias:1.000000]]
[2023.04.13-18.59.49:007][  0]LogConfig: Setting CVar [[r.DefaultFeature.AutoExposure.ExtendDefaultLuminanceRange:0]]
[2023.04.13-18.59.49:007][  0]LogConfig: Setting CVar [[r.UsePreExposure:1]]
[2023.04.13-18.59.49:008][  0]LogConfig: Setting CVar [[r.EyeAdaptation.EditorOnly:0]]
[2023.04.13-18.59.49:008][  0]LogConfig: Setting CVar [[r.DefaultFeature.MotionBlur:0]]
[2023.04.13-18.59.49:008][  0]LogConfig: Setting CVar [[r.DefaultFeature.LensFlare:0]]
[2023.04.13-18.59.49:008][  0]LogConfig: Setting CVar [[r.TemporalAA.Upsampling:0]]
[2023.04.13-18.59.49:009][  0]LogConfig: Setting CVar [[r.SSGI.Enable:0]]
[2023.04.13-18.59.49:013][  0]LogConfig: Setting CVar [[r.DefaultFeature.AntiAliasing:0]]
[2023.04.13-18.59.49:014][  0]LogConfig: Setting CVar [[r.DefaultFeature.LightUnits:1]]
[2023.04.13-18.59.49:014][  0]LogConfig: Setting CVar [[r.DefaultBackBufferPixelFormat:4]]
[2023.04.13-18.59.49:014][  0]LogConfig: Setting CVar [[r.Shadow.UnbuiltPreviewInGame:1]]
[2023.04.13-18.59.49:015][  0]LogConfig: Setting CVar [[r.StencilForLODDither:0]]
[2023.04.13-18.59.49:015][  0]LogConfig: Setting CVar [[r.EarlyZPass:3]]
[2023.04.13-18.59.49:015][  0]LogConfig: Setting CVar [[r.EarlyZPassOnlyMaterialMasking:0]]
[2023.04.13-18.59.49:015][  0]LogConfig: Setting CVar [[r.DBuffer:1]]
[2023.04.13-18.59.49:016][  0]LogConfig: Setting CVar [[r.ClearSceneMethod:1]]
[2023.04.13-18.59.49:016][  0]LogConfig: Setting CVar [[r.BasePassOutputsVelocity:0]]
[2023.04.13-18.59.49:016][  0]LogConfig: Setting CVar [[r.VertexDeformationOutputsVelocity:0]]
[2023.04.13-18.59.49:016][  0]LogConfig: Setting CVar [[r.SelectiveBasePassOutputs:0]]
[2023.04.13-18.59.49:017][  0]LogConfig: Setting CVar [[fx.GPUSimulationTextureSizeX:1024]]
[2023.04.13-18.59.49:017][  0]LogConfig: Setting CVar [[fx.GPUSimulationTextureSizeY:1024]]
[2023.04.13-18.59.49:017][  0]LogConfig: Setting CVar [[r.AllowGlobalClipPlane:0]]
[2023.04.13-18.59.49:017][  0]LogConfig: Setting CVar [[r.GBufferFormat:1]]
[2023.04.13-18.59.49:018][  0]LogConfig: Setting CVar [[r.MorphTarget.Mode:1]]
[2023.04.13-18.59.49:018][  0]LogConfig: Setting CVar [[vr.InstancedStereo:0]]
[2023.04.13-18.59.49:019][  0]LogConfig: Setting CVar [[r.MobileHDR:1]]
[2023.04.13-18.59.49:019][  0]LogConfig: Setting CVar [[vr.MobileMultiView:0]]
[2023.04.13-18.59.49:019][  0]LogConfig: Setting CVar [[r.Mobile.UseHWsRGBEncoding:0]]
[2023.04.13-18.59.49:019][  0]LogConfig: Setting CVar [[vr.RoundRobinOcclusion:0]]
[2023.04.13-18.59.49:020][  0]LogConfig: Setting CVar [[vr.ODSCapture:0]]
[2023.04.13-18.59.49:020][  0]LogConfig: Setting CVar [[r.MeshStreaming:0]]
[2023.04.13-18.59.49:020][  0]LogConfig: Setting CVar [[r.WireframeCullThreshold:5.000000]]
[2023.04.13-18.59.49:020][  0]LogConfig: Setting CVar [[r.RayTracing:0]]
[2023.04.13-18.59.49:021][  0]LogConfig: Setting CVar [[r.RayTracing.UseTextureLod:0]]
[2023.04.13-18.59.49:021][  0]LogConfig: Setting CVar [[r.SupportStationarySkylight:1]]
[2023.04.13-18.59.49:021][  0]LogConfig: Setting CVar [[r.SupportLowQualityLightmaps:1]]
[2023.04.13-18.59.49:022][  0]LogConfig: Setting CVar [[r.SupportPointLightWholeSceneShadows:1]]
[2023.04.13-18.59.49:022][  0]LogConfig: Setting CVar [[r.SupportAtmosphericFog:1]]
[2023.04.13-18.59.49:022][  0]LogConfig: Setting CVar [[r.SupportSkyAtmosphere:1]]
[2023.04.13-18.59.49:023][  0]LogConfig: Setting CVar [[r.SupportSkyAtmosphereAffectsHeightFog:0]]
[2023.04.13-18.59.49:023][  0]LogConfig: Setting CVar [[r.SkinCache.CompileShaders:0]]
[2023.04.13-18.59.49:023][  0]LogConfig: Setting CVar [[r.SkinCache.DefaultBehavior:1]]
[2023.04.13-18.59.49:023][  0]LogConfig: Setting CVar [[r.SkinCache.SceneMemoryLimitInMB:128.000000]]
[2023.04.13-18.59.49:024][  0]LogConfig: Setting CVar [[r.Mobile.EnableStaticAndCSMShadowReceivers:1]]
[2023.04.13-18.59.49:026][  0]LogConfig: Setting CVar [[r.Mobile.EnableMovableLightCSMShaderCulling:1]]
[2023.04.13-18.59.49:027][  0]LogConfig: Setting CVar [[r.Mobile.AllowDistanceFieldShadows:1]]
[2023.04.13-18.59.49:027][  0]LogConfig: Setting CVar [[r.Mobile.AllowMovableDirectionalLights:1]]
[2023.04.13-18.59.49:028][  0]LogConfig: Setting CVar [[r.MobileNumDynamicPointLights:4]]
[2023.04.13-18.59.49:028][  0]LogConfig: Setting CVar [[r.MobileDynamicPointLightsUseStaticBranch:1]]
[2023.04.13-18.59.49:029][  0]LogConfig: Setting CVar [[r.Mobile.EnableMovableSpotlights:0]]
[2023.04.13-18.59.49:029][  0]LogConfig: Setting CVar [[r.Mobile.EnableMovableSpotlightsShadow:0]]
[2023.04.13-18.59.49:029][  0]LogConfig: Setting CVar [[r.GPUSkin.Support16BitBoneIndex:0]]
[2023.04.13-18.59.49:029][  0]LogConfig: Setting CVar [[r.GPUSkin.Limit2BoneInfluences:0]]
[2023.04.13-18.59.49:030][  0]LogConfig: Setting CVar [[r.SupportDepthOnlyIndexBuffers:1]]
[2023.04.13-18.59.49:030][  0]LogConfig: Setting CVar [[r.SupportReversedIndexBuffers:1]]
[2023.04.13-18.59.49:030][  0]LogConfig: Setting CVar [[r.LightPropagationVolume:0]]
[2023.04.13-18.59.49:030][  0]LogConfig: Setting CVar [[r.Mobile.AmbientOcclusion:0]]
[2023.04.13-18.59.49:031][  0]LogConfig: Setting CVar [[r.GPUSkin.UnlimitedBoneInfluences:0]]
[2023.04.13-18.59.49:031][  0]LogConfig: Setting CVar [[r.GPUSkin.UnlimitedBoneInfluencesThreshold:8]]
[2023.04.13-18.59.49:031][  0]LogConfig: Setting CVar [[r.Mobile.PlanarReflectionMode:0]]
[2023.04.13-18.59.49:032][  0]LogConfig: Setting CVar [[r.Mobile.SupportsGen4TAA:0]]
[2023.04.13-18.59.49:032][  0]LogConfig: Applying CVar settings from Section [/Script/Engine.RendererOverrideSettings] File [C:/Users/danie/Documents/Gamedev VR/game/UE4 game/fpsgame/Saved/Config/Windows/Engine.ini]
[2023.04.13-18.59.49:032][  0]LogConfig: Applying CVar settings from Section [/Script/Engine.StreamingSettings] File [C:/Users/danie/Documents/Gamedev VR/game/UE4 game/fpsgame/Saved/Config/Windows/Engine.ini]
[2023.04.13-18.59.49:033][  0]LogConfig: Setting CVar [[s.MinBulkDataSizeForAsyncLoading:131072]]
[2023.04.13-18.59.49:033][  0]LogConfig: Setting CVar [[s.AsyncLoadingThreadEnabled:0]]
[2023.04.13-18.59.49:033][  0]LogConfig: Setting CVar [[s.EventDrivenLoaderEnabled:1]]
[2023.04.13-18.59.49:034][  0]LogConfig: Setting CVar [[s.WarnIfTimeLimitExceeded:0]]
[2023.04.13-18.59.49:034][  0]LogConfig: Setting CVar [[s.TimeLimitExceededMultiplier:1.5]]
[2023.04.13-18.59.49:034][  0]LogConfig: Setting CVar [[s.TimeLimitExceededMinTime:0.005]]
[2023.04.13-18.59.49:034][  0]LogConfig: Setting CVar [[s.UseBackgroundLevelStreaming:1]]
[2023.04.13-18.59.49:035][  0]LogConfig: Setting CVar [[s.PriorityAsyncLoadingExtraTime:15.0]]
[2023.04.13-18.59.49:035][  0]LogConfig: Setting CVar [[s.LevelStreamingActorsUpdateTimeLimit:5.0]]
[2023.04.13-18.59.49:035][  0]LogConfig: Setting CVar [[s.PriorityLevelStreamingActorsUpdateExtraTime:5.0]]
[2023.04.13-18.59.49:035][  0]LogConfig: Setting CVar [[s.LevelStreamingComponentsRegistrationGranularity:10]]
[2023.04.13-18.59.49:036][  0]LogConfig: Setting CVar [[s.UnregisterComponentsTimeLimit:1.0]]
[2023.04.13-18.59.49:036][  0]LogConfig: Setting CVar [[s.LevelStreamingComponentsUnregistrationGranularity:5]]
[2023.04.13-18.59.49:036][  0]LogConfig: Setting CVar [[s.FlushStreamingOnExit:1]]
[2023.04.13-18.59.49:037][  0]LogConfig: Applying CVar settings from Section [/Script/Engine.GarbageCollectionSettings] File [C:/Users/danie/Documents/Gamedev VR/game/UE4 game/fpsgame/Saved/Config/Windows/Engine.ini]
[2023.04.13-18.59.49:037][  0]LogConfig: Setting CVar [[gc.MaxObjectsNotConsideredByGC:1]]
[2023.04.13-18.59.49:037][  0]LogConfig: Setting CVar [[gc.SizeOfPermanentObjectPool:0]]
[2023.04.13-18.59.49:037][  0]LogConfig: Setting CVar [[gc.FlushStreamingOnGC:0]]
[2023.04.13-18.59.49:038][  0]LogConfig: Setting CVar [[gc.NumRetriesBeforeForcingGC:10]]
[2023.04.13-18.59.49:038][  0]LogConfig: Setting CVar [[gc.AllowParallelGC:1]]
[2023.04.13-18.59.49:038][  0]LogConfig: Setting CVar [[gc.TimeBetweenPurgingPendingKillObjects:61.1]]
[2023.04.13-18.59.49:038][  0]LogConfig: Setting CVar [[gc.MaxObjectsInEditor:25165824]]
[2023.04.13-18.59.49:039][  0]LogConfig: Setting CVar [[gc.IncrementalBeginDestroyEnabled:1]]
[2023.04.13-18.59.49:039][  0]LogConfig: Setting CVar [[gc.CreateGCClusters:1]]
[2023.04.13-18.59.49:039][  0]LogConfig: Setting CVar [[gc.MinGCClusterSize:5]]
[2023.04.13-18.59.49:039][  0]LogConfig: Setting CVar [[gc.ActorClusteringEnabled:0]]
[2023.04.13-18.59.49:040][  0]LogConfig: Setting CVar [[gc.BlueprintClusteringEnabled:0]]
[2023.04.13-18.59.49:042][  0]LogConfig: Setting CVar [[gc.UseDisregardForGCOnDedicatedServers:0]]
[2023.04.13-18.59.49:042][  0]LogConfig: Setting CVar [[gc.MultithreadedDestructionEnabled:1]]
[2023.04.13-18.59.49:043][  0]LogConfig: Applying CVar settings from Section [/Script/Engine.NetworkSettings] File [C:/Users/danie/Documents/Gamedev VR/game/UE4 game/fpsgame/Saved/Config/Windows/Engine.ini]
[2023.04.13-18.59.49:044][  0]LogConfig: Applying CVar settings from Section [/Script/UnrealEd.CookerSettings] File [C:/Users/danie/Documents/Gamedev VR/game/UE4 game/fpsgame/Saved/Config/Windows/Engine.ini]
[2023.04.13-18.59.49:045][  0]LogConfig: Applying CVar settings from Section [ViewDistanceQuality@3] File [C:/Users/danie/Documents/Gamedev VR/game/UE4 game/fpsgame/Saved/Config/Windows/Scalability.ini]
[2023.04.13-18.59.49:045][  0]LogConfig: Setting CVar [[r.SkeletalMeshLODBias:0]]
[2023.04.13-18.59.49:046][  0]LogConfig: Setting CVar [[r.ViewDistanceScale:1.0]]
[2023.04.13-18.59.49:046][  0]LogConfig: Applying CVar settings from Section [AntiAliasingQuality@3] File [C:/Users/danie/Documents/Gamedev VR/game/UE4 game/fpsgame/Saved/Config/Windows/Scalability.ini]
[2023.04.13-18.59.49:046][  0]LogConfig: Setting CVar [[r.PostProcessAAQuality:4]]
[2023.04.13-18.59.49:046][  0]LogConfig: Applying CVar settings from Section [ShadowQuality@3] File [C:/Users/danie/Documents/Gamedev VR/game/UE4 game/fpsgame/Saved/Config/Windows/Scalability.ini]
[2023.04.13-18.59.49:047][  0]LogConfig: Setting CVar [[r.LightFunctionQuality:1]]
[2023.04.13-18.59.49:047][  0]LogConfig: Setting CVar [[r.ShadowQuality:5]]
[2023.04.13-18.59.49:047][  0]LogConfig: Setting CVar [[r.Shadow.CSM.MaxCascades:10]]
[2023.04.13-18.59.49:048][  0]LogConfig: Setting CVar [[r.Shadow.MaxResolution:2048]]
[2023.04.13-18.59.49:048][  0]LogConfig: Setting CVar [[r.Shadow.MaxCSMResolution:2048]]
[2023.04.13-18.59.49:048][  0]LogConfig: Setting CVar [[r.Shadow.RadiusThreshold:0.01]]
[2023.04.13-18.59.49:048][  0]LogConfig: Setting CVar [[r.Shadow.DistanceScale:1.0]]
[2023.04.13-18.59.49:049][  0]LogConfig: Setting CVar [[r.Shadow.CSM.TransitionScale:1.0]]
[2023.04.13-18.59.49:049][  0]LogConfig: Setting CVar [[r.Shadow.PreShadowResolutionFactor:1.0]]
[2023.04.13-18.59.49:049][  0]LogConfig: Setting CVar [[r.DistanceFieldShadowing:1]]
[2023.04.13-18.59.49:049][  0]LogConfig: Setting CVar [[r.DistanceFieldAO:1]]
[2023.04.13-18.59.49:050][  0]LogConfig: Setting CVar [[r.AOQuality:2]]
[2023.04.13-18.59.49:050][  0]LogConfig: Setting CVar [[r.VolumetricFog:1]]
[2023.04.13-18.59.49:050][  0]LogConfig: Setting CVar [[r.VolumetricFog.GridPixelSize:8]]
[2023.04.13-18.59.49:051][  0]LogConfig: Setting CVar [[r.VolumetricFog.GridSizeZ:128]]
[2023.04.13-18.59.49:051][  0]LogConfig: Setting CVar [[r.VolumetricFog.HistoryMissSupersampleCount:4]]
[2023.04.13-18.59.49:051][  0]LogConfig: Setting CVar [[r.LightMaxDrawDistanceScale:1]]
[2023.04.13-18.59.49:051][  0]LogConfig: Setting CVar [[r.CapsuleShadows:1]]
[2023.04.13-18.59.49:052][  0]LogConfig: Applying CVar settings from Section [PostProcessQuality@3] File [C:/Users/danie/Documents/Gamedev VR/game/UE4 game/fpsgame/Saved/Config/Windows/Scalability.ini]
[2023.04.13-18.59.49:052][  0]LogConfig: Setting CVar [[r.MotionBlurQuality:4]]
[2023.04.13-18.59.49:052][  0]LogConfig: Setting CVar [[r.AmbientOcclusionMipLevelFactor:0.4]]
[2023.04.13-18.59.49:052][  0]LogConfig: Setting CVar [[r.AmbientOcclusionMaxQuality:100]]
[2023.04.13-18.59.49:053][  0]LogConfig: Setting CVar [[r.AmbientOcclusionLevels:-1]]
[2023.04.13-18.59.49:053][  0]LogConfig: Setting CVar [[r.AmbientOcclusionRadiusScale:1.0]]
[2023.04.13-18.59.49:053][  0]LogConfig: Setting CVar [[r.DepthOfFieldQuality:2]]
[2023.04.13-18.59.49:053][  0]LogConfig: Setting CVar [[r.RenderTargetPoolMin:400]]
[2023.04.13-18.59.49:054][  0]LogConfig: Setting CVar [[r.LensFlareQuality:2]]
[2023.04.13-18.59.49:054][  0]LogConfig: Setting CVar [[r.SceneColorFringeQuality:1]]
[2023.04.13-18.59.49:054][  0]LogConfig: Setting CVar [[r.EyeAdaptationQuality:2]]
[2023.04.13-18.59.49:055][  0]LogConfig: Setting CVar [[r.BloomQuality:5]]
[2023.04.13-18.59.49:055][  0]LogConfig: Setting CVar [[r.FastBlurThreshold:100]]
[2023.04.13-18.59.49:055][  0]LogConfig: Setting CVar [[r.Upscale.Quality:3]]
[2023.04.13-18.59.49:055][  0]LogConfig: Setting CVar [[r.Tonemapper.GrainQuantization:1]]
[2023.04.13-18.59.49:056][  0]LogConfig: Setting CVar [[r.LightShaftQuality:1]]
[2023.04.13-18.59.49:056][  0]LogConfig: Setting CVar [[r.Filter.SizeScale:1]]
[2023.04.13-18.59.49:058][  0]LogConfig: Setting CVar [[r.Tonemapper.Quality:5]]
[2023.04.13-18.59.49:059][  0]LogConfig: Setting CVar [[r.DOF.Gather.AccumulatorQuality:1        ; higher gathering accumulator quality]]
[2023.04.13-18.59.49:060][  0]LogConfig: Setting CVar [[r.DOF.Gather.PostfilterMethod:1          ; Median3x3 postfilering method]]
[2023.04.13-18.59.49:060][  0]LogConfig: Setting CVar [[r.DOF.Gather.EnableBokehSettings:0       ; no bokeh simulation when gathering]]
[2023.04.13-18.59.49:061][  0]LogConfig: Setting CVar [[r.DOF.Gather.RingCount:4                 ; medium number of samples when gathering]]
[2023.04.13-18.59.49:061][  0]LogConfig: Setting CVar [[r.DOF.Scatter.ForegroundCompositing:1    ; additive foreground scattering]]
[2023.04.13-18.59.49:062][  0]LogConfig: Setting CVar [[r.DOF.Scatter.BackgroundCompositing:2    ; additive background scattering]]
[2023.04.13-18.59.49:062][  0]LogConfig: Setting CVar [[r.DOF.Scatter.EnableBokehSettings:1      ; bokeh simulation when scattering]]
[2023.04.13-18.59.49:063][  0]LogConfig: Setting CVar [[r.DOF.Scatter.MaxSpriteRatio:0.1         ; only a maximum of 10% of scattered bokeh]]
[2023.04.13-18.59.49:063][  0]LogConfig: Setting CVar [[r.DOF.Recombine.Quality:1                ; cheap slight out of focus]]
[2023.04.13-18.59.49:064][  0]LogConfig: Setting CVar [[r.DOF.Recombine.EnableBokehSettings:0    ; no bokeh simulation on slight out of focus]]
[2023.04.13-18.59.49:064][  0]LogConfig: Setting CVar [[r.DOF.TemporalAAQuality:1                ; more stable temporal accumulation]]
[2023.04.13-18.59.49:064][  0]LogConfig: Setting CVar [[r.DOF.Kernel.MaxForegroundRadius:0.025]]
[2023.04.13-18.59.49:065][  0]LogConfig: Setting CVar [[r.DOF.Kernel.MaxBackgroundRadius:0.025]]
[2023.04.13-18.59.49:065][  0]LogConfig: Applying CVar settings from Section [TextureQuality@3] File [C:/Users/danie/Documents/Gamedev VR/game/UE4 game/fpsgame/Saved/Config/Windows/Scalability.ini]
[2023.04.13-18.59.49:066][  0]LogConfig: Setting CVar [[r.Streaming.MipBias:0]]
[2023.04.13-18.59.49:066][  0]LogConfig: Setting CVar [[r.Streaming.AmortizeCPUToGPUCopy:0]]
[2023.04.13-18.59.49:067][  0]LogConfig: Setting CVar [[r.Streaming.MaxNumTexturesToStreamPerFrame:0]]
[2023.04.13-18.59.49:067][  0]LogConfig: Setting CVar [[r.Streaming.Boost:1]]
[2023.04.13-18.59.49:067][  0]LogConfig: Setting CVar [[r.MaxAnisotropy:8]]
[2023.04.13-18.59.49:068][  0]LogConfig: Setting CVar [[r.VT.MaxAnisotropy:8]]
[2023.04.13-18.59.49:069][  0]LogConfig: Setting CVar [[r.Streaming.LimitPoolSizeToVRAM:0]]
[2023.04.13-18.59.49:069][  0]LogConfig: Setting CVar [[r.Streaming.PoolSize:1000]]
[2023.04.13-18.59.49:069][  0]LogConfig: Setting CVar [[r.Streaming.MaxEffectiveScreenSize:0]]
[2023.04.13-18.59.49:070][  0]LogConfig: Applying CVar settings from Section [EffectsQuality@3] File [C:/Users/danie/Documents/Gamedev VR/game/UE4 game/fpsgame/Saved/Config/Windows/Scalability.ini]
[2023.04.13-18.59.49:070][  0]LogConfig: Setting CVar [[r.TranslucencyLightingVolumeDim:64]]
[2023.04.13-18.59.49:070][  0]LogConfig: Setting CVar [[r.RefractionQuality:2]]
[2023.04.13-18.59.49:071][  0]LogConfig: Setting CVar [[r.SSR.Quality:3]]
[2023.04.13-18.59.49:071][  0]LogConfig: Setting CVar [[r.SSR.HalfResSceneColor:0]]
[2023.04.13-18.59.49:071][  0]LogConfig: Setting CVar [[r.SceneColorFormat:4]]
[2023.04.13-18.59.49:071][  0]LogConfig: Setting CVar [[r.DetailMode:2]]
[2023.04.13-18.59.49:072][  0]LogConfig: Setting CVar [[r.TranslucencyVolumeBlur:1]]
[2023.04.13-18.59.49:074][  0]LogConfig: Setting CVar [[r.MaterialQualityLevel:1 ; High quality]]
[2023.04.13-18.59.49:074][  0]LogConfig: Setting CVar [[r.AnisotropicMaterials:1]]
[2023.04.13-18.59.49:075][  0]LogConfig: Setting CVar [[r.SSS.Scale:1]]
[2023.04.13-18.59.49:075][  0]LogConfig: Setting CVar [[r.SSS.SampleSet:2]]
[2023.04.13-18.59.49:075][  0]LogConfig: Setting CVar [[r.SSS.Quality:1]]
[2023.04.13-18.59.49:075][  0]LogConfig: Setting CVar [[r.SSS.HalfRes:0]]
[2023.04.13-18.59.49:076][  0]LogConfig: Setting CVar [[r.SSGI.Quality:3]]
[2023.04.13-18.59.49:076][  0]LogConfig: Setting CVar [[r.EmitterSpawnRateScale:1.0]]
[2023.04.13-18.59.49:076][  0]LogConfig: Setting CVar [[r.ParticleLightQuality:2]]
[2023.04.13-18.59.49:077][  0]LogConfig: Setting CVar [[r.SkyAtmosphere.AerialPerspectiveLUT.FastApplyOnOpaque:1 ; Always have FastSkyLUT 1 in this case to avoid wrong sky]]
[2023.04.13-18.59.49:077][  0]LogConfig: Setting CVar [[r.SkyAtmosphere.AerialPerspectiveLUT.SampleCountMaxPerSlice:4]]
[2023.04.13-18.59.49:077][  0]LogConfig: Setting CVar [[r.SkyAtmosphere.AerialPerspectiveLUT.DepthResolution:16.0]]
[2023.04.13-18.59.49:077][  0]LogConfig: Setting CVar [[r.SkyAtmosphere.FastSkyLUT:1]]
[2023.04.13-18.59.49:078][  0]LogConfig: Setting CVar [[r.SkyAtmosphere.FastSkyLUT.SampleCountMin:4.0]]
[2023.04.13-18.59.49:078][  0]LogConfig: Setting CVar [[r.SkyAtmosphere.FastSkyLUT.SampleCountMax:128.0]]
[2023.04.13-18.59.49:078][  0]LogConfig: Setting CVar [[r.SkyAtmosphere.SampleCountMin:4.0]]
[2023.04.13-18.59.49:079][  0]LogConfig: Setting CVar [[r.SkyAtmosphere.SampleCountMax:128.0]]
[2023.04.13-18.59.49:079][  0]LogConfig: Setting CVar [[r.SkyAtmosphere.TransmittanceLUT.UseSmallFormat:0]]
[2023.04.13-18.59.49:079][  0]LogConfig: Setting CVar [[r.SkyAtmosphere.TransmittanceLUT.SampleCount:10.0]]
[2023.04.13-18.59.49:080][  0]LogConfig: Setting CVar [[r.SkyAtmosphere.MultiScatteringLUT.SampleCount:15.0]]
[2023.04.13-18.59.49:080][  0]LogConfig: Setting CVar [[r.SkyLight.RealTimeReflectionCapture:1]]
[2023.04.13-18.59.49:080][  0]LogConfig: Applying CVar settings from Section [FoliageQuality@3] File [C:/Users/danie/Documents/Gamedev VR/game/UE4 game/fpsgame/Saved/Config/Windows/Scalability.ini]
[2023.04.13-18.59.49:081][  0]LogConfig: Setting CVar [[foliage.DensityScale:1.0]]
[2023.04.13-18.59.49:081][  0]LogConfig: Setting CVar [[grass.DensityScale:1.0]]
[2023.04.13-18.59.49:081][  0]LogConfig: Applying CVar settings from Section [ShadingQuality@3] File [C:/Users/danie/Documents/Gamedev VR/game/UE4 game/fpsgame/Saved/Config/Windows/Scalability.ini]
[2023.04.13-18.59.49:082][  0]LogConfig: Setting CVar [[r.HairStrands.SkyLighting.IntegrationType:2]]
[2023.04.13-18.59.49:082][  0]LogConfig: Setting CVar [[r.HairStrands.SkyAO.SampleCount:4]]
[2023.04.13-18.59.49:082][  0]LogConfig: Setting CVar [[r.HairStrands.Visibility.MSAA.SamplePerPixel:4]]
[2023.04.13-18.59.49:082][  0]LogInit: Selected Device Profile: [Windows]
[2023.04.13-18.59.49:083][  0]LogInit: Applying CVar settings loaded from the selected device profile: [Windows]
[2023.04.13-18.59.49:083][  0]LogHAL: Display: Platform has ~ 16 GB [17128247296 / 17179869184 / 16], which maps to Larger [LargestMinGB=32, LargerMinGB=12, DefaultMinGB=8, SmallerMinGB=6, SmallestMinGB=0)
[2023.04.13-18.59.49:083][  0]LogInit: Going up to parent DeviceProfile []
[2023.04.13-18.59.49:083][  0]LogConfig: Applying CVar settings from Section [ViewDistanceQuality@3] File [C:/Users/danie/Documents/Gamedev VR/game/UE4 game/fpsgame/Saved/Config/Windows/Scalability.ini]
[2023.04.13-18.59.49:084][  0]LogConfig: Setting CVar [[r.SkeletalMeshLODBias:0]]
[2023.04.13-18.59.49:084][  0]LogConfig: Setting CVar [[r.ViewDistanceScale:1.0]]
[2023.04.13-18.59.49:084][  0]LogConfig: Applying CVar settings from Section [AntiAliasingQuality@3] File [C:/Users/danie/Documents/Gamedev VR/game/UE4 game/fpsgame/Saved/Config/Windows/Scalability.ini]
[2023.04.13-18.59.49:084][  0]LogConfig: Setting CVar [[r.PostProcessAAQuality:4]]
[2023.04.13-18.59.49:085][  0]LogConfig: Applying CVar settings from Section [ShadowQuality@3] File [C:/Users/danie/Documents/Gamedev VR/game/UE4 game/fpsgame/Saved/Config/Windows/Scalability.ini]
[2023.04.13-18.59.49:085][  0]LogConfig: Setting CVar [[r.LightFunctionQuality:1]]
[2023.04.13-18.59.49:085][  0]LogConfig: Setting CVar [[r.ShadowQuality:5]]
[2023.04.13-18.59.49:086][  0]LogConfig: Setting CVar [[r.Shadow.CSM.MaxCascades:10]]
[2023.04.13-18.59.49:086][  0]LogConfig: Setting CVar [[r.Shadow.MaxResolution:2048]]
[2023.04.13-18.59.49:086][  0]LogConfig: Setting CVar [[r.Shadow.MaxCSMResolution:2048]]
[2023.04.13-18.59.49:086][  0]LogConfig: Setting CVar [[r.Shadow.RadiusThreshold:0.01]]
[2023.04.13-18.59.49:087][  0]LogConfig: Setting CVar [[r.Shadow.DistanceScale:1.0]]
[2023.04.13-18.59.49:087][  0]LogConfig: Setting CVar [[r.Shadow.CSM.TransitionScale:1.0]]
[2023.04.13-18.59.49:087][  0]LogConfig: Setting CVar [[r.Shadow.PreShadowResolutionFactor:1.0]]
[2023.04.13-18.59.49:087][  0]LogConfig: Setting CVar [[r.DistanceFieldShadowing:1]]
[2023.04.13-18.59.49:088][  0]LogConfig: Setting CVar [[r.DistanceFieldAO:1]]
[2023.04.13-18.59.49:091][  0]LogConfig: Setting CVar [[r.AOQuality:2]]
[2023.04.13-18.59.49:091][  0]LogConfig: Setting CVar [[r.VolumetricFog:1]]
[2023.04.13-18.59.49:092][  0]LogConfig: Setting CVar [[r.VolumetricFog.GridPixelSize:8]]
[2023.04.13-18.59.49:092][  0]LogConfig: Setting CVar [[r.VolumetricFog.GridSizeZ:128]]
[2023.04.13-18.59.49:092][  0]LogConfig: Setting CVar [[r.VolumetricFog.HistoryMissSupersampleCount:4]]
[2023.04.13-18.59.49:093][  0]LogConfig: Setting CVar [[r.LightMaxDrawDistanceScale:1]]
[2023.04.13-18.59.49:093][  0]LogConfig: Setting CVar [[r.CapsuleShadows:1]]
[2023.04.13-18.59.49:093][  0]LogConfig: Applying CVar settings from Section [PostProcessQuality@3] File [C:/Users/danie/Documents/Gamedev VR/game/UE4 game/fpsgame/Saved/Config/Windows/Scalability.ini]
[2023.04.13-18.59.49:093][  0]LogConfig: Setting CVar [[r.MotionBlurQuality:4]]
[2023.04.13-18.59.49:094][  0]LogConfig: Setting CVar [[r.AmbientOcclusionMipLevelFactor:0.4]]
[2023.04.13-18.59.49:094][  0]LogConfig: Setting CVar [[r.AmbientOcclusionMaxQuality:100]]
[2023.04.13-18.59.49:094][  0]LogConfig: Setting CVar [[r.AmbientOcclusionLevels:-1]]
[2023.04.13-18.59.49:094][  0]LogConfig: Setting CVar [[r.AmbientOcclusionRadiusScale:1.0]]
[2023.04.13-18.59.49:095][  0]LogConfig: Setting CVar [[r.DepthOfFieldQuality:2]]
[2023.04.13-18.59.49:095][  0]LogConfig: Setting CVar [[r.RenderTargetPoolMin:400]]
[2023.04.13-18.59.49:095][  0]LogConfig: Setting CVar [[r.LensFlareQuality:2]]
[2023.04.13-18.59.49:096][  0]LogConfig: Setting CVar [[r.SceneColorFringeQuality:1]]
[2023.04.13-18.59.49:096][  0]LogConfig: Setting CVar [[r.EyeAdaptationQuality:2]]
[2023.04.13-18.59.49:096][  0]LogConfig: Setting CVar [[r.BloomQuality:5]]
[2023.04.13-18.59.49:096][  0]LogConfig: Setting CVar [[r.FastBlurThreshold:100]]
[2023.04.13-18.59.49:097][  0]LogConfig: Setting CVar [[r.Upscale.Quality:3]]
[2023.04.13-18.59.49:097][  0]LogConfig: Setting CVar [[r.Tonemapper.GrainQuantization:1]]
[2023.04.13-18.59.49:097][  0]LogConfig: Setting CVar [[r.LightShaftQuality:1]]
[2023.04.13-18.59.49:097][  0]LogConfig: Setting CVar [[r.Filter.SizeScale:1]]
[2023.04.13-18.59.49:098][  0]LogConfig: Setting CVar [[r.Tonemapper.Quality:5]]
[2023.04.13-18.59.49:098][  0]LogConfig: Setting CVar [[r.DOF.Gather.AccumulatorQuality:1        ; higher gathering accumulator quality]]
[2023.04.13-18.59.49:098][  0]LogConfig: Setting CVar [[r.DOF.Gather.PostfilterMethod:1          ; Median3x3 postfilering method]]
[2023.04.13-18.59.49:099][  0]LogConfig: Setting CVar [[r.DOF.Gather.EnableBokehSettings:0       ; no bokeh simulation when gathering]]
[2023.04.13-18.59.49:099][  0]LogConfig: Setting CVar [[r.DOF.Gather.RingCount:4                 ; medium number of samples when gathering]]
[2023.04.13-18.59.49:099][  0]LogConfig: Setting CVar [[r.DOF.Scatter.ForegroundCompositing:1    ; additive foreground scattering]]
[2023.04.13-18.59.49:100][  0]LogConfig: Setting CVar [[r.DOF.Scatter.BackgroundCompositing:2    ; additive background scattering]]
[2023.04.13-18.59.49:100][  0]LogConfig: Setting CVar [[r.DOF.Scatter.EnableBokehSettings:1      ; bokeh simulation when scattering]]
[2023.04.13-18.59.49:100][  0]LogConfig: Setting CVar [[r.DOF.Scatter.MaxSpriteRatio:0.1         ; only a maximum of 10% of scattered bokeh]]
[2023.04.13-18.59.49:101][  0]LogConfig: Setting CVar [[r.DOF.Recombine.Quality:1                ; cheap slight out of focus]]
[2023.04.13-18.59.49:101][  0]LogConfig: Setting CVar [[r.DOF.Recombine.EnableBokehSettings:0    ; no bokeh simulation on slight out of focus]]
[2023.04.13-18.59.49:101][  0]LogConfig: Setting CVar [[r.DOF.TemporalAAQuality:1                ; more stable temporal accumulation]]
[2023.04.13-18.59.49:101][  0]LogConfig: Setting CVar [[r.DOF.Kernel.MaxForegroundRadius:0.025]]
[2023.04.13-18.59.49:102][  0]LogConfig: Setting CVar [[r.DOF.Kernel.MaxBackgroundRadius:0.025]]
[2023.04.13-18.59.49:102][  0]LogConfig: Applying CVar settings from Section [TextureQuality@3] File [C:/Users/danie/Documents/Gamedev VR/game/UE4 game/fpsgame/Saved/Config/Windows/Scalability.ini]
[2023.04.13-18.59.49:102][  0]LogConfig: Setting CVar [[r.Streaming.MipBias:0]]
[2023.04.13-18.59.49:102][  0]LogConfig: Setting CVar [[r.Streaming.AmortizeCPUToGPUCopy:0]]
[2023.04.13-18.59.49:103][  0]LogConfig: Setting CVar [[r.Streaming.MaxNumTexturesToStreamPerFrame:0]]
[2023.04.13-18.59.49:103][  0]LogConfig: Setting CVar [[r.Streaming.Boost:1]]
[2023.04.13-18.59.49:103][  0]LogConfig: Setting CVar [[r.MaxAnisotropy:8]]
[2023.04.13-18.59.49:104][  0]LogConfig: Setting CVar [[r.VT.MaxAnisotropy:8]]
[2023.04.13-18.59.49:106][  0]LogConfig: Setting CVar [[r.Streaming.LimitPoolSizeToVRAM:0]]
[2023.04.13-18.59.49:106][  0]LogConfig: Setting CVar [[r.Streaming.PoolSize:1000]]
[2023.04.13-18.59.49:106][  0]LogConfig: Setting CVar [[r.Streaming.MaxEffectiveScreenSize:0]]
[2023.04.13-18.59.49:107][  0]LogConfig: Applying CVar settings from Section [EffectsQuality@3] File [C:/Users/danie/Documents/Gamedev VR/game/UE4 game/fpsgame/Saved/Config/Windows/Scalability.ini]
[2023.04.13-18.59.49:107][  0]LogConfig: Setting CVar [[r.TranslucencyLightingVolumeDim:64]]
[2023.04.13-18.59.49:108][  0]LogConfig: Setting CVar [[r.RefractionQuality:2]]
[2023.04.13-18.59.49:108][  0]LogConfig: Setting CVar [[r.SSR.Quality:3]]
[2023.04.13-18.59.49:108][  0]LogConfig: Setting CVar [[r.SSR.HalfResSceneColor:0]]
[2023.04.13-18.59.49:109][  0]LogConfig: Setting CVar [[r.SceneColorFormat:4]]
[2023.04.13-18.59.49:109][  0]LogConfig: Setting CVar [[r.DetailMode:2]]
[2023.04.13-18.59.49:109][  0]LogConfig: Setting CVar [[r.TranslucencyVolumeBlur:1]]
[2023.04.13-18.59.49:109][  0]LogConfig: Setting CVar [[r.MaterialQualityLevel:1 ; High quality]]
[2023.04.13-18.59.49:110][  0]LogConfig: Setting CVar [[r.AnisotropicMaterials:1]]
[2023.04.13-18.59.49:110][  0]LogConfig: Setting CVar [[r.SSS.Scale:1]]
[2023.04.13-18.59.49:110][  0]LogConfig: Setting CVar [[r.SSS.SampleSet:2]]
[2023.04.13-18.59.49:110][  0]LogConfig: Setting CVar [[r.SSS.Quality:1]]
[2023.04.13-18.59.49:111][  0]LogConfig: Setting CVar [[r.SSS.HalfRes:0]]
[2023.04.13-18.59.49:111][  0]LogConfig: Setting CVar [[r.SSGI.Quality:3]]
[2023.04.13-18.59.49:111][  0]LogConfig: Setting CVar [[r.EmitterSpawnRateScale:1.0]]
[2023.04.13-18.59.49:112][  0]LogConfig: Setting CVar [[r.ParticleLightQuality:2]]
[2023.04.13-18.59.49:112][  0]LogConfig: Setting CVar [[r.SkyAtmosphere.AerialPerspectiveLUT.FastApplyOnOpaque:1 ; Always have FastSkyLUT 1 in this case to avoid wrong sky]]
[2023.04.13-18.59.49:112][  0]LogConfig: Setting CVar [[r.SkyAtmosphere.AerialPerspectiveLUT.SampleCountMaxPerSlice:4]]
[2023.04.13-18.59.49:113][  0]LogConfig: Setting CVar [[r.SkyAtmosphere.AerialPerspectiveLUT.DepthResolution:16.0]]
[2023.04.13-18.59.49:113][  0]LogConfig: Setting CVar [[r.SkyAtmosphere.FastSkyLUT:1]]
[2023.04.13-18.59.49:113][  0]LogConfig: Setting CVar [[r.SkyAtmosphere.FastSkyLUT.SampleCountMin:4.0]]
[2023.04.13-18.59.49:114][  0]LogConfig: Setting CVar [[r.SkyAtmosphere.FastSkyLUT.SampleCountMax:128.0]]
[2023.04.13-18.59.49:114][  0]LogConfig: Setting CVar [[r.SkyAtmosphere.SampleCountMin:4.0]]
[2023.04.13-18.59.49:114][  0]LogConfig: Setting CVar [[r.SkyAtmosphere.SampleCountMax:128.0]]
[2023.04.13-18.59.49:115][  0]LogConfig: Setting CVar [[r.SkyAtmosphere.TransmittanceLUT.UseSmallFormat:0]]
[2023.04.13-18.59.49:115][  0]LogConfig: Setting CVar [[r.SkyAtmosphere.TransmittanceLUT.SampleCount:10.0]]
[2023.04.13-18.59.49:115][  0]LogConfig: Setting CVar [[r.SkyAtmosphere.MultiScatteringLUT.SampleCount:15.0]]
[2023.04.13-18.59.49:115][  0]LogConfig: Setting CVar [[r.SkyLight.RealTimeReflectionCapture:1]]
[2023.04.13-18.59.49:116][  0]LogConfig: Applying CVar settings from Section [FoliageQuality@3] File [C:/Users/danie/Documents/Gamedev VR/game/UE4 game/fpsgame/Saved/Config/Windows/Scalability.ini]
[2023.04.13-18.59.49:116][  0]LogConfig: Setting CVar [[foliage.DensityScale:1.0]]
[2023.04.13-18.59.49:116][  0]LogConfig: Setting CVar [[grass.DensityScale:1.0]]
[2023.04.13-18.59.49:116][  0]LogConfig: Applying CVar settings from Section [ShadingQuality@3] File [C:/Users/danie/Documents/Gamedev VR/game/UE4 game/fpsgame/Saved/Config/Windows/Scalability.ini]
[2023.04.13-18.59.49:117][  0]LogConfig: Setting CVar [[r.HairStrands.SkyLighting.IntegrationType:2]]
[2023.04.13-18.59.49:117][  0]LogConfig: Setting CVar [[r.HairStrands.SkyAO.SampleCount:4]]
[2023.04.13-18.59.49:117][  0]LogConfig: Setting CVar [[r.HairStrands.Visibility.MSAA.SamplePerPixel:4]]
[2023.04.13-18.59.49:118][  0]LogConfig: Applying CVar settings from Section [Startup] File [../../../Engine/Config/ConsoleVariables.ini]
[2023.04.13-18.59.49:118][  0]LogConfig: Setting CVar [[net.UseAdaptiveNetUpdateFrequency:0]]
[2023.04.13-18.59.49:118][  0]LogConfig: Setting CVar [[p.chaos.AllowCreatePhysxBodies:1]]
[2023.04.13-18.59.49:119][  0]LogConfig: Setting CVar [[fx.SkipVectorVMBackendOptimizations:1]]
[2023.04.13-18.59.49:119][  0]LogConfig: Applying CVar settings from Section [ConsoleVariables] File [C:/Users/danie/Documents/Gamedev VR/game/UE4 game/fpsgame/Saved/Config/Windows/Engine.ini]
[2023.04.13-18.59.49:119][  0]LogConfig: Applying CVar settings from Section [ConsoleVariables] File [C:/Users/danie/Documents/Gamedev VR/game/UE4 game/fpsgame/Saved/Config/Windows/Editor.ini]
[2023.04.13-18.59.49:119][  0]LogInit: Computer: DESKTOP-QG36584
[2023.04.13-18.59.49:120][  0]LogInit: User: danie
[2023.04.13-18.59.49:122][  0]LogInit: CPU Page size=4096, Cores=6
[2023.04.13-18.59.49:123][  0]LogInit: High frequency timer resolution =10.000000 MHz
[2023.04.13-18.59.49:124][  0]LogMemory: Memory total: Physical=16.0GB (16GB approx)
[2023.04.13-18.59.49:124][  0]LogMemory: Platform Memory Stats for Windows
[2023.04.13-18.59.49:124][  0]LogMemory: Process Physical Memory: 137.75 MB used, 137.75 MB peak
[2023.04.13-18.59.49:125][  0]LogMemory: Process Virtual Memory: 119.52 MB used, 119.52 MB peak
[2023.04.13-18.59.49:125][  0]LogMemory: Physical Memory: 10163.48 MB used,  6171.29 MB free, 16334.77 MB total
[2023.04.13-18.59.49:125][  0]LogMemory: Virtual Memory: 134214824.00 MB used,  2901.48 MB free, 134217728.00 MB total
[2023.04.13-18.59.49:128][  0]LogWindows: WindowsPlatformFeatures disabled or dedicated server build
[2023.04.13-18.59.49:138][  0]LogInit: Physics initialised using underlying interface: PhysX
[2023.04.13-18.59.49:139][  0]LogInit: Using OS detected language (en-US).
[2023.04.13-18.59.49:139][  0]LogInit: Using OS detected locale (en-GB).
[2023.04.13-18.59.49:142][  0]LogTextLocalizationManager: No specific localization for 'en-US' exists, so the 'en' localization will be used.
[2023.04.13-18.59.49:541][  0]LogTargetPlatformManager: Display: Loaded TargetPlatform 'WindowsNoEditor'
[2023.04.13-18.59.49:544][  0]LogTargetPlatformManager: Display: Loaded TargetPlatform 'Windows'
[2023.04.13-18.59.49:546][  0]LogTargetPlatformManager: Display: Loaded TargetPlatform 'WindowsClient'
[2023.04.13-18.59.49:549][  0]LogTargetPlatformManager: Display: Loaded TargetPlatform 'WindowsServer'
[2023.04.13-18.59.49:549][  0]LogTargetPlatformManager: Display: Building Assets For Windows
[2023.04.13-18.59.49:553][  0]LogAudioDebug: Display: Lib vorbis DLL was dynamically loaded.
[2023.04.13-18.59.49:568][  0]LogTextureFormatOodle: Display: Oodle Texture 2.9.0 init RDO Off
[2023.04.13-18.59.49:580][  0]LogRendererCore: Ray tracing is disabled. Reason: r.RayTracing=0.
[2023.04.13-18.59.49:580][  0]LogShaderCompilers: Guid format shader working directory is -26 characters bigger than the processId version (../../../../../../Users/danie/Documents/Gamedev VR/game/UE4 game/fpsgame/Intermediate/Shaders/WorkingDirectory/6164/).
[2023.04.13-18.59.49:581][  0]LogShaderCompilers: Cleaned the shader compiler working directory 'C:/Users/danie/AppData/Local/Temp/UnrealShaderWorkingDir/B48ADA5A4213095B608E9CB2562AECD6/'.
[2023.04.13-18.59.49:581][  0]LogXGEController: Cannot use XGE Controller as Incredibuild is not installed on this machine.
[2023.04.13-18.59.49:581][  0]LogShaderCompilers: Cannot use XGE Shader Compiler as Incredibuild is not installed on this machine.
[2023.04.13-18.59.49:582][  0]LogShaderCompilers: Display: Using Local Shader Compiler.
[2023.04.13-18.59.50:038][  0]LogDerivedDataCache: Display: Max Cache Size: 512 MB
[2023.04.13-18.59.50:084][  0]LogDerivedDataCache: Loaded boot cache 0.04s 94MB C:/Users/danie/AppData/Local/UnrealEngine/4.27/DerivedDataCache/Boot.ddc.
[2023.04.13-18.59.50:084][  0]LogDerivedDataCache: Display: Loaded Boot cache: C:/Users/danie/AppData/Local/UnrealEngine/4.27/DerivedDataCache/Boot.ddc
[2023.04.13-18.59.50:085][  0]LogDerivedDataCache: FDerivedDataBackendGraph:  Pak pak cache file ../../../../../../Users/danie/Documents/Gamedev VR/game/UE4 game/fpsgame/DerivedDataCache/DDC.ddp not found, will not use a pak cache.
[2023.04.13-18.59.50:085][  0]LogDerivedDataCache: Unable to find inner node Pak for hierarchical cache Hierarchy.
[2023.04.13-18.59.50:085][  0]LogDerivedDataCache: FDerivedDataBackendGraph:  CompressedPak pak cache file ../../../../../../Users/danie/Documents/Gamedev VR/game/UE4 game/fpsgame/DerivedDataCache/Compressed.ddp not found, will not use a pak cache.
[2023.04.13-18.59.50:085][  0]LogDerivedDataCache: Unable to find inner node CompressedPak for hierarchical cache Hierarchy.
[2023.04.13-18.59.50:103][  0]LogDerivedDataCache: Display: Pak cache opened for reading ../../../Engine/DerivedDataCache/Compressed.ddp.
[2023.04.13-18.59.50:103][  0]LogDerivedDataCache: FDerivedDataBackendGraph:  EnterprisePak pak cache file ../../../Enterprise/DerivedDataCache/Compressed.ddp not found, will not use a pak cache.
[2023.04.13-18.59.50:103][  0]LogDerivedDataCache: Unable to find inner node EnterprisePak for hierarchical cache Hierarchy.
[2023.04.13-18.59.50:110][  0]LogDerivedDataCache: Speed tests for C:/Users/danie/AppData/Local/UnrealEngine/Common/DerivedDataCache took 0.01 seconds
[2023.04.13-18.59.50:110][  0]LogDerivedDataCache: Display: Performance to C:/Users/danie/AppData/Local/UnrealEngine/Common/DerivedDataCache: Latency=0.03ms. RandomReadSpeed=1688.81MBs, RandomWriteSpeed=178.89MBs. Assigned SpeedClass 'Local'
[2023.04.13-18.59.50:111][  0]LogDerivedDataCache: Using Local data cache path C:/Users/danie/AppData/Local/UnrealEngine/Common/DerivedDataCache: Writable
[2023.04.13-18.59.50:111][  0]LogDerivedDataCache: Shared data cache path not found in *engine.ini, will not use an Shared cache.
[2023.04.13-18.59.50:111][  0]LogDerivedDataCache: Unable to find inner node Shared for hierarchical cache Hierarchy.
[2023.04.13-18.59.50:113][  0]LogInit: Using OS detected language (en-US).
[2023.04.13-18.59.50:113][  0]LogInit: Using OS detected locale (en-GB).
[2023.04.13-18.59.50:114][  0]LogTextLocalizationManager: No localization for 'en-US' exists, so 'en' will be used for the language.
[2023.04.13-18.59.50:114][  0]LogTextLocalizationManager: No localization for 'en-GB' exists, so 'en' will be used for the locale.
[2023.04.13-18.59.50:118][  0]LogTextLocalizationManager: Compacting localization data took   0.01ms
[2023.04.13-18.59.50:119][  0]LogAssetRegistry: FAssetRegistry took 0.0019 seconds to start up
[2023.04.13-18.59.50:261][  0]LogPackageLocalizationCache: Processed 27 localized package path(s) for 1 prioritized culture(s) in 0.001101 seconds
[2023.04.13-18.59.50:340][  0]LogInit: Selected Device Profile: [Windows]
[2023.04.13-18.59.50:340][  0]LogInit: Active device profile: [000001D4D7AC0500][000001D4D70FF8C0 49] Windows
[2023.04.13-18.59.50:341][  0]LogInit: Profiles: [000001D4D7AC0500][000001D4D70FF8C0 49] Windows, [000001D4D7A97600][000001D4D710DB80 49] WindowsNoEditor, [000001D4D7A94100][000001D4D7102280 49] WindowsServer, [000001D4D7AC3000][000001D4D7110500 49] WindowsClient, [000001D4D7AC0200][000001D4D71187C0 49] IOS, [000001D4D7AABD00][000001D4D711CA80 49] iPadAir, [000001D4D7AC3A00][000001D4D7120D40 49] iPadAir2, [000001D4D7A44200][000001D4D713B280 49] IPadPro, [000001D4D7A3FF00][000001D4D71252C0 49] iPadAir3, [000001D4D7A95000][000001D4D7133580 49] iPadAir4, [000001D4D7A3C500][000001D4D712F840 49] iPadMini2, [000001D4D7A94200][000001D4D7137B00 49] iPadMini3, [000001D4D7A3D200][000001D4D7144240 49] iPadMini4, [000001D4D7A97800][000001D4D71144C0 49] iPadMini5, [000001D4D7AA9600][000001D4D715C9C0 49] iPhone6, [000001D4D7AA9700][000001D4D7148A00 49] iPodTouch6, [000001D4D7A3E100][000001D4D7164F40 49] iPhone7, [000001D4D7A3E200][000001D4D7154F80 49] iPodTouch7, [000001D4D7AAA600][000001D4D7159240 49] iPhone5S, [000001D4D7A3F100][000001D4D7151500 49] iPhone6Plus, [000001D4D7AABB00][000001D4D71617C0 49] iPhone6S, [000001D4D7A3EB00][000001D4D7169A80 49] iPhone6SPlus, [000001D4D7AA8A00][000001D4D716C1C0 49] iPhone7Plus, [000001D4D7A3EF00][000001D4D7170480 49] iPhoneSE, [000001D4D7AA9000][000001D4D714C700 49] iPhone8, [000001D4D7A3FC00][000001D4D7174980 49] iPhone8Plus, [000001D4D7AAB200][000001D4D717CC40 49] iPhoneX, [000001D4D7A3EC00][000001D4D7180F00 49] iPhoneXS, [000001D4D7AAAB00][000001D4D71851C0 49] iPhoneXSMax, [000001D4D7A3E900][000001D4D7189480 49] iPhoneXR, [000001D4D7AAAF00][000001D4D718D740 49] iPhone11, [000001D4D7A3CA00][000001D4D7191A00 49] iPhone11Pro, [000001D4D7AABE00][000001D4D7194140 49] iPhone11ProMax, [000001D4D7A3D400][000001D4D7198400 49] iPhoneSE2, [000001D4D7AABF00][000001D4D719C6C0 49] iPhone12Mini, [000001D4D7A3FD00][000001D4D7178940 49] iPhone12, [000001D4D7AA9200][000001D4D71A0BC0 49] iPhone12Pro, [000001D4D7A3F500][000001D4D71A8E80 49] iPhone12ProMax, [000001D4D7AA8200][000001D4D71AD140 49] iPadPro105, [000001D4D7A3DA00][000001D4D71B1400 49] iPadPro129, [000001D4D7AA8D00][000001D4D71B56C0 49] iPadPro97, [000001D4D7A3C900][000001D4D71B9980 49] iPadPro2_129, [000001D4D7AA9A00][000001D4D71BC0C0 49] iPad5, [000001D4D7A3DC00][000001D4D6AB2380 49] iPad6, [000001D4D7AAB900][000001D4D6AB6640 49] iPad7, [000001D4D7A3E600][000001D4D6ABA900 49] iPad8, [000001D4D7AAB000][000001D4D71A4B80 49] iPadPro11, [000001D4D7A3D500][000001D4D6ABEE00 49] iPadPro2_11, [000001D4D7AAA100][000001D4D6AC70C0 49] iPadPro3_129, [000001D4D7A3DD00][000001D4D6ACB380 49] iPadPro4_129, [000001D4D7AAA400][000001D4D6ACF640 49] AppleTV, [000001D4D7A3EE00][000001D4D6AD3900 49] AppleTV4K, [000001D4D7AA8500][000001D4D6AD7BC0 49] TVOS, [000001D4D7A3FA00][000001D4D6ADA300 49] Mac, [000001D4D7AAA900][000001D4D6ADE5C0 49] MacClient, [000001D4D7A3D700][000001D4D6AE2880 49] MacNoEditor, [000001D4D7AA9100][000001D4D6AE6B40 49] MacServer, [000001D4D7A3FB00][000001D4D6AC2DC0 49] Linux, [000001D4D7AA8600][000001D4D6AEB040 49] LinuxAArch64, [000001D4D7A3C400][000001D4D6AF3300 49] LinuxNoEditor, [000001D4D7AAA200][000001D4D6AF75C0 49] LinuxAArch64NoEditor, [000001D4D7AC0100][000001D4D6AFB880 49] LinuxClient, [000001D4D7A44700][000001D4D6AFFB40 49] LinuxAArch64Client, [000001D4D7AC1900][000001D4D6B02280 49] LinuxServer, [000001D4D7A44A00][000001D4D6B06540 49] LinuxAArch64Server, [000001D4D7AC2D00][000001D4D6B0A800 49] Android, [000001D4D7A45400][000001D4D6B0EAC0 49] Android_Low, [000001D4D7AC1100][000001D4D6B12D80 49] Android_Mid, [000001D4D7A44E00][000001D4D6AEF000 49] Android_High, [000001D4D7AC0800][000001D4D6B1B2C0 49] Android_Default, [000001D4D7A46600][000001D4D6B1F580 49] Android_Adreno4xx, [000001D4D7AC1400][000001D4D6B23840 49] Android_Adreno5xx_Low, [000001D4D7A46400][000001D4D6B27B00 49] Android_Adreno5xx, [000001D4D7AC0700][000001D4D6B2A240 49] Android_Adreno6xx, [000001D4D7A46C00][000001D4D6B2E500 49] Android_Adreno6xx_Vulkan, [000001D4D7AC3B00][000001D4D6B327C0 49] Android_Mali_T6xx, [000001D4D7A44500][000001D4D6B36A80 49] Android_Mali_T7xx, [000001D4D7AC0300][000001D4D6B3AD40 49] Android_Mali_T8xx, [000001D4D7A47000][000001D4D6B16FC0 49] Android_Mali_G71, [000001D4D7AC2900][000001D4D6B3F240 49] Android_Mali_G72, [000001D4D7A46500][000001D4D6B47500 49] Android_Mali_G72_Vulkan, [000001D4D7AC1B00][000001D4D6B4B7C0 49] Android_Mali_G76, [000001D4D7A47100][000001D4D6B4FA80 49] Android_Mali_G76_Vulkan, [000001D4D7AC1E00][000001D4D6B521C0 49] Android_Mali_G77, [000001D4D7A47B00][000001D4D6B56480 49] Android_Mali_G77_Vulkan, [000001D4D7AC3C00][000001D4D6B5A740 49] Android_Mali_G78, [000001D4D7A47F00][000001D4D6B5EA00 49] Android_Mali_G78_Vulkan, [000001D4D7AC2400][000001D4D6B62CC0 49] Android_Mali_G710, [000001D4D7A45300][000001D4D6B66F80 49] Android_Mali_G710_Vulkan, [000001D4D7AC3100][000001D4D6B43200 49] Android_Vulkan_SM5, [000001D4D7A3E400][000001D4D6B6B480 49] Android_PowerVR_G6xxx, [000001D4D7AC1D00][000001D4D6B73740 49] Android_PowerVR_GT7xxx, [000001D4D7A3C100][000001D4D6B77A00 49] Android_PowerVR_GE8xxx, [000001D4D7AC3200][000001D4D6B7A140 49] Android_PowerVR_GM9xxx, [000001D4D7A3C300][000001D4D6B7E400 49] Android_PowerVR_GM9xxx_Vulkan, [000001D4D7AC3300][000001D4D6B826C0 49] Android_TegraK1, [000001D4D7A3D600][000001D4D6B86980 49] Android_Unknown_Vulkan, [000001D4D7AC2000][000001D4D6B8AC40 49] Lumin, [000001D4D7A3CB00][000001D4D6B8EF00 49] Lumin_Desktop, [000001D4D7AC0D00][000001D4D6B931C0 49] HoloLens, 
[2023.04.13-18.59.50:359][  0]LogMeshReduction: Using QuadricMeshReduction for automatic static mesh reduction
[2023.04.13-18.59.50:359][  0]LogMeshReduction: Using SimplygonMeshReduction for automatic skeletal mesh reduction
[2023.04.13-18.59.50:359][  0]LogMeshReduction: Using ProxyLODMeshReduction for automatic mesh merging
[2023.04.13-18.59.50:359][  0]LogMeshReduction: No distributed automatic mesh merging module available
[2023.04.13-18.59.50:360][  0]LogMeshMerging: No distributed automatic mesh merging module available
[2023.04.13-18.59.50:370][  0]LogNetVersion: fpsgame 1.0.0, NetCL: 17155196, EngineNetVer: 17, GameNetVer: 0 (Checksum: 3215450660)
[2023.04.13-18.59.50:455][  0]LogTexture: Default maximum texture size for cubemaps generated from long-lat sources has been changed from 512 to unlimited. In order to preserve old behaiour for '/Engine/MapTemplates/Sky/DaylightAmbientCubemap.DaylightAmbientCubemap', its maximum texture size has been explicitly set to 512.
[2023.04.13-18.59.50:469][  0]LogHMD: PokeAHoleMaterial loaded successfully
[2023.04.13-18.59.50:527][  0]LogPython: Using Python 3.7.7
[2023.04.13-18.59.50:898][  0]LogNiagaraDebuggerClient: Niagara Debugger Client Initialized | Session: 5D63EDED4092C34ED5C08EB4103E8CA8 | Instance: EA329F5E401DF1C46A4EA794A9FA71F9 (DESKTOP-QG36584-6164).
[2023.04.13-18.59.50:911][  0]LogCollectionManager: Loaded 0 collections in 0.001701 seconds
[2023.04.13-18.59.50:913][  0]LogFileCache: Scanning file cache for directory 'C:/Users/danie/Documents/Gamedev VR/game/UE4 game/fpsgame/Saved/Collections/' took 0.00s
[2023.04.13-18.59.50:913][  0]LogFileCache: Scanning file cache for directory 'C:/Users/danie/Documents/Gamedev VR/game/UE4 game/fpsgame/Content/Developers/danie/Collections/' took 0.00s
[2023.04.13-18.59.50:914][  0]LogFileCache: Scanning file cache for directory 'C:/Users/danie/Documents/Gamedev VR/game/UE4 game/fpsgame/Content/Collections/' took 0.00s
[2023.04.13-18.59.50:914][  0]LogCollectionManager: Fixed up redirectors for 0 collections in 0.000002 seconds (updated 0 objects)
[2023.04.13-18.59.50:980][  0]LogTcpMessaging: Initializing TcpMessaging bridge
[2023.04.13-18.59.50:983][  0]LogUdpMessaging: Initializing bridge on interface 0.0.0.0:0 to multicast group 230.0.0.1:6666.
[2023.04.13-18.59.51:012][  0]LogPython: Warning: 'AttachmentType' and 'EAttachmentType' have the same name (AttachmentType) when exposed to Python. Rename one of them using 'ScriptName' meta-data.
[2023.04.13-18.59.51:042][  0]SourceControl: Source control is disabled
[2023.04.13-18.59.51:043][  0]SourceControl: Source control is disabled
[2023.04.13-18.59.51:044][  0]SourceControl: Source control is disabled
[2023.04.13-18.59.51:046][  0]LogUProjectInfo: Found projects:
[2023.04.13-18.59.51:078][  0]LogOpenImageDenoise: OIDN starting up
[2023.04.13-18.59.51:094][  0]LogAndroidPermission: UAndroidPermissionCallbackProxy::GetInstance
[2023.04.13-18.59.51:102][  0]LogAudioCaptureCore: Display: No Audio Capture implementations found. Audio input will be silent.
[2023.04.13-18.59.51:102][  0]LogAudioCaptureCore: Display: No Audio Capture implementations found. Audio input will be silent.
[2023.04.13-18.59.51:148][  0]LogOcInput: OculusInput pre-init called
[2023.04.13-18.59.51:157][  0]LogUObjectArray: 22090 objects as part of root set at end of initial load.
[2023.04.13-18.59.51:157][  0]LogUObjectAllocator: 5978720 out of 0 bytes used by permanent object pool.
[2023.04.13-18.59.51:157][  0]LogUObjectArray: CloseDisregardForGC: 0/0 objects in disregard for GC pool
[2023.04.13-18.59.51:191][  0]LogClass: Display: StructProperty FRewindDataStruct::SnapshotPosition is not initialized properly. Module:fpsgame File:RewindComponent.h
[2023.04.13-18.59.51:191][  0]LogClass: Display: StructProperty FRewindDataStruct::SnapshotRotation is not initialized properly. Module:fpsgame File:RewindComponent.h
[2023.04.13-18.59.51:192][  0]LogClass: Display: StructProperty FRewindDataStruct::SnapshotScale is not initialized properly. Module:fpsgame File:RewindComponent.h
[2023.04.13-18.59.51:193][  0]LogClass: Display: StructProperty FWeaponAttachmentSocketStruct::SightAttachmentPoint is not initialized properly. Module:fpsgame File:WeaponActor.h
[2023.04.13-18.59.51:193][  0]LogClass: Display: BoolProperty FWeaponRecoil::bHasRecoil is not initialized properly. Module:fpsgame File:WeaponActor.h
[2023.04.13-18.59.51:193][  0]LogClass: Display: BoolProperty FWeaponRecoil::bUsesControlRotationForHipfireRecoil is not initialized properly. Module:fpsgame File:WeaponActor.h
[2023.04.13-18.59.51:193][  0]LogClass: Warning: ObjectProperty FWeaponRecoil::RecoilVectorCurve is not initialized properly. Module:fpsgame File:WeaponActor.h
[2023.04.13-18.59.51:194][  0]LogClass: Display: FloatProperty FWeaponRecoil::RecoveryTime is not initialized properly. Module:fpsgame File:WeaponActor.h
[2023.04.13-18.59.51:194][  0]LogClass: Display: FloatProperty FWeaponStats::MaxRange is not initialized properly. Module:fpsgame File:WeaponActor.h
[2023.04.13-18.59.51:194][  0]LogClass: Display: FloatProperty FWeaponStats::FireRate is not initialized properly. Module:fpsgame File:WeaponActor.h
[2023.04.13-18.59.51:194][  0]LogClass: Display: IntProperty FWeaponStats::CartridgeBullets is not initialized properly. Module:fpsgame File:WeaponActor.h
[2023.04.13-18.59.51:195][  0]LogClass: Display: IntProperty FWeaponStats::BurstNumber is not initialized properly. Module:fpsgame File:WeaponActor.h
[2023.04.13-18.59.51:196][  0]LogClass: Display: FloatProperty FWeaponStats::BurstFireRate is not initialized properly. Module:fpsgame File:WeaponActor.h
[2023.04.13-18.59.51:196][  0]LogClass: Display: IntProperty FWeaponStats::MaxMagSize is not initialized properly. Module:fpsgame File:WeaponActor.h
[2023.04.13-18.59.51:196][  0]LogClass: Display: FloatProperty FWeaponStats::BaseDamageTorso is not initialized properly. Module:fpsgame File:WeaponActor.h
[2023.04.13-18.59.51:197][  0]LogClass: Display: FloatProperty FWeaponStats::BaseDamageHead is not initialized properly. Module:fpsgame File:WeaponActor.h
[2023.04.13-18.59.51:197][  0]LogClass: Display: FloatProperty FWeaponStats::BaseDamageLegs is not initialized properly. Module:fpsgame File:WeaponActor.h
[2023.04.13-18.59.51:197][  0]LogClass: Display: FloatProperty FWeaponStats::BaseHipfireSpreadAngleInDegrees is not initialized properly. Module:fpsgame File:WeaponActor.h
[2023.04.13-18.59.51:197][  0]LogClass: Display: FloatProperty FWeaponStats::BaseMovementSpreadMultiplier is not initialized properly. Module:fpsgame File:WeaponActor.h
[2023.04.13-18.59.51:198][  0]LogClass: Display: EnumProperty FWeaponMetaData::GunModel is not initialized properly. Module:fpsgame File:WeaponActor.h
[2023.04.13-18.59.51:198][  0]LogClass: Display: EnumProperty FWeaponMetaData::WAWeaponType is not initialized properly. Module:fpsgame File:WeaponActor.h
[2023.04.13-18.59.51:198][  0]LogClass: Display: EnumProperty FWeaponMetaData::WAWeaponFireType is not initialized properly. Module:fpsgame File:WeaponActor.h
[2023.04.13-18.59.51:198][  0]LogClass: Display: EnumProperty FWeaponMetaData::WAWeaponHitDetectionType is not initialized properly. Module:fpsgame File:WeaponActor.h
[2023.04.13-18.59.51:199][  0]LogClass: Display: EnumProperty FWeaponMetaData::TypeOfEquip is not initialized properly. Module:fpsgame File:WeaponActor.h
[2023.04.13-18.59.51:199][  0]LogClass: Warning: ObjectProperty FWeaponVisualAssets::GunMesh is not initialized properly. Module:fpsgame File:WeaponActor.h
[2023.04.13-18.59.51:200][  0]LogClass: Warning: ObjectProperty FWeaponVisualAssets::TracerEffect is not initialized properly. Module:fpsgame File:WeaponActor.h
[2023.04.13-18.59.51:200][  0]LogClass: Warning: ObjectProperty FWeaponVisualAssets::MuzzleFlash is not initialized properly. Module:fpsgame File:WeaponActor.h
[2023.04.13-18.59.51:200][  0]LogClass: Display: StructProperty FWeaponPositionalDetails::BasePosition is not initialized properly. Module:fpsgame File:WeaponActor.h
[2023.04.13-18.59.51:200][  0]LogClass: Display: StructProperty FWeaponPositionalDetails::BaseRotation is not initialized properly. Module:fpsgame File:WeaponActor.h
[2023.04.13-18.59.51:201][  0]LogClass: Display: StructProperty FWeaponPositionalDetails::BaseScale is not initialized properly. Module:fpsgame File:WeaponActor.h
[2023.04.13-18.59.51:201][  0]LogClass: Display: StructProperty FWeaponPositionalDetails::TPBaseScale is not initialized properly. Module:fpsgame File:WeaponActor.h
[2023.04.13-18.59.51:201][  0]LogClass: Display: StructProperty FWeaponPositionalDetails::TPBaseRotation is not initialized properly. Module:fpsgame File:WeaponActor.h
[2023.04.13-18.59.51:202][  0]LogClass: Display: StructProperty FWeaponPositionalDetails::TPBasePosition is not initialized properly. Module:fpsgame File:WeaponActor.h
[2023.04.13-18.59.51:202][  0]LogClass: Display: StructProperty FWeaponPositionalDetails::MuzzlePosition is not initialized properly. Module:fpsgame File:WeaponActor.h
[2023.04.13-18.59.51:202][  0]LogClass: Display: 34 Uninitialized script struct members found including 4 object properties
[2023.04.13-18.59.51:203][  0]LogAutomationTest: Warning: ObjectProperty FWeaponRecoil::RecoilVectorCurve is not initialized properly. Module:fpsgame File:WeaponActor.h
[2023.04.13-18.59.51:203][  0]LogAutomationTest: Warning: ObjectProperty FWeaponVisualAssets::GunMesh is not initialized properly. Module:fpsgame File:WeaponActor.h
[2023.04.13-18.59.51:204][  0]LogAutomationTest: Warning: ObjectProperty FWeaponVisualAssets::TracerEffect is not initialized properly. Module:fpsgame File:WeaponActor.h
[2023.04.13-18.59.51:204][  0]LogAutomationTest: Warning: ObjectProperty FWeaponVisualAssets::MuzzleFlash is not initialized properly. Module:fpsgame File:WeaponActor.h
[2023.04.13-18.59.51:205][  0]LogEngine: Initializing Engine...
[2023.04.13-18.59.51:206][  0]LogStats: UGameplayTagsManager::InitializeManager -  0.000 s
[2023.04.13-18.59.51:217][  0]LogInit: Initializing FReadOnlyCVARCache
[2023.04.13-18.59.51:218][  0]LogNetVersion: Set ProjectVersion to 1.0.0.0. Version Checksum will be recalculated on next use.
[2023.04.13-18.59.51:224][  0]LogInit: Texture streaming: Disabled
[2023.04.13-18.59.51:247][  0]LogInit: Display: Game Engine Initialized.
[2023.04.13-18.59.51:247][  0]LogNiagaraEditor: GEditor isn't valid! Particle reset commands will not work for Niagara components!
[2023.04.13-18.59.51:275][  0]LogInit: Display: Starting Game.
[2023.04.13-18.59.51:275][  0]LogNet: Browse: /Game/Maps/TestMap?Name=Player
[2023.04.13-18.59.51:279][  0]LogLoad: LoadMap: /Game/Maps/TestMap?Name=Player
[2023.04.13-18.59.51:283][  0]LogWorld: BeginTearingDown for /Temp/Untitled_0
[2023.04.13-18.59.51:285][  0]LogWorld: UWorld::CleanupWorld for Untitled, bSessionEnded=true, bCleanupResources=true
[2023.04.13-18.59.51:293][  0]LogUObjectHash: Compacting FUObjectHashTables data took   0.93ms
[2023.04.13-18.59.51:609][  0]LogAIModule: Creating AISystem for world TestMap
[2023.04.13-18.59.51:609][  0]LogLoad: Game class is 'BP_FPSGameModeDefault_C'
[2023.04.13-18.59.51:610][  0]LogNet: PktLoss set to 0
[2023.04.13-18.59.51:610][  0]LogNet: PktLagMin set to 0
[2023.04.13-18.59.51:611][  0]LogNet: PktLagMax set to 0
[2023.04.13-18.59.51:611][  0]LogNet: PktIncomingLagMin set to 0
[2023.04.13-18.59.51:611][  0]LogNet: PktIncomingLagMax set to 0
[2023.04.13-18.59.51:612][  0]LogNet: PktIncomingLoss set to 0
[2023.04.13-18.59.51:612][  0]LogNet: PktLoss set to 0
[2023.04.13-18.59.51:613][  0]LogNet: PktLagMin set to 0
[2023.04.13-18.59.51:613][  0]LogNet: PktLagMax set to 0
[2023.04.13-18.59.51:613][  0]LogNet: PktIncomingLagMin set to 0
[2023.04.13-18.59.51:614][  0]LogNet: PktIncomingLagMax set to 0
[2023.04.13-18.59.51:614][  0]LogNet: PktIncomingLoss set to 0
[2023.04.13-18.59.51:614][  0]LogNet: PktLoss set to 0
[2023.04.13-18.59.51:615][  0]LogNet: PktLagMin set to 0
[2023.04.13-18.59.51:615][  0]LogNet: PktLagMax set to 0
[2023.04.13-18.59.51:615][  0]LogNet: PktIncomingLagMin set to 0
[2023.04.13-18.59.51:616][  0]LogNet: PktIncomingLagMax set to 0
[2023.04.13-18.59.51:616][  0]LogNet: PktIncomingLoss set to 0
[2023.04.13-18.59.51:616][  0]LogNet: ReplicationDriverClass is null! Not using ReplicationDriver.
[2023.04.13-18.59.51:617][  0]LogNetCore: DDoS detection status: detection enabled: 0 analytics enabled: 0
[2023.04.13-18.59.51:617][  0]LogInit: WinSock: Socket queue. Rx: 131072 (config 131072) Tx: 131072 (config 131072)
[2023.04.13-18.59.51:617][  0]LogNet: Created socket for bind address: 0.0.0.0 on port 17777
[2023.04.13-18.59.51:618][  0]PacketHandlerLog: Loaded PacketHandler component: Engine.EngineHandlerComponentFactory (StatelessConnectHandlerComponent)
[2023.04.13-18.59.51:618][  0]LogNet: GameNetDriver IpNetDriver_0 IpNetDriver listening on port 17777
[2023.04.13-18.59.51:619][  0]LogWorld: Bringing World /Game/Maps/TestMap.TestMap up for play (max tick rate 30) at 2023.04.13-19.59.51
[2023.04.13-18.59.51:620][  0]LogWorld: Bringing up level for play took: 0.001294
[2023.04.13-18.59.51:620][  0]LogGameMode: Display: Match State Changed from EnteringMap to WaitingToStart
[2023.04.13-18.59.51:620][  0]LogGameState: Match State Changed from EnteringMap to WaitingToStart
[2023.04.13-18.59.51:621][  0]LogLoad: Took 0.341200 seconds to LoadMap(/Game/Maps/TestMap)
[2023.04.13-18.59.51:625][  0]LogInit: Display: Engine is initialized. Leaving FEngineLoop::Init()
[2023.04.13-18.59.51:625][  0]LogLoad: (Engine Initialization) Total time: 4.81 seconds
[2023.04.13-18.59.51:626][  0]LogLoad: (Engine Initialization) Total Blueprint compile time: 0.00 seconds
[2023.04.13-18.59.51:726][  2]LogNet: NotifyAcceptingConnection accepted from: 127.0.0.1:51383
[2023.04.13-18.59.51:726][  2]LogHandshake: SendConnectChallenge. Timestamp: 0.099393, Cookie: 126166007172020137250150255098083151221049235198205254195027
[2023.04.13-18.59.51:759][  3]LogNet: NotifyAcceptingConnection accepted from: 127.0.0.1:51383
[2023.04.13-18.59.51:759][  3]LogHandshake: SendChallengeAck. InCookie: 126166007172020137250150255098083151221049235198205254195027
[2023.04.13-18.59.51:759][  3]LogNet: Server accepting post-challenge connection from: 127.0.0.1:51383
[2023.04.13-18.59.51:760][  3]PacketHandlerLog: Loaded PacketHandler component: Engine.EngineHandlerComponentFactory (StatelessConnectHandlerComponent)
[2023.04.13-18.59.51:760][  3]LogNet: NotifyAcceptedConnection: Name: TestMap, TimeStamp: 04/13/23 19:59:51, [UNetConnection] RemoteAddr: 127.0.0.1:51383, Name: IpConnection_0, Driver: GameNetDriver IpNetDriver_0, IsServer: YES, PC: NULL, Owner: NULL, UniqueId: INVALID
[2023.04.13-18.59.51:760][  3]LogNet: AddClientConnection: Added client connection: [UNetConnection] RemoteAddr: 127.0.0.1:51383, Name: IpConnection_0, Driver: GameNetDriver IpNetDriver_0, IsServer: YES, PC: NULL, Owner: NULL, UniqueId: INVALID
[2023.04.13-18.59.51:792][  4]LogNet: NotifyAcceptingChannel Control 0 server World /Game/Maps/TestMap.TestMap: Accepted
[2023.04.13-18.59.51:792][  4]LogNet: Remote platform little endian=1
[2023.04.13-18.59.51:793][  4]LogNet: This platform little endian=1
[2023.04.13-18.59.51:793][  4]LogNetVersion: fpsgame 1.0.0.0, NetCL: 17155196, EngineNetVer: 17, GameNetVer: 0 (Checksum: 1484303137)
[2023.04.13-18.59.51:825][  5]LogNet: Login request: ?PktLagMin=0?PktLagMax=0?PktLoss=0?PktIncomingLagMin=0?PktIncomingLagMax=0?PktIncomingLoss=0?Name=DESKTOP-QG36584-A7B11C8C424E21A80F2579A66D7237FD userId: NULL:DESKTOP-QG36584-A7B11C8C424E21A80F2579A66D7237FD platform: NULL
[2023.04.13-18.59.51:858][  6]LogNet: Client netspeed is 100000
[2023.04.13-18.59.51:891][  7]LogNet: Join request: /Engine/Maps/Entry?PktLagMin=0?PktLagMax=0?PktLoss=0?PktIncomingLagMin=0?PktIncomingLagMax=0?PktIncomingLoss=0?Name=DESKTOP-QG36584-A7B11C8C424E21A80F2579A66D7237FD?SplitscreenCount=1
[2023.04.13-18.59.51:891][  7]LogOnlineSession: Warning: OSS: No game present to join for session (GameSession)
[2023.04.13-18.59.51:893][  7]LogGameMode: Display: Match State Changed from WaitingToStart to InProgress
[2023.04.13-18.59.51:894][  7]LogTemp: Warning: Numebr of rewind components = 1
[2023.04.13-18.59.51:895][  7]LogGameState: Match State Changed from WaitingToStart to InProgress
[2023.04.13-18.59.51:895][  7]LogNet: Join succeeded: DESKTOP-QG36584-A7B1
[2023.04.13-18.59.52:221][ 17]LogNet: NotifyAcceptingConnection accepted from: 127.0.0.1:51386
[2023.04.13-18.59.52:221][ 17]LogHandshake: SendConnectChallenge. Timestamp: 0.594846, Cookie: 180062111107248052002128076202217104227154143096193110094207
[2023.04.13-18.59.52:254][ 18]LogNet: NotifyAcceptingConnection accepted from: 127.0.0.1:51386
[2023.04.13-18.59.52:254][ 18]LogHandshake: SendChallengeAck. InCookie: 180062111107248052002128076202217104227154143096193110094207
[2023.04.13-18.59.52:254][ 18]LogNet: Server accepting post-challenge connection from: 127.0.0.1:51386
[2023.04.13-18.59.52:255][ 18]PacketHandlerLog: Loaded PacketHandler component: Engine.EngineHandlerComponentFactory (StatelessConnectHandlerComponent)
[2023.04.13-18.59.52:255][ 18]LogNet: NotifyAcceptedConnection: Name: TestMap, TimeStamp: 04/13/23 19:59:52, [UNetConnection] RemoteAddr: 127.0.0.1:51386, Name: IpConnection_1, Driver: GameNetDriver IpNetDriver_0, IsServer: YES, PC: NULL, Owner: NULL, UniqueId: INVALID
[2023.04.13-18.59.52:255][ 18]LogNet: AddClientConnection: Added client connection: [UNetConnection] RemoteAddr: 127.0.0.1:51386, Name: IpConnection_1, Driver: GameNetDriver IpNetDriver_0, IsServer: YES, PC: NULL, Owner: NULL, UniqueId: INVALID
[2023.04.13-18.59.52:256][ 18]LogNet: NotifyAcceptingChannel Control 0 server World /Game/Maps/TestMap.TestMap: Accepted
[2023.04.13-18.59.52:256][ 18]LogNet: Remote platform little endian=1
[2023.04.13-18.59.52:256][ 18]LogNet: This platform little endian=1
[2023.04.13-18.59.52:287][ 19]LogNet: Login request: ?Name=DESKTOP-QG36584-8C5FEBC243EE4F7C76FA7C9634BE80FC userId: NULL:DESKTOP-QG36584-8C5FEBC243EE4F7C76FA7C9634BE80FC platform: NULL
[2023.04.13-18.59.52:287][ 19]LogNet: Client netspeed is 100000
[2023.04.13-18.59.52:816][ 35]LogNet: Join request: /Engine/Maps/Entry?Name=DESKTOP-QG36584-8C5FEBC243EE4F7C76FA7C9634BE80FC?SplitscreenCount=1
[2023.04.13-18.59.52:816][ 35]LogOnlineSession: Warning: OSS: No game present to join for session (GameSession)
[2023.04.13-18.59.52:818][ 35]LogTemp: Warning: Numebr of rewind components = 2
[2023.04.13-18.59.52:819][ 35]LogNet: Join succeeded: DESKTOP-QG36584-8C5F
[2023.04.13-18.59.56:984][161]LogNet: UNetConnection::Cleanup: Closing open connection. [UNetConnection] RemoteAddr: 127.0.0.1:51386, Name: IpConnection_1, Driver: GameNetDriver IpNetDriver_0, IsServer: YES, PC: FPSPlayerController_1, Owner: FPSPlayerController_1, UniqueId: NULL:DESKTOP-QG36584-8C5FEBC243EE4F7C76FA7C9634BE80FC
[2023.04.13-18.59.56:984][161]LogNet: UNetConnection::Close: [UNetConnection] RemoteAddr: 127.0.0.1:51386, Name: IpConnection_1, Driver: GameNetDriver IpNetDriver_0, IsServer: YES, PC: FPSPlayerController_1, Owner: FPSPlayerController_1, UniqueId: NULL:DESKTOP-QG36584-8C5FEBC243EE4F7C76FA7C9634BE80FC, Channels: 13, Time: 2023.04.13-18.59.56
[2023.04.13-18.59.56:985][161]LogNet: UChannel::Close: Sending CloseBunch. ChIndex == 0. Name: [UChannel] ChIndex: 0, Closing: 0 [UNetConnection] RemoteAddr: 127.0.0.1:51386, Name: IpConnection_1, Driver: GameNetDriver IpNetDriver_0, IsServer: YES, PC: FPSPlayerController_1, Owner: FPSPlayerController_1, UniqueId: NULL:DESKTOP-QG36584-8C5FEBC243EE4F7C76FA7C9634BE80FC
[2023.04.13-18.59.56:986][161]LogOnlineSession: Warning: OSS: No game present to leave for session (GameSession)
