Log file open, 08/24/22 19:45:42
LogWindows: Failed to load 'aqProf.dll' (GetLastError=126)
LogWindows: File 'aqProf.dll' does not exist
LogWindows: Failed to load 'VtuneApi.dll' (GetLastError=126)
LogWindows: File 'VtuneApi.dll' does not exist
LogWindows: Failed to load 'VtuneApi32e.dll' (GetLastError=126)
LogWindows: File 'VtuneApi32e.dll' does not exist
LogConsoleResponse: Display: Failed to find resolution value strings in scalability ini. Falling back to default.
LogConsoleResponse: Display: Failed to find resolution value strings in scalability ini. Falling back to default.
LogInit: Display: Running engine for game: fpsgame
LogPlatformFile: Not using cached read wrapper
LogTaskGraph: Started task graph with 5 named threads and 35 total threads with 3 sets of task threads.
LogStats: Stats thread started at 0.213425
LogICUInternationalization: ICU TimeZone Detection - Raw Offset: +0:00, Platform Override: ''
LogInit: Display: Loading text-based GConfig....
LogPluginManager: Mounting plugin MeshPainting
LogPluginManager: Mounting plugin XGEController
LogPluginManager: Mounting plugin Paper2D
LogPluginManager: Mounting plugin LiveLink
LogPluginManager: Mounting plugin AISupport
LogPluginManager: Mounting plugin EnvironmentQueryEditor
LogPluginManager: Mounting plugin LightPropagationVolume
LogPluginManager: Mounting plugin CameraShakePreviewer
LogPluginManager: Mounting plugin GameplayCameras
LogPluginManager: Mounting plugin CLionSourceCodeAccess
LogPluginManager: Mounting plugin CodeLiteSourceCodeAccess
LogPluginManager: Mounting plugin GitSourceControl
LogPluginManager: Mounting plugin NullSourceCodeAccess
LogPluginManager: Mounting plugin KDevelopSourceCodeAccess
LogPluginManager: Mounting plugin PerforceSourceControl
LogPluginManager: Mounting plugin PixWinPlugin
LogPluginManager: Mounting plugin PluginUtils
LogPluginManager: Mounting plugin PropertyAccessNode
LogPluginManager: Mounting plugin RiderSourceCodeAccess
LogPluginManager: Mounting plugin SubversionSourceControl
LogPluginManager: Mounting plugin TextureFormatOodle
LogPluginManager: Mounting plugin UObjectPlugin
LogPluginManager: Mounting plugin VisualStudioCodeSourceCodeAccess
LogPluginManager: Mounting plugin VisualStudioSourceCodeAccess
LogPluginManager: Mounting plugin PlasticSourceControl
LogPluginManager: Mounting plugin OodleData
LogPluginManager: Mounting plugin OodleNetwork
LogPluginManager: Mounting plugin CryptoKeys
LogPluginManager: Mounting plugin XCodeSourceCodeAccess
LogPluginManager: Mounting plugin AnimationSharing
LogPluginManager: Mounting plugin DataValidation
LogPluginManager: Mounting plugin AssetManagerEditor
LogPluginManager: Mounting plugin FacialAnimation
LogPluginManager: Mounting plugin GameplayTagsEditor
LogPluginManager: Mounting plugin MacGraphicsSwitching
LogPluginManager: Mounting plugin MobileLauncherProfileWizard
LogPluginManager: Mounting plugin GeometryMode
LogPluginManager: Mounting plugin MaterialAnalyzer
LogPluginManager: Mounting plugin SpeedTreeImporter
LogPluginManager: Mounting plugin PluginBrowser
LogPluginManager: Mounting plugin DatasmithContent
LogPluginManager: Mounting plugin AlembicImporter
LogPluginManager: Mounting plugin VariantManagerContent
LogPluginManager: Mounting plugin CurveEditorTools
LogPluginManager: Mounting plugin AutomationUtils
LogPluginManager: Mounting plugin BackChannel
LogPluginManager: Mounting plugin ChaosCloth
LogPluginManager: Mounting plugin ChaosEditor
LogPluginManager: Mounting plugin ChaosSolverPlugin
LogPluginManager: Mounting plugin ChaosClothEditor
LogPluginManager: Mounting plugin CharacterAI
LogPluginManager: Mounting plugin ChaosNiagara
LogPluginManager: Mounting plugin GeometryCache
LogPluginManager: Mounting plugin Niagara
LogPluginManager: Mounting plugin GeometryCollectionPlugin
LogPluginManager: Mounting plugin LuminPlatformFeatures
LogPluginManager: Mounting plugin MagicLeap
LogPluginManager: Mounting plugin MagicLeapLightEstimation
LogPluginManager: Mounting plugin MagicLeapMedia
LogPluginManager: Mounting plugin AndroidMedia
LogPluginManager: Mounting plugin MagicLeapPassableWorld
LogPluginManager: Mounting plugin AvfMedia
LogPluginManager: Mounting plugin MLSDK
LogPluginManager: Mounting plugin ImgMedia
LogPluginManager: Mounting plugin MediaPlayerEditor
LogPluginManager: Mounting plugin WebMMedia
LogPluginManager: Mounting plugin WmfMedia
LogPluginManager: Mounting plugin ActorSequence
LogPluginManager: Mounting plugin LevelSequenceEditor
LogPluginManager: Mounting plugin MediaCompositing
LogPluginManager: Mounting plugin MatineeToLevelSequence
LogPluginManager: Mounting plugin TemplateSequence
LogPluginManager: Mounting plugin TcpMessaging
LogPluginManager: Mounting plugin UdpMessaging
LogPluginManager: Mounting plugin OnlineSubsystem
LogPluginManager: Mounting plugin OnlineSubsystemNull
LogPluginManager: Mounting plugin OnlineSubsystemUtils
LogPluginManager: Mounting plugin LauncherChunkInstaller
LogPluginManager: Mounting plugin GeometryProcessing
LogPluginManager: Mounting plugin ActorLayerUtilities
LogPluginManager: Mounting plugin AndroidDeviceProfileSelector
LogPluginManager: Mounting plugin MotoSynth
LogPluginManager: Mounting plugin AndroidMoviePlayer
LogPluginManager: Mounting plugin OpenImageDenoise
LogPluginManager: Mounting plugin AndroidPermission
LogPluginManager: Mounting plugin AppleImageUtils
LogPluginManager: Mounting plugin AppleMoviePlayer
LogPluginManager: Mounting plugin PlanarCut
LogPluginManager: Mounting plugin ScreenshotTools
LogPluginManager: Mounting plugin ArchVisCharacter
LogPluginManager: Mounting plugin AssetTags
LogPluginManager: Mounting plugin AudioCapture
LogPluginManager: Mounting plugin ProxyLODPlugin
LogPluginManager: Mounting plugin PythonScriptPlugin
LogPluginManager: Mounting plugin PlatformCrypto
LogPluginManager: Mounting plugin AudioSynesthesia
LogPluginManager: Mounting plugin CustomMeshComponent
LogPluginManager: Mounting plugin ChunkDownloader
LogPluginManager: Mounting plugin CableComponent
LogPluginManager: Mounting plugin SkeletalReduction
LogPluginManager: Mounting plugin EditableMesh
LogPluginManager: Mounting plugin ExampleDeviceProfileSelector
LogPluginManager: Mounting plugin GoogleCloudMessaging
LogPluginManager: Mounting plugin GooglePAD
LogPluginManager: Mounting plugin Takes
LogPluginManager: Mounting plugin IOSDeviceProfileSelector
LogPluginManager: Mounting plugin LinuxDeviceProfileSelector
LogPluginManager: Mounting plugin LocationServicesBPLibrary
LogPluginManager: Mounting plugin MobilePatchingUtils
LogPluginManager: Mounting plugin OpenXR
LogPluginManager: Mounting plugin OpenXRHandTracking
LogPluginManager: Mounting plugin PostSplashScreen
LogPluginManager: Mounting plugin OpenXREyeTracker
LogPluginManager: Mounting plugin PropertyAccessEditor
LogPluginManager: Mounting plugin RuntimePhysXCooking
LogPluginManager: Mounting plugin SignificanceManager
LogPluginManager: Mounting plugin SoundFields
LogPluginManager: Mounting plugin Synthesis
LogPluginManager: Mounting plugin ProceduralMeshComponent
LogPluginManager: Mounting plugin PhysXVehicles
LogPluginManager: Mounting plugin WebMMoviePlayer
LogPluginManager: Mounting plugin WindowsMoviePlayer
LogPluginManager: Mounting plugin ContentBrowserAssetDataSource
LogPluginManager: Mounting plugin ContentBrowserFileDataSource
LogPluginManager: Mounting plugin ContentBrowserClassDataSource
LogPluginManager: Mounting plugin OnlineSubsystemGooglePlay
LogPluginManager: Mounting plugin OnlineSubsystemIOS
LogPluginManager: Mounting plugin OculusVR
LogPluginManager: Mounting plugin SteamVR
PixWinPlugin: PIX capture plugin failed to initialize! Check that the process is launched from PIX.
LogInit: Using libcurl 7.55.1-DEV
LogInit:  - built for x86_64-pc-win32
LogInit:  - supports SSL with OpenSSL/1.1.1
LogInit:  - supports HTTP deflate (compression) using libz 1.2.8
LogInit:  - other features:
LogInit:      CURL_VERSION_SSL
LogInit:      CURL_VERSION_LIBZ
LogInit:      CURL_VERSION_IPV6
LogInit:      CURL_VERSION_ASYNCHDNS
LogInit:      CURL_VERSION_LARGEFILE
LogInit:      CURL_VERSION_IDN
LogInit:  CurlRequestOptions (configurable via config and command line):
LogInit:  - bVerifyPeer = true  - Libcurl will verify peer certificate
LogInit:  - bUseHttpProxy = false  - Libcurl will NOT use HTTP proxy
LogInit:  - bDontReuseConnections = false  - Libcurl will reuse connections
LogInit:  - MaxHostConnections = 16  - Libcurl will limit the number of connections to a host
LogInit:  - LocalHostAddr = Default
LogInit:  - BufferSize = 65536
LogOnline: OSS: Creating online subsystem instance for: NULL
LogInit: WinSock: version 1.1 (2.2), MaxSocks=32767, MaxUdp=65467
LogOnline: OSS: TryLoadSubsystemAndSetDefault: Loaded subsystem for module [NULL]
LogOculusPluginWrapper: OculusPlugin initialized successfully
LogHMD: Failed initializing OVRPlugin 1.59.0
LogInit: Build: ++UE4+Release-4.27-CL-18319896
LogInit: Engine Version: 4.27.2-18319896+++UE4+Release-4.27
LogInit: Compatible Engine Version: 4.27.0-17155196+++UE4+Release-4.27
LogInit: Net CL: 17155196
LogInit: OS: Windows 10 (Release 2009) (), CPU: AMD Ryzen 5 3600X 6-Core Processor             , GPU: AMD Radeon RX 5700 XT
LogInit: Compiled (64-bit): Nov 30 2021 07:12:08
LogInit: Compiled with Visual C++: 19.24.28315.00
LogInit: Build Configuration: Development
LogInit: Branch Name: ++UE4+Release-4.27
LogInit: Command Line:  127.0.0.1:17777 -game -PIEVIACONSOLE -Multiprocess "GameUserSettingsINI=C:/Users/danie/Documents/Gamedev VR/game/UE4 game/fpsgame/Saved/Config/Windows/PIEGameUserSettings1.ini" -MultiprocessSaveConfig -forcepassthrough -messaging -SessionName="Play in Standalone Game" -windowed -WinX=0 -WinY=24 SAVEWINPOS=1 -ResX=640 -ResY=480
LogInit: Base Directory: C:/Program Files/Epic Games/UE_4.27/Engine/Binaries/Win64/
LogInit: Allocator: TBB
LogInit: Installed Engine Build: 1
LogDevObjectVersion: Number of dev versions registered: 29
LogDevObjectVersion:   Dev-Blueprints (B0D832E4-1F89-4F0D-ACCF-7EB736FD4AA2): 10
LogDevObjectVersion:   Dev-Build (E1C64328-A22C-4D53-A36C-8E866417BD8C): 0
LogDevObjectVersion:   Dev-Core (375EC13C-06E4-48FB-B500-84F0262A717E): 4
LogDevObjectVersion:   Dev-Editor (E4B068ED-F494-42E9-A231-DA0B2E46BB41): 40
LogDevObjectVersion:   Dev-Framework (CFFC743F-43B0-4480-9391-14DF171D2073): 37
LogDevObjectVersion:   Dev-Mobile (B02B49B5-BB20-44E9-A304-32B752E40360): 3
LogDevObjectVersion:   Dev-Networking (A4E4105C-59A1-49B5-A7C5-40C4547EDFEE): 0
LogDevObjectVersion:   Dev-Online (39C831C9-5AE6-47DC-9A44-9C173E1C8E7C): 0
LogDevObjectVersion:   Dev-Physics (78F01B33-EBEA-4F98-B9B4-84EACCB95AA2): 14
LogDevObjectVersion:   Dev-Platform (6631380F-2D4D-43E0-8009-CF276956A95A): 0
LogDevObjectVersion:   Dev-Rendering (12F88B9F-8875-4AFC-A67C-D90C383ABD29): 45
LogDevObjectVersion:   Dev-Sequencer (7B5AE74C-D270-4C10-A958-57980B212A5A): 13
LogDevObjectVersion:   Dev-VR (D7296918-1DD6-4BDD-9DE2-64A83CC13884): 3
LogDevObjectVersion:   Dev-LoadTimes (C2A15278-BFE7-4AFE-6C17-90FF531DF755): 1
LogDevObjectVersion:   Private-Geometry (6EACA3D4-40EC-4CC1-B786-8BED09428FC5): 3
LogDevObjectVersion:   Dev-AnimPhys (29E575DD-E0A3-4627-9D10-D276232CDCEA): 17
LogDevObjectVersion:   Dev-Anim (AF43A65D-7FD3-4947-9873-3E8ED9C1BB05): 15
LogDevObjectVersion:   Dev-ReflectionCapture (6B266CEC-1EC7-4B8F-A30B-E4D90942FC07): 1
LogDevObjectVersion:   Dev-Automation (0DF73D61-A23F-47EA-B727-89E90C41499A): 1
LogDevObjectVersion:   FortniteMain (601D1886-AC64-4F84-AA16-D3DE0DEAC7D6): 47
LogDevObjectVersion:   FortniteRelease (E7086368-6B23-4C58-8439-1B7016265E91): 1
LogDevObjectVersion:   Dev-Enterprise (9DFFBCD6-494F-0158-E221-12823C92A888): 10
LogDevObjectVersion:   Dev-Niagara (F2AED0AC-9AFE-416F-8664-AA7FFA26D6FC): 1
LogDevObjectVersion:   Dev-Destruction (174F1F0B-B4C6-45A5-B13F-2EE8D0FB917D): 10
LogDevObjectVersion:   Dev-Physics-Ext (35F94A83-E258-406C-A318-09F59610247C): 41
LogDevObjectVersion:   Dev-PhysicsMaterial-Chaos (B68FC16E-8B1B-42E2-B453-215C058844FE): 1
LogDevObjectVersion:   Dev-CineCamera (B2E18506-4273-CFC2-A54E-F4BB758BBA07): 1
LogDevObjectVersion:   Dev-VirtualProduction (64F58936-FD1B-42BA-BA96-7289D5D0FA4E): 1
LogDevObjectVersion:   Dev-MediaFramework (6F0ED827-A609-4895-9C91-998D90180EA4): 2
LogInit: Presizing for max 25165824 objects, including 0 objects not considered by GC, pre-allocating 0 bytes for permanent pool.
LogConfig: Applying CVar settings from Section [/Script/Engine.StreamingSettings] File [C:/Users/danie/Documents/Gamedev VR/game/UE4 game/fpsgame/Saved/Config/Windows/Engine.ini]
LogConfig: Setting CVar [[s.MinBulkDataSizeForAsyncLoading:131072]]
LogConfig: Setting CVar [[s.AsyncLoadingThreadEnabled:0]]
LogConfig: Setting CVar [[s.EventDrivenLoaderEnabled:1]]
LogConfig: Setting CVar [[s.WarnIfTimeLimitExceeded:0]]
LogConfig: Setting CVar [[s.TimeLimitExceededMultiplier:1.5]]
LogConfig: Setting CVar [[s.TimeLimitExceededMinTime:0.005]]
LogConfig: Setting CVar [[s.UseBackgroundLevelStreaming:1]]
LogConfig: Setting CVar [[s.PriorityAsyncLoadingExtraTime:15.0]]
LogConfig: Setting CVar [[s.LevelStreamingActorsUpdateTimeLimit:5.0]]
LogConfig: Setting CVar [[s.PriorityLevelStreamingActorsUpdateExtraTime:5.0]]
LogConfig: Setting CVar [[s.LevelStreamingComponentsRegistrationGranularity:10]]
LogConfig: Setting CVar [[s.UnregisterComponentsTimeLimit:1.0]]
LogConfig: Setting CVar [[s.LevelStreamingComponentsUnregistrationGranularity:5]]
LogConfig: Setting CVar [[s.FlushStreamingOnExit:1]]
LogInit: Object subsystem initialized
LogConfig: Setting CVar [[con.DebugEarlyDefault:1]]
LogConfig: Setting CVar [[r.setres:1280x720]]
[2022.08.24-18.45.43:201][  0]LogConfig: Setting CVar [[con.DebugEarlyDefault:1]]
[2022.08.24-18.45.43:201][  0]LogConfig: Setting CVar [[r.setres:1280x720]]
[2022.08.24-18.45.43:201][  0]LogConfig: Applying CVar settings from Section [/Script/Engine.RendererSettings] File [C:/Users/danie/Documents/Gamedev VR/game/UE4 game/fpsgame/Saved/Config/Windows/Engine.ini]
[2022.08.24-18.45.43:201][  0]LogConfig: Setting CVar [[r.GPUCrashDebugging:0]]
[2022.08.24-18.45.43:201][  0]LogConfig: Setting CVar [[r.Mobile.DisableVertexFog:1]]
[2022.08.24-18.45.43:201][  0]LogConfig: Setting CVar [[r.Shadow.CSM.MaxMobileCascades:2]]
[2022.08.24-18.45.43:201][  0]LogConfig: Setting CVar [[r.MobileMSAA:1]]
[2022.08.24-18.45.43:201][  0]LogConfig: Setting CVar [[r.Mobile.AllowDitheredLODTransition:0]]
[2022.08.24-18.45.43:201][  0]LogConfig: Setting CVar [[r.Mobile.AllowSoftwareOcclusion:0]]
[2022.08.24-18.45.43:201][  0]LogConfig: Setting CVar [[r.Mobile.VirtualTextures:0]]
[2022.08.24-18.45.43:201][  0]LogConfig: Setting CVar [[r.DiscardUnusedQuality:0]]
[2022.08.24-18.45.43:201][  0]LogConfig: Setting CVar [[r.AllowOcclusionQueries:1]]
[2022.08.24-18.45.43:201][  0]LogConfig: Setting CVar [[r.MinScreenRadiusForLights:0.030000]]
[2022.08.24-18.45.43:201][  0]LogConfig: Setting CVar [[r.MinScreenRadiusForDepthPrepass:0.030000]]
[2022.08.24-18.45.43:201][  0]LogConfig: Setting CVar [[r.MinScreenRadiusForCSMDepth:0.010000]]
[2022.08.24-18.45.43:201][  0]LogConfig: Setting CVar [[r.PrecomputedVisibilityWarning:0]]
[2022.08.24-18.45.43:201][  0]LogConfig: Setting CVar [[r.TextureStreaming:1]]
[2022.08.24-18.45.43:201][  0]LogConfig: Setting CVar [[Compat.UseDXT5NormalMaps:0]]
[2022.08.24-18.45.43:201][  0]LogConfig: Setting CVar [[r.VirtualTextures:0]]
[2022.08.24-18.45.43:201][  0]LogConfig: Setting CVar [[r.VT.EnableAutoImport:1]]
[2022.08.24-18.45.43:201][  0]LogConfig: Setting CVar [[r.VirtualTexturedLightmaps:0]]
[2022.08.24-18.45.43:201][  0]LogConfig: Setting CVar [[r.VT.TileSize:128]]
[2022.08.24-18.45.43:201][  0]LogConfig: Setting CVar [[r.VT.TileBorderSize:4]]
[2022.08.24-18.45.43:201][  0]LogConfig: Setting CVar [[r.vt.FeedbackFactor:16]]
[2022.08.24-18.45.43:201][  0]LogConfig: Setting CVar [[r.VT.EnableCompressZlib:1]]
[2022.08.24-18.45.43:201][  0]LogConfig: Setting CVar [[r.VT.EnableCompressCrunch:0]]
[2022.08.24-18.45.43:201][  0]LogConfig: Setting CVar [[r.ClearCoatNormal:0]]
[2022.08.24-18.45.43:201][  0]LogConfig: Setting CVar [[r.ReflectionCaptureResolution:128]]
[2022.08.24-18.45.43:201][  0]LogConfig: Setting CVar [[r.Mobile.ReflectionCaptureCompression:0]]
[2022.08.24-18.45.43:201][  0]LogConfig: Setting CVar [[r.ReflectionEnvironmentLightmapMixBasedOnRoughness:1]]
[2022.08.24-18.45.43:201][  0]LogConfig: Setting CVar [[r.ForwardShading:0]]
[2022.08.24-18.45.43:201][  0]LogConfig: Setting CVar [[r.VertexFoggingForOpaque:1]]
[2022.08.24-18.45.43:201][  0]LogConfig: Setting CVar [[r.AllowStaticLighting:1]]
[2022.08.24-18.45.43:201][  0]LogConfig: Setting CVar [[r.NormalMapsForStaticLighting:0]]
[2022.08.24-18.45.43:201][  0]LogConfig: Setting CVar [[r.GenerateMeshDistanceFields:0]]
[2022.08.24-18.45.43:201][  0]LogConfig: Setting CVar [[r.DistanceFieldBuild.EightBit:0]]
[2022.08.24-18.45.43:201][  0]LogConfig: Setting CVar [[r.GenerateLandscapeGIData:0]]
[2022.08.24-18.45.43:201][  0]LogConfig: Setting CVar [[r.DistanceFieldBuild.Compress:0]]
[2022.08.24-18.45.43:201][  0]LogConfig: Setting CVar [[r.TessellationAdaptivePixelsPerTriangle:48.000000]]
[2022.08.24-18.45.43:201][  0]LogConfig: Setting CVar [[r.SeparateTranslucency:1]]
[2022.08.24-18.45.43:201][  0]LogConfig: Setting CVar [[r.TranslucentSortPolicy:0]]
[2022.08.24-18.45.43:201][  0]LogConfig: Setting CVar [[vr.VRS.HMDFixedFoveationLevel:0]]
[2022.08.24-18.45.43:201][  0]LogConfig: Setting CVar [[r.CustomDepth:1]]
[2022.08.24-18.45.43:201][  0]LogConfig: Setting CVar [[r.CustomDepthTemporalAAJitter:1]]
[2022.08.24-18.45.43:201][  0]LogConfig: Setting CVar [[r.PostProcessing.PropagateAlpha:0]]
[2022.08.24-18.45.43:201][  0]LogConfig: Setting CVar [[r.DefaultFeature.Bloom:1]]
[2022.08.24-18.45.43:201][  0]LogConfig: Setting CVar [[r.DefaultFeature.AmbientOcclusion:1]]
[2022.08.24-18.45.43:201][  0]LogConfig: Setting CVar [[r.DefaultFeature.AmbientOcclusionStaticFraction:1]]
[2022.08.24-18.45.43:201][  0]LogConfig: Setting CVar [[r.DefaultFeature.AutoExposure:0]]
[2022.08.24-18.45.43:201][  0]LogConfig: Setting CVar [[r.DefaultFeature.AutoExposure.Method:0]]
[2022.08.24-18.45.43:201][  0]LogConfig: Setting CVar [[r.DefaultFeature.AutoExposure.Bias:1.000000]]
[2022.08.24-18.45.43:201][  0]LogConfig: Setting CVar [[r.DefaultFeature.AutoExposure.ExtendDefaultLuminanceRange:0]]
[2022.08.24-18.45.43:201][  0]LogConfig: Setting CVar [[r.UsePreExposure:1]]
[2022.08.24-18.45.43:201][  0]LogConfig: Setting CVar [[r.EyeAdaptation.EditorOnly:0]]
[2022.08.24-18.45.43:201][  0]LogConfig: Setting CVar [[r.DefaultFeature.MotionBlur:0]]
[2022.08.24-18.45.43:201][  0]LogConfig: Setting CVar [[r.DefaultFeature.LensFlare:0]]
[2022.08.24-18.45.43:201][  0]LogConfig: Setting CVar [[r.TemporalAA.Upsampling:0]]
[2022.08.24-18.45.43:201][  0]LogConfig: Setting CVar [[r.SSGI.Enable:0]]
[2022.08.24-18.45.43:201][  0]LogConfig: Setting CVar [[r.DefaultFeature.AntiAliasing:0]]
[2022.08.24-18.45.43:201][  0]LogConfig: Setting CVar [[r.DefaultFeature.LightUnits:1]]
[2022.08.24-18.45.43:201][  0]LogConfig: Setting CVar [[r.DefaultBackBufferPixelFormat:4]]
[2022.08.24-18.45.43:201][  0]LogConfig: Setting CVar [[r.Shadow.UnbuiltPreviewInGame:1]]
[2022.08.24-18.45.43:201][  0]LogConfig: Setting CVar [[r.StencilForLODDither:0]]
[2022.08.24-18.45.43:201][  0]LogConfig: Setting CVar [[r.EarlyZPass:3]]
[2022.08.24-18.45.43:201][  0]LogConfig: Setting CVar [[r.EarlyZPassOnlyMaterialMasking:0]]
[2022.08.24-18.45.43:201][  0]LogConfig: Setting CVar [[r.DBuffer:1]]
[2022.08.24-18.45.43:201][  0]LogConfig: Setting CVar [[r.ClearSceneMethod:1]]
[2022.08.24-18.45.43:201][  0]LogConfig: Setting CVar [[r.BasePassOutputsVelocity:0]]
[2022.08.24-18.45.43:201][  0]LogConfig: Setting CVar [[r.VertexDeformationOutputsVelocity:0]]
[2022.08.24-18.45.43:201][  0]LogConfig: Setting CVar [[r.SelectiveBasePassOutputs:0]]
[2022.08.24-18.45.43:201][  0]LogConfig: Setting CVar [[fx.GPUSimulationTextureSizeX:1024]]
[2022.08.24-18.45.43:201][  0]LogConfig: Setting CVar [[fx.GPUSimulationTextureSizeY:1024]]
[2022.08.24-18.45.43:201][  0]LogConfig: Setting CVar [[r.AllowGlobalClipPlane:0]]
[2022.08.24-18.45.43:201][  0]LogConfig: Setting CVar [[r.GBufferFormat:1]]
[2022.08.24-18.45.43:201][  0]LogConfig: Setting CVar [[r.MorphTarget.Mode:1]]
[2022.08.24-18.45.43:201][  0]LogConfig: Setting CVar [[vr.InstancedStereo:0]]
[2022.08.24-18.45.43:201][  0]LogConfig: Setting CVar [[r.MobileHDR:1]]
[2022.08.24-18.45.43:201][  0]LogConfig: Setting CVar [[vr.MobileMultiView:0]]
[2022.08.24-18.45.43:201][  0]LogConfig: Setting CVar [[r.Mobile.UseHWsRGBEncoding:0]]
[2022.08.24-18.45.43:201][  0]LogConfig: Setting CVar [[vr.RoundRobinOcclusion:0]]
[2022.08.24-18.45.43:201][  0]LogConfig: Setting CVar [[vr.ODSCapture:0]]
[2022.08.24-18.45.43:202][  0]LogConfig: Setting CVar [[r.MeshStreaming:0]]
[2022.08.24-18.45.43:202][  0]LogConfig: Setting CVar [[r.WireframeCullThreshold:5.000000]]
[2022.08.24-18.45.43:202][  0]LogConfig: Setting CVar [[r.RayTracing:0]]
[2022.08.24-18.45.43:202][  0]LogConfig: Setting CVar [[r.RayTracing.UseTextureLod:0]]
[2022.08.24-18.45.43:202][  0]LogConfig: Setting CVar [[r.SupportStationarySkylight:1]]
[2022.08.24-18.45.43:202][  0]LogConfig: Setting CVar [[r.SupportLowQualityLightmaps:1]]
[2022.08.24-18.45.43:202][  0]LogConfig: Setting CVar [[r.SupportPointLightWholeSceneShadows:1]]
[2022.08.24-18.45.43:202][  0]LogConfig: Setting CVar [[r.SupportAtmosphericFog:1]]
[2022.08.24-18.45.43:202][  0]LogConfig: Setting CVar [[r.SupportSkyAtmosphere:1]]
[2022.08.24-18.45.43:202][  0]LogConfig: Setting CVar [[r.SupportSkyAtmosphereAffectsHeightFog:0]]
[2022.08.24-18.45.43:202][  0]LogConfig: Setting CVar [[r.SkinCache.CompileShaders:0]]
[2022.08.24-18.45.43:202][  0]LogConfig: Setting CVar [[r.SkinCache.DefaultBehavior:1]]
[2022.08.24-18.45.43:202][  0]LogConfig: Setting CVar [[r.SkinCache.SceneMemoryLimitInMB:128.000000]]
[2022.08.24-18.45.43:202][  0]LogConfig: Setting CVar [[r.Mobile.EnableStaticAndCSMShadowReceivers:1]]
[2022.08.24-18.45.43:202][  0]LogConfig: Setting CVar [[r.Mobile.EnableMovableLightCSMShaderCulling:1]]
[2022.08.24-18.45.43:202][  0]LogConfig: Setting CVar [[r.Mobile.AllowDistanceFieldShadows:1]]
[2022.08.24-18.45.43:202][  0]LogConfig: Setting CVar [[r.Mobile.AllowMovableDirectionalLights:1]]
[2022.08.24-18.45.43:202][  0]LogConfig: Setting CVar [[r.MobileNumDynamicPointLights:4]]
[2022.08.24-18.45.43:202][  0]LogConfig: Setting CVar [[r.MobileDynamicPointLightsUseStaticBranch:1]]
[2022.08.24-18.45.43:202][  0]LogConfig: Setting CVar [[r.Mobile.EnableMovableSpotlights:0]]
[2022.08.24-18.45.43:202][  0]LogConfig: Setting CVar [[r.Mobile.EnableMovableSpotlightsShadow:0]]
[2022.08.24-18.45.43:202][  0]LogConfig: Setting CVar [[r.GPUSkin.Support16BitBoneIndex:0]]
[2022.08.24-18.45.43:202][  0]LogConfig: Setting CVar [[r.GPUSkin.Limit2BoneInfluences:0]]
[2022.08.24-18.45.43:202][  0]LogConfig: Setting CVar [[r.SupportDepthOnlyIndexBuffers:1]]
[2022.08.24-18.45.43:202][  0]LogConfig: Setting CVar [[r.SupportReversedIndexBuffers:1]]
[2022.08.24-18.45.43:202][  0]LogConfig: Setting CVar [[r.LightPropagationVolume:0]]
[2022.08.24-18.45.43:202][  0]LogConfig: Setting CVar [[r.Mobile.AmbientOcclusion:0]]
[2022.08.24-18.45.43:202][  0]LogConfig: Setting CVar [[r.GPUSkin.UnlimitedBoneInfluences:0]]
[2022.08.24-18.45.43:202][  0]LogConfig: Setting CVar [[r.GPUSkin.UnlimitedBoneInfluencesThreshold:8]]
[2022.08.24-18.45.43:202][  0]LogConfig: Setting CVar [[r.Mobile.PlanarReflectionMode:0]]
[2022.08.24-18.45.43:202][  0]LogConfig: Setting CVar [[r.Mobile.SupportsGen4TAA:0]]
[2022.08.24-18.45.43:202][  0]LogConfig: Applying CVar settings from Section [/Script/Engine.RendererOverrideSettings] File [C:/Users/danie/Documents/Gamedev VR/game/UE4 game/fpsgame/Saved/Config/Windows/Engine.ini]
[2022.08.24-18.45.43:202][  0]LogConfig: Applying CVar settings from Section [/Script/Engine.StreamingSettings] File [C:/Users/danie/Documents/Gamedev VR/game/UE4 game/fpsgame/Saved/Config/Windows/Engine.ini]
[2022.08.24-18.45.43:202][  0]LogConfig: Setting CVar [[s.MinBulkDataSizeForAsyncLoading:131072]]
[2022.08.24-18.45.43:202][  0]LogConfig: Setting CVar [[s.AsyncLoadingThreadEnabled:0]]
[2022.08.24-18.45.43:202][  0]LogConfig: Setting CVar [[s.EventDrivenLoaderEnabled:1]]
[2022.08.24-18.45.43:202][  0]LogConfig: Setting CVar [[s.WarnIfTimeLimitExceeded:0]]
[2022.08.24-18.45.43:202][  0]LogConfig: Setting CVar [[s.TimeLimitExceededMultiplier:1.5]]
[2022.08.24-18.45.43:202][  0]LogConfig: Setting CVar [[s.TimeLimitExceededMinTime:0.005]]
[2022.08.24-18.45.43:202][  0]LogConfig: Setting CVar [[s.UseBackgroundLevelStreaming:1]]
[2022.08.24-18.45.43:202][  0]LogConfig: Setting CVar [[s.PriorityAsyncLoadingExtraTime:15.0]]
[2022.08.24-18.45.43:202][  0]LogConfig: Setting CVar [[s.LevelStreamingActorsUpdateTimeLimit:5.0]]
[2022.08.24-18.45.43:202][  0]LogConfig: Setting CVar [[s.PriorityLevelStreamingActorsUpdateExtraTime:5.0]]
[2022.08.24-18.45.43:202][  0]LogConfig: Setting CVar [[s.LevelStreamingComponentsRegistrationGranularity:10]]
[2022.08.24-18.45.43:202][  0]LogConfig: Setting CVar [[s.UnregisterComponentsTimeLimit:1.0]]
[2022.08.24-18.45.43:202][  0]LogConfig: Setting CVar [[s.LevelStreamingComponentsUnregistrationGranularity:5]]
[2022.08.24-18.45.43:202][  0]LogConfig: Setting CVar [[s.FlushStreamingOnExit:1]]
[2022.08.24-18.45.43:202][  0]LogConfig: Applying CVar settings from Section [/Script/Engine.GarbageCollectionSettings] File [C:/Users/danie/Documents/Gamedev VR/game/UE4 game/fpsgame/Saved/Config/Windows/Engine.ini]
[2022.08.24-18.45.43:202][  0]LogConfig: Setting CVar [[gc.MaxObjectsNotConsideredByGC:1]]
[2022.08.24-18.45.43:202][  0]LogConfig: Setting CVar [[gc.SizeOfPermanentObjectPool:0]]
[2022.08.24-18.45.43:202][  0]LogConfig: Setting CVar [[gc.FlushStreamingOnGC:0]]
[2022.08.24-18.45.43:202][  0]LogConfig: Setting CVar [[gc.NumRetriesBeforeForcingGC:10]]
[2022.08.24-18.45.43:202][  0]LogConfig: Setting CVar [[gc.AllowParallelGC:1]]
[2022.08.24-18.45.43:202][  0]LogConfig: Setting CVar [[gc.TimeBetweenPurgingPendingKillObjects:61.1]]
[2022.08.24-18.45.43:202][  0]LogConfig: Setting CVar [[gc.MaxObjectsInEditor:25165824]]
[2022.08.24-18.45.43:202][  0]LogConfig: Setting CVar [[gc.IncrementalBeginDestroyEnabled:1]]
[2022.08.24-18.45.43:202][  0]LogConfig: Setting CVar [[gc.CreateGCClusters:1]]
[2022.08.24-18.45.43:202][  0]LogConfig: Setting CVar [[gc.MinGCClusterSize:5]]
[2022.08.24-18.45.43:202][  0]LogConfig: Setting CVar [[gc.ActorClusteringEnabled:0]]
[2022.08.24-18.45.43:202][  0]LogConfig: Setting CVar [[gc.BlueprintClusteringEnabled:0]]
[2022.08.24-18.45.43:202][  0]LogConfig: Setting CVar [[gc.UseDisregardForGCOnDedicatedServers:0]]
[2022.08.24-18.45.43:202][  0]LogConfig: Setting CVar [[gc.MultithreadedDestructionEnabled:1]]
[2022.08.24-18.45.43:202][  0]LogConfig: Applying CVar settings from Section [/Script/Engine.NetworkSettings] File [C:/Users/danie/Documents/Gamedev VR/game/UE4 game/fpsgame/Saved/Config/Windows/Engine.ini]
[2022.08.24-18.45.43:202][  0]LogConfig: Applying CVar settings from Section [/Script/UnrealEd.CookerSettings] File [C:/Users/danie/Documents/Gamedev VR/game/UE4 game/fpsgame/Saved/Config/Windows/Engine.ini]
[2022.08.24-18.45.43:213][  0]LogConfig: Applying CVar settings from Section [ViewDistanceQuality@3] File [C:/Users/danie/Documents/Gamedev VR/game/UE4 game/fpsgame/Saved/Config/Windows/Scalability.ini]
[2022.08.24-18.45.43:213][  0]LogConfig: Setting CVar [[r.SkeletalMeshLODBias:0]]
[2022.08.24-18.45.43:213][  0]LogConfig: Setting CVar [[r.ViewDistanceScale:1.0]]
[2022.08.24-18.45.43:213][  0]LogConfig: Applying CVar settings from Section [AntiAliasingQuality@3] File [C:/Users/danie/Documents/Gamedev VR/game/UE4 game/fpsgame/Saved/Config/Windows/Scalability.ini]
[2022.08.24-18.45.43:213][  0]LogConfig: Setting CVar [[r.PostProcessAAQuality:4]]
[2022.08.24-18.45.43:213][  0]LogConfig: Applying CVar settings from Section [ShadowQuality@3] File [C:/Users/danie/Documents/Gamedev VR/game/UE4 game/fpsgame/Saved/Config/Windows/Scalability.ini]
[2022.08.24-18.45.43:213][  0]LogConfig: Setting CVar [[r.LightFunctionQuality:1]]
[2022.08.24-18.45.43:213][  0]LogConfig: Setting CVar [[r.ShadowQuality:5]]
[2022.08.24-18.45.43:213][  0]LogConfig: Setting CVar [[r.Shadow.CSM.MaxCascades:10]]
[2022.08.24-18.45.43:213][  0]LogConfig: Setting CVar [[r.Shadow.MaxResolution:2048]]
[2022.08.24-18.45.43:213][  0]LogConfig: Setting CVar [[r.Shadow.MaxCSMResolution:2048]]
[2022.08.24-18.45.43:213][  0]LogConfig: Setting CVar [[r.Shadow.RadiusThreshold:0.01]]
[2022.08.24-18.45.43:213][  0]LogConfig: Setting CVar [[r.Shadow.DistanceScale:1.0]]
[2022.08.24-18.45.43:213][  0]LogConfig: Setting CVar [[r.Shadow.CSM.TransitionScale:1.0]]
[2022.08.24-18.45.43:213][  0]LogConfig: Setting CVar [[r.Shadow.PreShadowResolutionFactor:1.0]]
[2022.08.24-18.45.43:213][  0]LogConfig: Setting CVar [[r.DistanceFieldShadowing:1]]
[2022.08.24-18.45.43:213][  0]LogConfig: Setting CVar [[r.DistanceFieldAO:1]]
[2022.08.24-18.45.43:213][  0]LogConfig: Setting CVar [[r.AOQuality:2]]
[2022.08.24-18.45.43:213][  0]LogConfig: Setting CVar [[r.VolumetricFog:1]]
[2022.08.24-18.45.43:213][  0]LogConfig: Setting CVar [[r.VolumetricFog.GridPixelSize:8]]
[2022.08.24-18.45.43:213][  0]LogConfig: Setting CVar [[r.VolumetricFog.GridSizeZ:128]]
[2022.08.24-18.45.43:213][  0]LogConfig: Setting CVar [[r.VolumetricFog.HistoryMissSupersampleCount:4]]
[2022.08.24-18.45.43:213][  0]LogConfig: Setting CVar [[r.LightMaxDrawDistanceScale:1]]
[2022.08.24-18.45.43:213][  0]LogConfig: Setting CVar [[r.CapsuleShadows:1]]
[2022.08.24-18.45.43:213][  0]LogConfig: Applying CVar settings from Section [PostProcessQuality@3] File [C:/Users/danie/Documents/Gamedev VR/game/UE4 game/fpsgame/Saved/Config/Windows/Scalability.ini]
[2022.08.24-18.45.43:213][  0]LogConfig: Setting CVar [[r.MotionBlurQuality:4]]
[2022.08.24-18.45.43:213][  0]LogConfig: Setting CVar [[r.AmbientOcclusionMipLevelFactor:0.4]]
[2022.08.24-18.45.43:213][  0]LogConfig: Setting CVar [[r.AmbientOcclusionMaxQuality:100]]
[2022.08.24-18.45.43:213][  0]LogConfig: Setting CVar [[r.AmbientOcclusionLevels:-1]]
[2022.08.24-18.45.43:213][  0]LogConfig: Setting CVar [[r.AmbientOcclusionRadiusScale:1.0]]
[2022.08.24-18.45.43:213][  0]LogConfig: Setting CVar [[r.DepthOfFieldQuality:2]]
[2022.08.24-18.45.43:213][  0]LogConfig: Setting CVar [[r.RenderTargetPoolMin:400]]
[2022.08.24-18.45.43:213][  0]LogConfig: Setting CVar [[r.LensFlareQuality:2]]
[2022.08.24-18.45.43:213][  0]LogConfig: Setting CVar [[r.SceneColorFringeQuality:1]]
[2022.08.24-18.45.43:213][  0]LogConfig: Setting CVar [[r.EyeAdaptationQuality:2]]
[2022.08.24-18.45.43:213][  0]LogConfig: Setting CVar [[r.BloomQuality:5]]
[2022.08.24-18.45.43:213][  0]LogConfig: Setting CVar [[r.FastBlurThreshold:100]]
[2022.08.24-18.45.43:213][  0]LogConfig: Setting CVar [[r.Upscale.Quality:3]]
[2022.08.24-18.45.43:213][  0]LogConfig: Setting CVar [[r.Tonemapper.GrainQuantization:1]]
[2022.08.24-18.45.43:213][  0]LogConfig: Setting CVar [[r.LightShaftQuality:1]]
[2022.08.24-18.45.43:213][  0]LogConfig: Setting CVar [[r.Filter.SizeScale:1]]
[2022.08.24-18.45.43:213][  0]LogConfig: Setting CVar [[r.Tonemapper.Quality:5]]
[2022.08.24-18.45.43:213][  0]LogConfig: Setting CVar [[r.DOF.Gather.AccumulatorQuality:1        ; higher gathering accumulator quality]]
[2022.08.24-18.45.43:213][  0]LogConfig: Setting CVar [[r.DOF.Gather.PostfilterMethod:1          ; Median3x3 postfilering method]]
[2022.08.24-18.45.43:213][  0]LogConfig: Setting CVar [[r.DOF.Gather.EnableBokehSettings:0       ; no bokeh simulation when gathering]]
[2022.08.24-18.45.43:213][  0]LogConfig: Setting CVar [[r.DOF.Gather.RingCount:4                 ; medium number of samples when gathering]]
[2022.08.24-18.45.43:213][  0]LogConfig: Setting CVar [[r.DOF.Scatter.ForegroundCompositing:1    ; additive foreground scattering]]
[2022.08.24-18.45.43:213][  0]LogConfig: Setting CVar [[r.DOF.Scatter.BackgroundCompositing:2    ; additive background scattering]]
[2022.08.24-18.45.43:213][  0]LogConfig: Setting CVar [[r.DOF.Scatter.EnableBokehSettings:1      ; bokeh simulation when scattering]]
[2022.08.24-18.45.43:213][  0]LogConfig: Setting CVar [[r.DOF.Scatter.MaxSpriteRatio:0.1         ; only a maximum of 10% of scattered bokeh]]
[2022.08.24-18.45.43:213][  0]LogConfig: Setting CVar [[r.DOF.Recombine.Quality:1                ; cheap slight out of focus]]
[2022.08.24-18.45.43:213][  0]LogConfig: Setting CVar [[r.DOF.Recombine.EnableBokehSettings:0    ; no bokeh simulation on slight out of focus]]
[2022.08.24-18.45.43:213][  0]LogConfig: Setting CVar [[r.DOF.TemporalAAQuality:1                ; more stable temporal accumulation]]
[2022.08.24-18.45.43:213][  0]LogConfig: Setting CVar [[r.DOF.Kernel.MaxForegroundRadius:0.025]]
[2022.08.24-18.45.43:213][  0]LogConfig: Setting CVar [[r.DOF.Kernel.MaxBackgroundRadius:0.025]]
[2022.08.24-18.45.43:213][  0]LogConfig: Applying CVar settings from Section [TextureQuality@3] File [C:/Users/danie/Documents/Gamedev VR/game/UE4 game/fpsgame/Saved/Config/Windows/Scalability.ini]
[2022.08.24-18.45.43:213][  0]LogConfig: Setting CVar [[r.Streaming.MipBias:0]]
[2022.08.24-18.45.43:213][  0]LogConfig: Setting CVar [[r.Streaming.AmortizeCPUToGPUCopy:0]]
[2022.08.24-18.45.43:213][  0]LogConfig: Setting CVar [[r.Streaming.MaxNumTexturesToStreamPerFrame:0]]
[2022.08.24-18.45.43:213][  0]LogConfig: Setting CVar [[r.Streaming.Boost:1]]
[2022.08.24-18.45.43:213][  0]LogConfig: Setting CVar [[r.MaxAnisotropy:8]]
[2022.08.24-18.45.43:213][  0]LogConfig: Setting CVar [[r.VT.MaxAnisotropy:8]]
[2022.08.24-18.45.43:213][  0]LogConfig: Setting CVar [[r.Streaming.LimitPoolSizeToVRAM:0]]
[2022.08.24-18.45.43:213][  0]LogConfig: Setting CVar [[r.Streaming.PoolSize:1000]]
[2022.08.24-18.45.43:213][  0]LogConfig: Setting CVar [[r.Streaming.MaxEffectiveScreenSize:0]]
[2022.08.24-18.45.43:213][  0]LogConfig: Applying CVar settings from Section [EffectsQuality@3] File [C:/Users/danie/Documents/Gamedev VR/game/UE4 game/fpsgame/Saved/Config/Windows/Scalability.ini]
[2022.08.24-18.45.43:213][  0]LogConfig: Setting CVar [[r.TranslucencyLightingVolumeDim:64]]
[2022.08.24-18.45.43:213][  0]LogConfig: Setting CVar [[r.RefractionQuality:2]]
[2022.08.24-18.45.43:213][  0]LogConfig: Setting CVar [[r.SSR.Quality:3]]
[2022.08.24-18.45.43:213][  0]LogConfig: Setting CVar [[r.SSR.HalfResSceneColor:0]]
[2022.08.24-18.45.43:213][  0]LogConfig: Setting CVar [[r.SceneColorFormat:4]]
[2022.08.24-18.45.43:213][  0]LogConfig: Setting CVar [[r.DetailMode:2]]
[2022.08.24-18.45.43:213][  0]LogConfig: Setting CVar [[r.TranslucencyVolumeBlur:1]]
[2022.08.24-18.45.43:213][  0]LogConfig: Setting CVar [[r.MaterialQualityLevel:1 ; High quality]]
[2022.08.24-18.45.43:213][  0]LogConfig: Setting CVar [[r.AnisotropicMaterials:1]]
[2022.08.24-18.45.43:213][  0]LogConfig: Setting CVar [[r.SSS.Scale:1]]
[2022.08.24-18.45.43:213][  0]LogConfig: Setting CVar [[r.SSS.SampleSet:2]]
[2022.08.24-18.45.43:213][  0]LogConfig: Setting CVar [[r.SSS.Quality:1]]
[2022.08.24-18.45.43:214][  0]LogConfig: Setting CVar [[r.SSS.HalfRes:0]]
[2022.08.24-18.45.43:214][  0]LogConfig: Setting CVar [[r.SSGI.Quality:3]]
[2022.08.24-18.45.43:214][  0]LogConfig: Setting CVar [[r.EmitterSpawnRateScale:1.0]]
[2022.08.24-18.45.43:214][  0]LogConfig: Setting CVar [[r.ParticleLightQuality:2]]
[2022.08.24-18.45.43:214][  0]LogConfig: Setting CVar [[r.SkyAtmosphere.AerialPerspectiveLUT.FastApplyOnOpaque:1 ; Always have FastSkyLUT 1 in this case to avoid wrong sky]]
[2022.08.24-18.45.43:214][  0]LogConfig: Setting CVar [[r.SkyAtmosphere.AerialPerspectiveLUT.SampleCountMaxPerSlice:4]]
[2022.08.24-18.45.43:214][  0]LogConfig: Setting CVar [[r.SkyAtmosphere.AerialPerspectiveLUT.DepthResolution:16.0]]
[2022.08.24-18.45.43:214][  0]LogConfig: Setting CVar [[r.SkyAtmosphere.FastSkyLUT:1]]
[2022.08.24-18.45.43:214][  0]LogConfig: Setting CVar [[r.SkyAtmosphere.FastSkyLUT.SampleCountMin:4.0]]
[2022.08.24-18.45.43:214][  0]LogConfig: Setting CVar [[r.SkyAtmosphere.FastSkyLUT.SampleCountMax:128.0]]
[2022.08.24-18.45.43:214][  0]LogConfig: Setting CVar [[r.SkyAtmosphere.SampleCountMin:4.0]]
[2022.08.24-18.45.43:214][  0]LogConfig: Setting CVar [[r.SkyAtmosphere.SampleCountMax:128.0]]
[2022.08.24-18.45.43:214][  0]LogConfig: Setting CVar [[r.SkyAtmosphere.TransmittanceLUT.UseSmallFormat:0]]
[2022.08.24-18.45.43:214][  0]LogConfig: Setting CVar [[r.SkyAtmosphere.TransmittanceLUT.SampleCount:10.0]]
[2022.08.24-18.45.43:214][  0]LogConfig: Setting CVar [[r.SkyAtmosphere.MultiScatteringLUT.SampleCount:15.0]]
[2022.08.24-18.45.43:214][  0]LogConfig: Setting CVar [[r.SkyLight.RealTimeReflectionCapture:1]]
[2022.08.24-18.45.43:214][  0]LogConfig: Applying CVar settings from Section [FoliageQuality@3] File [C:/Users/danie/Documents/Gamedev VR/game/UE4 game/fpsgame/Saved/Config/Windows/Scalability.ini]
[2022.08.24-18.45.43:214][  0]LogConfig: Setting CVar [[foliage.DensityScale:1.0]]
[2022.08.24-18.45.43:214][  0]LogConfig: Setting CVar [[grass.DensityScale:1.0]]
[2022.08.24-18.45.43:214][  0]LogConfig: Applying CVar settings from Section [ShadingQuality@3] File [C:/Users/danie/Documents/Gamedev VR/game/UE4 game/fpsgame/Saved/Config/Windows/Scalability.ini]
[2022.08.24-18.45.43:214][  0]LogConfig: Setting CVar [[r.HairStrands.SkyLighting.IntegrationType:2]]
[2022.08.24-18.45.43:214][  0]LogConfig: Setting CVar [[r.HairStrands.SkyAO.SampleCount:4]]
[2022.08.24-18.45.43:214][  0]LogConfig: Setting CVar [[r.HairStrands.Visibility.MSAA.SamplePerPixel:4]]
[2022.08.24-18.45.43:214][  0]LogInit: Selected Device Profile: [Windows]
[2022.08.24-18.45.43:214][  0]LogInit: Applying CVar settings loaded from the selected device profile: [Windows]
[2022.08.24-18.45.43:214][  0]LogHAL: Display: Platform has ~ 16 GB [17128247296 / 17179869184 / 16], which maps to Larger [LargestMinGB=32, LargerMinGB=12, DefaultMinGB=8, SmallerMinGB=6, SmallestMinGB=0)
[2022.08.24-18.45.43:214][  0]LogInit: Going up to parent DeviceProfile []
[2022.08.24-18.45.43:214][  0]LogConfig: Applying CVar settings from Section [ViewDistanceQuality@3] File [C:/Users/danie/Documents/Gamedev VR/game/UE4 game/fpsgame/Saved/Config/Windows/Scalability.ini]
[2022.08.24-18.45.43:214][  0]LogConfig: Setting CVar [[r.SkeletalMeshLODBias:0]]
[2022.08.24-18.45.43:214][  0]LogConfig: Setting CVar [[r.ViewDistanceScale:1.0]]
[2022.08.24-18.45.43:214][  0]LogConfig: Applying CVar settings from Section [AntiAliasingQuality@3] File [C:/Users/danie/Documents/Gamedev VR/game/UE4 game/fpsgame/Saved/Config/Windows/Scalability.ini]
[2022.08.24-18.45.43:214][  0]LogConfig: Setting CVar [[r.PostProcessAAQuality:4]]
[2022.08.24-18.45.43:214][  0]LogConfig: Applying CVar settings from Section [ShadowQuality@3] File [C:/Users/danie/Documents/Gamedev VR/game/UE4 game/fpsgame/Saved/Config/Windows/Scalability.ini]
[2022.08.24-18.45.43:214][  0]LogConfig: Setting CVar [[r.LightFunctionQuality:1]]
[2022.08.24-18.45.43:214][  0]LogConfig: Setting CVar [[r.ShadowQuality:5]]
[2022.08.24-18.45.43:214][  0]LogConfig: Setting CVar [[r.Shadow.CSM.MaxCascades:10]]
[2022.08.24-18.45.43:214][  0]LogConfig: Setting CVar [[r.Shadow.MaxResolution:2048]]
[2022.08.24-18.45.43:214][  0]LogConfig: Setting CVar [[r.Shadow.MaxCSMResolution:2048]]
[2022.08.24-18.45.43:214][  0]LogConfig: Setting CVar [[r.Shadow.RadiusThreshold:0.01]]
[2022.08.24-18.45.43:214][  0]LogConfig: Setting CVar [[r.Shadow.DistanceScale:1.0]]
[2022.08.24-18.45.43:214][  0]LogConfig: Setting CVar [[r.Shadow.CSM.TransitionScale:1.0]]
[2022.08.24-18.45.43:214][  0]LogConfig: Setting CVar [[r.Shadow.PreShadowResolutionFactor:1.0]]
[2022.08.24-18.45.43:214][  0]LogConfig: Setting CVar [[r.DistanceFieldShadowing:1]]
[2022.08.24-18.45.43:214][  0]LogConfig: Setting CVar [[r.DistanceFieldAO:1]]
[2022.08.24-18.45.43:214][  0]LogConfig: Setting CVar [[r.AOQuality:2]]
[2022.08.24-18.45.43:214][  0]LogConfig: Setting CVar [[r.VolumetricFog:1]]
[2022.08.24-18.45.43:214][  0]LogConfig: Setting CVar [[r.VolumetricFog.GridPixelSize:8]]
[2022.08.24-18.45.43:214][  0]LogConfig: Setting CVar [[r.VolumetricFog.GridSizeZ:128]]
[2022.08.24-18.45.43:214][  0]LogConfig: Setting CVar [[r.VolumetricFog.HistoryMissSupersampleCount:4]]
[2022.08.24-18.45.43:214][  0]LogConfig: Setting CVar [[r.LightMaxDrawDistanceScale:1]]
[2022.08.24-18.45.43:214][  0]LogConfig: Setting CVar [[r.CapsuleShadows:1]]
[2022.08.24-18.45.43:214][  0]LogConfig: Applying CVar settings from Section [PostProcessQuality@3] File [C:/Users/danie/Documents/Gamedev VR/game/UE4 game/fpsgame/Saved/Config/Windows/Scalability.ini]
[2022.08.24-18.45.43:214][  0]LogConfig: Setting CVar [[r.MotionBlurQuality:4]]
[2022.08.24-18.45.43:214][  0]LogConfig: Setting CVar [[r.AmbientOcclusionMipLevelFactor:0.4]]
[2022.08.24-18.45.43:214][  0]LogConfig: Setting CVar [[r.AmbientOcclusionMaxQuality:100]]
[2022.08.24-18.45.43:214][  0]LogConfig: Setting CVar [[r.AmbientOcclusionLevels:-1]]
[2022.08.24-18.45.43:214][  0]LogConfig: Setting CVar [[r.AmbientOcclusionRadiusScale:1.0]]
[2022.08.24-18.45.43:214][  0]LogConfig: Setting CVar [[r.DepthOfFieldQuality:2]]
[2022.08.24-18.45.43:214][  0]LogConfig: Setting CVar [[r.RenderTargetPoolMin:400]]
[2022.08.24-18.45.43:214][  0]LogConfig: Setting CVar [[r.LensFlareQuality:2]]
[2022.08.24-18.45.43:214][  0]LogConfig: Setting CVar [[r.SceneColorFringeQuality:1]]
[2022.08.24-18.45.43:214][  0]LogConfig: Setting CVar [[r.EyeAdaptationQuality:2]]
[2022.08.24-18.45.43:214][  0]LogConfig: Setting CVar [[r.BloomQuality:5]]
[2022.08.24-18.45.43:214][  0]LogConfig: Setting CVar [[r.FastBlurThreshold:100]]
[2022.08.24-18.45.43:214][  0]LogConfig: Setting CVar [[r.Upscale.Quality:3]]
[2022.08.24-18.45.43:214][  0]LogConfig: Setting CVar [[r.Tonemapper.GrainQuantization:1]]
[2022.08.24-18.45.43:214][  0]LogConfig: Setting CVar [[r.LightShaftQuality:1]]
[2022.08.24-18.45.43:214][  0]LogConfig: Setting CVar [[r.Filter.SizeScale:1]]
[2022.08.24-18.45.43:214][  0]LogConfig: Setting CVar [[r.Tonemapper.Quality:5]]
[2022.08.24-18.45.43:214][  0]LogConfig: Setting CVar [[r.DOF.Gather.AccumulatorQuality:1        ; higher gathering accumulator quality]]
[2022.08.24-18.45.43:214][  0]LogConfig: Setting CVar [[r.DOF.Gather.PostfilterMethod:1          ; Median3x3 postfilering method]]
[2022.08.24-18.45.43:214][  0]LogConfig: Setting CVar [[r.DOF.Gather.EnableBokehSettings:0       ; no bokeh simulation when gathering]]
[2022.08.24-18.45.43:214][  0]LogConfig: Setting CVar [[r.DOF.Gather.RingCount:4                 ; medium number of samples when gathering]]
[2022.08.24-18.45.43:214][  0]LogConfig: Setting CVar [[r.DOF.Scatter.ForegroundCompositing:1    ; additive foreground scattering]]
[2022.08.24-18.45.43:214][  0]LogConfig: Setting CVar [[r.DOF.Scatter.BackgroundCompositing:2    ; additive background scattering]]
[2022.08.24-18.45.43:214][  0]LogConfig: Setting CVar [[r.DOF.Scatter.EnableBokehSettings:1      ; bokeh simulation when scattering]]
[2022.08.24-18.45.43:214][  0]LogConfig: Setting CVar [[r.DOF.Scatter.MaxSpriteRatio:0.1         ; only a maximum of 10% of scattered bokeh]]
[2022.08.24-18.45.43:214][  0]LogConfig: Setting CVar [[r.DOF.Recombine.Quality:1                ; cheap slight out of focus]]
[2022.08.24-18.45.43:214][  0]LogConfig: Setting CVar [[r.DOF.Recombine.EnableBokehSettings:0    ; no bokeh simulation on slight out of focus]]
[2022.08.24-18.45.43:214][  0]LogConfig: Setting CVar [[r.DOF.TemporalAAQuality:1                ; more stable temporal accumulation]]
[2022.08.24-18.45.43:215][  0]LogConfig: Setting CVar [[r.DOF.Kernel.MaxForegroundRadius:0.025]]
[2022.08.24-18.45.43:215][  0]LogConfig: Setting CVar [[r.DOF.Kernel.MaxBackgroundRadius:0.025]]
[2022.08.24-18.45.43:215][  0]LogConfig: Applying CVar settings from Section [TextureQuality@3] File [C:/Users/danie/Documents/Gamedev VR/game/UE4 game/fpsgame/Saved/Config/Windows/Scalability.ini]
[2022.08.24-18.45.43:215][  0]LogConfig: Setting CVar [[r.Streaming.MipBias:0]]
[2022.08.24-18.45.43:215][  0]LogConfig: Setting CVar [[r.Streaming.AmortizeCPUToGPUCopy:0]]
[2022.08.24-18.45.43:215][  0]LogConfig: Setting CVar [[r.Streaming.MaxNumTexturesToStreamPerFrame:0]]
[2022.08.24-18.45.43:215][  0]LogConfig: Setting CVar [[r.Streaming.Boost:1]]
[2022.08.24-18.45.43:215][  0]LogConfig: Setting CVar [[r.MaxAnisotropy:8]]
[2022.08.24-18.45.43:215][  0]LogConfig: Setting CVar [[r.VT.MaxAnisotropy:8]]
[2022.08.24-18.45.43:215][  0]LogConfig: Setting CVar [[r.Streaming.LimitPoolSizeToVRAM:0]]
[2022.08.24-18.45.43:215][  0]LogConfig: Setting CVar [[r.Streaming.PoolSize:1000]]
[2022.08.24-18.45.43:215][  0]LogConfig: Setting CVar [[r.Streaming.MaxEffectiveScreenSize:0]]
[2022.08.24-18.45.43:215][  0]LogConfig: Applying CVar settings from Section [EffectsQuality@3] File [C:/Users/danie/Documents/Gamedev VR/game/UE4 game/fpsgame/Saved/Config/Windows/Scalability.ini]
[2022.08.24-18.45.43:215][  0]LogConfig: Setting CVar [[r.TranslucencyLightingVolumeDim:64]]
[2022.08.24-18.45.43:215][  0]LogConfig: Setting CVar [[r.RefractionQuality:2]]
[2022.08.24-18.45.43:215][  0]LogConfig: Setting CVar [[r.SSR.Quality:3]]
[2022.08.24-18.45.43:215][  0]LogConfig: Setting CVar [[r.SSR.HalfResSceneColor:0]]
[2022.08.24-18.45.43:215][  0]LogConfig: Setting CVar [[r.SceneColorFormat:4]]
[2022.08.24-18.45.43:215][  0]LogConfig: Setting CVar [[r.DetailMode:2]]
[2022.08.24-18.45.43:215][  0]LogConfig: Setting CVar [[r.TranslucencyVolumeBlur:1]]
[2022.08.24-18.45.43:215][  0]LogConfig: Setting CVar [[r.MaterialQualityLevel:1 ; High quality]]
[2022.08.24-18.45.43:215][  0]LogConfig: Setting CVar [[r.AnisotropicMaterials:1]]
[2022.08.24-18.45.43:215][  0]LogConfig: Setting CVar [[r.SSS.Scale:1]]
[2022.08.24-18.45.43:215][  0]LogConfig: Setting CVar [[r.SSS.SampleSet:2]]
[2022.08.24-18.45.43:215][  0]LogConfig: Setting CVar [[r.SSS.Quality:1]]
[2022.08.24-18.45.43:215][  0]LogConfig: Setting CVar [[r.SSS.HalfRes:0]]
[2022.08.24-18.45.43:215][  0]LogConfig: Setting CVar [[r.SSGI.Quality:3]]
[2022.08.24-18.45.43:215][  0]LogConfig: Setting CVar [[r.EmitterSpawnRateScale:1.0]]
[2022.08.24-18.45.43:215][  0]LogConfig: Setting CVar [[r.ParticleLightQuality:2]]
[2022.08.24-18.45.43:215][  0]LogConfig: Setting CVar [[r.SkyAtmosphere.AerialPerspectiveLUT.FastApplyOnOpaque:1 ; Always have FastSkyLUT 1 in this case to avoid wrong sky]]
[2022.08.24-18.45.43:215][  0]LogConfig: Setting CVar [[r.SkyAtmosphere.AerialPerspectiveLUT.SampleCountMaxPerSlice:4]]
[2022.08.24-18.45.43:215][  0]LogConfig: Setting CVar [[r.SkyAtmosphere.AerialPerspectiveLUT.DepthResolution:16.0]]
[2022.08.24-18.45.43:215][  0]LogConfig: Setting CVar [[r.SkyAtmosphere.FastSkyLUT:1]]
[2022.08.24-18.45.43:215][  0]LogConfig: Setting CVar [[r.SkyAtmosphere.FastSkyLUT.SampleCountMin:4.0]]
[2022.08.24-18.45.43:215][  0]LogConfig: Setting CVar [[r.SkyAtmosphere.FastSkyLUT.SampleCountMax:128.0]]
[2022.08.24-18.45.43:215][  0]LogConfig: Setting CVar [[r.SkyAtmosphere.SampleCountMin:4.0]]
[2022.08.24-18.45.43:215][  0]LogConfig: Setting CVar [[r.SkyAtmosphere.SampleCountMax:128.0]]
[2022.08.24-18.45.43:215][  0]LogConfig: Setting CVar [[r.SkyAtmosphere.TransmittanceLUT.UseSmallFormat:0]]
[2022.08.24-18.45.43:215][  0]LogConfig: Setting CVar [[r.SkyAtmosphere.TransmittanceLUT.SampleCount:10.0]]
[2022.08.24-18.45.43:215][  0]LogConfig: Setting CVar [[r.SkyAtmosphere.MultiScatteringLUT.SampleCount:15.0]]
[2022.08.24-18.45.43:215][  0]LogConfig: Setting CVar [[r.SkyLight.RealTimeReflectionCapture:1]]
[2022.08.24-18.45.43:215][  0]LogConfig: Applying CVar settings from Section [FoliageQuality@3] File [C:/Users/danie/Documents/Gamedev VR/game/UE4 game/fpsgame/Saved/Config/Windows/Scalability.ini]
[2022.08.24-18.45.43:215][  0]LogConfig: Setting CVar [[foliage.DensityScale:1.0]]
[2022.08.24-18.45.43:215][  0]LogConfig: Setting CVar [[grass.DensityScale:1.0]]
[2022.08.24-18.45.43:215][  0]LogConfig: Applying CVar settings from Section [ShadingQuality@3] File [C:/Users/danie/Documents/Gamedev VR/game/UE4 game/fpsgame/Saved/Config/Windows/Scalability.ini]
[2022.08.24-18.45.43:215][  0]LogConfig: Setting CVar [[r.HairStrands.SkyLighting.IntegrationType:2]]
[2022.08.24-18.45.43:215][  0]LogConfig: Setting CVar [[r.HairStrands.SkyAO.SampleCount:4]]
[2022.08.24-18.45.43:215][  0]LogConfig: Setting CVar [[r.HairStrands.Visibility.MSAA.SamplePerPixel:4]]
[2022.08.24-18.45.43:215][  0]LogConfig: Applying CVar settings from Section [Startup] File [../../../Engine/Config/ConsoleVariables.ini]
[2022.08.24-18.45.43:216][  0]LogConfig: Setting CVar [[net.UseAdaptiveNetUpdateFrequency:0]]
[2022.08.24-18.45.43:216][  0]LogConfig: Setting CVar [[p.chaos.AllowCreatePhysxBodies:1]]
[2022.08.24-18.45.43:216][  0]LogConfig: Setting CVar [[fx.SkipVectorVMBackendOptimizations:1]]
[2022.08.24-18.45.43:216][  0]LogConfig: Applying CVar settings from Section [ConsoleVariables] File [C:/Users/danie/Documents/Gamedev VR/game/UE4 game/fpsgame/Saved/Config/Windows/Engine.ini]
[2022.08.24-18.45.43:216][  0]LogConfig: Applying CVar settings from Section [ConsoleVariables] File [C:/Users/danie/Documents/Gamedev VR/game/UE4 game/fpsgame/Saved/Config/Windows/Editor.ini]
[2022.08.24-18.45.43:216][  0]LogInit: Computer: DESKTOP-QG36584
[2022.08.24-18.45.43:216][  0]LogInit: User: danie
[2022.08.24-18.45.43:216][  0]LogInit: CPU Page size=4096, Cores=6
[2022.08.24-18.45.43:216][  0]LogInit: High frequency timer resolution =10.000000 MHz
[2022.08.24-18.45.43:216][  0]LogMemory: Memory total: Physical=16.0GB (16GB approx)
[2022.08.24-18.45.43:216][  0]LogMemory: Platform Memory Stats for Windows
[2022.08.24-18.45.43:216][  0]LogMemory: Process Physical Memory: 145.53 MB used, 145.54 MB peak
[2022.08.24-18.45.43:216][  0]LogMemory: Process Virtual Memory: 128.10 MB used, 128.10 MB peak
[2022.08.24-18.45.43:216][  0]LogMemory: Physical Memory: 13445.78 MB used,  2888.99 MB free, 16334.77 MB total
[2022.08.24-18.45.43:216][  0]LogMemory: Virtual Memory: 134213968.00 MB used,  3762.92 MB free, 134217728.00 MB total
[2022.08.24-18.45.43:219][  0]LogWindows: WindowsPlatformFeatures enabled
[2022.08.24-18.45.43:236][  0]LogInit: Physics initialised using underlying interface: PhysX
[2022.08.24-18.45.43:236][  0]LogInit: Using OS detected language (en-US).
[2022.08.24-18.45.43:236][  0]LogInit: Using OS detected locale (en-GB).
[2022.08.24-18.45.43:239][  0]LogTextLocalizationManager: No specific localization for 'en-US' exists, so the 'en' localization will be used.
[2022.08.24-18.45.43:401][  0]LogWindowsTextInputMethodSystem: Display: IME system deactivated.
[2022.08.24-18.45.43:425][  0]LogSlate: New Slate User Created.  User Index 0, Is Virtual User: 0
[2022.08.24-18.45.43:425][  0]LogSlate: Slate User Registered.  User Index 0, Is Virtual User: 0
[2022.08.24-18.45.43:444][  0]LogD3D11RHI: Loaded GFSDK_Aftermath_Lib.x64.dll
[2022.08.24-18.45.43:446][  0]LogHMD: Failed to initialize OpenVR with code 110
[2022.08.24-18.45.43:446][  0]LogD3D11RHI: D3D11 min allowed feature level: 11_0
[2022.08.24-18.45.43:446][  0]LogD3D11RHI: D3D11 max allowed feature level: 11_0
[2022.08.24-18.45.43:446][  0]LogD3D11RHI: D3D11 adapters:
[2022.08.24-18.45.43:479][  0]LogD3D11RHI:    0. 'AMD Radeon RX 5700 XT' (Feature Level 11_0)
[2022.08.24-18.45.43:479][  0]LogD3D11RHI:       8151/0/8167 MB DedicatedVideo/DedicatedSystem/SharedSystem, Outputs:2, VendorId:0x1002
[2022.08.24-18.45.43:481][  0]LogD3D11RHI:    1. 'Microsoft Basic Render Driver' (Feature Level 11_0)
[2022.08.24-18.45.43:481][  0]LogD3D11RHI:       0/0/8167 MB DedicatedVideo/DedicatedSystem/SharedSystem, Outputs:0, VendorId:0x1414
[2022.08.24-18.45.43:481][  0]LogD3D11RHI: Chosen D3D11 Adapter:
[2022.08.24-18.45.43:481][  0]LogD3D11RHI:     Description : AMD Radeon RX 5700 XT
[2022.08.24-18.45.43:481][  0]LogD3D11RHI:     VendorId    : 1002
[2022.08.24-18.45.43:481][  0]LogD3D11RHI:     DeviceId    : 731f
[2022.08.24-18.45.43:481][  0]LogD3D11RHI:     SubSysId    : 23131458
[2022.08.24-18.45.43:481][  0]LogD3D11RHI:     Revision    : 00c1
[2022.08.24-18.45.43:481][  0]LogD3D11RHI:     DedicatedVideoMemory : 8547471360 bytes
[2022.08.24-18.45.43:481][  0]LogD3D11RHI:     DedicatedSystemMemory : 0 bytes
[2022.08.24-18.45.43:481][  0]LogD3D11RHI:     SharedSystemMemory : 8564123648 bytes
[2022.08.24-18.45.43:481][  0]LogD3D11RHI:     AdapterLuid : 0 58291
[2022.08.24-18.45.43:488][  0]LogD3D11RHI: Creating new Direct3DDevice
[2022.08.24-18.45.43:488][  0]LogD3D11RHI:     GPU DeviceId: 0x731f (for the marketing name, search the web for "GPU Device Id")
[2022.08.24-18.45.43:488][  0]LogWindows: EnumDisplayDevices:
[2022.08.24-18.45.43:489][  0]LogWindows:    0. 'AMD Radeon RX 5700 XT' (P:1 D:1)
[2022.08.24-18.45.43:489][  0]LogWindows:    1. 'AMD Radeon RX 5700 XT' (P:0 D:1)
[2022.08.24-18.45.43:489][  0]LogWindows:    2. 'AMD Radeon RX 5700 XT' (P:0 D:0)
[2022.08.24-18.45.43:489][  0]LogWindows:    3. 'AMD Radeon RX 5700 XT' (P:0 D:0)
[2022.08.24-18.45.43:489][  0]LogWindows:    4. 'AMD Radeon RX 5700 XT' (P:0 D:0)
[2022.08.24-18.45.43:490][  0]LogWindows:    5. 'AMD Radeon RX 5700 XT' (P:0 D:0)
[2022.08.24-18.45.43:490][  0]LogWindows:    6. 'AMD Radeon RX 5700 XT' (P:0 D:0)
[2022.08.24-18.45.43:490][  0]LogWindows: DebugString: FoundDriverCount:7 
[2022.08.24-18.45.43:490][  0]LogD3D11RHI:     Adapter Name: AMD Radeon RX 5700 XT
[2022.08.24-18.45.43:490][  0]LogD3D11RHI:   Driver Version: AMD Software: Adrenalin Edition 22.5.1 (internal:30.0.15021.11005, unified:30.0.15021.11005)
[2022.08.24-18.45.43:490][  0]LogD3D11RHI:      Driver Date: 4-28-2022
[2022.08.24-18.45.43:490][  0]LogRHI: Texture pool is 5168 MB (70% of 7383 MB)
[2022.08.24-18.45.43:512][  0]LogD3D11RHI: Creating D3DDevice with AMD AGS, using adapter:
[2022.08.24-18.45.43:512][  0]LogD3D11RHI:     Description : AMD Radeon RX 5700 XT
[2022.08.24-18.45.43:512][  0]LogD3D11RHI:     VendorId    : 1002
[2022.08.24-18.45.43:512][  0]LogD3D11RHI:     DeviceId    : 731f
[2022.08.24-18.45.43:512][  0]LogD3D11RHI:     SubSysId    : 23131458
[2022.08.24-18.45.43:512][  0]LogD3D11RHI:     Revision    : 00c1
[2022.08.24-18.45.43:512][  0]LogD3D11RHI:     DedicatedVideoMemory : 8547471360 bytes
[2022.08.24-18.45.43:512][  0]LogD3D11RHI:     DedicatedSystemMemory : 0 bytes
[2022.08.24-18.45.43:512][  0]LogD3D11RHI:     SharedSystemMemory : 8564123648 bytes
[2022.08.24-18.45.43:512][  0]LogD3D11RHI:     AdapterLuid : 0 58291
[2022.08.24-18.45.43:542][  0]LogD3D11RHI: Created device via AGS, feature level 11_0, supported extensions 1fffffbf.
[2022.08.24-18.45.43:542][  0]LogD3D11RHI: RHI has support for 64 bit atomics
[2022.08.24-18.45.43:542][  0]LogD3D11RHI: Async texture creation enabled
[2022.08.24-18.45.43:542][  0]LogD3D11RHI: Array index from any shader is supported
[2022.08.24-18.45.43:555][  0]LogD3D11RHI: GPU Timing Frequency: 100.000000 (Debug: 2 1)
[2022.08.24-18.45.43:789][  0]LogTargetPlatformManager: Display: Loaded TargetPlatform 'WindowsNoEditor'
[2022.08.24-18.45.43:793][  0]LogTargetPlatformManager: Display: Loaded TargetPlatform 'Windows'
[2022.08.24-18.45.43:797][  0]LogTargetPlatformManager: Display: Loaded TargetPlatform 'WindowsClient'
[2022.08.24-18.45.43:800][  0]LogTargetPlatformManager: Display: Loaded TargetPlatform 'WindowsServer'
[2022.08.24-18.45.43:800][  0]LogTargetPlatformManager: Display: Building Assets For Windows
[2022.08.24-18.45.43:806][  0]LogAudioDebug: Display: Lib vorbis DLL was dynamically loaded.
[2022.08.24-18.45.43:832][  0]LogTextureFormatOodle: Display: Oodle Texture 2.9.0 init RDO Off
[2022.08.24-18.45.43:854][  0]LogRendererCore: Ray tracing is disabled. Reason: r.RayTracing=0.
[2022.08.24-18.45.43:854][  0]LogShaderCompilers: Guid format shader working directory is -27 characters bigger than the processId version (../../../../../../Users/danie/Documents/Gamedev VR/game/UE4 game/fpsgame/Intermediate/Shaders/WorkingDirectory/14928/).
[2022.08.24-18.45.43:854][  0]LogShaderCompilers: Cleaned the shader compiler working directory 'C:/Users/danie/AppData/Local/Temp/UnrealShaderWorkingDir/170C206640EC516DCE754E92B1A49100/'.
[2022.08.24-18.45.43:854][  0]LogXGEController: Cannot use XGE Controller as Incredibuild is not installed on this machine.
[2022.08.24-18.45.43:854][  0]LogShaderCompilers: Cannot use XGE Shader Compiler as Incredibuild is not installed on this machine.
[2022.08.24-18.45.43:854][  0]LogShaderCompilers: Display: Using Local Shader Compiler.
[2022.08.24-18.45.44:494][  0]LogDerivedDataCache: Display: Max Cache Size: 512 MB
[2022.08.24-18.45.44:541][  0]LogDerivedDataCache: Loaded boot cache 0.05s 95MB C:/Users/danie/AppData/Local/UnrealEngine/4.27/DerivedDataCache/Boot.ddc.
[2022.08.24-18.45.44:541][  0]LogDerivedDataCache: Display: Loaded Boot cache: C:/Users/danie/AppData/Local/UnrealEngine/4.27/DerivedDataCache/Boot.ddc
[2022.08.24-18.45.44:541][  0]LogDerivedDataCache: FDerivedDataBackendGraph:  Pak pak cache file ../../../../../../Users/danie/Documents/Gamedev VR/game/UE4 game/fpsgame/DerivedDataCache/DDC.ddp not found, will not use a pak cache.
[2022.08.24-18.45.44:541][  0]LogDerivedDataCache: Unable to find inner node Pak for hierarchical cache Hierarchy.
[2022.08.24-18.45.44:541][  0]LogDerivedDataCache: FDerivedDataBackendGraph:  CompressedPak pak cache file ../../../../../../Users/danie/Documents/Gamedev VR/game/UE4 game/fpsgame/DerivedDataCache/Compressed.ddp not found, will not use a pak cache.
[2022.08.24-18.45.44:541][  0]LogDerivedDataCache: Unable to find inner node CompressedPak for hierarchical cache Hierarchy.
[2022.08.24-18.45.44:558][  0]LogDerivedDataCache: Display: Pak cache opened for reading ../../../Engine/DerivedDataCache/Compressed.ddp.
[2022.08.24-18.45.44:558][  0]LogDerivedDataCache: FDerivedDataBackendGraph:  EnterprisePak pak cache file ../../../Enterprise/DerivedDataCache/Compressed.ddp not found, will not use a pak cache.
[2022.08.24-18.45.44:558][  0]LogDerivedDataCache: Unable to find inner node EnterprisePak for hierarchical cache Hierarchy.
[2022.08.24-18.45.44:567][  0]LogDerivedDataCache: Speed tests for C:/Users/danie/AppData/Local/UnrealEngine/Common/DerivedDataCache took 0.01 seconds
[2022.08.24-18.45.44:567][  0]LogDerivedDataCache: Display: Performance to C:/Users/danie/AppData/Local/UnrealEngine/Common/DerivedDataCache: Latency=0.03ms. RandomReadSpeed=308.71MBs, RandomWriteSpeed=158.54MBs. Assigned SpeedClass 'Local'
[2022.08.24-18.45.44:568][  0]LogDerivedDataCache: Using Local data cache path C:/Users/danie/AppData/Local/UnrealEngine/Common/DerivedDataCache: Writable
[2022.08.24-18.45.44:568][  0]LogDerivedDataCache: Shared data cache path not found in *engine.ini, will not use an Shared cache.
[2022.08.24-18.45.44:568][  0]LogDerivedDataCache: Unable to find inner node Shared for hierarchical cache Hierarchy.
[2022.08.24-18.45.44:602][  0]LogSlate: Using FreeType 2.10.0
[2022.08.24-18.45.44:602][  0]LogSlate: SlateFontServices - WITH_FREETYPE: 1, WITH_HARFBUZZ: 1
[2022.08.24-18.45.44:679][  0]LogInit: Using OS detected language (en-US).
[2022.08.24-18.45.44:679][  0]LogInit: Using OS detected locale (en-GB).
[2022.08.24-18.45.44:679][  0]LogTextLocalizationManager: No localization for 'en-US' exists, so 'en' will be used for the language.
[2022.08.24-18.45.44:679][  0]LogTextLocalizationManager: No localization for 'en-GB' exists, so 'en' will be used for the locale.
[2022.08.24-18.45.44:679][  0]LogSlate: FontCache flush requested. Reason: Culture for localization was changed
[2022.08.24-18.45.44:679][  0]LogSlate: FontCache flush requested. Reason: Culture for localization was changed
[2022.08.24-18.45.44:682][  0]LogTextLocalizationManager: Compacting localization data took   0.00ms
[2022.08.24-18.45.44:682][  0]LogAssetRegistry: FAssetRegistry took 0.0019 seconds to start up
[2022.08.24-18.45.44:831][  0]LogPackageLocalizationCache: Processed 27 localized package path(s) for 1 prioritized culture(s) in 0.001123 seconds
[2022.08.24-18.45.44:895][  0]LogInit: Selected Device Profile: [Windows]
[2022.08.24-18.45.44:895][  0]LogInit: Active device profile: [000001F433019400][000001F428418100 49] Windows
[2022.08.24-18.45.44:895][  0]LogInit: Profiles: [000001F433019400][000001F428418100 49] Windows, [000001F432FA6800][000001F42841C280 49] WindowsNoEditor, [000001F432FA7A00][000001F428420400 49] WindowsServer, [000001F433019300][000001F428424580 49] WindowsClient, [000001F433019600][000001F428428700 49] IOS, [000001F432F9BD00][000001F42842C880 49] iPadAir, [000001F433018100][000001F428430A00 49] iPadAir2, [000001F432F58A00][000001F428438CC0 49] IPadPro, [000001F432F58B00][000001F428434D00 49] iPadAir3, [000001F432FA7900][000001F42843CE80 49] iPadAir4, [000001F432F58600][000001F428441000 49] iPadMini2, [000001F432FA7600][000001F4286EF180 49] iPadMini3, [000001F432F59700][000001F4286F3300 49] iPadMini4, [000001F432FA5E00][000001F4286F7480 49] iPadMini5, [000001F432F9A000][000001F4286FF740 49] iPhone6, [000001F432F4BF00][000001F4286FB780 49] iPodTouch6, [000001F432F98200][000001F4287039C0 49] iPhone7, [000001F432F98100][000001F428415A00 49] iPodTouch7, [000001F432F48400][000001F428707B40 49] iPhone5S, [000001F432F9BE00][000001F42870A100 49] iPhone6Plus, [000001F432F4B400][000001F428712280 49] iPhone6S, [000001F432F9BA00][000001F428716400 49] iPhone6SPlus, [000001F432F48E00][000001F42871A580 49] iPhone7Plus, [000001F432F98900][000001F42871E700 49] iPhoneSE, [000001F432F4AB00][000001F428722880 49] iPhone8, [000001F432F99F00][000001F428726A00 49] iPhone8Plus, [000001F432F49700][000001F42872AB80 49] iPhoneX, [000001F432F99900][000001F42872ED00 49] iPhoneXS, [000001F432F4A200][000001F428732E80 49] iPhoneXSMax, [000001F432F98D00][000001F428737000 49] iPhoneXR, [000001F432F4B500][000001F428E7D180 49] iPhone11, [000001F432F9AE00][000001F428E81300 49] iPhone11Pro, [000001F432F49000][000001F428E85480 49] iPhone11ProMax, [000001F432F99700][000001F428E89600 49] iPhoneSE2, [000001F432F4A900][000001F428E8D780 49] iPhone12Mini, [000001F432F9A300][000001F428E91900 49] iPhone12, [000001F432F49A00][000001F428E95A80 49] iPhone12Pro, [000001F432F98500][000001F42870FBC0 49] iPhone12ProMax, [000001F432F48200][000001F428E98180 49] iPadPro105, [000001F432F9B400][000001F428E9C2C0 49] iPadPro129, [000001F432F49B00][000001F428EA4440 49] iPadPro97, [000001F432F98400][000001F428EA85C0 49] iPadPro2_129, [000001F432F4BB00][000001F428EAC740 49] iPad5, [000001F432F9B800][000001F428EB08C0 49] iPad6, [000001F432F4B800][000001F428EB4A40 49] iPad7, [000001F432F9B100][000001F428EB8BC0 49] iPad8, [000001F432F49500][000001F428EBCD40 49] iPadPro11, [000001F432F99100][000001F428EC0EC0 49] iPadPro2_11, [000001F432F48B00][000001F428EC5040 49] iPadPro3_129, [000001F432F9A800][000001F428EC91C0 49] iPadPro4_129, [000001F432F4B700][000001F428ECD340 49] AppleTV, [000001F432F9B200][000001F428ED14C0 49] AppleTV4K, [000001F432F4AA00][000001F428ED5640 49] TVOS, [000001F432F9A400][000001F428ED97C0 49] Mac, [000001F432F48F00][000001F428EDD940 49] MacClient, [000001F432F9B300][000001F428EE1AC0 49] MacNoEditor, [000001F432F4AC00][000001F428EE40C0 49] MacServer, [000001F432F98800][000001F428EA0200 49] Linux, [000001F432F4B900][000001F428EE8340 49] LinuxAArch64, [000001F432F9B900][000001F428EEC480 49] LinuxNoEditor, [000001F432F49D00][000001F428EF05C0 49] LinuxAArch64NoEditor, [000001F432F98E00][000001F428EF8740 49] LinuxClient, [000001F432F4B300][000001F428EFC8C0 49] LinuxAArch64Client, [000001F432F98B00][000001F428F00A40 49] LinuxServer, [000001F432F48700][000001F428F04BC0 49] LinuxAArch64Server, [000001F432F99C00][000001F428F08D40 49] Android, [000001F432F48800][000001F428F0CEC0 49] Android_Low, [000001F432F9A500][000001F428F11040 49] Android_Mid, [000001F432F49200][000001F428F151C0 49] Android_High, [000001F433018900][000001F428F19340 49] Android_Default, [000001F432FA6300][000001F428F1D4C0 49] Android_Adreno4xx, [000001F43301B600][000001F428F21640 49] Android_Adreno5xx_Low, [000001F432FA5F00][000001F428F257C0 49] Android_Adreno5xx, [000001F43301AD00][000001F428F29940 49] Android_Adreno6xx, [000001F432FA4500][000001F428F2DAC0 49] Android_Adreno6xx_Vulkan, [000001F433018B00][000001F428F300C0 49] Android_Mali_T6xx, [000001F432FA6100][000001F428F34240 49] Android_Mali_T7xx, [000001F433018E00][000001F428EF4380 49] Android_Mali_T8xx, [000001F432FA4700][000001F428F384C0 49] Android_Mali_G71, [000001F43301AE00][000001F428F3C600 49] Android_Mali_G72, [000001F432FA7C00][000001F428F40740 49] Android_Mali_G72_Vulkan, [000001F43301B000][000001F428F488C0 49] Android_Mali_G76, [000001F432FA5000][000001F428F4CA40 49] Android_Mali_G76_Vulkan, [000001F433019C00][000001F428F50BC0 49] Android_Mali_G77, [000001F432FA5500][000001F428F54D40 49] Android_Mali_G77_Vulkan, [000001F43301A000][000001F428F58EC0 49] Android_Mali_G78, [000001F432FA4100][000001F428F5D040 49] Android_Mali_G78_Vulkan, [000001F43301AA00][000001F428F611C0 49] Android_Mali_G710, [000001F432FA7000][000001F428F65340 49] Android_Mali_G710_Vulkan, [000001F43301A700][000001F428F694C0 49] Android_Vulkan_SM5, [000001F432FA6D00][000001F428F6D640 49] Android_PowerVR_G6xxx, [000001F43301B100][000001F428F717C0 49] Android_PowerVR_GT7xxx, [000001F432FA4900][000001F428F75940 49] Android_PowerVR_GE8xxx, [000001F43301A100][000001F428F79AC0 49] Android_PowerVR_GM9xxx, [000001F432FA4400][000001F428F7C0C0 49] Android_PowerVR_GM9xxx_Vulkan, [000001F433019800][000001F428F80240 49] Android_TegraK1, [000001F432F9A700][000001F428F843C0 49] Android_Unknown_Vulkan, [000001F43301A800][000001F428F88540 49] Lumin, [000001F432F98600][000001F428F44680 49] Lumin_Desktop, [000001F43301A500][000001F428F8C7C0 49] HoloLens, 
[2022.08.24-18.45.44:926][  0]LogMeshReduction: Using QuadricMeshReduction for automatic static mesh reduction
[2022.08.24-18.45.44:926][  0]LogMeshReduction: Using SimplygonMeshReduction for automatic skeletal mesh reduction
[2022.08.24-18.45.44:926][  0]LogMeshReduction: Using ProxyLODMeshReduction for automatic mesh merging
[2022.08.24-18.45.44:926][  0]LogMeshReduction: No distributed automatic mesh merging module available
[2022.08.24-18.45.44:926][  0]LogMeshMerging: No distributed automatic mesh merging module available
[2022.08.24-18.45.45:017][  0]LogNetVersion: fpsgame 1.0.0, NetCL: 17155196, EngineNetVer: 17, GameNetVer: 0 (Checksum: 3215450660)
[2022.08.24-18.45.45:231][  0]LogTexture: Default maximum texture size for cubemaps generated from long-lat sources has been changed from 512 to unlimited. In order to preserve old behaiour for '/Engine/MapTemplates/Sky/DaylightAmbientCubemap.DaylightAmbientCubemap', its maximum texture size has been explicitly set to 512.
[2022.08.24-18.45.45:276][  0]LogHMD: PokeAHoleMaterial loaded successfully
[2022.08.24-18.45.45:365][  0]LogMoviePlayer: Initializing movie player
[2022.08.24-18.45.45:467][  0]LogNiagaraDebuggerClient: Niagara Debugger Client Initialized | Session: 8401387F4998AF4261339CB7333CD65E | Instance: F063ABEF4DD361F6F42FB4B37B0E78B6 (DESKTOP-QG36584-14928).
[2022.08.24-18.45.45:484][  0]LogCollectionManager: Loaded 0 collections in 0.001594 seconds
[2022.08.24-18.45.45:486][  0]LogFileCache: Scanning file cache for directory 'C:/Users/danie/Documents/Gamedev VR/game/UE4 game/fpsgame/Saved/Collections/' took 0.00s
[2022.08.24-18.45.45:486][  0]LogFileCache: Scanning file cache for directory 'C:/Users/danie/Documents/Gamedev VR/game/UE4 game/fpsgame/Content/Developers/danie/Collections/' took 0.00s
[2022.08.24-18.45.45:486][  0]LogFileCache: Scanning file cache for directory 'C:/Users/danie/Documents/Gamedev VR/game/UE4 game/fpsgame/Content/Collections/' took 0.00s
[2022.08.24-18.45.45:486][  0]LogCollectionManager: Fixed up redirectors for 0 collections in 0.000001 seconds (updated 0 objects)
[2022.08.24-18.45.45:573][  0]LogTcpMessaging: Initializing TcpMessaging bridge
[2022.08.24-18.45.45:577][  0]LogUdpMessaging: Initializing bridge on interface 0.0.0.0:0 to multicast group 230.0.0.1:6666.
[2022.08.24-18.45.45:586][  0]LogPython: Using Python 3.7.7
[2022.08.24-18.45.46:077][  0]SourceControl: Source control is disabled
[2022.08.24-18.45.46:077][  0]SourceControl: Source control is disabled
[2022.08.24-18.45.46:079][  0]SourceControl: Source control is disabled
[2022.08.24-18.45.46:083][  0]LogUProjectInfo: Found projects:
[2022.08.24-18.45.46:169][  0]LogOpenImageDenoise: OIDN starting up
[2022.08.24-18.45.46:171][  0]LogAndroidPermission: UAndroidPermissionCallbackProxy::GetInstance
[2022.08.24-18.45.46:187][  0]LogAudioCaptureCore: Display: No Audio Capture implementations found. Audio input will be silent.
[2022.08.24-18.45.46:187][  0]LogAudioCaptureCore: Display: No Audio Capture implementations found. Audio input will be silent.
[2022.08.24-18.45.46:241][  0]LogOcInput: OculusInput pre-init called
[2022.08.24-18.45.46:249][  0]LogUObjectArray: 22496 objects as part of root set at end of initial load.
[2022.08.24-18.45.46:249][  0]LogUObjectAllocator: 6116656 out of 0 bytes used by permanent object pool.
[2022.08.24-18.45.46:249][  0]LogUObjectArray: CloseDisregardForGC: 0/0 objects in disregard for GC pool
[2022.08.24-18.45.46:290][  0]LogClass: Display: StructProperty FRewindDataStruct::SnapshotPosition is not initialized properly. Module:fpsgame File:RewindComponent.h
[2022.08.24-18.45.46:290][  0]LogClass: Display: StructProperty FRewindDataStruct::SnapshotRotation is not initialized properly. Module:fpsgame File:RewindComponent.h
[2022.08.24-18.45.46:290][  0]LogClass: Display: StructProperty FRewindDataStruct::SnapshotScale is not initialized properly. Module:fpsgame File:RewindComponent.h
[2022.08.24-18.45.46:290][  0]LogClass: Display: FloatProperty FWeaponDataStruct::MaxRange is not initialized properly. Module:fpsgame File:WeaponActor.h
[2022.08.24-18.45.46:290][  0]LogClass: Display: FloatProperty FWeaponDataStruct::FireRate is not initialized properly. Module:fpsgame File:WeaponActor.h
[2022.08.24-18.45.46:290][  0]LogClass: Display: IntProperty FWeaponDataStruct::CartridgeBullets is not initialized properly. Module:fpsgame File:WeaponActor.h
[2022.08.24-18.45.46:290][  0]LogClass: Display: IntProperty FWeaponDataStruct::BurstNumber is not initialized properly. Module:fpsgame File:WeaponActor.h
[2022.08.24-18.45.46:290][  0]LogClass: Display: IntProperty FWeaponDataStruct::MaxMagSize is not initialized properly. Module:fpsgame File:WeaponActor.h
[2022.08.24-18.45.46:290][  0]LogClass: Display: IntProperty FWeaponDataStruct::MagAmmo is not initialized properly. Module:fpsgame File:WeaponActor.h
[2022.08.24-18.45.46:290][  0]LogClass: Display: FloatProperty FWeaponDataStruct::ProjectileSpeed is not initialized properly. Module:fpsgame File:WeaponActor.h
[2022.08.24-18.45.46:290][  0]LogClass: Display: EnumProperty FWeaponDataStruct::WAWeaponType is not initialized properly. Module:fpsgame File:WeaponActor.h
[2022.08.24-18.45.46:290][  0]LogClass: Display: EnumProperty FWeaponDataStruct::WAWeaponFireType is not initialized properly. Module:fpsgame File:WeaponActor.h
[2022.08.24-18.45.46:290][  0]LogClass: Display: EnumProperty FWeaponDataStruct::WAWeaponHitDetectionType is not initialized properly. Module:fpsgame File:WeaponActor.h
[2022.08.24-18.45.46:290][  0]LogClass: Warning: ObjectProperty FWeaponDataStruct::GunMesh is not initialized properly. Module:fpsgame File:WeaponActor.h
[2022.08.24-18.45.46:290][  0]LogClass: Display: EnumProperty FWeaponDataStruct::TypeOfEquip is not initialized properly. Module:fpsgame File:WeaponActor.h
[2022.08.24-18.45.46:290][  0]LogClass: Display: EnumProperty FWeaponDataStruct::GunModel is not initialized properly. Module:fpsgame File:WeaponActor.h
[2022.08.24-18.45.46:290][  0]LogClass: Display: StructProperty FWeaponDataStruct::BasePosition is not initialized properly. Module:fpsgame File:WeaponActor.h
[2022.08.24-18.45.46:290][  0]LogClass: Display: StructProperty FWeaponDataStruct::BaseRotation is not initialized properly. Module:fpsgame File:WeaponActor.h
[2022.08.24-18.45.46:290][  0]LogClass: Display: StructProperty FWeaponDataStruct::BaseScale is not initialized properly. Module:fpsgame File:WeaponActor.h
[2022.08.24-18.45.46:290][  0]LogClass: Display: StructProperty FWeaponDataStruct::TPBaseScale is not initialized properly. Module:fpsgame File:WeaponActor.h
[2022.08.24-18.45.46:290][  0]LogClass: Display: StructProperty FWeaponDataStruct::TPBaseRotation is not initialized properly. Module:fpsgame File:WeaponActor.h
[2022.08.24-18.45.46:291][  0]LogClass: Display: StructProperty FWeaponDataStruct::TPBasePosition is not initialized properly. Module:fpsgame File:WeaponActor.h
[2022.08.24-18.45.46:291][  0]LogClass: Display: 22 Uninitialized script struct members found including 1 object properties
[2022.08.24-18.45.46:291][  0]LogAutomationTest: Warning: ObjectProperty FWeaponDataStruct::GunMesh is not initialized properly. Module:fpsgame File:WeaponActor.h
[2022.08.24-18.45.46:291][  0]LogEngine: Initializing Engine...
[2022.08.24-18.45.46:293][  0]LogHMD: Failed to enumerate extensions. Please check that you have a valid OpenXR runtime installed.
[2022.08.24-18.45.46:294][  0]LogHMD: Failed to initialize OpenVR with code 110
[2022.08.24-18.45.46:294][  0]LogMagicLeap: Warning: VR disabled because ZI is not enabled.  To enable, in the editor, Edit -> Project Settings -> Plugins -> Magic Leap Plugin -> Enable Zero Iteration
[2022.08.24-18.45.46:295][  0]LogStats: UGameplayTagsManager::InitializeManager -  0.000 s
[2022.08.24-18.45.46:402][  0]LogInit: Initializing FReadOnlyCVARCache
[2022.08.24-18.45.46:402][  0]LogAudio: Display: Initializing Audio Device Manager...
[2022.08.24-18.45.46:405][  0]LogAudio: Display: Loading Default Audio Settings Objects...
[2022.08.24-18.45.46:406][  0]LogAudio: Display: No default SoundConcurrencyObject specified (or failed to load).
[2022.08.24-18.45.46:406][  0]LogAudio: Display: Audio Device Manager Initialized
[2022.08.24-18.45.46:406][  0]LogAudio: Display: Creating Audio Device:                 Id: 1, Scope: Shared, Realtime: True
[2022.08.24-18.45.46:406][  0]LogAudioMixer: Display: Audio Mixer Platform Settings:
[2022.08.24-18.45.46:406][  0]LogAudioMixer: Display: 	Sample Rate:						  48000
[2022.08.24-18.45.46:406][  0]LogAudioMixer: Display: 	Callback Buffer Frame Size Requested: 1024
[2022.08.24-18.45.46:406][  0]LogAudioMixer: Display: 	Callback Buffer Frame Size To Use:	  1024
[2022.08.24-18.45.46:406][  0]LogAudioMixer: Display: 	Number of buffers to queue:			  2
[2022.08.24-18.45.46:406][  0]LogAudioMixer: Display: 	Max Channels (voices):				  32
[2022.08.24-18.45.46:406][  0]LogAudioMixer: Display: 	Number of Async Source Workers:		  0
[2022.08.24-18.45.46:406][  0]LogAudio: Display: AudioDevice MaxSources: 32
[2022.08.24-18.45.46:407][  0]LogAudio: Display: Audio Spatialization Plugin: None (built-in).
[2022.08.24-18.45.46:407][  0]LogAudio: Display: Audio Reverb Plugin: None (built-in).
[2022.08.24-18.45.46:407][  0]LogAudio: Display: Audio Occlusion Plugin: None (built-in).
[2022.08.24-18.45.46:407][  0]LogAudioMixer: Display: Initializing audio mixer.
[2022.08.24-18.45.46:416][  0]LogAudioMixer: Display: 0: FrontLeft
[2022.08.24-18.45.46:416][  0]LogAudioMixer: Display: 1: FrontRight
[2022.08.24-18.45.46:433][  0]LogAudioMixer: Display: Using Audio Device Speakers (Realtek(R) Audio)
[2022.08.24-18.45.46:438][  0]LogAudioMixer: Display: Initializing Sound Submixes...
[2022.08.24-18.45.46:439][  0]LogAudioMixer: Display: Creating Master Submix 'MasterSubmixDefault'
[2022.08.24-18.45.46:439][  0]LogAudioMixer: Display: Creating Master Submix 'MasterReverbSubmixDefault'
[2022.08.24-18.45.46:440][  0]LogAudioMixer: Display: Creating Master Submix 'MasterEQSubmixDefault'
[2022.08.24-18.45.46:440][  0]LogAudioMixer: FMixerPlatformXAudio2::StartAudioStream() called
[2022.08.24-18.45.46:440][  0]LogAudioMixer: Display: Output buffers initialized: Frames=1024, Channels=2, Samples=2048
[2022.08.24-18.45.46:441][  0]LogAudioMixer: Display: Starting AudioMixerPlatformInterface::RunInternal()
[2022.08.24-18.45.46:441][  0]LogAudioMixer: Display: FMixerPlatformXAudio2::SubmitBuffer() called for the first time
[2022.08.24-18.45.46:441][  0]LogInit: FAudioDevice initialized.
[2022.08.24-18.45.46:443][  0]LogNetVersion: Set ProjectVersion to 1.0.0.0. Version Checksum will be recalculated on next use.
[2022.08.24-18.45.46:443][  0]LogInit: Texture streaming: Enabled
[2022.08.24-18.45.46:492][  0]LogAudio: Display: Audio Device (ID: 1) registered with world 'Untitled'.
[2022.08.24-18.45.46:492][  0]LogSlate: Updating window title bar state: overlay mode, drag disabled, window buttons hidden, title bar hidden
[2022.08.24-18.45.46:492][  0]LogInit: Display: Game Engine Initialized.
[2022.08.24-18.45.46:493][  0]LogNiagaraEditor: GEditor isn't valid! Particle reset commands will not work for Niagara components!
[2022.08.24-18.45.46:578][  0]LogInit: Display: Starting Game.
[2022.08.24-18.45.46:578][  0]LogNet: Browse: 127.0.0.1:17777/Engine/Maps/Templates/Template_Default?Name=Player
[2022.08.24-18.45.46:578][  0]LogInit: WinSock: Socket queue. Rx: 32768 (config 32768) Tx: 32768 (config 32768)
[2022.08.24-18.45.46:578][  0]LogNet: Created socket for bind address: 0.0.0.0 on port 0
[2022.08.24-18.45.46:578][  0]PacketHandlerLog: Loaded PacketHandler component: Engine.EngineHandlerComponentFactory (StatelessConnectHandlerComponent)
[2022.08.24-18.45.46:578][  0]LogNet: Game client on port 17777, rate 100000
[2022.08.24-18.45.46:654][  0]LogInit: Display: Engine is initialized. Leaving FEngineLoop::Init()
[2022.08.24-18.45.46:654][  0]LogLoad: (Engine Initialization) Total time: 4.43 seconds
[2022.08.24-18.45.46:654][  0]LogLoad: (Engine Initialization) Total Blueprint compile time: 0.00 seconds
[2022.08.24-18.45.46:657][  0]LogContentStreaming: Texture pool size now 1000 MB
[2022.08.24-18.45.46:659][  0]LogSlate: InvalidateAllWidgets triggered.  All widgets were invalidated
[2022.08.24-18.45.47:602][455]LogHandshake: SendChallengeResponse. Timestamp: 0.760959, Cookie: 141129193249238056007237086013048001217074096182221219229135
[2022.08.24-18.45.47:634][571]LogNetVersion: fpsgame 1.0.0.0, NetCL: 17155196, EngineNetVer: 17, GameNetVer: 0 (Checksum: 1484303137)
[2022.08.24-18.45.47:635][571]LogNet: UPendingNetGame::SendInitialJoin: Sending hello. [UNetConnection] RemoteAddr: 127.0.0.1:17777, Name: IpConnection_0, Driver: PendingNetDriver IpNetDriver_0, IsServer: NO, PC: NULL, Owner: NULL, UniqueId: INVALID
[2022.08.24-18.45.48:594][572]LogNet: Welcomed by server (Level: /Game/Maps/TestMap, Game: /Game/Blueprints/BP_FPSGameModeDefault.BP_FPSGameModeDefault_C)
[2022.08.24-18.45.48:594][572]LogLoad: LoadMap: 127.0.0.1:17777/Game/Maps/TestMap?Name=Player?game=/Game/Blueprints/BP_FPSGameModeDefault.BP_FPSGameModeDefault_C
[2022.08.24-18.45.48:594][572]LogWorld: BeginTearingDown for /Temp/Untitled_0
[2022.08.24-18.45.48:594][572]LogWorld: UWorld::CleanupWorld for Untitled, bSessionEnded=true, bCleanupResources=true
[2022.08.24-18.45.48:594][572]LogSlate: InvalidateAllWidgets triggered.  All widgets were invalidated
[2022.08.24-18.45.48:605][572]LogAudio: Display: Audio Device unregistered from world 'None'.
[2022.08.24-18.45.48:607][572]LogUObjectHash: Compacting FUObjectHashTables data took   0.76ms
[2022.08.24-18.45.48:733][572]LogAudio: Display: Audio Device (ID: 1) registered with world 'TestMap'.
[2022.08.24-18.45.48:736][572]LogWorld: Bringing World /Game/Maps/TestMap.TestMap up for play (max tick rate 0) at 2022.08.24-19.45.48
[2022.08.24-18.45.48:736][572]LogWorld: Bringing up level for play took: 0.001444
[2022.08.24-18.45.48:736][572]LogSlate: Took 0.000117 seconds to synchronously load lazily loaded font '../../../Engine/Content/Slate/Fonts/Roboto-Regular.ttf' (155K)
[2022.08.24-18.45.48:736][572]LogLoad: Took 0.142120 seconds to LoadMap(/Game/Maps/TestMap)
[2022.08.24-18.45.48:736][572]LogNavigation: Warning: NavData RegistrationFailed_DataPendingKill.
[2022.08.24-18.45.48:765][574]LogRenderer: Reallocating scene render targets to support 640x480 Format 10 NumSamples 1 (Frame:1).
[2022.08.24-18.45.49:439][760]LogOnlineSession: Warning: OSS: No game present to join for session (GameSession)
[2022.08.24-18.45.49:753][881]LogOnlineSession: Warning: OSS: No game present to join for session (GameSession)
[2022.08.24-18.45.53:707][484]LogTemp: Warning: Interacting
[2022.08.24-18.45.53:707][484]LogTemp: Warning: OWNING CLIENT: Log no. 0
[2022.08.24-18.45.53:707][484]LogTemp: Warning: IsHit =  TRUE
[2022.08.24-18.45.53:707][484]LogTemp: Warning: We got a hit bois
[2022.08.24-18.45.53:707][484]LogTemp: Warning: interactable component found
[2022.08.24-18.45.56:156][628]LogTemp: Warning: ClientValidateFire
[2022.08.24-18.45.56:156][628]LogTemp: Warning: Client hitscan check fire
[2022.08.24-18.45.56:156][628]LogTemp: Warning: Getting time
[2022.08.24-18.45.56:156][628]LogTemp: Warning: client time = 9.296906
[2022.08.24-18.45.59:089][976]LogTemp: Warning: ClientValidateFire
[2022.08.24-18.45.59:089][976]LogTemp: Warning: Client hitscan check fire
[2022.08.24-18.45.59:749][257]LogTemp: Warning: ClientValidateFire
[2022.08.24-18.45.59:749][257]LogTemp: Warning: Client hitscan check fire
[2022.08.24-18.46.00:202][442]LogTemp: Warning: ClientValidateFire
[2022.08.24-18.46.00:202][442]LogTemp: Warning: Client hitscan check fire
[2022.08.24-18.46.00:751][681]LogTemp: Warning: ClientValidateFire
[2022.08.24-18.46.00:751][681]LogTemp: Warning: Client hitscan check fire
[2022.08.24-18.46.00:751][681]LogTemp: Warning: Getting time
[2022.08.24-18.46.00:751][681]LogTemp: Warning: client time = 13.891832
[2022.08.24-18.46.01:176][871]LogTemp: Warning: ClientValidateFire
[2022.08.24-18.46.01:176][871]LogTemp: Warning: Client hitscan check fire
[2022.08.24-18.46.01:176][871]LogTemp: Warning: Getting time
[2022.08.24-18.46.01:176][871]LogTemp: Warning: client time = 14.317448
[2022.08.24-18.46.01:794][150]LogTemp: Warning: ClientValidateFire
[2022.08.24-18.46.01:794][150]LogTemp: Warning: Client hitscan check fire
[2022.08.24-18.46.01:794][150]LogTemp: Warning: Getting time
[2022.08.24-18.46.01:794][150]LogTemp: Warning: client time = 14.934599
[2022.08.24-18.46.04:705][475]LogTemp: Warning: ClientValidateFire
[2022.08.24-18.46.04:705][475]LogTemp: Warning: Client hitscan check fire
[2022.08.24-18.46.05:113][658]LogTemp: Warning: ClientValidateFire
[2022.08.24-18.46.05:113][658]LogTemp: Warning: Client hitscan check fire
[2022.08.24-18.46.05:498][831]LogTemp: Warning: ClientValidateFire
[2022.08.24-18.46.05:498][831]LogTemp: Warning: Client hitscan check fire
[2022.08.24-18.46.05:805][967]LogTemp: Warning: ClientValidateFire
[2022.08.24-18.46.05:805][967]LogTemp: Warning: Client hitscan check fire
[2022.08.24-18.46.06:147][117]LogTemp: Warning: ClientValidateFire
[2022.08.24-18.46.06:147][117]LogTemp: Warning: Client hitscan check fire
[2022.08.24-18.46.06:536][293]LogTemp: Warning: ClientValidateFire
[2022.08.24-18.46.06:536][293]LogTemp: Warning: Client hitscan check fire
[2022.08.24-18.46.06:894][455]LogTemp: Warning: ClientValidateFire
[2022.08.24-18.46.06:894][455]LogTemp: Warning: Client hitscan check fire
[2022.08.24-18.46.07:265][620]LogTemp: Warning: ClientValidateFire
[2022.08.24-18.46.07:265][620]LogTemp: Warning: Client hitscan check fire
[2022.08.24-18.46.07:675][800]LogTemp: Warning: ClientValidateFire
[2022.08.24-18.46.07:675][800]LogTemp: Warning: Client hitscan check fire
[2022.08.24-18.46.07:675][800]LogTemp: Warning: Getting time
[2022.08.24-18.46.07:675][800]LogTemp: Warning: client time = 20.816153
[2022.08.24-18.46.08:073][971]LogTemp: Warning: ClientValidateFire
[2022.08.24-18.46.08:073][971]LogTemp: Warning: Client hitscan check fire
[2022.08.24-18.46.08:073][971]LogTemp: Warning: Getting time
[2022.08.24-18.46.08:073][971]LogTemp: Warning: client time = 21.213837
[2022.08.24-18.46.08:455][129]LogTemp: Warning: ClientValidateFire
[2022.08.24-18.46.08:455][129]LogTemp: Warning: Client hitscan check fire
[2022.08.24-18.46.08:455][129]LogTemp: Warning: Getting time
[2022.08.24-18.46.08:455][129]LogTemp: Warning: client time = 21.595242
[2022.08.24-18.46.08:830][289]LogTemp: Warning: ClientValidateFire
[2022.08.24-18.46.08:831][289]LogTemp: Warning: Client hitscan check fire
[2022.08.24-18.46.08:831][289]LogTemp: Warning: Getting time
[2022.08.24-18.46.08:831][289]LogTemp: Warning: client time = 21.972158
[2022.08.24-18.46.09:142][419]LogTemp: Warning: ClientValidateFire
[2022.08.24-18.46.09:143][419]LogTemp: Warning: Client hitscan check fire
[2022.08.24-18.46.09:143][419]LogTemp: Warning: Getting time
[2022.08.24-18.46.09:143][419]LogTemp: Warning: client time = 22.282879
[2022.08.24-18.46.09:415][534]LogTemp: Warning: ClientValidateFire
[2022.08.24-18.46.09:415][534]LogTemp: Warning: Client hitscan check fire
[2022.08.24-18.46.09:415][534]LogTemp: Warning: Getting time
[2022.08.24-18.46.09:415][534]LogTemp: Warning: client time = 22.555038
[2022.08.24-18.46.10:934][188]LogTemp: Warning: ClientValidateFire
[2022.08.24-18.46.10:934][188]LogTemp: Warning: Client hitscan check fire
[2022.08.24-18.46.11:285][332]LogTemp: Warning: ClientValidateFire
[2022.08.24-18.46.11:285][332]LogTemp: Warning: Client hitscan check fire
[2022.08.24-18.46.11:285][332]LogTemp: Warning: Getting time
[2022.08.24-18.46.11:285][332]LogTemp: Warning: client time = 24.426067
[2022.08.24-18.46.11:506][424]LogTemp: Warning: ClientValidateFire
[2022.08.24-18.46.11:507][424]LogTemp: Warning: Client hitscan check fire
[2022.08.24-18.46.11:507][424]LogTemp: Warning: Getting time
[2022.08.24-18.46.11:507][424]LogTemp: Warning: client time = 24.647520
[2022.08.24-18.46.11:695][505]LogTemp: Warning: ClientValidateFire
[2022.08.24-18.46.11:695][505]LogTemp: Warning: Client hitscan check fire
[2022.08.24-18.46.11:991][635]LogTemp: Warning: ClientValidateFire
[2022.08.24-18.46.11:991][635]LogTemp: Warning: Client hitscan check fire
[2022.08.24-18.46.12:270][759]LogTemp: Warning: ClientValidateFire
[2022.08.24-18.46.12:270][759]LogTemp: Warning: Client hitscan check fire
[2022.08.24-18.46.12:270][759]LogTemp: Warning: Getting time
[2022.08.24-18.46.12:270][759]LogTemp: Warning: client time = 25.410751
[2022.08.24-18.46.12:448][838]LogTemp: Warning: ClientValidateFire
[2022.08.24-18.46.12:448][838]LogTemp: Warning: Client hitscan check fire
[2022.08.24-18.46.12:448][838]LogTemp: Warning: Getting time
[2022.08.24-18.46.12:448][838]LogTemp: Warning: client time = 25.588797
[2022.08.24-18.46.12:624][919]LogTemp: Warning: ClientValidateFire
[2022.08.24-18.46.12:624][919]LogTemp: Warning: Client hitscan check fire
[2022.08.24-18.46.12:624][919]LogTemp: Warning: Getting time
[2022.08.24-18.46.12:624][919]LogTemp: Warning: client time = 25.765465
[2022.08.24-18.46.12:944][ 62]LogTemp: Warning: ClientValidateFire
[2022.08.24-18.46.12:944][ 62]LogTemp: Warning: Client hitscan check fire
[2022.08.24-18.46.12:944][ 62]LogTemp: Warning: Getting time
[2022.08.24-18.46.12:944][ 62]LogTemp: Warning: client time = 26.085066
[2022.08.24-18.46.13:155][157]LogTemp: Warning: ClientValidateFire
[2022.08.24-18.46.13:155][157]LogTemp: Warning: Client hitscan check fire
[2022.08.24-18.46.13:155][157]LogTemp: Warning: Getting time
[2022.08.24-18.46.13:155][157]LogTemp: Warning: client time = 26.295828
[2022.08.24-18.46.13:384][257]LogTemp: Warning: ClientValidateFire
[2022.08.24-18.46.13:384][257]LogTemp: Warning: Client hitscan check fire
[2022.08.24-18.46.13:609][355]LogTemp: Warning: ClientValidateFire
[2022.08.24-18.46.13:609][355]LogTemp: Warning: Client hitscan check fire
[2022.08.24-18.46.13:609][355]LogTemp: Warning: Getting time
[2022.08.24-18.46.13:609][355]LogTemp: Warning: client time = 26.749638
[2022.08.24-18.46.13:862][466]LogTemp: Warning: ClientValidateFire
[2022.08.24-18.46.13:862][466]LogTemp: Warning: Client hitscan check fire
[2022.08.24-18.46.13:862][466]LogTemp: Warning: Getting time
[2022.08.24-18.46.13:862][466]LogTemp: Warning: client time = 27.002295
[2022.08.24-18.46.14:081][563]LogTemp: Warning: ClientValidateFire
[2022.08.24-18.46.14:081][563]LogTemp: Warning: Client hitscan check fire
[2022.08.24-18.46.14:081][563]LogTemp: Warning: Getting time
[2022.08.24-18.46.14:081][563]LogTemp: Warning: client time = 27.221767
[2022.08.24-18.46.14:314][667]LogTemp: Warning: ClientValidateFire
[2022.08.24-18.46.14:314][667]LogTemp: Warning: Client hitscan check fire
[2022.08.24-18.46.14:527][765]LogTemp: Warning: ClientValidateFire
[2022.08.24-18.46.14:527][765]LogTemp: Warning: Client hitscan check fire
[2022.08.24-18.46.14:739][860]LogTemp: Warning: ClientValidateFire
[2022.08.24-18.46.14:739][860]LogTemp: Warning: Client hitscan check fire
[2022.08.24-18.46.14:739][860]LogTemp: Warning: Getting time
[2022.08.24-18.46.14:739][860]LogTemp: Warning: client time = 27.880379
[2022.08.24-18.46.14:931][945]LogTemp: Warning: ClientValidateFire
[2022.08.24-18.46.14:931][945]LogTemp: Warning: Client hitscan check fire
[2022.08.24-18.46.14:931][945]LogTemp: Warning: Getting time
[2022.08.24-18.46.14:931][945]LogTemp: Warning: client time = 28.072399
[2022.08.24-18.46.15:261][ 90]LogTemp: Warning: ClientValidateFire
[2022.08.24-18.46.15:261][ 90]LogTemp: Warning: Client hitscan check fire
[2022.08.24-18.46.15:674][271]LogTemp: Warning: ClientValidateFire
[2022.08.24-18.46.15:675][271]LogTemp: Warning: Client hitscan check fire
[2022.08.24-18.46.15:675][271]LogTemp: Warning: Getting time
[2022.08.24-18.46.15:675][271]LogTemp: Warning: client time = 28.814966
