Log file open, 04/16/23 12:41:24
LogWindows: Failed to load 'aqProf.dll' (GetLastError=126)
LogWindows: File 'aqProf.dll' does not exist
LogWindows: Failed to load 'VtuneApi.dll' (GetLastError=126)
LogWindows: File 'VtuneApi.dll' does not exist
LogWindows: Failed to load 'VtuneApi32e.dll' (GetLastError=126)
LogWindows: File 'VtuneApi32e.dll' does not exist
LogConsoleResponse: Display: Failed to find resolution value strings in scalability ini. Falling back to default.
LogConsoleResponse: Display: Failed to find resolution value strings in scalability ini. Falling back to default.
LogInit: Display: Running engine for game: fpsgame
LogPlatformFile: Not using cached read wrapper
LogTaskGraph: Started task graph with 5 named threads and 17 total threads with 3 sets of task threads.
LogStats: Stats thread started at 0.217847
LogICUInternationalization: ICU TimeZone Detection - Raw Offset: +0:00, Platform Override: ''
LogInit: Display: Loading text-based GConfig....
LogPluginManager: Mounting plugin MeshPainting
LogPluginManager: Mounting plugin XGEController
LogPluginManager: Mounting plugin Paper2D
LogPluginManager: Mounting plugin AISupport
LogPluginManager: Mounting plugin EnvironmentQueryEditor
LogPluginManager: Mounting plugin LiveLink
LogPluginManager: Mounting plugin LightPropagationVolume
LogPluginManager: Mounting plugin CameraShakePreviewer
LogPluginManager: Mounting plugin GameplayCameras
LogPluginManager: Mounting plugin OodleData
LogPluginManager: Mounting plugin OodleNetwork
LogPluginManager: Mounting plugin AnimationSharing
LogPluginManager: Mounting plugin CLionSourceCodeAccess
LogPluginManager: Mounting plugin CodeLiteSourceCodeAccess
LogPluginManager: Mounting plugin GitSourceControl
LogPluginManager: Mounting plugin KDevelopSourceCodeAccess
LogPluginManager: Mounting plugin NullSourceCodeAccess
LogPluginManager: Mounting plugin PerforceSourceControl
LogPluginManager: Mounting plugin PixWinPlugin
LogPluginManager: Mounting plugin PlasticSourceControl
LogPluginManager: Mounting plugin PluginUtils
LogPluginManager: Mounting plugin PropertyAccessNode
LogPluginManager: Mounting plugin RiderSourceCodeAccess
LogPluginManager: Mounting plugin SubversionSourceControl
LogPluginManager: Mounting plugin TextureFormatOodle
LogPluginManager: Mounting plugin UObjectPlugin
LogPluginManager: Mounting plugin VisualStudioCodeSourceCodeAccess
LogPluginManager: Mounting plugin VisualStudioSourceCodeAccess
LogPluginManager: Mounting plugin XCodeSourceCodeAccess
LogPluginManager: Mounting plugin AssetManagerEditor
LogPluginManager: Mounting plugin CryptoKeys
LogPluginManager: Mounting plugin CurveEditorTools
LogPluginManager: Mounting plugin DataValidation
LogPluginManager: Mounting plugin FacialAnimation
LogPluginManager: Mounting plugin GameplayTagsEditor
LogPluginManager: Mounting plugin GeometryMode
LogPluginManager: Mounting plugin MacGraphicsSwitching
LogPluginManager: Mounting plugin MaterialAnalyzer
LogPluginManager: Mounting plugin MobileLauncherProfileWizard
LogPluginManager: Mounting plugin PluginBrowser
LogPluginManager: Mounting plugin SpeedTreeImporter
LogPluginManager: Mounting plugin DatasmithContent
LogPluginManager: Mounting plugin VariantManagerContent
LogPluginManager: Mounting plugin AlembicImporter
LogPluginManager: Mounting plugin AutomationUtils
LogPluginManager: Mounting plugin BackChannel
LogPluginManager: Mounting plugin ChaosCloth
LogPluginManager: Mounting plugin ChaosClothEditor
LogPluginManager: Mounting plugin ChaosEditor
LogPluginManager: Mounting plugin ChaosNiagara
LogPluginManager: Mounting plugin ChaosSolverPlugin
LogPluginManager: Mounting plugin CharacterAI
LogPluginManager: Mounting plugin GeometryCache
LogPluginManager: Mounting plugin GeometryCollectionPlugin
LogPluginManager: Mounting plugin GeometryProcessing
LogPluginManager: Mounting plugin MotoSynth
LogPluginManager: Mounting plugin OpenImageDenoise
LogPluginManager: Mounting plugin PlanarCut
LogPluginManager: Mounting plugin PlatformCrypto
LogPluginManager: Mounting plugin ProxyLODPlugin
LogPluginManager: Mounting plugin PythonScriptPlugin
LogPluginManager: Mounting plugin SkeletalReduction
LogPluginManager: Mounting plugin Niagara
LogPluginManager: Mounting plugin LuminPlatformFeatures
LogPluginManager: Mounting plugin MagicLeap
LogPluginManager: Mounting plugin MagicLeapLightEstimation
LogPluginManager: Mounting plugin MagicLeapMedia
LogPluginManager: Mounting plugin MagicLeapPassableWorld
LogPluginManager: Mounting plugin MLSDK
LogPluginManager: Mounting plugin AndroidMedia
LogPluginManager: Mounting plugin AvfMedia
LogPluginManager: Mounting plugin ImgMedia
LogPluginManager: Mounting plugin MediaCompositing
LogPluginManager: Mounting plugin MediaPlayerEditor
LogPluginManager: Mounting plugin WebMMedia
LogPluginManager: Mounting plugin WmfMedia
LogPluginManager: Mounting plugin TcpMessaging
LogPluginManager: Mounting plugin UdpMessaging
LogPluginManager: Mounting plugin ActorSequence
LogPluginManager: Mounting plugin LevelSequenceEditor
LogPluginManager: Mounting plugin MatineeToLevelSequence
LogPluginManager: Mounting plugin TemplateSequence
LogPluginManager: Mounting plugin OnlineSubsystem
LogPluginManager: Mounting plugin OnlineSubsystemNull
LogPluginManager: Mounting plugin OnlineSubsystemUtils
LogPluginManager: Mounting plugin LauncherChunkInstaller
LogPluginManager: Mounting plugin ActorLayerUtilities
LogPluginManager: Mounting plugin AndroidDeviceProfileSelector
LogPluginManager: Mounting plugin AndroidMoviePlayer
LogPluginManager: Mounting plugin AndroidPermission
LogPluginManager: Mounting plugin AppleImageUtils
LogPluginManager: Mounting plugin AppleMoviePlayer
LogPluginManager: Mounting plugin ArchVisCharacter
LogPluginManager: Mounting plugin AssetTags
LogPluginManager: Mounting plugin AudioCapture
LogPluginManager: Mounting plugin AudioSynesthesia
LogPluginManager: Mounting plugin CableComponent
LogPluginManager: Mounting plugin ChunkDownloader
LogPluginManager: Mounting plugin CustomMeshComponent
LogPluginManager: Mounting plugin EditableMesh
LogPluginManager: Mounting plugin ExampleDeviceProfileSelector
LogPluginManager: Mounting plugin GoogleCloudMessaging
LogPluginManager: Mounting plugin GooglePAD
LogPluginManager: Mounting plugin IOSDeviceProfileSelector
LogPluginManager: Mounting plugin LinuxDeviceProfileSelector
LogPluginManager: Mounting plugin LocationServicesBPLibrary
LogPluginManager: Mounting plugin MobilePatchingUtils
LogPluginManager: Mounting plugin OpenXR
LogPluginManager: Mounting plugin OpenXREyeTracker
LogPluginManager: Mounting plugin OpenXRHandTracking
LogPluginManager: Mounting plugin PhysXVehicles
LogPluginManager: Mounting plugin PostSplashScreen
LogPluginManager: Mounting plugin ProceduralMeshComponent
LogPluginManager: Mounting plugin PropertyAccessEditor
LogPluginManager: Mounting plugin RuntimePhysXCooking
LogPluginManager: Mounting plugin SignificanceManager
LogPluginManager: Mounting plugin SoundFields
LogPluginManager: Mounting plugin Synthesis
LogPluginManager: Mounting plugin WebMMoviePlayer
LogPluginManager: Mounting plugin WindowsMoviePlayer
LogPluginManager: Mounting plugin ScreenshotTools
LogPluginManager: Mounting plugin Takes
LogPluginManager: Mounting plugin ContentBrowserAssetDataSource
LogPluginManager: Mounting plugin ContentBrowserClassDataSource
LogPluginManager: Mounting plugin ContentBrowserFileDataSource
LogPluginManager: Mounting plugin OnlineSubsystemGooglePlay
LogPluginManager: Mounting plugin OnlineSubsystemIOS
LogPluginManager: Mounting plugin OculusVR
LogPluginManager: Mounting plugin SteamVR
PixWinPlugin: PIX capture plugin failed to initialize! Check that the process is launched from PIX.
LogInit: Using libcurl 7.55.1-DEV
LogInit:  - built for x86_64-pc-win32
LogInit:  - supports SSL with OpenSSL/1.1.1
LogInit:  - supports HTTP deflate (compression) using libz 1.2.8
LogInit:  - other features:
LogInit:      CURL_VERSION_SSL
LogInit:      CURL_VERSION_LIBZ
LogInit:      CURL_VERSION_IPV6
LogInit:      CURL_VERSION_ASYNCHDNS
LogInit:      CURL_VERSION_LARGEFILE
LogInit:      CURL_VERSION_IDN
LogInit:  CurlRequestOptions (configurable via config and command line):
LogInit:  - bVerifyPeer = true  - Libcurl will verify peer certificate
LogInit:  - bUseHttpProxy = false  - Libcurl will NOT use HTTP proxy
LogInit:  - bDontReuseConnections = false  - Libcurl will reuse connections
LogInit:  - MaxHostConnections = 16  - Libcurl will limit the number of connections to a host
LogInit:  - LocalHostAddr = Default
LogInit:  - BufferSize = 65536
LogOnline: OSS: Creating online subsystem instance for: NULL
LogInit: WinSock: version 1.1 (2.2), MaxSocks=32767, MaxUdp=65467
LogOnline: OSS: TryLoadSubsystemAndSetDefault: Loaded subsystem for module [NULL]
LogInit: Build: ++UE4+Release-4.27-CL-18319896
LogInit: Engine Version: 4.27.2-18319896+++UE4+Release-4.27
LogInit: Compatible Engine Version: 4.27.0-17155196+++UE4+Release-4.27
LogInit: Net CL: 17155196
LogInit: OS: Windows 10 (Release 2009) (), CPU: AMD Ryzen 5 3600X 6-Core Processor             , GPU: AMD Radeon RX 5700 XT
LogInit: Compiled (64-bit): Nov 30 2021 07:12:08
LogInit: Compiled with Visual C++: 19.24.28315.00
LogInit: Build Configuration: Development
LogInit: Branch Name: ++UE4+Release-4.27
LogInit: Command Line:  /Game/Maps/TestMap -game -PIEVIACONSOLE -Multiprocess -server -log "GameUserSettingsINI=C:/Users/danie/Documents/Gamedev VR/game/UE4 game/fpsgame/Saved/Config/Windows/PIEGameUserSettings0.ini" -MultiprocessSaveConfig -forcepassthrough -messaging -SessionName="Play in Standalone Game" -port=17777 -PktLagMin=0 -PktLagMax=0 -PktLoss=0 -PktIncomingLagMin=0 -PktIncomingLagMax=0 -PktIncomingLoss=0 -windowed
LogInit: Base Directory: C:/Program Files/Epic Games/UE_4.27/Engine/Binaries/Win64/
LogInit: Allocator: TBB
LogInit: Installed Engine Build: 1
LogDevObjectVersion: Number of dev versions registered: 29
LogDevObjectVersion:   Dev-Blueprints (B0D832E4-1F89-4F0D-ACCF-7EB736FD4AA2): 10
LogDevObjectVersion:   Dev-Build (E1C64328-A22C-4D53-A36C-8E866417BD8C): 0
LogDevObjectVersion:   Dev-Core (375EC13C-06E4-48FB-B500-84F0262A717E): 4
LogDevObjectVersion:   Dev-Editor (E4B068ED-F494-42E9-A231-DA0B2E46BB41): 40
LogDevObjectVersion:   Dev-Framework (CFFC743F-43B0-4480-9391-14DF171D2073): 37
LogDevObjectVersion:   Dev-Mobile (B02B49B5-BB20-44E9-A304-32B752E40360): 3
LogDevObjectVersion:   Dev-Networking (A4E4105C-59A1-49B5-A7C5-40C4547EDFEE): 0
LogDevObjectVersion:   Dev-Online (39C831C9-5AE6-47DC-9A44-9C173E1C8E7C): 0
LogDevObjectVersion:   Dev-Physics (78F01B33-EBEA-4F98-B9B4-84EACCB95AA2): 14
LogDevObjectVersion:   Dev-Platform (6631380F-2D4D-43E0-8009-CF276956A95A): 0
LogDevObjectVersion:   Dev-Rendering (12F88B9F-8875-4AFC-A67C-D90C383ABD29): 45
LogDevObjectVersion:   Dev-Sequencer (7B5AE74C-D270-4C10-A958-57980B212A5A): 13
LogDevObjectVersion:   Dev-VR (D7296918-1DD6-4BDD-9DE2-64A83CC13884): 3
LogDevObjectVersion:   Dev-LoadTimes (C2A15278-BFE7-4AFE-6C17-90FF531DF755): 1
LogDevObjectVersion:   Private-Geometry (6EACA3D4-40EC-4CC1-B786-8BED09428FC5): 3
LogDevObjectVersion:   Dev-AnimPhys (29E575DD-E0A3-4627-9D10-D276232CDCEA): 17
LogDevObjectVersion:   Dev-Anim (AF43A65D-7FD3-4947-9873-3E8ED9C1BB05): 15
LogDevObjectVersion:   Dev-ReflectionCapture (6B266CEC-1EC7-4B8F-A30B-E4D90942FC07): 1
LogDevObjectVersion:   Dev-Automation (0DF73D61-A23F-47EA-B727-89E90C41499A): 1
LogDevObjectVersion:   FortniteMain (601D1886-AC64-4F84-AA16-D3DE0DEAC7D6): 47
LogDevObjectVersion:   FortniteRelease (E7086368-6B23-4C58-8439-1B7016265E91): 1
LogDevObjectVersion:   Dev-Enterprise (9DFFBCD6-494F-0158-E221-12823C92A888): 10
LogDevObjectVersion:   Dev-Niagara (F2AED0AC-9AFE-416F-8664-AA7FFA26D6FC): 1
LogDevObjectVersion:   Dev-Destruction (174F1F0B-B4C6-45A5-B13F-2EE8D0FB917D): 10
LogDevObjectVersion:   Dev-Physics-Ext (35F94A83-E258-406C-A318-09F59610247C): 41
LogDevObjectVersion:   Dev-PhysicsMaterial-Chaos (B68FC16E-8B1B-42E2-B453-215C058844FE): 1
LogDevObjectVersion:   Dev-CineCamera (B2E18506-4273-CFC2-A54E-F4BB758BBA07): 1
LogDevObjectVersion:   Dev-VirtualProduction (64F58936-FD1B-42BA-BA96-7289D5D0FA4E): 1
LogDevObjectVersion:   Dev-MediaFramework (6F0ED827-A609-4895-9C91-998D90180EA4): 2
LogInit: Presizing for max 25165824 objects, including 0 objects not considered by GC, pre-allocating 0 bytes for permanent pool.
LogConfig: Applying CVar settings from Section [/Script/Engine.StreamingSettings] File [C:/Users/danie/Documents/Gamedev VR/game/UE4 game/fpsgame/Saved/Config/Windows/Engine.ini]
LogConfig: Setting CVar [[s.MinBulkDataSizeForAsyncLoading:131072]]
LogConfig: Setting CVar [[s.AsyncLoadingThreadEnabled:0]]
LogConfig: Setting CVar [[s.EventDrivenLoaderEnabled:1]]
LogConfig: Setting CVar [[s.WarnIfTimeLimitExceeded:0]]
LogConfig: Setting CVar [[s.TimeLimitExceededMultiplier:1.5]]
LogConfig: Setting CVar [[s.TimeLimitExceededMinTime:0.005]]
LogConfig: Setting CVar [[s.UseBackgroundLevelStreaming:1]]
LogConfig: Setting CVar [[s.PriorityAsyncLoadingExtraTime:15.0]]
LogConfig: Setting CVar [[s.LevelStreamingActorsUpdateTimeLimit:5.0]]
LogConfig: Setting CVar [[s.PriorityLevelStreamingActorsUpdateExtraTime:5.0]]
LogConfig: Setting CVar [[s.LevelStreamingComponentsRegistrationGranularity:10]]
LogConfig: Setting CVar [[s.UnregisterComponentsTimeLimit:1.0]]
LogConfig: Setting CVar [[s.LevelStreamingComponentsUnregistrationGranularity:5]]
LogConfig: Setting CVar [[s.FlushStreamingOnExit:1]]
LogInit: Object subsystem initialized
LogConfig: Setting CVar [[con.DebugEarlyDefault:1]]
LogConfig: Setting CVar [[r.setres:1280x720]]
[2023.04.16-11.41.25:229][  0]LogConfig: Setting CVar [[con.DebugEarlyDefault:1]]
[2023.04.16-11.41.25:230][  0]LogConfig: Setting CVar [[r.setres:1280x720]]
[2023.04.16-11.41.25:230][  0]LogConfig: Applying CVar settings from Section [/Script/Engine.RendererSettings] File [C:/Users/danie/Documents/Gamedev VR/game/UE4 game/fpsgame/Saved/Config/Windows/Engine.ini]
[2023.04.16-11.41.25:230][  0]LogConfig: Setting CVar [[r.GPUCrashDebugging:0]]
[2023.04.16-11.41.25:231][  0]LogConfig: Setting CVar [[r.Mobile.DisableVertexFog:1]]
[2023.04.16-11.41.25:231][  0]LogConfig: Setting CVar [[r.Shadow.CSM.MaxMobileCascades:2]]
[2023.04.16-11.41.25:231][  0]LogConfig: Setting CVar [[r.MobileMSAA:1]]
[2023.04.16-11.41.25:231][  0]LogConfig: Setting CVar [[r.Mobile.AllowDitheredLODTransition:0]]
[2023.04.16-11.41.25:232][  0]LogConfig: Setting CVar [[r.Mobile.AllowSoftwareOcclusion:0]]
[2023.04.16-11.41.25:232][  0]LogConfig: Setting CVar [[r.Mobile.VirtualTextures:0]]
[2023.04.16-11.41.25:232][  0]LogConfig: Setting CVar [[r.DiscardUnusedQuality:0]]
[2023.04.16-11.41.25:232][  0]LogConfig: Setting CVar [[r.AllowOcclusionQueries:1]]
[2023.04.16-11.41.25:233][  0]LogConfig: Setting CVar [[r.MinScreenRadiusForLights:0.030000]]
[2023.04.16-11.41.25:233][  0]LogConfig: Setting CVar [[r.MinScreenRadiusForDepthPrepass:0.030000]]
[2023.04.16-11.41.25:233][  0]LogConfig: Setting CVar [[r.MinScreenRadiusForCSMDepth:0.010000]]
[2023.04.16-11.41.25:233][  0]LogConfig: Setting CVar [[r.PrecomputedVisibilityWarning:0]]
[2023.04.16-11.41.25:234][  0]LogConfig: Setting CVar [[r.TextureStreaming:1]]
[2023.04.16-11.41.25:234][  0]LogConfig: Setting CVar [[Compat.UseDXT5NormalMaps:0]]
[2023.04.16-11.41.25:235][  0]LogConfig: Setting CVar [[r.VirtualTextures:0]]
[2023.04.16-11.41.25:235][  0]LogConfig: Setting CVar [[r.VT.EnableAutoImport:1]]
[2023.04.16-11.41.25:236][  0]LogConfig: Setting CVar [[r.VirtualTexturedLightmaps:0]]
[2023.04.16-11.41.25:236][  0]LogConfig: Setting CVar [[r.VT.TileSize:128]]
[2023.04.16-11.41.25:236][  0]LogConfig: Setting CVar [[r.VT.TileBorderSize:4]]
[2023.04.16-11.41.25:236][  0]LogConfig: Setting CVar [[r.vt.FeedbackFactor:16]]
[2023.04.16-11.41.25:237][  0]LogConfig: Setting CVar [[r.VT.EnableCompressZlib:1]]
[2023.04.16-11.41.25:239][  0]LogConfig: Setting CVar [[r.VT.EnableCompressCrunch:0]]
[2023.04.16-11.41.25:239][  0]LogConfig: Setting CVar [[r.ClearCoatNormal:0]]
[2023.04.16-11.41.25:239][  0]LogConfig: Setting CVar [[r.ReflectionCaptureResolution:128]]
[2023.04.16-11.41.25:240][  0]LogConfig: Setting CVar [[r.Mobile.ReflectionCaptureCompression:0]]
[2023.04.16-11.41.25:240][  0]LogConfig: Setting CVar [[r.ReflectionEnvironmentLightmapMixBasedOnRoughness:1]]
[2023.04.16-11.41.25:240][  0]LogConfig: Setting CVar [[r.ForwardShading:0]]
[2023.04.16-11.41.25:240][  0]LogConfig: Setting CVar [[r.VertexFoggingForOpaque:1]]
[2023.04.16-11.41.25:241][  0]LogConfig: Setting CVar [[r.AllowStaticLighting:1]]
[2023.04.16-11.41.25:241][  0]LogConfig: Setting CVar [[r.NormalMapsForStaticLighting:0]]
[2023.04.16-11.41.25:241][  0]LogConfig: Setting CVar [[r.GenerateMeshDistanceFields:0]]
[2023.04.16-11.41.25:241][  0]LogConfig: Setting CVar [[r.DistanceFieldBuild.EightBit:0]]
[2023.04.16-11.41.25:242][  0]LogConfig: Setting CVar [[r.GenerateLandscapeGIData:0]]
[2023.04.16-11.41.25:242][  0]LogConfig: Setting CVar [[r.DistanceFieldBuild.Compress:0]]
[2023.04.16-11.41.25:242][  0]LogConfig: Setting CVar [[r.TessellationAdaptivePixelsPerTriangle:48.000000]]
[2023.04.16-11.41.25:242][  0]LogConfig: Setting CVar [[r.SeparateTranslucency:1]]
[2023.04.16-11.41.25:243][  0]LogConfig: Setting CVar [[r.TranslucentSortPolicy:0]]
[2023.04.16-11.41.25:243][  0]LogConfig: Setting CVar [[vr.VRS.HMDFixedFoveationLevel:0]]
[2023.04.16-11.41.25:243][  0]LogConfig: Setting CVar [[r.CustomDepth:1]]
[2023.04.16-11.41.25:244][  0]LogConfig: Setting CVar [[r.CustomDepthTemporalAAJitter:1]]
[2023.04.16-11.41.25:244][  0]LogConfig: Setting CVar [[r.PostProcessing.PropagateAlpha:0]]
[2023.04.16-11.41.25:244][  0]LogConfig: Setting CVar [[r.DefaultFeature.Bloom:1]]
[2023.04.16-11.41.25:244][  0]LogConfig: Setting CVar [[r.DefaultFeature.AmbientOcclusion:1]]
[2023.04.16-11.41.25:245][  0]LogConfig: Setting CVar [[r.DefaultFeature.AmbientOcclusionStaticFraction:1]]
[2023.04.16-11.41.25:245][  0]LogConfig: Setting CVar [[r.DefaultFeature.AutoExposure:0]]
[2023.04.16-11.41.25:245][  0]LogConfig: Setting CVar [[r.DefaultFeature.AutoExposure.Method:0]]
[2023.04.16-11.41.25:245][  0]LogConfig: Setting CVar [[r.DefaultFeature.AutoExposure.Bias:1.000000]]
[2023.04.16-11.41.25:246][  0]LogConfig: Setting CVar [[r.DefaultFeature.AutoExposure.ExtendDefaultLuminanceRange:0]]
[2023.04.16-11.41.25:246][  0]LogConfig: Setting CVar [[r.UsePreExposure:1]]
[2023.04.16-11.41.25:246][  0]LogConfig: Setting CVar [[r.EyeAdaptation.EditorOnly:0]]
[2023.04.16-11.41.25:247][  0]LogConfig: Setting CVar [[r.DefaultFeature.MotionBlur:0]]
[2023.04.16-11.41.25:247][  0]LogConfig: Setting CVar [[r.DefaultFeature.LensFlare:0]]
[2023.04.16-11.41.25:247][  0]LogConfig: Setting CVar [[r.TemporalAA.Upsampling:0]]
[2023.04.16-11.41.25:247][  0]LogConfig: Setting CVar [[r.SSGI.Enable:0]]
[2023.04.16-11.41.25:248][  0]LogConfig: Setting CVar [[r.DefaultFeature.AntiAliasing:0]]
[2023.04.16-11.41.25:248][  0]LogConfig: Setting CVar [[r.DefaultFeature.LightUnits:1]]
[2023.04.16-11.41.25:248][  0]LogConfig: Setting CVar [[r.DefaultBackBufferPixelFormat:4]]
[2023.04.16-11.41.25:248][  0]LogConfig: Setting CVar [[r.Shadow.UnbuiltPreviewInGame:1]]
[2023.04.16-11.41.25:249][  0]LogConfig: Setting CVar [[r.StencilForLODDither:0]]
[2023.04.16-11.41.25:249][  0]LogConfig: Setting CVar [[r.EarlyZPass:3]]
[2023.04.16-11.41.25:249][  0]LogConfig: Setting CVar [[r.EarlyZPassOnlyMaterialMasking:0]]
[2023.04.16-11.41.25:249][  0]LogConfig: Setting CVar [[r.DBuffer:1]]
[2023.04.16-11.41.25:250][  0]LogConfig: Setting CVar [[r.ClearSceneMethod:1]]
[2023.04.16-11.41.25:250][  0]LogConfig: Setting CVar [[r.BasePassOutputsVelocity:0]]
[2023.04.16-11.41.25:251][  0]LogConfig: Setting CVar [[r.VertexDeformationOutputsVelocity:0]]
[2023.04.16-11.41.25:251][  0]LogConfig: Setting CVar [[r.SelectiveBasePassOutputs:0]]
[2023.04.16-11.41.25:252][  0]LogConfig: Setting CVar [[fx.GPUSimulationTextureSizeX:1024]]
[2023.04.16-11.41.25:252][  0]LogConfig: Setting CVar [[fx.GPUSimulationTextureSizeY:1024]]
[2023.04.16-11.41.25:252][  0]LogConfig: Setting CVar [[r.AllowGlobalClipPlane:0]]
[2023.04.16-11.41.25:252][  0]LogConfig: Setting CVar [[r.GBufferFormat:1]]
[2023.04.16-11.41.25:253][  0]LogConfig: Setting CVar [[r.MorphTarget.Mode:1]]
[2023.04.16-11.41.25:255][  0]LogConfig: Setting CVar [[vr.InstancedStereo:0]]
[2023.04.16-11.41.25:255][  0]LogConfig: Setting CVar [[r.MobileHDR:1]]
[2023.04.16-11.41.25:255][  0]LogConfig: Setting CVar [[vr.MobileMultiView:0]]
[2023.04.16-11.41.25:255][  0]LogConfig: Setting CVar [[r.Mobile.UseHWsRGBEncoding:0]]
[2023.04.16-11.41.25:256][  0]LogConfig: Setting CVar [[vr.RoundRobinOcclusion:0]]
[2023.04.16-11.41.25:256][  0]LogConfig: Setting CVar [[vr.ODSCapture:0]]
[2023.04.16-11.41.25:256][  0]LogConfig: Setting CVar [[r.MeshStreaming:0]]
[2023.04.16-11.41.25:257][  0]LogConfig: Setting CVar [[r.WireframeCullThreshold:5.000000]]
[2023.04.16-11.41.25:257][  0]LogConfig: Setting CVar [[r.RayTracing:0]]
[2023.04.16-11.41.25:257][  0]LogConfig: Setting CVar [[r.RayTracing.UseTextureLod:0]]
[2023.04.16-11.41.25:258][  0]LogConfig: Setting CVar [[r.SupportStationarySkylight:1]]
[2023.04.16-11.41.25:258][  0]LogConfig: Setting CVar [[r.SupportLowQualityLightmaps:1]]
[2023.04.16-11.41.25:258][  0]LogConfig: Setting CVar [[r.SupportPointLightWholeSceneShadows:1]]
[2023.04.16-11.41.25:258][  0]LogConfig: Setting CVar [[r.SupportAtmosphericFog:1]]
[2023.04.16-11.41.25:259][  0]LogConfig: Setting CVar [[r.SupportSkyAtmosphere:1]]
[2023.04.16-11.41.25:259][  0]LogConfig: Setting CVar [[r.SupportSkyAtmosphereAffectsHeightFog:0]]
[2023.04.16-11.41.25:259][  0]LogConfig: Setting CVar [[r.SkinCache.CompileShaders:0]]
[2023.04.16-11.41.25:259][  0]LogConfig: Setting CVar [[r.SkinCache.DefaultBehavior:1]]
[2023.04.16-11.41.25:260][  0]LogConfig: Setting CVar [[r.SkinCache.SceneMemoryLimitInMB:128.000000]]
[2023.04.16-11.41.25:260][  0]LogConfig: Setting CVar [[r.Mobile.EnableStaticAndCSMShadowReceivers:1]]
[2023.04.16-11.41.25:260][  0]LogConfig: Setting CVar [[r.Mobile.EnableMovableLightCSMShaderCulling:1]]
[2023.04.16-11.41.25:260][  0]LogConfig: Setting CVar [[r.Mobile.AllowDistanceFieldShadows:1]]
[2023.04.16-11.41.25:261][  0]LogConfig: Setting CVar [[r.Mobile.AllowMovableDirectionalLights:1]]
[2023.04.16-11.41.25:261][  0]LogConfig: Setting CVar [[r.MobileNumDynamicPointLights:4]]
[2023.04.16-11.41.25:261][  0]LogConfig: Setting CVar [[r.MobileDynamicPointLightsUseStaticBranch:1]]
[2023.04.16-11.41.25:261][  0]LogConfig: Setting CVar [[r.Mobile.EnableMovableSpotlights:0]]
[2023.04.16-11.41.25:262][  0]LogConfig: Setting CVar [[r.Mobile.EnableMovableSpotlightsShadow:0]]
[2023.04.16-11.41.25:262][  0]LogConfig: Setting CVar [[r.GPUSkin.Support16BitBoneIndex:0]]
[2023.04.16-11.41.25:262][  0]LogConfig: Setting CVar [[r.GPUSkin.Limit2BoneInfluences:0]]
[2023.04.16-11.41.25:263][  0]LogConfig: Setting CVar [[r.SupportDepthOnlyIndexBuffers:1]]
[2023.04.16-11.41.25:263][  0]LogConfig: Setting CVar [[r.SupportReversedIndexBuffers:1]]
[2023.04.16-11.41.25:263][  0]LogConfig: Setting CVar [[r.LightPropagationVolume:0]]
[2023.04.16-11.41.25:263][  0]LogConfig: Setting CVar [[r.Mobile.AmbientOcclusion:0]]
[2023.04.16-11.41.25:264][  0]LogConfig: Setting CVar [[r.GPUSkin.UnlimitedBoneInfluences:0]]
[2023.04.16-11.41.25:264][  0]LogConfig: Setting CVar [[r.GPUSkin.UnlimitedBoneInfluencesThreshold:8]]
[2023.04.16-11.41.25:264][  0]LogConfig: Setting CVar [[r.Mobile.PlanarReflectionMode:0]]
[2023.04.16-11.41.25:264][  0]LogConfig: Setting CVar [[r.Mobile.SupportsGen4TAA:0]]
[2023.04.16-11.41.25:265][  0]LogConfig: Applying CVar settings from Section [/Script/Engine.RendererOverrideSettings] File [C:/Users/danie/Documents/Gamedev VR/game/UE4 game/fpsgame/Saved/Config/Windows/Engine.ini]
[2023.04.16-11.41.25:265][  0]LogConfig: Applying CVar settings from Section [/Script/Engine.StreamingSettings] File [C:/Users/danie/Documents/Gamedev VR/game/UE4 game/fpsgame/Saved/Config/Windows/Engine.ini]
[2023.04.16-11.41.25:265][  0]LogConfig: Setting CVar [[s.MinBulkDataSizeForAsyncLoading:131072]]
[2023.04.16-11.41.25:265][  0]LogConfig: Setting CVar [[s.AsyncLoadingThreadEnabled:0]]
[2023.04.16-11.41.25:266][  0]LogConfig: Setting CVar [[s.EventDrivenLoaderEnabled:1]]
[2023.04.16-11.41.25:266][  0]LogConfig: Setting CVar [[s.WarnIfTimeLimitExceeded:0]]
[2023.04.16-11.41.25:266][  0]LogConfig: Setting CVar [[s.TimeLimitExceededMultiplier:1.5]]
[2023.04.16-11.41.25:267][  0]LogConfig: Setting CVar [[s.TimeLimitExceededMinTime:0.005]]
[2023.04.16-11.41.25:267][  0]LogConfig: Setting CVar [[s.UseBackgroundLevelStreaming:1]]
[2023.04.16-11.41.25:267][  0]LogConfig: Setting CVar [[s.PriorityAsyncLoadingExtraTime:15.0]]
[2023.04.16-11.41.25:268][  0]LogConfig: Setting CVar [[s.LevelStreamingActorsUpdateTimeLimit:5.0]]
[2023.04.16-11.41.25:268][  0]LogConfig: Setting CVar [[s.PriorityLevelStreamingActorsUpdateExtraTime:5.0]]
[2023.04.16-11.41.25:268][  0]LogConfig: Setting CVar [[s.LevelStreamingComponentsRegistrationGranularity:10]]
[2023.04.16-11.41.25:268][  0]LogConfig: Setting CVar [[s.UnregisterComponentsTimeLimit:1.0]]
[2023.04.16-11.41.25:269][  0]LogConfig: Setting CVar [[s.LevelStreamingComponentsUnregistrationGranularity:5]]
[2023.04.16-11.41.25:271][  0]LogConfig: Setting CVar [[s.FlushStreamingOnExit:1]]
[2023.04.16-11.41.25:271][  0]LogConfig: Applying CVar settings from Section [/Script/Engine.GarbageCollectionSettings] File [C:/Users/danie/Documents/Gamedev VR/game/UE4 game/fpsgame/Saved/Config/Windows/Engine.ini]
[2023.04.16-11.41.25:272][  0]LogConfig: Setting CVar [[gc.MaxObjectsNotConsideredByGC:1]]
[2023.04.16-11.41.25:272][  0]LogConfig: Setting CVar [[gc.SizeOfPermanentObjectPool:0]]
[2023.04.16-11.41.25:272][  0]LogConfig: Setting CVar [[gc.FlushStreamingOnGC:0]]
[2023.04.16-11.41.25:273][  0]LogConfig: Setting CVar [[gc.NumRetriesBeforeForcingGC:10]]
[2023.04.16-11.41.25:273][  0]LogConfig: Setting CVar [[gc.AllowParallelGC:1]]
[2023.04.16-11.41.25:273][  0]LogConfig: Setting CVar [[gc.TimeBetweenPurgingPendingKillObjects:61.1]]
[2023.04.16-11.41.25:273][  0]LogConfig: Setting CVar [[gc.MaxObjectsInEditor:25165824]]
[2023.04.16-11.41.25:274][  0]LogConfig: Setting CVar [[gc.IncrementalBeginDestroyEnabled:1]]
[2023.04.16-11.41.25:274][  0]LogConfig: Setting CVar [[gc.CreateGCClusters:1]]
[2023.04.16-11.41.25:274][  0]LogConfig: Setting CVar [[gc.MinGCClusterSize:5]]
[2023.04.16-11.41.25:274][  0]LogConfig: Setting CVar [[gc.ActorClusteringEnabled:0]]
[2023.04.16-11.41.25:275][  0]LogConfig: Setting CVar [[gc.BlueprintClusteringEnabled:0]]
[2023.04.16-11.41.25:275][  0]LogConfig: Setting CVar [[gc.UseDisregardForGCOnDedicatedServers:0]]
[2023.04.16-11.41.25:275][  0]LogConfig: Setting CVar [[gc.MultithreadedDestructionEnabled:1]]
[2023.04.16-11.41.25:275][  0]LogConfig: Applying CVar settings from Section [/Script/Engine.NetworkSettings] File [C:/Users/danie/Documents/Gamedev VR/game/UE4 game/fpsgame/Saved/Config/Windows/Engine.ini]
[2023.04.16-11.41.25:276][  0]LogConfig: Applying CVar settings from Section [/Script/UnrealEd.CookerSettings] File [C:/Users/danie/Documents/Gamedev VR/game/UE4 game/fpsgame/Saved/Config/Windows/Engine.ini]
[2023.04.16-11.41.25:276][  0]LogConfig: Applying CVar settings from Section [ViewDistanceQuality@3] File [C:/Users/danie/Documents/Gamedev VR/game/UE4 game/fpsgame/Saved/Config/Windows/Scalability.ini]
[2023.04.16-11.41.25:276][  0]LogConfig: Setting CVar [[r.SkeletalMeshLODBias:0]]
[2023.04.16-11.41.25:276][  0]LogConfig: Setting CVar [[r.ViewDistanceScale:1.0]]
[2023.04.16-11.41.25:277][  0]LogConfig: Applying CVar settings from Section [AntiAliasingQuality@3] File [C:/Users/danie/Documents/Gamedev VR/game/UE4 game/fpsgame/Saved/Config/Windows/Scalability.ini]
[2023.04.16-11.41.25:277][  0]LogConfig: Setting CVar [[r.PostProcessAAQuality:4]]
[2023.04.16-11.41.25:277][  0]LogConfig: Applying CVar settings from Section [ShadowQuality@3] File [C:/Users/danie/Documents/Gamedev VR/game/UE4 game/fpsgame/Saved/Config/Windows/Scalability.ini]
[2023.04.16-11.41.25:278][  0]LogConfig: Setting CVar [[r.LightFunctionQuality:1]]
[2023.04.16-11.41.25:278][  0]LogConfig: Setting CVar [[r.ShadowQuality:5]]
[2023.04.16-11.41.25:278][  0]LogConfig: Setting CVar [[r.Shadow.CSM.MaxCascades:10]]
[2023.04.16-11.41.25:278][  0]LogConfig: Setting CVar [[r.Shadow.MaxResolution:2048]]
[2023.04.16-11.41.25:279][  0]LogConfig: Setting CVar [[r.Shadow.MaxCSMResolution:2048]]
[2023.04.16-11.41.25:279][  0]LogConfig: Setting CVar [[r.Shadow.RadiusThreshold:0.01]]
[2023.04.16-11.41.25:279][  0]LogConfig: Setting CVar [[r.Shadow.DistanceScale:1.0]]
[2023.04.16-11.41.25:280][  0]LogConfig: Setting CVar [[r.Shadow.CSM.TransitionScale:1.0]]
[2023.04.16-11.41.25:280][  0]LogConfig: Setting CVar [[r.Shadow.PreShadowResolutionFactor:1.0]]
[2023.04.16-11.41.25:280][  0]LogConfig: Setting CVar [[r.DistanceFieldShadowing:1]]
[2023.04.16-11.41.25:280][  0]LogConfig: Setting CVar [[r.DistanceFieldAO:1]]
[2023.04.16-11.41.25:281][  0]LogConfig: Setting CVar [[r.AOQuality:2]]
[2023.04.16-11.41.25:281][  0]LogConfig: Setting CVar [[r.VolumetricFog:1]]
[2023.04.16-11.41.25:281][  0]LogConfig: Setting CVar [[r.VolumetricFog.GridPixelSize:8]]
[2023.04.16-11.41.25:281][  0]LogConfig: Setting CVar [[r.VolumetricFog.GridSizeZ:128]]
[2023.04.16-11.41.25:282][  0]LogConfig: Setting CVar [[r.VolumetricFog.HistoryMissSupersampleCount:4]]
[2023.04.16-11.41.25:282][  0]LogConfig: Setting CVar [[r.LightMaxDrawDistanceScale:1]]
[2023.04.16-11.41.25:282][  0]LogConfig: Setting CVar [[r.CapsuleShadows:1]]
[2023.04.16-11.41.25:282][  0]LogConfig: Applying CVar settings from Section [PostProcessQuality@3] File [C:/Users/danie/Documents/Gamedev VR/game/UE4 game/fpsgame/Saved/Config/Windows/Scalability.ini]
[2023.04.16-11.41.25:283][  0]LogConfig: Setting CVar [[r.MotionBlurQuality:4]]
[2023.04.16-11.41.25:283][  0]LogConfig: Setting CVar [[r.AmbientOcclusionMipLevelFactor:0.4]]
[2023.04.16-11.41.25:283][  0]LogConfig: Setting CVar [[r.AmbientOcclusionMaxQuality:100]]
[2023.04.16-11.41.25:283][  0]LogConfig: Setting CVar [[r.AmbientOcclusionLevels:-1]]
[2023.04.16-11.41.25:284][  0]LogConfig: Setting CVar [[r.AmbientOcclusionRadiusScale:1.0]]
[2023.04.16-11.41.25:284][  0]LogConfig: Setting CVar [[r.DepthOfFieldQuality:2]]
[2023.04.16-11.41.25:285][  0]LogConfig: Setting CVar [[r.RenderTargetPoolMin:400]]
[2023.04.16-11.41.25:287][  0]LogConfig: Setting CVar [[r.LensFlareQuality:2]]
[2023.04.16-11.41.25:287][  0]LogConfig: Setting CVar [[r.SceneColorFringeQuality:1]]
[2023.04.16-11.41.25:287][  0]LogConfig: Setting CVar [[r.EyeAdaptationQuality:2]]
[2023.04.16-11.41.25:287][  0]LogConfig: Setting CVar [[r.BloomQuality:5]]
[2023.04.16-11.41.25:288][  0]LogConfig: Setting CVar [[r.FastBlurThreshold:100]]
[2023.04.16-11.41.25:288][  0]LogConfig: Setting CVar [[r.Upscale.Quality:3]]
[2023.04.16-11.41.25:288][  0]LogConfig: Setting CVar [[r.Tonemapper.GrainQuantization:1]]
[2023.04.16-11.41.25:289][  0]LogConfig: Setting CVar [[r.LightShaftQuality:1]]
[2023.04.16-11.41.25:289][  0]LogConfig: Setting CVar [[r.Filter.SizeScale:1]]
[2023.04.16-11.41.25:289][  0]LogConfig: Setting CVar [[r.Tonemapper.Quality:5]]
[2023.04.16-11.41.25:289][  0]LogConfig: Setting CVar [[r.DOF.Gather.AccumulatorQuality:1        ; higher gathering accumulator quality]]
[2023.04.16-11.41.25:290][  0]LogConfig: Setting CVar [[r.DOF.Gather.PostfilterMethod:1          ; Median3x3 postfilering method]]
[2023.04.16-11.41.25:290][  0]LogConfig: Setting CVar [[r.DOF.Gather.EnableBokehSettings:0       ; no bokeh simulation when gathering]]
[2023.04.16-11.41.25:290][  0]LogConfig: Setting CVar [[r.DOF.Gather.RingCount:4                 ; medium number of samples when gathering]]
[2023.04.16-11.41.25:290][  0]LogConfig: Setting CVar [[r.DOF.Scatter.ForegroundCompositing:1    ; additive foreground scattering]]
[2023.04.16-11.41.25:291][  0]LogConfig: Setting CVar [[r.DOF.Scatter.BackgroundCompositing:2    ; additive background scattering]]
[2023.04.16-11.41.25:291][  0]LogConfig: Setting CVar [[r.DOF.Scatter.EnableBokehSettings:1      ; bokeh simulation when scattering]]
[2023.04.16-11.41.25:291][  0]LogConfig: Setting CVar [[r.DOF.Scatter.MaxSpriteRatio:0.1         ; only a maximum of 10% of scattered bokeh]]
[2023.04.16-11.41.25:292][  0]LogConfig: Setting CVar [[r.DOF.Recombine.Quality:1                ; cheap slight out of focus]]
[2023.04.16-11.41.25:292][  0]LogConfig: Setting CVar [[r.DOF.Recombine.EnableBokehSettings:0    ; no bokeh simulation on slight out of focus]]
[2023.04.16-11.41.25:292][  0]LogConfig: Setting CVar [[r.DOF.TemporalAAQuality:1                ; more stable temporal accumulation]]
[2023.04.16-11.41.25:292][  0]LogConfig: Setting CVar [[r.DOF.Kernel.MaxForegroundRadius:0.025]]
[2023.04.16-11.41.25:293][  0]LogConfig: Setting CVar [[r.DOF.Kernel.MaxBackgroundRadius:0.025]]
[2023.04.16-11.41.25:293][  0]LogConfig: Applying CVar settings from Section [TextureQuality@3] File [C:/Users/danie/Documents/Gamedev VR/game/UE4 game/fpsgame/Saved/Config/Windows/Scalability.ini]
[2023.04.16-11.41.25:293][  0]LogConfig: Setting CVar [[r.Streaming.MipBias:0]]
[2023.04.16-11.41.25:294][  0]LogConfig: Setting CVar [[r.Streaming.AmortizeCPUToGPUCopy:0]]
[2023.04.16-11.41.25:294][  0]LogConfig: Setting CVar [[r.Streaming.MaxNumTexturesToStreamPerFrame:0]]
[2023.04.16-11.41.25:294][  0]LogConfig: Setting CVar [[r.Streaming.Boost:1]]
[2023.04.16-11.41.25:294][  0]LogConfig: Setting CVar [[r.MaxAnisotropy:8]]
[2023.04.16-11.41.25:295][  0]LogConfig: Setting CVar [[r.VT.MaxAnisotropy:8]]
[2023.04.16-11.41.25:295][  0]LogConfig: Setting CVar [[r.Streaming.LimitPoolSizeToVRAM:0]]
[2023.04.16-11.41.25:295][  0]LogConfig: Setting CVar [[r.Streaming.PoolSize:1000]]
[2023.04.16-11.41.25:295][  0]LogConfig: Setting CVar [[r.Streaming.MaxEffectiveScreenSize:0]]
[2023.04.16-11.41.25:296][  0]LogConfig: Applying CVar settings from Section [EffectsQuality@3] File [C:/Users/danie/Documents/Gamedev VR/game/UE4 game/fpsgame/Saved/Config/Windows/Scalability.ini]
[2023.04.16-11.41.25:296][  0]LogConfig: Setting CVar [[r.TranslucencyLightingVolumeDim:64]]
[2023.04.16-11.41.25:296][  0]LogConfig: Setting CVar [[r.RefractionQuality:2]]
[2023.04.16-11.41.25:296][  0]LogConfig: Setting CVar [[r.SSR.Quality:3]]
[2023.04.16-11.41.25:297][  0]LogConfig: Setting CVar [[r.SSR.HalfResSceneColor:0]]
[2023.04.16-11.41.25:297][  0]LogConfig: Setting CVar [[r.SceneColorFormat:4]]
[2023.04.16-11.41.25:297][  0]LogConfig: Setting CVar [[r.DetailMode:2]]
[2023.04.16-11.41.25:298][  0]LogConfig: Setting CVar [[r.TranslucencyVolumeBlur:1]]
[2023.04.16-11.41.25:298][  0]LogConfig: Setting CVar [[r.MaterialQualityLevel:1 ; High quality]]
[2023.04.16-11.41.25:298][  0]LogConfig: Setting CVar [[r.AnisotropicMaterials:1]]
[2023.04.16-11.41.25:298][  0]LogConfig: Setting CVar [[r.SSS.Scale:1]]
[2023.04.16-11.41.25:299][  0]LogConfig: Setting CVar [[r.SSS.SampleSet:2]]
[2023.04.16-11.41.25:299][  0]LogConfig: Setting CVar [[r.SSS.Quality:1]]
[2023.04.16-11.41.25:299][  0]LogConfig: Setting CVar [[r.SSS.HalfRes:0]]
[2023.04.16-11.41.25:299][  0]LogConfig: Setting CVar [[r.SSGI.Quality:3]]
[2023.04.16-11.41.25:300][  0]LogConfig: Setting CVar [[r.EmitterSpawnRateScale:1.0]]
[2023.04.16-11.41.25:300][  0]LogConfig: Setting CVar [[r.ParticleLightQuality:2]]
[2023.04.16-11.41.25:301][  0]LogConfig: Setting CVar [[r.SkyAtmosphere.AerialPerspectiveLUT.FastApplyOnOpaque:1 ; Always have FastSkyLUT 1 in this case to avoid wrong sky]]
[2023.04.16-11.41.25:303][  0]LogConfig: Setting CVar [[r.SkyAtmosphere.AerialPerspectiveLUT.SampleCountMaxPerSlice:4]]
[2023.04.16-11.41.25:303][  0]LogConfig: Setting CVar [[r.SkyAtmosphere.AerialPerspectiveLUT.DepthResolution:16.0]]
[2023.04.16-11.41.25:304][  0]LogConfig: Setting CVar [[r.SkyAtmosphere.FastSkyLUT:1]]
[2023.04.16-11.41.25:304][  0]LogConfig: Setting CVar [[r.SkyAtmosphere.FastSkyLUT.SampleCountMin:4.0]]
[2023.04.16-11.41.25:305][  0]LogConfig: Setting CVar [[r.SkyAtmosphere.FastSkyLUT.SampleCountMax:128.0]]
[2023.04.16-11.41.25:305][  0]LogConfig: Setting CVar [[r.SkyAtmosphere.SampleCountMin:4.0]]
[2023.04.16-11.41.25:305][  0]LogConfig: Setting CVar [[r.SkyAtmosphere.SampleCountMax:128.0]]
[2023.04.16-11.41.25:306][  0]LogConfig: Setting CVar [[r.SkyAtmosphere.TransmittanceLUT.UseSmallFormat:0]]
[2023.04.16-11.41.25:306][  0]LogConfig: Setting CVar [[r.SkyAtmosphere.TransmittanceLUT.SampleCount:10.0]]
[2023.04.16-11.41.25:306][  0]LogConfig: Setting CVar [[r.SkyAtmosphere.MultiScatteringLUT.SampleCount:15.0]]
[2023.04.16-11.41.25:307][  0]LogConfig: Setting CVar [[r.SkyLight.RealTimeReflectionCapture:1]]
[2023.04.16-11.41.25:307][  0]LogConfig: Applying CVar settings from Section [FoliageQuality@3] File [C:/Users/danie/Documents/Gamedev VR/game/UE4 game/fpsgame/Saved/Config/Windows/Scalability.ini]
[2023.04.16-11.41.25:307][  0]LogConfig: Setting CVar [[foliage.DensityScale:1.0]]
[2023.04.16-11.41.25:307][  0]LogConfig: Setting CVar [[grass.DensityScale:1.0]]
[2023.04.16-11.41.25:308][  0]LogConfig: Applying CVar settings from Section [ShadingQuality@3] File [C:/Users/danie/Documents/Gamedev VR/game/UE4 game/fpsgame/Saved/Config/Windows/Scalability.ini]
[2023.04.16-11.41.25:308][  0]LogConfig: Setting CVar [[r.HairStrands.SkyLighting.IntegrationType:2]]
[2023.04.16-11.41.25:308][  0]LogConfig: Setting CVar [[r.HairStrands.SkyAO.SampleCount:4]]
[2023.04.16-11.41.25:309][  0]LogConfig: Setting CVar [[r.HairStrands.Visibility.MSAA.SamplePerPixel:4]]
[2023.04.16-11.41.25:309][  0]LogInit: Selected Device Profile: [Windows]
[2023.04.16-11.41.25:309][  0]LogInit: Applying CVar settings loaded from the selected device profile: [Windows]
[2023.04.16-11.41.25:309][  0]LogHAL: Display: Platform has ~ 16 GB [17128247296 / 17179869184 / 16], which maps to Larger [LargestMinGB=32, LargerMinGB=12, DefaultMinGB=8, SmallerMinGB=6, SmallestMinGB=0)
[2023.04.16-11.41.25:310][  0]LogInit: Going up to parent DeviceProfile []
[2023.04.16-11.41.25:310][  0]LogConfig: Applying CVar settings from Section [ViewDistanceQuality@3] File [C:/Users/danie/Documents/Gamedev VR/game/UE4 game/fpsgame/Saved/Config/Windows/Scalability.ini]
[2023.04.16-11.41.25:310][  0]LogConfig: Setting CVar [[r.SkeletalMeshLODBias:0]]
[2023.04.16-11.41.25:310][  0]LogConfig: Setting CVar [[r.ViewDistanceScale:1.0]]
[2023.04.16-11.41.25:311][  0]LogConfig: Applying CVar settings from Section [AntiAliasingQuality@3] File [C:/Users/danie/Documents/Gamedev VR/game/UE4 game/fpsgame/Saved/Config/Windows/Scalability.ini]
[2023.04.16-11.41.25:311][  0]LogConfig: Setting CVar [[r.PostProcessAAQuality:4]]
[2023.04.16-11.41.25:311][  0]LogConfig: Applying CVar settings from Section [ShadowQuality@3] File [C:/Users/danie/Documents/Gamedev VR/game/UE4 game/fpsgame/Saved/Config/Windows/Scalability.ini]
[2023.04.16-11.41.25:312][  0]LogConfig: Setting CVar [[r.LightFunctionQuality:1]]
[2023.04.16-11.41.25:312][  0]LogConfig: Setting CVar [[r.ShadowQuality:5]]
[2023.04.16-11.41.25:312][  0]LogConfig: Setting CVar [[r.Shadow.CSM.MaxCascades:10]]
[2023.04.16-11.41.25:312][  0]LogConfig: Setting CVar [[r.Shadow.MaxResolution:2048]]
[2023.04.16-11.41.25:313][  0]LogConfig: Setting CVar [[r.Shadow.MaxCSMResolution:2048]]
[2023.04.16-11.41.25:313][  0]LogConfig: Setting CVar [[r.Shadow.RadiusThreshold:0.01]]
[2023.04.16-11.41.25:313][  0]LogConfig: Setting CVar [[r.Shadow.DistanceScale:1.0]]
[2023.04.16-11.41.25:313][  0]LogConfig: Setting CVar [[r.Shadow.CSM.TransitionScale:1.0]]
[2023.04.16-11.41.25:314][  0]LogConfig: Setting CVar [[r.Shadow.PreShadowResolutionFactor:1.0]]
[2023.04.16-11.41.25:314][  0]LogConfig: Setting CVar [[r.DistanceFieldShadowing:1]]
[2023.04.16-11.41.25:314][  0]LogConfig: Setting CVar [[r.DistanceFieldAO:1]]
[2023.04.16-11.41.25:314][  0]LogConfig: Setting CVar [[r.AOQuality:2]]
[2023.04.16-11.41.25:315][  0]LogConfig: Setting CVar [[r.VolumetricFog:1]]
[2023.04.16-11.41.25:315][  0]LogConfig: Setting CVar [[r.VolumetricFog.GridPixelSize:8]]
[2023.04.16-11.41.25:315][  0]LogConfig: Setting CVar [[r.VolumetricFog.GridSizeZ:128]]
[2023.04.16-11.41.25:315][  0]LogConfig: Setting CVar [[r.VolumetricFog.HistoryMissSupersampleCount:4]]
[2023.04.16-11.41.25:316][  0]LogConfig: Setting CVar [[r.LightMaxDrawDistanceScale:1]]
[2023.04.16-11.41.25:319][  0]LogConfig: Setting CVar [[r.CapsuleShadows:1]]
[2023.04.16-11.41.25:319][  0]LogConfig: Applying CVar settings from Section [PostProcessQuality@3] File [C:/Users/danie/Documents/Gamedev VR/game/UE4 game/fpsgame/Saved/Config/Windows/Scalability.ini]
[2023.04.16-11.41.25:320][  0]LogConfig: Setting CVar [[r.MotionBlurQuality:4]]
[2023.04.16-11.41.25:320][  0]LogConfig: Setting CVar [[r.AmbientOcclusionMipLevelFactor:0.4]]
[2023.04.16-11.41.25:320][  0]LogConfig: Setting CVar [[r.AmbientOcclusionMaxQuality:100]]
[2023.04.16-11.41.25:321][  0]LogConfig: Setting CVar [[r.AmbientOcclusionLevels:-1]]
[2023.04.16-11.41.25:321][  0]LogConfig: Setting CVar [[r.AmbientOcclusionRadiusScale:1.0]]
[2023.04.16-11.41.25:321][  0]LogConfig: Setting CVar [[r.DepthOfFieldQuality:2]]
[2023.04.16-11.41.25:321][  0]LogConfig: Setting CVar [[r.RenderTargetPoolMin:400]]
[2023.04.16-11.41.25:322][  0]LogConfig: Setting CVar [[r.LensFlareQuality:2]]
[2023.04.16-11.41.25:322][  0]LogConfig: Setting CVar [[r.SceneColorFringeQuality:1]]
[2023.04.16-11.41.25:322][  0]LogConfig: Setting CVar [[r.EyeAdaptationQuality:2]]
[2023.04.16-11.41.25:323][  0]LogConfig: Setting CVar [[r.BloomQuality:5]]
[2023.04.16-11.41.25:323][  0]LogConfig: Setting CVar [[r.FastBlurThreshold:100]]
[2023.04.16-11.41.25:323][  0]LogConfig: Setting CVar [[r.Upscale.Quality:3]]
[2023.04.16-11.41.25:323][  0]LogConfig: Setting CVar [[r.Tonemapper.GrainQuantization:1]]
[2023.04.16-11.41.25:324][  0]LogConfig: Setting CVar [[r.LightShaftQuality:1]]
[2023.04.16-11.41.25:324][  0]LogConfig: Setting CVar [[r.Filter.SizeScale:1]]
[2023.04.16-11.41.25:324][  0]LogConfig: Setting CVar [[r.Tonemapper.Quality:5]]
[2023.04.16-11.41.25:324][  0]LogConfig: Setting CVar [[r.DOF.Gather.AccumulatorQuality:1        ; higher gathering accumulator quality]]
[2023.04.16-11.41.25:325][  0]LogConfig: Setting CVar [[r.DOF.Gather.PostfilterMethod:1          ; Median3x3 postfilering method]]
[2023.04.16-11.41.25:325][  0]LogConfig: Setting CVar [[r.DOF.Gather.EnableBokehSettings:0       ; no bokeh simulation when gathering]]
[2023.04.16-11.41.25:325][  0]LogConfig: Setting CVar [[r.DOF.Gather.RingCount:4                 ; medium number of samples when gathering]]
[2023.04.16-11.41.25:325][  0]LogConfig: Setting CVar [[r.DOF.Scatter.ForegroundCompositing:1    ; additive foreground scattering]]
[2023.04.16-11.41.25:326][  0]LogConfig: Setting CVar [[r.DOF.Scatter.BackgroundCompositing:2    ; additive background scattering]]
[2023.04.16-11.41.25:326][  0]LogConfig: Setting CVar [[r.DOF.Scatter.EnableBokehSettings:1      ; bokeh simulation when scattering]]
[2023.04.16-11.41.25:326][  0]LogConfig: Setting CVar [[r.DOF.Scatter.MaxSpriteRatio:0.1         ; only a maximum of 10% of scattered bokeh]]
[2023.04.16-11.41.25:326][  0]LogConfig: Setting CVar [[r.DOF.Recombine.Quality:1                ; cheap slight out of focus]]
[2023.04.16-11.41.25:327][  0]LogConfig: Setting CVar [[r.DOF.Recombine.EnableBokehSettings:0    ; no bokeh simulation on slight out of focus]]
[2023.04.16-11.41.25:327][  0]LogConfig: Setting CVar [[r.DOF.TemporalAAQuality:1                ; more stable temporal accumulation]]
[2023.04.16-11.41.25:327][  0]LogConfig: Setting CVar [[r.DOF.Kernel.MaxForegroundRadius:0.025]]
[2023.04.16-11.41.25:328][  0]LogConfig: Setting CVar [[r.DOF.Kernel.MaxBackgroundRadius:0.025]]
[2023.04.16-11.41.25:328][  0]LogConfig: Applying CVar settings from Section [TextureQuality@3] File [C:/Users/danie/Documents/Gamedev VR/game/UE4 game/fpsgame/Saved/Config/Windows/Scalability.ini]
[2023.04.16-11.41.25:328][  0]LogConfig: Setting CVar [[r.Streaming.MipBias:0]]
[2023.04.16-11.41.25:329][  0]LogConfig: Setting CVar [[r.Streaming.AmortizeCPUToGPUCopy:0]]
[2023.04.16-11.41.25:329][  0]LogConfig: Setting CVar [[r.Streaming.MaxNumTexturesToStreamPerFrame:0]]
[2023.04.16-11.41.25:329][  0]LogConfig: Setting CVar [[r.Streaming.Boost:1]]
[2023.04.16-11.41.25:329][  0]LogConfig: Setting CVar [[r.MaxAnisotropy:8]]
[2023.04.16-11.41.25:330][  0]LogConfig: Setting CVar [[r.VT.MaxAnisotropy:8]]
[2023.04.16-11.41.25:330][  0]LogConfig: Setting CVar [[r.Streaming.LimitPoolSizeToVRAM:0]]
[2023.04.16-11.41.25:330][  0]LogConfig: Setting CVar [[r.Streaming.PoolSize:1000]]
[2023.04.16-11.41.25:330][  0]LogConfig: Setting CVar [[r.Streaming.MaxEffectiveScreenSize:0]]
[2023.04.16-11.41.25:332][  0]LogConfig: Applying CVar settings from Section [EffectsQuality@3] File [C:/Users/danie/Documents/Gamedev VR/game/UE4 game/fpsgame/Saved/Config/Windows/Scalability.ini]
[2023.04.16-11.41.25:333][  0]LogConfig: Setting CVar [[r.TranslucencyLightingVolumeDim:64]]
[2023.04.16-11.41.25:333][  0]LogConfig: Setting CVar [[r.RefractionQuality:2]]
[2023.04.16-11.41.25:333][  0]LogConfig: Setting CVar [[r.SSR.Quality:3]]
[2023.04.16-11.41.25:334][  0]LogConfig: Setting CVar [[r.SSR.HalfResSceneColor:0]]
[2023.04.16-11.41.25:334][  0]LogConfig: Setting CVar [[r.SceneColorFormat:4]]
[2023.04.16-11.41.25:334][  0]LogConfig: Setting CVar [[r.DetailMode:2]]
[2023.04.16-11.41.25:335][  0]LogConfig: Setting CVar [[r.TranslucencyVolumeBlur:1]]
[2023.04.16-11.41.25:335][  0]LogConfig: Setting CVar [[r.MaterialQualityLevel:1 ; High quality]]
[2023.04.16-11.41.25:335][  0]LogConfig: Setting CVar [[r.AnisotropicMaterials:1]]
[2023.04.16-11.41.25:335][  0]LogConfig: Setting CVar [[r.SSS.Scale:1]]
[2023.04.16-11.41.25:336][  0]LogConfig: Setting CVar [[r.SSS.SampleSet:2]]
[2023.04.16-11.41.25:336][  0]LogConfig: Setting CVar [[r.SSS.Quality:1]]
[2023.04.16-11.41.25:336][  0]LogConfig: Setting CVar [[r.SSS.HalfRes:0]]
[2023.04.16-11.41.25:336][  0]LogConfig: Setting CVar [[r.SSGI.Quality:3]]
[2023.04.16-11.41.25:337][  0]LogConfig: Setting CVar [[r.EmitterSpawnRateScale:1.0]]
[2023.04.16-11.41.25:337][  0]LogConfig: Setting CVar [[r.ParticleLightQuality:2]]
[2023.04.16-11.41.25:337][  0]LogConfig: Setting CVar [[r.SkyAtmosphere.AerialPerspectiveLUT.FastApplyOnOpaque:1 ; Always have FastSkyLUT 1 in this case to avoid wrong sky]]
[2023.04.16-11.41.25:338][  0]LogConfig: Setting CVar [[r.SkyAtmosphere.AerialPerspectiveLUT.SampleCountMaxPerSlice:4]]
[2023.04.16-11.41.25:338][  0]LogConfig: Setting CVar [[r.SkyAtmosphere.AerialPerspectiveLUT.DepthResolution:16.0]]
[2023.04.16-11.41.25:338][  0]LogConfig: Setting CVar [[r.SkyAtmosphere.FastSkyLUT:1]]
[2023.04.16-11.41.25:338][  0]LogConfig: Setting CVar [[r.SkyAtmosphere.FastSkyLUT.SampleCountMin:4.0]]
[2023.04.16-11.41.25:339][  0]LogConfig: Setting CVar [[r.SkyAtmosphere.FastSkyLUT.SampleCountMax:128.0]]
[2023.04.16-11.41.25:339][  0]LogConfig: Setting CVar [[r.SkyAtmosphere.SampleCountMin:4.0]]
[2023.04.16-11.41.25:339][  0]LogConfig: Setting CVar [[r.SkyAtmosphere.SampleCountMax:128.0]]
[2023.04.16-11.41.25:339][  0]LogConfig: Setting CVar [[r.SkyAtmosphere.TransmittanceLUT.UseSmallFormat:0]]
[2023.04.16-11.41.25:340][  0]LogConfig: Setting CVar [[r.SkyAtmosphere.TransmittanceLUT.SampleCount:10.0]]
[2023.04.16-11.41.25:340][  0]LogConfig: Setting CVar [[r.SkyAtmosphere.MultiScatteringLUT.SampleCount:15.0]]
[2023.04.16-11.41.25:340][  0]LogConfig: Setting CVar [[r.SkyLight.RealTimeReflectionCapture:1]]
[2023.04.16-11.41.25:340][  0]LogConfig: Applying CVar settings from Section [FoliageQuality@3] File [C:/Users/danie/Documents/Gamedev VR/game/UE4 game/fpsgame/Saved/Config/Windows/Scalability.ini]
[2023.04.16-11.41.25:341][  0]LogConfig: Setting CVar [[foliage.DensityScale:1.0]]
[2023.04.16-11.41.25:341][  0]LogConfig: Setting CVar [[grass.DensityScale:1.0]]
[2023.04.16-11.41.25:341][  0]LogConfig: Applying CVar settings from Section [ShadingQuality@3] File [C:/Users/danie/Documents/Gamedev VR/game/UE4 game/fpsgame/Saved/Config/Windows/Scalability.ini]
[2023.04.16-11.41.25:342][  0]LogConfig: Setting CVar [[r.HairStrands.SkyLighting.IntegrationType:2]]
[2023.04.16-11.41.25:342][  0]LogConfig: Setting CVar [[r.HairStrands.SkyAO.SampleCount:4]]
[2023.04.16-11.41.25:342][  0]LogConfig: Setting CVar [[r.HairStrands.Visibility.MSAA.SamplePerPixel:4]]
[2023.04.16-11.41.25:342][  0]LogConfig: Applying CVar settings from Section [Startup] File [../../../Engine/Config/ConsoleVariables.ini]
[2023.04.16-11.41.25:343][  0]LogConfig: Setting CVar [[net.UseAdaptiveNetUpdateFrequency:0]]
[2023.04.16-11.41.25:343][  0]LogConfig: Setting CVar [[p.chaos.AllowCreatePhysxBodies:1]]
[2023.04.16-11.41.25:343][  0]LogConfig: Setting CVar [[fx.SkipVectorVMBackendOptimizations:1]]
[2023.04.16-11.41.25:344][  0]LogConfig: Applying CVar settings from Section [ConsoleVariables] File [C:/Users/danie/Documents/Gamedev VR/game/UE4 game/fpsgame/Saved/Config/Windows/Engine.ini]
[2023.04.16-11.41.25:344][  0]LogConfig: Applying CVar settings from Section [ConsoleVariables] File [C:/Users/danie/Documents/Gamedev VR/game/UE4 game/fpsgame/Saved/Config/Windows/Editor.ini]
[2023.04.16-11.41.25:344][  0]LogInit: Computer: DESKTOP-QG36584
[2023.04.16-11.41.25:344][  0]LogInit: User: danie
[2023.04.16-11.41.25:345][  0]LogInit: CPU Page size=4096, Cores=6
[2023.04.16-11.41.25:345][  0]LogInit: High frequency timer resolution =10.000000 MHz
[2023.04.16-11.41.25:345][  0]LogMemory: Memory total: Physical=16.0GB (16GB approx)
[2023.04.16-11.41.25:345][  0]LogMemory: Platform Memory Stats for Windows
[2023.04.16-11.41.25:346][  0]LogMemory: Process Physical Memory: 137.48 MB used, 137.49 MB peak
[2023.04.16-11.41.25:346][  0]LogMemory: Process Virtual Memory: 119.58 MB used, 119.58 MB peak
[2023.04.16-11.41.25:346][  0]LogMemory: Physical Memory: 10055.13 MB used,  6279.64 MB free, 16334.77 MB total
[2023.04.16-11.41.25:346][  0]LogMemory: Virtual Memory: 134212824.00 MB used,  4904.46 MB free, 134217728.00 MB total
[2023.04.16-11.41.25:349][  0]LogWindows: WindowsPlatformFeatures disabled or dedicated server build
[2023.04.16-11.41.25:360][  0]LogInit: Physics initialised using underlying interface: PhysX
[2023.04.16-11.41.25:360][  0]LogInit: Using OS detected language (en-US).
[2023.04.16-11.41.25:361][  0]LogInit: Using OS detected locale (en-GB).
[2023.04.16-11.41.25:364][  0]LogTextLocalizationManager: No specific localization for 'en-US' exists, so the 'en' localization will be used.
[2023.04.16-11.41.25:756][  0]LogTargetPlatformManager: Display: Loaded TargetPlatform 'WindowsNoEditor'
[2023.04.16-11.41.25:759][  0]LogTargetPlatformManager: Display: Loaded TargetPlatform 'Windows'
[2023.04.16-11.41.25:761][  0]LogTargetPlatformManager: Display: Loaded TargetPlatform 'WindowsClient'
[2023.04.16-11.41.25:764][  0]LogTargetPlatformManager: Display: Loaded TargetPlatform 'WindowsServer'
[2023.04.16-11.41.25:764][  0]LogTargetPlatformManager: Display: Building Assets For Windows
[2023.04.16-11.41.25:767][  0]LogAudioDebug: Display: Lib vorbis DLL was dynamically loaded.
[2023.04.16-11.41.25:781][  0]LogTextureFormatOodle: Display: Oodle Texture 2.9.0 init RDO Off
[2023.04.16-11.41.25:792][  0]LogRendererCore: Ray tracing is disabled. Reason: r.RayTracing=0.
[2023.04.16-11.41.25:792][  0]LogShaderCompilers: Guid format shader working directory is -27 characters bigger than the processId version (../../../../../../Users/danie/Documents/Gamedev VR/game/UE4 game/fpsgame/Intermediate/Shaders/WorkingDirectory/22180/).
[2023.04.16-11.41.25:793][  0]LogShaderCompilers: Cleaned the shader compiler working directory 'C:/Users/danie/AppData/Local/Temp/UnrealShaderWorkingDir/ED01D4234EFCEEE5A8B92496FC8280E4/'.
[2023.04.16-11.41.25:793][  0]LogXGEController: Cannot use XGE Controller as Incredibuild is not installed on this machine.
[2023.04.16-11.41.25:793][  0]LogShaderCompilers: Cannot use XGE Shader Compiler as Incredibuild is not installed on this machine.
[2023.04.16-11.41.25:793][  0]LogShaderCompilers: Display: Using Local Shader Compiler.
[2023.04.16-11.41.26:255][  0]LogDerivedDataCache: Display: Max Cache Size: 512 MB
[2023.04.16-11.41.26:302][  0]LogDerivedDataCache: Loaded boot cache 0.05s 94MB C:/Users/danie/AppData/Local/UnrealEngine/4.27/DerivedDataCache/Boot.ddc.
[2023.04.16-11.41.26:302][  0]LogDerivedDataCache: Display: Loaded Boot cache: C:/Users/danie/AppData/Local/UnrealEngine/4.27/DerivedDataCache/Boot.ddc
[2023.04.16-11.41.26:303][  0]LogDerivedDataCache: FDerivedDataBackendGraph:  Pak pak cache file ../../../../../../Users/danie/Documents/Gamedev VR/game/UE4 game/fpsgame/DerivedDataCache/DDC.ddp not found, will not use a pak cache.
[2023.04.16-11.41.26:303][  0]LogDerivedDataCache: Unable to find inner node Pak for hierarchical cache Hierarchy.
[2023.04.16-11.41.26:303][  0]LogDerivedDataCache: FDerivedDataBackendGraph:  CompressedPak pak cache file ../../../../../../Users/danie/Documents/Gamedev VR/game/UE4 game/fpsgame/DerivedDataCache/Compressed.ddp not found, will not use a pak cache.
[2023.04.16-11.41.26:304][  0]LogDerivedDataCache: Unable to find inner node CompressedPak for hierarchical cache Hierarchy.
[2023.04.16-11.41.26:321][  0]LogDerivedDataCache: Display: Pak cache opened for reading ../../../Engine/DerivedDataCache/Compressed.ddp.
[2023.04.16-11.41.26:321][  0]LogDerivedDataCache: FDerivedDataBackendGraph:  EnterprisePak pak cache file ../../../Enterprise/DerivedDataCache/Compressed.ddp not found, will not use a pak cache.
[2023.04.16-11.41.26:322][  0]LogDerivedDataCache: Unable to find inner node EnterprisePak for hierarchical cache Hierarchy.
[2023.04.16-11.41.26:328][  0]LogDerivedDataCache: Speed tests for C:/Users/danie/AppData/Local/UnrealEngine/Common/DerivedDataCache took 0.01 seconds
[2023.04.16-11.41.26:329][  0]LogDerivedDataCache: Display: Performance to C:/Users/danie/AppData/Local/UnrealEngine/Common/DerivedDataCache: Latency=0.03ms. RandomReadSpeed=1343.48MBs, RandomWriteSpeed=173.54MBs. Assigned SpeedClass 'Local'
[2023.04.16-11.41.26:330][  0]LogDerivedDataCache: Using Local data cache path C:/Users/danie/AppData/Local/UnrealEngine/Common/DerivedDataCache: Writable
[2023.04.16-11.41.26:330][  0]LogDerivedDataCache: Shared data cache path not found in *engine.ini, will not use an Shared cache.
[2023.04.16-11.41.26:330][  0]LogDerivedDataCache: Unable to find inner node Shared for hierarchical cache Hierarchy.
[2023.04.16-11.41.26:332][  0]LogInit: Using OS detected language (en-US).
[2023.04.16-11.41.26:332][  0]LogInit: Using OS detected locale (en-GB).
[2023.04.16-11.41.26:333][  0]LogTextLocalizationManager: No localization for 'en-US' exists, so 'en' will be used for the language.
[2023.04.16-11.41.26:333][  0]LogTextLocalizationManager: No localization for 'en-GB' exists, so 'en' will be used for the locale.
[2023.04.16-11.41.26:337][  0]LogTextLocalizationManager: Compacting localization data took   0.00ms
[2023.04.16-11.41.26:337][  0]LogAssetRegistry: FAssetRegistry took 0.0021 seconds to start up
[2023.04.16-11.41.26:471][  0]LogPackageLocalizationCache: Processed 27 localized package path(s) for 1 prioritized culture(s) in 0.000937 seconds
[2023.04.16-11.41.26:550][  0]LogInit: Selected Device Profile: [Windows]
[2023.04.16-11.41.26:550][  0]LogInit: Active device profile: [000001F2EE1CC500][000001F2EDC5F8C0 49] Windows
[2023.04.16-11.41.26:551][  0]LogInit: Profiles: [000001F2EE1CC500][000001F2EDC5F8C0 49] Windows, [000001F2EE1B3600][000001F2EDC6DB80 49] WindowsNoEditor, [000001F2EE1B0100][000001F2EDC62280 49] WindowsServer, [000001F2EE1CF000][000001F2EDC70500 49] WindowsClient, [000001F2EE1CC200][000001F2EDC787C0 49] IOS, [000001F2EE1B7D00][000001F2EDC7CA80 49] iPadAir, [000001F2EE1CFA00][000001F2EDC80D40 49] iPadAir2, [000001F2EE160200][000001F2EDC9B280 49] IPadPro, [000001F2EE15BF00][000001F2EDC852C0 49] iPadAir3, [000001F2EE1B1000][000001F2EDC93580 49] iPadAir4, [000001F2EE158500][000001F2EDC8F840 49] iPadMini2, [000001F2EE1B0200][000001F2EDC97B00 49] iPadMini3, [000001F2EE159200][000001F2EDCA4240 49] iPadMini4, [000001F2EE1B3800][000001F2EDC744C0 49] iPadMini5, [000001F2EE1B5600][000001F2EDCBC9C0 49] iPhone6, [000001F2EE1B5700][000001F2EDCA8A00 49] iPodTouch6, [000001F2EE15A100][000001F2EDCC4F40 49] iPhone7, [000001F2EE15A200][000001F2EDCB4F80 49] iPodTouch7, [000001F2EE1B6600][000001F2EDCB9240 49] iPhone5S, [000001F2EE15B100][000001F2EDCB1500 49] iPhone6Plus, [000001F2EE1B7B00][000001F2EDCC17C0 49] iPhone6S, [000001F2EE15AB00][000001F2EDCC9A80 49] iPhone6SPlus, [000001F2EE1B4A00][000001F2EDCCC1C0 49] iPhone7Plus, [000001F2EE15AF00][000001F2ED712480 49] iPhoneSE, [000001F2EE1B5000][000001F2EDCAC700 49] iPhone8, [000001F2EE15BC00][000001F2ED716980 49] iPhone8Plus, [000001F2EE1B7200][000001F2ED71EC40 49] iPhoneX, [000001F2EE15AC00][000001F2ED722F00 49] iPhoneXS, [000001F2EE1B6B00][000001F2ED7271C0 49] iPhoneXSMax, [000001F2EE15A900][000001F2ED72B480 49] iPhoneXR, [000001F2EE1B6F00][000001F2ED72F740 49] iPhone11, [000001F2EE158A00][000001F2ED733A00 49] iPhone11Pro, [000001F2EE1B7E00][000001F2ED736140 49] iPhone11ProMax, [000001F2EE159400][000001F2ED73A400 49] iPhoneSE2, [000001F2EE1B7F00][000001F2ED73E6C0 49] iPhone12Mini, [000001F2EE15BD00][000001F2ED71A940 49] iPhone12, [000001F2EE1B5200][000001F2ED742BC0 49] iPhone12Pro, [000001F2EE15B500][000001F2ED74AE80 49] iPhone12ProMax, [000001F2EE1B4200][000001F2ED74F140 49] iPadPro105, [000001F2EE159A00][000001F2ED753400 49] iPadPro129, [000001F2EE1B4D00][000001F2ED7576C0 49] iPadPro97, [000001F2EE158900][000001F2ED75B980 49] iPadPro2_129, [000001F2EE1B5A00][000001F2ED75E0C0 49] iPad5, [000001F2EE159C00][000001F2ED762380 49] iPad6, [000001F2EE1B7900][000001F2ED766640 49] iPad7, [000001F2EE15A600][000001F2ED76A900 49] iPad8, [000001F2EE1B7000][000001F2ED746B80 49] iPadPro11, [000001F2EE159500][000001F2ED76EE00 49] iPadPro2_11, [000001F2EE1B6100][000001F2ED7770C0 49] iPadPro3_129, [000001F2EE159D00][000001F2ED77B380 49] iPadPro4_129, [000001F2EE1B6400][000001F2ED77F640 49] AppleTV, [000001F2EE15AE00][000001F2ED783900 49] AppleTV4K, [000001F2EE1B4500][000001F2ED787BC0 49] TVOS, [000001F2EE15BA00][000001F2ED78A300 49] Mac, [000001F2EE1B6900][000001F2ED78E5C0 49] MacClient, [000001F2EE159700][000001F2ED792880 49] MacNoEditor, [000001F2EE1B5100][000001F2ED796B40 49] MacServer, [000001F2EE15BB00][000001F2ED772DC0 49] Linux, [000001F2EE1B4600][000001F2ED79B040 49] LinuxAArch64, [000001F2EE158400][000001F2ED7A3300 49] LinuxNoEditor, [000001F2EE1B6200][000001F2ED7A75C0 49] LinuxAArch64NoEditor, [000001F2EE1CC100][000001F2ED7AB880 49] LinuxClient, [000001F2EE160700][000001F2ED7AFB40 49] LinuxAArch64Client, [000001F2EE1CD900][000001F2ED7B2280 49] LinuxServer, [000001F2EE160A00][000001F2ED7B6540 49] LinuxAArch64Server, [000001F2EE1CED00][000001F2ED7BA800 49] Android, [000001F2EE161400][000001F2ED7BEAC0 49] Android_Low, [000001F2EE1CD100][000001F2ED7C2D80 49] Android_Mid, [000001F2EE160E00][000001F2ED79F000 49] Android_High, [000001F2EE1CC800][000001F2ED7CB2C0 49] Android_Default, [000001F2EE162600][000001F2ED7CF580 49] Android_Adreno4xx, [000001F2EE1CD400][000001F2ED7D3840 49] Android_Adreno5xx_Low, [000001F2EE162400][000001F2ED7D7B00 49] Android_Adreno5xx, [000001F2EE1CC700][000001F2ED7DA240 49] Android_Adreno6xx, [000001F2EE162C00][000001F2ED7DE500 49] Android_Adreno6xx_Vulkan, [000001F2EE1CFB00][000001F2ED7E27C0 49] Android_Mali_T6xx, [000001F2EE160500][000001F2ED7E6A80 49] Android_Mali_T7xx, [000001F2EE1CC300][000001F2ED7EAD40 49] Android_Mali_T8xx, [000001F2EE163000][000001F2ED7C6FC0 49] Android_Mali_G71, [000001F2EE1CE900][000001F2ED7EF240 49] Android_Mali_G72, [000001F2EE162500][000001F2ED7F7500 49] Android_Mali_G72_Vulkan, [000001F2EE1CDB00][000001F2ED7FB7C0 49] Android_Mali_G76, [000001F2EE163100][000001F2ED7FFA80 49] Android_Mali_G76_Vulkan, [000001F2EE1CDE00][000001F2ED8021C0 49] Android_Mali_G77, [000001F2EE163B00][000001F2ED806480 49] Android_Mali_G77_Vulkan, [000001F2EE1CFC00][000001F2ED80A740 49] Android_Mali_G78, [000001F2EE163F00][000001F2ED80EA00 49] Android_Mali_G78_Vulkan, [000001F2EE1CE400][000001F2ED812CC0 49] Android_Mali_G710, [000001F2EE161300][000001F2ED816F80 49] Android_Mali_G710_Vulkan, [000001F2EE1CF100][000001F2ED7F3200 49] Android_Vulkan_SM5, [000001F2EE15A400][000001F2ED81B480 49] Android_PowerVR_G6xxx, [000001F2EE1CDD00][000001F2ED823740 49] Android_PowerVR_GT7xxx, [000001F2EE158100][000001F2ED827A00 49] Android_PowerVR_GE8xxx, [000001F2EE1CF200][000001F2ED82A140 49] Android_PowerVR_GM9xxx, [000001F2EE158300][000001F2ED82E400 49] Android_PowerVR_GM9xxx_Vulkan, [000001F2EE1CF300][000001F2ED8326C0 49] Android_TegraK1, [000001F2EE159600][000001F2ED836980 49] Android_Unknown_Vulkan, [000001F2EE1CE000][000001F2ED83AC40 49] Lumin, [000001F2EE158B00][000001F2ED83EF00 49] Lumin_Desktop, [000001F2EE1CCD00][000001F2ED8431C0 49] HoloLens, 
[2023.04.16-11.41.26:568][  0]LogMeshReduction: Using QuadricMeshReduction for automatic static mesh reduction
[2023.04.16-11.41.26:569][  0]LogMeshReduction: Using SimplygonMeshReduction for automatic skeletal mesh reduction
[2023.04.16-11.41.26:569][  0]LogMeshReduction: Using ProxyLODMeshReduction for automatic mesh merging
[2023.04.16-11.41.26:569][  0]LogMeshReduction: No distributed automatic mesh merging module available
[2023.04.16-11.41.26:570][  0]LogMeshMerging: No distributed automatic mesh merging module available
[2023.04.16-11.41.26:579][  0]LogNetVersion: fpsgame 1.0.0, NetCL: 17155196, EngineNetVer: 17, GameNetVer: 0 (Checksum: 3215450660)
[2023.04.16-11.41.26:665][  0]LogTexture: Default maximum texture size for cubemaps generated from long-lat sources has been changed from 512 to unlimited. In order to preserve old behaiour for '/Engine/MapTemplates/Sky/DaylightAmbientCubemap.DaylightAmbientCubemap', its maximum texture size has been explicitly set to 512.
[2023.04.16-11.41.26:679][  0]LogHMD: PokeAHoleMaterial loaded successfully
[2023.04.16-11.41.26:741][  0]LogPython: Using Python 3.7.7
[2023.04.16-11.41.27:121][  0]LogNiagaraDebuggerClient: Niagara Debugger Client Initialized | Session: 8EC2A9A64A8B34DB51BED9A880950D4A | Instance: 209CF2DF473DDBC0BB2DBDBBD735A0F8 (DESKTOP-QG36584-22180).
[2023.04.16-11.41.27:133][  0]LogCollectionManager: Loaded 0 collections in 0.001854 seconds
[2023.04.16-11.41.27:135][  0]LogFileCache: Scanning file cache for directory 'C:/Users/danie/Documents/Gamedev VR/game/UE4 game/fpsgame/Saved/Collections/' took 0.00s
[2023.04.16-11.41.27:136][  0]LogFileCache: Scanning file cache for directory 'C:/Users/danie/Documents/Gamedev VR/game/UE4 game/fpsgame/Content/Developers/danie/Collections/' took 0.00s
[2023.04.16-11.41.27:136][  0]LogFileCache: Scanning file cache for directory 'C:/Users/danie/Documents/Gamedev VR/game/UE4 game/fpsgame/Content/Collections/' took 0.00s
[2023.04.16-11.41.27:136][  0]LogCollectionManager: Fixed up redirectors for 0 collections in 0.000001 seconds (updated 0 objects)
[2023.04.16-11.41.27:202][  0]LogTcpMessaging: Initializing TcpMessaging bridge
[2023.04.16-11.41.27:204][  0]LogUdpMessaging: Initializing bridge on interface 0.0.0.0:0 to multicast group 230.0.0.1:6666.
[2023.04.16-11.41.27:226][  0]LogPython: Warning: 'AttachmentType' and 'EAttachmentType' have the same name (AttachmentType) when exposed to Python. Rename one of them using 'ScriptName' meta-data.
[2023.04.16-11.41.27:257][  0]SourceControl: Source control is disabled
[2023.04.16-11.41.27:257][  0]SourceControl: Source control is disabled
[2023.04.16-11.41.27:259][  0]SourceControl: Source control is disabled
[2023.04.16-11.41.27:260][  0]LogUProjectInfo: Found projects:
[2023.04.16-11.41.27:292][  0]LogOpenImageDenoise: OIDN starting up
[2023.04.16-11.41.27:307][  0]LogAndroidPermission: UAndroidPermissionCallbackProxy::GetInstance
[2023.04.16-11.41.27:314][  0]LogAudioCaptureCore: Display: No Audio Capture implementations found. Audio input will be silent.
[2023.04.16-11.41.27:314][  0]LogAudioCaptureCore: Display: No Audio Capture implementations found. Audio input will be silent.
[2023.04.16-11.41.27:360][  0]LogOcInput: OculusInput pre-init called
[2023.04.16-11.41.27:373][  0]LogUObjectArray: 22097 objects as part of root set at end of initial load.
[2023.04.16-11.41.27:373][  0]LogUObjectAllocator: 5980528 out of 0 bytes used by permanent object pool.
[2023.04.16-11.41.27:373][  0]LogUObjectArray: CloseDisregardForGC: 0/0 objects in disregard for GC pool
[2023.04.16-11.41.27:404][  0]LogClass: Display: StructProperty FRewindDataStruct::SnapshotPosition is not initialized properly. Module:fpsgame File:RewindComponent.h
[2023.04.16-11.41.27:404][  0]LogClass: Display: StructProperty FRewindDataStruct::SnapshotRotation is not initialized properly. Module:fpsgame File:RewindComponent.h
[2023.04.16-11.41.27:405][  0]LogClass: Display: StructProperty FRewindDataStruct::SnapshotScale is not initialized properly. Module:fpsgame File:RewindComponent.h
[2023.04.16-11.41.27:405][  0]LogClass: Display: BoolProperty FWeaponRecoil::bHasRecoil is not initialized properly. Module:fpsgame File:WeaponActor.h
[2023.04.16-11.41.27:405][  0]LogClass: Display: BoolProperty FWeaponRecoil::bUsesControlRotationForHipfireRecoil is not initialized properly. Module:fpsgame File:WeaponActor.h
[2023.04.16-11.41.27:406][  0]LogClass: Warning: ObjectProperty FWeaponRecoil::RecoilVectorCurve is not initialized properly. Module:fpsgame File:WeaponActor.h
[2023.04.16-11.41.27:406][  0]LogClass: Display: FloatProperty FWeaponRecoil::RecoveryTime is not initialized properly. Module:fpsgame File:WeaponActor.h
[2023.04.16-11.41.27:406][  0]LogClass: Display: FloatProperty FWeaponStats::MaxRange is not initialized properly. Module:fpsgame File:WeaponActor.h
[2023.04.16-11.41.27:406][  0]LogClass: Display: FloatProperty FWeaponStats::FireRate is not initialized properly. Module:fpsgame File:WeaponActor.h
[2023.04.16-11.41.27:407][  0]LogClass: Display: IntProperty FWeaponStats::CartridgeBullets is not initialized properly. Module:fpsgame File:WeaponActor.h
[2023.04.16-11.41.27:407][  0]LogClass: Display: IntProperty FWeaponStats::BurstNumber is not initialized properly. Module:fpsgame File:WeaponActor.h
[2023.04.16-11.41.27:407][  0]LogClass: Display: FloatProperty FWeaponStats::BurstFireRate is not initialized properly. Module:fpsgame File:WeaponActor.h
[2023.04.16-11.41.27:407][  0]LogClass: Display: IntProperty FWeaponStats::MaxMagSize is not initialized properly. Module:fpsgame File:WeaponActor.h
[2023.04.16-11.41.27:408][  0]LogClass: Display: FloatProperty FWeaponStats::BaseDamageTorso is not initialized properly. Module:fpsgame File:WeaponActor.h
[2023.04.16-11.41.27:408][  0]LogClass: Display: FloatProperty FWeaponStats::BaseDamageHead is not initialized properly. Module:fpsgame File:WeaponActor.h
[2023.04.16-11.41.27:408][  0]LogClass: Display: FloatProperty FWeaponStats::BaseDamageLegs is not initialized properly. Module:fpsgame File:WeaponActor.h
[2023.04.16-11.41.27:409][  0]LogClass: Display: FloatProperty FWeaponStats::BaseHipfireSpreadAngleInDegrees is not initialized properly. Module:fpsgame File:WeaponActor.h
[2023.04.16-11.41.27:409][  0]LogClass: Display: FloatProperty FWeaponStats::BaseMovementSpreadMultiplier is not initialized properly. Module:fpsgame File:WeaponActor.h
[2023.04.16-11.41.27:409][  0]LogClass: Display: EnumProperty FWeaponMetaData::GunModel is not initialized properly. Module:fpsgame File:WeaponActor.h
[2023.04.16-11.41.27:409][  0]LogClass: Display: EnumProperty FWeaponMetaData::WAWeaponType is not initialized properly. Module:fpsgame File:WeaponActor.h
[2023.04.16-11.41.27:410][  0]LogClass: Display: EnumProperty FWeaponMetaData::WAWeaponFireType is not initialized properly. Module:fpsgame File:WeaponActor.h
[2023.04.16-11.41.27:410][  0]LogClass: Display: EnumProperty FWeaponMetaData::WAWeaponHitDetectionType is not initialized properly. Module:fpsgame File:WeaponActor.h
[2023.04.16-11.41.27:410][  0]LogClass: Display: EnumProperty FWeaponMetaData::TypeOfEquip is not initialized properly. Module:fpsgame File:WeaponActor.h
[2023.04.16-11.41.27:410][  0]LogClass: Warning: ObjectProperty FWeaponVisualAssets::GunMesh is not initialized properly. Module:fpsgame File:WeaponActor.h
[2023.04.16-11.41.27:411][  0]LogClass: Warning: ObjectProperty FWeaponVisualAssets::TracerEffect is not initialized properly. Module:fpsgame File:WeaponActor.h
[2023.04.16-11.41.27:411][  0]LogClass: Warning: ObjectProperty FWeaponVisualAssets::MuzzleFlash is not initialized properly. Module:fpsgame File:WeaponActor.h
[2023.04.16-11.41.27:412][  0]LogClass: Display: StructProperty FWeaponPositionalDetails::BasePosition is not initialized properly. Module:fpsgame File:WeaponActor.h
[2023.04.16-11.41.27:412][  0]LogClass: Display: StructProperty FWeaponPositionalDetails::BaseRotation is not initialized properly. Module:fpsgame File:WeaponActor.h
[2023.04.16-11.41.27:412][  0]LogClass: Display: StructProperty FWeaponPositionalDetails::BaseScale is not initialized properly. Module:fpsgame File:WeaponActor.h
[2023.04.16-11.41.27:412][  0]LogClass: Display: StructProperty FWeaponPositionalDetails::TPBaseScale is not initialized properly. Module:fpsgame File:WeaponActor.h
[2023.04.16-11.41.27:413][  0]LogClass: Display: StructProperty FWeaponPositionalDetails::TPBaseRotation is not initialized properly. Module:fpsgame File:WeaponActor.h
[2023.04.16-11.41.27:413][  0]LogClass: Display: StructProperty FWeaponPositionalDetails::TPBasePosition is not initialized properly. Module:fpsgame File:WeaponActor.h
[2023.04.16-11.41.27:414][  0]LogClass: Display: 32 Uninitialized script struct members found including 4 object properties
[2023.04.16-11.41.27:414][  0]LogAutomationTest: Warning: ObjectProperty FWeaponRecoil::RecoilVectorCurve is not initialized properly. Module:fpsgame File:WeaponActor.h
[2023.04.16-11.41.27:414][  0]LogAutomationTest: Warning: ObjectProperty FWeaponVisualAssets::GunMesh is not initialized properly. Module:fpsgame File:WeaponActor.h
[2023.04.16-11.41.27:415][  0]LogAutomationTest: Warning: ObjectProperty FWeaponVisualAssets::TracerEffect is not initialized properly. Module:fpsgame File:WeaponActor.h
[2023.04.16-11.41.27:415][  0]LogAutomationTest: Warning: ObjectProperty FWeaponVisualAssets::MuzzleFlash is not initialized properly. Module:fpsgame File:WeaponActor.h
[2023.04.16-11.41.27:415][  0]LogEngine: Initializing Engine...
[2023.04.16-11.41.27:417][  0]LogStats: UGameplayTagsManager::InitializeManager -  0.000 s
[2023.04.16-11.41.27:429][  0]LogInit: Initializing FReadOnlyCVARCache
[2023.04.16-11.41.27:430][  0]LogNetVersion: Set ProjectVersion to 1.0.0.0. Version Checksum will be recalculated on next use.
[2023.04.16-11.41.27:432][  0]LogInit: Texture streaming: Disabled
[2023.04.16-11.41.27:454][  0]LogInit: Display: Game Engine Initialized.
[2023.04.16-11.41.27:454][  0]LogNiagaraEditor: GEditor isn't valid! Particle reset commands will not work for Niagara components!
[2023.04.16-11.41.27:492][  0]LogInit: Display: Starting Game.
[2023.04.16-11.41.27:492][  0]LogNet: Browse: /Game/Maps/TestMap?Name=Player
[2023.04.16-11.41.27:493][  0]LogLoad: LoadMap: /Game/Maps/TestMap?Name=Player
[2023.04.16-11.41.27:493][  0]LogWorld: BeginTearingDown for /Temp/Untitled_0
[2023.04.16-11.41.27:495][  0]LogWorld: UWorld::CleanupWorld for Untitled, bSessionEnded=true, bCleanupResources=true
[2023.04.16-11.41.27:504][  0]LogUObjectHash: Compacting FUObjectHashTables data took   0.95ms
[2023.04.16-11.41.27:514][  0]LogClass: Warning: Type mismatch in Attachments of WeaponAttachmentSystem - Previous (ArrayProperty) Current(MapProperty) for package:  ../../../../../../Users/danie/Documents/Gamedev VR/game/UE4 game/fpsgame/Content/Blueprints/Weapons/Guns/Prototypes/BP_PrototypeAR.uasset
[2023.04.16-11.41.27:801][  0]LogAIModule: Creating AISystem for world TestMap
[2023.04.16-11.41.27:801][  0]LogLoad: Game class is 'BP_FPSGameModeDefault_C'
[2023.04.16-11.41.27:802][  0]LogNet: PktLoss set to 0
[2023.04.16-11.41.27:802][  0]LogNet: PktLagMin set to 0
[2023.04.16-11.41.27:802][  0]LogNet: PktLagMax set to 0
[2023.04.16-11.41.27:803][  0]LogNet: PktIncomingLagMin set to 0
[2023.04.16-11.41.27:803][  0]LogNet: PktIncomingLagMax set to 0
[2023.04.16-11.41.27:803][  0]LogNet: PktIncomingLoss set to 0
[2023.04.16-11.41.27:804][  0]LogNet: PktLoss set to 0
[2023.04.16-11.41.27:804][  0]LogNet: PktLagMin set to 0
[2023.04.16-11.41.27:804][  0]LogNet: PktLagMax set to 0
[2023.04.16-11.41.27:805][  0]LogNet: PktIncomingLagMin set to 0
[2023.04.16-11.41.27:805][  0]LogNet: PktIncomingLagMax set to 0
[2023.04.16-11.41.27:805][  0]LogNet: PktIncomingLoss set to 0
[2023.04.16-11.41.27:806][  0]LogNet: PktLoss set to 0
[2023.04.16-11.41.27:806][  0]LogNet: PktLagMin set to 0
[2023.04.16-11.41.27:806][  0]LogNet: PktLagMax set to 0
[2023.04.16-11.41.27:807][  0]LogNet: PktIncomingLagMin set to 0
[2023.04.16-11.41.27:807][  0]LogNet: PktIncomingLagMax set to 0
[2023.04.16-11.41.27:807][  0]LogNet: PktIncomingLoss set to 0
[2023.04.16-11.41.27:808][  0]LogNet: ReplicationDriverClass is null! Not using ReplicationDriver.
[2023.04.16-11.41.27:808][  0]LogNetCore: DDoS detection status: detection enabled: 0 analytics enabled: 0
[2023.04.16-11.41.27:808][  0]LogInit: WinSock: Socket queue. Rx: 131072 (config 131072) Tx: 131072 (config 131072)
[2023.04.16-11.41.27:808][  0]LogNet: Created socket for bind address: 0.0.0.0 on port 17777
[2023.04.16-11.41.27:809][  0]PacketHandlerLog: Loaded PacketHandler component: Engine.EngineHandlerComponentFactory (StatelessConnectHandlerComponent)
[2023.04.16-11.41.27:809][  0]LogNet: GameNetDriver IpNetDriver_0 IpNetDriver listening on port 17777
[2023.04.16-11.41.27:811][  0]LogWorld: Bringing World /Game/Maps/TestMap.TestMap up for play (max tick rate 30) at 2023.04.16-12.41.27
[2023.04.16-11.41.27:811][  0]LogWorld: Bringing up level for play took: 0.001234
[2023.04.16-11.41.27:811][  0]LogGameMode: Display: Match State Changed from EnteringMap to WaitingToStart
[2023.04.16-11.41.27:811][  0]LogGameState: Match State Changed from EnteringMap to WaitingToStart
[2023.04.16-11.41.27:812][  0]LogLoad: Took 0.319037 seconds to LoadMap(/Game/Maps/TestMap)
[2023.04.16-11.41.27:816][  0]LogInit: Display: Engine is initialized. Leaving FEngineLoop::Init()
[2023.04.16-11.41.27:817][  0]LogLoad: (Engine Initialization) Total time: 4.69 seconds
[2023.04.16-11.41.27:817][  0]LogLoad: (Engine Initialization) Total Blueprint compile time: 0.00 seconds
[2023.04.16-11.41.28:050][  6]LogNet: NotifyAcceptingConnection accepted from: 127.0.0.1:64653
[2023.04.16-11.41.28:050][  6]LogHandshake: SendConnectChallenge. Timestamp: 0.232246, Cookie: 200040235020002007188183231144126192058008186027168105035131
[2023.04.16-11.41.28:083][  7]LogNet: NotifyAcceptingConnection accepted from: 127.0.0.1:64653
[2023.04.16-11.41.28:083][  7]LogHandshake: SendChallengeAck. InCookie: 200040235020002007188183231144126192058008186027168105035131
[2023.04.16-11.41.28:084][  7]LogNet: Server accepting post-challenge connection from: 127.0.0.1:64653
[2023.04.16-11.41.28:084][  7]PacketHandlerLog: Loaded PacketHandler component: Engine.EngineHandlerComponentFactory (StatelessConnectHandlerComponent)
[2023.04.16-11.41.28:084][  7]LogNet: NotifyAcceptedConnection: Name: TestMap, TimeStamp: 04/16/23 12:41:28, [UNetConnection] RemoteAddr: 127.0.0.1:64653, Name: IpConnection_0, Driver: GameNetDriver IpNetDriver_0, IsServer: YES, PC: NULL, Owner: NULL, UniqueId: INVALID
[2023.04.16-11.41.28:085][  7]LogNet: AddClientConnection: Added client connection: [UNetConnection] RemoteAddr: 127.0.0.1:64653, Name: IpConnection_0, Driver: GameNetDriver IpNetDriver_0, IsServer: YES, PC: NULL, Owner: NULL, UniqueId: INVALID
[2023.04.16-11.41.28:116][  8]LogNet: NotifyAcceptingChannel Control 0 server World /Game/Maps/TestMap.TestMap: Accepted
[2023.04.16-11.41.28:116][  8]LogNet: Remote platform little endian=1
[2023.04.16-11.41.28:117][  8]LogNet: This platform little endian=1
[2023.04.16-11.41.28:117][  8]LogNetVersion: fpsgame 1.0.0.0, NetCL: 17155196, EngineNetVer: 17, GameNetVer: 0 (Checksum: 1484303137)
[2023.04.16-11.41.28:149][  9]LogNet: Login request: ?PktLagMin=0?PktLagMax=0?PktLoss=0?PktIncomingLagMin=0?PktIncomingLagMax=0?PktIncomingLoss=0?Name=DESKTOP-QG36584-945D963243719B900802229791437E7B userId: NULL:DESKTOP-QG36584-945D963243719B900802229791437E7B platform: NULL
[2023.04.16-11.41.28:182][ 10]LogNet: Client netspeed is 100000
[2023.04.16-11.41.28:249][ 12]LogNet: Join request: /Engine/Maps/Entry?PktLagMin=0?PktLagMax=0?PktLoss=0?PktIncomingLagMin=0?PktIncomingLagMax=0?PktIncomingLoss=0?Name=DESKTOP-QG36584-945D963243719B900802229791437E7B?SplitscreenCount=1
[2023.04.16-11.41.28:249][ 12]LogOnlineSession: Warning: OSS: No game present to join for session (GameSession)
[2023.04.16-11.41.28:251][ 12]LogGameMode: Display: Match State Changed from WaitingToStart to InProgress
[2023.04.16-11.41.28:252][ 12]LogTemp: Warning: Numebr of rewind components = 1
[2023.04.16-11.41.28:253][ 12]LogGameState: Match State Changed from WaitingToStart to InProgress
[2023.04.16-11.41.28:253][ 12]LogNet: Join succeeded: DESKTOP-QG36584-945D
[2023.04.16-11.41.28:547][ 21]LogNet: NotifyAcceptingConnection accepted from: 127.0.0.1:64656
[2023.04.16-11.41.28:547][ 21]LogHandshake: SendConnectChallenge. Timestamp: 0.728706, Cookie: 209253086078159005004232037249126121033191162181032103134155
[2023.04.16-11.41.28:580][ 22]LogNet: NotifyAcceptingConnection accepted from: 127.0.0.1:64656
[2023.04.16-11.41.28:580][ 22]LogHandshake: SendChallengeAck. InCookie: 209253086078159005004232037249126121033191162181032103134155
[2023.04.16-11.41.28:580][ 22]LogNet: Server accepting post-challenge connection from: 127.0.0.1:64656
[2023.04.16-11.41.28:581][ 22]PacketHandlerLog: Loaded PacketHandler component: Engine.EngineHandlerComponentFactory (StatelessConnectHandlerComponent)
[2023.04.16-11.41.28:581][ 22]LogNet: NotifyAcceptedConnection: Name: TestMap, TimeStamp: 04/16/23 12:41:28, [UNetConnection] RemoteAddr: 127.0.0.1:64656, Name: IpConnection_1, Driver: GameNetDriver IpNetDriver_0, IsServer: YES, PC: NULL, Owner: NULL, UniqueId: INVALID
[2023.04.16-11.41.28:581][ 22]LogNet: AddClientConnection: Added client connection: [UNetConnection] RemoteAddr: 127.0.0.1:64656, Name: IpConnection_1, Driver: GameNetDriver IpNetDriver_0, IsServer: YES, PC: NULL, Owner: NULL, UniqueId: INVALID
[2023.04.16-11.41.28:581][ 22]LogNet: NotifyAcceptingChannel Control 0 server World /Game/Maps/TestMap.TestMap: Accepted
[2023.04.16-11.41.28:582][ 22]LogNet: Remote platform little endian=1
[2023.04.16-11.41.28:582][ 22]LogNet: This platform little endian=1
[2023.04.16-11.41.28:614][ 23]LogNet: Login request: ?Name=DESKTOP-QG36584-AF9BF9EE4A457EB423FACBBB6E9945D2 userId: NULL:DESKTOP-QG36584-AF9BF9EE4A457EB423FACBBB6E9945D2 platform: NULL
[2023.04.16-11.41.29:143][ 39]LogNet: Client netspeed is 100000
[2023.04.16-11.41.29:143][ 39]LogNet: Join request: /Engine/Maps/Entry?Name=DESKTOP-QG36584-AF9BF9EE4A457EB423FACBBB6E9945D2?SplitscreenCount=1
[2023.04.16-11.41.29:144][ 39]LogOnlineSession: Warning: OSS: No game present to join for session (GameSession)
[2023.04.16-11.41.29:145][ 39]LogTemp: Warning: Numebr of rewind components = 2
[2023.04.16-11.41.29:146][ 39]LogNet: Join succeeded: DESKTOP-QG36584-AF9B
[2023.04.16-11.41.30:829][ 90]LogTemp: Warning: RELIABLE SPRINT RPC CALL
[2023.04.16-11.41.31:358][106]LogTemp: Warning: RELIABLE SPRINT RPC CALL
[2023.04.16-11.41.31:888][122]LogTemp: Warning: Reliable pickup call
[2023.04.16-11.41.32:814][150]LogTemp: Warning: Switch primary rpc call
[2023.04.16-11.41.32:815][150]LogTemp: Warning: prime
[2023.04.16-11.41.32:815][150]LogTemp: Warning: SERVER: Log no. 0
[2023.04.16-11.41.32:815][150]LogTemp: Warning: Carttridge 0
[2023.04.16-11.41.32:816][150]LogTemp: Warning: spreading
[2023.04.16-11.41.32:816][150]LogTemp: Warning: SpreadLength = 0
[2023.04.16-11.41.34:169][191]LogTemp: Warning: RELIABLE SPRINT RPC CALL
[2023.04.16-11.41.34:301][195]LogTemp: Warning: RELIABLE SPRINT RPC CALL
[2023.04.16-11.41.35:232][223]LogTemp: Warning: RELIABLE SPRINT RPC CALL
[2023.04.16-11.41.37:016][277]LogTemp: Warning: RELIABLE SPRINT RPC CALL
[2023.04.16-11.41.37:482][291]LogTemp: Warning: RELIABLE SPRINT RPC CALL
