Log file open, 12/23/22 15:34:11
LogWindows: Failed to load 'aqProf.dll' (GetLastError=126)
LogWindows: File 'aqProf.dll' does not exist
LogWindows: Failed to load 'VtuneApi.dll' (GetLastError=126)
LogWindows: File 'VtuneApi.dll' does not exist
LogWindows: Failed to load 'VtuneApi32e.dll' (GetLastError=126)
LogWindows: File 'VtuneApi32e.dll' does not exist
LogConsoleResponse: Display: Failed to find resolution value strings in scalability ini. Falling back to default.
LogConsoleResponse: Display: Failed to find resolution value strings in scalability ini. Falling back to default.
LogInit: Display: Running engine for game: fpsgame
LogPlatformFile: Not using cached read wrapper
LogTaskGraph: Started task graph with 5 named threads and 17 total threads with 3 sets of task threads.
LogStats: Stats thread started at 0.229241
LogICUInternationalization: ICU TimeZone Detection - Raw Offset: +0:00, Platform Override: ''
LogInit: Display: Loading text-based GConfig....
LogPluginManager: Mounting plugin MeshPainting
LogPluginManager: Mounting plugin XGEController
LogPluginManager: Mounting plugin Paper2D
LogPluginManager: Mounting plugin AISupport
LogPluginManager: Mounting plugin EnvironmentQueryEditor
LogPluginManager: Mounting plugin LiveLink
LogPluginManager: Mounting plugin LightPropagationVolume
LogPluginManager: Mounting plugin CameraShakePreviewer
LogPluginManager: Mounting plugin GameplayCameras
LogPluginManager: Mounting plugin OodleData
LogPluginManager: Mounting plugin OodleNetwork
LogPluginManager: Mounting plugin AnimationSharing
LogPluginManager: Mounting plugin CLionSourceCodeAccess
LogPluginManager: Mounting plugin CodeLiteSourceCodeAccess
LogPluginManager: Mounting plugin GitSourceControl
LogPluginManager: Mounting plugin KDevelopSourceCodeAccess
LogPluginManager: Mounting plugin NullSourceCodeAccess
LogPluginManager: Mounting plugin PerforceSourceControl
LogPluginManager: Mounting plugin PixWinPlugin
LogPluginManager: Mounting plugin PlasticSourceControl
LogPluginManager: Mounting plugin PluginUtils
LogPluginManager: Mounting plugin PropertyAccessNode
LogPluginManager: Mounting plugin RiderSourceCodeAccess
LogPluginManager: Mounting plugin SubversionSourceControl
LogPluginManager: Mounting plugin TextureFormatOodle
LogPluginManager: Mounting plugin UObjectPlugin
LogPluginManager: Mounting plugin VisualStudioCodeSourceCodeAccess
LogPluginManager: Mounting plugin VisualStudioSourceCodeAccess
LogPluginManager: Mounting plugin XCodeSourceCodeAccess
LogPluginManager: Mounting plugin AssetManagerEditor
LogPluginManager: Mounting plugin CryptoKeys
LogPluginManager: Mounting plugin CurveEditorTools
LogPluginManager: Mounting plugin DataValidation
LogPluginManager: Mounting plugin FacialAnimation
LogPluginManager: Mounting plugin GameplayTagsEditor
LogPluginManager: Mounting plugin GeometryMode
LogPluginManager: Mounting plugin MacGraphicsSwitching
LogPluginManager: Mounting plugin MaterialAnalyzer
LogPluginManager: Mounting plugin MobileLauncherProfileWizard
LogPluginManager: Mounting plugin PluginBrowser
LogPluginManager: Mounting plugin SpeedTreeImporter
LogPluginManager: Mounting plugin DatasmithContent
LogPluginManager: Mounting plugin VariantManagerContent
LogPluginManager: Mounting plugin AlembicImporter
LogPluginManager: Mounting plugin AutomationUtils
LogPluginManager: Mounting plugin BackChannel
LogPluginManager: Mounting plugin ChaosCloth
LogPluginManager: Mounting plugin ChaosClothEditor
LogPluginManager: Mounting plugin ChaosEditor
LogPluginManager: Mounting plugin ChaosNiagara
LogPluginManager: Mounting plugin ChaosSolverPlugin
LogPluginManager: Mounting plugin CharacterAI
LogPluginManager: Mounting plugin GeometryCache
LogPluginManager: Mounting plugin GeometryCollectionPlugin
LogPluginManager: Mounting plugin GeometryProcessing
LogPluginManager: Mounting plugin MotoSynth
LogPluginManager: Mounting plugin OpenImageDenoise
LogPluginManager: Mounting plugin PlanarCut
LogPluginManager: Mounting plugin PlatformCrypto
LogPluginManager: Mounting plugin ProxyLODPlugin
LogPluginManager: Mounting plugin PythonScriptPlugin
LogPluginManager: Mounting plugin SkeletalReduction
LogPluginManager: Mounting plugin Niagara
LogPluginManager: Mounting plugin LuminPlatformFeatures
LogPluginManager: Mounting plugin MagicLeap
LogPluginManager: Mounting plugin MagicLeapLightEstimation
LogPluginManager: Mounting plugin MagicLeapMedia
LogPluginManager: Mounting plugin MagicLeapPassableWorld
LogPluginManager: Mounting plugin MLSDK
LogPluginManager: Mounting plugin AndroidMedia
LogPluginManager: Mounting plugin AvfMedia
LogPluginManager: Mounting plugin ImgMedia
LogPluginManager: Mounting plugin MediaCompositing
LogPluginManager: Mounting plugin MediaPlayerEditor
LogPluginManager: Mounting plugin WebMMedia
LogPluginManager: Mounting plugin WmfMedia
LogPluginManager: Mounting plugin TcpMessaging
LogPluginManager: Mounting plugin UdpMessaging
LogPluginManager: Mounting plugin ActorSequence
LogPluginManager: Mounting plugin LevelSequenceEditor
LogPluginManager: Mounting plugin MatineeToLevelSequence
LogPluginManager: Mounting plugin TemplateSequence
LogPluginManager: Mounting plugin OnlineSubsystem
LogPluginManager: Mounting plugin OnlineSubsystemNull
LogPluginManager: Mounting plugin OnlineSubsystemUtils
LogPluginManager: Mounting plugin LauncherChunkInstaller
LogPluginManager: Mounting plugin ActorLayerUtilities
LogPluginManager: Mounting plugin AndroidDeviceProfileSelector
LogPluginManager: Mounting plugin AndroidMoviePlayer
LogPluginManager: Mounting plugin AndroidPermission
LogPluginManager: Mounting plugin AppleImageUtils
LogPluginManager: Mounting plugin AppleMoviePlayer
LogPluginManager: Mounting plugin ArchVisCharacter
LogPluginManager: Mounting plugin AssetTags
LogPluginManager: Mounting plugin AudioCapture
LogPluginManager: Mounting plugin AudioSynesthesia
LogPluginManager: Mounting plugin CableComponent
LogPluginManager: Mounting plugin ChunkDownloader
LogPluginManager: Mounting plugin CustomMeshComponent
LogPluginManager: Mounting plugin EditableMesh
LogPluginManager: Mounting plugin ExampleDeviceProfileSelector
LogPluginManager: Mounting plugin GoogleCloudMessaging
LogPluginManager: Mounting plugin GooglePAD
LogPluginManager: Mounting plugin IOSDeviceProfileSelector
LogPluginManager: Mounting plugin LinuxDeviceProfileSelector
LogPluginManager: Mounting plugin LocationServicesBPLibrary
LogPluginManager: Mounting plugin MobilePatchingUtils
LogPluginManager: Mounting plugin OpenXR
LogPluginManager: Mounting plugin OpenXREyeTracker
LogPluginManager: Mounting plugin OpenXRHandTracking
LogPluginManager: Mounting plugin PhysXVehicles
LogPluginManager: Mounting plugin PostSplashScreen
LogPluginManager: Mounting plugin ProceduralMeshComponent
LogPluginManager: Mounting plugin PropertyAccessEditor
LogPluginManager: Mounting plugin RuntimePhysXCooking
LogPluginManager: Mounting plugin SignificanceManager
LogPluginManager: Mounting plugin SoundFields
LogPluginManager: Mounting plugin Synthesis
LogPluginManager: Mounting plugin WebMMoviePlayer
LogPluginManager: Mounting plugin WindowsMoviePlayer
LogPluginManager: Mounting plugin ScreenshotTools
LogPluginManager: Mounting plugin Takes
LogPluginManager: Mounting plugin ContentBrowserAssetDataSource
LogPluginManager: Mounting plugin ContentBrowserClassDataSource
LogPluginManager: Mounting plugin ContentBrowserFileDataSource
LogPluginManager: Mounting plugin OnlineSubsystemGooglePlay
LogPluginManager: Mounting plugin OnlineSubsystemIOS
LogPluginManager: Mounting plugin OculusVR
LogPluginManager: Mounting plugin SteamVR
PixWinPlugin: PIX capture plugin failed to initialize! Check that the process is launched from PIX.
LogInit: Using libcurl 7.55.1-DEV
LogInit:  - built for x86_64-pc-win32
LogInit:  - supports SSL with OpenSSL/1.1.1
LogInit:  - supports HTTP deflate (compression) using libz 1.2.8
LogInit:  - other features:
LogInit:      CURL_VERSION_SSL
LogInit:      CURL_VERSION_LIBZ
LogInit:      CURL_VERSION_IPV6
LogInit:      CURL_VERSION_ASYNCHDNS
LogInit:      CURL_VERSION_LARGEFILE
LogInit:      CURL_VERSION_IDN
LogInit:  CurlRequestOptions (configurable via config and command line):
LogInit:  - bVerifyPeer = true  - Libcurl will verify peer certificate
LogInit:  - bUseHttpProxy = false  - Libcurl will NOT use HTTP proxy
LogInit:  - bDontReuseConnections = false  - Libcurl will reuse connections
LogInit:  - MaxHostConnections = 16  - Libcurl will limit the number of connections to a host
LogInit:  - LocalHostAddr = Default
LogInit:  - BufferSize = 65536
LogOnline: OSS: Creating online subsystem instance for: NULL
LogInit: WinSock: version 1.1 (2.2), MaxSocks=32767, MaxUdp=65467
LogOnline: OSS: TryLoadSubsystemAndSetDefault: Loaded subsystem for module [NULL]
LogInit: Build: ++UE4+Release-4.27-CL-18319896
LogInit: Engine Version: 4.27.2-18319896+++UE4+Release-4.27
LogInit: Compatible Engine Version: 4.27.0-17155196+++UE4+Release-4.27
LogInit: Net CL: 17155196
LogInit: OS: Windows 10 (Release 2009) (), CPU: AMD Ryzen 5 3600X 6-Core Processor             , GPU: AMD Radeon RX 5700 XT
LogInit: Compiled (64-bit): Nov 30 2021 07:12:08
LogInit: Compiled with Visual C++: 19.24.28315.00
LogInit: Build Configuration: Development
LogInit: Branch Name: ++UE4+Release-4.27
LogInit: Command Line:  /Game/Maps/TestMap -game -PIEVIACONSOLE -Multiprocess -server -log "GameUserSettingsINI=C:/Users/danie/Documents/Gamedev VR/game/UE4 game/fpsgame/Saved/Config/Windows/PIEGameUserSettings0.ini" -MultiprocessSaveConfig -forcepassthrough -messaging -SessionName="Play in Standalone Game" -port=17777 -PktLagMin=0 -PktLagMax=0 -PktLoss=0 -PktIncomingLagMin=0 -PktIncomingLagMax=0 -PktIncomingLoss=0 -windowed
LogInit: Base Directory: C:/Program Files/Epic Games/UE_4.27/Engine/Binaries/Win64/
LogInit: Allocator: TBB
LogInit: Installed Engine Build: 1
LogDevObjectVersion: Number of dev versions registered: 29
LogDevObjectVersion:   Dev-Blueprints (B0D832E4-1F89-4F0D-ACCF-7EB736FD4AA2): 10
LogDevObjectVersion:   Dev-Build (E1C64328-A22C-4D53-A36C-8E866417BD8C): 0
LogDevObjectVersion:   Dev-Core (375EC13C-06E4-48FB-B500-84F0262A717E): 4
LogDevObjectVersion:   Dev-Editor (E4B068ED-F494-42E9-A231-DA0B2E46BB41): 40
LogDevObjectVersion:   Dev-Framework (CFFC743F-43B0-4480-9391-14DF171D2073): 37
LogDevObjectVersion:   Dev-Mobile (B02B49B5-BB20-44E9-A304-32B752E40360): 3
LogDevObjectVersion:   Dev-Networking (A4E4105C-59A1-49B5-A7C5-40C4547EDFEE): 0
LogDevObjectVersion:   Dev-Online (39C831C9-5AE6-47DC-9A44-9C173E1C8E7C): 0
LogDevObjectVersion:   Dev-Physics (78F01B33-EBEA-4F98-B9B4-84EACCB95AA2): 14
LogDevObjectVersion:   Dev-Platform (6631380F-2D4D-43E0-8009-CF276956A95A): 0
LogDevObjectVersion:   Dev-Rendering (12F88B9F-8875-4AFC-A67C-D90C383ABD29): 45
LogDevObjectVersion:   Dev-Sequencer (7B5AE74C-D270-4C10-A958-57980B212A5A): 13
LogDevObjectVersion:   Dev-VR (D7296918-1DD6-4BDD-9DE2-64A83CC13884): 3
LogDevObjectVersion:   Dev-LoadTimes (C2A15278-BFE7-4AFE-6C17-90FF531DF755): 1
LogDevObjectVersion:   Private-Geometry (6EACA3D4-40EC-4CC1-B786-8BED09428FC5): 3
LogDevObjectVersion:   Dev-AnimPhys (29E575DD-E0A3-4627-9D10-D276232CDCEA): 17
LogDevObjectVersion:   Dev-Anim (AF43A65D-7FD3-4947-9873-3E8ED9C1BB05): 15
LogDevObjectVersion:   Dev-ReflectionCapture (6B266CEC-1EC7-4B8F-A30B-E4D90942FC07): 1
LogDevObjectVersion:   Dev-Automation (0DF73D61-A23F-47EA-B727-89E90C41499A): 1
LogDevObjectVersion:   FortniteMain (601D1886-AC64-4F84-AA16-D3DE0DEAC7D6): 47
LogDevObjectVersion:   FortniteRelease (E7086368-6B23-4C58-8439-1B7016265E91): 1
LogDevObjectVersion:   Dev-Enterprise (9DFFBCD6-494F-0158-E221-12823C92A888): 10
LogDevObjectVersion:   Dev-Niagara (F2AED0AC-9AFE-416F-8664-AA7FFA26D6FC): 1
LogDevObjectVersion:   Dev-Destruction (174F1F0B-B4C6-45A5-B13F-2EE8D0FB917D): 10
LogDevObjectVersion:   Dev-Physics-Ext (35F94A83-E258-406C-A318-09F59610247C): 41
LogDevObjectVersion:   Dev-PhysicsMaterial-Chaos (B68FC16E-8B1B-42E2-B453-215C058844FE): 1
LogDevObjectVersion:   Dev-CineCamera (B2E18506-4273-CFC2-A54E-F4BB758BBA07): 1
LogDevObjectVersion:   Dev-VirtualProduction (64F58936-FD1B-42BA-BA96-7289D5D0FA4E): 1
LogDevObjectVersion:   Dev-MediaFramework (6F0ED827-A609-4895-9C91-998D90180EA4): 2
LogInit: Presizing for max 25165824 objects, including 0 objects not considered by GC, pre-allocating 0 bytes for permanent pool.
LogConfig: Applying CVar settings from Section [/Script/Engine.StreamingSettings] File [C:/Users/danie/Documents/Gamedev VR/game/UE4 game/fpsgame/Saved/Config/Windows/Engine.ini]
LogConfig: Setting CVar [[s.MinBulkDataSizeForAsyncLoading:131072]]
LogConfig: Setting CVar [[s.AsyncLoadingThreadEnabled:0]]
LogConfig: Setting CVar [[s.EventDrivenLoaderEnabled:1]]
LogConfig: Setting CVar [[s.WarnIfTimeLimitExceeded:0]]
LogConfig: Setting CVar [[s.TimeLimitExceededMultiplier:1.5]]
LogConfig: Setting CVar [[s.TimeLimitExceededMinTime:0.005]]
LogConfig: Setting CVar [[s.UseBackgroundLevelStreaming:1]]
LogConfig: Setting CVar [[s.PriorityAsyncLoadingExtraTime:15.0]]
LogConfig: Setting CVar [[s.LevelStreamingActorsUpdateTimeLimit:5.0]]
LogConfig: Setting CVar [[s.PriorityLevelStreamingActorsUpdateExtraTime:5.0]]
LogConfig: Setting CVar [[s.LevelStreamingComponentsRegistrationGranularity:10]]
LogConfig: Setting CVar [[s.UnregisterComponentsTimeLimit:1.0]]
LogConfig: Setting CVar [[s.LevelStreamingComponentsUnregistrationGranularity:5]]
LogConfig: Setting CVar [[s.FlushStreamingOnExit:1]]
LogInit: Object subsystem initialized
LogConfig: Setting CVar [[con.DebugEarlyDefault:1]]
LogConfig: Setting CVar [[r.setres:1280x720]]
[2022.12.23-15.34.11:634][  0]LogConfig: Setting CVar [[con.DebugEarlyDefault:1]]
[2022.12.23-15.34.11:634][  0]LogConfig: Setting CVar [[r.setres:1280x720]]
[2022.12.23-15.34.11:635][  0]LogConfig: Applying CVar settings from Section [/Script/Engine.RendererSettings] File [C:/Users/danie/Documents/Gamedev VR/game/UE4 game/fpsgame/Saved/Config/Windows/Engine.ini]
[2022.12.23-15.34.11:635][  0]LogConfig: Setting CVar [[r.GPUCrashDebugging:0]]
[2022.12.23-15.34.11:636][  0]LogConfig: Setting CVar [[r.Mobile.DisableVertexFog:1]]
[2022.12.23-15.34.11:636][  0]LogConfig: Setting CVar [[r.Shadow.CSM.MaxMobileCascades:2]]
[2022.12.23-15.34.11:636][  0]LogConfig: Setting CVar [[r.MobileMSAA:1]]
[2022.12.23-15.34.11:637][  0]LogConfig: Setting CVar [[r.Mobile.AllowDitheredLODTransition:0]]
[2022.12.23-15.34.11:639][  0]LogConfig: Setting CVar [[r.Mobile.AllowSoftwareOcclusion:0]]
[2022.12.23-15.34.11:639][  0]LogConfig: Setting CVar [[r.Mobile.VirtualTextures:0]]
[2022.12.23-15.34.11:639][  0]LogConfig: Setting CVar [[r.DiscardUnusedQuality:0]]
[2022.12.23-15.34.11:639][  0]LogConfig: Setting CVar [[r.AllowOcclusionQueries:1]]
[2022.12.23-15.34.11:639][  0]LogConfig: Setting CVar [[r.MinScreenRadiusForLights:0.030000]]
[2022.12.23-15.34.11:640][  0]LogConfig: Setting CVar [[r.MinScreenRadiusForDepthPrepass:0.030000]]
[2022.12.23-15.34.11:640][  0]LogConfig: Setting CVar [[r.MinScreenRadiusForCSMDepth:0.010000]]
[2022.12.23-15.34.11:640][  0]LogConfig: Setting CVar [[r.PrecomputedVisibilityWarning:0]]
[2022.12.23-15.34.11:641][  0]LogConfig: Setting CVar [[r.TextureStreaming:1]]
[2022.12.23-15.34.11:641][  0]LogConfig: Setting CVar [[Compat.UseDXT5NormalMaps:0]]
[2022.12.23-15.34.11:641][  0]LogConfig: Setting CVar [[r.VirtualTextures:0]]
[2022.12.23-15.34.11:641][  0]LogConfig: Setting CVar [[r.VT.EnableAutoImport:1]]
[2022.12.23-15.34.11:642][  0]LogConfig: Setting CVar [[r.VirtualTexturedLightmaps:0]]
[2022.12.23-15.34.11:642][  0]LogConfig: Setting CVar [[r.VT.TileSize:128]]
[2022.12.23-15.34.11:642][  0]LogConfig: Setting CVar [[r.VT.TileBorderSize:4]]
[2022.12.23-15.34.11:642][  0]LogConfig: Setting CVar [[r.vt.FeedbackFactor:16]]
[2022.12.23-15.34.11:643][  0]LogConfig: Setting CVar [[r.VT.EnableCompressZlib:1]]
[2022.12.23-15.34.11:643][  0]LogConfig: Setting CVar [[r.VT.EnableCompressCrunch:0]]
[2022.12.23-15.34.11:643][  0]LogConfig: Setting CVar [[r.ClearCoatNormal:0]]
[2022.12.23-15.34.11:643][  0]LogConfig: Setting CVar [[r.ReflectionCaptureResolution:128]]
[2022.12.23-15.34.11:644][  0]LogConfig: Setting CVar [[r.Mobile.ReflectionCaptureCompression:0]]
[2022.12.23-15.34.11:644][  0]LogConfig: Setting CVar [[r.ReflectionEnvironmentLightmapMixBasedOnRoughness:1]]
[2022.12.23-15.34.11:644][  0]LogConfig: Setting CVar [[r.ForwardShading:0]]
[2022.12.23-15.34.11:644][  0]LogConfig: Setting CVar [[r.VertexFoggingForOpaque:1]]
[2022.12.23-15.34.11:645][  0]LogConfig: Setting CVar [[r.AllowStaticLighting:1]]
[2022.12.23-15.34.11:645][  0]LogConfig: Setting CVar [[r.NormalMapsForStaticLighting:0]]
[2022.12.23-15.34.11:645][  0]LogConfig: Setting CVar [[r.GenerateMeshDistanceFields:0]]
[2022.12.23-15.34.11:645][  0]LogConfig: Setting CVar [[r.DistanceFieldBuild.EightBit:0]]
[2022.12.23-15.34.11:646][  0]LogConfig: Setting CVar [[r.GenerateLandscapeGIData:0]]
[2022.12.23-15.34.11:646][  0]LogConfig: Setting CVar [[r.DistanceFieldBuild.Compress:0]]
[2022.12.23-15.34.11:646][  0]LogConfig: Setting CVar [[r.TessellationAdaptivePixelsPerTriangle:48.000000]]
[2022.12.23-15.34.11:646][  0]LogConfig: Setting CVar [[r.SeparateTranslucency:1]]
[2022.12.23-15.34.11:647][  0]LogConfig: Setting CVar [[r.TranslucentSortPolicy:0]]
[2022.12.23-15.34.11:647][  0]LogConfig: Setting CVar [[vr.VRS.HMDFixedFoveationLevel:0]]
[2022.12.23-15.34.11:647][  0]LogConfig: Setting CVar [[r.CustomDepth:1]]
[2022.12.23-15.34.11:647][  0]LogConfig: Setting CVar [[r.CustomDepthTemporalAAJitter:1]]
[2022.12.23-15.34.11:648][  0]LogConfig: Setting CVar [[r.PostProcessing.PropagateAlpha:0]]
[2022.12.23-15.34.11:648][  0]LogConfig: Setting CVar [[r.DefaultFeature.Bloom:1]]
[2022.12.23-15.34.11:648][  0]LogConfig: Setting CVar [[r.DefaultFeature.AmbientOcclusion:1]]
[2022.12.23-15.34.11:648][  0]LogConfig: Setting CVar [[r.DefaultFeature.AmbientOcclusionStaticFraction:1]]
[2022.12.23-15.34.11:649][  0]LogConfig: Setting CVar [[r.DefaultFeature.AutoExposure:0]]
[2022.12.23-15.34.11:649][  0]LogConfig: Setting CVar [[r.DefaultFeature.AutoExposure.Method:0]]
[2022.12.23-15.34.11:649][  0]LogConfig: Setting CVar [[r.DefaultFeature.AutoExposure.Bias:1.000000]]
[2022.12.23-15.34.11:649][  0]LogConfig: Setting CVar [[r.DefaultFeature.AutoExposure.ExtendDefaultLuminanceRange:0]]
[2022.12.23-15.34.11:650][  0]LogConfig: Setting CVar [[r.UsePreExposure:1]]
[2022.12.23-15.34.11:650][  0]LogConfig: Setting CVar [[r.EyeAdaptation.EditorOnly:0]]
[2022.12.23-15.34.11:650][  0]LogConfig: Setting CVar [[r.DefaultFeature.MotionBlur:0]]
[2022.12.23-15.34.11:650][  0]LogConfig: Setting CVar [[r.DefaultFeature.LensFlare:0]]
[2022.12.23-15.34.11:651][  0]LogConfig: Setting CVar [[r.TemporalAA.Upsampling:0]]
[2022.12.23-15.34.11:651][  0]LogConfig: Setting CVar [[r.SSGI.Enable:0]]
[2022.12.23-15.34.11:651][  0]LogConfig: Setting CVar [[r.DefaultFeature.AntiAliasing:0]]
[2022.12.23-15.34.11:651][  0]LogConfig: Setting CVar [[r.DefaultFeature.LightUnits:1]]
[2022.12.23-15.34.11:652][  0]LogConfig: Setting CVar [[r.DefaultBackBufferPixelFormat:4]]
[2022.12.23-15.34.11:652][  0]LogConfig: Setting CVar [[r.Shadow.UnbuiltPreviewInGame:1]]
[2022.12.23-15.34.11:652][  0]LogConfig: Setting CVar [[r.StencilForLODDither:0]]
[2022.12.23-15.34.11:652][  0]LogConfig: Setting CVar [[r.EarlyZPass:3]]
[2022.12.23-15.34.11:653][  0]LogConfig: Setting CVar [[r.EarlyZPassOnlyMaterialMasking:0]]
[2022.12.23-15.34.11:655][  0]LogConfig: Setting CVar [[r.DBuffer:1]]
[2022.12.23-15.34.11:655][  0]LogConfig: Setting CVar [[r.ClearSceneMethod:1]]
[2022.12.23-15.34.11:656][  0]LogConfig: Setting CVar [[r.BasePassOutputsVelocity:0]]
[2022.12.23-15.34.11:656][  0]LogConfig: Setting CVar [[r.VertexDeformationOutputsVelocity:0]]
[2022.12.23-15.34.11:656][  0]LogConfig: Setting CVar [[r.SelectiveBasePassOutputs:0]]
[2022.12.23-15.34.11:657][  0]LogConfig: Setting CVar [[fx.GPUSimulationTextureSizeX:1024]]
[2022.12.23-15.34.11:657][  0]LogConfig: Setting CVar [[fx.GPUSimulationTextureSizeY:1024]]
[2022.12.23-15.34.11:657][  0]LogConfig: Setting CVar [[r.AllowGlobalClipPlane:0]]
[2022.12.23-15.34.11:657][  0]LogConfig: Setting CVar [[r.GBufferFormat:1]]
[2022.12.23-15.34.11:658][  0]LogConfig: Setting CVar [[r.MorphTarget.Mode:1]]
[2022.12.23-15.34.11:658][  0]LogConfig: Setting CVar [[vr.InstancedStereo:0]]
[2022.12.23-15.34.11:658][  0]LogConfig: Setting CVar [[r.MobileHDR:1]]
[2022.12.23-15.34.11:658][  0]LogConfig: Setting CVar [[vr.MobileMultiView:0]]
[2022.12.23-15.34.11:658][  0]LogConfig: Setting CVar [[r.Mobile.UseHWsRGBEncoding:0]]
[2022.12.23-15.34.11:659][  0]LogConfig: Setting CVar [[vr.RoundRobinOcclusion:0]]
[2022.12.23-15.34.11:659][  0]LogConfig: Setting CVar [[vr.ODSCapture:0]]
[2022.12.23-15.34.11:659][  0]LogConfig: Setting CVar [[r.MeshStreaming:0]]
[2022.12.23-15.34.11:659][  0]LogConfig: Setting CVar [[r.WireframeCullThreshold:5.000000]]
[2022.12.23-15.34.11:660][  0]LogConfig: Setting CVar [[r.RayTracing:0]]
[2022.12.23-15.34.11:660][  0]LogConfig: Setting CVar [[r.RayTracing.UseTextureLod:0]]
[2022.12.23-15.34.11:660][  0]LogConfig: Setting CVar [[r.SupportStationarySkylight:1]]
[2022.12.23-15.34.11:661][  0]LogConfig: Setting CVar [[r.SupportLowQualityLightmaps:1]]
[2022.12.23-15.34.11:661][  0]LogConfig: Setting CVar [[r.SupportPointLightWholeSceneShadows:1]]
[2022.12.23-15.34.11:661][  0]LogConfig: Setting CVar [[r.SupportAtmosphericFog:1]]
[2022.12.23-15.34.11:661][  0]LogConfig: Setting CVar [[r.SupportSkyAtmosphere:1]]
[2022.12.23-15.34.11:662][  0]LogConfig: Setting CVar [[r.SupportSkyAtmosphereAffectsHeightFog:0]]
[2022.12.23-15.34.11:662][  0]LogConfig: Setting CVar [[r.SkinCache.CompileShaders:0]]
[2022.12.23-15.34.11:662][  0]LogConfig: Setting CVar [[r.SkinCache.DefaultBehavior:1]]
[2022.12.23-15.34.11:662][  0]LogConfig: Setting CVar [[r.SkinCache.SceneMemoryLimitInMB:128.000000]]
[2022.12.23-15.34.11:663][  0]LogConfig: Setting CVar [[r.Mobile.EnableStaticAndCSMShadowReceivers:1]]
[2022.12.23-15.34.11:663][  0]LogConfig: Setting CVar [[r.Mobile.EnableMovableLightCSMShaderCulling:1]]
[2022.12.23-15.34.11:663][  0]LogConfig: Setting CVar [[r.Mobile.AllowDistanceFieldShadows:1]]
[2022.12.23-15.34.11:663][  0]LogConfig: Setting CVar [[r.Mobile.AllowMovableDirectionalLights:1]]
[2022.12.23-15.34.11:664][  0]LogConfig: Setting CVar [[r.MobileNumDynamicPointLights:4]]
[2022.12.23-15.34.11:664][  0]LogConfig: Setting CVar [[r.MobileDynamicPointLightsUseStaticBranch:1]]
[2022.12.23-15.34.11:664][  0]LogConfig: Setting CVar [[r.Mobile.EnableMovableSpotlights:0]]
[2022.12.23-15.34.11:664][  0]LogConfig: Setting CVar [[r.Mobile.EnableMovableSpotlightsShadow:0]]
[2022.12.23-15.34.11:664][  0]LogConfig: Setting CVar [[r.GPUSkin.Support16BitBoneIndex:0]]
[2022.12.23-15.34.11:665][  0]LogConfig: Setting CVar [[r.GPUSkin.Limit2BoneInfluences:0]]
[2022.12.23-15.34.11:665][  0]LogConfig: Setting CVar [[r.SupportDepthOnlyIndexBuffers:1]]
[2022.12.23-15.34.11:665][  0]LogConfig: Setting CVar [[r.SupportReversedIndexBuffers:1]]
[2022.12.23-15.34.11:665][  0]LogConfig: Setting CVar [[r.LightPropagationVolume:0]]
[2022.12.23-15.34.11:666][  0]LogConfig: Setting CVar [[r.Mobile.AmbientOcclusion:0]]
[2022.12.23-15.34.11:666][  0]LogConfig: Setting CVar [[r.GPUSkin.UnlimitedBoneInfluences:0]]
[2022.12.23-15.34.11:666][  0]LogConfig: Setting CVar [[r.GPUSkin.UnlimitedBoneInfluencesThreshold:8]]
[2022.12.23-15.34.11:666][  0]LogConfig: Setting CVar [[r.Mobile.PlanarReflectionMode:0]]
[2022.12.23-15.34.11:667][  0]LogConfig: Setting CVar [[r.Mobile.SupportsGen4TAA:0]]
[2022.12.23-15.34.11:667][  0]LogConfig: Applying CVar settings from Section [/Script/Engine.RendererOverrideSettings] File [C:/Users/danie/Documents/Gamedev VR/game/UE4 game/fpsgame/Saved/Config/Windows/Engine.ini]
[2022.12.23-15.34.11:667][  0]LogConfig: Applying CVar settings from Section [/Script/Engine.StreamingSettings] File [C:/Users/danie/Documents/Gamedev VR/game/UE4 game/fpsgame/Saved/Config/Windows/Engine.ini]
[2022.12.23-15.34.11:667][  0]LogConfig: Setting CVar [[s.MinBulkDataSizeForAsyncLoading:131072]]
[2022.12.23-15.34.11:668][  0]LogConfig: Setting CVar [[s.AsyncLoadingThreadEnabled:0]]
[2022.12.23-15.34.11:670][  0]LogConfig: Setting CVar [[s.EventDrivenLoaderEnabled:1]]
[2022.12.23-15.34.11:671][  0]LogConfig: Setting CVar [[s.WarnIfTimeLimitExceeded:0]]
[2022.12.23-15.34.11:671][  0]LogConfig: Setting CVar [[s.TimeLimitExceededMultiplier:1.5]]
[2022.12.23-15.34.11:671][  0]LogConfig: Setting CVar [[s.TimeLimitExceededMinTime:0.005]]
[2022.12.23-15.34.11:671][  0]LogConfig: Setting CVar [[s.UseBackgroundLevelStreaming:1]]
[2022.12.23-15.34.11:672][  0]LogConfig: Setting CVar [[s.PriorityAsyncLoadingExtraTime:15.0]]
[2022.12.23-15.34.11:672][  0]LogConfig: Setting CVar [[s.LevelStreamingActorsUpdateTimeLimit:5.0]]
[2022.12.23-15.34.11:672][  0]LogConfig: Setting CVar [[s.PriorityLevelStreamingActorsUpdateExtraTime:5.0]]
[2022.12.23-15.34.11:672][  0]LogConfig: Setting CVar [[s.LevelStreamingComponentsRegistrationGranularity:10]]
[2022.12.23-15.34.11:673][  0]LogConfig: Setting CVar [[s.UnregisterComponentsTimeLimit:1.0]]
[2022.12.23-15.34.11:673][  0]LogConfig: Setting CVar [[s.LevelStreamingComponentsUnregistrationGranularity:5]]
[2022.12.23-15.34.11:674][  0]LogConfig: Setting CVar [[s.FlushStreamingOnExit:1]]
[2022.12.23-15.34.11:674][  0]LogConfig: Applying CVar settings from Section [/Script/Engine.GarbageCollectionSettings] File [C:/Users/danie/Documents/Gamedev VR/game/UE4 game/fpsgame/Saved/Config/Windows/Engine.ini]
[2022.12.23-15.34.11:674][  0]LogConfig: Setting CVar [[gc.MaxObjectsNotConsideredByGC:1]]
[2022.12.23-15.34.11:674][  0]LogConfig: Setting CVar [[gc.SizeOfPermanentObjectPool:0]]
[2022.12.23-15.34.11:674][  0]LogConfig: Setting CVar [[gc.FlushStreamingOnGC:0]]
[2022.12.23-15.34.11:675][  0]LogConfig: Setting CVar [[gc.NumRetriesBeforeForcingGC:10]]
[2022.12.23-15.34.11:675][  0]LogConfig: Setting CVar [[gc.AllowParallelGC:1]]
[2022.12.23-15.34.11:675][  0]LogConfig: Setting CVar [[gc.TimeBetweenPurgingPendingKillObjects:61.1]]
[2022.12.23-15.34.11:675][  0]LogConfig: Setting CVar [[gc.MaxObjectsInEditor:25165824]]
[2022.12.23-15.34.11:676][  0]LogConfig: Setting CVar [[gc.IncrementalBeginDestroyEnabled:1]]
[2022.12.23-15.34.11:676][  0]LogConfig: Setting CVar [[gc.CreateGCClusters:1]]
[2022.12.23-15.34.11:676][  0]LogConfig: Setting CVar [[gc.MinGCClusterSize:5]]
[2022.12.23-15.34.11:676][  0]LogConfig: Setting CVar [[gc.ActorClusteringEnabled:0]]
[2022.12.23-15.34.11:677][  0]LogConfig: Setting CVar [[gc.BlueprintClusteringEnabled:0]]
[2022.12.23-15.34.11:677][  0]LogConfig: Setting CVar [[gc.UseDisregardForGCOnDedicatedServers:0]]
[2022.12.23-15.34.11:677][  0]LogConfig: Setting CVar [[gc.MultithreadedDestructionEnabled:1]]
[2022.12.23-15.34.11:677][  0]LogConfig: Applying CVar settings from Section [/Script/Engine.NetworkSettings] File [C:/Users/danie/Documents/Gamedev VR/game/UE4 game/fpsgame/Saved/Config/Windows/Engine.ini]
[2022.12.23-15.34.11:677][  0]LogConfig: Applying CVar settings from Section [/Script/UnrealEd.CookerSettings] File [C:/Users/danie/Documents/Gamedev VR/game/UE4 game/fpsgame/Saved/Config/Windows/Engine.ini]
[2022.12.23-15.34.11:678][  0]LogConfig: Applying CVar settings from Section [ViewDistanceQuality@3] File [C:/Users/danie/Documents/Gamedev VR/game/UE4 game/fpsgame/Saved/Config/Windows/Scalability.ini]
[2022.12.23-15.34.11:678][  0]LogConfig: Setting CVar [[r.SkeletalMeshLODBias:0]]
[2022.12.23-15.34.11:678][  0]LogConfig: Setting CVar [[r.ViewDistanceScale:1.0]]
[2022.12.23-15.34.11:678][  0]LogConfig: Applying CVar settings from Section [AntiAliasingQuality@3] File [C:/Users/danie/Documents/Gamedev VR/game/UE4 game/fpsgame/Saved/Config/Windows/Scalability.ini]
[2022.12.23-15.34.11:679][  0]LogConfig: Setting CVar [[r.PostProcessAAQuality:4]]
[2022.12.23-15.34.11:679][  0]LogConfig: Applying CVar settings from Section [ShadowQuality@3] File [C:/Users/danie/Documents/Gamedev VR/game/UE4 game/fpsgame/Saved/Config/Windows/Scalability.ini]
[2022.12.23-15.34.11:679][  0]LogConfig: Setting CVar [[r.LightFunctionQuality:1]]
[2022.12.23-15.34.11:679][  0]LogConfig: Setting CVar [[r.ShadowQuality:5]]
[2022.12.23-15.34.11:680][  0]LogConfig: Setting CVar [[r.Shadow.CSM.MaxCascades:10]]
[2022.12.23-15.34.11:680][  0]LogConfig: Setting CVar [[r.Shadow.MaxResolution:2048]]
[2022.12.23-15.34.11:680][  0]LogConfig: Setting CVar [[r.Shadow.MaxCSMResolution:2048]]
[2022.12.23-15.34.11:680][  0]LogConfig: Setting CVar [[r.Shadow.RadiusThreshold:0.01]]
[2022.12.23-15.34.11:681][  0]LogConfig: Setting CVar [[r.Shadow.DistanceScale:1.0]]
[2022.12.23-15.34.11:681][  0]LogConfig: Setting CVar [[r.Shadow.CSM.TransitionScale:1.0]]
[2022.12.23-15.34.11:681][  0]LogConfig: Setting CVar [[r.Shadow.PreShadowResolutionFactor:1.0]]
[2022.12.23-15.34.11:681][  0]LogConfig: Setting CVar [[r.DistanceFieldShadowing:1]]
[2022.12.23-15.34.11:681][  0]LogConfig: Setting CVar [[r.DistanceFieldAO:1]]
[2022.12.23-15.34.11:682][  0]LogConfig: Setting CVar [[r.AOQuality:2]]
[2022.12.23-15.34.11:682][  0]LogConfig: Setting CVar [[r.VolumetricFog:1]]
[2022.12.23-15.34.11:682][  0]LogConfig: Setting CVar [[r.VolumetricFog.GridPixelSize:8]]
[2022.12.23-15.34.11:682][  0]LogConfig: Setting CVar [[r.VolumetricFog.GridSizeZ:128]]
[2022.12.23-15.34.11:683][  0]LogConfig: Setting CVar [[r.VolumetricFog.HistoryMissSupersampleCount:4]]
[2022.12.23-15.34.11:683][  0]LogConfig: Setting CVar [[r.LightMaxDrawDistanceScale:1]]
[2022.12.23-15.34.11:683][  0]LogConfig: Setting CVar [[r.CapsuleShadows:1]]
[2022.12.23-15.34.11:683][  0]LogConfig: Applying CVar settings from Section [PostProcessQuality@3] File [C:/Users/danie/Documents/Gamedev VR/game/UE4 game/fpsgame/Saved/Config/Windows/Scalability.ini]
[2022.12.23-15.34.11:684][  0]LogConfig: Setting CVar [[r.MotionBlurQuality:4]]
[2022.12.23-15.34.11:686][  0]LogConfig: Setting CVar [[r.AmbientOcclusionMipLevelFactor:0.4]]
[2022.12.23-15.34.11:686][  0]LogConfig: Setting CVar [[r.AmbientOcclusionMaxQuality:100]]
[2022.12.23-15.34.11:687][  0]LogConfig: Setting CVar [[r.AmbientOcclusionLevels:-1]]
[2022.12.23-15.34.11:687][  0]LogConfig: Setting CVar [[r.AmbientOcclusionRadiusScale:1.0]]
[2022.12.23-15.34.11:687][  0]LogConfig: Setting CVar [[r.DepthOfFieldQuality:2]]
[2022.12.23-15.34.11:687][  0]LogConfig: Setting CVar [[r.RenderTargetPoolMin:400]]
[2022.12.23-15.34.11:688][  0]LogConfig: Setting CVar [[r.LensFlareQuality:2]]
[2022.12.23-15.34.11:688][  0]LogConfig: Setting CVar [[r.SceneColorFringeQuality:1]]
[2022.12.23-15.34.11:688][  0]LogConfig: Setting CVar [[r.EyeAdaptationQuality:2]]
[2022.12.23-15.34.11:688][  0]LogConfig: Setting CVar [[r.BloomQuality:5]]
[2022.12.23-15.34.11:688][  0]LogConfig: Setting CVar [[r.FastBlurThreshold:100]]
[2022.12.23-15.34.11:689][  0]LogConfig: Setting CVar [[r.Upscale.Quality:3]]
[2022.12.23-15.34.11:689][  0]LogConfig: Setting CVar [[r.Tonemapper.GrainQuantization:1]]
[2022.12.23-15.34.11:689][  0]LogConfig: Setting CVar [[r.LightShaftQuality:1]]
[2022.12.23-15.34.11:690][  0]LogConfig: Setting CVar [[r.Filter.SizeScale:1]]
[2022.12.23-15.34.11:690][  0]LogConfig: Setting CVar [[r.Tonemapper.Quality:5]]
[2022.12.23-15.34.11:690][  0]LogConfig: Setting CVar [[r.DOF.Gather.AccumulatorQuality:1        ; higher gathering accumulator quality]]
[2022.12.23-15.34.11:691][  0]LogConfig: Setting CVar [[r.DOF.Gather.PostfilterMethod:1          ; Median3x3 postfilering method]]
[2022.12.23-15.34.11:691][  0]LogConfig: Setting CVar [[r.DOF.Gather.EnableBokehSettings:0       ; no bokeh simulation when gathering]]
[2022.12.23-15.34.11:691][  0]LogConfig: Setting CVar [[r.DOF.Gather.RingCount:4                 ; medium number of samples when gathering]]
[2022.12.23-15.34.11:691][  0]LogConfig: Setting CVar [[r.DOF.Scatter.ForegroundCompositing:1    ; additive foreground scattering]]
[2022.12.23-15.34.11:692][  0]LogConfig: Setting CVar [[r.DOF.Scatter.BackgroundCompositing:2    ; additive background scattering]]
[2022.12.23-15.34.11:692][  0]LogConfig: Setting CVar [[r.DOF.Scatter.EnableBokehSettings:1      ; bokeh simulation when scattering]]
[2022.12.23-15.34.11:692][  0]LogConfig: Setting CVar [[r.DOF.Scatter.MaxSpriteRatio:0.1         ; only a maximum of 10% of scattered bokeh]]
[2022.12.23-15.34.11:692][  0]LogConfig: Setting CVar [[r.DOF.Recombine.Quality:1                ; cheap slight out of focus]]
[2022.12.23-15.34.11:692][  0]LogConfig: Setting CVar [[r.DOF.Recombine.EnableBokehSettings:0    ; no bokeh simulation on slight out of focus]]
[2022.12.23-15.34.11:693][  0]LogConfig: Setting CVar [[r.DOF.TemporalAAQuality:1                ; more stable temporal accumulation]]
[2022.12.23-15.34.11:693][  0]LogConfig: Setting CVar [[r.DOF.Kernel.MaxForegroundRadius:0.025]]
[2022.12.23-15.34.11:693][  0]LogConfig: Setting CVar [[r.DOF.Kernel.MaxBackgroundRadius:0.025]]
[2022.12.23-15.34.11:693][  0]LogConfig: Applying CVar settings from Section [TextureQuality@3] File [C:/Users/danie/Documents/Gamedev VR/game/UE4 game/fpsgame/Saved/Config/Windows/Scalability.ini]
[2022.12.23-15.34.11:694][  0]LogConfig: Setting CVar [[r.Streaming.MipBias:0]]
[2022.12.23-15.34.11:694][  0]LogConfig: Setting CVar [[r.Streaming.AmortizeCPUToGPUCopy:0]]
[2022.12.23-15.34.11:694][  0]LogConfig: Setting CVar [[r.Streaming.MaxNumTexturesToStreamPerFrame:0]]
[2022.12.23-15.34.11:694][  0]LogConfig: Setting CVar [[r.Streaming.Boost:1]]
[2022.12.23-15.34.11:695][  0]LogConfig: Setting CVar [[r.MaxAnisotropy:8]]
[2022.12.23-15.34.11:695][  0]LogConfig: Setting CVar [[r.VT.MaxAnisotropy:8]]
[2022.12.23-15.34.11:695][  0]LogConfig: Setting CVar [[r.Streaming.LimitPoolSizeToVRAM:0]]
[2022.12.23-15.34.11:695][  0]LogConfig: Setting CVar [[r.Streaming.PoolSize:1000]]
[2022.12.23-15.34.11:696][  0]LogConfig: Setting CVar [[r.Streaming.MaxEffectiveScreenSize:0]]
[2022.12.23-15.34.11:696][  0]LogConfig: Applying CVar settings from Section [EffectsQuality@3] File [C:/Users/danie/Documents/Gamedev VR/game/UE4 game/fpsgame/Saved/Config/Windows/Scalability.ini]
[2022.12.23-15.34.11:696][  0]LogConfig: Setting CVar [[r.TranslucencyLightingVolumeDim:64]]
[2022.12.23-15.34.11:696][  0]LogConfig: Setting CVar [[r.RefractionQuality:2]]
[2022.12.23-15.34.11:697][  0]LogConfig: Setting CVar [[r.SSR.Quality:3]]
[2022.12.23-15.34.11:697][  0]LogConfig: Setting CVar [[r.SSR.HalfResSceneColor:0]]
[2022.12.23-15.34.11:697][  0]LogConfig: Setting CVar [[r.SceneColorFormat:4]]
[2022.12.23-15.34.11:697][  0]LogConfig: Setting CVar [[r.DetailMode:2]]
[2022.12.23-15.34.11:698][  0]LogConfig: Setting CVar [[r.TranslucencyVolumeBlur:1]]
[2022.12.23-15.34.11:698][  0]LogConfig: Setting CVar [[r.MaterialQualityLevel:1 ; High quality]]
[2022.12.23-15.34.11:698][  0]LogConfig: Setting CVar [[r.AnisotropicMaterials:1]]
[2022.12.23-15.34.11:698][  0]LogConfig: Setting CVar [[r.SSS.Scale:1]]
[2022.12.23-15.34.11:699][  0]LogConfig: Setting CVar [[r.SSS.SampleSet:2]]
[2022.12.23-15.34.11:701][  0]LogConfig: Setting CVar [[r.SSS.Quality:1]]
[2022.12.23-15.34.11:702][  0]LogConfig: Setting CVar [[r.SSS.HalfRes:0]]
[2022.12.23-15.34.11:702][  0]LogConfig: Setting CVar [[r.SSGI.Quality:3]]
[2022.12.23-15.34.11:703][  0]LogConfig: Setting CVar [[r.EmitterSpawnRateScale:1.0]]
[2022.12.23-15.34.11:703][  0]LogConfig: Setting CVar [[r.ParticleLightQuality:2]]
[2022.12.23-15.34.11:703][  0]LogConfig: Setting CVar [[r.SkyAtmosphere.AerialPerspectiveLUT.FastApplyOnOpaque:1 ; Always have FastSkyLUT 1 in this case to avoid wrong sky]]
[2022.12.23-15.34.11:704][  0]LogConfig: Setting CVar [[r.SkyAtmosphere.AerialPerspectiveLUT.SampleCountMaxPerSlice:4]]
[2022.12.23-15.34.11:704][  0]LogConfig: Setting CVar [[r.SkyAtmosphere.AerialPerspectiveLUT.DepthResolution:16.0]]
[2022.12.23-15.34.11:704][  0]LogConfig: Setting CVar [[r.SkyAtmosphere.FastSkyLUT:1]]
[2022.12.23-15.34.11:705][  0]LogConfig: Setting CVar [[r.SkyAtmosphere.FastSkyLUT.SampleCountMin:4.0]]
[2022.12.23-15.34.11:705][  0]LogConfig: Setting CVar [[r.SkyAtmosphere.FastSkyLUT.SampleCountMax:128.0]]
[2022.12.23-15.34.11:705][  0]LogConfig: Setting CVar [[r.SkyAtmosphere.SampleCountMin:4.0]]
[2022.12.23-15.34.11:705][  0]LogConfig: Setting CVar [[r.SkyAtmosphere.SampleCountMax:128.0]]
[2022.12.23-15.34.11:706][  0]LogConfig: Setting CVar [[r.SkyAtmosphere.TransmittanceLUT.UseSmallFormat:0]]
[2022.12.23-15.34.11:706][  0]LogConfig: Setting CVar [[r.SkyAtmosphere.TransmittanceLUT.SampleCount:10.0]]
[2022.12.23-15.34.11:706][  0]LogConfig: Setting CVar [[r.SkyAtmosphere.MultiScatteringLUT.SampleCount:15.0]]
[2022.12.23-15.34.11:706][  0]LogConfig: Setting CVar [[r.SkyLight.RealTimeReflectionCapture:1]]
[2022.12.23-15.34.11:707][  0]LogConfig: Applying CVar settings from Section [FoliageQuality@3] File [C:/Users/danie/Documents/Gamedev VR/game/UE4 game/fpsgame/Saved/Config/Windows/Scalability.ini]
[2022.12.23-15.34.11:707][  0]LogConfig: Setting CVar [[foliage.DensityScale:1.0]]
[2022.12.23-15.34.11:707][  0]LogConfig: Setting CVar [[grass.DensityScale:1.0]]
[2022.12.23-15.34.11:707][  0]LogConfig: Applying CVar settings from Section [ShadingQuality@3] File [C:/Users/danie/Documents/Gamedev VR/game/UE4 game/fpsgame/Saved/Config/Windows/Scalability.ini]
[2022.12.23-15.34.11:708][  0]LogConfig: Setting CVar [[r.HairStrands.SkyLighting.IntegrationType:2]]
[2022.12.23-15.34.11:708][  0]LogConfig: Setting CVar [[r.HairStrands.SkyAO.SampleCount:4]]
[2022.12.23-15.34.11:708][  0]LogConfig: Setting CVar [[r.HairStrands.Visibility.MSAA.SamplePerPixel:4]]
[2022.12.23-15.34.11:708][  0]LogInit: Selected Device Profile: [Windows]
[2022.12.23-15.34.11:709][  0]LogInit: Applying CVar settings loaded from the selected device profile: [Windows]
[2022.12.23-15.34.11:709][  0]LogHAL: Display: Platform has ~ 16 GB [17128247296 / 17179869184 / 16], which maps to Larger [LargestMinGB=32, LargerMinGB=12, DefaultMinGB=8, SmallerMinGB=6, SmallestMinGB=0)
[2022.12.23-15.34.11:709][  0]LogInit: Going up to parent DeviceProfile []
[2022.12.23-15.34.11:709][  0]LogConfig: Applying CVar settings from Section [ViewDistanceQuality@3] File [C:/Users/danie/Documents/Gamedev VR/game/UE4 game/fpsgame/Saved/Config/Windows/Scalability.ini]
[2022.12.23-15.34.11:710][  0]LogConfig: Setting CVar [[r.SkeletalMeshLODBias:0]]
[2022.12.23-15.34.11:710][  0]LogConfig: Setting CVar [[r.ViewDistanceScale:1.0]]
[2022.12.23-15.34.11:710][  0]LogConfig: Applying CVar settings from Section [AntiAliasingQuality@3] File [C:/Users/danie/Documents/Gamedev VR/game/UE4 game/fpsgame/Saved/Config/Windows/Scalability.ini]
[2022.12.23-15.34.11:710][  0]LogConfig: Setting CVar [[r.PostProcessAAQuality:4]]
[2022.12.23-15.34.11:711][  0]LogConfig: Applying CVar settings from Section [ShadowQuality@3] File [C:/Users/danie/Documents/Gamedev VR/game/UE4 game/fpsgame/Saved/Config/Windows/Scalability.ini]
[2022.12.23-15.34.11:711][  0]LogConfig: Setting CVar [[r.LightFunctionQuality:1]]
[2022.12.23-15.34.11:711][  0]LogConfig: Setting CVar [[r.ShadowQuality:5]]
[2022.12.23-15.34.11:711][  0]LogConfig: Setting CVar [[r.Shadow.CSM.MaxCascades:10]]
[2022.12.23-15.34.11:711][  0]LogConfig: Setting CVar [[r.Shadow.MaxResolution:2048]]
[2022.12.23-15.34.11:712][  0]LogConfig: Setting CVar [[r.Shadow.MaxCSMResolution:2048]]
[2022.12.23-15.34.11:712][  0]LogConfig: Setting CVar [[r.Shadow.RadiusThreshold:0.01]]
[2022.12.23-15.34.11:712][  0]LogConfig: Setting CVar [[r.Shadow.DistanceScale:1.0]]
[2022.12.23-15.34.11:712][  0]LogConfig: Setting CVar [[r.Shadow.CSM.TransitionScale:1.0]]
[2022.12.23-15.34.11:713][  0]LogConfig: Setting CVar [[r.Shadow.PreShadowResolutionFactor:1.0]]
[2022.12.23-15.34.11:713][  0]LogConfig: Setting CVar [[r.DistanceFieldShadowing:1]]
[2022.12.23-15.34.11:713][  0]LogConfig: Setting CVar [[r.DistanceFieldAO:1]]
[2022.12.23-15.34.11:713][  0]LogConfig: Setting CVar [[r.AOQuality:2]]
[2022.12.23-15.34.11:714][  0]LogConfig: Setting CVar [[r.VolumetricFog:1]]
[2022.12.23-15.34.11:714][  0]LogConfig: Setting CVar [[r.VolumetricFog.GridPixelSize:8]]
[2022.12.23-15.34.11:714][  0]LogConfig: Setting CVar [[r.VolumetricFog.GridSizeZ:128]]
[2022.12.23-15.34.11:714][  0]LogConfig: Setting CVar [[r.VolumetricFog.HistoryMissSupersampleCount:4]]
[2022.12.23-15.34.11:715][  0]LogConfig: Setting CVar [[r.LightMaxDrawDistanceScale:1]]
[2022.12.23-15.34.11:717][  0]LogConfig: Setting CVar [[r.CapsuleShadows:1]]
[2022.12.23-15.34.11:717][  0]LogConfig: Applying CVar settings from Section [PostProcessQuality@3] File [C:/Users/danie/Documents/Gamedev VR/game/UE4 game/fpsgame/Saved/Config/Windows/Scalability.ini]
[2022.12.23-15.34.11:717][  0]LogConfig: Setting CVar [[r.MotionBlurQuality:4]]
[2022.12.23-15.34.11:718][  0]LogConfig: Setting CVar [[r.AmbientOcclusionMipLevelFactor:0.4]]
[2022.12.23-15.34.11:718][  0]LogConfig: Setting CVar [[r.AmbientOcclusionMaxQuality:100]]
[2022.12.23-15.34.11:718][  0]LogConfig: Setting CVar [[r.AmbientOcclusionLevels:-1]]
[2022.12.23-15.34.11:718][  0]LogConfig: Setting CVar [[r.AmbientOcclusionRadiusScale:1.0]]
[2022.12.23-15.34.11:719][  0]LogConfig: Setting CVar [[r.DepthOfFieldQuality:2]]
[2022.12.23-15.34.11:719][  0]LogConfig: Setting CVar [[r.RenderTargetPoolMin:400]]
[2022.12.23-15.34.11:719][  0]LogConfig: Setting CVar [[r.LensFlareQuality:2]]
[2022.12.23-15.34.11:719][  0]LogConfig: Setting CVar [[r.SceneColorFringeQuality:1]]
[2022.12.23-15.34.11:720][  0]LogConfig: Setting CVar [[r.EyeAdaptationQuality:2]]
[2022.12.23-15.34.11:720][  0]LogConfig: Setting CVar [[r.BloomQuality:5]]
[2022.12.23-15.34.11:720][  0]LogConfig: Setting CVar [[r.FastBlurThreshold:100]]
[2022.12.23-15.34.11:720][  0]LogConfig: Setting CVar [[r.Upscale.Quality:3]]
[2022.12.23-15.34.11:721][  0]LogConfig: Setting CVar [[r.Tonemapper.GrainQuantization:1]]
[2022.12.23-15.34.11:721][  0]LogConfig: Setting CVar [[r.LightShaftQuality:1]]
[2022.12.23-15.34.11:721][  0]LogConfig: Setting CVar [[r.Filter.SizeScale:1]]
[2022.12.23-15.34.11:721][  0]LogConfig: Setting CVar [[r.Tonemapper.Quality:5]]
[2022.12.23-15.34.11:722][  0]LogConfig: Setting CVar [[r.DOF.Gather.AccumulatorQuality:1        ; higher gathering accumulator quality]]
[2022.12.23-15.34.11:722][  0]LogConfig: Setting CVar [[r.DOF.Gather.PostfilterMethod:1          ; Median3x3 postfilering method]]
[2022.12.23-15.34.11:722][  0]LogConfig: Setting CVar [[r.DOF.Gather.EnableBokehSettings:0       ; no bokeh simulation when gathering]]
[2022.12.23-15.34.11:722][  0]LogConfig: Setting CVar [[r.DOF.Gather.RingCount:4                 ; medium number of samples when gathering]]
[2022.12.23-15.34.11:723][  0]LogConfig: Setting CVar [[r.DOF.Scatter.ForegroundCompositing:1    ; additive foreground scattering]]
[2022.12.23-15.34.11:723][  0]LogConfig: Setting CVar [[r.DOF.Scatter.BackgroundCompositing:2    ; additive background scattering]]
[2022.12.23-15.34.11:723][  0]LogConfig: Setting CVar [[r.DOF.Scatter.EnableBokehSettings:1      ; bokeh simulation when scattering]]
[2022.12.23-15.34.11:723][  0]LogConfig: Setting CVar [[r.DOF.Scatter.MaxSpriteRatio:0.1         ; only a maximum of 10% of scattered bokeh]]
[2022.12.23-15.34.11:724][  0]LogConfig: Setting CVar [[r.DOF.Recombine.Quality:1                ; cheap slight out of focus]]
[2022.12.23-15.34.11:724][  0]LogConfig: Setting CVar [[r.DOF.Recombine.EnableBokehSettings:0    ; no bokeh simulation on slight out of focus]]
[2022.12.23-15.34.11:724][  0]LogConfig: Setting CVar [[r.DOF.TemporalAAQuality:1                ; more stable temporal accumulation]]
[2022.12.23-15.34.11:724][  0]LogConfig: Setting CVar [[r.DOF.Kernel.MaxForegroundRadius:0.025]]
[2022.12.23-15.34.11:725][  0]LogConfig: Setting CVar [[r.DOF.Kernel.MaxBackgroundRadius:0.025]]
[2022.12.23-15.34.11:725][  0]LogConfig: Applying CVar settings from Section [TextureQuality@3] File [C:/Users/danie/Documents/Gamedev VR/game/UE4 game/fpsgame/Saved/Config/Windows/Scalability.ini]
[2022.12.23-15.34.11:725][  0]LogConfig: Setting CVar [[r.Streaming.MipBias:0]]
[2022.12.23-15.34.11:725][  0]LogConfig: Setting CVar [[r.Streaming.AmortizeCPUToGPUCopy:0]]
[2022.12.23-15.34.11:726][  0]LogConfig: Setting CVar [[r.Streaming.MaxNumTexturesToStreamPerFrame:0]]
[2022.12.23-15.34.11:726][  0]LogConfig: Setting CVar [[r.Streaming.Boost:1]]
[2022.12.23-15.34.11:726][  0]LogConfig: Setting CVar [[r.MaxAnisotropy:8]]
[2022.12.23-15.34.11:727][  0]LogConfig: Setting CVar [[r.VT.MaxAnisotropy:8]]
[2022.12.23-15.34.11:727][  0]LogConfig: Setting CVar [[r.Streaming.LimitPoolSizeToVRAM:0]]
[2022.12.23-15.34.11:727][  0]LogConfig: Setting CVar [[r.Streaming.PoolSize:1000]]
[2022.12.23-15.34.11:727][  0]LogConfig: Setting CVar [[r.Streaming.MaxEffectiveScreenSize:0]]
[2022.12.23-15.34.11:728][  0]LogConfig: Applying CVar settings from Section [EffectsQuality@3] File [C:/Users/danie/Documents/Gamedev VR/game/UE4 game/fpsgame/Saved/Config/Windows/Scalability.ini]
[2022.12.23-15.34.11:728][  0]LogConfig: Setting CVar [[r.TranslucencyLightingVolumeDim:64]]
[2022.12.23-15.34.11:728][  0]LogConfig: Setting CVar [[r.RefractionQuality:2]]
[2022.12.23-15.34.11:728][  0]LogConfig: Setting CVar [[r.SSR.Quality:3]]
[2022.12.23-15.34.11:729][  0]LogConfig: Setting CVar [[r.SSR.HalfResSceneColor:0]]
[2022.12.23-15.34.11:729][  0]LogConfig: Setting CVar [[r.SceneColorFormat:4]]
[2022.12.23-15.34.11:729][  0]LogConfig: Setting CVar [[r.DetailMode:2]]
[2022.12.23-15.34.11:729][  0]LogConfig: Setting CVar [[r.TranslucencyVolumeBlur:1]]
[2022.12.23-15.34.11:730][  0]LogConfig: Setting CVar [[r.MaterialQualityLevel:1 ; High quality]]
[2022.12.23-15.34.11:730][  0]LogConfig: Setting CVar [[r.AnisotropicMaterials:1]]
[2022.12.23-15.34.11:730][  0]LogConfig: Setting CVar [[r.SSS.Scale:1]]
[2022.12.23-15.34.11:730][  0]LogConfig: Setting CVar [[r.SSS.SampleSet:2]]
[2022.12.23-15.34.11:731][  0]LogConfig: Setting CVar [[r.SSS.Quality:1]]
[2022.12.23-15.34.11:733][  0]LogConfig: Setting CVar [[r.SSS.HalfRes:0]]
[2022.12.23-15.34.11:733][  0]LogConfig: Setting CVar [[r.SSGI.Quality:3]]
[2022.12.23-15.34.11:733][  0]LogConfig: Setting CVar [[r.EmitterSpawnRateScale:1.0]]
[2022.12.23-15.34.11:734][  0]LogConfig: Setting CVar [[r.ParticleLightQuality:2]]
[2022.12.23-15.34.11:734][  0]LogConfig: Setting CVar [[r.SkyAtmosphere.AerialPerspectiveLUT.FastApplyOnOpaque:1 ; Always have FastSkyLUT 1 in this case to avoid wrong sky]]
[2022.12.23-15.34.11:734][  0]LogConfig: Setting CVar [[r.SkyAtmosphere.AerialPerspectiveLUT.SampleCountMaxPerSlice:4]]
[2022.12.23-15.34.11:734][  0]LogConfig: Setting CVar [[r.SkyAtmosphere.AerialPerspectiveLUT.DepthResolution:16.0]]
[2022.12.23-15.34.11:735][  0]LogConfig: Setting CVar [[r.SkyAtmosphere.FastSkyLUT:1]]
[2022.12.23-15.34.11:735][  0]LogConfig: Setting CVar [[r.SkyAtmosphere.FastSkyLUT.SampleCountMin:4.0]]
[2022.12.23-15.34.11:735][  0]LogConfig: Setting CVar [[r.SkyAtmosphere.FastSkyLUT.SampleCountMax:128.0]]
[2022.12.23-15.34.11:735][  0]LogConfig: Setting CVar [[r.SkyAtmosphere.SampleCountMin:4.0]]
[2022.12.23-15.34.11:735][  0]LogConfig: Setting CVar [[r.SkyAtmosphere.SampleCountMax:128.0]]
[2022.12.23-15.34.11:736][  0]LogConfig: Setting CVar [[r.SkyAtmosphere.TransmittanceLUT.UseSmallFormat:0]]
[2022.12.23-15.34.11:736][  0]LogConfig: Setting CVar [[r.SkyAtmosphere.TransmittanceLUT.SampleCount:10.0]]
[2022.12.23-15.34.11:736][  0]LogConfig: Setting CVar [[r.SkyAtmosphere.MultiScatteringLUT.SampleCount:15.0]]
[2022.12.23-15.34.11:736][  0]LogConfig: Setting CVar [[r.SkyLight.RealTimeReflectionCapture:1]]
[2022.12.23-15.34.11:737][  0]LogConfig: Applying CVar settings from Section [FoliageQuality@3] File [C:/Users/danie/Documents/Gamedev VR/game/UE4 game/fpsgame/Saved/Config/Windows/Scalability.ini]
[2022.12.23-15.34.11:737][  0]LogConfig: Setting CVar [[foliage.DensityScale:1.0]]
[2022.12.23-15.34.11:737][  0]LogConfig: Setting CVar [[grass.DensityScale:1.0]]
[2022.12.23-15.34.11:738][  0]LogConfig: Applying CVar settings from Section [ShadingQuality@3] File [C:/Users/danie/Documents/Gamedev VR/game/UE4 game/fpsgame/Saved/Config/Windows/Scalability.ini]
[2022.12.23-15.34.11:738][  0]LogConfig: Setting CVar [[r.HairStrands.SkyLighting.IntegrationType:2]]
[2022.12.23-15.34.11:738][  0]LogConfig: Setting CVar [[r.HairStrands.SkyAO.SampleCount:4]]
[2022.12.23-15.34.11:738][  0]LogConfig: Setting CVar [[r.HairStrands.Visibility.MSAA.SamplePerPixel:4]]
[2022.12.23-15.34.11:739][  0]LogConfig: Applying CVar settings from Section [Startup] File [../../../Engine/Config/ConsoleVariables.ini]
[2022.12.23-15.34.11:739][  0]LogConfig: Setting CVar [[net.UseAdaptiveNetUpdateFrequency:0]]
[2022.12.23-15.34.11:740][  0]LogConfig: Setting CVar [[p.chaos.AllowCreatePhysxBodies:1]]
[2022.12.23-15.34.11:740][  0]LogConfig: Setting CVar [[fx.SkipVectorVMBackendOptimizations:1]]
[2022.12.23-15.34.11:740][  0]LogConfig: Applying CVar settings from Section [ConsoleVariables] File [C:/Users/danie/Documents/Gamedev VR/game/UE4 game/fpsgame/Saved/Config/Windows/Engine.ini]
[2022.12.23-15.34.11:741][  0]LogConfig: Applying CVar settings from Section [ConsoleVariables] File [C:/Users/danie/Documents/Gamedev VR/game/UE4 game/fpsgame/Saved/Config/Windows/Editor.ini]
[2022.12.23-15.34.11:741][  0]LogInit: Computer: DESKTOP-QG36584
[2022.12.23-15.34.11:741][  0]LogInit: User: danie
[2022.12.23-15.34.11:741][  0]LogInit: CPU Page size=4096, Cores=6
[2022.12.23-15.34.11:741][  0]LogInit: High frequency timer resolution =10.000000 MHz
[2022.12.23-15.34.11:742][  0]LogMemory: Memory total: Physical=16.0GB (16GB approx)
[2022.12.23-15.34.11:742][  0]LogMemory: Platform Memory Stats for Windows
[2022.12.23-15.34.11:742][  0]LogMemory: Process Physical Memory: 142.16 MB used, 142.16 MB peak
[2022.12.23-15.34.11:742][  0]LogMemory: Process Virtual Memory: 119.45 MB used, 119.45 MB peak
[2022.12.23-15.34.11:743][  0]LogMemory: Physical Memory: 10365.06 MB used,  5969.71 MB free, 16334.77 MB total
[2022.12.23-15.34.11:743][  0]LogMemory: Virtual Memory: 134208992.00 MB used,  8736.29 MB free, 134217728.00 MB total
[2022.12.23-15.34.11:746][  0]LogWindows: WindowsPlatformFeatures disabled or dedicated server build
[2022.12.23-15.34.11:755][  0]LogInit: Physics initialised using underlying interface: PhysX
[2022.12.23-15.34.11:756][  0]LogInit: Using OS detected language (en-US).
[2022.12.23-15.34.11:756][  0]LogInit: Using OS detected locale (en-GB).
[2022.12.23-15.34.11:759][  0]LogTextLocalizationManager: No specific localization for 'en-US' exists, so the 'en' localization will be used.
[2022.12.23-15.34.12:161][  0]LogTargetPlatformManager: Display: Loaded TargetPlatform 'WindowsNoEditor'
[2022.12.23-15.34.12:164][  0]LogTargetPlatformManager: Display: Loaded TargetPlatform 'Windows'
[2022.12.23-15.34.12:167][  0]LogTargetPlatformManager: Display: Loaded TargetPlatform 'WindowsClient'
[2022.12.23-15.34.12:170][  0]LogTargetPlatformManager: Display: Loaded TargetPlatform 'WindowsServer'
[2022.12.23-15.34.12:170][  0]LogTargetPlatformManager: Display: Building Assets For Windows
[2022.12.23-15.34.12:173][  0]LogAudioDebug: Display: Lib vorbis DLL was dynamically loaded.
[2022.12.23-15.34.12:187][  0]LogTextureFormatOodle: Display: Oodle Texture 2.9.0 init RDO Off
[2022.12.23-15.34.12:199][  0]LogRendererCore: Ray tracing is disabled. Reason: r.RayTracing=0.
[2022.12.23-15.34.12:199][  0]LogShaderCompilers: Guid format shader working directory is -26 characters bigger than the processId version (../../../../../../Users/danie/Documents/Gamedev VR/game/UE4 game/fpsgame/Intermediate/Shaders/WorkingDirectory/7412/).
[2022.12.23-15.34.12:200][  0]LogShaderCompilers: Cleaned the shader compiler working directory 'C:/Users/danie/AppData/Local/Temp/UnrealShaderWorkingDir/D1E795D74ED31C9E20649498E99171DB/'.
[2022.12.23-15.34.12:200][  0]LogXGEController: Cannot use XGE Controller as Incredibuild is not installed on this machine.
[2022.12.23-15.34.12:200][  0]LogShaderCompilers: Cannot use XGE Shader Compiler as Incredibuild is not installed on this machine.
[2022.12.23-15.34.12:200][  0]LogShaderCompilers: Display: Using Local Shader Compiler.
[2022.12.23-15.34.12:636][  0]LogDerivedDataCache: Display: Max Cache Size: 512 MB
[2022.12.23-15.34.12:686][  0]LogDerivedDataCache: Loaded boot cache 0.05s 94MB C:/Users/danie/AppData/Local/UnrealEngine/4.27/DerivedDataCache/Boot.ddc.
[2022.12.23-15.34.12:686][  0]LogDerivedDataCache: Display: Loaded Boot cache: C:/Users/danie/AppData/Local/UnrealEngine/4.27/DerivedDataCache/Boot.ddc
[2022.12.23-15.34.12:687][  0]LogDerivedDataCache: FDerivedDataBackendGraph:  Pak pak cache file ../../../../../../Users/danie/Documents/Gamedev VR/game/UE4 game/fpsgame/DerivedDataCache/DDC.ddp not found, will not use a pak cache.
[2022.12.23-15.34.12:687][  0]LogDerivedDataCache: Unable to find inner node Pak for hierarchical cache Hierarchy.
[2022.12.23-15.34.12:687][  0]LogDerivedDataCache: FDerivedDataBackendGraph:  CompressedPak pak cache file ../../../../../../Users/danie/Documents/Gamedev VR/game/UE4 game/fpsgame/DerivedDataCache/Compressed.ddp not found, will not use a pak cache.
[2022.12.23-15.34.12:688][  0]LogDerivedDataCache: Unable to find inner node CompressedPak for hierarchical cache Hierarchy.
[2022.12.23-15.34.12:705][  0]LogDerivedDataCache: Display: Pak cache opened for reading ../../../Engine/DerivedDataCache/Compressed.ddp.
[2022.12.23-15.34.12:705][  0]LogDerivedDataCache: FDerivedDataBackendGraph:  EnterprisePak pak cache file ../../../Enterprise/DerivedDataCache/Compressed.ddp not found, will not use a pak cache.
[2022.12.23-15.34.12:705][  0]LogDerivedDataCache: Unable to find inner node EnterprisePak for hierarchical cache Hierarchy.
[2022.12.23-15.34.12:715][  0]LogDerivedDataCache: Speed tests for C:/Users/danie/AppData/Local/UnrealEngine/Common/DerivedDataCache took 0.01 seconds
[2022.12.23-15.34.12:715][  0]LogDerivedDataCache: Display: Performance to C:/Users/danie/AppData/Local/UnrealEngine/Common/DerivedDataCache: Latency=0.03ms. RandomReadSpeed=380.93MBs, RandomWriteSpeed=172.37MBs. Assigned SpeedClass 'Local'
[2022.12.23-15.34.12:716][  0]LogDerivedDataCache: Using Local data cache path C:/Users/danie/AppData/Local/UnrealEngine/Common/DerivedDataCache: Writable
[2022.12.23-15.34.12:716][  0]LogDerivedDataCache: Shared data cache path not found in *engine.ini, will not use an Shared cache.
[2022.12.23-15.34.12:716][  0]LogDerivedDataCache: Unable to find inner node Shared for hierarchical cache Hierarchy.
[2022.12.23-15.34.12:717][  0]LogInit: Using OS detected language (en-US).
[2022.12.23-15.34.12:717][  0]LogInit: Using OS detected locale (en-GB).
[2022.12.23-15.34.12:718][  0]LogTextLocalizationManager: No localization for 'en-US' exists, so 'en' will be used for the language.
[2022.12.23-15.34.12:718][  0]LogTextLocalizationManager: No localization for 'en-GB' exists, so 'en' will be used for the locale.
[2022.12.23-15.34.12:721][  0]LogTextLocalizationManager: Compacting localization data took   0.01ms
[2022.12.23-15.34.12:721][  0]LogAssetRegistry: FAssetRegistry took 0.0019 seconds to start up
[2022.12.23-15.34.12:867][  0]LogPackageLocalizationCache: Processed 27 localized package path(s) for 1 prioritized culture(s) in 0.001039 seconds
[2022.12.23-15.34.12:946][  0]LogInit: Selected Device Profile: [Windows]
[2022.12.23-15.34.12:946][  0]LogInit: Active device profile: [00000165C3F60500][00000165C356F880 49] Windows
[2022.12.23-15.34.12:947][  0]LogInit: Profiles: [00000165C3F60500][00000165C356F880 49] Windows, [00000165C3F37600][00000165C357DB40 49] WindowsNoEditor, [00000165C3F34100][00000165C3572240 49] WindowsServer, [00000165C3F63000][00000165C35804C0 49] WindowsClient, [00000165C3F60200][00000165C3588780 49] IOS, [00000165C3F4BD00][00000165C358CA40 49] iPadAir, [00000165C3F63A00][00000165C3590D00 49] iPadAir2, [00000165C3EE4200][00000165C35AB240 49] IPadPro, [00000165C3EDFF00][00000165C3595280 49] iPadAir3, [00000165C3F35000][00000165C35A3540 49] iPadAir4, [00000165C3EDC500][00000165C359F800 49] iPadMini2, [00000165C3F34200][00000165C35A7AC0 49] iPadMini3, [00000165C3EDD200][00000165C35B4200 49] iPadMini4, [00000165C3F37800][00000165C3584480 49] iPadMini5, [00000165C3F49600][00000165C35CC980 49] iPhone6, [00000165C3F49700][00000165C35B89C0 49] iPodTouch6, [00000165C3EDE100][00000165C35D4F00 49] iPhone7, [00000165C3EDE200][00000165C35C4F40 49] iPodTouch7, [00000165C3F4A600][00000165C35C9200 49] iPhone5S, [00000165C3EDF100][00000165C35C14C0 49] iPhone6Plus, [00000165C3F4BB00][00000165C35D1780 49] iPhone6S, [00000165C3EDEB00][00000165C35D9A40 49] iPhone6SPlus, [00000165C3F48A00][00000165C35DC180 49] iPhone7Plus, [00000165C3EDEF00][00000165C35E0440 49] iPhoneSE, [00000165C3F49000][00000165C35BC6C0 49] iPhone8, [00000165C3EDFC00][00000165C35E4940 49] iPhone8Plus, [00000165C3F4B200][00000165C35ECC00 49] iPhoneX, [00000165C3EDEC00][00000165C35F0EC0 49] iPhoneXS, [00000165C3F4AB00][00000165C35F5180 49] iPhoneXSMax, [00000165C3EDE900][00000165C35F9440 49] iPhoneXR, [00000165C3F4AF00][00000165C35FD700 49] iPhone11, [00000165C3EDCA00][00000165C36019C0 49] iPhone11Pro, [00000165C3F4BE00][00000165C3604100 49] iPhone11ProMax, [00000165C3EDD400][00000165C36083C0 49] iPhoneSE2, [00000165C3F4BF00][00000165C360C680 49] iPhone12Mini, [00000165C3EDFD00][00000165C35E8900 49] iPhone12, [00000165C3F49200][00000165C3610B80 49] iPhone12Pro, [00000165C3EDF500][00000165C3618E40 49] iPhone12ProMax, [00000165C3F48200][00000165C361D100 49] iPadPro105, [00000165C3EDDA00][00000165C36213C0 49] iPadPro129, [00000165C3F48D00][00000165C3625680 49] iPadPro97, [00000165C3EDC900][00000165C3629940 49] iPadPro2_129, [00000165C3F49A00][00000165C362DC00 49] iPad5, [00000165C3EDDC00][00000165C2F22340 49] iPad6, [00000165C3F4B900][00000165C2F26600 49] iPad7, [00000165C3EDE600][00000165C2F2A8C0 49] iPad8, [00000165C3F4B000][00000165C3614B40 49] iPadPro11, [00000165C3EDD500][00000165C2F2EDC0 49] iPadPro2_11, [00000165C3F4A100][00000165C2F37080 49] iPadPro3_129, [00000165C3EDDD00][00000165C2F3B340 49] iPadPro4_129, [00000165C3F4A400][00000165C2F3F600 49] AppleTV, [00000165C3EDEE00][00000165C2F438C0 49] AppleTV4K, [00000165C3F48500][00000165C2F47B80 49] TVOS, [00000165C3EDFA00][00000165C2F4A2C0 49] Mac, [00000165C3F4A900][00000165C2F4E580 49] MacClient, [00000165C3EDD700][00000165C2F52840 49] MacNoEditor, [00000165C3F49100][00000165C2F56B00 49] MacServer, [00000165C3EDFB00][00000165C2F32D80 49] Linux, [00000165C3F48600][00000165C2F5B000 49] LinuxAArch64, [00000165C3EDC400][00000165C2F632C0 49] LinuxNoEditor, [00000165C3F4A200][00000165C2F67580 49] LinuxAArch64NoEditor, [00000165C3F60100][00000165C2F6B840 49] LinuxClient, [00000165C3EE4700][00000165C2F6FB00 49] LinuxAArch64Client, [00000165C3F61900][00000165C2F72240 49] LinuxServer, [00000165C3EE4A00][00000165C2F76500 49] LinuxAArch64Server, [00000165C3F62D00][00000165C2F7A7C0 49] Android, [00000165C3EE5400][00000165C2F7EA80 49] Android_Low, [00000165C3F61100][00000165C2F82D40 49] Android_Mid, [00000165C3EE4E00][00000165C2F5EFC0 49] Android_High, [00000165C3F60800][00000165C2F87240 49] Android_Default, [00000165C3EE6600][00000165C2F8F500 49] Android_Adreno4xx, [00000165C3F61400][00000165C2F937C0 49] Android_Adreno5xx_Low, [00000165C3EE6400][00000165C2F97A80 49] Android_Adreno5xx, [00000165C3F60700][00000165C2F9A1C0 49] Android_Adreno6xx, [00000165C3EE6C00][00000165C2F9E480 49] Android_Adreno6xx_Vulkan, [00000165C3F63B00][00000165C2FA2740 49] Android_Mali_T6xx, [00000165C3EE4500][00000165C2FA6A00 49] Android_Mali_T7xx, [00000165C3F60300][00000165C2FAACC0 49] Android_Mali_T8xx, [00000165C3EE7000][00000165C2FAEF80 49] Android_Mali_G71, [00000165C3F62900][00000165C2F8B200 49] Android_Mali_G72, [00000165C3EE6500][00000165C2FB74C0 49] Android_Mali_G72_Vulkan, [00000165C3F61B00][00000165C2FBB780 49] Android_Mali_G76, [00000165C3EE7100][00000165C2FBFA40 49] Android_Mali_G76_Vulkan, [00000165C3F61E00][00000165C2FC2180 49] Android_Mali_G77, [00000165C3EE7B00][00000165C2FC6440 49] Android_Mali_G77_Vulkan, [00000165C3F63C00][00000165C2FCA700 49] Android_Mali_G78, [00000165C3EE7F00][00000165C2FCE9C0 49] Android_Mali_G78_Vulkan, [00000165C3F62400][00000165C2FD2C80 49] Android_Mali_G710, [00000165C3EE5300][00000165C2FD6F40 49] Android_Mali_G710_Vulkan, [00000165C3F63100][00000165C2FB31C0 49] Android_Vulkan_SM5, [00000165C3EDE400][00000165C2FDB440 49] Android_PowerVR_G6xxx, [00000165C3F61D00][00000165C2FE3700 49] Android_PowerVR_GT7xxx, [00000165C3EDC100][00000165C2FE79C0 49] Android_PowerVR_GE8xxx, [00000165C3F63200][00000165C2FEA100 49] Android_PowerVR_GM9xxx, [00000165C3EDC300][00000165C2FEE3C0 49] Android_PowerVR_GM9xxx_Vulkan, [00000165C3F63300][00000165C2FF2680 49] Android_TegraK1, [00000165C3EDD600][00000165C2FF6940 49] Android_Unknown_Vulkan, [00000165C3F62000][00000165C2FFAC00 49] Lumin, [00000165C3EDCB00][00000165C2FFEEC0 49] Lumin_Desktop, [00000165C3F60D00][00000165C3003180 49] HoloLens, 
[2022.12.23-15.34.12:966][  0]LogMeshReduction: Using QuadricMeshReduction for automatic static mesh reduction
[2022.12.23-15.34.12:966][  0]LogMeshReduction: Using SimplygonMeshReduction for automatic skeletal mesh reduction
[2022.12.23-15.34.12:967][  0]LogMeshReduction: Using ProxyLODMeshReduction for automatic mesh merging
[2022.12.23-15.34.12:968][  0]LogMeshReduction: No distributed automatic mesh merging module available
[2022.12.23-15.34.12:968][  0]LogMeshMerging: No distributed automatic mesh merging module available
[2022.12.23-15.34.12:978][  0]LogNetVersion: fpsgame 1.0.0, NetCL: 17155196, EngineNetVer: 17, GameNetVer: 0 (Checksum: 3215450660)
[2022.12.23-15.34.13:067][  0]LogTexture: Default maximum texture size for cubemaps generated from long-lat sources has been changed from 512 to unlimited. In order to preserve old behaiour for '/Engine/MapTemplates/Sky/DaylightAmbientCubemap.DaylightAmbientCubemap', its maximum texture size has been explicitly set to 512.
[2022.12.23-15.34.13:084][  0]LogHMD: PokeAHoleMaterial loaded successfully
[2022.12.23-15.34.13:148][  0]LogPython: Using Python 3.7.7
[2022.12.23-15.34.13:533][  0]LogNiagaraDebuggerClient: Niagara Debugger Client Initialized | Session: 006DB25D47B7980289F762BC118B8770 | Instance: F194108D41FB2CD8EAC058AF75662782 (DESKTOP-QG36584-7412).
[2022.12.23-15.34.13:546][  0]LogCollectionManager: Loaded 0 collections in 0.001706 seconds
[2022.12.23-15.34.13:549][  0]LogFileCache: Scanning file cache for directory 'C:/Users/danie/Documents/Gamedev VR/game/UE4 game/fpsgame/Saved/Collections/' took 0.00s
[2022.12.23-15.34.13:549][  0]LogFileCache: Scanning file cache for directory 'C:/Users/danie/Documents/Gamedev VR/game/UE4 game/fpsgame/Content/Developers/danie/Collections/' took 0.00s
[2022.12.23-15.34.13:549][  0]LogFileCache: Scanning file cache for directory 'C:/Users/danie/Documents/Gamedev VR/game/UE4 game/fpsgame/Content/Collections/' took 0.00s
[2022.12.23-15.34.13:549][  0]LogCollectionManager: Fixed up redirectors for 0 collections in 0.000002 seconds (updated 0 objects)
[2022.12.23-15.34.13:615][  0]LogTcpMessaging: Initializing TcpMessaging bridge
[2022.12.23-15.34.13:617][  0]LogUdpMessaging: Initializing bridge on interface 0.0.0.0:0 to multicast group 230.0.0.1:6666.
[2022.12.23-15.34.13:669][  0]SourceControl: Source control is disabled
[2022.12.23-15.34.13:670][  0]SourceControl: Source control is disabled
[2022.12.23-15.34.13:671][  0]SourceControl: Source control is disabled
[2022.12.23-15.34.13:674][  0]LogUProjectInfo: Found projects:
[2022.12.23-15.34.13:709][  0]LogOpenImageDenoise: OIDN starting up
[2022.12.23-15.34.13:726][  0]LogAndroidPermission: UAndroidPermissionCallbackProxy::GetInstance
[2022.12.23-15.34.13:734][  0]LogAudioCaptureCore: Display: No Audio Capture implementations found. Audio input will be silent.
[2022.12.23-15.34.13:735][  0]LogAudioCaptureCore: Display: No Audio Capture implementations found. Audio input will be silent.
[2022.12.23-15.34.13:787][  0]LogOcInput: OculusInput pre-init called
[2022.12.23-15.34.13:797][  0]LogUObjectArray: 22050 objects as part of root set at end of initial load.
[2022.12.23-15.34.13:797][  0]LogUObjectAllocator: 5966448 out of 0 bytes used by permanent object pool.
[2022.12.23-15.34.13:797][  0]LogUObjectArray: CloseDisregardForGC: 0/0 objects in disregard for GC pool
[2022.12.23-15.34.13:829][  0]LogClass: Display: StructProperty FRewindDataStruct::SnapshotPosition is not initialized properly. Module:fpsgame File:RewindComponent.h
[2022.12.23-15.34.13:829][  0]LogClass: Display: StructProperty FRewindDataStruct::SnapshotRotation is not initialized properly. Module:fpsgame File:RewindComponent.h
[2022.12.23-15.34.13:829][  0]LogClass: Display: StructProperty FRewindDataStruct::SnapshotScale is not initialized properly. Module:fpsgame File:RewindComponent.h
[2022.12.23-15.34.13:830][  0]LogClass: Display: BoolProperty FWeaponRecoil::bHasRecoil is not initialized properly. Module:fpsgame File:WeaponActor.h
[2022.12.23-15.34.13:830][  0]LogClass: Display: BoolProperty FWeaponRecoil::bUsesControlRotationForHipfireRecoil is not initialized properly. Module:fpsgame File:WeaponActor.h
[2022.12.23-15.34.13:830][  0]LogClass: Warning: ObjectProperty FWeaponRecoil::RecoilVectorCurve is not initialized properly. Module:fpsgame File:WeaponActor.h
[2022.12.23-15.34.13:831][  0]LogClass: Display: FloatProperty FWeaponRecoil::RecoveryTime is not initialized properly. Module:fpsgame File:WeaponActor.h
[2022.12.23-15.34.13:831][  0]LogClass: Display: FloatProperty FWeaponStats::MaxRange is not initialized properly. Module:fpsgame File:WeaponActor.h
[2022.12.23-15.34.13:831][  0]LogClass: Display: FloatProperty FWeaponStats::FireRate is not initialized properly. Module:fpsgame File:WeaponActor.h
[2022.12.23-15.34.13:831][  0]LogClass: Display: IntProperty FWeaponStats::CartridgeBullets is not initialized properly. Module:fpsgame File:WeaponActor.h
[2022.12.23-15.34.13:831][  0]LogClass: Display: IntProperty FWeaponStats::BurstNumber is not initialized properly. Module:fpsgame File:WeaponActor.h
[2022.12.23-15.34.13:832][  0]LogClass: Display: FloatProperty FWeaponStats::BurstFireRate is not initialized properly. Module:fpsgame File:WeaponActor.h
[2022.12.23-15.34.13:832][  0]LogClass: Display: IntProperty FWeaponStats::MaxMagSize is not initialized properly. Module:fpsgame File:WeaponActor.h
[2022.12.23-15.34.13:832][  0]LogClass: Display: IntProperty FWeaponStats::MagAmmo is not initialized properly. Module:fpsgame File:WeaponActor.h
[2022.12.23-15.34.13:832][  0]LogClass: Display: FloatProperty FWeaponStats::BaseDamageTorso is not initialized properly. Module:fpsgame File:WeaponActor.h
[2022.12.23-15.34.13:833][  0]LogClass: Display: FloatProperty FWeaponStats::BaseDamageHead is not initialized properly. Module:fpsgame File:WeaponActor.h
[2022.12.23-15.34.13:833][  0]LogClass: Display: FloatProperty FWeaponStats::BaseDamageLegs is not initialized properly. Module:fpsgame File:WeaponActor.h
[2022.12.23-15.34.13:833][  0]LogClass: Display: FloatProperty FWeaponStats::BaseHipfireSpreadAngleInDegrees is not initialized properly. Module:fpsgame File:WeaponActor.h
[2022.12.23-15.34.13:833][  0]LogClass: Display: FloatProperty FWeaponStats::BaseMovementSpreadMultiplier is not initialized properly. Module:fpsgame File:WeaponActor.h
[2022.12.23-15.34.13:834][  0]LogClass: Display: EnumProperty FWeaponMetaData::GunModel is not initialized properly. Module:fpsgame File:WeaponActor.h
[2022.12.23-15.34.13:834][  0]LogClass: Display: EnumProperty FWeaponMetaData::WAWeaponType is not initialized properly. Module:fpsgame File:WeaponActor.h
[2022.12.23-15.34.13:834][  0]LogClass: Display: EnumProperty FWeaponMetaData::WAWeaponFireType is not initialized properly. Module:fpsgame File:WeaponActor.h
[2022.12.23-15.34.13:834][  0]LogClass: Display: EnumProperty FWeaponMetaData::WAWeaponHitDetectionType is not initialized properly. Module:fpsgame File:WeaponActor.h
[2022.12.23-15.34.13:835][  0]LogClass: Display: EnumProperty FWeaponMetaData::TypeOfEquip is not initialized properly. Module:fpsgame File:WeaponActor.h
[2022.12.23-15.34.13:835][  0]LogClass: Warning: ObjectProperty FWeaponVisualAssets::GunMesh is not initialized properly. Module:fpsgame File:WeaponActor.h
[2022.12.23-15.34.13:835][  0]LogClass: Warning: ObjectProperty FWeaponVisualAssets::TracerEffect is not initialized properly. Module:fpsgame File:WeaponActor.h
[2022.12.23-15.34.13:836][  0]LogClass: Warning: ObjectProperty FWeaponVisualAssets::MuzzleFlash is not initialized properly. Module:fpsgame File:WeaponActor.h
[2022.12.23-15.34.13:836][  0]LogClass: Display: StructProperty FWeaponPositionalDetails::BasePosition is not initialized properly. Module:fpsgame File:WeaponActor.h
[2022.12.23-15.34.13:836][  0]LogClass: Display: StructProperty FWeaponPositionalDetails::BaseRotation is not initialized properly. Module:fpsgame File:WeaponActor.h
[2022.12.23-15.34.13:836][  0]LogClass: Display: StructProperty FWeaponPositionalDetails::BaseScale is not initialized properly. Module:fpsgame File:WeaponActor.h
[2022.12.23-15.34.13:837][  0]LogClass: Display: StructProperty FWeaponPositionalDetails::TPBaseScale is not initialized properly. Module:fpsgame File:WeaponActor.h
[2022.12.23-15.34.13:837][  0]LogClass: Display: StructProperty FWeaponPositionalDetails::TPBaseRotation is not initialized properly. Module:fpsgame File:WeaponActor.h
[2022.12.23-15.34.13:837][  0]LogClass: Display: StructProperty FWeaponPositionalDetails::TPBasePosition is not initialized properly. Module:fpsgame File:WeaponActor.h
[2022.12.23-15.34.13:837][  0]LogClass: Display: StructProperty FWeaponPositionalDetails::MuzzlePosition is not initialized properly. Module:fpsgame File:WeaponActor.h
[2022.12.23-15.34.13:838][  0]LogClass: Display: 34 Uninitialized script struct members found including 4 object properties
[2022.12.23-15.34.13:838][  0]LogAutomationTest: Warning: ObjectProperty FWeaponRecoil::RecoilVectorCurve is not initialized properly. Module:fpsgame File:WeaponActor.h
[2022.12.23-15.34.13:839][  0]LogAutomationTest: Warning: ObjectProperty FWeaponVisualAssets::GunMesh is not initialized properly. Module:fpsgame File:WeaponActor.h
[2022.12.23-15.34.13:839][  0]LogAutomationTest: Warning: ObjectProperty FWeaponVisualAssets::TracerEffect is not initialized properly. Module:fpsgame File:WeaponActor.h
[2022.12.23-15.34.13:839][  0]LogAutomationTest: Warning: ObjectProperty FWeaponVisualAssets::MuzzleFlash is not initialized properly. Module:fpsgame File:WeaponActor.h
[2022.12.23-15.34.13:840][  0]LogEngine: Initializing Engine...
[2022.12.23-15.34.13:841][  0]LogStats: UGameplayTagsManager::InitializeManager -  0.000 s
[2022.12.23-15.34.13:852][  0]LogInit: Initializing FReadOnlyCVARCache
[2022.12.23-15.34.13:853][  0]LogNetVersion: Set ProjectVersion to 1.0.0.0. Version Checksum will be recalculated on next use.
[2022.12.23-15.34.13:855][  0]LogInit: Texture streaming: Disabled
[2022.12.23-15.34.13:882][  0]LogInit: Display: Game Engine Initialized.
[2022.12.23-15.34.13:882][  0]LogNiagaraEditor: GEditor isn't valid! Particle reset commands will not work for Niagara components!
[2022.12.23-15.34.13:924][  0]LogInit: Display: Starting Game.
[2022.12.23-15.34.13:924][  0]LogNet: Browse: /Game/Maps/TestMap?Name=Player
[2022.12.23-15.34.13:924][  0]LogLoad: LoadMap: /Game/Maps/TestMap?Name=Player
[2022.12.23-15.34.13:925][  0]LogWorld: BeginTearingDown for /Temp/Untitled_0
[2022.12.23-15.34.13:927][  0]LogWorld: UWorld::CleanupWorld for Untitled, bSessionEnded=true, bCleanupResources=true
[2022.12.23-15.34.13:934][  0]LogUObjectHash: Compacting FUObjectHashTables data took   0.74ms
[2022.12.23-15.34.14:238][  0]LogAIModule: Creating AISystem for world TestMap
[2022.12.23-15.34.14:239][  0]LogLoad: Game class is 'BP_FPSGameModeDefault_C'
[2022.12.23-15.34.14:239][  0]LogNet: PktLoss set to 0
[2022.12.23-15.34.14:240][  0]LogNet: PktLagMin set to 0
[2022.12.23-15.34.14:240][  0]LogNet: PktLagMax set to 0
[2022.12.23-15.34.14:240][  0]LogNet: PktIncomingLagMin set to 0
[2022.12.23-15.34.14:241][  0]LogNet: PktIncomingLagMax set to 0
[2022.12.23-15.34.14:241][  0]LogNet: PktIncomingLoss set to 0
[2022.12.23-15.34.14:241][  0]LogNet: PktLoss set to 0
[2022.12.23-15.34.14:242][  0]LogNet: PktLagMin set to 0
[2022.12.23-15.34.14:242][  0]LogNet: PktLagMax set to 0
[2022.12.23-15.34.14:242][  0]LogNet: PktIncomingLagMin set to 0
[2022.12.23-15.34.14:242][  0]LogNet: PktIncomingLagMax set to 0
[2022.12.23-15.34.14:243][  0]LogNet: PktIncomingLoss set to 0
[2022.12.23-15.34.14:243][  0]LogNet: PktLoss set to 0
[2022.12.23-15.34.14:243][  0]LogNet: PktLagMin set to 0
[2022.12.23-15.34.14:243][  0]LogNet: PktLagMax set to 0
[2022.12.23-15.34.14:244][  0]LogNet: PktIncomingLagMin set to 0
[2022.12.23-15.34.14:244][  0]LogNet: PktIncomingLagMax set to 0
[2022.12.23-15.34.14:244][  0]LogNet: PktIncomingLoss set to 0
[2022.12.23-15.34.14:245][  0]LogNet: ReplicationDriverClass is null! Not using ReplicationDriver.
[2022.12.23-15.34.14:245][  0]LogNetCore: DDoS detection status: detection enabled: 0 analytics enabled: 0
[2022.12.23-15.34.14:245][  0]LogInit: WinSock: Socket queue. Rx: 131072 (config 131072) Tx: 131072 (config 131072)
[2022.12.23-15.34.14:246][  0]LogNet: Created socket for bind address: 0.0.0.0 on port 17777
[2022.12.23-15.34.14:246][  0]PacketHandlerLog: Loaded PacketHandler component: Engine.EngineHandlerComponentFactory (StatelessConnectHandlerComponent)
[2022.12.23-15.34.14:246][  0]LogNet: GameNetDriver IpNetDriver_0 IpNetDriver listening on port 17777
[2022.12.23-15.34.14:248][  0]LogWorld: Bringing World /Game/Maps/TestMap.TestMap up for play (max tick rate 30) at 2022.12.23-15.34.14
[2022.12.23-15.34.14:249][  0]LogWorld: Bringing up level for play took: 0.002716
[2022.12.23-15.34.14:250][  0]LogGameMode: Display: Match State Changed from EnteringMap to WaitingToStart
[2022.12.23-15.34.14:250][  0]LogGameState: Match State Changed from EnteringMap to WaitingToStart
[2022.12.23-15.34.14:250][  0]LogLoad: Took 0.325272 seconds to LoadMap(/Game/Maps/TestMap)
[2022.12.23-15.34.14:255][  0]LogInit: Display: Engine is initialized. Leaving FEngineLoop::Init()
[2022.12.23-15.34.14:255][  0]LogLoad: (Engine Initialization) Total time: 4.75 seconds
[2022.12.23-15.34.14:255][  0]LogLoad: (Engine Initialization) Total Blueprint compile time: 0.00 seconds
[2022.12.23-15.34.14:423][  4]LogNet: NotifyAcceptingConnection accepted from: 127.0.0.1:65397
[2022.12.23-15.34.14:423][  4]LogHandshake: SendConnectChallenge. Timestamp: 0.166809, Cookie: 017193122162150020163048162132173060255144130248137166183017
[2022.12.23-15.34.14:456][  5]LogNet: NotifyAcceptingConnection accepted from: 127.0.0.1:65397
[2022.12.23-15.34.14:456][  5]LogHandshake: SendChallengeAck. InCookie: 017193122162150020163048162132173060255144130248137166183017
[2022.12.23-15.34.14:457][  5]LogNet: Server accepting post-challenge connection from: 127.0.0.1:65397
[2022.12.23-15.34.14:458][  5]PacketHandlerLog: Loaded PacketHandler component: Engine.EngineHandlerComponentFactory (StatelessConnectHandlerComponent)
[2022.12.23-15.34.14:458][  5]LogNet: NotifyAcceptedConnection: Name: TestMap, TimeStamp: 12/23/22 15:34:14, [UNetConnection] RemoteAddr: 127.0.0.1:65397, Name: IpConnection_0, Driver: GameNetDriver IpNetDriver_0, IsServer: YES, PC: NULL, Owner: NULL, UniqueId: INVALID
[2022.12.23-15.34.14:458][  5]LogNet: AddClientConnection: Added client connection: [UNetConnection] RemoteAddr: 127.0.0.1:65397, Name: IpConnection_0, Driver: GameNetDriver IpNetDriver_0, IsServer: YES, PC: NULL, Owner: NULL, UniqueId: INVALID
[2022.12.23-15.34.14:490][  6]LogNet: NotifyAcceptingChannel Control 0 server World /Game/Maps/TestMap.TestMap: Accepted
[2022.12.23-15.34.14:490][  6]LogNet: Remote platform little endian=1
[2022.12.23-15.34.14:491][  6]LogNet: This platform little endian=1
[2022.12.23-15.34.14:491][  6]LogNetVersion: fpsgame 1.0.0.0, NetCL: 17155196, EngineNetVer: 17, GameNetVer: 0 (Checksum: 1484303137)
[2022.12.23-15.34.14:524][  7]LogNet: Login request: ?PktLagMin=0?PktLagMax=0?PktLoss=0?PktIncomingLagMin=0?PktIncomingLagMax=0?PktIncomingLoss=0?Name=DESKTOP-QG36584-B924B0E24FE60F91A122ECBE2CBE240C userId: NULL:DESKTOP-QG36584-B924B0E24FE60F91A122ECBE2CBE240C platform: NULL
[2022.12.23-15.34.14:557][  8]LogNet: Client netspeed is 100000
[2022.12.23-15.34.14:590][  9]LogNet: Join request: /Engine/Maps/Entry?PktLagMin=0?PktLagMax=0?PktLoss=0?PktIncomingLagMin=0?PktIncomingLagMax=0?PktIncomingLoss=0?Name=DESKTOP-QG36584-B924B0E24FE60F91A122ECBE2CBE240C?SplitscreenCount=1
[2022.12.23-15.34.14:590][  9]LogOnlineSession: Warning: OSS: No game present to join for session (GameSession)
[2022.12.23-15.34.14:592][  9]LogGameMode: Display: Match State Changed from WaitingToStart to InProgress
[2022.12.23-15.34.14:593][  9]LogTemp: Warning: Numebr of rewind components = 1
[2022.12.23-15.34.14:594][  9]LogGameState: Match State Changed from WaitingToStart to InProgress
[2022.12.23-15.34.14:594][  9]LogNet: Join succeeded: DESKTOP-QG36584-B924
[2022.12.23-15.34.14:989][ 21]LogNet: NotifyAcceptingConnection accepted from: 127.0.0.1:65400
[2022.12.23-15.34.14:989][ 21]LogHandshake: SendConnectChallenge. Timestamp: 0.732857, Cookie: 095173092022007114205217038052152009205036247120059026202210
[2022.12.23-15.34.15:022][ 22]LogNet: NotifyAcceptingConnection accepted from: 127.0.0.1:65400
[2022.12.23-15.34.15:022][ 22]LogHandshake: SendChallengeAck. InCookie: 095173092022007114205217038052152009205036247120059026202210
[2022.12.23-15.34.15:022][ 22]LogNet: Server accepting post-challenge connection from: 127.0.0.1:65400
[2022.12.23-15.34.15:023][ 22]PacketHandlerLog: Loaded PacketHandler component: Engine.EngineHandlerComponentFactory (StatelessConnectHandlerComponent)
[2022.12.23-15.34.15:023][ 22]LogNet: NotifyAcceptedConnection: Name: TestMap, TimeStamp: 12/23/22 15:34:15, [UNetConnection] RemoteAddr: 127.0.0.1:65400, Name: IpConnection_1, Driver: GameNetDriver IpNetDriver_0, IsServer: YES, PC: NULL, Owner: NULL, UniqueId: INVALID
[2022.12.23-15.34.15:023][ 22]LogNet: AddClientConnection: Added client connection: [UNetConnection] RemoteAddr: 127.0.0.1:65400, Name: IpConnection_1, Driver: GameNetDriver IpNetDriver_0, IsServer: YES, PC: NULL, Owner: NULL, UniqueId: INVALID
[2022.12.23-15.34.15:024][ 22]LogNet: NotifyAcceptingChannel Control 0 server World /Game/Maps/TestMap.TestMap: Accepted
[2022.12.23-15.34.15:024][ 22]LogNet: Remote platform little endian=1
[2022.12.23-15.34.15:024][ 22]LogNet: This platform little endian=1
[2022.12.23-15.34.15:056][ 23]LogNet: Login request: ?Name=DESKTOP-QG36584-1BB1E5ED4FABE57AAD63608B661E75A3 userId: NULL:DESKTOP-QG36584-1BB1E5ED4FABE57AAD63608B661E75A3 platform: NULL
[2022.12.23-15.34.15:584][ 39]LogNet: Client netspeed is 100000
[2022.12.23-15.34.15:584][ 39]LogNet: Join request: /Engine/Maps/Entry?Name=DESKTOP-QG36584-1BB1E5ED4FABE57AAD63608B661E75A3?SplitscreenCount=1
[2022.12.23-15.34.15:585][ 39]LogOnlineSession: Warning: OSS: No game present to join for session (GameSession)
[2022.12.23-15.34.15:586][ 39]LogTemp: Warning: Numebr of rewind components = 2
[2022.12.23-15.34.15:587][ 39]LogNet: Join succeeded: DESKTOP-QG36584-1BB1
[2022.12.23-15.34.24:719][315]LogTemp: Warning: Reliable pickup call
[2022.12.23-15.34.24:719][315]LogTemp: Warning: diarrhea
[2022.12.23-15.34.24:720][315]LogTemp: Warning: prime
[2022.12.23-15.34.24:720][315]LogTemp: Warning: SERVER: Log no. 0
[2022.12.23-15.34.24:720][315]LogTemp: Warning: Carttridge 12
[2022.12.23-15.34.24:721][315]LogTemp: Warning: spreading
[2022.12.23-15.34.24:721][315]LogTemp: Warning: SpreadLength = 12
[2022.12.23-15.34.24:722][315]LogTemp: Warning: TP attach
[2022.12.23-15.34.24:722][315]LogTemp: Warning: Switch primary rpc call
[2022.12.23-15.34.24:723][315]LogTemp: Warning: prime
[2022.12.23-15.34.24:723][315]LogTemp: Warning: SERVER: Log no. 1
[2022.12.23-15.34.24:723][315]LogTemp: Warning: Carttridge 12
[2022.12.23-15.34.24:723][315]LogTemp: Warning: spreading
[2022.12.23-15.34.24:724][315]LogTemp: Warning: SpreadLength = 12
[2022.12.23-15.34.24:724][315]LogTemp: Warning: TP attach
[2022.12.23-15.34.25:514][339]LogTemp: Warning: Weapon name: None
[2022.12.23-15.34.25:515][339]LogTemp: Warning: Blocking
[2022.12.23-15.34.25:515][339]LogTemp: Warning: Blocking
[2022.12.23-15.34.25:515][339]LogTemp: Warning: miss
[2022.12.23-15.34.25:516][339]LogTemp: Warning: Blocking
[2022.12.23-15.34.25:516][339]LogTemp: Warning: Blocking
[2022.12.23-15.34.25:517][339]LogTemp: Warning: Blocking
[2022.12.23-15.34.25:517][339]LogTemp: Warning: Blocking
[2022.12.23-15.34.25:517][339]LogTemp: Warning: Blocking
[2022.12.23-15.34.25:518][339]LogTemp: Warning: Blocking
[2022.12.23-15.34.25:518][339]LogTemp: Warning: Blocking
[2022.12.23-15.34.25:518][339]LogTemp: Warning: Blocking
[2022.12.23-15.34.25:519][339]LogTemp: Warning: Blocking
[2022.12.23-15.34.25:519][339]LogTemp: Warning: Carttridge 12
[2022.12.23-15.34.25:519][339]LogTemp: Warning: spreading
[2022.12.23-15.34.25:519][339]LogTemp: Warning: SpreadLength = 12
[2022.12.23-15.34.25:520][339]LogTemp: Warning: Continuing
[2022.12.23-15.34.25:520][339]LogTemp: Warning: Continuing
[2022.12.23-15.34.25:521][339]LogTemp: Warning: Continuing
[2022.12.23-15.34.25:521][339]LogTemp: Warning: Continuing
[2022.12.23-15.34.25:521][339]LogTemp: Warning: Continuing
[2022.12.23-15.34.25:522][339]LogTemp: Warning: Continuing
[2022.12.23-15.34.25:522][339]LogTemp: Warning: Continuing
[2022.12.23-15.34.25:522][339]LogTemp: Warning: Continuing
[2022.12.23-15.34.25:523][339]LogTemp: Warning: Continuing
[2022.12.23-15.34.25:523][339]LogTemp: Warning: Continuing
[2022.12.23-15.34.25:523][339]LogTemp: Warning: start, -20.418091
[2022.12.23-15.34.25:524][339]LogTemp: Warning: bIsFiring = true
[2022.12.23-15.34.25:547][340]LogTemp: Warning: bIsFiring = true
[2022.12.23-15.34.25:580][341]LogTemp: Warning: bIsFiring = false
[2022.12.23-15.34.25:613][342]LogTemp: Warning: bIsFiring = false
[2022.12.23-15.34.25:646][343]LogTemp: Warning: bIsFiring = false
[2022.12.23-15.34.25:679][344]LogTemp: Warning: bIsFiring = false
[2022.12.23-15.34.25:712][345]LogTemp: Warning: bIsFiring = false
[2022.12.23-15.34.25:745][346]LogTemp: Warning: bIsFiring = false
[2022.12.23-15.34.25:778][347]LogTemp: Warning: bIsFiring = false
[2022.12.23-15.34.25:811][348]LogTemp: Warning: bIsFiring = false
[2022.12.23-15.34.25:844][349]LogTemp: Warning: bIsFiring = false
[2022.12.23-15.34.25:877][350]LogTemp: Warning: bIsFiring = false
[2022.12.23-15.34.25:911][351]LogTemp: Warning: bIsFiring = false
[2022.12.23-15.34.25:945][352]LogTemp: Warning: bIsFiring = false
[2022.12.23-15.34.25:978][353]LogTemp: Warning: bIsFiring = false
[2022.12.23-15.34.26:011][354]LogTemp: Warning: bIsFiring = false
[2022.12.23-15.34.26:044][355]LogTemp: Warning: bIsFiring = false
[2022.12.23-15.34.26:077][356]LogTemp: Warning: bIsFiring = false
[2022.12.23-15.34.26:110][357]LogTemp: Warning: bIsFiring = false
[2022.12.23-15.34.26:143][358]LogTemp: Warning: bIsFiring = false
[2022.12.23-15.34.26:176][359]LogTemp: Warning: bIsFiring = false
[2022.12.23-15.34.26:209][360]LogTemp: Warning: bIsFiring = false
[2022.12.23-15.34.26:243][361]LogTemp: Warning: bIsFiring = false
[2022.12.23-15.34.26:276][362]LogTemp: Warning: bIsFiring = false
[2022.12.23-15.34.26:309][363]LogTemp: Warning: bIsFiring = false
[2022.12.23-15.34.26:342][364]LogTemp: Warning: bIsFiring = false
[2022.12.23-15.34.26:376][365]LogTemp: Warning: bIsFiring = false
[2022.12.23-15.34.26:409][366]LogTemp: Warning: bIsFiring = false
[2022.12.23-15.34.26:443][367]LogTemp: Warning: bIsFiring = false
[2022.12.23-15.34.26:477][368]LogTemp: Warning: bIsFiring = false
[2022.12.23-15.34.26:511][369]LogTemp: Warning: bIsFiring = false
[2022.12.23-15.34.26:544][370]LogTemp: Warning: bIsFiring = false
[2022.12.23-15.34.26:577][371]LogTemp: Warning: bIsFiring = false
[2022.12.23-15.34.26:610][372]LogTemp: Warning: bIsFiring = false
[2022.12.23-15.34.26:643][373]LogTemp: Warning: bIsFiring = false
[2022.12.23-15.34.26:676][374]LogTemp: Warning: bIsFiring = false
[2022.12.23-15.34.26:709][375]LogTemp: Warning: bIsFiring = false
[2022.12.23-15.34.26:742][376]LogTemp: Warning: bIsFiring = false
[2022.12.23-15.34.26:775][377]LogTemp: Warning: bIsFiring = false
[2022.12.23-15.34.26:808][378]LogTemp: Warning: Weapon name: None
[2022.12.23-15.34.26:808][378]LogTemp: Warning: miss
[2022.12.23-15.34.26:809][378]LogTemp: Warning: Blocking
[2022.12.23-15.34.26:809][378]LogTemp: Warning: Blocking
[2022.12.23-15.34.26:810][378]LogTemp: Warning: Blocking
[2022.12.23-15.34.26:810][378]LogTemp: Warning: miss
[2022.12.23-15.34.26:810][378]LogTemp: Warning: Blocking
[2022.12.23-15.34.26:811][378]LogTemp: Warning: miss
[2022.12.23-15.34.26:811][378]LogTemp: Warning: miss
[2022.12.23-15.34.26:811][378]LogTemp: Warning: Blocking
[2022.12.23-15.34.26:812][378]LogTemp: Warning: miss
[2022.12.23-15.34.26:812][378]LogTemp: Warning: Blocking
[2022.12.23-15.34.26:812][378]LogTemp: Warning: miss
[2022.12.23-15.34.26:813][378]LogTemp: Warning: Carttridge 12
[2022.12.23-15.34.26:813][378]LogTemp: Warning: spreading
[2022.12.23-15.34.26:813][378]LogTemp: Warning: SpreadLength = 12
[2022.12.23-15.34.26:814][378]LogTemp: Warning: Continuing
[2022.12.23-15.34.26:814][378]LogTemp: Warning: Continuing
[2022.12.23-15.34.26:814][378]LogTemp: Warning: Continuing
[2022.12.23-15.34.26:815][378]LogTemp: Warning: Continuing
[2022.12.23-15.34.26:815][378]LogTemp: Warning: Continuing
[2022.12.23-15.34.26:816][378]LogTemp: Warning: bIsFiring = true
[2022.12.23-15.34.26:841][379]LogTemp: Warning: bIsFiring = true
[2022.12.23-15.34.26:874][380]LogTemp: Warning: bIsFiring = true
[2022.12.23-15.34.26:908][381]LogTemp: Warning: bIsFiring = false
[2022.12.23-15.34.26:942][382]LogTemp: Warning: bIsFiring = false
[2022.12.23-15.34.26:976][383]LogTemp: Warning: bIsFiring = false
[2022.12.23-15.34.27:009][384]LogTemp: Warning: bIsFiring = false
[2022.12.23-15.34.27:042][385]LogTemp: Warning: bIsFiring = false
[2022.12.23-15.34.27:075][386]LogTemp: Warning: bIsFiring = false
[2022.12.23-15.34.27:108][387]LogTemp: Warning: bIsFiring = false
[2022.12.23-15.34.27:141][388]LogTemp: Warning: bIsFiring = false
[2022.12.23-15.34.27:174][389]LogTemp: Warning: bIsFiring = false
[2022.12.23-15.34.27:207][390]LogTemp: Warning: bIsFiring = false
[2022.12.23-15.34.27:241][391]LogTemp: Warning: bIsFiring = false
[2022.12.23-15.34.27:275][392]LogTemp: Warning: bIsFiring = false
[2022.12.23-15.34.27:308][393]LogTemp: Warning: bIsFiring = false
[2022.12.23-15.34.27:341][394]LogTemp: Warning: bIsFiring = false
[2022.12.23-15.34.27:374][395]LogTemp: Warning: bIsFiring = false
[2022.12.23-15.34.27:407][396]LogTemp: Warning: bIsFiring = false
[2022.12.23-15.34.27:441][397]LogTemp: Warning: bIsFiring = false
[2022.12.23-15.34.27:474][398]LogTemp: Warning: bIsFiring = false
[2022.12.23-15.34.27:508][399]LogTemp: Warning: bIsFiring = false
[2022.12.23-15.34.27:541][400]LogTemp: Warning: bIsFiring = false
[2022.12.23-15.34.27:574][401]LogTemp: Warning: bIsFiring = false
[2022.12.23-15.34.27:608][402]LogTemp: Warning: bIsFiring = false
[2022.12.23-15.34.27:641][403]LogTemp: Warning: bIsFiring = false
[2022.12.23-15.34.27:674][404]LogTemp: Warning: bIsFiring = false
[2022.12.23-15.34.27:708][405]LogTemp: Warning: bIsFiring = false
[2022.12.23-15.34.27:741][406]LogTemp: Warning: bIsFiring = false
[2022.12.23-15.34.27:774][407]LogTemp: Warning: bIsFiring = false
[2022.12.23-15.34.27:808][408]LogTemp: Warning: bIsFiring = false
[2022.12.23-15.34.27:841][409]LogTemp: Warning: bIsFiring = false
[2022.12.23-15.34.27:874][410]LogTemp: Warning: bIsFiring = false
[2022.12.23-15.34.27:908][411]LogTemp: Warning: bIsFiring = false
[2022.12.23-15.34.27:941][412]LogTemp: Warning: bIsFiring = false
[2022.12.23-15.34.27:975][413]LogTemp: Warning: bIsFiring = false
[2022.12.23-15.34.28:009][414]LogTemp: Warning: bIsFiring = false
[2022.12.23-15.34.28:042][415]LogTemp: Warning: bIsFiring = false
[2022.12.23-15.34.28:075][416]LogTemp: Warning: bIsFiring = false
[2022.12.23-15.34.28:108][417]LogTemp: Warning: bIsFiring = false
[2022.12.23-15.34.28:141][418]LogTemp: Warning: bIsFiring = false
[2022.12.23-15.34.28:174][419]LogTemp: Warning: bIsFiring = false
[2022.12.23-15.34.28:207][420]LogTemp: Warning: bIsFiring = false
[2022.12.23-15.34.28:240][421]LogTemp: Warning: bIsFiring = false
[2022.12.23-15.34.28:274][422]LogTemp: Warning: bIsFiring = false
[2022.12.23-15.34.28:307][423]LogTemp: Warning: bIsFiring = false
[2022.12.23-15.34.28:340][424]LogTemp: Warning: bIsFiring = false
[2022.12.23-15.34.28:373][425]LogTemp: Warning: bIsFiring = false
[2022.12.23-15.34.28:406][426]LogTemp: Warning: bIsFiring = false
[2022.12.23-15.34.28:440][427]LogTemp: Warning: bIsFiring = false
[2022.12.23-15.34.28:474][428]LogTemp: Warning: bIsFiring = false
[2022.12.23-15.34.28:508][429]LogTemp: Warning: bIsFiring = false
[2022.12.23-15.34.28:541][430]LogTemp: Warning: bIsFiring = false
[2022.12.23-15.34.28:575][431]LogTemp: Warning: bIsFiring = false
[2022.12.23-15.34.28:609][432]LogTemp: Warning: bIsFiring = false
[2022.12.23-15.34.28:643][433]LogTemp: Warning: bIsFiring = false
