Log file open, 04/16/23 14:06:23
LogWindows: Failed to load 'aqProf.dll' (GetLastError=126)
LogWindows: File 'aqProf.dll' does not exist
LogWindows: Failed to load 'VtuneApi.dll' (GetLastError=126)
LogWindows: File 'VtuneApi.dll' does not exist
LogWindows: Failed to load 'VtuneApi32e.dll' (GetLastError=126)
LogWindows: File 'VtuneApi32e.dll' does not exist
LogConsoleResponse: Display: Failed to find resolution value strings in scalability ini. Falling back to default.
LogConsoleResponse: Display: Failed to find resolution value strings in scalability ini. Falling back to default.
LogInit: Display: Running engine for game: fpsgame
LogPlatformFile: Not using cached read wrapper
LogTaskGraph: Started task graph with 5 named threads and 17 total threads with 3 sets of task threads.
LogStats: Stats thread started at 0.253919
LogICUInternationalization: ICU TimeZone Detection - Raw Offset: +0:00, Platform Override: ''
LogInit: Display: Loading text-based GConfig....
LogPluginManager: Mounting plugin MeshPainting
LogPluginManager: Mounting plugin XGEController
LogPluginManager: Mounting plugin Paper2D
LogPluginManager: Mounting plugin AISupport
LogPluginManager: Mounting plugin EnvironmentQueryEditor
LogPluginManager: Mounting plugin LiveLink
LogPluginManager: Mounting plugin LightPropagationVolume
LogPluginManager: Mounting plugin CameraShakePreviewer
LogPluginManager: Mounting plugin GameplayCameras
LogPluginManager: Mounting plugin OodleData
LogPluginManager: Mounting plugin OodleNetwork
LogPluginManager: Mounting plugin AnimationSharing
LogPluginManager: Mounting plugin CLionSourceCodeAccess
LogPluginManager: Mounting plugin CodeLiteSourceCodeAccess
LogPluginManager: Mounting plugin GitSourceControl
LogPluginManager: Mounting plugin KDevelopSourceCodeAccess
LogPluginManager: Mounting plugin NullSourceCodeAccess
LogPluginManager: Mounting plugin PerforceSourceControl
LogPluginManager: Mounting plugin PixWinPlugin
LogPluginManager: Mounting plugin PlasticSourceControl
LogPluginManager: Mounting plugin PluginUtils
LogPluginManager: Mounting plugin PropertyAccessNode
LogPluginManager: Mounting plugin RiderSourceCodeAccess
LogPluginManager: Mounting plugin SubversionSourceControl
LogPluginManager: Mounting plugin TextureFormatOodle
LogPluginManager: Mounting plugin UObjectPlugin
LogPluginManager: Mounting plugin VisualStudioCodeSourceCodeAccess
LogPluginManager: Mounting plugin VisualStudioSourceCodeAccess
LogPluginManager: Mounting plugin XCodeSourceCodeAccess
LogPluginManager: Mounting plugin AssetManagerEditor
LogPluginManager: Mounting plugin CryptoKeys
LogPluginManager: Mounting plugin CurveEditorTools
LogPluginManager: Mounting plugin DataValidation
LogPluginManager: Mounting plugin FacialAnimation
LogPluginManager: Mounting plugin GameplayTagsEditor
LogPluginManager: Mounting plugin GeometryMode
LogPluginManager: Mounting plugin MacGraphicsSwitching
LogPluginManager: Mounting plugin MaterialAnalyzer
LogPluginManager: Mounting plugin MobileLauncherProfileWizard
LogPluginManager: Mounting plugin PluginBrowser
LogPluginManager: Mounting plugin SpeedTreeImporter
LogPluginManager: Mounting plugin DatasmithContent
LogPluginManager: Mounting plugin VariantManagerContent
LogPluginManager: Mounting plugin AlembicImporter
LogPluginManager: Mounting plugin AutomationUtils
LogPluginManager: Mounting plugin BackChannel
LogPluginManager: Mounting plugin ChaosCloth
LogPluginManager: Mounting plugin ChaosClothEditor
LogPluginManager: Mounting plugin ChaosEditor
LogPluginManager: Mounting plugin ChaosNiagara
LogPluginManager: Mounting plugin ChaosSolverPlugin
LogPluginManager: Mounting plugin CharacterAI
LogPluginManager: Mounting plugin GeometryCache
LogPluginManager: Mounting plugin GeometryCollectionPlugin
LogPluginManager: Mounting plugin GeometryProcessing
LogPluginManager: Mounting plugin MotoSynth
LogPluginManager: Mounting plugin OpenImageDenoise
LogPluginManager: Mounting plugin PlanarCut
LogPluginManager: Mounting plugin PlatformCrypto
LogPluginManager: Mounting plugin ProxyLODPlugin
LogPluginManager: Mounting plugin PythonScriptPlugin
LogPluginManager: Mounting plugin SkeletalReduction
LogPluginManager: Mounting plugin Niagara
LogPluginManager: Mounting plugin LuminPlatformFeatures
LogPluginManager: Mounting plugin MagicLeap
LogPluginManager: Mounting plugin MagicLeapLightEstimation
LogPluginManager: Mounting plugin MagicLeapMedia
LogPluginManager: Mounting plugin MagicLeapPassableWorld
LogPluginManager: Mounting plugin MLSDK
LogPluginManager: Mounting plugin AndroidMedia
LogPluginManager: Mounting plugin AvfMedia
LogPluginManager: Mounting plugin ImgMedia
LogPluginManager: Mounting plugin MediaCompositing
LogPluginManager: Mounting plugin MediaPlayerEditor
LogPluginManager: Mounting plugin WebMMedia
LogPluginManager: Mounting plugin WmfMedia
LogPluginManager: Mounting plugin TcpMessaging
LogPluginManager: Mounting plugin UdpMessaging
LogPluginManager: Mounting plugin ActorSequence
LogPluginManager: Mounting plugin LevelSequenceEditor
LogPluginManager: Mounting plugin MatineeToLevelSequence
LogPluginManager: Mounting plugin TemplateSequence
LogPluginManager: Mounting plugin OnlineSubsystem
LogPluginManager: Mounting plugin OnlineSubsystemNull
LogPluginManager: Mounting plugin OnlineSubsystemUtils
LogPluginManager: Mounting plugin LauncherChunkInstaller
LogPluginManager: Mounting plugin ActorLayerUtilities
LogPluginManager: Mounting plugin AndroidDeviceProfileSelector
LogPluginManager: Mounting plugin AndroidMoviePlayer
LogPluginManager: Mounting plugin AndroidPermission
LogPluginManager: Mounting plugin AppleImageUtils
LogPluginManager: Mounting plugin AppleMoviePlayer
LogPluginManager: Mounting plugin ArchVisCharacter
LogPluginManager: Mounting plugin AssetTags
LogPluginManager: Mounting plugin AudioCapture
LogPluginManager: Mounting plugin AudioSynesthesia
LogPluginManager: Mounting plugin CableComponent
LogPluginManager: Mounting plugin ChunkDownloader
LogPluginManager: Mounting plugin CustomMeshComponent
LogPluginManager: Mounting plugin EditableMesh
LogPluginManager: Mounting plugin ExampleDeviceProfileSelector
LogPluginManager: Mounting plugin GoogleCloudMessaging
LogPluginManager: Mounting plugin GooglePAD
LogPluginManager: Mounting plugin IOSDeviceProfileSelector
LogPluginManager: Mounting plugin LinuxDeviceProfileSelector
LogPluginManager: Mounting plugin LocationServicesBPLibrary
LogPluginManager: Mounting plugin MobilePatchingUtils
LogPluginManager: Mounting plugin OpenXR
LogPluginManager: Mounting plugin OpenXREyeTracker
LogPluginManager: Mounting plugin OpenXRHandTracking
LogPluginManager: Mounting plugin PhysXVehicles
LogPluginManager: Mounting plugin PostSplashScreen
LogPluginManager: Mounting plugin ProceduralMeshComponent
LogPluginManager: Mounting plugin PropertyAccessEditor
LogPluginManager: Mounting plugin RuntimePhysXCooking
LogPluginManager: Mounting plugin SignificanceManager
LogPluginManager: Mounting plugin SoundFields
LogPluginManager: Mounting plugin Synthesis
LogPluginManager: Mounting plugin WebMMoviePlayer
LogPluginManager: Mounting plugin WindowsMoviePlayer
LogPluginManager: Mounting plugin ScreenshotTools
LogPluginManager: Mounting plugin Takes
LogPluginManager: Mounting plugin ContentBrowserAssetDataSource
LogPluginManager: Mounting plugin ContentBrowserClassDataSource
LogPluginManager: Mounting plugin ContentBrowserFileDataSource
LogPluginManager: Mounting plugin OnlineSubsystemGooglePlay
LogPluginManager: Mounting plugin OnlineSubsystemIOS
LogPluginManager: Mounting plugin OculusVR
LogPluginManager: Mounting plugin SteamVR
PixWinPlugin: PIX capture plugin failed to initialize! Check that the process is launched from PIX.
LogInit: Using libcurl 7.55.1-DEV
LogInit:  - built for x86_64-pc-win32
LogInit:  - supports SSL with OpenSSL/1.1.1
LogInit:  - supports HTTP deflate (compression) using libz 1.2.8
LogInit:  - other features:
LogInit:      CURL_VERSION_SSL
LogInit:      CURL_VERSION_LIBZ
LogInit:      CURL_VERSION_IPV6
LogInit:      CURL_VERSION_ASYNCHDNS
LogInit:      CURL_VERSION_LARGEFILE
LogInit:      CURL_VERSION_IDN
LogInit:  CurlRequestOptions (configurable via config and command line):
LogInit:  - bVerifyPeer = true  - Libcurl will verify peer certificate
LogInit:  - bUseHttpProxy = false  - Libcurl will NOT use HTTP proxy
LogInit:  - bDontReuseConnections = false  - Libcurl will reuse connections
LogInit:  - MaxHostConnections = 16  - Libcurl will limit the number of connections to a host
LogInit:  - LocalHostAddr = Default
LogInit:  - BufferSize = 65536
LogOnline: OSS: Creating online subsystem instance for: NULL
LogInit: WinSock: version 1.1 (2.2), MaxSocks=32767, MaxUdp=65467
LogOnline: OSS: TryLoadSubsystemAndSetDefault: Loaded subsystem for module [NULL]
LogInit: Build: ++UE4+Release-4.27-CL-18319896
LogInit: Engine Version: 4.27.2-18319896+++UE4+Release-4.27
LogInit: Compatible Engine Version: 4.27.0-17155196+++UE4+Release-4.27
LogInit: Net CL: 17155196
LogInit: OS: Windows 10 (Release 2009) (), CPU: AMD Ryzen 5 3600X 6-Core Processor             , GPU: AMD Radeon RX 5700 XT
LogInit: Compiled (64-bit): Nov 30 2021 07:12:08
LogInit: Compiled with Visual C++: 19.24.28315.00
LogInit: Build Configuration: Development
LogInit: Branch Name: ++UE4+Release-4.27
LogInit: Command Line:  /Game/Maps/TestMap -game -PIEVIACONSOLE -Multiprocess -server -log "GameUserSettingsINI=C:/Users/danie/Documents/Gamedev VR/game/UE4 game/fpsgame/Saved/Config/Windows/PIEGameUserSettings0.ini" -MultiprocessSaveConfig -forcepassthrough -messaging -SessionName="Play in Standalone Game" -port=17777 -PktLagMin=0 -PktLagMax=0 -PktLoss=0 -PktIncomingLagMin=0 -PktIncomingLagMax=0 -PktIncomingLoss=0 -windowed
LogInit: Base Directory: C:/Program Files/Epic Games/UE_4.27/Engine/Binaries/Win64/
LogInit: Allocator: TBB
LogInit: Installed Engine Build: 1
LogDevObjectVersion: Number of dev versions registered: 29
LogDevObjectVersion:   Dev-Blueprints (B0D832E4-1F89-4F0D-ACCF-7EB736FD4AA2): 10
LogDevObjectVersion:   Dev-Build (E1C64328-A22C-4D53-A36C-8E866417BD8C): 0
LogDevObjectVersion:   Dev-Core (375EC13C-06E4-48FB-B500-84F0262A717E): 4
LogDevObjectVersion:   Dev-Editor (E4B068ED-F494-42E9-A231-DA0B2E46BB41): 40
LogDevObjectVersion:   Dev-Framework (CFFC743F-43B0-4480-9391-14DF171D2073): 37
LogDevObjectVersion:   Dev-Mobile (B02B49B5-BB20-44E9-A304-32B752E40360): 3
LogDevObjectVersion:   Dev-Networking (A4E4105C-59A1-49B5-A7C5-40C4547EDFEE): 0
LogDevObjectVersion:   Dev-Online (39C831C9-5AE6-47DC-9A44-9C173E1C8E7C): 0
LogDevObjectVersion:   Dev-Physics (78F01B33-EBEA-4F98-B9B4-84EACCB95AA2): 14
LogDevObjectVersion:   Dev-Platform (6631380F-2D4D-43E0-8009-CF276956A95A): 0
LogDevObjectVersion:   Dev-Rendering (12F88B9F-8875-4AFC-A67C-D90C383ABD29): 45
LogDevObjectVersion:   Dev-Sequencer (7B5AE74C-D270-4C10-A958-57980B212A5A): 13
LogDevObjectVersion:   Dev-VR (D7296918-1DD6-4BDD-9DE2-64A83CC13884): 3
LogDevObjectVersion:   Dev-LoadTimes (C2A15278-BFE7-4AFE-6C17-90FF531DF755): 1
LogDevObjectVersion:   Private-Geometry (6EACA3D4-40EC-4CC1-B786-8BED09428FC5): 3
LogDevObjectVersion:   Dev-AnimPhys (29E575DD-E0A3-4627-9D10-D276232CDCEA): 17
LogDevObjectVersion:   Dev-Anim (AF43A65D-7FD3-4947-9873-3E8ED9C1BB05): 15
LogDevObjectVersion:   Dev-ReflectionCapture (6B266CEC-1EC7-4B8F-A30B-E4D90942FC07): 1
LogDevObjectVersion:   Dev-Automation (0DF73D61-A23F-47EA-B727-89E90C41499A): 1
LogDevObjectVersion:   FortniteMain (601D1886-AC64-4F84-AA16-D3DE0DEAC7D6): 47
LogDevObjectVersion:   FortniteRelease (E7086368-6B23-4C58-8439-1B7016265E91): 1
LogDevObjectVersion:   Dev-Enterprise (9DFFBCD6-494F-0158-E221-12823C92A888): 10
LogDevObjectVersion:   Dev-Niagara (F2AED0AC-9AFE-416F-8664-AA7FFA26D6FC): 1
LogDevObjectVersion:   Dev-Destruction (174F1F0B-B4C6-45A5-B13F-2EE8D0FB917D): 10
LogDevObjectVersion:   Dev-Physics-Ext (35F94A83-E258-406C-A318-09F59610247C): 41
LogDevObjectVersion:   Dev-PhysicsMaterial-Chaos (B68FC16E-8B1B-42E2-B453-215C058844FE): 1
LogDevObjectVersion:   Dev-CineCamera (B2E18506-4273-CFC2-A54E-F4BB758BBA07): 1
LogDevObjectVersion:   Dev-VirtualProduction (64F58936-FD1B-42BA-BA96-7289D5D0FA4E): 1
LogDevObjectVersion:   Dev-MediaFramework (6F0ED827-A609-4895-9C91-998D90180EA4): 2
LogInit: Presizing for max 25165824 objects, including 0 objects not considered by GC, pre-allocating 0 bytes for permanent pool.
LogConfig: Applying CVar settings from Section [/Script/Engine.StreamingSettings] File [C:/Users/danie/Documents/Gamedev VR/game/UE4 game/fpsgame/Saved/Config/Windows/Engine.ini]
LogConfig: Setting CVar [[s.MinBulkDataSizeForAsyncLoading:131072]]
LogConfig: Setting CVar [[s.AsyncLoadingThreadEnabled:0]]
LogConfig: Setting CVar [[s.EventDrivenLoaderEnabled:1]]
LogConfig: Setting CVar [[s.WarnIfTimeLimitExceeded:0]]
LogConfig: Setting CVar [[s.TimeLimitExceededMultiplier:1.5]]
LogConfig: Setting CVar [[s.TimeLimitExceededMinTime:0.005]]
LogConfig: Setting CVar [[s.UseBackgroundLevelStreaming:1]]
LogConfig: Setting CVar [[s.PriorityAsyncLoadingExtraTime:15.0]]
LogConfig: Setting CVar [[s.LevelStreamingActorsUpdateTimeLimit:5.0]]
LogConfig: Setting CVar [[s.PriorityLevelStreamingActorsUpdateExtraTime:5.0]]
LogConfig: Setting CVar [[s.LevelStreamingComponentsRegistrationGranularity:10]]
LogConfig: Setting CVar [[s.UnregisterComponentsTimeLimit:1.0]]
LogConfig: Setting CVar [[s.LevelStreamingComponentsUnregistrationGranularity:5]]
LogConfig: Setting CVar [[s.FlushStreamingOnExit:1]]
LogInit: Object subsystem initialized
LogConfig: Setting CVar [[con.DebugEarlyDefault:1]]
LogConfig: Setting CVar [[r.setres:1280x720]]
[2023.04.16-13.06.24:425][  0]LogConfig: Setting CVar [[con.DebugEarlyDefault:1]]
[2023.04.16-13.06.24:425][  0]LogConfig: Setting CVar [[r.setres:1280x720]]
[2023.04.16-13.06.24:425][  0]LogConfig: Applying CVar settings from Section [/Script/Engine.RendererSettings] File [C:/Users/danie/Documents/Gamedev VR/game/UE4 game/fpsgame/Saved/Config/Windows/Engine.ini]
[2023.04.16-13.06.24:425][  0]LogConfig: Setting CVar [[r.GPUCrashDebugging:0]]
[2023.04.16-13.06.24:426][  0]LogConfig: Setting CVar [[r.Mobile.DisableVertexFog:1]]
[2023.04.16-13.06.24:426][  0]LogConfig: Setting CVar [[r.Shadow.CSM.MaxMobileCascades:2]]
[2023.04.16-13.06.24:426][  0]LogConfig: Setting CVar [[r.MobileMSAA:1]]
[2023.04.16-13.06.24:426][  0]LogConfig: Setting CVar [[r.Mobile.AllowDitheredLODTransition:0]]
[2023.04.16-13.06.24:427][  0]LogConfig: Setting CVar [[r.Mobile.AllowSoftwareOcclusion:0]]
[2023.04.16-13.06.24:427][  0]LogConfig: Setting CVar [[r.Mobile.VirtualTextures:0]]
[2023.04.16-13.06.24:427][  0]LogConfig: Setting CVar [[r.DiscardUnusedQuality:0]]
[2023.04.16-13.06.24:428][  0]LogConfig: Setting CVar [[r.AllowOcclusionQueries:1]]
[2023.04.16-13.06.24:428][  0]LogConfig: Setting CVar [[r.MinScreenRadiusForLights:0.030000]]
[2023.04.16-13.06.24:428][  0]LogConfig: Setting CVar [[r.MinScreenRadiusForDepthPrepass:0.030000]]
[2023.04.16-13.06.24:428][  0]LogConfig: Setting CVar [[r.MinScreenRadiusForCSMDepth:0.010000]]
[2023.04.16-13.06.24:429][  0]LogConfig: Setting CVar [[r.PrecomputedVisibilityWarning:0]]
[2023.04.16-13.06.24:431][  0]LogConfig: Setting CVar [[r.TextureStreaming:1]]
[2023.04.16-13.06.24:431][  0]LogConfig: Setting CVar [[Compat.UseDXT5NormalMaps:0]]
[2023.04.16-13.06.24:431][  0]LogConfig: Setting CVar [[r.VirtualTextures:0]]
[2023.04.16-13.06.24:432][  0]LogConfig: Setting CVar [[r.VT.EnableAutoImport:1]]
[2023.04.16-13.06.24:432][  0]LogConfig: Setting CVar [[r.VirtualTexturedLightmaps:0]]
[2023.04.16-13.06.24:432][  0]LogConfig: Setting CVar [[r.VT.TileSize:128]]
[2023.04.16-13.06.24:433][  0]LogConfig: Setting CVar [[r.VT.TileBorderSize:4]]
[2023.04.16-13.06.24:433][  0]LogConfig: Setting CVar [[r.vt.FeedbackFactor:16]]
[2023.04.16-13.06.24:433][  0]LogConfig: Setting CVar [[r.VT.EnableCompressZlib:1]]
[2023.04.16-13.06.24:433][  0]LogConfig: Setting CVar [[r.VT.EnableCompressCrunch:0]]
[2023.04.16-13.06.24:434][  0]LogConfig: Setting CVar [[r.ClearCoatNormal:0]]
[2023.04.16-13.06.24:434][  0]LogConfig: Setting CVar [[r.ReflectionCaptureResolution:128]]
[2023.04.16-13.06.24:434][  0]LogConfig: Setting CVar [[r.Mobile.ReflectionCaptureCompression:0]]
[2023.04.16-13.06.24:435][  0]LogConfig: Setting CVar [[r.ReflectionEnvironmentLightmapMixBasedOnRoughness:1]]
[2023.04.16-13.06.24:435][  0]LogConfig: Setting CVar [[r.ForwardShading:0]]
[2023.04.16-13.06.24:435][  0]LogConfig: Setting CVar [[r.VertexFoggingForOpaque:1]]
[2023.04.16-13.06.24:435][  0]LogConfig: Setting CVar [[r.AllowStaticLighting:1]]
[2023.04.16-13.06.24:436][  0]LogConfig: Setting CVar [[r.NormalMapsForStaticLighting:0]]
[2023.04.16-13.06.24:436][  0]LogConfig: Setting CVar [[r.GenerateMeshDistanceFields:0]]
[2023.04.16-13.06.24:436][  0]LogConfig: Setting CVar [[r.DistanceFieldBuild.EightBit:0]]
[2023.04.16-13.06.24:436][  0]LogConfig: Setting CVar [[r.GenerateLandscapeGIData:0]]
[2023.04.16-13.06.24:437][  0]LogConfig: Setting CVar [[r.DistanceFieldBuild.Compress:0]]
[2023.04.16-13.06.24:437][  0]LogConfig: Setting CVar [[r.TessellationAdaptivePixelsPerTriangle:48.000000]]
[2023.04.16-13.06.24:437][  0]LogConfig: Setting CVar [[r.SeparateTranslucency:1]]
[2023.04.16-13.06.24:437][  0]LogConfig: Setting CVar [[r.TranslucentSortPolicy:0]]
[2023.04.16-13.06.24:438][  0]LogConfig: Setting CVar [[vr.VRS.HMDFixedFoveationLevel:0]]
[2023.04.16-13.06.24:438][  0]LogConfig: Setting CVar [[r.CustomDepth:1]]
[2023.04.16-13.06.24:438][  0]LogConfig: Setting CVar [[r.CustomDepthTemporalAAJitter:1]]
[2023.04.16-13.06.24:438][  0]LogConfig: Setting CVar [[r.PostProcessing.PropagateAlpha:0]]
[2023.04.16-13.06.24:439][  0]LogConfig: Setting CVar [[r.DefaultFeature.Bloom:1]]
[2023.04.16-13.06.24:439][  0]LogConfig: Setting CVar [[r.DefaultFeature.AmbientOcclusion:1]]
[2023.04.16-13.06.24:439][  0]LogConfig: Setting CVar [[r.DefaultFeature.AmbientOcclusionStaticFraction:1]]
[2023.04.16-13.06.24:439][  0]LogConfig: Setting CVar [[r.DefaultFeature.AutoExposure:0]]
[2023.04.16-13.06.24:440][  0]LogConfig: Setting CVar [[r.DefaultFeature.AutoExposure.Method:0]]
[2023.04.16-13.06.24:440][  0]LogConfig: Setting CVar [[r.DefaultFeature.AutoExposure.Bias:1.000000]]
[2023.04.16-13.06.24:440][  0]LogConfig: Setting CVar [[r.DefaultFeature.AutoExposure.ExtendDefaultLuminanceRange:0]]
[2023.04.16-13.06.24:440][  0]LogConfig: Setting CVar [[r.UsePreExposure:1]]
[2023.04.16-13.06.24:441][  0]LogConfig: Setting CVar [[r.EyeAdaptation.EditorOnly:0]]
[2023.04.16-13.06.24:441][  0]LogConfig: Setting CVar [[r.DefaultFeature.MotionBlur:0]]
[2023.04.16-13.06.24:441][  0]LogConfig: Setting CVar [[r.DefaultFeature.LensFlare:0]]
[2023.04.16-13.06.24:441][  0]LogConfig: Setting CVar [[r.TemporalAA.Upsampling:0]]
[2023.04.16-13.06.24:442][  0]LogConfig: Setting CVar [[r.SSGI.Enable:0]]
[2023.04.16-13.06.24:442][  0]LogConfig: Setting CVar [[r.DefaultFeature.AntiAliasing:0]]
[2023.04.16-13.06.24:442][  0]LogConfig: Setting CVar [[r.DefaultFeature.LightUnits:1]]
[2023.04.16-13.06.24:442][  0]LogConfig: Setting CVar [[r.DefaultBackBufferPixelFormat:4]]
[2023.04.16-13.06.24:443][  0]LogConfig: Setting CVar [[r.Shadow.UnbuiltPreviewInGame:1]]
[2023.04.16-13.06.24:443][  0]LogConfig: Setting CVar [[r.StencilForLODDither:0]]
[2023.04.16-13.06.24:443][  0]LogConfig: Setting CVar [[r.EarlyZPass:3]]
[2023.04.16-13.06.24:444][  0]LogConfig: Setting CVar [[r.EarlyZPassOnlyMaterialMasking:0]]
[2023.04.16-13.06.24:444][  0]LogConfig: Setting CVar [[r.DBuffer:1]]
[2023.04.16-13.06.24:444][  0]LogConfig: Setting CVar [[r.ClearSceneMethod:1]]
[2023.04.16-13.06.24:444][  0]LogConfig: Setting CVar [[r.BasePassOutputsVelocity:0]]
[2023.04.16-13.06.24:445][  0]LogConfig: Setting CVar [[r.VertexDeformationOutputsVelocity:0]]
[2023.04.16-13.06.24:448][  0]LogConfig: Setting CVar [[r.SelectiveBasePassOutputs:0]]
[2023.04.16-13.06.24:448][  0]LogConfig: Setting CVar [[fx.GPUSimulationTextureSizeX:1024]]
[2023.04.16-13.06.24:448][  0]LogConfig: Setting CVar [[fx.GPUSimulationTextureSizeY:1024]]
[2023.04.16-13.06.24:448][  0]LogConfig: Setting CVar [[r.AllowGlobalClipPlane:0]]
[2023.04.16-13.06.24:449][  0]LogConfig: Setting CVar [[r.GBufferFormat:1]]
[2023.04.16-13.06.24:449][  0]LogConfig: Setting CVar [[r.MorphTarget.Mode:1]]
[2023.04.16-13.06.24:449][  0]LogConfig: Setting CVar [[vr.InstancedStereo:0]]
[2023.04.16-13.06.24:450][  0]LogConfig: Setting CVar [[r.MobileHDR:1]]
[2023.04.16-13.06.24:450][  0]LogConfig: Setting CVar [[vr.MobileMultiView:0]]
[2023.04.16-13.06.24:450][  0]LogConfig: Setting CVar [[r.Mobile.UseHWsRGBEncoding:0]]
[2023.04.16-13.06.24:450][  0]LogConfig: Setting CVar [[vr.RoundRobinOcclusion:0]]
[2023.04.16-13.06.24:451][  0]LogConfig: Setting CVar [[vr.ODSCapture:0]]
[2023.04.16-13.06.24:451][  0]LogConfig: Setting CVar [[r.MeshStreaming:0]]
[2023.04.16-13.06.24:451][  0]LogConfig: Setting CVar [[r.WireframeCullThreshold:5.000000]]
[2023.04.16-13.06.24:451][  0]LogConfig: Setting CVar [[r.RayTracing:0]]
[2023.04.16-13.06.24:452][  0]LogConfig: Setting CVar [[r.RayTracing.UseTextureLod:0]]
[2023.04.16-13.06.24:452][  0]LogConfig: Setting CVar [[r.SupportStationarySkylight:1]]
[2023.04.16-13.06.24:452][  0]LogConfig: Setting CVar [[r.SupportLowQualityLightmaps:1]]
[2023.04.16-13.06.24:452][  0]LogConfig: Setting CVar [[r.SupportPointLightWholeSceneShadows:1]]
[2023.04.16-13.06.24:453][  0]LogConfig: Setting CVar [[r.SupportAtmosphericFog:1]]
[2023.04.16-13.06.24:453][  0]LogConfig: Setting CVar [[r.SupportSkyAtmosphere:1]]
[2023.04.16-13.06.24:453][  0]LogConfig: Setting CVar [[r.SupportSkyAtmosphereAffectsHeightFog:0]]
[2023.04.16-13.06.24:454][  0]LogConfig: Setting CVar [[r.SkinCache.CompileShaders:0]]
[2023.04.16-13.06.24:454][  0]LogConfig: Setting CVar [[r.SkinCache.DefaultBehavior:1]]
[2023.04.16-13.06.24:454][  0]LogConfig: Setting CVar [[r.SkinCache.SceneMemoryLimitInMB:128.000000]]
[2023.04.16-13.06.24:455][  0]LogConfig: Setting CVar [[r.Mobile.EnableStaticAndCSMShadowReceivers:1]]
[2023.04.16-13.06.24:455][  0]LogConfig: Setting CVar [[r.Mobile.EnableMovableLightCSMShaderCulling:1]]
[2023.04.16-13.06.24:455][  0]LogConfig: Setting CVar [[r.Mobile.AllowDistanceFieldShadows:1]]
[2023.04.16-13.06.24:455][  0]LogConfig: Setting CVar [[r.Mobile.AllowMovableDirectionalLights:1]]
[2023.04.16-13.06.24:455][  0]LogConfig: Setting CVar [[r.MobileNumDynamicPointLights:4]]
[2023.04.16-13.06.24:456][  0]LogConfig: Setting CVar [[r.MobileDynamicPointLightsUseStaticBranch:1]]
[2023.04.16-13.06.24:456][  0]LogConfig: Setting CVar [[r.Mobile.EnableMovableSpotlights:0]]
[2023.04.16-13.06.24:456][  0]LogConfig: Setting CVar [[r.Mobile.EnableMovableSpotlightsShadow:0]]
[2023.04.16-13.06.24:457][  0]LogConfig: Setting CVar [[r.GPUSkin.Support16BitBoneIndex:0]]
[2023.04.16-13.06.24:457][  0]LogConfig: Setting CVar [[r.GPUSkin.Limit2BoneInfluences:0]]
[2023.04.16-13.06.24:457][  0]LogConfig: Setting CVar [[r.SupportDepthOnlyIndexBuffers:1]]
[2023.04.16-13.06.24:458][  0]LogConfig: Setting CVar [[r.SupportReversedIndexBuffers:1]]
[2023.04.16-13.06.24:458][  0]LogConfig: Setting CVar [[r.LightPropagationVolume:0]]
[2023.04.16-13.06.24:458][  0]LogConfig: Setting CVar [[r.Mobile.AmbientOcclusion:0]]
[2023.04.16-13.06.24:459][  0]LogConfig: Setting CVar [[r.GPUSkin.UnlimitedBoneInfluences:0]]
[2023.04.16-13.06.24:459][  0]LogConfig: Setting CVar [[r.GPUSkin.UnlimitedBoneInfluencesThreshold:8]]
[2023.04.16-13.06.24:459][  0]LogConfig: Setting CVar [[r.Mobile.PlanarReflectionMode:0]]
[2023.04.16-13.06.24:459][  0]LogConfig: Setting CVar [[r.Mobile.SupportsGen4TAA:0]]
[2023.04.16-13.06.24:460][  0]LogConfig: Applying CVar settings from Section [/Script/Engine.RendererOverrideSettings] File [C:/Users/danie/Documents/Gamedev VR/game/UE4 game/fpsgame/Saved/Config/Windows/Engine.ini]
[2023.04.16-13.06.24:460][  0]LogConfig: Applying CVar settings from Section [/Script/Engine.StreamingSettings] File [C:/Users/danie/Documents/Gamedev VR/game/UE4 game/fpsgame/Saved/Config/Windows/Engine.ini]
[2023.04.16-13.06.24:460][  0]LogConfig: Setting CVar [[s.MinBulkDataSizeForAsyncLoading:131072]]
[2023.04.16-13.06.24:460][  0]LogConfig: Setting CVar [[s.AsyncLoadingThreadEnabled:0]]
[2023.04.16-13.06.24:461][  0]LogConfig: Setting CVar [[s.EventDrivenLoaderEnabled:1]]
[2023.04.16-13.06.24:463][  0]LogConfig: Setting CVar [[s.WarnIfTimeLimitExceeded:0]]
[2023.04.16-13.06.24:463][  0]LogConfig: Setting CVar [[s.TimeLimitExceededMultiplier:1.5]]
[2023.04.16-13.06.24:463][  0]LogConfig: Setting CVar [[s.TimeLimitExceededMinTime:0.005]]
[2023.04.16-13.06.24:463][  0]LogConfig: Setting CVar [[s.UseBackgroundLevelStreaming:1]]
[2023.04.16-13.06.24:464][  0]LogConfig: Setting CVar [[s.PriorityAsyncLoadingExtraTime:15.0]]
[2023.04.16-13.06.24:464][  0]LogConfig: Setting CVar [[s.LevelStreamingActorsUpdateTimeLimit:5.0]]
[2023.04.16-13.06.24:464][  0]LogConfig: Setting CVar [[s.PriorityLevelStreamingActorsUpdateExtraTime:5.0]]
[2023.04.16-13.06.24:464][  0]LogConfig: Setting CVar [[s.LevelStreamingComponentsRegistrationGranularity:10]]
[2023.04.16-13.06.24:465][  0]LogConfig: Setting CVar [[s.UnregisterComponentsTimeLimit:1.0]]
[2023.04.16-13.06.24:465][  0]LogConfig: Setting CVar [[s.LevelStreamingComponentsUnregistrationGranularity:5]]
[2023.04.16-13.06.24:465][  0]LogConfig: Setting CVar [[s.FlushStreamingOnExit:1]]
[2023.04.16-13.06.24:465][  0]LogConfig: Applying CVar settings from Section [/Script/Engine.GarbageCollectionSettings] File [C:/Users/danie/Documents/Gamedev VR/game/UE4 game/fpsgame/Saved/Config/Windows/Engine.ini]
[2023.04.16-13.06.24:466][  0]LogConfig: Setting CVar [[gc.MaxObjectsNotConsideredByGC:1]]
[2023.04.16-13.06.24:466][  0]LogConfig: Setting CVar [[gc.SizeOfPermanentObjectPool:0]]
[2023.04.16-13.06.24:466][  0]LogConfig: Setting CVar [[gc.FlushStreamingOnGC:0]]
[2023.04.16-13.06.24:466][  0]LogConfig: Setting CVar [[gc.NumRetriesBeforeForcingGC:10]]
[2023.04.16-13.06.24:467][  0]LogConfig: Setting CVar [[gc.AllowParallelGC:1]]
[2023.04.16-13.06.24:467][  0]LogConfig: Setting CVar [[gc.TimeBetweenPurgingPendingKillObjects:61.1]]
[2023.04.16-13.06.24:467][  0]LogConfig: Setting CVar [[gc.MaxObjectsInEditor:25165824]]
[2023.04.16-13.06.24:468][  0]LogConfig: Setting CVar [[gc.IncrementalBeginDestroyEnabled:1]]
[2023.04.16-13.06.24:468][  0]LogConfig: Setting CVar [[gc.CreateGCClusters:1]]
[2023.04.16-13.06.24:468][  0]LogConfig: Setting CVar [[gc.MinGCClusterSize:5]]
[2023.04.16-13.06.24:468][  0]LogConfig: Setting CVar [[gc.ActorClusteringEnabled:0]]
[2023.04.16-13.06.24:469][  0]LogConfig: Setting CVar [[gc.BlueprintClusteringEnabled:0]]
[2023.04.16-13.06.24:469][  0]LogConfig: Setting CVar [[gc.UseDisregardForGCOnDedicatedServers:0]]
[2023.04.16-13.06.24:469][  0]LogConfig: Setting CVar [[gc.MultithreadedDestructionEnabled:1]]
[2023.04.16-13.06.24:470][  0]LogConfig: Applying CVar settings from Section [/Script/Engine.NetworkSettings] File [C:/Users/danie/Documents/Gamedev VR/game/UE4 game/fpsgame/Saved/Config/Windows/Engine.ini]
[2023.04.16-13.06.24:470][  0]LogConfig: Applying CVar settings from Section [/Script/UnrealEd.CookerSettings] File [C:/Users/danie/Documents/Gamedev VR/game/UE4 game/fpsgame/Saved/Config/Windows/Engine.ini]
[2023.04.16-13.06.24:470][  0]LogConfig: Applying CVar settings from Section [ViewDistanceQuality@3] File [C:/Users/danie/Documents/Gamedev VR/game/UE4 game/fpsgame/Saved/Config/Windows/Scalability.ini]
[2023.04.16-13.06.24:471][  0]LogConfig: Setting CVar [[r.SkeletalMeshLODBias:0]]
[2023.04.16-13.06.24:471][  0]LogConfig: Setting CVar [[r.ViewDistanceScale:1.0]]
[2023.04.16-13.06.24:471][  0]LogConfig: Applying CVar settings from Section [AntiAliasingQuality@3] File [C:/Users/danie/Documents/Gamedev VR/game/UE4 game/fpsgame/Saved/Config/Windows/Scalability.ini]
[2023.04.16-13.06.24:471][  0]LogConfig: Setting CVar [[r.PostProcessAAQuality:4]]
[2023.04.16-13.06.24:472][  0]LogConfig: Applying CVar settings from Section [ShadowQuality@3] File [C:/Users/danie/Documents/Gamedev VR/game/UE4 game/fpsgame/Saved/Config/Windows/Scalability.ini]
[2023.04.16-13.06.24:472][  0]LogConfig: Setting CVar [[r.LightFunctionQuality:1]]
[2023.04.16-13.06.24:472][  0]LogConfig: Setting CVar [[r.ShadowQuality:5]]
[2023.04.16-13.06.24:472][  0]LogConfig: Setting CVar [[r.Shadow.CSM.MaxCascades:10]]
[2023.04.16-13.06.24:473][  0]LogConfig: Setting CVar [[r.Shadow.MaxResolution:2048]]
[2023.04.16-13.06.24:473][  0]LogConfig: Setting CVar [[r.Shadow.MaxCSMResolution:2048]]
[2023.04.16-13.06.24:474][  0]LogConfig: Setting CVar [[r.Shadow.RadiusThreshold:0.01]]
[2023.04.16-13.06.24:474][  0]LogConfig: Setting CVar [[r.Shadow.DistanceScale:1.0]]
[2023.04.16-13.06.24:474][  0]LogConfig: Setting CVar [[r.Shadow.CSM.TransitionScale:1.0]]
[2023.04.16-13.06.24:474][  0]LogConfig: Setting CVar [[r.Shadow.PreShadowResolutionFactor:1.0]]
[2023.04.16-13.06.24:475][  0]LogConfig: Setting CVar [[r.DistanceFieldShadowing:1]]
[2023.04.16-13.06.24:475][  0]LogConfig: Setting CVar [[r.DistanceFieldAO:1]]
[2023.04.16-13.06.24:475][  0]LogConfig: Setting CVar [[r.AOQuality:2]]
[2023.04.16-13.06.24:475][  0]LogConfig: Setting CVar [[r.VolumetricFog:1]]
[2023.04.16-13.06.24:476][  0]LogConfig: Setting CVar [[r.VolumetricFog.GridPixelSize:8]]
[2023.04.16-13.06.24:476][  0]LogConfig: Setting CVar [[r.VolumetricFog.GridSizeZ:128]]
[2023.04.16-13.06.24:476][  0]LogConfig: Setting CVar [[r.VolumetricFog.HistoryMissSupersampleCount:4]]
[2023.04.16-13.06.24:476][  0]LogConfig: Setting CVar [[r.LightMaxDrawDistanceScale:1]]
[2023.04.16-13.06.24:477][  0]LogConfig: Setting CVar [[r.CapsuleShadows:1]]
[2023.04.16-13.06.24:479][  0]LogConfig: Applying CVar settings from Section [PostProcessQuality@3] File [C:/Users/danie/Documents/Gamedev VR/game/UE4 game/fpsgame/Saved/Config/Windows/Scalability.ini]
[2023.04.16-13.06.24:479][  0]LogConfig: Setting CVar [[r.MotionBlurQuality:4]]
[2023.04.16-13.06.24:480][  0]LogConfig: Setting CVar [[r.AmbientOcclusionMipLevelFactor:0.4]]
[2023.04.16-13.06.24:480][  0]LogConfig: Setting CVar [[r.AmbientOcclusionMaxQuality:100]]
[2023.04.16-13.06.24:480][  0]LogConfig: Setting CVar [[r.AmbientOcclusionLevels:-1]]
[2023.04.16-13.06.24:481][  0]LogConfig: Setting CVar [[r.AmbientOcclusionRadiusScale:1.0]]
[2023.04.16-13.06.24:481][  0]LogConfig: Setting CVar [[r.DepthOfFieldQuality:2]]
[2023.04.16-13.06.24:481][  0]LogConfig: Setting CVar [[r.RenderTargetPoolMin:400]]
[2023.04.16-13.06.24:481][  0]LogConfig: Setting CVar [[r.LensFlareQuality:2]]
[2023.04.16-13.06.24:482][  0]LogConfig: Setting CVar [[r.SceneColorFringeQuality:1]]
[2023.04.16-13.06.24:482][  0]LogConfig: Setting CVar [[r.EyeAdaptationQuality:2]]
[2023.04.16-13.06.24:482][  0]LogConfig: Setting CVar [[r.BloomQuality:5]]
[2023.04.16-13.06.24:482][  0]LogConfig: Setting CVar [[r.FastBlurThreshold:100]]
[2023.04.16-13.06.24:483][  0]LogConfig: Setting CVar [[r.Upscale.Quality:3]]
[2023.04.16-13.06.24:483][  0]LogConfig: Setting CVar [[r.Tonemapper.GrainQuantization:1]]
[2023.04.16-13.06.24:483][  0]LogConfig: Setting CVar [[r.LightShaftQuality:1]]
[2023.04.16-13.06.24:484][  0]LogConfig: Setting CVar [[r.Filter.SizeScale:1]]
[2023.04.16-13.06.24:484][  0]LogConfig: Setting CVar [[r.Tonemapper.Quality:5]]
[2023.04.16-13.06.24:484][  0]LogConfig: Setting CVar [[r.DOF.Gather.AccumulatorQuality:1        ; higher gathering accumulator quality]]
[2023.04.16-13.06.24:484][  0]LogConfig: Setting CVar [[r.DOF.Gather.PostfilterMethod:1          ; Median3x3 postfilering method]]
[2023.04.16-13.06.24:485][  0]LogConfig: Setting CVar [[r.DOF.Gather.EnableBokehSettings:0       ; no bokeh simulation when gathering]]
[2023.04.16-13.06.24:485][  0]LogConfig: Setting CVar [[r.DOF.Gather.RingCount:4                 ; medium number of samples when gathering]]
[2023.04.16-13.06.24:485][  0]LogConfig: Setting CVar [[r.DOF.Scatter.ForegroundCompositing:1    ; additive foreground scattering]]
[2023.04.16-13.06.24:485][  0]LogConfig: Setting CVar [[r.DOF.Scatter.BackgroundCompositing:2    ; additive background scattering]]
[2023.04.16-13.06.24:486][  0]LogConfig: Setting CVar [[r.DOF.Scatter.EnableBokehSettings:1      ; bokeh simulation when scattering]]
[2023.04.16-13.06.24:486][  0]LogConfig: Setting CVar [[r.DOF.Scatter.MaxSpriteRatio:0.1         ; only a maximum of 10% of scattered bokeh]]
[2023.04.16-13.06.24:486][  0]LogConfig: Setting CVar [[r.DOF.Recombine.Quality:1                ; cheap slight out of focus]]
[2023.04.16-13.06.24:486][  0]LogConfig: Setting CVar [[r.DOF.Recombine.EnableBokehSettings:0    ; no bokeh simulation on slight out of focus]]
[2023.04.16-13.06.24:487][  0]LogConfig: Setting CVar [[r.DOF.TemporalAAQuality:1                ; more stable temporal accumulation]]
[2023.04.16-13.06.24:487][  0]LogConfig: Setting CVar [[r.DOF.Kernel.MaxForegroundRadius:0.025]]
[2023.04.16-13.06.24:487][  0]LogConfig: Setting CVar [[r.DOF.Kernel.MaxBackgroundRadius:0.025]]
[2023.04.16-13.06.24:487][  0]LogConfig: Applying CVar settings from Section [TextureQuality@3] File [C:/Users/danie/Documents/Gamedev VR/game/UE4 game/fpsgame/Saved/Config/Windows/Scalability.ini]
[2023.04.16-13.06.24:488][  0]LogConfig: Setting CVar [[r.Streaming.MipBias:0]]
[2023.04.16-13.06.24:488][  0]LogConfig: Setting CVar [[r.Streaming.AmortizeCPUToGPUCopy:0]]
[2023.04.16-13.06.24:488][  0]LogConfig: Setting CVar [[r.Streaming.MaxNumTexturesToStreamPerFrame:0]]
[2023.04.16-13.06.24:489][  0]LogConfig: Setting CVar [[r.Streaming.Boost:1]]
[2023.04.16-13.06.24:489][  0]LogConfig: Setting CVar [[r.MaxAnisotropy:8]]
[2023.04.16-13.06.24:489][  0]LogConfig: Setting CVar [[r.VT.MaxAnisotropy:8]]
[2023.04.16-13.06.24:489][  0]LogConfig: Setting CVar [[r.Streaming.LimitPoolSizeToVRAM:0]]
[2023.04.16-13.06.24:490][  0]LogConfig: Setting CVar [[r.Streaming.PoolSize:1000]]
[2023.04.16-13.06.24:490][  0]LogConfig: Setting CVar [[r.Streaming.MaxEffectiveScreenSize:0]]
[2023.04.16-13.06.24:490][  0]LogConfig: Applying CVar settings from Section [EffectsQuality@3] File [C:/Users/danie/Documents/Gamedev VR/game/UE4 game/fpsgame/Saved/Config/Windows/Scalability.ini]
[2023.04.16-13.06.24:490][  0]LogConfig: Setting CVar [[r.TranslucencyLightingVolumeDim:64]]
[2023.04.16-13.06.24:491][  0]LogConfig: Setting CVar [[r.RefractionQuality:2]]
[2023.04.16-13.06.24:491][  0]LogConfig: Setting CVar [[r.SSR.Quality:3]]
[2023.04.16-13.06.24:491][  0]LogConfig: Setting CVar [[r.SSR.HalfResSceneColor:0]]
[2023.04.16-13.06.24:491][  0]LogConfig: Setting CVar [[r.SceneColorFormat:4]]
[2023.04.16-13.06.24:492][  0]LogConfig: Setting CVar [[r.DetailMode:2]]
[2023.04.16-13.06.24:495][  0]LogConfig: Setting CVar [[r.TranslucencyVolumeBlur:1]]
[2023.04.16-13.06.24:496][  0]LogConfig: Setting CVar [[r.MaterialQualityLevel:1 ; High quality]]
[2023.04.16-13.06.24:496][  0]LogConfig: Setting CVar [[r.AnisotropicMaterials:1]]
[2023.04.16-13.06.24:497][  0]LogConfig: Setting CVar [[r.SSS.Scale:1]]
[2023.04.16-13.06.24:497][  0]LogConfig: Setting CVar [[r.SSS.SampleSet:2]]
[2023.04.16-13.06.24:497][  0]LogConfig: Setting CVar [[r.SSS.Quality:1]]
[2023.04.16-13.06.24:498][  0]LogConfig: Setting CVar [[r.SSS.HalfRes:0]]
[2023.04.16-13.06.24:498][  0]LogConfig: Setting CVar [[r.SSGI.Quality:3]]
[2023.04.16-13.06.24:498][  0]LogConfig: Setting CVar [[r.EmitterSpawnRateScale:1.0]]
[2023.04.16-13.06.24:499][  0]LogConfig: Setting CVar [[r.ParticleLightQuality:2]]
[2023.04.16-13.06.24:499][  0]LogConfig: Setting CVar [[r.SkyAtmosphere.AerialPerspectiveLUT.FastApplyOnOpaque:1 ; Always have FastSkyLUT 1 in this case to avoid wrong sky]]
[2023.04.16-13.06.24:499][  0]LogConfig: Setting CVar [[r.SkyAtmosphere.AerialPerspectiveLUT.SampleCountMaxPerSlice:4]]
[2023.04.16-13.06.24:499][  0]LogConfig: Setting CVar [[r.SkyAtmosphere.AerialPerspectiveLUT.DepthResolution:16.0]]
[2023.04.16-13.06.24:500][  0]LogConfig: Setting CVar [[r.SkyAtmosphere.FastSkyLUT:1]]
[2023.04.16-13.06.24:500][  0]LogConfig: Setting CVar [[r.SkyAtmosphere.FastSkyLUT.SampleCountMin:4.0]]
[2023.04.16-13.06.24:500][  0]LogConfig: Setting CVar [[r.SkyAtmosphere.FastSkyLUT.SampleCountMax:128.0]]
[2023.04.16-13.06.24:500][  0]LogConfig: Setting CVar [[r.SkyAtmosphere.SampleCountMin:4.0]]
[2023.04.16-13.06.24:501][  0]LogConfig: Setting CVar [[r.SkyAtmosphere.SampleCountMax:128.0]]
[2023.04.16-13.06.24:501][  0]LogConfig: Setting CVar [[r.SkyAtmosphere.TransmittanceLUT.UseSmallFormat:0]]
[2023.04.16-13.06.24:501][  0]LogConfig: Setting CVar [[r.SkyAtmosphere.TransmittanceLUT.SampleCount:10.0]]
[2023.04.16-13.06.24:502][  0]LogConfig: Setting CVar [[r.SkyAtmosphere.MultiScatteringLUT.SampleCount:15.0]]
[2023.04.16-13.06.24:502][  0]LogConfig: Setting CVar [[r.SkyLight.RealTimeReflectionCapture:1]]
[2023.04.16-13.06.24:502][  0]LogConfig: Applying CVar settings from Section [FoliageQuality@3] File [C:/Users/danie/Documents/Gamedev VR/game/UE4 game/fpsgame/Saved/Config/Windows/Scalability.ini]
[2023.04.16-13.06.24:502][  0]LogConfig: Setting CVar [[foliage.DensityScale:1.0]]
[2023.04.16-13.06.24:503][  0]LogConfig: Setting CVar [[grass.DensityScale:1.0]]
[2023.04.16-13.06.24:503][  0]LogConfig: Applying CVar settings from Section [ShadingQuality@3] File [C:/Users/danie/Documents/Gamedev VR/game/UE4 game/fpsgame/Saved/Config/Windows/Scalability.ini]
[2023.04.16-13.06.24:503][  0]LogConfig: Setting CVar [[r.HairStrands.SkyLighting.IntegrationType:2]]
[2023.04.16-13.06.24:503][  0]LogConfig: Setting CVar [[r.HairStrands.SkyAO.SampleCount:4]]
[2023.04.16-13.06.24:504][  0]LogConfig: Setting CVar [[r.HairStrands.Visibility.MSAA.SamplePerPixel:4]]
[2023.04.16-13.06.24:504][  0]LogInit: Selected Device Profile: [Windows]
[2023.04.16-13.06.24:504][  0]LogInit: Applying CVar settings loaded from the selected device profile: [Windows]
[2023.04.16-13.06.24:505][  0]LogHAL: Display: Platform has ~ 16 GB [17128247296 / 17179869184 / 16], which maps to Larger [LargestMinGB=32, LargerMinGB=12, DefaultMinGB=8, SmallerMinGB=6, SmallestMinGB=0)
[2023.04.16-13.06.24:505][  0]LogInit: Going up to parent DeviceProfile []
[2023.04.16-13.06.24:505][  0]LogConfig: Applying CVar settings from Section [ViewDistanceQuality@3] File [C:/Users/danie/Documents/Gamedev VR/game/UE4 game/fpsgame/Saved/Config/Windows/Scalability.ini]
[2023.04.16-13.06.24:505][  0]LogConfig: Setting CVar [[r.SkeletalMeshLODBias:0]]
[2023.04.16-13.06.24:506][  0]LogConfig: Setting CVar [[r.ViewDistanceScale:1.0]]
[2023.04.16-13.06.24:506][  0]LogConfig: Applying CVar settings from Section [AntiAliasingQuality@3] File [C:/Users/danie/Documents/Gamedev VR/game/UE4 game/fpsgame/Saved/Config/Windows/Scalability.ini]
[2023.04.16-13.06.24:506][  0]LogConfig: Setting CVar [[r.PostProcessAAQuality:4]]
[2023.04.16-13.06.24:506][  0]LogConfig: Applying CVar settings from Section [ShadowQuality@3] File [C:/Users/danie/Documents/Gamedev VR/game/UE4 game/fpsgame/Saved/Config/Windows/Scalability.ini]
[2023.04.16-13.06.24:507][  0]LogConfig: Setting CVar [[r.LightFunctionQuality:1]]
[2023.04.16-13.06.24:509][  0]LogConfig: Setting CVar [[r.ShadowQuality:5]]
[2023.04.16-13.06.24:509][  0]LogConfig: Setting CVar [[r.Shadow.CSM.MaxCascades:10]]
[2023.04.16-13.06.24:510][  0]LogConfig: Setting CVar [[r.Shadow.MaxResolution:2048]]
[2023.04.16-13.06.24:510][  0]LogConfig: Setting CVar [[r.Shadow.MaxCSMResolution:2048]]
[2023.04.16-13.06.24:510][  0]LogConfig: Setting CVar [[r.Shadow.RadiusThreshold:0.01]]
[2023.04.16-13.06.24:511][  0]LogConfig: Setting CVar [[r.Shadow.DistanceScale:1.0]]
[2023.04.16-13.06.24:511][  0]LogConfig: Setting CVar [[r.Shadow.CSM.TransitionScale:1.0]]
[2023.04.16-13.06.24:511][  0]LogConfig: Setting CVar [[r.Shadow.PreShadowResolutionFactor:1.0]]
[2023.04.16-13.06.24:511][  0]LogConfig: Setting CVar [[r.DistanceFieldShadowing:1]]
[2023.04.16-13.06.24:512][  0]LogConfig: Setting CVar [[r.DistanceFieldAO:1]]
[2023.04.16-13.06.24:512][  0]LogConfig: Setting CVar [[r.AOQuality:2]]
[2023.04.16-13.06.24:512][  0]LogConfig: Setting CVar [[r.VolumetricFog:1]]
[2023.04.16-13.06.24:512][  0]LogConfig: Setting CVar [[r.VolumetricFog.GridPixelSize:8]]
[2023.04.16-13.06.24:513][  0]LogConfig: Setting CVar [[r.VolumetricFog.GridSizeZ:128]]
[2023.04.16-13.06.24:513][  0]LogConfig: Setting CVar [[r.VolumetricFog.HistoryMissSupersampleCount:4]]
[2023.04.16-13.06.24:513][  0]LogConfig: Setting CVar [[r.LightMaxDrawDistanceScale:1]]
[2023.04.16-13.06.24:514][  0]LogConfig: Setting CVar [[r.CapsuleShadows:1]]
[2023.04.16-13.06.24:514][  0]LogConfig: Applying CVar settings from Section [PostProcessQuality@3] File [C:/Users/danie/Documents/Gamedev VR/game/UE4 game/fpsgame/Saved/Config/Windows/Scalability.ini]
[2023.04.16-13.06.24:514][  0]LogConfig: Setting CVar [[r.MotionBlurQuality:4]]
[2023.04.16-13.06.24:514][  0]LogConfig: Setting CVar [[r.AmbientOcclusionMipLevelFactor:0.4]]
[2023.04.16-13.06.24:515][  0]LogConfig: Setting CVar [[r.AmbientOcclusionMaxQuality:100]]
[2023.04.16-13.06.24:515][  0]LogConfig: Setting CVar [[r.AmbientOcclusionLevels:-1]]
[2023.04.16-13.06.24:515][  0]LogConfig: Setting CVar [[r.AmbientOcclusionRadiusScale:1.0]]
[2023.04.16-13.06.24:515][  0]LogConfig: Setting CVar [[r.DepthOfFieldQuality:2]]
[2023.04.16-13.06.24:516][  0]LogConfig: Setting CVar [[r.RenderTargetPoolMin:400]]
[2023.04.16-13.06.24:516][  0]LogConfig: Setting CVar [[r.LensFlareQuality:2]]
[2023.04.16-13.06.24:516][  0]LogConfig: Setting CVar [[r.SceneColorFringeQuality:1]]
[2023.04.16-13.06.24:517][  0]LogConfig: Setting CVar [[r.EyeAdaptationQuality:2]]
[2023.04.16-13.06.24:517][  0]LogConfig: Setting CVar [[r.BloomQuality:5]]
[2023.04.16-13.06.24:517][  0]LogConfig: Setting CVar [[r.FastBlurThreshold:100]]
[2023.04.16-13.06.24:518][  0]LogConfig: Setting CVar [[r.Upscale.Quality:3]]
[2023.04.16-13.06.24:518][  0]LogConfig: Setting CVar [[r.Tonemapper.GrainQuantization:1]]
[2023.04.16-13.06.24:518][  0]LogConfig: Setting CVar [[r.LightShaftQuality:1]]
[2023.04.16-13.06.24:518][  0]LogConfig: Setting CVar [[r.Filter.SizeScale:1]]
[2023.04.16-13.06.24:519][  0]LogConfig: Setting CVar [[r.Tonemapper.Quality:5]]
[2023.04.16-13.06.24:519][  0]LogConfig: Setting CVar [[r.DOF.Gather.AccumulatorQuality:1        ; higher gathering accumulator quality]]
[2023.04.16-13.06.24:519][  0]LogConfig: Setting CVar [[r.DOF.Gather.PostfilterMethod:1          ; Median3x3 postfilering method]]
[2023.04.16-13.06.24:519][  0]LogConfig: Setting CVar [[r.DOF.Gather.EnableBokehSettings:0       ; no bokeh simulation when gathering]]
[2023.04.16-13.06.24:520][  0]LogConfig: Setting CVar [[r.DOF.Gather.RingCount:4                 ; medium number of samples when gathering]]
[2023.04.16-13.06.24:520][  0]LogConfig: Setting CVar [[r.DOF.Scatter.ForegroundCompositing:1    ; additive foreground scattering]]
[2023.04.16-13.06.24:520][  0]LogConfig: Setting CVar [[r.DOF.Scatter.BackgroundCompositing:2    ; additive background scattering]]
[2023.04.16-13.06.24:520][  0]LogConfig: Setting CVar [[r.DOF.Scatter.EnableBokehSettings:1      ; bokeh simulation when scattering]]
[2023.04.16-13.06.24:521][  0]LogConfig: Setting CVar [[r.DOF.Scatter.MaxSpriteRatio:0.1         ; only a maximum of 10% of scattered bokeh]]
[2023.04.16-13.06.24:521][  0]LogConfig: Setting CVar [[r.DOF.Recombine.Quality:1                ; cheap slight out of focus]]
[2023.04.16-13.06.24:521][  0]LogConfig: Setting CVar [[r.DOF.Recombine.EnableBokehSettings:0    ; no bokeh simulation on slight out of focus]]
[2023.04.16-13.06.24:521][  0]LogConfig: Setting CVar [[r.DOF.TemporalAAQuality:1                ; more stable temporal accumulation]]
[2023.04.16-13.06.24:522][  0]LogConfig: Setting CVar [[r.DOF.Kernel.MaxForegroundRadius:0.025]]
[2023.04.16-13.06.24:522][  0]LogConfig: Setting CVar [[r.DOF.Kernel.MaxBackgroundRadius:0.025]]
[2023.04.16-13.06.24:522][  0]LogConfig: Applying CVar settings from Section [TextureQuality@3] File [C:/Users/danie/Documents/Gamedev VR/game/UE4 game/fpsgame/Saved/Config/Windows/Scalability.ini]
[2023.04.16-13.06.24:522][  0]LogConfig: Setting CVar [[r.Streaming.MipBias:0]]
[2023.04.16-13.06.24:523][  0]LogConfig: Setting CVar [[r.Streaming.AmortizeCPUToGPUCopy:0]]
[2023.04.16-13.06.24:525][  0]LogConfig: Setting CVar [[r.Streaming.MaxNumTexturesToStreamPerFrame:0]]
[2023.04.16-13.06.24:526][  0]LogConfig: Setting CVar [[r.Streaming.Boost:1]]
[2023.04.16-13.06.24:526][  0]LogConfig: Setting CVar [[r.MaxAnisotropy:8]]
[2023.04.16-13.06.24:526][  0]LogConfig: Setting CVar [[r.VT.MaxAnisotropy:8]]
[2023.04.16-13.06.24:526][  0]LogConfig: Setting CVar [[r.Streaming.LimitPoolSizeToVRAM:0]]
[2023.04.16-13.06.24:527][  0]LogConfig: Setting CVar [[r.Streaming.PoolSize:1000]]
[2023.04.16-13.06.24:527][  0]LogConfig: Setting CVar [[r.Streaming.MaxEffectiveScreenSize:0]]
[2023.04.16-13.06.24:527][  0]LogConfig: Applying CVar settings from Section [EffectsQuality@3] File [C:/Users/danie/Documents/Gamedev VR/game/UE4 game/fpsgame/Saved/Config/Windows/Scalability.ini]
[2023.04.16-13.06.24:527][  0]LogConfig: Setting CVar [[r.TranslucencyLightingVolumeDim:64]]
[2023.04.16-13.06.24:528][  0]LogConfig: Setting CVar [[r.RefractionQuality:2]]
[2023.04.16-13.06.24:528][  0]LogConfig: Setting CVar [[r.SSR.Quality:3]]
[2023.04.16-13.06.24:528][  0]LogConfig: Setting CVar [[r.SSR.HalfResSceneColor:0]]
[2023.04.16-13.06.24:528][  0]LogConfig: Setting CVar [[r.SceneColorFormat:4]]
[2023.04.16-13.06.24:529][  0]LogConfig: Setting CVar [[r.DetailMode:2]]
[2023.04.16-13.06.24:529][  0]LogConfig: Setting CVar [[r.TranslucencyVolumeBlur:1]]
[2023.04.16-13.06.24:529][  0]LogConfig: Setting CVar [[r.MaterialQualityLevel:1 ; High quality]]
[2023.04.16-13.06.24:530][  0]LogConfig: Setting CVar [[r.AnisotropicMaterials:1]]
[2023.04.16-13.06.24:530][  0]LogConfig: Setting CVar [[r.SSS.Scale:1]]
[2023.04.16-13.06.24:530][  0]LogConfig: Setting CVar [[r.SSS.SampleSet:2]]
[2023.04.16-13.06.24:531][  0]LogConfig: Setting CVar [[r.SSS.Quality:1]]
[2023.04.16-13.06.24:531][  0]LogConfig: Setting CVar [[r.SSS.HalfRes:0]]
[2023.04.16-13.06.24:531][  0]LogConfig: Setting CVar [[r.SSGI.Quality:3]]
[2023.04.16-13.06.24:531][  0]LogConfig: Setting CVar [[r.EmitterSpawnRateScale:1.0]]
[2023.04.16-13.06.24:532][  0]LogConfig: Setting CVar [[r.ParticleLightQuality:2]]
[2023.04.16-13.06.24:532][  0]LogConfig: Setting CVar [[r.SkyAtmosphere.AerialPerspectiveLUT.FastApplyOnOpaque:1 ; Always have FastSkyLUT 1 in this case to avoid wrong sky]]
[2023.04.16-13.06.24:532][  0]LogConfig: Setting CVar [[r.SkyAtmosphere.AerialPerspectiveLUT.SampleCountMaxPerSlice:4]]
[2023.04.16-13.06.24:532][  0]LogConfig: Setting CVar [[r.SkyAtmosphere.AerialPerspectiveLUT.DepthResolution:16.0]]
[2023.04.16-13.06.24:533][  0]LogConfig: Setting CVar [[r.SkyAtmosphere.FastSkyLUT:1]]
[2023.04.16-13.06.24:533][  0]LogConfig: Setting CVar [[r.SkyAtmosphere.FastSkyLUT.SampleCountMin:4.0]]
[2023.04.16-13.06.24:533][  0]LogConfig: Setting CVar [[r.SkyAtmosphere.FastSkyLUT.SampleCountMax:128.0]]
[2023.04.16-13.06.24:534][  0]LogConfig: Setting CVar [[r.SkyAtmosphere.SampleCountMin:4.0]]
[2023.04.16-13.06.24:534][  0]LogConfig: Setting CVar [[r.SkyAtmosphere.SampleCountMax:128.0]]
[2023.04.16-13.06.24:534][  0]LogConfig: Setting CVar [[r.SkyAtmosphere.TransmittanceLUT.UseSmallFormat:0]]
[2023.04.16-13.06.24:534][  0]LogConfig: Setting CVar [[r.SkyAtmosphere.TransmittanceLUT.SampleCount:10.0]]
[2023.04.16-13.06.24:535][  0]LogConfig: Setting CVar [[r.SkyAtmosphere.MultiScatteringLUT.SampleCount:15.0]]
[2023.04.16-13.06.24:535][  0]LogConfig: Setting CVar [[r.SkyLight.RealTimeReflectionCapture:1]]
[2023.04.16-13.06.24:535][  0]LogConfig: Applying CVar settings from Section [FoliageQuality@3] File [C:/Users/danie/Documents/Gamedev VR/game/UE4 game/fpsgame/Saved/Config/Windows/Scalability.ini]
[2023.04.16-13.06.24:536][  0]LogConfig: Setting CVar [[foliage.DensityScale:1.0]]
[2023.04.16-13.06.24:536][  0]LogConfig: Setting CVar [[grass.DensityScale:1.0]]
[2023.04.16-13.06.24:536][  0]LogConfig: Applying CVar settings from Section [ShadingQuality@3] File [C:/Users/danie/Documents/Gamedev VR/game/UE4 game/fpsgame/Saved/Config/Windows/Scalability.ini]
[2023.04.16-13.06.24:536][  0]LogConfig: Setting CVar [[r.HairStrands.SkyLighting.IntegrationType:2]]
[2023.04.16-13.06.24:537][  0]LogConfig: Setting CVar [[r.HairStrands.SkyAO.SampleCount:4]]
[2023.04.16-13.06.24:537][  0]LogConfig: Setting CVar [[r.HairStrands.Visibility.MSAA.SamplePerPixel:4]]
[2023.04.16-13.06.24:537][  0]LogConfig: Applying CVar settings from Section [Startup] File [../../../Engine/Config/ConsoleVariables.ini]
[2023.04.16-13.06.24:538][  0]LogConfig: Setting CVar [[net.UseAdaptiveNetUpdateFrequency:0]]
[2023.04.16-13.06.24:538][  0]LogConfig: Setting CVar [[p.chaos.AllowCreatePhysxBodies:1]]
[2023.04.16-13.06.24:538][  0]LogConfig: Setting CVar [[fx.SkipVectorVMBackendOptimizations:1]]
[2023.04.16-13.06.24:538][  0]LogConfig: Applying CVar settings from Section [ConsoleVariables] File [C:/Users/danie/Documents/Gamedev VR/game/UE4 game/fpsgame/Saved/Config/Windows/Engine.ini]
[2023.04.16-13.06.24:539][  0]LogConfig: Applying CVar settings from Section [ConsoleVariables] File [C:/Users/danie/Documents/Gamedev VR/game/UE4 game/fpsgame/Saved/Config/Windows/Editor.ini]
[2023.04.16-13.06.24:541][  0]LogInit: Computer: DESKTOP-QG36584
[2023.04.16-13.06.24:541][  0]LogInit: User: danie
[2023.04.16-13.06.24:542][  0]LogInit: CPU Page size=4096, Cores=6
[2023.04.16-13.06.24:542][  0]LogInit: High frequency timer resolution =10.000000 MHz
[2023.04.16-13.06.24:542][  0]LogMemory: Memory total: Physical=16.0GB (16GB approx)
[2023.04.16-13.06.24:542][  0]LogMemory: Platform Memory Stats for Windows
[2023.04.16-13.06.24:543][  0]LogMemory: Process Physical Memory: 137.55 MB used, 137.55 MB peak
[2023.04.16-13.06.24:543][  0]LogMemory: Process Virtual Memory: 119.45 MB used, 119.45 MB peak
[2023.04.16-13.06.24:543][  0]LogMemory: Physical Memory: 9470.27 MB used,  6864.50 MB free, 16334.77 MB total
[2023.04.16-13.06.24:544][  0]LogMemory: Virtual Memory: 134213528.00 MB used,  4199.73 MB free, 134217728.00 MB total
[2023.04.16-13.06.24:546][  0]LogWindows: WindowsPlatformFeatures disabled or dedicated server build
[2023.04.16-13.06.24:557][  0]LogInit: Physics initialised using underlying interface: PhysX
[2023.04.16-13.06.24:558][  0]LogInit: Using OS detected language (en-US).
[2023.04.16-13.06.24:558][  0]LogInit: Using OS detected locale (en-GB).
[2023.04.16-13.06.24:561][  0]LogTextLocalizationManager: No specific localization for 'en-US' exists, so the 'en' localization will be used.
[2023.04.16-13.06.24:954][  0]LogTargetPlatformManager: Display: Loaded TargetPlatform 'WindowsNoEditor'
[2023.04.16-13.06.24:957][  0]LogTargetPlatformManager: Display: Loaded TargetPlatform 'Windows'
[2023.04.16-13.06.24:959][  0]LogTargetPlatformManager: Display: Loaded TargetPlatform 'WindowsClient'
[2023.04.16-13.06.24:961][  0]LogTargetPlatformManager: Display: Loaded TargetPlatform 'WindowsServer'
[2023.04.16-13.06.24:962][  0]LogTargetPlatformManager: Display: Building Assets For Windows
[2023.04.16-13.06.24:965][  0]LogAudioDebug: Display: Lib vorbis DLL was dynamically loaded.
[2023.04.16-13.06.24:979][  0]LogTextureFormatOodle: Display: Oodle Texture 2.9.0 init RDO Off
[2023.04.16-13.06.24:991][  0]LogRendererCore: Ray tracing is disabled. Reason: r.RayTracing=0.
[2023.04.16-13.06.24:991][  0]LogShaderCompilers: Guid format shader working directory is -26 characters bigger than the processId version (../../../../../../Users/danie/Documents/Gamedev VR/game/UE4 game/fpsgame/Intermediate/Shaders/WorkingDirectory/5472/).
[2023.04.16-13.06.24:991][  0]LogShaderCompilers: Cleaned the shader compiler working directory 'C:/Users/danie/AppData/Local/Temp/UnrealShaderWorkingDir/7ECAD8904D1784E7EB056FB571A07402/'.
[2023.04.16-13.06.24:993][  0]LogXGEController: Cannot use XGE Controller as Incredibuild is not installed on this machine.
[2023.04.16-13.06.24:993][  0]LogShaderCompilers: Cannot use XGE Shader Compiler as Incredibuild is not installed on this machine.
[2023.04.16-13.06.24:994][  0]LogShaderCompilers: Display: Using Local Shader Compiler.
[2023.04.16-13.06.25:464][  0]LogDerivedDataCache: Display: Max Cache Size: 512 MB
[2023.04.16-13.06.25:512][  0]LogDerivedDataCache: Loaded boot cache 0.05s 94MB C:/Users/danie/AppData/Local/UnrealEngine/4.27/DerivedDataCache/Boot.ddc.
[2023.04.16-13.06.25:512][  0]LogDerivedDataCache: Display: Loaded Boot cache: C:/Users/danie/AppData/Local/UnrealEngine/4.27/DerivedDataCache/Boot.ddc
[2023.04.16-13.06.25:514][  0]LogDerivedDataCache: FDerivedDataBackendGraph:  Pak pak cache file ../../../../../../Users/danie/Documents/Gamedev VR/game/UE4 game/fpsgame/DerivedDataCache/DDC.ddp not found, will not use a pak cache.
[2023.04.16-13.06.25:514][  0]LogDerivedDataCache: Unable to find inner node Pak for hierarchical cache Hierarchy.
[2023.04.16-13.06.25:514][  0]LogDerivedDataCache: FDerivedDataBackendGraph:  CompressedPak pak cache file ../../../../../../Users/danie/Documents/Gamedev VR/game/UE4 game/fpsgame/DerivedDataCache/Compressed.ddp not found, will not use a pak cache.
[2023.04.16-13.06.25:514][  0]LogDerivedDataCache: Unable to find inner node CompressedPak for hierarchical cache Hierarchy.
[2023.04.16-13.06.25:532][  0]LogDerivedDataCache: Display: Pak cache opened for reading ../../../Engine/DerivedDataCache/Compressed.ddp.
[2023.04.16-13.06.25:532][  0]LogDerivedDataCache: FDerivedDataBackendGraph:  EnterprisePak pak cache file ../../../Enterprise/DerivedDataCache/Compressed.ddp not found, will not use a pak cache.
[2023.04.16-13.06.25:532][  0]LogDerivedDataCache: Unable to find inner node EnterprisePak for hierarchical cache Hierarchy.
[2023.04.16-13.06.25:539][  0]LogDerivedDataCache: Speed tests for C:/Users/danie/AppData/Local/UnrealEngine/Common/DerivedDataCache took 0.01 seconds
[2023.04.16-13.06.25:539][  0]LogDerivedDataCache: Display: Performance to C:/Users/danie/AppData/Local/UnrealEngine/Common/DerivedDataCache: Latency=0.03ms. RandomReadSpeed=1358.40MBs, RandomWriteSpeed=190.91MBs. Assigned SpeedClass 'Local'
[2023.04.16-13.06.25:540][  0]LogDerivedDataCache: Using Local data cache path C:/Users/danie/AppData/Local/UnrealEngine/Common/DerivedDataCache: Writable
[2023.04.16-13.06.25:540][  0]LogDerivedDataCache: Shared data cache path not found in *engine.ini, will not use an Shared cache.
[2023.04.16-13.06.25:540][  0]LogDerivedDataCache: Unable to find inner node Shared for hierarchical cache Hierarchy.
[2023.04.16-13.06.25:542][  0]LogInit: Using OS detected language (en-US).
[2023.04.16-13.06.25:542][  0]LogInit: Using OS detected locale (en-GB).
[2023.04.16-13.06.25:542][  0]LogTextLocalizationManager: No localization for 'en-US' exists, so 'en' will be used for the language.
[2023.04.16-13.06.25:544][  0]LogTextLocalizationManager: No localization for 'en-GB' exists, so 'en' will be used for the locale.
[2023.04.16-13.06.25:547][  0]LogTextLocalizationManager: Compacting localization data took   0.00ms
[2023.04.16-13.06.25:547][  0]LogAssetRegistry: FAssetRegistry took 0.0017 seconds to start up
[2023.04.16-13.06.25:698][  0]LogPackageLocalizationCache: Processed 27 localized package path(s) for 1 prioritized culture(s) in 0.001217 seconds
[2023.04.16-13.06.25:778][  0]LogInit: Selected Device Profile: [Windows]
[2023.04.16-13.06.25:778][  0]LogInit: Active device profile: [0000018BDE640500][0000018BDE0CF8C0 49] Windows
[2023.04.16-13.06.25:778][  0]LogInit: Profiles: [0000018BDE640500][0000018BDE0CF8C0 49] Windows, [0000018BDE617600][0000018BDE0DDB80 49] WindowsNoEditor, [0000018BDE614100][0000018BDE0D2280 49] WindowsServer, [0000018BDE643000][0000018BDE0E0500 49] WindowsClient, [0000018BDE640200][0000018BDE0E87C0 49] IOS, [0000018BDE62BD00][0000018BDE0ECA80 49] iPadAir, [0000018BDE643A00][0000018BDE0F0D40 49] iPadAir2, [0000018BDE5C4200][0000018BDE10B280 49] IPadPro, [0000018BDE5BFF00][0000018BDE0F52C0 49] iPadAir3, [0000018BDE615000][0000018BDE103580 49] iPadAir4, [0000018BDE5BC500][0000018BDE0FF840 49] iPadMini2, [0000018BDE614200][0000018BDE107B00 49] iPadMini3, [0000018BDE5BD200][0000018BDE114240 49] iPadMini4, [0000018BDE617800][0000018BDE0E44C0 49] iPadMini5, [0000018BDE629600][0000018BDE12C9C0 49] iPhone6, [0000018BDE629700][0000018BDE118A00 49] iPodTouch6, [0000018BDE5BE100][0000018BDE134F40 49] iPhone7, [0000018BDE5BE200][0000018BDE124F80 49] iPodTouch7, [0000018BDE62A600][0000018BDE129240 49] iPhone5S, [0000018BDE5BF100][0000018BDE121500 49] iPhone6Plus, [0000018BDE62BB00][0000018BDE1317C0 49] iPhone6S, [0000018BDE5BEB00][0000018BDE139A80 49] iPhone6SPlus, [0000018BDE628A00][0000018BDE13C1C0 49] iPhone7Plus, [0000018BDE5BEF00][0000018BDDB82480 49] iPhoneSE, [0000018BDE629000][0000018BDE11C700 49] iPhone8, [0000018BDE5BFC00][0000018BDDB86980 49] iPhone8Plus, [0000018BDE62B200][0000018BDDB8EC40 49] iPhoneX, [0000018BDE5BEC00][0000018BDDB92F00 49] iPhoneXS, [0000018BDE62AB00][0000018BDDB971C0 49] iPhoneXSMax, [0000018BDE5BE900][0000018BDDB9B480 49] iPhoneXR, [0000018BDE62AF00][0000018BDDB9F740 49] iPhone11, [0000018BDE5BCA00][0000018BDDBA3A00 49] iPhone11Pro, [0000018BDE62BE00][0000018BDDBA6140 49] iPhone11ProMax, [0000018BDE5BD400][0000018BDDBAA400 49] iPhoneSE2, [0000018BDE62BF00][0000018BDDBAE6C0 49] iPhone12Mini, [0000018BDE5BFD00][0000018BDDB8A940 49] iPhone12, [0000018BDE629200][0000018BDDBB2BC0 49] iPhone12Pro, [0000018BDE5BF500][0000018BDDBBAE80 49] iPhone12ProMax, [0000018BDE628200][0000018BDDBBF140 49] iPadPro105, [0000018BDE5BDA00][0000018BDDBC3400 49] iPadPro129, [0000018BDE628D00][0000018BDDBC76C0 49] iPadPro97, [0000018BDE5BC900][0000018BDDBCB980 49] iPadPro2_129, [0000018BDE629A00][0000018BDDBCE0C0 49] iPad5, [0000018BDE5BDC00][0000018BDDBD2380 49] iPad6, [0000018BDE62B900][0000018BDDBD6640 49] iPad7, [0000018BDE5BE600][0000018BDDBDA900 49] iPad8, [0000018BDE62B000][0000018BDDBB6B80 49] iPadPro11, [0000018BDE5BD500][0000018BDDBDEE00 49] iPadPro2_11, [0000018BDE62A100][0000018BDDBE70C0 49] iPadPro3_129, [0000018BDE5BDD00][0000018BDDBEB380 49] iPadPro4_129, [0000018BDE62A400][0000018BDDBEF640 49] AppleTV, [0000018BDE5BEE00][0000018BDDBF3900 49] AppleTV4K, [0000018BDE628500][0000018BDDBF7BC0 49] TVOS, [0000018BDE5BFA00][0000018BDDBFA300 49] Mac, [0000018BDE62A900][0000018BDDBFE5C0 49] MacClient, [0000018BDE5BD700][0000018BDDC02880 49] MacNoEditor, [0000018BDE629100][0000018BDDC06B40 49] MacServer, [0000018BDE5BFB00][0000018BDDBE2DC0 49] Linux, [0000018BDE628600][0000018BDDC0B040 49] LinuxAArch64, [0000018BDE5BC400][0000018BDDC13300 49] LinuxNoEditor, [0000018BDE62A200][0000018BDDC175C0 49] LinuxAArch64NoEditor, [0000018BDE640100][0000018BDDC1B880 49] LinuxClient, [0000018BDE5C4700][0000018BDDC1FB40 49] LinuxAArch64Client, [0000018BDE641900][0000018BDDC22280 49] LinuxServer, [0000018BDE5C4A00][0000018BDDC26540 49] LinuxAArch64Server, [0000018BDE642D00][0000018BDDC2A800 49] Android, [0000018BDE5C5400][0000018BDDC2EAC0 49] Android_Low, [0000018BDE641100][0000018BDDC32D80 49] Android_Mid, [0000018BDE5C4E00][0000018BDDC0F000 49] Android_High, [0000018BDE640800][0000018BDDC3B2C0 49] Android_Default, [0000018BDE5C6600][0000018BDDC3F580 49] Android_Adreno4xx, [0000018BDE641400][0000018BDDC43840 49] Android_Adreno5xx_Low, [0000018BDE5C6400][0000018BDDC47B00 49] Android_Adreno5xx, [0000018BDE640700][0000018BDDC4A240 49] Android_Adreno6xx, [0000018BDE5C6C00][0000018BDDC4E500 49] Android_Adreno6xx_Vulkan, [0000018BDE643B00][0000018BDDC527C0 49] Android_Mali_T6xx, [0000018BDE5C4500][0000018BDDC56A80 49] Android_Mali_T7xx, [0000018BDE640300][0000018BDDC5AD40 49] Android_Mali_T8xx, [0000018BDE5C7000][0000018BDDC36FC0 49] Android_Mali_G71, [0000018BDE642900][0000018BDDC5F240 49] Android_Mali_G72, [0000018BDE5C6500][0000018BDDC67500 49] Android_Mali_G72_Vulkan, [0000018BDE641B00][0000018BDDC6B7C0 49] Android_Mali_G76, [0000018BDE5C7100][0000018BDDC6FA80 49] Android_Mali_G76_Vulkan, [0000018BDE641E00][0000018BDDC721C0 49] Android_Mali_G77, [0000018BDE5C7B00][0000018BDDC76480 49] Android_Mali_G77_Vulkan, [0000018BDE643C00][0000018BDDC7A740 49] Android_Mali_G78, [0000018BDE5C7F00][0000018BDDC7EA00 49] Android_Mali_G78_Vulkan, [0000018BDE642400][0000018BDDC82CC0 49] Android_Mali_G710, [0000018BDE5C5300][0000018BDDC86F80 49] Android_Mali_G710_Vulkan, [0000018BDE643100][0000018BDDC63200 49] Android_Vulkan_SM5, [0000018BDE5BE400][0000018BDDC8B480 49] Android_PowerVR_G6xxx, [0000018BDE641D00][0000018BDDC93740 49] Android_PowerVR_GT7xxx, [0000018BDE5BC100][0000018BDDC97A00 49] Android_PowerVR_GE8xxx, [0000018BDE643200][0000018BDDC9A140 49] Android_PowerVR_GM9xxx, [0000018BDE5BC300][0000018BDDC9E400 49] Android_PowerVR_GM9xxx_Vulkan, [0000018BDE643300][0000018BDDCA26C0 49] Android_TegraK1, [0000018BDE5BD600][0000018BDDCA6980 49] Android_Unknown_Vulkan, [0000018BDE642000][0000018BDDCAAC40 49] Lumin, [0000018BDE5BCB00][0000018BDDCAEF00 49] Lumin_Desktop, [0000018BDE640D00][0000018BDDCB31C0 49] HoloLens, 
[2023.04.16-13.06.25:798][  0]LogMeshReduction: Using QuadricMeshReduction for automatic static mesh reduction
[2023.04.16-13.06.25:798][  0]LogMeshReduction: Using SimplygonMeshReduction for automatic skeletal mesh reduction
[2023.04.16-13.06.25:799][  0]LogMeshReduction: Using ProxyLODMeshReduction for automatic mesh merging
[2023.04.16-13.06.25:799][  0]LogMeshReduction: No distributed automatic mesh merging module available
[2023.04.16-13.06.25:799][  0]LogMeshMerging: No distributed automatic mesh merging module available
[2023.04.16-13.06.25:810][  0]LogNetVersion: fpsgame 1.0.0, NetCL: 17155196, EngineNetVer: 17, GameNetVer: 0 (Checksum: 3215450660)
[2023.04.16-13.06.25:897][  0]LogTexture: Default maximum texture size for cubemaps generated from long-lat sources has been changed from 512 to unlimited. In order to preserve old behaiour for '/Engine/MapTemplates/Sky/DaylightAmbientCubemap.DaylightAmbientCubemap', its maximum texture size has been explicitly set to 512.
[2023.04.16-13.06.25:910][  0]LogHMD: PokeAHoleMaterial loaded successfully
[2023.04.16-13.06.25:983][  0]LogPython: Using Python 3.7.7
[2023.04.16-13.06.26:362][  0]LogNiagaraDebuggerClient: Niagara Debugger Client Initialized | Session: 19EFDE304DC0C29CB17A83B02B814364 | Instance: C1D85630478A6EAC6D8BDD8C3080345C (DESKTOP-QG36584-5472).
[2023.04.16-13.06.26:375][  0]LogCollectionManager: Loaded 0 collections in 0.001797 seconds
[2023.04.16-13.06.26:378][  0]LogFileCache: Scanning file cache for directory 'C:/Users/danie/Documents/Gamedev VR/game/UE4 game/fpsgame/Saved/Collections/' took 0.00s
[2023.04.16-13.06.26:378][  0]LogFileCache: Scanning file cache for directory 'C:/Users/danie/Documents/Gamedev VR/game/UE4 game/fpsgame/Content/Developers/danie/Collections/' took 0.00s
[2023.04.16-13.06.26:378][  0]LogFileCache: Scanning file cache for directory 'C:/Users/danie/Documents/Gamedev VR/game/UE4 game/fpsgame/Content/Collections/' took 0.00s
[2023.04.16-13.06.26:379][  0]LogCollectionManager: Fixed up redirectors for 0 collections in 0.000002 seconds (updated 0 objects)
[2023.04.16-13.06.26:445][  0]LogTcpMessaging: Initializing TcpMessaging bridge
[2023.04.16-13.06.26:447][  0]LogUdpMessaging: Initializing bridge on interface 0.0.0.0:0 to multicast group 230.0.0.1:6666.
[2023.04.16-13.06.26:469][  0]LogPython: Warning: 'AttachmentType' and 'EAttachmentType' have the same name (AttachmentType) when exposed to Python. Rename one of them using 'ScriptName' meta-data.
[2023.04.16-13.06.26:503][  0]SourceControl: Source control is disabled
[2023.04.16-13.06.26:504][  0]SourceControl: Source control is disabled
[2023.04.16-13.06.26:505][  0]SourceControl: Source control is disabled
[2023.04.16-13.06.26:507][  0]LogUProjectInfo: Found projects:
[2023.04.16-13.06.26:542][  0]LogOpenImageDenoise: OIDN starting up
[2023.04.16-13.06.26:559][  0]LogAndroidPermission: UAndroidPermissionCallbackProxy::GetInstance
[2023.04.16-13.06.26:571][  0]LogAudioCaptureCore: Display: No Audio Capture implementations found. Audio input will be silent.
[2023.04.16-13.06.26:572][  0]LogAudioCaptureCore: Display: No Audio Capture implementations found. Audio input will be silent.
[2023.04.16-13.06.26:615][  0]LogOcInput: OculusInput pre-init called
[2023.04.16-13.06.26:623][  0]LogUObjectArray: 22096 objects as part of root set at end of initial load.
[2023.04.16-13.06.26:623][  0]LogUObjectAllocator: 5980608 out of 0 bytes used by permanent object pool.
[2023.04.16-13.06.26:623][  0]LogUObjectArray: CloseDisregardForGC: 0/0 objects in disregard for GC pool
[2023.04.16-13.06.26:653][  0]LogClass: Display: StructProperty FRewindDataStruct::SnapshotPosition is not initialized properly. Module:fpsgame File:RewindComponent.h
[2023.04.16-13.06.26:653][  0]LogClass: Display: StructProperty FRewindDataStruct::SnapshotRotation is not initialized properly. Module:fpsgame File:RewindComponent.h
[2023.04.16-13.06.26:654][  0]LogClass: Display: StructProperty FRewindDataStruct::SnapshotScale is not initialized properly. Module:fpsgame File:RewindComponent.h
[2023.04.16-13.06.26:655][  0]LogClass: Display: BoolProperty FWeaponRecoil::bHasRecoil is not initialized properly. Module:fpsgame File:WeaponActor.h
[2023.04.16-13.06.26:655][  0]LogClass: Display: BoolProperty FWeaponRecoil::bUsesControlRotationForHipfireRecoil is not initialized properly. Module:fpsgame File:WeaponActor.h
[2023.04.16-13.06.26:655][  0]LogClass: Warning: ObjectProperty FWeaponRecoil::RecoilVectorCurve is not initialized properly. Module:fpsgame File:WeaponActor.h
[2023.04.16-13.06.26:656][  0]LogClass: Display: FloatProperty FWeaponRecoil::RecoveryTime is not initialized properly. Module:fpsgame File:WeaponActor.h
[2023.04.16-13.06.26:656][  0]LogClass: Display: FloatProperty FWeaponStats::MaxRange is not initialized properly. Module:fpsgame File:WeaponActor.h
[2023.04.16-13.06.26:656][  0]LogClass: Display: FloatProperty FWeaponStats::FireRate is not initialized properly. Module:fpsgame File:WeaponActor.h
[2023.04.16-13.06.26:657][  0]LogClass: Display: IntProperty FWeaponStats::CartridgeBullets is not initialized properly. Module:fpsgame File:WeaponActor.h
[2023.04.16-13.06.26:657][  0]LogClass: Display: IntProperty FWeaponStats::BurstNumber is not initialized properly. Module:fpsgame File:WeaponActor.h
[2023.04.16-13.06.26:657][  0]LogClass: Display: FloatProperty FWeaponStats::BurstFireRate is not initialized properly. Module:fpsgame File:WeaponActor.h
[2023.04.16-13.06.26:658][  0]LogClass: Display: IntProperty FWeaponStats::MaxMagSize is not initialized properly. Module:fpsgame File:WeaponActor.h
[2023.04.16-13.06.26:658][  0]LogClass: Display: FloatProperty FWeaponStats::BaseDamageTorso is not initialized properly. Module:fpsgame File:WeaponActor.h
[2023.04.16-13.06.26:658][  0]LogClass: Display: FloatProperty FWeaponStats::BaseDamageHead is not initialized properly. Module:fpsgame File:WeaponActor.h
[2023.04.16-13.06.26:659][  0]LogClass: Display: FloatProperty FWeaponStats::BaseDamageLegs is not initialized properly. Module:fpsgame File:WeaponActor.h
[2023.04.16-13.06.26:659][  0]LogClass: Display: FloatProperty FWeaponStats::BaseHipfireSpreadAngleInDegrees is not initialized properly. Module:fpsgame File:WeaponActor.h
[2023.04.16-13.06.26:660][  0]LogClass: Display: FloatProperty FWeaponStats::BaseMovementSpreadMultiplier is not initialized properly. Module:fpsgame File:WeaponActor.h
[2023.04.16-13.06.26:660][  0]LogClass: Display: EnumProperty FWeaponMetaData::GunModel is not initialized properly. Module:fpsgame File:WeaponActor.h
[2023.04.16-13.06.26:661][  0]LogClass: Display: EnumProperty FWeaponMetaData::WAWeaponType is not initialized properly. Module:fpsgame File:WeaponActor.h
[2023.04.16-13.06.26:661][  0]LogClass: Display: EnumProperty FWeaponMetaData::WAWeaponFireType is not initialized properly. Module:fpsgame File:WeaponActor.h
[2023.04.16-13.06.26:661][  0]LogClass: Display: EnumProperty FWeaponMetaData::WAWeaponHitDetectionType is not initialized properly. Module:fpsgame File:WeaponActor.h
[2023.04.16-13.06.26:662][  0]LogClass: Display: EnumProperty FWeaponMetaData::TypeOfEquip is not initialized properly. Module:fpsgame File:WeaponActor.h
[2023.04.16-13.06.26:662][  0]LogClass: Warning: ObjectProperty FWeaponVisualAssets::GunMesh is not initialized properly. Module:fpsgame File:WeaponActor.h
[2023.04.16-13.06.26:663][  0]LogClass: Warning: ObjectProperty FWeaponVisualAssets::TracerEffect is not initialized properly. Module:fpsgame File:WeaponActor.h
[2023.04.16-13.06.26:664][  0]LogClass: Warning: ObjectProperty FWeaponVisualAssets::MuzzleFlash is not initialized properly. Module:fpsgame File:WeaponActor.h
[2023.04.16-13.06.26:664][  0]LogClass: Display: StructProperty FWeaponPositionalDetails::BasePosition is not initialized properly. Module:fpsgame File:WeaponActor.h
[2023.04.16-13.06.26:664][  0]LogClass: Display: StructProperty FWeaponPositionalDetails::BaseRotation is not initialized properly. Module:fpsgame File:WeaponActor.h
[2023.04.16-13.06.26:665][  0]LogClass: Display: StructProperty FWeaponPositionalDetails::BaseScale is not initialized properly. Module:fpsgame File:WeaponActor.h
[2023.04.16-13.06.26:665][  0]LogClass: Display: StructProperty FWeaponPositionalDetails::TPBaseScale is not initialized properly. Module:fpsgame File:WeaponActor.h
[2023.04.16-13.06.26:665][  0]LogClass: Display: StructProperty FWeaponPositionalDetails::TPBaseRotation is not initialized properly. Module:fpsgame File:WeaponActor.h
[2023.04.16-13.06.26:666][  0]LogClass: Display: StructProperty FWeaponPositionalDetails::TPBasePosition is not initialized properly. Module:fpsgame File:WeaponActor.h
[2023.04.16-13.06.26:666][  0]LogClass: Display: 32 Uninitialized script struct members found including 4 object properties
[2023.04.16-13.06.26:667][  0]LogAutomationTest: Warning: ObjectProperty FWeaponRecoil::RecoilVectorCurve is not initialized properly. Module:fpsgame File:WeaponActor.h
[2023.04.16-13.06.26:667][  0]LogAutomationTest: Warning: ObjectProperty FWeaponVisualAssets::GunMesh is not initialized properly. Module:fpsgame File:WeaponActor.h
[2023.04.16-13.06.26:668][  0]LogAutomationTest: Warning: ObjectProperty FWeaponVisualAssets::TracerEffect is not initialized properly. Module:fpsgame File:WeaponActor.h
[2023.04.16-13.06.26:668][  0]LogAutomationTest: Warning: ObjectProperty FWeaponVisualAssets::MuzzleFlash is not initialized properly. Module:fpsgame File:WeaponActor.h
[2023.04.16-13.06.26:669][  0]LogEngine: Initializing Engine...
[2023.04.16-13.06.26:670][  0]LogStats: UGameplayTagsManager::InitializeManager -  0.000 s
[2023.04.16-13.06.26:681][  0]LogInit: Initializing FReadOnlyCVARCache
[2023.04.16-13.06.26:682][  0]LogNetVersion: Set ProjectVersion to 1.0.0.0. Version Checksum will be recalculated on next use.
[2023.04.16-13.06.26:684][  0]LogInit: Texture streaming: Disabled
[2023.04.16-13.06.26:707][  0]LogInit: Display: Game Engine Initialized.
[2023.04.16-13.06.26:707][  0]LogNiagaraEditor: GEditor isn't valid! Particle reset commands will not work for Niagara components!
[2023.04.16-13.06.26:739][  0]LogInit: Display: Starting Game.
[2023.04.16-13.06.26:739][  0]LogNet: Browse: /Game/Maps/TestMap?Name=Player
[2023.04.16-13.06.26:740][  0]LogLoad: LoadMap: /Game/Maps/TestMap?Name=Player
[2023.04.16-13.06.26:740][  0]LogWorld: BeginTearingDown for /Temp/Untitled_0
[2023.04.16-13.06.26:743][  0]LogWorld: UWorld::CleanupWorld for Untitled, bSessionEnded=true, bCleanupResources=true
[2023.04.16-13.06.26:751][  0]LogUObjectHash: Compacting FUObjectHashTables data took   0.76ms
[2023.04.16-13.06.26:760][  0]LogClass: Warning: Type mismatch in Attachments of WeaponAttachmentSystem - Previous (ArrayProperty) Current(MapProperty) for package:  ../../../../../../Users/danie/Documents/Gamedev VR/game/UE4 game/fpsgame/Content/Blueprints/Weapons/Guns/Prototypes/BP_PrototypeAR.uasset
[2023.04.16-13.06.27:058][  0]LogAIModule: Creating AISystem for world TestMap
[2023.04.16-13.06.27:058][  0]LogLoad: Game class is 'BP_FPSGameModeDefault_C'
[2023.04.16-13.06.27:059][  0]LogNet: PktLoss set to 0
[2023.04.16-13.06.27:059][  0]LogNet: PktLagMin set to 0
[2023.04.16-13.06.27:060][  0]LogNet: PktLagMax set to 0
[2023.04.16-13.06.27:060][  0]LogNet: PktIncomingLagMin set to 0
[2023.04.16-13.06.27:060][  0]LogNet: PktIncomingLagMax set to 0
[2023.04.16-13.06.27:061][  0]LogNet: PktIncomingLoss set to 0
[2023.04.16-13.06.27:061][  0]LogNet: PktLoss set to 0
[2023.04.16-13.06.27:061][  0]LogNet: PktLagMin set to 0
[2023.04.16-13.06.27:062][  0]LogNet: PktLagMax set to 0
[2023.04.16-13.06.27:062][  0]LogNet: PktIncomingLagMin set to 0
[2023.04.16-13.06.27:063][  0]LogNet: PktIncomingLagMax set to 0
[2023.04.16-13.06.27:063][  0]LogNet: PktIncomingLoss set to 0
[2023.04.16-13.06.27:063][  0]LogNet: PktLoss set to 0
[2023.04.16-13.06.27:064][  0]LogNet: PktLagMin set to 0
[2023.04.16-13.06.27:064][  0]LogNet: PktLagMax set to 0
[2023.04.16-13.06.27:064][  0]LogNet: PktIncomingLagMin set to 0
[2023.04.16-13.06.27:065][  0]LogNet: PktIncomingLagMax set to 0
[2023.04.16-13.06.27:065][  0]LogNet: PktIncomingLoss set to 0
[2023.04.16-13.06.27:065][  0]LogNet: ReplicationDriverClass is null! Not using ReplicationDriver.
[2023.04.16-13.06.27:066][  0]LogNetCore: DDoS detection status: detection enabled: 0 analytics enabled: 0
[2023.04.16-13.06.27:066][  0]LogInit: WinSock: Socket queue. Rx: 131072 (config 131072) Tx: 131072 (config 131072)
[2023.04.16-13.06.27:067][  0]LogNet: Created socket for bind address: 0.0.0.0 on port 17777
[2023.04.16-13.06.27:067][  0]PacketHandlerLog: Loaded PacketHandler component: Engine.EngineHandlerComponentFactory (StatelessConnectHandlerComponent)
[2023.04.16-13.06.27:067][  0]LogNet: GameNetDriver IpNetDriver_0 IpNetDriver listening on port 17777
[2023.04.16-13.06.27:069][  0]LogWorld: Bringing World /Game/Maps/TestMap.TestMap up for play (max tick rate 30) at 2023.04.16-14.06.27
[2023.04.16-13.06.27:069][  0]LogWorld: Bringing up level for play took: 0.001289
[2023.04.16-13.06.27:069][  0]LogGameMode: Display: Match State Changed from EnteringMap to WaitingToStart
[2023.04.16-13.06.27:070][  0]LogGameState: Match State Changed from EnteringMap to WaitingToStart
[2023.04.16-13.06.27:070][  0]LogLoad: Took 0.330541 seconds to LoadMap(/Game/Maps/TestMap)
[2023.04.16-13.06.27:075][  0]LogInit: Display: Engine is initialized. Leaving FEngineLoop::Init()
[2023.04.16-13.06.27:075][  0]LogLoad: (Engine Initialization) Total time: 4.87 seconds
[2023.04.16-13.06.27:076][  0]LogLoad: (Engine Initialization) Total Blueprint compile time: 0.00 seconds
[2023.04.16-13.06.27:111][  0]LogNet: NotifyAcceptingConnection accepted from: 127.0.0.1:53071
[2023.04.16-13.06.27:111][  0]LogHandshake: SendConnectChallenge. Timestamp: 0.033332, Cookie: 246044048120017179150063045081249104003033108159186084247099
[2023.04.16-13.06.27:143][  1]LogNet: NotifyAcceptingConnection accepted from: 127.0.0.1:53071
[2023.04.16-13.06.27:143][  1]LogHandshake: SendChallengeAck. InCookie: 246044048120017179150063045081249104003033108159186084247099
[2023.04.16-13.06.27:143][  1]LogNet: Server accepting post-challenge connection from: 127.0.0.1:53071
[2023.04.16-13.06.27:144][  1]PacketHandlerLog: Loaded PacketHandler component: Engine.EngineHandlerComponentFactory (StatelessConnectHandlerComponent)
[2023.04.16-13.06.27:144][  1]LogNet: NotifyAcceptedConnection: Name: TestMap, TimeStamp: 04/16/23 14:06:27, [UNetConnection] RemoteAddr: 127.0.0.1:53071, Name: IpConnection_0, Driver: GameNetDriver IpNetDriver_0, IsServer: YES, PC: NULL, Owner: NULL, UniqueId: INVALID
[2023.04.16-13.06.27:144][  1]LogNet: AddClientConnection: Added client connection: [UNetConnection] RemoteAddr: 127.0.0.1:53071, Name: IpConnection_0, Driver: GameNetDriver IpNetDriver_0, IsServer: YES, PC: NULL, Owner: NULL, UniqueId: INVALID
[2023.04.16-13.06.27:176][  2]LogNet: NotifyAcceptingChannel Control 0 server World /Game/Maps/TestMap.TestMap: Accepted
[2023.04.16-13.06.27:176][  2]LogNet: Remote platform little endian=1
[2023.04.16-13.06.27:177][  2]LogNet: This platform little endian=1
[2023.04.16-13.06.27:177][  2]LogNetVersion: fpsgame 1.0.0.0, NetCL: 17155196, EngineNetVer: 17, GameNetVer: 0 (Checksum: 1484303137)
[2023.04.16-13.06.27:209][  3]LogNet: Login request: ?PktLagMin=0?PktLagMax=0?PktLoss=0?PktIncomingLagMin=0?PktIncomingLagMax=0?PktIncomingLoss=0?Name=DESKTOP-QG36584-352418E343E3ED36E7D0FCB6F0FAC6E7 userId: NULL:DESKTOP-QG36584-352418E343E3ED36E7D0FCB6F0FAC6E7 platform: NULL
[2023.04.16-13.06.27:242][  4]LogNet: Client netspeed is 100000
[2023.04.16-13.06.27:242][  4]LogNet: Join request: /Engine/Maps/Entry?PktLagMin=0?PktLagMax=0?PktLoss=0?PktIncomingLagMin=0?PktIncomingLagMax=0?PktIncomingLoss=0?Name=DESKTOP-QG36584-352418E343E3ED36E7D0FCB6F0FAC6E7?SplitscreenCount=1
[2023.04.16-13.06.27:243][  4]LogOnlineSession: Warning: OSS: No game present to join for session (GameSession)
[2023.04.16-13.06.27:244][  4]LogGameMode: Display: Match State Changed from WaitingToStart to InProgress
[2023.04.16-13.06.27:246][  4]LogTemp: Warning: Numebr of rewind components = 1
[2023.04.16-13.06.27:246][  4]LogGameState: Match State Changed from WaitingToStart to InProgress
[2023.04.16-13.06.27:246][  4]LogNet: Join succeeded: DESKTOP-QG36584-3524
[2023.04.16-13.06.27:773][ 20]LogNet: NotifyAcceptingConnection accepted from: 127.0.0.1:49303
[2023.04.16-13.06.27:773][ 20]LogHandshake: SendConnectChallenge. Timestamp: 0.695938, Cookie: 002045134248206108057163126051156125028249175050213163169200
[2023.04.16-13.06.27:806][ 21]LogNet: NotifyAcceptingConnection accepted from: 127.0.0.1:49303
[2023.04.16-13.06.27:806][ 21]LogHandshake: SendChallengeAck. InCookie: 002045134248206108057163126051156125028249175050213163169200
[2023.04.16-13.06.27:806][ 21]LogNet: Server accepting post-challenge connection from: 127.0.0.1:49303
[2023.04.16-13.06.27:807][ 21]PacketHandlerLog: Loaded PacketHandler component: Engine.EngineHandlerComponentFactory (StatelessConnectHandlerComponent)
[2023.04.16-13.06.27:807][ 21]LogNet: NotifyAcceptedConnection: Name: TestMap, TimeStamp: 04/16/23 14:06:27, [UNetConnection] RemoteAddr: 127.0.0.1:49303, Name: IpConnection_1, Driver: GameNetDriver IpNetDriver_0, IsServer: YES, PC: NULL, Owner: NULL, UniqueId: INVALID
[2023.04.16-13.06.27:807][ 21]LogNet: AddClientConnection: Added client connection: [UNetConnection] RemoteAddr: 127.0.0.1:49303, Name: IpConnection_1, Driver: GameNetDriver IpNetDriver_0, IsServer: YES, PC: NULL, Owner: NULL, UniqueId: INVALID
[2023.04.16-13.06.27:808][ 21]LogNet: NotifyAcceptingChannel Control 0 server World /Game/Maps/TestMap.TestMap: Accepted
[2023.04.16-13.06.27:808][ 21]LogNet: Remote platform little endian=1
[2023.04.16-13.06.27:808][ 21]LogNet: This platform little endian=1
[2023.04.16-13.06.27:839][ 22]LogNet: Login request: ?Name=DESKTOP-QG36584-F58C24004E4803D8F93A5AAC673B2A4F userId: NULL:DESKTOP-QG36584-F58C24004E4803D8F93A5AAC673B2A4F platform: NULL
[2023.04.16-13.06.28:369][ 38]LogNet: Client netspeed is 100000
[2023.04.16-13.06.28:369][ 38]LogNet: Join request: /Engine/Maps/Entry?Name=DESKTOP-QG36584-F58C24004E4803D8F93A5AAC673B2A4F?SplitscreenCount=1
[2023.04.16-13.06.28:370][ 38]LogOnlineSession: Warning: OSS: No game present to join for session (GameSession)
[2023.04.16-13.06.28:371][ 38]LogTemp: Warning: Numebr of rewind components = 2
[2023.04.16-13.06.28:372][ 38]LogNet: Join succeeded: DESKTOP-QG36584-F58C
[2023.04.16-13.06.28:806][ 51]LogTemp: Warning: RELIABLE SPRINT RPC CALL
[2023.04.16-13.06.29:240][ 64]LogTemp: Warning: RELIABLE SPRINT RPC CALL
[2023.04.16-13.06.31:730][139]LogTemp: Warning: RELIABLE SPRINT RPC CALL
[2023.04.16-13.06.31:929][145]LogTemp: Warning: RELIABLE SPRINT RPC CALL
