Log file open, 11/13/22 11:42:47
LogWindows: Failed to load 'aqProf.dll' (GetLastError=126)
LogWindows: File 'aqProf.dll' does not exist
LogWindows: Failed to load 'VtuneApi.dll' (GetLastError=126)
LogWindows: File 'VtuneApi.dll' does not exist
LogWindows: Failed to load 'VtuneApi32e.dll' (GetLastError=126)
LogWindows: File 'VtuneApi32e.dll' does not exist
LogConsoleResponse: Display: Failed to find resolution value strings in scalability ini. Falling back to default.
LogConsoleResponse: Display: Failed to find resolution value strings in scalability ini. Falling back to default.
LogInit: Display: Running engine for game: fpsgame
LogPlatformFile: Not using cached read wrapper
LogTaskGraph: Started task graph with 5 named threads and 17 total threads with 3 sets of task threads.
LogStats: Stats thread started at 0.220628
LogICUInternationalization: ICU TimeZone Detection - Raw Offset: +0:00, Platform Override: ''
LogInit: Display: Loading text-based GConfig....
LogPluginManager: Mounting plugin MeshPainting
LogPluginManager: Mounting plugin XGEController
LogPluginManager: Mounting plugin Paper2D
LogPluginManager: Mounting plugin AISupport
LogPluginManager: Mounting plugin EnvironmentQueryEditor
LogPluginManager: Mounting plugin LiveLink
LogPluginManager: Mounting plugin LightPropagationVolume
LogPluginManager: Mounting plugin CameraShakePreviewer
LogPluginManager: Mounting plugin GameplayCameras
LogPluginManager: Mounting plugin OodleData
LogPluginManager: Mounting plugin OodleNetwork
LogPluginManager: Mounting plugin AnimationSharing
LogPluginManager: Mounting plugin CLionSourceCodeAccess
LogPluginManager: Mounting plugin CodeLiteSourceCodeAccess
LogPluginManager: Mounting plugin GitSourceControl
LogPluginManager: Mounting plugin KDevelopSourceCodeAccess
LogPluginManager: Mounting plugin NullSourceCodeAccess
LogPluginManager: Mounting plugin PerforceSourceControl
LogPluginManager: Mounting plugin PixWinPlugin
LogPluginManager: Mounting plugin PlasticSourceControl
LogPluginManager: Mounting plugin PluginUtils
LogPluginManager: Mounting plugin PropertyAccessNode
LogPluginManager: Mounting plugin RiderSourceCodeAccess
LogPluginManager: Mounting plugin SubversionSourceControl
LogPluginManager: Mounting plugin TextureFormatOodle
LogPluginManager: Mounting plugin UObjectPlugin
LogPluginManager: Mounting plugin VisualStudioCodeSourceCodeAccess
LogPluginManager: Mounting plugin VisualStudioSourceCodeAccess
LogPluginManager: Mounting plugin XCodeSourceCodeAccess
LogPluginManager: Mounting plugin AssetManagerEditor
LogPluginManager: Mounting plugin CryptoKeys
LogPluginManager: Mounting plugin CurveEditorTools
LogPluginManager: Mounting plugin DataValidation
LogPluginManager: Mounting plugin FacialAnimation
LogPluginManager: Mounting plugin GameplayTagsEditor
LogPluginManager: Mounting plugin GeometryMode
LogPluginManager: Mounting plugin MacGraphicsSwitching
LogPluginManager: Mounting plugin MaterialAnalyzer
LogPluginManager: Mounting plugin MobileLauncherProfileWizard
LogPluginManager: Mounting plugin PluginBrowser
LogPluginManager: Mounting plugin SpeedTreeImporter
LogPluginManager: Mounting plugin DatasmithContent
LogPluginManager: Mounting plugin VariantManagerContent
LogPluginManager: Mounting plugin AlembicImporter
LogPluginManager: Mounting plugin AutomationUtils
LogPluginManager: Mounting plugin BackChannel
LogPluginManager: Mounting plugin ChaosCloth
LogPluginManager: Mounting plugin ChaosClothEditor
LogPluginManager: Mounting plugin ChaosEditor
LogPluginManager: Mounting plugin ChaosNiagara
LogPluginManager: Mounting plugin ChaosSolverPlugin
LogPluginManager: Mounting plugin CharacterAI
LogPluginManager: Mounting plugin GeometryCache
LogPluginManager: Mounting plugin GeometryCollectionPlugin
LogPluginManager: Mounting plugin GeometryProcessing
LogPluginManager: Mounting plugin MotoSynth
LogPluginManager: Mounting plugin OpenImageDenoise
LogPluginManager: Mounting plugin PlanarCut
LogPluginManager: Mounting plugin PlatformCrypto
LogPluginManager: Mounting plugin ProxyLODPlugin
LogPluginManager: Mounting plugin PythonScriptPlugin
LogPluginManager: Mounting plugin SkeletalReduction
LogPluginManager: Mounting plugin Niagara
LogPluginManager: Mounting plugin LuminPlatformFeatures
LogPluginManager: Mounting plugin MagicLeap
LogPluginManager: Mounting plugin MagicLeapLightEstimation
LogPluginManager: Mounting plugin MagicLeapMedia
LogPluginManager: Mounting plugin MagicLeapPassableWorld
LogPluginManager: Mounting plugin MLSDK
LogPluginManager: Mounting plugin AndroidMedia
LogPluginManager: Mounting plugin AvfMedia
LogPluginManager: Mounting plugin ImgMedia
LogPluginManager: Mounting plugin MediaCompositing
LogPluginManager: Mounting plugin MediaPlayerEditor
LogPluginManager: Mounting plugin WebMMedia
LogPluginManager: Mounting plugin WmfMedia
LogPluginManager: Mounting plugin TcpMessaging
LogPluginManager: Mounting plugin UdpMessaging
LogPluginManager: Mounting plugin ActorSequence
LogPluginManager: Mounting plugin LevelSequenceEditor
LogPluginManager: Mounting plugin MatineeToLevelSequence
LogPluginManager: Mounting plugin TemplateSequence
LogPluginManager: Mounting plugin OnlineSubsystem
LogPluginManager: Mounting plugin OnlineSubsystemNull
LogPluginManager: Mounting plugin OnlineSubsystemUtils
LogPluginManager: Mounting plugin LauncherChunkInstaller
LogPluginManager: Mounting plugin ActorLayerUtilities
LogPluginManager: Mounting plugin AndroidDeviceProfileSelector
LogPluginManager: Mounting plugin AndroidMoviePlayer
LogPluginManager: Mounting plugin AndroidPermission
LogPluginManager: Mounting plugin AppleImageUtils
LogPluginManager: Mounting plugin AppleMoviePlayer
LogPluginManager: Mounting plugin ArchVisCharacter
LogPluginManager: Mounting plugin AssetTags
LogPluginManager: Mounting plugin AudioCapture
LogPluginManager: Mounting plugin AudioSynesthesia
LogPluginManager: Mounting plugin CableComponent
LogPluginManager: Mounting plugin ChunkDownloader
LogPluginManager: Mounting plugin CustomMeshComponent
LogPluginManager: Mounting plugin EditableMesh
LogPluginManager: Mounting plugin ExampleDeviceProfileSelector
LogPluginManager: Mounting plugin GoogleCloudMessaging
LogPluginManager: Mounting plugin GooglePAD
LogPluginManager: Mounting plugin IOSDeviceProfileSelector
LogPluginManager: Mounting plugin LinuxDeviceProfileSelector
LogPluginManager: Mounting plugin LocationServicesBPLibrary
LogPluginManager: Mounting plugin MobilePatchingUtils
LogPluginManager: Mounting plugin OpenXR
LogPluginManager: Mounting plugin OpenXREyeTracker
LogPluginManager: Mounting plugin OpenXRHandTracking
LogPluginManager: Mounting plugin PhysXVehicles
LogPluginManager: Mounting plugin PostSplashScreen
LogPluginManager: Mounting plugin ProceduralMeshComponent
LogPluginManager: Mounting plugin PropertyAccessEditor
LogPluginManager: Mounting plugin RuntimePhysXCooking
LogPluginManager: Mounting plugin SignificanceManager
LogPluginManager: Mounting plugin SoundFields
LogPluginManager: Mounting plugin Synthesis
LogPluginManager: Mounting plugin WebMMoviePlayer
LogPluginManager: Mounting plugin WindowsMoviePlayer
LogPluginManager: Mounting plugin ScreenshotTools
LogPluginManager: Mounting plugin Takes
LogPluginManager: Mounting plugin ContentBrowserAssetDataSource
LogPluginManager: Mounting plugin ContentBrowserClassDataSource
LogPluginManager: Mounting plugin ContentBrowserFileDataSource
LogPluginManager: Mounting plugin OnlineSubsystemGooglePlay
LogPluginManager: Mounting plugin OnlineSubsystemIOS
LogPluginManager: Mounting plugin OculusVR
LogPluginManager: Mounting plugin SteamVR
PixWinPlugin: PIX capture plugin failed to initialize! Check that the process is launched from PIX.
LogInit: Using libcurl 7.55.1-DEV
LogInit:  - built for x86_64-pc-win32
LogInit:  - supports SSL with OpenSSL/1.1.1
LogInit:  - supports HTTP deflate (compression) using libz 1.2.8
LogInit:  - other features:
LogInit:      CURL_VERSION_SSL
LogInit:      CURL_VERSION_LIBZ
LogInit:      CURL_VERSION_IPV6
LogInit:      CURL_VERSION_ASYNCHDNS
LogInit:      CURL_VERSION_LARGEFILE
LogInit:      CURL_VERSION_IDN
LogInit:  CurlRequestOptions (configurable via config and command line):
LogInit:  - bVerifyPeer = true  - Libcurl will verify peer certificate
LogInit:  - bUseHttpProxy = false  - Libcurl will NOT use HTTP proxy
LogInit:  - bDontReuseConnections = false  - Libcurl will reuse connections
LogInit:  - MaxHostConnections = 16  - Libcurl will limit the number of connections to a host
LogInit:  - LocalHostAddr = Default
LogInit:  - BufferSize = 65536
LogOnline: OSS: Creating online subsystem instance for: NULL
LogInit: WinSock: version 1.1 (2.2), MaxSocks=32767, MaxUdp=65467
LogOnline: OSS: TryLoadSubsystemAndSetDefault: Loaded subsystem for module [NULL]
LogInit: Build: ++UE4+Release-4.27-CL-18319896
LogInit: Engine Version: 4.27.2-18319896+++UE4+Release-4.27
LogInit: Compatible Engine Version: 4.27.0-17155196+++UE4+Release-4.27
LogInit: Net CL: 17155196
LogInit: OS: Windows 10 (Release 2009) (), CPU: AMD Ryzen 5 3600X 6-Core Processor             , GPU: AMD Radeon RX 5700 XT
LogInit: Compiled (64-bit): Nov 30 2021 07:12:08
LogInit: Compiled with Visual C++: 19.24.28315.00
LogInit: Build Configuration: Development
LogInit: Branch Name: ++UE4+Release-4.27
LogInit: Command Line:  /Game/Maps/TestMap -game -PIEVIACONSOLE -Multiprocess -server -log "GameUserSettingsINI=C:/Users/danie/Documents/Gamedev VR/game/UE4 game/fpsgame/Saved/Config/Windows/PIEGameUserSettings0.ini" -MultiprocessSaveConfig -forcepassthrough -messaging -SessionName="Play in Standalone Game" -port=17777 -PktLagMin=0 -PktLagMax=0 -PktLoss=0 -PktIncomingLagMin=0 -PktIncomingLagMax=0 -PktIncomingLoss=0 -windowed
LogInit: Base Directory: C:/Program Files/Epic Games/UE_4.27/Engine/Binaries/Win64/
LogInit: Allocator: TBB
LogInit: Installed Engine Build: 1
LogDevObjectVersion: Number of dev versions registered: 29
LogDevObjectVersion:   Dev-Blueprints (B0D832E4-1F89-4F0D-ACCF-7EB736FD4AA2): 10
LogDevObjectVersion:   Dev-Build (E1C64328-A22C-4D53-A36C-8E866417BD8C): 0
LogDevObjectVersion:   Dev-Core (375EC13C-06E4-48FB-B500-84F0262A717E): 4
LogDevObjectVersion:   Dev-Editor (E4B068ED-F494-42E9-A231-DA0B2E46BB41): 40
LogDevObjectVersion:   Dev-Framework (CFFC743F-43B0-4480-9391-14DF171D2073): 37
LogDevObjectVersion:   Dev-Mobile (B02B49B5-BB20-44E9-A304-32B752E40360): 3
LogDevObjectVersion:   Dev-Networking (A4E4105C-59A1-49B5-A7C5-40C4547EDFEE): 0
LogDevObjectVersion:   Dev-Online (39C831C9-5AE6-47DC-9A44-9C173E1C8E7C): 0
LogDevObjectVersion:   Dev-Physics (78F01B33-EBEA-4F98-B9B4-84EACCB95AA2): 14
LogDevObjectVersion:   Dev-Platform (6631380F-2D4D-43E0-8009-CF276956A95A): 0
LogDevObjectVersion:   Dev-Rendering (12F88B9F-8875-4AFC-A67C-D90C383ABD29): 45
LogDevObjectVersion:   Dev-Sequencer (7B5AE74C-D270-4C10-A958-57980B212A5A): 13
LogDevObjectVersion:   Dev-VR (D7296918-1DD6-4BDD-9DE2-64A83CC13884): 3
LogDevObjectVersion:   Dev-LoadTimes (C2A15278-BFE7-4AFE-6C17-90FF531DF755): 1
LogDevObjectVersion:   Private-Geometry (6EACA3D4-40EC-4CC1-B786-8BED09428FC5): 3
LogDevObjectVersion:   Dev-AnimPhys (29E575DD-E0A3-4627-9D10-D276232CDCEA): 17
LogDevObjectVersion:   Dev-Anim (AF43A65D-7FD3-4947-9873-3E8ED9C1BB05): 15
LogDevObjectVersion:   Dev-ReflectionCapture (6B266CEC-1EC7-4B8F-A30B-E4D90942FC07): 1
LogDevObjectVersion:   Dev-Automation (0DF73D61-A23F-47EA-B727-89E90C41499A): 1
LogDevObjectVersion:   FortniteMain (601D1886-AC64-4F84-AA16-D3DE0DEAC7D6): 47
LogDevObjectVersion:   FortniteRelease (E7086368-6B23-4C58-8439-1B7016265E91): 1
LogDevObjectVersion:   Dev-Enterprise (9DFFBCD6-494F-0158-E221-12823C92A888): 10
LogDevObjectVersion:   Dev-Niagara (F2AED0AC-9AFE-416F-8664-AA7FFA26D6FC): 1
LogDevObjectVersion:   Dev-Destruction (174F1F0B-B4C6-45A5-B13F-2EE8D0FB917D): 10
LogDevObjectVersion:   Dev-Physics-Ext (35F94A83-E258-406C-A318-09F59610247C): 41
LogDevObjectVersion:   Dev-PhysicsMaterial-Chaos (B68FC16E-8B1B-42E2-B453-215C058844FE): 1
LogDevObjectVersion:   Dev-CineCamera (B2E18506-4273-CFC2-A54E-F4BB758BBA07): 1
LogDevObjectVersion:   Dev-VirtualProduction (64F58936-FD1B-42BA-BA96-7289D5D0FA4E): 1
LogDevObjectVersion:   Dev-MediaFramework (6F0ED827-A609-4895-9C91-998D90180EA4): 2
LogInit: Presizing for max 25165824 objects, including 0 objects not considered by GC, pre-allocating 0 bytes for permanent pool.
LogConfig: Applying CVar settings from Section [/Script/Engine.StreamingSettings] File [C:/Users/danie/Documents/Gamedev VR/game/UE4 game/fpsgame/Saved/Config/Windows/Engine.ini]
LogConfig: Setting CVar [[s.MinBulkDataSizeForAsyncLoading:131072]]
LogConfig: Setting CVar [[s.AsyncLoadingThreadEnabled:0]]
LogConfig: Setting CVar [[s.EventDrivenLoaderEnabled:1]]
LogConfig: Setting CVar [[s.WarnIfTimeLimitExceeded:0]]
LogConfig: Setting CVar [[s.TimeLimitExceededMultiplier:1.5]]
LogConfig: Setting CVar [[s.TimeLimitExceededMinTime:0.005]]
LogConfig: Setting CVar [[s.UseBackgroundLevelStreaming:1]]
LogConfig: Setting CVar [[s.PriorityAsyncLoadingExtraTime:15.0]]
LogConfig: Setting CVar [[s.LevelStreamingActorsUpdateTimeLimit:5.0]]
LogConfig: Setting CVar [[s.PriorityLevelStreamingActorsUpdateExtraTime:5.0]]
LogConfig: Setting CVar [[s.LevelStreamingComponentsRegistrationGranularity:10]]
LogConfig: Setting CVar [[s.UnregisterComponentsTimeLimit:1.0]]
LogConfig: Setting CVar [[s.LevelStreamingComponentsUnregistrationGranularity:5]]
LogConfig: Setting CVar [[s.FlushStreamingOnExit:1]]
LogInit: Object subsystem initialized
LogConfig: Setting CVar [[con.DebugEarlyDefault:1]]
LogConfig: Setting CVar [[r.setres:1280x720]]
[2022.11.13-11.42.48:202][  0]LogConfig: Setting CVar [[con.DebugEarlyDefault:1]]
[2022.11.13-11.42.48:202][  0]LogConfig: Setting CVar [[r.setres:1280x720]]
[2022.11.13-11.42.48:202][  0]LogConfig: Applying CVar settings from Section [/Script/Engine.RendererSettings] File [C:/Users/danie/Documents/Gamedev VR/game/UE4 game/fpsgame/Saved/Config/Windows/Engine.ini]
[2022.11.13-11.42.48:202][  0]LogConfig: Setting CVar [[r.GPUCrashDebugging:0]]
[2022.11.13-11.42.48:203][  0]LogConfig: Setting CVar [[r.Mobile.DisableVertexFog:1]]
[2022.11.13-11.42.48:203][  0]LogConfig: Setting CVar [[r.Shadow.CSM.MaxMobileCascades:2]]
[2022.11.13-11.42.48:203][  0]LogConfig: Setting CVar [[r.MobileMSAA:1]]
[2022.11.13-11.42.48:203][  0]LogConfig: Setting CVar [[r.Mobile.AllowDitheredLODTransition:0]]
[2022.11.13-11.42.48:204][  0]LogConfig: Setting CVar [[r.Mobile.AllowSoftwareOcclusion:0]]
[2022.11.13-11.42.48:204][  0]LogConfig: Setting CVar [[r.Mobile.VirtualTextures:0]]
[2022.11.13-11.42.48:204][  0]LogConfig: Setting CVar [[r.DiscardUnusedQuality:0]]
[2022.11.13-11.42.48:205][  0]LogConfig: Setting CVar [[r.AllowOcclusionQueries:1]]
[2022.11.13-11.42.48:205][  0]LogConfig: Setting CVar [[r.MinScreenRadiusForLights:0.030000]]
[2022.11.13-11.42.48:205][  0]LogConfig: Setting CVar [[r.MinScreenRadiusForDepthPrepass:0.030000]]
[2022.11.13-11.42.48:205][  0]LogConfig: Setting CVar [[r.MinScreenRadiusForCSMDepth:0.010000]]
[2022.11.13-11.42.48:206][  0]LogConfig: Setting CVar [[r.PrecomputedVisibilityWarning:0]]
[2022.11.13-11.42.48:206][  0]LogConfig: Setting CVar [[r.TextureStreaming:1]]
[2022.11.13-11.42.48:206][  0]LogConfig: Setting CVar [[Compat.UseDXT5NormalMaps:0]]
[2022.11.13-11.42.48:206][  0]LogConfig: Setting CVar [[r.VirtualTextures:0]]
[2022.11.13-11.42.48:207][  0]LogConfig: Setting CVar [[r.VT.EnableAutoImport:1]]
[2022.11.13-11.42.48:207][  0]LogConfig: Setting CVar [[r.VirtualTexturedLightmaps:0]]
[2022.11.13-11.42.48:207][  0]LogConfig: Setting CVar [[r.VT.TileSize:128]]
[2022.11.13-11.42.48:207][  0]LogConfig: Setting CVar [[r.VT.TileBorderSize:4]]
[2022.11.13-11.42.48:208][  0]LogConfig: Setting CVar [[r.vt.FeedbackFactor:16]]
[2022.11.13-11.42.48:211][  0]LogConfig: Setting CVar [[r.VT.EnableCompressZlib:1]]
[2022.11.13-11.42.48:211][  0]LogConfig: Setting CVar [[r.VT.EnableCompressCrunch:0]]
[2022.11.13-11.42.48:212][  0]LogConfig: Setting CVar [[r.ClearCoatNormal:0]]
[2022.11.13-11.42.48:212][  0]LogConfig: Setting CVar [[r.ReflectionCaptureResolution:128]]
[2022.11.13-11.42.48:212][  0]LogConfig: Setting CVar [[r.Mobile.ReflectionCaptureCompression:0]]
[2022.11.13-11.42.48:212][  0]LogConfig: Setting CVar [[r.ReflectionEnvironmentLightmapMixBasedOnRoughness:1]]
[2022.11.13-11.42.48:213][  0]LogConfig: Setting CVar [[r.ForwardShading:0]]
[2022.11.13-11.42.48:213][  0]LogConfig: Setting CVar [[r.VertexFoggingForOpaque:1]]
[2022.11.13-11.42.48:213][  0]LogConfig: Setting CVar [[r.AllowStaticLighting:1]]
[2022.11.13-11.42.48:213][  0]LogConfig: Setting CVar [[r.NormalMapsForStaticLighting:0]]
[2022.11.13-11.42.48:214][  0]LogConfig: Setting CVar [[r.GenerateMeshDistanceFields:0]]
[2022.11.13-11.42.48:214][  0]LogConfig: Setting CVar [[r.DistanceFieldBuild.EightBit:0]]
[2022.11.13-11.42.48:214][  0]LogConfig: Setting CVar [[r.GenerateLandscapeGIData:0]]
[2022.11.13-11.42.48:214][  0]LogConfig: Setting CVar [[r.DistanceFieldBuild.Compress:0]]
[2022.11.13-11.42.48:215][  0]LogConfig: Setting CVar [[r.TessellationAdaptivePixelsPerTriangle:48.000000]]
[2022.11.13-11.42.48:215][  0]LogConfig: Setting CVar [[r.SeparateTranslucency:1]]
[2022.11.13-11.42.48:215][  0]LogConfig: Setting CVar [[r.TranslucentSortPolicy:0]]
[2022.11.13-11.42.48:215][  0]LogConfig: Setting CVar [[vr.VRS.HMDFixedFoveationLevel:0]]
[2022.11.13-11.42.48:216][  0]LogConfig: Setting CVar [[r.CustomDepth:1]]
[2022.11.13-11.42.48:216][  0]LogConfig: Setting CVar [[r.CustomDepthTemporalAAJitter:1]]
[2022.11.13-11.42.48:216][  0]LogConfig: Setting CVar [[r.PostProcessing.PropagateAlpha:0]]
[2022.11.13-11.42.48:217][  0]LogConfig: Setting CVar [[r.DefaultFeature.Bloom:1]]
[2022.11.13-11.42.48:217][  0]LogConfig: Setting CVar [[r.DefaultFeature.AmbientOcclusion:1]]
[2022.11.13-11.42.48:217][  0]LogConfig: Setting CVar [[r.DefaultFeature.AmbientOcclusionStaticFraction:1]]
[2022.11.13-11.42.48:217][  0]LogConfig: Setting CVar [[r.DefaultFeature.AutoExposure:0]]
[2022.11.13-11.42.48:218][  0]LogConfig: Setting CVar [[r.DefaultFeature.AutoExposure.Method:0]]
[2022.11.13-11.42.48:218][  0]LogConfig: Setting CVar [[r.DefaultFeature.AutoExposure.Bias:1.000000]]
[2022.11.13-11.42.48:218][  0]LogConfig: Setting CVar [[r.DefaultFeature.AutoExposure.ExtendDefaultLuminanceRange:0]]
[2022.11.13-11.42.48:218][  0]LogConfig: Setting CVar [[r.UsePreExposure:1]]
[2022.11.13-11.42.48:219][  0]LogConfig: Setting CVar [[r.EyeAdaptation.EditorOnly:0]]
[2022.11.13-11.42.48:219][  0]LogConfig: Setting CVar [[r.DefaultFeature.MotionBlur:0]]
[2022.11.13-11.42.48:219][  0]LogConfig: Setting CVar [[r.DefaultFeature.LensFlare:0]]
[2022.11.13-11.42.48:219][  0]LogConfig: Setting CVar [[r.TemporalAA.Upsampling:0]]
[2022.11.13-11.42.48:220][  0]LogConfig: Setting CVar [[r.SSGI.Enable:0]]
[2022.11.13-11.42.48:220][  0]LogConfig: Setting CVar [[r.DefaultFeature.AntiAliasing:0]]
[2022.11.13-11.42.48:220][  0]LogConfig: Setting CVar [[r.DefaultFeature.LightUnits:1]]
[2022.11.13-11.42.48:220][  0]LogConfig: Setting CVar [[r.DefaultBackBufferPixelFormat:4]]
[2022.11.13-11.42.48:221][  0]LogConfig: Setting CVar [[r.Shadow.UnbuiltPreviewInGame:1]]
[2022.11.13-11.42.48:221][  0]LogConfig: Setting CVar [[r.StencilForLODDither:0]]
[2022.11.13-11.42.48:221][  0]LogConfig: Setting CVar [[r.EarlyZPass:3]]
[2022.11.13-11.42.48:222][  0]LogConfig: Setting CVar [[r.EarlyZPassOnlyMaterialMasking:0]]
[2022.11.13-11.42.48:222][  0]LogConfig: Setting CVar [[r.DBuffer:1]]
[2022.11.13-11.42.48:222][  0]LogConfig: Setting CVar [[r.ClearSceneMethod:1]]
[2022.11.13-11.42.48:222][  0]LogConfig: Setting CVar [[r.BasePassOutputsVelocity:0]]
[2022.11.13-11.42.48:223][  0]LogConfig: Setting CVar [[r.VertexDeformationOutputsVelocity:0]]
[2022.11.13-11.42.48:223][  0]LogConfig: Setting CVar [[r.SelectiveBasePassOutputs:0]]
[2022.11.13-11.42.48:223][  0]LogConfig: Setting CVar [[fx.GPUSimulationTextureSizeX:1024]]
[2022.11.13-11.42.48:223][  0]LogConfig: Setting CVar [[fx.GPUSimulationTextureSizeY:1024]]
[2022.11.13-11.42.48:224][  0]LogConfig: Setting CVar [[r.AllowGlobalClipPlane:0]]
[2022.11.13-11.42.48:226][  0]LogConfig: Setting CVar [[r.GBufferFormat:1]]
[2022.11.13-11.42.48:226][  0]LogConfig: Setting CVar [[r.MorphTarget.Mode:1]]
[2022.11.13-11.42.48:226][  0]LogConfig: Setting CVar [[vr.InstancedStereo:0]]
[2022.11.13-11.42.48:227][  0]LogConfig: Setting CVar [[r.MobileHDR:1]]
[2022.11.13-11.42.48:227][  0]LogConfig: Setting CVar [[vr.MobileMultiView:0]]
[2022.11.13-11.42.48:227][  0]LogConfig: Setting CVar [[r.Mobile.UseHWsRGBEncoding:0]]
[2022.11.13-11.42.48:227][  0]LogConfig: Setting CVar [[vr.RoundRobinOcclusion:0]]
[2022.11.13-11.42.48:228][  0]LogConfig: Setting CVar [[vr.ODSCapture:0]]
[2022.11.13-11.42.48:228][  0]LogConfig: Setting CVar [[r.MeshStreaming:0]]
[2022.11.13-11.42.48:228][  0]LogConfig: Setting CVar [[r.WireframeCullThreshold:5.000000]]
[2022.11.13-11.42.48:229][  0]LogConfig: Setting CVar [[r.RayTracing:0]]
[2022.11.13-11.42.48:229][  0]LogConfig: Setting CVar [[r.RayTracing.UseTextureLod:0]]
[2022.11.13-11.42.48:229][  0]LogConfig: Setting CVar [[r.SupportStationarySkylight:1]]
[2022.11.13-11.42.48:229][  0]LogConfig: Setting CVar [[r.SupportLowQualityLightmaps:1]]
[2022.11.13-11.42.48:229][  0]LogConfig: Setting CVar [[r.SupportPointLightWholeSceneShadows:1]]
[2022.11.13-11.42.48:230][  0]LogConfig: Setting CVar [[r.SupportAtmosphericFog:1]]
[2022.11.13-11.42.48:230][  0]LogConfig: Setting CVar [[r.SupportSkyAtmosphere:1]]
[2022.11.13-11.42.48:230][  0]LogConfig: Setting CVar [[r.SupportSkyAtmosphereAffectsHeightFog:0]]
[2022.11.13-11.42.48:230][  0]LogConfig: Setting CVar [[r.SkinCache.CompileShaders:0]]
[2022.11.13-11.42.48:231][  0]LogConfig: Setting CVar [[r.SkinCache.DefaultBehavior:1]]
[2022.11.13-11.42.48:231][  0]LogConfig: Setting CVar [[r.SkinCache.SceneMemoryLimitInMB:128.000000]]
[2022.11.13-11.42.48:231][  0]LogConfig: Setting CVar [[r.Mobile.EnableStaticAndCSMShadowReceivers:1]]
[2022.11.13-11.42.48:231][  0]LogConfig: Setting CVar [[r.Mobile.EnableMovableLightCSMShaderCulling:1]]
[2022.11.13-11.42.48:232][  0]LogConfig: Setting CVar [[r.Mobile.AllowDistanceFieldShadows:1]]
[2022.11.13-11.42.48:232][  0]LogConfig: Setting CVar [[r.Mobile.AllowMovableDirectionalLights:1]]
[2022.11.13-11.42.48:232][  0]LogConfig: Setting CVar [[r.MobileNumDynamicPointLights:4]]
[2022.11.13-11.42.48:233][  0]LogConfig: Setting CVar [[r.MobileDynamicPointLightsUseStaticBranch:1]]
[2022.11.13-11.42.48:233][  0]LogConfig: Setting CVar [[r.Mobile.EnableMovableSpotlights:0]]
[2022.11.13-11.42.48:233][  0]LogConfig: Setting CVar [[r.Mobile.EnableMovableSpotlightsShadow:0]]
[2022.11.13-11.42.48:234][  0]LogConfig: Setting CVar [[r.GPUSkin.Support16BitBoneIndex:0]]
[2022.11.13-11.42.48:234][  0]LogConfig: Setting CVar [[r.GPUSkin.Limit2BoneInfluences:0]]
[2022.11.13-11.42.48:234][  0]LogConfig: Setting CVar [[r.SupportDepthOnlyIndexBuffers:1]]
[2022.11.13-11.42.48:234][  0]LogConfig: Setting CVar [[r.SupportReversedIndexBuffers:1]]
[2022.11.13-11.42.48:235][  0]LogConfig: Setting CVar [[r.LightPropagationVolume:0]]
[2022.11.13-11.42.48:235][  0]LogConfig: Setting CVar [[r.Mobile.AmbientOcclusion:0]]
[2022.11.13-11.42.48:235][  0]LogConfig: Setting CVar [[r.GPUSkin.UnlimitedBoneInfluences:0]]
[2022.11.13-11.42.48:235][  0]LogConfig: Setting CVar [[r.GPUSkin.UnlimitedBoneInfluencesThreshold:8]]
[2022.11.13-11.42.48:236][  0]LogConfig: Setting CVar [[r.Mobile.PlanarReflectionMode:0]]
[2022.11.13-11.42.48:236][  0]LogConfig: Setting CVar [[r.Mobile.SupportsGen4TAA:0]]
[2022.11.13-11.42.48:236][  0]LogConfig: Applying CVar settings from Section [/Script/Engine.RendererOverrideSettings] File [C:/Users/danie/Documents/Gamedev VR/game/UE4 game/fpsgame/Saved/Config/Windows/Engine.ini]
[2022.11.13-11.42.48:236][  0]LogConfig: Applying CVar settings from Section [/Script/Engine.StreamingSettings] File [C:/Users/danie/Documents/Gamedev VR/game/UE4 game/fpsgame/Saved/Config/Windows/Engine.ini]
[2022.11.13-11.42.48:237][  0]LogConfig: Setting CVar [[s.MinBulkDataSizeForAsyncLoading:131072]]
[2022.11.13-11.42.48:237][  0]LogConfig: Setting CVar [[s.AsyncLoadingThreadEnabled:0]]
[2022.11.13-11.42.48:237][  0]LogConfig: Setting CVar [[s.EventDrivenLoaderEnabled:1]]
[2022.11.13-11.42.48:237][  0]LogConfig: Setting CVar [[s.WarnIfTimeLimitExceeded:0]]
[2022.11.13-11.42.48:238][  0]LogConfig: Setting CVar [[s.TimeLimitExceededMultiplier:1.5]]
[2022.11.13-11.42.48:238][  0]LogConfig: Setting CVar [[s.TimeLimitExceededMinTime:0.005]]
[2022.11.13-11.42.48:238][  0]LogConfig: Setting CVar [[s.UseBackgroundLevelStreaming:1]]
[2022.11.13-11.42.48:238][  0]LogConfig: Setting CVar [[s.PriorityAsyncLoadingExtraTime:15.0]]
[2022.11.13-11.42.48:239][  0]LogConfig: Setting CVar [[s.LevelStreamingActorsUpdateTimeLimit:5.0]]
[2022.11.13-11.42.48:239][  0]LogConfig: Setting CVar [[s.PriorityLevelStreamingActorsUpdateExtraTime:5.0]]
[2022.11.13-11.42.48:239][  0]LogConfig: Setting CVar [[s.LevelStreamingComponentsRegistrationGranularity:10]]
[2022.11.13-11.42.48:239][  0]LogConfig: Setting CVar [[s.UnregisterComponentsTimeLimit:1.0]]
[2022.11.13-11.42.48:240][  0]LogConfig: Setting CVar [[s.LevelStreamingComponentsUnregistrationGranularity:5]]
[2022.11.13-11.42.48:242][  0]LogConfig: Setting CVar [[s.FlushStreamingOnExit:1]]
[2022.11.13-11.42.48:242][  0]LogConfig: Applying CVar settings from Section [/Script/Engine.GarbageCollectionSettings] File [C:/Users/danie/Documents/Gamedev VR/game/UE4 game/fpsgame/Saved/Config/Windows/Engine.ini]
[2022.11.13-11.42.48:243][  0]LogConfig: Setting CVar [[gc.MaxObjectsNotConsideredByGC:1]]
[2022.11.13-11.42.48:243][  0]LogConfig: Setting CVar [[gc.SizeOfPermanentObjectPool:0]]
[2022.11.13-11.42.48:243][  0]LogConfig: Setting CVar [[gc.FlushStreamingOnGC:0]]
[2022.11.13-11.42.48:243][  0]LogConfig: Setting CVar [[gc.NumRetriesBeforeForcingGC:10]]
[2022.11.13-11.42.48:244][  0]LogConfig: Setting CVar [[gc.AllowParallelGC:1]]
[2022.11.13-11.42.48:244][  0]LogConfig: Setting CVar [[gc.TimeBetweenPurgingPendingKillObjects:61.1]]
[2022.11.13-11.42.48:244][  0]LogConfig: Setting CVar [[gc.MaxObjectsInEditor:25165824]]
[2022.11.13-11.42.48:244][  0]LogConfig: Setting CVar [[gc.IncrementalBeginDestroyEnabled:1]]
[2022.11.13-11.42.48:245][  0]LogConfig: Setting CVar [[gc.CreateGCClusters:1]]
[2022.11.13-11.42.48:245][  0]LogConfig: Setting CVar [[gc.MinGCClusterSize:5]]
[2022.11.13-11.42.48:245][  0]LogConfig: Setting CVar [[gc.ActorClusteringEnabled:0]]
[2022.11.13-11.42.48:245][  0]LogConfig: Setting CVar [[gc.BlueprintClusteringEnabled:0]]
[2022.11.13-11.42.48:246][  0]LogConfig: Setting CVar [[gc.UseDisregardForGCOnDedicatedServers:0]]
[2022.11.13-11.42.48:246][  0]LogConfig: Setting CVar [[gc.MultithreadedDestructionEnabled:1]]
[2022.11.13-11.42.48:246][  0]LogConfig: Applying CVar settings from Section [/Script/Engine.NetworkSettings] File [C:/Users/danie/Documents/Gamedev VR/game/UE4 game/fpsgame/Saved/Config/Windows/Engine.ini]
[2022.11.13-11.42.48:247][  0]LogConfig: Applying CVar settings from Section [/Script/UnrealEd.CookerSettings] File [C:/Users/danie/Documents/Gamedev VR/game/UE4 game/fpsgame/Saved/Config/Windows/Engine.ini]
[2022.11.13-11.42.48:247][  0]LogConfig: Applying CVar settings from Section [ViewDistanceQuality@3] File [C:/Users/danie/Documents/Gamedev VR/game/UE4 game/fpsgame/Saved/Config/Windows/Scalability.ini]
[2022.11.13-11.42.48:247][  0]LogConfig: Setting CVar [[r.SkeletalMeshLODBias:0]]
[2022.11.13-11.42.48:247][  0]LogConfig: Setting CVar [[r.ViewDistanceScale:1.0]]
[2022.11.13-11.42.48:248][  0]LogConfig: Applying CVar settings from Section [AntiAliasingQuality@3] File [C:/Users/danie/Documents/Gamedev VR/game/UE4 game/fpsgame/Saved/Config/Windows/Scalability.ini]
[2022.11.13-11.42.48:248][  0]LogConfig: Setting CVar [[r.PostProcessAAQuality:4]]
[2022.11.13-11.42.48:248][  0]LogConfig: Applying CVar settings from Section [ShadowQuality@3] File [C:/Users/danie/Documents/Gamedev VR/game/UE4 game/fpsgame/Saved/Config/Windows/Scalability.ini]
[2022.11.13-11.42.48:248][  0]LogConfig: Setting CVar [[r.LightFunctionQuality:1]]
[2022.11.13-11.42.48:249][  0]LogConfig: Setting CVar [[r.ShadowQuality:5]]
[2022.11.13-11.42.48:249][  0]LogConfig: Setting CVar [[r.Shadow.CSM.MaxCascades:10]]
[2022.11.13-11.42.48:249][  0]LogConfig: Setting CVar [[r.Shadow.MaxResolution:2048]]
[2022.11.13-11.42.48:250][  0]LogConfig: Setting CVar [[r.Shadow.MaxCSMResolution:2048]]
[2022.11.13-11.42.48:250][  0]LogConfig: Setting CVar [[r.Shadow.RadiusThreshold:0.01]]
[2022.11.13-11.42.48:250][  0]LogConfig: Setting CVar [[r.Shadow.DistanceScale:1.0]]
[2022.11.13-11.42.48:250][  0]LogConfig: Setting CVar [[r.Shadow.CSM.TransitionScale:1.0]]
[2022.11.13-11.42.48:251][  0]LogConfig: Setting CVar [[r.Shadow.PreShadowResolutionFactor:1.0]]
[2022.11.13-11.42.48:251][  0]LogConfig: Setting CVar [[r.DistanceFieldShadowing:1]]
[2022.11.13-11.42.48:251][  0]LogConfig: Setting CVar [[r.DistanceFieldAO:1]]
[2022.11.13-11.42.48:251][  0]LogConfig: Setting CVar [[r.AOQuality:2]]
[2022.11.13-11.42.48:252][  0]LogConfig: Setting CVar [[r.VolumetricFog:1]]
[2022.11.13-11.42.48:252][  0]LogConfig: Setting CVar [[r.VolumetricFog.GridPixelSize:8]]
[2022.11.13-11.42.48:252][  0]LogConfig: Setting CVar [[r.VolumetricFog.GridSizeZ:128]]
[2022.11.13-11.42.48:252][  0]LogConfig: Setting CVar [[r.VolumetricFog.HistoryMissSupersampleCount:4]]
[2022.11.13-11.42.48:253][  0]LogConfig: Setting CVar [[r.LightMaxDrawDistanceScale:1]]
[2022.11.13-11.42.48:253][  0]LogConfig: Setting CVar [[r.CapsuleShadows:1]]
[2022.11.13-11.42.48:253][  0]LogConfig: Applying CVar settings from Section [PostProcessQuality@3] File [C:/Users/danie/Documents/Gamedev VR/game/UE4 game/fpsgame/Saved/Config/Windows/Scalability.ini]
[2022.11.13-11.42.48:253][  0]LogConfig: Setting CVar [[r.MotionBlurQuality:4]]
[2022.11.13-11.42.48:254][  0]LogConfig: Setting CVar [[r.AmbientOcclusionMipLevelFactor:0.4]]
[2022.11.13-11.42.48:254][  0]LogConfig: Setting CVar [[r.AmbientOcclusionMaxQuality:100]]
[2022.11.13-11.42.48:254][  0]LogConfig: Setting CVar [[r.AmbientOcclusionLevels:-1]]
[2022.11.13-11.42.48:254][  0]LogConfig: Setting CVar [[r.AmbientOcclusionRadiusScale:1.0]]
[2022.11.13-11.42.48:255][  0]LogConfig: Setting CVar [[r.DepthOfFieldQuality:2]]
[2022.11.13-11.42.48:255][  0]LogConfig: Setting CVar [[r.RenderTargetPoolMin:400]]
[2022.11.13-11.42.48:255][  0]LogConfig: Setting CVar [[r.LensFlareQuality:2]]
[2022.11.13-11.42.48:256][  0]LogConfig: Setting CVar [[r.SceneColorFringeQuality:1]]
[2022.11.13-11.42.48:258][  0]LogConfig: Setting CVar [[r.EyeAdaptationQuality:2]]
[2022.11.13-11.42.48:259][  0]LogConfig: Setting CVar [[r.BloomQuality:5]]
[2022.11.13-11.42.48:259][  0]LogConfig: Setting CVar [[r.FastBlurThreshold:100]]
[2022.11.13-11.42.48:259][  0]LogConfig: Setting CVar [[r.Upscale.Quality:3]]
[2022.11.13-11.42.48:259][  0]LogConfig: Setting CVar [[r.Tonemapper.GrainQuantization:1]]
[2022.11.13-11.42.48:260][  0]LogConfig: Setting CVar [[r.LightShaftQuality:1]]
[2022.11.13-11.42.48:260][  0]LogConfig: Setting CVar [[r.Filter.SizeScale:1]]
[2022.11.13-11.42.48:260][  0]LogConfig: Setting CVar [[r.Tonemapper.Quality:5]]
[2022.11.13-11.42.48:261][  0]LogConfig: Setting CVar [[r.DOF.Gather.AccumulatorQuality:1        ; higher gathering accumulator quality]]
[2022.11.13-11.42.48:261][  0]LogConfig: Setting CVar [[r.DOF.Gather.PostfilterMethod:1          ; Median3x3 postfilering method]]
[2022.11.13-11.42.48:261][  0]LogConfig: Setting CVar [[r.DOF.Gather.EnableBokehSettings:0       ; no bokeh simulation when gathering]]
[2022.11.13-11.42.48:261][  0]LogConfig: Setting CVar [[r.DOF.Gather.RingCount:4                 ; medium number of samples when gathering]]
[2022.11.13-11.42.48:262][  0]LogConfig: Setting CVar [[r.DOF.Scatter.ForegroundCompositing:1    ; additive foreground scattering]]
[2022.11.13-11.42.48:262][  0]LogConfig: Setting CVar [[r.DOF.Scatter.BackgroundCompositing:2    ; additive background scattering]]
[2022.11.13-11.42.48:262][  0]LogConfig: Setting CVar [[r.DOF.Scatter.EnableBokehSettings:1      ; bokeh simulation when scattering]]
[2022.11.13-11.42.48:262][  0]LogConfig: Setting CVar [[r.DOF.Scatter.MaxSpriteRatio:0.1         ; only a maximum of 10% of scattered bokeh]]
[2022.11.13-11.42.48:263][  0]LogConfig: Setting CVar [[r.DOF.Recombine.Quality:1                ; cheap slight out of focus]]
[2022.11.13-11.42.48:263][  0]LogConfig: Setting CVar [[r.DOF.Recombine.EnableBokehSettings:0    ; no bokeh simulation on slight out of focus]]
[2022.11.13-11.42.48:263][  0]LogConfig: Setting CVar [[r.DOF.TemporalAAQuality:1                ; more stable temporal accumulation]]
[2022.11.13-11.42.48:263][  0]LogConfig: Setting CVar [[r.DOF.Kernel.MaxForegroundRadius:0.025]]
[2022.11.13-11.42.48:264][  0]LogConfig: Setting CVar [[r.DOF.Kernel.MaxBackgroundRadius:0.025]]
[2022.11.13-11.42.48:264][  0]LogConfig: Applying CVar settings from Section [TextureQuality@3] File [C:/Users/danie/Documents/Gamedev VR/game/UE4 game/fpsgame/Saved/Config/Windows/Scalability.ini]
[2022.11.13-11.42.48:264][  0]LogConfig: Setting CVar [[r.Streaming.MipBias:0]]
[2022.11.13-11.42.48:265][  0]LogConfig: Setting CVar [[r.Streaming.AmortizeCPUToGPUCopy:0]]
[2022.11.13-11.42.48:265][  0]LogConfig: Setting CVar [[r.Streaming.MaxNumTexturesToStreamPerFrame:0]]
[2022.11.13-11.42.48:265][  0]LogConfig: Setting CVar [[r.Streaming.Boost:1]]
[2022.11.13-11.42.48:265][  0]LogConfig: Setting CVar [[r.MaxAnisotropy:8]]
[2022.11.13-11.42.48:265][  0]LogConfig: Setting CVar [[r.VT.MaxAnisotropy:8]]
[2022.11.13-11.42.48:266][  0]LogConfig: Setting CVar [[r.Streaming.LimitPoolSizeToVRAM:0]]
[2022.11.13-11.42.48:266][  0]LogConfig: Setting CVar [[r.Streaming.PoolSize:1000]]
[2022.11.13-11.42.48:266][  0]LogConfig: Setting CVar [[r.Streaming.MaxEffectiveScreenSize:0]]
[2022.11.13-11.42.48:267][  0]LogConfig: Applying CVar settings from Section [EffectsQuality@3] File [C:/Users/danie/Documents/Gamedev VR/game/UE4 game/fpsgame/Saved/Config/Windows/Scalability.ini]
[2022.11.13-11.42.48:267][  0]LogConfig: Setting CVar [[r.TranslucencyLightingVolumeDim:64]]
[2022.11.13-11.42.48:267][  0]LogConfig: Setting CVar [[r.RefractionQuality:2]]
[2022.11.13-11.42.48:267][  0]LogConfig: Setting CVar [[r.SSR.Quality:3]]
[2022.11.13-11.42.48:268][  0]LogConfig: Setting CVar [[r.SSR.HalfResSceneColor:0]]
[2022.11.13-11.42.48:268][  0]LogConfig: Setting CVar [[r.SceneColorFormat:4]]
[2022.11.13-11.42.48:268][  0]LogConfig: Setting CVar [[r.DetailMode:2]]
[2022.11.13-11.42.48:268][  0]LogConfig: Setting CVar [[r.TranslucencyVolumeBlur:1]]
[2022.11.13-11.42.48:269][  0]LogConfig: Setting CVar [[r.MaterialQualityLevel:1 ; High quality]]
[2022.11.13-11.42.48:269][  0]LogConfig: Setting CVar [[r.AnisotropicMaterials:1]]
[2022.11.13-11.42.48:269][  0]LogConfig: Setting CVar [[r.SSS.Scale:1]]
[2022.11.13-11.42.48:269][  0]LogConfig: Setting CVar [[r.SSS.SampleSet:2]]
[2022.11.13-11.42.48:270][  0]LogConfig: Setting CVar [[r.SSS.Quality:1]]
[2022.11.13-11.42.48:270][  0]LogConfig: Setting CVar [[r.SSS.HalfRes:0]]
[2022.11.13-11.42.48:270][  0]LogConfig: Setting CVar [[r.SSGI.Quality:3]]
[2022.11.13-11.42.48:270][  0]LogConfig: Setting CVar [[r.EmitterSpawnRateScale:1.0]]
[2022.11.13-11.42.48:271][  0]LogConfig: Setting CVar [[r.ParticleLightQuality:2]]
[2022.11.13-11.42.48:271][  0]LogConfig: Setting CVar [[r.SkyAtmosphere.AerialPerspectiveLUT.FastApplyOnOpaque:1 ; Always have FastSkyLUT 1 in this case to avoid wrong sky]]
[2022.11.13-11.42.48:271][  0]LogConfig: Setting CVar [[r.SkyAtmosphere.AerialPerspectiveLUT.SampleCountMaxPerSlice:4]]
[2022.11.13-11.42.48:271][  0]LogConfig: Setting CVar [[r.SkyAtmosphere.AerialPerspectiveLUT.DepthResolution:16.0]]
[2022.11.13-11.42.48:272][  0]LogConfig: Setting CVar [[r.SkyAtmosphere.FastSkyLUT:1]]
[2022.11.13-11.42.48:275][  0]LogConfig: Setting CVar [[r.SkyAtmosphere.FastSkyLUT.SampleCountMin:4.0]]
[2022.11.13-11.42.48:275][  0]LogConfig: Setting CVar [[r.SkyAtmosphere.FastSkyLUT.SampleCountMax:128.0]]
[2022.11.13-11.42.48:276][  0]LogConfig: Setting CVar [[r.SkyAtmosphere.SampleCountMin:4.0]]
[2022.11.13-11.42.48:276][  0]LogConfig: Setting CVar [[r.SkyAtmosphere.SampleCountMax:128.0]]
[2022.11.13-11.42.48:277][  0]LogConfig: Setting CVar [[r.SkyAtmosphere.TransmittanceLUT.UseSmallFormat:0]]
[2022.11.13-11.42.48:277][  0]LogConfig: Setting CVar [[r.SkyAtmosphere.TransmittanceLUT.SampleCount:10.0]]
[2022.11.13-11.42.48:277][  0]LogConfig: Setting CVar [[r.SkyAtmosphere.MultiScatteringLUT.SampleCount:15.0]]
[2022.11.13-11.42.48:277][  0]LogConfig: Setting CVar [[r.SkyLight.RealTimeReflectionCapture:1]]
[2022.11.13-11.42.48:278][  0]LogConfig: Applying CVar settings from Section [FoliageQuality@3] File [C:/Users/danie/Documents/Gamedev VR/game/UE4 game/fpsgame/Saved/Config/Windows/Scalability.ini]
[2022.11.13-11.42.48:278][  0]LogConfig: Setting CVar [[foliage.DensityScale:1.0]]
[2022.11.13-11.42.48:278][  0]LogConfig: Setting CVar [[grass.DensityScale:1.0]]
[2022.11.13-11.42.48:278][  0]LogConfig: Applying CVar settings from Section [ShadingQuality@3] File [C:/Users/danie/Documents/Gamedev VR/game/UE4 game/fpsgame/Saved/Config/Windows/Scalability.ini]
[2022.11.13-11.42.48:279][  0]LogConfig: Setting CVar [[r.HairStrands.SkyLighting.IntegrationType:2]]
[2022.11.13-11.42.48:279][  0]LogConfig: Setting CVar [[r.HairStrands.SkyAO.SampleCount:4]]
[2022.11.13-11.42.48:279][  0]LogConfig: Setting CVar [[r.HairStrands.Visibility.MSAA.SamplePerPixel:4]]
[2022.11.13-11.42.48:279][  0]LogInit: Selected Device Profile: [Windows]
[2022.11.13-11.42.48:280][  0]LogInit: Applying CVar settings loaded from the selected device profile: [Windows]
[2022.11.13-11.42.48:280][  0]LogHAL: Display: Platform has ~ 16 GB [17128247296 / 17179869184 / 16], which maps to Larger [LargestMinGB=32, LargerMinGB=12, DefaultMinGB=8, SmallerMinGB=6, SmallestMinGB=0)
[2022.11.13-11.42.48:280][  0]LogInit: Going up to parent DeviceProfile []
[2022.11.13-11.42.48:281][  0]LogConfig: Applying CVar settings from Section [ViewDistanceQuality@3] File [C:/Users/danie/Documents/Gamedev VR/game/UE4 game/fpsgame/Saved/Config/Windows/Scalability.ini]
[2022.11.13-11.42.48:281][  0]LogConfig: Setting CVar [[r.SkeletalMeshLODBias:0]]
[2022.11.13-11.42.48:281][  0]LogConfig: Setting CVar [[r.ViewDistanceScale:1.0]]
[2022.11.13-11.42.48:281][  0]LogConfig: Applying CVar settings from Section [AntiAliasingQuality@3] File [C:/Users/danie/Documents/Gamedev VR/game/UE4 game/fpsgame/Saved/Config/Windows/Scalability.ini]
[2022.11.13-11.42.48:281][  0]LogConfig: Setting CVar [[r.PostProcessAAQuality:4]]
[2022.11.13-11.42.48:282][  0]LogConfig: Applying CVar settings from Section [ShadowQuality@3] File [C:/Users/danie/Documents/Gamedev VR/game/UE4 game/fpsgame/Saved/Config/Windows/Scalability.ini]
[2022.11.13-11.42.48:282][  0]LogConfig: Setting CVar [[r.LightFunctionQuality:1]]
[2022.11.13-11.42.48:282][  0]LogConfig: Setting CVar [[r.ShadowQuality:5]]
[2022.11.13-11.42.48:282][  0]LogConfig: Setting CVar [[r.Shadow.CSM.MaxCascades:10]]
[2022.11.13-11.42.48:283][  0]LogConfig: Setting CVar [[r.Shadow.MaxResolution:2048]]
[2022.11.13-11.42.48:283][  0]LogConfig: Setting CVar [[r.Shadow.MaxCSMResolution:2048]]
[2022.11.13-11.42.48:283][  0]LogConfig: Setting CVar [[r.Shadow.RadiusThreshold:0.01]]
[2022.11.13-11.42.48:284][  0]LogConfig: Setting CVar [[r.Shadow.DistanceScale:1.0]]
[2022.11.13-11.42.48:284][  0]LogConfig: Setting CVar [[r.Shadow.CSM.TransitionScale:1.0]]
[2022.11.13-11.42.48:284][  0]LogConfig: Setting CVar [[r.Shadow.PreShadowResolutionFactor:1.0]]
[2022.11.13-11.42.48:284][  0]LogConfig: Setting CVar [[r.DistanceFieldShadowing:1]]
[2022.11.13-11.42.48:285][  0]LogConfig: Setting CVar [[r.DistanceFieldAO:1]]
[2022.11.13-11.42.48:285][  0]LogConfig: Setting CVar [[r.AOQuality:2]]
[2022.11.13-11.42.48:285][  0]LogConfig: Setting CVar [[r.VolumetricFog:1]]
[2022.11.13-11.42.48:285][  0]LogConfig: Setting CVar [[r.VolumetricFog.GridPixelSize:8]]
[2022.11.13-11.42.48:286][  0]LogConfig: Setting CVar [[r.VolumetricFog.GridSizeZ:128]]
[2022.11.13-11.42.48:286][  0]LogConfig: Setting CVar [[r.VolumetricFog.HistoryMissSupersampleCount:4]]
[2022.11.13-11.42.48:286][  0]LogConfig: Setting CVar [[r.LightMaxDrawDistanceScale:1]]
[2022.11.13-11.42.48:287][  0]LogConfig: Setting CVar [[r.CapsuleShadows:1]]
[2022.11.13-11.42.48:287][  0]LogConfig: Applying CVar settings from Section [PostProcessQuality@3] File [C:/Users/danie/Documents/Gamedev VR/game/UE4 game/fpsgame/Saved/Config/Windows/Scalability.ini]
[2022.11.13-11.42.48:287][  0]LogConfig: Setting CVar [[r.MotionBlurQuality:4]]
[2022.11.13-11.42.48:287][  0]LogConfig: Setting CVar [[r.AmbientOcclusionMipLevelFactor:0.4]]
[2022.11.13-11.42.48:288][  0]LogConfig: Setting CVar [[r.AmbientOcclusionMaxQuality:100]]
[2022.11.13-11.42.48:290][  0]LogConfig: Setting CVar [[r.AmbientOcclusionLevels:-1]]
[2022.11.13-11.42.48:290][  0]LogConfig: Setting CVar [[r.AmbientOcclusionRadiusScale:1.0]]
[2022.11.13-11.42.48:291][  0]LogConfig: Setting CVar [[r.DepthOfFieldQuality:2]]
[2022.11.13-11.42.48:291][  0]LogConfig: Setting CVar [[r.RenderTargetPoolMin:400]]
[2022.11.13-11.42.48:291][  0]LogConfig: Setting CVar [[r.LensFlareQuality:2]]
[2022.11.13-11.42.48:291][  0]LogConfig: Setting CVar [[r.SceneColorFringeQuality:1]]
[2022.11.13-11.42.48:292][  0]LogConfig: Setting CVar [[r.EyeAdaptationQuality:2]]
[2022.11.13-11.42.48:292][  0]LogConfig: Setting CVar [[r.BloomQuality:5]]
[2022.11.13-11.42.48:292][  0]LogConfig: Setting CVar [[r.FastBlurThreshold:100]]
[2022.11.13-11.42.48:293][  0]LogConfig: Setting CVar [[r.Upscale.Quality:3]]
[2022.11.13-11.42.48:293][  0]LogConfig: Setting CVar [[r.Tonemapper.GrainQuantization:1]]
[2022.11.13-11.42.48:293][  0]LogConfig: Setting CVar [[r.LightShaftQuality:1]]
[2022.11.13-11.42.48:293][  0]LogConfig: Setting CVar [[r.Filter.SizeScale:1]]
[2022.11.13-11.42.48:294][  0]LogConfig: Setting CVar [[r.Tonemapper.Quality:5]]
[2022.11.13-11.42.48:294][  0]LogConfig: Setting CVar [[r.DOF.Gather.AccumulatorQuality:1        ; higher gathering accumulator quality]]
[2022.11.13-11.42.48:294][  0]LogConfig: Setting CVar [[r.DOF.Gather.PostfilterMethod:1          ; Median3x3 postfilering method]]
[2022.11.13-11.42.48:294][  0]LogConfig: Setting CVar [[r.DOF.Gather.EnableBokehSettings:0       ; no bokeh simulation when gathering]]
[2022.11.13-11.42.48:295][  0]LogConfig: Setting CVar [[r.DOF.Gather.RingCount:4                 ; medium number of samples when gathering]]
[2022.11.13-11.42.48:295][  0]LogConfig: Setting CVar [[r.DOF.Scatter.ForegroundCompositing:1    ; additive foreground scattering]]
[2022.11.13-11.42.48:295][  0]LogConfig: Setting CVar [[r.DOF.Scatter.BackgroundCompositing:2    ; additive background scattering]]
[2022.11.13-11.42.48:295][  0]LogConfig: Setting CVar [[r.DOF.Scatter.EnableBokehSettings:1      ; bokeh simulation when scattering]]
[2022.11.13-11.42.48:296][  0]LogConfig: Setting CVar [[r.DOF.Scatter.MaxSpriteRatio:0.1         ; only a maximum of 10% of scattered bokeh]]
[2022.11.13-11.42.48:296][  0]LogConfig: Setting CVar [[r.DOF.Recombine.Quality:1                ; cheap slight out of focus]]
[2022.11.13-11.42.48:296][  0]LogConfig: Setting CVar [[r.DOF.Recombine.EnableBokehSettings:0    ; no bokeh simulation on slight out of focus]]
[2022.11.13-11.42.48:296][  0]LogConfig: Setting CVar [[r.DOF.TemporalAAQuality:1                ; more stable temporal accumulation]]
[2022.11.13-11.42.48:297][  0]LogConfig: Setting CVar [[r.DOF.Kernel.MaxForegroundRadius:0.025]]
[2022.11.13-11.42.48:297][  0]LogConfig: Setting CVar [[r.DOF.Kernel.MaxBackgroundRadius:0.025]]
[2022.11.13-11.42.48:297][  0]LogConfig: Applying CVar settings from Section [TextureQuality@3] File [C:/Users/danie/Documents/Gamedev VR/game/UE4 game/fpsgame/Saved/Config/Windows/Scalability.ini]
[2022.11.13-11.42.48:297][  0]LogConfig: Setting CVar [[r.Streaming.MipBias:0]]
[2022.11.13-11.42.48:298][  0]LogConfig: Setting CVar [[r.Streaming.AmortizeCPUToGPUCopy:0]]
[2022.11.13-11.42.48:298][  0]LogConfig: Setting CVar [[r.Streaming.MaxNumTexturesToStreamPerFrame:0]]
[2022.11.13-11.42.48:298][  0]LogConfig: Setting CVar [[r.Streaming.Boost:1]]
[2022.11.13-11.42.48:298][  0]LogConfig: Setting CVar [[r.MaxAnisotropy:8]]
[2022.11.13-11.42.48:299][  0]LogConfig: Setting CVar [[r.VT.MaxAnisotropy:8]]
[2022.11.13-11.42.48:299][  0]LogConfig: Setting CVar [[r.Streaming.LimitPoolSizeToVRAM:0]]
[2022.11.13-11.42.48:299][  0]LogConfig: Setting CVar [[r.Streaming.PoolSize:1000]]
[2022.11.13-11.42.48:300][  0]LogConfig: Setting CVar [[r.Streaming.MaxEffectiveScreenSize:0]]
[2022.11.13-11.42.48:300][  0]LogConfig: Applying CVar settings from Section [EffectsQuality@3] File [C:/Users/danie/Documents/Gamedev VR/game/UE4 game/fpsgame/Saved/Config/Windows/Scalability.ini]
[2022.11.13-11.42.48:300][  0]LogConfig: Setting CVar [[r.TranslucencyLightingVolumeDim:64]]
[2022.11.13-11.42.48:300][  0]LogConfig: Setting CVar [[r.RefractionQuality:2]]
[2022.11.13-11.42.48:301][  0]LogConfig: Setting CVar [[r.SSR.Quality:3]]
[2022.11.13-11.42.48:301][  0]LogConfig: Setting CVar [[r.SSR.HalfResSceneColor:0]]
[2022.11.13-11.42.48:301][  0]LogConfig: Setting CVar [[r.SceneColorFormat:4]]
[2022.11.13-11.42.48:302][  0]LogConfig: Setting CVar [[r.DetailMode:2]]
[2022.11.13-11.42.48:302][  0]LogConfig: Setting CVar [[r.TranslucencyVolumeBlur:1]]
[2022.11.13-11.42.48:302][  0]LogConfig: Setting CVar [[r.MaterialQualityLevel:1 ; High quality]]
[2022.11.13-11.42.48:302][  0]LogConfig: Setting CVar [[r.AnisotropicMaterials:1]]
[2022.11.13-11.42.48:303][  0]LogConfig: Setting CVar [[r.SSS.Scale:1]]
[2022.11.13-11.42.48:303][  0]LogConfig: Setting CVar [[r.SSS.SampleSet:2]]
[2022.11.13-11.42.48:303][  0]LogConfig: Setting CVar [[r.SSS.Quality:1]]
[2022.11.13-11.42.48:303][  0]LogConfig: Setting CVar [[r.SSS.HalfRes:0]]
[2022.11.13-11.42.48:304][  0]LogConfig: Setting CVar [[r.SSGI.Quality:3]]
[2022.11.13-11.42.48:306][  0]LogConfig: Setting CVar [[r.EmitterSpawnRateScale:1.0]]
[2022.11.13-11.42.48:306][  0]LogConfig: Setting CVar [[r.ParticleLightQuality:2]]
[2022.11.13-11.42.48:307][  0]LogConfig: Setting CVar [[r.SkyAtmosphere.AerialPerspectiveLUT.FastApplyOnOpaque:1 ; Always have FastSkyLUT 1 in this case to avoid wrong sky]]
[2022.11.13-11.42.48:307][  0]LogConfig: Setting CVar [[r.SkyAtmosphere.AerialPerspectiveLUT.SampleCountMaxPerSlice:4]]
[2022.11.13-11.42.48:307][  0]LogConfig: Setting CVar [[r.SkyAtmosphere.AerialPerspectiveLUT.DepthResolution:16.0]]
[2022.11.13-11.42.48:307][  0]LogConfig: Setting CVar [[r.SkyAtmosphere.FastSkyLUT:1]]
[2022.11.13-11.42.48:308][  0]LogConfig: Setting CVar [[r.SkyAtmosphere.FastSkyLUT.SampleCountMin:4.0]]
[2022.11.13-11.42.48:308][  0]LogConfig: Setting CVar [[r.SkyAtmosphere.FastSkyLUT.SampleCountMax:128.0]]
[2022.11.13-11.42.48:308][  0]LogConfig: Setting CVar [[r.SkyAtmosphere.SampleCountMin:4.0]]
[2022.11.13-11.42.48:308][  0]LogConfig: Setting CVar [[r.SkyAtmosphere.SampleCountMax:128.0]]
[2022.11.13-11.42.48:309][  0]LogConfig: Setting CVar [[r.SkyAtmosphere.TransmittanceLUT.UseSmallFormat:0]]
[2022.11.13-11.42.48:309][  0]LogConfig: Setting CVar [[r.SkyAtmosphere.TransmittanceLUT.SampleCount:10.0]]
[2022.11.13-11.42.48:309][  0]LogConfig: Setting CVar [[r.SkyAtmosphere.MultiScatteringLUT.SampleCount:15.0]]
[2022.11.13-11.42.48:309][  0]LogConfig: Setting CVar [[r.SkyLight.RealTimeReflectionCapture:1]]
[2022.11.13-11.42.48:310][  0]LogConfig: Applying CVar settings from Section [FoliageQuality@3] File [C:/Users/danie/Documents/Gamedev VR/game/UE4 game/fpsgame/Saved/Config/Windows/Scalability.ini]
[2022.11.13-11.42.48:310][  0]LogConfig: Setting CVar [[foliage.DensityScale:1.0]]
[2022.11.13-11.42.48:310][  0]LogConfig: Setting CVar [[grass.DensityScale:1.0]]
[2022.11.13-11.42.48:310][  0]LogConfig: Applying CVar settings from Section [ShadingQuality@3] File [C:/Users/danie/Documents/Gamedev VR/game/UE4 game/fpsgame/Saved/Config/Windows/Scalability.ini]
[2022.11.13-11.42.48:311][  0]LogConfig: Setting CVar [[r.HairStrands.SkyLighting.IntegrationType:2]]
[2022.11.13-11.42.48:311][  0]LogConfig: Setting CVar [[r.HairStrands.SkyAO.SampleCount:4]]
[2022.11.13-11.42.48:311][  0]LogConfig: Setting CVar [[r.HairStrands.Visibility.MSAA.SamplePerPixel:4]]
[2022.11.13-11.42.48:311][  0]LogConfig: Applying CVar settings from Section [Startup] File [../../../Engine/Config/ConsoleVariables.ini]
[2022.11.13-11.42.48:312][  0]LogConfig: Setting CVar [[net.UseAdaptiveNetUpdateFrequency:0]]
[2022.11.13-11.42.48:312][  0]LogConfig: Setting CVar [[p.chaos.AllowCreatePhysxBodies:1]]
[2022.11.13-11.42.48:312][  0]LogConfig: Setting CVar [[fx.SkipVectorVMBackendOptimizations:1]]
[2022.11.13-11.42.48:313][  0]LogConfig: Applying CVar settings from Section [ConsoleVariables] File [C:/Users/danie/Documents/Gamedev VR/game/UE4 game/fpsgame/Saved/Config/Windows/Engine.ini]
[2022.11.13-11.42.48:313][  0]LogConfig: Applying CVar settings from Section [ConsoleVariables] File [C:/Users/danie/Documents/Gamedev VR/game/UE4 game/fpsgame/Saved/Config/Windows/Editor.ini]
[2022.11.13-11.42.48:313][  0]LogInit: Computer: DESKTOP-QG36584
[2022.11.13-11.42.48:313][  0]LogInit: User: danie
[2022.11.13-11.42.48:314][  0]LogInit: CPU Page size=4096, Cores=6
[2022.11.13-11.42.48:314][  0]LogInit: High frequency timer resolution =10.000000 MHz
[2022.11.13-11.42.48:314][  0]LogMemory: Memory total: Physical=16.0GB (16GB approx)
[2022.11.13-11.42.48:315][  0]LogMemory: Platform Memory Stats for Windows
[2022.11.13-11.42.48:315][  0]LogMemory: Process Physical Memory: 137.34 MB used, 137.35 MB peak
[2022.11.13-11.42.48:315][  0]LogMemory: Process Virtual Memory: 119.31 MB used, 119.31 MB peak
[2022.11.13-11.42.48:315][  0]LogMemory: Physical Memory: 9670.68 MB used,  6664.09 MB free, 16334.77 MB total
[2022.11.13-11.42.48:316][  0]LogMemory: Virtual Memory: 134211064.00 MB used,  6662.72 MB free, 134217728.00 MB total
[2022.11.13-11.42.48:318][  0]LogWindows: WindowsPlatformFeatures disabled or dedicated server build
[2022.11.13-11.42.48:327][  0]LogInit: Physics initialised using underlying interface: PhysX
[2022.11.13-11.42.48:328][  0]LogInit: Using OS detected language (en-US).
[2022.11.13-11.42.48:328][  0]LogInit: Using OS detected locale (en-GB).
[2022.11.13-11.42.48:331][  0]LogTextLocalizationManager: No specific localization for 'en-US' exists, so the 'en' localization will be used.
[2022.11.13-11.42.48:778][  0]LogTargetPlatformManager: Display: Loaded TargetPlatform 'WindowsNoEditor'
[2022.11.13-11.42.48:781][  0]LogTargetPlatformManager: Display: Loaded TargetPlatform 'Windows'
[2022.11.13-11.42.48:784][  0]LogTargetPlatformManager: Display: Loaded TargetPlatform 'WindowsClient'
[2022.11.13-11.42.48:787][  0]LogTargetPlatformManager: Display: Loaded TargetPlatform 'WindowsServer'
[2022.11.13-11.42.48:787][  0]LogTargetPlatformManager: Display: Building Assets For Windows
[2022.11.13-11.42.48:790][  0]LogAudioDebug: Display: Lib vorbis DLL was dynamically loaded.
[2022.11.13-11.42.48:804][  0]LogTextureFormatOodle: Display: Oodle Texture 2.9.0 init RDO Off
[2022.11.13-11.42.48:815][  0]LogRendererCore: Ray tracing is disabled. Reason: r.RayTracing=0.
[2022.11.13-11.42.48:815][  0]LogShaderCompilers: Guid format shader working directory is -27 characters bigger than the processId version (../../../../../../Users/danie/Documents/Gamedev VR/game/UE4 game/fpsgame/Intermediate/Shaders/WorkingDirectory/11064/).
[2022.11.13-11.42.48:816][  0]LogShaderCompilers: Cleaned the shader compiler working directory 'C:/Users/danie/AppData/Local/Temp/UnrealShaderWorkingDir/94EDA05743BA4742D190F18AF2ACA365/'.
[2022.11.13-11.42.48:816][  0]LogXGEController: Cannot use XGE Controller as Incredibuild is not installed on this machine.
[2022.11.13-11.42.48:816][  0]LogShaderCompilers: Cannot use XGE Shader Compiler as Incredibuild is not installed on this machine.
[2022.11.13-11.42.48:816][  0]LogShaderCompilers: Display: Using Local Shader Compiler.
[2022.11.13-11.42.49:267][  0]LogDerivedDataCache: Display: Max Cache Size: 512 MB
[2022.11.13-11.42.49:315][  0]LogDerivedDataCache: Loaded boot cache 0.05s 94MB C:/Users/danie/AppData/Local/UnrealEngine/4.27/DerivedDataCache/Boot.ddc.
[2022.11.13-11.42.49:315][  0]LogDerivedDataCache: Display: Loaded Boot cache: C:/Users/danie/AppData/Local/UnrealEngine/4.27/DerivedDataCache/Boot.ddc
[2022.11.13-11.42.49:316][  0]LogDerivedDataCache: FDerivedDataBackendGraph:  Pak pak cache file ../../../../../../Users/danie/Documents/Gamedev VR/game/UE4 game/fpsgame/DerivedDataCache/DDC.ddp not found, will not use a pak cache.
[2022.11.13-11.42.49:316][  0]LogDerivedDataCache: Unable to find inner node Pak for hierarchical cache Hierarchy.
[2022.11.13-11.42.49:316][  0]LogDerivedDataCache: FDerivedDataBackendGraph:  CompressedPak pak cache file ../../../../../../Users/danie/Documents/Gamedev VR/game/UE4 game/fpsgame/DerivedDataCache/Compressed.ddp not found, will not use a pak cache.
[2022.11.13-11.42.49:316][  0]LogDerivedDataCache: Unable to find inner node CompressedPak for hierarchical cache Hierarchy.
[2022.11.13-11.42.49:334][  0]LogDerivedDataCache: Display: Pak cache opened for reading ../../../Engine/DerivedDataCache/Compressed.ddp.
[2022.11.13-11.42.49:334][  0]LogDerivedDataCache: FDerivedDataBackendGraph:  EnterprisePak pak cache file ../../../Enterprise/DerivedDataCache/Compressed.ddp not found, will not use a pak cache.
[2022.11.13-11.42.49:335][  0]LogDerivedDataCache: Unable to find inner node EnterprisePak for hierarchical cache Hierarchy.
[2022.11.13-11.42.49:343][  0]LogDerivedDataCache: Speed tests for C:/Users/danie/AppData/Local/UnrealEngine/Common/DerivedDataCache took 0.01 seconds
[2022.11.13-11.42.49:343][  0]LogDerivedDataCache: Display: Performance to C:/Users/danie/AppData/Local/UnrealEngine/Common/DerivedDataCache: Latency=0.03ms. RandomReadSpeed=356.72MBs, RandomWriteSpeed=167.38MBs. Assigned SpeedClass 'Local'
[2022.11.13-11.42.49:344][  0]LogDerivedDataCache: Using Local data cache path C:/Users/danie/AppData/Local/UnrealEngine/Common/DerivedDataCache: Writable
[2022.11.13-11.42.49:344][  0]LogDerivedDataCache: Shared data cache path not found in *engine.ini, will not use an Shared cache.
[2022.11.13-11.42.49:345][  0]LogDerivedDataCache: Unable to find inner node Shared for hierarchical cache Hierarchy.
[2022.11.13-11.42.49:346][  0]LogInit: Using OS detected language (en-US).
[2022.11.13-11.42.49:346][  0]LogInit: Using OS detected locale (en-GB).
[2022.11.13-11.42.49:346][  0]LogTextLocalizationManager: No localization for 'en-US' exists, so 'en' will be used for the language.
[2022.11.13-11.42.49:347][  0]LogTextLocalizationManager: No localization for 'en-GB' exists, so 'en' will be used for the locale.
[2022.11.13-11.42.49:350][  0]LogTextLocalizationManager: Compacting localization data took   0.00ms
[2022.11.13-11.42.49:351][  0]LogAssetRegistry: FAssetRegistry took 0.0021 seconds to start up
[2022.11.13-11.42.49:493][  0]LogPackageLocalizationCache: Processed 27 localized package path(s) for 1 prioritized culture(s) in 0.001041 seconds
[2022.11.13-11.42.49:573][  0]LogInit: Selected Device Profile: [Windows]
[2022.11.13-11.42.49:573][  0]LogInit: Active device profile: [000002EB39DD0500][000002EB393F7880 49] Windows
[2022.11.13-11.42.49:574][  0]LogInit: Profiles: [000002EB39DD0500][000002EB393F7880 49] Windows, [000002EB39DBF600][000002EB39405B40 49] WindowsNoEditor, [000002EB39DBC100][000002EB393FA240 49] WindowsServer, [000002EB39DD3000][000002EB394084C0 49] WindowsClient, [000002EB39DD0200][000002EB39410780 49] IOS, [000002EB39E03D00][000002EB39414A40 49] iPadAir, [000002EB39DD3A00][000002EB39418D00 49] iPadAir2, [000002EB39D6C200][000002EB39433240 49] IPadPro, [000002EB39D67F00][000002EB3941D280 49] iPadAir3, [000002EB39DBD000][000002EB3942B540 49] iPadAir4, [000002EB39D64500][000002EB39427800 49] iPadMini2, [000002EB39DBC200][000002EB3942FAC0 49] iPadMini3, [000002EB39D65200][000002EB3943C200 49] iPadMini4, [000002EB39DBF800][000002EB3940C480 49] iPadMini5, [000002EB39E01600][000002EB39454980 49] iPhone6, [000002EB39E01700][000002EB394409C0 49] iPodTouch6, [000002EB39D66100][000002EB3945CF00 49] iPhone7, [000002EB39D66200][000002EB3944CF40 49] iPodTouch7, [000002EB39E02600][000002EB39451200 49] iPhone5S, [000002EB39D67100][000002EB394494C0 49] iPhone6Plus, [000002EB39E03B00][000002EB39459780 49] iPhone6S, [000002EB39D66B00][000002EB39461A40 49] iPhone6SPlus, [000002EB39E00A00][000002EB39464180 49] iPhone7Plus, [000002EB39D66F00][000002EB39468440 49] iPhoneSE, [000002EB39E01000][000002EB394446C0 49] iPhone8, [000002EB39D67C00][000002EB3946C940 49] iPhone8Plus, [000002EB39E03200][000002EB39474C00 49] iPhoneX, [000002EB39D66C00][000002EB39478EC0 49] iPhoneXS, [000002EB39E02B00][000002EB3947D180 49] iPhoneXSMax, [000002EB39D66900][000002EB39481440 49] iPhoneXR, [000002EB39E02F00][000002EB39485700 49] iPhone11, [000002EB39D64A00][000002EB394899C0 49] iPhone11Pro, [000002EB39E03E00][000002EB3948C100 49] iPhone11ProMax, [000002EB39D65400][000002EB394903C0 49] iPhoneSE2, [000002EB39E03F00][000002EB39494680 49] iPhone12Mini, [000002EB39D67D00][000002EB39470900 49] iPhone12, [000002EB39E01200][000002EB39498B80 49] iPhone12Pro, [000002EB39D67500][000002EB394A0E40 49] iPhone12ProMax, [000002EB39E00200][000002EB394A5100 49] iPadPro105, [000002EB39D65A00][000002EB394A93C0 49] iPadPro129, [000002EB39E00D00][000002EB394AD680 49] iPadPro97, [000002EB39D64900][000002EB394B1940 49] iPadPro2_129, [000002EB39E01A00][000002EB394B5C00 49] iPad5, [000002EB39D65C00][000002EB394B8340 49] iPad6, [000002EB39E03900][000002EB394BC600 49] iPad7, [000002EB39D66600][000002EB38DB28C0 49] iPad8, [000002EB39E03000][000002EB3949CB40 49] iPadPro11, [000002EB39D65500][000002EB38DB6DC0 49] iPadPro2_11, [000002EB39E02100][000002EB38DBF080 49] iPadPro3_129, [000002EB39D65D00][000002EB38DC3340 49] iPadPro4_129, [000002EB39E02400][000002EB38DC7600 49] AppleTV, [000002EB39D66E00][000002EB38DCB8C0 49] AppleTV4K, [000002EB39E00500][000002EB38DCFB80 49] TVOS, [000002EB39D67A00][000002EB38DD22C0 49] Mac, [000002EB39E02900][000002EB38DD6580 49] MacClient, [000002EB39D65700][000002EB38DDA840 49] MacNoEditor, [000002EB39E01100][000002EB38DDEB00 49] MacServer, [000002EB39D67B00][000002EB38DBAD80 49] Linux, [000002EB39E00600][000002EB38DE3000 49] LinuxAArch64, [000002EB39D64400][000002EB38DEB2C0 49] LinuxNoEditor, [000002EB39E02200][000002EB38DEF580 49] LinuxAArch64NoEditor, [000002EB39DD0100][000002EB38DF3840 49] LinuxClient, [000002EB39D6C700][000002EB38DF7B00 49] LinuxAArch64Client, [000002EB39DD1900][000002EB38DFA240 49] LinuxServer, [000002EB39D6CA00][000002EB38DFE500 49] LinuxAArch64Server, [000002EB39DD2D00][000002EB38E027C0 49] Android, [000002EB39D6D400][000002EB38E06A80 49] Android_Low, [000002EB39DD1100][000002EB38E0AD40 49] Android_Mid, [000002EB39D6CE00][000002EB38DE6FC0 49] Android_High, [000002EB39DD0800][000002EB38E0F240 49] Android_Default, [000002EB39D6E600][000002EB38E17500 49] Android_Adreno4xx, [000002EB39DD1400][000002EB38E1B7C0 49] Android_Adreno5xx_Low, [000002EB39D6E400][000002EB38E1FA80 49] Android_Adreno5xx, [000002EB39DD0700][000002EB38E221C0 49] Android_Adreno6xx, [000002EB39D6EC00][000002EB38E26480 49] Android_Adreno6xx_Vulkan, [000002EB39DD3B00][000002EB38E2A740 49] Android_Mali_T6xx, [000002EB39D6C500][000002EB38E2EA00 49] Android_Mali_T7xx, [000002EB39DD0300][000002EB38E32CC0 49] Android_Mali_T8xx, [000002EB39D6F000][000002EB38E36F80 49] Android_Mali_G71, [000002EB39DD2900][000002EB38E13200 49] Android_Mali_G72, [000002EB39D6E500][000002EB38E3F4C0 49] Android_Mali_G72_Vulkan, [000002EB39DD1B00][000002EB38E43780 49] Android_Mali_G76, [000002EB39D6F100][000002EB38E47A40 49] Android_Mali_G76_Vulkan, [000002EB39DD1E00][000002EB38E4A180 49] Android_Mali_G77, [000002EB39D6FB00][000002EB38E4E440 49] Android_Mali_G77_Vulkan, [000002EB39DD3C00][000002EB38E52700 49] Android_Mali_G78, [000002EB39D6FF00][000002EB38E569C0 49] Android_Mali_G78_Vulkan, [000002EB39DD2400][000002EB38E5AC80 49] Android_Mali_G710, [000002EB39D6D300][000002EB38E5EF40 49] Android_Mali_G710_Vulkan, [000002EB39DD3100][000002EB38E3B1C0 49] Android_Vulkan_SM5, [000002EB39D66400][000002EB38E63440 49] Android_PowerVR_G6xxx, [000002EB39DD1D00][000002EB38E6B700 49] Android_PowerVR_GT7xxx, [000002EB39D64100][000002EB38E6F9C0 49] Android_PowerVR_GE8xxx, [000002EB39DD3200][000002EB38E72100 49] Android_PowerVR_GM9xxx, [000002EB39D64300][000002EB38E763C0 49] Android_PowerVR_GM9xxx_Vulkan, [000002EB39DD3300][000002EB38E7A680 49] Android_TegraK1, [000002EB39D65600][000002EB38E7E940 49] Android_Unknown_Vulkan, [000002EB39DD2000][000002EB38E82C00 49] Lumin, [000002EB39D64B00][000002EB38E86EC0 49] Lumin_Desktop, [000002EB39DD0D00][000002EB38E8B180 49] HoloLens, 
[2022.11.13-11.42.49:592][  0]LogMeshReduction: Using QuadricMeshReduction for automatic static mesh reduction
[2022.11.13-11.42.49:592][  0]LogMeshReduction: Using SimplygonMeshReduction for automatic skeletal mesh reduction
[2022.11.13-11.42.49:593][  0]LogMeshReduction: Using ProxyLODMeshReduction for automatic mesh merging
[2022.11.13-11.42.49:593][  0]LogMeshReduction: No distributed automatic mesh merging module available
[2022.11.13-11.42.49:593][  0]LogMeshMerging: No distributed automatic mesh merging module available
[2022.11.13-11.42.49:603][  0]LogNetVersion: fpsgame 1.0.0, NetCL: 17155196, EngineNetVer: 17, GameNetVer: 0 (Checksum: 3215450660)
[2022.11.13-11.42.49:690][  0]LogTexture: Default maximum texture size for cubemaps generated from long-lat sources has been changed from 512 to unlimited. In order to preserve old behaiour for '/Engine/MapTemplates/Sky/DaylightAmbientCubemap.DaylightAmbientCubemap', its maximum texture size has been explicitly set to 512.
[2022.11.13-11.42.49:703][  0]LogHMD: PokeAHoleMaterial loaded successfully
[2022.11.13-11.42.49:761][  0]LogPython: Using Python 3.7.7
[2022.11.13-11.42.50:145][  0]LogNiagaraDebuggerClient: Niagara Debugger Client Initialized | Session: AA99581A44FC716285B27284FA96B310 | Instance: 0974108F4BD8AA9307554498B44BA8B0 (DESKTOP-QG36584-11064).
[2022.11.13-11.42.50:158][  0]LogCollectionManager: Loaded 0 collections in 0.001651 seconds
[2022.11.13-11.42.50:160][  0]LogFileCache: Scanning file cache for directory 'C:/Users/danie/Documents/Gamedev VR/game/UE4 game/fpsgame/Saved/Collections/' took 0.00s
[2022.11.13-11.42.50:160][  0]LogFileCache: Scanning file cache for directory 'C:/Users/danie/Documents/Gamedev VR/game/UE4 game/fpsgame/Content/Developers/danie/Collections/' took 0.00s
[2022.11.13-11.42.50:160][  0]LogFileCache: Scanning file cache for directory 'C:/Users/danie/Documents/Gamedev VR/game/UE4 game/fpsgame/Content/Collections/' took 0.00s
[2022.11.13-11.42.50:161][  0]LogCollectionManager: Fixed up redirectors for 0 collections in 0.000001 seconds (updated 0 objects)
[2022.11.13-11.42.50:227][  0]LogTcpMessaging: Initializing TcpMessaging bridge
[2022.11.13-11.42.50:229][  0]LogUdpMessaging: Initializing bridge on interface 0.0.0.0:0 to multicast group 230.0.0.1:6666.
[2022.11.13-11.42.50:287][  0]SourceControl: Source control is disabled
[2022.11.13-11.42.50:288][  0]SourceControl: Source control is disabled
[2022.11.13-11.42.50:289][  0]SourceControl: Source control is disabled
[2022.11.13-11.42.50:291][  0]LogUProjectInfo: Found projects:
[2022.11.13-11.42.50:326][  0]LogOpenImageDenoise: OIDN starting up
[2022.11.13-11.42.50:342][  0]LogAndroidPermission: UAndroidPermissionCallbackProxy::GetInstance
[2022.11.13-11.42.50:350][  0]LogAudioCaptureCore: Display: No Audio Capture implementations found. Audio input will be silent.
[2022.11.13-11.42.50:350][  0]LogAudioCaptureCore: Display: No Audio Capture implementations found. Audio input will be silent.
[2022.11.13-11.42.50:393][  0]LogOcInput: OculusInput pre-init called
[2022.11.13-11.42.50:402][  0]LogUObjectArray: 22048 objects as part of root set at end of initial load.
[2022.11.13-11.42.50:402][  0]LogUObjectAllocator: 5965952 out of 0 bytes used by permanent object pool.
[2022.11.13-11.42.50:402][  0]LogUObjectArray: CloseDisregardForGC: 0/0 objects in disregard for GC pool
[2022.11.13-11.42.50:436][  0]LogClass: Display: StructProperty FRewindDataStruct::SnapshotPosition is not initialized properly. Module:fpsgame File:RewindComponent.h
[2022.11.13-11.42.50:436][  0]LogClass: Display: StructProperty FRewindDataStruct::SnapshotRotation is not initialized properly. Module:fpsgame File:RewindComponent.h
[2022.11.13-11.42.50:437][  0]LogClass: Display: StructProperty FRewindDataStruct::SnapshotScale is not initialized properly. Module:fpsgame File:RewindComponent.h
[2022.11.13-11.42.50:437][  0]LogClass: Display: BoolProperty FWeaponRecoil::bHasRecoil is not initialized properly. Module:fpsgame File:WeaponActor.h
[2022.11.13-11.42.50:437][  0]LogClass: Display: BoolProperty FWeaponRecoil::bUsesControlRotationForHipfireRecoil is not initialized properly. Module:fpsgame File:WeaponActor.h
[2022.11.13-11.42.50:437][  0]LogClass: Warning: ObjectProperty FWeaponRecoil::RecoilVectorCurve is not initialized properly. Module:fpsgame File:WeaponActor.h
[2022.11.13-11.42.50:437][  0]LogClass: Display: FloatProperty FWeaponRecoil::RecoveryTime is not initialized properly. Module:fpsgame File:WeaponActor.h
[2022.11.13-11.42.50:437][  0]LogClass: Display: FloatProperty FWeaponStats::MaxRange is not initialized properly. Module:fpsgame File:WeaponActor.h
[2022.11.13-11.42.50:437][  0]LogClass: Display: FloatProperty FWeaponStats::FireRate is not initialized properly. Module:fpsgame File:WeaponActor.h
[2022.11.13-11.42.50:437][  0]LogClass: Display: IntProperty FWeaponStats::CartridgeBullets is not initialized properly. Module:fpsgame File:WeaponActor.h
[2022.11.13-11.42.50:437][  0]LogClass: Display: IntProperty FWeaponStats::BurstNumber is not initialized properly. Module:fpsgame File:WeaponActor.h
[2022.11.13-11.42.50:437][  0]LogClass: Display: FloatProperty FWeaponStats::BurstFireRate is not initialized properly. Module:fpsgame File:WeaponActor.h
[2022.11.13-11.42.50:437][  0]LogClass: Display: IntProperty FWeaponStats::MaxMagSize is not initialized properly. Module:fpsgame File:WeaponActor.h
[2022.11.13-11.42.50:437][  0]LogClass: Display: IntProperty FWeaponStats::MagAmmo is not initialized properly. Module:fpsgame File:WeaponActor.h
[2022.11.13-11.42.50:437][  0]LogClass: Display: FloatProperty FWeaponStats::BaseDamageTorso is not initialized properly. Module:fpsgame File:WeaponActor.h
[2022.11.13-11.42.50:437][  0]LogClass: Display: FloatProperty FWeaponStats::BaseDamageHead is not initialized properly. Module:fpsgame File:WeaponActor.h
[2022.11.13-11.42.50:437][  0]LogClass: Display: FloatProperty FWeaponStats::BaseDamageLegs is not initialized properly. Module:fpsgame File:WeaponActor.h
[2022.11.13-11.42.50:437][  0]LogClass: Display: FloatProperty FWeaponStats::BaseHipfireSpreadAngleInDegrees is not initialized properly. Module:fpsgame File:WeaponActor.h
[2022.11.13-11.42.50:437][  0]LogClass: Display: FloatProperty FWeaponStats::BaseMovementSpreadMultiplier is not initialized properly. Module:fpsgame File:WeaponActor.h
[2022.11.13-11.42.50:438][  0]LogClass: Display: EnumProperty FWeaponMetaData::GunModel is not initialized properly. Module:fpsgame File:WeaponActor.h
[2022.11.13-11.42.50:438][  0]LogClass: Display: EnumProperty FWeaponMetaData::WAWeaponType is not initialized properly. Module:fpsgame File:WeaponActor.h
[2022.11.13-11.42.50:438][  0]LogClass: Display: EnumProperty FWeaponMetaData::WAWeaponFireType is not initialized properly. Module:fpsgame File:WeaponActor.h
[2022.11.13-11.42.50:438][  0]LogClass: Display: EnumProperty FWeaponMetaData::WAWeaponHitDetectionType is not initialized properly. Module:fpsgame File:WeaponActor.h
[2022.11.13-11.42.50:438][  0]LogClass: Display: EnumProperty FWeaponMetaData::TypeOfEquip is not initialized properly. Module:fpsgame File:WeaponActor.h
[2022.11.13-11.42.50:438][  0]LogClass: Warning: ObjectProperty FWeaponVisualAssets::GunMesh is not initialized properly. Module:fpsgame File:WeaponActor.h
[2022.11.13-11.42.50:438][  0]LogClass: Warning: ObjectProperty FWeaponVisualAssets::TracerEffect is not initialized properly. Module:fpsgame File:WeaponActor.h
[2022.11.13-11.42.50:438][  0]LogClass: Warning: ObjectProperty FWeaponVisualAssets::MuzzleFlash is not initialized properly. Module:fpsgame File:WeaponActor.h
[2022.11.13-11.42.50:438][  0]LogClass: Display: StructProperty FWeaponPositionalDetails::BasePosition is not initialized properly. Module:fpsgame File:WeaponActor.h
[2022.11.13-11.42.50:438][  0]LogClass: Display: StructProperty FWeaponPositionalDetails::BaseRotation is not initialized properly. Module:fpsgame File:WeaponActor.h
[2022.11.13-11.42.50:438][  0]LogClass: Display: StructProperty FWeaponPositionalDetails::BaseScale is not initialized properly. Module:fpsgame File:WeaponActor.h
[2022.11.13-11.42.50:438][  0]LogClass: Display: StructProperty FWeaponPositionalDetails::TPBaseScale is not initialized properly. Module:fpsgame File:WeaponActor.h
[2022.11.13-11.42.50:438][  0]LogClass: Display: StructProperty FWeaponPositionalDetails::TPBaseRotation is not initialized properly. Module:fpsgame File:WeaponActor.h
[2022.11.13-11.42.50:438][  0]LogClass: Display: StructProperty FWeaponPositionalDetails::TPBasePosition is not initialized properly. Module:fpsgame File:WeaponActor.h
[2022.11.13-11.42.50:439][  0]LogClass: Display: StructProperty FWeaponPositionalDetails::MuzzlePosition is not initialized properly. Module:fpsgame File:WeaponActor.h
[2022.11.13-11.42.50:439][  0]LogClass: Display: 34 Uninitialized script struct members found including 4 object properties
[2022.11.13-11.42.50:439][  0]LogAutomationTest: Warning: ObjectProperty FWeaponRecoil::RecoilVectorCurve is not initialized properly. Module:fpsgame File:WeaponActor.h
[2022.11.13-11.42.50:440][  0]LogAutomationTest: Warning: ObjectProperty FWeaponVisualAssets::GunMesh is not initialized properly. Module:fpsgame File:WeaponActor.h
[2022.11.13-11.42.50:440][  0]LogAutomationTest: Warning: ObjectProperty FWeaponVisualAssets::TracerEffect is not initialized properly. Module:fpsgame File:WeaponActor.h
[2022.11.13-11.42.50:440][  0]LogAutomationTest: Warning: ObjectProperty FWeaponVisualAssets::MuzzleFlash is not initialized properly. Module:fpsgame File:WeaponActor.h
[2022.11.13-11.42.50:440][  0]LogEngine: Initializing Engine...
[2022.11.13-11.42.50:441][  0]LogStats: UGameplayTagsManager::InitializeManager -  0.000 s
[2022.11.13-11.42.50:456][  0]LogInit: Initializing FReadOnlyCVARCache
[2022.11.13-11.42.50:456][  0]LogNetVersion: Set ProjectVersion to 1.0.0.0. Version Checksum will be recalculated on next use.
[2022.11.13-11.42.50:458][  0]LogInit: Texture streaming: Disabled
[2022.11.13-11.42.50:481][  0]LogInit: Display: Game Engine Initialized.
[2022.11.13-11.42.50:481][  0]LogNiagaraEditor: GEditor isn't valid! Particle reset commands will not work for Niagara components!
[2022.11.13-11.42.50:506][  0]LogInit: Display: Starting Game.
[2022.11.13-11.42.50:506][  0]LogNet: Browse: /Game/Maps/TestMap?Name=Player
[2022.11.13-11.42.50:506][  0]LogLoad: LoadMap: /Game/Maps/TestMap?Name=Player
[2022.11.13-11.42.50:506][  0]LogWorld: BeginTearingDown for /Temp/Untitled_0
[2022.11.13-11.42.50:508][  0]LogWorld: UWorld::CleanupWorld for Untitled, bSessionEnded=true, bCleanupResources=true
[2022.11.13-11.42.50:519][  0]LogUObjectHash: Compacting FUObjectHashTables data took   0.74ms
[2022.11.13-11.42.50:634][  0]LogAIModule: Creating AISystem for world TestMap
[2022.11.13-11.42.50:828][  0]LogLoad: Game class is 'BP_FPSGameModeDefault_C'
[2022.11.13-11.42.50:829][  0]LogNet: PktLoss set to 0
[2022.11.13-11.42.50:829][  0]LogNet: PktLagMin set to 0
[2022.11.13-11.42.50:830][  0]LogNet: PktLagMax set to 0
[2022.11.13-11.42.50:830][  0]LogNet: PktIncomingLagMin set to 0
[2022.11.13-11.42.50:830][  0]LogNet: PktIncomingLagMax set to 0
[2022.11.13-11.42.50:830][  0]LogNet: PktIncomingLoss set to 0
[2022.11.13-11.42.50:830][  0]LogNet: PktLoss set to 0
[2022.11.13-11.42.50:830][  0]LogNet: PktLagMin set to 0
[2022.11.13-11.42.50:831][  0]LogNet: PktLagMax set to 0
[2022.11.13-11.42.50:831][  0]LogNet: PktIncomingLagMin set to 0
[2022.11.13-11.42.50:831][  0]LogNet: PktIncomingLagMax set to 0
[2022.11.13-11.42.50:831][  0]LogNet: PktIncomingLoss set to 0
[2022.11.13-11.42.50:831][  0]LogNet: PktLoss set to 0
[2022.11.13-11.42.50:831][  0]LogNet: PktLagMin set to 0
[2022.11.13-11.42.50:831][  0]LogNet: PktLagMax set to 0
[2022.11.13-11.42.50:832][  0]LogNet: PktIncomingLagMin set to 0
[2022.11.13-11.42.50:832][  0]LogNet: PktIncomingLagMax set to 0
[2022.11.13-11.42.50:833][  0]LogNet: PktIncomingLoss set to 0
[2022.11.13-11.42.50:834][  0]LogNet: ReplicationDriverClass is null! Not using ReplicationDriver.
[2022.11.13-11.42.50:834][  0]LogNetCore: DDoS detection status: detection enabled: 0 analytics enabled: 0
[2022.11.13-11.42.50:834][  0]LogInit: WinSock: Socket queue. Rx: 131072 (config 131072) Tx: 131072 (config 131072)
[2022.11.13-11.42.50:835][  0]LogNet: Created socket for bind address: 0.0.0.0 on port 17777
[2022.11.13-11.42.50:835][  0]PacketHandlerLog: Loaded PacketHandler component: Engine.EngineHandlerComponentFactory (StatelessConnectHandlerComponent)
[2022.11.13-11.42.50:835][  0]LogNet: GameNetDriver IpNetDriver_0 IpNetDriver listening on port 17777
[2022.11.13-11.42.50:837][  0]LogWorld: Bringing World /Game/Maps/TestMap.TestMap up for play (max tick rate 30) at 2022.11.13-11.42.50
[2022.11.13-11.42.50:837][  0]LogWorld: Bringing up level for play took: 0.001160
[2022.11.13-11.42.50:837][  0]LogGameMode: Display: Match State Changed from EnteringMap to WaitingToStart
[2022.11.13-11.42.50:838][  0]LogGameState: Match State Changed from EnteringMap to WaitingToStart
[2022.11.13-11.42.50:838][  0]LogLoad: Took 0.331180 seconds to LoadMap(/Game/Maps/TestMap)
[2022.11.13-11.42.50:843][  0]LogInit: Display: Engine is initialized. Leaving FEngineLoop::Init()
[2022.11.13-11.42.50:843][  0]LogLoad: (Engine Initialization) Total time: 4.77 seconds
[2022.11.13-11.42.50:843][  0]LogLoad: (Engine Initialization) Total Blueprint compile time: 0.00 seconds
[2022.11.13-11.42.50:977][  3]LogNet: NotifyAcceptingConnection accepted from: 127.0.0.1:56707
[2022.11.13-11.42.50:977][  3]LogHandshake: SendConnectChallenge. Timestamp: 0.132979, Cookie: 162111144232236053227074139221198163247017116240228115006153
[2022.11.13-11.42.51:010][  4]LogNet: NotifyAcceptingConnection accepted from: 127.0.0.1:56707
[2022.11.13-11.42.51:010][  4]LogHandshake: SendChallengeAck. InCookie: 162111144232236053227074139221198163247017116240228115006153
[2022.11.13-11.42.51:011][  4]LogNet: Server accepting post-challenge connection from: 127.0.0.1:56707
[2022.11.13-11.42.51:011][  4]PacketHandlerLog: Loaded PacketHandler component: Engine.EngineHandlerComponentFactory (StatelessConnectHandlerComponent)
[2022.11.13-11.42.51:011][  4]LogNet: NotifyAcceptedConnection: Name: TestMap, TimeStamp: 11/13/22 11:42:51, [UNetConnection] RemoteAddr: 127.0.0.1:56707, Name: IpConnection_0, Driver: GameNetDriver IpNetDriver_0, IsServer: YES, PC: NULL, Owner: NULL, UniqueId: INVALID
[2022.11.13-11.42.51:012][  4]LogNet: AddClientConnection: Added client connection: [UNetConnection] RemoteAddr: 127.0.0.1:56707, Name: IpConnection_0, Driver: GameNetDriver IpNetDriver_0, IsServer: YES, PC: NULL, Owner: NULL, UniqueId: INVALID
[2022.11.13-11.42.51:044][  5]LogNet: NotifyAcceptingChannel Control 0 server World /Game/Maps/TestMap.TestMap: Accepted
[2022.11.13-11.42.51:044][  5]LogNet: Remote platform little endian=1
[2022.11.13-11.42.51:045][  5]LogNet: This platform little endian=1
[2022.11.13-11.42.51:045][  5]LogNetVersion: fpsgame 1.0.0.0, NetCL: 17155196, EngineNetVer: 17, GameNetVer: 0 (Checksum: 1484303137)
[2022.11.13-11.42.51:078][  6]LogNet: Login request: ?PktLagMin=0?PktLagMax=0?PktLoss=0?PktIncomingLagMin=0?PktIncomingLagMax=0?PktIncomingLoss=0?Name=DESKTOP-QG36584-0D28398F40DBEB20B87B338C2A51EDA7 userId: NULL:DESKTOP-QG36584-0D28398F40DBEB20B87B338C2A51EDA7 platform: NULL
[2022.11.13-11.42.51:111][  7]LogNet: Client netspeed is 100000
[2022.11.13-11.42.51:111][  7]LogNet: Join request: /Engine/Maps/Entry?PktLagMin=0?PktLagMax=0?PktLoss=0?PktIncomingLagMin=0?PktIncomingLagMax=0?PktIncomingLoss=0?Name=DESKTOP-QG36584-0D28398F40DBEB20B87B338C2A51EDA7?SplitscreenCount=1
[2022.11.13-11.42.51:112][  7]LogOnlineSession: Warning: OSS: No game present to join for session (GameSession)
[2022.11.13-11.42.51:113][  7]LogGameMode: Display: Match State Changed from WaitingToStart to InProgress
[2022.11.13-11.42.51:114][  7]LogTemp: Warning: Numebr of rewind components = 1
[2022.11.13-11.42.51:115][  7]LogGameState: Match State Changed from WaitingToStart to InProgress
[2022.11.13-11.42.51:115][  7]LogNet: Join succeeded: DESKTOP-QG36584-0D28
[2022.11.13-11.42.51:475][ 18]LogNet: NotifyAcceptingConnection accepted from: 127.0.0.1:56710
[2022.11.13-11.42.51:475][ 18]LogHandshake: SendConnectChallenge. Timestamp: 0.631435, Cookie: 050087084006126015167041211135112111122097132059174012209024
[2022.11.13-11.42.51:508][ 19]LogNet: NotifyAcceptingConnection accepted from: 127.0.0.1:56710
[2022.11.13-11.42.51:508][ 19]LogHandshake: SendChallengeAck. InCookie: 050087084006126015167041211135112111122097132059174012209024
[2022.11.13-11.42.51:509][ 19]LogNet: Server accepting post-challenge connection from: 127.0.0.1:56710
[2022.11.13-11.42.51:509][ 19]PacketHandlerLog: Loaded PacketHandler component: Engine.EngineHandlerComponentFactory (StatelessConnectHandlerComponent)
[2022.11.13-11.42.51:509][ 19]LogNet: NotifyAcceptedConnection: Name: TestMap, TimeStamp: 11/13/22 11:42:51, [UNetConnection] RemoteAddr: 127.0.0.1:56710, Name: IpConnection_1, Driver: GameNetDriver IpNetDriver_0, IsServer: YES, PC: NULL, Owner: NULL, UniqueId: INVALID
[2022.11.13-11.42.51:510][ 19]LogNet: AddClientConnection: Added client connection: [UNetConnection] RemoteAddr: 127.0.0.1:56710, Name: IpConnection_1, Driver: GameNetDriver IpNetDriver_0, IsServer: YES, PC: NULL, Owner: NULL, UniqueId: INVALID
[2022.11.13-11.42.51:510][ 19]LogNet: NotifyAcceptingChannel Control 0 server World /Game/Maps/TestMap.TestMap: Accepted
[2022.11.13-11.42.51:510][ 19]LogNet: Remote platform little endian=1
[2022.11.13-11.42.51:511][ 19]LogNet: This platform little endian=1
[2022.11.13-11.42.51:541][ 20]LogNet: Login request: ?Name=DESKTOP-QG36584-98D11EA24D3169A361EE5EA073690A2B userId: NULL:DESKTOP-QG36584-98D11EA24D3169A361EE5EA073690A2B platform: NULL
[2022.11.13-11.42.51:872][ 30]LogNet: Client netspeed is 100000
[2022.11.13-11.42.51:872][ 30]LogNet: Join request: /Engine/Maps/Entry?Name=DESKTOP-QG36584-98D11EA24D3169A361EE5EA073690A2B?SplitscreenCount=1
[2022.11.13-11.42.51:873][ 30]LogOnlineSession: Warning: OSS: No game present to join for session (GameSession)
[2022.11.13-11.42.51:874][ 30]LogTemp: Warning: Numebr of rewind components = 2
[2022.11.13-11.42.51:875][ 30]LogNet: Join succeeded: DESKTOP-QG36584-98D1
[2022.11.13-11.42.53:662][ 84]LogTemp: Warning: Reliable pickup call
[2022.11.13-11.42.53:663][ 84]LogTemp: Warning: diarrhea
[2022.11.13-11.42.53:663][ 84]LogTemp: Warning: prime
[2022.11.13-11.42.53:664][ 84]LogTemp: Warning: SERVER: Log no. 0
[2022.11.13-11.42.53:664][ 84]LogTemp: Warning: No longer bursting
[2022.11.13-11.42.53:665][ 84]LogTemp: Warning: Recoilstop
[2022.11.13-11.42.53:665][ 84]LogTemp: Warning: TP attach
[2022.11.13-11.42.53:665][ 84]LogTemp: Warning: Switch primary rpc call
[2022.11.13-11.42.53:666][ 84]LogTemp: Warning: prime
[2022.11.13-11.42.53:666][ 84]LogTemp: Warning: SERVER: Log no. 1
[2022.11.13-11.42.53:667][ 84]LogTemp: Warning: No longer bursting
[2022.11.13-11.42.53:667][ 84]LogTemp: Warning: Recoilstop
[2022.11.13-11.42.53:667][ 84]LogTemp: Warning: TP attach
[2022.11.13-11.42.55:579][142]LogTemp: Warning: Switch primary rpc call
[2022.11.13-11.42.55:580][142]LogTemp: Warning: prime
[2022.11.13-11.42.55:580][142]LogTemp: Warning: SERVER: Log no. 2
[2022.11.13-11.42.55:581][142]LogTemp: Warning: No longer bursting
[2022.11.13-11.42.55:581][142]LogTemp: Warning: Recoilstop
[2022.11.13-11.42.55:582][142]LogTemp: Warning: TP attach
[2022.11.13-11.42.56:539][171]LogTemp: Warning: Switch primary rpc call
[2022.11.13-11.42.56:540][171]LogTemp: Warning: prime
[2022.11.13-11.42.56:540][171]LogTemp: Warning: SERVER: Log no. 3
[2022.11.13-11.42.56:540][171]LogTemp: Warning: No longer bursting
[2022.11.13-11.42.56:541][171]LogTemp: Warning: Recoilstop
[2022.11.13-11.42.56:541][171]LogTemp: Warning: TP attach
[2022.11.13-11.42.56:935][183]LogTemp: Warning: Switch primary rpc call
[2022.11.13-11.42.56:936][183]LogTemp: Warning: prime
[2022.11.13-11.42.56:936][183]LogTemp: Warning: SERVER: Log no. 4
[2022.11.13-11.42.56:936][183]LogTemp: Warning: No longer bursting
[2022.11.13-11.42.56:937][183]LogTemp: Warning: Recoilstop
[2022.11.13-11.42.56:937][183]LogTemp: Warning: TP attach
[2022.11.13-11.42.57:630][204]LogTemp: Warning: Switch primary rpc call
[2022.11.13-11.42.57:630][204]LogTemp: Warning: prime
[2022.11.13-11.42.57:631][204]LogTemp: Warning: SERVER: Log no. 5
[2022.11.13-11.42.57:631][204]LogTemp: Warning: No longer bursting
[2022.11.13-11.42.57:632][204]LogTemp: Warning: Recoilstop
[2022.11.13-11.42.57:632][204]LogTemp: Warning: TP attach
[2022.11.13-11.42.57:961][214]LogTemp: Warning: Switch primary rpc call
[2022.11.13-11.42.57:962][214]LogTemp: Warning: prime
[2022.11.13-11.42.57:962][214]LogTemp: Warning: SERVER: Log no. 6
[2022.11.13-11.42.57:962][214]LogTemp: Warning: No longer bursting
[2022.11.13-11.42.57:962][214]LogTemp: Warning: Recoilstop
[2022.11.13-11.42.57:963][214]LogTemp: Warning: TP attach
[2022.11.13-11.43.00:209][282]LogNet: UNetConnection::Cleanup: Closing open connection. [UNetConnection] RemoteAddr: 127.0.0.1:56707, Name: IpConnection_0, Driver: GameNetDriver IpNetDriver_0, IsServer: YES, PC: FPSPlayerController_0, Owner: FPSPlayerController_0, UniqueId: NULL:DESKTOP-QG36584-0D28398F40DBEB20B87B338C2A51EDA7
[2022.11.13-11.43.00:209][282]LogNet: UNetConnection::Close: [UNetConnection] RemoteAddr: 127.0.0.1:56707, Name: IpConnection_0, Driver: GameNetDriver IpNetDriver_0, IsServer: YES, PC: FPSPlayerController_0, Owner: FPSPlayerController_0, UniqueId: NULL:DESKTOP-QG36584-0D28398F40DBEB20B87B338C2A51EDA7, Channels: 12, Time: 2022.11.13-11.43.00
[2022.11.13-11.43.00:210][282]LogNet: UChannel::Close: Sending CloseBunch. ChIndex == 0. Name: [UChannel] ChIndex: 0, Closing: 0 [UNetConnection] RemoteAddr: 127.0.0.1:56707, Name: IpConnection_0, Driver: GameNetDriver IpNetDriver_0, IsServer: YES, PC: FPSPlayerController_0, Owner: FPSPlayerController_0, UniqueId: NULL:DESKTOP-QG36584-0D28398F40DBEB20B87B338C2A51EDA7
[2022.11.13-11.43.00:210][282]LogOnlineSession: Warning: OSS: No game present to leave for session (GameSession)
