Log file open, 07/30/22 18:25:50
LogWindows: Failed to load 'aqProf.dll' (GetLastError=126)
LogWindows: File 'aqProf.dll' does not exist
LogWindows: Failed to load 'VtuneApi.dll' (GetLastError=126)
LogWindows: File 'VtuneApi.dll' does not exist
LogWindows: Failed to load 'VtuneApi32e.dll' (GetLastError=126)
LogWindows: File 'VtuneApi32e.dll' does not exist
LogConsoleResponse: Display: Failed to find resolution value strings in scalability ini. Falling back to default.
LogConsoleResponse: Display: Failed to find resolution value strings in scalability ini. Falling back to default.
LogInit: Display: Running engine for game: fpsgame
LogPlatformFile: Not using cached read wrapper
LogTaskGraph: Started task graph with 5 named threads and 35 total threads with 3 sets of task threads.
LogStats: Stats thread started at 0.615878
LogICUInternationalization: ICU TimeZone Detection - Raw Offset: +0:00, Platform Override: ''
LogInit: Display: Loading text-based GConfig....
LogPluginManager: Mounting plugin MeshPainting
LogPluginManager: Mounting plugin XGEController
LogPluginManager: Mounting plugin Paper2D
LogPluginManager: Mounting plugin LiveLink
LogPluginManager: Mounting plugin CameraShakePreviewer
LogPluginManager: Mounting plugin GameplayCameras
LogPluginManager: Mounting plugin AISupport
LogPluginManager: Mounting plugin EnvironmentQueryEditor
LogPluginManager: Mounting plugin AnimationSharing
LogPluginManager: Mounting plugin LightPropagationVolume
LogPluginManager: Mounting plugin GitSourceControl
LogPluginManager: Mounting plugin NullSourceCodeAccess
LogPluginManager: Mounting plugin KDevelopSourceCodeAccess
LogPluginManager: Mounting plugin PixWinPlugin
LogPluginManager: Mounting plugin CodeLiteSourceCodeAccess
LogPluginManager: Mounting plugin CLionSourceCodeAccess
LogPluginManager: Mounting plugin PerforceSourceControl
LogPluginManager: Mounting plugin PluginUtils
LogPluginManager: Mounting plugin PropertyAccessNode
LogPluginManager: Mounting plugin RiderSourceCodeAccess
LogPluginManager: Mounting plugin PlasticSourceControl
LogPluginManager: Mounting plugin TextureFormatOodle
LogPluginManager: Mounting plugin UObjectPlugin
LogPluginManager: Mounting plugin XCodeSourceCodeAccess
LogPluginManager: Mounting plugin VisualStudioSourceCodeAccess
LogPluginManager: Mounting plugin VisualStudioCodeSourceCodeAccess
LogPluginManager: Mounting plugin SubversionSourceControl
LogPluginManager: Mounting plugin AssetManagerEditor
LogPluginManager: Mounting plugin CryptoKeys
LogPluginManager: Mounting plugin DataValidation
LogPluginManager: Mounting plugin CurveEditorTools
LogPluginManager: Mounting plugin FacialAnimation
LogPluginManager: Mounting plugin GameplayTagsEditor
LogPluginManager: Mounting plugin GeometryMode
LogPluginManager: Mounting plugin MacGraphicsSwitching
LogPluginManager: Mounting plugin MaterialAnalyzer
LogPluginManager: Mounting plugin MobileLauncherProfileWizard
LogPluginManager: Mounting plugin PluginBrowser
LogPluginManager: Mounting plugin SpeedTreeImporter
LogPluginManager: Mounting plugin OodleData
LogPluginManager: Mounting plugin OodleNetwork
LogPluginManager: Mounting plugin AlembicImporter
LogPluginManager: Mounting plugin Niagara
LogPluginManager: Mounting plugin AutomationUtils
LogPluginManager: Mounting plugin BackChannel
LogPluginManager: Mounting plugin ChaosCloth
LogPluginManager: Mounting plugin ChaosEditor
LogPluginManager: Mounting plugin ChaosSolverPlugin
LogPluginManager: Mounting plugin ChaosClothEditor
LogPluginManager: Mounting plugin ChaosNiagara
LogPluginManager: Mounting plugin CharacterAI
LogPluginManager: Mounting plugin GeometryCollectionPlugin
LogPluginManager: Mounting plugin GeometryCache
LogPluginManager: Mounting plugin GeometryProcessing
LogPluginManager: Mounting plugin MotoSynth
LogPluginManager: Mounting plugin OpenImageDenoise
LogPluginManager: Mounting plugin PlatformCrypto
LogPluginManager: Mounting plugin PlanarCut
LogPluginManager: Mounting plugin ProxyLODPlugin
LogPluginManager: Mounting plugin PythonScriptPlugin
LogPluginManager: Mounting plugin SkeletalReduction
LogPluginManager: Mounting plugin LuminPlatformFeatures
LogPluginManager: Mounting plugin MagicLeap
LogPluginManager: Mounting plugin AndroidMedia
LogPluginManager: Mounting plugin AvfMedia
LogPluginManager: Mounting plugin ImgMedia
LogPluginManager: Mounting plugin MagicLeapLightEstimation
LogPluginManager: Mounting plugin MediaCompositing
LogPluginManager: Mounting plugin MagicLeapMedia
LogPluginManager: Mounting plugin MediaPlayerEditor
LogPluginManager: Mounting plugin WebMMedia
LogPluginManager: Mounting plugin TcpMessaging
LogPluginManager: Mounting plugin MLSDK
LogPluginManager: Mounting plugin UdpMessaging
LogPluginManager: Mounting plugin WmfMedia
LogPluginManager: Mounting plugin LauncherChunkInstaller
LogPluginManager: Mounting plugin ActorSequence
LogPluginManager: Mounting plugin MagicLeapPassableWorld
LogPluginManager: Mounting plugin LevelSequenceEditor
LogPluginManager: Mounting plugin MatineeToLevelSequence
LogPluginManager: Mounting plugin TemplateSequence
LogPluginManager: Mounting plugin ActorLayerUtilities
LogPluginManager: Mounting plugin AndroidDeviceProfileSelector
LogPluginManager: Mounting plugin AndroidMoviePlayer
LogPluginManager: Mounting plugin AndroidPermission
LogPluginManager: Mounting plugin AppleImageUtils
LogPluginManager: Mounting plugin AppleMoviePlayer
LogPluginManager: Mounting plugin ArchVisCharacter
LogPluginManager: Mounting plugin AssetTags
LogPluginManager: Mounting plugin AudioCapture
LogPluginManager: Mounting plugin AudioSynesthesia
LogPluginManager: Mounting plugin ChunkDownloader
LogPluginManager: Mounting plugin CustomMeshComponent
LogPluginManager: Mounting plugin CableComponent
LogPluginManager: Mounting plugin EditableMesh
LogPluginManager: Mounting plugin ExampleDeviceProfileSelector
LogPluginManager: Mounting plugin GoogleCloudMessaging
LogPluginManager: Mounting plugin GooglePAD
LogPluginManager: Mounting plugin OnlineSubsystem
LogPluginManager: Mounting plugin OnlineSubsystemNull
LogPluginManager: Mounting plugin OnlineSubsystemUtils
LogPluginManager: Mounting plugin ScreenshotTools
LogPluginManager: Mounting plugin IOSDeviceProfileSelector
LogPluginManager: Mounting plugin LinuxDeviceProfileSelector
LogPluginManager: Mounting plugin LocationServicesBPLibrary
LogPluginManager: Mounting plugin MobilePatchingUtils
LogPluginManager: Mounting plugin OpenXREyeTracker
LogPluginManager: Mounting plugin OpenXRHandTracking
LogPluginManager: Mounting plugin OpenXR
LogPluginManager: Mounting plugin PhysXVehicles
LogPluginManager: Mounting plugin PostSplashScreen
LogPluginManager: Mounting plugin ProceduralMeshComponent
LogPluginManager: Mounting plugin SoundFields
LogPluginManager: Mounting plugin RuntimePhysXCooking
LogPluginManager: Mounting plugin PropertyAccessEditor
LogPluginManager: Mounting plugin Synthesis
LogPluginManager: Mounting plugin SignificanceManager
LogPluginManager: Mounting plugin WebMMoviePlayer
LogPluginManager: Mounting plugin WindowsMoviePlayer
LogPluginManager: Mounting plugin Takes
LogPluginManager: Mounting plugin DatasmithContent
LogPluginManager: Mounting plugin VariantManagerContent
LogPluginManager: Mounting plugin ContentBrowserAssetDataSource
LogPluginManager: Mounting plugin ContentBrowserClassDataSource
LogPluginManager: Mounting plugin ContentBrowserFileDataSource
LogPluginManager: Mounting plugin OnlineSubsystemGooglePlay
LogPluginManager: Mounting plugin OnlineSubsystemIOS
LogPluginManager: Mounting plugin OculusVR
LogPluginManager: Mounting plugin SteamVR
PixWinPlugin: PIX capture plugin failed to initialize! Check that the process is launched from PIX.
LogInit: Using libcurl 7.55.1-DEV
LogInit:  - built for x86_64-pc-win32
LogInit:  - supports SSL with OpenSSL/1.1.1
LogInit:  - supports HTTP deflate (compression) using libz 1.2.8
LogInit:  - other features:
LogInit:      CURL_VERSION_SSL
LogInit:      CURL_VERSION_LIBZ
LogInit:      CURL_VERSION_IPV6
LogInit:      CURL_VERSION_ASYNCHDNS
LogInit:      CURL_VERSION_LARGEFILE
LogInit:      CURL_VERSION_IDN
LogInit:  CurlRequestOptions (configurable via config and command line):
LogInit:  - bVerifyPeer = true  - Libcurl will verify peer certificate
LogInit:  - bUseHttpProxy = false  - Libcurl will NOT use HTTP proxy
LogInit:  - bDontReuseConnections = false  - Libcurl will reuse connections
LogInit:  - MaxHostConnections = 16  - Libcurl will limit the number of connections to a host
LogInit:  - LocalHostAddr = Default
LogInit:  - BufferSize = 65536
LogOnline: OSS: Creating online subsystem instance for: NULL
LogInit: WinSock: version 1.1 (2.2), MaxSocks=32767, MaxUdp=65467
LogOnline: OSS: TryLoadSubsystemAndSetDefault: Loaded subsystem for module [NULL]
LogOculusPluginWrapper: OculusPlugin initialized successfully
LogHMD: Failed initializing OVRPlugin 1.59.0
LogInit: Build: ++UE4+Release-4.27-CL-18319896
LogInit: Engine Version: 4.27.2-18319896+++UE4+Release-4.27
LogInit: Compatible Engine Version: 4.27.0-17155196+++UE4+Release-4.27
LogInit: Net CL: 17155196
LogInit: OS: Windows 10 (Release 2009) (), CPU: AMD Ryzen 5 3600X 6-Core Processor             , GPU: AMD Radeon RX 5700 XT
LogInit: Compiled (64-bit): Nov 30 2021 07:12:08
LogInit: Compiled with Visual C++: 19.24.28315.00
LogInit: Build Configuration: Development
LogInit: Branch Name: ++UE4+Release-4.27
LogInit: Command Line:  127.0.0.1:17777 -game -PIEVIACONSOLE -Multiprocess "GameUserSettingsINI=C:/Users/danie/Documents/Gamedev VR/game/UE4 game/fpsgame/Saved/Config/Windows/PIEGameUserSettings1.ini" -MultiprocessSaveConfig -forcepassthrough -messaging -SessionName="Play in Standalone Game" -windowed -WinX=0 -WinY=24 SAVEWINPOS=1 -ResX=640 -ResY=480
LogInit: Base Directory: C:/Program Files/Epic Games/UE_4.27/Engine/Binaries/Win64/
LogInit: Allocator: TBB
LogInit: Installed Engine Build: 1
LogDevObjectVersion: Number of dev versions registered: 29
LogDevObjectVersion:   Dev-Blueprints (B0D832E4-1F89-4F0D-ACCF-7EB736FD4AA2): 10
LogDevObjectVersion:   Dev-Build (E1C64328-A22C-4D53-A36C-8E866417BD8C): 0
LogDevObjectVersion:   Dev-Core (375EC13C-06E4-48FB-B500-84F0262A717E): 4
LogDevObjectVersion:   Dev-Editor (E4B068ED-F494-42E9-A231-DA0B2E46BB41): 40
LogDevObjectVersion:   Dev-Framework (CFFC743F-43B0-4480-9391-14DF171D2073): 37
LogDevObjectVersion:   Dev-Mobile (B02B49B5-BB20-44E9-A304-32B752E40360): 3
LogDevObjectVersion:   Dev-Networking (A4E4105C-59A1-49B5-A7C5-40C4547EDFEE): 0
LogDevObjectVersion:   Dev-Online (39C831C9-5AE6-47DC-9A44-9C173E1C8E7C): 0
LogDevObjectVersion:   Dev-Physics (78F01B33-EBEA-4F98-B9B4-84EACCB95AA2): 14
LogDevObjectVersion:   Dev-Platform (6631380F-2D4D-43E0-8009-CF276956A95A): 0
LogDevObjectVersion:   Dev-Rendering (12F88B9F-8875-4AFC-A67C-D90C383ABD29): 45
LogDevObjectVersion:   Dev-Sequencer (7B5AE74C-D270-4C10-A958-57980B212A5A): 13
LogDevObjectVersion:   Dev-VR (D7296918-1DD6-4BDD-9DE2-64A83CC13884): 3
LogDevObjectVersion:   Dev-LoadTimes (C2A15278-BFE7-4AFE-6C17-90FF531DF755): 1
LogDevObjectVersion:   Private-Geometry (6EACA3D4-40EC-4CC1-B786-8BED09428FC5): 3
LogDevObjectVersion:   Dev-AnimPhys (29E575DD-E0A3-4627-9D10-D276232CDCEA): 17
LogDevObjectVersion:   Dev-Anim (AF43A65D-7FD3-4947-9873-3E8ED9C1BB05): 15
LogDevObjectVersion:   Dev-ReflectionCapture (6B266CEC-1EC7-4B8F-A30B-E4D90942FC07): 1
LogDevObjectVersion:   Dev-Automation (0DF73D61-A23F-47EA-B727-89E90C41499A): 1
LogDevObjectVersion:   FortniteMain (601D1886-AC64-4F84-AA16-D3DE0DEAC7D6): 47
LogDevObjectVersion:   FortniteRelease (E7086368-6B23-4C58-8439-1B7016265E91): 1
LogDevObjectVersion:   Dev-Enterprise (9DFFBCD6-494F-0158-E221-12823C92A888): 10
LogDevObjectVersion:   Dev-Niagara (F2AED0AC-9AFE-416F-8664-AA7FFA26D6FC): 1
LogDevObjectVersion:   Dev-Destruction (174F1F0B-B4C6-45A5-B13F-2EE8D0FB917D): 10
LogDevObjectVersion:   Dev-Physics-Ext (35F94A83-E258-406C-A318-09F59610247C): 41
LogDevObjectVersion:   Dev-PhysicsMaterial-Chaos (B68FC16E-8B1B-42E2-B453-215C058844FE): 1
LogDevObjectVersion:   Dev-CineCamera (B2E18506-4273-CFC2-A54E-F4BB758BBA07): 1
LogDevObjectVersion:   Dev-VirtualProduction (64F58936-FD1B-42BA-BA96-7289D5D0FA4E): 1
LogDevObjectVersion:   Dev-MediaFramework (6F0ED827-A609-4895-9C91-998D90180EA4): 2
LogInit: Presizing for max 25165824 objects, including 0 objects not considered by GC, pre-allocating 0 bytes for permanent pool.
LogConfig: Applying CVar settings from Section [/Script/Engine.StreamingSettings] File [C:/Users/danie/Documents/Gamedev VR/game/UE4 game/fpsgame/Saved/Config/Windows/Engine.ini]
LogConfig: Setting CVar [[s.MinBulkDataSizeForAsyncLoading:131072]]
LogConfig: Setting CVar [[s.AsyncLoadingThreadEnabled:0]]
LogConfig: Setting CVar [[s.EventDrivenLoaderEnabled:1]]
LogConfig: Setting CVar [[s.WarnIfTimeLimitExceeded:0]]
LogConfig: Setting CVar [[s.TimeLimitExceededMultiplier:1.5]]
LogConfig: Setting CVar [[s.TimeLimitExceededMinTime:0.005]]
LogConfig: Setting CVar [[s.UseBackgroundLevelStreaming:1]]
LogConfig: Setting CVar [[s.PriorityAsyncLoadingExtraTime:15.0]]
LogConfig: Setting CVar [[s.LevelStreamingActorsUpdateTimeLimit:5.0]]
LogConfig: Setting CVar [[s.PriorityLevelStreamingActorsUpdateExtraTime:5.0]]
LogConfig: Setting CVar [[s.LevelStreamingComponentsRegistrationGranularity:10]]
LogConfig: Setting CVar [[s.UnregisterComponentsTimeLimit:1.0]]
LogConfig: Setting CVar [[s.LevelStreamingComponentsUnregistrationGranularity:5]]
LogConfig: Setting CVar [[s.FlushStreamingOnExit:1]]
LogInit: Object subsystem initialized
LogConfig: Setting CVar [[con.DebugEarlyDefault:1]]
LogConfig: Setting CVar [[r.setres:1280x720]]
[2022.07.30-17.25.50:647][  0]LogConfig: Setting CVar [[con.DebugEarlyDefault:1]]
[2022.07.30-17.25.50:647][  0]LogConfig: Setting CVar [[r.setres:1280x720]]
[2022.07.30-17.25.50:647][  0]LogConfig: Applying CVar settings from Section [/Script/Engine.RendererSettings] File [C:/Users/danie/Documents/Gamedev VR/game/UE4 game/fpsgame/Saved/Config/Windows/Engine.ini]
[2022.07.30-17.25.50:647][  0]LogConfig: Setting CVar [[r.GPUCrashDebugging:0]]
[2022.07.30-17.25.50:647][  0]LogConfig: Setting CVar [[r.Mobile.DisableVertexFog:1]]
[2022.07.30-17.25.50:647][  0]LogConfig: Setting CVar [[r.Shadow.CSM.MaxMobileCascades:2]]
[2022.07.30-17.25.50:647][  0]LogConfig: Setting CVar [[r.MobileMSAA:1]]
[2022.07.30-17.25.50:647][  0]LogConfig: Setting CVar [[r.Mobile.AllowDitheredLODTransition:0]]
[2022.07.30-17.25.50:647][  0]LogConfig: Setting CVar [[r.Mobile.AllowSoftwareOcclusion:0]]
[2022.07.30-17.25.50:647][  0]LogConfig: Setting CVar [[r.Mobile.VirtualTextures:0]]
[2022.07.30-17.25.50:647][  0]LogConfig: Setting CVar [[r.DiscardUnusedQuality:0]]
[2022.07.30-17.25.50:647][  0]LogConfig: Setting CVar [[r.AllowOcclusionQueries:1]]
[2022.07.30-17.25.50:647][  0]LogConfig: Setting CVar [[r.MinScreenRadiusForLights:0.030000]]
[2022.07.30-17.25.50:647][  0]LogConfig: Setting CVar [[r.MinScreenRadiusForDepthPrepass:0.030000]]
[2022.07.30-17.25.50:647][  0]LogConfig: Setting CVar [[r.MinScreenRadiusForCSMDepth:0.010000]]
[2022.07.30-17.25.50:647][  0]LogConfig: Setting CVar [[r.PrecomputedVisibilityWarning:0]]
[2022.07.30-17.25.50:647][  0]LogConfig: Setting CVar [[r.TextureStreaming:1]]
[2022.07.30-17.25.50:647][  0]LogConfig: Setting CVar [[Compat.UseDXT5NormalMaps:0]]
[2022.07.30-17.25.50:647][  0]LogConfig: Setting CVar [[r.VirtualTextures:0]]
[2022.07.30-17.25.50:647][  0]LogConfig: Setting CVar [[r.VT.EnableAutoImport:1]]
[2022.07.30-17.25.50:647][  0]LogConfig: Setting CVar [[r.VirtualTexturedLightmaps:0]]
[2022.07.30-17.25.50:647][  0]LogConfig: Setting CVar [[r.VT.TileSize:128]]
[2022.07.30-17.25.50:647][  0]LogConfig: Setting CVar [[r.VT.TileBorderSize:4]]
[2022.07.30-17.25.50:647][  0]LogConfig: Setting CVar [[r.vt.FeedbackFactor:16]]
[2022.07.30-17.25.50:647][  0]LogConfig: Setting CVar [[r.VT.EnableCompressZlib:1]]
[2022.07.30-17.25.50:647][  0]LogConfig: Setting CVar [[r.VT.EnableCompressCrunch:0]]
[2022.07.30-17.25.50:647][  0]LogConfig: Setting CVar [[r.ClearCoatNormal:0]]
[2022.07.30-17.25.50:647][  0]LogConfig: Setting CVar [[r.ReflectionCaptureResolution:128]]
[2022.07.30-17.25.50:647][  0]LogConfig: Setting CVar [[r.Mobile.ReflectionCaptureCompression:0]]
[2022.07.30-17.25.50:647][  0]LogConfig: Setting CVar [[r.ReflectionEnvironmentLightmapMixBasedOnRoughness:1]]
[2022.07.30-17.25.50:647][  0]LogConfig: Setting CVar [[r.ForwardShading:0]]
[2022.07.30-17.25.50:647][  0]LogConfig: Setting CVar [[r.VertexFoggingForOpaque:1]]
[2022.07.30-17.25.50:647][  0]LogConfig: Setting CVar [[r.AllowStaticLighting:1]]
[2022.07.30-17.25.50:647][  0]LogConfig: Setting CVar [[r.NormalMapsForStaticLighting:0]]
[2022.07.30-17.25.50:647][  0]LogConfig: Setting CVar [[r.GenerateMeshDistanceFields:0]]
[2022.07.30-17.25.50:647][  0]LogConfig: Setting CVar [[r.DistanceFieldBuild.EightBit:0]]
[2022.07.30-17.25.50:647][  0]LogConfig: Setting CVar [[r.GenerateLandscapeGIData:0]]
[2022.07.30-17.25.50:647][  0]LogConfig: Setting CVar [[r.DistanceFieldBuild.Compress:0]]
[2022.07.30-17.25.50:647][  0]LogConfig: Setting CVar [[r.TessellationAdaptivePixelsPerTriangle:48.000000]]
[2022.07.30-17.25.50:647][  0]LogConfig: Setting CVar [[r.SeparateTranslucency:1]]
[2022.07.30-17.25.50:647][  0]LogConfig: Setting CVar [[r.TranslucentSortPolicy:0]]
[2022.07.30-17.25.50:647][  0]LogConfig: Setting CVar [[vr.VRS.HMDFixedFoveationLevel:0]]
[2022.07.30-17.25.50:647][  0]LogConfig: Setting CVar [[r.CustomDepth:1]]
[2022.07.30-17.25.50:647][  0]LogConfig: Setting CVar [[r.CustomDepthTemporalAAJitter:1]]
[2022.07.30-17.25.50:647][  0]LogConfig: Setting CVar [[r.PostProcessing.PropagateAlpha:0]]
[2022.07.30-17.25.50:647][  0]LogConfig: Setting CVar [[r.DefaultFeature.Bloom:1]]
[2022.07.30-17.25.50:647][  0]LogConfig: Setting CVar [[r.DefaultFeature.AmbientOcclusion:1]]
[2022.07.30-17.25.50:647][  0]LogConfig: Setting CVar [[r.DefaultFeature.AmbientOcclusionStaticFraction:1]]
[2022.07.30-17.25.50:647][  0]LogConfig: Setting CVar [[r.DefaultFeature.AutoExposure:0]]
[2022.07.30-17.25.50:647][  0]LogConfig: Setting CVar [[r.DefaultFeature.AutoExposure.Method:0]]
[2022.07.30-17.25.50:647][  0]LogConfig: Setting CVar [[r.DefaultFeature.AutoExposure.Bias:1.000000]]
[2022.07.30-17.25.50:647][  0]LogConfig: Setting CVar [[r.DefaultFeature.AutoExposure.ExtendDefaultLuminanceRange:0]]
[2022.07.30-17.25.50:647][  0]LogConfig: Setting CVar [[r.UsePreExposure:1]]
[2022.07.30-17.25.50:647][  0]LogConfig: Setting CVar [[r.EyeAdaptation.EditorOnly:0]]
[2022.07.30-17.25.50:647][  0]LogConfig: Setting CVar [[r.DefaultFeature.MotionBlur:0]]
[2022.07.30-17.25.50:647][  0]LogConfig: Setting CVar [[r.DefaultFeature.LensFlare:0]]
[2022.07.30-17.25.50:647][  0]LogConfig: Setting CVar [[r.TemporalAA.Upsampling:0]]
[2022.07.30-17.25.50:647][  0]LogConfig: Setting CVar [[r.SSGI.Enable:0]]
[2022.07.30-17.25.50:647][  0]LogConfig: Setting CVar [[r.DefaultFeature.AntiAliasing:0]]
[2022.07.30-17.25.50:647][  0]LogConfig: Setting CVar [[r.DefaultFeature.LightUnits:1]]
[2022.07.30-17.25.50:647][  0]LogConfig: Setting CVar [[r.DefaultBackBufferPixelFormat:4]]
[2022.07.30-17.25.50:647][  0]LogConfig: Setting CVar [[r.Shadow.UnbuiltPreviewInGame:1]]
[2022.07.30-17.25.50:647][  0]LogConfig: Setting CVar [[r.StencilForLODDither:0]]
[2022.07.30-17.25.50:647][  0]LogConfig: Setting CVar [[r.EarlyZPass:3]]
[2022.07.30-17.25.50:647][  0]LogConfig: Setting CVar [[r.EarlyZPassOnlyMaterialMasking:0]]
[2022.07.30-17.25.50:647][  0]LogConfig: Setting CVar [[r.DBuffer:1]]
[2022.07.30-17.25.50:647][  0]LogConfig: Setting CVar [[r.ClearSceneMethod:1]]
[2022.07.30-17.25.50:647][  0]LogConfig: Setting CVar [[r.BasePassOutputsVelocity:0]]
[2022.07.30-17.25.50:647][  0]LogConfig: Setting CVar [[r.VertexDeformationOutputsVelocity:0]]
[2022.07.30-17.25.50:647][  0]LogConfig: Setting CVar [[r.SelectiveBasePassOutputs:0]]
[2022.07.30-17.25.50:647][  0]LogConfig: Setting CVar [[fx.GPUSimulationTextureSizeX:1024]]
[2022.07.30-17.25.50:647][  0]LogConfig: Setting CVar [[fx.GPUSimulationTextureSizeY:1024]]
[2022.07.30-17.25.50:647][  0]LogConfig: Setting CVar [[r.AllowGlobalClipPlane:0]]
[2022.07.30-17.25.50:647][  0]LogConfig: Setting CVar [[r.GBufferFormat:1]]
[2022.07.30-17.25.50:647][  0]LogConfig: Setting CVar [[r.MorphTarget.Mode:1]]
[2022.07.30-17.25.50:647][  0]LogConfig: Setting CVar [[vr.InstancedStereo:0]]
[2022.07.30-17.25.50:647][  0]LogConfig: Setting CVar [[r.MobileHDR:1]]
[2022.07.30-17.25.50:647][  0]LogConfig: Setting CVar [[vr.MobileMultiView:0]]
[2022.07.30-17.25.50:647][  0]LogConfig: Setting CVar [[r.Mobile.UseHWsRGBEncoding:0]]
[2022.07.30-17.25.50:647][  0]LogConfig: Setting CVar [[vr.RoundRobinOcclusion:0]]
[2022.07.30-17.25.50:647][  0]LogConfig: Setting CVar [[vr.ODSCapture:0]]
[2022.07.30-17.25.50:647][  0]LogConfig: Setting CVar [[r.MeshStreaming:0]]
[2022.07.30-17.25.50:647][  0]LogConfig: Setting CVar [[r.WireframeCullThreshold:5.000000]]
[2022.07.30-17.25.50:647][  0]LogConfig: Setting CVar [[r.RayTracing:0]]
[2022.07.30-17.25.50:647][  0]LogConfig: Setting CVar [[r.RayTracing.UseTextureLod:0]]
[2022.07.30-17.25.50:647][  0]LogConfig: Setting CVar [[r.SupportStationarySkylight:1]]
[2022.07.30-17.25.50:648][  0]LogConfig: Setting CVar [[r.SupportLowQualityLightmaps:1]]
[2022.07.30-17.25.50:648][  0]LogConfig: Setting CVar [[r.SupportPointLightWholeSceneShadows:1]]
[2022.07.30-17.25.50:648][  0]LogConfig: Setting CVar [[r.SupportAtmosphericFog:1]]
[2022.07.30-17.25.50:648][  0]LogConfig: Setting CVar [[r.SupportSkyAtmosphere:1]]
[2022.07.30-17.25.50:648][  0]LogConfig: Setting CVar [[r.SupportSkyAtmosphereAffectsHeightFog:0]]
[2022.07.30-17.25.50:648][  0]LogConfig: Setting CVar [[r.SkinCache.CompileShaders:0]]
[2022.07.30-17.25.50:648][  0]LogConfig: Setting CVar [[r.SkinCache.DefaultBehavior:1]]
[2022.07.30-17.25.50:648][  0]LogConfig: Setting CVar [[r.SkinCache.SceneMemoryLimitInMB:128.000000]]
[2022.07.30-17.25.50:648][  0]LogConfig: Setting CVar [[r.Mobile.EnableStaticAndCSMShadowReceivers:1]]
[2022.07.30-17.25.50:648][  0]LogConfig: Setting CVar [[r.Mobile.EnableMovableLightCSMShaderCulling:1]]
[2022.07.30-17.25.50:648][  0]LogConfig: Setting CVar [[r.Mobile.AllowDistanceFieldShadows:1]]
[2022.07.30-17.25.50:648][  0]LogConfig: Setting CVar [[r.Mobile.AllowMovableDirectionalLights:1]]
[2022.07.30-17.25.50:648][  0]LogConfig: Setting CVar [[r.MobileNumDynamicPointLights:4]]
[2022.07.30-17.25.50:648][  0]LogConfig: Setting CVar [[r.MobileDynamicPointLightsUseStaticBranch:1]]
[2022.07.30-17.25.50:648][  0]LogConfig: Setting CVar [[r.Mobile.EnableMovableSpotlights:0]]
[2022.07.30-17.25.50:648][  0]LogConfig: Setting CVar [[r.Mobile.EnableMovableSpotlightsShadow:0]]
[2022.07.30-17.25.50:648][  0]LogConfig: Setting CVar [[r.GPUSkin.Support16BitBoneIndex:0]]
[2022.07.30-17.25.50:648][  0]LogConfig: Setting CVar [[r.GPUSkin.Limit2BoneInfluences:0]]
[2022.07.30-17.25.50:648][  0]LogConfig: Setting CVar [[r.SupportDepthOnlyIndexBuffers:1]]
[2022.07.30-17.25.50:648][  0]LogConfig: Setting CVar [[r.SupportReversedIndexBuffers:1]]
[2022.07.30-17.25.50:648][  0]LogConfig: Setting CVar [[r.LightPropagationVolume:0]]
[2022.07.30-17.25.50:648][  0]LogConfig: Setting CVar [[r.Mobile.AmbientOcclusion:0]]
[2022.07.30-17.25.50:648][  0]LogConfig: Setting CVar [[r.GPUSkin.UnlimitedBoneInfluences:0]]
[2022.07.30-17.25.50:648][  0]LogConfig: Setting CVar [[r.GPUSkin.UnlimitedBoneInfluencesThreshold:8]]
[2022.07.30-17.25.50:648][  0]LogConfig: Setting CVar [[r.Mobile.PlanarReflectionMode:0]]
[2022.07.30-17.25.50:648][  0]LogConfig: Setting CVar [[r.Mobile.SupportsGen4TAA:0]]
[2022.07.30-17.25.50:648][  0]LogConfig: Applying CVar settings from Section [/Script/Engine.RendererOverrideSettings] File [C:/Users/danie/Documents/Gamedev VR/game/UE4 game/fpsgame/Saved/Config/Windows/Engine.ini]
[2022.07.30-17.25.50:648][  0]LogConfig: Applying CVar settings from Section [/Script/Engine.StreamingSettings] File [C:/Users/danie/Documents/Gamedev VR/game/UE4 game/fpsgame/Saved/Config/Windows/Engine.ini]
[2022.07.30-17.25.50:648][  0]LogConfig: Setting CVar [[s.MinBulkDataSizeForAsyncLoading:131072]]
[2022.07.30-17.25.50:648][  0]LogConfig: Setting CVar [[s.AsyncLoadingThreadEnabled:0]]
[2022.07.30-17.25.50:648][  0]LogConfig: Setting CVar [[s.EventDrivenLoaderEnabled:1]]
[2022.07.30-17.25.50:648][  0]LogConfig: Setting CVar [[s.WarnIfTimeLimitExceeded:0]]
[2022.07.30-17.25.50:648][  0]LogConfig: Setting CVar [[s.TimeLimitExceededMultiplier:1.5]]
[2022.07.30-17.25.50:648][  0]LogConfig: Setting CVar [[s.TimeLimitExceededMinTime:0.005]]
[2022.07.30-17.25.50:648][  0]LogConfig: Setting CVar [[s.UseBackgroundLevelStreaming:1]]
[2022.07.30-17.25.50:648][  0]LogConfig: Setting CVar [[s.PriorityAsyncLoadingExtraTime:15.0]]
[2022.07.30-17.25.50:648][  0]LogConfig: Setting CVar [[s.LevelStreamingActorsUpdateTimeLimit:5.0]]
[2022.07.30-17.25.50:648][  0]LogConfig: Setting CVar [[s.PriorityLevelStreamingActorsUpdateExtraTime:5.0]]
[2022.07.30-17.25.50:648][  0]LogConfig: Setting CVar [[s.LevelStreamingComponentsRegistrationGranularity:10]]
[2022.07.30-17.25.50:648][  0]LogConfig: Setting CVar [[s.UnregisterComponentsTimeLimit:1.0]]
[2022.07.30-17.25.50:648][  0]LogConfig: Setting CVar [[s.LevelStreamingComponentsUnregistrationGranularity:5]]
[2022.07.30-17.25.50:648][  0]LogConfig: Setting CVar [[s.FlushStreamingOnExit:1]]
[2022.07.30-17.25.50:648][  0]LogConfig: Applying CVar settings from Section [/Script/Engine.GarbageCollectionSettings] File [C:/Users/danie/Documents/Gamedev VR/game/UE4 game/fpsgame/Saved/Config/Windows/Engine.ini]
[2022.07.30-17.25.50:648][  0]LogConfig: Setting CVar [[gc.MaxObjectsNotConsideredByGC:1]]
[2022.07.30-17.25.50:648][  0]LogConfig: Setting CVar [[gc.SizeOfPermanentObjectPool:0]]
[2022.07.30-17.25.50:648][  0]LogConfig: Setting CVar [[gc.FlushStreamingOnGC:0]]
[2022.07.30-17.25.50:648][  0]LogConfig: Setting CVar [[gc.NumRetriesBeforeForcingGC:10]]
[2022.07.30-17.25.50:648][  0]LogConfig: Setting CVar [[gc.AllowParallelGC:1]]
[2022.07.30-17.25.50:648][  0]LogConfig: Setting CVar [[gc.TimeBetweenPurgingPendingKillObjects:61.1]]
[2022.07.30-17.25.50:648][  0]LogConfig: Setting CVar [[gc.MaxObjectsInEditor:25165824]]
[2022.07.30-17.25.50:648][  0]LogConfig: Setting CVar [[gc.IncrementalBeginDestroyEnabled:1]]
[2022.07.30-17.25.50:648][  0]LogConfig: Setting CVar [[gc.CreateGCClusters:1]]
[2022.07.30-17.25.50:648][  0]LogConfig: Setting CVar [[gc.MinGCClusterSize:5]]
[2022.07.30-17.25.50:648][  0]LogConfig: Setting CVar [[gc.ActorClusteringEnabled:0]]
[2022.07.30-17.25.50:648][  0]LogConfig: Setting CVar [[gc.BlueprintClusteringEnabled:0]]
[2022.07.30-17.25.50:648][  0]LogConfig: Setting CVar [[gc.UseDisregardForGCOnDedicatedServers:0]]
[2022.07.30-17.25.50:648][  0]LogConfig: Setting CVar [[gc.MultithreadedDestructionEnabled:1]]
[2022.07.30-17.25.50:648][  0]LogConfig: Applying CVar settings from Section [/Script/Engine.NetworkSettings] File [C:/Users/danie/Documents/Gamedev VR/game/UE4 game/fpsgame/Saved/Config/Windows/Engine.ini]
[2022.07.30-17.25.50:648][  0]LogConfig: Applying CVar settings from Section [/Script/UnrealEd.CookerSettings] File [C:/Users/danie/Documents/Gamedev VR/game/UE4 game/fpsgame/Saved/Config/Windows/Engine.ini]
[2022.07.30-17.25.50:659][  0]LogConfig: Applying CVar settings from Section [ViewDistanceQuality@3] File [C:/Users/danie/Documents/Gamedev VR/game/UE4 game/fpsgame/Saved/Config/Windows/Scalability.ini]
[2022.07.30-17.25.50:659][  0]LogConfig: Setting CVar [[r.SkeletalMeshLODBias:0]]
[2022.07.30-17.25.50:659][  0]LogConfig: Setting CVar [[r.ViewDistanceScale:1.0]]
[2022.07.30-17.25.50:659][  0]LogConfig: Applying CVar settings from Section [AntiAliasingQuality@3] File [C:/Users/danie/Documents/Gamedev VR/game/UE4 game/fpsgame/Saved/Config/Windows/Scalability.ini]
[2022.07.30-17.25.50:659][  0]LogConfig: Setting CVar [[r.PostProcessAAQuality:4]]
[2022.07.30-17.25.50:659][  0]LogConfig: Applying CVar settings from Section [ShadowQuality@3] File [C:/Users/danie/Documents/Gamedev VR/game/UE4 game/fpsgame/Saved/Config/Windows/Scalability.ini]
[2022.07.30-17.25.50:659][  0]LogConfig: Setting CVar [[r.LightFunctionQuality:1]]
[2022.07.30-17.25.50:659][  0]LogConfig: Setting CVar [[r.ShadowQuality:5]]
[2022.07.30-17.25.50:659][  0]LogConfig: Setting CVar [[r.Shadow.CSM.MaxCascades:10]]
[2022.07.30-17.25.50:659][  0]LogConfig: Setting CVar [[r.Shadow.MaxResolution:2048]]
[2022.07.30-17.25.50:659][  0]LogConfig: Setting CVar [[r.Shadow.MaxCSMResolution:2048]]
[2022.07.30-17.25.50:659][  0]LogConfig: Setting CVar [[r.Shadow.RadiusThreshold:0.01]]
[2022.07.30-17.25.50:659][  0]LogConfig: Setting CVar [[r.Shadow.DistanceScale:1.0]]
[2022.07.30-17.25.50:659][  0]LogConfig: Setting CVar [[r.Shadow.CSM.TransitionScale:1.0]]
[2022.07.30-17.25.50:659][  0]LogConfig: Setting CVar [[r.Shadow.PreShadowResolutionFactor:1.0]]
[2022.07.30-17.25.50:659][  0]LogConfig: Setting CVar [[r.DistanceFieldShadowing:1]]
[2022.07.30-17.25.50:659][  0]LogConfig: Setting CVar [[r.DistanceFieldAO:1]]
[2022.07.30-17.25.50:659][  0]LogConfig: Setting CVar [[r.AOQuality:2]]
[2022.07.30-17.25.50:659][  0]LogConfig: Setting CVar [[r.VolumetricFog:1]]
[2022.07.30-17.25.50:659][  0]LogConfig: Setting CVar [[r.VolumetricFog.GridPixelSize:8]]
[2022.07.30-17.25.50:659][  0]LogConfig: Setting CVar [[r.VolumetricFog.GridSizeZ:128]]
[2022.07.30-17.25.50:659][  0]LogConfig: Setting CVar [[r.VolumetricFog.HistoryMissSupersampleCount:4]]
[2022.07.30-17.25.50:659][  0]LogConfig: Setting CVar [[r.LightMaxDrawDistanceScale:1]]
[2022.07.30-17.25.50:659][  0]LogConfig: Setting CVar [[r.CapsuleShadows:1]]
[2022.07.30-17.25.50:659][  0]LogConfig: Applying CVar settings from Section [PostProcessQuality@3] File [C:/Users/danie/Documents/Gamedev VR/game/UE4 game/fpsgame/Saved/Config/Windows/Scalability.ini]
[2022.07.30-17.25.50:659][  0]LogConfig: Setting CVar [[r.MotionBlurQuality:4]]
[2022.07.30-17.25.50:659][  0]LogConfig: Setting CVar [[r.AmbientOcclusionMipLevelFactor:0.4]]
[2022.07.30-17.25.50:659][  0]LogConfig: Setting CVar [[r.AmbientOcclusionMaxQuality:100]]
[2022.07.30-17.25.50:659][  0]LogConfig: Setting CVar [[r.AmbientOcclusionLevels:-1]]
[2022.07.30-17.25.50:659][  0]LogConfig: Setting CVar [[r.AmbientOcclusionRadiusScale:1.0]]
[2022.07.30-17.25.50:659][  0]LogConfig: Setting CVar [[r.DepthOfFieldQuality:2]]
[2022.07.30-17.25.50:659][  0]LogConfig: Setting CVar [[r.RenderTargetPoolMin:400]]
[2022.07.30-17.25.50:659][  0]LogConfig: Setting CVar [[r.LensFlareQuality:2]]
[2022.07.30-17.25.50:659][  0]LogConfig: Setting CVar [[r.SceneColorFringeQuality:1]]
[2022.07.30-17.25.50:659][  0]LogConfig: Setting CVar [[r.EyeAdaptationQuality:2]]
[2022.07.30-17.25.50:659][  0]LogConfig: Setting CVar [[r.BloomQuality:5]]
[2022.07.30-17.25.50:659][  0]LogConfig: Setting CVar [[r.FastBlurThreshold:100]]
[2022.07.30-17.25.50:659][  0]LogConfig: Setting CVar [[r.Upscale.Quality:3]]
[2022.07.30-17.25.50:659][  0]LogConfig: Setting CVar [[r.Tonemapper.GrainQuantization:1]]
[2022.07.30-17.25.50:659][  0]LogConfig: Setting CVar [[r.LightShaftQuality:1]]
[2022.07.30-17.25.50:659][  0]LogConfig: Setting CVar [[r.Filter.SizeScale:1]]
[2022.07.30-17.25.50:659][  0]LogConfig: Setting CVar [[r.Tonemapper.Quality:5]]
[2022.07.30-17.25.50:659][  0]LogConfig: Setting CVar [[r.DOF.Gather.AccumulatorQuality:1        ; higher gathering accumulator quality]]
[2022.07.30-17.25.50:659][  0]LogConfig: Setting CVar [[r.DOF.Gather.PostfilterMethod:1          ; Median3x3 postfilering method]]
[2022.07.30-17.25.50:659][  0]LogConfig: Setting CVar [[r.DOF.Gather.EnableBokehSettings:0       ; no bokeh simulation when gathering]]
[2022.07.30-17.25.50:659][  0]LogConfig: Setting CVar [[r.DOF.Gather.RingCount:4                 ; medium number of samples when gathering]]
[2022.07.30-17.25.50:659][  0]LogConfig: Setting CVar [[r.DOF.Scatter.ForegroundCompositing:1    ; additive foreground scattering]]
[2022.07.30-17.25.50:659][  0]LogConfig: Setting CVar [[r.DOF.Scatter.BackgroundCompositing:2    ; additive background scattering]]
[2022.07.30-17.25.50:659][  0]LogConfig: Setting CVar [[r.DOF.Scatter.EnableBokehSettings:1      ; bokeh simulation when scattering]]
[2022.07.30-17.25.50:659][  0]LogConfig: Setting CVar [[r.DOF.Scatter.MaxSpriteRatio:0.1         ; only a maximum of 10% of scattered bokeh]]
[2022.07.30-17.25.50:659][  0]LogConfig: Setting CVar [[r.DOF.Recombine.Quality:1                ; cheap slight out of focus]]
[2022.07.30-17.25.50:659][  0]LogConfig: Setting CVar [[r.DOF.Recombine.EnableBokehSettings:0    ; no bokeh simulation on slight out of focus]]
[2022.07.30-17.25.50:659][  0]LogConfig: Setting CVar [[r.DOF.TemporalAAQuality:1                ; more stable temporal accumulation]]
[2022.07.30-17.25.50:659][  0]LogConfig: Setting CVar [[r.DOF.Kernel.MaxForegroundRadius:0.025]]
[2022.07.30-17.25.50:659][  0]LogConfig: Setting CVar [[r.DOF.Kernel.MaxBackgroundRadius:0.025]]
[2022.07.30-17.25.50:659][  0]LogConfig: Applying CVar settings from Section [TextureQuality@3] File [C:/Users/danie/Documents/Gamedev VR/game/UE4 game/fpsgame/Saved/Config/Windows/Scalability.ini]
[2022.07.30-17.25.50:659][  0]LogConfig: Setting CVar [[r.Streaming.MipBias:0]]
[2022.07.30-17.25.50:659][  0]LogConfig: Setting CVar [[r.Streaming.AmortizeCPUToGPUCopy:0]]
[2022.07.30-17.25.50:659][  0]LogConfig: Setting CVar [[r.Streaming.MaxNumTexturesToStreamPerFrame:0]]
[2022.07.30-17.25.50:659][  0]LogConfig: Setting CVar [[r.Streaming.Boost:1]]
[2022.07.30-17.25.50:659][  0]LogConfig: Setting CVar [[r.MaxAnisotropy:8]]
[2022.07.30-17.25.50:659][  0]LogConfig: Setting CVar [[r.VT.MaxAnisotropy:8]]
[2022.07.30-17.25.50:659][  0]LogConfig: Setting CVar [[r.Streaming.LimitPoolSizeToVRAM:0]]
[2022.07.30-17.25.50:659][  0]LogConfig: Setting CVar [[r.Streaming.PoolSize:1000]]
[2022.07.30-17.25.50:659][  0]LogConfig: Setting CVar [[r.Streaming.MaxEffectiveScreenSize:0]]
[2022.07.30-17.25.50:660][  0]LogConfig: Applying CVar settings from Section [EffectsQuality@3] File [C:/Users/danie/Documents/Gamedev VR/game/UE4 game/fpsgame/Saved/Config/Windows/Scalability.ini]
[2022.07.30-17.25.50:660][  0]LogConfig: Setting CVar [[r.TranslucencyLightingVolumeDim:64]]
[2022.07.30-17.25.50:660][  0]LogConfig: Setting CVar [[r.RefractionQuality:2]]
[2022.07.30-17.25.50:660][  0]LogConfig: Setting CVar [[r.SSR.Quality:3]]
[2022.07.30-17.25.50:660][  0]LogConfig: Setting CVar [[r.SSR.HalfResSceneColor:0]]
[2022.07.30-17.25.50:660][  0]LogConfig: Setting CVar [[r.SceneColorFormat:4]]
[2022.07.30-17.25.50:660][  0]LogConfig: Setting CVar [[r.DetailMode:2]]
[2022.07.30-17.25.50:660][  0]LogConfig: Setting CVar [[r.TranslucencyVolumeBlur:1]]
[2022.07.30-17.25.50:660][  0]LogConfig: Setting CVar [[r.MaterialQualityLevel:1 ; High quality]]
[2022.07.30-17.25.50:660][  0]LogConfig: Setting CVar [[r.AnisotropicMaterials:1]]
[2022.07.30-17.25.50:660][  0]LogConfig: Setting CVar [[r.SSS.Scale:1]]
[2022.07.30-17.25.50:660][  0]LogConfig: Setting CVar [[r.SSS.SampleSet:2]]
[2022.07.30-17.25.50:660][  0]LogConfig: Setting CVar [[r.SSS.Quality:1]]
[2022.07.30-17.25.50:660][  0]LogConfig: Setting CVar [[r.SSS.HalfRes:0]]
[2022.07.30-17.25.50:660][  0]LogConfig: Setting CVar [[r.SSGI.Quality:3]]
[2022.07.30-17.25.50:660][  0]LogConfig: Setting CVar [[r.EmitterSpawnRateScale:1.0]]
[2022.07.30-17.25.50:660][  0]LogConfig: Setting CVar [[r.ParticleLightQuality:2]]
[2022.07.30-17.25.50:660][  0]LogConfig: Setting CVar [[r.SkyAtmosphere.AerialPerspectiveLUT.FastApplyOnOpaque:1 ; Always have FastSkyLUT 1 in this case to avoid wrong sky]]
[2022.07.30-17.25.50:660][  0]LogConfig: Setting CVar [[r.SkyAtmosphere.AerialPerspectiveLUT.SampleCountMaxPerSlice:4]]
[2022.07.30-17.25.50:660][  0]LogConfig: Setting CVar [[r.SkyAtmosphere.AerialPerspectiveLUT.DepthResolution:16.0]]
[2022.07.30-17.25.50:660][  0]LogConfig: Setting CVar [[r.SkyAtmosphere.FastSkyLUT:1]]
[2022.07.30-17.25.50:660][  0]LogConfig: Setting CVar [[r.SkyAtmosphere.FastSkyLUT.SampleCountMin:4.0]]
[2022.07.30-17.25.50:660][  0]LogConfig: Setting CVar [[r.SkyAtmosphere.FastSkyLUT.SampleCountMax:128.0]]
[2022.07.30-17.25.50:660][  0]LogConfig: Setting CVar [[r.SkyAtmosphere.SampleCountMin:4.0]]
[2022.07.30-17.25.50:660][  0]LogConfig: Setting CVar [[r.SkyAtmosphere.SampleCountMax:128.0]]
[2022.07.30-17.25.50:660][  0]LogConfig: Setting CVar [[r.SkyAtmosphere.TransmittanceLUT.UseSmallFormat:0]]
[2022.07.30-17.25.50:660][  0]LogConfig: Setting CVar [[r.SkyAtmosphere.TransmittanceLUT.SampleCount:10.0]]
[2022.07.30-17.25.50:660][  0]LogConfig: Setting CVar [[r.SkyAtmosphere.MultiScatteringLUT.SampleCount:15.0]]
[2022.07.30-17.25.50:660][  0]LogConfig: Setting CVar [[r.SkyLight.RealTimeReflectionCapture:1]]
[2022.07.30-17.25.50:660][  0]LogConfig: Applying CVar settings from Section [FoliageQuality@3] File [C:/Users/danie/Documents/Gamedev VR/game/UE4 game/fpsgame/Saved/Config/Windows/Scalability.ini]
[2022.07.30-17.25.50:660][  0]LogConfig: Setting CVar [[foliage.DensityScale:1.0]]
[2022.07.30-17.25.50:660][  0]LogConfig: Setting CVar [[grass.DensityScale:1.0]]
[2022.07.30-17.25.50:660][  0]LogConfig: Applying CVar settings from Section [ShadingQuality@3] File [C:/Users/danie/Documents/Gamedev VR/game/UE4 game/fpsgame/Saved/Config/Windows/Scalability.ini]
[2022.07.30-17.25.50:660][  0]LogConfig: Setting CVar [[r.HairStrands.SkyLighting.IntegrationType:2]]
[2022.07.30-17.25.50:660][  0]LogConfig: Setting CVar [[r.HairStrands.SkyAO.SampleCount:4]]
[2022.07.30-17.25.50:660][  0]LogConfig: Setting CVar [[r.HairStrands.Visibility.MSAA.SamplePerPixel:4]]
[2022.07.30-17.25.50:660][  0]LogInit: Selected Device Profile: [Windows]
[2022.07.30-17.25.50:660][  0]LogInit: Applying CVar settings loaded from the selected device profile: [Windows]
[2022.07.30-17.25.50:660][  0]LogHAL: Display: Platform has ~ 16 GB [17128247296 / 17179869184 / 16], which maps to Larger [LargestMinGB=32, LargerMinGB=12, DefaultMinGB=8, SmallerMinGB=6, SmallestMinGB=0)
[2022.07.30-17.25.50:660][  0]LogInit: Going up to parent DeviceProfile []
[2022.07.30-17.25.50:660][  0]LogConfig: Applying CVar settings from Section [ViewDistanceQuality@3] File [C:/Users/danie/Documents/Gamedev VR/game/UE4 game/fpsgame/Saved/Config/Windows/Scalability.ini]
[2022.07.30-17.25.50:660][  0]LogConfig: Setting CVar [[r.SkeletalMeshLODBias:0]]
[2022.07.30-17.25.50:660][  0]LogConfig: Setting CVar [[r.ViewDistanceScale:1.0]]
[2022.07.30-17.25.50:660][  0]LogConfig: Applying CVar settings from Section [AntiAliasingQuality@3] File [C:/Users/danie/Documents/Gamedev VR/game/UE4 game/fpsgame/Saved/Config/Windows/Scalability.ini]
[2022.07.30-17.25.50:660][  0]LogConfig: Setting CVar [[r.PostProcessAAQuality:4]]
[2022.07.30-17.25.50:660][  0]LogConfig: Applying CVar settings from Section [ShadowQuality@3] File [C:/Users/danie/Documents/Gamedev VR/game/UE4 game/fpsgame/Saved/Config/Windows/Scalability.ini]
[2022.07.30-17.25.50:660][  0]LogConfig: Setting CVar [[r.LightFunctionQuality:1]]
[2022.07.30-17.25.50:660][  0]LogConfig: Setting CVar [[r.ShadowQuality:5]]
[2022.07.30-17.25.50:660][  0]LogConfig: Setting CVar [[r.Shadow.CSM.MaxCascades:10]]
[2022.07.30-17.25.50:660][  0]LogConfig: Setting CVar [[r.Shadow.MaxResolution:2048]]
[2022.07.30-17.25.50:660][  0]LogConfig: Setting CVar [[r.Shadow.MaxCSMResolution:2048]]
[2022.07.30-17.25.50:660][  0]LogConfig: Setting CVar [[r.Shadow.RadiusThreshold:0.01]]
[2022.07.30-17.25.50:660][  0]LogConfig: Setting CVar [[r.Shadow.DistanceScale:1.0]]
[2022.07.30-17.25.50:660][  0]LogConfig: Setting CVar [[r.Shadow.CSM.TransitionScale:1.0]]
[2022.07.30-17.25.50:660][  0]LogConfig: Setting CVar [[r.Shadow.PreShadowResolutionFactor:1.0]]
[2022.07.30-17.25.50:660][  0]LogConfig: Setting CVar [[r.DistanceFieldShadowing:1]]
[2022.07.30-17.25.50:660][  0]LogConfig: Setting CVar [[r.DistanceFieldAO:1]]
[2022.07.30-17.25.50:660][  0]LogConfig: Setting CVar [[r.AOQuality:2]]
[2022.07.30-17.25.50:660][  0]LogConfig: Setting CVar [[r.VolumetricFog:1]]
[2022.07.30-17.25.50:660][  0]LogConfig: Setting CVar [[r.VolumetricFog.GridPixelSize:8]]
[2022.07.30-17.25.50:660][  0]LogConfig: Setting CVar [[r.VolumetricFog.GridSizeZ:128]]
[2022.07.30-17.25.50:660][  0]LogConfig: Setting CVar [[r.VolumetricFog.HistoryMissSupersampleCount:4]]
[2022.07.30-17.25.50:660][  0]LogConfig: Setting CVar [[r.LightMaxDrawDistanceScale:1]]
[2022.07.30-17.25.50:660][  0]LogConfig: Setting CVar [[r.CapsuleShadows:1]]
[2022.07.30-17.25.50:660][  0]LogConfig: Applying CVar settings from Section [PostProcessQuality@3] File [C:/Users/danie/Documents/Gamedev VR/game/UE4 game/fpsgame/Saved/Config/Windows/Scalability.ini]
[2022.07.30-17.25.50:660][  0]LogConfig: Setting CVar [[r.MotionBlurQuality:4]]
[2022.07.30-17.25.50:660][  0]LogConfig: Setting CVar [[r.AmbientOcclusionMipLevelFactor:0.4]]
[2022.07.30-17.25.50:660][  0]LogConfig: Setting CVar [[r.AmbientOcclusionMaxQuality:100]]
[2022.07.30-17.25.50:660][  0]LogConfig: Setting CVar [[r.AmbientOcclusionLevels:-1]]
[2022.07.30-17.25.50:660][  0]LogConfig: Setting CVar [[r.AmbientOcclusionRadiusScale:1.0]]
[2022.07.30-17.25.50:660][  0]LogConfig: Setting CVar [[r.DepthOfFieldQuality:2]]
[2022.07.30-17.25.50:660][  0]LogConfig: Setting CVar [[r.RenderTargetPoolMin:400]]
[2022.07.30-17.25.50:660][  0]LogConfig: Setting CVar [[r.LensFlareQuality:2]]
[2022.07.30-17.25.50:660][  0]LogConfig: Setting CVar [[r.SceneColorFringeQuality:1]]
[2022.07.30-17.25.50:660][  0]LogConfig: Setting CVar [[r.EyeAdaptationQuality:2]]
[2022.07.30-17.25.50:660][  0]LogConfig: Setting CVar [[r.BloomQuality:5]]
[2022.07.30-17.25.50:660][  0]LogConfig: Setting CVar [[r.FastBlurThreshold:100]]
[2022.07.30-17.25.50:660][  0]LogConfig: Setting CVar [[r.Upscale.Quality:3]]
[2022.07.30-17.25.50:660][  0]LogConfig: Setting CVar [[r.Tonemapper.GrainQuantization:1]]
[2022.07.30-17.25.50:660][  0]LogConfig: Setting CVar [[r.LightShaftQuality:1]]
[2022.07.30-17.25.50:660][  0]LogConfig: Setting CVar [[r.Filter.SizeScale:1]]
[2022.07.30-17.25.50:660][  0]LogConfig: Setting CVar [[r.Tonemapper.Quality:5]]
[2022.07.30-17.25.50:660][  0]LogConfig: Setting CVar [[r.DOF.Gather.AccumulatorQuality:1        ; higher gathering accumulator quality]]
[2022.07.30-17.25.50:660][  0]LogConfig: Setting CVar [[r.DOF.Gather.PostfilterMethod:1          ; Median3x3 postfilering method]]
[2022.07.30-17.25.50:660][  0]LogConfig: Setting CVar [[r.DOF.Gather.EnableBokehSettings:0       ; no bokeh simulation when gathering]]
[2022.07.30-17.25.50:660][  0]LogConfig: Setting CVar [[r.DOF.Gather.RingCount:4                 ; medium number of samples when gathering]]
[2022.07.30-17.25.50:660][  0]LogConfig: Setting CVar [[r.DOF.Scatter.ForegroundCompositing:1    ; additive foreground scattering]]
[2022.07.30-17.25.50:660][  0]LogConfig: Setting CVar [[r.DOF.Scatter.BackgroundCompositing:2    ; additive background scattering]]
[2022.07.30-17.25.50:660][  0]LogConfig: Setting CVar [[r.DOF.Scatter.EnableBokehSettings:1      ; bokeh simulation when scattering]]
[2022.07.30-17.25.50:661][  0]LogConfig: Setting CVar [[r.DOF.Scatter.MaxSpriteRatio:0.1         ; only a maximum of 10% of scattered bokeh]]
[2022.07.30-17.25.50:661][  0]LogConfig: Setting CVar [[r.DOF.Recombine.Quality:1                ; cheap slight out of focus]]
[2022.07.30-17.25.50:661][  0]LogConfig: Setting CVar [[r.DOF.Recombine.EnableBokehSettings:0    ; no bokeh simulation on slight out of focus]]
[2022.07.30-17.25.50:661][  0]LogConfig: Setting CVar [[r.DOF.TemporalAAQuality:1                ; more stable temporal accumulation]]
[2022.07.30-17.25.50:661][  0]LogConfig: Setting CVar [[r.DOF.Kernel.MaxForegroundRadius:0.025]]
[2022.07.30-17.25.50:661][  0]LogConfig: Setting CVar [[r.DOF.Kernel.MaxBackgroundRadius:0.025]]
[2022.07.30-17.25.50:661][  0]LogConfig: Applying CVar settings from Section [TextureQuality@3] File [C:/Users/danie/Documents/Gamedev VR/game/UE4 game/fpsgame/Saved/Config/Windows/Scalability.ini]
[2022.07.30-17.25.50:661][  0]LogConfig: Setting CVar [[r.Streaming.MipBias:0]]
[2022.07.30-17.25.50:661][  0]LogConfig: Setting CVar [[r.Streaming.AmortizeCPUToGPUCopy:0]]
[2022.07.30-17.25.50:661][  0]LogConfig: Setting CVar [[r.Streaming.MaxNumTexturesToStreamPerFrame:0]]
[2022.07.30-17.25.50:661][  0]LogConfig: Setting CVar [[r.Streaming.Boost:1]]
[2022.07.30-17.25.50:661][  0]LogConfig: Setting CVar [[r.MaxAnisotropy:8]]
[2022.07.30-17.25.50:661][  0]LogConfig: Setting CVar [[r.VT.MaxAnisotropy:8]]
[2022.07.30-17.25.50:661][  0]LogConfig: Setting CVar [[r.Streaming.LimitPoolSizeToVRAM:0]]
[2022.07.30-17.25.50:661][  0]LogConfig: Setting CVar [[r.Streaming.PoolSize:1000]]
[2022.07.30-17.25.50:661][  0]LogConfig: Setting CVar [[r.Streaming.MaxEffectiveScreenSize:0]]
[2022.07.30-17.25.50:661][  0]LogConfig: Applying CVar settings from Section [EffectsQuality@3] File [C:/Users/danie/Documents/Gamedev VR/game/UE4 game/fpsgame/Saved/Config/Windows/Scalability.ini]
[2022.07.30-17.25.50:661][  0]LogConfig: Setting CVar [[r.TranslucencyLightingVolumeDim:64]]
[2022.07.30-17.25.50:661][  0]LogConfig: Setting CVar [[r.RefractionQuality:2]]
[2022.07.30-17.25.50:661][  0]LogConfig: Setting CVar [[r.SSR.Quality:3]]
[2022.07.30-17.25.50:661][  0]LogConfig: Setting CVar [[r.SSR.HalfResSceneColor:0]]
[2022.07.30-17.25.50:661][  0]LogConfig: Setting CVar [[r.SceneColorFormat:4]]
[2022.07.30-17.25.50:661][  0]LogConfig: Setting CVar [[r.DetailMode:2]]
[2022.07.30-17.25.50:661][  0]LogConfig: Setting CVar [[r.TranslucencyVolumeBlur:1]]
[2022.07.30-17.25.50:661][  0]LogConfig: Setting CVar [[r.MaterialQualityLevel:1 ; High quality]]
[2022.07.30-17.25.50:661][  0]LogConfig: Setting CVar [[r.AnisotropicMaterials:1]]
[2022.07.30-17.25.50:661][  0]LogConfig: Setting CVar [[r.SSS.Scale:1]]
[2022.07.30-17.25.50:661][  0]LogConfig: Setting CVar [[r.SSS.SampleSet:2]]
[2022.07.30-17.25.50:661][  0]LogConfig: Setting CVar [[r.SSS.Quality:1]]
[2022.07.30-17.25.50:661][  0]LogConfig: Setting CVar [[r.SSS.HalfRes:0]]
[2022.07.30-17.25.50:661][  0]LogConfig: Setting CVar [[r.SSGI.Quality:3]]
[2022.07.30-17.25.50:661][  0]LogConfig: Setting CVar [[r.EmitterSpawnRateScale:1.0]]
[2022.07.30-17.25.50:661][  0]LogConfig: Setting CVar [[r.ParticleLightQuality:2]]
[2022.07.30-17.25.50:661][  0]LogConfig: Setting CVar [[r.SkyAtmosphere.AerialPerspectiveLUT.FastApplyOnOpaque:1 ; Always have FastSkyLUT 1 in this case to avoid wrong sky]]
[2022.07.30-17.25.50:661][  0]LogConfig: Setting CVar [[r.SkyAtmosphere.AerialPerspectiveLUT.SampleCountMaxPerSlice:4]]
[2022.07.30-17.25.50:661][  0]LogConfig: Setting CVar [[r.SkyAtmosphere.AerialPerspectiveLUT.DepthResolution:16.0]]
[2022.07.30-17.25.50:661][  0]LogConfig: Setting CVar [[r.SkyAtmosphere.FastSkyLUT:1]]
[2022.07.30-17.25.50:661][  0]LogConfig: Setting CVar [[r.SkyAtmosphere.FastSkyLUT.SampleCountMin:4.0]]
[2022.07.30-17.25.50:661][  0]LogConfig: Setting CVar [[r.SkyAtmosphere.FastSkyLUT.SampleCountMax:128.0]]
[2022.07.30-17.25.50:661][  0]LogConfig: Setting CVar [[r.SkyAtmosphere.SampleCountMin:4.0]]
[2022.07.30-17.25.50:661][  0]LogConfig: Setting CVar [[r.SkyAtmosphere.SampleCountMax:128.0]]
[2022.07.30-17.25.50:661][  0]LogConfig: Setting CVar [[r.SkyAtmosphere.TransmittanceLUT.UseSmallFormat:0]]
[2022.07.30-17.25.50:661][  0]LogConfig: Setting CVar [[r.SkyAtmosphere.TransmittanceLUT.SampleCount:10.0]]
[2022.07.30-17.25.50:661][  0]LogConfig: Setting CVar [[r.SkyAtmosphere.MultiScatteringLUT.SampleCount:15.0]]
[2022.07.30-17.25.50:661][  0]LogConfig: Setting CVar [[r.SkyLight.RealTimeReflectionCapture:1]]
[2022.07.30-17.25.50:661][  0]LogConfig: Applying CVar settings from Section [FoliageQuality@3] File [C:/Users/danie/Documents/Gamedev VR/game/UE4 game/fpsgame/Saved/Config/Windows/Scalability.ini]
[2022.07.30-17.25.50:661][  0]LogConfig: Setting CVar [[foliage.DensityScale:1.0]]
[2022.07.30-17.25.50:661][  0]LogConfig: Setting CVar [[grass.DensityScale:1.0]]
[2022.07.30-17.25.50:661][  0]LogConfig: Applying CVar settings from Section [ShadingQuality@3] File [C:/Users/danie/Documents/Gamedev VR/game/UE4 game/fpsgame/Saved/Config/Windows/Scalability.ini]
[2022.07.30-17.25.50:661][  0]LogConfig: Setting CVar [[r.HairStrands.SkyLighting.IntegrationType:2]]
[2022.07.30-17.25.50:661][  0]LogConfig: Setting CVar [[r.HairStrands.SkyAO.SampleCount:4]]
[2022.07.30-17.25.50:661][  0]LogConfig: Setting CVar [[r.HairStrands.Visibility.MSAA.SamplePerPixel:4]]
[2022.07.30-17.25.50:661][  0]LogConfig: Applying CVar settings from Section [Startup] File [../../../Engine/Config/ConsoleVariables.ini]
[2022.07.30-17.25.50:662][  0]LogConfig: Setting CVar [[net.UseAdaptiveNetUpdateFrequency:0]]
[2022.07.30-17.25.50:662][  0]LogConfig: Setting CVar [[p.chaos.AllowCreatePhysxBodies:1]]
[2022.07.30-17.25.50:662][  0]LogConfig: Setting CVar [[fx.SkipVectorVMBackendOptimizations:1]]
[2022.07.30-17.25.50:662][  0]LogConfig: Applying CVar settings from Section [ConsoleVariables] File [C:/Users/danie/Documents/Gamedev VR/game/UE4 game/fpsgame/Saved/Config/Windows/Engine.ini]
[2022.07.30-17.25.50:662][  0]LogConfig: Applying CVar settings from Section [ConsoleVariables] File [C:/Users/danie/Documents/Gamedev VR/game/UE4 game/fpsgame/Saved/Config/Windows/Editor.ini]
[2022.07.30-17.25.50:662][  0]LogInit: Computer: DESKTOP-QG36584
[2022.07.30-17.25.50:662][  0]LogInit: User: danie
[2022.07.30-17.25.50:662][  0]LogInit: CPU Page size=4096, Cores=6
[2022.07.30-17.25.50:662][  0]LogInit: High frequency timer resolution =10.000000 MHz
[2022.07.30-17.25.50:662][  0]LogMemory: Memory total: Physical=16.0GB (16GB approx)
[2022.07.30-17.25.50:662][  0]LogMemory: Platform Memory Stats for Windows
[2022.07.30-17.25.50:662][  0]LogMemory: Process Physical Memory: 145.15 MB used, 145.16 MB peak
[2022.07.30-17.25.50:662][  0]LogMemory: Process Virtual Memory: 127.82 MB used, 127.82 MB peak
[2022.07.30-17.25.50:662][  0]LogMemory: Physical Memory: 13028.84 MB used,  3305.93 MB free, 16334.77 MB total
[2022.07.30-17.25.50:662][  0]LogMemory: Virtual Memory: 134212800.00 MB used,  4926.91 MB free, 134217728.00 MB total
[2022.07.30-17.25.50:667][  0]LogWindows: WindowsPlatformFeatures enabled
[2022.07.30-17.25.50:695][  0]LogInit: Physics initialised using underlying interface: PhysX
[2022.07.30-17.25.50:696][  0]LogInit: Using OS detected language (en-US).
[2022.07.30-17.25.50:696][  0]LogInit: Using OS detected locale (en-GB).
[2022.07.30-17.25.50:701][  0]LogTextLocalizationManager: No specific localization for 'en-US' exists, so the 'en' localization will be used.
[2022.07.30-17.25.50:927][  0]LogWindowsTextInputMethodSystem: Display: IME system deactivated.
[2022.07.30-17.25.50:954][  0]LogSlate: New Slate User Created.  User Index 0, Is Virtual User: 0
[2022.07.30-17.25.50:954][  0]LogSlate: Slate User Registered.  User Index 0, Is Virtual User: 0
[2022.07.30-17.25.50:973][  0]LogD3D11RHI: Loaded GFSDK_Aftermath_Lib.x64.dll
[2022.07.30-17.25.50:976][  0]LogHMD: Failed to initialize OpenVR with code 110
[2022.07.30-17.25.50:976][  0]LogD3D11RHI: D3D11 min allowed feature level: 11_0
[2022.07.30-17.25.50:976][  0]LogD3D11RHI: D3D11 max allowed feature level: 11_0
[2022.07.30-17.25.50:976][  0]LogD3D11RHI: D3D11 adapters:
[2022.07.30-17.25.51:014][  0]LogD3D11RHI:    0. 'AMD Radeon RX 5700 XT' (Feature Level 11_0)
[2022.07.30-17.25.51:014][  0]LogD3D11RHI:       8151/0/8167 MB DedicatedVideo/DedicatedSystem/SharedSystem, Outputs:2, VendorId:0x1002
[2022.07.30-17.25.51:017][  0]LogD3D11RHI:    1. 'Microsoft Basic Render Driver' (Feature Level 11_0)
[2022.07.30-17.25.51:017][  0]LogD3D11RHI:       0/0/8167 MB DedicatedVideo/DedicatedSystem/SharedSystem, Outputs:0, VendorId:0x1414
[2022.07.30-17.25.51:017][  0]LogD3D11RHI: Chosen D3D11 Adapter:
[2022.07.30-17.25.51:017][  0]LogD3D11RHI:     Description : AMD Radeon RX 5700 XT
[2022.07.30-17.25.51:017][  0]LogD3D11RHI:     VendorId    : 1002
[2022.07.30-17.25.51:017][  0]LogD3D11RHI:     DeviceId    : 731f
[2022.07.30-17.25.51:017][  0]LogD3D11RHI:     SubSysId    : 23131458
[2022.07.30-17.25.51:017][  0]LogD3D11RHI:     Revision    : 00c1
[2022.07.30-17.25.51:017][  0]LogD3D11RHI:     DedicatedVideoMemory : 8547471360 bytes
[2022.07.30-17.25.51:017][  0]LogD3D11RHI:     DedicatedSystemMemory : 0 bytes
[2022.07.30-17.25.51:017][  0]LogD3D11RHI:     SharedSystemMemory : 8564123648 bytes
[2022.07.30-17.25.51:017][  0]LogD3D11RHI:     AdapterLuid : 0 53280
[2022.07.30-17.25.51:023][  0]LogD3D11RHI: Creating new Direct3DDevice
[2022.07.30-17.25.51:023][  0]LogD3D11RHI:     GPU DeviceId: 0x731f (for the marketing name, search the web for "GPU Device Id")
[2022.07.30-17.25.51:023][  0]LogWindows: EnumDisplayDevices:
[2022.07.30-17.25.51:023][  0]LogWindows:    0. 'AMD Radeon RX 5700 XT' (P:1 D:1)
[2022.07.30-17.25.51:024][  0]LogWindows:    1. 'AMD Radeon RX 5700 XT' (P:0 D:1)
[2022.07.30-17.25.51:024][  0]LogWindows:    2. 'AMD Radeon RX 5700 XT' (P:0 D:0)
[2022.07.30-17.25.51:024][  0]LogWindows:    3. 'AMD Radeon RX 5700 XT' (P:0 D:0)
[2022.07.30-17.25.51:024][  0]LogWindows:    4. 'AMD Radeon RX 5700 XT' (P:0 D:0)
[2022.07.30-17.25.51:025][  0]LogWindows:    5. 'AMD Radeon RX 5700 XT' (P:0 D:0)
[2022.07.30-17.25.51:025][  0]LogWindows:    6. 'AMD Radeon RX 5700 XT' (P:0 D:0)
[2022.07.30-17.25.51:025][  0]LogWindows: DebugString: FoundDriverCount:7 
[2022.07.30-17.25.51:025][  0]LogD3D11RHI:     Adapter Name: AMD Radeon RX 5700 XT
[2022.07.30-17.25.51:025][  0]LogD3D11RHI:   Driver Version: AMD Software: Adrenalin Edition 22.5.1 (internal:30.0.15021.11005, unified:30.0.15021.11005)
[2022.07.30-17.25.51:025][  0]LogD3D11RHI:      Driver Date: 4-28-2022
[2022.07.30-17.25.51:025][  0]LogRHI: Texture pool is 5168 MB (70% of 7383 MB)
[2022.07.30-17.25.51:050][  0]LogD3D11RHI: Creating D3DDevice with AMD AGS, using adapter:
[2022.07.30-17.25.51:050][  0]LogD3D11RHI:     Description : AMD Radeon RX 5700 XT
[2022.07.30-17.25.51:050][  0]LogD3D11RHI:     VendorId    : 1002
[2022.07.30-17.25.51:050][  0]LogD3D11RHI:     DeviceId    : 731f
[2022.07.30-17.25.51:050][  0]LogD3D11RHI:     SubSysId    : 23131458
[2022.07.30-17.25.51:050][  0]LogD3D11RHI:     Revision    : 00c1
[2022.07.30-17.25.51:050][  0]LogD3D11RHI:     DedicatedVideoMemory : 8547471360 bytes
[2022.07.30-17.25.51:050][  0]LogD3D11RHI:     DedicatedSystemMemory : 0 bytes
[2022.07.30-17.25.51:050][  0]LogD3D11RHI:     SharedSystemMemory : 8564123648 bytes
[2022.07.30-17.25.51:050][  0]LogD3D11RHI:     AdapterLuid : 0 53280
[2022.07.30-17.25.51:081][  0]LogD3D11RHI: Created device via AGS, feature level 11_0, supported extensions 1fffffbf.
[2022.07.30-17.25.51:081][  0]LogD3D11RHI: RHI has support for 64 bit atomics
[2022.07.30-17.25.51:081][  0]LogD3D11RHI: Async texture creation enabled
[2022.07.30-17.25.51:081][  0]LogD3D11RHI: Array index from any shader is supported
[2022.07.30-17.25.51:094][  0]LogD3D11RHI: GPU Timing Frequency: 100.000000 (Debug: 2 1)
[2022.07.30-17.25.51:346][  0]LogTargetPlatformManager: Display: Loaded TargetPlatform 'WindowsNoEditor'
[2022.07.30-17.25.51:351][  0]LogTargetPlatformManager: Display: Loaded TargetPlatform 'Windows'
[2022.07.30-17.25.51:356][  0]LogTargetPlatformManager: Display: Loaded TargetPlatform 'WindowsClient'
[2022.07.30-17.25.51:360][  0]LogTargetPlatformManager: Display: Loaded TargetPlatform 'WindowsServer'
[2022.07.30-17.25.51:360][  0]LogTargetPlatformManager: Display: Building Assets For Windows
[2022.07.30-17.25.51:370][  0]LogAudioDebug: Display: Lib vorbis DLL was dynamically loaded.
[2022.07.30-17.25.51:403][  0]LogTextureFormatOodle: Display: Oodle Texture 2.9.0 init RDO Off
[2022.07.30-17.25.51:436][  0]LogRendererCore: Ray tracing is disabled. Reason: r.RayTracing=0.
[2022.07.30-17.25.51:436][  0]LogShaderCompilers: Guid format shader working directory is -27 characters bigger than the processId version (../../../../../../Users/danie/Documents/Gamedev VR/game/UE4 game/fpsgame/Intermediate/Shaders/WorkingDirectory/11212/).
[2022.07.30-17.25.51:436][  0]LogShaderCompilers: Cleaned the shader compiler working directory 'C:/Users/danie/AppData/Local/Temp/UnrealShaderWorkingDir/DFB1EA2C42635BCE370333AF6BF43E6D/'.
[2022.07.30-17.25.51:436][  0]LogXGEController: Cannot use XGE Controller as Incredibuild is not installed on this machine.
[2022.07.30-17.25.51:436][  0]LogShaderCompilers: Cannot use XGE Shader Compiler as Incredibuild is not installed on this machine.
[2022.07.30-17.25.51:436][  0]LogShaderCompilers: Display: Using Local Shader Compiler.
[2022.07.30-17.25.52:202][  0]LogDerivedDataCache: Display: Max Cache Size: 512 MB
[2022.07.30-17.25.52:284][  0]LogDerivedDataCache: Loaded boot cache 0.08s 95MB C:/Users/danie/AppData/Local/UnrealEngine/4.27/DerivedDataCache/Boot.ddc.
[2022.07.30-17.25.52:284][  0]LogDerivedDataCache: Display: Loaded Boot cache: C:/Users/danie/AppData/Local/UnrealEngine/4.27/DerivedDataCache/Boot.ddc
[2022.07.30-17.25.52:284][  0]LogDerivedDataCache: FDerivedDataBackendGraph:  Pak pak cache file ../../../../../../Users/danie/Documents/Gamedev VR/game/UE4 game/fpsgame/DerivedDataCache/DDC.ddp not found, will not use a pak cache.
[2022.07.30-17.25.52:284][  0]LogDerivedDataCache: Unable to find inner node Pak for hierarchical cache Hierarchy.
[2022.07.30-17.25.52:284][  0]LogDerivedDataCache: FDerivedDataBackendGraph:  CompressedPak pak cache file ../../../../../../Users/danie/Documents/Gamedev VR/game/UE4 game/fpsgame/DerivedDataCache/Compressed.ddp not found, will not use a pak cache.
[2022.07.30-17.25.52:284][  0]LogDerivedDataCache: Unable to find inner node CompressedPak for hierarchical cache Hierarchy.
[2022.07.30-17.25.52:301][  0]LogDerivedDataCache: Display: Pak cache opened for reading ../../../Engine/DerivedDataCache/Compressed.ddp.
[2022.07.30-17.25.52:301][  0]LogDerivedDataCache: FDerivedDataBackendGraph:  EnterprisePak pak cache file ../../../Enterprise/DerivedDataCache/Compressed.ddp not found, will not use a pak cache.
[2022.07.30-17.25.52:301][  0]LogDerivedDataCache: Unable to find inner node EnterprisePak for hierarchical cache Hierarchy.
[2022.07.30-17.25.52:313][  0]LogDerivedDataCache: Speed tests for C:/Users/danie/AppData/Local/UnrealEngine/Common/DerivedDataCache took 0.01 seconds
[2022.07.30-17.25.52:313][  0]LogDerivedDataCache: Display: Performance to C:/Users/danie/AppData/Local/UnrealEngine/Common/DerivedDataCache: Latency=0.05ms. RandomReadSpeed=165.26MBs, RandomWriteSpeed=173.01MBs. Assigned SpeedClass 'Local'
[2022.07.30-17.25.52:314][  0]LogDerivedDataCache: Using Local data cache path C:/Users/danie/AppData/Local/UnrealEngine/Common/DerivedDataCache: Writable
[2022.07.30-17.25.52:314][  0]LogDerivedDataCache: Shared data cache path not found in *engine.ini, will not use an Shared cache.
[2022.07.30-17.25.52:314][  0]LogDerivedDataCache: Unable to find inner node Shared for hierarchical cache Hierarchy.
[2022.07.30-17.25.52:347][  0]LogSlate: Using FreeType 2.10.0
[2022.07.30-17.25.52:348][  0]LogSlate: SlateFontServices - WITH_FREETYPE: 1, WITH_HARFBUZZ: 1
[2022.07.30-17.25.52:423][  0]LogInit: Using OS detected language (en-US).
[2022.07.30-17.25.52:423][  0]LogInit: Using OS detected locale (en-GB).
[2022.07.30-17.25.52:423][  0]LogTextLocalizationManager: No localization for 'en-US' exists, so 'en' will be used for the language.
[2022.07.30-17.25.52:423][  0]LogTextLocalizationManager: No localization for 'en-GB' exists, so 'en' will be used for the locale.
[2022.07.30-17.25.52:423][  0]LogSlate: FontCache flush requested. Reason: Culture for localization was changed
[2022.07.30-17.25.52:423][  0]LogSlate: FontCache flush requested. Reason: Culture for localization was changed
[2022.07.30-17.25.52:427][  0]LogTextLocalizationManager: Compacting localization data took   0.00ms
[2022.07.30-17.25.52:427][  0]LogAssetRegistry: FAssetRegistry took 0.0021 seconds to start up
[2022.07.30-17.25.52:567][  0]LogPackageLocalizationCache: Processed 27 localized package path(s) for 1 prioritized culture(s) in 0.001585 seconds
[2022.07.30-17.25.52:629][  0]LogInit: Selected Device Profile: [Windows]
[2022.07.30-17.25.52:629][  0]LogInit: Active device profile: [0000014DFB3C1400][0000014DF0D9F900 49] Windows
[2022.07.30-17.25.52:629][  0]LogInit: Profiles: [0000014DFB3C1400][0000014DF0D9F900 49] Windows, [0000014DFB356800][0000014DF0DA3A40 49] WindowsNoEditor, [0000014DFB357A00][0000014DF0DABBC0 49] WindowsServer, [0000014DFB3C1300][0000014DF13881C0 49] WindowsClient, [0000014DFB3C1600][0000014DF138C340 49] IOS, [0000014DFB363D00][0000014DF13904C0 49] iPadAir, [0000014DFB3C0100][0000014DF1394640 49] iPadAir2, [0000014DFB308A00][0000014DF139C900 49] IPadPro, [0000014DFB308B00][0000014DF1398940 49] iPadAir3, [0000014DFB357900][0000014DF13A0AC0 49] iPadAir4, [0000014DFB308600][0000014DF13A4C40 49] iPadMini2, [0000014DFB357600][0000014DF13A8DC0 49] iPadMini3, [0000014DFB309700][0000014DF13ACF40 49] iPadMini4, [0000014DFB355E00][0000014DF13B10C0 49] iPadMini5, [0000014DFB362000][0000014DF13B9380 49] iPhone6, [0000014DFB2FBF00][0000014DF13B53C0 49] iPodTouch6, [0000014DFB360200][0000014DF4B87680 49] iPhone7, [0000014DFB360100][0000014DF13BD6C0 49] iPodTouch7, [0000014DFB2F8400][0000014DF4B8B840 49] iPhone5S, [0000014DFB363E00][0000014DF0DA7980 49] iPhone6Plus, [0000014DFB2FB400][0000014DF4B8FAC0 49] iPhone6S, [0000014DFB363A00][0000014DF4B93C00 49] iPhone6SPlus, [0000014DFB2F8E00][0000014DF4B961C0 49] iPhone7Plus, [0000014DFB360900][0000014DF4B9E340 49] iPhoneSE, [0000014DFB2FAB00][0000014DF4BA24C0 49] iPhone8, [0000014DFB361F00][0000014DF4BA6640 49] iPhone8Plus, [0000014DFB2F9700][0000014DF4BAA7C0 49] iPhoneX, [0000014DFB361900][0000014DF4BAE940 49] iPhoneXS, [0000014DFB2FA200][0000014DF4BB2AC0 49] iPhoneXSMax, [0000014DFB360D00][0000014DF4BB6C40 49] iPhoneXR, [0000014DFB2FB500][0000014DF4BBADC0 49] iPhone11, [0000014DFB362E00][0000014DF4BBEF40 49] iPhone11Pro, [0000014DFB2F9000][0000014DF4BC30C0 49] iPhone11ProMax, [0000014DFB361700][0000014DF4BC7240 49] iPhoneSE2, [0000014DFB2FA900][0000014DF4BCB3C0 49] iPhone12Mini, [0000014DFB362300][0000014DF4BCF540 49] iPhone12, [0000014DFB2F9A00][0000014DFB6816C0 49] iPhone12Pro, [0000014DFB360500][0000014DFB685840 49] iPhone12ProMax, [0000014DFB2F8200][0000014DFB6899C0 49] iPadPro105, [0000014DFB363400][0000014DF4B9BB00 49] iPadPro129, [0000014DFB2F9B00][0000014DFB68C0C0 49] iPadPro97, [0000014DFB360400][0000014DFB690200 49] iPadPro2_129, [0000014DFB2FBB00][0000014DFB694340 49] iPad5, [0000014DFB363800][0000014DFB69C4C0 49] iPad6, [0000014DFB2FB800][0000014DFB6A0640 49] iPad7, [0000014DFB363100][0000014DFB6A47C0 49] iPad8, [0000014DFB2F9500][0000014DFB6A8940 49] iPadPro11, [0000014DFB361100][0000014DFB6ACAC0 49] iPadPro2_11, [0000014DFB2F8B00][0000014DFB6B0C40 49] iPadPro3_129, [0000014DFB362800][0000014DFB6B4DC0 49] iPadPro4_129, [0000014DFB2FB700][0000014DFB6B8F40 49] AppleTV, [0000014DFB363200][0000014DFB6BD0C0 49] AppleTV4K, [0000014DFB2FAA00][0000014DFB6C1240 49] TVOS, [0000014DFB362400][0000014DFB6C53C0 49] Mac, [0000014DFB2F8F00][0000014DFB6C9540 49] MacClient, [0000014DFB363300][0000014DFB6CD6C0 49] MacNoEditor, [0000014DFB2FAC00][0000014DFB6D1840 49] MacServer, [0000014DFB360800][0000014DFB6D59C0 49] Linux, [0000014DFB2FB900][0000014DFB6D9B40 49] LinuxAArch64, [0000014DFB363900][0000014DFB6DC140 49] LinuxNoEditor, [0000014DFB2F9D00][0000014DFB698280 49] LinuxAArch64NoEditor, [0000014DFB360E00][0000014DFB6E03C0 49] LinuxClient, [0000014DFB2FB300][0000014DFB6E4500 49] LinuxAArch64Client, [0000014DFB360B00][0000014DFB6EC680 49] LinuxServer, [0000014DFB2F8700][0000014DFB6F0800 49] LinuxAArch64Server, [0000014DFB361C00][0000014DFB6F4980 49] Android, [0000014DFB2F8800][0000014DFB6F8B00 49] Android_Low, [0000014DFB362500][0000014DFB6FCC80 49] Android_Mid, [0000014DFB2F9200][0000014DFB700E00 49] Android_High, [0000014DFB3C0900][0000014DFB704F80 49] Android_Default, [0000014DFB356300][0000014DFB709100 49] Android_Adreno4xx, [0000014DFB3C3600][0000014DFB70D280 49] Android_Adreno5xx_Low, [0000014DFB355F00][0000014DFB711400 49] Android_Adreno5xx, [0000014DFB3C2D00][0000014DFB715580 49] Android_Adreno6xx, [0000014DFB354500][0000014DFB719700 49] Android_Adreno6xx_Vulkan, [0000014DFB3C0B00][0000014DFB71D880 49] Android_Mali_T6xx, [0000014DFB356100][0000014DFB721A00 49] Android_Mali_T7xx, [0000014DFB3C0E00][0000014DFB725B80 49] Android_Mali_T8xx, [0000014DFB354700][0000014DFB728180 49] Android_Mali_G71, [0000014DFB3C2E00][0000014DFB72C300 49] Android_Mali_G72, [0000014DFB357C00][0000014DFB6E8440 49] Android_Mali_G72_Vulkan, [0000014DFB3C3000][0000014DFB730580 49] Android_Mali_G76, [0000014DFB355000][0000014DFB7346C0 49] Android_Mali_G76_Vulkan, [0000014DFB3C1C00][0000014DFB73C840 49] Android_Mali_G77, [0000014DFB355500][0000014DFB7409C0 49] Android_Mali_G77_Vulkan, [0000014DFB3C2000][0000014DFB744B40 49] Android_Mali_G78, [0000014DFB354100][0000014DFB748CC0 49] Android_Mali_G78_Vulkan, [0000014DFB3C2A00][0000014DFB74CE40 49] Android_Mali_G710, [0000014DFB357000][0000014DFB750FC0 49] Android_Mali_G710_Vulkan, [0000014DFB3C2700][0000014DFB755140 49] Android_Vulkan_SM5, [0000014DFB356D00][0000014DFB7592C0 49] Android_PowerVR_G6xxx, [0000014DFB3C3100][0000014DFB75D440 49] Android_PowerVR_GT7xxx, [0000014DFB354900][0000014DFB7615C0 49] Android_PowerVR_GE8xxx, [0000014DFB3C2100][0000014DFB765740 49] Android_PowerVR_GM9xxx, [0000014DFB354400][0000014DFB7698C0 49] Android_PowerVR_GM9xxx_Vulkan, [0000014DFB3C1800][0000014DFB76DA40 49] Android_TegraK1, [0000014DFB362700][0000014DFB771BC0 49] Android_Unknown_Vulkan, [0000014DFB3C2800][0000014DFB7741C0 49] Lumin, [0000014DFB360600][0000014DFB778340 49] Lumin_Desktop, [0000014DFB3C2500][0000014DFB77C4C0 49] HoloLens, 
[2022.07.30-17.25.52:679][  0]LogMeshReduction: Using QuadricMeshReduction for automatic static mesh reduction
[2022.07.30-17.25.52:679][  0]LogMeshReduction: Using SimplygonMeshReduction for automatic skeletal mesh reduction
[2022.07.30-17.25.52:679][  0]LogMeshReduction: Using ProxyLODMeshReduction for automatic mesh merging
[2022.07.30-17.25.52:679][  0]LogMeshReduction: No distributed automatic mesh merging module available
[2022.07.30-17.25.52:679][  0]LogMeshMerging: No distributed automatic mesh merging module available
[2022.07.30-17.25.52:774][  0]LogNetVersion: fpsgame 1.0.0, NetCL: 17155196, EngineNetVer: 17, GameNetVer: 0 (Checksum: 3215450660)
[2022.07.30-17.25.53:024][  0]LogTexture: Default maximum texture size for cubemaps generated from long-lat sources has been changed from 512 to unlimited. In order to preserve old behaiour for '/Engine/MapTemplates/Sky/DaylightAmbientCubemap.DaylightAmbientCubemap', its maximum texture size has been explicitly set to 512.
[2022.07.30-17.25.53:078][  0]LogHMD: PokeAHoleMaterial loaded successfully
[2022.07.30-17.25.53:206][  0]LogMoviePlayer: Initializing movie player
[2022.07.30-17.25.53:298][  0]LogNiagaraDebuggerClient: Niagara Debugger Client Initialized | Session: A859246A45261BB1B26A72BE1A374022 | Instance: 33FE1DB844D777A11C5EF6B2FFA8948B (DESKTOP-QG36584-11212).
[2022.07.30-17.25.53:323][  0]LogCollectionManager: Loaded 0 collections in 0.001587 seconds
[2022.07.30-17.25.53:325][  0]LogFileCache: Scanning file cache for directory 'C:/Users/danie/Documents/Gamedev VR/game/UE4 game/fpsgame/Saved/Collections/' took 0.00s
[2022.07.30-17.25.53:325][  0]LogFileCache: Scanning file cache for directory 'C:/Users/danie/Documents/Gamedev VR/game/UE4 game/fpsgame/Content/Developers/danie/Collections/' took 0.00s
[2022.07.30-17.25.53:325][  0]LogFileCache: Scanning file cache for directory 'C:/Users/danie/Documents/Gamedev VR/game/UE4 game/fpsgame/Content/Collections/' took 0.00s
[2022.07.30-17.25.53:325][  0]LogCollectionManager: Fixed up redirectors for 0 collections in 0.000001 seconds (updated 0 objects)
[2022.07.30-17.25.53:340][  0]LogPython: Using Python 3.7.7
[2022.07.30-17.25.53:810][  0]LogTcpMessaging: Initializing TcpMessaging bridge
[2022.07.30-17.25.53:812][  0]LogUdpMessaging: Initializing bridge on interface 0.0.0.0:0 to multicast group 230.0.0.1:6666.
[2022.07.30-17.25.53:889][  0]SourceControl: Source control is disabled
[2022.07.30-17.25.53:889][  0]SourceControl: Source control is disabled
[2022.07.30-17.25.53:898][  0]LogUProjectInfo: Found projects:
[2022.07.30-17.25.53:903][  0]SourceControl: Source control is disabled
[2022.07.30-17.25.53:967][  0]LogOpenImageDenoise: OIDN starting up
[2022.07.30-17.25.53:996][  0]LogAndroidPermission: UAndroidPermissionCallbackProxy::GetInstance
[2022.07.30-17.25.54:018][  0]LogAudioCaptureCore: Display: No Audio Capture implementations found. Audio input will be silent.
[2022.07.30-17.25.54:018][  0]LogAudioCaptureCore: Display: No Audio Capture implementations found. Audio input will be silent.
[2022.07.30-17.25.54:083][  0]LogOcInput: OculusInput pre-init called
[2022.07.30-17.25.54:091][  0]LogUObjectArray: 22485 objects as part of root set at end of initial load.
[2022.07.30-17.25.54:091][  0]LogUObjectAllocator: 6114064 out of 0 bytes used by permanent object pool.
[2022.07.30-17.25.54:091][  0]LogUObjectArray: CloseDisregardForGC: 0/0 objects in disregard for GC pool
[2022.07.30-17.25.54:141][  0]LogClass: Display: StructProperty FRewindDataStruct::SnapshotPosition is not initialized properly. Module:fpsgame File:RewindComponent.h
[2022.07.30-17.25.54:141][  0]LogClass: Display: StructProperty FRewindDataStruct::SnapshotRotation is not initialized properly. Module:fpsgame File:RewindComponent.h
[2022.07.30-17.25.54:141][  0]LogClass: Display: StructProperty FRewindDataStruct::SnapshotScale is not initialized properly. Module:fpsgame File:RewindComponent.h
[2022.07.30-17.25.54:141][  0]LogClass: Display: FloatProperty FWeaponDataStruct::MaxRange is not initialized properly. Module:fpsgame File:WeaponActor.h
[2022.07.30-17.25.54:141][  0]LogClass: Display: FloatProperty FWeaponDataStruct::FireRate is not initialized properly. Module:fpsgame File:WeaponActor.h
[2022.07.30-17.25.54:141][  0]LogClass: Display: IntProperty FWeaponDataStruct::CartridgeBullets is not initialized properly. Module:fpsgame File:WeaponActor.h
[2022.07.30-17.25.54:141][  0]LogClass: Display: IntProperty FWeaponDataStruct::BurstNumber is not initialized properly. Module:fpsgame File:WeaponActor.h
[2022.07.30-17.25.54:141][  0]LogClass: Display: IntProperty FWeaponDataStruct::MaxMagSize is not initialized properly. Module:fpsgame File:WeaponActor.h
[2022.07.30-17.25.54:141][  0]LogClass: Display: IntProperty FWeaponDataStruct::MagAmmo is not initialized properly. Module:fpsgame File:WeaponActor.h
[2022.07.30-17.25.54:141][  0]LogClass: Display: FloatProperty FWeaponDataStruct::ProjectileSpeed is not initialized properly. Module:fpsgame File:WeaponActor.h
[2022.07.30-17.25.54:141][  0]LogClass: Display: EnumProperty FWeaponDataStruct::WAWeaponType is not initialized properly. Module:fpsgame File:WeaponActor.h
[2022.07.30-17.25.54:141][  0]LogClass: Display: EnumProperty FWeaponDataStruct::WAWeaponFireType is not initialized properly. Module:fpsgame File:WeaponActor.h
[2022.07.30-17.25.54:141][  0]LogClass: Display: EnumProperty FWeaponDataStruct::WAWeaponHitDetectionType is not initialized properly. Module:fpsgame File:WeaponActor.h
[2022.07.30-17.25.54:141][  0]LogClass: Warning: ObjectProperty FWeaponDataStruct::GunMesh is not initialized properly. Module:fpsgame File:WeaponActor.h
[2022.07.30-17.25.54:141][  0]LogClass: Display: EnumProperty FWeaponDataStruct::TypeOfEquip is not initialized properly. Module:fpsgame File:WeaponActor.h
[2022.07.30-17.25.54:141][  0]LogClass: Display: EnumProperty FWeaponDataStruct::GunModel is not initialized properly. Module:fpsgame File:WeaponActor.h
[2022.07.30-17.25.54:141][  0]LogClass: Display: StructProperty FWeaponDataStruct::BasePosition is not initialized properly. Module:fpsgame File:WeaponActor.h
[2022.07.30-17.25.54:141][  0]LogClass: Display: StructProperty FWeaponDataStruct::BaseRotation is not initialized properly. Module:fpsgame File:WeaponActor.h
[2022.07.30-17.25.54:141][  0]LogClass: Display: StructProperty FWeaponDataStruct::BaseScale is not initialized properly. Module:fpsgame File:WeaponActor.h
[2022.07.30-17.25.54:141][  0]LogClass: Display: StructProperty FWeaponDataStruct::TPBaseScale is not initialized properly. Module:fpsgame File:WeaponActor.h
[2022.07.30-17.25.54:141][  0]LogClass: Display: StructProperty FWeaponDataStruct::TPBaseRotation is not initialized properly. Module:fpsgame File:WeaponActor.h
[2022.07.30-17.25.54:141][  0]LogClass: Display: StructProperty FWeaponDataStruct::TPBasePosition is not initialized properly. Module:fpsgame File:WeaponActor.h
[2022.07.30-17.25.54:141][  0]LogClass: Display: 22 Uninitialized script struct members found including 1 object properties
[2022.07.30-17.25.54:142][  0]LogAutomationTest: Warning: ObjectProperty FWeaponDataStruct::GunMesh is not initialized properly. Module:fpsgame File:WeaponActor.h
[2022.07.30-17.25.54:142][  0]LogEngine: Initializing Engine...
[2022.07.30-17.25.54:144][  0]LogHMD: Failed to enumerate extensions. Please check that you have a valid OpenXR runtime installed.
[2022.07.30-17.25.54:145][  0]LogHMD: Failed to initialize OpenVR with code 110
[2022.07.30-17.25.54:145][  0]LogMagicLeap: Warning: VR disabled because ZI is not enabled.  To enable, in the editor, Edit -> Project Settings -> Plugins -> Magic Leap Plugin -> Enable Zero Iteration
[2022.07.30-17.25.54:146][  0]LogStats: UGameplayTagsManager::InitializeManager -  0.000 s
[2022.07.30-17.25.54:228][  0]LogInit: Initializing FReadOnlyCVARCache
[2022.07.30-17.25.54:229][  0]LogAudio: Display: Initializing Audio Device Manager...
[2022.07.30-17.25.54:233][  0]LogAudio: Display: Loading Default Audio Settings Objects...
[2022.07.30-17.25.54:234][  0]LogAudio: Display: No default SoundConcurrencyObject specified (or failed to load).
[2022.07.30-17.25.54:234][  0]LogAudio: Display: Audio Device Manager Initialized
[2022.07.30-17.25.54:234][  0]LogAudio: Display: Creating Audio Device:                 Id: 1, Scope: Shared, Realtime: True
[2022.07.30-17.25.54:234][  0]LogAudioMixer: Display: Audio Mixer Platform Settings:
[2022.07.30-17.25.54:234][  0]LogAudioMixer: Display: 	Sample Rate:						  48000
[2022.07.30-17.25.54:234][  0]LogAudioMixer: Display: 	Callback Buffer Frame Size Requested: 1024
[2022.07.30-17.25.54:234][  0]LogAudioMixer: Display: 	Callback Buffer Frame Size To Use:	  1024
[2022.07.30-17.25.54:234][  0]LogAudioMixer: Display: 	Number of buffers to queue:			  2
[2022.07.30-17.25.54:234][  0]LogAudioMixer: Display: 	Max Channels (voices):				  32
[2022.07.30-17.25.54:234][  0]LogAudioMixer: Display: 	Number of Async Source Workers:		  0
[2022.07.30-17.25.54:234][  0]LogAudio: Display: AudioDevice MaxSources: 32
[2022.07.30-17.25.54:234][  0]LogAudio: Display: Audio Spatialization Plugin: None (built-in).
[2022.07.30-17.25.54:234][  0]LogAudio: Display: Audio Reverb Plugin: None (built-in).
[2022.07.30-17.25.54:234][  0]LogAudio: Display: Audio Occlusion Plugin: None (built-in).
[2022.07.30-17.25.54:234][  0]LogAudioMixer: Display: Initializing audio mixer.
[2022.07.30-17.25.54:247][  0]LogAudioMixer: Display: 0: FrontLeft
[2022.07.30-17.25.54:247][  0]LogAudioMixer: Display: 1: FrontRight
[2022.07.30-17.25.54:264][  0]LogAudioMixer: Display: Using Audio Device Speakers (Realtek(R) Audio)
[2022.07.30-17.25.54:269][  0]LogAudioMixer: Display: Initializing Sound Submixes...
[2022.07.30-17.25.54:272][  0]LogAudioMixer: Display: Creating Master Submix 'MasterSubmixDefault'
[2022.07.30-17.25.54:272][  0]LogAudioMixer: Display: Creating Master Submix 'MasterReverbSubmixDefault'
[2022.07.30-17.25.54:272][  0]LogAudioMixer: Display: Creating Master Submix 'MasterEQSubmixDefault'
[2022.07.30-17.25.54:272][  0]LogAudioMixer: FMixerPlatformXAudio2::StartAudioStream() called
[2022.07.30-17.25.54:272][  0]LogAudioMixer: Display: Output buffers initialized: Frames=1024, Channels=2, Samples=2048
[2022.07.30-17.25.54:273][  0]LogAudioMixer: Display: Starting AudioMixerPlatformInterface::RunInternal()
[2022.07.30-17.25.54:273][  0]LogAudioMixer: Display: FMixerPlatformXAudio2::SubmitBuffer() called for the first time
[2022.07.30-17.25.54:273][  0]LogInit: FAudioDevice initialized.
[2022.07.30-17.25.54:275][  0]LogNetVersion: Set ProjectVersion to 1.0.0.0. Version Checksum will be recalculated on next use.
[2022.07.30-17.25.54:275][  0]LogInit: Texture streaming: Enabled
[2022.07.30-17.25.54:332][  0]LogAudio: Display: Audio Device (ID: 1) registered with world 'Untitled'.
[2022.07.30-17.25.54:332][  0]LogSlate: Updating window title bar state: overlay mode, drag disabled, window buttons hidden, title bar hidden
[2022.07.30-17.25.54:333][  0]LogInit: Display: Game Engine Initialized.
[2022.07.30-17.25.54:333][  0]LogNiagaraEditor: GEditor isn't valid! Particle reset commands will not work for Niagara components!
[2022.07.30-17.25.54:412][  0]LogInit: Display: Starting Game.
[2022.07.30-17.25.54:412][  0]LogNet: Browse: 127.0.0.1:17777/Engine/Maps/Templates/Template_Default?Name=Player
[2022.07.30-17.25.54:412][  0]LogInit: WinSock: Socket queue. Rx: 32768 (config 32768) Tx: 32768 (config 32768)
[2022.07.30-17.25.54:412][  0]LogNet: Created socket for bind address: 0.0.0.0 on port 0
[2022.07.30-17.25.54:413][  0]PacketHandlerLog: Loaded PacketHandler component: Engine.EngineHandlerComponentFactory (StatelessConnectHandlerComponent)
[2022.07.30-17.25.54:413][  0]LogNet: Game client on port 17777, rate 100000
[2022.07.30-17.25.54:494][  0]LogInit: Display: Engine is initialized. Leaving FEngineLoop::Init()
[2022.07.30-17.25.54:494][  0]LogLoad: (Engine Initialization) Total time: 5.31 seconds
[2022.07.30-17.25.54:494][  0]LogLoad: (Engine Initialization) Total Blueprint compile time: 0.00 seconds
[2022.07.30-17.25.54:496][  0]LogContentStreaming: Texture pool size now 1000 MB
[2022.07.30-17.25.54:498][  0]LogSlate: InvalidateAllWidgets triggered.  All widgets were invalidated
[2022.07.30-17.25.55:431][778]LogHandshake: SendChallengeResponse. Timestamp: 0.829085, Cookie: 118102101209131099215129190254125245002197098100018229144089
[2022.07.30-17.25.55:464][893]LogNetVersion: fpsgame 1.0.0.0, NetCL: 17155196, EngineNetVer: 17, GameNetVer: 0 (Checksum: 1484303137)
[2022.07.30-17.25.55:464][893]LogNet: UPendingNetGame::SendInitialJoin: Sending hello. [UNetConnection] RemoteAddr: 127.0.0.1:17777, Name: IpConnection_0, Driver: PendingNetDriver IpNetDriver_0, IsServer: NO, PC: NULL, Owner: NULL, UniqueId: INVALID
[2022.07.30-17.25.55:496][  3]LogNet: Welcomed by server (Level: /Game/Maps/TestMap, Game: /Game/Blueprints/BP_FPSGameModeDefault.BP_FPSGameModeDefault_C)
[2022.07.30-17.25.55:496][  3]LogLoad: LoadMap: 127.0.0.1:17777/Game/Maps/TestMap?Name=Player?game=/Game/Blueprints/BP_FPSGameModeDefault.BP_FPSGameModeDefault_C
[2022.07.30-17.25.55:496][  3]LogWorld: BeginTearingDown for /Temp/Untitled_0
[2022.07.30-17.25.55:496][  3]LogWorld: UWorld::CleanupWorld for Untitled, bSessionEnded=true, bCleanupResources=true
[2022.07.30-17.25.55:497][  3]LogSlate: InvalidateAllWidgets triggered.  All widgets were invalidated
[2022.07.30-17.25.55:509][  3]LogAudio: Display: Audio Device unregistered from world 'None'.
[2022.07.30-17.25.55:511][  3]LogUObjectHash: Compacting FUObjectHashTables data took   0.78ms
[2022.07.30-17.25.55:522][  3]LogClass: Warning: Property TPBaseRotation of TPBaseRotation has a struct type mismatch (tag Vector != prop Rotator) in package:  ../../../../../../Users/danie/Documents/Gamedev VR/game/UE4 game/fpsgame/Content/Blueprints/Weapons/Guns/Prototypes/BP_PrototypePistol.uasset. If that struct got renamed, add an entry to ActiveStructRedirects.
[2022.07.30-17.25.55:592][  3]LogAudio: Display: Audio Device (ID: 1) registered with world 'TestMap'.
[2022.07.30-17.25.55:595][  3]LogWorld: Bringing World /Game/Maps/TestMap.TestMap up for play (max tick rate 0) at 2022.07.30-18.25.55
[2022.07.30-17.25.55:595][  3]LogWorld: Bringing up level for play took: 0.001089
[2022.07.30-17.25.55:596][  3]LogSlate: Took 0.000623 seconds to synchronously load lazily loaded font '../../../Engine/Content/Slate/Fonts/Roboto-Regular.ttf' (155K)
[2022.07.30-17.25.55:596][  3]LogLoad: Took 0.100133 seconds to LoadMap(/Game/Maps/TestMap)
[2022.07.30-17.25.55:597][  3]LogNavigation: Warning: NavData RegistrationFailed_DataPendingKill.
[2022.07.30-17.25.55:623][  5]LogRenderer: Reallocating scene render targets to support 640x480 Format 10 NumSamples 1 (Frame:1).
[2022.07.30-17.25.55:871][  5]LogOnlineSession: Warning: OSS: No game present to join for session (GameSession)
[2022.07.30-17.25.56:293][149]LogOnlineSession: Warning: OSS: No game present to join for session (GameSession)
