Log file open, 04/16/23 13:38:42
LogWindows: Failed to load 'aqProf.dll' (GetLastError=126)
LogWindows: File 'aqProf.dll' does not exist
LogWindows: Failed to load 'VtuneApi.dll' (GetLastError=126)
LogWindows: File 'VtuneApi.dll' does not exist
LogWindows: Failed to load 'VtuneApi32e.dll' (GetLastError=126)
LogWindows: File 'VtuneApi32e.dll' does not exist
LogConsoleResponse: Display: Failed to find resolution value strings in scalability ini. Falling back to default.
LogConsoleResponse: Display: Failed to find resolution value strings in scalability ini. Falling back to default.
LogInit: Display: Running engine for game: fpsgame
LogPlatformFile: Not using cached read wrapper
LogTaskGraph: Started task graph with 5 named threads and 17 total threads with 3 sets of task threads.
LogStats: Stats thread started at 0.247345
LogICUInternationalization: ICU TimeZone Detection - Raw Offset: +0:00, Platform Override: ''
LogInit: Display: Loading text-based GConfig....
LogPluginManager: Mounting plugin MeshPainting
LogPluginManager: Mounting plugin XGEController
LogPluginManager: Mounting plugin Paper2D
LogPluginManager: Mounting plugin AISupport
LogPluginManager: Mounting plugin EnvironmentQueryEditor
LogPluginManager: Mounting plugin LiveLink
LogPluginManager: Mounting plugin LightPropagationVolume
LogPluginManager: Mounting plugin CameraShakePreviewer
LogPluginManager: Mounting plugin GameplayCameras
LogPluginManager: Mounting plugin OodleData
LogPluginManager: Mounting plugin OodleNetwork
LogPluginManager: Mounting plugin AnimationSharing
LogPluginManager: Mounting plugin CLionSourceCodeAccess
LogPluginManager: Mounting plugin CodeLiteSourceCodeAccess
LogPluginManager: Mounting plugin GitSourceControl
LogPluginManager: Mounting plugin KDevelopSourceCodeAccess
LogPluginManager: Mounting plugin NullSourceCodeAccess
LogPluginManager: Mounting plugin PerforceSourceControl
LogPluginManager: Mounting plugin PixWinPlugin
LogPluginManager: Mounting plugin PlasticSourceControl
LogPluginManager: Mounting plugin PluginUtils
LogPluginManager: Mounting plugin PropertyAccessNode
LogPluginManager: Mounting plugin RiderSourceCodeAccess
LogPluginManager: Mounting plugin SubversionSourceControl
LogPluginManager: Mounting plugin TextureFormatOodle
LogPluginManager: Mounting plugin UObjectPlugin
LogPluginManager: Mounting plugin VisualStudioCodeSourceCodeAccess
LogPluginManager: Mounting plugin VisualStudioSourceCodeAccess
LogPluginManager: Mounting plugin XCodeSourceCodeAccess
LogPluginManager: Mounting plugin AssetManagerEditor
LogPluginManager: Mounting plugin CryptoKeys
LogPluginManager: Mounting plugin CurveEditorTools
LogPluginManager: Mounting plugin DataValidation
LogPluginManager: Mounting plugin FacialAnimation
LogPluginManager: Mounting plugin GameplayTagsEditor
LogPluginManager: Mounting plugin GeometryMode
LogPluginManager: Mounting plugin MacGraphicsSwitching
LogPluginManager: Mounting plugin MaterialAnalyzer
LogPluginManager: Mounting plugin MobileLauncherProfileWizard
LogPluginManager: Mounting plugin PluginBrowser
LogPluginManager: Mounting plugin SpeedTreeImporter
LogPluginManager: Mounting plugin DatasmithContent
LogPluginManager: Mounting plugin VariantManagerContent
LogPluginManager: Mounting plugin AlembicImporter
LogPluginManager: Mounting plugin AutomationUtils
LogPluginManager: Mounting plugin BackChannel
LogPluginManager: Mounting plugin ChaosCloth
LogPluginManager: Mounting plugin ChaosClothEditor
LogPluginManager: Mounting plugin ChaosEditor
LogPluginManager: Mounting plugin ChaosNiagara
LogPluginManager: Mounting plugin ChaosSolverPlugin
LogPluginManager: Mounting plugin CharacterAI
LogPluginManager: Mounting plugin GeometryCache
LogPluginManager: Mounting plugin GeometryCollectionPlugin
LogPluginManager: Mounting plugin GeometryProcessing
LogPluginManager: Mounting plugin MotoSynth
LogPluginManager: Mounting plugin OpenImageDenoise
LogPluginManager: Mounting plugin PlanarCut
LogPluginManager: Mounting plugin PlatformCrypto
LogPluginManager: Mounting plugin ProxyLODPlugin
LogPluginManager: Mounting plugin PythonScriptPlugin
LogPluginManager: Mounting plugin SkeletalReduction
LogPluginManager: Mounting plugin Niagara
LogPluginManager: Mounting plugin LuminPlatformFeatures
LogPluginManager: Mounting plugin MagicLeap
LogPluginManager: Mounting plugin MagicLeapLightEstimation
LogPluginManager: Mounting plugin MagicLeapMedia
LogPluginManager: Mounting plugin MagicLeapPassableWorld
LogPluginManager: Mounting plugin MLSDK
LogPluginManager: Mounting plugin AndroidMedia
LogPluginManager: Mounting plugin AvfMedia
LogPluginManager: Mounting plugin ImgMedia
LogPluginManager: Mounting plugin MediaCompositing
LogPluginManager: Mounting plugin MediaPlayerEditor
LogPluginManager: Mounting plugin WebMMedia
LogPluginManager: Mounting plugin WmfMedia
LogPluginManager: Mounting plugin TcpMessaging
LogPluginManager: Mounting plugin UdpMessaging
LogPluginManager: Mounting plugin ActorSequence
LogPluginManager: Mounting plugin LevelSequenceEditor
LogPluginManager: Mounting plugin MatineeToLevelSequence
LogPluginManager: Mounting plugin TemplateSequence
LogPluginManager: Mounting plugin OnlineSubsystem
LogPluginManager: Mounting plugin OnlineSubsystemNull
LogPluginManager: Mounting plugin OnlineSubsystemUtils
LogPluginManager: Mounting plugin LauncherChunkInstaller
LogPluginManager: Mounting plugin ActorLayerUtilities
LogPluginManager: Mounting plugin AndroidDeviceProfileSelector
LogPluginManager: Mounting plugin AndroidMoviePlayer
LogPluginManager: Mounting plugin AndroidPermission
LogPluginManager: Mounting plugin AppleImageUtils
LogPluginManager: Mounting plugin AppleMoviePlayer
LogPluginManager: Mounting plugin ArchVisCharacter
LogPluginManager: Mounting plugin AssetTags
LogPluginManager: Mounting plugin AudioCapture
LogPluginManager: Mounting plugin AudioSynesthesia
LogPluginManager: Mounting plugin CableComponent
LogPluginManager: Mounting plugin ChunkDownloader
LogPluginManager: Mounting plugin CustomMeshComponent
LogPluginManager: Mounting plugin EditableMesh
LogPluginManager: Mounting plugin ExampleDeviceProfileSelector
LogPluginManager: Mounting plugin GoogleCloudMessaging
LogPluginManager: Mounting plugin GooglePAD
LogPluginManager: Mounting plugin IOSDeviceProfileSelector
LogPluginManager: Mounting plugin LinuxDeviceProfileSelector
LogPluginManager: Mounting plugin LocationServicesBPLibrary
LogPluginManager: Mounting plugin MobilePatchingUtils
LogPluginManager: Mounting plugin OpenXR
LogPluginManager: Mounting plugin OpenXREyeTracker
LogPluginManager: Mounting plugin OpenXRHandTracking
LogPluginManager: Mounting plugin PhysXVehicles
LogPluginManager: Mounting plugin PostSplashScreen
LogPluginManager: Mounting plugin ProceduralMeshComponent
LogPluginManager: Mounting plugin PropertyAccessEditor
LogPluginManager: Mounting plugin RuntimePhysXCooking
LogPluginManager: Mounting plugin SignificanceManager
LogPluginManager: Mounting plugin SoundFields
LogPluginManager: Mounting plugin Synthesis
LogPluginManager: Mounting plugin WebMMoviePlayer
LogPluginManager: Mounting plugin WindowsMoviePlayer
LogPluginManager: Mounting plugin ScreenshotTools
LogPluginManager: Mounting plugin Takes
LogPluginManager: Mounting plugin ContentBrowserAssetDataSource
LogPluginManager: Mounting plugin ContentBrowserClassDataSource
LogPluginManager: Mounting plugin ContentBrowserFileDataSource
LogPluginManager: Mounting plugin OnlineSubsystemGooglePlay
LogPluginManager: Mounting plugin OnlineSubsystemIOS
LogPluginManager: Mounting plugin OculusVR
LogPluginManager: Mounting plugin SteamVR
PixWinPlugin: PIX capture plugin failed to initialize! Check that the process is launched from PIX.
LogInit: Using libcurl 7.55.1-DEV
LogInit:  - built for x86_64-pc-win32
LogInit:  - supports SSL with OpenSSL/1.1.1
LogInit:  - supports HTTP deflate (compression) using libz 1.2.8
LogInit:  - other features:
LogInit:      CURL_VERSION_SSL
LogInit:      CURL_VERSION_LIBZ
LogInit:      CURL_VERSION_IPV6
LogInit:      CURL_VERSION_ASYNCHDNS
LogInit:      CURL_VERSION_LARGEFILE
LogInit:      CURL_VERSION_IDN
LogInit:  CurlRequestOptions (configurable via config and command line):
LogInit:  - bVerifyPeer = true  - Libcurl will verify peer certificate
LogInit:  - bUseHttpProxy = false  - Libcurl will NOT use HTTP proxy
LogInit:  - bDontReuseConnections = false  - Libcurl will reuse connections
LogInit:  - MaxHostConnections = 16  - Libcurl will limit the number of connections to a host
LogInit:  - LocalHostAddr = Default
LogInit:  - BufferSize = 65536
LogOnline: OSS: Creating online subsystem instance for: NULL
LogInit: WinSock: version 1.1 (2.2), MaxSocks=32767, MaxUdp=65467
LogOnline: OSS: TryLoadSubsystemAndSetDefault: Loaded subsystem for module [NULL]
LogInit: Build: ++UE4+Release-4.27-CL-18319896
LogInit: Engine Version: 4.27.2-18319896+++UE4+Release-4.27
LogInit: Compatible Engine Version: 4.27.0-17155196+++UE4+Release-4.27
LogInit: Net CL: 17155196
LogInit: OS: Windows 10 (Release 2009) (), CPU: AMD Ryzen 5 3600X 6-Core Processor             , GPU: AMD Radeon RX 5700 XT
LogInit: Compiled (64-bit): Nov 30 2021 07:12:08
LogInit: Compiled with Visual C++: 19.24.28315.00
LogInit: Build Configuration: Development
LogInit: Branch Name: ++UE4+Release-4.27
LogInit: Command Line:  /Game/Maps/TestMap -game -PIEVIACONSOLE -Multiprocess -server -log "GameUserSettingsINI=C:/Users/danie/Documents/Gamedev VR/game/UE4 game/fpsgame/Saved/Config/Windows/PIEGameUserSettings0.ini" -MultiprocessSaveConfig -forcepassthrough -messaging -SessionName="Play in Standalone Game" -port=17777 -PktLagMin=0 -PktLagMax=0 -PktLoss=0 -PktIncomingLagMin=0 -PktIncomingLagMax=0 -PktIncomingLoss=0 -windowed
LogInit: Base Directory: C:/Program Files/Epic Games/UE_4.27/Engine/Binaries/Win64/
LogInit: Allocator: TBB
LogInit: Installed Engine Build: 1
LogDevObjectVersion: Number of dev versions registered: 29
LogDevObjectVersion:   Dev-Blueprints (B0D832E4-1F89-4F0D-ACCF-7EB736FD4AA2): 10
LogDevObjectVersion:   Dev-Build (E1C64328-A22C-4D53-A36C-8E866417BD8C): 0
LogDevObjectVersion:   Dev-Core (375EC13C-06E4-48FB-B500-84F0262A717E): 4
LogDevObjectVersion:   Dev-Editor (E4B068ED-F494-42E9-A231-DA0B2E46BB41): 40
LogDevObjectVersion:   Dev-Framework (CFFC743F-43B0-4480-9391-14DF171D2073): 37
LogDevObjectVersion:   Dev-Mobile (B02B49B5-BB20-44E9-A304-32B752E40360): 3
LogDevObjectVersion:   Dev-Networking (A4E4105C-59A1-49B5-A7C5-40C4547EDFEE): 0
LogDevObjectVersion:   Dev-Online (39C831C9-5AE6-47DC-9A44-9C173E1C8E7C): 0
LogDevObjectVersion:   Dev-Physics (78F01B33-EBEA-4F98-B9B4-84EACCB95AA2): 14
LogDevObjectVersion:   Dev-Platform (6631380F-2D4D-43E0-8009-CF276956A95A): 0
LogDevObjectVersion:   Dev-Rendering (12F88B9F-8875-4AFC-A67C-D90C383ABD29): 45
LogDevObjectVersion:   Dev-Sequencer (7B5AE74C-D270-4C10-A958-57980B212A5A): 13
LogDevObjectVersion:   Dev-VR (D7296918-1DD6-4BDD-9DE2-64A83CC13884): 3
LogDevObjectVersion:   Dev-LoadTimes (C2A15278-BFE7-4AFE-6C17-90FF531DF755): 1
LogDevObjectVersion:   Private-Geometry (6EACA3D4-40EC-4CC1-B786-8BED09428FC5): 3
LogDevObjectVersion:   Dev-AnimPhys (29E575DD-E0A3-4627-9D10-D276232CDCEA): 17
LogDevObjectVersion:   Dev-Anim (AF43A65D-7FD3-4947-9873-3E8ED9C1BB05): 15
LogDevObjectVersion:   Dev-ReflectionCapture (6B266CEC-1EC7-4B8F-A30B-E4D90942FC07): 1
LogDevObjectVersion:   Dev-Automation (0DF73D61-A23F-47EA-B727-89E90C41499A): 1
LogDevObjectVersion:   FortniteMain (601D1886-AC64-4F84-AA16-D3DE0DEAC7D6): 47
LogDevObjectVersion:   FortniteRelease (E7086368-6B23-4C58-8439-1B7016265E91): 1
LogDevObjectVersion:   Dev-Enterprise (9DFFBCD6-494F-0158-E221-12823C92A888): 10
LogDevObjectVersion:   Dev-Niagara (F2AED0AC-9AFE-416F-8664-AA7FFA26D6FC): 1
LogDevObjectVersion:   Dev-Destruction (174F1F0B-B4C6-45A5-B13F-2EE8D0FB917D): 10
LogDevObjectVersion:   Dev-Physics-Ext (35F94A83-E258-406C-A318-09F59610247C): 41
LogDevObjectVersion:   Dev-PhysicsMaterial-Chaos (B68FC16E-8B1B-42E2-B453-215C058844FE): 1
LogDevObjectVersion:   Dev-CineCamera (B2E18506-4273-CFC2-A54E-F4BB758BBA07): 1
LogDevObjectVersion:   Dev-VirtualProduction (64F58936-FD1B-42BA-BA96-7289D5D0FA4E): 1
LogDevObjectVersion:   Dev-MediaFramework (6F0ED827-A609-4895-9C91-998D90180EA4): 2
LogInit: Presizing for max 25165824 objects, including 0 objects not considered by GC, pre-allocating 0 bytes for permanent pool.
LogConfig: Applying CVar settings from Section [/Script/Engine.StreamingSettings] File [C:/Users/danie/Documents/Gamedev VR/game/UE4 game/fpsgame/Saved/Config/Windows/Engine.ini]
LogConfig: Setting CVar [[s.MinBulkDataSizeForAsyncLoading:131072]]
LogConfig: Setting CVar [[s.AsyncLoadingThreadEnabled:0]]
LogConfig: Setting CVar [[s.EventDrivenLoaderEnabled:1]]
LogConfig: Setting CVar [[s.WarnIfTimeLimitExceeded:0]]
LogConfig: Setting CVar [[s.TimeLimitExceededMultiplier:1.5]]
LogConfig: Setting CVar [[s.TimeLimitExceededMinTime:0.005]]
LogConfig: Setting CVar [[s.UseBackgroundLevelStreaming:1]]
LogConfig: Setting CVar [[s.PriorityAsyncLoadingExtraTime:15.0]]
LogConfig: Setting CVar [[s.LevelStreamingActorsUpdateTimeLimit:5.0]]
LogConfig: Setting CVar [[s.PriorityLevelStreamingActorsUpdateExtraTime:5.0]]
LogConfig: Setting CVar [[s.LevelStreamingComponentsRegistrationGranularity:10]]
LogConfig: Setting CVar [[s.UnregisterComponentsTimeLimit:1.0]]
LogConfig: Setting CVar [[s.LevelStreamingComponentsUnregistrationGranularity:5]]
LogConfig: Setting CVar [[s.FlushStreamingOnExit:1]]
LogInit: Object subsystem initialized
LogConfig: Setting CVar [[con.DebugEarlyDefault:1]]
LogConfig: Setting CVar [[r.setres:1280x720]]
[2023.04.16-12.38.43:108][  0]LogConfig: Setting CVar [[con.DebugEarlyDefault:1]]
[2023.04.16-12.38.43:108][  0]LogConfig: Setting CVar [[r.setres:1280x720]]
[2023.04.16-12.38.43:109][  0]LogConfig: Applying CVar settings from Section [/Script/Engine.RendererSettings] File [C:/Users/danie/Documents/Gamedev VR/game/UE4 game/fpsgame/Saved/Config/Windows/Engine.ini]
[2023.04.16-12.38.43:109][  0]LogConfig: Setting CVar [[r.GPUCrashDebugging:0]]
[2023.04.16-12.38.43:109][  0]LogConfig: Setting CVar [[r.Mobile.DisableVertexFog:1]]
[2023.04.16-12.38.43:110][  0]LogConfig: Setting CVar [[r.Shadow.CSM.MaxMobileCascades:2]]
[2023.04.16-12.38.43:110][  0]LogConfig: Setting CVar [[r.MobileMSAA:1]]
[2023.04.16-12.38.43:110][  0]LogConfig: Setting CVar [[r.Mobile.AllowDitheredLODTransition:0]]
[2023.04.16-12.38.43:110][  0]LogConfig: Setting CVar [[r.Mobile.AllowSoftwareOcclusion:0]]
[2023.04.16-12.38.43:111][  0]LogConfig: Setting CVar [[r.Mobile.VirtualTextures:0]]
[2023.04.16-12.38.43:113][  0]LogConfig: Setting CVar [[r.DiscardUnusedQuality:0]]
[2023.04.16-12.38.43:113][  0]LogConfig: Setting CVar [[r.AllowOcclusionQueries:1]]
[2023.04.16-12.38.43:113][  0]LogConfig: Setting CVar [[r.MinScreenRadiusForLights:0.030000]]
[2023.04.16-12.38.43:114][  0]LogConfig: Setting CVar [[r.MinScreenRadiusForDepthPrepass:0.030000]]
[2023.04.16-12.38.43:114][  0]LogConfig: Setting CVar [[r.MinScreenRadiusForCSMDepth:0.010000]]
[2023.04.16-12.38.43:114][  0]LogConfig: Setting CVar [[r.PrecomputedVisibilityWarning:0]]
[2023.04.16-12.38.43:115][  0]LogConfig: Setting CVar [[r.TextureStreaming:1]]
[2023.04.16-12.38.43:115][  0]LogConfig: Setting CVar [[Compat.UseDXT5NormalMaps:0]]
[2023.04.16-12.38.43:116][  0]LogConfig: Setting CVar [[r.VirtualTextures:0]]
[2023.04.16-12.38.43:116][  0]LogConfig: Setting CVar [[r.VT.EnableAutoImport:1]]
[2023.04.16-12.38.43:116][  0]LogConfig: Setting CVar [[r.VirtualTexturedLightmaps:0]]
[2023.04.16-12.38.43:116][  0]LogConfig: Setting CVar [[r.VT.TileSize:128]]
[2023.04.16-12.38.43:116][  0]LogConfig: Setting CVar [[r.VT.TileBorderSize:4]]
[2023.04.16-12.38.43:117][  0]LogConfig: Setting CVar [[r.vt.FeedbackFactor:16]]
[2023.04.16-12.38.43:117][  0]LogConfig: Setting CVar [[r.VT.EnableCompressZlib:1]]
[2023.04.16-12.38.43:117][  0]LogConfig: Setting CVar [[r.VT.EnableCompressCrunch:0]]
[2023.04.16-12.38.43:118][  0]LogConfig: Setting CVar [[r.ClearCoatNormal:0]]
[2023.04.16-12.38.43:118][  0]LogConfig: Setting CVar [[r.ReflectionCaptureResolution:128]]
[2023.04.16-12.38.43:118][  0]LogConfig: Setting CVar [[r.Mobile.ReflectionCaptureCompression:0]]
[2023.04.16-12.38.43:119][  0]LogConfig: Setting CVar [[r.ReflectionEnvironmentLightmapMixBasedOnRoughness:1]]
[2023.04.16-12.38.43:119][  0]LogConfig: Setting CVar [[r.ForwardShading:0]]
[2023.04.16-12.38.43:119][  0]LogConfig: Setting CVar [[r.VertexFoggingForOpaque:1]]
[2023.04.16-12.38.43:120][  0]LogConfig: Setting CVar [[r.AllowStaticLighting:1]]
[2023.04.16-12.38.43:120][  0]LogConfig: Setting CVar [[r.NormalMapsForStaticLighting:0]]
[2023.04.16-12.38.43:120][  0]LogConfig: Setting CVar [[r.GenerateMeshDistanceFields:0]]
[2023.04.16-12.38.43:121][  0]LogConfig: Setting CVar [[r.DistanceFieldBuild.EightBit:0]]
[2023.04.16-12.38.43:121][  0]LogConfig: Setting CVar [[r.GenerateLandscapeGIData:0]]
[2023.04.16-12.38.43:121][  0]LogConfig: Setting CVar [[r.DistanceFieldBuild.Compress:0]]
[2023.04.16-12.38.43:122][  0]LogConfig: Setting CVar [[r.TessellationAdaptivePixelsPerTriangle:48.000000]]
[2023.04.16-12.38.43:122][  0]LogConfig: Setting CVar [[r.SeparateTranslucency:1]]
[2023.04.16-12.38.43:123][  0]LogConfig: Setting CVar [[r.TranslucentSortPolicy:0]]
[2023.04.16-12.38.43:123][  0]LogConfig: Setting CVar [[vr.VRS.HMDFixedFoveationLevel:0]]
[2023.04.16-12.38.43:123][  0]LogConfig: Setting CVar [[r.CustomDepth:1]]
[2023.04.16-12.38.43:124][  0]LogConfig: Setting CVar [[r.CustomDepthTemporalAAJitter:1]]
[2023.04.16-12.38.43:124][  0]LogConfig: Setting CVar [[r.PostProcessing.PropagateAlpha:0]]
[2023.04.16-12.38.43:124][  0]LogConfig: Setting CVar [[r.DefaultFeature.Bloom:1]]
[2023.04.16-12.38.43:124][  0]LogConfig: Setting CVar [[r.DefaultFeature.AmbientOcclusion:1]]
[2023.04.16-12.38.43:125][  0]LogConfig: Setting CVar [[r.DefaultFeature.AmbientOcclusionStaticFraction:1]]
[2023.04.16-12.38.43:125][  0]LogConfig: Setting CVar [[r.DefaultFeature.AutoExposure:0]]
[2023.04.16-12.38.43:125][  0]LogConfig: Setting CVar [[r.DefaultFeature.AutoExposure.Method:0]]
[2023.04.16-12.38.43:126][  0]LogConfig: Setting CVar [[r.DefaultFeature.AutoExposure.Bias:1.000000]]
[2023.04.16-12.38.43:126][  0]LogConfig: Setting CVar [[r.DefaultFeature.AutoExposure.ExtendDefaultLuminanceRange:0]]
[2023.04.16-12.38.43:126][  0]LogConfig: Setting CVar [[r.UsePreExposure:1]]
[2023.04.16-12.38.43:126][  0]LogConfig: Setting CVar [[r.EyeAdaptation.EditorOnly:0]]
[2023.04.16-12.38.43:127][  0]LogConfig: Setting CVar [[r.DefaultFeature.MotionBlur:0]]
[2023.04.16-12.38.43:129][  0]LogConfig: Setting CVar [[r.DefaultFeature.LensFlare:0]]
[2023.04.16-12.38.43:130][  0]LogConfig: Setting CVar [[r.TemporalAA.Upsampling:0]]
[2023.04.16-12.38.43:130][  0]LogConfig: Setting CVar [[r.SSGI.Enable:0]]
[2023.04.16-12.38.43:131][  0]LogConfig: Setting CVar [[r.DefaultFeature.AntiAliasing:0]]
[2023.04.16-12.38.43:131][  0]LogConfig: Setting CVar [[r.DefaultFeature.LightUnits:1]]
[2023.04.16-12.38.43:131][  0]LogConfig: Setting CVar [[r.DefaultBackBufferPixelFormat:4]]
[2023.04.16-12.38.43:132][  0]LogConfig: Setting CVar [[r.Shadow.UnbuiltPreviewInGame:1]]
[2023.04.16-12.38.43:132][  0]LogConfig: Setting CVar [[r.StencilForLODDither:0]]
[2023.04.16-12.38.43:132][  0]LogConfig: Setting CVar [[r.EarlyZPass:3]]
[2023.04.16-12.38.43:133][  0]LogConfig: Setting CVar [[r.EarlyZPassOnlyMaterialMasking:0]]
[2023.04.16-12.38.43:133][  0]LogConfig: Setting CVar [[r.DBuffer:1]]
[2023.04.16-12.38.43:133][  0]LogConfig: Setting CVar [[r.ClearSceneMethod:1]]
[2023.04.16-12.38.43:134][  0]LogConfig: Setting CVar [[r.BasePassOutputsVelocity:0]]
[2023.04.16-12.38.43:134][  0]LogConfig: Setting CVar [[r.VertexDeformationOutputsVelocity:0]]
[2023.04.16-12.38.43:135][  0]LogConfig: Setting CVar [[r.SelectiveBasePassOutputs:0]]
[2023.04.16-12.38.43:135][  0]LogConfig: Setting CVar [[fx.GPUSimulationTextureSizeX:1024]]
[2023.04.16-12.38.43:135][  0]LogConfig: Setting CVar [[fx.GPUSimulationTextureSizeY:1024]]
[2023.04.16-12.38.43:135][  0]LogConfig: Setting CVar [[r.AllowGlobalClipPlane:0]]
[2023.04.16-12.38.43:136][  0]LogConfig: Setting CVar [[r.GBufferFormat:1]]
[2023.04.16-12.38.43:136][  0]LogConfig: Setting CVar [[r.MorphTarget.Mode:1]]
[2023.04.16-12.38.43:136][  0]LogConfig: Setting CVar [[vr.InstancedStereo:0]]
[2023.04.16-12.38.43:137][  0]LogConfig: Setting CVar [[r.MobileHDR:1]]
[2023.04.16-12.38.43:137][  0]LogConfig: Setting CVar [[vr.MobileMultiView:0]]
[2023.04.16-12.38.43:137][  0]LogConfig: Setting CVar [[r.Mobile.UseHWsRGBEncoding:0]]
[2023.04.16-12.38.43:138][  0]LogConfig: Setting CVar [[vr.RoundRobinOcclusion:0]]
[2023.04.16-12.38.43:138][  0]LogConfig: Setting CVar [[vr.ODSCapture:0]]
[2023.04.16-12.38.43:138][  0]LogConfig: Setting CVar [[r.MeshStreaming:0]]
[2023.04.16-12.38.43:139][  0]LogConfig: Setting CVar [[r.WireframeCullThreshold:5.000000]]
[2023.04.16-12.38.43:139][  0]LogConfig: Setting CVar [[r.RayTracing:0]]
[2023.04.16-12.38.43:139][  0]LogConfig: Setting CVar [[r.RayTracing.UseTextureLod:0]]
[2023.04.16-12.38.43:139][  0]LogConfig: Setting CVar [[r.SupportStationarySkylight:1]]
[2023.04.16-12.38.43:140][  0]LogConfig: Setting CVar [[r.SupportLowQualityLightmaps:1]]
[2023.04.16-12.38.43:140][  0]LogConfig: Setting CVar [[r.SupportPointLightWholeSceneShadows:1]]
[2023.04.16-12.38.43:140][  0]LogConfig: Setting CVar [[r.SupportAtmosphericFog:1]]
[2023.04.16-12.38.43:141][  0]LogConfig: Setting CVar [[r.SupportSkyAtmosphere:1]]
[2023.04.16-12.38.43:141][  0]LogConfig: Setting CVar [[r.SupportSkyAtmosphereAffectsHeightFog:0]]
[2023.04.16-12.38.43:141][  0]LogConfig: Setting CVar [[r.SkinCache.CompileShaders:0]]
[2023.04.16-12.38.43:141][  0]LogConfig: Setting CVar [[r.SkinCache.DefaultBehavior:1]]
[2023.04.16-12.38.43:142][  0]LogConfig: Setting CVar [[r.SkinCache.SceneMemoryLimitInMB:128.000000]]
[2023.04.16-12.38.43:142][  0]LogConfig: Setting CVar [[r.Mobile.EnableStaticAndCSMShadowReceivers:1]]
[2023.04.16-12.38.43:142][  0]LogConfig: Setting CVar [[r.Mobile.EnableMovableLightCSMShaderCulling:1]]
[2023.04.16-12.38.43:142][  0]LogConfig: Setting CVar [[r.Mobile.AllowDistanceFieldShadows:1]]
[2023.04.16-12.38.43:143][  0]LogConfig: Setting CVar [[r.Mobile.AllowMovableDirectionalLights:1]]
[2023.04.16-12.38.43:145][  0]LogConfig: Setting CVar [[r.MobileNumDynamicPointLights:4]]
[2023.04.16-12.38.43:145][  0]LogConfig: Setting CVar [[r.MobileDynamicPointLightsUseStaticBranch:1]]
[2023.04.16-12.38.43:145][  0]LogConfig: Setting CVar [[r.Mobile.EnableMovableSpotlights:0]]
[2023.04.16-12.38.43:146][  0]LogConfig: Setting CVar [[r.Mobile.EnableMovableSpotlightsShadow:0]]
[2023.04.16-12.38.43:146][  0]LogConfig: Setting CVar [[r.GPUSkin.Support16BitBoneIndex:0]]
[2023.04.16-12.38.43:147][  0]LogConfig: Setting CVar [[r.GPUSkin.Limit2BoneInfluences:0]]
[2023.04.16-12.38.43:147][  0]LogConfig: Setting CVar [[r.SupportDepthOnlyIndexBuffers:1]]
[2023.04.16-12.38.43:147][  0]LogConfig: Setting CVar [[r.SupportReversedIndexBuffers:1]]
[2023.04.16-12.38.43:148][  0]LogConfig: Setting CVar [[r.LightPropagationVolume:0]]
[2023.04.16-12.38.43:148][  0]LogConfig: Setting CVar [[r.Mobile.AmbientOcclusion:0]]
[2023.04.16-12.38.43:148][  0]LogConfig: Setting CVar [[r.GPUSkin.UnlimitedBoneInfluences:0]]
[2023.04.16-12.38.43:149][  0]LogConfig: Setting CVar [[r.GPUSkin.UnlimitedBoneInfluencesThreshold:8]]
[2023.04.16-12.38.43:149][  0]LogConfig: Setting CVar [[r.Mobile.PlanarReflectionMode:0]]
[2023.04.16-12.38.43:149][  0]LogConfig: Setting CVar [[r.Mobile.SupportsGen4TAA:0]]
[2023.04.16-12.38.43:149][  0]LogConfig: Applying CVar settings from Section [/Script/Engine.RendererOverrideSettings] File [C:/Users/danie/Documents/Gamedev VR/game/UE4 game/fpsgame/Saved/Config/Windows/Engine.ini]
[2023.04.16-12.38.43:150][  0]LogConfig: Applying CVar settings from Section [/Script/Engine.StreamingSettings] File [C:/Users/danie/Documents/Gamedev VR/game/UE4 game/fpsgame/Saved/Config/Windows/Engine.ini]
[2023.04.16-12.38.43:150][  0]LogConfig: Setting CVar [[s.MinBulkDataSizeForAsyncLoading:131072]]
[2023.04.16-12.38.43:150][  0]LogConfig: Setting CVar [[s.AsyncLoadingThreadEnabled:0]]
[2023.04.16-12.38.43:151][  0]LogConfig: Setting CVar [[s.EventDrivenLoaderEnabled:1]]
[2023.04.16-12.38.43:151][  0]LogConfig: Setting CVar [[s.WarnIfTimeLimitExceeded:0]]
[2023.04.16-12.38.43:151][  0]LogConfig: Setting CVar [[s.TimeLimitExceededMultiplier:1.5]]
[2023.04.16-12.38.43:152][  0]LogConfig: Setting CVar [[s.TimeLimitExceededMinTime:0.005]]
[2023.04.16-12.38.43:152][  0]LogConfig: Setting CVar [[s.UseBackgroundLevelStreaming:1]]
[2023.04.16-12.38.43:153][  0]LogConfig: Setting CVar [[s.PriorityAsyncLoadingExtraTime:15.0]]
[2023.04.16-12.38.43:153][  0]LogConfig: Setting CVar [[s.LevelStreamingActorsUpdateTimeLimit:5.0]]
[2023.04.16-12.38.43:153][  0]LogConfig: Setting CVar [[s.PriorityLevelStreamingActorsUpdateExtraTime:5.0]]
[2023.04.16-12.38.43:154][  0]LogConfig: Setting CVar [[s.LevelStreamingComponentsRegistrationGranularity:10]]
[2023.04.16-12.38.43:154][  0]LogConfig: Setting CVar [[s.UnregisterComponentsTimeLimit:1.0]]
[2023.04.16-12.38.43:154][  0]LogConfig: Setting CVar [[s.LevelStreamingComponentsUnregistrationGranularity:5]]
[2023.04.16-12.38.43:155][  0]LogConfig: Setting CVar [[s.FlushStreamingOnExit:1]]
[2023.04.16-12.38.43:155][  0]LogConfig: Applying CVar settings from Section [/Script/Engine.GarbageCollectionSettings] File [C:/Users/danie/Documents/Gamedev VR/game/UE4 game/fpsgame/Saved/Config/Windows/Engine.ini]
[2023.04.16-12.38.43:155][  0]LogConfig: Setting CVar [[gc.MaxObjectsNotConsideredByGC:1]]
[2023.04.16-12.38.43:155][  0]LogConfig: Setting CVar [[gc.SizeOfPermanentObjectPool:0]]
[2023.04.16-12.38.43:156][  0]LogConfig: Setting CVar [[gc.FlushStreamingOnGC:0]]
[2023.04.16-12.38.43:156][  0]LogConfig: Setting CVar [[gc.NumRetriesBeforeForcingGC:10]]
[2023.04.16-12.38.43:156][  0]LogConfig: Setting CVar [[gc.AllowParallelGC:1]]
[2023.04.16-12.38.43:157][  0]LogConfig: Setting CVar [[gc.TimeBetweenPurgingPendingKillObjects:61.1]]
[2023.04.16-12.38.43:157][  0]LogConfig: Setting CVar [[gc.MaxObjectsInEditor:25165824]]
[2023.04.16-12.38.43:157][  0]LogConfig: Setting CVar [[gc.IncrementalBeginDestroyEnabled:1]]
[2023.04.16-12.38.43:158][  0]LogConfig: Setting CVar [[gc.CreateGCClusters:1]]
[2023.04.16-12.38.43:158][  0]LogConfig: Setting CVar [[gc.MinGCClusterSize:5]]
[2023.04.16-12.38.43:158][  0]LogConfig: Setting CVar [[gc.ActorClusteringEnabled:0]]
[2023.04.16-12.38.43:158][  0]LogConfig: Setting CVar [[gc.BlueprintClusteringEnabled:0]]
[2023.04.16-12.38.43:159][  0]LogConfig: Setting CVar [[gc.UseDisregardForGCOnDedicatedServers:0]]
[2023.04.16-12.38.43:160][  0]LogConfig: Setting CVar [[gc.MultithreadedDestructionEnabled:1]]
[2023.04.16-12.38.43:161][  0]LogConfig: Applying CVar settings from Section [/Script/Engine.NetworkSettings] File [C:/Users/danie/Documents/Gamedev VR/game/UE4 game/fpsgame/Saved/Config/Windows/Engine.ini]
[2023.04.16-12.38.43:161][  0]LogConfig: Applying CVar settings from Section [/Script/UnrealEd.CookerSettings] File [C:/Users/danie/Documents/Gamedev VR/game/UE4 game/fpsgame/Saved/Config/Windows/Engine.ini]
[2023.04.16-12.38.43:161][  0]LogConfig: Applying CVar settings from Section [ViewDistanceQuality@3] File [C:/Users/danie/Documents/Gamedev VR/game/UE4 game/fpsgame/Saved/Config/Windows/Scalability.ini]
[2023.04.16-12.38.43:162][  0]LogConfig: Setting CVar [[r.SkeletalMeshLODBias:0]]
[2023.04.16-12.38.43:162][  0]LogConfig: Setting CVar [[r.ViewDistanceScale:1.0]]
[2023.04.16-12.38.43:162][  0]LogConfig: Applying CVar settings from Section [AntiAliasingQuality@3] File [C:/Users/danie/Documents/Gamedev VR/game/UE4 game/fpsgame/Saved/Config/Windows/Scalability.ini]
[2023.04.16-12.38.43:162][  0]LogConfig: Setting CVar [[r.PostProcessAAQuality:4]]
[2023.04.16-12.38.43:163][  0]LogConfig: Applying CVar settings from Section [ShadowQuality@3] File [C:/Users/danie/Documents/Gamedev VR/game/UE4 game/fpsgame/Saved/Config/Windows/Scalability.ini]
[2023.04.16-12.38.43:163][  0]LogConfig: Setting CVar [[r.LightFunctionQuality:1]]
[2023.04.16-12.38.43:164][  0]LogConfig: Setting CVar [[r.ShadowQuality:5]]
[2023.04.16-12.38.43:164][  0]LogConfig: Setting CVar [[r.Shadow.CSM.MaxCascades:10]]
[2023.04.16-12.38.43:164][  0]LogConfig: Setting CVar [[r.Shadow.MaxResolution:2048]]
[2023.04.16-12.38.43:165][  0]LogConfig: Setting CVar [[r.Shadow.MaxCSMResolution:2048]]
[2023.04.16-12.38.43:165][  0]LogConfig: Setting CVar [[r.Shadow.RadiusThreshold:0.01]]
[2023.04.16-12.38.43:165][  0]LogConfig: Setting CVar [[r.Shadow.DistanceScale:1.0]]
[2023.04.16-12.38.43:166][  0]LogConfig: Setting CVar [[r.Shadow.CSM.TransitionScale:1.0]]
[2023.04.16-12.38.43:166][  0]LogConfig: Setting CVar [[r.Shadow.PreShadowResolutionFactor:1.0]]
[2023.04.16-12.38.43:166][  0]LogConfig: Setting CVar [[r.DistanceFieldShadowing:1]]
[2023.04.16-12.38.43:167][  0]LogConfig: Setting CVar [[r.DistanceFieldAO:1]]
[2023.04.16-12.38.43:167][  0]LogConfig: Setting CVar [[r.AOQuality:2]]
[2023.04.16-12.38.43:167][  0]LogConfig: Setting CVar [[r.VolumetricFog:1]]
[2023.04.16-12.38.43:168][  0]LogConfig: Setting CVar [[r.VolumetricFog.GridPixelSize:8]]
[2023.04.16-12.38.43:168][  0]LogConfig: Setting CVar [[r.VolumetricFog.GridSizeZ:128]]
[2023.04.16-12.38.43:168][  0]LogConfig: Setting CVar [[r.VolumetricFog.HistoryMissSupersampleCount:4]]
[2023.04.16-12.38.43:169][  0]LogConfig: Setting CVar [[r.LightMaxDrawDistanceScale:1]]
[2023.04.16-12.38.43:169][  0]LogConfig: Setting CVar [[r.CapsuleShadows:1]]
[2023.04.16-12.38.43:169][  0]LogConfig: Applying CVar settings from Section [PostProcessQuality@3] File [C:/Users/danie/Documents/Gamedev VR/game/UE4 game/fpsgame/Saved/Config/Windows/Scalability.ini]
[2023.04.16-12.38.43:169][  0]LogConfig: Setting CVar [[r.MotionBlurQuality:4]]
[2023.04.16-12.38.43:170][  0]LogConfig: Setting CVar [[r.AmbientOcclusionMipLevelFactor:0.4]]
[2023.04.16-12.38.43:170][  0]LogConfig: Setting CVar [[r.AmbientOcclusionMaxQuality:100]]
[2023.04.16-12.38.43:170][  0]LogConfig: Setting CVar [[r.AmbientOcclusionLevels:-1]]
[2023.04.16-12.38.43:170][  0]LogConfig: Setting CVar [[r.AmbientOcclusionRadiusScale:1.0]]
[2023.04.16-12.38.43:171][  0]LogConfig: Setting CVar [[r.DepthOfFieldQuality:2]]
[2023.04.16-12.38.43:171][  0]LogConfig: Setting CVar [[r.RenderTargetPoolMin:400]]
[2023.04.16-12.38.43:171][  0]LogConfig: Setting CVar [[r.LensFlareQuality:2]]
[2023.04.16-12.38.43:172][  0]LogConfig: Setting CVar [[r.SceneColorFringeQuality:1]]
[2023.04.16-12.38.43:172][  0]LogConfig: Setting CVar [[r.EyeAdaptationQuality:2]]
[2023.04.16-12.38.43:172][  0]LogConfig: Setting CVar [[r.BloomQuality:5]]
[2023.04.16-12.38.43:173][  0]LogConfig: Setting CVar [[r.FastBlurThreshold:100]]
[2023.04.16-12.38.43:173][  0]LogConfig: Setting CVar [[r.Upscale.Quality:3]]
[2023.04.16-12.38.43:173][  0]LogConfig: Setting CVar [[r.Tonemapper.GrainQuantization:1]]
[2023.04.16-12.38.43:174][  0]LogConfig: Setting CVar [[r.LightShaftQuality:1]]
[2023.04.16-12.38.43:174][  0]LogConfig: Setting CVar [[r.Filter.SizeScale:1]]
[2023.04.16-12.38.43:174][  0]LogConfig: Setting CVar [[r.Tonemapper.Quality:5]]
[2023.04.16-12.38.43:175][  0]LogConfig: Setting CVar [[r.DOF.Gather.AccumulatorQuality:1        ; higher gathering accumulator quality]]
[2023.04.16-12.38.43:177][  0]LogConfig: Setting CVar [[r.DOF.Gather.PostfilterMethod:1          ; Median3x3 postfilering method]]
[2023.04.16-12.38.43:177][  0]LogConfig: Setting CVar [[r.DOF.Gather.EnableBokehSettings:0       ; no bokeh simulation when gathering]]
[2023.04.16-12.38.43:178][  0]LogConfig: Setting CVar [[r.DOF.Gather.RingCount:4                 ; medium number of samples when gathering]]
[2023.04.16-12.38.43:178][  0]LogConfig: Setting CVar [[r.DOF.Scatter.ForegroundCompositing:1    ; additive foreground scattering]]
[2023.04.16-12.38.43:180][  0]LogConfig: Setting CVar [[r.DOF.Scatter.BackgroundCompositing:2    ; additive background scattering]]
[2023.04.16-12.38.43:180][  0]LogConfig: Setting CVar [[r.DOF.Scatter.EnableBokehSettings:1      ; bokeh simulation when scattering]]
[2023.04.16-12.38.43:180][  0]LogConfig: Setting CVar [[r.DOF.Scatter.MaxSpriteRatio:0.1         ; only a maximum of 10% of scattered bokeh]]
[2023.04.16-12.38.43:181][  0]LogConfig: Setting CVar [[r.DOF.Recombine.Quality:1                ; cheap slight out of focus]]
[2023.04.16-12.38.43:181][  0]LogConfig: Setting CVar [[r.DOF.Recombine.EnableBokehSettings:0    ; no bokeh simulation on slight out of focus]]
[2023.04.16-12.38.43:181][  0]LogConfig: Setting CVar [[r.DOF.TemporalAAQuality:1                ; more stable temporal accumulation]]
[2023.04.16-12.38.43:182][  0]LogConfig: Setting CVar [[r.DOF.Kernel.MaxForegroundRadius:0.025]]
[2023.04.16-12.38.43:182][  0]LogConfig: Setting CVar [[r.DOF.Kernel.MaxBackgroundRadius:0.025]]
[2023.04.16-12.38.43:182][  0]LogConfig: Applying CVar settings from Section [TextureQuality@3] File [C:/Users/danie/Documents/Gamedev VR/game/UE4 game/fpsgame/Saved/Config/Windows/Scalability.ini]
[2023.04.16-12.38.43:182][  0]LogConfig: Setting CVar [[r.Streaming.MipBias:0]]
[2023.04.16-12.38.43:183][  0]LogConfig: Setting CVar [[r.Streaming.AmortizeCPUToGPUCopy:0]]
[2023.04.16-12.38.43:183][  0]LogConfig: Setting CVar [[r.Streaming.MaxNumTexturesToStreamPerFrame:0]]
[2023.04.16-12.38.43:183][  0]LogConfig: Setting CVar [[r.Streaming.Boost:1]]
[2023.04.16-12.38.43:184][  0]LogConfig: Setting CVar [[r.MaxAnisotropy:8]]
[2023.04.16-12.38.43:184][  0]LogConfig: Setting CVar [[r.VT.MaxAnisotropy:8]]
[2023.04.16-12.38.43:184][  0]LogConfig: Setting CVar [[r.Streaming.LimitPoolSizeToVRAM:0]]
[2023.04.16-12.38.43:184][  0]LogConfig: Setting CVar [[r.Streaming.PoolSize:1000]]
[2023.04.16-12.38.43:185][  0]LogConfig: Setting CVar [[r.Streaming.MaxEffectiveScreenSize:0]]
[2023.04.16-12.38.43:185][  0]LogConfig: Applying CVar settings from Section [EffectsQuality@3] File [C:/Users/danie/Documents/Gamedev VR/game/UE4 game/fpsgame/Saved/Config/Windows/Scalability.ini]
[2023.04.16-12.38.43:185][  0]LogConfig: Setting CVar [[r.TranslucencyLightingVolumeDim:64]]
[2023.04.16-12.38.43:185][  0]LogConfig: Setting CVar [[r.RefractionQuality:2]]
[2023.04.16-12.38.43:186][  0]LogConfig: Setting CVar [[r.SSR.Quality:3]]
[2023.04.16-12.38.43:186][  0]LogConfig: Setting CVar [[r.SSR.HalfResSceneColor:0]]
[2023.04.16-12.38.43:187][  0]LogConfig: Setting CVar [[r.SceneColorFormat:4]]
[2023.04.16-12.38.43:187][  0]LogConfig: Setting CVar [[r.DetailMode:2]]
[2023.04.16-12.38.43:187][  0]LogConfig: Setting CVar [[r.TranslucencyVolumeBlur:1]]
[2023.04.16-12.38.43:187][  0]LogConfig: Setting CVar [[r.MaterialQualityLevel:1 ; High quality]]
[2023.04.16-12.38.43:188][  0]LogConfig: Setting CVar [[r.AnisotropicMaterials:1]]
[2023.04.16-12.38.43:188][  0]LogConfig: Setting CVar [[r.SSS.Scale:1]]
[2023.04.16-12.38.43:188][  0]LogConfig: Setting CVar [[r.SSS.SampleSet:2]]
[2023.04.16-12.38.43:189][  0]LogConfig: Setting CVar [[r.SSS.Quality:1]]
[2023.04.16-12.38.43:189][  0]LogConfig: Setting CVar [[r.SSS.HalfRes:0]]
[2023.04.16-12.38.43:189][  0]LogConfig: Setting CVar [[r.SSGI.Quality:3]]
[2023.04.16-12.38.43:189][  0]LogConfig: Setting CVar [[r.EmitterSpawnRateScale:1.0]]
[2023.04.16-12.38.43:190][  0]LogConfig: Setting CVar [[r.ParticleLightQuality:2]]
[2023.04.16-12.38.43:190][  0]LogConfig: Setting CVar [[r.SkyAtmosphere.AerialPerspectiveLUT.FastApplyOnOpaque:1 ; Always have FastSkyLUT 1 in this case to avoid wrong sky]]
[2023.04.16-12.38.43:190][  0]LogConfig: Setting CVar [[r.SkyAtmosphere.AerialPerspectiveLUT.SampleCountMaxPerSlice:4]]
[2023.04.16-12.38.43:191][  0]LogConfig: Setting CVar [[r.SkyAtmosphere.AerialPerspectiveLUT.DepthResolution:16.0]]
[2023.04.16-12.38.43:193][  0]LogConfig: Setting CVar [[r.SkyAtmosphere.FastSkyLUT:1]]
[2023.04.16-12.38.43:193][  0]LogConfig: Setting CVar [[r.SkyAtmosphere.FastSkyLUT.SampleCountMin:4.0]]
[2023.04.16-12.38.43:193][  0]LogConfig: Setting CVar [[r.SkyAtmosphere.FastSkyLUT.SampleCountMax:128.0]]
[2023.04.16-12.38.43:194][  0]LogConfig: Setting CVar [[r.SkyAtmosphere.SampleCountMin:4.0]]
[2023.04.16-12.38.43:194][  0]LogConfig: Setting CVar [[r.SkyAtmosphere.SampleCountMax:128.0]]
[2023.04.16-12.38.43:194][  0]LogConfig: Setting CVar [[r.SkyAtmosphere.TransmittanceLUT.UseSmallFormat:0]]
[2023.04.16-12.38.43:194][  0]LogConfig: Setting CVar [[r.SkyAtmosphere.TransmittanceLUT.SampleCount:10.0]]
[2023.04.16-12.38.43:195][  0]LogConfig: Setting CVar [[r.SkyAtmosphere.MultiScatteringLUT.SampleCount:15.0]]
[2023.04.16-12.38.43:195][  0]LogConfig: Setting CVar [[r.SkyLight.RealTimeReflectionCapture:1]]
[2023.04.16-12.38.43:195][  0]LogConfig: Applying CVar settings from Section [FoliageQuality@3] File [C:/Users/danie/Documents/Gamedev VR/game/UE4 game/fpsgame/Saved/Config/Windows/Scalability.ini]
[2023.04.16-12.38.43:196][  0]LogConfig: Setting CVar [[foliage.DensityScale:1.0]]
[2023.04.16-12.38.43:196][  0]LogConfig: Setting CVar [[grass.DensityScale:1.0]]
[2023.04.16-12.38.43:196][  0]LogConfig: Applying CVar settings from Section [ShadingQuality@3] File [C:/Users/danie/Documents/Gamedev VR/game/UE4 game/fpsgame/Saved/Config/Windows/Scalability.ini]
[2023.04.16-12.38.43:197][  0]LogConfig: Setting CVar [[r.HairStrands.SkyLighting.IntegrationType:2]]
[2023.04.16-12.38.43:197][  0]LogConfig: Setting CVar [[r.HairStrands.SkyAO.SampleCount:4]]
[2023.04.16-12.38.43:197][  0]LogConfig: Setting CVar [[r.HairStrands.Visibility.MSAA.SamplePerPixel:4]]
[2023.04.16-12.38.43:198][  0]LogInit: Selected Device Profile: [Windows]
[2023.04.16-12.38.43:198][  0]LogInit: Applying CVar settings loaded from the selected device profile: [Windows]
[2023.04.16-12.38.43:198][  0]LogHAL: Display: Platform has ~ 16 GB [17128247296 / 17179869184 / 16], which maps to Larger [LargestMinGB=32, LargerMinGB=12, DefaultMinGB=8, SmallerMinGB=6, SmallestMinGB=0)
[2023.04.16-12.38.43:199][  0]LogInit: Going up to parent DeviceProfile []
[2023.04.16-12.38.43:199][  0]LogConfig: Applying CVar settings from Section [ViewDistanceQuality@3] File [C:/Users/danie/Documents/Gamedev VR/game/UE4 game/fpsgame/Saved/Config/Windows/Scalability.ini]
[2023.04.16-12.38.43:199][  0]LogConfig: Setting CVar [[r.SkeletalMeshLODBias:0]]
[2023.04.16-12.38.43:200][  0]LogConfig: Setting CVar [[r.ViewDistanceScale:1.0]]
[2023.04.16-12.38.43:200][  0]LogConfig: Applying CVar settings from Section [AntiAliasingQuality@3] File [C:/Users/danie/Documents/Gamedev VR/game/UE4 game/fpsgame/Saved/Config/Windows/Scalability.ini]
[2023.04.16-12.38.43:200][  0]LogConfig: Setting CVar [[r.PostProcessAAQuality:4]]
[2023.04.16-12.38.43:201][  0]LogConfig: Applying CVar settings from Section [ShadowQuality@3] File [C:/Users/danie/Documents/Gamedev VR/game/UE4 game/fpsgame/Saved/Config/Windows/Scalability.ini]
[2023.04.16-12.38.43:201][  0]LogConfig: Setting CVar [[r.LightFunctionQuality:1]]
[2023.04.16-12.38.43:201][  0]LogConfig: Setting CVar [[r.ShadowQuality:5]]
[2023.04.16-12.38.43:201][  0]LogConfig: Setting CVar [[r.Shadow.CSM.MaxCascades:10]]
[2023.04.16-12.38.43:202][  0]LogConfig: Setting CVar [[r.Shadow.MaxResolution:2048]]
[2023.04.16-12.38.43:202][  0]LogConfig: Setting CVar [[r.Shadow.MaxCSMResolution:2048]]
[2023.04.16-12.38.43:202][  0]LogConfig: Setting CVar [[r.Shadow.RadiusThreshold:0.01]]
[2023.04.16-12.38.43:202][  0]LogConfig: Setting CVar [[r.Shadow.DistanceScale:1.0]]
[2023.04.16-12.38.43:203][  0]LogConfig: Setting CVar [[r.Shadow.CSM.TransitionScale:1.0]]
[2023.04.16-12.38.43:203][  0]LogConfig: Setting CVar [[r.Shadow.PreShadowResolutionFactor:1.0]]
[2023.04.16-12.38.43:203][  0]LogConfig: Setting CVar [[r.DistanceFieldShadowing:1]]
[2023.04.16-12.38.43:204][  0]LogConfig: Setting CVar [[r.DistanceFieldAO:1]]
[2023.04.16-12.38.43:204][  0]LogConfig: Setting CVar [[r.AOQuality:2]]
[2023.04.16-12.38.43:204][  0]LogConfig: Setting CVar [[r.VolumetricFog:1]]
[2023.04.16-12.38.43:205][  0]LogConfig: Setting CVar [[r.VolumetricFog.GridPixelSize:8]]
[2023.04.16-12.38.43:205][  0]LogConfig: Setting CVar [[r.VolumetricFog.GridSizeZ:128]]
[2023.04.16-12.38.43:205][  0]LogConfig: Setting CVar [[r.VolumetricFog.HistoryMissSupersampleCount:4]]
[2023.04.16-12.38.43:206][  0]LogConfig: Setting CVar [[r.LightMaxDrawDistanceScale:1]]
[2023.04.16-12.38.43:206][  0]LogConfig: Setting CVar [[r.CapsuleShadows:1]]
[2023.04.16-12.38.43:206][  0]LogConfig: Applying CVar settings from Section [PostProcessQuality@3] File [C:/Users/danie/Documents/Gamedev VR/game/UE4 game/fpsgame/Saved/Config/Windows/Scalability.ini]
[2023.04.16-12.38.43:207][  0]LogConfig: Setting CVar [[r.MotionBlurQuality:4]]
[2023.04.16-12.38.43:209][  0]LogConfig: Setting CVar [[r.AmbientOcclusionMipLevelFactor:0.4]]
[2023.04.16-12.38.43:210][  0]LogConfig: Setting CVar [[r.AmbientOcclusionMaxQuality:100]]
[2023.04.16-12.38.43:210][  0]LogConfig: Setting CVar [[r.AmbientOcclusionLevels:-1]]
[2023.04.16-12.38.43:211][  0]LogConfig: Setting CVar [[r.AmbientOcclusionRadiusScale:1.0]]
[2023.04.16-12.38.43:211][  0]LogConfig: Setting CVar [[r.DepthOfFieldQuality:2]]
[2023.04.16-12.38.43:211][  0]LogConfig: Setting CVar [[r.RenderTargetPoolMin:400]]
[2023.04.16-12.38.43:212][  0]LogConfig: Setting CVar [[r.LensFlareQuality:2]]
[2023.04.16-12.38.43:212][  0]LogConfig: Setting CVar [[r.SceneColorFringeQuality:1]]
[2023.04.16-12.38.43:212][  0]LogConfig: Setting CVar [[r.EyeAdaptationQuality:2]]
[2023.04.16-12.38.43:212][  0]LogConfig: Setting CVar [[r.BloomQuality:5]]
[2023.04.16-12.38.43:212][  0]LogConfig: Setting CVar [[r.FastBlurThreshold:100]]
[2023.04.16-12.38.43:213][  0]LogConfig: Setting CVar [[r.Upscale.Quality:3]]
[2023.04.16-12.38.43:214][  0]LogConfig: Setting CVar [[r.Tonemapper.GrainQuantization:1]]
[2023.04.16-12.38.43:214][  0]LogConfig: Setting CVar [[r.LightShaftQuality:1]]
[2023.04.16-12.38.43:214][  0]LogConfig: Setting CVar [[r.Filter.SizeScale:1]]
[2023.04.16-12.38.43:214][  0]LogConfig: Setting CVar [[r.Tonemapper.Quality:5]]
[2023.04.16-12.38.43:215][  0]LogConfig: Setting CVar [[r.DOF.Gather.AccumulatorQuality:1        ; higher gathering accumulator quality]]
[2023.04.16-12.38.43:215][  0]LogConfig: Setting CVar [[r.DOF.Gather.PostfilterMethod:1          ; Median3x3 postfilering method]]
[2023.04.16-12.38.43:215][  0]LogConfig: Setting CVar [[r.DOF.Gather.EnableBokehSettings:0       ; no bokeh simulation when gathering]]
[2023.04.16-12.38.43:215][  0]LogConfig: Setting CVar [[r.DOF.Gather.RingCount:4                 ; medium number of samples when gathering]]
[2023.04.16-12.38.43:215][  0]LogConfig: Setting CVar [[r.DOF.Scatter.ForegroundCompositing:1    ; additive foreground scattering]]
[2023.04.16-12.38.43:216][  0]LogConfig: Setting CVar [[r.DOF.Scatter.BackgroundCompositing:2    ; additive background scattering]]
[2023.04.16-12.38.43:216][  0]LogConfig: Setting CVar [[r.DOF.Scatter.EnableBokehSettings:1      ; bokeh simulation when scattering]]
[2023.04.16-12.38.43:216][  0]LogConfig: Setting CVar [[r.DOF.Scatter.MaxSpriteRatio:0.1         ; only a maximum of 10% of scattered bokeh]]
[2023.04.16-12.38.43:217][  0]LogConfig: Setting CVar [[r.DOF.Recombine.Quality:1                ; cheap slight out of focus]]
[2023.04.16-12.38.43:217][  0]LogConfig: Setting CVar [[r.DOF.Recombine.EnableBokehSettings:0    ; no bokeh simulation on slight out of focus]]
[2023.04.16-12.38.43:217][  0]LogConfig: Setting CVar [[r.DOF.TemporalAAQuality:1                ; more stable temporal accumulation]]
[2023.04.16-12.38.43:217][  0]LogConfig: Setting CVar [[r.DOF.Kernel.MaxForegroundRadius:0.025]]
[2023.04.16-12.38.43:218][  0]LogConfig: Setting CVar [[r.DOF.Kernel.MaxBackgroundRadius:0.025]]
[2023.04.16-12.38.43:218][  0]LogConfig: Applying CVar settings from Section [TextureQuality@3] File [C:/Users/danie/Documents/Gamedev VR/game/UE4 game/fpsgame/Saved/Config/Windows/Scalability.ini]
[2023.04.16-12.38.43:218][  0]LogConfig: Setting CVar [[r.Streaming.MipBias:0]]
[2023.04.16-12.38.43:219][  0]LogConfig: Setting CVar [[r.Streaming.AmortizeCPUToGPUCopy:0]]
[2023.04.16-12.38.43:219][  0]LogConfig: Setting CVar [[r.Streaming.MaxNumTexturesToStreamPerFrame:0]]
[2023.04.16-12.38.43:219][  0]LogConfig: Setting CVar [[r.Streaming.Boost:1]]
[2023.04.16-12.38.43:220][  0]LogConfig: Setting CVar [[r.MaxAnisotropy:8]]
[2023.04.16-12.38.43:220][  0]LogConfig: Setting CVar [[r.VT.MaxAnisotropy:8]]
[2023.04.16-12.38.43:220][  0]LogConfig: Setting CVar [[r.Streaming.LimitPoolSizeToVRAM:0]]
[2023.04.16-12.38.43:221][  0]LogConfig: Setting CVar [[r.Streaming.PoolSize:1000]]
[2023.04.16-12.38.43:221][  0]LogConfig: Setting CVar [[r.Streaming.MaxEffectiveScreenSize:0]]
[2023.04.16-12.38.43:221][  0]LogConfig: Applying CVar settings from Section [EffectsQuality@3] File [C:/Users/danie/Documents/Gamedev VR/game/UE4 game/fpsgame/Saved/Config/Windows/Scalability.ini]
[2023.04.16-12.38.43:222][  0]LogConfig: Setting CVar [[r.TranslucencyLightingVolumeDim:64]]
[2023.04.16-12.38.43:222][  0]LogConfig: Setting CVar [[r.RefractionQuality:2]]
[2023.04.16-12.38.43:222][  0]LogConfig: Setting CVar [[r.SSR.Quality:3]]
[2023.04.16-12.38.43:223][  0]LogConfig: Setting CVar [[r.SSR.HalfResSceneColor:0]]
[2023.04.16-12.38.43:225][  0]LogConfig: Setting CVar [[r.SceneColorFormat:4]]
[2023.04.16-12.38.43:225][  0]LogConfig: Setting CVar [[r.DetailMode:2]]
[2023.04.16-12.38.43:225][  0]LogConfig: Setting CVar [[r.TranslucencyVolumeBlur:1]]
[2023.04.16-12.38.43:225][  0]LogConfig: Setting CVar [[r.MaterialQualityLevel:1 ; High quality]]
[2023.04.16-12.38.43:225][  0]LogConfig: Setting CVar [[r.AnisotropicMaterials:1]]
[2023.04.16-12.38.43:227][  0]LogConfig: Setting CVar [[r.SSS.Scale:1]]
[2023.04.16-12.38.43:227][  0]LogConfig: Setting CVar [[r.SSS.SampleSet:2]]
[2023.04.16-12.38.43:227][  0]LogConfig: Setting CVar [[r.SSS.Quality:1]]
[2023.04.16-12.38.43:227][  0]LogConfig: Setting CVar [[r.SSS.HalfRes:0]]
[2023.04.16-12.38.43:227][  0]LogConfig: Setting CVar [[r.SSGI.Quality:3]]
[2023.04.16-12.38.43:228][  0]LogConfig: Setting CVar [[r.EmitterSpawnRateScale:1.0]]
[2023.04.16-12.38.43:228][  0]LogConfig: Setting CVar [[r.ParticleLightQuality:2]]
[2023.04.16-12.38.43:228][  0]LogConfig: Setting CVar [[r.SkyAtmosphere.AerialPerspectiveLUT.FastApplyOnOpaque:1 ; Always have FastSkyLUT 1 in this case to avoid wrong sky]]
[2023.04.16-12.38.43:229][  0]LogConfig: Setting CVar [[r.SkyAtmosphere.AerialPerspectiveLUT.SampleCountMaxPerSlice:4]]
[2023.04.16-12.38.43:229][  0]LogConfig: Setting CVar [[r.SkyAtmosphere.AerialPerspectiveLUT.DepthResolution:16.0]]
[2023.04.16-12.38.43:229][  0]LogConfig: Setting CVar [[r.SkyAtmosphere.FastSkyLUT:1]]
[2023.04.16-12.38.43:230][  0]LogConfig: Setting CVar [[r.SkyAtmosphere.FastSkyLUT.SampleCountMin:4.0]]
[2023.04.16-12.38.43:230][  0]LogConfig: Setting CVar [[r.SkyAtmosphere.FastSkyLUT.SampleCountMax:128.0]]
[2023.04.16-12.38.43:230][  0]LogConfig: Setting CVar [[r.SkyAtmosphere.SampleCountMin:4.0]]
[2023.04.16-12.38.43:231][  0]LogConfig: Setting CVar [[r.SkyAtmosphere.SampleCountMax:128.0]]
[2023.04.16-12.38.43:231][  0]LogConfig: Setting CVar [[r.SkyAtmosphere.TransmittanceLUT.UseSmallFormat:0]]
[2023.04.16-12.38.43:231][  0]LogConfig: Setting CVar [[r.SkyAtmosphere.TransmittanceLUT.SampleCount:10.0]]
[2023.04.16-12.38.43:232][  0]LogConfig: Setting CVar [[r.SkyAtmosphere.MultiScatteringLUT.SampleCount:15.0]]
[2023.04.16-12.38.43:232][  0]LogConfig: Setting CVar [[r.SkyLight.RealTimeReflectionCapture:1]]
[2023.04.16-12.38.43:233][  0]LogConfig: Applying CVar settings from Section [FoliageQuality@3] File [C:/Users/danie/Documents/Gamedev VR/game/UE4 game/fpsgame/Saved/Config/Windows/Scalability.ini]
[2023.04.16-12.38.43:233][  0]LogConfig: Setting CVar [[foliage.DensityScale:1.0]]
[2023.04.16-12.38.43:233][  0]LogConfig: Setting CVar [[grass.DensityScale:1.0]]
[2023.04.16-12.38.43:234][  0]LogConfig: Applying CVar settings from Section [ShadingQuality@3] File [C:/Users/danie/Documents/Gamedev VR/game/UE4 game/fpsgame/Saved/Config/Windows/Scalability.ini]
[2023.04.16-12.38.43:234][  0]LogConfig: Setting CVar [[r.HairStrands.SkyLighting.IntegrationType:2]]
[2023.04.16-12.38.43:234][  0]LogConfig: Setting CVar [[r.HairStrands.SkyAO.SampleCount:4]]
[2023.04.16-12.38.43:235][  0]LogConfig: Setting CVar [[r.HairStrands.Visibility.MSAA.SamplePerPixel:4]]
[2023.04.16-12.38.43:235][  0]LogConfig: Applying CVar settings from Section [Startup] File [../../../Engine/Config/ConsoleVariables.ini]
[2023.04.16-12.38.43:235][  0]LogConfig: Setting CVar [[net.UseAdaptiveNetUpdateFrequency:0]]
[2023.04.16-12.38.43:235][  0]LogConfig: Setting CVar [[p.chaos.AllowCreatePhysxBodies:1]]
[2023.04.16-12.38.43:236][  0]LogConfig: Setting CVar [[fx.SkipVectorVMBackendOptimizations:1]]
[2023.04.16-12.38.43:236][  0]LogConfig: Applying CVar settings from Section [ConsoleVariables] File [C:/Users/danie/Documents/Gamedev VR/game/UE4 game/fpsgame/Saved/Config/Windows/Engine.ini]
[2023.04.16-12.38.43:236][  0]LogConfig: Applying CVar settings from Section [ConsoleVariables] File [C:/Users/danie/Documents/Gamedev VR/game/UE4 game/fpsgame/Saved/Config/Windows/Editor.ini]
[2023.04.16-12.38.43:237][  0]LogInit: Computer: DESKTOP-QG36584
[2023.04.16-12.38.43:237][  0]LogInit: User: danie
[2023.04.16-12.38.43:237][  0]LogInit: CPU Page size=4096, Cores=6
[2023.04.16-12.38.43:238][  0]LogInit: High frequency timer resolution =10.000000 MHz
[2023.04.16-12.38.43:240][  0]LogMemory: Memory total: Physical=16.0GB (16GB approx)
[2023.04.16-12.38.43:241][  0]LogMemory: Platform Memory Stats for Windows
[2023.04.16-12.38.43:241][  0]LogMemory: Process Physical Memory: 137.52 MB used, 137.52 MB peak
[2023.04.16-12.38.43:241][  0]LogMemory: Process Virtual Memory: 119.52 MB used, 119.52 MB peak
[2023.04.16-12.38.43:241][  0]LogMemory: Physical Memory: 11590.23 MB used,  4744.54 MB free, 16334.77 MB total
[2023.04.16-12.38.43:242][  0]LogMemory: Virtual Memory: 134214144.00 MB used,  3581.12 MB free, 134217728.00 MB total
[2023.04.16-12.38.43:245][  0]LogWindows: WindowsPlatformFeatures disabled or dedicated server build
[2023.04.16-12.38.43:255][  0]LogInit: Physics initialised using underlying interface: PhysX
[2023.04.16-12.38.43:256][  0]LogInit: Using OS detected language (en-US).
[2023.04.16-12.38.43:256][  0]LogInit: Using OS detected locale (en-GB).
[2023.04.16-12.38.43:259][  0]LogTextLocalizationManager: No specific localization for 'en-US' exists, so the 'en' localization will be used.
[2023.04.16-12.38.43:662][  0]LogTargetPlatformManager: Display: Loaded TargetPlatform 'WindowsNoEditor'
[2023.04.16-12.38.43:665][  0]LogTargetPlatformManager: Display: Loaded TargetPlatform 'Windows'
[2023.04.16-12.38.43:668][  0]LogTargetPlatformManager: Display: Loaded TargetPlatform 'WindowsClient'
[2023.04.16-12.38.43:670][  0]LogTargetPlatformManager: Display: Loaded TargetPlatform 'WindowsServer'
[2023.04.16-12.38.43:670][  0]LogTargetPlatformManager: Display: Building Assets For Windows
[2023.04.16-12.38.43:674][  0]LogAudioDebug: Display: Lib vorbis DLL was dynamically loaded.
[2023.04.16-12.38.43:688][  0]LogTextureFormatOodle: Display: Oodle Texture 2.9.0 init RDO Off
[2023.04.16-12.38.43:699][  0]LogRendererCore: Ray tracing is disabled. Reason: r.RayTracing=0.
[2023.04.16-12.38.43:700][  0]LogShaderCompilers: Guid format shader working directory is -27 characters bigger than the processId version (../../../../../../Users/danie/Documents/Gamedev VR/game/UE4 game/fpsgame/Intermediate/Shaders/WorkingDirectory/18764/).
[2023.04.16-12.38.43:700][  0]LogShaderCompilers: Cleaned the shader compiler working directory 'C:/Users/danie/AppData/Local/Temp/UnrealShaderWorkingDir/8AB129DA4AD1F21DB9AF49A22AE98796/'.
[2023.04.16-12.38.43:700][  0]LogXGEController: Cannot use XGE Controller as Incredibuild is not installed on this machine.
[2023.04.16-12.38.43:701][  0]LogShaderCompilers: Cannot use XGE Shader Compiler as Incredibuild is not installed on this machine.
[2023.04.16-12.38.43:701][  0]LogShaderCompilers: Display: Using Local Shader Compiler.
[2023.04.16-12.38.44:194][  0]LogDerivedDataCache: Display: Max Cache Size: 512 MB
[2023.04.16-12.38.44:242][  0]LogDerivedDataCache: Loaded boot cache 0.05s 94MB C:/Users/danie/AppData/Local/UnrealEngine/4.27/DerivedDataCache/Boot.ddc.
[2023.04.16-12.38.44:242][  0]LogDerivedDataCache: Display: Loaded Boot cache: C:/Users/danie/AppData/Local/UnrealEngine/4.27/DerivedDataCache/Boot.ddc
[2023.04.16-12.38.44:243][  0]LogDerivedDataCache: FDerivedDataBackendGraph:  Pak pak cache file ../../../../../../Users/danie/Documents/Gamedev VR/game/UE4 game/fpsgame/DerivedDataCache/DDC.ddp not found, will not use a pak cache.
[2023.04.16-12.38.44:243][  0]LogDerivedDataCache: Unable to find inner node Pak for hierarchical cache Hierarchy.
[2023.04.16-12.38.44:244][  0]LogDerivedDataCache: FDerivedDataBackendGraph:  CompressedPak pak cache file ../../../../../../Users/danie/Documents/Gamedev VR/game/UE4 game/fpsgame/DerivedDataCache/Compressed.ddp not found, will not use a pak cache.
[2023.04.16-12.38.44:244][  0]LogDerivedDataCache: Unable to find inner node CompressedPak for hierarchical cache Hierarchy.
[2023.04.16-12.38.44:261][  0]LogDerivedDataCache: Display: Pak cache opened for reading ../../../Engine/DerivedDataCache/Compressed.ddp.
[2023.04.16-12.38.44:262][  0]LogDerivedDataCache: FDerivedDataBackendGraph:  EnterprisePak pak cache file ../../../Enterprise/DerivedDataCache/Compressed.ddp not found, will not use a pak cache.
[2023.04.16-12.38.44:264][  0]LogDerivedDataCache: Unable to find inner node EnterprisePak for hierarchical cache Hierarchy.
[2023.04.16-12.38.44:271][  0]LogDerivedDataCache: Speed tests for C:/Users/danie/AppData/Local/UnrealEngine/Common/DerivedDataCache took 0.01 seconds
[2023.04.16-12.38.44:271][  0]LogDerivedDataCache: Display: Performance to C:/Users/danie/AppData/Local/UnrealEngine/Common/DerivedDataCache: Latency=0.03ms. RandomReadSpeed=1456.73MBs, RandomWriteSpeed=162.60MBs. Assigned SpeedClass 'Local'
[2023.04.16-12.38.44:273][  0]LogDerivedDataCache: Using Local data cache path C:/Users/danie/AppData/Local/UnrealEngine/Common/DerivedDataCache: Writable
[2023.04.16-12.38.44:273][  0]LogDerivedDataCache: Shared data cache path not found in *engine.ini, will not use an Shared cache.
[2023.04.16-12.38.44:273][  0]LogDerivedDataCache: Unable to find inner node Shared for hierarchical cache Hierarchy.
[2023.04.16-12.38.44:275][  0]LogInit: Using OS detected language (en-US).
[2023.04.16-12.38.44:275][  0]LogInit: Using OS detected locale (en-GB).
[2023.04.16-12.38.44:276][  0]LogTextLocalizationManager: No localization for 'en-US' exists, so 'en' will be used for the language.
[2023.04.16-12.38.44:276][  0]LogTextLocalizationManager: No localization for 'en-GB' exists, so 'en' will be used for the locale.
[2023.04.16-12.38.44:280][  0]LogTextLocalizationManager: Compacting localization data took   0.00ms
[2023.04.16-12.38.44:280][  0]LogAssetRegistry: FAssetRegistry took 0.0023 seconds to start up
[2023.04.16-12.38.44:423][  0]LogPackageLocalizationCache: Processed 27 localized package path(s) for 1 prioritized culture(s) in 0.001004 seconds
[2023.04.16-12.38.44:510][  0]LogInit: Selected Device Profile: [Windows]
[2023.04.16-12.38.44:510][  0]LogInit: Active device profile: [000001511070C500][000001511019F8C0 49] Windows
[2023.04.16-12.38.44:511][  0]LogInit: Profiles: [000001511070C500][000001511019F8C0 49] Windows, [00000151106F3600][00000151101ADB80 49] WindowsNoEditor, [00000151106F0100][00000151101A2280 49] WindowsServer, [000001511070F000][00000151101B0500 49] WindowsClient, [000001511070C200][00000151101B87C0 49] IOS, [00000151106F7D00][00000151101BCA80 49] iPadAir, [000001511070FA00][00000151101C0D40 49] iPadAir2, [00000151106A0200][00000151101DB280 49] IPadPro, [000001511069BF00][00000151101C52C0 49] iPadAir3, [00000151106F1000][00000151101D3580 49] iPadAir4, [0000015110698500][00000151101CF840 49] iPadMini2, [00000151106F0200][00000151101D7B00 49] iPadMini3, [0000015110699200][00000151101E4240 49] iPadMini4, [00000151106F3800][00000151101B44C0 49] iPadMini5, [00000151106F5600][00000151101FC9C0 49] iPhone6, [00000151106F5700][00000151101E8A00 49] iPodTouch6, [000001511069A100][0000015110204F40 49] iPhone7, [000001511069A200][00000151101F4F80 49] iPodTouch7, [00000151106F6600][00000151101F9240 49] iPhone5S, [000001511069B100][00000151101F1500 49] iPhone6Plus, [00000151106F7B00][00000151102017C0 49] iPhone6S, [000001511069AB00][0000015110209A80 49] iPhone6SPlus, [00000151106F4A00][000001511020C1C0 49] iPhone7Plus, [000001511069AF00][000001510FC52480 49] iPhoneSE, [00000151106F5000][00000151101EC700 49] iPhone8, [000001511069BC00][000001510FC56980 49] iPhone8Plus, [00000151106F7200][000001510FC5EC40 49] iPhoneX, [000001511069AC00][000001510FC62F00 49] iPhoneXS, [00000151106F6B00][000001510FC671C0 49] iPhoneXSMax, [000001511069A900][000001510FC6B480 49] iPhoneXR, [00000151106F6F00][000001510FC6F740 49] iPhone11, [0000015110698A00][000001510FC73A00 49] iPhone11Pro, [00000151106F7E00][000001510FC76140 49] iPhone11ProMax, [0000015110699400][000001510FC7A400 49] iPhoneSE2, [00000151106F7F00][000001510FC7E6C0 49] iPhone12Mini, [000001511069BD00][000001510FC5A940 49] iPhone12, [00000151106F5200][000001510FC82BC0 49] iPhone12Pro, [000001511069B500][000001510FC8AE80 49] iPhone12ProMax, [00000151106F4200][000001510FC8F140 49] iPadPro105, [0000015110699A00][000001510FC93400 49] iPadPro129, [00000151106F4D00][000001510FC976C0 49] iPadPro97, [0000015110698900][000001510FC9B980 49] iPadPro2_129, [00000151106F5A00][000001510FC9E0C0 49] iPad5, [0000015110699C00][000001510FCA2380 49] iPad6, [00000151106F7900][000001510FCA6640 49] iPad7, [000001511069A600][000001510FCAA900 49] iPad8, [00000151106F7000][000001510FC86B80 49] iPadPro11, [0000015110699500][000001510FCAEE00 49] iPadPro2_11, [00000151106F6100][000001510FCB70C0 49] iPadPro3_129, [0000015110699D00][000001510FCBB380 49] iPadPro4_129, [00000151106F6400][000001510FCBF640 49] AppleTV, [000001511069AE00][000001510FCC3900 49] AppleTV4K, [00000151106F4500][000001510FCC7BC0 49] TVOS, [000001511069BA00][000001510FCCA300 49] Mac, [00000151106F6900][000001510FCCE5C0 49] MacClient, [0000015110699700][000001510FCD2880 49] MacNoEditor, [00000151106F5100][000001510FCD6B40 49] MacServer, [000001511069BB00][000001510FCB2DC0 49] Linux, [00000151106F4600][000001510FCDB040 49] LinuxAArch64, [0000015110698400][000001510FCE3300 49] LinuxNoEditor, [00000151106F6200][000001510FCE75C0 49] LinuxAArch64NoEditor, [000001511070C100][000001510FCEB880 49] LinuxClient, [00000151106A0700][000001510FCEFB40 49] LinuxAArch64Client, [000001511070D900][000001510FCF2280 49] LinuxServer, [00000151106A0A00][000001510FCF6540 49] LinuxAArch64Server, [000001511070ED00][000001510FCFA800 49] Android, [00000151106A1400][000001510FCFEAC0 49] Android_Low, [000001511070D100][000001510FD02D80 49] Android_Mid, [00000151106A0E00][000001510FCDF000 49] Android_High, [000001511070C800][000001510FD0B2C0 49] Android_Default, [00000151106A2600][000001510FD0F580 49] Android_Adreno4xx, [000001511070D400][000001510FD13840 49] Android_Adreno5xx_Low, [00000151106A2400][000001510FD17B00 49] Android_Adreno5xx, [000001511070C700][000001510FD1A240 49] Android_Adreno6xx, [00000151106A2C00][000001510FD1E500 49] Android_Adreno6xx_Vulkan, [000001511070FB00][000001510FD227C0 49] Android_Mali_T6xx, [00000151106A0500][000001510FD26A80 49] Android_Mali_T7xx, [000001511070C300][000001510FD2AD40 49] Android_Mali_T8xx, [00000151106A3000][000001510FD06FC0 49] Android_Mali_G71, [000001511070E900][000001510FD2F240 49] Android_Mali_G72, [00000151106A2500][000001510FD37500 49] Android_Mali_G72_Vulkan, [000001511070DB00][000001510FD3B7C0 49] Android_Mali_G76, [00000151106A3100][000001510FD3FA80 49] Android_Mali_G76_Vulkan, [000001511070DE00][000001510FD421C0 49] Android_Mali_G77, [00000151106A3B00][000001510FD46480 49] Android_Mali_G77_Vulkan, [000001511070FC00][000001510FD4A740 49] Android_Mali_G78, [00000151106A3F00][000001510FD4EA00 49] Android_Mali_G78_Vulkan, [000001511070E400][000001510FD52CC0 49] Android_Mali_G710, [00000151106A1300][000001510FD56F80 49] Android_Mali_G710_Vulkan, [000001511070F100][000001510FD33200 49] Android_Vulkan_SM5, [000001511069A400][000001510FD5B480 49] Android_PowerVR_G6xxx, [000001511070DD00][000001510FD63740 49] Android_PowerVR_GT7xxx, [0000015110698100][000001510FD67A00 49] Android_PowerVR_GE8xxx, [000001511070F200][000001510FD6A140 49] Android_PowerVR_GM9xxx, [0000015110698300][000001510FD6E400 49] Android_PowerVR_GM9xxx_Vulkan, [000001511070F300][000001510FD726C0 49] Android_TegraK1, [0000015110699600][000001510FD76980 49] Android_Unknown_Vulkan, [000001511070E000][000001510FD7AC40 49] Lumin, [0000015110698B00][000001510FD7EF00 49] Lumin_Desktop, [000001511070CD00][000001510FD831C0 49] HoloLens, 
[2023.04.16-12.38.44:534][  0]LogMeshReduction: Using QuadricMeshReduction for automatic static mesh reduction
[2023.04.16-12.38.44:534][  0]LogMeshReduction: Using SimplygonMeshReduction for automatic skeletal mesh reduction
[2023.04.16-12.38.44:535][  0]LogMeshReduction: Using ProxyLODMeshReduction for automatic mesh merging
[2023.04.16-12.38.44:535][  0]LogMeshReduction: No distributed automatic mesh merging module available
[2023.04.16-12.38.44:535][  0]LogMeshMerging: No distributed automatic mesh merging module available
[2023.04.16-12.38.44:547][  0]LogNetVersion: fpsgame 1.0.0, NetCL: 17155196, EngineNetVer: 17, GameNetVer: 0 (Checksum: 3215450660)
[2023.04.16-12.38.44:652][  0]LogTexture: Default maximum texture size for cubemaps generated from long-lat sources has been changed from 512 to unlimited. In order to preserve old behaiour for '/Engine/MapTemplates/Sky/DaylightAmbientCubemap.DaylightAmbientCubemap', its maximum texture size has been explicitly set to 512.
[2023.04.16-12.38.44:667][  0]LogHMD: PokeAHoleMaterial loaded successfully
[2023.04.16-12.38.44:732][  0]LogPython: Using Python 3.7.7
[2023.04.16-12.38.45:132][  0]LogNiagaraDebuggerClient: Niagara Debugger Client Initialized | Session: 9FEBC7D841C528547965E5821529B186 | Instance: 5A22298F433C704E5FA58EBC82351E22 (DESKTOP-QG36584-18764).
[2023.04.16-12.38.45:149][  0]LogCollectionManager: Loaded 0 collections in 0.002350 seconds
[2023.04.16-12.38.45:152][  0]LogFileCache: Scanning file cache for directory 'C:/Users/danie/Documents/Gamedev VR/game/UE4 game/fpsgame/Saved/Collections/' took 0.00s
[2023.04.16-12.38.45:152][  0]LogFileCache: Scanning file cache for directory 'C:/Users/danie/Documents/Gamedev VR/game/UE4 game/fpsgame/Content/Developers/danie/Collections/' took 0.00s
[2023.04.16-12.38.45:152][  0]LogFileCache: Scanning file cache for directory 'C:/Users/danie/Documents/Gamedev VR/game/UE4 game/fpsgame/Content/Collections/' took 0.00s
[2023.04.16-12.38.45:153][  0]LogCollectionManager: Fixed up redirectors for 0 collections in 0.000002 seconds (updated 0 objects)
[2023.04.16-12.38.45:226][  0]LogTcpMessaging: Initializing TcpMessaging bridge
[2023.04.16-12.38.45:228][  0]LogUdpMessaging: Initializing bridge on interface 0.0.0.0:0 to multicast group 230.0.0.1:6666.
[2023.04.16-12.38.45:256][  0]LogPython: Warning: 'AttachmentType' and 'EAttachmentType' have the same name (AttachmentType) when exposed to Python. Rename one of them using 'ScriptName' meta-data.
[2023.04.16-12.38.45:290][  0]SourceControl: Source control is disabled
[2023.04.16-12.38.45:291][  0]SourceControl: Source control is disabled
[2023.04.16-12.38.45:293][  0]SourceControl: Source control is disabled
[2023.04.16-12.38.45:296][  0]LogUProjectInfo: Found projects:
[2023.04.16-12.38.45:342][  0]LogOpenImageDenoise: OIDN starting up
[2023.04.16-12.38.45:364][  0]LogAndroidPermission: UAndroidPermissionCallbackProxy::GetInstance
[2023.04.16-12.38.45:373][  0]LogAudioCaptureCore: Display: No Audio Capture implementations found. Audio input will be silent.
[2023.04.16-12.38.45:373][  0]LogAudioCaptureCore: Display: No Audio Capture implementations found. Audio input will be silent.
[2023.04.16-12.38.45:424][  0]LogOcInput: OculusInput pre-init called
[2023.04.16-12.38.45:434][  0]LogUObjectArray: 22096 objects as part of root set at end of initial load.
[2023.04.16-12.38.45:434][  0]LogUObjectAllocator: 5980608 out of 0 bytes used by permanent object pool.
[2023.04.16-12.38.45:434][  0]LogUObjectArray: CloseDisregardForGC: 0/0 objects in disregard for GC pool
[2023.04.16-12.38.45:467][  0]LogClass: Display: StructProperty FRewindDataStruct::SnapshotPosition is not initialized properly. Module:fpsgame File:RewindComponent.h
[2023.04.16-12.38.45:467][  0]LogClass: Display: StructProperty FRewindDataStruct::SnapshotRotation is not initialized properly. Module:fpsgame File:RewindComponent.h
[2023.04.16-12.38.45:468][  0]LogClass: Display: StructProperty FRewindDataStruct::SnapshotScale is not initialized properly. Module:fpsgame File:RewindComponent.h
[2023.04.16-12.38.45:469][  0]LogClass: Display: BoolProperty FWeaponRecoil::bHasRecoil is not initialized properly. Module:fpsgame File:WeaponActor.h
[2023.04.16-12.38.45:469][  0]LogClass: Display: BoolProperty FWeaponRecoil::bUsesControlRotationForHipfireRecoil is not initialized properly. Module:fpsgame File:WeaponActor.h
[2023.04.16-12.38.45:469][  0]LogClass: Warning: ObjectProperty FWeaponRecoil::RecoilVectorCurve is not initialized properly. Module:fpsgame File:WeaponActor.h
[2023.04.16-12.38.45:470][  0]LogClass: Display: FloatProperty FWeaponRecoil::RecoveryTime is not initialized properly. Module:fpsgame File:WeaponActor.h
[2023.04.16-12.38.45:470][  0]LogClass: Display: FloatProperty FWeaponStats::MaxRange is not initialized properly. Module:fpsgame File:WeaponActor.h
[2023.04.16-12.38.45:471][  0]LogClass: Display: FloatProperty FWeaponStats::FireRate is not initialized properly. Module:fpsgame File:WeaponActor.h
[2023.04.16-12.38.45:471][  0]LogClass: Display: IntProperty FWeaponStats::CartridgeBullets is not initialized properly. Module:fpsgame File:WeaponActor.h
[2023.04.16-12.38.45:471][  0]LogClass: Display: IntProperty FWeaponStats::BurstNumber is not initialized properly. Module:fpsgame File:WeaponActor.h
[2023.04.16-12.38.45:472][  0]LogClass: Display: FloatProperty FWeaponStats::BurstFireRate is not initialized properly. Module:fpsgame File:WeaponActor.h
[2023.04.16-12.38.45:472][  0]LogClass: Display: IntProperty FWeaponStats::MaxMagSize is not initialized properly. Module:fpsgame File:WeaponActor.h
[2023.04.16-12.38.45:473][  0]LogClass: Display: FloatProperty FWeaponStats::BaseDamageTorso is not initialized properly. Module:fpsgame File:WeaponActor.h
[2023.04.16-12.38.45:473][  0]LogClass: Display: FloatProperty FWeaponStats::BaseDamageHead is not initialized properly. Module:fpsgame File:WeaponActor.h
[2023.04.16-12.38.45:473][  0]LogClass: Display: FloatProperty FWeaponStats::BaseDamageLegs is not initialized properly. Module:fpsgame File:WeaponActor.h
[2023.04.16-12.38.45:474][  0]LogClass: Display: FloatProperty FWeaponStats::BaseHipfireSpreadAngleInDegrees is not initialized properly. Module:fpsgame File:WeaponActor.h
[2023.04.16-12.38.45:474][  0]LogClass: Display: FloatProperty FWeaponStats::BaseMovementSpreadMultiplier is not initialized properly. Module:fpsgame File:WeaponActor.h
[2023.04.16-12.38.45:475][  0]LogClass: Display: EnumProperty FWeaponMetaData::GunModel is not initialized properly. Module:fpsgame File:WeaponActor.h
[2023.04.16-12.38.45:475][  0]LogClass: Display: EnumProperty FWeaponMetaData::WAWeaponType is not initialized properly. Module:fpsgame File:WeaponActor.h
[2023.04.16-12.38.45:475][  0]LogClass: Display: EnumProperty FWeaponMetaData::WAWeaponFireType is not initialized properly. Module:fpsgame File:WeaponActor.h
[2023.04.16-12.38.45:476][  0]LogClass: Display: EnumProperty FWeaponMetaData::WAWeaponHitDetectionType is not initialized properly. Module:fpsgame File:WeaponActor.h
[2023.04.16-12.38.45:476][  0]LogClass: Display: EnumProperty FWeaponMetaData::TypeOfEquip is not initialized properly. Module:fpsgame File:WeaponActor.h
[2023.04.16-12.38.45:476][  0]LogClass: Warning: ObjectProperty FWeaponVisualAssets::GunMesh is not initialized properly. Module:fpsgame File:WeaponActor.h
[2023.04.16-12.38.45:477][  0]LogClass: Warning: ObjectProperty FWeaponVisualAssets::TracerEffect is not initialized properly. Module:fpsgame File:WeaponActor.h
[2023.04.16-12.38.45:477][  0]LogClass: Warning: ObjectProperty FWeaponVisualAssets::MuzzleFlash is not initialized properly. Module:fpsgame File:WeaponActor.h
[2023.04.16-12.38.45:478][  0]LogClass: Display: StructProperty FWeaponPositionalDetails::BasePosition is not initialized properly. Module:fpsgame File:WeaponActor.h
[2023.04.16-12.38.45:478][  0]LogClass: Display: StructProperty FWeaponPositionalDetails::BaseRotation is not initialized properly. Module:fpsgame File:WeaponActor.h
[2023.04.16-12.38.45:478][  0]LogClass: Display: StructProperty FWeaponPositionalDetails::BaseScale is not initialized properly. Module:fpsgame File:WeaponActor.h
[2023.04.16-12.38.45:478][  0]LogClass: Display: StructProperty FWeaponPositionalDetails::TPBaseScale is not initialized properly. Module:fpsgame File:WeaponActor.h
[2023.04.16-12.38.45:479][  0]LogClass: Display: StructProperty FWeaponPositionalDetails::TPBaseRotation is not initialized properly. Module:fpsgame File:WeaponActor.h
[2023.04.16-12.38.45:479][  0]LogClass: Display: StructProperty FWeaponPositionalDetails::TPBasePosition is not initialized properly. Module:fpsgame File:WeaponActor.h
[2023.04.16-12.38.45:480][  0]LogClass: Display: 32 Uninitialized script struct members found including 4 object properties
[2023.04.16-12.38.45:480][  0]LogAutomationTest: Warning: ObjectProperty FWeaponRecoil::RecoilVectorCurve is not initialized properly. Module:fpsgame File:WeaponActor.h
[2023.04.16-12.38.45:481][  0]LogAutomationTest: Warning: ObjectProperty FWeaponVisualAssets::GunMesh is not initialized properly. Module:fpsgame File:WeaponActor.h
[2023.04.16-12.38.45:482][  0]LogAutomationTest: Warning: ObjectProperty FWeaponVisualAssets::TracerEffect is not initialized properly. Module:fpsgame File:WeaponActor.h
[2023.04.16-12.38.45:482][  0]LogAutomationTest: Warning: ObjectProperty FWeaponVisualAssets::MuzzleFlash is not initialized properly. Module:fpsgame File:WeaponActor.h
[2023.04.16-12.38.45:483][  0]LogEngine: Initializing Engine...
[2023.04.16-12.38.45:484][  0]LogStats: UGameplayTagsManager::InitializeManager -  0.000 s
[2023.04.16-12.38.45:496][  0]LogInit: Initializing FReadOnlyCVARCache
[2023.04.16-12.38.45:496][  0]LogNetVersion: Set ProjectVersion to 1.0.0.0. Version Checksum will be recalculated on next use.
[2023.04.16-12.38.45:499][  0]LogInit: Texture streaming: Disabled
[2023.04.16-12.38.45:533][  0]LogInit: Display: Game Engine Initialized.
[2023.04.16-12.38.45:534][  0]LogNiagaraEditor: GEditor isn't valid! Particle reset commands will not work for Niagara components!
[2023.04.16-12.38.45:573][  0]LogInit: Display: Starting Game.
[2023.04.16-12.38.45:573][  0]LogNet: Browse: /Game/Maps/TestMap?Name=Player
[2023.04.16-12.38.45:582][  0]LogLoad: LoadMap: /Game/Maps/TestMap?Name=Player
[2023.04.16-12.38.45:588][  0]LogWorld: BeginTearingDown for /Temp/Untitled_0
[2023.04.16-12.38.45:597][  0]LogWorld: UWorld::CleanupWorld for Untitled, bSessionEnded=true, bCleanupResources=true
[2023.04.16-12.38.45:607][  0]LogUObjectHash: Compacting FUObjectHashTables data took   0.91ms
[2023.04.16-12.38.45:617][  0]LogClass: Warning: Type mismatch in Attachments of WeaponAttachmentSystem - Previous (ArrayProperty) Current(MapProperty) for package:  ../../../../../../Users/danie/Documents/Gamedev VR/game/UE4 game/fpsgame/Content/Blueprints/Weapons/Guns/Prototypes/BP_PrototypeAR.uasset
[2023.04.16-12.38.45:937][  0]LogAIModule: Creating AISystem for world TestMap
[2023.04.16-12.38.45:937][  0]LogLoad: Game class is 'BP_FPSGameModeDefault_C'
[2023.04.16-12.38.45:938][  0]LogNet: PktLoss set to 0
[2023.04.16-12.38.45:939][  0]LogNet: PktLagMin set to 0
[2023.04.16-12.38.45:939][  0]LogNet: PktLagMax set to 0
[2023.04.16-12.38.45:939][  0]LogNet: PktIncomingLagMin set to 0
[2023.04.16-12.38.45:940][  0]LogNet: PktIncomingLagMax set to 0
[2023.04.16-12.38.45:940][  0]LogNet: PktIncomingLoss set to 0
[2023.04.16-12.38.45:941][  0]LogNet: PktLoss set to 0
[2023.04.16-12.38.45:941][  0]LogNet: PktLagMin set to 0
[2023.04.16-12.38.45:941][  0]LogNet: PktLagMax set to 0
[2023.04.16-12.38.45:941][  0]LogNet: PktIncomingLagMin set to 0
[2023.04.16-12.38.45:942][  0]LogNet: PktIncomingLagMax set to 0
[2023.04.16-12.38.45:942][  0]LogNet: PktIncomingLoss set to 0
[2023.04.16-12.38.45:943][  0]LogNet: PktLoss set to 0
[2023.04.16-12.38.45:943][  0]LogNet: PktLagMin set to 0
[2023.04.16-12.38.45:943][  0]LogNet: PktLagMax set to 0
[2023.04.16-12.38.45:944][  0]LogNet: PktIncomingLagMin set to 0
[2023.04.16-12.38.45:944][  0]LogNet: PktIncomingLagMax set to 0
[2023.04.16-12.38.45:944][  0]LogNet: PktIncomingLoss set to 0
[2023.04.16-12.38.45:945][  0]LogNet: ReplicationDriverClass is null! Not using ReplicationDriver.
[2023.04.16-12.38.45:945][  0]LogNetCore: DDoS detection status: detection enabled: 0 analytics enabled: 0
[2023.04.16-12.38.45:946][  0]LogInit: WinSock: Socket queue. Rx: 131072 (config 131072) Tx: 131072 (config 131072)
[2023.04.16-12.38.45:946][  0]LogNet: Created socket for bind address: 0.0.0.0 on port 17777
[2023.04.16-12.38.45:947][  0]PacketHandlerLog: Loaded PacketHandler component: Engine.EngineHandlerComponentFactory (StatelessConnectHandlerComponent)
[2023.04.16-12.38.45:949][  0]LogNet: GameNetDriver IpNetDriver_0 IpNetDriver listening on port 17777
[2023.04.16-12.38.45:951][  0]LogWorld: Bringing World /Game/Maps/TestMap.TestMap up for play (max tick rate 30) at 2023.04.16-13.38.45
[2023.04.16-12.38.45:951][  0]LogWorld: Bringing up level for play took: 0.001387
[2023.04.16-12.38.45:951][  0]LogGameMode: Display: Match State Changed from EnteringMap to WaitingToStart
[2023.04.16-12.38.45:952][  0]LogGameState: Match State Changed from EnteringMap to WaitingToStart
[2023.04.16-12.38.45:952][  0]LogLoad: Took 0.370138 seconds to LoadMap(/Game/Maps/TestMap)
[2023.04.16-12.38.45:957][  0]LogInit: Display: Engine is initialized. Leaving FEngineLoop::Init()
[2023.04.16-12.38.45:957][  0]LogLoad: (Engine Initialization) Total time: 5.17 seconds
[2023.04.16-12.38.45:958][  0]LogLoad: (Engine Initialization) Total Blueprint compile time: 0.00 seconds
[2023.04.16-12.38.46:554][ 17]LogNet: NotifyAcceptingConnection accepted from: 127.0.0.1:60939
[2023.04.16-12.38.46:554][ 17]LogHandshake: SendConnectChallenge. Timestamp: 0.594818, Cookie: 227246097041125154232074084207125018149022248207243020128192
[2023.04.16-12.38.46:587][ 18]LogNet: NotifyAcceptingConnection accepted from: 127.0.0.1:60939
[2023.04.16-12.38.46:587][ 18]LogHandshake: SendChallengeAck. InCookie: 227246097041125154232074084207125018149022248207243020128192
[2023.04.16-12.38.46:588][ 18]LogNet: Server accepting post-challenge connection from: 127.0.0.1:60939
[2023.04.16-12.38.46:588][ 18]PacketHandlerLog: Loaded PacketHandler component: Engine.EngineHandlerComponentFactory (StatelessConnectHandlerComponent)
[2023.04.16-12.38.46:588][ 18]LogNet: NotifyAcceptedConnection: Name: TestMap, TimeStamp: 04/16/23 13:38:46, [UNetConnection] RemoteAddr: 127.0.0.1:60939, Name: IpConnection_0, Driver: GameNetDriver IpNetDriver_0, IsServer: YES, PC: NULL, Owner: NULL, UniqueId: INVALID
[2023.04.16-12.38.46:589][ 18]LogNet: AddClientConnection: Added client connection: [UNetConnection] RemoteAddr: 127.0.0.1:60939, Name: IpConnection_0, Driver: GameNetDriver IpNetDriver_0, IsServer: YES, PC: NULL, Owner: NULL, UniqueId: INVALID
[2023.04.16-12.38.46:589][ 18]LogNet: NotifyAcceptingChannel Control 0 server World /Game/Maps/TestMap.TestMap: Accepted
[2023.04.16-12.38.46:589][ 18]LogNet: Remote platform little endian=1
[2023.04.16-12.38.46:590][ 18]LogNet: This platform little endian=1
[2023.04.16-12.38.46:590][ 18]LogNetVersion: fpsgame 1.0.0.0, NetCL: 17155196, EngineNetVer: 17, GameNetVer: 0 (Checksum: 1484303137)
[2023.04.16-12.38.46:620][ 19]LogNet: Login request: ?Name=DESKTOP-QG36584-1F69F78D404206455BF72894F5CA0665 userId: NULL:DESKTOP-QG36584-1F69F78D404206455BF72894F5CA0665 platform: NULL
[2023.04.16-12.38.46:719][ 22]LogNet: NotifyAcceptingConnection accepted from: 127.0.0.1:60936
[2023.04.16-12.38.46:719][ 22]LogHandshake: SendConnectChallenge. Timestamp: 0.759968, Cookie: 028224219157089228000243122167156083066234115070172142194142
[2023.04.16-12.38.46:752][ 23]LogNet: NotifyAcceptingConnection accepted from: 127.0.0.1:60936
[2023.04.16-12.38.46:752][ 23]LogHandshake: SendChallengeAck. InCookie: 028224219157089228000243122167156083066234115070172142194142
[2023.04.16-12.38.46:752][ 23]LogNet: Server accepting post-challenge connection from: 127.0.0.1:60936
[2023.04.16-12.38.46:753][ 23]PacketHandlerLog: Loaded PacketHandler component: Engine.EngineHandlerComponentFactory (StatelessConnectHandlerComponent)
[2023.04.16-12.38.46:753][ 23]LogNet: NotifyAcceptedConnection: Name: TestMap, TimeStamp: 04/16/23 13:38:46, [UNetConnection] RemoteAddr: 127.0.0.1:60936, Name: IpConnection_1, Driver: GameNetDriver IpNetDriver_0, IsServer: YES, PC: NULL, Owner: NULL, UniqueId: INVALID
[2023.04.16-12.38.46:753][ 23]LogNet: AddClientConnection: Added client connection: [UNetConnection] RemoteAddr: 127.0.0.1:60936, Name: IpConnection_1, Driver: GameNetDriver IpNetDriver_0, IsServer: YES, PC: NULL, Owner: NULL, UniqueId: INVALID
[2023.04.16-12.38.46:786][ 24]LogNet: NotifyAcceptingChannel Control 0 server World /Game/Maps/TestMap.TestMap: Accepted
[2023.04.16-12.38.46:786][ 24]LogNet: Remote platform little endian=1
[2023.04.16-12.38.46:787][ 24]LogNet: This platform little endian=1
[2023.04.16-12.38.46:819][ 25]LogNet: Login request: ?PktLagMin=0?PktLagMax=0?PktLoss=0?PktIncomingLagMin=0?PktIncomingLagMax=0?PktIncomingLoss=0?Name=DESKTOP-QG36584-26EFD21A47083DA7B302F9AAB01B1439 userId: NULL:DESKTOP-QG36584-26EFD21A47083DA7B302F9AAB01B1439 platform: NULL
[2023.04.16-12.38.46:852][ 26]LogNet: Client netspeed is 100000
[2023.04.16-12.38.46:918][ 28]LogNet: Join request: /Engine/Maps/Entry?PktLagMin=0?PktLagMax=0?PktLoss=0?PktIncomingLagMin=0?PktIncomingLagMax=0?PktIncomingLoss=0?Name=DESKTOP-QG36584-26EFD21A47083DA7B302F9AAB01B1439?SplitscreenCount=1
[2023.04.16-12.38.46:918][ 28]LogOnlineSession: Warning: OSS: No game present to join for session (GameSession)
[2023.04.16-12.38.46:920][ 28]LogGameMode: Display: Match State Changed from WaitingToStart to InProgress
[2023.04.16-12.38.46:921][ 28]LogTemp: Warning: Numebr of rewind components = 1
[2023.04.16-12.38.46:921][ 28]LogGameState: Match State Changed from WaitingToStart to InProgress
[2023.04.16-12.38.46:922][ 28]LogNet: Join succeeded: DESKTOP-QG36584-26EF
[2023.04.16-12.38.47:184][ 36]LogNet: Client netspeed is 100000
[2023.04.16-12.38.47:184][ 36]LogNet: Join request: /Engine/Maps/Entry?Name=DESKTOP-QG36584-1F69F78D404206455BF72894F5CA0665?SplitscreenCount=1
[2023.04.16-12.38.47:185][ 36]LogOnlineSession: Warning: OSS: No game present to join for session (GameSession)
[2023.04.16-12.38.47:186][ 36]LogTemp: Warning: Numebr of rewind components = 2
[2023.04.16-12.38.47:187][ 36]LogNet: Join succeeded: DESKTOP-QG36584-1F69
[2023.04.16-12.39.03:733][535]LogTemp: Warning: Slot
[2023.04.16-12.39.03:733][535]LogTemp: Warning: Slit
[2023.04.16-12.39.03:734][535]LogTemp: Warning: Equipping weapon
[2023.04.16-12.39.03:734][535]LogTemp: Warning: Scene component name: FirstPersonGun
