Log file open, 10/23/22 16:43:32
LogWindows: Failed to load 'aqProf.dll' (GetLastError=126)
LogWindows: File 'aqProf.dll' does not exist
LogWindows: Failed to load 'VtuneApi.dll' (GetLastError=126)
LogWindows: File 'VtuneApi.dll' does not exist
LogWindows: Failed to load 'VtuneApi32e.dll' (GetLastError=126)
LogWindows: File 'VtuneApi32e.dll' does not exist
LogConsoleResponse: Display: Failed to find resolution value strings in scalability ini. Falling back to default.
LogConsoleResponse: Display: Failed to find resolution value strings in scalability ini. Falling back to default.
LogInit: Display: Running engine for game: fpsgame
LogPlatformFile: Not using cached read wrapper
LogTaskGraph: Started task graph with 5 named threads and 17 total threads with 3 sets of task threads.
LogStats: Stats thread started at 0.224308
LogICUInternationalization: ICU TimeZone Detection - Raw Offset: +0:00, Platform Override: ''
LogInit: Display: Loading text-based GConfig....
LogPluginManager: Mounting plugin MeshPainting
LogPluginManager: Mounting plugin XGEController
LogPluginManager: Mounting plugin Paper2D
LogPluginManager: Mounting plugin AISupport
LogPluginManager: Mounting plugin EnvironmentQueryEditor
LogPluginManager: Mounting plugin LiveLink
LogPluginManager: Mounting plugin LightPropagationVolume
LogPluginManager: Mounting plugin CameraShakePreviewer
LogPluginManager: Mounting plugin GameplayCameras
LogPluginManager: Mounting plugin OodleData
LogPluginManager: Mounting plugin OodleNetwork
LogPluginManager: Mounting plugin AnimationSharing
LogPluginManager: Mounting plugin CLionSourceCodeAccess
LogPluginManager: Mounting plugin CodeLiteSourceCodeAccess
LogPluginManager: Mounting plugin GitSourceControl
LogPluginManager: Mounting plugin KDevelopSourceCodeAccess
LogPluginManager: Mounting plugin NullSourceCodeAccess
LogPluginManager: Mounting plugin PerforceSourceControl
LogPluginManager: Mounting plugin PixWinPlugin
LogPluginManager: Mounting plugin PlasticSourceControl
LogPluginManager: Mounting plugin PluginUtils
LogPluginManager: Mounting plugin PropertyAccessNode
LogPluginManager: Mounting plugin RiderSourceCodeAccess
LogPluginManager: Mounting plugin SubversionSourceControl
LogPluginManager: Mounting plugin TextureFormatOodle
LogPluginManager: Mounting plugin UObjectPlugin
LogPluginManager: Mounting plugin VisualStudioCodeSourceCodeAccess
LogPluginManager: Mounting plugin VisualStudioSourceCodeAccess
LogPluginManager: Mounting plugin XCodeSourceCodeAccess
LogPluginManager: Mounting plugin AssetManagerEditor
LogPluginManager: Mounting plugin CryptoKeys
LogPluginManager: Mounting plugin CurveEditorTools
LogPluginManager: Mounting plugin DataValidation
LogPluginManager: Mounting plugin FacialAnimation
LogPluginManager: Mounting plugin GameplayTagsEditor
LogPluginManager: Mounting plugin GeometryMode
LogPluginManager: Mounting plugin MacGraphicsSwitching
LogPluginManager: Mounting plugin MaterialAnalyzer
LogPluginManager: Mounting plugin MobileLauncherProfileWizard
LogPluginManager: Mounting plugin PluginBrowser
LogPluginManager: Mounting plugin SpeedTreeImporter
LogPluginManager: Mounting plugin DatasmithContent
LogPluginManager: Mounting plugin VariantManagerContent
LogPluginManager: Mounting plugin AlembicImporter
LogPluginManager: Mounting plugin AutomationUtils
LogPluginManager: Mounting plugin BackChannel
LogPluginManager: Mounting plugin ChaosCloth
LogPluginManager: Mounting plugin ChaosClothEditor
LogPluginManager: Mounting plugin ChaosEditor
LogPluginManager: Mounting plugin ChaosNiagara
LogPluginManager: Mounting plugin ChaosSolverPlugin
LogPluginManager: Mounting plugin CharacterAI
LogPluginManager: Mounting plugin GeometryCache
LogPluginManager: Mounting plugin GeometryCollectionPlugin
LogPluginManager: Mounting plugin GeometryProcessing
LogPluginManager: Mounting plugin MotoSynth
LogPluginManager: Mounting plugin OpenImageDenoise
LogPluginManager: Mounting plugin PlanarCut
LogPluginManager: Mounting plugin PlatformCrypto
LogPluginManager: Mounting plugin ProxyLODPlugin
LogPluginManager: Mounting plugin PythonScriptPlugin
LogPluginManager: Mounting plugin SkeletalReduction
LogPluginManager: Mounting plugin Niagara
LogPluginManager: Mounting plugin LuminPlatformFeatures
LogPluginManager: Mounting plugin MagicLeap
LogPluginManager: Mounting plugin MagicLeapLightEstimation
LogPluginManager: Mounting plugin MagicLeapMedia
LogPluginManager: Mounting plugin MagicLeapPassableWorld
LogPluginManager: Mounting plugin MLSDK
LogPluginManager: Mounting plugin AndroidMedia
LogPluginManager: Mounting plugin AvfMedia
LogPluginManager: Mounting plugin ImgMedia
LogPluginManager: Mounting plugin MediaCompositing
LogPluginManager: Mounting plugin MediaPlayerEditor
LogPluginManager: Mounting plugin WebMMedia
LogPluginManager: Mounting plugin WmfMedia
LogPluginManager: Mounting plugin TcpMessaging
LogPluginManager: Mounting plugin UdpMessaging
LogPluginManager: Mounting plugin ActorSequence
LogPluginManager: Mounting plugin LevelSequenceEditor
LogPluginManager: Mounting plugin MatineeToLevelSequence
LogPluginManager: Mounting plugin TemplateSequence
LogPluginManager: Mounting plugin OnlineSubsystem
LogPluginManager: Mounting plugin OnlineSubsystemNull
LogPluginManager: Mounting plugin OnlineSubsystemUtils
LogPluginManager: Mounting plugin LauncherChunkInstaller
LogPluginManager: Mounting plugin ActorLayerUtilities
LogPluginManager: Mounting plugin AndroidDeviceProfileSelector
LogPluginManager: Mounting plugin AndroidMoviePlayer
LogPluginManager: Mounting plugin AndroidPermission
LogPluginManager: Mounting plugin AppleImageUtils
LogPluginManager: Mounting plugin AppleMoviePlayer
LogPluginManager: Mounting plugin ArchVisCharacter
LogPluginManager: Mounting plugin AssetTags
LogPluginManager: Mounting plugin AudioCapture
LogPluginManager: Mounting plugin AudioSynesthesia
LogPluginManager: Mounting plugin CableComponent
LogPluginManager: Mounting plugin ChunkDownloader
LogPluginManager: Mounting plugin CustomMeshComponent
LogPluginManager: Mounting plugin EditableMesh
LogPluginManager: Mounting plugin ExampleDeviceProfileSelector
LogPluginManager: Mounting plugin GoogleCloudMessaging
LogPluginManager: Mounting plugin GooglePAD
LogPluginManager: Mounting plugin IOSDeviceProfileSelector
LogPluginManager: Mounting plugin LinuxDeviceProfileSelector
LogPluginManager: Mounting plugin LocationServicesBPLibrary
LogPluginManager: Mounting plugin MobilePatchingUtils
LogPluginManager: Mounting plugin OpenXR
LogPluginManager: Mounting plugin OpenXREyeTracker
LogPluginManager: Mounting plugin OpenXRHandTracking
LogPluginManager: Mounting plugin PhysXVehicles
LogPluginManager: Mounting plugin PostSplashScreen
LogPluginManager: Mounting plugin ProceduralMeshComponent
LogPluginManager: Mounting plugin PropertyAccessEditor
LogPluginManager: Mounting plugin RuntimePhysXCooking
LogPluginManager: Mounting plugin SignificanceManager
LogPluginManager: Mounting plugin SoundFields
LogPluginManager: Mounting plugin Synthesis
LogPluginManager: Mounting plugin WebMMoviePlayer
LogPluginManager: Mounting plugin WindowsMoviePlayer
LogPluginManager: Mounting plugin ScreenshotTools
LogPluginManager: Mounting plugin Takes
LogPluginManager: Mounting plugin ContentBrowserAssetDataSource
LogPluginManager: Mounting plugin ContentBrowserClassDataSource
LogPluginManager: Mounting plugin ContentBrowserFileDataSource
LogPluginManager: Mounting plugin OnlineSubsystemGooglePlay
LogPluginManager: Mounting plugin OnlineSubsystemIOS
LogPluginManager: Mounting plugin OculusVR
LogPluginManager: Mounting plugin SteamVR
PixWinPlugin: PIX capture plugin failed to initialize! Check that the process is launched from PIX.
LogInit: Using libcurl 7.55.1-DEV
LogInit:  - built for x86_64-pc-win32
LogInit:  - supports SSL with OpenSSL/1.1.1
LogInit:  - supports HTTP deflate (compression) using libz 1.2.8
LogInit:  - other features:
LogInit:      CURL_VERSION_SSL
LogInit:      CURL_VERSION_LIBZ
LogInit:      CURL_VERSION_IPV6
LogInit:      CURL_VERSION_ASYNCHDNS
LogInit:      CURL_VERSION_LARGEFILE
LogInit:      CURL_VERSION_IDN
LogInit:  CurlRequestOptions (configurable via config and command line):
LogInit:  - bVerifyPeer = true  - Libcurl will verify peer certificate
LogInit:  - bUseHttpProxy = false  - Libcurl will NOT use HTTP proxy
LogInit:  - bDontReuseConnections = false  - Libcurl will reuse connections
LogInit:  - MaxHostConnections = 16  - Libcurl will limit the number of connections to a host
LogInit:  - LocalHostAddr = Default
LogInit:  - BufferSize = 65536
LogOnline: OSS: Creating online subsystem instance for: NULL
LogInit: WinSock: version 1.1 (2.2), MaxSocks=32767, MaxUdp=65467
LogOnline: OSS: TryLoadSubsystemAndSetDefault: Loaded subsystem for module [NULL]
LogInit: Build: ++UE4+Release-4.27-CL-18319896
LogInit: Engine Version: 4.27.2-18319896+++UE4+Release-4.27
LogInit: Compatible Engine Version: 4.27.0-17155196+++UE4+Release-4.27
LogInit: Net CL: 17155196
LogInit: OS: Windows 10 (Release 2009) (), CPU: AMD Ryzen 5 3600X 6-Core Processor             , GPU: AMD Radeon RX 5700 XT
LogInit: Compiled (64-bit): Nov 30 2021 07:12:08
LogInit: Compiled with Visual C++: 19.24.28315.00
LogInit: Build Configuration: Development
LogInit: Branch Name: ++UE4+Release-4.27
LogInit: Command Line:  /Game/Maps/TestMap -game -PIEVIACONSOLE -Multiprocess -server -log "GameUserSettingsINI=C:/Users/danie/Documents/Gamedev VR/game/UE4 game/fpsgame/Saved/Config/Windows/PIEGameUserSettings0.ini" -MultiprocessSaveConfig -forcepassthrough -messaging -SessionName="Play in Standalone Game" -port=17777 -PktLagMin=0 -PktLagMax=0 -PktLoss=0 -PktIncomingLagMin=0 -PktIncomingLagMax=0 -PktIncomingLoss=0 -windowed
LogInit: Base Directory: C:/Program Files/Epic Games/UE_4.27/Engine/Binaries/Win64/
LogInit: Allocator: TBB
LogInit: Installed Engine Build: 1
LogDevObjectVersion: Number of dev versions registered: 29
LogDevObjectVersion:   Dev-Blueprints (B0D832E4-1F89-4F0D-ACCF-7EB736FD4AA2): 10
LogDevObjectVersion:   Dev-Build (E1C64328-A22C-4D53-A36C-8E866417BD8C): 0
LogDevObjectVersion:   Dev-Core (375EC13C-06E4-48FB-B500-84F0262A717E): 4
LogDevObjectVersion:   Dev-Editor (E4B068ED-F494-42E9-A231-DA0B2E46BB41): 40
LogDevObjectVersion:   Dev-Framework (CFFC743F-43B0-4480-9391-14DF171D2073): 37
LogDevObjectVersion:   Dev-Mobile (B02B49B5-BB20-44E9-A304-32B752E40360): 3
LogDevObjectVersion:   Dev-Networking (A4E4105C-59A1-49B5-A7C5-40C4547EDFEE): 0
LogDevObjectVersion:   Dev-Online (39C831C9-5AE6-47DC-9A44-9C173E1C8E7C): 0
LogDevObjectVersion:   Dev-Physics (78F01B33-EBEA-4F98-B9B4-84EACCB95AA2): 14
LogDevObjectVersion:   Dev-Platform (6631380F-2D4D-43E0-8009-CF276956A95A): 0
LogDevObjectVersion:   Dev-Rendering (12F88B9F-8875-4AFC-A67C-D90C383ABD29): 45
LogDevObjectVersion:   Dev-Sequencer (7B5AE74C-D270-4C10-A958-57980B212A5A): 13
LogDevObjectVersion:   Dev-VR (D7296918-1DD6-4BDD-9DE2-64A83CC13884): 3
LogDevObjectVersion:   Dev-LoadTimes (C2A15278-BFE7-4AFE-6C17-90FF531DF755): 1
LogDevObjectVersion:   Private-Geometry (6EACA3D4-40EC-4CC1-B786-8BED09428FC5): 3
LogDevObjectVersion:   Dev-AnimPhys (29E575DD-E0A3-4627-9D10-D276232CDCEA): 17
LogDevObjectVersion:   Dev-Anim (AF43A65D-7FD3-4947-9873-3E8ED9C1BB05): 15
LogDevObjectVersion:   Dev-ReflectionCapture (6B266CEC-1EC7-4B8F-A30B-E4D90942FC07): 1
LogDevObjectVersion:   Dev-Automation (0DF73D61-A23F-47EA-B727-89E90C41499A): 1
LogDevObjectVersion:   FortniteMain (601D1886-AC64-4F84-AA16-D3DE0DEAC7D6): 47
LogDevObjectVersion:   FortniteRelease (E7086368-6B23-4C58-8439-1B7016265E91): 1
LogDevObjectVersion:   Dev-Enterprise (9DFFBCD6-494F-0158-E221-12823C92A888): 10
LogDevObjectVersion:   Dev-Niagara (F2AED0AC-9AFE-416F-8664-AA7FFA26D6FC): 1
LogDevObjectVersion:   Dev-Destruction (174F1F0B-B4C6-45A5-B13F-2EE8D0FB917D): 10
LogDevObjectVersion:   Dev-Physics-Ext (35F94A83-E258-406C-A318-09F59610247C): 41
LogDevObjectVersion:   Dev-PhysicsMaterial-Chaos (B68FC16E-8B1B-42E2-B453-215C058844FE): 1
LogDevObjectVersion:   Dev-CineCamera (B2E18506-4273-CFC2-A54E-F4BB758BBA07): 1
LogDevObjectVersion:   Dev-VirtualProduction (64F58936-FD1B-42BA-BA96-7289D5D0FA4E): 1
LogDevObjectVersion:   Dev-MediaFramework (6F0ED827-A609-4895-9C91-998D90180EA4): 2
LogInit: Presizing for max 25165824 objects, including 0 objects not considered by GC, pre-allocating 0 bytes for permanent pool.
LogConfig: Applying CVar settings from Section [/Script/Engine.StreamingSettings] File [C:/Users/danie/Documents/Gamedev VR/game/UE4 game/fpsgame/Saved/Config/Windows/Engine.ini]
LogConfig: Setting CVar [[s.MinBulkDataSizeForAsyncLoading:131072]]
LogConfig: Setting CVar [[s.AsyncLoadingThreadEnabled:0]]
LogConfig: Setting CVar [[s.EventDrivenLoaderEnabled:1]]
LogConfig: Setting CVar [[s.WarnIfTimeLimitExceeded:0]]
LogConfig: Setting CVar [[s.TimeLimitExceededMultiplier:1.5]]
LogConfig: Setting CVar [[s.TimeLimitExceededMinTime:0.005]]
LogConfig: Setting CVar [[s.UseBackgroundLevelStreaming:1]]
LogConfig: Setting CVar [[s.PriorityAsyncLoadingExtraTime:15.0]]
LogConfig: Setting CVar [[s.LevelStreamingActorsUpdateTimeLimit:5.0]]
LogConfig: Setting CVar [[s.PriorityLevelStreamingActorsUpdateExtraTime:5.0]]
LogConfig: Setting CVar [[s.LevelStreamingComponentsRegistrationGranularity:10]]
LogConfig: Setting CVar [[s.UnregisterComponentsTimeLimit:1.0]]
LogConfig: Setting CVar [[s.LevelStreamingComponentsUnregistrationGranularity:5]]
LogConfig: Setting CVar [[s.FlushStreamingOnExit:1]]
LogInit: Object subsystem initialized
LogConfig: Setting CVar [[con.DebugEarlyDefault:1]]
LogConfig: Setting CVar [[r.setres:1280x720]]
[2022.10.23-15.43.32:767][  0]LogConfig: Setting CVar [[con.DebugEarlyDefault:1]]
[2022.10.23-15.43.32:767][  0]LogConfig: Setting CVar [[r.setres:1280x720]]
[2022.10.23-15.43.32:768][  0]LogConfig: Applying CVar settings from Section [/Script/Engine.RendererSettings] File [C:/Users/danie/Documents/Gamedev VR/game/UE4 game/fpsgame/Saved/Config/Windows/Engine.ini]
[2022.10.23-15.43.32:768][  0]LogConfig: Setting CVar [[r.GPUCrashDebugging:0]]
[2022.10.23-15.43.32:768][  0]LogConfig: Setting CVar [[r.Mobile.DisableVertexFog:1]]
[2022.10.23-15.43.32:768][  0]LogConfig: Setting CVar [[r.Shadow.CSM.MaxMobileCascades:2]]
[2022.10.23-15.43.32:769][  0]LogConfig: Setting CVar [[r.MobileMSAA:1]]
[2022.10.23-15.43.32:769][  0]LogConfig: Setting CVar [[r.Mobile.AllowDitheredLODTransition:0]]
[2022.10.23-15.43.32:769][  0]LogConfig: Setting CVar [[r.Mobile.AllowSoftwareOcclusion:0]]
[2022.10.23-15.43.32:769][  0]LogConfig: Setting CVar [[r.Mobile.VirtualTextures:0]]
[2022.10.23-15.43.32:769][  0]LogConfig: Setting CVar [[r.DiscardUnusedQuality:0]]
[2022.10.23-15.43.32:770][  0]LogConfig: Setting CVar [[r.AllowOcclusionQueries:1]]
[2022.10.23-15.43.32:771][  0]LogConfig: Setting CVar [[r.MinScreenRadiusForLights:0.030000]]
[2022.10.23-15.43.32:771][  0]LogConfig: Setting CVar [[r.MinScreenRadiusForDepthPrepass:0.030000]]
[2022.10.23-15.43.32:771][  0]LogConfig: Setting CVar [[r.MinScreenRadiusForCSMDepth:0.010000]]
[2022.10.23-15.43.32:772][  0]LogConfig: Setting CVar [[r.PrecomputedVisibilityWarning:0]]
[2022.10.23-15.43.32:774][  0]LogConfig: Setting CVar [[r.TextureStreaming:1]]
[2022.10.23-15.43.32:774][  0]LogConfig: Setting CVar [[Compat.UseDXT5NormalMaps:0]]
[2022.10.23-15.43.32:774][  0]LogConfig: Setting CVar [[r.VirtualTextures:0]]
[2022.10.23-15.43.32:774][  0]LogConfig: Setting CVar [[r.VT.EnableAutoImport:1]]
[2022.10.23-15.43.32:775][  0]LogConfig: Setting CVar [[r.VirtualTexturedLightmaps:0]]
[2022.10.23-15.43.32:775][  0]LogConfig: Setting CVar [[r.VT.TileSize:128]]
[2022.10.23-15.43.32:775][  0]LogConfig: Setting CVar [[r.VT.TileBorderSize:4]]
[2022.10.23-15.43.32:775][  0]LogConfig: Setting CVar [[r.vt.FeedbackFactor:16]]
[2022.10.23-15.43.32:776][  0]LogConfig: Setting CVar [[r.VT.EnableCompressZlib:1]]
[2022.10.23-15.43.32:776][  0]LogConfig: Setting CVar [[r.VT.EnableCompressCrunch:0]]
[2022.10.23-15.43.32:776][  0]LogConfig: Setting CVar [[r.ClearCoatNormal:0]]
[2022.10.23-15.43.32:776][  0]LogConfig: Setting CVar [[r.ReflectionCaptureResolution:128]]
[2022.10.23-15.43.32:777][  0]LogConfig: Setting CVar [[r.Mobile.ReflectionCaptureCompression:0]]
[2022.10.23-15.43.32:777][  0]LogConfig: Setting CVar [[r.ReflectionEnvironmentLightmapMixBasedOnRoughness:1]]
[2022.10.23-15.43.32:777][  0]LogConfig: Setting CVar [[r.ForwardShading:0]]
[2022.10.23-15.43.32:777][  0]LogConfig: Setting CVar [[r.VertexFoggingForOpaque:1]]
[2022.10.23-15.43.32:778][  0]LogConfig: Setting CVar [[r.AllowStaticLighting:1]]
[2022.10.23-15.43.32:778][  0]LogConfig: Setting CVar [[r.NormalMapsForStaticLighting:0]]
[2022.10.23-15.43.32:778][  0]LogConfig: Setting CVar [[r.GenerateMeshDistanceFields:0]]
[2022.10.23-15.43.32:778][  0]LogConfig: Setting CVar [[r.DistanceFieldBuild.EightBit:0]]
[2022.10.23-15.43.32:779][  0]LogConfig: Setting CVar [[r.GenerateLandscapeGIData:0]]
[2022.10.23-15.43.32:779][  0]LogConfig: Setting CVar [[r.DistanceFieldBuild.Compress:0]]
[2022.10.23-15.43.32:779][  0]LogConfig: Setting CVar [[r.TessellationAdaptivePixelsPerTriangle:48.000000]]
[2022.10.23-15.43.32:779][  0]LogConfig: Setting CVar [[r.SeparateTranslucency:1]]
[2022.10.23-15.43.32:780][  0]LogConfig: Setting CVar [[r.TranslucentSortPolicy:0]]
[2022.10.23-15.43.32:780][  0]LogConfig: Setting CVar [[vr.VRS.HMDFixedFoveationLevel:0]]
[2022.10.23-15.43.32:781][  0]LogConfig: Setting CVar [[r.CustomDepth:1]]
[2022.10.23-15.43.32:781][  0]LogConfig: Setting CVar [[r.CustomDepthTemporalAAJitter:1]]
[2022.10.23-15.43.32:781][  0]LogConfig: Setting CVar [[r.PostProcessing.PropagateAlpha:0]]
[2022.10.23-15.43.32:781][  0]LogConfig: Setting CVar [[r.DefaultFeature.Bloom:1]]
[2022.10.23-15.43.32:781][  0]LogConfig: Setting CVar [[r.DefaultFeature.AmbientOcclusion:1]]
[2022.10.23-15.43.32:782][  0]LogConfig: Setting CVar [[r.DefaultFeature.AmbientOcclusionStaticFraction:1]]
[2022.10.23-15.43.32:782][  0]LogConfig: Setting CVar [[r.DefaultFeature.AutoExposure:0]]
[2022.10.23-15.43.32:782][  0]LogConfig: Setting CVar [[r.DefaultFeature.AutoExposure.Method:0]]
[2022.10.23-15.43.32:782][  0]LogConfig: Setting CVar [[r.DefaultFeature.AutoExposure.Bias:1.000000]]
[2022.10.23-15.43.32:782][  0]LogConfig: Setting CVar [[r.DefaultFeature.AutoExposure.ExtendDefaultLuminanceRange:0]]
[2022.10.23-15.43.32:783][  0]LogConfig: Setting CVar [[r.UsePreExposure:1]]
[2022.10.23-15.43.32:783][  0]LogConfig: Setting CVar [[r.EyeAdaptation.EditorOnly:0]]
[2022.10.23-15.43.32:783][  0]LogConfig: Setting CVar [[r.DefaultFeature.MotionBlur:0]]
[2022.10.23-15.43.32:783][  0]LogConfig: Setting CVar [[r.DefaultFeature.LensFlare:0]]
[2022.10.23-15.43.32:784][  0]LogConfig: Setting CVar [[r.TemporalAA.Upsampling:0]]
[2022.10.23-15.43.32:784][  0]LogConfig: Setting CVar [[r.SSGI.Enable:0]]
[2022.10.23-15.43.32:784][  0]LogConfig: Setting CVar [[r.DefaultFeature.AntiAliasing:0]]
[2022.10.23-15.43.32:784][  0]LogConfig: Setting CVar [[r.DefaultFeature.LightUnits:1]]
[2022.10.23-15.43.32:785][  0]LogConfig: Setting CVar [[r.DefaultBackBufferPixelFormat:4]]
[2022.10.23-15.43.32:785][  0]LogConfig: Setting CVar [[r.Shadow.UnbuiltPreviewInGame:1]]
[2022.10.23-15.43.32:785][  0]LogConfig: Setting CVar [[r.StencilForLODDither:0]]
[2022.10.23-15.43.32:786][  0]LogConfig: Setting CVar [[r.EarlyZPass:3]]
[2022.10.23-15.43.32:786][  0]LogConfig: Setting CVar [[r.EarlyZPassOnlyMaterialMasking:0]]
[2022.10.23-15.43.32:786][  0]LogConfig: Setting CVar [[r.DBuffer:1]]
[2022.10.23-15.43.32:786][  0]LogConfig: Setting CVar [[r.ClearSceneMethod:1]]
[2022.10.23-15.43.32:787][  0]LogConfig: Setting CVar [[r.BasePassOutputsVelocity:0]]
[2022.10.23-15.43.32:789][  0]LogConfig: Setting CVar [[r.VertexDeformationOutputsVelocity:0]]
[2022.10.23-15.43.32:789][  0]LogConfig: Setting CVar [[r.SelectiveBasePassOutputs:0]]
[2022.10.23-15.43.32:789][  0]LogConfig: Setting CVar [[fx.GPUSimulationTextureSizeX:1024]]
[2022.10.23-15.43.32:790][  0]LogConfig: Setting CVar [[fx.GPUSimulationTextureSizeY:1024]]
[2022.10.23-15.43.32:790][  0]LogConfig: Setting CVar [[r.AllowGlobalClipPlane:0]]
[2022.10.23-15.43.32:790][  0]LogConfig: Setting CVar [[r.GBufferFormat:1]]
[2022.10.23-15.43.32:790][  0]LogConfig: Setting CVar [[r.MorphTarget.Mode:1]]
[2022.10.23-15.43.32:790][  0]LogConfig: Setting CVar [[vr.InstancedStereo:0]]
[2022.10.23-15.43.32:791][  0]LogConfig: Setting CVar [[r.MobileHDR:1]]
[2022.10.23-15.43.32:791][  0]LogConfig: Setting CVar [[vr.MobileMultiView:0]]
[2022.10.23-15.43.32:791][  0]LogConfig: Setting CVar [[r.Mobile.UseHWsRGBEncoding:0]]
[2022.10.23-15.43.32:791][  0]LogConfig: Setting CVar [[vr.RoundRobinOcclusion:0]]
[2022.10.23-15.43.32:792][  0]LogConfig: Setting CVar [[vr.ODSCapture:0]]
[2022.10.23-15.43.32:792][  0]LogConfig: Setting CVar [[r.MeshStreaming:0]]
[2022.10.23-15.43.32:792][  0]LogConfig: Setting CVar [[r.WireframeCullThreshold:5.000000]]
[2022.10.23-15.43.32:792][  0]LogConfig: Setting CVar [[r.RayTracing:0]]
[2022.10.23-15.43.32:793][  0]LogConfig: Setting CVar [[r.RayTracing.UseTextureLod:0]]
[2022.10.23-15.43.32:793][  0]LogConfig: Setting CVar [[r.SupportStationarySkylight:1]]
[2022.10.23-15.43.32:793][  0]LogConfig: Setting CVar [[r.SupportLowQualityLightmaps:1]]
[2022.10.23-15.43.32:793][  0]LogConfig: Setting CVar [[r.SupportPointLightWholeSceneShadows:1]]
[2022.10.23-15.43.32:794][  0]LogConfig: Setting CVar [[r.SupportAtmosphericFog:1]]
[2022.10.23-15.43.32:794][  0]LogConfig: Setting CVar [[r.SupportSkyAtmosphere:1]]
[2022.10.23-15.43.32:794][  0]LogConfig: Setting CVar [[r.SupportSkyAtmosphereAffectsHeightFog:0]]
[2022.10.23-15.43.32:794][  0]LogConfig: Setting CVar [[r.SkinCache.CompileShaders:0]]
[2022.10.23-15.43.32:795][  0]LogConfig: Setting CVar [[r.SkinCache.DefaultBehavior:1]]
[2022.10.23-15.43.32:795][  0]LogConfig: Setting CVar [[r.SkinCache.SceneMemoryLimitInMB:128.000000]]
[2022.10.23-15.43.32:795][  0]LogConfig: Setting CVar [[r.Mobile.EnableStaticAndCSMShadowReceivers:1]]
[2022.10.23-15.43.32:795][  0]LogConfig: Setting CVar [[r.Mobile.EnableMovableLightCSMShaderCulling:1]]
[2022.10.23-15.43.32:796][  0]LogConfig: Setting CVar [[r.Mobile.AllowDistanceFieldShadows:1]]
[2022.10.23-15.43.32:796][  0]LogConfig: Setting CVar [[r.Mobile.AllowMovableDirectionalLights:1]]
[2022.10.23-15.43.32:796][  0]LogConfig: Setting CVar [[r.MobileNumDynamicPointLights:4]]
[2022.10.23-15.43.32:796][  0]LogConfig: Setting CVar [[r.MobileDynamicPointLightsUseStaticBranch:1]]
[2022.10.23-15.43.32:797][  0]LogConfig: Setting CVar [[r.Mobile.EnableMovableSpotlights:0]]
[2022.10.23-15.43.32:797][  0]LogConfig: Setting CVar [[r.Mobile.EnableMovableSpotlightsShadow:0]]
[2022.10.23-15.43.32:797][  0]LogConfig: Setting CVar [[r.GPUSkin.Support16BitBoneIndex:0]]
[2022.10.23-15.43.32:798][  0]LogConfig: Setting CVar [[r.GPUSkin.Limit2BoneInfluences:0]]
[2022.10.23-15.43.32:798][  0]LogConfig: Setting CVar [[r.SupportDepthOnlyIndexBuffers:1]]
[2022.10.23-15.43.32:798][  0]LogConfig: Setting CVar [[r.SupportReversedIndexBuffers:1]]
[2022.10.23-15.43.32:798][  0]LogConfig: Setting CVar [[r.LightPropagationVolume:0]]
[2022.10.23-15.43.32:799][  0]LogConfig: Setting CVar [[r.Mobile.AmbientOcclusion:0]]
[2022.10.23-15.43.32:799][  0]LogConfig: Setting CVar [[r.GPUSkin.UnlimitedBoneInfluences:0]]
[2022.10.23-15.43.32:799][  0]LogConfig: Setting CVar [[r.GPUSkin.UnlimitedBoneInfluencesThreshold:8]]
[2022.10.23-15.43.32:799][  0]LogConfig: Setting CVar [[r.Mobile.PlanarReflectionMode:0]]
[2022.10.23-15.43.32:800][  0]LogConfig: Setting CVar [[r.Mobile.SupportsGen4TAA:0]]
[2022.10.23-15.43.32:800][  0]LogConfig: Applying CVar settings from Section [/Script/Engine.RendererOverrideSettings] File [C:/Users/danie/Documents/Gamedev VR/game/UE4 game/fpsgame/Saved/Config/Windows/Engine.ini]
[2022.10.23-15.43.32:800][  0]LogConfig: Applying CVar settings from Section [/Script/Engine.StreamingSettings] File [C:/Users/danie/Documents/Gamedev VR/game/UE4 game/fpsgame/Saved/Config/Windows/Engine.ini]
[2022.10.23-15.43.32:801][  0]LogConfig: Setting CVar [[s.MinBulkDataSizeForAsyncLoading:131072]]
[2022.10.23-15.43.32:801][  0]LogConfig: Setting CVar [[s.AsyncLoadingThreadEnabled:0]]
[2022.10.23-15.43.32:801][  0]LogConfig: Setting CVar [[s.EventDrivenLoaderEnabled:1]]
[2022.10.23-15.43.32:801][  0]LogConfig: Setting CVar [[s.WarnIfTimeLimitExceeded:0]]
[2022.10.23-15.43.32:802][  0]LogConfig: Setting CVar [[s.TimeLimitExceededMultiplier:1.5]]
[2022.10.23-15.43.32:804][  0]LogConfig: Setting CVar [[s.TimeLimitExceededMinTime:0.005]]
[2022.10.23-15.43.32:804][  0]LogConfig: Setting CVar [[s.UseBackgroundLevelStreaming:1]]
[2022.10.23-15.43.32:804][  0]LogConfig: Setting CVar [[s.PriorityAsyncLoadingExtraTime:15.0]]
[2022.10.23-15.43.32:804][  0]LogConfig: Setting CVar [[s.LevelStreamingActorsUpdateTimeLimit:5.0]]
[2022.10.23-15.43.32:805][  0]LogConfig: Setting CVar [[s.PriorityLevelStreamingActorsUpdateExtraTime:5.0]]
[2022.10.23-15.43.32:805][  0]LogConfig: Setting CVar [[s.LevelStreamingComponentsRegistrationGranularity:10]]
[2022.10.23-15.43.32:805][  0]LogConfig: Setting CVar [[s.UnregisterComponentsTimeLimit:1.0]]
[2022.10.23-15.43.32:805][  0]LogConfig: Setting CVar [[s.LevelStreamingComponentsUnregistrationGranularity:5]]
[2022.10.23-15.43.32:806][  0]LogConfig: Setting CVar [[s.FlushStreamingOnExit:1]]
[2022.10.23-15.43.32:806][  0]LogConfig: Applying CVar settings from Section [/Script/Engine.GarbageCollectionSettings] File [C:/Users/danie/Documents/Gamedev VR/game/UE4 game/fpsgame/Saved/Config/Windows/Engine.ini]
[2022.10.23-15.43.32:806][  0]LogConfig: Setting CVar [[gc.MaxObjectsNotConsideredByGC:1]]
[2022.10.23-15.43.32:806][  0]LogConfig: Setting CVar [[gc.SizeOfPermanentObjectPool:0]]
[2022.10.23-15.43.32:807][  0]LogConfig: Setting CVar [[gc.FlushStreamingOnGC:0]]
[2022.10.23-15.43.32:807][  0]LogConfig: Setting CVar [[gc.NumRetriesBeforeForcingGC:10]]
[2022.10.23-15.43.32:807][  0]LogConfig: Setting CVar [[gc.AllowParallelGC:1]]
[2022.10.23-15.43.32:807][  0]LogConfig: Setting CVar [[gc.TimeBetweenPurgingPendingKillObjects:61.1]]
[2022.10.23-15.43.32:808][  0]LogConfig: Setting CVar [[gc.MaxObjectsInEditor:25165824]]
[2022.10.23-15.43.32:808][  0]LogConfig: Setting CVar [[gc.IncrementalBeginDestroyEnabled:1]]
[2022.10.23-15.43.32:808][  0]LogConfig: Setting CVar [[gc.CreateGCClusters:1]]
[2022.10.23-15.43.32:808][  0]LogConfig: Setting CVar [[gc.MinGCClusterSize:5]]
[2022.10.23-15.43.32:809][  0]LogConfig: Setting CVar [[gc.ActorClusteringEnabled:0]]
[2022.10.23-15.43.32:809][  0]LogConfig: Setting CVar [[gc.BlueprintClusteringEnabled:0]]
[2022.10.23-15.43.32:809][  0]LogConfig: Setting CVar [[gc.UseDisregardForGCOnDedicatedServers:0]]
[2022.10.23-15.43.32:809][  0]LogConfig: Setting CVar [[gc.MultithreadedDestructionEnabled:1]]
[2022.10.23-15.43.32:809][  0]LogConfig: Applying CVar settings from Section [/Script/Engine.NetworkSettings] File [C:/Users/danie/Documents/Gamedev VR/game/UE4 game/fpsgame/Saved/Config/Windows/Engine.ini]
[2022.10.23-15.43.32:810][  0]LogConfig: Applying CVar settings from Section [/Script/UnrealEd.CookerSettings] File [C:/Users/danie/Documents/Gamedev VR/game/UE4 game/fpsgame/Saved/Config/Windows/Engine.ini]
[2022.10.23-15.43.32:810][  0]LogConfig: Applying CVar settings from Section [ViewDistanceQuality@3] File [C:/Users/danie/Documents/Gamedev VR/game/UE4 game/fpsgame/Saved/Config/Windows/Scalability.ini]
[2022.10.23-15.43.32:810][  0]LogConfig: Setting CVar [[r.SkeletalMeshLODBias:0]]
[2022.10.23-15.43.32:810][  0]LogConfig: Setting CVar [[r.ViewDistanceScale:1.0]]
[2022.10.23-15.43.32:811][  0]LogConfig: Applying CVar settings from Section [AntiAliasingQuality@3] File [C:/Users/danie/Documents/Gamedev VR/game/UE4 game/fpsgame/Saved/Config/Windows/Scalability.ini]
[2022.10.23-15.43.32:811][  0]LogConfig: Setting CVar [[r.PostProcessAAQuality:4]]
[2022.10.23-15.43.32:811][  0]LogConfig: Applying CVar settings from Section [ShadowQuality@3] File [C:/Users/danie/Documents/Gamedev VR/game/UE4 game/fpsgame/Saved/Config/Windows/Scalability.ini]
[2022.10.23-15.43.32:811][  0]LogConfig: Setting CVar [[r.LightFunctionQuality:1]]
[2022.10.23-15.43.32:812][  0]LogConfig: Setting CVar [[r.ShadowQuality:5]]
[2022.10.23-15.43.32:812][  0]LogConfig: Setting CVar [[r.Shadow.CSM.MaxCascades:10]]
[2022.10.23-15.43.32:812][  0]LogConfig: Setting CVar [[r.Shadow.MaxResolution:2048]]
[2022.10.23-15.43.32:812][  0]LogConfig: Setting CVar [[r.Shadow.MaxCSMResolution:2048]]
[2022.10.23-15.43.32:813][  0]LogConfig: Setting CVar [[r.Shadow.RadiusThreshold:0.01]]
[2022.10.23-15.43.32:813][  0]LogConfig: Setting CVar [[r.Shadow.DistanceScale:1.0]]
[2022.10.23-15.43.32:813][  0]LogConfig: Setting CVar [[r.Shadow.CSM.TransitionScale:1.0]]
[2022.10.23-15.43.32:813][  0]LogConfig: Setting CVar [[r.Shadow.PreShadowResolutionFactor:1.0]]
[2022.10.23-15.43.32:814][  0]LogConfig: Setting CVar [[r.DistanceFieldShadowing:1]]
[2022.10.23-15.43.32:814][  0]LogConfig: Setting CVar [[r.DistanceFieldAO:1]]
[2022.10.23-15.43.32:814][  0]LogConfig: Setting CVar [[r.AOQuality:2]]
[2022.10.23-15.43.32:815][  0]LogConfig: Setting CVar [[r.VolumetricFog:1]]
[2022.10.23-15.43.32:815][  0]LogConfig: Setting CVar [[r.VolumetricFog.GridPixelSize:8]]
[2022.10.23-15.43.32:815][  0]LogConfig: Setting CVar [[r.VolumetricFog.GridSizeZ:128]]
[2022.10.23-15.43.32:815][  0]LogConfig: Setting CVar [[r.VolumetricFog.HistoryMissSupersampleCount:4]]
[2022.10.23-15.43.32:816][  0]LogConfig: Setting CVar [[r.LightMaxDrawDistanceScale:1]]
[2022.10.23-15.43.32:816][  0]LogConfig: Setting CVar [[r.CapsuleShadows:1]]
[2022.10.23-15.43.32:816][  0]LogConfig: Applying CVar settings from Section [PostProcessQuality@3] File [C:/Users/danie/Documents/Gamedev VR/game/UE4 game/fpsgame/Saved/Config/Windows/Scalability.ini]
[2022.10.23-15.43.32:816][  0]LogConfig: Setting CVar [[r.MotionBlurQuality:4]]
[2022.10.23-15.43.32:817][  0]LogConfig: Setting CVar [[r.AmbientOcclusionMipLevelFactor:0.4]]
[2022.10.23-15.43.32:817][  0]LogConfig: Setting CVar [[r.AmbientOcclusionMaxQuality:100]]
[2022.10.23-15.43.32:817][  0]LogConfig: Setting CVar [[r.AmbientOcclusionLevels:-1]]
[2022.10.23-15.43.32:817][  0]LogConfig: Setting CVar [[r.AmbientOcclusionRadiusScale:1.0]]
[2022.10.23-15.43.32:818][  0]LogConfig: Setting CVar [[r.DepthOfFieldQuality:2]]
[2022.10.23-15.43.32:820][  0]LogConfig: Setting CVar [[r.RenderTargetPoolMin:400]]
[2022.10.23-15.43.32:820][  0]LogConfig: Setting CVar [[r.LensFlareQuality:2]]
[2022.10.23-15.43.32:821][  0]LogConfig: Setting CVar [[r.SceneColorFringeQuality:1]]
[2022.10.23-15.43.32:821][  0]LogConfig: Setting CVar [[r.EyeAdaptationQuality:2]]
[2022.10.23-15.43.32:821][  0]LogConfig: Setting CVar [[r.BloomQuality:5]]
[2022.10.23-15.43.32:821][  0]LogConfig: Setting CVar [[r.FastBlurThreshold:100]]
[2022.10.23-15.43.32:822][  0]LogConfig: Setting CVar [[r.Upscale.Quality:3]]
[2022.10.23-15.43.32:822][  0]LogConfig: Setting CVar [[r.Tonemapper.GrainQuantization:1]]
[2022.10.23-15.43.32:822][  0]LogConfig: Setting CVar [[r.LightShaftQuality:1]]
[2022.10.23-15.43.32:822][  0]LogConfig: Setting CVar [[r.Filter.SizeScale:1]]
[2022.10.23-15.43.32:823][  0]LogConfig: Setting CVar [[r.Tonemapper.Quality:5]]
[2022.10.23-15.43.32:823][  0]LogConfig: Setting CVar [[r.DOF.Gather.AccumulatorQuality:1        ; higher gathering accumulator quality]]
[2022.10.23-15.43.32:823][  0]LogConfig: Setting CVar [[r.DOF.Gather.PostfilterMethod:1          ; Median3x3 postfilering method]]
[2022.10.23-15.43.32:823][  0]LogConfig: Setting CVar [[r.DOF.Gather.EnableBokehSettings:0       ; no bokeh simulation when gathering]]
[2022.10.23-15.43.32:824][  0]LogConfig: Setting CVar [[r.DOF.Gather.RingCount:4                 ; medium number of samples when gathering]]
[2022.10.23-15.43.32:824][  0]LogConfig: Setting CVar [[r.DOF.Scatter.ForegroundCompositing:1    ; additive foreground scattering]]
[2022.10.23-15.43.32:824][  0]LogConfig: Setting CVar [[r.DOF.Scatter.BackgroundCompositing:2    ; additive background scattering]]
[2022.10.23-15.43.32:824][  0]LogConfig: Setting CVar [[r.DOF.Scatter.EnableBokehSettings:1      ; bokeh simulation when scattering]]
[2022.10.23-15.43.32:825][  0]LogConfig: Setting CVar [[r.DOF.Scatter.MaxSpriteRatio:0.1         ; only a maximum of 10% of scattered bokeh]]
[2022.10.23-15.43.32:825][  0]LogConfig: Setting CVar [[r.DOF.Recombine.Quality:1                ; cheap slight out of focus]]
[2022.10.23-15.43.32:825][  0]LogConfig: Setting CVar [[r.DOF.Recombine.EnableBokehSettings:0    ; no bokeh simulation on slight out of focus]]
[2022.10.23-15.43.32:825][  0]LogConfig: Setting CVar [[r.DOF.TemporalAAQuality:1                ; more stable temporal accumulation]]
[2022.10.23-15.43.32:826][  0]LogConfig: Setting CVar [[r.DOF.Kernel.MaxForegroundRadius:0.025]]
[2022.10.23-15.43.32:826][  0]LogConfig: Setting CVar [[r.DOF.Kernel.MaxBackgroundRadius:0.025]]
[2022.10.23-15.43.32:826][  0]LogConfig: Applying CVar settings from Section [TextureQuality@3] File [C:/Users/danie/Documents/Gamedev VR/game/UE4 game/fpsgame/Saved/Config/Windows/Scalability.ini]
[2022.10.23-15.43.32:826][  0]LogConfig: Setting CVar [[r.Streaming.MipBias:0]]
[2022.10.23-15.43.32:827][  0]LogConfig: Setting CVar [[r.Streaming.AmortizeCPUToGPUCopy:0]]
[2022.10.23-15.43.32:827][  0]LogConfig: Setting CVar [[r.Streaming.MaxNumTexturesToStreamPerFrame:0]]
[2022.10.23-15.43.32:827][  0]LogConfig: Setting CVar [[r.Streaming.Boost:1]]
[2022.10.23-15.43.32:827][  0]LogConfig: Setting CVar [[r.MaxAnisotropy:8]]
[2022.10.23-15.43.32:828][  0]LogConfig: Setting CVar [[r.VT.MaxAnisotropy:8]]
[2022.10.23-15.43.32:828][  0]LogConfig: Setting CVar [[r.Streaming.LimitPoolSizeToVRAM:0]]
[2022.10.23-15.43.32:828][  0]LogConfig: Setting CVar [[r.Streaming.PoolSize:1000]]
[2022.10.23-15.43.32:829][  0]LogConfig: Setting CVar [[r.Streaming.MaxEffectiveScreenSize:0]]
[2022.10.23-15.43.32:829][  0]LogConfig: Applying CVar settings from Section [EffectsQuality@3] File [C:/Users/danie/Documents/Gamedev VR/game/UE4 game/fpsgame/Saved/Config/Windows/Scalability.ini]
[2022.10.23-15.43.32:829][  0]LogConfig: Setting CVar [[r.TranslucencyLightingVolumeDim:64]]
[2022.10.23-15.43.32:829][  0]LogConfig: Setting CVar [[r.RefractionQuality:2]]
[2022.10.23-15.43.32:830][  0]LogConfig: Setting CVar [[r.SSR.Quality:3]]
[2022.10.23-15.43.32:830][  0]LogConfig: Setting CVar [[r.SSR.HalfResSceneColor:0]]
[2022.10.23-15.43.32:830][  0]LogConfig: Setting CVar [[r.SceneColorFormat:4]]
[2022.10.23-15.43.32:831][  0]LogConfig: Setting CVar [[r.DetailMode:2]]
[2022.10.23-15.43.32:831][  0]LogConfig: Setting CVar [[r.TranslucencyVolumeBlur:1]]
[2022.10.23-15.43.32:831][  0]LogConfig: Setting CVar [[r.MaterialQualityLevel:1 ; High quality]]
[2022.10.23-15.43.32:831][  0]LogConfig: Setting CVar [[r.AnisotropicMaterials:1]]
[2022.10.23-15.43.32:832][  0]LogConfig: Setting CVar [[r.SSS.Scale:1]]
[2022.10.23-15.43.32:832][  0]LogConfig: Setting CVar [[r.SSS.SampleSet:2]]
[2022.10.23-15.43.32:832][  0]LogConfig: Setting CVar [[r.SSS.Quality:1]]
[2022.10.23-15.43.32:832][  0]LogConfig: Setting CVar [[r.SSS.HalfRes:0]]
[2022.10.23-15.43.32:833][  0]LogConfig: Setting CVar [[r.SSGI.Quality:3]]
[2022.10.23-15.43.32:833][  0]LogConfig: Setting CVar [[r.EmitterSpawnRateScale:1.0]]
[2022.10.23-15.43.32:833][  0]LogConfig: Setting CVar [[r.ParticleLightQuality:2]]
[2022.10.23-15.43.32:833][  0]LogConfig: Setting CVar [[r.SkyAtmosphere.AerialPerspectiveLUT.FastApplyOnOpaque:1 ; Always have FastSkyLUT 1 in this case to avoid wrong sky]]
[2022.10.23-15.43.32:834][  0]LogConfig: Setting CVar [[r.SkyAtmosphere.AerialPerspectiveLUT.SampleCountMaxPerSlice:4]]
[2022.10.23-15.43.32:836][  0]LogConfig: Setting CVar [[r.SkyAtmosphere.AerialPerspectiveLUT.DepthResolution:16.0]]
[2022.10.23-15.43.32:836][  0]LogConfig: Setting CVar [[r.SkyAtmosphere.FastSkyLUT:1]]
[2022.10.23-15.43.32:837][  0]LogConfig: Setting CVar [[r.SkyAtmosphere.FastSkyLUT.SampleCountMin:4.0]]
[2022.10.23-15.43.32:837][  0]LogConfig: Setting CVar [[r.SkyAtmosphere.FastSkyLUT.SampleCountMax:128.0]]
[2022.10.23-15.43.32:838][  0]LogConfig: Setting CVar [[r.SkyAtmosphere.SampleCountMin:4.0]]
[2022.10.23-15.43.32:838][  0]LogConfig: Setting CVar [[r.SkyAtmosphere.SampleCountMax:128.0]]
[2022.10.23-15.43.32:838][  0]LogConfig: Setting CVar [[r.SkyAtmosphere.TransmittanceLUT.UseSmallFormat:0]]
[2022.10.23-15.43.32:839][  0]LogConfig: Setting CVar [[r.SkyAtmosphere.TransmittanceLUT.SampleCount:10.0]]
[2022.10.23-15.43.32:839][  0]LogConfig: Setting CVar [[r.SkyAtmosphere.MultiScatteringLUT.SampleCount:15.0]]
[2022.10.23-15.43.32:840][  0]LogConfig: Setting CVar [[r.SkyLight.RealTimeReflectionCapture:1]]
[2022.10.23-15.43.32:840][  0]LogConfig: Applying CVar settings from Section [FoliageQuality@3] File [C:/Users/danie/Documents/Gamedev VR/game/UE4 game/fpsgame/Saved/Config/Windows/Scalability.ini]
[2022.10.23-15.43.32:840][  0]LogConfig: Setting CVar [[foliage.DensityScale:1.0]]
[2022.10.23-15.43.32:840][  0]LogConfig: Setting CVar [[grass.DensityScale:1.0]]
[2022.10.23-15.43.32:841][  0]LogConfig: Applying CVar settings from Section [ShadingQuality@3] File [C:/Users/danie/Documents/Gamedev VR/game/UE4 game/fpsgame/Saved/Config/Windows/Scalability.ini]
[2022.10.23-15.43.32:841][  0]LogConfig: Setting CVar [[r.HairStrands.SkyLighting.IntegrationType:2]]
[2022.10.23-15.43.32:841][  0]LogConfig: Setting CVar [[r.HairStrands.SkyAO.SampleCount:4]]
[2022.10.23-15.43.32:841][  0]LogConfig: Setting CVar [[r.HairStrands.Visibility.MSAA.SamplePerPixel:4]]
[2022.10.23-15.43.32:842][  0]LogInit: Selected Device Profile: [Windows]
[2022.10.23-15.43.32:842][  0]LogInit: Applying CVar settings loaded from the selected device profile: [Windows]
[2022.10.23-15.43.32:842][  0]LogHAL: Display: Platform has ~ 16 GB [17128247296 / 17179869184 / 16], which maps to Larger [LargestMinGB=32, LargerMinGB=12, DefaultMinGB=8, SmallerMinGB=6, SmallestMinGB=0)
[2022.10.23-15.43.32:842][  0]LogInit: Going up to parent DeviceProfile []
[2022.10.23-15.43.32:843][  0]LogConfig: Applying CVar settings from Section [ViewDistanceQuality@3] File [C:/Users/danie/Documents/Gamedev VR/game/UE4 game/fpsgame/Saved/Config/Windows/Scalability.ini]
[2022.10.23-15.43.32:843][  0]LogConfig: Setting CVar [[r.SkeletalMeshLODBias:0]]
[2022.10.23-15.43.32:843][  0]LogConfig: Setting CVar [[r.ViewDistanceScale:1.0]]
[2022.10.23-15.43.32:843][  0]LogConfig: Applying CVar settings from Section [AntiAliasingQuality@3] File [C:/Users/danie/Documents/Gamedev VR/game/UE4 game/fpsgame/Saved/Config/Windows/Scalability.ini]
[2022.10.23-15.43.32:844][  0]LogConfig: Setting CVar [[r.PostProcessAAQuality:4]]
[2022.10.23-15.43.32:844][  0]LogConfig: Applying CVar settings from Section [ShadowQuality@3] File [C:/Users/danie/Documents/Gamedev VR/game/UE4 game/fpsgame/Saved/Config/Windows/Scalability.ini]
[2022.10.23-15.43.32:844][  0]LogConfig: Setting CVar [[r.LightFunctionQuality:1]]
[2022.10.23-15.43.32:845][  0]LogConfig: Setting CVar [[r.ShadowQuality:5]]
[2022.10.23-15.43.32:845][  0]LogConfig: Setting CVar [[r.Shadow.CSM.MaxCascades:10]]
[2022.10.23-15.43.32:845][  0]LogConfig: Setting CVar [[r.Shadow.MaxResolution:2048]]
[2022.10.23-15.43.32:845][  0]LogConfig: Setting CVar [[r.Shadow.MaxCSMResolution:2048]]
[2022.10.23-15.43.32:846][  0]LogConfig: Setting CVar [[r.Shadow.RadiusThreshold:0.01]]
[2022.10.23-15.43.32:846][  0]LogConfig: Setting CVar [[r.Shadow.DistanceScale:1.0]]
[2022.10.23-15.43.32:846][  0]LogConfig: Setting CVar [[r.Shadow.CSM.TransitionScale:1.0]]
[2022.10.23-15.43.32:846][  0]LogConfig: Setting CVar [[r.Shadow.PreShadowResolutionFactor:1.0]]
[2022.10.23-15.43.32:847][  0]LogConfig: Setting CVar [[r.DistanceFieldShadowing:1]]
[2022.10.23-15.43.32:847][  0]LogConfig: Setting CVar [[r.DistanceFieldAO:1]]
[2022.10.23-15.43.32:848][  0]LogConfig: Setting CVar [[r.AOQuality:2]]
[2022.10.23-15.43.32:848][  0]LogConfig: Setting CVar [[r.VolumetricFog:1]]
[2022.10.23-15.43.32:848][  0]LogConfig: Setting CVar [[r.VolumetricFog.GridPixelSize:8]]
[2022.10.23-15.43.32:848][  0]LogConfig: Setting CVar [[r.VolumetricFog.GridSizeZ:128]]
[2022.10.23-15.43.32:849][  0]LogConfig: Setting CVar [[r.VolumetricFog.HistoryMissSupersampleCount:4]]
[2022.10.23-15.43.32:849][  0]LogConfig: Setting CVar [[r.LightMaxDrawDistanceScale:1]]
[2022.10.23-15.43.32:849][  0]LogConfig: Setting CVar [[r.CapsuleShadows:1]]
[2022.10.23-15.43.32:849][  0]LogConfig: Applying CVar settings from Section [PostProcessQuality@3] File [C:/Users/danie/Documents/Gamedev VR/game/UE4 game/fpsgame/Saved/Config/Windows/Scalability.ini]
[2022.10.23-15.43.32:850][  0]LogConfig: Setting CVar [[r.MotionBlurQuality:4]]
[2022.10.23-15.43.32:852][  0]LogConfig: Setting CVar [[r.AmbientOcclusionMipLevelFactor:0.4]]
[2022.10.23-15.43.32:852][  0]LogConfig: Setting CVar [[r.AmbientOcclusionMaxQuality:100]]
[2022.10.23-15.43.32:852][  0]LogConfig: Setting CVar [[r.AmbientOcclusionLevels:-1]]
[2022.10.23-15.43.32:852][  0]LogConfig: Setting CVar [[r.AmbientOcclusionRadiusScale:1.0]]
[2022.10.23-15.43.32:853][  0]LogConfig: Setting CVar [[r.DepthOfFieldQuality:2]]
[2022.10.23-15.43.32:853][  0]LogConfig: Setting CVar [[r.RenderTargetPoolMin:400]]
[2022.10.23-15.43.32:853][  0]LogConfig: Setting CVar [[r.LensFlareQuality:2]]
[2022.10.23-15.43.32:853][  0]LogConfig: Setting CVar [[r.SceneColorFringeQuality:1]]
[2022.10.23-15.43.32:854][  0]LogConfig: Setting CVar [[r.EyeAdaptationQuality:2]]
[2022.10.23-15.43.32:854][  0]LogConfig: Setting CVar [[r.BloomQuality:5]]
[2022.10.23-15.43.32:854][  0]LogConfig: Setting CVar [[r.FastBlurThreshold:100]]
[2022.10.23-15.43.32:854][  0]LogConfig: Setting CVar [[r.Upscale.Quality:3]]
[2022.10.23-15.43.32:855][  0]LogConfig: Setting CVar [[r.Tonemapper.GrainQuantization:1]]
[2022.10.23-15.43.32:855][  0]LogConfig: Setting CVar [[r.LightShaftQuality:1]]
[2022.10.23-15.43.32:855][  0]LogConfig: Setting CVar [[r.Filter.SizeScale:1]]
[2022.10.23-15.43.32:856][  0]LogConfig: Setting CVar [[r.Tonemapper.Quality:5]]
[2022.10.23-15.43.32:856][  0]LogConfig: Setting CVar [[r.DOF.Gather.AccumulatorQuality:1        ; higher gathering accumulator quality]]
[2022.10.23-15.43.32:856][  0]LogConfig: Setting CVar [[r.DOF.Gather.PostfilterMethod:1          ; Median3x3 postfilering method]]
[2022.10.23-15.43.32:856][  0]LogConfig: Setting CVar [[r.DOF.Gather.EnableBokehSettings:0       ; no bokeh simulation when gathering]]
[2022.10.23-15.43.32:857][  0]LogConfig: Setting CVar [[r.DOF.Gather.RingCount:4                 ; medium number of samples when gathering]]
[2022.10.23-15.43.32:857][  0]LogConfig: Setting CVar [[r.DOF.Scatter.ForegroundCompositing:1    ; additive foreground scattering]]
[2022.10.23-15.43.32:857][  0]LogConfig: Setting CVar [[r.DOF.Scatter.BackgroundCompositing:2    ; additive background scattering]]
[2022.10.23-15.43.32:857][  0]LogConfig: Setting CVar [[r.DOF.Scatter.EnableBokehSettings:1      ; bokeh simulation when scattering]]
[2022.10.23-15.43.32:858][  0]LogConfig: Setting CVar [[r.DOF.Scatter.MaxSpriteRatio:0.1         ; only a maximum of 10% of scattered bokeh]]
[2022.10.23-15.43.32:858][  0]LogConfig: Setting CVar [[r.DOF.Recombine.Quality:1                ; cheap slight out of focus]]
[2022.10.23-15.43.32:858][  0]LogConfig: Setting CVar [[r.DOF.Recombine.EnableBokehSettings:0    ; no bokeh simulation on slight out of focus]]
[2022.10.23-15.43.32:858][  0]LogConfig: Setting CVar [[r.DOF.TemporalAAQuality:1                ; more stable temporal accumulation]]
[2022.10.23-15.43.32:859][  0]LogConfig: Setting CVar [[r.DOF.Kernel.MaxForegroundRadius:0.025]]
[2022.10.23-15.43.32:859][  0]LogConfig: Setting CVar [[r.DOF.Kernel.MaxBackgroundRadius:0.025]]
[2022.10.23-15.43.32:859][  0]LogConfig: Applying CVar settings from Section [TextureQuality@3] File [C:/Users/danie/Documents/Gamedev VR/game/UE4 game/fpsgame/Saved/Config/Windows/Scalability.ini]
[2022.10.23-15.43.32:859][  0]LogConfig: Setting CVar [[r.Streaming.MipBias:0]]
[2022.10.23-15.43.32:860][  0]LogConfig: Setting CVar [[r.Streaming.AmortizeCPUToGPUCopy:0]]
[2022.10.23-15.43.32:860][  0]LogConfig: Setting CVar [[r.Streaming.MaxNumTexturesToStreamPerFrame:0]]
[2022.10.23-15.43.32:860][  0]LogConfig: Setting CVar [[r.Streaming.Boost:1]]
[2022.10.23-15.43.32:860][  0]LogConfig: Setting CVar [[r.MaxAnisotropy:8]]
[2022.10.23-15.43.32:861][  0]LogConfig: Setting CVar [[r.VT.MaxAnisotropy:8]]
[2022.10.23-15.43.32:861][  0]LogConfig: Setting CVar [[r.Streaming.LimitPoolSizeToVRAM:0]]
[2022.10.23-15.43.32:861][  0]LogConfig: Setting CVar [[r.Streaming.PoolSize:1000]]
[2022.10.23-15.43.32:861][  0]LogConfig: Setting CVar [[r.Streaming.MaxEffectiveScreenSize:0]]
[2022.10.23-15.43.32:862][  0]LogConfig: Applying CVar settings from Section [EffectsQuality@3] File [C:/Users/danie/Documents/Gamedev VR/game/UE4 game/fpsgame/Saved/Config/Windows/Scalability.ini]
[2022.10.23-15.43.32:862][  0]LogConfig: Setting CVar [[r.TranslucencyLightingVolumeDim:64]]
[2022.10.23-15.43.32:862][  0]LogConfig: Setting CVar [[r.RefractionQuality:2]]
[2022.10.23-15.43.32:862][  0]LogConfig: Setting CVar [[r.SSR.Quality:3]]
[2022.10.23-15.43.32:863][  0]LogConfig: Setting CVar [[r.SSR.HalfResSceneColor:0]]
[2022.10.23-15.43.32:863][  0]LogConfig: Setting CVar [[r.SceneColorFormat:4]]
[2022.10.23-15.43.32:863][  0]LogConfig: Setting CVar [[r.DetailMode:2]]
[2022.10.23-15.43.32:863][  0]LogConfig: Setting CVar [[r.TranslucencyVolumeBlur:1]]
[2022.10.23-15.43.32:864][  0]LogConfig: Setting CVar [[r.MaterialQualityLevel:1 ; High quality]]
[2022.10.23-15.43.32:864][  0]LogConfig: Setting CVar [[r.AnisotropicMaterials:1]]
[2022.10.23-15.43.32:864][  0]LogConfig: Setting CVar [[r.SSS.Scale:1]]
[2022.10.23-15.43.32:864][  0]LogConfig: Setting CVar [[r.SSS.SampleSet:2]]
[2022.10.23-15.43.32:865][  0]LogConfig: Setting CVar [[r.SSS.Quality:1]]
[2022.10.23-15.43.32:865][  0]LogConfig: Setting CVar [[r.SSS.HalfRes:0]]
[2022.10.23-15.43.32:865][  0]LogConfig: Setting CVar [[r.SSGI.Quality:3]]
[2022.10.23-15.43.32:866][  0]LogConfig: Setting CVar [[r.EmitterSpawnRateScale:1.0]]
[2022.10.23-15.43.32:868][  0]LogConfig: Setting CVar [[r.ParticleLightQuality:2]]
[2022.10.23-15.43.32:868][  0]LogConfig: Setting CVar [[r.SkyAtmosphere.AerialPerspectiveLUT.FastApplyOnOpaque:1 ; Always have FastSkyLUT 1 in this case to avoid wrong sky]]
[2022.10.23-15.43.32:868][  0]LogConfig: Setting CVar [[r.SkyAtmosphere.AerialPerspectiveLUT.SampleCountMaxPerSlice:4]]
[2022.10.23-15.43.32:868][  0]LogConfig: Setting CVar [[r.SkyAtmosphere.AerialPerspectiveLUT.DepthResolution:16.0]]
[2022.10.23-15.43.32:869][  0]LogConfig: Setting CVar [[r.SkyAtmosphere.FastSkyLUT:1]]
[2022.10.23-15.43.32:869][  0]LogConfig: Setting CVar [[r.SkyAtmosphere.FastSkyLUT.SampleCountMin:4.0]]
[2022.10.23-15.43.32:869][  0]LogConfig: Setting CVar [[r.SkyAtmosphere.FastSkyLUT.SampleCountMax:128.0]]
[2022.10.23-15.43.32:869][  0]LogConfig: Setting CVar [[r.SkyAtmosphere.SampleCountMin:4.0]]
[2022.10.23-15.43.32:870][  0]LogConfig: Setting CVar [[r.SkyAtmosphere.SampleCountMax:128.0]]
[2022.10.23-15.43.32:870][  0]LogConfig: Setting CVar [[r.SkyAtmosphere.TransmittanceLUT.UseSmallFormat:0]]
[2022.10.23-15.43.32:870][  0]LogConfig: Setting CVar [[r.SkyAtmosphere.TransmittanceLUT.SampleCount:10.0]]
[2022.10.23-15.43.32:870][  0]LogConfig: Setting CVar [[r.SkyAtmosphere.MultiScatteringLUT.SampleCount:15.0]]
[2022.10.23-15.43.32:871][  0]LogConfig: Setting CVar [[r.SkyLight.RealTimeReflectionCapture:1]]
[2022.10.23-15.43.32:871][  0]LogConfig: Applying CVar settings from Section [FoliageQuality@3] File [C:/Users/danie/Documents/Gamedev VR/game/UE4 game/fpsgame/Saved/Config/Windows/Scalability.ini]
[2022.10.23-15.43.32:871][  0]LogConfig: Setting CVar [[foliage.DensityScale:1.0]]
[2022.10.23-15.43.32:871][  0]LogConfig: Setting CVar [[grass.DensityScale:1.0]]
[2022.10.23-15.43.32:872][  0]LogConfig: Applying CVar settings from Section [ShadingQuality@3] File [C:/Users/danie/Documents/Gamedev VR/game/UE4 game/fpsgame/Saved/Config/Windows/Scalability.ini]
[2022.10.23-15.43.32:872][  0]LogConfig: Setting CVar [[r.HairStrands.SkyLighting.IntegrationType:2]]
[2022.10.23-15.43.32:872][  0]LogConfig: Setting CVar [[r.HairStrands.SkyAO.SampleCount:4]]
[2022.10.23-15.43.32:873][  0]LogConfig: Setting CVar [[r.HairStrands.Visibility.MSAA.SamplePerPixel:4]]
[2022.10.23-15.43.32:873][  0]LogConfig: Applying CVar settings from Section [Startup] File [../../../Engine/Config/ConsoleVariables.ini]
[2022.10.23-15.43.32:874][  0]LogConfig: Setting CVar [[net.UseAdaptiveNetUpdateFrequency:0]]
[2022.10.23-15.43.32:874][  0]LogConfig: Setting CVar [[p.chaos.AllowCreatePhysxBodies:1]]
[2022.10.23-15.43.32:874][  0]LogConfig: Setting CVar [[fx.SkipVectorVMBackendOptimizations:1]]
[2022.10.23-15.43.32:874][  0]LogConfig: Applying CVar settings from Section [ConsoleVariables] File [C:/Users/danie/Documents/Gamedev VR/game/UE4 game/fpsgame/Saved/Config/Windows/Engine.ini]
[2022.10.23-15.43.32:874][  0]LogConfig: Applying CVar settings from Section [ConsoleVariables] File [C:/Users/danie/Documents/Gamedev VR/game/UE4 game/fpsgame/Saved/Config/Windows/Editor.ini]
[2022.10.23-15.43.32:875][  0]LogInit: Computer: DESKTOP-QG36584
[2022.10.23-15.43.32:875][  0]LogInit: User: danie
[2022.10.23-15.43.32:875][  0]LogInit: CPU Page size=4096, Cores=6
[2022.10.23-15.43.32:875][  0]LogInit: High frequency timer resolution =10.000000 MHz
[2022.10.23-15.43.32:876][  0]LogMemory: Memory total: Physical=16.0GB (16GB approx)
[2022.10.23-15.43.32:876][  0]LogMemory: Platform Memory Stats for Windows
[2022.10.23-15.43.32:876][  0]LogMemory: Process Physical Memory: 137.64 MB used, 137.64 MB peak
[2022.10.23-15.43.32:876][  0]LogMemory: Process Virtual Memory: 117.36 MB used, 117.36 MB peak
[2022.10.23-15.43.32:877][  0]LogMemory: Physical Memory: 11157.96 MB used,  5176.81 MB free, 16334.77 MB total
[2022.10.23-15.43.32:877][  0]LogMemory: Virtual Memory: 134213784.00 MB used,  3941.05 MB free, 134217728.00 MB total
[2022.10.23-15.43.32:879][  0]LogWindows: WindowsPlatformFeatures disabled or dedicated server build
[2022.10.23-15.43.32:888][  0]LogInit: Physics initialised using underlying interface: PhysX
[2022.10.23-15.43.32:889][  0]LogInit: Using OS detected language (en-US).
[2022.10.23-15.43.32:889][  0]LogInit: Using OS detected locale (en-GB).
[2022.10.23-15.43.32:892][  0]LogTextLocalizationManager: No specific localization for 'en-US' exists, so the 'en' localization will be used.
[2022.10.23-15.43.33:285][  0]LogTargetPlatformManager: Display: Loaded TargetPlatform 'WindowsNoEditor'
[2022.10.23-15.43.33:288][  0]LogTargetPlatformManager: Display: Loaded TargetPlatform 'Windows'
[2022.10.23-15.43.33:291][  0]LogTargetPlatformManager: Display: Loaded TargetPlatform 'WindowsClient'
[2022.10.23-15.43.33:294][  0]LogTargetPlatformManager: Display: Loaded TargetPlatform 'WindowsServer'
[2022.10.23-15.43.33:294][  0]LogTargetPlatformManager: Display: Building Assets For Windows
[2022.10.23-15.43.33:298][  0]LogAudioDebug: Display: Lib vorbis DLL was dynamically loaded.
[2022.10.23-15.43.33:311][  0]LogTextureFormatOodle: Display: Oodle Texture 2.9.0 init RDO Off
[2022.10.23-15.43.33:322][  0]LogRendererCore: Ray tracing is disabled. Reason: r.RayTracing=0.
[2022.10.23-15.43.33:322][  0]LogShaderCompilers: Guid format shader working directory is -27 characters bigger than the processId version (../../../../../../Users/danie/Documents/Gamedev VR/game/UE4 game/fpsgame/Intermediate/Shaders/WorkingDirectory/20776/).
[2022.10.23-15.43.33:322][  0]LogShaderCompilers: Cleaned the shader compiler working directory 'C:/Users/danie/AppData/Local/Temp/UnrealShaderWorkingDir/8366492A4791525F722549BD094617FE/'.
[2022.10.23-15.43.33:323][  0]LogXGEController: Cannot use XGE Controller as Incredibuild is not installed on this machine.
[2022.10.23-15.43.33:324][  0]LogShaderCompilers: Cannot use XGE Shader Compiler as Incredibuild is not installed on this machine.
[2022.10.23-15.43.33:324][  0]LogShaderCompilers: Display: Using Local Shader Compiler.
[2022.10.23-15.43.33:778][  0]LogDerivedDataCache: Display: Max Cache Size: 512 MB
[2022.10.23-15.43.33:829][  0]LogDerivedDataCache: Loaded boot cache 0.05s 94MB C:/Users/danie/AppData/Local/UnrealEngine/4.27/DerivedDataCache/Boot.ddc.
[2022.10.23-15.43.33:829][  0]LogDerivedDataCache: Display: Loaded Boot cache: C:/Users/danie/AppData/Local/UnrealEngine/4.27/DerivedDataCache/Boot.ddc
[2022.10.23-15.43.33:830][  0]LogDerivedDataCache: FDerivedDataBackendGraph:  Pak pak cache file ../../../../../../Users/danie/Documents/Gamedev VR/game/UE4 game/fpsgame/DerivedDataCache/DDC.ddp not found, will not use a pak cache.
[2022.10.23-15.43.33:830][  0]LogDerivedDataCache: Unable to find inner node Pak for hierarchical cache Hierarchy.
[2022.10.23-15.43.33:830][  0]LogDerivedDataCache: FDerivedDataBackendGraph:  CompressedPak pak cache file ../../../../../../Users/danie/Documents/Gamedev VR/game/UE4 game/fpsgame/DerivedDataCache/Compressed.ddp not found, will not use a pak cache.
[2022.10.23-15.43.33:831][  0]LogDerivedDataCache: Unable to find inner node CompressedPak for hierarchical cache Hierarchy.
[2022.10.23-15.43.33:848][  0]LogDerivedDataCache: Display: Pak cache opened for reading ../../../Engine/DerivedDataCache/Compressed.ddp.
[2022.10.23-15.43.33:849][  0]LogDerivedDataCache: FDerivedDataBackendGraph:  EnterprisePak pak cache file ../../../Enterprise/DerivedDataCache/Compressed.ddp not found, will not use a pak cache.
[2022.10.23-15.43.33:849][  0]LogDerivedDataCache: Unable to find inner node EnterprisePak for hierarchical cache Hierarchy.
[2022.10.23-15.43.33:857][  0]LogDerivedDataCache: Speed tests for C:/Users/danie/AppData/Local/UnrealEngine/Common/DerivedDataCache took 0.01 seconds
[2022.10.23-15.43.33:857][  0]LogDerivedDataCache: Display: Performance to C:/Users/danie/AppData/Local/UnrealEngine/Common/DerivedDataCache: Latency=0.03ms. RandomReadSpeed=401.77MBs, RandomWriteSpeed=177.02MBs. Assigned SpeedClass 'Local'
[2022.10.23-15.43.33:859][  0]LogDerivedDataCache: Using Local data cache path C:/Users/danie/AppData/Local/UnrealEngine/Common/DerivedDataCache: Writable
[2022.10.23-15.43.33:861][  0]LogDerivedDataCache: Shared data cache path not found in *engine.ini, will not use an Shared cache.
[2022.10.23-15.43.33:861][  0]LogDerivedDataCache: Unable to find inner node Shared for hierarchical cache Hierarchy.
[2022.10.23-15.43.33:863][  0]LogInit: Using OS detected language (en-US).
[2022.10.23-15.43.33:863][  0]LogInit: Using OS detected locale (en-GB).
[2022.10.23-15.43.33:863][  0]LogTextLocalizationManager: No localization for 'en-US' exists, so 'en' will be used for the language.
[2022.10.23-15.43.33:863][  0]LogTextLocalizationManager: No localization for 'en-GB' exists, so 'en' will be used for the locale.
[2022.10.23-15.43.33:867][  0]LogTextLocalizationManager: Compacting localization data took   0.00ms
[2022.10.23-15.43.33:867][  0]LogAssetRegistry: FAssetRegistry took 0.0020 seconds to start up
[2022.10.23-15.43.34:013][  0]LogPackageLocalizationCache: Processed 27 localized package path(s) for 1 prioritized culture(s) in 0.001104 seconds
[2022.10.23-15.43.34:094][  0]LogInit: Selected Device Profile: [Windows]
[2022.10.23-15.43.34:094][  0]LogInit: Active device profile: [00000239A6300500][00000239A460B880 49] Windows
[2022.10.23-15.43.34:095][  0]LogInit: Profiles: [00000239A6300500][00000239A460B880 49] Windows, [00000239A62F3600][00000239A4619B40 49] WindowsNoEditor, [00000239A62F0100][00000239A460E240 49] WindowsServer, [00000239A6303000][00000239A461C4C0 49] WindowsClient, [00000239A6300200][00000239A4624780 49] IOS, [00000239A62DBD00][00000239A4628A40 49] iPadAir, [00000239A6303A00][00000239A462CD00 49] iPadAir2, [00000239A6298200][00000239A9427240 49] IPadPro, [00000239A6293F00][00000239A9411280 49] iPadAir3, [00000239A62F1000][00000239A941F540 49] iPadAir4, [00000239A6290500][00000239A941B800 49] iPadMini2, [00000239A62F0200][00000239A9423AC0 49] iPadMini3, [00000239A6291200][00000239A9430200 49] iPadMini4, [00000239A62F3800][00000239A4620480 49] iPadMini5, [00000239A62D9600][00000239A9448980 49] iPhone6, [00000239A62D9700][00000239A94349C0 49] iPodTouch6, [00000239A6292100][00000239A9450F00 49] iPhone7, [00000239A6292200][00000239A9440F40 49] iPodTouch7, [00000239A62DA600][00000239A9445200 49] iPhone5S, [00000239A6293100][00000239A943D4C0 49] iPhone6Plus, [00000239A62DBB00][00000239A944D780 49] iPhone6S, [00000239A6292B00][00000239A9455A40 49] iPhone6SPlus, [00000239A62D8A00][00000239A9458180 49] iPhone7Plus, [00000239A6292F00][00000239A945C440 49] iPhoneSE, [00000239A62D9000][00000239A94386C0 49] iPhone8, [00000239A6293C00][00000239A9460940 49] iPhone8Plus, [00000239A62DB200][00000239A9468C00 49] iPhoneX, [00000239A6292C00][00000239A946CEC0 49] iPhoneXS, [00000239A62DAB00][00000239A9471180 49] iPhoneXSMax, [00000239A6292900][00000239A9475440 49] iPhoneXR, [00000239A62DAF00][00000239A9479700 49] iPhone11, [00000239A6290A00][00000239A947D9C0 49] iPhone11Pro, [00000239A62DBE00][00000239A9480100 49] iPhone11ProMax, [00000239A6291400][00000239A94843C0 49] iPhoneSE2, [00000239A62DBF00][00000239A9488680 49] iPhone12Mini, [00000239A6293D00][00000239A9464900 49] iPhone12, [00000239A62D9200][00000239A948CB80 49] iPhone12Pro, [00000239A6293500][00000239A9494E40 49] iPhone12ProMax, [00000239A62D8200][00000239A9499100 49] iPadPro105, [00000239A6291A00][00000239A949D3C0 49] iPadPro129, [00000239A62D8D00][00000239A94A1680 49] iPadPro97, [00000239A6290900][00000239A94A5940 49] iPadPro2_129, [00000239A62D9A00][00000239A94A9C00 49] iPad5, [00000239A6291C00][00000239A94AC340 49] iPad6, [00000239A62DB900][00000239A94B0600 49] iPad7, [00000239A6292600][00000239A94B48C0 49] iPad8, [00000239A62DB000][00000239A9490B40 49] iPadPro11, [00000239A6291500][00000239A94B8DC0 49] iPadPro2_11, [00000239A62DA100][00000239A94C1080 49] iPadPro3_129, [00000239A6291D00][00000239A94C5340 49] iPadPro4_129, [00000239A62DA400][00000239A94C9600 49] AppleTV, [00000239A6292E00][00000239A94CD8C0 49] AppleTV4K, [00000239A62D8500][00000239A94D1B80 49] TVOS, [00000239A6293A00][00000239A94D42C0 49] Mac, [00000239A62DA900][00000239A94D8580 49] MacClient, [00000239A6291700][00000239A94DC840 49] MacNoEditor, [00000239A62D9100][00000239A94E0B00 49] MacServer, [00000239A6293B00][00000239A94BCD80 49] Linux, [00000239A62D8600][00000239A94E5000 49] LinuxAArch64, [00000239A6290400][00000239A94ED2C0 49] LinuxNoEditor, [00000239A62DA200][00000239A94F1580 49] LinuxAArch64NoEditor, [00000239A6300100][00000239A94F5840 49] LinuxClient, [00000239A6298700][00000239A94F9B00 49] LinuxAArch64Client, [00000239A6301900][00000239A94FC240 49] LinuxServer, [00000239A6298A00][00000239A9500500 49] LinuxAArch64Server, [00000239A6302D00][00000239A95047C0 49] Android, [00000239A6299400][00000239A9508A80 49] Android_Low, [00000239A6301100][00000239A950CD40 49] Android_Mid, [00000239A6298E00][00000239A94E8FC0 49] Android_High, [00000239A6300800][00000239A9511240 49] Android_Default, [00000239A629A600][00000239A9519500 49] Android_Adreno4xx, [00000239A6301400][00000239A951D7C0 49] Android_Adreno5xx_Low, [00000239A629A400][00000239A9521A80 49] Android_Adreno5xx, [00000239A6300700][00000239A95241C0 49] Android_Adreno6xx, [00000239A629AC00][00000239A9528480 49] Android_Adreno6xx_Vulkan, [00000239A6303B00][00000239A952C740 49] Android_Mali_T6xx, [00000239A6298500][00000239A9530A00 49] Android_Mali_T7xx, [00000239A6300300][00000239A9534CC0 49] Android_Mali_T8xx, [00000239A629B000][00000239A9538F80 49] Android_Mali_G71, [00000239A6302900][00000239A9515200 49] Android_Mali_G72, [00000239A629A500][00000239A95414C0 49] Android_Mali_G72_Vulkan, [00000239A6301B00][00000239A9545780 49] Android_Mali_G76, [00000239A629B100][00000239A9549A40 49] Android_Mali_G76_Vulkan, [00000239A6301E00][00000239A954C180 49] Android_Mali_G77, [00000239A629BB00][00000239A9550440 49] Android_Mali_G77_Vulkan, [00000239A6303C00][00000239A9554700 49] Android_Mali_G78, [00000239A629BF00][00000239A95589C0 49] Android_Mali_G78_Vulkan, [00000239A6302400][00000239A955CC80 49] Android_Mali_G710, [00000239A6299300][00000239A9560F40 49] Android_Mali_G710_Vulkan, [00000239A6303100][00000239A953D1C0 49] Android_Vulkan_SM5, [00000239A6292400][00000239A9565440 49] Android_PowerVR_G6xxx, [00000239A6301D00][00000239A956D700 49] Android_PowerVR_GT7xxx, [00000239A6290100][00000239A95719C0 49] Android_PowerVR_GE8xxx, [00000239A6303200][00000239A9574100 49] Android_PowerVR_GM9xxx, [00000239A6290300][00000239A95783C0 49] Android_PowerVR_GM9xxx_Vulkan, [00000239A6303300][00000239A957C680 49] Android_TegraK1, [00000239A6291600][00000239A9580940 49] Android_Unknown_Vulkan, [00000239A6302000][00000239A9584C00 49] Lumin, [00000239A6290B00][00000239A9588EC0 49] Lumin_Desktop, [00000239A6300D00][00000239A958D180 49] HoloLens, 
[2022.10.23-15.43.34:114][  0]LogMeshReduction: Using QuadricMeshReduction for automatic static mesh reduction
[2022.10.23-15.43.34:114][  0]LogMeshReduction: Using SimplygonMeshReduction for automatic skeletal mesh reduction
[2022.10.23-15.43.34:115][  0]LogMeshReduction: Using ProxyLODMeshReduction for automatic mesh merging
[2022.10.23-15.43.34:115][  0]LogMeshReduction: No distributed automatic mesh merging module available
[2022.10.23-15.43.34:115][  0]LogMeshMerging: No distributed automatic mesh merging module available
[2022.10.23-15.43.34:126][  0]LogNetVersion: fpsgame 1.0.0, NetCL: 17155196, EngineNetVer: 17, GameNetVer: 0 (Checksum: 3215450660)
[2022.10.23-15.43.34:214][  0]LogTexture: Default maximum texture size for cubemaps generated from long-lat sources has been changed from 512 to unlimited. In order to preserve old behaiour for '/Engine/MapTemplates/Sky/DaylightAmbientCubemap.DaylightAmbientCubemap', its maximum texture size has been explicitly set to 512.
[2022.10.23-15.43.34:228][  0]LogHMD: PokeAHoleMaterial loaded successfully
[2022.10.23-15.43.34:288][  0]LogPython: Using Python 3.7.7
