Log file open, 11/13/22 11:41:01
LogWindows: Failed to load 'aqProf.dll' (GetLastError=126)
LogWindows: File 'aqProf.dll' does not exist
LogWindows: Failed to load 'VtuneApi.dll' (GetLastError=126)
LogWindows: File 'VtuneApi.dll' does not exist
LogWindows: Failed to load 'VtuneApi32e.dll' (GetLastError=126)
LogWindows: File 'VtuneApi32e.dll' does not exist
LogConsoleResponse: Display: Failed to find resolution value strings in scalability ini. Falling back to default.
LogConsoleResponse: Display: Failed to find resolution value strings in scalability ini. Falling back to default.
LogInit: Display: Running engine for game: fpsgame
LogPlatformFile: Not using cached read wrapper
LogTaskGraph: Started task graph with 5 named threads and 35 total threads with 3 sets of task threads.
LogStats: Stats thread started at 0.221892
LogICUInternationalization: ICU TimeZone Detection - Raw Offset: +0:00, Platform Override: ''
LogInit: Display: Loading text-based GConfig....
LogPluginManager: Mounting plugin MeshPainting
LogPluginManager: Mounting plugin XGEController
LogPluginManager: Mounting plugin Paper2D
LogPluginManager: Mounting plugin AISupport
LogPluginManager: Mounting plugin EnvironmentQueryEditor
LogPluginManager: Mounting plugin LightPropagationVolume
LogPluginManager: Mounting plugin CameraShakePreviewer
LogPluginManager: Mounting plugin LiveLink
LogPluginManager: Mounting plugin GameplayCameras
LogPluginManager: Mounting plugin AnimationSharing
LogPluginManager: Mounting plugin CLionSourceCodeAccess
LogPluginManager: Mounting plugin GitSourceControl
LogPluginManager: Mounting plugin KDevelopSourceCodeAccess
LogPluginManager: Mounting plugin PropertyAccessNode
LogPluginManager: Mounting plugin PixWinPlugin
LogPluginManager: Mounting plugin PerforceSourceControl
LogPluginManager: Mounting plugin PlasticSourceControl
LogPluginManager: Mounting plugin NullSourceCodeAccess
LogPluginManager: Mounting plugin PluginUtils
LogPluginManager: Mounting plugin CodeLiteSourceCodeAccess
LogPluginManager: Mounting plugin RiderSourceCodeAccess
LogPluginManager: Mounting plugin DatasmithContent
LogPluginManager: Mounting plugin SubversionSourceControl
LogPluginManager: Mounting plugin TextureFormatOodle
LogPluginManager: Mounting plugin VisualStudioCodeSourceCodeAccess
LogPluginManager: Mounting plugin UObjectPlugin
LogPluginManager: Mounting plugin VariantManagerContent
LogPluginManager: Mounting plugin XCodeSourceCodeAccess
LogPluginManager: Mounting plugin VisualStudioSourceCodeAccess
LogPluginManager: Mounting plugin AssetManagerEditor
LogPluginManager: Mounting plugin CurveEditorTools
LogPluginManager: Mounting plugin CryptoKeys
LogPluginManager: Mounting plugin FacialAnimation
LogPluginManager: Mounting plugin DataValidation
LogPluginManager: Mounting plugin GameplayTagsEditor
LogPluginManager: Mounting plugin GeometryMode
LogPluginManager: Mounting plugin MaterialAnalyzer
LogPluginManager: Mounting plugin MacGraphicsSwitching
LogPluginManager: Mounting plugin MobileLauncherProfileWizard
LogPluginManager: Mounting plugin PluginBrowser
LogPluginManager: Mounting plugin SpeedTreeImporter
LogPluginManager: Mounting plugin Niagara
LogPluginManager: Mounting plugin MagicLeap
LogPluginManager: Mounting plugin LuminPlatformFeatures
LogPluginManager: Mounting plugin MagicLeapLightEstimation
LogPluginManager: Mounting plugin MagicLeapMedia
LogPluginManager: Mounting plugin MagicLeapPassableWorld
LogPluginManager: Mounting plugin MLSDK
LogPluginManager: Mounting plugin AvfMedia
LogPluginManager: Mounting plugin AndroidMedia
LogPluginManager: Mounting plugin AlembicImporter
LogPluginManager: Mounting plugin AutomationUtils
LogPluginManager: Mounting plugin BackChannel
LogPluginManager: Mounting plugin ImgMedia
LogPluginManager: Mounting plugin MediaCompositing
LogPluginManager: Mounting plugin ChaosCloth
LogPluginManager: Mounting plugin ChaosClothEditor
LogPluginManager: Mounting plugin ChaosSolverPlugin
LogPluginManager: Mounting plugin ChaosEditor
LogPluginManager: Mounting plugin CharacterAI
LogPluginManager: Mounting plugin MediaPlayerEditor
LogPluginManager: Mounting plugin ChaosNiagara
LogPluginManager: Mounting plugin WebMMedia
LogPluginManager: Mounting plugin GeometryCache
LogPluginManager: Mounting plugin ActorSequence
LogPluginManager: Mounting plugin WmfMedia
LogPluginManager: Mounting plugin MatineeToLevelSequence
LogPluginManager: Mounting plugin LevelSequenceEditor
LogPluginManager: Mounting plugin GeometryCollectionPlugin
LogPluginManager: Mounting plugin TemplateSequence
LogPluginManager: Mounting plugin OnlineSubsystem
LogPluginManager: Mounting plugin GeometryProcessing
LogPluginManager: Mounting plugin LauncherChunkInstaller
LogPluginManager: Mounting plugin OnlineSubsystemUtils
LogPluginManager: Mounting plugin OnlineSubsystemNull
LogPluginManager: Mounting plugin UdpMessaging
LogPluginManager: Mounting plugin TcpMessaging
LogPluginManager: Mounting plugin MotoSynth
LogPluginManager: Mounting plugin OpenImageDenoise
LogPluginManager: Mounting plugin PlanarCut
LogPluginManager: Mounting plugin ProxyLODPlugin
LogPluginManager: Mounting plugin PlatformCrypto
LogPluginManager: Mounting plugin PythonScriptPlugin
LogPluginManager: Mounting plugin SkeletalReduction
LogPluginManager: Mounting plugin ActorLayerUtilities
LogPluginManager: Mounting plugin AndroidMoviePlayer
LogPluginManager: Mounting plugin AndroidPermission
LogPluginManager: Mounting plugin AndroidDeviceProfileSelector
LogPluginManager: Mounting plugin AppleImageUtils
LogPluginManager: Mounting plugin AppleMoviePlayer
LogPluginManager: Mounting plugin ArchVisCharacter
LogPluginManager: Mounting plugin AssetTags
LogPluginManager: Mounting plugin AudioCapture
LogPluginManager: Mounting plugin CableComponent
LogPluginManager: Mounting plugin AudioSynesthesia
LogPluginManager: Mounting plugin ChunkDownloader
LogPluginManager: Mounting plugin EditableMesh
LogPluginManager: Mounting plugin CustomMeshComponent
LogPluginManager: Mounting plugin ExampleDeviceProfileSelector
LogPluginManager: Mounting plugin GoogleCloudMessaging
LogPluginManager: Mounting plugin GooglePAD
LogPluginManager: Mounting plugin ScreenshotTools
LogPluginManager: Mounting plugin IOSDeviceProfileSelector
LogPluginManager: Mounting plugin LinuxDeviceProfileSelector
LogPluginManager: Mounting plugin LocationServicesBPLibrary
LogPluginManager: Mounting plugin MobilePatchingUtils
LogPluginManager: Mounting plugin OpenXR
LogPluginManager: Mounting plugin OpenXREyeTracker
LogPluginManager: Mounting plugin OpenXRHandTracking
LogPluginManager: Mounting plugin PhysXVehicles
LogPluginManager: Mounting plugin Takes
LogPluginManager: Mounting plugin PostSplashScreen
LogPluginManager: Mounting plugin ProceduralMeshComponent
LogPluginManager: Mounting plugin PropertyAccessEditor
LogPluginManager: Mounting plugin RuntimePhysXCooking
LogPluginManager: Mounting plugin SoundFields
LogPluginManager: Mounting plugin SignificanceManager
LogPluginManager: Mounting plugin Synthesis
LogPluginManager: Mounting plugin WebMMoviePlayer
LogPluginManager: Mounting plugin WindowsMoviePlayer
LogPluginManager: Mounting plugin OodleData
LogPluginManager: Mounting plugin OodleNetwork
LogPluginManager: Mounting plugin ContentBrowserClassDataSource
LogPluginManager: Mounting plugin ContentBrowserAssetDataSource
LogPluginManager: Mounting plugin ContentBrowserFileDataSource
LogPluginManager: Mounting plugin OnlineSubsystemIOS
LogPluginManager: Mounting plugin OnlineSubsystemGooglePlay
LogPluginManager: Mounting plugin OculusVR
LogPluginManager: Mounting plugin SteamVR
PixWinPlugin: PIX capture plugin failed to initialize! Check that the process is launched from PIX.
LogInit: Using libcurl 7.55.1-DEV
LogInit:  - built for x86_64-pc-win32
LogInit:  - supports SSL with OpenSSL/1.1.1
LogInit:  - supports HTTP deflate (compression) using libz 1.2.8
LogInit:  - other features:
LogInit:      CURL_VERSION_SSL
LogInit:      CURL_VERSION_LIBZ
LogInit:      CURL_VERSION_IPV6
LogInit:      CURL_VERSION_ASYNCHDNS
LogInit:      CURL_VERSION_LARGEFILE
LogInit:      CURL_VERSION_IDN
LogInit:  CurlRequestOptions (configurable via config and command line):
LogInit:  - bVerifyPeer = true  - Libcurl will verify peer certificate
LogInit:  - bUseHttpProxy = false  - Libcurl will NOT use HTTP proxy
LogInit:  - bDontReuseConnections = false  - Libcurl will reuse connections
LogInit:  - MaxHostConnections = 16  - Libcurl will limit the number of connections to a host
LogInit:  - LocalHostAddr = Default
LogInit:  - BufferSize = 65536
LogOnline: OSS: Creating online subsystem instance for: NULL
LogInit: WinSock: version 1.1 (2.2), MaxSocks=32767, MaxUdp=65467
LogOnline: OSS: TryLoadSubsystemAndSetDefault: Loaded subsystem for module [NULL]
LogOculusPluginWrapper: OculusPlugin initialized successfully
LogHMD: Failed initializing OVRPlugin 1.59.0
LogInit: Build: ++UE4+Release-4.27-CL-18319896
LogInit: Engine Version: 4.27.2-18319896+++UE4+Release-4.27
LogInit: Compatible Engine Version: 4.27.0-17155196+++UE4+Release-4.27
LogInit: Net CL: 17155196
LogInit: OS: Windows 10 (Release 2009) (), CPU: AMD Ryzen 5 3600X 6-Core Processor             , GPU: AMD Radeon RX 5700 XT
LogInit: Compiled (64-bit): Nov 30 2021 07:12:08
LogInit: Compiled with Visual C++: 19.24.28315.00
LogInit: Build Configuration: Development
LogInit: Branch Name: ++UE4+Release-4.27
LogInit: Command Line:  127.0.0.1:17777 -game -PIEVIACONSOLE -Multiprocess "GameUserSettingsINI=C:/Users/danie/Documents/Gamedev VR/game/UE4 game/fpsgame/Saved/Config/Windows/PIEGameUserSettings1.ini" -MultiprocessSaveConfig -forcepassthrough -messaging -SessionName="Play in Standalone Game" -PktLagMin=0 -PktLagMax=0 -PktLoss=0 -PktIncomingLagMin=0 -PktIncomingLagMax=0 -PktIncomingLoss=0 -windowed -WinX=0 -WinY=24 SAVEWINPOS=1 -ResX=640 -ResY=480
LogInit: Base Directory: C:/Program Files/Epic Games/UE_4.27/Engine/Binaries/Win64/
LogInit: Allocator: TBB
LogInit: Installed Engine Build: 1
LogDevObjectVersion: Number of dev versions registered: 29
LogDevObjectVersion:   Dev-Blueprints (B0D832E4-1F89-4F0D-ACCF-7EB736FD4AA2): 10
LogDevObjectVersion:   Dev-Build (E1C64328-A22C-4D53-A36C-8E866417BD8C): 0
LogDevObjectVersion:   Dev-Core (375EC13C-06E4-48FB-B500-84F0262A717E): 4
LogDevObjectVersion:   Dev-Editor (E4B068ED-F494-42E9-A231-DA0B2E46BB41): 40
LogDevObjectVersion:   Dev-Framework (CFFC743F-43B0-4480-9391-14DF171D2073): 37
LogDevObjectVersion:   Dev-Mobile (B02B49B5-BB20-44E9-A304-32B752E40360): 3
LogDevObjectVersion:   Dev-Networking (A4E4105C-59A1-49B5-A7C5-40C4547EDFEE): 0
LogDevObjectVersion:   Dev-Online (39C831C9-5AE6-47DC-9A44-9C173E1C8E7C): 0
LogDevObjectVersion:   Dev-Physics (78F01B33-EBEA-4F98-B9B4-84EACCB95AA2): 14
LogDevObjectVersion:   Dev-Platform (6631380F-2D4D-43E0-8009-CF276956A95A): 0
LogDevObjectVersion:   Dev-Rendering (12F88B9F-8875-4AFC-A67C-D90C383ABD29): 45
LogDevObjectVersion:   Dev-Sequencer (7B5AE74C-D270-4C10-A958-57980B212A5A): 13
LogDevObjectVersion:   Dev-VR (D7296918-1DD6-4BDD-9DE2-64A83CC13884): 3
LogDevObjectVersion:   Dev-LoadTimes (C2A15278-BFE7-4AFE-6C17-90FF531DF755): 1
LogDevObjectVersion:   Private-Geometry (6EACA3D4-40EC-4CC1-B786-8BED09428FC5): 3
LogDevObjectVersion:   Dev-AnimPhys (29E575DD-E0A3-4627-9D10-D276232CDCEA): 17
LogDevObjectVersion:   Dev-Anim (AF43A65D-7FD3-4947-9873-3E8ED9C1BB05): 15
LogDevObjectVersion:   Dev-ReflectionCapture (6B266CEC-1EC7-4B8F-A30B-E4D90942FC07): 1
LogDevObjectVersion:   Dev-Automation (0DF73D61-A23F-47EA-B727-89E90C41499A): 1
LogDevObjectVersion:   FortniteMain (601D1886-AC64-4F84-AA16-D3DE0DEAC7D6): 47
LogDevObjectVersion:   FortniteRelease (E7086368-6B23-4C58-8439-1B7016265E91): 1
LogDevObjectVersion:   Dev-Enterprise (9DFFBCD6-494F-0158-E221-12823C92A888): 10
LogDevObjectVersion:   Dev-Niagara (F2AED0AC-9AFE-416F-8664-AA7FFA26D6FC): 1
LogDevObjectVersion:   Dev-Destruction (174F1F0B-B4C6-45A5-B13F-2EE8D0FB917D): 10
LogDevObjectVersion:   Dev-Physics-Ext (35F94A83-E258-406C-A318-09F59610247C): 41
LogDevObjectVersion:   Dev-PhysicsMaterial-Chaos (B68FC16E-8B1B-42E2-B453-215C058844FE): 1
LogDevObjectVersion:   Dev-CineCamera (B2E18506-4273-CFC2-A54E-F4BB758BBA07): 1
LogDevObjectVersion:   Dev-VirtualProduction (64F58936-FD1B-42BA-BA96-7289D5D0FA4E): 1
LogDevObjectVersion:   Dev-MediaFramework (6F0ED827-A609-4895-9C91-998D90180EA4): 2
LogInit: Presizing for max 25165824 objects, including 0 objects not considered by GC, pre-allocating 0 bytes for permanent pool.
LogConfig: Applying CVar settings from Section [/Script/Engine.StreamingSettings] File [C:/Users/danie/Documents/Gamedev VR/game/UE4 game/fpsgame/Saved/Config/Windows/Engine.ini]
LogConfig: Setting CVar [[s.MinBulkDataSizeForAsyncLoading:131072]]
LogConfig: Setting CVar [[s.AsyncLoadingThreadEnabled:0]]
LogConfig: Setting CVar [[s.EventDrivenLoaderEnabled:1]]
LogConfig: Setting CVar [[s.WarnIfTimeLimitExceeded:0]]
LogConfig: Setting CVar [[s.TimeLimitExceededMultiplier:1.5]]
LogConfig: Setting CVar [[s.TimeLimitExceededMinTime:0.005]]
LogConfig: Setting CVar [[s.UseBackgroundLevelStreaming:1]]
LogConfig: Setting CVar [[s.PriorityAsyncLoadingExtraTime:15.0]]
LogConfig: Setting CVar [[s.LevelStreamingActorsUpdateTimeLimit:5.0]]
LogConfig: Setting CVar [[s.PriorityLevelStreamingActorsUpdateExtraTime:5.0]]
LogConfig: Setting CVar [[s.LevelStreamingComponentsRegistrationGranularity:10]]
LogConfig: Setting CVar [[s.UnregisterComponentsTimeLimit:1.0]]
LogConfig: Setting CVar [[s.LevelStreamingComponentsUnregistrationGranularity:5]]
LogConfig: Setting CVar [[s.FlushStreamingOnExit:1]]
LogInit: Object subsystem initialized
LogConfig: Setting CVar [[con.DebugEarlyDefault:1]]
LogConfig: Setting CVar [[r.setres:1280x720]]
[2022.11.13-11.41.02:308][  0]LogConfig: Setting CVar [[con.DebugEarlyDefault:1]]
[2022.11.13-11.41.02:308][  0]LogConfig: Setting CVar [[r.setres:1280x720]]
[2022.11.13-11.41.02:308][  0]LogConfig: Applying CVar settings from Section [/Script/Engine.RendererSettings] File [C:/Users/danie/Documents/Gamedev VR/game/UE4 game/fpsgame/Saved/Config/Windows/Engine.ini]
[2022.11.13-11.41.02:308][  0]LogConfig: Setting CVar [[r.GPUCrashDebugging:0]]
[2022.11.13-11.41.02:308][  0]LogConfig: Setting CVar [[r.Mobile.DisableVertexFog:1]]
[2022.11.13-11.41.02:308][  0]LogConfig: Setting CVar [[r.Shadow.CSM.MaxMobileCascades:2]]
[2022.11.13-11.41.02:308][  0]LogConfig: Setting CVar [[r.MobileMSAA:1]]
[2022.11.13-11.41.02:308][  0]LogConfig: Setting CVar [[r.Mobile.AllowDitheredLODTransition:0]]
[2022.11.13-11.41.02:308][  0]LogConfig: Setting CVar [[r.Mobile.AllowSoftwareOcclusion:0]]
[2022.11.13-11.41.02:308][  0]LogConfig: Setting CVar [[r.Mobile.VirtualTextures:0]]
[2022.11.13-11.41.02:308][  0]LogConfig: Setting CVar [[r.DiscardUnusedQuality:0]]
[2022.11.13-11.41.02:308][  0]LogConfig: Setting CVar [[r.AllowOcclusionQueries:1]]
[2022.11.13-11.41.02:308][  0]LogConfig: Setting CVar [[r.MinScreenRadiusForLights:0.030000]]
[2022.11.13-11.41.02:308][  0]LogConfig: Setting CVar [[r.MinScreenRadiusForDepthPrepass:0.030000]]
[2022.11.13-11.41.02:308][  0]LogConfig: Setting CVar [[r.MinScreenRadiusForCSMDepth:0.010000]]
[2022.11.13-11.41.02:308][  0]LogConfig: Setting CVar [[r.PrecomputedVisibilityWarning:0]]
[2022.11.13-11.41.02:308][  0]LogConfig: Setting CVar [[r.TextureStreaming:1]]
[2022.11.13-11.41.02:308][  0]LogConfig: Setting CVar [[Compat.UseDXT5NormalMaps:0]]
[2022.11.13-11.41.02:308][  0]LogConfig: Setting CVar [[r.VirtualTextures:0]]
[2022.11.13-11.41.02:308][  0]LogConfig: Setting CVar [[r.VT.EnableAutoImport:1]]
[2022.11.13-11.41.02:308][  0]LogConfig: Setting CVar [[r.VirtualTexturedLightmaps:0]]
[2022.11.13-11.41.02:308][  0]LogConfig: Setting CVar [[r.VT.TileSize:128]]
[2022.11.13-11.41.02:308][  0]LogConfig: Setting CVar [[r.VT.TileBorderSize:4]]
[2022.11.13-11.41.02:308][  0]LogConfig: Setting CVar [[r.vt.FeedbackFactor:16]]
[2022.11.13-11.41.02:308][  0]LogConfig: Setting CVar [[r.VT.EnableCompressZlib:1]]
[2022.11.13-11.41.02:308][  0]LogConfig: Setting CVar [[r.VT.EnableCompressCrunch:0]]
[2022.11.13-11.41.02:309][  0]LogConfig: Setting CVar [[r.ClearCoatNormal:0]]
[2022.11.13-11.41.02:309][  0]LogConfig: Setting CVar [[r.ReflectionCaptureResolution:128]]
[2022.11.13-11.41.02:309][  0]LogConfig: Setting CVar [[r.Mobile.ReflectionCaptureCompression:0]]
[2022.11.13-11.41.02:309][  0]LogConfig: Setting CVar [[r.ReflectionEnvironmentLightmapMixBasedOnRoughness:1]]
[2022.11.13-11.41.02:309][  0]LogConfig: Setting CVar [[r.ForwardShading:0]]
[2022.11.13-11.41.02:309][  0]LogConfig: Setting CVar [[r.VertexFoggingForOpaque:1]]
[2022.11.13-11.41.02:309][  0]LogConfig: Setting CVar [[r.AllowStaticLighting:1]]
[2022.11.13-11.41.02:309][  0]LogConfig: Setting CVar [[r.NormalMapsForStaticLighting:0]]
[2022.11.13-11.41.02:309][  0]LogConfig: Setting CVar [[r.GenerateMeshDistanceFields:0]]
[2022.11.13-11.41.02:309][  0]LogConfig: Setting CVar [[r.DistanceFieldBuild.EightBit:0]]
[2022.11.13-11.41.02:309][  0]LogConfig: Setting CVar [[r.GenerateLandscapeGIData:0]]
[2022.11.13-11.41.02:309][  0]LogConfig: Setting CVar [[r.DistanceFieldBuild.Compress:0]]
[2022.11.13-11.41.02:309][  0]LogConfig: Setting CVar [[r.TessellationAdaptivePixelsPerTriangle:48.000000]]
[2022.11.13-11.41.02:309][  0]LogConfig: Setting CVar [[r.SeparateTranslucency:1]]
[2022.11.13-11.41.02:309][  0]LogConfig: Setting CVar [[r.TranslucentSortPolicy:0]]
[2022.11.13-11.41.02:309][  0]LogConfig: Setting CVar [[vr.VRS.HMDFixedFoveationLevel:0]]
[2022.11.13-11.41.02:309][  0]LogConfig: Setting CVar [[r.CustomDepth:1]]
[2022.11.13-11.41.02:309][  0]LogConfig: Setting CVar [[r.CustomDepthTemporalAAJitter:1]]
[2022.11.13-11.41.02:309][  0]LogConfig: Setting CVar [[r.PostProcessing.PropagateAlpha:0]]
[2022.11.13-11.41.02:309][  0]LogConfig: Setting CVar [[r.DefaultFeature.Bloom:1]]
[2022.11.13-11.41.02:309][  0]LogConfig: Setting CVar [[r.DefaultFeature.AmbientOcclusion:1]]
[2022.11.13-11.41.02:309][  0]LogConfig: Setting CVar [[r.DefaultFeature.AmbientOcclusionStaticFraction:1]]
[2022.11.13-11.41.02:309][  0]LogConfig: Setting CVar [[r.DefaultFeature.AutoExposure:0]]
[2022.11.13-11.41.02:309][  0]LogConfig: Setting CVar [[r.DefaultFeature.AutoExposure.Method:0]]
[2022.11.13-11.41.02:309][  0]LogConfig: Setting CVar [[r.DefaultFeature.AutoExposure.Bias:1.000000]]
[2022.11.13-11.41.02:309][  0]LogConfig: Setting CVar [[r.DefaultFeature.AutoExposure.ExtendDefaultLuminanceRange:0]]
[2022.11.13-11.41.02:309][  0]LogConfig: Setting CVar [[r.UsePreExposure:1]]
[2022.11.13-11.41.02:309][  0]LogConfig: Setting CVar [[r.EyeAdaptation.EditorOnly:0]]
[2022.11.13-11.41.02:309][  0]LogConfig: Setting CVar [[r.DefaultFeature.MotionBlur:0]]
[2022.11.13-11.41.02:309][  0]LogConfig: Setting CVar [[r.DefaultFeature.LensFlare:0]]
[2022.11.13-11.41.02:309][  0]LogConfig: Setting CVar [[r.TemporalAA.Upsampling:0]]
[2022.11.13-11.41.02:309][  0]LogConfig: Setting CVar [[r.SSGI.Enable:0]]
[2022.11.13-11.41.02:309][  0]LogConfig: Setting CVar [[r.DefaultFeature.AntiAliasing:0]]
[2022.11.13-11.41.02:309][  0]LogConfig: Setting CVar [[r.DefaultFeature.LightUnits:1]]
[2022.11.13-11.41.02:309][  0]LogConfig: Setting CVar [[r.DefaultBackBufferPixelFormat:4]]
[2022.11.13-11.41.02:309][  0]LogConfig: Setting CVar [[r.Shadow.UnbuiltPreviewInGame:1]]
[2022.11.13-11.41.02:309][  0]LogConfig: Setting CVar [[r.StencilForLODDither:0]]
[2022.11.13-11.41.02:309][  0]LogConfig: Setting CVar [[r.EarlyZPass:3]]
[2022.11.13-11.41.02:309][  0]LogConfig: Setting CVar [[r.EarlyZPassOnlyMaterialMasking:0]]
[2022.11.13-11.41.02:309][  0]LogConfig: Setting CVar [[r.DBuffer:1]]
[2022.11.13-11.41.02:309][  0]LogConfig: Setting CVar [[r.ClearSceneMethod:1]]
[2022.11.13-11.41.02:309][  0]LogConfig: Setting CVar [[r.BasePassOutputsVelocity:0]]
[2022.11.13-11.41.02:309][  0]LogConfig: Setting CVar [[r.VertexDeformationOutputsVelocity:0]]
[2022.11.13-11.41.02:309][  0]LogConfig: Setting CVar [[r.SelectiveBasePassOutputs:0]]
[2022.11.13-11.41.02:309][  0]LogConfig: Setting CVar [[fx.GPUSimulationTextureSizeX:1024]]
[2022.11.13-11.41.02:309][  0]LogConfig: Setting CVar [[fx.GPUSimulationTextureSizeY:1024]]
[2022.11.13-11.41.02:309][  0]LogConfig: Setting CVar [[r.AllowGlobalClipPlane:0]]
[2022.11.13-11.41.02:309][  0]LogConfig: Setting CVar [[r.GBufferFormat:1]]
[2022.11.13-11.41.02:309][  0]LogConfig: Setting CVar [[r.MorphTarget.Mode:1]]
[2022.11.13-11.41.02:309][  0]LogConfig: Setting CVar [[vr.InstancedStereo:0]]
[2022.11.13-11.41.02:309][  0]LogConfig: Setting CVar [[r.MobileHDR:1]]
[2022.11.13-11.41.02:309][  0]LogConfig: Setting CVar [[vr.MobileMultiView:0]]
[2022.11.13-11.41.02:309][  0]LogConfig: Setting CVar [[r.Mobile.UseHWsRGBEncoding:0]]
[2022.11.13-11.41.02:309][  0]LogConfig: Setting CVar [[vr.RoundRobinOcclusion:0]]
[2022.11.13-11.41.02:309][  0]LogConfig: Setting CVar [[vr.ODSCapture:0]]
[2022.11.13-11.41.02:309][  0]LogConfig: Setting CVar [[r.MeshStreaming:0]]
[2022.11.13-11.41.02:309][  0]LogConfig: Setting CVar [[r.WireframeCullThreshold:5.000000]]
[2022.11.13-11.41.02:309][  0]LogConfig: Setting CVar [[r.RayTracing:0]]
[2022.11.13-11.41.02:309][  0]LogConfig: Setting CVar [[r.RayTracing.UseTextureLod:0]]
[2022.11.13-11.41.02:309][  0]LogConfig: Setting CVar [[r.SupportStationarySkylight:1]]
[2022.11.13-11.41.02:309][  0]LogConfig: Setting CVar [[r.SupportLowQualityLightmaps:1]]
[2022.11.13-11.41.02:309][  0]LogConfig: Setting CVar [[r.SupportPointLightWholeSceneShadows:1]]
[2022.11.13-11.41.02:309][  0]LogConfig: Setting CVar [[r.SupportAtmosphericFog:1]]
[2022.11.13-11.41.02:309][  0]LogConfig: Setting CVar [[r.SupportSkyAtmosphere:1]]
[2022.11.13-11.41.02:309][  0]LogConfig: Setting CVar [[r.SupportSkyAtmosphereAffectsHeightFog:0]]
[2022.11.13-11.41.02:309][  0]LogConfig: Setting CVar [[r.SkinCache.CompileShaders:0]]
[2022.11.13-11.41.02:309][  0]LogConfig: Setting CVar [[r.SkinCache.DefaultBehavior:1]]
[2022.11.13-11.41.02:309][  0]LogConfig: Setting CVar [[r.SkinCache.SceneMemoryLimitInMB:128.000000]]
[2022.11.13-11.41.02:309][  0]LogConfig: Setting CVar [[r.Mobile.EnableStaticAndCSMShadowReceivers:1]]
[2022.11.13-11.41.02:309][  0]LogConfig: Setting CVar [[r.Mobile.EnableMovableLightCSMShaderCulling:1]]
[2022.11.13-11.41.02:309][  0]LogConfig: Setting CVar [[r.Mobile.AllowDistanceFieldShadows:1]]
[2022.11.13-11.41.02:309][  0]LogConfig: Setting CVar [[r.Mobile.AllowMovableDirectionalLights:1]]
[2022.11.13-11.41.02:309][  0]LogConfig: Setting CVar [[r.MobileNumDynamicPointLights:4]]
[2022.11.13-11.41.02:309][  0]LogConfig: Setting CVar [[r.MobileDynamicPointLightsUseStaticBranch:1]]
[2022.11.13-11.41.02:309][  0]LogConfig: Setting CVar [[r.Mobile.EnableMovableSpotlights:0]]
[2022.11.13-11.41.02:309][  0]LogConfig: Setting CVar [[r.Mobile.EnableMovableSpotlightsShadow:0]]
[2022.11.13-11.41.02:309][  0]LogConfig: Setting CVar [[r.GPUSkin.Support16BitBoneIndex:0]]
[2022.11.13-11.41.02:309][  0]LogConfig: Setting CVar [[r.GPUSkin.Limit2BoneInfluences:0]]
[2022.11.13-11.41.02:309][  0]LogConfig: Setting CVar [[r.SupportDepthOnlyIndexBuffers:1]]
[2022.11.13-11.41.02:309][  0]LogConfig: Setting CVar [[r.SupportReversedIndexBuffers:1]]
[2022.11.13-11.41.02:309][  0]LogConfig: Setting CVar [[r.LightPropagationVolume:0]]
[2022.11.13-11.41.02:309][  0]LogConfig: Setting CVar [[r.Mobile.AmbientOcclusion:0]]
[2022.11.13-11.41.02:309][  0]LogConfig: Setting CVar [[r.GPUSkin.UnlimitedBoneInfluences:0]]
[2022.11.13-11.41.02:309][  0]LogConfig: Setting CVar [[r.GPUSkin.UnlimitedBoneInfluencesThreshold:8]]
[2022.11.13-11.41.02:309][  0]LogConfig: Setting CVar [[r.Mobile.PlanarReflectionMode:0]]
[2022.11.13-11.41.02:309][  0]LogConfig: Setting CVar [[r.Mobile.SupportsGen4TAA:0]]
[2022.11.13-11.41.02:309][  0]LogConfig: Applying CVar settings from Section [/Script/Engine.RendererOverrideSettings] File [C:/Users/danie/Documents/Gamedev VR/game/UE4 game/fpsgame/Saved/Config/Windows/Engine.ini]
[2022.11.13-11.41.02:309][  0]LogConfig: Applying CVar settings from Section [/Script/Engine.StreamingSettings] File [C:/Users/danie/Documents/Gamedev VR/game/UE4 game/fpsgame/Saved/Config/Windows/Engine.ini]
[2022.11.13-11.41.02:309][  0]LogConfig: Setting CVar [[s.MinBulkDataSizeForAsyncLoading:131072]]
[2022.11.13-11.41.02:309][  0]LogConfig: Setting CVar [[s.AsyncLoadingThreadEnabled:0]]
[2022.11.13-11.41.02:309][  0]LogConfig: Setting CVar [[s.EventDrivenLoaderEnabled:1]]
[2022.11.13-11.41.02:309][  0]LogConfig: Setting CVar [[s.WarnIfTimeLimitExceeded:0]]
[2022.11.13-11.41.02:309][  0]LogConfig: Setting CVar [[s.TimeLimitExceededMultiplier:1.5]]
[2022.11.13-11.41.02:310][  0]LogConfig: Setting CVar [[s.TimeLimitExceededMinTime:0.005]]
[2022.11.13-11.41.02:310][  0]LogConfig: Setting CVar [[s.UseBackgroundLevelStreaming:1]]
[2022.11.13-11.41.02:310][  0]LogConfig: Setting CVar [[s.PriorityAsyncLoadingExtraTime:15.0]]
[2022.11.13-11.41.02:310][  0]LogConfig: Setting CVar [[s.LevelStreamingActorsUpdateTimeLimit:5.0]]
[2022.11.13-11.41.02:310][  0]LogConfig: Setting CVar [[s.PriorityLevelStreamingActorsUpdateExtraTime:5.0]]
[2022.11.13-11.41.02:310][  0]LogConfig: Setting CVar [[s.LevelStreamingComponentsRegistrationGranularity:10]]
[2022.11.13-11.41.02:310][  0]LogConfig: Setting CVar [[s.UnregisterComponentsTimeLimit:1.0]]
[2022.11.13-11.41.02:310][  0]LogConfig: Setting CVar [[s.LevelStreamingComponentsUnregistrationGranularity:5]]
[2022.11.13-11.41.02:310][  0]LogConfig: Setting CVar [[s.FlushStreamingOnExit:1]]
[2022.11.13-11.41.02:310][  0]LogConfig: Applying CVar settings from Section [/Script/Engine.GarbageCollectionSettings] File [C:/Users/danie/Documents/Gamedev VR/game/UE4 game/fpsgame/Saved/Config/Windows/Engine.ini]
[2022.11.13-11.41.02:310][  0]LogConfig: Setting CVar [[gc.MaxObjectsNotConsideredByGC:1]]
[2022.11.13-11.41.02:310][  0]LogConfig: Setting CVar [[gc.SizeOfPermanentObjectPool:0]]
[2022.11.13-11.41.02:310][  0]LogConfig: Setting CVar [[gc.FlushStreamingOnGC:0]]
[2022.11.13-11.41.02:310][  0]LogConfig: Setting CVar [[gc.NumRetriesBeforeForcingGC:10]]
[2022.11.13-11.41.02:310][  0]LogConfig: Setting CVar [[gc.AllowParallelGC:1]]
[2022.11.13-11.41.02:310][  0]LogConfig: Setting CVar [[gc.TimeBetweenPurgingPendingKillObjects:61.1]]
[2022.11.13-11.41.02:310][  0]LogConfig: Setting CVar [[gc.MaxObjectsInEditor:25165824]]
[2022.11.13-11.41.02:310][  0]LogConfig: Setting CVar [[gc.IncrementalBeginDestroyEnabled:1]]
[2022.11.13-11.41.02:310][  0]LogConfig: Setting CVar [[gc.CreateGCClusters:1]]
[2022.11.13-11.41.02:310][  0]LogConfig: Setting CVar [[gc.MinGCClusterSize:5]]
[2022.11.13-11.41.02:310][  0]LogConfig: Setting CVar [[gc.ActorClusteringEnabled:0]]
[2022.11.13-11.41.02:310][  0]LogConfig: Setting CVar [[gc.BlueprintClusteringEnabled:0]]
[2022.11.13-11.41.02:310][  0]LogConfig: Setting CVar [[gc.UseDisregardForGCOnDedicatedServers:0]]
[2022.11.13-11.41.02:310][  0]LogConfig: Setting CVar [[gc.MultithreadedDestructionEnabled:1]]
[2022.11.13-11.41.02:310][  0]LogConfig: Applying CVar settings from Section [/Script/Engine.NetworkSettings] File [C:/Users/danie/Documents/Gamedev VR/game/UE4 game/fpsgame/Saved/Config/Windows/Engine.ini]
[2022.11.13-11.41.02:310][  0]LogConfig: Applying CVar settings from Section [/Script/UnrealEd.CookerSettings] File [C:/Users/danie/Documents/Gamedev VR/game/UE4 game/fpsgame/Saved/Config/Windows/Engine.ini]
[2022.11.13-11.41.02:321][  0]LogConfig: Applying CVar settings from Section [ViewDistanceQuality@3] File [C:/Users/danie/Documents/Gamedev VR/game/UE4 game/fpsgame/Saved/Config/Windows/Scalability.ini]
[2022.11.13-11.41.02:322][  0]LogConfig: Setting CVar [[r.SkeletalMeshLODBias:0]]
[2022.11.13-11.41.02:322][  0]LogConfig: Setting CVar [[r.ViewDistanceScale:1.0]]
[2022.11.13-11.41.02:322][  0]LogConfig: Applying CVar settings from Section [AntiAliasingQuality@3] File [C:/Users/danie/Documents/Gamedev VR/game/UE4 game/fpsgame/Saved/Config/Windows/Scalability.ini]
[2022.11.13-11.41.02:322][  0]LogConfig: Setting CVar [[r.PostProcessAAQuality:4]]
[2022.11.13-11.41.02:322][  0]LogConfig: Applying CVar settings from Section [ShadowQuality@3] File [C:/Users/danie/Documents/Gamedev VR/game/UE4 game/fpsgame/Saved/Config/Windows/Scalability.ini]
[2022.11.13-11.41.02:322][  0]LogConfig: Setting CVar [[r.LightFunctionQuality:1]]
[2022.11.13-11.41.02:322][  0]LogConfig: Setting CVar [[r.ShadowQuality:5]]
[2022.11.13-11.41.02:322][  0]LogConfig: Setting CVar [[r.Shadow.CSM.MaxCascades:10]]
[2022.11.13-11.41.02:322][  0]LogConfig: Setting CVar [[r.Shadow.MaxResolution:2048]]
[2022.11.13-11.41.02:322][  0]LogConfig: Setting CVar [[r.Shadow.MaxCSMResolution:2048]]
[2022.11.13-11.41.02:322][  0]LogConfig: Setting CVar [[r.Shadow.RadiusThreshold:0.01]]
[2022.11.13-11.41.02:322][  0]LogConfig: Setting CVar [[r.Shadow.DistanceScale:1.0]]
[2022.11.13-11.41.02:322][  0]LogConfig: Setting CVar [[r.Shadow.CSM.TransitionScale:1.0]]
[2022.11.13-11.41.02:322][  0]LogConfig: Setting CVar [[r.Shadow.PreShadowResolutionFactor:1.0]]
[2022.11.13-11.41.02:322][  0]LogConfig: Setting CVar [[r.DistanceFieldShadowing:1]]
[2022.11.13-11.41.02:322][  0]LogConfig: Setting CVar [[r.DistanceFieldAO:1]]
[2022.11.13-11.41.02:322][  0]LogConfig: Setting CVar [[r.AOQuality:2]]
[2022.11.13-11.41.02:322][  0]LogConfig: Setting CVar [[r.VolumetricFog:1]]
[2022.11.13-11.41.02:322][  0]LogConfig: Setting CVar [[r.VolumetricFog.GridPixelSize:8]]
[2022.11.13-11.41.02:322][  0]LogConfig: Setting CVar [[r.VolumetricFog.GridSizeZ:128]]
[2022.11.13-11.41.02:322][  0]LogConfig: Setting CVar [[r.VolumetricFog.HistoryMissSupersampleCount:4]]
[2022.11.13-11.41.02:322][  0]LogConfig: Setting CVar [[r.LightMaxDrawDistanceScale:1]]
[2022.11.13-11.41.02:322][  0]LogConfig: Setting CVar [[r.CapsuleShadows:1]]
[2022.11.13-11.41.02:322][  0]LogConfig: Applying CVar settings from Section [PostProcessQuality@3] File [C:/Users/danie/Documents/Gamedev VR/game/UE4 game/fpsgame/Saved/Config/Windows/Scalability.ini]
[2022.11.13-11.41.02:322][  0]LogConfig: Setting CVar [[r.MotionBlurQuality:4]]
[2022.11.13-11.41.02:322][  0]LogConfig: Setting CVar [[r.AmbientOcclusionMipLevelFactor:0.4]]
[2022.11.13-11.41.02:322][  0]LogConfig: Setting CVar [[r.AmbientOcclusionMaxQuality:100]]
[2022.11.13-11.41.02:322][  0]LogConfig: Setting CVar [[r.AmbientOcclusionLevels:-1]]
[2022.11.13-11.41.02:322][  0]LogConfig: Setting CVar [[r.AmbientOcclusionRadiusScale:1.0]]
[2022.11.13-11.41.02:322][  0]LogConfig: Setting CVar [[r.DepthOfFieldQuality:2]]
[2022.11.13-11.41.02:322][  0]LogConfig: Setting CVar [[r.RenderTargetPoolMin:400]]
[2022.11.13-11.41.02:322][  0]LogConfig: Setting CVar [[r.LensFlareQuality:2]]
[2022.11.13-11.41.02:322][  0]LogConfig: Setting CVar [[r.SceneColorFringeQuality:1]]
[2022.11.13-11.41.02:322][  0]LogConfig: Setting CVar [[r.EyeAdaptationQuality:2]]
[2022.11.13-11.41.02:322][  0]LogConfig: Setting CVar [[r.BloomQuality:5]]
[2022.11.13-11.41.02:322][  0]LogConfig: Setting CVar [[r.FastBlurThreshold:100]]
[2022.11.13-11.41.02:322][  0]LogConfig: Setting CVar [[r.Upscale.Quality:3]]
[2022.11.13-11.41.02:322][  0]LogConfig: Setting CVar [[r.Tonemapper.GrainQuantization:1]]
[2022.11.13-11.41.02:322][  0]LogConfig: Setting CVar [[r.LightShaftQuality:1]]
[2022.11.13-11.41.02:322][  0]LogConfig: Setting CVar [[r.Filter.SizeScale:1]]
[2022.11.13-11.41.02:322][  0]LogConfig: Setting CVar [[r.Tonemapper.Quality:5]]
[2022.11.13-11.41.02:322][  0]LogConfig: Setting CVar [[r.DOF.Gather.AccumulatorQuality:1        ; higher gathering accumulator quality]]
[2022.11.13-11.41.02:322][  0]LogConfig: Setting CVar [[r.DOF.Gather.PostfilterMethod:1          ; Median3x3 postfilering method]]
[2022.11.13-11.41.02:322][  0]LogConfig: Setting CVar [[r.DOF.Gather.EnableBokehSettings:0       ; no bokeh simulation when gathering]]
[2022.11.13-11.41.02:322][  0]LogConfig: Setting CVar [[r.DOF.Gather.RingCount:4                 ; medium number of samples when gathering]]
[2022.11.13-11.41.02:322][  0]LogConfig: Setting CVar [[r.DOF.Scatter.ForegroundCompositing:1    ; additive foreground scattering]]
[2022.11.13-11.41.02:322][  0]LogConfig: Setting CVar [[r.DOF.Scatter.BackgroundCompositing:2    ; additive background scattering]]
[2022.11.13-11.41.02:322][  0]LogConfig: Setting CVar [[r.DOF.Scatter.EnableBokehSettings:1      ; bokeh simulation when scattering]]
[2022.11.13-11.41.02:322][  0]LogConfig: Setting CVar [[r.DOF.Scatter.MaxSpriteRatio:0.1         ; only a maximum of 10% of scattered bokeh]]
[2022.11.13-11.41.02:322][  0]LogConfig: Setting CVar [[r.DOF.Recombine.Quality:1                ; cheap slight out of focus]]
[2022.11.13-11.41.02:322][  0]LogConfig: Setting CVar [[r.DOF.Recombine.EnableBokehSettings:0    ; no bokeh simulation on slight out of focus]]
[2022.11.13-11.41.02:322][  0]LogConfig: Setting CVar [[r.DOF.TemporalAAQuality:1                ; more stable temporal accumulation]]
[2022.11.13-11.41.02:322][  0]LogConfig: Setting CVar [[r.DOF.Kernel.MaxForegroundRadius:0.025]]
[2022.11.13-11.41.02:322][  0]LogConfig: Setting CVar [[r.DOF.Kernel.MaxBackgroundRadius:0.025]]
[2022.11.13-11.41.02:322][  0]LogConfig: Applying CVar settings from Section [TextureQuality@3] File [C:/Users/danie/Documents/Gamedev VR/game/UE4 game/fpsgame/Saved/Config/Windows/Scalability.ini]
[2022.11.13-11.41.02:322][  0]LogConfig: Setting CVar [[r.Streaming.MipBias:0]]
[2022.11.13-11.41.02:322][  0]LogConfig: Setting CVar [[r.Streaming.AmortizeCPUToGPUCopy:0]]
[2022.11.13-11.41.02:322][  0]LogConfig: Setting CVar [[r.Streaming.MaxNumTexturesToStreamPerFrame:0]]
[2022.11.13-11.41.02:322][  0]LogConfig: Setting CVar [[r.Streaming.Boost:1]]
[2022.11.13-11.41.02:322][  0]LogConfig: Setting CVar [[r.MaxAnisotropy:8]]
[2022.11.13-11.41.02:322][  0]LogConfig: Setting CVar [[r.VT.MaxAnisotropy:8]]
[2022.11.13-11.41.02:322][  0]LogConfig: Setting CVar [[r.Streaming.LimitPoolSizeToVRAM:0]]
[2022.11.13-11.41.02:322][  0]LogConfig: Setting CVar [[r.Streaming.PoolSize:1000]]
[2022.11.13-11.41.02:322][  0]LogConfig: Setting CVar [[r.Streaming.MaxEffectiveScreenSize:0]]
[2022.11.13-11.41.02:322][  0]LogConfig: Applying CVar settings from Section [EffectsQuality@3] File [C:/Users/danie/Documents/Gamedev VR/game/UE4 game/fpsgame/Saved/Config/Windows/Scalability.ini]
[2022.11.13-11.41.02:322][  0]LogConfig: Setting CVar [[r.TranslucencyLightingVolumeDim:64]]
[2022.11.13-11.41.02:322][  0]LogConfig: Setting CVar [[r.RefractionQuality:2]]
[2022.11.13-11.41.02:322][  0]LogConfig: Setting CVar [[r.SSR.Quality:3]]
[2022.11.13-11.41.02:322][  0]LogConfig: Setting CVar [[r.SSR.HalfResSceneColor:0]]
[2022.11.13-11.41.02:322][  0]LogConfig: Setting CVar [[r.SceneColorFormat:4]]
[2022.11.13-11.41.02:322][  0]LogConfig: Setting CVar [[r.DetailMode:2]]
[2022.11.13-11.41.02:322][  0]LogConfig: Setting CVar [[r.TranslucencyVolumeBlur:1]]
[2022.11.13-11.41.02:322][  0]LogConfig: Setting CVar [[r.MaterialQualityLevel:1 ; High quality]]
[2022.11.13-11.41.02:322][  0]LogConfig: Setting CVar [[r.AnisotropicMaterials:1]]
[2022.11.13-11.41.02:322][  0]LogConfig: Setting CVar [[r.SSS.Scale:1]]
[2022.11.13-11.41.02:322][  0]LogConfig: Setting CVar [[r.SSS.SampleSet:2]]
[2022.11.13-11.41.02:322][  0]LogConfig: Setting CVar [[r.SSS.Quality:1]]
[2022.11.13-11.41.02:322][  0]LogConfig: Setting CVar [[r.SSS.HalfRes:0]]
[2022.11.13-11.41.02:322][  0]LogConfig: Setting CVar [[r.SSGI.Quality:3]]
[2022.11.13-11.41.02:322][  0]LogConfig: Setting CVar [[r.EmitterSpawnRateScale:1.0]]
[2022.11.13-11.41.02:322][  0]LogConfig: Setting CVar [[r.ParticleLightQuality:2]]
[2022.11.13-11.41.02:322][  0]LogConfig: Setting CVar [[r.SkyAtmosphere.AerialPerspectiveLUT.FastApplyOnOpaque:1 ; Always have FastSkyLUT 1 in this case to avoid wrong sky]]
[2022.11.13-11.41.02:322][  0]LogConfig: Setting CVar [[r.SkyAtmosphere.AerialPerspectiveLUT.SampleCountMaxPerSlice:4]]
[2022.11.13-11.41.02:322][  0]LogConfig: Setting CVar [[r.SkyAtmosphere.AerialPerspectiveLUT.DepthResolution:16.0]]
[2022.11.13-11.41.02:322][  0]LogConfig: Setting CVar [[r.SkyAtmosphere.FastSkyLUT:1]]
[2022.11.13-11.41.02:322][  0]LogConfig: Setting CVar [[r.SkyAtmosphere.FastSkyLUT.SampleCountMin:4.0]]
[2022.11.13-11.41.02:322][  0]LogConfig: Setting CVar [[r.SkyAtmosphere.FastSkyLUT.SampleCountMax:128.0]]
[2022.11.13-11.41.02:322][  0]LogConfig: Setting CVar [[r.SkyAtmosphere.SampleCountMin:4.0]]
[2022.11.13-11.41.02:322][  0]LogConfig: Setting CVar [[r.SkyAtmosphere.SampleCountMax:128.0]]
[2022.11.13-11.41.02:322][  0]LogConfig: Setting CVar [[r.SkyAtmosphere.TransmittanceLUT.UseSmallFormat:0]]
[2022.11.13-11.41.02:322][  0]LogConfig: Setting CVar [[r.SkyAtmosphere.TransmittanceLUT.SampleCount:10.0]]
[2022.11.13-11.41.02:322][  0]LogConfig: Setting CVar [[r.SkyAtmosphere.MultiScatteringLUT.SampleCount:15.0]]
[2022.11.13-11.41.02:322][  0]LogConfig: Setting CVar [[r.SkyLight.RealTimeReflectionCapture:1]]
[2022.11.13-11.41.02:322][  0]LogConfig: Applying CVar settings from Section [FoliageQuality@3] File [C:/Users/danie/Documents/Gamedev VR/game/UE4 game/fpsgame/Saved/Config/Windows/Scalability.ini]
[2022.11.13-11.41.02:322][  0]LogConfig: Setting CVar [[foliage.DensityScale:1.0]]
[2022.11.13-11.41.02:322][  0]LogConfig: Setting CVar [[grass.DensityScale:1.0]]
[2022.11.13-11.41.02:323][  0]LogConfig: Applying CVar settings from Section [ShadingQuality@3] File [C:/Users/danie/Documents/Gamedev VR/game/UE4 game/fpsgame/Saved/Config/Windows/Scalability.ini]
[2022.11.13-11.41.02:323][  0]LogConfig: Setting CVar [[r.HairStrands.SkyLighting.IntegrationType:2]]
[2022.11.13-11.41.02:323][  0]LogConfig: Setting CVar [[r.HairStrands.SkyAO.SampleCount:4]]
[2022.11.13-11.41.02:323][  0]LogConfig: Setting CVar [[r.HairStrands.Visibility.MSAA.SamplePerPixel:4]]
[2022.11.13-11.41.02:323][  0]LogInit: Selected Device Profile: [Windows]
[2022.11.13-11.41.02:323][  0]LogInit: Applying CVar settings loaded from the selected device profile: [Windows]
[2022.11.13-11.41.02:323][  0]LogHAL: Display: Platform has ~ 16 GB [17128247296 / 17179869184 / 16], which maps to Larger [LargestMinGB=32, LargerMinGB=12, DefaultMinGB=8, SmallerMinGB=6, SmallestMinGB=0)
[2022.11.13-11.41.02:323][  0]LogInit: Going up to parent DeviceProfile []
[2022.11.13-11.41.02:323][  0]LogConfig: Applying CVar settings from Section [ViewDistanceQuality@3] File [C:/Users/danie/Documents/Gamedev VR/game/UE4 game/fpsgame/Saved/Config/Windows/Scalability.ini]
[2022.11.13-11.41.02:323][  0]LogConfig: Setting CVar [[r.SkeletalMeshLODBias:0]]
[2022.11.13-11.41.02:323][  0]LogConfig: Setting CVar [[r.ViewDistanceScale:1.0]]
[2022.11.13-11.41.02:323][  0]LogConfig: Applying CVar settings from Section [AntiAliasingQuality@3] File [C:/Users/danie/Documents/Gamedev VR/game/UE4 game/fpsgame/Saved/Config/Windows/Scalability.ini]
[2022.11.13-11.41.02:323][  0]LogConfig: Setting CVar [[r.PostProcessAAQuality:4]]
[2022.11.13-11.41.02:323][  0]LogConfig: Applying CVar settings from Section [ShadowQuality@3] File [C:/Users/danie/Documents/Gamedev VR/game/UE4 game/fpsgame/Saved/Config/Windows/Scalability.ini]
[2022.11.13-11.41.02:323][  0]LogConfig: Setting CVar [[r.LightFunctionQuality:1]]
[2022.11.13-11.41.02:323][  0]LogConfig: Setting CVar [[r.ShadowQuality:5]]
[2022.11.13-11.41.02:323][  0]LogConfig: Setting CVar [[r.Shadow.CSM.MaxCascades:10]]
[2022.11.13-11.41.02:323][  0]LogConfig: Setting CVar [[r.Shadow.MaxResolution:2048]]
[2022.11.13-11.41.02:323][  0]LogConfig: Setting CVar [[r.Shadow.MaxCSMResolution:2048]]
[2022.11.13-11.41.02:323][  0]LogConfig: Setting CVar [[r.Shadow.RadiusThreshold:0.01]]
[2022.11.13-11.41.02:323][  0]LogConfig: Setting CVar [[r.Shadow.DistanceScale:1.0]]
[2022.11.13-11.41.02:323][  0]LogConfig: Setting CVar [[r.Shadow.CSM.TransitionScale:1.0]]
[2022.11.13-11.41.02:323][  0]LogConfig: Setting CVar [[r.Shadow.PreShadowResolutionFactor:1.0]]
[2022.11.13-11.41.02:323][  0]LogConfig: Setting CVar [[r.DistanceFieldShadowing:1]]
[2022.11.13-11.41.02:323][  0]LogConfig: Setting CVar [[r.DistanceFieldAO:1]]
[2022.11.13-11.41.02:323][  0]LogConfig: Setting CVar [[r.AOQuality:2]]
[2022.11.13-11.41.02:323][  0]LogConfig: Setting CVar [[r.VolumetricFog:1]]
[2022.11.13-11.41.02:323][  0]LogConfig: Setting CVar [[r.VolumetricFog.GridPixelSize:8]]
[2022.11.13-11.41.02:323][  0]LogConfig: Setting CVar [[r.VolumetricFog.GridSizeZ:128]]
[2022.11.13-11.41.02:323][  0]LogConfig: Setting CVar [[r.VolumetricFog.HistoryMissSupersampleCount:4]]
[2022.11.13-11.41.02:323][  0]LogConfig: Setting CVar [[r.LightMaxDrawDistanceScale:1]]
[2022.11.13-11.41.02:323][  0]LogConfig: Setting CVar [[r.CapsuleShadows:1]]
[2022.11.13-11.41.02:323][  0]LogConfig: Applying CVar settings from Section [PostProcessQuality@3] File [C:/Users/danie/Documents/Gamedev VR/game/UE4 game/fpsgame/Saved/Config/Windows/Scalability.ini]
[2022.11.13-11.41.02:323][  0]LogConfig: Setting CVar [[r.MotionBlurQuality:4]]
[2022.11.13-11.41.02:323][  0]LogConfig: Setting CVar [[r.AmbientOcclusionMipLevelFactor:0.4]]
[2022.11.13-11.41.02:323][  0]LogConfig: Setting CVar [[r.AmbientOcclusionMaxQuality:100]]
[2022.11.13-11.41.02:323][  0]LogConfig: Setting CVar [[r.AmbientOcclusionLevels:-1]]
[2022.11.13-11.41.02:323][  0]LogConfig: Setting CVar [[r.AmbientOcclusionRadiusScale:1.0]]
[2022.11.13-11.41.02:323][  0]LogConfig: Setting CVar [[r.DepthOfFieldQuality:2]]
[2022.11.13-11.41.02:323][  0]LogConfig: Setting CVar [[r.RenderTargetPoolMin:400]]
[2022.11.13-11.41.02:323][  0]LogConfig: Setting CVar [[r.LensFlareQuality:2]]
[2022.11.13-11.41.02:323][  0]LogConfig: Setting CVar [[r.SceneColorFringeQuality:1]]
[2022.11.13-11.41.02:323][  0]LogConfig: Setting CVar [[r.EyeAdaptationQuality:2]]
[2022.11.13-11.41.02:323][  0]LogConfig: Setting CVar [[r.BloomQuality:5]]
[2022.11.13-11.41.02:323][  0]LogConfig: Setting CVar [[r.FastBlurThreshold:100]]
[2022.11.13-11.41.02:323][  0]LogConfig: Setting CVar [[r.Upscale.Quality:3]]
[2022.11.13-11.41.02:323][  0]LogConfig: Setting CVar [[r.Tonemapper.GrainQuantization:1]]
[2022.11.13-11.41.02:323][  0]LogConfig: Setting CVar [[r.LightShaftQuality:1]]
[2022.11.13-11.41.02:323][  0]LogConfig: Setting CVar [[r.Filter.SizeScale:1]]
[2022.11.13-11.41.02:323][  0]LogConfig: Setting CVar [[r.Tonemapper.Quality:5]]
[2022.11.13-11.41.02:323][  0]LogConfig: Setting CVar [[r.DOF.Gather.AccumulatorQuality:1        ; higher gathering accumulator quality]]
[2022.11.13-11.41.02:323][  0]LogConfig: Setting CVar [[r.DOF.Gather.PostfilterMethod:1          ; Median3x3 postfilering method]]
[2022.11.13-11.41.02:323][  0]LogConfig: Setting CVar [[r.DOF.Gather.EnableBokehSettings:0       ; no bokeh simulation when gathering]]
[2022.11.13-11.41.02:323][  0]LogConfig: Setting CVar [[r.DOF.Gather.RingCount:4                 ; medium number of samples when gathering]]
[2022.11.13-11.41.02:323][  0]LogConfig: Setting CVar [[r.DOF.Scatter.ForegroundCompositing:1    ; additive foreground scattering]]
[2022.11.13-11.41.02:323][  0]LogConfig: Setting CVar [[r.DOF.Scatter.BackgroundCompositing:2    ; additive background scattering]]
[2022.11.13-11.41.02:323][  0]LogConfig: Setting CVar [[r.DOF.Scatter.EnableBokehSettings:1      ; bokeh simulation when scattering]]
[2022.11.13-11.41.02:323][  0]LogConfig: Setting CVar [[r.DOF.Scatter.MaxSpriteRatio:0.1         ; only a maximum of 10% of scattered bokeh]]
[2022.11.13-11.41.02:323][  0]LogConfig: Setting CVar [[r.DOF.Recombine.Quality:1                ; cheap slight out of focus]]
[2022.11.13-11.41.02:323][  0]LogConfig: Setting CVar [[r.DOF.Recombine.EnableBokehSettings:0    ; no bokeh simulation on slight out of focus]]
[2022.11.13-11.41.02:323][  0]LogConfig: Setting CVar [[r.DOF.TemporalAAQuality:1                ; more stable temporal accumulation]]
[2022.11.13-11.41.02:323][  0]LogConfig: Setting CVar [[r.DOF.Kernel.MaxForegroundRadius:0.025]]
[2022.11.13-11.41.02:323][  0]LogConfig: Setting CVar [[r.DOF.Kernel.MaxBackgroundRadius:0.025]]
[2022.11.13-11.41.02:323][  0]LogConfig: Applying CVar settings from Section [TextureQuality@3] File [C:/Users/danie/Documents/Gamedev VR/game/UE4 game/fpsgame/Saved/Config/Windows/Scalability.ini]
[2022.11.13-11.41.02:323][  0]LogConfig: Setting CVar [[r.Streaming.MipBias:0]]
[2022.11.13-11.41.02:323][  0]LogConfig: Setting CVar [[r.Streaming.AmortizeCPUToGPUCopy:0]]
[2022.11.13-11.41.02:323][  0]LogConfig: Setting CVar [[r.Streaming.MaxNumTexturesToStreamPerFrame:0]]
[2022.11.13-11.41.02:323][  0]LogConfig: Setting CVar [[r.Streaming.Boost:1]]
[2022.11.13-11.41.02:323][  0]LogConfig: Setting CVar [[r.MaxAnisotropy:8]]
[2022.11.13-11.41.02:323][  0]LogConfig: Setting CVar [[r.VT.MaxAnisotropy:8]]
[2022.11.13-11.41.02:323][  0]LogConfig: Setting CVar [[r.Streaming.LimitPoolSizeToVRAM:0]]
[2022.11.13-11.41.02:323][  0]LogConfig: Setting CVar [[r.Streaming.PoolSize:1000]]
[2022.11.13-11.41.02:323][  0]LogConfig: Setting CVar [[r.Streaming.MaxEffectiveScreenSize:0]]
[2022.11.13-11.41.02:323][  0]LogConfig: Applying CVar settings from Section [EffectsQuality@3] File [C:/Users/danie/Documents/Gamedev VR/game/UE4 game/fpsgame/Saved/Config/Windows/Scalability.ini]
[2022.11.13-11.41.02:323][  0]LogConfig: Setting CVar [[r.TranslucencyLightingVolumeDim:64]]
[2022.11.13-11.41.02:323][  0]LogConfig: Setting CVar [[r.RefractionQuality:2]]
[2022.11.13-11.41.02:323][  0]LogConfig: Setting CVar [[r.SSR.Quality:3]]
[2022.11.13-11.41.02:323][  0]LogConfig: Setting CVar [[r.SSR.HalfResSceneColor:0]]
[2022.11.13-11.41.02:323][  0]LogConfig: Setting CVar [[r.SceneColorFormat:4]]
[2022.11.13-11.41.02:323][  0]LogConfig: Setting CVar [[r.DetailMode:2]]
[2022.11.13-11.41.02:323][  0]LogConfig: Setting CVar [[r.TranslucencyVolumeBlur:1]]
[2022.11.13-11.41.02:323][  0]LogConfig: Setting CVar [[r.MaterialQualityLevel:1 ; High quality]]
[2022.11.13-11.41.02:324][  0]LogConfig: Setting CVar [[r.AnisotropicMaterials:1]]
[2022.11.13-11.41.02:324][  0]LogConfig: Setting CVar [[r.SSS.Scale:1]]
[2022.11.13-11.41.02:324][  0]LogConfig: Setting CVar [[r.SSS.SampleSet:2]]
[2022.11.13-11.41.02:324][  0]LogConfig: Setting CVar [[r.SSS.Quality:1]]
[2022.11.13-11.41.02:324][  0]LogConfig: Setting CVar [[r.SSS.HalfRes:0]]
[2022.11.13-11.41.02:324][  0]LogConfig: Setting CVar [[r.SSGI.Quality:3]]
[2022.11.13-11.41.02:324][  0]LogConfig: Setting CVar [[r.EmitterSpawnRateScale:1.0]]
[2022.11.13-11.41.02:324][  0]LogConfig: Setting CVar [[r.ParticleLightQuality:2]]
[2022.11.13-11.41.02:324][  0]LogConfig: Setting CVar [[r.SkyAtmosphere.AerialPerspectiveLUT.FastApplyOnOpaque:1 ; Always have FastSkyLUT 1 in this case to avoid wrong sky]]
[2022.11.13-11.41.02:324][  0]LogConfig: Setting CVar [[r.SkyAtmosphere.AerialPerspectiveLUT.SampleCountMaxPerSlice:4]]
[2022.11.13-11.41.02:324][  0]LogConfig: Setting CVar [[r.SkyAtmosphere.AerialPerspectiveLUT.DepthResolution:16.0]]
[2022.11.13-11.41.02:324][  0]LogConfig: Setting CVar [[r.SkyAtmosphere.FastSkyLUT:1]]
[2022.11.13-11.41.02:324][  0]LogConfig: Setting CVar [[r.SkyAtmosphere.FastSkyLUT.SampleCountMin:4.0]]
[2022.11.13-11.41.02:324][  0]LogConfig: Setting CVar [[r.SkyAtmosphere.FastSkyLUT.SampleCountMax:128.0]]
[2022.11.13-11.41.02:324][  0]LogConfig: Setting CVar [[r.SkyAtmosphere.SampleCountMin:4.0]]
[2022.11.13-11.41.02:324][  0]LogConfig: Setting CVar [[r.SkyAtmosphere.SampleCountMax:128.0]]
[2022.11.13-11.41.02:324][  0]LogConfig: Setting CVar [[r.SkyAtmosphere.TransmittanceLUT.UseSmallFormat:0]]
[2022.11.13-11.41.02:324][  0]LogConfig: Setting CVar [[r.SkyAtmosphere.TransmittanceLUT.SampleCount:10.0]]
[2022.11.13-11.41.02:324][  0]LogConfig: Setting CVar [[r.SkyAtmosphere.MultiScatteringLUT.SampleCount:15.0]]
[2022.11.13-11.41.02:324][  0]LogConfig: Setting CVar [[r.SkyLight.RealTimeReflectionCapture:1]]
[2022.11.13-11.41.02:324][  0]LogConfig: Applying CVar settings from Section [FoliageQuality@3] File [C:/Users/danie/Documents/Gamedev VR/game/UE4 game/fpsgame/Saved/Config/Windows/Scalability.ini]
[2022.11.13-11.41.02:324][  0]LogConfig: Setting CVar [[foliage.DensityScale:1.0]]
[2022.11.13-11.41.02:324][  0]LogConfig: Setting CVar [[grass.DensityScale:1.0]]
[2022.11.13-11.41.02:324][  0]LogConfig: Applying CVar settings from Section [ShadingQuality@3] File [C:/Users/danie/Documents/Gamedev VR/game/UE4 game/fpsgame/Saved/Config/Windows/Scalability.ini]
[2022.11.13-11.41.02:324][  0]LogConfig: Setting CVar [[r.HairStrands.SkyLighting.IntegrationType:2]]
[2022.11.13-11.41.02:324][  0]LogConfig: Setting CVar [[r.HairStrands.SkyAO.SampleCount:4]]
[2022.11.13-11.41.02:324][  0]LogConfig: Setting CVar [[r.HairStrands.Visibility.MSAA.SamplePerPixel:4]]
[2022.11.13-11.41.02:324][  0]LogConfig: Applying CVar settings from Section [Startup] File [../../../Engine/Config/ConsoleVariables.ini]
[2022.11.13-11.41.02:324][  0]LogConfig: Setting CVar [[net.UseAdaptiveNetUpdateFrequency:0]]
[2022.11.13-11.41.02:324][  0]LogConfig: Setting CVar [[p.chaos.AllowCreatePhysxBodies:1]]
[2022.11.13-11.41.02:324][  0]LogConfig: Setting CVar [[fx.SkipVectorVMBackendOptimizations:1]]
[2022.11.13-11.41.02:324][  0]LogConfig: Applying CVar settings from Section [ConsoleVariables] File [C:/Users/danie/Documents/Gamedev VR/game/UE4 game/fpsgame/Saved/Config/Windows/Engine.ini]
[2022.11.13-11.41.02:324][  0]LogConfig: Applying CVar settings from Section [ConsoleVariables] File [C:/Users/danie/Documents/Gamedev VR/game/UE4 game/fpsgame/Saved/Config/Windows/Editor.ini]
[2022.11.13-11.41.02:324][  0]LogInit: Computer: DESKTOP-QG36584
[2022.11.13-11.41.02:325][  0]LogInit: User: danie
[2022.11.13-11.41.02:325][  0]LogInit: CPU Page size=4096, Cores=6
[2022.11.13-11.41.02:325][  0]LogInit: High frequency timer resolution =10.000000 MHz
[2022.11.13-11.41.02:325][  0]LogMemory: Memory total: Physical=16.0GB (16GB approx)
[2022.11.13-11.41.02:325][  0]LogMemory: Platform Memory Stats for Windows
[2022.11.13-11.41.02:325][  0]LogMemory: Process Physical Memory: 144.45 MB used, 144.46 MB peak
[2022.11.13-11.41.02:325][  0]LogMemory: Process Virtual Memory: 127.88 MB used, 127.88 MB peak
[2022.11.13-11.41.02:325][  0]LogMemory: Physical Memory: 9505.19 MB used,  6829.58 MB free, 16334.77 MB total
[2022.11.13-11.41.02:325][  0]LogMemory: Virtual Memory: 134210792.00 MB used,  6938.53 MB free, 134217728.00 MB total
[2022.11.13-11.41.02:329][  0]LogWindows: WindowsPlatformFeatures enabled
[2022.11.13-11.41.02:348][  0]LogInit: Physics initialised using underlying interface: PhysX
[2022.11.13-11.41.02:348][  0]LogInit: Using OS detected language (en-US).
[2022.11.13-11.41.02:348][  0]LogInit: Using OS detected locale (en-GB).
[2022.11.13-11.41.02:351][  0]LogTextLocalizationManager: No specific localization for 'en-US' exists, so the 'en' localization will be used.
[2022.11.13-11.41.02:525][  0]LogWindowsTextInputMethodSystem: Display: IME system deactivated.
[2022.11.13-11.41.02:548][  0]LogSlate: New Slate User Created.  User Index 0, Is Virtual User: 0
[2022.11.13-11.41.02:548][  0]LogSlate: Slate User Registered.  User Index 0, Is Virtual User: 0
[2022.11.13-11.41.02:567][  0]LogD3D11RHI: Loaded GFSDK_Aftermath_Lib.x64.dll
[2022.11.13-11.41.02:569][  0]LogHMD: Failed to initialize OpenVR with code 110
[2022.11.13-11.41.02:569][  0]LogD3D11RHI: D3D11 min allowed feature level: 11_0
[2022.11.13-11.41.02:569][  0]LogD3D11RHI: D3D11 max allowed feature level: 11_0
[2022.11.13-11.41.02:569][  0]LogD3D11RHI: D3D11 adapters:
[2022.11.13-11.41.02:605][  0]LogD3D11RHI:    0. 'AMD Radeon RX 5700 XT' (Feature Level 11_0)
[2022.11.13-11.41.02:605][  0]LogD3D11RHI:       8151/0/8167 MB DedicatedVideo/DedicatedSystem/SharedSystem, Outputs:2, VendorId:0x1002
[2022.11.13-11.41.02:607][  0]LogD3D11RHI:    1. 'Microsoft Basic Render Driver' (Feature Level 11_0)
[2022.11.13-11.41.02:607][  0]LogD3D11RHI:       0/0/8167 MB DedicatedVideo/DedicatedSystem/SharedSystem, Outputs:0, VendorId:0x1414
[2022.11.13-11.41.02:607][  0]LogD3D11RHI: Chosen D3D11 Adapter:
[2022.11.13-11.41.02:607][  0]LogD3D11RHI:     Description : AMD Radeon RX 5700 XT
[2022.11.13-11.41.02:607][  0]LogD3D11RHI:     VendorId    : 1002
[2022.11.13-11.41.02:607][  0]LogD3D11RHI:     DeviceId    : 731f
[2022.11.13-11.41.02:607][  0]LogD3D11RHI:     SubSysId    : 23131458
[2022.11.13-11.41.02:607][  0]LogD3D11RHI:     Revision    : 00c1
[2022.11.13-11.41.02:607][  0]LogD3D11RHI:     DedicatedVideoMemory : 8547471360 bytes
[2022.11.13-11.41.02:607][  0]LogD3D11RHI:     DedicatedSystemMemory : 0 bytes
[2022.11.13-11.41.02:607][  0]LogD3D11RHI:     SharedSystemMemory : 8564123648 bytes
[2022.11.13-11.41.02:607][  0]LogD3D11RHI:     AdapterLuid : 0 57666
[2022.11.13-11.41.02:613][  0]LogD3D11RHI: Creating new Direct3DDevice
[2022.11.13-11.41.02:613][  0]LogD3D11RHI:     GPU DeviceId: 0x731f (for the marketing name, search the web for "GPU Device Id")
[2022.11.13-11.41.02:613][  0]LogWindows: EnumDisplayDevices:
[2022.11.13-11.41.02:613][  0]LogWindows:    0. 'AMD Radeon RX 5700 XT' (P:1 D:1)
[2022.11.13-11.41.02:613][  0]LogWindows:    1. 'AMD Radeon RX 5700 XT' (P:0 D:1)
[2022.11.13-11.41.02:613][  0]LogWindows:    2. 'AMD Radeon RX 5700 XT' (P:0 D:0)
[2022.11.13-11.41.02:614][  0]LogWindows:    3. 'AMD Radeon RX 5700 XT' (P:0 D:0)
[2022.11.13-11.41.02:614][  0]LogWindows:    4. 'AMD Radeon RX 5700 XT' (P:0 D:0)
[2022.11.13-11.41.02:614][  0]LogWindows:    5. 'AMD Radeon RX 5700 XT' (P:0 D:0)
[2022.11.13-11.41.02:614][  0]LogWindows:    6. 'AMD Radeon RX 5700 XT' (P:0 D:0)
[2022.11.13-11.41.02:615][  0]LogWindows: DebugString: FoundDriverCount:7 
[2022.11.13-11.41.02:615][  0]LogD3D11RHI:     Adapter Name: AMD Radeon RX 5700 XT
[2022.11.13-11.41.02:615][  0]LogD3D11RHI:   Driver Version: AMD Software: Adrenalin Edition 22.5.1 (internal:30.0.15021.11005, unified:30.0.15021.11005)
[2022.11.13-11.41.02:615][  0]LogD3D11RHI:      Driver Date: 4-28-2022
[2022.11.13-11.41.02:615][  0]LogRHI: Texture pool is 5168 MB (70% of 7383 MB)
[2022.11.13-11.41.02:639][  0]LogD3D11RHI: Creating D3DDevice with AMD AGS, using adapter:
[2022.11.13-11.41.02:639][  0]LogD3D11RHI:     Description : AMD Radeon RX 5700 XT
[2022.11.13-11.41.02:639][  0]LogD3D11RHI:     VendorId    : 1002
[2022.11.13-11.41.02:639][  0]LogD3D11RHI:     DeviceId    : 731f
[2022.11.13-11.41.02:639][  0]LogD3D11RHI:     SubSysId    : 23131458
[2022.11.13-11.41.02:639][  0]LogD3D11RHI:     Revision    : 00c1
[2022.11.13-11.41.02:639][  0]LogD3D11RHI:     DedicatedVideoMemory : 8547471360 bytes
[2022.11.13-11.41.02:639][  0]LogD3D11RHI:     DedicatedSystemMemory : 0 bytes
[2022.11.13-11.41.02:639][  0]LogD3D11RHI:     SharedSystemMemory : 8564123648 bytes
[2022.11.13-11.41.02:639][  0]LogD3D11RHI:     AdapterLuid : 0 57666
[2022.11.13-11.41.02:669][  0]LogD3D11RHI: Created device via AGS, feature level 11_0, supported extensions 1fffffbf.
[2022.11.13-11.41.02:669][  0]LogD3D11RHI: RHI has support for 64 bit atomics
[2022.11.13-11.41.02:669][  0]LogD3D11RHI: Async texture creation enabled
[2022.11.13-11.41.02:669][  0]LogD3D11RHI: Array index from any shader is supported
[2022.11.13-11.41.02:682][  0]LogD3D11RHI: GPU Timing Frequency: 100.000000 (Debug: 2 1)
[2022.11.13-11.41.02:927][  0]LogTargetPlatformManager: Display: Loaded TargetPlatform 'WindowsNoEditor'
[2022.11.13-11.41.02:931][  0]LogTargetPlatformManager: Display: Loaded TargetPlatform 'Windows'
[2022.11.13-11.41.02:935][  0]LogTargetPlatformManager: Display: Loaded TargetPlatform 'WindowsClient'
[2022.11.13-11.41.02:939][  0]LogTargetPlatformManager: Display: Loaded TargetPlatform 'WindowsServer'
[2022.11.13-11.41.02:939][  0]LogTargetPlatformManager: Display: Building Assets For Windows
[2022.11.13-11.41.02:945][  0]LogAudioDebug: Display: Lib vorbis DLL was dynamically loaded.
[2022.11.13-11.41.02:975][  0]LogTextureFormatOodle: Display: Oodle Texture 2.9.0 init RDO Off
[2022.11.13-11.41.03:000][  0]LogRendererCore: Ray tracing is disabled. Reason: r.RayTracing=0.
[2022.11.13-11.41.03:001][  0]LogShaderCompilers: Guid format shader working directory is -26 characters bigger than the processId version (../../../../../../Users/danie/Documents/Gamedev VR/game/UE4 game/fpsgame/Intermediate/Shaders/WorkingDirectory/6200/).
[2022.11.13-11.41.03:001][  0]LogShaderCompilers: Cleaned the shader compiler working directory 'C:/Users/danie/AppData/Local/Temp/UnrealShaderWorkingDir/213FBF5A4415A395780908920031307F/'.
[2022.11.13-11.41.03:001][  0]LogXGEController: Cannot use XGE Controller as Incredibuild is not installed on this machine.
[2022.11.13-11.41.03:001][  0]LogShaderCompilers: Cannot use XGE Shader Compiler as Incredibuild is not installed on this machine.
[2022.11.13-11.41.03:001][  0]LogShaderCompilers: Display: Using Local Shader Compiler.
[2022.11.13-11.41.03:646][  0]LogDerivedDataCache: Display: Max Cache Size: 512 MB
[2022.11.13-11.41.03:695][  0]LogDerivedDataCache: Loaded boot cache 0.05s 94MB C:/Users/danie/AppData/Local/UnrealEngine/4.27/DerivedDataCache/Boot.ddc.
[2022.11.13-11.41.03:695][  0]LogDerivedDataCache: Display: Loaded Boot cache: C:/Users/danie/AppData/Local/UnrealEngine/4.27/DerivedDataCache/Boot.ddc
[2022.11.13-11.41.03:695][  0]LogDerivedDataCache: FDerivedDataBackendGraph:  Pak pak cache file ../../../../../../Users/danie/Documents/Gamedev VR/game/UE4 game/fpsgame/DerivedDataCache/DDC.ddp not found, will not use a pak cache.
[2022.11.13-11.41.03:695][  0]LogDerivedDataCache: Unable to find inner node Pak for hierarchical cache Hierarchy.
[2022.11.13-11.41.03:695][  0]LogDerivedDataCache: FDerivedDataBackendGraph:  CompressedPak pak cache file ../../../../../../Users/danie/Documents/Gamedev VR/game/UE4 game/fpsgame/DerivedDataCache/Compressed.ddp not found, will not use a pak cache.
[2022.11.13-11.41.03:695][  0]LogDerivedDataCache: Unable to find inner node CompressedPak for hierarchical cache Hierarchy.
[2022.11.13-11.41.03:713][  0]LogDerivedDataCache: Display: Pak cache opened for reading ../../../Engine/DerivedDataCache/Compressed.ddp.
[2022.11.13-11.41.03:713][  0]LogDerivedDataCache: FDerivedDataBackendGraph:  EnterprisePak pak cache file ../../../Enterprise/DerivedDataCache/Compressed.ddp not found, will not use a pak cache.
[2022.11.13-11.41.03:713][  0]LogDerivedDataCache: Unable to find inner node EnterprisePak for hierarchical cache Hierarchy.
[2022.11.13-11.41.03:722][  0]LogDerivedDataCache: Speed tests for C:/Users/danie/AppData/Local/UnrealEngine/Common/DerivedDataCache took 0.01 seconds
[2022.11.13-11.41.03:722][  0]LogDerivedDataCache: Display: Performance to C:/Users/danie/AppData/Local/UnrealEngine/Common/DerivedDataCache: Latency=0.03ms. RandomReadSpeed=337.76MBs, RandomWriteSpeed=173.85MBs. Assigned SpeedClass 'Local'
[2022.11.13-11.41.03:722][  0]LogDerivedDataCache: Using Local data cache path C:/Users/danie/AppData/Local/UnrealEngine/Common/DerivedDataCache: Writable
[2022.11.13-11.41.03:722][  0]LogDerivedDataCache: Shared data cache path not found in *engine.ini, will not use an Shared cache.
[2022.11.13-11.41.03:722][  0]LogDerivedDataCache: Unable to find inner node Shared for hierarchical cache Hierarchy.
[2022.11.13-11.41.03:757][  0]LogSlate: Using FreeType 2.10.0
[2022.11.13-11.41.03:757][  0]LogSlate: SlateFontServices - WITH_FREETYPE: 1, WITH_HARFBUZZ: 1
[2022.11.13-11.41.03:826][  0]LogInit: Using OS detected language (en-US).
[2022.11.13-11.41.03:826][  0]LogInit: Using OS detected locale (en-GB).
[2022.11.13-11.41.03:826][  0]LogTextLocalizationManager: No localization for 'en-US' exists, so 'en' will be used for the language.
[2022.11.13-11.41.03:826][  0]LogTextLocalizationManager: No localization for 'en-GB' exists, so 'en' will be used for the locale.
[2022.11.13-11.41.03:826][  0]LogSlate: FontCache flush requested. Reason: Culture for localization was changed
[2022.11.13-11.41.03:826][  0]LogSlate: FontCache flush requested. Reason: Culture for localization was changed
[2022.11.13-11.41.03:829][  0]LogTextLocalizationManager: Compacting localization data took   0.00ms
[2022.11.13-11.41.03:829][  0]LogAssetRegistry: FAssetRegistry took 0.0018 seconds to start up
[2022.11.13-11.41.03:973][  0]LogPackageLocalizationCache: Processed 27 localized package path(s) for 1 prioritized culture(s) in 0.001033 seconds
[2022.11.13-11.41.04:040][  0]LogInit: Selected Device Profile: [Windows]
[2022.11.13-11.41.04:040][  0]LogInit: Active device profile: [0000011501123F00][0000011579D88380 49] Windows
[2022.11.13-11.41.04:040][  0]LogInit: Profiles: [0000011501123F00][0000011579D88380 49] Windows, [000001150112FF00][0000011579D90500 49] WindowsNoEditor, [0000011501120200][0000011579D94680 49] WindowsServer, [000001150112E300][000001157A4B4800 49] WindowsClient, [0000011501121C00][000001157A4B8980 49] IOS, [000001150112F300][000001157A4BCB00 49] iPadAir, [0000011501122000][000001157A4C0C80 49] iPadAir2, [00000115010DC500][000001157A4C8F40 49] IPadPro, [00000115010DC600][000001157A4C4F80 49] iPadAir3, [0000011501123900][000001157A4CD100 49] iPadAir4, [00000115010DFC00][000001157A4D1280 49] iPadMini2, [0000011501120600][000001157A4D5400 49] iPadMini3, [00000115010DD400][000001157A4D9580 49] iPadMini4, [0000011501123100][000001157A4DD700 49] iPadMini5, [00000115010D3D00][0000011579D8D980 49] iPhone6, [00000115010D3E00][000001157A4E19C0 49] iPodTouch6, [00000115010DF400][000001157A4E9C00 49] iPhone7, [00000115010DF500][000001157A4E40C0 49] iPodTouch7, [00000115010D0700][000001157A4F0240 49] iPhone5S, [00000115010DE300][000001157A4F43C0 49] iPhone6Plus, [00000115010D3100][000001157A4F8540 49] iPhone6S, [00000115010DC200][000001157A4FC6C0 49] iPhone6SPlus, [00000115010D1000][000001157B1A6840 49] iPhone7Plus, [00000115010DCC00][000001157B1AA9C0 49] iPhoneSE, [00000115010D2800][000001157B1AEB40 49] iPhone8, [00000115010DDD00][000001157B1B2CC0 49] iPhone8Plus, [00000115010D1900][000001157B1B6E40 49] iPhoneX, [00000115010DD300][000001157B1BAFC0 49] iPhoneXS, [00000115010D0800][000001157B1BF140 49] iPhoneXSMax, [00000115010DEB00][000001157B1C32C0 49] iPhoneXR, [00000115010D2F00][000001157B1C7440 49] iPhone11, [00000115010DD900][000001157B1CB5C0 49] iPhone11Pro, [00000115010D1200][000001157B1CF740 49] iPhone11ProMax, [00000115010DEA00][000001157B1D38C0 49] iPhoneSE2, [00000115010D3F00][000001157B1D7A40 49] iPhone12Mini, [00000115010DF800][000001157A4EDB80 49] iPhone12, [00000115010D1F00][000001157B1DA140 49] iPhone12Pro, [00000115010DDA00][000001157B1DE280 49] iPhone12ProMax, [00000115010D1B00][000001157B1E23C0 49] iPadPro105, [00000115010DE700][000001157B1EA540 49] iPadPro129, [00000115010D1700][000001157B1EE6C0 49] iPadPro97, [00000115010DD600][000001157B1F2840 49] iPadPro2_129, [00000115010D2400][000001157B1F69C0 49] iPad5, [00000115010DCD00][000001157B1FAB40 49] iPad6, [00000115010D2D00][000001157B1FECC0 49] iPad7, [00000115010DF000][000001157B202E40 49] iPad8, [00000115010D3500][000001157B206FC0 49] iPadPro11, [00000115010DFE00][000001157B20B140 49] iPadPro2_11, [00000115010D0500][000001157B20F2C0 49] iPadPro3_129, [00000115010DF900][000001157B213440 49] iPadPro4_129, [00000115010D1100][000001157B2175C0 49] AppleTV, [00000115010DFA00][000001157B21B740 49] AppleTV4K, [00000115010D0F00][000001157B21F8C0 49] TVOS, [00000115010DEC00][000001157B223A40 49] Mac, [00000115010D0900][000001157B227BC0 49] MacClient, [00000115010DF300][000001157B1E6180 49] MacNoEditor, [00000115010D2500][000001157B22A2C0 49] MacServer, [00000115010DC700][000001157B22E400 49] Linux, [00000115010D0200][000001157B232540 49] LinuxAArch64, [00000115010DE600][000001157B23A6C0 49] LinuxNoEditor, [00000115010D2B00][000001157B23E840 49] LinuxAArch64NoEditor, [00000115010DCF00][000001157B2429C0 49] LinuxClient, [00000115010D2900][000001157B246B40 49] LinuxAArch64Client, [00000115010DC400][000001157B24ACC0 49] LinuxServer, [00000115010D2300][000001157B24EE40 49] LinuxAArch64Server, [000001150119C100][000001157B252FC0 49] Android, [000001150112D200][000001157B257140 49] Android_Low, [000001150119CD00][000001157B25B2C0 49] Android_Mid, [000001150112E200][000001157B25F440 49] Android_High, [000001150119CA00][000001157B2635C0 49] Android_Default, [000001150112D400][000001157B267740 49] Android_Adreno4xx, [000001150119EC00][000001157B26B8C0 49] Android_Adreno5xx_Low, [000001150112E500][000001157B26FA40 49] Android_Adreno5xx, [000001150119D600][000001157B273BC0 49] Android_Adreno6xx, [000001150112FB00][000001157B2761C0 49] Android_Adreno6xx_Vulkan, [000001150119DF00][000001157B27A340 49] Android_Mali_T6xx, [000001150112CC00][000001157B236480 49] Android_Mali_T7xx, [000001150119D800][000001157AA705C0 49] Android_Mali_T8xx, [000001150112E800][000001157AA74700 49] Android_Mali_G71, [000001150119D000][000001157AA7C880 49] Android_Mali_G72, [000001150112F000][000001157AA80A00 49] Android_Mali_G72_Vulkan, [000001150119C200][000001157AA84B80 49] Android_Mali_G76, [000001150112CA00][000001157AA88D00 49] Android_Mali_G76_Vulkan, [000001150119E600][000001157AA8CE80 49] Android_Mali_G77, [000001150112D900][000001157AA91000 49] Android_Mali_G77_Vulkan, [000001150119E400][000001157AA95180 49] Android_Mali_G78, [000001150112E100][000001157AA99300 49] Android_Mali_G78_Vulkan, [000001150119D500][000001157AA9D480 49] Android_Mali_G710, [000001150112C900][000001157AAA1600 49] Android_Mali_G710_Vulkan, [000001150119EF00][000001157AAA5780 49] Android_Vulkan_SM5, [000001150112D600][000001157AAA9900 49] Android_PowerVR_G6xxx, [000001150119EA00][000001157AAADA80 49] Android_PowerVR_GT7xxx, [000001150112C400][000001157AAB1C00 49] Android_PowerVR_GE8xxx, [000001150119F100][000001157AAB4200 49] Android_PowerVR_GM9xxx, [00000115010DFF00][000001157AAB8380 49] Android_PowerVR_GM9xxx_Vulkan, [000001150119C800][000001157AABC500 49] Android_TegraK1, [00000115010DEE00][000001157AA78640 49] Android_Unknown_Vulkan, [000001150119C500][000001157AAC0780 49] Lumin, [00000115010DE900][000001157AAC48C0 49] Lumin_Desktop, [000001150119CE00][000001157AACCA40 49] HoloLens, 
[2022.11.13-11.41.04:074][  0]LogMeshReduction: Using QuadricMeshReduction for automatic static mesh reduction
[2022.11.13-11.41.04:074][  0]LogMeshReduction: Using SimplygonMeshReduction for automatic skeletal mesh reduction
[2022.11.13-11.41.04:074][  0]LogMeshReduction: Using ProxyLODMeshReduction for automatic mesh merging
[2022.11.13-11.41.04:074][  0]LogMeshReduction: No distributed automatic mesh merging module available
[2022.11.13-11.41.04:074][  0]LogMeshMerging: No distributed automatic mesh merging module available
[2022.11.13-11.41.04:162][  0]LogNetVersion: fpsgame 1.0.0, NetCL: 17155196, EngineNetVer: 17, GameNetVer: 0 (Checksum: 3215450660)
[2022.11.13-11.41.04:363][  0]LogTexture: Default maximum texture size for cubemaps generated from long-lat sources has been changed from 512 to unlimited. In order to preserve old behaiour for '/Engine/MapTemplates/Sky/DaylightAmbientCubemap.DaylightAmbientCubemap', its maximum texture size has been explicitly set to 512.
[2022.11.13-11.41.04:406][  0]LogHMD: PokeAHoleMaterial loaded successfully
[2022.11.13-11.41.04:491][  0]LogMoviePlayer: Initializing movie player
[2022.11.13-11.41.04:585][  0]LogNiagaraDebuggerClient: Niagara Debugger Client Initialized | Session: E4E7A4B54922044CDA3D6C95726CAB37 | Instance: 53C7529640C507ABDA9E57BFD0A51C5B (DESKTOP-QG36584-6200).
[2022.11.13-11.41.04:602][  0]LogCollectionManager: Loaded 0 collections in 0.001564 seconds
[2022.11.13-11.41.04:604][  0]LogFileCache: Scanning file cache for directory 'C:/Users/danie/Documents/Gamedev VR/game/UE4 game/fpsgame/Saved/Collections/' took 0.00s
[2022.11.13-11.41.04:604][  0]LogFileCache: Scanning file cache for directory 'C:/Users/danie/Documents/Gamedev VR/game/UE4 game/fpsgame/Content/Developers/danie/Collections/' took 0.00s
[2022.11.13-11.41.04:604][  0]LogFileCache: Scanning file cache for directory 'C:/Users/danie/Documents/Gamedev VR/game/UE4 game/fpsgame/Content/Collections/' took 0.00s
[2022.11.13-11.41.04:604][  0]LogCollectionManager: Fixed up redirectors for 0 collections in 0.000001 seconds (updated 0 objects)
[2022.11.13-11.41.04:688][  0]LogUdpMessaging: Initializing bridge on interface 0.0.0.0:0 to multicast group 230.0.0.1:6666.
[2022.11.13-11.41.04:693][  0]LogTcpMessaging: Initializing TcpMessaging bridge
[2022.11.13-11.41.04:700][  0]LogPython: Using Python 3.7.7
[2022.11.13-11.41.05:172][  0]SourceControl: Source control is disabled
[2022.11.13-11.41.05:172][  0]SourceControl: Source control is disabled
[2022.11.13-11.41.05:175][  0]SourceControl: Source control is disabled
[2022.11.13-11.41.05:177][  0]LogUProjectInfo: Found projects:
[2022.11.13-11.41.05:263][  0]LogOpenImageDenoise: OIDN starting up
[2022.11.13-11.41.05:268][  0]LogAndroidPermission: UAndroidPermissionCallbackProxy::GetInstance
[2022.11.13-11.41.05:283][  0]LogAudioCaptureCore: Display: No Audio Capture implementations found. Audio input will be silent.
[2022.11.13-11.41.05:283][  0]LogAudioCaptureCore: Display: No Audio Capture implementations found. Audio input will be silent.
[2022.11.13-11.41.05:344][  0]LogOcInput: OculusInput pre-init called
[2022.11.13-11.41.05:352][  0]LogUObjectArray: 22283 objects as part of root set at end of initial load.
[2022.11.13-11.41.05:352][  0]LogUObjectAllocator: 6047680 out of 0 bytes used by permanent object pool.
[2022.11.13-11.41.05:352][  0]LogUObjectArray: CloseDisregardForGC: 0/0 objects in disregard for GC pool
[2022.11.13-11.41.05:396][  0]LogClass: Display: StructProperty FRewindDataStruct::SnapshotPosition is not initialized properly. Module:fpsgame File:RewindComponent.h
[2022.11.13-11.41.05:397][  0]LogClass: Display: StructProperty FRewindDataStruct::SnapshotRotation is not initialized properly. Module:fpsgame File:RewindComponent.h
[2022.11.13-11.41.05:397][  0]LogClass: Display: StructProperty FRewindDataStruct::SnapshotScale is not initialized properly. Module:fpsgame File:RewindComponent.h
[2022.11.13-11.41.05:397][  0]LogClass: Display: BoolProperty FWeaponRecoil::bHasRecoil is not initialized properly. Module:fpsgame File:WeaponActor.h
[2022.11.13-11.41.05:397][  0]LogClass: Display: BoolProperty FWeaponRecoil::bUsesControlRotationForHipfireRecoil is not initialized properly. Module:fpsgame File:WeaponActor.h
[2022.11.13-11.41.05:397][  0]LogClass: Warning: ObjectProperty FWeaponRecoil::RecoilVectorCurve is not initialized properly. Module:fpsgame File:WeaponActor.h
[2022.11.13-11.41.05:397][  0]LogClass: Display: FloatProperty FWeaponRecoil::RecoveryTime is not initialized properly. Module:fpsgame File:WeaponActor.h
[2022.11.13-11.41.05:397][  0]LogClass: Display: FloatProperty FWeaponStats::MaxRange is not initialized properly. Module:fpsgame File:WeaponActor.h
[2022.11.13-11.41.05:397][  0]LogClass: Display: FloatProperty FWeaponStats::FireRate is not initialized properly. Module:fpsgame File:WeaponActor.h
[2022.11.13-11.41.05:397][  0]LogClass: Display: IntProperty FWeaponStats::CartridgeBullets is not initialized properly. Module:fpsgame File:WeaponActor.h
[2022.11.13-11.41.05:397][  0]LogClass: Display: IntProperty FWeaponStats::BurstNumber is not initialized properly. Module:fpsgame File:WeaponActor.h
[2022.11.13-11.41.05:397][  0]LogClass: Display: FloatProperty FWeaponStats::BurstFireRate is not initialized properly. Module:fpsgame File:WeaponActor.h
[2022.11.13-11.41.05:397][  0]LogClass: Display: IntProperty FWeaponStats::MaxMagSize is not initialized properly. Module:fpsgame File:WeaponActor.h
[2022.11.13-11.41.05:397][  0]LogClass: Display: IntProperty FWeaponStats::MagAmmo is not initialized properly. Module:fpsgame File:WeaponActor.h
[2022.11.13-11.41.05:397][  0]LogClass: Display: FloatProperty FWeaponStats::BaseDamageTorso is not initialized properly. Module:fpsgame File:WeaponActor.h
[2022.11.13-11.41.05:397][  0]LogClass: Display: FloatProperty FWeaponStats::BaseDamageHead is not initialized properly. Module:fpsgame File:WeaponActor.h
[2022.11.13-11.41.05:397][  0]LogClass: Display: FloatProperty FWeaponStats::BaseDamageLegs is not initialized properly. Module:fpsgame File:WeaponActor.h
[2022.11.13-11.41.05:397][  0]LogClass: Display: FloatProperty FWeaponStats::BaseHipfireSpreadAngleInDegrees is not initialized properly. Module:fpsgame File:WeaponActor.h
[2022.11.13-11.41.05:397][  0]LogClass: Display: FloatProperty FWeaponStats::BaseMovementSpreadMultiplier is not initialized properly. Module:fpsgame File:WeaponActor.h
[2022.11.13-11.41.05:397][  0]LogClass: Display: EnumProperty FWeaponMetaData::GunModel is not initialized properly. Module:fpsgame File:WeaponActor.h
[2022.11.13-11.41.05:397][  0]LogClass: Display: EnumProperty FWeaponMetaData::WAWeaponType is not initialized properly. Module:fpsgame File:WeaponActor.h
[2022.11.13-11.41.05:397][  0]LogClass: Display: EnumProperty FWeaponMetaData::WAWeaponFireType is not initialized properly. Module:fpsgame File:WeaponActor.h
[2022.11.13-11.41.05:397][  0]LogClass: Display: EnumProperty FWeaponMetaData::WAWeaponHitDetectionType is not initialized properly. Module:fpsgame File:WeaponActor.h
[2022.11.13-11.41.05:397][  0]LogClass: Display: EnumProperty FWeaponMetaData::TypeOfEquip is not initialized properly. Module:fpsgame File:WeaponActor.h
[2022.11.13-11.41.05:397][  0]LogClass: Warning: ObjectProperty FWeaponVisualAssets::GunMesh is not initialized properly. Module:fpsgame File:WeaponActor.h
[2022.11.13-11.41.05:397][  0]LogClass: Warning: ObjectProperty FWeaponVisualAssets::TracerEffect is not initialized properly. Module:fpsgame File:WeaponActor.h
[2022.11.13-11.41.05:397][  0]LogClass: Warning: ObjectProperty FWeaponVisualAssets::MuzzleFlash is not initialized properly. Module:fpsgame File:WeaponActor.h
[2022.11.13-11.41.05:397][  0]LogClass: Display: StructProperty FWeaponPositionalDetails::BasePosition is not initialized properly. Module:fpsgame File:WeaponActor.h
[2022.11.13-11.41.05:397][  0]LogClass: Display: StructProperty FWeaponPositionalDetails::BaseRotation is not initialized properly. Module:fpsgame File:WeaponActor.h
[2022.11.13-11.41.05:397][  0]LogClass: Display: StructProperty FWeaponPositionalDetails::BaseScale is not initialized properly. Module:fpsgame File:WeaponActor.h
[2022.11.13-11.41.05:397][  0]LogClass: Display: StructProperty FWeaponPositionalDetails::TPBaseScale is not initialized properly. Module:fpsgame File:WeaponActor.h
[2022.11.13-11.41.05:397][  0]LogClass: Display: StructProperty FWeaponPositionalDetails::TPBaseRotation is not initialized properly. Module:fpsgame File:WeaponActor.h
[2022.11.13-11.41.05:397][  0]LogClass: Display: StructProperty FWeaponPositionalDetails::TPBasePosition is not initialized properly. Module:fpsgame File:WeaponActor.h
[2022.11.13-11.41.05:397][  0]LogClass: Display: StructProperty FWeaponPositionalDetails::MuzzlePosition is not initialized properly. Module:fpsgame File:WeaponActor.h
[2022.11.13-11.41.05:397][  0]LogClass: Display: 34 Uninitialized script struct members found including 4 object properties
[2022.11.13-11.41.05:398][  0]LogAutomationTest: Warning: ObjectProperty FWeaponRecoil::RecoilVectorCurve is not initialized properly. Module:fpsgame File:WeaponActor.h
[2022.11.13-11.41.05:398][  0]LogAutomationTest: Warning: ObjectProperty FWeaponVisualAssets::GunMesh is not initialized properly. Module:fpsgame File:WeaponActor.h
[2022.11.13-11.41.05:398][  0]LogAutomationTest: Warning: ObjectProperty FWeaponVisualAssets::TracerEffect is not initialized properly. Module:fpsgame File:WeaponActor.h
[2022.11.13-11.41.05:398][  0]LogAutomationTest: Warning: ObjectProperty FWeaponVisualAssets::MuzzleFlash is not initialized properly. Module:fpsgame File:WeaponActor.h
[2022.11.13-11.41.05:398][  0]LogEngine: Initializing Engine...
[2022.11.13-11.41.05:400][  0]LogHMD: Failed to enumerate extensions. Please check that you have a valid OpenXR runtime installed.
[2022.11.13-11.41.05:400][  0]LogHMD: Failed to initialize OpenVR with code 110
[2022.11.13-11.41.05:400][  0]LogMagicLeap: Warning: VR disabled because ZI is not enabled.  To enable, in the editor, Edit -> Project Settings -> Plugins -> Magic Leap Plugin -> Enable Zero Iteration
[2022.11.13-11.41.05:402][  0]LogStats: UGameplayTagsManager::InitializeManager -  0.000 s
[2022.11.13-11.41.05:487][  0]LogInit: Initializing FReadOnlyCVARCache
[2022.11.13-11.41.05:487][  0]LogAudio: Display: Initializing Audio Device Manager...
[2022.11.13-11.41.05:490][  0]LogAudio: Display: Loading Default Audio Settings Objects...
[2022.11.13-11.41.05:490][  0]LogAudio: Display: No default SoundConcurrencyObject specified (or failed to load).
[2022.11.13-11.41.05:490][  0]LogAudio: Display: Audio Device Manager Initialized
[2022.11.13-11.41.05:491][  0]LogAudio: Display: Creating Audio Device:                 Id: 1, Scope: Shared, Realtime: True
[2022.11.13-11.41.05:491][  0]LogAudioMixer: Display: Audio Mixer Platform Settings:
[2022.11.13-11.41.05:491][  0]LogAudioMixer: Display: 	Sample Rate:						  48000
[2022.11.13-11.41.05:491][  0]LogAudioMixer: Display: 	Callback Buffer Frame Size Requested: 1024
[2022.11.13-11.41.05:491][  0]LogAudioMixer: Display: 	Callback Buffer Frame Size To Use:	  1024
[2022.11.13-11.41.05:491][  0]LogAudioMixer: Display: 	Number of buffers to queue:			  2
[2022.11.13-11.41.05:491][  0]LogAudioMixer: Display: 	Max Channels (voices):				  32
[2022.11.13-11.41.05:491][  0]LogAudioMixer: Display: 	Number of Async Source Workers:		  0
[2022.11.13-11.41.05:491][  0]LogAudio: Display: AudioDevice MaxSources: 32
[2022.11.13-11.41.05:491][  0]LogAudio: Display: Audio Spatialization Plugin: None (built-in).
[2022.11.13-11.41.05:491][  0]LogAudio: Display: Audio Reverb Plugin: None (built-in).
[2022.11.13-11.41.05:491][  0]LogAudio: Display: Audio Occlusion Plugin: None (built-in).
[2022.11.13-11.41.05:491][  0]LogAudioMixer: Display: Initializing audio mixer.
[2022.11.13-11.41.05:506][  0]LogAudioMixer: Display: 0: FrontLeft
[2022.11.13-11.41.05:506][  0]LogAudioMixer: Display: 1: FrontRight
[2022.11.13-11.41.05:506][  0]LogAudioMixer: Display: 2: FrontCenter
[2022.11.13-11.41.05:506][  0]LogAudioMixer: Display: 3: LowFrequency
[2022.11.13-11.41.05:506][  0]LogAudioMixer: Display: 4: BackLeft
[2022.11.13-11.41.05:506][  0]LogAudioMixer: Display: 5: BackRight
[2022.11.13-11.41.05:506][  0]LogAudioMixer: Display: 6: SideLeft
[2022.11.13-11.41.05:506][  0]LogAudioMixer: Display: 7: SideRight
[2022.11.13-11.41.05:524][  0]LogAudioMixer: Display: Using Audio Device Speakers (Realtek(R) Audio)
[2022.11.13-11.41.05:529][  0]LogAudioMixer: Display: Initializing Sound Submixes...
[2022.11.13-11.41.05:531][  0]LogAudioMixer: Display: Creating Master Submix 'MasterSubmixDefault'
[2022.11.13-11.41.05:531][  0]LogAudioMixer: Display: Creating Master Submix 'MasterReverbSubmixDefault'
[2022.11.13-11.41.05:532][  0]LogAudioMixer: Display: Creating Master Submix 'MasterEQSubmixDefault'
[2022.11.13-11.41.05:532][  0]LogAudioMixer: FMixerPlatformXAudio2::StartAudioStream() called
[2022.11.13-11.41.05:532][  0]LogAudioMixer: Display: Output buffers initialized: Frames=1024, Channels=8, Samples=8192
[2022.11.13-11.41.05:533][  0]LogAudioMixer: Display: Starting AudioMixerPlatformInterface::RunInternal()
[2022.11.13-11.41.05:533][  0]LogAudioMixer: Display: FMixerPlatformXAudio2::SubmitBuffer() called for the first time
[2022.11.13-11.41.05:533][  0]LogInit: FAudioDevice initialized.
[2022.11.13-11.41.05:534][  0]LogNetVersion: Set ProjectVersion to 1.0.0.0. Version Checksum will be recalculated on next use.
[2022.11.13-11.41.05:536][  0]LogInit: Texture streaming: Enabled
[2022.11.13-11.41.05:589][  0]LogAudio: Display: Audio Device (ID: 1) registered with world 'Untitled'.
[2022.11.13-11.41.05:590][  0]LogSlate: Updating window title bar state: overlay mode, drag disabled, window buttons hidden, title bar hidden
[2022.11.13-11.41.05:590][  0]LogInit: Display: Game Engine Initialized.
[2022.11.13-11.41.05:590][  0]LogNiagaraEditor: GEditor isn't valid! Particle reset commands will not work for Niagara components!
[2022.11.13-11.41.05:690][  0]LogInit: Display: Starting Game.
[2022.11.13-11.41.05:691][  0]LogNet: Browse: 127.0.0.1:17777/Engine/Maps/Templates/Template_Default?Name=Player
[2022.11.13-11.41.05:691][  0]LogNet: PktLoss set to 0
[2022.11.13-11.41.05:691][  0]LogNet: PktLagMin set to 0
[2022.11.13-11.41.05:691][  0]LogNet: PktLagMax set to 0
[2022.11.13-11.41.05:691][  0]LogNet: PktIncomingLagMin set to 0
[2022.11.13-11.41.05:691][  0]LogNet: PktIncomingLagMax set to 0
[2022.11.13-11.41.05:691][  0]LogNet: PktIncomingLoss set to 0
[2022.11.13-11.41.05:691][  0]LogNet: PktLoss set to 0
[2022.11.13-11.41.05:691][  0]LogNet: PktLagMin set to 0
[2022.11.13-11.41.05:691][  0]LogNet: PktLagMax set to 0
[2022.11.13-11.41.05:691][  0]LogNet: PktIncomingLagMin set to 0
[2022.11.13-11.41.05:691][  0]LogNet: PktIncomingLagMax set to 0
[2022.11.13-11.41.05:691][  0]LogNet: PktIncomingLoss set to 0
[2022.11.13-11.41.05:691][  0]LogNet: PktLoss set to 0
[2022.11.13-11.41.05:691][  0]LogNet: PktLagMin set to 0
[2022.11.13-11.41.05:691][  0]LogNet: PktLagMax set to 0
[2022.11.13-11.41.05:691][  0]LogNet: PktIncomingLagMin set to 0
[2022.11.13-11.41.05:691][  0]LogNet: PktIncomingLagMax set to 0
[2022.11.13-11.41.05:691][  0]LogNet: PktIncomingLoss set to 0
[2022.11.13-11.41.05:691][  0]LogInit: WinSock: Socket queue. Rx: 32768 (config 32768) Tx: 32768 (config 32768)
[2022.11.13-11.41.05:691][  0]LogNet: Created socket for bind address: 0.0.0.0 on port 0
[2022.11.13-11.41.05:691][  0]PacketHandlerLog: Loaded PacketHandler component: Engine.EngineHandlerComponentFactory (StatelessConnectHandlerComponent)
[2022.11.13-11.41.05:691][  0]LogNet: Game client on port 17777, rate 100000
[2022.11.13-11.41.05:776][  0]LogInit: Display: Engine is initialized. Leaving FEngineLoop::Init()
[2022.11.13-11.41.05:776][  0]LogLoad: (Engine Initialization) Total time: 4.51 seconds
[2022.11.13-11.41.05:776][  0]LogLoad: (Engine Initialization) Total Blueprint compile time: 0.00 seconds
[2022.11.13-11.41.05:778][  0]LogContentStreaming: Texture pool size now 1000 MB
[2022.11.13-11.41.05:780][  0]LogSlate: InvalidateAllWidgets triggered.  All widgets were invalidated
[2022.11.13-11.41.06:710][113]LogHandshake: SendChallengeResponse. Timestamp: 0.696277, Cookie: 231049007126020224119022218043166224171038055176048137146142
[2022.11.13-11.41.06:743][258]LogNetVersion: fpsgame 1.0.0.0, NetCL: 17155196, EngineNetVer: 17, GameNetVer: 0 (Checksum: 1484303137)
[2022.11.13-11.41.06:743][258]LogNet: UPendingNetGame::SendInitialJoin: Sending hello. [UNetConnection] RemoteAddr: 127.0.0.1:17777, Name: IpConnection_0, Driver: PendingNetDriver IpNetDriver_0, IsServer: NO, PC: NULL, Owner: NULL, UniqueId: INVALID
[2022.11.13-11.41.06:776][401]LogNet: Welcomed by server (Level: /Game/Maps/TestMap, Game: /Game/Blueprints/BP_FPSGameModeDefault.BP_FPSGameModeDefault_C)
[2022.11.13-11.41.06:776][401]LogLoad: LoadMap: 127.0.0.1:17777/Game/Maps/TestMap?Name=Player?game=/Game/Blueprints/BP_FPSGameModeDefault.BP_FPSGameModeDefault_C
[2022.11.13-11.41.06:776][401]LogWorld: BeginTearingDown for /Temp/Untitled_0
[2022.11.13-11.41.06:776][401]LogWorld: UWorld::CleanupWorld for Untitled, bSessionEnded=true, bCleanupResources=true
[2022.11.13-11.41.06:776][401]LogSlate: InvalidateAllWidgets triggered.  All widgets were invalidated
[2022.11.13-11.41.06:783][401]LogAudio: Display: Audio Device unregistered from world 'None'.
[2022.11.13-11.41.06:785][401]LogUObjectHash: Compacting FUObjectHashTables data took   0.75ms
[2022.11.13-11.41.07:097][401]LogAudio: Display: Audio Device (ID: 1) registered with world 'TestMap'.
[2022.11.13-11.41.07:098][401]LogNet: PktLoss set to 0
[2022.11.13-11.41.07:098][401]LogNet: PktLagMin set to 0
[2022.11.13-11.41.07:098][401]LogNet: PktLagMax set to 0
[2022.11.13-11.41.07:098][401]LogNet: PktIncomingLagMin set to 0
[2022.11.13-11.41.07:098][401]LogNet: PktIncomingLagMax set to 0
[2022.11.13-11.41.07:098][401]LogNet: PktIncomingLoss set to 0
[2022.11.13-11.41.07:100][401]LogWorld: Bringing World /Game/Maps/TestMap.TestMap up for play (max tick rate 0) at 2022.11.13-11.41.07
[2022.11.13-11.41.07:100][401]LogWorld: Bringing up level for play took: 0.001224
[2022.11.13-11.41.07:101][401]LogSlate: Took 0.000167 seconds to synchronously load lazily loaded font '../../../Engine/Content/Slate/Fonts/Roboto-Regular.ttf' (155K)
[2022.11.13-11.41.07:101][401]LogLoad: Took 0.324911 seconds to LoadMap(/Game/Maps/TestMap)
[2022.11.13-11.41.07:101][401]LogNavigation: Warning: NavData RegistrationFailed_DataPendingKill.
[2022.11.13-11.41.07:129][403]LogRenderer: Reallocating scene render targets to support 640x480 Format 10 NumSamples 1 (Frame:1).
[2022.11.13-11.41.07:376][403]LogOnlineSession: Warning: OSS: No game present to join for session (GameSession)
[2022.11.13-11.41.07:380][403]LogOnlineSession: Warning: OSS: No game present to join for session (GameSession)
[2022.11.13-11.41.07:702][529]LogTemp: Warning: Recoilstop
[2022.11.13-11.41.09:658][364]LogTemp: Warning: Interacting
[2022.11.13-11.41.09:658][364]LogTemp: Warning: OWNING CLIENT: Log no. 0
[2022.11.13-11.41.09:658][364]LogTemp: Warning: IsHit =  TRUE
[2022.11.13-11.41.09:658][364]LogTemp: Warning: We got a hit bois
[2022.11.13-11.41.09:658][364]LogTemp: Warning: interactable component found
[2022.11.13-11.41.09:658][364]LogTemp: Warning: We got a pickup bois
[2022.11.13-11.41.09:658][364]LogTemp: Warning: Disgusting client
[2022.11.13-11.41.09:658][364]LogTemp: Warning: diarrhea
[2022.11.13-11.41.09:658][364]LogTemp: Warning: prime
[2022.11.13-11.41.09:658][364]LogTemp: Warning: OWNING CLIENT: Log no. 1
[2022.11.13-11.41.09:658][364]LogTemp: Warning: No longer bursting
[2022.11.13-11.41.09:658][364]LogTemp: Warning: Recoilstop
[2022.11.13-11.41.09:658][364]LogTemp: Warning: Primary FP
[2022.11.13-11.41.09:658][364]LogTemp: Warning: OWNING CLIENT: Log no. 2
[2022.11.13-11.41.09:658][364]LogTemp: Warning: name = Gun Muzzle
[2022.11.13-11.41.09:658][364]LogTemp: Warning: name2 = BP_Myfpscharacter_C_0
[2022.11.13-11.41.09:658][364]LogTemp: Warning: TP attach
[2022.11.13-11.41.10:502][739]LogTemp: Warning: Burst client validate
[2022.11.13-11.41.10:505][739]LogTemp: Warning: Getting time
[2022.11.13-11.41.10:505][739]LogTemp: Warning: client time = 4.603546
[2022.11.13-11.41.10:559][759]LogTemp: Warning: Recoilstop
[2022.11.13-11.41.11:439][158]LogTemp: Warning: Burst client validate
[2022.11.13-11.41.11:439][158]LogTemp: Warning: Getting time
[2022.11.13-11.41.11:439][158]LogTemp: Warning: client time = 5.542295
[2022.11.13-11.41.11:512][189]LogTemp: Warning: Recoilstop
[2022.11.13-11.41.12:658][726]LogTemp: Warning: Burst client validate
[2022.11.13-11.41.12:658][726]LogTemp: Warning: Getting time
[2022.11.13-11.41.12:658][726]LogTemp: Warning: client time = 6.760711
[2022.11.13-11.41.12:759][768]LogTemp: Warning: AutoFire
[2022.11.13-11.41.12:759][768]LogTemp: Warning: Burst client validate
[2022.11.13-11.41.12:759][768]LogTemp: Warning: Getting time
[2022.11.13-11.41.12:759][768]LogTemp: Warning: client time = 6.864022
[2022.11.13-11.41.12:861][808]LogTemp: Warning: AutoFire
[2022.11.13-11.41.12:861][808]LogTemp: Warning: Burst client validate
[2022.11.13-11.41.12:861][808]LogTemp: Warning: Getting time
[2022.11.13-11.41.12:861][808]LogTemp: Warning: client time = 6.965548
[2022.11.13-11.41.12:961][849]LogTemp: Warning: AutoFire
[2022.11.13-11.41.12:961][849]LogTemp: Warning: Burst client validate
[2022.11.13-11.41.12:962][849]LogTemp: Warning: Getting time
[2022.11.13-11.41.12:962][849]LogTemp: Warning: client time = 7.066558
[2022.11.13-11.41.13:063][889]LogTemp: Warning: AutoFire
[2022.11.13-11.41.13:063][889]LogTemp: Warning: Burst client validate
[2022.11.13-11.41.13:063][889]LogTemp: Warning: Getting time
[2022.11.13-11.41.13:063][889]LogTemp: Warning: client time = 7.167839
[2022.11.13-11.41.13:164][929]LogTemp: Warning: AutoFire
[2022.11.13-11.41.13:164][929]LogTemp: Warning: Burst client validate
[2022.11.13-11.41.13:164][929]LogTemp: Warning: Getting time
[2022.11.13-11.41.13:164][929]LogTemp: Warning: client time = 7.269309
[2022.11.13-11.41.13:264][969]LogTemp: Warning: AutoFire
[2022.11.13-11.41.13:264][969]LogTemp: Warning: Burst client validate
[2022.11.13-11.41.13:264][969]LogTemp: Warning: Getting time
[2022.11.13-11.41.13:264][969]LogTemp: Warning: client time = 7.369525
[2022.11.13-11.41.13:364][  9]LogTemp: Warning: AutoFire
[2022.11.13-11.41.13:364][  9]LogTemp: Warning: Burst client validate
[2022.11.13-11.41.13:364][  9]LogTemp: Warning: Getting time
[2022.11.13-11.41.13:364][  9]LogTemp: Warning: client time = 7.469706
[2022.11.13-11.41.13:463][ 48]LogTemp: Warning: Recoilstop
