Log file open, 12/03/22 17:08:09
LogWindows: Failed to load 'aqProf.dll' (GetLastError=126)
LogWindows: File 'aqProf.dll' does not exist
LogWindows: Failed to load 'VtuneApi.dll' (GetLastError=126)
LogWindows: File 'VtuneApi.dll' does not exist
LogWindows: Failed to load 'VtuneApi32e.dll' (GetLastError=126)
LogWindows: File 'VtuneApi32e.dll' does not exist
LogConsoleResponse: Display: Failed to find resolution value strings in scalability ini. Falling back to default.
LogConsoleResponse: Display: Failed to find resolution value strings in scalability ini. Falling back to default.
LogInit: Display: Running engine for game: fpsgame
LogPlatformFile: Not using cached read wrapper
LogTaskGraph: Started task graph with 5 named threads and 17 total threads with 3 sets of task threads.
LogStats: Stats thread started at 0.220970
LogICUInternationalization: ICU TimeZone Detection - Raw Offset: +0:00, Platform Override: ''
LogInit: Display: Loading text-based GConfig....
LogPluginManager: Mounting plugin MeshPainting
LogPluginManager: Mounting plugin XGEController
LogPluginManager: Mounting plugin Paper2D
LogPluginManager: Mounting plugin AISupport
LogPluginManager: Mounting plugin EnvironmentQueryEditor
LogPluginManager: Mounting plugin LiveLink
LogPluginManager: Mounting plugin LightPropagationVolume
LogPluginManager: Mounting plugin CameraShakePreviewer
LogPluginManager: Mounting plugin GameplayCameras
LogPluginManager: Mounting plugin OodleData
LogPluginManager: Mounting plugin OodleNetwork
LogPluginManager: Mounting plugin AnimationSharing
LogPluginManager: Mounting plugin CLionSourceCodeAccess
LogPluginManager: Mounting plugin CodeLiteSourceCodeAccess
LogPluginManager: Mounting plugin GitSourceControl
LogPluginManager: Mounting plugin KDevelopSourceCodeAccess
LogPluginManager: Mounting plugin NullSourceCodeAccess
LogPluginManager: Mounting plugin PerforceSourceControl
LogPluginManager: Mounting plugin PixWinPlugin
LogPluginManager: Mounting plugin PlasticSourceControl
LogPluginManager: Mounting plugin PluginUtils
LogPluginManager: Mounting plugin PropertyAccessNode
LogPluginManager: Mounting plugin RiderSourceCodeAccess
LogPluginManager: Mounting plugin SubversionSourceControl
LogPluginManager: Mounting plugin TextureFormatOodle
LogPluginManager: Mounting plugin UObjectPlugin
LogPluginManager: Mounting plugin VisualStudioCodeSourceCodeAccess
LogPluginManager: Mounting plugin VisualStudioSourceCodeAccess
LogPluginManager: Mounting plugin XCodeSourceCodeAccess
LogPluginManager: Mounting plugin AssetManagerEditor
LogPluginManager: Mounting plugin CryptoKeys
LogPluginManager: Mounting plugin CurveEditorTools
LogPluginManager: Mounting plugin DataValidation
LogPluginManager: Mounting plugin FacialAnimation
LogPluginManager: Mounting plugin GameplayTagsEditor
LogPluginManager: Mounting plugin GeometryMode
LogPluginManager: Mounting plugin MacGraphicsSwitching
LogPluginManager: Mounting plugin MaterialAnalyzer
LogPluginManager: Mounting plugin MobileLauncherProfileWizard
LogPluginManager: Mounting plugin PluginBrowser
LogPluginManager: Mounting plugin SpeedTreeImporter
LogPluginManager: Mounting plugin DatasmithContent
LogPluginManager: Mounting plugin VariantManagerContent
LogPluginManager: Mounting plugin AlembicImporter
LogPluginManager: Mounting plugin AutomationUtils
LogPluginManager: Mounting plugin BackChannel
LogPluginManager: Mounting plugin ChaosCloth
LogPluginManager: Mounting plugin ChaosClothEditor
LogPluginManager: Mounting plugin ChaosEditor
LogPluginManager: Mounting plugin ChaosNiagara
LogPluginManager: Mounting plugin ChaosSolverPlugin
LogPluginManager: Mounting plugin CharacterAI
LogPluginManager: Mounting plugin GeometryCache
LogPluginManager: Mounting plugin GeometryCollectionPlugin
LogPluginManager: Mounting plugin GeometryProcessing
LogPluginManager: Mounting plugin MotoSynth
LogPluginManager: Mounting plugin OpenImageDenoise
LogPluginManager: Mounting plugin PlanarCut
LogPluginManager: Mounting plugin PlatformCrypto
LogPluginManager: Mounting plugin ProxyLODPlugin
LogPluginManager: Mounting plugin PythonScriptPlugin
LogPluginManager: Mounting plugin SkeletalReduction
LogPluginManager: Mounting plugin Niagara
LogPluginManager: Mounting plugin LuminPlatformFeatures
LogPluginManager: Mounting plugin MagicLeap
LogPluginManager: Mounting plugin MagicLeapLightEstimation
LogPluginManager: Mounting plugin MagicLeapMedia
LogPluginManager: Mounting plugin MagicLeapPassableWorld
LogPluginManager: Mounting plugin MLSDK
LogPluginManager: Mounting plugin AndroidMedia
LogPluginManager: Mounting plugin AvfMedia
LogPluginManager: Mounting plugin ImgMedia
LogPluginManager: Mounting plugin MediaCompositing
LogPluginManager: Mounting plugin MediaPlayerEditor
LogPluginManager: Mounting plugin WebMMedia
LogPluginManager: Mounting plugin WmfMedia
LogPluginManager: Mounting plugin TcpMessaging
LogPluginManager: Mounting plugin UdpMessaging
LogPluginManager: Mounting plugin ActorSequence
LogPluginManager: Mounting plugin LevelSequenceEditor
LogPluginManager: Mounting plugin MatineeToLevelSequence
LogPluginManager: Mounting plugin TemplateSequence
LogPluginManager: Mounting plugin OnlineSubsystem
LogPluginManager: Mounting plugin OnlineSubsystemNull
LogPluginManager: Mounting plugin OnlineSubsystemUtils
LogPluginManager: Mounting plugin LauncherChunkInstaller
LogPluginManager: Mounting plugin ActorLayerUtilities
LogPluginManager: Mounting plugin AndroidDeviceProfileSelector
LogPluginManager: Mounting plugin AndroidMoviePlayer
LogPluginManager: Mounting plugin AndroidPermission
LogPluginManager: Mounting plugin AppleImageUtils
LogPluginManager: Mounting plugin AppleMoviePlayer
LogPluginManager: Mounting plugin ArchVisCharacter
LogPluginManager: Mounting plugin AssetTags
LogPluginManager: Mounting plugin AudioCapture
LogPluginManager: Mounting plugin AudioSynesthesia
LogPluginManager: Mounting plugin CableComponent
LogPluginManager: Mounting plugin ChunkDownloader
LogPluginManager: Mounting plugin CustomMeshComponent
LogPluginManager: Mounting plugin EditableMesh
LogPluginManager: Mounting plugin ExampleDeviceProfileSelector
LogPluginManager: Mounting plugin GoogleCloudMessaging
LogPluginManager: Mounting plugin GooglePAD
LogPluginManager: Mounting plugin IOSDeviceProfileSelector
LogPluginManager: Mounting plugin LinuxDeviceProfileSelector
LogPluginManager: Mounting plugin LocationServicesBPLibrary
LogPluginManager: Mounting plugin MobilePatchingUtils
LogPluginManager: Mounting plugin OpenXR
LogPluginManager: Mounting plugin OpenXREyeTracker
LogPluginManager: Mounting plugin OpenXRHandTracking
LogPluginManager: Mounting plugin PhysXVehicles
LogPluginManager: Mounting plugin PostSplashScreen
LogPluginManager: Mounting plugin ProceduralMeshComponent
LogPluginManager: Mounting plugin PropertyAccessEditor
LogPluginManager: Mounting plugin RuntimePhysXCooking
LogPluginManager: Mounting plugin SignificanceManager
LogPluginManager: Mounting plugin SoundFields
LogPluginManager: Mounting plugin Synthesis
LogPluginManager: Mounting plugin WebMMoviePlayer
LogPluginManager: Mounting plugin WindowsMoviePlayer
LogPluginManager: Mounting plugin ScreenshotTools
LogPluginManager: Mounting plugin Takes
LogPluginManager: Mounting plugin ContentBrowserAssetDataSource
LogPluginManager: Mounting plugin ContentBrowserClassDataSource
LogPluginManager: Mounting plugin ContentBrowserFileDataSource
LogPluginManager: Mounting plugin OnlineSubsystemGooglePlay
LogPluginManager: Mounting plugin OnlineSubsystemIOS
LogPluginManager: Mounting plugin OculusVR
LogPluginManager: Mounting plugin SteamVR
PixWinPlugin: PIX capture plugin failed to initialize! Check that the process is launched from PIX.
LogInit: Using libcurl 7.55.1-DEV
LogInit:  - built for x86_64-pc-win32
LogInit:  - supports SSL with OpenSSL/1.1.1
LogInit:  - supports HTTP deflate (compression) using libz 1.2.8
LogInit:  - other features:
LogInit:      CURL_VERSION_SSL
LogInit:      CURL_VERSION_LIBZ
LogInit:      CURL_VERSION_IPV6
LogInit:      CURL_VERSION_ASYNCHDNS
LogInit:      CURL_VERSION_LARGEFILE
LogInit:      CURL_VERSION_IDN
LogInit:  CurlRequestOptions (configurable via config and command line):
LogInit:  - bVerifyPeer = true  - Libcurl will verify peer certificate
LogInit:  - bUseHttpProxy = false  - Libcurl will NOT use HTTP proxy
LogInit:  - bDontReuseConnections = false  - Libcurl will reuse connections
LogInit:  - MaxHostConnections = 16  - Libcurl will limit the number of connections to a host
LogInit:  - LocalHostAddr = Default
LogInit:  - BufferSize = 65536
LogOnline: OSS: Creating online subsystem instance for: NULL
LogInit: WinSock: version 1.1 (2.2), MaxSocks=32767, MaxUdp=65467
LogOnline: OSS: TryLoadSubsystemAndSetDefault: Loaded subsystem for module [NULL]
LogInit: Build: ++UE4+Release-4.27-CL-18319896
LogInit: Engine Version: 4.27.2-18319896+++UE4+Release-4.27
LogInit: Compatible Engine Version: 4.27.0-17155196+++UE4+Release-4.27
LogInit: Net CL: 17155196
LogInit: OS: Windows 10 (Release 2009) (), CPU: AMD Ryzen 5 3600X 6-Core Processor             , GPU: AMD Radeon RX 5700 XT
LogInit: Compiled (64-bit): Nov 30 2021 07:12:08
LogInit: Compiled with Visual C++: 19.24.28315.00
LogInit: Build Configuration: Development
LogInit: Branch Name: ++UE4+Release-4.27
LogInit: Command Line:  /Game/Maps/TestMap -game -PIEVIACONSOLE -Multiprocess -server -log "GameUserSettingsINI=C:/Users/danie/Documents/Gamedev VR/game/UE4 game/fpsgame/Saved/Config/Windows/PIEGameUserSettings0.ini" -MultiprocessSaveConfig -forcepassthrough -messaging -SessionName="Play in Standalone Game" -port=17777 -PktLagMin=0 -PktLagMax=0 -PktLoss=0 -PktIncomingLagMin=0 -PktIncomingLagMax=0 -PktIncomingLoss=0 -windowed
LogInit: Base Directory: C:/Program Files/Epic Games/UE_4.27/Engine/Binaries/Win64/
LogInit: Allocator: TBB
LogInit: Installed Engine Build: 1
LogDevObjectVersion: Number of dev versions registered: 29
LogDevObjectVersion:   Dev-Blueprints (B0D832E4-1F89-4F0D-ACCF-7EB736FD4AA2): 10
LogDevObjectVersion:   Dev-Build (E1C64328-A22C-4D53-A36C-8E866417BD8C): 0
LogDevObjectVersion:   Dev-Core (375EC13C-06E4-48FB-B500-84F0262A717E): 4
LogDevObjectVersion:   Dev-Editor (E4B068ED-F494-42E9-A231-DA0B2E46BB41): 40
LogDevObjectVersion:   Dev-Framework (CFFC743F-43B0-4480-9391-14DF171D2073): 37
LogDevObjectVersion:   Dev-Mobile (B02B49B5-BB20-44E9-A304-32B752E40360): 3
LogDevObjectVersion:   Dev-Networking (A4E4105C-59A1-49B5-A7C5-40C4547EDFEE): 0
LogDevObjectVersion:   Dev-Online (39C831C9-5AE6-47DC-9A44-9C173E1C8E7C): 0
LogDevObjectVersion:   Dev-Physics (78F01B33-EBEA-4F98-B9B4-84EACCB95AA2): 14
LogDevObjectVersion:   Dev-Platform (6631380F-2D4D-43E0-8009-CF276956A95A): 0
LogDevObjectVersion:   Dev-Rendering (12F88B9F-8875-4AFC-A67C-D90C383ABD29): 45
LogDevObjectVersion:   Dev-Sequencer (7B5AE74C-D270-4C10-A958-57980B212A5A): 13
LogDevObjectVersion:   Dev-VR (D7296918-1DD6-4BDD-9DE2-64A83CC13884): 3
LogDevObjectVersion:   Dev-LoadTimes (C2A15278-BFE7-4AFE-6C17-90FF531DF755): 1
LogDevObjectVersion:   Private-Geometry (6EACA3D4-40EC-4CC1-B786-8BED09428FC5): 3
LogDevObjectVersion:   Dev-AnimPhys (29E575DD-E0A3-4627-9D10-D276232CDCEA): 17
LogDevObjectVersion:   Dev-Anim (AF43A65D-7FD3-4947-9873-3E8ED9C1BB05): 15
LogDevObjectVersion:   Dev-ReflectionCapture (6B266CEC-1EC7-4B8F-A30B-E4D90942FC07): 1
LogDevObjectVersion:   Dev-Automation (0DF73D61-A23F-47EA-B727-89E90C41499A): 1
LogDevObjectVersion:   FortniteMain (601D1886-AC64-4F84-AA16-D3DE0DEAC7D6): 47
LogDevObjectVersion:   FortniteRelease (E7086368-6B23-4C58-8439-1B7016265E91): 1
LogDevObjectVersion:   Dev-Enterprise (9DFFBCD6-494F-0158-E221-12823C92A888): 10
LogDevObjectVersion:   Dev-Niagara (F2AED0AC-9AFE-416F-8664-AA7FFA26D6FC): 1
LogDevObjectVersion:   Dev-Destruction (174F1F0B-B4C6-45A5-B13F-2EE8D0FB917D): 10
LogDevObjectVersion:   Dev-Physics-Ext (35F94A83-E258-406C-A318-09F59610247C): 41
LogDevObjectVersion:   Dev-PhysicsMaterial-Chaos (B68FC16E-8B1B-42E2-B453-215C058844FE): 1
LogDevObjectVersion:   Dev-CineCamera (B2E18506-4273-CFC2-A54E-F4BB758BBA07): 1
LogDevObjectVersion:   Dev-VirtualProduction (64F58936-FD1B-42BA-BA96-7289D5D0FA4E): 1
LogDevObjectVersion:   Dev-MediaFramework (6F0ED827-A609-4895-9C91-998D90180EA4): 2
LogInit: Presizing for max 25165824 objects, including 0 objects not considered by GC, pre-allocating 0 bytes for permanent pool.
LogConfig: Applying CVar settings from Section [/Script/Engine.StreamingSettings] File [C:/Users/danie/Documents/Gamedev VR/game/UE4 game/fpsgame/Saved/Config/Windows/Engine.ini]
LogConfig: Setting CVar [[s.MinBulkDataSizeForAsyncLoading:131072]]
LogConfig: Setting CVar [[s.AsyncLoadingThreadEnabled:0]]
LogConfig: Setting CVar [[s.EventDrivenLoaderEnabled:1]]
LogConfig: Setting CVar [[s.WarnIfTimeLimitExceeded:0]]
LogConfig: Setting CVar [[s.TimeLimitExceededMultiplier:1.5]]
LogConfig: Setting CVar [[s.TimeLimitExceededMinTime:0.005]]
LogConfig: Setting CVar [[s.UseBackgroundLevelStreaming:1]]
LogConfig: Setting CVar [[s.PriorityAsyncLoadingExtraTime:15.0]]
LogConfig: Setting CVar [[s.LevelStreamingActorsUpdateTimeLimit:5.0]]
LogConfig: Setting CVar [[s.PriorityLevelStreamingActorsUpdateExtraTime:5.0]]
LogConfig: Setting CVar [[s.LevelStreamingComponentsRegistrationGranularity:10]]
LogConfig: Setting CVar [[s.UnregisterComponentsTimeLimit:1.0]]
LogConfig: Setting CVar [[s.LevelStreamingComponentsUnregistrationGranularity:5]]
LogConfig: Setting CVar [[s.FlushStreamingOnExit:1]]
LogInit: Object subsystem initialized
LogConfig: Setting CVar [[con.DebugEarlyDefault:1]]
LogConfig: Setting CVar [[r.setres:1280x720]]
[2022.12.03-17.08.09:862][  0]LogConfig: Setting CVar [[con.DebugEarlyDefault:1]]
[2022.12.03-17.08.09:862][  0]LogConfig: Setting CVar [[r.setres:1280x720]]
[2022.12.03-17.08.09:863][  0]LogConfig: Applying CVar settings from Section [/Script/Engine.RendererSettings] File [C:/Users/danie/Documents/Gamedev VR/game/UE4 game/fpsgame/Saved/Config/Windows/Engine.ini]
[2022.12.03-17.08.09:863][  0]LogConfig: Setting CVar [[r.GPUCrashDebugging:0]]
[2022.12.03-17.08.09:863][  0]LogConfig: Setting CVar [[r.Mobile.DisableVertexFog:1]]
[2022.12.03-17.08.09:863][  0]LogConfig: Setting CVar [[r.Shadow.CSM.MaxMobileCascades:2]]
[2022.12.03-17.08.09:864][  0]LogConfig: Setting CVar [[r.MobileMSAA:1]]
[2022.12.03-17.08.09:864][  0]LogConfig: Setting CVar [[r.Mobile.AllowDitheredLODTransition:0]]
[2022.12.03-17.08.09:864][  0]LogConfig: Setting CVar [[r.Mobile.AllowSoftwareOcclusion:0]]
[2022.12.03-17.08.09:864][  0]LogConfig: Setting CVar [[r.Mobile.VirtualTextures:0]]
[2022.12.03-17.08.09:865][  0]LogConfig: Setting CVar [[r.DiscardUnusedQuality:0]]
[2022.12.03-17.08.09:865][  0]LogConfig: Setting CVar [[r.AllowOcclusionQueries:1]]
[2022.12.03-17.08.09:865][  0]LogConfig: Setting CVar [[r.MinScreenRadiusForLights:0.030000]]
[2022.12.03-17.08.09:865][  0]LogConfig: Setting CVar [[r.MinScreenRadiusForDepthPrepass:0.030000]]
[2022.12.03-17.08.09:866][  0]LogConfig: Setting CVar [[r.MinScreenRadiusForCSMDepth:0.010000]]
[2022.12.03-17.08.09:866][  0]LogConfig: Setting CVar [[r.PrecomputedVisibilityWarning:0]]
[2022.12.03-17.08.09:866][  0]LogConfig: Setting CVar [[r.TextureStreaming:1]]
[2022.12.03-17.08.09:866][  0]LogConfig: Setting CVar [[Compat.UseDXT5NormalMaps:0]]
[2022.12.03-17.08.09:867][  0]LogConfig: Setting CVar [[r.VirtualTextures:0]]
[2022.12.03-17.08.09:868][  0]LogConfig: Setting CVar [[r.VT.EnableAutoImport:1]]
[2022.12.03-17.08.09:869][  0]LogConfig: Setting CVar [[r.VirtualTexturedLightmaps:0]]
[2022.12.03-17.08.09:869][  0]LogConfig: Setting CVar [[r.VT.TileSize:128]]
[2022.12.03-17.08.09:869][  0]LogConfig: Setting CVar [[r.VT.TileBorderSize:4]]
[2022.12.03-17.08.09:870][  0]LogConfig: Setting CVar [[r.vt.FeedbackFactor:16]]
[2022.12.03-17.08.09:870][  0]LogConfig: Setting CVar [[r.VT.EnableCompressZlib:1]]
[2022.12.03-17.08.09:870][  0]LogConfig: Setting CVar [[r.VT.EnableCompressCrunch:0]]
[2022.12.03-17.08.09:870][  0]LogConfig: Setting CVar [[r.ClearCoatNormal:0]]
[2022.12.03-17.08.09:870][  0]LogConfig: Setting CVar [[r.ReflectionCaptureResolution:128]]
[2022.12.03-17.08.09:871][  0]LogConfig: Setting CVar [[r.Mobile.ReflectionCaptureCompression:0]]
[2022.12.03-17.08.09:871][  0]LogConfig: Setting CVar [[r.ReflectionEnvironmentLightmapMixBasedOnRoughness:1]]
[2022.12.03-17.08.09:871][  0]LogConfig: Setting CVar [[r.ForwardShading:0]]
[2022.12.03-17.08.09:872][  0]LogConfig: Setting CVar [[r.VertexFoggingForOpaque:1]]
[2022.12.03-17.08.09:872][  0]LogConfig: Setting CVar [[r.AllowStaticLighting:1]]
[2022.12.03-17.08.09:872][  0]LogConfig: Setting CVar [[r.NormalMapsForStaticLighting:0]]
[2022.12.03-17.08.09:872][  0]LogConfig: Setting CVar [[r.GenerateMeshDistanceFields:0]]
[2022.12.03-17.08.09:872][  0]LogConfig: Setting CVar [[r.DistanceFieldBuild.EightBit:0]]
[2022.12.03-17.08.09:873][  0]LogConfig: Setting CVar [[r.GenerateLandscapeGIData:0]]
[2022.12.03-17.08.09:873][  0]LogConfig: Setting CVar [[r.DistanceFieldBuild.Compress:0]]
[2022.12.03-17.08.09:873][  0]LogConfig: Setting CVar [[r.TessellationAdaptivePixelsPerTriangle:48.000000]]
[2022.12.03-17.08.09:874][  0]LogConfig: Setting CVar [[r.SeparateTranslucency:1]]
[2022.12.03-17.08.09:874][  0]LogConfig: Setting CVar [[r.TranslucentSortPolicy:0]]
[2022.12.03-17.08.09:874][  0]LogConfig: Setting CVar [[vr.VRS.HMDFixedFoveationLevel:0]]
[2022.12.03-17.08.09:875][  0]LogConfig: Setting CVar [[r.CustomDepth:1]]
[2022.12.03-17.08.09:875][  0]LogConfig: Setting CVar [[r.CustomDepthTemporalAAJitter:1]]
[2022.12.03-17.08.09:875][  0]LogConfig: Setting CVar [[r.PostProcessing.PropagateAlpha:0]]
[2022.12.03-17.08.09:875][  0]LogConfig: Setting CVar [[r.DefaultFeature.Bloom:1]]
[2022.12.03-17.08.09:876][  0]LogConfig: Setting CVar [[r.DefaultFeature.AmbientOcclusion:1]]
[2022.12.03-17.08.09:876][  0]LogConfig: Setting CVar [[r.DefaultFeature.AmbientOcclusionStaticFraction:1]]
[2022.12.03-17.08.09:876][  0]LogConfig: Setting CVar [[r.DefaultFeature.AutoExposure:0]]
[2022.12.03-17.08.09:876][  0]LogConfig: Setting CVar [[r.DefaultFeature.AutoExposure.Method:0]]
[2022.12.03-17.08.09:877][  0]LogConfig: Setting CVar [[r.DefaultFeature.AutoExposure.Bias:1.000000]]
[2022.12.03-17.08.09:877][  0]LogConfig: Setting CVar [[r.DefaultFeature.AutoExposure.ExtendDefaultLuminanceRange:0]]
[2022.12.03-17.08.09:877][  0]LogConfig: Setting CVar [[r.UsePreExposure:1]]
[2022.12.03-17.08.09:878][  0]LogConfig: Setting CVar [[r.EyeAdaptation.EditorOnly:0]]
[2022.12.03-17.08.09:878][  0]LogConfig: Setting CVar [[r.DefaultFeature.MotionBlur:0]]
[2022.12.03-17.08.09:878][  0]LogConfig: Setting CVar [[r.DefaultFeature.LensFlare:0]]
[2022.12.03-17.08.09:879][  0]LogConfig: Setting CVar [[r.TemporalAA.Upsampling:0]]
[2022.12.03-17.08.09:879][  0]LogConfig: Setting CVar [[r.SSGI.Enable:0]]
[2022.12.03-17.08.09:879][  0]LogConfig: Setting CVar [[r.DefaultFeature.AntiAliasing:0]]
[2022.12.03-17.08.09:879][  0]LogConfig: Setting CVar [[r.DefaultFeature.LightUnits:1]]
[2022.12.03-17.08.09:879][  0]LogConfig: Setting CVar [[r.DefaultBackBufferPixelFormat:4]]
[2022.12.03-17.08.09:880][  0]LogConfig: Setting CVar [[r.Shadow.UnbuiltPreviewInGame:1]]
[2022.12.03-17.08.09:880][  0]LogConfig: Setting CVar [[r.StencilForLODDither:0]]
[2022.12.03-17.08.09:880][  0]LogConfig: Setting CVar [[r.EarlyZPass:3]]
[2022.12.03-17.08.09:881][  0]LogConfig: Setting CVar [[r.EarlyZPassOnlyMaterialMasking:0]]
[2022.12.03-17.08.09:881][  0]LogConfig: Setting CVar [[r.DBuffer:1]]
[2022.12.03-17.08.09:881][  0]LogConfig: Setting CVar [[r.ClearSceneMethod:1]]
[2022.12.03-17.08.09:881][  0]LogConfig: Setting CVar [[r.BasePassOutputsVelocity:0]]
[2022.12.03-17.08.09:882][  0]LogConfig: Setting CVar [[r.VertexDeformationOutputsVelocity:0]]
[2022.12.03-17.08.09:882][  0]LogConfig: Setting CVar [[r.SelectiveBasePassOutputs:0]]
[2022.12.03-17.08.09:882][  0]LogConfig: Setting CVar [[fx.GPUSimulationTextureSizeX:1024]]
[2022.12.03-17.08.09:882][  0]LogConfig: Setting CVar [[fx.GPUSimulationTextureSizeY:1024]]
[2022.12.03-17.08.09:882][  0]LogConfig: Setting CVar [[r.AllowGlobalClipPlane:0]]
[2022.12.03-17.08.09:883][  0]LogConfig: Setting CVar [[r.GBufferFormat:1]]
[2022.12.03-17.08.09:885][  0]LogConfig: Setting CVar [[r.MorphTarget.Mode:1]]
[2022.12.03-17.08.09:885][  0]LogConfig: Setting CVar [[vr.InstancedStereo:0]]
[2022.12.03-17.08.09:886][  0]LogConfig: Setting CVar [[r.MobileHDR:1]]
[2022.12.03-17.08.09:886][  0]LogConfig: Setting CVar [[vr.MobileMultiView:0]]
[2022.12.03-17.08.09:886][  0]LogConfig: Setting CVar [[r.Mobile.UseHWsRGBEncoding:0]]
[2022.12.03-17.08.09:886][  0]LogConfig: Setting CVar [[vr.RoundRobinOcclusion:0]]
[2022.12.03-17.08.09:887][  0]LogConfig: Setting CVar [[vr.ODSCapture:0]]
[2022.12.03-17.08.09:887][  0]LogConfig: Setting CVar [[r.MeshStreaming:0]]
[2022.12.03-17.08.09:887][  0]LogConfig: Setting CVar [[r.WireframeCullThreshold:5.000000]]
[2022.12.03-17.08.09:888][  0]LogConfig: Setting CVar [[r.RayTracing:0]]
[2022.12.03-17.08.09:888][  0]LogConfig: Setting CVar [[r.RayTracing.UseTextureLod:0]]
[2022.12.03-17.08.09:888][  0]LogConfig: Setting CVar [[r.SupportStationarySkylight:1]]
[2022.12.03-17.08.09:888][  0]LogConfig: Setting CVar [[r.SupportLowQualityLightmaps:1]]
[2022.12.03-17.08.09:889][  0]LogConfig: Setting CVar [[r.SupportPointLightWholeSceneShadows:1]]
[2022.12.03-17.08.09:889][  0]LogConfig: Setting CVar [[r.SupportAtmosphericFog:1]]
[2022.12.03-17.08.09:889][  0]LogConfig: Setting CVar [[r.SupportSkyAtmosphere:1]]
[2022.12.03-17.08.09:889][  0]LogConfig: Setting CVar [[r.SupportSkyAtmosphereAffectsHeightFog:0]]
[2022.12.03-17.08.09:889][  0]LogConfig: Setting CVar [[r.SkinCache.CompileShaders:0]]
[2022.12.03-17.08.09:890][  0]LogConfig: Setting CVar [[r.SkinCache.DefaultBehavior:1]]
[2022.12.03-17.08.09:890][  0]LogConfig: Setting CVar [[r.SkinCache.SceneMemoryLimitInMB:128.000000]]
[2022.12.03-17.08.09:890][  0]LogConfig: Setting CVar [[r.Mobile.EnableStaticAndCSMShadowReceivers:1]]
[2022.12.03-17.08.09:891][  0]LogConfig: Setting CVar [[r.Mobile.EnableMovableLightCSMShaderCulling:1]]
[2022.12.03-17.08.09:891][  0]LogConfig: Setting CVar [[r.Mobile.AllowDistanceFieldShadows:1]]
[2022.12.03-17.08.09:891][  0]LogConfig: Setting CVar [[r.Mobile.AllowMovableDirectionalLights:1]]
[2022.12.03-17.08.09:892][  0]LogConfig: Setting CVar [[r.MobileNumDynamicPointLights:4]]
[2022.12.03-17.08.09:892][  0]LogConfig: Setting CVar [[r.MobileDynamicPointLightsUseStaticBranch:1]]
[2022.12.03-17.08.09:892][  0]LogConfig: Setting CVar [[r.Mobile.EnableMovableSpotlights:0]]
[2022.12.03-17.08.09:892][  0]LogConfig: Setting CVar [[r.Mobile.EnableMovableSpotlightsShadow:0]]
[2022.12.03-17.08.09:893][  0]LogConfig: Setting CVar [[r.GPUSkin.Support16BitBoneIndex:0]]
[2022.12.03-17.08.09:893][  0]LogConfig: Setting CVar [[r.GPUSkin.Limit2BoneInfluences:0]]
[2022.12.03-17.08.09:893][  0]LogConfig: Setting CVar [[r.SupportDepthOnlyIndexBuffers:1]]
[2022.12.03-17.08.09:893][  0]LogConfig: Setting CVar [[r.SupportReversedIndexBuffers:1]]
[2022.12.03-17.08.09:894][  0]LogConfig: Setting CVar [[r.LightPropagationVolume:0]]
[2022.12.03-17.08.09:894][  0]LogConfig: Setting CVar [[r.Mobile.AmbientOcclusion:0]]
[2022.12.03-17.08.09:894][  0]LogConfig: Setting CVar [[r.GPUSkin.UnlimitedBoneInfluences:0]]
[2022.12.03-17.08.09:895][  0]LogConfig: Setting CVar [[r.GPUSkin.UnlimitedBoneInfluencesThreshold:8]]
[2022.12.03-17.08.09:895][  0]LogConfig: Setting CVar [[r.Mobile.PlanarReflectionMode:0]]
[2022.12.03-17.08.09:895][  0]LogConfig: Setting CVar [[r.Mobile.SupportsGen4TAA:0]]
[2022.12.03-17.08.09:895][  0]LogConfig: Applying CVar settings from Section [/Script/Engine.RendererOverrideSettings] File [C:/Users/danie/Documents/Gamedev VR/game/UE4 game/fpsgame/Saved/Config/Windows/Engine.ini]
[2022.12.03-17.08.09:896][  0]LogConfig: Applying CVar settings from Section [/Script/Engine.StreamingSettings] File [C:/Users/danie/Documents/Gamedev VR/game/UE4 game/fpsgame/Saved/Config/Windows/Engine.ini]
[2022.12.03-17.08.09:896][  0]LogConfig: Setting CVar [[s.MinBulkDataSizeForAsyncLoading:131072]]
[2022.12.03-17.08.09:897][  0]LogConfig: Setting CVar [[s.AsyncLoadingThreadEnabled:0]]
[2022.12.03-17.08.09:897][  0]LogConfig: Setting CVar [[s.EventDrivenLoaderEnabled:1]]
[2022.12.03-17.08.09:897][  0]LogConfig: Setting CVar [[s.WarnIfTimeLimitExceeded:0]]
[2022.12.03-17.08.09:898][  0]LogConfig: Setting CVar [[s.TimeLimitExceededMultiplier:1.5]]
[2022.12.03-17.08.09:900][  0]LogConfig: Setting CVar [[s.TimeLimitExceededMinTime:0.005]]
[2022.12.03-17.08.09:900][  0]LogConfig: Setting CVar [[s.UseBackgroundLevelStreaming:1]]
[2022.12.03-17.08.09:900][  0]LogConfig: Setting CVar [[s.PriorityAsyncLoadingExtraTime:15.0]]
[2022.12.03-17.08.09:901][  0]LogConfig: Setting CVar [[s.LevelStreamingActorsUpdateTimeLimit:5.0]]
[2022.12.03-17.08.09:901][  0]LogConfig: Setting CVar [[s.PriorityLevelStreamingActorsUpdateExtraTime:5.0]]
[2022.12.03-17.08.09:901][  0]LogConfig: Setting CVar [[s.LevelStreamingComponentsRegistrationGranularity:10]]
[2022.12.03-17.08.09:901][  0]LogConfig: Setting CVar [[s.UnregisterComponentsTimeLimit:1.0]]
[2022.12.03-17.08.09:902][  0]LogConfig: Setting CVar [[s.LevelStreamingComponentsUnregistrationGranularity:5]]
[2022.12.03-17.08.09:902][  0]LogConfig: Setting CVar [[s.FlushStreamingOnExit:1]]
[2022.12.03-17.08.09:902][  0]LogConfig: Applying CVar settings from Section [/Script/Engine.GarbageCollectionSettings] File [C:/Users/danie/Documents/Gamedev VR/game/UE4 game/fpsgame/Saved/Config/Windows/Engine.ini]
[2022.12.03-17.08.09:903][  0]LogConfig: Setting CVar [[gc.MaxObjectsNotConsideredByGC:1]]
[2022.12.03-17.08.09:903][  0]LogConfig: Setting CVar [[gc.SizeOfPermanentObjectPool:0]]
[2022.12.03-17.08.09:903][  0]LogConfig: Setting CVar [[gc.FlushStreamingOnGC:0]]
[2022.12.03-17.08.09:903][  0]LogConfig: Setting CVar [[gc.NumRetriesBeforeForcingGC:10]]
[2022.12.03-17.08.09:904][  0]LogConfig: Setting CVar [[gc.AllowParallelGC:1]]
[2022.12.03-17.08.09:904][  0]LogConfig: Setting CVar [[gc.TimeBetweenPurgingPendingKillObjects:61.1]]
[2022.12.03-17.08.09:905][  0]LogConfig: Setting CVar [[gc.MaxObjectsInEditor:25165824]]
[2022.12.03-17.08.09:905][  0]LogConfig: Setting CVar [[gc.IncrementalBeginDestroyEnabled:1]]
[2022.12.03-17.08.09:905][  0]LogConfig: Setting CVar [[gc.CreateGCClusters:1]]
[2022.12.03-17.08.09:905][  0]LogConfig: Setting CVar [[gc.MinGCClusterSize:5]]
[2022.12.03-17.08.09:906][  0]LogConfig: Setting CVar [[gc.ActorClusteringEnabled:0]]
[2022.12.03-17.08.09:906][  0]LogConfig: Setting CVar [[gc.BlueprintClusteringEnabled:0]]
[2022.12.03-17.08.09:906][  0]LogConfig: Setting CVar [[gc.UseDisregardForGCOnDedicatedServers:0]]
[2022.12.03-17.08.09:906][  0]LogConfig: Setting CVar [[gc.MultithreadedDestructionEnabled:1]]
[2022.12.03-17.08.09:907][  0]LogConfig: Applying CVar settings from Section [/Script/Engine.NetworkSettings] File [C:/Users/danie/Documents/Gamedev VR/game/UE4 game/fpsgame/Saved/Config/Windows/Engine.ini]
[2022.12.03-17.08.09:907][  0]LogConfig: Applying CVar settings from Section [/Script/UnrealEd.CookerSettings] File [C:/Users/danie/Documents/Gamedev VR/game/UE4 game/fpsgame/Saved/Config/Windows/Engine.ini]
[2022.12.03-17.08.09:907][  0]LogConfig: Applying CVar settings from Section [ViewDistanceQuality@3] File [C:/Users/danie/Documents/Gamedev VR/game/UE4 game/fpsgame/Saved/Config/Windows/Scalability.ini]
[2022.12.03-17.08.09:908][  0]LogConfig: Setting CVar [[r.SkeletalMeshLODBias:0]]
[2022.12.03-17.08.09:908][  0]LogConfig: Setting CVar [[r.ViewDistanceScale:1.0]]
[2022.12.03-17.08.09:908][  0]LogConfig: Applying CVar settings from Section [AntiAliasingQuality@3] File [C:/Users/danie/Documents/Gamedev VR/game/UE4 game/fpsgame/Saved/Config/Windows/Scalability.ini]
[2022.12.03-17.08.09:908][  0]LogConfig: Setting CVar [[r.PostProcessAAQuality:4]]
[2022.12.03-17.08.09:908][  0]LogConfig: Applying CVar settings from Section [ShadowQuality@3] File [C:/Users/danie/Documents/Gamedev VR/game/UE4 game/fpsgame/Saved/Config/Windows/Scalability.ini]
[2022.12.03-17.08.09:909][  0]LogConfig: Setting CVar [[r.LightFunctionQuality:1]]
[2022.12.03-17.08.09:909][  0]LogConfig: Setting CVar [[r.ShadowQuality:5]]
[2022.12.03-17.08.09:909][  0]LogConfig: Setting CVar [[r.Shadow.CSM.MaxCascades:10]]
[2022.12.03-17.08.09:910][  0]LogConfig: Setting CVar [[r.Shadow.MaxResolution:2048]]
[2022.12.03-17.08.09:910][  0]LogConfig: Setting CVar [[r.Shadow.MaxCSMResolution:2048]]
[2022.12.03-17.08.09:910][  0]LogConfig: Setting CVar [[r.Shadow.RadiusThreshold:0.01]]
[2022.12.03-17.08.09:910][  0]LogConfig: Setting CVar [[r.Shadow.DistanceScale:1.0]]
[2022.12.03-17.08.09:911][  0]LogConfig: Setting CVar [[r.Shadow.CSM.TransitionScale:1.0]]
[2022.12.03-17.08.09:911][  0]LogConfig: Setting CVar [[r.Shadow.PreShadowResolutionFactor:1.0]]
[2022.12.03-17.08.09:911][  0]LogConfig: Setting CVar [[r.DistanceFieldShadowing:1]]
[2022.12.03-17.08.09:911][  0]LogConfig: Setting CVar [[r.DistanceFieldAO:1]]
[2022.12.03-17.08.09:912][  0]LogConfig: Setting CVar [[r.AOQuality:2]]
[2022.12.03-17.08.09:912][  0]LogConfig: Setting CVar [[r.VolumetricFog:1]]
[2022.12.03-17.08.09:912][  0]LogConfig: Setting CVar [[r.VolumetricFog.GridPixelSize:8]]
[2022.12.03-17.08.09:912][  0]LogConfig: Setting CVar [[r.VolumetricFog.GridSizeZ:128]]
[2022.12.03-17.08.09:913][  0]LogConfig: Setting CVar [[r.VolumetricFog.HistoryMissSupersampleCount:4]]
[2022.12.03-17.08.09:915][  0]LogConfig: Setting CVar [[r.LightMaxDrawDistanceScale:1]]
[2022.12.03-17.08.09:915][  0]LogConfig: Setting CVar [[r.CapsuleShadows:1]]
[2022.12.03-17.08.09:916][  0]LogConfig: Applying CVar settings from Section [PostProcessQuality@3] File [C:/Users/danie/Documents/Gamedev VR/game/UE4 game/fpsgame/Saved/Config/Windows/Scalability.ini]
[2022.12.03-17.08.09:916][  0]LogConfig: Setting CVar [[r.MotionBlurQuality:4]]
[2022.12.03-17.08.09:916][  0]LogConfig: Setting CVar [[r.AmbientOcclusionMipLevelFactor:0.4]]
[2022.12.03-17.08.09:916][  0]LogConfig: Setting CVar [[r.AmbientOcclusionMaxQuality:100]]
[2022.12.03-17.08.09:917][  0]LogConfig: Setting CVar [[r.AmbientOcclusionLevels:-1]]
[2022.12.03-17.08.09:917][  0]LogConfig: Setting CVar [[r.AmbientOcclusionRadiusScale:1.0]]
[2022.12.03-17.08.09:917][  0]LogConfig: Setting CVar [[r.DepthOfFieldQuality:2]]
[2022.12.03-17.08.09:917][  0]LogConfig: Setting CVar [[r.RenderTargetPoolMin:400]]
[2022.12.03-17.08.09:917][  0]LogConfig: Setting CVar [[r.LensFlareQuality:2]]
[2022.12.03-17.08.09:918][  0]LogConfig: Setting CVar [[r.SceneColorFringeQuality:1]]
[2022.12.03-17.08.09:918][  0]LogConfig: Setting CVar [[r.EyeAdaptationQuality:2]]
[2022.12.03-17.08.09:918][  0]LogConfig: Setting CVar [[r.BloomQuality:5]]
[2022.12.03-17.08.09:918][  0]LogConfig: Setting CVar [[r.FastBlurThreshold:100]]
[2022.12.03-17.08.09:919][  0]LogConfig: Setting CVar [[r.Upscale.Quality:3]]
[2022.12.03-17.08.09:919][  0]LogConfig: Setting CVar [[r.Tonemapper.GrainQuantization:1]]
[2022.12.03-17.08.09:919][  0]LogConfig: Setting CVar [[r.LightShaftQuality:1]]
[2022.12.03-17.08.09:920][  0]LogConfig: Setting CVar [[r.Filter.SizeScale:1]]
[2022.12.03-17.08.09:920][  0]LogConfig: Setting CVar [[r.Tonemapper.Quality:5]]
[2022.12.03-17.08.09:920][  0]LogConfig: Setting CVar [[r.DOF.Gather.AccumulatorQuality:1        ; higher gathering accumulator quality]]
[2022.12.03-17.08.09:920][  0]LogConfig: Setting CVar [[r.DOF.Gather.PostfilterMethod:1          ; Median3x3 postfilering method]]
[2022.12.03-17.08.09:921][  0]LogConfig: Setting CVar [[r.DOF.Gather.EnableBokehSettings:0       ; no bokeh simulation when gathering]]
[2022.12.03-17.08.09:921][  0]LogConfig: Setting CVar [[r.DOF.Gather.RingCount:4                 ; medium number of samples when gathering]]
[2022.12.03-17.08.09:921][  0]LogConfig: Setting CVar [[r.DOF.Scatter.ForegroundCompositing:1    ; additive foreground scattering]]
[2022.12.03-17.08.09:922][  0]LogConfig: Setting CVar [[r.DOF.Scatter.BackgroundCompositing:2    ; additive background scattering]]
[2022.12.03-17.08.09:922][  0]LogConfig: Setting CVar [[r.DOF.Scatter.EnableBokehSettings:1      ; bokeh simulation when scattering]]
[2022.12.03-17.08.09:922][  0]LogConfig: Setting CVar [[r.DOF.Scatter.MaxSpriteRatio:0.1         ; only a maximum of 10% of scattered bokeh]]
[2022.12.03-17.08.09:922][  0]LogConfig: Setting CVar [[r.DOF.Recombine.Quality:1                ; cheap slight out of focus]]
[2022.12.03-17.08.09:923][  0]LogConfig: Setting CVar [[r.DOF.Recombine.EnableBokehSettings:0    ; no bokeh simulation on slight out of focus]]
[2022.12.03-17.08.09:923][  0]LogConfig: Setting CVar [[r.DOF.TemporalAAQuality:1                ; more stable temporal accumulation]]
[2022.12.03-17.08.09:923][  0]LogConfig: Setting CVar [[r.DOF.Kernel.MaxForegroundRadius:0.025]]
[2022.12.03-17.08.09:923][  0]LogConfig: Setting CVar [[r.DOF.Kernel.MaxBackgroundRadius:0.025]]
[2022.12.03-17.08.09:924][  0]LogConfig: Applying CVar settings from Section [TextureQuality@3] File [C:/Users/danie/Documents/Gamedev VR/game/UE4 game/fpsgame/Saved/Config/Windows/Scalability.ini]
[2022.12.03-17.08.09:924][  0]LogConfig: Setting CVar [[r.Streaming.MipBias:0]]
[2022.12.03-17.08.09:924][  0]LogConfig: Setting CVar [[r.Streaming.AmortizeCPUToGPUCopy:0]]
[2022.12.03-17.08.09:924][  0]LogConfig: Setting CVar [[r.Streaming.MaxNumTexturesToStreamPerFrame:0]]
[2022.12.03-17.08.09:925][  0]LogConfig: Setting CVar [[r.Streaming.Boost:1]]
[2022.12.03-17.08.09:925][  0]LogConfig: Setting CVar [[r.MaxAnisotropy:8]]
[2022.12.03-17.08.09:925][  0]LogConfig: Setting CVar [[r.VT.MaxAnisotropy:8]]
[2022.12.03-17.08.09:925][  0]LogConfig: Setting CVar [[r.Streaming.LimitPoolSizeToVRAM:0]]
[2022.12.03-17.08.09:926][  0]LogConfig: Setting CVar [[r.Streaming.PoolSize:1000]]
[2022.12.03-17.08.09:926][  0]LogConfig: Setting CVar [[r.Streaming.MaxEffectiveScreenSize:0]]
[2022.12.03-17.08.09:926][  0]LogConfig: Applying CVar settings from Section [EffectsQuality@3] File [C:/Users/danie/Documents/Gamedev VR/game/UE4 game/fpsgame/Saved/Config/Windows/Scalability.ini]
[2022.12.03-17.08.09:926][  0]LogConfig: Setting CVar [[r.TranslucencyLightingVolumeDim:64]]
[2022.12.03-17.08.09:927][  0]LogConfig: Setting CVar [[r.RefractionQuality:2]]
[2022.12.03-17.08.09:927][  0]LogConfig: Setting CVar [[r.SSR.Quality:3]]
[2022.12.03-17.08.09:927][  0]LogConfig: Setting CVar [[r.SSR.HalfResSceneColor:0]]
[2022.12.03-17.08.09:927][  0]LogConfig: Setting CVar [[r.SceneColorFormat:4]]
[2022.12.03-17.08.09:928][  0]LogConfig: Setting CVar [[r.DetailMode:2]]
[2022.12.03-17.08.09:930][  0]LogConfig: Setting CVar [[r.TranslucencyVolumeBlur:1]]
[2022.12.03-17.08.09:931][  0]LogConfig: Setting CVar [[r.MaterialQualityLevel:1 ; High quality]]
[2022.12.03-17.08.09:931][  0]LogConfig: Setting CVar [[r.AnisotropicMaterials:1]]
[2022.12.03-17.08.09:932][  0]LogConfig: Setting CVar [[r.SSS.Scale:1]]
[2022.12.03-17.08.09:932][  0]LogConfig: Setting CVar [[r.SSS.SampleSet:2]]
[2022.12.03-17.08.09:932][  0]LogConfig: Setting CVar [[r.SSS.Quality:1]]
[2022.12.03-17.08.09:933][  0]LogConfig: Setting CVar [[r.SSS.HalfRes:0]]
[2022.12.03-17.08.09:933][  0]LogConfig: Setting CVar [[r.SSGI.Quality:3]]
[2022.12.03-17.08.09:933][  0]LogConfig: Setting CVar [[r.EmitterSpawnRateScale:1.0]]
[2022.12.03-17.08.09:933][  0]LogConfig: Setting CVar [[r.ParticleLightQuality:2]]
[2022.12.03-17.08.09:934][  0]LogConfig: Setting CVar [[r.SkyAtmosphere.AerialPerspectiveLUT.FastApplyOnOpaque:1 ; Always have FastSkyLUT 1 in this case to avoid wrong sky]]
[2022.12.03-17.08.09:934][  0]LogConfig: Setting CVar [[r.SkyAtmosphere.AerialPerspectiveLUT.SampleCountMaxPerSlice:4]]
[2022.12.03-17.08.09:934][  0]LogConfig: Setting CVar [[r.SkyAtmosphere.AerialPerspectiveLUT.DepthResolution:16.0]]
[2022.12.03-17.08.09:934][  0]LogConfig: Setting CVar [[r.SkyAtmosphere.FastSkyLUT:1]]
[2022.12.03-17.08.09:935][  0]LogConfig: Setting CVar [[r.SkyAtmosphere.FastSkyLUT.SampleCountMin:4.0]]
[2022.12.03-17.08.09:935][  0]LogConfig: Setting CVar [[r.SkyAtmosphere.FastSkyLUT.SampleCountMax:128.0]]
[2022.12.03-17.08.09:935][  0]LogConfig: Setting CVar [[r.SkyAtmosphere.SampleCountMin:4.0]]
[2022.12.03-17.08.09:935][  0]LogConfig: Setting CVar [[r.SkyAtmosphere.SampleCountMax:128.0]]
[2022.12.03-17.08.09:936][  0]LogConfig: Setting CVar [[r.SkyAtmosphere.TransmittanceLUT.UseSmallFormat:0]]
[2022.12.03-17.08.09:936][  0]LogConfig: Setting CVar [[r.SkyAtmosphere.TransmittanceLUT.SampleCount:10.0]]
[2022.12.03-17.08.09:936][  0]LogConfig: Setting CVar [[r.SkyAtmosphere.MultiScatteringLUT.SampleCount:15.0]]
[2022.12.03-17.08.09:936][  0]LogConfig: Setting CVar [[r.SkyLight.RealTimeReflectionCapture:1]]
[2022.12.03-17.08.09:937][  0]LogConfig: Applying CVar settings from Section [FoliageQuality@3] File [C:/Users/danie/Documents/Gamedev VR/game/UE4 game/fpsgame/Saved/Config/Windows/Scalability.ini]
[2022.12.03-17.08.09:937][  0]LogConfig: Setting CVar [[foliage.DensityScale:1.0]]
[2022.12.03-17.08.09:937][  0]LogConfig: Setting CVar [[grass.DensityScale:1.0]]
[2022.12.03-17.08.09:937][  0]LogConfig: Applying CVar settings from Section [ShadingQuality@3] File [C:/Users/danie/Documents/Gamedev VR/game/UE4 game/fpsgame/Saved/Config/Windows/Scalability.ini]
[2022.12.03-17.08.09:938][  0]LogConfig: Setting CVar [[r.HairStrands.SkyLighting.IntegrationType:2]]
[2022.12.03-17.08.09:938][  0]LogConfig: Setting CVar [[r.HairStrands.SkyAO.SampleCount:4]]
[2022.12.03-17.08.09:938][  0]LogConfig: Setting CVar [[r.HairStrands.Visibility.MSAA.SamplePerPixel:4]]
[2022.12.03-17.08.09:939][  0]LogInit: Selected Device Profile: [Windows]
[2022.12.03-17.08.09:939][  0]LogInit: Applying CVar settings loaded from the selected device profile: [Windows]
[2022.12.03-17.08.09:939][  0]LogHAL: Display: Platform has ~ 16 GB [17128247296 / 17179869184 / 16], which maps to Larger [LargestMinGB=32, LargerMinGB=12, DefaultMinGB=8, SmallerMinGB=6, SmallestMinGB=0)
[2022.12.03-17.08.09:939][  0]LogInit: Going up to parent DeviceProfile []
[2022.12.03-17.08.09:940][  0]LogConfig: Applying CVar settings from Section [ViewDistanceQuality@3] File [C:/Users/danie/Documents/Gamedev VR/game/UE4 game/fpsgame/Saved/Config/Windows/Scalability.ini]
[2022.12.03-17.08.09:940][  0]LogConfig: Setting CVar [[r.SkeletalMeshLODBias:0]]
[2022.12.03-17.08.09:940][  0]LogConfig: Setting CVar [[r.ViewDistanceScale:1.0]]
[2022.12.03-17.08.09:940][  0]LogConfig: Applying CVar settings from Section [AntiAliasingQuality@3] File [C:/Users/danie/Documents/Gamedev VR/game/UE4 game/fpsgame/Saved/Config/Windows/Scalability.ini]
[2022.12.03-17.08.09:941][  0]LogConfig: Setting CVar [[r.PostProcessAAQuality:4]]
[2022.12.03-17.08.09:941][  0]LogConfig: Applying CVar settings from Section [ShadowQuality@3] File [C:/Users/danie/Documents/Gamedev VR/game/UE4 game/fpsgame/Saved/Config/Windows/Scalability.ini]
[2022.12.03-17.08.09:941][  0]LogConfig: Setting CVar [[r.LightFunctionQuality:1]]
[2022.12.03-17.08.09:941][  0]LogConfig: Setting CVar [[r.ShadowQuality:5]]
[2022.12.03-17.08.09:942][  0]LogConfig: Setting CVar [[r.Shadow.CSM.MaxCascades:10]]
[2022.12.03-17.08.09:942][  0]LogConfig: Setting CVar [[r.Shadow.MaxResolution:2048]]
[2022.12.03-17.08.09:942][  0]LogConfig: Setting CVar [[r.Shadow.MaxCSMResolution:2048]]
[2022.12.03-17.08.09:942][  0]LogConfig: Setting CVar [[r.Shadow.RadiusThreshold:0.01]]
[2022.12.03-17.08.09:943][  0]LogConfig: Setting CVar [[r.Shadow.DistanceScale:1.0]]
[2022.12.03-17.08.09:945][  0]LogConfig: Setting CVar [[r.Shadow.CSM.TransitionScale:1.0]]
[2022.12.03-17.08.09:945][  0]LogConfig: Setting CVar [[r.Shadow.PreShadowResolutionFactor:1.0]]
[2022.12.03-17.08.09:945][  0]LogConfig: Setting CVar [[r.DistanceFieldShadowing:1]]
[2022.12.03-17.08.09:946][  0]LogConfig: Setting CVar [[r.DistanceFieldAO:1]]
[2022.12.03-17.08.09:946][  0]LogConfig: Setting CVar [[r.AOQuality:2]]
[2022.12.03-17.08.09:946][  0]LogConfig: Setting CVar [[r.VolumetricFog:1]]
[2022.12.03-17.08.09:946][  0]LogConfig: Setting CVar [[r.VolumetricFog.GridPixelSize:8]]
[2022.12.03-17.08.09:946][  0]LogConfig: Setting CVar [[r.VolumetricFog.GridSizeZ:128]]
[2022.12.03-17.08.09:947][  0]LogConfig: Setting CVar [[r.VolumetricFog.HistoryMissSupersampleCount:4]]
[2022.12.03-17.08.09:947][  0]LogConfig: Setting CVar [[r.LightMaxDrawDistanceScale:1]]
[2022.12.03-17.08.09:947][  0]LogConfig: Setting CVar [[r.CapsuleShadows:1]]
[2022.12.03-17.08.09:948][  0]LogConfig: Applying CVar settings from Section [PostProcessQuality@3] File [C:/Users/danie/Documents/Gamedev VR/game/UE4 game/fpsgame/Saved/Config/Windows/Scalability.ini]
[2022.12.03-17.08.09:948][  0]LogConfig: Setting CVar [[r.MotionBlurQuality:4]]
[2022.12.03-17.08.09:948][  0]LogConfig: Setting CVar [[r.AmbientOcclusionMipLevelFactor:0.4]]
[2022.12.03-17.08.09:948][  0]LogConfig: Setting CVar [[r.AmbientOcclusionMaxQuality:100]]
[2022.12.03-17.08.09:949][  0]LogConfig: Setting CVar [[r.AmbientOcclusionLevels:-1]]
[2022.12.03-17.08.09:949][  0]LogConfig: Setting CVar [[r.AmbientOcclusionRadiusScale:1.0]]
[2022.12.03-17.08.09:949][  0]LogConfig: Setting CVar [[r.DepthOfFieldQuality:2]]
[2022.12.03-17.08.09:949][  0]LogConfig: Setting CVar [[r.RenderTargetPoolMin:400]]
[2022.12.03-17.08.09:950][  0]LogConfig: Setting CVar [[r.LensFlareQuality:2]]
[2022.12.03-17.08.09:950][  0]LogConfig: Setting CVar [[r.SceneColorFringeQuality:1]]
[2022.12.03-17.08.09:950][  0]LogConfig: Setting CVar [[r.EyeAdaptationQuality:2]]
[2022.12.03-17.08.09:950][  0]LogConfig: Setting CVar [[r.BloomQuality:5]]
[2022.12.03-17.08.09:951][  0]LogConfig: Setting CVar [[r.FastBlurThreshold:100]]
[2022.12.03-17.08.09:951][  0]LogConfig: Setting CVar [[r.Upscale.Quality:3]]
[2022.12.03-17.08.09:951][  0]LogConfig: Setting CVar [[r.Tonemapper.GrainQuantization:1]]
[2022.12.03-17.08.09:951][  0]LogConfig: Setting CVar [[r.LightShaftQuality:1]]
[2022.12.03-17.08.09:952][  0]LogConfig: Setting CVar [[r.Filter.SizeScale:1]]
[2022.12.03-17.08.09:952][  0]LogConfig: Setting CVar [[r.Tonemapper.Quality:5]]
[2022.12.03-17.08.09:952][  0]LogConfig: Setting CVar [[r.DOF.Gather.AccumulatorQuality:1        ; higher gathering accumulator quality]]
[2022.12.03-17.08.09:952][  0]LogConfig: Setting CVar [[r.DOF.Gather.PostfilterMethod:1          ; Median3x3 postfilering method]]
[2022.12.03-17.08.09:953][  0]LogConfig: Setting CVar [[r.DOF.Gather.EnableBokehSettings:0       ; no bokeh simulation when gathering]]
[2022.12.03-17.08.09:953][  0]LogConfig: Setting CVar [[r.DOF.Gather.RingCount:4                 ; medium number of samples when gathering]]
[2022.12.03-17.08.09:953][  0]LogConfig: Setting CVar [[r.DOF.Scatter.ForegroundCompositing:1    ; additive foreground scattering]]
[2022.12.03-17.08.09:953][  0]LogConfig: Setting CVar [[r.DOF.Scatter.BackgroundCompositing:2    ; additive background scattering]]
[2022.12.03-17.08.09:954][  0]LogConfig: Setting CVar [[r.DOF.Scatter.EnableBokehSettings:1      ; bokeh simulation when scattering]]
[2022.12.03-17.08.09:954][  0]LogConfig: Setting CVar [[r.DOF.Scatter.MaxSpriteRatio:0.1         ; only a maximum of 10% of scattered bokeh]]
[2022.12.03-17.08.09:954][  0]LogConfig: Setting CVar [[r.DOF.Recombine.Quality:1                ; cheap slight out of focus]]
[2022.12.03-17.08.09:954][  0]LogConfig: Setting CVar [[r.DOF.Recombine.EnableBokehSettings:0    ; no bokeh simulation on slight out of focus]]
[2022.12.03-17.08.09:955][  0]LogConfig: Setting CVar [[r.DOF.TemporalAAQuality:1                ; more stable temporal accumulation]]
[2022.12.03-17.08.09:955][  0]LogConfig: Setting CVar [[r.DOF.Kernel.MaxForegroundRadius:0.025]]
[2022.12.03-17.08.09:955][  0]LogConfig: Setting CVar [[r.DOF.Kernel.MaxBackgroundRadius:0.025]]
[2022.12.03-17.08.09:955][  0]LogConfig: Applying CVar settings from Section [TextureQuality@3] File [C:/Users/danie/Documents/Gamedev VR/game/UE4 game/fpsgame/Saved/Config/Windows/Scalability.ini]
[2022.12.03-17.08.09:956][  0]LogConfig: Setting CVar [[r.Streaming.MipBias:0]]
[2022.12.03-17.08.09:956][  0]LogConfig: Setting CVar [[r.Streaming.AmortizeCPUToGPUCopy:0]]
[2022.12.03-17.08.09:956][  0]LogConfig: Setting CVar [[r.Streaming.MaxNumTexturesToStreamPerFrame:0]]
[2022.12.03-17.08.09:956][  0]LogConfig: Setting CVar [[r.Streaming.Boost:1]]
[2022.12.03-17.08.09:957][  0]LogConfig: Setting CVar [[r.MaxAnisotropy:8]]
[2022.12.03-17.08.09:957][  0]LogConfig: Setting CVar [[r.VT.MaxAnisotropy:8]]
[2022.12.03-17.08.09:957][  0]LogConfig: Setting CVar [[r.Streaming.LimitPoolSizeToVRAM:0]]
[2022.12.03-17.08.09:958][  0]LogConfig: Setting CVar [[r.Streaming.PoolSize:1000]]
[2022.12.03-17.08.09:960][  0]LogConfig: Setting CVar [[r.Streaming.MaxEffectiveScreenSize:0]]
[2022.12.03-17.08.09:960][  0]LogConfig: Applying CVar settings from Section [EffectsQuality@3] File [C:/Users/danie/Documents/Gamedev VR/game/UE4 game/fpsgame/Saved/Config/Windows/Scalability.ini]
[2022.12.03-17.08.09:961][  0]LogConfig: Setting CVar [[r.TranslucencyLightingVolumeDim:64]]
[2022.12.03-17.08.09:961][  0]LogConfig: Setting CVar [[r.RefractionQuality:2]]
[2022.12.03-17.08.09:961][  0]LogConfig: Setting CVar [[r.SSR.Quality:3]]
[2022.12.03-17.08.09:961][  0]LogConfig: Setting CVar [[r.SSR.HalfResSceneColor:0]]
[2022.12.03-17.08.09:962][  0]LogConfig: Setting CVar [[r.SceneColorFormat:4]]
[2022.12.03-17.08.09:962][  0]LogConfig: Setting CVar [[r.DetailMode:2]]
[2022.12.03-17.08.09:962][  0]LogConfig: Setting CVar [[r.TranslucencyVolumeBlur:1]]
[2022.12.03-17.08.09:962][  0]LogConfig: Setting CVar [[r.MaterialQualityLevel:1 ; High quality]]
[2022.12.03-17.08.09:963][  0]LogConfig: Setting CVar [[r.AnisotropicMaterials:1]]
[2022.12.03-17.08.09:963][  0]LogConfig: Setting CVar [[r.SSS.Scale:1]]
[2022.12.03-17.08.09:963][  0]LogConfig: Setting CVar [[r.SSS.SampleSet:2]]
[2022.12.03-17.08.09:963][  0]LogConfig: Setting CVar [[r.SSS.Quality:1]]
[2022.12.03-17.08.09:964][  0]LogConfig: Setting CVar [[r.SSS.HalfRes:0]]
[2022.12.03-17.08.09:964][  0]LogConfig: Setting CVar [[r.SSGI.Quality:3]]
[2022.12.03-17.08.09:964][  0]LogConfig: Setting CVar [[r.EmitterSpawnRateScale:1.0]]
[2022.12.03-17.08.09:964][  0]LogConfig: Setting CVar [[r.ParticleLightQuality:2]]
[2022.12.03-17.08.09:965][  0]LogConfig: Setting CVar [[r.SkyAtmosphere.AerialPerspectiveLUT.FastApplyOnOpaque:1 ; Always have FastSkyLUT 1 in this case to avoid wrong sky]]
[2022.12.03-17.08.09:965][  0]LogConfig: Setting CVar [[r.SkyAtmosphere.AerialPerspectiveLUT.SampleCountMaxPerSlice:4]]
[2022.12.03-17.08.09:965][  0]LogConfig: Setting CVar [[r.SkyAtmosphere.AerialPerspectiveLUT.DepthResolution:16.0]]
[2022.12.03-17.08.09:965][  0]LogConfig: Setting CVar [[r.SkyAtmosphere.FastSkyLUT:1]]
[2022.12.03-17.08.09:966][  0]LogConfig: Setting CVar [[r.SkyAtmosphere.FastSkyLUT.SampleCountMin:4.0]]
[2022.12.03-17.08.09:966][  0]LogConfig: Setting CVar [[r.SkyAtmosphere.FastSkyLUT.SampleCountMax:128.0]]
[2022.12.03-17.08.09:966][  0]LogConfig: Setting CVar [[r.SkyAtmosphere.SampleCountMin:4.0]]
[2022.12.03-17.08.09:966][  0]LogConfig: Setting CVar [[r.SkyAtmosphere.SampleCountMax:128.0]]
[2022.12.03-17.08.09:967][  0]LogConfig: Setting CVar [[r.SkyAtmosphere.TransmittanceLUT.UseSmallFormat:0]]
[2022.12.03-17.08.09:967][  0]LogConfig: Setting CVar [[r.SkyAtmosphere.TransmittanceLUT.SampleCount:10.0]]
[2022.12.03-17.08.09:967][  0]LogConfig: Setting CVar [[r.SkyAtmosphere.MultiScatteringLUT.SampleCount:15.0]]
[2022.12.03-17.08.09:967][  0]LogConfig: Setting CVar [[r.SkyLight.RealTimeReflectionCapture:1]]
[2022.12.03-17.08.09:968][  0]LogConfig: Applying CVar settings from Section [FoliageQuality@3] File [C:/Users/danie/Documents/Gamedev VR/game/UE4 game/fpsgame/Saved/Config/Windows/Scalability.ini]
[2022.12.03-17.08.09:968][  0]LogConfig: Setting CVar [[foliage.DensityScale:1.0]]
[2022.12.03-17.08.09:968][  0]LogConfig: Setting CVar [[grass.DensityScale:1.0]]
[2022.12.03-17.08.09:968][  0]LogConfig: Applying CVar settings from Section [ShadingQuality@3] File [C:/Users/danie/Documents/Gamedev VR/game/UE4 game/fpsgame/Saved/Config/Windows/Scalability.ini]
[2022.12.03-17.08.09:969][  0]LogConfig: Setting CVar [[r.HairStrands.SkyLighting.IntegrationType:2]]
[2022.12.03-17.08.09:969][  0]LogConfig: Setting CVar [[r.HairStrands.SkyAO.SampleCount:4]]
[2022.12.03-17.08.09:969][  0]LogConfig: Setting CVar [[r.HairStrands.Visibility.MSAA.SamplePerPixel:4]]
[2022.12.03-17.08.09:969][  0]LogConfig: Applying CVar settings from Section [Startup] File [../../../Engine/Config/ConsoleVariables.ini]
[2022.12.03-17.08.09:970][  0]LogConfig: Setting CVar [[net.UseAdaptiveNetUpdateFrequency:0]]
[2022.12.03-17.08.09:970][  0]LogConfig: Setting CVar [[p.chaos.AllowCreatePhysxBodies:1]]
[2022.12.03-17.08.09:971][  0]LogConfig: Setting CVar [[fx.SkipVectorVMBackendOptimizations:1]]
[2022.12.03-17.08.09:971][  0]LogConfig: Applying CVar settings from Section [ConsoleVariables] File [C:/Users/danie/Documents/Gamedev VR/game/UE4 game/fpsgame/Saved/Config/Windows/Engine.ini]
[2022.12.03-17.08.09:972][  0]LogConfig: Applying CVar settings from Section [ConsoleVariables] File [C:/Users/danie/Documents/Gamedev VR/game/UE4 game/fpsgame/Saved/Config/Windows/Editor.ini]
[2022.12.03-17.08.09:972][  0]LogInit: Computer: DESKTOP-QG36584
[2022.12.03-17.08.09:972][  0]LogInit: User: danie
[2022.12.03-17.08.09:973][  0]LogInit: CPU Page size=4096, Cores=6
[2022.12.03-17.08.09:975][  0]LogInit: High frequency timer resolution =10.000000 MHz
[2022.12.03-17.08.09:975][  0]LogMemory: Memory total: Physical=16.0GB (16GB approx)
[2022.12.03-17.08.09:975][  0]LogMemory: Platform Memory Stats for Windows
[2022.12.03-17.08.09:975][  0]LogMemory: Process Physical Memory: 137.33 MB used, 137.33 MB peak
[2022.12.03-17.08.09:976][  0]LogMemory: Process Virtual Memory: 117.34 MB used, 117.34 MB peak
[2022.12.03-17.08.09:976][  0]LogMemory: Physical Memory: 10506.42 MB used,  5828.35 MB free, 16334.77 MB total
[2022.12.03-17.08.09:976][  0]LogMemory: Virtual Memory: 134210400.00 MB used,  7325.61 MB free, 134217728.00 MB total
[2022.12.03-17.08.09:979][  0]LogWindows: WindowsPlatformFeatures disabled or dedicated server build
[2022.12.03-17.08.09:988][  0]LogInit: Physics initialised using underlying interface: PhysX
[2022.12.03-17.08.09:989][  0]LogInit: Using OS detected language (en-US).
[2022.12.03-17.08.09:989][  0]LogInit: Using OS detected locale (en-GB).
[2022.12.03-17.08.09:992][  0]LogTextLocalizationManager: No specific localization for 'en-US' exists, so the 'en' localization will be used.
[2022.12.03-17.08.10:370][  0]LogTargetPlatformManager: Display: Loaded TargetPlatform 'WindowsNoEditor'
[2022.12.03-17.08.10:373][  0]LogTargetPlatformManager: Display: Loaded TargetPlatform 'Windows'
[2022.12.03-17.08.10:376][  0]LogTargetPlatformManager: Display: Loaded TargetPlatform 'WindowsClient'
[2022.12.03-17.08.10:379][  0]LogTargetPlatformManager: Display: Loaded TargetPlatform 'WindowsServer'
[2022.12.03-17.08.10:379][  0]LogTargetPlatformManager: Display: Building Assets For Windows
[2022.12.03-17.08.10:382][  0]LogAudioDebug: Display: Lib vorbis DLL was dynamically loaded.
[2022.12.03-17.08.10:396][  0]LogTextureFormatOodle: Display: Oodle Texture 2.9.0 init RDO Off
[2022.12.03-17.08.10:407][  0]LogRendererCore: Ray tracing is disabled. Reason: r.RayTracing=0.
[2022.12.03-17.08.10:407][  0]LogShaderCompilers: Guid format shader working directory is -27 characters bigger than the processId version (../../../../../../Users/danie/Documents/Gamedev VR/game/UE4 game/fpsgame/Intermediate/Shaders/WorkingDirectory/16916/).
[2022.12.03-17.08.10:407][  0]LogShaderCompilers: Cleaned the shader compiler working directory 'C:/Users/danie/AppData/Local/Temp/UnrealShaderWorkingDir/67CD33C94FC308E89BF933B461887BB1/'.
[2022.12.03-17.08.10:408][  0]LogXGEController: Cannot use XGE Controller as Incredibuild is not installed on this machine.
[2022.12.03-17.08.10:408][  0]LogShaderCompilers: Cannot use XGE Shader Compiler as Incredibuild is not installed on this machine.
[2022.12.03-17.08.10:408][  0]LogShaderCompilers: Display: Using Local Shader Compiler.
[2022.12.03-17.08.10:840][  0]LogDerivedDataCache: Display: Max Cache Size: 512 MB
[2022.12.03-17.08.10:892][  0]LogDerivedDataCache: Loaded boot cache 0.05s 94MB C:/Users/danie/AppData/Local/UnrealEngine/4.27/DerivedDataCache/Boot.ddc.
[2022.12.03-17.08.10:893][  0]LogDerivedDataCache: Display: Loaded Boot cache: C:/Users/danie/AppData/Local/UnrealEngine/4.27/DerivedDataCache/Boot.ddc
[2022.12.03-17.08.10:894][  0]LogDerivedDataCache: FDerivedDataBackendGraph:  Pak pak cache file ../../../../../../Users/danie/Documents/Gamedev VR/game/UE4 game/fpsgame/DerivedDataCache/DDC.ddp not found, will not use a pak cache.
[2022.12.03-17.08.10:894][  0]LogDerivedDataCache: Unable to find inner node Pak for hierarchical cache Hierarchy.
[2022.12.03-17.08.10:894][  0]LogDerivedDataCache: FDerivedDataBackendGraph:  CompressedPak pak cache file ../../../../../../Users/danie/Documents/Gamedev VR/game/UE4 game/fpsgame/DerivedDataCache/Compressed.ddp not found, will not use a pak cache.
[2022.12.03-17.08.10:894][  0]LogDerivedDataCache: Unable to find inner node CompressedPak for hierarchical cache Hierarchy.
[2022.12.03-17.08.10:912][  0]LogDerivedDataCache: Display: Pak cache opened for reading ../../../Engine/DerivedDataCache/Compressed.ddp.
[2022.12.03-17.08.10:913][  0]LogDerivedDataCache: FDerivedDataBackendGraph:  EnterprisePak pak cache file ../../../Enterprise/DerivedDataCache/Compressed.ddp not found, will not use a pak cache.
[2022.12.03-17.08.10:913][  0]LogDerivedDataCache: Unable to find inner node EnterprisePak for hierarchical cache Hierarchy.
[2022.12.03-17.08.10:923][  0]LogDerivedDataCache: Speed tests for C:/Users/danie/AppData/Local/UnrealEngine/Common/DerivedDataCache took 0.01 seconds
[2022.12.03-17.08.10:923][  0]LogDerivedDataCache: Display: Performance to C:/Users/danie/AppData/Local/UnrealEngine/Common/DerivedDataCache: Latency=0.03ms. RandomReadSpeed=294.76MBs, RandomWriteSpeed=148.31MBs. Assigned SpeedClass 'Local'
[2022.12.03-17.08.10:924][  0]LogDerivedDataCache: Using Local data cache path C:/Users/danie/AppData/Local/UnrealEngine/Common/DerivedDataCache: Writable
[2022.12.03-17.08.10:924][  0]LogDerivedDataCache: Shared data cache path not found in *engine.ini, will not use an Shared cache.
[2022.12.03-17.08.10:925][  0]LogDerivedDataCache: Unable to find inner node Shared for hierarchical cache Hierarchy.
[2022.12.03-17.08.10:926][  0]LogInit: Using OS detected language (en-US).
[2022.12.03-17.08.10:926][  0]LogInit: Using OS detected locale (en-GB).
[2022.12.03-17.08.10:927][  0]LogTextLocalizationManager: No localization for 'en-US' exists, so 'en' will be used for the language.
[2022.12.03-17.08.10:927][  0]LogTextLocalizationManager: No localization for 'en-GB' exists, so 'en' will be used for the locale.
[2022.12.03-17.08.10:930][  0]LogTextLocalizationManager: Compacting localization data took   0.01ms
[2022.12.03-17.08.10:930][  0]LogAssetRegistry: FAssetRegistry took 0.0021 seconds to start up
[2022.12.03-17.08.11:078][  0]LogPackageLocalizationCache: Processed 27 localized package path(s) for 1 prioritized culture(s) in 0.000941 seconds
[2022.12.03-17.08.11:156][  0]LogInit: Selected Device Profile: [Windows]
[2022.12.03-17.08.11:157][  0]LogInit: Active device profile: [0000025A61550500][0000025A5BFA5880 49] Windows
[2022.12.03-17.08.11:158][  0]LogInit: Profiles: [0000025A61550500][0000025A5BFA5880 49] Windows, [0000025A6153F600][0000025A5BFB3B40 49] WindowsNoEditor, [0000025A6153C100][0000025A5BFA8240 49] WindowsServer, [0000025A61553000][0000025A5BFB64C0 49] WindowsClient, [0000025A61550200][0000025A5BFBE780 49] IOS, [0000025A61583D00][0000025A5BFC2A40 49] iPadAir, [0000025A61553A00][0000025A5BFC6D00 49] iPadAir2, [0000025A614EC200][0000025A5BFE1240 49] IPadPro, [0000025A614E7F00][0000025A5BFCB280 49] iPadAir3, [0000025A6153D000][0000025A5BFD9540 49] iPadAir4, [0000025A614E4500][0000025A5BFD5800 49] iPadMini2, [0000025A6153C200][0000025A5BFDDAC0 49] iPadMini3, [0000025A614E5200][0000025A5BFEA200 49] iPadMini4, [0000025A6153F800][0000025A5BFBA480 49] iPadMini5, [0000025A61581600][0000025A5C002980 49] iPhone6, [0000025A61581700][0000025A5BFEE9C0 49] iPodTouch6, [0000025A614E6100][0000025A5C00AF00 49] iPhone7, [0000025A614E6200][0000025A5BFFAF40 49] iPodTouch7, [0000025A61582600][0000025A5BFFF200 49] iPhone5S, [0000025A614E7100][0000025A5BFF74C0 49] iPhone6Plus, [0000025A61583B00][0000025A5C007780 49] iPhone6S, [0000025A614E6B00][0000025A5C00FA40 49] iPhone6SPlus, [0000025A61580A00][0000025A5C012180 49] iPhone7Plus, [0000025A614E6F00][0000025A5C016440 49] iPhoneSE, [0000025A61581000][0000025A5BFF26C0 49] iPhone8, [0000025A614E7C00][0000025A5C01A940 49] iPhone8Plus, [0000025A61583200][0000025A5C022C00 49] iPhoneX, [0000025A614E6C00][0000025A5C026EC0 49] iPhoneXS, [0000025A61582B00][0000025A5C02B180 49] iPhoneXSMax, [0000025A614E6900][0000025A5CA1F440 49] iPhoneXR, [0000025A61582F00][0000025A5CA23700 49] iPhone11, [0000025A614E4A00][0000025A5CA279C0 49] iPhone11Pro, [0000025A61583E00][0000025A5CA2A100 49] iPhone11ProMax, [0000025A614E5400][0000025A5CA2E3C0 49] iPhoneSE2, [0000025A61583F00][0000025A5CA32680 49] iPhone12Mini, [0000025A614E7D00][0000025A5C01E900 49] iPhone12, [0000025A61581200][0000025A5CA36B80 49] iPhone12Pro, [0000025A614E7500][0000025A5CA3EE40 49] iPhone12ProMax, [0000025A61580200][0000025A5CA43100 49] iPadPro105, [0000025A614E5A00][0000025A5CA473C0 49] iPadPro129, [0000025A61580D00][0000025A5CA4B680 49] iPadPro97, [0000025A614E4900][0000025A5CA4F940 49] iPadPro2_129, [0000025A61581A00][0000025A5CA53C00 49] iPad5, [0000025A614E5C00][0000025A5CA56340 49] iPad6, [0000025A61583900][0000025A5CA5A600 49] iPad7, [0000025A614E6600][0000025A5CA5E8C0 49] iPad8, [0000025A61583000][0000025A5CA3AB40 49] iPadPro11, [0000025A614E5500][0000025A5CA62DC0 49] iPadPro2_11, [0000025A61582100][0000025A5CA6B080 49] iPadPro3_129, [0000025A614E5D00][0000025A5CA6F340 49] iPadPro4_129, [0000025A61582400][0000025A5CA73600 49] AppleTV, [0000025A614E6E00][0000025A5CA778C0 49] AppleTV4K, [0000025A61580500][0000025A5CA7BB80 49] TVOS, [0000025A614E7A00][0000025A5CA7E2C0 49] Mac, [0000025A61582900][0000025A5CA82580 49] MacClient, [0000025A614E5700][0000025A5CA86840 49] MacNoEditor, [0000025A61581100][0000025A5CA8AB00 49] MacServer, [0000025A614E7B00][0000025A5CA66D80 49] Linux, [0000025A61580600][0000025A5CA8F000 49] LinuxAArch64, [0000025A614E4400][0000025A5CA972C0 49] LinuxNoEditor, [0000025A61582200][0000025A5CA9B580 49] LinuxAArch64NoEditor, [0000025A61550100][0000025A5CA9F840 49] LinuxClient, [0000025A614EC700][0000025A5CAA3B00 49] LinuxAArch64Client, [0000025A61551900][0000025A5CAA6240 49] LinuxServer, [0000025A614ECA00][0000025A5CAAA500 49] LinuxAArch64Server, [0000025A61552D00][0000025A5CAAE7C0 49] Android, [0000025A614ED400][0000025A5CAB2A80 49] Android_Low, [0000025A61551100][0000025A5CAB6D40 49] Android_Mid, [0000025A614ECE00][0000025A5CA92FC0 49] Android_High, [0000025A61550800][0000025A5CABB240 49] Android_Default, [0000025A614EE600][0000025A5CAC3500 49] Android_Adreno4xx, [0000025A61551400][0000025A5CAC77C0 49] Android_Adreno5xx_Low, [0000025A614EE400][0000025A5CACBA80 49] Android_Adreno5xx, [0000025A61550700][0000025A5CACE1C0 49] Android_Adreno6xx, [0000025A614EEC00][0000025A5CAD2480 49] Android_Adreno6xx_Vulkan, [0000025A61553B00][0000025A5CAD6740 49] Android_Mali_T6xx, [0000025A614EC500][0000025A5CADAA00 49] Android_Mali_T7xx, [0000025A61550300][0000025A5CADECC0 49] Android_Mali_T8xx, [0000025A614EF000][0000025A5CAE2F80 49] Android_Mali_G71, [0000025A61552900][0000025A5CABF200 49] Android_Mali_G72, [0000025A614EE500][0000025A5CAEB4C0 49] Android_Mali_G72_Vulkan, [0000025A61551B00][0000025A5CAEF780 49] Android_Mali_G76, [0000025A614EF100][0000025A5CAF3A40 49] Android_Mali_G76_Vulkan, [0000025A61551E00][0000025A5CAF6180 49] Android_Mali_G77, [0000025A614EFB00][0000025A5CAFA440 49] Android_Mali_G77_Vulkan, [0000025A61553C00][0000025A5CAFE700 49] Android_Mali_G78, [0000025A614EFF00][0000025A5CB029C0 49] Android_Mali_G78_Vulkan, [0000025A61552400][0000025A5CB06C80 49] Android_Mali_G710, [0000025A614ED300][0000025A5CB0AF40 49] Android_Mali_G710_Vulkan, [0000025A61553100][0000025A5CAE71C0 49] Android_Vulkan_SM5, [0000025A614E6400][0000025A5CB0F440 49] Android_PowerVR_G6xxx, [0000025A61551D00][0000025A5CB17700 49] Android_PowerVR_GT7xxx, [0000025A614E4100][0000025A5CB1B9C0 49] Android_PowerVR_GE8xxx, [0000025A61553200][0000025A5CB1E100 49] Android_PowerVR_GM9xxx, [0000025A614E4300][0000025A5CB223C0 49] Android_PowerVR_GM9xxx_Vulkan, [0000025A61553300][0000025A5CB26680 49] Android_TegraK1, [0000025A614E5600][0000025A5CB2A940 49] Android_Unknown_Vulkan, [0000025A61552000][0000025A5CB2EC00 49] Lumin, [0000025A614E4B00][0000025A5CB32EC0 49] Lumin_Desktop, [0000025A61550D00][0000025A5CB37180 49] HoloLens, 
[2022.12.03-17.08.11:175][  0]LogMeshReduction: Using QuadricMeshReduction for automatic static mesh reduction
[2022.12.03-17.08.11:175][  0]LogMeshReduction: Using SimplygonMeshReduction for automatic skeletal mesh reduction
[2022.12.03-17.08.11:176][  0]LogMeshReduction: Using ProxyLODMeshReduction for automatic mesh merging
[2022.12.03-17.08.11:176][  0]LogMeshReduction: No distributed automatic mesh merging module available
[2022.12.03-17.08.11:176][  0]LogMeshMerging: No distributed automatic mesh merging module available
[2022.12.03-17.08.11:186][  0]LogNetVersion: fpsgame 1.0.0, NetCL: 17155196, EngineNetVer: 17, GameNetVer: 0 (Checksum: 3215450660)
[2022.12.03-17.08.11:270][  0]LogTexture: Default maximum texture size for cubemaps generated from long-lat sources has been changed from 512 to unlimited. In order to preserve old behaiour for '/Engine/MapTemplates/Sky/DaylightAmbientCubemap.DaylightAmbientCubemap', its maximum texture size has been explicitly set to 512.
[2022.12.03-17.08.11:283][  0]LogHMD: PokeAHoleMaterial loaded successfully
[2022.12.03-17.08.11:341][  0]LogPython: Using Python 3.7.7
[2022.12.03-17.08.11:699][  0]LogNiagaraDebuggerClient: Niagara Debugger Client Initialized | Session: F69E917F41269B9AE419F38815DDCDC5 | Instance: 9870A7B54D0BD531F0705FA39F736182 (DESKTOP-QG36584-16916).
[2022.12.03-17.08.11:712][  0]LogCollectionManager: Loaded 0 collections in 0.001669 seconds
[2022.12.03-17.08.11:714][  0]LogFileCache: Scanning file cache for directory 'C:/Users/danie/Documents/Gamedev VR/game/UE4 game/fpsgame/Saved/Collections/' took 0.00s
[2022.12.03-17.08.11:714][  0]LogFileCache: Scanning file cache for directory 'C:/Users/danie/Documents/Gamedev VR/game/UE4 game/fpsgame/Content/Developers/danie/Collections/' took 0.00s
[2022.12.03-17.08.11:715][  0]LogFileCache: Scanning file cache for directory 'C:/Users/danie/Documents/Gamedev VR/game/UE4 game/fpsgame/Content/Collections/' took 0.00s
[2022.12.03-17.08.11:715][  0]LogCollectionManager: Fixed up redirectors for 0 collections in 0.000001 seconds (updated 0 objects)
[2022.12.03-17.08.11:805][  0]LogTcpMessaging: Initializing TcpMessaging bridge
[2022.12.03-17.08.11:807][  0]LogUdpMessaging: Initializing bridge on interface 0.0.0.0:0 to multicast group 230.0.0.1:6666.
[2022.12.03-17.08.11:858][  0]SourceControl: Source control is disabled
[2022.12.03-17.08.11:859][  0]SourceControl: Source control is disabled
[2022.12.03-17.08.11:860][  0]SourceControl: Source control is disabled
[2022.12.03-17.08.11:863][  0]LogUProjectInfo: Found projects:
[2022.12.03-17.08.11:896][  0]LogOpenImageDenoise: OIDN starting up
[2022.12.03-17.08.11:911][  0]LogAndroidPermission: UAndroidPermissionCallbackProxy::GetInstance
[2022.12.03-17.08.11:919][  0]LogAudioCaptureCore: Display: No Audio Capture implementations found. Audio input will be silent.
[2022.12.03-17.08.11:919][  0]LogAudioCaptureCore: Display: No Audio Capture implementations found. Audio input will be silent.
[2022.12.03-17.08.11:961][  0]LogOcInput: OculusInput pre-init called
[2022.12.03-17.08.11:969][  0]LogUObjectArray: 22050 objects as part of root set at end of initial load.
[2022.12.03-17.08.11:969][  0]LogUObjectAllocator: 5966448 out of 0 bytes used by permanent object pool.
[2022.12.03-17.08.11:969][  0]LogUObjectArray: CloseDisregardForGC: 0/0 objects in disregard for GC pool
[2022.12.03-17.08.12:000][  0]LogClass: Display: StructProperty FRewindDataStruct::SnapshotPosition is not initialized properly. Module:fpsgame File:RewindComponent.h
[2022.12.03-17.08.12:000][  0]LogClass: Display: StructProperty FRewindDataStruct::SnapshotRotation is not initialized properly. Module:fpsgame File:RewindComponent.h
[2022.12.03-17.08.12:001][  0]LogClass: Display: StructProperty FRewindDataStruct::SnapshotScale is not initialized properly. Module:fpsgame File:RewindComponent.h
[2022.12.03-17.08.12:001][  0]LogClass: Display: BoolProperty FWeaponRecoil::bHasRecoil is not initialized properly. Module:fpsgame File:WeaponActor.h
[2022.12.03-17.08.12:002][  0]LogClass: Display: BoolProperty FWeaponRecoil::bUsesControlRotationForHipfireRecoil is not initialized properly. Module:fpsgame File:WeaponActor.h
[2022.12.03-17.08.12:002][  0]LogClass: Warning: ObjectProperty FWeaponRecoil::RecoilVectorCurve is not initialized properly. Module:fpsgame File:WeaponActor.h
[2022.12.03-17.08.12:002][  0]LogClass: Display: FloatProperty FWeaponRecoil::RecoveryTime is not initialized properly. Module:fpsgame File:WeaponActor.h
[2022.12.03-17.08.12:002][  0]LogClass: Display: FloatProperty FWeaponStats::MaxRange is not initialized properly. Module:fpsgame File:WeaponActor.h
[2022.12.03-17.08.12:003][  0]LogClass: Display: FloatProperty FWeaponStats::FireRate is not initialized properly. Module:fpsgame File:WeaponActor.h
[2022.12.03-17.08.12:003][  0]LogClass: Display: IntProperty FWeaponStats::CartridgeBullets is not initialized properly. Module:fpsgame File:WeaponActor.h
[2022.12.03-17.08.12:003][  0]LogClass: Display: IntProperty FWeaponStats::BurstNumber is not initialized properly. Module:fpsgame File:WeaponActor.h
[2022.12.03-17.08.12:004][  0]LogClass: Display: FloatProperty FWeaponStats::BurstFireRate is not initialized properly. Module:fpsgame File:WeaponActor.h
[2022.12.03-17.08.12:004][  0]LogClass: Display: IntProperty FWeaponStats::MaxMagSize is not initialized properly. Module:fpsgame File:WeaponActor.h
[2022.12.03-17.08.12:005][  0]LogClass: Display: IntProperty FWeaponStats::MagAmmo is not initialized properly. Module:fpsgame File:WeaponActor.h
[2022.12.03-17.08.12:005][  0]LogClass: Display: FloatProperty FWeaponStats::BaseDamageTorso is not initialized properly. Module:fpsgame File:WeaponActor.h
[2022.12.03-17.08.12:005][  0]LogClass: Display: FloatProperty FWeaponStats::BaseDamageHead is not initialized properly. Module:fpsgame File:WeaponActor.h
[2022.12.03-17.08.12:006][  0]LogClass: Display: FloatProperty FWeaponStats::BaseDamageLegs is not initialized properly. Module:fpsgame File:WeaponActor.h
[2022.12.03-17.08.12:006][  0]LogClass: Display: FloatProperty FWeaponStats::BaseHipfireSpreadAngleInDegrees is not initialized properly. Module:fpsgame File:WeaponActor.h
[2022.12.03-17.08.12:006][  0]LogClass: Display: FloatProperty FWeaponStats::BaseMovementSpreadMultiplier is not initialized properly. Module:fpsgame File:WeaponActor.h
[2022.12.03-17.08.12:006][  0]LogClass: Display: EnumProperty FWeaponMetaData::GunModel is not initialized properly. Module:fpsgame File:WeaponActor.h
[2022.12.03-17.08.12:007][  0]LogClass: Display: EnumProperty FWeaponMetaData::WAWeaponType is not initialized properly. Module:fpsgame File:WeaponActor.h
[2022.12.03-17.08.12:007][  0]LogClass: Display: EnumProperty FWeaponMetaData::WAWeaponFireType is not initialized properly. Module:fpsgame File:WeaponActor.h
[2022.12.03-17.08.12:007][  0]LogClass: Display: EnumProperty FWeaponMetaData::WAWeaponHitDetectionType is not initialized properly. Module:fpsgame File:WeaponActor.h
[2022.12.03-17.08.12:008][  0]LogClass: Display: EnumProperty FWeaponMetaData::TypeOfEquip is not initialized properly. Module:fpsgame File:WeaponActor.h
[2022.12.03-17.08.12:008][  0]LogClass: Warning: ObjectProperty FWeaponVisualAssets::GunMesh is not initialized properly. Module:fpsgame File:WeaponActor.h
[2022.12.03-17.08.12:009][  0]LogClass: Warning: ObjectProperty FWeaponVisualAssets::TracerEffect is not initialized properly. Module:fpsgame File:WeaponActor.h
[2022.12.03-17.08.12:009][  0]LogClass: Warning: ObjectProperty FWeaponVisualAssets::MuzzleFlash is not initialized properly. Module:fpsgame File:WeaponActor.h
[2022.12.03-17.08.12:009][  0]LogClass: Display: StructProperty FWeaponPositionalDetails::BasePosition is not initialized properly. Module:fpsgame File:WeaponActor.h
[2022.12.03-17.08.12:009][  0]LogClass: Display: StructProperty FWeaponPositionalDetails::BaseRotation is not initialized properly. Module:fpsgame File:WeaponActor.h
[2022.12.03-17.08.12:010][  0]LogClass: Display: StructProperty FWeaponPositionalDetails::BaseScale is not initialized properly. Module:fpsgame File:WeaponActor.h
[2022.12.03-17.08.12:010][  0]LogClass: Display: StructProperty FWeaponPositionalDetails::TPBaseScale is not initialized properly. Module:fpsgame File:WeaponActor.h
[2022.12.03-17.08.12:011][  0]LogClass: Display: StructProperty FWeaponPositionalDetails::TPBaseRotation is not initialized properly. Module:fpsgame File:WeaponActor.h
[2022.12.03-17.08.12:011][  0]LogClass: Display: StructProperty FWeaponPositionalDetails::TPBasePosition is not initialized properly. Module:fpsgame File:WeaponActor.h
[2022.12.03-17.08.12:011][  0]LogClass: Display: StructProperty FWeaponPositionalDetails::MuzzlePosition is not initialized properly. Module:fpsgame File:WeaponActor.h
[2022.12.03-17.08.12:012][  0]LogClass: Display: 34 Uninitialized script struct members found including 4 object properties
[2022.12.03-17.08.12:013][  0]LogAutomationTest: Warning: ObjectProperty FWeaponRecoil::RecoilVectorCurve is not initialized properly. Module:fpsgame File:WeaponActor.h
[2022.12.03-17.08.12:014][  0]LogAutomationTest: Warning: ObjectProperty FWeaponVisualAssets::GunMesh is not initialized properly. Module:fpsgame File:WeaponActor.h
[2022.12.03-17.08.12:017][  0]LogAutomationTest: Warning: ObjectProperty FWeaponVisualAssets::TracerEffect is not initialized properly. Module:fpsgame File:WeaponActor.h
[2022.12.03-17.08.12:018][  0]LogAutomationTest: Warning: ObjectProperty FWeaponVisualAssets::MuzzleFlash is not initialized properly. Module:fpsgame File:WeaponActor.h
[2022.12.03-17.08.12:018][  0]LogEngine: Initializing Engine...
[2022.12.03-17.08.12:020][  0]LogStats: UGameplayTagsManager::InitializeManager -  0.000 s
[2022.12.03-17.08.12:032][  0]LogInit: Initializing FReadOnlyCVARCache
[2022.12.03-17.08.12:032][  0]LogNetVersion: Set ProjectVersion to 1.0.0.0. Version Checksum will be recalculated on next use.
[2022.12.03-17.08.12:034][  0]LogInit: Texture streaming: Disabled
[2022.12.03-17.08.12:060][  0]LogInit: Display: Game Engine Initialized.
[2022.12.03-17.08.12:060][  0]LogNiagaraEditor: GEditor isn't valid! Particle reset commands will not work for Niagara components!
[2022.12.03-17.08.12:100][  0]LogInit: Display: Starting Game.
[2022.12.03-17.08.12:100][  0]LogNet: Browse: /Game/Maps/TestMap?Name=Player
[2022.12.03-17.08.12:101][  0]LogLoad: LoadMap: /Game/Maps/TestMap?Name=Player
[2022.12.03-17.08.12:101][  0]LogWorld: BeginTearingDown for /Temp/Untitled_0
[2022.12.03-17.08.12:103][  0]LogWorld: UWorld::CleanupWorld for Untitled, bSessionEnded=true, bCleanupResources=true
[2022.12.03-17.08.12:112][  0]LogUObjectHash: Compacting FUObjectHashTables data took   0.93ms
[2022.12.03-17.08.12:222][  0]LogAIModule: Creating AISystem for world TestMap
[2022.12.03-17.08.12:405][  0]LogLoad: Game class is 'BP_FPSGameModeDefault_C'
[2022.12.03-17.08.12:405][  0]LogNet: PktLoss set to 0
[2022.12.03-17.08.12:406][  0]LogNet: PktLagMin set to 0
[2022.12.03-17.08.12:406][  0]LogNet: PktLagMax set to 0
[2022.12.03-17.08.12:406][  0]LogNet: PktIncomingLagMin set to 0
[2022.12.03-17.08.12:407][  0]LogNet: PktIncomingLagMax set to 0
[2022.12.03-17.08.12:407][  0]LogNet: PktIncomingLoss set to 0
[2022.12.03-17.08.12:407][  0]LogNet: PktLoss set to 0
[2022.12.03-17.08.12:408][  0]LogNet: PktLagMin set to 0
[2022.12.03-17.08.12:408][  0]LogNet: PktLagMax set to 0
[2022.12.03-17.08.12:408][  0]LogNet: PktIncomingLagMin set to 0
[2022.12.03-17.08.12:409][  0]LogNet: PktIncomingLagMax set to 0
[2022.12.03-17.08.12:409][  0]LogNet: PktIncomingLoss set to 0
[2022.12.03-17.08.12:409][  0]LogNet: PktLoss set to 0
[2022.12.03-17.08.12:410][  0]LogNet: PktLagMin set to 0
[2022.12.03-17.08.12:410][  0]LogNet: PktLagMax set to 0
[2022.12.03-17.08.12:411][  0]LogNet: PktIncomingLagMin set to 0
[2022.12.03-17.08.12:411][  0]LogNet: PktIncomingLagMax set to 0
[2022.12.03-17.08.12:411][  0]LogNet: PktIncomingLoss set to 0
[2022.12.03-17.08.12:412][  0]LogNet: ReplicationDriverClass is null! Not using ReplicationDriver.
[2022.12.03-17.08.12:412][  0]LogNetCore: DDoS detection status: detection enabled: 0 analytics enabled: 0
[2022.12.03-17.08.12:412][  0]LogInit: WinSock: Socket queue. Rx: 131072 (config 131072) Tx: 131072 (config 131072)
[2022.12.03-17.08.12:413][  0]LogNet: Created socket for bind address: 0.0.0.0 on port 17777
[2022.12.03-17.08.12:413][  0]PacketHandlerLog: Loaded PacketHandler component: Engine.EngineHandlerComponentFactory (StatelessConnectHandlerComponent)
[2022.12.03-17.08.12:413][  0]LogNet: GameNetDriver IpNetDriver_0 IpNetDriver listening on port 17777
[2022.12.03-17.08.12:419][  0]LogWorld: Bringing World /Game/Maps/TestMap.TestMap up for play (max tick rate 30) at 2022.12.03-17.08.12
[2022.12.03-17.08.12:419][  0]LogWorld: Bringing up level for play took: 0.004870
[2022.12.03-17.08.12:419][  0]LogGameMode: Display: Match State Changed from EnteringMap to WaitingToStart
[2022.12.03-17.08.12:420][  0]LogGameState: Match State Changed from EnteringMap to WaitingToStart
[2022.12.03-17.08.12:420][  0]LogLoad: Took 0.318809 seconds to LoadMap(/Game/Maps/TestMap)
[2022.12.03-17.08.12:425][  0]LogInit: Display: Engine is initialized. Leaving FEngineLoop::Init()
[2022.12.03-17.08.12:425][  0]LogLoad: (Engine Initialization) Total time: 4.67 seconds
[2022.12.03-17.08.12:425][  0]LogLoad: (Engine Initialization) Total Blueprint compile time: 0.00 seconds
[2022.12.03-17.08.12:659][  6]LogNet: NotifyAcceptingConnection accepted from: 127.0.0.1:49803
[2022.12.03-17.08.12:659][  6]LogHandshake: SendConnectChallenge. Timestamp: 0.233042, Cookie: 020093073205098000141068056091046086154021020161012021117191
[2022.12.03-17.08.12:692][  7]LogNet: NotifyAcceptingConnection accepted from: 127.0.0.1:49803
[2022.12.03-17.08.12:692][  7]LogHandshake: SendChallengeAck. InCookie: 020093073205098000141068056091046086154021020161012021117191
[2022.12.03-17.08.12:692][  7]LogNet: Server accepting post-challenge connection from: 127.0.0.1:49803
[2022.12.03-17.08.12:693][  7]PacketHandlerLog: Loaded PacketHandler component: Engine.EngineHandlerComponentFactory (StatelessConnectHandlerComponent)
[2022.12.03-17.08.12:693][  7]LogNet: NotifyAcceptedConnection: Name: TestMap, TimeStamp: 12/03/22 17:08:12, [UNetConnection] RemoteAddr: 127.0.0.1:49803, Name: IpConnection_0, Driver: GameNetDriver IpNetDriver_0, IsServer: YES, PC: NULL, Owner: NULL, UniqueId: INVALID
[2022.12.03-17.08.12:693][  7]LogNet: AddClientConnection: Added client connection: [UNetConnection] RemoteAddr: 127.0.0.1:49803, Name: IpConnection_0, Driver: GameNetDriver IpNetDriver_0, IsServer: YES, PC: NULL, Owner: NULL, UniqueId: INVALID
[2022.12.03-17.08.12:694][  7]LogNet: NotifyAcceptingChannel Control 0 server World /Game/Maps/TestMap.TestMap: Accepted
[2022.12.03-17.08.12:694][  7]LogNet: Remote platform little endian=1
[2022.12.03-17.08.12:694][  7]LogNet: This platform little endian=1
[2022.12.03-17.08.12:695][  7]LogNetVersion: fpsgame 1.0.0.0, NetCL: 17155196, EngineNetVer: 17, GameNetVer: 0 (Checksum: 1484303137)
[2022.12.03-17.08.12:725][  8]LogNet: Login request: ?PktLagMin=0?PktLagMax=0?PktLoss=0?PktIncomingLagMin=0?PktIncomingLagMax=0?PktIncomingLoss=0?Name=DESKTOP-QG36584-42190A3842EAEE783B9D68A5E45F3589 userId: NULL:DESKTOP-QG36584-42190A3842EAEE783B9D68A5E45F3589 platform: NULL
[2022.12.03-17.08.12:758][  9]LogNet: Client netspeed is 100000
[2022.12.03-17.08.12:791][ 10]LogNet: Join request: /Engine/Maps/Entry?PktLagMin=0?PktLagMax=0?PktLoss=0?PktIncomingLagMin=0?PktIncomingLagMax=0?PktIncomingLoss=0?Name=DESKTOP-QG36584-42190A3842EAEE783B9D68A5E45F3589?SplitscreenCount=1
[2022.12.03-17.08.12:791][ 10]LogOnlineSession: Warning: OSS: No game present to join for session (GameSession)
[2022.12.03-17.08.12:793][ 10]LogGameMode: Display: Match State Changed from WaitingToStart to InProgress
[2022.12.03-17.08.12:794][ 10]LogTemp: Warning: Numebr of rewind components = 1
[2022.12.03-17.08.12:795][ 10]LogGameState: Match State Changed from WaitingToStart to InProgress
[2022.12.03-17.08.12:795][ 10]LogNet: Join succeeded: DESKTOP-QG36584-4219
[2022.12.03-17.08.13:222][ 23]LogNet: NotifyAcceptingConnection accepted from: 127.0.0.1:49806
[2022.12.03-17.08.13:222][ 23]LogHandshake: SendConnectChallenge. Timestamp: 0.795575, Cookie: 080138123014025194151185236051226075039100159071182165205103
[2022.12.03-17.08.13:255][ 24]LogNet: NotifyAcceptingConnection accepted from: 127.0.0.1:49806
[2022.12.03-17.08.13:255][ 24]LogHandshake: SendChallengeAck. InCookie: 080138123014025194151185236051226075039100159071182165205103
[2022.12.03-17.08.13:256][ 24]LogNet: Server accepting post-challenge connection from: 127.0.0.1:49806
[2022.12.03-17.08.13:256][ 24]PacketHandlerLog: Loaded PacketHandler component: Engine.EngineHandlerComponentFactory (StatelessConnectHandlerComponent)
[2022.12.03-17.08.13:256][ 24]LogNet: NotifyAcceptedConnection: Name: TestMap, TimeStamp: 12/03/22 17:08:13, [UNetConnection] RemoteAddr: 127.0.0.1:49806, Name: IpConnection_1, Driver: GameNetDriver IpNetDriver_0, IsServer: YES, PC: NULL, Owner: NULL, UniqueId: INVALID
[2022.12.03-17.08.13:257][ 24]LogNet: AddClientConnection: Added client connection: [UNetConnection] RemoteAddr: 127.0.0.1:49806, Name: IpConnection_1, Driver: GameNetDriver IpNetDriver_0, IsServer: YES, PC: NULL, Owner: NULL, UniqueId: INVALID
[2022.12.03-17.08.13:257][ 24]LogNet: NotifyAcceptingChannel Control 0 server World /Game/Maps/TestMap.TestMap: Accepted
[2022.12.03-17.08.13:257][ 24]LogNet: Remote platform little endian=1
[2022.12.03-17.08.13:258][ 24]LogNet: This platform little endian=1
[2022.12.03-17.08.13:289][ 25]LogNet: Login request: ?Name=DESKTOP-QG36584-F02F85394E67237AA2D0A9B57D999E89 userId: NULL:DESKTOP-QG36584-F02F85394E67237AA2D0A9B57D999E89 platform: NULL
[2022.12.03-17.08.13:619][ 35]LogNet: Client netspeed is 100000
[2022.12.03-17.08.13:619][ 35]LogNet: Join request: /Engine/Maps/Entry?Name=DESKTOP-QG36584-F02F85394E67237AA2D0A9B57D999E89?SplitscreenCount=1
[2022.12.03-17.08.13:620][ 35]LogOnlineSession: Warning: OSS: No game present to join for session (GameSession)
[2022.12.03-17.08.13:621][ 35]LogTemp: Warning: Numebr of rewind components = 2
[2022.12.03-17.08.13:622][ 35]LogNet: Join succeeded: DESKTOP-QG36584-F02F
[2022.12.03-17.08.16:338][117]LogTemp: Warning: RELIABLE SPRINT RPC CALL
[2022.12.03-17.08.16:934][135]LogTemp: Warning: RELIABLE SPRINT RPC CALL
[2022.12.03-17.08.17:000][137]LogTemp: Warning: Reliable pickup call
[2022.12.03-17.08.17:001][137]LogTemp: Warning: diarrhea
[2022.12.03-17.08.17:001][137]LogTemp: Warning: prime
[2022.12.03-17.08.17:001][137]LogTemp: Warning: SERVER: Log no. 0
[2022.12.03-17.08.17:002][137]LogTemp: Warning: TP attach
[2022.12.03-17.08.17:003][137]LogTemp: Warning: Switch primary rpc call
[2022.12.03-17.08.17:004][137]LogTemp: Warning: prime
[2022.12.03-17.08.17:004][137]LogTemp: Warning: SERVER: Log no. 1
[2022.12.03-17.08.17:005][137]LogTemp: Warning: TP attach
[2022.12.03-17.08.17:695][158]LogTemp: Warning: Weapon name: None
[2022.12.03-17.08.17:695][158]LogTemp: Warning: Blocking
[2022.12.03-17.08.17:696][158]LogTemp: Warning: start, -23.433838
[2022.12.03-17.08.17:697][158]LogTemp: Warning: bIsFiring = true
[2022.12.03-17.08.17:697][158]LogTemp: Warning: recoilpitch = 0.000000
[2022.12.03-17.08.17:697][158]LogTemp: Warning: ControlPitch = 336.566162
[2022.12.03-17.08.17:697][158]LogTemp: Warning: Current rotation b4 = 336.566162
[2022.12.03-17.08.17:698][158]LogTemp: Warning: New rotation b4 = 336.566162
[2022.12.03-17.08.17:728][159]LogTemp: Warning: bIsFiring = true
[2022.12.03-17.08.17:729][159]LogTemp: Warning: recoilpitch = 0.000000
[2022.12.03-17.08.17:729][159]LogTemp: Warning: ControlPitch = 336.566162
[2022.12.03-17.08.17:730][159]LogTemp: Warning: Current rotation b4 = 336.566162
[2022.12.03-17.08.17:730][159]LogTemp: Warning: New rotation b4 = 336.566162
[2022.12.03-17.08.17:762][160]LogTemp: Warning: bIsFiring = true
[2022.12.03-17.08.17:762][160]LogTemp: Warning: recoilpitch = 1.428274
[2022.12.03-17.08.17:763][160]LogTemp: Warning: ControlPitch = 336.566162
[2022.12.03-17.08.17:763][160]LogTemp: Warning: Current rotation b4 = 336.566162
[2022.12.03-17.08.17:764][160]LogTemp: Warning: New rotation b4 = 337.994446
[2022.12.03-17.08.17:795][161]LogTemp: Warning: Weapon name: None
[2022.12.03-17.08.17:795][161]LogTemp: Warning: Blocking
[2022.12.03-17.08.17:796][161]LogTemp: Warning: bIsFiring = true
[2022.12.03-17.08.17:796][161]LogTemp: Warning: recoilpitch = 2.900445
[2022.12.03-17.08.17:797][161]LogTemp: Warning: ControlPitch = 337.994385
[2022.12.03-17.08.17:797][161]LogTemp: Warning: Current rotation b4 = 337.994385
[2022.12.03-17.08.17:797][161]LogTemp: Warning: New rotation b4 = 339.466553
[2022.12.03-17.08.17:829][162]LogTemp: Warning: bIsFiring = true
[2022.12.03-17.08.17:830][162]LogTemp: Warning: recoilpitch = 3.500018
[2022.12.03-17.08.17:830][162]LogTemp: Warning: ControlPitch = 339.466553
[2022.12.03-17.08.17:830][162]LogTemp: Warning: Current rotation b4 = 339.466553
[2022.12.03-17.08.17:831][162]LogTemp: Warning: New rotation b4 = 340.066132
[2022.12.03-17.08.17:862][163]LogTemp: Warning: bIsFiring = true
[2022.12.03-17.08.17:863][163]LogTemp: Warning: recoilpitch = 3.616939
[2022.12.03-17.08.17:863][163]LogTemp: Warning: ControlPitch = 340.065308
[2022.12.03-17.08.17:863][163]LogTemp: Warning: Current rotation b4 = 340.065308
[2022.12.03-17.08.17:864][163]LogTemp: Warning: New rotation b4 = 340.182220
[2022.12.03-17.08.17:896][164]LogTemp: Warning: Weapon name: None
[2022.12.03-17.08.17:897][164]LogTemp: Warning: Blocking
[2022.12.03-17.08.17:897][164]LogTemp: Warning: bIsFiring = true
[2022.12.03-17.08.17:898][164]LogTemp: Warning: recoilpitch = 3.957222
[2022.12.03-17.08.17:898][164]LogTemp: Warning: ControlPitch = 340.180664
[2022.12.03-17.08.17:898][164]LogTemp: Warning: Current rotation b4 = 340.180664
[2022.12.03-17.08.17:898][164]LogTemp: Warning: New rotation b4 = 340.520935
[2022.12.03-17.08.17:929][165]LogTemp: Warning: bIsFiring = true
[2022.12.03-17.08.17:930][165]LogTemp: Warning: recoilpitch = 4.307899
[2022.12.03-17.08.17:930][165]LogTemp: Warning: ControlPitch = 340.521240
[2022.12.03-17.08.17:931][165]LogTemp: Warning: Current rotation b4 = 340.521240
[2022.12.03-17.08.17:931][165]LogTemp: Warning: New rotation b4 = 340.871918
[2022.12.03-17.08.17:962][166]LogTemp: Warning: bIsFiring = true
[2022.12.03-17.08.17:963][166]LogTemp: Warning: recoilpitch = 4.648154
[2022.12.03-17.08.17:963][166]LogTemp: Warning: ControlPitch = 340.872803
[2022.12.03-17.08.17:964][166]LogTemp: Warning: Current rotation b4 = 340.872803
[2022.12.03-17.08.17:964][166]LogTemp: Warning: New rotation b4 = 341.213074
[2022.12.03-17.08.17:996][167]LogTemp: Warning: Weapon name: None
[2022.12.03-17.08.17:996][167]LogTemp: Warning: Blocking
[2022.12.03-17.08.17:997][167]LogTemp: Warning: bIsFiring = true
[2022.12.03-17.08.17:998][167]LogTemp: Warning: recoilpitch = 4.988450
[2022.12.03-17.08.17:998][167]LogTemp: Warning: ControlPitch = 341.213379
[2022.12.03-17.08.17:999][167]LogTemp: Warning: Current rotation b4 = 341.213379
[2022.12.03-17.08.17:999][167]LogTemp: Warning: New rotation b4 = 341.553680
[2022.12.03-17.08.18:030][168]LogTemp: Warning: bIsFiring = true
[2022.12.03-17.08.18:030][168]LogTemp: Warning: recoilpitch = 5.339055
[2022.12.03-17.08.18:031][168]LogTemp: Warning: ControlPitch = 341.553955
[2022.12.03-17.08.18:031][168]LogTemp: Warning: Current rotation b4 = 341.553955
[2022.12.03-17.08.18:032][168]LogTemp: Warning: New rotation b4 = 341.904541
[2022.12.03-17.08.18:063][169]LogTemp: Warning: bIsFiring = true
[2022.12.03-17.08.18:064][169]LogTemp: Warning: recoilpitch = 5.689678
[2022.12.03-17.08.18:064][169]LogTemp: Warning: ControlPitch = 341.905518
[2022.12.03-17.08.18:065][169]LogTemp: Warning: Current rotation b4 = 341.905518
[2022.12.03-17.08.18:066][169]LogTemp: Warning: New rotation b4 = 342.256134
[2022.12.03-17.08.18:097][170]LogTemp: Warning: Weapon name: None
[2022.12.03-17.08.18:098][170]LogTemp: Warning: Blocking
[2022.12.03-17.08.18:099][170]LogTemp: Warning: bIsFiring = true
[2022.12.03-17.08.18:099][170]LogTemp: Warning: recoilpitch = 6.030016
[2022.12.03-17.08.18:099][170]LogTemp: Warning: ControlPitch = 342.257080
[2022.12.03-17.08.18:100][170]LogTemp: Warning: Current rotation b4 = 342.257080
[2022.12.03-17.08.18:100][170]LogTemp: Warning: New rotation b4 = 342.597443
[2022.12.03-17.08.18:130][171]LogTemp: Warning: bIsFiring = true
[2022.12.03-17.08.18:131][171]LogTemp: Warning: recoilpitch = 6.380592
[2022.12.03-17.08.18:131][171]LogTemp: Warning: ControlPitch = 342.597656
[2022.12.03-17.08.18:132][171]LogTemp: Warning: Current rotation b4 = 342.597656
[2022.12.03-17.08.18:132][171]LogTemp: Warning: New rotation b4 = 342.948212
[2022.12.03-17.08.18:164][172]LogTemp: Warning: bIsFiring = true
[2022.12.03-17.08.18:165][172]LogTemp: Warning: recoilpitch = 6.720899
[2022.12.03-17.08.18:166][172]LogTemp: Warning: ControlPitch = 342.949219
[2022.12.03-17.08.18:166][172]LogTemp: Warning: Current rotation b4 = 342.949219
[2022.12.03-17.08.18:166][172]LogTemp: Warning: New rotation b4 = 343.289520
[2022.12.03-17.08.18:197][173]LogTemp: Warning: Weapon name: None
[2022.12.03-17.08.18:198][173]LogTemp: Warning: Blocking
[2022.12.03-17.08.18:199][173]LogTemp: Warning: bIsFiring = true
[2022.12.03-17.08.18:199][173]LogTemp: Warning: recoilpitch = 7.071542
[2022.12.03-17.08.18:200][173]LogTemp: Warning: ControlPitch = 343.289795
[2022.12.03-17.08.18:200][173]LogTemp: Warning: Current rotation b4 = 343.289795
[2022.12.03-17.08.18:201][173]LogTemp: Warning: New rotation b4 = 343.640442
[2022.12.03-17.08.18:230][174]LogTemp: Warning: bIsFiring = true
[2022.12.03-17.08.18:231][174]LogTemp: Warning: recoilpitch = 7.411834
[2022.12.03-17.08.18:231][174]LogTemp: Warning: ControlPitch = 343.641357
[2022.12.03-17.08.18:232][174]LogTemp: Warning: Current rotation b4 = 343.641357
[2022.12.03-17.08.18:232][174]LogTemp: Warning: New rotation b4 = 343.981659
[2022.12.03-17.08.18:264][175]LogTemp: Warning: bIsFiring = true
[2022.12.03-17.08.18:264][175]LogTemp: Warning: recoilpitch = 7.752171
[2022.12.03-17.08.18:265][175]LogTemp: Warning: ControlPitch = 343.981934
[2022.12.03-17.08.18:265][175]LogTemp: Warning: Current rotation b4 = 343.981934
[2022.12.03-17.08.18:265][175]LogTemp: Warning: New rotation b4 = 344.322266
[2022.12.03-17.08.18:297][176]LogTemp: Warning: Weapon name: None
[2022.12.03-17.08.18:298][176]LogTemp: Warning: Blocking
[2022.12.03-17.08.18:299][176]LogTemp: Warning: bIsFiring = true
[2022.12.03-17.08.18:299][176]LogTemp: Warning: recoilpitch = 8.102741
[2022.12.03-17.08.18:299][176]LogTemp: Warning: ControlPitch = 344.322510
[2022.12.03-17.08.18:300][176]LogTemp: Warning: Current rotation b4 = 344.322510
[2022.12.03-17.08.18:300][176]LogTemp: Warning: New rotation b4 = 344.673096
[2022.12.03-17.08.18:331][177]LogTemp: Warning: bIsFiring = true
[2022.12.03-17.08.18:332][177]LogTemp: Warning: recoilpitch = 8.443021
[2022.12.03-17.08.18:332][177]LogTemp: Warning: ControlPitch = 344.674072
[2022.12.03-17.08.18:333][177]LogTemp: Warning: Current rotation b4 = 344.674072
[2022.12.03-17.08.18:333][177]LogTemp: Warning: New rotation b4 = 345.014343
[2022.12.03-17.08.18:364][178]LogTemp: Warning: bIsFiring = true
[2022.12.03-17.08.18:365][178]LogTemp: Warning: recoilpitch = 8.793648
[2022.12.03-17.08.18:365][178]LogTemp: Warning: ControlPitch = 345.014648
[2022.12.03-17.08.18:366][178]LogTemp: Warning: Current rotation b4 = 345.014648
[2022.12.03-17.08.18:366][178]LogTemp: Warning: New rotation b4 = 345.365265
[2022.12.03-17.08.18:397][179]LogTemp: Warning: Weapon name: None
[2022.12.03-17.08.18:397][179]LogTemp: Warning: Blocking
[2022.12.03-17.08.18:399][179]LogTemp: Warning: Continuing
[2022.12.03-17.08.18:400][179]LogTemp: Warning: bIsFiring = true
[2022.12.03-17.08.18:400][179]LogTemp: Warning: recoilpitch = 9.133947
[2022.12.03-17.08.18:400][179]LogTemp: Warning: ControlPitch = 345.366211
[2022.12.03-17.08.18:401][179]LogTemp: Warning: Current rotation b4 = 345.366211
[2022.12.03-17.08.18:401][179]LogTemp: Warning: New rotation b4 = 345.706512
[2022.12.03-17.08.18:430][180]LogTemp: Warning: bIsFiring = true
[2022.12.03-17.08.18:431][180]LogTemp: Warning: recoilpitch = 9.474285
[2022.12.03-17.08.18:432][180]LogTemp: Warning: ControlPitch = 345.706787
[2022.12.03-17.08.18:432][180]LogTemp: Warning: Current rotation b4 = 345.706787
[2022.12.03-17.08.18:432][180]LogTemp: Warning: New rotation b4 = 346.047119
[2022.12.03-17.08.18:464][181]LogTemp: Warning: bIsFiring = true
[2022.12.03-17.08.18:465][181]LogTemp: Warning: recoilpitch = 9.814545
[2022.12.03-17.08.18:466][181]LogTemp: Warning: ControlPitch = 346.047363
[2022.12.03-17.08.18:466][181]LogTemp: Warning: Current rotation b4 = 346.047363
[2022.12.03-17.08.18:466][181]LogTemp: Warning: New rotation b4 = 346.387634
[2022.12.03-17.08.18:497][182]LogTemp: Warning: Weapon name: None
[2022.12.03-17.08.18:498][182]LogTemp: Warning: Blocking
[2022.12.03-17.08.18:498][182]LogTemp: Warning: Continuing
[2022.12.03-17.08.18:499][182]LogTemp: Warning: bIsFiring = true
[2022.12.03-17.08.18:499][182]LogTemp: Warning: recoilpitch = 10.154839
[2022.12.03-17.08.18:499][182]LogTemp: Warning: ControlPitch = 346.387939
[2022.12.03-17.08.18:500][182]LogTemp: Warning: Current rotation b4 = 346.387939
[2022.12.03-17.08.18:500][182]LogTemp: Warning: New rotation b4 = 346.728241
[2022.12.03-17.08.18:531][183]LogTemp: Warning: bIsFiring = true
[2022.12.03-17.08.18:532][183]LogTemp: Warning: recoilpitch = 10.500385
[2022.12.03-17.08.18:532][183]LogTemp: Warning: ControlPitch = 346.552734
[2022.12.03-17.08.18:533][183]LogTemp: Warning: Current rotation b4 = 346.552734
[2022.12.03-17.08.18:533][183]LogTemp: Warning: New rotation b4 = 346.898285
[2022.12.03-17.08.18:564][184]LogTemp: Warning: bIsFiring = true
[2022.12.03-17.08.18:564][184]LogTemp: Warning: recoilpitch = 10.850986
[2022.12.03-17.08.18:565][184]LogTemp: Warning: ControlPitch = 346.898804
[2022.12.03-17.08.18:565][184]LogTemp: Warning: Current rotation b4 = 346.898804
[2022.12.03-17.08.18:566][184]LogTemp: Warning: New rotation b4 = 347.249390
[2022.12.03-17.08.18:598][185]LogTemp: Warning: Weapon name: None
[2022.12.03-17.08.18:599][185]LogTemp: Warning: Blocking
[2022.12.03-17.08.18:599][185]LogTemp: Warning: Continuing
[2022.12.03-17.08.18:600][185]LogTemp: Warning: bIsFiring = true
[2022.12.03-17.08.18:600][185]LogTemp: Warning: recoilpitch = 11.191331
[2022.12.03-17.08.18:600][185]LogTemp: Warning: ControlPitch = 346.734009
[2022.12.03-17.08.18:601][185]LogTemp: Warning: Current rotation b4 = 346.734009
[2022.12.03-17.08.18:601][185]LogTemp: Warning: New rotation b4 = 347.074371
[2022.12.03-17.08.18:631][186]LogTemp: Warning: bIsFiring = true
[2022.12.03-17.08.18:631][186]LogTemp: Warning: recoilpitch = 11.536829
[2022.12.03-17.08.18:632][186]LogTemp: Warning: ControlPitch = 347.074585
[2022.12.03-17.08.18:632][186]LogTemp: Warning: Current rotation b4 = 347.074585
[2022.12.03-17.08.18:632][186]LogTemp: Warning: New rotation b4 = 347.420074
[2022.12.03-17.08.18:664][187]LogTemp: Warning: bIsFiring = true
[2022.12.03-17.08.18:665][187]LogTemp: Warning: recoilpitch = 11.877146
[2022.12.03-17.08.18:665][187]LogTemp: Warning: ControlPitch = 347.420654
[2022.12.03-17.08.18:666][187]LogTemp: Warning: Current rotation b4 = 347.420654
[2022.12.03-17.08.18:666][187]LogTemp: Warning: New rotation b4 = 347.760956
[2022.12.03-17.08.18:697][188]LogTemp: Warning: Weapon name: None
[2022.12.03-17.08.18:697][188]LogTemp: Warning: Blocking
[2022.12.03-17.08.18:698][188]LogTemp: Warning: Continuing
[2022.12.03-17.08.18:699][188]LogTemp: Warning: bIsFiring = true
[2022.12.03-17.08.18:699][188]LogTemp: Warning: recoilpitch = 12.222630
[2022.12.03-17.08.18:699][188]LogTemp: Warning: ControlPitch = 347.761230
[2022.12.03-17.08.18:700][188]LogTemp: Warning: Current rotation b4 = 347.761230
[2022.12.03-17.08.18:700][188]LogTemp: Warning: New rotation b4 = 348.106720
[2022.12.03-17.08.18:731][189]LogTemp: Warning: bIsFiring = false
[2022.12.03-17.08.18:732][189]LogTemp: Warning: recoilpitch = 12.554523
[2022.12.03-17.08.18:733][189]LogTemp: Warning: ControlPitch = 347.579956
[2022.12.03-17.08.18:733][189]LogTemp: Warning: Current rotation b4 = 347.579956
[2022.12.03-17.08.18:733][189]LogTemp: Warning: New rotation b4 = 347.911865
[2022.12.03-17.08.18:734][189]LogTemp: Warning: bIsFiring not true
[2022.12.03-17.08.18:734][189]LogTemp: Warning: Recoilstop
[2022.12.03-17.08.18:735][189]LogTemp: Warning: RecoStart
[2022.12.03-17.08.18:764][190]LogTemp: Warning: SEIZURES
[2022.12.03-17.08.18:765][190]LogTemp: Warning: Control -12.090454
[2022.12.03-17.08.18:765][190]LogTemp: Warning: Start -23.433838
[2022.12.03-17.08.18:766][190]LogTemp: Warning: Current rotation b4 = 347.909546
[2022.12.03-17.08.18:766][190]LogTemp: Warning: New rotation b4 = -16.237823
[2022.12.03-17.08.18:797][191]LogTemp: Warning: SEIZURES
[2022.12.03-17.08.18:798][191]LogTemp: Warning: Control -16.237793
[2022.12.03-17.08.18:799][191]LogTemp: Warning: Start -23.433838
[2022.12.03-17.08.18:799][191]LogTemp: Warning: Current rotation b4 = 343.762207
[2022.12.03-17.08.18:799][191]LogTemp: Warning: New rotation b4 = -20.383972
[2022.12.03-17.08.18:830][192]LogTemp: Warning: SEIZURES
[2022.12.03-17.08.18:831][192]LogTemp: Warning: Control -20.385132
[2022.12.03-17.08.18:831][192]LogTemp: Warning: Start -23.433838
[2022.12.03-17.08.18:831][192]LogTemp: Warning: Current rotation b4 = 339.614868
[2022.12.03-17.08.18:832][192]LogTemp: Warning: New rotation b4 = -24.531982
[2022.12.03-17.08.18:863][193]LogTemp: Warning: SEIZURES
[2022.12.03-17.08.18:864][193]LogTemp: Warning: Control -24.532471
[2022.12.03-17.08.18:864][193]LogTemp: Warning: Start -23.433838
[2022.12.03-17.08.18:865][193]LogTemp: Warning: Current rotation b4 = 335.467529
[2022.12.03-17.08.18:865][193]LogTemp: Warning: New rotation b4 = -28.678528
[2022.12.03-17.08.18:896][194]LogTemp: Warning: SEIZURES
[2022.12.03-17.08.18:896][194]LogTemp: Warning: Control -28.679810
[2022.12.03-17.08.18:897][194]LogTemp: Warning: Start -23.433838
[2022.12.03-17.08.18:897][194]LogTemp: Warning: Current rotation b4 = 331.320190
[2022.12.03-17.08.18:898][194]LogTemp: Warning: New rotation b4 = -32.826569
[2022.12.03-17.08.18:929][195]LogTemp: Warning: SEIZURES
[2022.12.03-17.08.18:930][195]LogTemp: Warning: Control -32.827148
[2022.12.03-17.08.18:930][195]LogTemp: Warning: Start -23.433838
[2022.12.03-17.08.18:931][195]LogTemp: Warning: Current rotation b4 = 327.172852
[2022.12.03-17.08.18:931][195]LogTemp: Warning: New rotation b4 = -36.974121
[2022.12.03-17.08.18:963][196]LogTemp: Warning: SEIZURES
[2022.12.03-17.08.18:963][196]LogTemp: Warning: Control -36.974487
[2022.12.03-17.08.18:964][196]LogTemp: Warning: Start -23.433838
[2022.12.03-17.08.18:964][196]LogTemp: Warning: Current rotation b4 = 323.025513
[2022.12.03-17.08.18:964][196]LogTemp: Warning: New rotation b4 = -41.247833
[2022.12.03-17.08.18:996][197]LogTemp: Warning: SEIZURES
[2022.12.03-17.08.18:997][197]LogTemp: Warning: Control -41.248169
[2022.12.03-17.08.18:997][197]LogTemp: Warning: Start -23.433838
[2022.12.03-17.08.18:997][197]LogTemp: Warning: Current rotation b4 = 318.751831
[2022.12.03-17.08.18:998][197]LogTemp: Warning: New rotation b4 = -45.394531
[2022.12.03-17.08.19:030][198]LogTemp: Warning: SEIZURES
[2022.12.03-17.08.19:031][198]LogTemp: Warning: Control -44.664917
[2022.12.03-17.08.19:031][198]LogTemp: Warning: Start -23.433838
[2022.12.03-17.08.19:032][198]LogTemp: Warning: Current rotation b4 = 315.335083
[2022.12.03-17.08.19:032][198]LogTemp: Warning: New rotation b4 = -48.937012
[2022.12.03-17.08.19:063][199]LogTemp: Warning: SEIZURES
[2022.12.03-17.08.19:065][199]LogTemp: Warning: Control -37.518311
[2022.12.03-17.08.19:065][199]LogTemp: Warning: Start -23.433838
[2022.12.03-17.08.19:065][199]LogTemp: Warning: Current rotation b4 = 322.481689
[2022.12.03-17.08.19:068][199]LogTemp: Warning: New rotation b4 = -41.664825
[2022.12.03-17.08.19:097][200]LogTemp: Warning: SEIZURES
[2022.12.03-17.08.19:098][200]LogTemp: Warning: Control -41.665649
[2022.12.03-17.08.19:099][200]LogTemp: Warning: Start -23.433838
[2022.12.03-17.08.19:099][200]LogTemp: Warning: Current rotation b4 = 318.334351
[2022.12.03-17.08.19:099][200]LogTemp: Warning: New rotation b4 = -45.938293
[2022.12.03-17.08.19:131][201]LogTemp: Warning: SEIZURES
[2022.12.03-17.08.19:132][201]LogTemp: Warning: Control -45.939331
[2022.12.03-17.08.19:137][201]LogTemp: Warning: Start -23.433838
[2022.12.03-17.08.19:139][201]LogTemp: Warning: Current rotation b4 = 314.060669
[2022.12.03-17.08.19:140][201]LogTemp: Warning: New rotation b4 = -50.149963
[2022.12.03-17.08.19:165][202]LogTemp: Warning: SEIZURES
[2022.12.03-17.08.19:166][202]LogTemp: Warning: Control -50.152588
[2022.12.03-17.08.19:167][202]LogTemp: Warning: Start -23.433838
[2022.12.03-17.08.19:168][202]LogTemp: Warning: Current rotation b4 = 309.847412
[2022.12.03-17.08.19:169][202]LogTemp: Warning: New rotation b4 = -54.424805
[2022.12.03-17.08.19:198][203]LogTemp: Warning: SEIZURES
[2022.12.03-17.08.19:198][203]LogTemp: Warning: Control -54.426270
[2022.12.03-17.08.19:199][203]LogTemp: Warning: Start -23.433838
[2022.12.03-17.08.19:200][203]LogTemp: Warning: Current rotation b4 = 305.573730
[2022.12.03-17.08.19:200][203]LogTemp: Warning: New rotation b4 = -58.572876
[2022.12.03-17.08.19:231][204]LogTemp: Warning: SEIZURES
[2022.12.03-17.08.19:232][204]LogTemp: Warning: Control -58.573608
[2022.12.03-17.08.19:233][204]LogTemp: Warning: Start -23.433838
[2022.12.03-17.08.19:234][204]LogTemp: Warning: Current rotation b4 = 301.426392
[2022.12.03-17.08.19:234][204]LogTemp: Warning: New rotation b4 = -62.720459
[2022.12.03-17.08.19:264][205]LogTemp: Warning: SEIZURES
[2022.12.03-17.08.19:264][205]LogTemp: Warning: Control -62.720947
[2022.12.03-17.08.19:266][205]LogTemp: Warning: Start -23.433838
[2022.12.03-17.08.19:267][205]LogTemp: Warning: Current rotation b4 = 297.279053
[2022.12.03-17.08.19:267][205]LogTemp: Warning: New rotation b4 = -66.870148
