Log file open, 07/15/22 13:22:50
LogWindows: Failed to load 'aqProf.dll' (GetLastError=126)
LogWindows: File 'aqProf.dll' does not exist
LogWindows: Failed to load 'VtuneApi.dll' (GetLastError=126)
LogWindows: File 'VtuneApi.dll' does not exist
LogWindows: Failed to load 'VtuneApi32e.dll' (GetLastError=126)
LogWindows: File 'VtuneApi32e.dll' does not exist
LogConsoleResponse: Display: Failed to find resolution value strings in scalability ini. Falling back to default.
LogConsoleResponse: Display: Failed to find resolution value strings in scalability ini. Falling back to default.
LogInit: Display: Running engine for game: fpsgame
LogPlatformFile: Not using cached read wrapper
LogTaskGraph: Started task graph with 5 named threads and 35 total threads with 3 sets of task threads.
LogStats: Stats thread started at 0.209008
LogICUInternationalization: ICU TimeZone Detection - Raw Offset: +0:00, Platform Override: ''
LogInit: Display: Loading text-based GConfig....
LogPluginManager: Mounting plugin MeshPainting
LogPluginManager: Mounting plugin XGEController
LogPluginManager: Mounting plugin Paper2D
LogPluginManager: Mounting plugin AISupport
LogPluginManager: Mounting plugin EnvironmentQueryEditor
LogPluginManager: Mounting plugin LiveLink
LogPluginManager: Mounting plugin LightPropagationVolume
LogPluginManager: Mounting plugin CameraShakePreviewer
LogPluginManager: Mounting plugin GameplayCameras
LogPluginManager: Mounting plugin OodleNetwork
LogPluginManager: Mounting plugin OodleData
LogPluginManager: Mounting plugin AssetManagerEditor
LogPluginManager: Mounting plugin CurveEditorTools
LogPluginManager: Mounting plugin CryptoKeys
LogPluginManager: Mounting plugin DataValidation
LogPluginManager: Mounting plugin FacialAnimation
LogPluginManager: Mounting plugin GameplayTagsEditor
LogPluginManager: Mounting plugin GeometryMode
LogPluginManager: Mounting plugin MacGraphicsSwitching
LogPluginManager: Mounting plugin MobileLauncherProfileWizard
LogPluginManager: Mounting plugin PluginBrowser
LogPluginManager: Mounting plugin MaterialAnalyzer
LogPluginManager: Mounting plugin SpeedTreeImporter
LogPluginManager: Mounting plugin DatasmithContent
LogPluginManager: Mounting plugin VariantManagerContent
LogPluginManager: Mounting plugin AnimationSharing
LogPluginManager: Mounting plugin CLionSourceCodeAccess
LogPluginManager: Mounting plugin CodeLiteSourceCodeAccess
LogPluginManager: Mounting plugin KDevelopSourceCodeAccess
LogPluginManager: Mounting plugin GitSourceControl
LogPluginManager: Mounting plugin NullSourceCodeAccess
LogPluginManager: Mounting plugin PerforceSourceControl
LogPluginManager: Mounting plugin PixWinPlugin
LogPluginManager: Mounting plugin PlasticSourceControl
LogPluginManager: Mounting plugin PluginUtils
LogPluginManager: Mounting plugin PropertyAccessNode
LogPluginManager: Mounting plugin RiderSourceCodeAccess
LogPluginManager: Mounting plugin SubversionSourceControl
LogPluginManager: Mounting plugin TextureFormatOodle
LogPluginManager: Mounting plugin XCodeSourceCodeAccess
LogPluginManager: Mounting plugin VisualStudioSourceCodeAccess
LogPluginManager: Mounting plugin UObjectPlugin
LogPluginManager: Mounting plugin VisualStudioCodeSourceCodeAccess
LogPluginManager: Mounting plugin AlembicImporter
LogPluginManager: Mounting plugin BackChannel
LogPluginManager: Mounting plugin AutomationUtils
LogPluginManager: Mounting plugin ChaosCloth
LogPluginManager: Mounting plugin ChaosClothEditor
LogPluginManager: Mounting plugin ChaosEditor
LogPluginManager: Mounting plugin ChaosSolverPlugin
LogPluginManager: Mounting plugin ChaosNiagara
LogPluginManager: Mounting plugin CharacterAI
LogPluginManager: Mounting plugin GeometryCollectionPlugin
LogPluginManager: Mounting plugin GeometryProcessing
LogPluginManager: Mounting plugin Niagara
LogPluginManager: Mounting plugin GeometryCache
LogPluginManager: Mounting plugin MotoSynth
LogPluginManager: Mounting plugin OpenImageDenoise
LogPluginManager: Mounting plugin PlanarCut
LogPluginManager: Mounting plugin PlatformCrypto
LogPluginManager: Mounting plugin ProxyLODPlugin
LogPluginManager: Mounting plugin PythonScriptPlugin
LogPluginManager: Mounting plugin SkeletalReduction
LogPluginManager: Mounting plugin MagicLeap
LogPluginManager: Mounting plugin LuminPlatformFeatures
LogPluginManager: Mounting plugin MagicLeapLightEstimation
LogPluginManager: Mounting plugin MagicLeapMedia
LogPluginManager: Mounting plugin MagicLeapPassableWorld
LogPluginManager: Mounting plugin AndroidMedia
LogPluginManager: Mounting plugin AvfMedia
LogPluginManager: Mounting plugin MLSDK
LogPluginManager: Mounting plugin ImgMedia
LogPluginManager: Mounting plugin MediaPlayerEditor
LogPluginManager: Mounting plugin MediaCompositing
LogPluginManager: Mounting plugin WebMMedia
LogPluginManager: Mounting plugin WmfMedia
LogPluginManager: Mounting plugin TcpMessaging
LogPluginManager: Mounting plugin UdpMessaging
LogPluginManager: Mounting plugin ActorSequence
LogPluginManager: Mounting plugin LevelSequenceEditor
LogPluginManager: Mounting plugin MatineeToLevelSequence
LogPluginManager: Mounting plugin TemplateSequence
LogPluginManager: Mounting plugin OnlineSubsystem
LogPluginManager: Mounting plugin OnlineSubsystemNull
LogPluginManager: Mounting plugin OnlineSubsystemUtils
LogPluginManager: Mounting plugin LauncherChunkInstaller
LogPluginManager: Mounting plugin AndroidMoviePlayer
LogPluginManager: Mounting plugin ActorLayerUtilities
LogPluginManager: Mounting plugin AndroidDeviceProfileSelector
LogPluginManager: Mounting plugin AndroidPermission
LogPluginManager: Mounting plugin AppleImageUtils
LogPluginManager: Mounting plugin AppleMoviePlayer
LogPluginManager: Mounting plugin ArchVisCharacter
LogPluginManager: Mounting plugin AssetTags
LogPluginManager: Mounting plugin AudioCapture
LogPluginManager: Mounting plugin AudioSynesthesia
LogPluginManager: Mounting plugin CableComponent
LogPluginManager: Mounting plugin ChunkDownloader
LogPluginManager: Mounting plugin CustomMeshComponent
LogPluginManager: Mounting plugin EditableMesh
LogPluginManager: Mounting plugin GoogleCloudMessaging
LogPluginManager: Mounting plugin ExampleDeviceProfileSelector
LogPluginManager: Mounting plugin GooglePAD
LogPluginManager: Mounting plugin IOSDeviceProfileSelector
LogPluginManager: Mounting plugin LinuxDeviceProfileSelector
LogPluginManager: Mounting plugin LocationServicesBPLibrary
LogPluginManager: Mounting plugin MobilePatchingUtils
LogPluginManager: Mounting plugin OpenXR
LogPluginManager: Mounting plugin OpenXREyeTracker
LogPluginManager: Mounting plugin OpenXRHandTracking
LogPluginManager: Mounting plugin PhysXVehicles
LogPluginManager: Mounting plugin ScreenshotTools
LogPluginManager: Mounting plugin PostSplashScreen
LogPluginManager: Mounting plugin PropertyAccessEditor
LogPluginManager: Mounting plugin ProceduralMeshComponent
LogPluginManager: Mounting plugin SignificanceManager
LogPluginManager: Mounting plugin RuntimePhysXCooking
LogPluginManager: Mounting plugin SoundFields
LogPluginManager: Mounting plugin Synthesis
LogPluginManager: Mounting plugin WebMMoviePlayer
LogPluginManager: Mounting plugin WindowsMoviePlayer
LogPluginManager: Mounting plugin Takes
LogPluginManager: Mounting plugin ContentBrowserAssetDataSource
LogPluginManager: Mounting plugin ContentBrowserClassDataSource
LogPluginManager: Mounting plugin ContentBrowserFileDataSource
LogPluginManager: Mounting plugin OnlineSubsystemGooglePlay
LogPluginManager: Mounting plugin OnlineSubsystemIOS
LogPluginManager: Mounting plugin OculusVR
LogPluginManager: Mounting plugin SteamVR
PixWinPlugin: PIX capture plugin failed to initialize! Check that the process is launched from PIX.
LogInit: Using libcurl 7.55.1-DEV
LogInit:  - built for x86_64-pc-win32
LogInit:  - supports SSL with OpenSSL/1.1.1
LogInit:  - supports HTTP deflate (compression) using libz 1.2.8
LogInit:  - other features:
LogInit:      CURL_VERSION_SSL
LogInit:      CURL_VERSION_LIBZ
LogInit:      CURL_VERSION_IPV6
LogInit:      CURL_VERSION_ASYNCHDNS
LogInit:      CURL_VERSION_LARGEFILE
LogInit:      CURL_VERSION_IDN
LogInit:  CurlRequestOptions (configurable via config and command line):
LogInit:  - bVerifyPeer = true  - Libcurl will verify peer certificate
LogInit:  - bUseHttpProxy = false  - Libcurl will NOT use HTTP proxy
LogInit:  - bDontReuseConnections = false  - Libcurl will reuse connections
LogInit:  - MaxHostConnections = 16  - Libcurl will limit the number of connections to a host
LogInit:  - LocalHostAddr = Default
LogInit:  - BufferSize = 65536
LogOnline: OSS: Creating online subsystem instance for: NULL
LogInit: WinSock: version 1.1 (2.2), MaxSocks=32767, MaxUdp=65467
LogOnline: OSS: TryLoadSubsystemAndSetDefault: Loaded subsystem for module [NULL]
LogOculusPluginWrapper: OculusPlugin initialized successfully
LogHMD: Failed initializing OVRPlugin 1.59.0
LogInit: Build: ++UE4+Release-4.27-CL-18319896
LogInit: Engine Version: 4.27.2-18319896+++UE4+Release-4.27
LogInit: Compatible Engine Version: 4.27.0-17155196+++UE4+Release-4.27
LogInit: Net CL: 17155196
LogInit: OS: Windows 10 (Release 2009) (), CPU: AMD Ryzen 5 3600X 6-Core Processor             , GPU: AMD Radeon RX 5700 XT
LogInit: Compiled (64-bit): Nov 30 2021 07:12:08
LogInit: Compiled with Visual C++: 19.24.28315.00
LogInit: Build Configuration: Development
LogInit: Branch Name: ++UE4+Release-4.27
LogInit: Command Line: 
LogInit: Base Directory: C:/Program Files/Epic Games/UE_4.27/Engine/Binaries/Win64/
LogInit: Allocator: TBB
LogInit: Installed Engine Build: 1
LogDevObjectVersion: Number of dev versions registered: 29
LogDevObjectVersion:   Dev-Blueprints (B0D832E4-1F89-4F0D-ACCF-7EB736FD4AA2): 10
LogDevObjectVersion:   Dev-Build (E1C64328-A22C-4D53-A36C-8E866417BD8C): 0
LogDevObjectVersion:   Dev-Core (375EC13C-06E4-48FB-B500-84F0262A717E): 4
LogDevObjectVersion:   Dev-Editor (E4B068ED-F494-42E9-A231-DA0B2E46BB41): 40
LogDevObjectVersion:   Dev-Framework (CFFC743F-43B0-4480-9391-14DF171D2073): 37
LogDevObjectVersion:   Dev-Mobile (B02B49B5-BB20-44E9-A304-32B752E40360): 3
LogDevObjectVersion:   Dev-Networking (A4E4105C-59A1-49B5-A7C5-40C4547EDFEE): 0
LogDevObjectVersion:   Dev-Online (39C831C9-5AE6-47DC-9A44-9C173E1C8E7C): 0
LogDevObjectVersion:   Dev-Physics (78F01B33-EBEA-4F98-B9B4-84EACCB95AA2): 14
LogDevObjectVersion:   Dev-Platform (6631380F-2D4D-43E0-8009-CF276956A95A): 0
LogDevObjectVersion:   Dev-Rendering (12F88B9F-8875-4AFC-A67C-D90C383ABD29): 45
LogDevObjectVersion:   Dev-Sequencer (7B5AE74C-D270-4C10-A958-57980B212A5A): 13
LogDevObjectVersion:   Dev-VR (D7296918-1DD6-4BDD-9DE2-64A83CC13884): 3
LogDevObjectVersion:   Dev-LoadTimes (C2A15278-BFE7-4AFE-6C17-90FF531DF755): 1
LogDevObjectVersion:   Private-Geometry (6EACA3D4-40EC-4CC1-B786-8BED09428FC5): 3
LogDevObjectVersion:   Dev-AnimPhys (29E575DD-E0A3-4627-9D10-D276232CDCEA): 17
LogDevObjectVersion:   Dev-Anim (AF43A65D-7FD3-4947-9873-3E8ED9C1BB05): 15
LogDevObjectVersion:   Dev-ReflectionCapture (6B266CEC-1EC7-4B8F-A30B-E4D90942FC07): 1
LogDevObjectVersion:   Dev-Automation (0DF73D61-A23F-47EA-B727-89E90C41499A): 1
LogDevObjectVersion:   FortniteMain (601D1886-AC64-4F84-AA16-D3DE0DEAC7D6): 47
LogDevObjectVersion:   FortniteRelease (E7086368-6B23-4C58-8439-1B7016265E91): 1
LogDevObjectVersion:   Dev-Enterprise (9DFFBCD6-494F-0158-E221-12823C92A888): 10
LogDevObjectVersion:   Dev-Niagara (F2AED0AC-9AFE-416F-8664-AA7FFA26D6FC): 1
LogDevObjectVersion:   Dev-Destruction (174F1F0B-B4C6-45A5-B13F-2EE8D0FB917D): 10
LogDevObjectVersion:   Dev-Physics-Ext (35F94A83-E258-406C-A318-09F59610247C): 41
LogDevObjectVersion:   Dev-PhysicsMaterial-Chaos (B68FC16E-8B1B-42E2-B453-215C058844FE): 1
LogDevObjectVersion:   Dev-CineCamera (B2E18506-4273-CFC2-A54E-F4BB758BBA07): 1
LogDevObjectVersion:   Dev-VirtualProduction (64F58936-FD1B-42BA-BA96-7289D5D0FA4E): 1
LogDevObjectVersion:   Dev-MediaFramework (6F0ED827-A609-4895-9C91-998D90180EA4): 2
LogInit: Presizing for max 25165824 objects, including 0 objects not considered by GC, pre-allocating 0 bytes for permanent pool.
LogConfig: Applying CVar settings from Section [/Script/Engine.StreamingSettings] File [C:/Users/danie/Documents/Gamedev VR/game/UE4 game/fpsgame/Saved/Config/Windows/Engine.ini]
LogConfig: Setting CVar [[s.MinBulkDataSizeForAsyncLoading:131072]]
LogConfig: Setting CVar [[s.AsyncLoadingThreadEnabled:0]]
LogConfig: Setting CVar [[s.EventDrivenLoaderEnabled:1]]
LogConfig: Setting CVar [[s.WarnIfTimeLimitExceeded:0]]
LogConfig: Setting CVar [[s.TimeLimitExceededMultiplier:1.5]]
LogConfig: Setting CVar [[s.TimeLimitExceededMinTime:0.005]]
LogConfig: Setting CVar [[s.UseBackgroundLevelStreaming:1]]
LogConfig: Setting CVar [[s.PriorityAsyncLoadingExtraTime:15.0]]
LogConfig: Setting CVar [[s.LevelStreamingActorsUpdateTimeLimit:5.0]]
LogConfig: Setting CVar [[s.PriorityLevelStreamingActorsUpdateExtraTime:5.0]]
LogConfig: Setting CVar [[s.LevelStreamingComponentsRegistrationGranularity:10]]
LogConfig: Setting CVar [[s.UnregisterComponentsTimeLimit:1.0]]
LogConfig: Setting CVar [[s.LevelStreamingComponentsUnregistrationGranularity:5]]
LogConfig: Setting CVar [[s.FlushStreamingOnExit:1]]
LogInit: Object subsystem initialized
LogConfig: Setting CVar [[con.DebugEarlyDefault:1]]
LogConfig: Setting CVar [[r.setres:1280x720]]
[2022.07.15-12.22.50:822][  0]LogConfig: Setting CVar [[r.VSync:0]]
[2022.07.15-12.22.50:822][  0]LogConfig: Setting CVar [[r.RHICmdBypass:0]]
[2022.07.15-12.22.50:822][  0]LogConfig: Applying CVar settings from Section [/Script/Engine.RendererSettings] File [C:/Users/danie/Documents/Gamedev VR/game/UE4 game/fpsgame/Saved/Config/Windows/Engine.ini]
[2022.07.15-12.22.50:822][  0]LogConfig: Setting CVar [[r.GPUCrashDebugging:0]]
[2022.07.15-12.22.50:822][  0]LogConfig: Setting CVar [[r.Mobile.DisableVertexFog:1]]
[2022.07.15-12.22.50:822][  0]LogConfig: Setting CVar [[r.Shadow.CSM.MaxMobileCascades:2]]
[2022.07.15-12.22.50:823][  0]LogConfig: Setting CVar [[r.MobileMSAA:1]]
[2022.07.15-12.22.50:823][  0]LogConfig: Setting CVar [[r.Mobile.AllowDitheredLODTransition:0]]
[2022.07.15-12.22.50:823][  0]LogConfig: Setting CVar [[r.Mobile.AllowSoftwareOcclusion:0]]
[2022.07.15-12.22.50:823][  0]LogConfig: Setting CVar [[r.Mobile.VirtualTextures:0]]
[2022.07.15-12.22.50:823][  0]LogConfig: Setting CVar [[r.DiscardUnusedQuality:0]]
[2022.07.15-12.22.50:823][  0]LogConfig: Setting CVar [[r.AllowOcclusionQueries:1]]
[2022.07.15-12.22.50:823][  0]LogConfig: Setting CVar [[r.MinScreenRadiusForLights:0.030000]]
[2022.07.15-12.22.50:823][  0]LogConfig: Setting CVar [[r.MinScreenRadiusForDepthPrepass:0.030000]]
[2022.07.15-12.22.50:823][  0]LogConfig: Setting CVar [[r.MinScreenRadiusForCSMDepth:0.010000]]
[2022.07.15-12.22.50:823][  0]LogConfig: Setting CVar [[r.PrecomputedVisibilityWarning:0]]
[2022.07.15-12.22.50:823][  0]LogConfig: Setting CVar [[r.TextureStreaming:1]]
[2022.07.15-12.22.50:823][  0]LogConfig: Setting CVar [[Compat.UseDXT5NormalMaps:0]]
[2022.07.15-12.22.50:823][  0]LogConfig: Setting CVar [[r.VirtualTextures:0]]
[2022.07.15-12.22.50:823][  0]LogConfig: Setting CVar [[r.VT.EnableAutoImport:1]]
[2022.07.15-12.22.50:823][  0]LogConfig: Setting CVar [[r.VirtualTexturedLightmaps:0]]
[2022.07.15-12.22.50:823][  0]LogConfig: Setting CVar [[r.VT.TileSize:128]]
[2022.07.15-12.22.50:823][  0]LogConfig: Setting CVar [[r.VT.TileBorderSize:4]]
[2022.07.15-12.22.50:823][  0]LogConfig: Setting CVar [[r.vt.FeedbackFactor:16]]
[2022.07.15-12.22.50:823][  0]LogConfig: Setting CVar [[r.VT.EnableCompressZlib:1]]
[2022.07.15-12.22.50:823][  0]LogConfig: Setting CVar [[r.VT.EnableCompressCrunch:0]]
[2022.07.15-12.22.50:823][  0]LogConfig: Setting CVar [[r.ClearCoatNormal:0]]
[2022.07.15-12.22.50:823][  0]LogConfig: Setting CVar [[r.ReflectionCaptureResolution:128]]
[2022.07.15-12.22.50:823][  0]LogConfig: Setting CVar [[r.Mobile.ReflectionCaptureCompression:0]]
[2022.07.15-12.22.50:823][  0]LogConfig: Setting CVar [[r.ReflectionEnvironmentLightmapMixBasedOnRoughness:1]]
[2022.07.15-12.22.50:823][  0]LogConfig: Setting CVar [[r.ForwardShading:0]]
[2022.07.15-12.22.50:823][  0]LogConfig: Setting CVar [[r.VertexFoggingForOpaque:1]]
[2022.07.15-12.22.50:823][  0]LogConfig: Setting CVar [[r.AllowStaticLighting:1]]
[2022.07.15-12.22.50:823][  0]LogConfig: Setting CVar [[r.NormalMapsForStaticLighting:0]]
[2022.07.15-12.22.50:823][  0]LogConfig: Setting CVar [[r.GenerateMeshDistanceFields:0]]
[2022.07.15-12.22.50:823][  0]LogConfig: Setting CVar [[r.DistanceFieldBuild.EightBit:0]]
[2022.07.15-12.22.50:823][  0]LogConfig: Setting CVar [[r.GenerateLandscapeGIData:0]]
[2022.07.15-12.22.50:823][  0]LogConfig: Setting CVar [[r.DistanceFieldBuild.Compress:0]]
[2022.07.15-12.22.50:823][  0]LogConfig: Setting CVar [[r.TessellationAdaptivePixelsPerTriangle:48.000000]]
[2022.07.15-12.22.50:823][  0]LogConfig: Setting CVar [[r.SeparateTranslucency:1]]
[2022.07.15-12.22.50:823][  0]LogConfig: Setting CVar [[r.TranslucentSortPolicy:0]]
[2022.07.15-12.22.50:823][  0]LogConfig: Setting CVar [[vr.VRS.HMDFixedFoveationLevel:0]]
[2022.07.15-12.22.50:823][  0]LogConfig: Setting CVar [[r.CustomDepth:1]]
[2022.07.15-12.22.50:823][  0]LogConfig: Setting CVar [[r.CustomDepthTemporalAAJitter:1]]
[2022.07.15-12.22.50:823][  0]LogConfig: Setting CVar [[r.PostProcessing.PropagateAlpha:0]]
[2022.07.15-12.22.50:823][  0]LogConfig: Setting CVar [[r.DefaultFeature.Bloom:1]]
[2022.07.15-12.22.50:823][  0]LogConfig: Setting CVar [[r.DefaultFeature.AmbientOcclusion:1]]
[2022.07.15-12.22.50:823][  0]LogConfig: Setting CVar [[r.DefaultFeature.AmbientOcclusionStaticFraction:1]]
[2022.07.15-12.22.50:823][  0]LogConfig: Setting CVar [[r.DefaultFeature.AutoExposure:0]]
[2022.07.15-12.22.50:823][  0]LogConfig: Setting CVar [[r.DefaultFeature.AutoExposure.Method:0]]
[2022.07.15-12.22.50:823][  0]LogConfig: Setting CVar [[r.DefaultFeature.AutoExposure.Bias:1.000000]]
[2022.07.15-12.22.50:823][  0]LogConfig: Setting CVar [[r.DefaultFeature.AutoExposure.ExtendDefaultLuminanceRange:0]]
[2022.07.15-12.22.50:823][  0]LogConfig: Setting CVar [[r.UsePreExposure:1]]
[2022.07.15-12.22.50:823][  0]LogConfig: Setting CVar [[r.EyeAdaptation.EditorOnly:0]]
[2022.07.15-12.22.50:823][  0]LogConfig: Setting CVar [[r.DefaultFeature.MotionBlur:0]]
[2022.07.15-12.22.50:823][  0]LogConfig: Setting CVar [[r.DefaultFeature.LensFlare:0]]
[2022.07.15-12.22.50:823][  0]LogConfig: Setting CVar [[r.TemporalAA.Upsampling:0]]
[2022.07.15-12.22.50:823][  0]LogConfig: Setting CVar [[r.SSGI.Enable:0]]
[2022.07.15-12.22.50:823][  0]LogConfig: Setting CVar [[r.DefaultFeature.AntiAliasing:0]]
[2022.07.15-12.22.50:823][  0]LogConfig: Setting CVar [[r.DefaultFeature.LightUnits:1]]
[2022.07.15-12.22.50:823][  0]LogConfig: Setting CVar [[r.DefaultBackBufferPixelFormat:4]]
[2022.07.15-12.22.50:823][  0]LogConfig: Setting CVar [[r.Shadow.UnbuiltPreviewInGame:1]]
[2022.07.15-12.22.50:823][  0]LogConfig: Setting CVar [[r.StencilForLODDither:0]]
[2022.07.15-12.22.50:823][  0]LogConfig: Setting CVar [[r.EarlyZPass:3]]
[2022.07.15-12.22.50:823][  0]LogConfig: Setting CVar [[r.EarlyZPassOnlyMaterialMasking:0]]
[2022.07.15-12.22.50:823][  0]LogConfig: Setting CVar [[r.DBuffer:1]]
[2022.07.15-12.22.50:823][  0]LogConfig: Setting CVar [[r.ClearSceneMethod:1]]
[2022.07.15-12.22.50:823][  0]LogConfig: Setting CVar [[r.BasePassOutputsVelocity:0]]
[2022.07.15-12.22.50:823][  0]LogConfig: Setting CVar [[r.VertexDeformationOutputsVelocity:0]]
[2022.07.15-12.22.50:823][  0]LogConfig: Setting CVar [[r.SelectiveBasePassOutputs:0]]
[2022.07.15-12.22.50:823][  0]LogConfig: Setting CVar [[fx.GPUSimulationTextureSizeX:1024]]
[2022.07.15-12.22.50:823][  0]LogConfig: Setting CVar [[fx.GPUSimulationTextureSizeY:1024]]
[2022.07.15-12.22.50:823][  0]LogConfig: Setting CVar [[r.AllowGlobalClipPlane:0]]
[2022.07.15-12.22.50:823][  0]LogConfig: Setting CVar [[r.GBufferFormat:1]]
[2022.07.15-12.22.50:823][  0]LogConfig: Setting CVar [[r.MorphTarget.Mode:1]]
[2022.07.15-12.22.50:823][  0]LogConfig: Setting CVar [[vr.InstancedStereo:0]]
[2022.07.15-12.22.50:823][  0]LogConfig: Setting CVar [[r.MobileHDR:1]]
[2022.07.15-12.22.50:823][  0]LogConfig: Setting CVar [[vr.MobileMultiView:0]]
[2022.07.15-12.22.50:823][  0]LogConfig: Setting CVar [[r.Mobile.UseHWsRGBEncoding:0]]
[2022.07.15-12.22.50:823][  0]LogConfig: Setting CVar [[vr.RoundRobinOcclusion:0]]
[2022.07.15-12.22.50:823][  0]LogConfig: Setting CVar [[vr.ODSCapture:0]]
[2022.07.15-12.22.50:823][  0]LogConfig: Setting CVar [[r.MeshStreaming:0]]
[2022.07.15-12.22.50:823][  0]LogConfig: Setting CVar [[r.WireframeCullThreshold:5.000000]]
[2022.07.15-12.22.50:823][  0]LogConfig: Setting CVar [[r.RayTracing:0]]
[2022.07.15-12.22.50:823][  0]LogConfig: Setting CVar [[r.RayTracing.UseTextureLod:0]]
[2022.07.15-12.22.50:823][  0]LogConfig: Setting CVar [[r.SupportStationarySkylight:1]]
[2022.07.15-12.22.50:823][  0]LogConfig: Setting CVar [[r.SupportLowQualityLightmaps:1]]
[2022.07.15-12.22.50:823][  0]LogConfig: Setting CVar [[r.SupportPointLightWholeSceneShadows:1]]
[2022.07.15-12.22.50:823][  0]LogConfig: Setting CVar [[r.SupportAtmosphericFog:1]]
[2022.07.15-12.22.50:823][  0]LogConfig: Setting CVar [[r.SupportSkyAtmosphere:1]]
[2022.07.15-12.22.50:823][  0]LogConfig: Setting CVar [[r.SupportSkyAtmosphereAffectsHeightFog:0]]
[2022.07.15-12.22.50:823][  0]LogConfig: Setting CVar [[r.SkinCache.CompileShaders:0]]
[2022.07.15-12.22.50:823][  0]LogConfig: Setting CVar [[r.SkinCache.DefaultBehavior:1]]
[2022.07.15-12.22.50:823][  0]LogConfig: Setting CVar [[r.SkinCache.SceneMemoryLimitInMB:128.000000]]
[2022.07.15-12.22.50:823][  0]LogConfig: Setting CVar [[r.Mobile.EnableStaticAndCSMShadowReceivers:1]]
[2022.07.15-12.22.50:823][  0]LogConfig: Setting CVar [[r.Mobile.EnableMovableLightCSMShaderCulling:1]]
[2022.07.15-12.22.50:824][  0]LogConfig: Setting CVar [[r.Mobile.AllowDistanceFieldShadows:1]]
[2022.07.15-12.22.50:824][  0]LogConfig: Setting CVar [[r.Mobile.AllowMovableDirectionalLights:1]]
[2022.07.15-12.22.50:824][  0]LogConfig: Setting CVar [[r.MobileNumDynamicPointLights:4]]
[2022.07.15-12.22.50:824][  0]LogConfig: Setting CVar [[r.MobileDynamicPointLightsUseStaticBranch:1]]
[2022.07.15-12.22.50:824][  0]LogConfig: Setting CVar [[r.Mobile.EnableMovableSpotlights:0]]
[2022.07.15-12.22.50:824][  0]LogConfig: Setting CVar [[r.Mobile.EnableMovableSpotlightsShadow:0]]
[2022.07.15-12.22.50:824][  0]LogConfig: Setting CVar [[r.GPUSkin.Support16BitBoneIndex:0]]
[2022.07.15-12.22.50:824][  0]LogConfig: Setting CVar [[r.GPUSkin.Limit2BoneInfluences:0]]
[2022.07.15-12.22.50:824][  0]LogConfig: Setting CVar [[r.SupportDepthOnlyIndexBuffers:1]]
[2022.07.15-12.22.50:824][  0]LogConfig: Setting CVar [[r.SupportReversedIndexBuffers:1]]
[2022.07.15-12.22.50:824][  0]LogConfig: Setting CVar [[r.LightPropagationVolume:0]]
[2022.07.15-12.22.50:824][  0]LogConfig: Setting CVar [[r.Mobile.AmbientOcclusion:0]]
[2022.07.15-12.22.50:824][  0]LogConfig: Setting CVar [[r.GPUSkin.UnlimitedBoneInfluences:0]]
[2022.07.15-12.22.50:824][  0]LogConfig: Setting CVar [[r.GPUSkin.UnlimitedBoneInfluencesThreshold:8]]
[2022.07.15-12.22.50:824][  0]LogConfig: Setting CVar [[r.Mobile.PlanarReflectionMode:0]]
[2022.07.15-12.22.50:824][  0]LogConfig: Setting CVar [[r.Mobile.SupportsGen4TAA:0]]
[2022.07.15-12.22.50:824][  0]LogConfig: Applying CVar settings from Section [/Script/Engine.RendererOverrideSettings] File [C:/Users/danie/Documents/Gamedev VR/game/UE4 game/fpsgame/Saved/Config/Windows/Engine.ini]
[2022.07.15-12.22.50:824][  0]LogConfig: Applying CVar settings from Section [/Script/Engine.StreamingSettings] File [C:/Users/danie/Documents/Gamedev VR/game/UE4 game/fpsgame/Saved/Config/Windows/Engine.ini]
[2022.07.15-12.22.50:824][  0]LogConfig: Setting CVar [[s.MinBulkDataSizeForAsyncLoading:131072]]
[2022.07.15-12.22.50:824][  0]LogConfig: Setting CVar [[s.AsyncLoadingThreadEnabled:0]]
[2022.07.15-12.22.50:824][  0]LogConfig: Setting CVar [[s.EventDrivenLoaderEnabled:1]]
[2022.07.15-12.22.50:824][  0]LogConfig: Setting CVar [[s.WarnIfTimeLimitExceeded:0]]
[2022.07.15-12.22.50:824][  0]LogConfig: Setting CVar [[s.TimeLimitExceededMultiplier:1.5]]
[2022.07.15-12.22.50:824][  0]LogConfig: Setting CVar [[s.TimeLimitExceededMinTime:0.005]]
[2022.07.15-12.22.50:824][  0]LogConfig: Setting CVar [[s.UseBackgroundLevelStreaming:1]]
[2022.07.15-12.22.50:824][  0]LogConfig: Setting CVar [[s.PriorityAsyncLoadingExtraTime:15.0]]
[2022.07.15-12.22.50:824][  0]LogConfig: Setting CVar [[s.LevelStreamingActorsUpdateTimeLimit:5.0]]
[2022.07.15-12.22.50:824][  0]LogConfig: Setting CVar [[s.PriorityLevelStreamingActorsUpdateExtraTime:5.0]]
[2022.07.15-12.22.50:824][  0]LogConfig: Setting CVar [[s.LevelStreamingComponentsRegistrationGranularity:10]]
[2022.07.15-12.22.50:824][  0]LogConfig: Setting CVar [[s.UnregisterComponentsTimeLimit:1.0]]
[2022.07.15-12.22.50:824][  0]LogConfig: Setting CVar [[s.LevelStreamingComponentsUnregistrationGranularity:5]]
[2022.07.15-12.22.50:824][  0]LogConfig: Setting CVar [[s.FlushStreamingOnExit:1]]
[2022.07.15-12.22.50:824][  0]LogConfig: Applying CVar settings from Section [/Script/Engine.GarbageCollectionSettings] File [C:/Users/danie/Documents/Gamedev VR/game/UE4 game/fpsgame/Saved/Config/Windows/Engine.ini]
[2022.07.15-12.22.50:824][  0]LogConfig: Setting CVar [[gc.MaxObjectsNotConsideredByGC:1]]
[2022.07.15-12.22.50:824][  0]LogConfig: Setting CVar [[gc.SizeOfPermanentObjectPool:0]]
[2022.07.15-12.22.50:824][  0]LogConfig: Setting CVar [[gc.FlushStreamingOnGC:0]]
[2022.07.15-12.22.50:824][  0]LogConfig: Setting CVar [[gc.NumRetriesBeforeForcingGC:10]]
[2022.07.15-12.22.50:824][  0]LogConfig: Setting CVar [[gc.AllowParallelGC:1]]
[2022.07.15-12.22.50:824][  0]LogConfig: Setting CVar [[gc.TimeBetweenPurgingPendingKillObjects:61.1]]
[2022.07.15-12.22.50:824][  0]LogConfig: Setting CVar [[gc.MaxObjectsInEditor:25165824]]
[2022.07.15-12.22.50:824][  0]LogConfig: Setting CVar [[gc.IncrementalBeginDestroyEnabled:1]]
[2022.07.15-12.22.50:824][  0]LogConfig: Setting CVar [[gc.CreateGCClusters:1]]
[2022.07.15-12.22.50:824][  0]LogConfig: Setting CVar [[gc.MinGCClusterSize:5]]
[2022.07.15-12.22.50:824][  0]LogConfig: Setting CVar [[gc.ActorClusteringEnabled:0]]
[2022.07.15-12.22.50:824][  0]LogConfig: Setting CVar [[gc.BlueprintClusteringEnabled:0]]
[2022.07.15-12.22.50:824][  0]LogConfig: Setting CVar [[gc.UseDisregardForGCOnDedicatedServers:0]]
[2022.07.15-12.22.50:824][  0]LogConfig: Setting CVar [[gc.MultithreadedDestructionEnabled:1]]
[2022.07.15-12.22.50:824][  0]LogConfig: Applying CVar settings from Section [/Script/Engine.NetworkSettings] File [C:/Users/danie/Documents/Gamedev VR/game/UE4 game/fpsgame/Saved/Config/Windows/Engine.ini]
[2022.07.15-12.22.50:824][  0]LogConfig: Applying CVar settings from Section [/Script/UnrealEd.CookerSettings] File [C:/Users/danie/Documents/Gamedev VR/game/UE4 game/fpsgame/Saved/Config/Windows/Engine.ini]
[2022.07.15-12.22.50:837][  0]LogConfig: Applying CVar settings from Section [ViewDistanceQuality@3] File [C:/Users/danie/Documents/Gamedev VR/game/UE4 game/fpsgame/Saved/Config/Windows/Scalability.ini]
[2022.07.15-12.22.50:837][  0]LogConfig: Setting CVar [[r.SkeletalMeshLODBias:0]]
[2022.07.15-12.22.50:837][  0]LogConfig: Setting CVar [[r.ViewDistanceScale:1.0]]
[2022.07.15-12.22.50:837][  0]LogConfig: Applying CVar settings from Section [AntiAliasingQuality@3] File [C:/Users/danie/Documents/Gamedev VR/game/UE4 game/fpsgame/Saved/Config/Windows/Scalability.ini]
[2022.07.15-12.22.50:837][  0]LogConfig: Setting CVar [[r.PostProcessAAQuality:4]]
[2022.07.15-12.22.50:837][  0]LogConfig: Applying CVar settings from Section [ShadowQuality@3] File [C:/Users/danie/Documents/Gamedev VR/game/UE4 game/fpsgame/Saved/Config/Windows/Scalability.ini]
[2022.07.15-12.22.50:837][  0]LogConfig: Setting CVar [[r.LightFunctionQuality:1]]
[2022.07.15-12.22.50:837][  0]LogConfig: Setting CVar [[r.ShadowQuality:5]]
[2022.07.15-12.22.50:837][  0]LogConfig: Setting CVar [[r.Shadow.CSM.MaxCascades:10]]
[2022.07.15-12.22.50:837][  0]LogConfig: Setting CVar [[r.Shadow.MaxResolution:2048]]
[2022.07.15-12.22.50:837][  0]LogConfig: Setting CVar [[r.Shadow.MaxCSMResolution:2048]]
[2022.07.15-12.22.50:837][  0]LogConfig: Setting CVar [[r.Shadow.RadiusThreshold:0.01]]
[2022.07.15-12.22.50:837][  0]LogConfig: Setting CVar [[r.Shadow.DistanceScale:1.0]]
[2022.07.15-12.22.50:837][  0]LogConfig: Setting CVar [[r.Shadow.CSM.TransitionScale:1.0]]
[2022.07.15-12.22.50:837][  0]LogConfig: Setting CVar [[r.Shadow.PreShadowResolutionFactor:1.0]]
[2022.07.15-12.22.50:837][  0]LogConfig: Setting CVar [[r.DistanceFieldShadowing:1]]
[2022.07.15-12.22.50:837][  0]LogConfig: Setting CVar [[r.DistanceFieldAO:1]]
[2022.07.15-12.22.50:837][  0]LogConfig: Setting CVar [[r.AOQuality:2]]
[2022.07.15-12.22.50:837][  0]LogConfig: Setting CVar [[r.VolumetricFog:1]]
[2022.07.15-12.22.50:837][  0]LogConfig: Setting CVar [[r.VolumetricFog.GridPixelSize:8]]
[2022.07.15-12.22.50:837][  0]LogConfig: Setting CVar [[r.VolumetricFog.GridSizeZ:128]]
[2022.07.15-12.22.50:837][  0]LogConfig: Setting CVar [[r.VolumetricFog.HistoryMissSupersampleCount:4]]
[2022.07.15-12.22.50:837][  0]LogConfig: Setting CVar [[r.LightMaxDrawDistanceScale:1]]
[2022.07.15-12.22.50:837][  0]LogConfig: Setting CVar [[r.CapsuleShadows:1]]
[2022.07.15-12.22.50:837][  0]LogConfig: Applying CVar settings from Section [PostProcessQuality@3] File [C:/Users/danie/Documents/Gamedev VR/game/UE4 game/fpsgame/Saved/Config/Windows/Scalability.ini]
[2022.07.15-12.22.50:837][  0]LogConfig: Setting CVar [[r.MotionBlurQuality:4]]
[2022.07.15-12.22.50:837][  0]LogConfig: Setting CVar [[r.AmbientOcclusionMipLevelFactor:0.4]]
[2022.07.15-12.22.50:837][  0]LogConfig: Setting CVar [[r.AmbientOcclusionMaxQuality:100]]
[2022.07.15-12.22.50:837][  0]LogConfig: Setting CVar [[r.AmbientOcclusionLevels:-1]]
[2022.07.15-12.22.50:837][  0]LogConfig: Setting CVar [[r.AmbientOcclusionRadiusScale:1.0]]
[2022.07.15-12.22.50:837][  0]LogConfig: Setting CVar [[r.DepthOfFieldQuality:2]]
[2022.07.15-12.22.50:837][  0]LogConfig: Setting CVar [[r.RenderTargetPoolMin:400]]
[2022.07.15-12.22.50:837][  0]LogConfig: Setting CVar [[r.LensFlareQuality:2]]
[2022.07.15-12.22.50:837][  0]LogConfig: Setting CVar [[r.SceneColorFringeQuality:1]]
[2022.07.15-12.22.50:837][  0]LogConfig: Setting CVar [[r.EyeAdaptationQuality:2]]
[2022.07.15-12.22.50:837][  0]LogConfig: Setting CVar [[r.BloomQuality:5]]
[2022.07.15-12.22.50:837][  0]LogConfig: Setting CVar [[r.FastBlurThreshold:100]]
[2022.07.15-12.22.50:837][  0]LogConfig: Setting CVar [[r.Upscale.Quality:3]]
[2022.07.15-12.22.50:837][  0]LogConfig: Setting CVar [[r.Tonemapper.GrainQuantization:1]]
[2022.07.15-12.22.50:837][  0]LogConfig: Setting CVar [[r.LightShaftQuality:1]]
[2022.07.15-12.22.50:837][  0]LogConfig: Setting CVar [[r.Filter.SizeScale:1]]
[2022.07.15-12.22.50:837][  0]LogConfig: Setting CVar [[r.Tonemapper.Quality:5]]
[2022.07.15-12.22.50:837][  0]LogConfig: Setting CVar [[r.DOF.Gather.AccumulatorQuality:1        ; higher gathering accumulator quality]]
[2022.07.15-12.22.50:837][  0]LogConfig: Setting CVar [[r.DOF.Gather.PostfilterMethod:1          ; Median3x3 postfilering method]]
[2022.07.15-12.22.50:837][  0]LogConfig: Setting CVar [[r.DOF.Gather.EnableBokehSettings:0       ; no bokeh simulation when gathering]]
[2022.07.15-12.22.50:837][  0]LogConfig: Setting CVar [[r.DOF.Gather.RingCount:4                 ; medium number of samples when gathering]]
[2022.07.15-12.22.50:837][  0]LogConfig: Setting CVar [[r.DOF.Scatter.ForegroundCompositing:1    ; additive foreground scattering]]
[2022.07.15-12.22.50:837][  0]LogConfig: Setting CVar [[r.DOF.Scatter.BackgroundCompositing:2    ; additive background scattering]]
[2022.07.15-12.22.50:837][  0]LogConfig: Setting CVar [[r.DOF.Scatter.EnableBokehSettings:1      ; bokeh simulation when scattering]]
[2022.07.15-12.22.50:837][  0]LogConfig: Setting CVar [[r.DOF.Scatter.MaxSpriteRatio:0.1         ; only a maximum of 10% of scattered bokeh]]
[2022.07.15-12.22.50:837][  0]LogConfig: Setting CVar [[r.DOF.Recombine.Quality:1                ; cheap slight out of focus]]
[2022.07.15-12.22.50:837][  0]LogConfig: Setting CVar [[r.DOF.Recombine.EnableBokehSettings:0    ; no bokeh simulation on slight out of focus]]
[2022.07.15-12.22.50:837][  0]LogConfig: Setting CVar [[r.DOF.TemporalAAQuality:1                ; more stable temporal accumulation]]
[2022.07.15-12.22.50:838][  0]LogConfig: Setting CVar [[r.DOF.Kernel.MaxForegroundRadius:0.025]]
[2022.07.15-12.22.50:838][  0]LogConfig: Setting CVar [[r.DOF.Kernel.MaxBackgroundRadius:0.025]]
[2022.07.15-12.22.50:838][  0]LogConfig: Applying CVar settings from Section [TextureQuality@3] File [C:/Users/danie/Documents/Gamedev VR/game/UE4 game/fpsgame/Saved/Config/Windows/Scalability.ini]
[2022.07.15-12.22.50:838][  0]LogConfig: Setting CVar [[r.Streaming.MipBias:0]]
[2022.07.15-12.22.50:838][  0]LogConfig: Setting CVar [[r.Streaming.AmortizeCPUToGPUCopy:0]]
[2022.07.15-12.22.50:838][  0]LogConfig: Setting CVar [[r.Streaming.MaxNumTexturesToStreamPerFrame:0]]
[2022.07.15-12.22.50:838][  0]LogConfig: Setting CVar [[r.Streaming.Boost:1]]
[2022.07.15-12.22.50:838][  0]LogConfig: Setting CVar [[r.MaxAnisotropy:8]]
[2022.07.15-12.22.50:838][  0]LogConfig: Setting CVar [[r.VT.MaxAnisotropy:8]]
[2022.07.15-12.22.50:838][  0]LogConfig: Setting CVar [[r.Streaming.LimitPoolSizeToVRAM:0]]
[2022.07.15-12.22.50:838][  0]LogConfig: Setting CVar [[r.Streaming.PoolSize:1000]]
[2022.07.15-12.22.50:838][  0]LogConfig: Setting CVar [[r.Streaming.MaxEffectiveScreenSize:0]]
[2022.07.15-12.22.50:838][  0]LogConfig: Applying CVar settings from Section [EffectsQuality@3] File [C:/Users/danie/Documents/Gamedev VR/game/UE4 game/fpsgame/Saved/Config/Windows/Scalability.ini]
[2022.07.15-12.22.50:838][  0]LogConfig: Setting CVar [[r.TranslucencyLightingVolumeDim:64]]
[2022.07.15-12.22.50:838][  0]LogConfig: Setting CVar [[r.RefractionQuality:2]]
[2022.07.15-12.22.50:838][  0]LogConfig: Setting CVar [[r.SSR.Quality:3]]
[2022.07.15-12.22.50:838][  0]LogConfig: Setting CVar [[r.SSR.HalfResSceneColor:0]]
[2022.07.15-12.22.50:838][  0]LogConfig: Setting CVar [[r.SceneColorFormat:4]]
[2022.07.15-12.22.50:838][  0]LogConfig: Setting CVar [[r.DetailMode:2]]
[2022.07.15-12.22.50:838][  0]LogConfig: Setting CVar [[r.TranslucencyVolumeBlur:1]]
[2022.07.15-12.22.50:838][  0]LogConfig: Setting CVar [[r.MaterialQualityLevel:1 ; High quality]]
[2022.07.15-12.22.50:838][  0]LogConfig: Setting CVar [[r.AnisotropicMaterials:1]]
[2022.07.15-12.22.50:838][  0]LogConfig: Setting CVar [[r.SSS.Scale:1]]
[2022.07.15-12.22.50:838][  0]LogConfig: Setting CVar [[r.SSS.SampleSet:2]]
[2022.07.15-12.22.50:838][  0]LogConfig: Setting CVar [[r.SSS.Quality:1]]
[2022.07.15-12.22.50:838][  0]LogConfig: Setting CVar [[r.SSS.HalfRes:0]]
[2022.07.15-12.22.50:838][  0]LogConfig: Setting CVar [[r.SSGI.Quality:3]]
[2022.07.15-12.22.50:838][  0]LogConfig: Setting CVar [[r.EmitterSpawnRateScale:1.0]]
[2022.07.15-12.22.50:838][  0]LogConfig: Setting CVar [[r.ParticleLightQuality:2]]
[2022.07.15-12.22.50:838][  0]LogConfig: Setting CVar [[r.SkyAtmosphere.AerialPerspectiveLUT.FastApplyOnOpaque:1 ; Always have FastSkyLUT 1 in this case to avoid wrong sky]]
[2022.07.15-12.22.50:838][  0]LogConfig: Setting CVar [[r.SkyAtmosphere.AerialPerspectiveLUT.SampleCountMaxPerSlice:4]]
[2022.07.15-12.22.50:838][  0]LogConfig: Setting CVar [[r.SkyAtmosphere.AerialPerspectiveLUT.DepthResolution:16.0]]
[2022.07.15-12.22.50:838][  0]LogConfig: Setting CVar [[r.SkyAtmosphere.FastSkyLUT:1]]
[2022.07.15-12.22.50:838][  0]LogConfig: Setting CVar [[r.SkyAtmosphere.FastSkyLUT.SampleCountMin:4.0]]
[2022.07.15-12.22.50:838][  0]LogConfig: Setting CVar [[r.SkyAtmosphere.FastSkyLUT.SampleCountMax:128.0]]
[2022.07.15-12.22.50:838][  0]LogConfig: Setting CVar [[r.SkyAtmosphere.SampleCountMin:4.0]]
[2022.07.15-12.22.50:838][  0]LogConfig: Setting CVar [[r.SkyAtmosphere.SampleCountMax:128.0]]
[2022.07.15-12.22.50:838][  0]LogConfig: Setting CVar [[r.SkyAtmosphere.TransmittanceLUT.UseSmallFormat:0]]
[2022.07.15-12.22.50:838][  0]LogConfig: Setting CVar [[r.SkyAtmosphere.TransmittanceLUT.SampleCount:10.0]]
[2022.07.15-12.22.50:838][  0]LogConfig: Setting CVar [[r.SkyAtmosphere.MultiScatteringLUT.SampleCount:15.0]]
[2022.07.15-12.22.50:838][  0]LogConfig: Setting CVar [[r.SkyLight.RealTimeReflectionCapture:1]]
[2022.07.15-12.22.50:838][  0]LogConfig: Applying CVar settings from Section [FoliageQuality@3] File [C:/Users/danie/Documents/Gamedev VR/game/UE4 game/fpsgame/Saved/Config/Windows/Scalability.ini]
[2022.07.15-12.22.50:838][  0]LogConfig: Setting CVar [[foliage.DensityScale:1.0]]
[2022.07.15-12.22.50:838][  0]LogConfig: Setting CVar [[grass.DensityScale:1.0]]
[2022.07.15-12.22.50:838][  0]LogConfig: Applying CVar settings from Section [ShadingQuality@3] File [C:/Users/danie/Documents/Gamedev VR/game/UE4 game/fpsgame/Saved/Config/Windows/Scalability.ini]
[2022.07.15-12.22.50:838][  0]LogConfig: Setting CVar [[r.HairStrands.SkyLighting.IntegrationType:2]]
[2022.07.15-12.22.50:838][  0]LogConfig: Setting CVar [[r.HairStrands.SkyAO.SampleCount:4]]
[2022.07.15-12.22.50:838][  0]LogConfig: Setting CVar [[r.HairStrands.Visibility.MSAA.SamplePerPixel:4]]
[2022.07.15-12.22.50:838][  0]LogInit: Selected Device Profile: [Windows]
[2022.07.15-12.22.50:838][  0]LogInit: Applying CVar settings loaded from the selected device profile: [Windows]
[2022.07.15-12.22.50:838][  0]LogHAL: Display: Platform has ~ 16 GB [17128247296 / 17179869184 / 16], which maps to Larger [LargestMinGB=32, LargerMinGB=12, DefaultMinGB=8, SmallerMinGB=6, SmallestMinGB=0)
[2022.07.15-12.22.50:838][  0]LogInit: Going up to parent DeviceProfile []
[2022.07.15-12.22.50:838][  0]LogConfig: Applying CVar settings from Section [ViewDistanceQuality@3] File [C:/Users/danie/Documents/Gamedev VR/game/UE4 game/fpsgame/Saved/Config/Windows/Scalability.ini]
[2022.07.15-12.22.50:838][  0]LogConfig: Setting CVar [[r.SkeletalMeshLODBias:0]]
[2022.07.15-12.22.50:838][  0]LogConfig: Setting CVar [[r.ViewDistanceScale:1.0]]
[2022.07.15-12.22.50:838][  0]LogConfig: Applying CVar settings from Section [AntiAliasingQuality@3] File [C:/Users/danie/Documents/Gamedev VR/game/UE4 game/fpsgame/Saved/Config/Windows/Scalability.ini]
[2022.07.15-12.22.50:838][  0]LogConfig: Setting CVar [[r.PostProcessAAQuality:4]]
[2022.07.15-12.22.50:838][  0]LogConfig: Applying CVar settings from Section [ShadowQuality@3] File [C:/Users/danie/Documents/Gamedev VR/game/UE4 game/fpsgame/Saved/Config/Windows/Scalability.ini]
[2022.07.15-12.22.50:838][  0]LogConfig: Setting CVar [[r.LightFunctionQuality:1]]
[2022.07.15-12.22.50:838][  0]LogConfig: Setting CVar [[r.ShadowQuality:5]]
[2022.07.15-12.22.50:838][  0]LogConfig: Setting CVar [[r.Shadow.CSM.MaxCascades:10]]
[2022.07.15-12.22.50:838][  0]LogConfig: Setting CVar [[r.Shadow.MaxResolution:2048]]
[2022.07.15-12.22.50:838][  0]LogConfig: Setting CVar [[r.Shadow.MaxCSMResolution:2048]]
[2022.07.15-12.22.50:838][  0]LogConfig: Setting CVar [[r.Shadow.RadiusThreshold:0.01]]
[2022.07.15-12.22.50:838][  0]LogConfig: Setting CVar [[r.Shadow.DistanceScale:1.0]]
[2022.07.15-12.22.50:838][  0]LogConfig: Setting CVar [[r.Shadow.CSM.TransitionScale:1.0]]
[2022.07.15-12.22.50:838][  0]LogConfig: Setting CVar [[r.Shadow.PreShadowResolutionFactor:1.0]]
[2022.07.15-12.22.50:838][  0]LogConfig: Setting CVar [[r.DistanceFieldShadowing:1]]
[2022.07.15-12.22.50:838][  0]LogConfig: Setting CVar [[r.DistanceFieldAO:1]]
[2022.07.15-12.22.50:838][  0]LogConfig: Setting CVar [[r.AOQuality:2]]
[2022.07.15-12.22.50:838][  0]LogConfig: Setting CVar [[r.VolumetricFog:1]]
[2022.07.15-12.22.50:838][  0]LogConfig: Setting CVar [[r.VolumetricFog.GridPixelSize:8]]
[2022.07.15-12.22.50:838][  0]LogConfig: Setting CVar [[r.VolumetricFog.GridSizeZ:128]]
[2022.07.15-12.22.50:838][  0]LogConfig: Setting CVar [[r.VolumetricFog.HistoryMissSupersampleCount:4]]
[2022.07.15-12.22.50:838][  0]LogConfig: Setting CVar [[r.LightMaxDrawDistanceScale:1]]
[2022.07.15-12.22.50:838][  0]LogConfig: Setting CVar [[r.CapsuleShadows:1]]
[2022.07.15-12.22.50:838][  0]LogConfig: Applying CVar settings from Section [PostProcessQuality@3] File [C:/Users/danie/Documents/Gamedev VR/game/UE4 game/fpsgame/Saved/Config/Windows/Scalability.ini]
[2022.07.15-12.22.50:838][  0]LogConfig: Setting CVar [[r.MotionBlurQuality:4]]
[2022.07.15-12.22.50:838][  0]LogConfig: Setting CVar [[r.AmbientOcclusionMipLevelFactor:0.4]]
[2022.07.15-12.22.50:838][  0]LogConfig: Setting CVar [[r.AmbientOcclusionMaxQuality:100]]
[2022.07.15-12.22.50:838][  0]LogConfig: Setting CVar [[r.AmbientOcclusionLevels:-1]]
[2022.07.15-12.22.50:838][  0]LogConfig: Setting CVar [[r.AmbientOcclusionRadiusScale:1.0]]
[2022.07.15-12.22.50:838][  0]LogConfig: Setting CVar [[r.DepthOfFieldQuality:2]]
[2022.07.15-12.22.50:838][  0]LogConfig: Setting CVar [[r.RenderTargetPoolMin:400]]
[2022.07.15-12.22.50:838][  0]LogConfig: Setting CVar [[r.LensFlareQuality:2]]
[2022.07.15-12.22.50:838][  0]LogConfig: Setting CVar [[r.SceneColorFringeQuality:1]]
[2022.07.15-12.22.50:838][  0]LogConfig: Setting CVar [[r.EyeAdaptationQuality:2]]
[2022.07.15-12.22.50:838][  0]LogConfig: Setting CVar [[r.BloomQuality:5]]
[2022.07.15-12.22.50:838][  0]LogConfig: Setting CVar [[r.FastBlurThreshold:100]]
[2022.07.15-12.22.50:838][  0]LogConfig: Setting CVar [[r.Upscale.Quality:3]]
[2022.07.15-12.22.50:838][  0]LogConfig: Setting CVar [[r.Tonemapper.GrainQuantization:1]]
[2022.07.15-12.22.50:838][  0]LogConfig: Setting CVar [[r.LightShaftQuality:1]]
[2022.07.15-12.22.50:839][  0]LogConfig: Setting CVar [[r.Filter.SizeScale:1]]
[2022.07.15-12.22.50:839][  0]LogConfig: Setting CVar [[r.Tonemapper.Quality:5]]
[2022.07.15-12.22.50:839][  0]LogConfig: Setting CVar [[r.DOF.Gather.AccumulatorQuality:1        ; higher gathering accumulator quality]]
[2022.07.15-12.22.50:839][  0]LogConfig: Setting CVar [[r.DOF.Gather.PostfilterMethod:1          ; Median3x3 postfilering method]]
[2022.07.15-12.22.50:839][  0]LogConfig: Setting CVar [[r.DOF.Gather.EnableBokehSettings:0       ; no bokeh simulation when gathering]]
[2022.07.15-12.22.50:839][  0]LogConfig: Setting CVar [[r.DOF.Gather.RingCount:4                 ; medium number of samples when gathering]]
[2022.07.15-12.22.50:839][  0]LogConfig: Setting CVar [[r.DOF.Scatter.ForegroundCompositing:1    ; additive foreground scattering]]
[2022.07.15-12.22.50:839][  0]LogConfig: Setting CVar [[r.DOF.Scatter.BackgroundCompositing:2    ; additive background scattering]]
[2022.07.15-12.22.50:839][  0]LogConfig: Setting CVar [[r.DOF.Scatter.EnableBokehSettings:1      ; bokeh simulation when scattering]]
[2022.07.15-12.22.50:839][  0]LogConfig: Setting CVar [[r.DOF.Scatter.MaxSpriteRatio:0.1         ; only a maximum of 10% of scattered bokeh]]
[2022.07.15-12.22.50:839][  0]LogConfig: Setting CVar [[r.DOF.Recombine.Quality:1                ; cheap slight out of focus]]
[2022.07.15-12.22.50:839][  0]LogConfig: Setting CVar [[r.DOF.Recombine.EnableBokehSettings:0    ; no bokeh simulation on slight out of focus]]
[2022.07.15-12.22.50:839][  0]LogConfig: Setting CVar [[r.DOF.TemporalAAQuality:1                ; more stable temporal accumulation]]
[2022.07.15-12.22.50:839][  0]LogConfig: Setting CVar [[r.DOF.Kernel.MaxForegroundRadius:0.025]]
[2022.07.15-12.22.50:839][  0]LogConfig: Setting CVar [[r.DOF.Kernel.MaxBackgroundRadius:0.025]]
[2022.07.15-12.22.50:839][  0]LogConfig: Applying CVar settings from Section [TextureQuality@3] File [C:/Users/danie/Documents/Gamedev VR/game/UE4 game/fpsgame/Saved/Config/Windows/Scalability.ini]
[2022.07.15-12.22.50:839][  0]LogConfig: Setting CVar [[r.Streaming.MipBias:0]]
[2022.07.15-12.22.50:839][  0]LogConfig: Setting CVar [[r.Streaming.AmortizeCPUToGPUCopy:0]]
[2022.07.15-12.22.50:839][  0]LogConfig: Setting CVar [[r.Streaming.MaxNumTexturesToStreamPerFrame:0]]
[2022.07.15-12.22.50:839][  0]LogConfig: Setting CVar [[r.Streaming.Boost:1]]
[2022.07.15-12.22.50:839][  0]LogConfig: Setting CVar [[r.MaxAnisotropy:8]]
[2022.07.15-12.22.50:839][  0]LogConfig: Setting CVar [[r.VT.MaxAnisotropy:8]]
[2022.07.15-12.22.50:839][  0]LogConfig: Setting CVar [[r.Streaming.LimitPoolSizeToVRAM:0]]
[2022.07.15-12.22.50:839][  0]LogConfig: Setting CVar [[r.Streaming.PoolSize:1000]]
[2022.07.15-12.22.50:839][  0]LogConfig: Setting CVar [[r.Streaming.MaxEffectiveScreenSize:0]]
[2022.07.15-12.22.50:839][  0]LogConfig: Applying CVar settings from Section [EffectsQuality@3] File [C:/Users/danie/Documents/Gamedev VR/game/UE4 game/fpsgame/Saved/Config/Windows/Scalability.ini]
[2022.07.15-12.22.50:839][  0]LogConfig: Setting CVar [[r.TranslucencyLightingVolumeDim:64]]
[2022.07.15-12.22.50:839][  0]LogConfig: Setting CVar [[r.RefractionQuality:2]]
[2022.07.15-12.22.50:839][  0]LogConfig: Setting CVar [[r.SSR.Quality:3]]
[2022.07.15-12.22.50:839][  0]LogConfig: Setting CVar [[r.SSR.HalfResSceneColor:0]]
[2022.07.15-12.22.50:839][  0]LogConfig: Setting CVar [[r.SceneColorFormat:4]]
[2022.07.15-12.22.50:839][  0]LogConfig: Setting CVar [[r.DetailMode:2]]
[2022.07.15-12.22.50:839][  0]LogConfig: Setting CVar [[r.TranslucencyVolumeBlur:1]]
[2022.07.15-12.22.50:839][  0]LogConfig: Setting CVar [[r.MaterialQualityLevel:1 ; High quality]]
[2022.07.15-12.22.50:839][  0]LogConfig: Setting CVar [[r.AnisotropicMaterials:1]]
[2022.07.15-12.22.50:839][  0]LogConfig: Setting CVar [[r.SSS.Scale:1]]
[2022.07.15-12.22.50:839][  0]LogConfig: Setting CVar [[r.SSS.SampleSet:2]]
[2022.07.15-12.22.50:839][  0]LogConfig: Setting CVar [[r.SSS.Quality:1]]
[2022.07.15-12.22.50:839][  0]LogConfig: Setting CVar [[r.SSS.HalfRes:0]]
[2022.07.15-12.22.50:839][  0]LogConfig: Setting CVar [[r.SSGI.Quality:3]]
[2022.07.15-12.22.50:839][  0]LogConfig: Setting CVar [[r.EmitterSpawnRateScale:1.0]]
[2022.07.15-12.22.50:839][  0]LogConfig: Setting CVar [[r.ParticleLightQuality:2]]
[2022.07.15-12.22.50:839][  0]LogConfig: Setting CVar [[r.SkyAtmosphere.AerialPerspectiveLUT.FastApplyOnOpaque:1 ; Always have FastSkyLUT 1 in this case to avoid wrong sky]]
[2022.07.15-12.22.50:839][  0]LogConfig: Setting CVar [[r.SkyAtmosphere.AerialPerspectiveLUT.SampleCountMaxPerSlice:4]]
[2022.07.15-12.22.50:839][  0]LogConfig: Setting CVar [[r.SkyAtmosphere.AerialPerspectiveLUT.DepthResolution:16.0]]
[2022.07.15-12.22.50:839][  0]LogConfig: Setting CVar [[r.SkyAtmosphere.FastSkyLUT:1]]
[2022.07.15-12.22.50:839][  0]LogConfig: Setting CVar [[r.SkyAtmosphere.FastSkyLUT.SampleCountMin:4.0]]
[2022.07.15-12.22.50:839][  0]LogConfig: Setting CVar [[r.SkyAtmosphere.FastSkyLUT.SampleCountMax:128.0]]
[2022.07.15-12.22.50:839][  0]LogConfig: Setting CVar [[r.SkyAtmosphere.SampleCountMin:4.0]]
[2022.07.15-12.22.50:839][  0]LogConfig: Setting CVar [[r.SkyAtmosphere.SampleCountMax:128.0]]
[2022.07.15-12.22.50:839][  0]LogConfig: Setting CVar [[r.SkyAtmosphere.TransmittanceLUT.UseSmallFormat:0]]
[2022.07.15-12.22.50:839][  0]LogConfig: Setting CVar [[r.SkyAtmosphere.TransmittanceLUT.SampleCount:10.0]]
[2022.07.15-12.22.50:839][  0]LogConfig: Setting CVar [[r.SkyAtmosphere.MultiScatteringLUT.SampleCount:15.0]]
[2022.07.15-12.22.50:839][  0]LogConfig: Setting CVar [[r.SkyLight.RealTimeReflectionCapture:1]]
[2022.07.15-12.22.50:839][  0]LogConfig: Applying CVar settings from Section [FoliageQuality@3] File [C:/Users/danie/Documents/Gamedev VR/game/UE4 game/fpsgame/Saved/Config/Windows/Scalability.ini]
[2022.07.15-12.22.50:839][  0]LogConfig: Setting CVar [[foliage.DensityScale:1.0]]
[2022.07.15-12.22.50:839][  0]LogConfig: Setting CVar [[grass.DensityScale:1.0]]
[2022.07.15-12.22.50:839][  0]LogConfig: Applying CVar settings from Section [ShadingQuality@3] File [C:/Users/danie/Documents/Gamedev VR/game/UE4 game/fpsgame/Saved/Config/Windows/Scalability.ini]
[2022.07.15-12.22.50:839][  0]LogConfig: Setting CVar [[r.HairStrands.SkyLighting.IntegrationType:2]]
[2022.07.15-12.22.50:839][  0]LogConfig: Setting CVar [[r.HairStrands.SkyAO.SampleCount:4]]
[2022.07.15-12.22.50:839][  0]LogConfig: Setting CVar [[r.HairStrands.Visibility.MSAA.SamplePerPixel:4]]
[2022.07.15-12.22.50:839][  0]LogConfig: Applying CVar settings from Section [Startup] File [../../../Engine/Config/ConsoleVariables.ini]
[2022.07.15-12.22.50:840][  0]LogConfig: Setting CVar [[net.UseAdaptiveNetUpdateFrequency:0]]
[2022.07.15-12.22.50:840][  0]LogConfig: Setting CVar [[p.chaos.AllowCreatePhysxBodies:1]]
[2022.07.15-12.22.50:840][  0]LogConfig: Setting CVar [[fx.SkipVectorVMBackendOptimizations:1]]
[2022.07.15-12.22.50:840][  0]LogConfig: Applying CVar settings from Section [ConsoleVariables] File [C:/Users/danie/Documents/Gamedev VR/game/UE4 game/fpsgame/Saved/Config/Windows/Engine.ini]
[2022.07.15-12.22.50:840][  0]LogConfig: Applying CVar settings from Section [ConsoleVariables] File [C:/Users/danie/Documents/Gamedev VR/game/UE4 game/fpsgame/Saved/Config/Windows/Editor.ini]
[2022.07.15-12.22.50:840][  0]LogInit: Computer: DESKTOP-QG36584
[2022.07.15-12.22.50:840][  0]LogInit: User: danie
[2022.07.15-12.22.50:840][  0]LogInit: CPU Page size=4096, Cores=6
[2022.07.15-12.22.50:840][  0]LogInit: High frequency timer resolution =10.000000 MHz
[2022.07.15-12.22.50:840][  0]LogMemory: Memory total: Physical=16.0GB (16GB approx)
[2022.07.15-12.22.50:840][  0]LogMemory: Platform Memory Stats for Windows
[2022.07.15-12.22.50:840][  0]LogMemory: Process Physical Memory: 145.20 MB used, 145.21 MB peak
[2022.07.15-12.22.50:840][  0]LogMemory: Process Virtual Memory: 127.69 MB used, 127.69 MB peak
[2022.07.15-12.22.50:840][  0]LogMemory: Physical Memory: 10815.20 MB used,  5519.57 MB free, 16334.77 MB total
[2022.07.15-12.22.50:840][  0]LogMemory: Virtual Memory: 134212728.00 MB used,  5000.93 MB free, 134217728.00 MB total
[2022.07.15-12.22.50:844][  0]LogWindows: WindowsPlatformFeatures enabled
[2022.07.15-12.22.50:862][  0]LogInit: Physics initialised using underlying interface: PhysX
[2022.07.15-12.22.50:862][  0]LogInit: Using OS detected language (en-US).
[2022.07.15-12.22.50:862][  0]LogInit: Using OS detected locale (en-GB).
[2022.07.15-12.22.50:868][  0]LogTextLocalizationManager: No specific localization for 'en-US' exists, so the 'en' localization will be used.
[2022.07.15-12.22.51:022][  0]LogInit: Setting process to per monitor DPI aware
[2022.07.15-12.22.51:033][  0]LogWindowsTextInputMethodSystem: Display: IME system deactivated.
[2022.07.15-12.22.51:048][  0]LogSlate: New Slate User Created.  User Index 0, Is Virtual User: 0
[2022.07.15-12.22.51:048][  0]LogSlate: Slate User Registered.  User Index 0, Is Virtual User: 0
[2022.07.15-12.22.51:165][  0]LogD3D11RHI: Loaded GFSDK_Aftermath_Lib.x64.dll
[2022.07.15-12.22.51:168][  0]LogHMD: Failed to initialize OpenVR with code 110
[2022.07.15-12.22.51:168][  0]LogD3D11RHI: D3D11 min allowed feature level: 11_0
[2022.07.15-12.22.51:168][  0]LogD3D11RHI: D3D11 max allowed feature level: 11_0
[2022.07.15-12.22.51:168][  0]LogD3D11RHI: D3D11 adapters:
[2022.07.15-12.22.51:201][  0]LogD3D11RHI:    0. 'AMD Radeon RX 5700 XT' (Feature Level 11_0)
[2022.07.15-12.22.51:201][  0]LogD3D11RHI:       8151/0/8167 MB DedicatedVideo/DedicatedSystem/SharedSystem, Outputs:2, VendorId:0x1002
[2022.07.15-12.22.51:203][  0]LogD3D11RHI:    1. 'Microsoft Basic Render Driver' (Feature Level 11_0)
[2022.07.15-12.22.51:203][  0]LogD3D11RHI:       0/0/8167 MB DedicatedVideo/DedicatedSystem/SharedSystem, Outputs:0, VendorId:0x1414
[2022.07.15-12.22.51:203][  0]LogD3D11RHI: Chosen D3D11 Adapter:
[2022.07.15-12.22.51:203][  0]LogD3D11RHI:     Description : AMD Radeon RX 5700 XT
[2022.07.15-12.22.51:203][  0]LogD3D11RHI:     VendorId    : 1002
[2022.07.15-12.22.51:203][  0]LogD3D11RHI:     DeviceId    : 731f
[2022.07.15-12.22.51:203][  0]LogD3D11RHI:     SubSysId    : 23131458
[2022.07.15-12.22.51:203][  0]LogD3D11RHI:     Revision    : 00c1
[2022.07.15-12.22.51:203][  0]LogD3D11RHI:     DedicatedVideoMemory : 8547471360 bytes
[2022.07.15-12.22.51:203][  0]LogD3D11RHI:     DedicatedSystemMemory : 0 bytes
[2022.07.15-12.22.51:203][  0]LogD3D11RHI:     SharedSystemMemory : 8564123648 bytes
[2022.07.15-12.22.51:203][  0]LogD3D11RHI:     AdapterLuid : 0 54130
[2022.07.15-12.22.51:208][  0]LogD3D11RHI: Creating new Direct3DDevice
[2022.07.15-12.22.51:208][  0]LogD3D11RHI:     GPU DeviceId: 0x731f (for the marketing name, search the web for "GPU Device Id")
[2022.07.15-12.22.51:208][  0]LogWindows: EnumDisplayDevices:
[2022.07.15-12.22.51:208][  0]LogWindows:    0. 'AMD Radeon RX 5700 XT' (P:1 D:1)
[2022.07.15-12.22.51:209][  0]LogWindows:    1. 'AMD Radeon RX 5700 XT' (P:0 D:1)
[2022.07.15-12.22.51:209][  0]LogWindows:    2. 'AMD Radeon RX 5700 XT' (P:0 D:0)
[2022.07.15-12.22.51:209][  0]LogWindows:    3. 'AMD Radeon RX 5700 XT' (P:0 D:0)
[2022.07.15-12.22.51:210][  0]LogWindows:    4. 'AMD Radeon RX 5700 XT' (P:0 D:0)
[2022.07.15-12.22.51:210][  0]LogWindows:    5. 'AMD Radeon RX 5700 XT' (P:0 D:0)
[2022.07.15-12.22.51:210][  0]LogWindows:    6. 'AMD Radeon RX 5700 XT' (P:0 D:0)
[2022.07.15-12.22.51:210][  0]LogWindows: DebugString: FoundDriverCount:7 
[2022.07.15-12.22.51:210][  0]LogD3D11RHI:     Adapter Name: AMD Radeon RX 5700 XT
[2022.07.15-12.22.51:210][  0]LogD3D11RHI:   Driver Version: AMD Software: Adrenalin Edition 22.5.1 (internal:30.0.15021.11005, unified:30.0.15021.11005)
[2022.07.15-12.22.51:210][  0]LogD3D11RHI:      Driver Date: 4-28-2022
[2022.07.15-12.22.51:211][  0]LogRHI: Texture pool is 5168 MB (70% of 7383 MB)
[2022.07.15-12.22.51:234][  0]LogD3D11RHI: Creating D3DDevice with AMD AGS, using adapter:
[2022.07.15-12.22.51:234][  0]LogD3D11RHI:     Description : AMD Radeon RX 5700 XT
[2022.07.15-12.22.51:234][  0]LogD3D11RHI:     VendorId    : 1002
[2022.07.15-12.22.51:234][  0]LogD3D11RHI:     DeviceId    : 731f
[2022.07.15-12.22.51:234][  0]LogD3D11RHI:     SubSysId    : 23131458
[2022.07.15-12.22.51:234][  0]LogD3D11RHI:     Revision    : 00c1
[2022.07.15-12.22.51:234][  0]LogD3D11RHI:     DedicatedVideoMemory : 8547471360 bytes
[2022.07.15-12.22.51:234][  0]LogD3D11RHI:     DedicatedSystemMemory : 0 bytes
[2022.07.15-12.22.51:234][  0]LogD3D11RHI:     SharedSystemMemory : 8564123648 bytes
[2022.07.15-12.22.51:234][  0]LogD3D11RHI:     AdapterLuid : 0 54130
[2022.07.15-12.22.51:264][  0]LogD3D11RHI: Created device via AGS, feature level 11_0, supported extensions 1fffffbf.
[2022.07.15-12.22.51:264][  0]LogD3D11RHI: RHI has support for 64 bit atomics
[2022.07.15-12.22.51:264][  0]LogD3D11RHI: Async texture creation enabled
[2022.07.15-12.22.51:264][  0]LogD3D11RHI: Array index from any shader is supported
[2022.07.15-12.22.51:276][  0]LogD3D11RHI: GPU Timing Frequency: 100.000000 (Debug: 2 1)
[2022.07.15-12.22.51:497][  0]LogTargetPlatformManager: Display: Loaded TargetPlatform 'AllDesktop'
[2022.07.15-12.22.51:517][  0]LogTargetPlatformManager: Display: Loaded TargetPlatform 'Android'
[2022.07.15-12.22.51:517][  0]LogTargetPlatformManager: Display: Loaded TargetPlatform 'Android_ASTC'
[2022.07.15-12.22.51:517][  0]LogTargetPlatformManager: Display: Loaded TargetPlatform 'Android_DXT'
[2022.07.15-12.22.51:517][  0]LogTargetPlatformManager: Display: Loaded TargetPlatform 'Android_ETC2'
[2022.07.15-12.22.51:517][  0]LogTargetPlatformManager: Display: Loaded TargetPlatform 'AndroidClient'
[2022.07.15-12.22.51:517][  0]LogTargetPlatformManager: Display: Loaded TargetPlatform 'Android_ASTCClient'
[2022.07.15-12.22.51:517][  0]LogTargetPlatformManager: Display: Loaded TargetPlatform 'Android_DXTClient'
[2022.07.15-12.22.51:517][  0]LogTargetPlatformManager: Display: Loaded TargetPlatform 'Android_ETC2Client'
[2022.07.15-12.22.51:517][  0]LogTargetPlatformManager: Display: Loaded TargetPlatform 'Android_Multi'
[2022.07.15-12.22.51:517][  0]LogTargetPlatformManager: Display: Loaded TargetPlatform 'Android_MultiClient'
[2022.07.15-12.22.51:533][  0]LogTargetPlatformManager: Display: Loaded TargetPlatform 'IOSClient'
[2022.07.15-12.22.51:533][  0]LogTargetPlatformManager: Display: Loaded TargetPlatform 'IOS'
[2022.07.15-12.22.51:543][  0]LogTargetPlatformManager: Display: Loaded TargetPlatform 'Linux'
[2022.07.15-12.22.51:546][  0]LogTargetPlatformManager: Display: Loaded TargetPlatform 'LinuxNoEditor'
[2022.07.15-12.22.51:550][  0]LogTargetPlatformManager: Display: Loaded TargetPlatform 'LinuxClient'
[2022.07.15-12.22.51:553][  0]LogTargetPlatformManager: Display: Loaded TargetPlatform 'LinuxServer'
[2022.07.15-12.22.51:562][  0]LogTargetPlatformManager: Display: Loaded TargetPlatform 'LinuxAArch64NoEditor'
[2022.07.15-12.22.51:566][  0]LogTargetPlatformManager: Display: Loaded TargetPlatform 'LinuxAArch64Client'
[2022.07.15-12.22.51:570][  0]LogTargetPlatformManager: Display: Loaded TargetPlatform 'LinuxAArch64Server'
[2022.07.15-12.22.51:593][  0]LogTargetPlatformManager: Display: Loaded TargetPlatform 'Lumin'
[2022.07.15-12.22.51:593][  0]LogTargetPlatformManager: Display: Loaded TargetPlatform 'LuminClient'
[2022.07.15-12.22.51:602][  0]LogTargetPlatformManager: Display: Loaded TargetPlatform 'MacNoEditor'
[2022.07.15-12.22.51:606][  0]LogTargetPlatformManager: Display: Loaded TargetPlatform 'Mac'
[2022.07.15-12.22.51:609][  0]LogTargetPlatformManager: Display: Loaded TargetPlatform 'MacClient'
[2022.07.15-12.22.51:613][  0]LogTargetPlatformManager: Display: Loaded TargetPlatform 'MacServer'
[2022.07.15-12.22.51:624][  0]LogTargetPlatformManager: Display: Loaded TargetPlatform 'TVOSClient'
[2022.07.15-12.22.51:624][  0]LogTargetPlatformManager: Display: Loaded TargetPlatform 'TVOS'
[2022.07.15-12.22.51:633][  0]LogTargetPlatformManager: Display: Loaded TargetPlatform 'WindowsNoEditor'
[2022.07.15-12.22.51:637][  0]LogTargetPlatformManager: Display: Loaded TargetPlatform 'Windows'
[2022.07.15-12.22.51:641][  0]LogTargetPlatformManager: Display: Loaded TargetPlatform 'WindowsClient'
[2022.07.15-12.22.51:645][  0]LogTargetPlatformManager: Display: Loaded TargetPlatform 'WindowsServer'
[2022.07.15-12.22.51:645][  0]LogTargetPlatformManager: Display: Building Assets For Windows
[2022.07.15-12.22.51:651][  0]LogAudioDebug: Display: Lib vorbis DLL was dynamically loaded.
[2022.07.15-12.22.51:675][  0]LogTextureFormatOodle: Display: Oodle Texture 2.9.0 init RDO Off
[2022.07.15-12.22.51:698][  0]LogRendererCore: Ray tracing is disabled. Reason: r.RayTracing=0.
[2022.07.15-12.22.51:698][  0]LogShaderCompilers: Guid format shader working directory is -26 characters bigger than the processId version (../../../../../../Users/danie/Documents/Gamedev VR/game/UE4 game/fpsgame/Intermediate/Shaders/WorkingDirectory/6380/).
[2022.07.15-12.22.51:699][  0]LogShaderCompilers: Cleaned the shader compiler working directory 'C:/Users/danie/AppData/Local/Temp/UnrealShaderWorkingDir/BAC1BC0640D6AB3DE96B6E810B9E034E/'.
[2022.07.15-12.22.51:699][  0]LogXGEController: Cannot use XGE Controller as Incredibuild is not installed on this machine.
[2022.07.15-12.22.51:699][  0]LogShaderCompilers: Cannot use XGE Shader Compiler as Incredibuild is not installed on this machine.
[2022.07.15-12.22.51:699][  0]LogShaderCompilers: Display: Using Local Shader Compiler.
[2022.07.15-12.22.52:298][  0]LogDerivedDataCache: Display: Max Cache Size: 512 MB
[2022.07.15-12.22.52:347][  0]LogDerivedDataCache: Loaded boot cache 0.05s 94MB C:/Users/danie/AppData/Local/UnrealEngine/4.27/DerivedDataCache/Boot.ddc.
[2022.07.15-12.22.52:347][  0]LogDerivedDataCache: Display: Loaded Boot cache: C:/Users/danie/AppData/Local/UnrealEngine/4.27/DerivedDataCache/Boot.ddc
[2022.07.15-12.22.52:347][  0]LogDerivedDataCache: FDerivedDataBackendGraph:  Pak pak cache file ../../../../../../Users/danie/Documents/Gamedev VR/game/UE4 game/fpsgame/DerivedDataCache/DDC.ddp not found, will not use a pak cache.
[2022.07.15-12.22.52:347][  0]LogDerivedDataCache: Unable to find inner node Pak for hierarchical cache Hierarchy.
[2022.07.15-12.22.52:347][  0]LogDerivedDataCache: FDerivedDataBackendGraph:  CompressedPak pak cache file ../../../../../../Users/danie/Documents/Gamedev VR/game/UE4 game/fpsgame/DerivedDataCache/Compressed.ddp not found, will not use a pak cache.
[2022.07.15-12.22.52:347][  0]LogDerivedDataCache: Unable to find inner node CompressedPak for hierarchical cache Hierarchy.
[2022.07.15-12.22.52:363][  0]LogDerivedDataCache: Display: Pak cache opened for reading ../../../Engine/DerivedDataCache/Compressed.ddp.
[2022.07.15-12.22.52:363][  0]LogDerivedDataCache: FDerivedDataBackendGraph:  EnterprisePak pak cache file ../../../Enterprise/DerivedDataCache/Compressed.ddp not found, will not use a pak cache.
[2022.07.15-12.22.52:363][  0]LogDerivedDataCache: Unable to find inner node EnterprisePak for hierarchical cache Hierarchy.
[2022.07.15-12.22.52:370][  0]LogDerivedDataCache: Speed tests for C:/Users/danie/AppData/Local/UnrealEngine/Common/DerivedDataCache took 0.01 seconds
[2022.07.15-12.22.52:370][  0]LogDerivedDataCache: Display: Performance to C:/Users/danie/AppData/Local/UnrealEngine/Common/DerivedDataCache: Latency=0.03ms. RandomReadSpeed=414.54MBs, RandomWriteSpeed=191.95MBs. Assigned SpeedClass 'Local'
[2022.07.15-12.22.52:371][  0]LogDerivedDataCache: Using Local data cache path C:/Users/danie/AppData/Local/UnrealEngine/Common/DerivedDataCache: Writable
[2022.07.15-12.22.52:371][  0]LogDerivedDataCache: Shared data cache path not found in *engine.ini, will not use an Shared cache.
[2022.07.15-12.22.52:371][  0]LogDerivedDataCache: Unable to find inner node Shared for hierarchical cache Hierarchy.
[2022.07.15-12.22.52:416][  0]LogSlate: Using FreeType 2.10.0
[2022.07.15-12.22.52:416][  0]LogSlate: SlateFontServices - WITH_FREETYPE: 1, WITH_HARFBUZZ: 1
[2022.07.15-12.22.52:438][  0]LogAssetRegistry: FAssetRegistry took 0.0025 seconds to start up
[2022.07.15-12.22.52:646][  0]LogInit: Selected Device Profile: [Windows]
[2022.07.15-12.22.52:646][  0]LogInit: Active device profile: [000001A4039D1400][000001A47886E7C0 49] Windows
[2022.07.15-12.22.52:646][  0]LogInit: Profiles: [000001A4039D1400][000001A47886E7C0 49] Windows, [000001A4039D1500][000001A402660940 49] WindowsNoEditor, [000001A4039D1600][000001A40284CA80 49] WindowsServer, [000001A40393E400][000001A4024E8BC0 49] WindowsClient, [000001A40391DE00][000001A4024ECD00 49] IOS, [000001A40393C700][000001A40238AE80 49] iPadAir, [000001A40391FC00][000001A40238F000 49] iPadAir2, [000001A4038BC800][000001A4023A12C0 49] IPadPro, [000001A4038BC900][000001A40239D300 49] iPadAir3, [000001A40391C200][000001A4023A5480 49] iPadAir4, [000001A4038BC600][000001A4023A9600 49] iPadMini2, [000001A40391C500][000001A4023AD780 49] iPadMini3, [000001A4038BD500][000001A4021FF900 49] iPadMini4, [000001A40391FD00][000001A402203A80 49] iPadMini5, [000001A40393E800][000001A47854E1C0 49] iPhone6, [000001A4038BBF00][000001A40221A200 49] iPodTouch6, [000001A40393C300][000001A4785564C0 49] iPhone7, [000001A4038BF900][000001A478552500 49] iPodTouch7, [000001A4038B8500][000001A478598680 49] iPhone5S, [000001A4038BFD00][000001A47859C800 49] iPhone6Plus, [000001A4038BB300][000001A4785A4980 49] iPhone6S, [000001A4038BC100][000001A4785A8B00 49] iPhone6SPlus, [000001A4038B8F00][000001A4024F4C40 49] iPhone7Plus, [000001A4038BF100][000001A4785ACD80 49] iPhoneSE, [000001A4038BAA00][000001A4785B0EC0 49] iPhone8, [000001A4038BFC00][000001A478537040 49] iPhone8Plus, [000001A4038B9800][000001A47853B1C0 49] iPhoneX, [000001A4038BEA00][000001A402641340 49] iPhoneXS, [000001A4038BA100][000001A4785A14C0 49] iPhoneXSMax, [000001A4038BF400][000001A47855B640 49] iPhoneXR, [000001A4038BB200][000001A4026457C0 49] iPhone11, [000001A4038BC500][000001A47854B940 49] iPhone11Pro, [000001A4038B9100][000001A47853FAC0 49] iPhone11ProMax, [000001A4038BD900][000001A4785420C0 49] iPhoneSE2, [000001A4038BA800][000001A478546240 49] iPhone12Mini, [000001A4038BE600][000001A4024C23C0 49] iPhone12, [000001A4038B8400][000001A4024C6540 49] iPhone12Pro, [000001A4038BF600][000001A4024CA6C0 49] iPhone12ProMax, [000001A4038BBA00][000001A4024CE840 49] iPadPro105, [000001A4038BDA00][000001A4024D29C0 49] iPadPro129, [000001A4038BBE00][000001A4024D6B40 49] iPadPro97, [000001A4038BDF00][000001A4024DACC0 49] iPadPro2_129, [000001A4038BA300][000001A4785B4E00 49] iPad5, [000001A4038BE200][000001A4024DEF40 49] iPad6, [000001A4038BB800][000001A4024E3080 49] iPad7, [000001A4038BDB00][000001A4023B11C0 49] iPad8, [000001A4038B8600][000001A4023B9340 49] iPadPro11, [000001A4038BEC00][000001A4023BD4C0 49] iPadPro2_11, [000001A4038B9300][000001A4023C1640 49] iPadPro3_129, [000001A4038BCB00][000001A4023C57C0 49] iPadPro4_129, [000001A4038B9B00][000001A4023C9940 49] AppleTV, [000001A4038BF700][000001A4023CDAC0 49] AppleTV4K, [000001A4038BB500][000001A4023D00C0 49] TVOS, [000001A4038BF800][000001A4023D4240 49] Mac, [000001A4038BA200][000001A401AAE3C0 49] MacClient, [000001A4038BCC00][000001A401AB2540 49] MacNoEditor, [000001A4038BB000][000001A401AB66C0 49] MacServer, [000001A4038BFA00][000001A401ABA840 49] Linux, [000001A4038B9400][000001A401ABE9C0 49] LinuxAArch64, [000001A4038BE000][000001A401AC2B40 49] LinuxNoEditor, [000001A4038B8D00][000001A401AC6CC0 49] LinuxAArch64NoEditor, [000001A4038BE100][000001A401ACAE40 49] LinuxClient, [000001A4038B8E00][000001A4023B4F80 49] LinuxAArch64Client, [000001A4038BDD00][000001A401ACF0C0 49] LinuxServer, [000001A4038BAB00][000001A401AD3200 49] LinuxAArch64Server, [000001A4038BF300][000001A401AD7340 49] Android, [000001A4038BB700][000001A401ADF4C0 49] Android_Low, [000001A4039D0400][000001A401AE3640 49] Android_Mid, [000001A40393ED00][000001A401AE77C0 49] Android_High, [000001A4039D0500][000001A401AEB940 49] Android_Default, [000001A40393EF00][000001A401AEFAC0 49] Android_Adreno4xx, [000001A4039D3000][000001A401AF20C0 49] Android_Adreno5xx_Low, [000001A40393F000][000001A401AF6240 49] Android_Adreno5xx, [000001A4039D0100][000001A401AFA3C0 49] Android_Adreno6xx, [000001A40393FC00][000001A401AFE540 49] Android_Adreno6xx_Vulkan, [000001A4039D1700][000001A401B026C0 49] Android_Mali_T6xx, [000001A40393CF00][000001A401B06840 49] Android_Mali_T7xx, [000001A4039D2800][000001A401B0A9C0 49] Android_Mali_T8xx, [000001A40393D500][000001A401B0EB40 49] Android_Mali_G71, [000001A4039D2A00][000001A401B12CC0 49] Android_Mali_G72, [000001A40393CD00][000001A401B16E40 49] Android_Mali_G72_Vulkan, [000001A4039D0300][000001A401B1AFC0 49] Android_Mali_G76, [000001A40393FA00][000001A401B1F140 49] Android_Mali_G76_Vulkan, [000001A4039D1100][000001A401ADB280 49] Android_Mali_G77, [000001A40393CB00][000001A401B233C0 49] Android_Mali_G77_Vulkan, [000001A4039D2400][000001A401B27500 49] Android_Mali_G78, [000001A40393DD00][000001A401B2F680 49] Android_Mali_G78_Vulkan, [000001A4039D2E00][000001A401B33800 49] Android_Mali_G710, [000001A40393D300][000001A401B37980 49] Android_Mali_G710_Vulkan, [000001A4039D2B00][000001A401B3BB00 49] Android_Vulkan_SM5, [000001A40393E700][000001A401B3E100 49] Android_PowerVR_G6xxx, [000001A4039D3400][000001A401B42280 49] Android_PowerVR_GT7xxx, [000001A40393D400][000001A401B46400 49] Android_PowerVR_GE8xxx, [000001A4039D1000][000001A401B4A580 49] Android_PowerVR_GM9xxx, [000001A40393FB00][000001A401B4E700 49] Android_PowerVR_GM9xxx_Vulkan, [000001A4039D1300][000001A401B52880 49] Android_TegraK1, [000001A4038BE700][000001A401B56A00 49] Android_Unknown_Vulkan, [000001A4039D0800][000001A401B5AB80 49] Lumin, [000001A4038BD100][000001A401B5ED00 49] Lumin_Desktop, [000001A4039D2100][000001A401B62E80 49] HoloLens, 
[2022.07.15-12.22.52:747][  0]LogMeshReduction: Using QuadricMeshReduction for automatic static mesh reduction
[2022.07.15-12.22.52:747][  0]LogMeshReduction: Using SimplygonMeshReduction for automatic skeletal mesh reduction
[2022.07.15-12.22.52:747][  0]LogMeshReduction: Using ProxyLODMeshReduction for automatic mesh merging
[2022.07.15-12.22.52:747][  0]LogMeshReduction: No distributed automatic mesh merging module available
[2022.07.15-12.22.52:747][  0]LogMeshMerging: No distributed automatic mesh merging module available
[2022.07.15-12.22.52:761][  0]LogNetVersion: fpsgame 1.0.0, NetCL: 17155196, EngineNetVer: 17, GameNetVer: 0 (Checksum: 3215450660)
[2022.07.15-12.22.53:331][  0]LogTexture: Default maximum texture size for cubemaps generated from long-lat sources has been changed from 512 to unlimited. In order to preserve old behaiour for '/Engine/MapTemplates/Sky/DaylightAmbientCubemap.DaylightAmbientCubemap', its maximum texture size has been explicitly set to 512.
[2022.07.15-12.22.53:383][  0]LogHMD: PokeAHoleMaterial loaded successfully
[2022.07.15-12.22.53:388][  0]LogUObjectArray: 17178 objects as part of root set at end of initial load.
[2022.07.15-12.22.53:388][  0]LogUObjectAllocator: 4302048 out of 0 bytes used by permanent object pool.
[2022.07.15-12.22.53:388][  0]LogUObjectArray: CloseDisregardForGC: 0/0 objects in disregard for GC pool
[2022.07.15-12.22.53:599][  0]LogNiagaraDebuggerClient: Niagara Debugger Client Initialized | Session: 7A91E82E455835D57478979180FB443F | Instance: 035CFFA2415BF1501986AFB73BABB8DA (DESKTOP-QG36584-6380).
[2022.07.15-12.22.53:629][  0]LogPython: Using Python 3.7.7
[2022.07.15-12.22.54:133][  0]LogTcpMessaging: Initializing TcpMessaging bridge
[2022.07.15-12.22.54:137][  0]LogUdpMessaging: Initializing bridge on interface 0.0.0.0:0 to multicast group 230.0.0.1:6666.
[2022.07.15-12.22.54:174][  0]LogLinker: Warning: [AssetLog] C:\Users\danie\Documents\Gamedev VR\game\UE4 game\fpsgame\Content\Meshes\Shape_Sphere.uasset: Failed to load '/Game/StarterContent/Materials/M_Basic_Wall': Can't find file.
[2022.07.15-12.22.54:175][  0]LogLinker: Warning: [AssetLog] C:\Users\danie\Documents\Gamedev VR\game\UE4 game\fpsgame\Content\Meshes\Shape_Sphere.uasset: Failed to load '/Game/StarterContent/Materials/M_Basic_Wall': Can't find file.
[2022.07.15-12.22.54:175][  0]LogLinker: Warning: [AssetLog] C:\Users\danie\Documents\Gamedev VR\game\UE4 game\fpsgame\Content\Meshes\Shape_Sphere.uasset: Failed to load '/Game/StarterContent/Materials/M_Basic_Wall': Can't find file.
[2022.07.15-12.22.54:175][  0]LogLinker: Warning: [AssetLog] C:\Users\danie\Documents\Gamedev VR\game\UE4 game\fpsgame\Content\Meshes\Shape_Sphere.uasset: Failed to load '/Game/StarterContent/Materials/M_Basic_Wall': Can't find file.
[2022.07.15-12.22.54:175][  0]LoadErrors: Failed to load /Game/StarterContent/Materials/M_Basic_Wall.M_Basic_Wall Referenced by Shape_Sphere
[2022.07.15-12.22.54:177][  0]LogLinker: Warning: [AssetLog] C:\Users\danie\Documents\Gamedev VR\game\UE4 game\fpsgame\Content\Particles\P_Explosion.uasset: Failed to load '/Game/StarterContent/Particles/Materials/M_Burst': Can't find file.
[2022.07.15-12.22.54:177][  0]LogLinker: Warning: [AssetLog] C:\Users\danie\Documents\Gamedev VR\game\UE4 game\fpsgame\Content\Particles\P_Explosion.uasset: Failed to load '/Game/StarterContent/Particles/Materials/M_Burst': Can't find file.
[2022.07.15-12.22.54:177][  0]LogLinker: Warning: [AssetLog] C:\Users\danie\Documents\Gamedev VR\game\UE4 game\fpsgame\Content\Particles\P_Explosion.uasset: Failed to load '/Game/StarterContent/Particles/Materials/M_explosion_subUV': Can't find file.
[2022.07.15-12.22.54:177][  0]LogLinker: Warning: [AssetLog] C:\Users\danie\Documents\Gamedev VR\game\UE4 game\fpsgame\Content\Particles\P_Explosion.uasset: Failed to load '/Game/StarterContent/Particles/Materials/M_explosion_subUV': Can't find file.
[2022.07.15-12.22.54:178][  0]LogLinker: Warning: [AssetLog] C:\Users\danie\Documents\Gamedev VR\game\UE4 game\fpsgame\Content\Particles\P_Explosion.uasset: Failed to load '/Game/StarterContent/Particles/Materials/m_flare_01': Can't find file.
[2022.07.15-12.22.54:178][  0]LogLinker: Warning: [AssetLog] C:\Users\danie\Documents\Gamedev VR\game\UE4 game\fpsgame\Content\Particles\P_Explosion.uasset: Failed to load '/Game/StarterContent/Particles/Materials/m_flare_01': Can't find file.
[2022.07.15-12.22.54:178][  0]LogLinker: Warning: [AssetLog] C:\Users\danie\Documents\Gamedev VR\game\UE4 game\fpsgame\Content\Particles\P_Explosion.uasset: Failed to load '/Game/StarterContent/Particles/Materials/M_radial_ramp': Can't find file.
[2022.07.15-12.22.54:178][  0]LogLinker: Warning: [AssetLog] C:\Users\danie\Documents\Gamedev VR\game\UE4 game\fpsgame\Content\Particles\P_Explosion.uasset: Failed to load '/Game/StarterContent/Particles/Materials/M_radial_ramp': Can't find file.
[2022.07.15-12.22.54:179][  0]LogLinker: Warning: [AssetLog] C:\Users\danie\Documents\Gamedev VR\game\UE4 game\fpsgame\Content\Particles\P_Explosion.uasset: Failed to load '/Game/StarterContent/Particles/Materials/M_smoke_subUV': Can't find file.
[2022.07.15-12.22.54:179][  0]LogLinker: Warning: [AssetLog] C:\Users\danie\Documents\Gamedev VR\game\UE4 game\fpsgame\Content\Particles\P_Explosion.uasset: Failed to load '/Game/StarterContent/Particles/Materials/M_smoke_subUV': Can't find file.
[2022.07.15-12.22.54:179][  0]LogLinker: Warning: [AssetLog] C:\Users\danie\Documents\Gamedev VR\game\UE4 game\fpsgame\Content\Particles\P_Explosion.uasset: Failed to load '/Game/StarterContent/Particles/Materials/M_Burst': Can't find file.
[2022.07.15-12.22.54:179][  0]LogLinker: Warning: [AssetLog] C:\Users\danie\Documents\Gamedev VR\game\UE4 game\fpsgame\Content\Particles\P_Explosion.uasset: Failed to load '/Game/StarterContent/Particles/Materials/M_explosion_subUV': Can't find file.
[2022.07.15-12.22.54:179][  0]LogLinker: Warning: [AssetLog] C:\Users\danie\Documents\Gamedev VR\game\UE4 game\fpsgame\Content\Particles\P_Explosion.uasset: Failed to load '/Game/StarterContent/Particles/Materials/m_flare_01': Can't find file.
[2022.07.15-12.22.54:180][  0]LogLinker: Warning: [AssetLog] C:\Users\danie\Documents\Gamedev VR\game\UE4 game\fpsgame\Content\Particles\P_Explosion.uasset: Failed to load '/Game/StarterContent/Particles/Materials/M_radial_ramp': Can't find file.
[2022.07.15-12.22.54:180][  0]LogLinker: Warning: [AssetLog] C:\Users\danie\Documents\Gamedev VR\game\UE4 game\fpsgame\Content\Particles\P_Explosion.uasset: Failed to load '/Game/StarterContent/Particles/Materials/M_smoke_subUV': Can't find file.
[2022.07.15-12.22.54:181][  0]LogLinker: Warning: [AssetLog] C:\Users\danie\Documents\Gamedev VR\game\UE4 game\fpsgame\Content\Particles\P_Explosion.uasset: Failed to load '/Game/StarterContent/Particles/Materials/M_smoke_subUV': Can't find file.
[2022.07.15-12.22.54:181][  0]LoadErrors: Failed to load /Game/StarterContent/Particles/Materials/M_smoke_subUV.M_smoke_subUV Referenced by ParticleModuleRequired_0
[2022.07.15-12.22.54:182][  0]LogLinker: Warning: [AssetLog] C:\Users\danie\Documents\Gamedev VR\game\UE4 game\fpsgame\Content\Particles\P_Explosion.uasset: Failed to load '/Game/StarterContent/Particles/Materials/M_explosion_subUV': Can't find file.
[2022.07.15-12.22.54:182][  0]LoadErrors: Failed to load /Game/StarterContent/Particles/Materials/M_explosion_subUV.M_explosion_subUV Referenced by ParticleModuleRequired_2
[2022.07.15-12.22.54:182][  0]LogLinker: Warning: [AssetLog] C:\Users\danie\Documents\Gamedev VR\game\UE4 game\fpsgame\Content\Particles\P_Explosion.uasset: Failed to load '/Game/StarterContent/Particles/Materials/M_radial_ramp': Can't find file.
[2022.07.15-12.22.54:182][  0]LoadErrors: Failed to load /Game/StarterContent/Particles/Materials/M_radial_ramp.M_radial_ramp Referenced by ParticleModuleRequired_3
[2022.07.15-12.22.54:182][  0]LogLinker: Warning: [AssetLog] C:\Users\danie\Documents\Gamedev VR\game\UE4 game\fpsgame\Content\Particles\P_Explosion.uasset: Failed to load '/Game/StarterContent/Particles/Materials/m_flare_01': Can't find file.
[2022.07.15-12.22.54:182][  0]LoadErrors: Failed to load /Game/StarterContent/Particles/Materials/m_flare_01.m_flare_01 Referenced by ParticleModuleRequired_4
[2022.07.15-12.22.54:182][  0]LogLinker: Warning: [AssetLog] C:\Users\danie\Documents\Gamedev VR\game\UE4 game\fpsgame\Content\Particles\P_Explosion.uasset: Failed to load '/Game/StarterContent/Particles/Materials/M_Burst': Can't find file.
[2022.07.15-12.22.54:182][  0]LoadErrors: Failed to load /Game/StarterContent/Particles/Materials/M_Burst.M_Burst Referenced by ParticleModuleRequired_8
[2022.07.15-12.22.54:820][  0]LogWindows: Error: === Critical error: ===
[2022.07.15-12.22.54:820][  0]LogWindows: Error: 
[2022.07.15-12.22.54:820][  0]LogWindows: Error: Fatal error!
[2022.07.15-12.22.54:820][  0]LogWindows: Error: 
[2022.07.15-12.22.54:820][  0]LogWindows: Error: Unhandled Exception: EXCEPTION_ACCESS_VIOLATION reading address 0x00000000000000c0
[2022.07.15-12.22.54:820][  0]LogWindows: Error: 
[2022.07.15-12.22.54:820][  0]LogWindows: Error: [Callstack] 0x00007ffd4daa52c0 UE4Editor-Engine.dll!UnknownFunction []
[2022.07.15-12.22.54:820][  0]LogWindows: Error: [Callstack] 0x00007ffd2d9e9ac5 UE4Editor-fpsgame-0329.dll!AWeaponActor::AWeaponActor() [C:\Users\danie\Documents\Gamedev VR\game\UE4 game\fpsgame\Source\fpsgame\WeaponActor.cpp:19]
[2022.07.15-12.22.54:820][  0]LogWindows: Error: [Callstack] 0x00007ffd5db361d3 UE4Editor-CoreUObject.dll!UnknownFunction []
[2022.07.15-12.22.54:820][  0]LogWindows: Error: [Callstack] 0x00007ffd5de58faf UE4Editor-CoreUObject.dll!UnknownFunction []
[2022.07.15-12.22.54:820][  0]LogWindows: Error: [Callstack] 0x00007ffd5de35411 UE4Editor-CoreUObject.dll!UnknownFunction []
[2022.07.15-12.22.54:820][  0]LogWindows: Error: [Callstack] 0x00007ffd5dcfddc5 UE4Editor-CoreUObject.dll!UnknownFunction []
[2022.07.15-12.22.54:820][  0]LogWindows: Error: [Callstack] 0x00007ffd5e511bea UE4Editor-Core.dll!UnknownFunction []
[2022.07.15-12.22.54:820][  0]LogWindows: Error: [Callstack] 0x00007ffd5e5315a3 UE4Editor-Core.dll!UnknownFunction []
[2022.07.15-12.22.54:820][  0]LogWindows: Error: [Callstack] 0x00007ffdb23a6433 UE4Editor-Projects.dll!UnknownFunction []
[2022.07.15-12.22.54:820][  0]LogWindows: Error: [Callstack] 0x00007ffdb23a674f UE4Editor-Projects.dll!UnknownFunction []
[2022.07.15-12.22.54:820][  0]LogWindows: Error: [Callstack] 0x00007ff7b3735642 UE4Editor.exe!UnknownFunction []
[2022.07.15-12.22.54:820][  0]LogWindows: Error: [Callstack] 0x00007ff7b3739000 UE4Editor.exe!UnknownFunction []
[2022.07.15-12.22.54:820][  0]LogWindows: Error: [Callstack] 0x00007ff7b3730d2c UE4Editor.exe!UnknownFunction []
[2022.07.15-12.22.54:820][  0]LogWindows: Error: [Callstack] 0x00007ff7b37310ba UE4Editor.exe!UnknownFunction []
[2022.07.15-12.22.54:820][  0]LogWindows: Error: [Callstack] 0x00007ff7b37340dd UE4Editor.exe!UnknownFunction []
[2022.07.15-12.22.54:820][  0]LogWindows: Error: [Callstack] 0x00007ff7b3745984 UE4Editor.exe!UnknownFunction []
[2022.07.15-12.22.54:820][  0]LogWindows: Error: [Callstack] 0x00007ff7b374853a UE4Editor.exe!UnknownFunction []
[2022.07.15-12.22.54:820][  0]LogWindows: Error: [Callstack] 0x00007ffdbdbf7034 KERNEL32.DLL!UnknownFunction []
[2022.07.15-12.22.54:820][  0]LogWindows: Error: [Callstack] 0x00007ffdbfb62651 ntdll.dll!UnknownFunction []
[2022.07.15-12.22.54:820][  0]LogWindows: Error: 
[2022.07.15-12.22.54:830][  0]LogExit: Executing StaticShutdownAfterError
[2022.07.15-12.22.54:832][  0]LogWindows: FPlatformMisc::RequestExit(1)
[2022.07.15-12.22.54:832][  0]LogWindows: FPlatformMisc::RequestExitWithStatus(1, 3)
[2022.07.15-12.22.54:832][  0]LogCore: Engine exit requested (reason: Win RequestExit)
[2022.07.15-12.22.54:840][  0]Log file closed, 07/15/22 13:22:54
