Log file open, 10/25/22 17:27:41
LogWindows: Failed to load 'aqProf.dll' (GetLastError=126)
LogWindows: File 'aqProf.dll' does not exist
LogWindows: Failed to load 'VtuneApi.dll' (GetLastError=126)
LogWindows: File 'VtuneApi.dll' does not exist
LogWindows: Failed to load 'VtuneApi32e.dll' (GetLastError=126)
LogWindows: File 'VtuneApi32e.dll' does not exist
LogConsoleResponse: Display: Failed to find resolution value strings in scalability ini. Falling back to default.
LogConsoleResponse: Display: Failed to find resolution value strings in scalability ini. Falling back to default.
LogInit: Display: Running engine for game: fpsgame
LogPlatformFile: Not using cached read wrapper
LogTaskGraph: Started task graph with 5 named threads and 17 total threads with 3 sets of task threads.
LogStats: Stats thread started at 0.211996
LogICUInternationalization: ICU TimeZone Detection - Raw Offset: +0:00, Platform Override: ''
LogInit: Display: Loading text-based GConfig....
LogPluginManager: Mounting plugin MeshPainting
LogPluginManager: Mounting plugin XGEController
LogPluginManager: Mounting plugin Paper2D
LogPluginManager: Mounting plugin AISupport
LogPluginManager: Mounting plugin EnvironmentQueryEditor
LogPluginManager: Mounting plugin LiveLink
LogPluginManager: Mounting plugin LightPropagationVolume
LogPluginManager: Mounting plugin CameraShakePreviewer
LogPluginManager: Mounting plugin GameplayCameras
LogPluginManager: Mounting plugin OodleData
LogPluginManager: Mounting plugin OodleNetwork
LogPluginManager: Mounting plugin AnimationSharing
LogPluginManager: Mounting plugin CLionSourceCodeAccess
LogPluginManager: Mounting plugin CodeLiteSourceCodeAccess
LogPluginManager: Mounting plugin GitSourceControl
LogPluginManager: Mounting plugin KDevelopSourceCodeAccess
LogPluginManager: Mounting plugin NullSourceCodeAccess
LogPluginManager: Mounting plugin PerforceSourceControl
LogPluginManager: Mounting plugin PixWinPlugin
LogPluginManager: Mounting plugin PlasticSourceControl
LogPluginManager: Mounting plugin PluginUtils
LogPluginManager: Mounting plugin PropertyAccessNode
LogPluginManager: Mounting plugin RiderSourceCodeAccess
LogPluginManager: Mounting plugin SubversionSourceControl
LogPluginManager: Mounting plugin TextureFormatOodle
LogPluginManager: Mounting plugin UObjectPlugin
LogPluginManager: Mounting plugin VisualStudioCodeSourceCodeAccess
LogPluginManager: Mounting plugin VisualStudioSourceCodeAccess
LogPluginManager: Mounting plugin XCodeSourceCodeAccess
LogPluginManager: Mounting plugin AssetManagerEditor
LogPluginManager: Mounting plugin CryptoKeys
LogPluginManager: Mounting plugin CurveEditorTools
LogPluginManager: Mounting plugin DataValidation
LogPluginManager: Mounting plugin FacialAnimation
LogPluginManager: Mounting plugin GameplayTagsEditor
LogPluginManager: Mounting plugin GeometryMode
LogPluginManager: Mounting plugin MacGraphicsSwitching
LogPluginManager: Mounting plugin MaterialAnalyzer
LogPluginManager: Mounting plugin MobileLauncherProfileWizard
LogPluginManager: Mounting plugin PluginBrowser
LogPluginManager: Mounting plugin SpeedTreeImporter
LogPluginManager: Mounting plugin DatasmithContent
LogPluginManager: Mounting plugin VariantManagerContent
LogPluginManager: Mounting plugin AlembicImporter
LogPluginManager: Mounting plugin AutomationUtils
LogPluginManager: Mounting plugin BackChannel
LogPluginManager: Mounting plugin ChaosCloth
LogPluginManager: Mounting plugin ChaosClothEditor
LogPluginManager: Mounting plugin ChaosEditor
LogPluginManager: Mounting plugin ChaosNiagara
LogPluginManager: Mounting plugin ChaosSolverPlugin
LogPluginManager: Mounting plugin CharacterAI
LogPluginManager: Mounting plugin GeometryCache
LogPluginManager: Mounting plugin GeometryCollectionPlugin
LogPluginManager: Mounting plugin GeometryProcessing
LogPluginManager: Mounting plugin MotoSynth
LogPluginManager: Mounting plugin OpenImageDenoise
LogPluginManager: Mounting plugin PlanarCut
LogPluginManager: Mounting plugin PlatformCrypto
LogPluginManager: Mounting plugin ProxyLODPlugin
LogPluginManager: Mounting plugin PythonScriptPlugin
LogPluginManager: Mounting plugin SkeletalReduction
LogPluginManager: Mounting plugin Niagara
LogPluginManager: Mounting plugin LuminPlatformFeatures
LogPluginManager: Mounting plugin MagicLeap
LogPluginManager: Mounting plugin MagicLeapLightEstimation
LogPluginManager: Mounting plugin MagicLeapMedia
LogPluginManager: Mounting plugin MagicLeapPassableWorld
LogPluginManager: Mounting plugin MLSDK
LogPluginManager: Mounting plugin AndroidMedia
LogPluginManager: Mounting plugin AvfMedia
LogPluginManager: Mounting plugin ImgMedia
LogPluginManager: Mounting plugin MediaCompositing
LogPluginManager: Mounting plugin MediaPlayerEditor
LogPluginManager: Mounting plugin WebMMedia
LogPluginManager: Mounting plugin WmfMedia
LogPluginManager: Mounting plugin TcpMessaging
LogPluginManager: Mounting plugin UdpMessaging
LogPluginManager: Mounting plugin ActorSequence
LogPluginManager: Mounting plugin LevelSequenceEditor
LogPluginManager: Mounting plugin MatineeToLevelSequence
LogPluginManager: Mounting plugin TemplateSequence
LogPluginManager: Mounting plugin OnlineSubsystem
LogPluginManager: Mounting plugin OnlineSubsystemNull
LogPluginManager: Mounting plugin OnlineSubsystemUtils
LogPluginManager: Mounting plugin LauncherChunkInstaller
LogPluginManager: Mounting plugin ActorLayerUtilities
LogPluginManager: Mounting plugin AndroidDeviceProfileSelector
LogPluginManager: Mounting plugin AndroidMoviePlayer
LogPluginManager: Mounting plugin AndroidPermission
LogPluginManager: Mounting plugin AppleImageUtils
LogPluginManager: Mounting plugin AppleMoviePlayer
LogPluginManager: Mounting plugin ArchVisCharacter
LogPluginManager: Mounting plugin AssetTags
LogPluginManager: Mounting plugin AudioCapture
LogPluginManager: Mounting plugin AudioSynesthesia
LogPluginManager: Mounting plugin CableComponent
LogPluginManager: Mounting plugin ChunkDownloader
LogPluginManager: Mounting plugin CustomMeshComponent
LogPluginManager: Mounting plugin EditableMesh
LogPluginManager: Mounting plugin ExampleDeviceProfileSelector
LogPluginManager: Mounting plugin GoogleCloudMessaging
LogPluginManager: Mounting plugin GooglePAD
LogPluginManager: Mounting plugin IOSDeviceProfileSelector
LogPluginManager: Mounting plugin LinuxDeviceProfileSelector
LogPluginManager: Mounting plugin LocationServicesBPLibrary
LogPluginManager: Mounting plugin MobilePatchingUtils
LogPluginManager: Mounting plugin OpenXR
LogPluginManager: Mounting plugin OpenXREyeTracker
LogPluginManager: Mounting plugin OpenXRHandTracking
LogPluginManager: Mounting plugin PhysXVehicles
LogPluginManager: Mounting plugin PostSplashScreen
LogPluginManager: Mounting plugin ProceduralMeshComponent
LogPluginManager: Mounting plugin PropertyAccessEditor
LogPluginManager: Mounting plugin RuntimePhysXCooking
LogPluginManager: Mounting plugin SignificanceManager
LogPluginManager: Mounting plugin SoundFields
LogPluginManager: Mounting plugin Synthesis
LogPluginManager: Mounting plugin WebMMoviePlayer
LogPluginManager: Mounting plugin WindowsMoviePlayer
LogPluginManager: Mounting plugin ScreenshotTools
LogPluginManager: Mounting plugin Takes
LogPluginManager: Mounting plugin ContentBrowserAssetDataSource
LogPluginManager: Mounting plugin ContentBrowserClassDataSource
LogPluginManager: Mounting plugin ContentBrowserFileDataSource
LogPluginManager: Mounting plugin OnlineSubsystemGooglePlay
LogPluginManager: Mounting plugin OnlineSubsystemIOS
LogPluginManager: Mounting plugin OculusVR
LogPluginManager: Mounting plugin SteamVR
PixWinPlugin: PIX capture plugin failed to initialize! Check that the process is launched from PIX.
LogInit: Using libcurl 7.55.1-DEV
LogInit:  - built for x86_64-pc-win32
LogInit:  - supports SSL with OpenSSL/1.1.1
LogInit:  - supports HTTP deflate (compression) using libz 1.2.8
LogInit:  - other features:
LogInit:      CURL_VERSION_SSL
LogInit:      CURL_VERSION_LIBZ
LogInit:      CURL_VERSION_IPV6
LogInit:      CURL_VERSION_ASYNCHDNS
LogInit:      CURL_VERSION_LARGEFILE
LogInit:      CURL_VERSION_IDN
LogInit:  CurlRequestOptions (configurable via config and command line):
LogInit:  - bVerifyPeer = true  - Libcurl will verify peer certificate
LogInit:  - bUseHttpProxy = false  - Libcurl will NOT use HTTP proxy
LogInit:  - bDontReuseConnections = false  - Libcurl will reuse connections
LogInit:  - MaxHostConnections = 16  - Libcurl will limit the number of connections to a host
LogInit:  - LocalHostAddr = Default
LogInit:  - BufferSize = 65536
LogOnline: OSS: Creating online subsystem instance for: NULL
LogInit: WinSock: version 1.1 (2.2), MaxSocks=32767, MaxUdp=65467
LogOnline: OSS: TryLoadSubsystemAndSetDefault: Loaded subsystem for module [NULL]
LogInit: Build: ++UE4+Release-4.27-CL-18319896
LogInit: Engine Version: 4.27.2-18319896+++UE4+Release-4.27
LogInit: Compatible Engine Version: 4.27.0-17155196+++UE4+Release-4.27
LogInit: Net CL: 17155196
LogInit: OS: Windows 10 (Release 2009) (), CPU: AMD Ryzen 5 3600X 6-Core Processor             , GPU: AMD Radeon RX 5700 XT
LogInit: Compiled (64-bit): Nov 30 2021 07:12:08
LogInit: Compiled with Visual C++: 19.24.28315.00
LogInit: Build Configuration: Development
LogInit: Branch Name: ++UE4+Release-4.27
LogInit: Command Line:  /Game/Maps/TestMap -game -PIEVIACONSOLE -Multiprocess -server -log "GameUserSettingsINI=C:/Users/danie/Documents/Gamedev VR/game/UE4 game/fpsgame/Saved/Config/Windows/PIEGameUserSettings0.ini" -MultiprocessSaveConfig -forcepassthrough -messaging -SessionName="Play in Standalone Game" -port=17777 -PktLagMin=0 -PktLagMax=0 -PktLoss=0 -PktIncomingLagMin=0 -PktIncomingLagMax=0 -PktIncomingLoss=0 -windowed
LogInit: Base Directory: C:/Program Files/Epic Games/UE_4.27/Engine/Binaries/Win64/
LogInit: Allocator: TBB
LogInit: Installed Engine Build: 1
LogDevObjectVersion: Number of dev versions registered: 29
LogDevObjectVersion:   Dev-Blueprints (B0D832E4-1F89-4F0D-ACCF-7EB736FD4AA2): 10
LogDevObjectVersion:   Dev-Build (E1C64328-A22C-4D53-A36C-8E866417BD8C): 0
LogDevObjectVersion:   Dev-Core (375EC13C-06E4-48FB-B500-84F0262A717E): 4
LogDevObjectVersion:   Dev-Editor (E4B068ED-F494-42E9-A231-DA0B2E46BB41): 40
LogDevObjectVersion:   Dev-Framework (CFFC743F-43B0-4480-9391-14DF171D2073): 37
LogDevObjectVersion:   Dev-Mobile (B02B49B5-BB20-44E9-A304-32B752E40360): 3
LogDevObjectVersion:   Dev-Networking (A4E4105C-59A1-49B5-A7C5-40C4547EDFEE): 0
LogDevObjectVersion:   Dev-Online (39C831C9-5AE6-47DC-9A44-9C173E1C8E7C): 0
LogDevObjectVersion:   Dev-Physics (78F01B33-EBEA-4F98-B9B4-84EACCB95AA2): 14
LogDevObjectVersion:   Dev-Platform (6631380F-2D4D-43E0-8009-CF276956A95A): 0
LogDevObjectVersion:   Dev-Rendering (12F88B9F-8875-4AFC-A67C-D90C383ABD29): 45
LogDevObjectVersion:   Dev-Sequencer (7B5AE74C-D270-4C10-A958-57980B212A5A): 13
LogDevObjectVersion:   Dev-VR (D7296918-1DD6-4BDD-9DE2-64A83CC13884): 3
LogDevObjectVersion:   Dev-LoadTimes (C2A15278-BFE7-4AFE-6C17-90FF531DF755): 1
LogDevObjectVersion:   Private-Geometry (6EACA3D4-40EC-4CC1-B786-8BED09428FC5): 3
LogDevObjectVersion:   Dev-AnimPhys (29E575DD-E0A3-4627-9D10-D276232CDCEA): 17
LogDevObjectVersion:   Dev-Anim (AF43A65D-7FD3-4947-9873-3E8ED9C1BB05): 15
LogDevObjectVersion:   Dev-ReflectionCapture (6B266CEC-1EC7-4B8F-A30B-E4D90942FC07): 1
LogDevObjectVersion:   Dev-Automation (0DF73D61-A23F-47EA-B727-89E90C41499A): 1
LogDevObjectVersion:   FortniteMain (601D1886-AC64-4F84-AA16-D3DE0DEAC7D6): 47
LogDevObjectVersion:   FortniteRelease (E7086368-6B23-4C58-8439-1B7016265E91): 1
LogDevObjectVersion:   Dev-Enterprise (9DFFBCD6-494F-0158-E221-12823C92A888): 10
LogDevObjectVersion:   Dev-Niagara (F2AED0AC-9AFE-416F-8664-AA7FFA26D6FC): 1
LogDevObjectVersion:   Dev-Destruction (174F1F0B-B4C6-45A5-B13F-2EE8D0FB917D): 10
LogDevObjectVersion:   Dev-Physics-Ext (35F94A83-E258-406C-A318-09F59610247C): 41
LogDevObjectVersion:   Dev-PhysicsMaterial-Chaos (B68FC16E-8B1B-42E2-B453-215C058844FE): 1
LogDevObjectVersion:   Dev-CineCamera (B2E18506-4273-CFC2-A54E-F4BB758BBA07): 1
LogDevObjectVersion:   Dev-VirtualProduction (64F58936-FD1B-42BA-BA96-7289D5D0FA4E): 1
LogDevObjectVersion:   Dev-MediaFramework (6F0ED827-A609-4895-9C91-998D90180EA4): 2
LogInit: Presizing for max 25165824 objects, including 0 objects not considered by GC, pre-allocating 0 bytes for permanent pool.
LogConfig: Applying CVar settings from Section [/Script/Engine.StreamingSettings] File [C:/Users/danie/Documents/Gamedev VR/game/UE4 game/fpsgame/Saved/Config/Windows/Engine.ini]
LogConfig: Setting CVar [[s.MinBulkDataSizeForAsyncLoading:131072]]
LogConfig: Setting CVar [[s.AsyncLoadingThreadEnabled:0]]
LogConfig: Setting CVar [[s.EventDrivenLoaderEnabled:1]]
LogConfig: Setting CVar [[s.WarnIfTimeLimitExceeded:0]]
LogConfig: Setting CVar [[s.TimeLimitExceededMultiplier:1.5]]
LogConfig: Setting CVar [[s.TimeLimitExceededMinTime:0.005]]
LogConfig: Setting CVar [[s.UseBackgroundLevelStreaming:1]]
LogConfig: Setting CVar [[s.PriorityAsyncLoadingExtraTime:15.0]]
LogConfig: Setting CVar [[s.LevelStreamingActorsUpdateTimeLimit:5.0]]
LogConfig: Setting CVar [[s.PriorityLevelStreamingActorsUpdateExtraTime:5.0]]
LogConfig: Setting CVar [[s.LevelStreamingComponentsRegistrationGranularity:10]]
LogConfig: Setting CVar [[s.UnregisterComponentsTimeLimit:1.0]]
LogConfig: Setting CVar [[s.LevelStreamingComponentsUnregistrationGranularity:5]]
LogConfig: Setting CVar [[s.FlushStreamingOnExit:1]]
LogInit: Object subsystem initialized
LogConfig: Setting CVar [[con.DebugEarlyDefault:1]]
LogConfig: Setting CVar [[r.setres:1280x720]]
[2022.10.25-16.27.42:232][  0]LogConfig: Setting CVar [[con.DebugEarlyDefault:1]]
[2022.10.25-16.27.42:232][  0]LogConfig: Setting CVar [[r.setres:1280x720]]
[2022.10.25-16.27.42:233][  0]LogConfig: Applying CVar settings from Section [/Script/Engine.RendererSettings] File [C:/Users/danie/Documents/Gamedev VR/game/UE4 game/fpsgame/Saved/Config/Windows/Engine.ini]
[2022.10.25-16.27.42:233][  0]LogConfig: Setting CVar [[r.GPUCrashDebugging:0]]
[2022.10.25-16.27.42:234][  0]LogConfig: Setting CVar [[r.Mobile.DisableVertexFog:1]]
[2022.10.25-16.27.42:234][  0]LogConfig: Setting CVar [[r.Shadow.CSM.MaxMobileCascades:2]]
[2022.10.25-16.27.42:234][  0]LogConfig: Setting CVar [[r.MobileMSAA:1]]
[2022.10.25-16.27.42:235][  0]LogConfig: Setting CVar [[r.Mobile.AllowDitheredLODTransition:0]]
[2022.10.25-16.27.42:235][  0]LogConfig: Setting CVar [[r.Mobile.AllowSoftwareOcclusion:0]]
[2022.10.25-16.27.42:235][  0]LogConfig: Setting CVar [[r.Mobile.VirtualTextures:0]]
[2022.10.25-16.27.42:235][  0]LogConfig: Setting CVar [[r.DiscardUnusedQuality:0]]
[2022.10.25-16.27.42:236][  0]LogConfig: Setting CVar [[r.AllowOcclusionQueries:1]]
[2022.10.25-16.27.42:236][  0]LogConfig: Setting CVar [[r.MinScreenRadiusForLights:0.030000]]
[2022.10.25-16.27.42:236][  0]LogConfig: Setting CVar [[r.MinScreenRadiusForDepthPrepass:0.030000]]
[2022.10.25-16.27.42:237][  0]LogConfig: Setting CVar [[r.MinScreenRadiusForCSMDepth:0.010000]]
[2022.10.25-16.27.42:237][  0]LogConfig: Setting CVar [[r.PrecomputedVisibilityWarning:0]]
[2022.10.25-16.27.42:237][  0]LogConfig: Setting CVar [[r.TextureStreaming:1]]
[2022.10.25-16.27.42:237][  0]LogConfig: Setting CVar [[Compat.UseDXT5NormalMaps:0]]
[2022.10.25-16.27.42:238][  0]LogConfig: Setting CVar [[r.VirtualTextures:0]]
[2022.10.25-16.27.42:240][  0]LogConfig: Setting CVar [[r.VT.EnableAutoImport:1]]
[2022.10.25-16.27.42:241][  0]LogConfig: Setting CVar [[r.VirtualTexturedLightmaps:0]]
[2022.10.25-16.27.42:241][  0]LogConfig: Setting CVar [[r.VT.TileSize:128]]
[2022.10.25-16.27.42:241][  0]LogConfig: Setting CVar [[r.VT.TileBorderSize:4]]
[2022.10.25-16.27.42:241][  0]LogConfig: Setting CVar [[r.vt.FeedbackFactor:16]]
[2022.10.25-16.27.42:242][  0]LogConfig: Setting CVar [[r.VT.EnableCompressZlib:1]]
[2022.10.25-16.27.42:242][  0]LogConfig: Setting CVar [[r.VT.EnableCompressCrunch:0]]
[2022.10.25-16.27.42:242][  0]LogConfig: Setting CVar [[r.ClearCoatNormal:0]]
[2022.10.25-16.27.42:242][  0]LogConfig: Setting CVar [[r.ReflectionCaptureResolution:128]]
[2022.10.25-16.27.42:243][  0]LogConfig: Setting CVar [[r.Mobile.ReflectionCaptureCompression:0]]
[2022.10.25-16.27.42:243][  0]LogConfig: Setting CVar [[r.ReflectionEnvironmentLightmapMixBasedOnRoughness:1]]
[2022.10.25-16.27.42:243][  0]LogConfig: Setting CVar [[r.ForwardShading:0]]
[2022.10.25-16.27.42:243][  0]LogConfig: Setting CVar [[r.VertexFoggingForOpaque:1]]
[2022.10.25-16.27.42:244][  0]LogConfig: Setting CVar [[r.AllowStaticLighting:1]]
[2022.10.25-16.27.42:244][  0]LogConfig: Setting CVar [[r.NormalMapsForStaticLighting:0]]
[2022.10.25-16.27.42:244][  0]LogConfig: Setting CVar [[r.GenerateMeshDistanceFields:0]]
[2022.10.25-16.27.42:244][  0]LogConfig: Setting CVar [[r.DistanceFieldBuild.EightBit:0]]
[2022.10.25-16.27.42:245][  0]LogConfig: Setting CVar [[r.GenerateLandscapeGIData:0]]
[2022.10.25-16.27.42:245][  0]LogConfig: Setting CVar [[r.DistanceFieldBuild.Compress:0]]
[2022.10.25-16.27.42:245][  0]LogConfig: Setting CVar [[r.TessellationAdaptivePixelsPerTriangle:48.000000]]
[2022.10.25-16.27.42:245][  0]LogConfig: Setting CVar [[r.SeparateTranslucency:1]]
[2022.10.25-16.27.42:246][  0]LogConfig: Setting CVar [[r.TranslucentSortPolicy:0]]
[2022.10.25-16.27.42:246][  0]LogConfig: Setting CVar [[vr.VRS.HMDFixedFoveationLevel:0]]
[2022.10.25-16.27.42:246][  0]LogConfig: Setting CVar [[r.CustomDepth:1]]
[2022.10.25-16.27.42:246][  0]LogConfig: Setting CVar [[r.CustomDepthTemporalAAJitter:1]]
[2022.10.25-16.27.42:247][  0]LogConfig: Setting CVar [[r.PostProcessing.PropagateAlpha:0]]
[2022.10.25-16.27.42:247][  0]LogConfig: Setting CVar [[r.DefaultFeature.Bloom:1]]
[2022.10.25-16.27.42:247][  0]LogConfig: Setting CVar [[r.DefaultFeature.AmbientOcclusion:1]]
[2022.10.25-16.27.42:247][  0]LogConfig: Setting CVar [[r.DefaultFeature.AmbientOcclusionStaticFraction:1]]
[2022.10.25-16.27.42:247][  0]LogConfig: Setting CVar [[r.DefaultFeature.AutoExposure:0]]
[2022.10.25-16.27.42:248][  0]LogConfig: Setting CVar [[r.DefaultFeature.AutoExposure.Method:0]]
[2022.10.25-16.27.42:248][  0]LogConfig: Setting CVar [[r.DefaultFeature.AutoExposure.Bias:1.000000]]
[2022.10.25-16.27.42:248][  0]LogConfig: Setting CVar [[r.DefaultFeature.AutoExposure.ExtendDefaultLuminanceRange:0]]
[2022.10.25-16.27.42:248][  0]LogConfig: Setting CVar [[r.UsePreExposure:1]]
[2022.10.25-16.27.42:249][  0]LogConfig: Setting CVar [[r.EyeAdaptation.EditorOnly:0]]
[2022.10.25-16.27.42:249][  0]LogConfig: Setting CVar [[r.DefaultFeature.MotionBlur:0]]
[2022.10.25-16.27.42:249][  0]LogConfig: Setting CVar [[r.DefaultFeature.LensFlare:0]]
[2022.10.25-16.27.42:249][  0]LogConfig: Setting CVar [[r.TemporalAA.Upsampling:0]]
[2022.10.25-16.27.42:250][  0]LogConfig: Setting CVar [[r.SSGI.Enable:0]]
[2022.10.25-16.27.42:250][  0]LogConfig: Setting CVar [[r.DefaultFeature.AntiAliasing:0]]
[2022.10.25-16.27.42:250][  0]LogConfig: Setting CVar [[r.DefaultFeature.LightUnits:1]]
[2022.10.25-16.27.42:250][  0]LogConfig: Setting CVar [[r.DefaultBackBufferPixelFormat:4]]
[2022.10.25-16.27.42:251][  0]LogConfig: Setting CVar [[r.Shadow.UnbuiltPreviewInGame:1]]
[2022.10.25-16.27.42:251][  0]LogConfig: Setting CVar [[r.StencilForLODDither:0]]
[2022.10.25-16.27.42:251][  0]LogConfig: Setting CVar [[r.EarlyZPass:3]]
[2022.10.25-16.27.42:251][  0]LogConfig: Setting CVar [[r.EarlyZPassOnlyMaterialMasking:0]]
[2022.10.25-16.27.42:252][  0]LogConfig: Setting CVar [[r.DBuffer:1]]
[2022.10.25-16.27.42:252][  0]LogConfig: Setting CVar [[r.ClearSceneMethod:1]]
[2022.10.25-16.27.42:252][  0]LogConfig: Setting CVar [[r.BasePassOutputsVelocity:0]]
[2022.10.25-16.27.42:252][  0]LogConfig: Setting CVar [[r.VertexDeformationOutputsVelocity:0]]
[2022.10.25-16.27.42:253][  0]LogConfig: Setting CVar [[r.SelectiveBasePassOutputs:0]]
[2022.10.25-16.27.42:253][  0]LogConfig: Setting CVar [[fx.GPUSimulationTextureSizeX:1024]]
[2022.10.25-16.27.42:253][  0]LogConfig: Setting CVar [[fx.GPUSimulationTextureSizeY:1024]]
[2022.10.25-16.27.42:253][  0]LogConfig: Setting CVar [[r.AllowGlobalClipPlane:0]]
[2022.10.25-16.27.42:254][  0]LogConfig: Setting CVar [[r.GBufferFormat:1]]
[2022.10.25-16.27.42:256][  0]LogConfig: Setting CVar [[r.MorphTarget.Mode:1]]
[2022.10.25-16.27.42:256][  0]LogConfig: Setting CVar [[vr.InstancedStereo:0]]
[2022.10.25-16.27.42:256][  0]LogConfig: Setting CVar [[r.MobileHDR:1]]
[2022.10.25-16.27.42:257][  0]LogConfig: Setting CVar [[vr.MobileMultiView:0]]
[2022.10.25-16.27.42:257][  0]LogConfig: Setting CVar [[r.Mobile.UseHWsRGBEncoding:0]]
[2022.10.25-16.27.42:257][  0]LogConfig: Setting CVar [[vr.RoundRobinOcclusion:0]]
[2022.10.25-16.27.42:257][  0]LogConfig: Setting CVar [[vr.ODSCapture:0]]
[2022.10.25-16.27.42:258][  0]LogConfig: Setting CVar [[r.MeshStreaming:0]]
[2022.10.25-16.27.42:258][  0]LogConfig: Setting CVar [[r.WireframeCullThreshold:5.000000]]
[2022.10.25-16.27.42:258][  0]LogConfig: Setting CVar [[r.RayTracing:0]]
[2022.10.25-16.27.42:258][  0]LogConfig: Setting CVar [[r.RayTracing.UseTextureLod:0]]
[2022.10.25-16.27.42:259][  0]LogConfig: Setting CVar [[r.SupportStationarySkylight:1]]
[2022.10.25-16.27.42:259][  0]LogConfig: Setting CVar [[r.SupportLowQualityLightmaps:1]]
[2022.10.25-16.27.42:259][  0]LogConfig: Setting CVar [[r.SupportPointLightWholeSceneShadows:1]]
[2022.10.25-16.27.42:259][  0]LogConfig: Setting CVar [[r.SupportAtmosphericFog:1]]
[2022.10.25-16.27.42:260][  0]LogConfig: Setting CVar [[r.SupportSkyAtmosphere:1]]
[2022.10.25-16.27.42:260][  0]LogConfig: Setting CVar [[r.SupportSkyAtmosphereAffectsHeightFog:0]]
[2022.10.25-16.27.42:260][  0]LogConfig: Setting CVar [[r.SkinCache.CompileShaders:0]]
[2022.10.25-16.27.42:260][  0]LogConfig: Setting CVar [[r.SkinCache.DefaultBehavior:1]]
[2022.10.25-16.27.42:261][  0]LogConfig: Setting CVar [[r.SkinCache.SceneMemoryLimitInMB:128.000000]]
[2022.10.25-16.27.42:261][  0]LogConfig: Setting CVar [[r.Mobile.EnableStaticAndCSMShadowReceivers:1]]
[2022.10.25-16.27.42:261][  0]LogConfig: Setting CVar [[r.Mobile.EnableMovableLightCSMShaderCulling:1]]
[2022.10.25-16.27.42:261][  0]LogConfig: Setting CVar [[r.Mobile.AllowDistanceFieldShadows:1]]
[2022.10.25-16.27.42:262][  0]LogConfig: Setting CVar [[r.Mobile.AllowMovableDirectionalLights:1]]
[2022.10.25-16.27.42:262][  0]LogConfig: Setting CVar [[r.MobileNumDynamicPointLights:4]]
[2022.10.25-16.27.42:262][  0]LogConfig: Setting CVar [[r.MobileDynamicPointLightsUseStaticBranch:1]]
[2022.10.25-16.27.42:262][  0]LogConfig: Setting CVar [[r.Mobile.EnableMovableSpotlights:0]]
[2022.10.25-16.27.42:263][  0]LogConfig: Setting CVar [[r.Mobile.EnableMovableSpotlightsShadow:0]]
[2022.10.25-16.27.42:263][  0]LogConfig: Setting CVar [[r.GPUSkin.Support16BitBoneIndex:0]]
[2022.10.25-16.27.42:263][  0]LogConfig: Setting CVar [[r.GPUSkin.Limit2BoneInfluences:0]]
[2022.10.25-16.27.42:263][  0]LogConfig: Setting CVar [[r.SupportDepthOnlyIndexBuffers:1]]
[2022.10.25-16.27.42:264][  0]LogConfig: Setting CVar [[r.SupportReversedIndexBuffers:1]]
[2022.10.25-16.27.42:264][  0]LogConfig: Setting CVar [[r.LightPropagationVolume:0]]
[2022.10.25-16.27.42:264][  0]LogConfig: Setting CVar [[r.Mobile.AmbientOcclusion:0]]
[2022.10.25-16.27.42:264][  0]LogConfig: Setting CVar [[r.GPUSkin.UnlimitedBoneInfluences:0]]
[2022.10.25-16.27.42:265][  0]LogConfig: Setting CVar [[r.GPUSkin.UnlimitedBoneInfluencesThreshold:8]]
[2022.10.25-16.27.42:265][  0]LogConfig: Setting CVar [[r.Mobile.PlanarReflectionMode:0]]
[2022.10.25-16.27.42:265][  0]LogConfig: Setting CVar [[r.Mobile.SupportsGen4TAA:0]]
[2022.10.25-16.27.42:266][  0]LogConfig: Applying CVar settings from Section [/Script/Engine.RendererOverrideSettings] File [C:/Users/danie/Documents/Gamedev VR/game/UE4 game/fpsgame/Saved/Config/Windows/Engine.ini]
[2022.10.25-16.27.42:266][  0]LogConfig: Applying CVar settings from Section [/Script/Engine.StreamingSettings] File [C:/Users/danie/Documents/Gamedev VR/game/UE4 game/fpsgame/Saved/Config/Windows/Engine.ini]
[2022.10.25-16.27.42:266][  0]LogConfig: Setting CVar [[s.MinBulkDataSizeForAsyncLoading:131072]]
[2022.10.25-16.27.42:266][  0]LogConfig: Setting CVar [[s.AsyncLoadingThreadEnabled:0]]
[2022.10.25-16.27.42:267][  0]LogConfig: Setting CVar [[s.EventDrivenLoaderEnabled:1]]
[2022.10.25-16.27.42:267][  0]LogConfig: Setting CVar [[s.WarnIfTimeLimitExceeded:0]]
[2022.10.25-16.27.42:267][  0]LogConfig: Setting CVar [[s.TimeLimitExceededMultiplier:1.5]]
[2022.10.25-16.27.42:267][  0]LogConfig: Setting CVar [[s.TimeLimitExceededMinTime:0.005]]
[2022.10.25-16.27.42:268][  0]LogConfig: Setting CVar [[s.UseBackgroundLevelStreaming:1]]
[2022.10.25-16.27.42:268][  0]LogConfig: Setting CVar [[s.PriorityAsyncLoadingExtraTime:15.0]]
[2022.10.25-16.27.42:268][  0]LogConfig: Setting CVar [[s.LevelStreamingActorsUpdateTimeLimit:5.0]]
[2022.10.25-16.27.42:268][  0]LogConfig: Setting CVar [[s.PriorityLevelStreamingActorsUpdateExtraTime:5.0]]
[2022.10.25-16.27.42:269][  0]LogConfig: Setting CVar [[s.LevelStreamingComponentsRegistrationGranularity:10]]
[2022.10.25-16.27.42:269][  0]LogConfig: Setting CVar [[s.UnregisterComponentsTimeLimit:1.0]]
[2022.10.25-16.27.42:269][  0]LogConfig: Setting CVar [[s.LevelStreamingComponentsUnregistrationGranularity:5]]
[2022.10.25-16.27.42:269][  0]LogConfig: Setting CVar [[s.FlushStreamingOnExit:1]]
[2022.10.25-16.27.42:270][  0]LogConfig: Applying CVar settings from Section [/Script/Engine.GarbageCollectionSettings] File [C:/Users/danie/Documents/Gamedev VR/game/UE4 game/fpsgame/Saved/Config/Windows/Engine.ini]
[2022.10.25-16.27.42:272][  0]LogConfig: Setting CVar [[gc.MaxObjectsNotConsideredByGC:1]]
[2022.10.25-16.27.42:272][  0]LogConfig: Setting CVar [[gc.SizeOfPermanentObjectPool:0]]
[2022.10.25-16.27.42:272][  0]LogConfig: Setting CVar [[gc.FlushStreamingOnGC:0]]
[2022.10.25-16.27.42:273][  0]LogConfig: Setting CVar [[gc.NumRetriesBeforeForcingGC:10]]
[2022.10.25-16.27.42:273][  0]LogConfig: Setting CVar [[gc.AllowParallelGC:1]]
[2022.10.25-16.27.42:273][  0]LogConfig: Setting CVar [[gc.TimeBetweenPurgingPendingKillObjects:61.1]]
[2022.10.25-16.27.42:273][  0]LogConfig: Setting CVar [[gc.MaxObjectsInEditor:25165824]]
[2022.10.25-16.27.42:274][  0]LogConfig: Setting CVar [[gc.IncrementalBeginDestroyEnabled:1]]
[2022.10.25-16.27.42:274][  0]LogConfig: Setting CVar [[gc.CreateGCClusters:1]]
[2022.10.25-16.27.42:274][  0]LogConfig: Setting CVar [[gc.MinGCClusterSize:5]]
[2022.10.25-16.27.42:274][  0]LogConfig: Setting CVar [[gc.ActorClusteringEnabled:0]]
[2022.10.25-16.27.42:275][  0]LogConfig: Setting CVar [[gc.BlueprintClusteringEnabled:0]]
[2022.10.25-16.27.42:275][  0]LogConfig: Setting CVar [[gc.UseDisregardForGCOnDedicatedServers:0]]
[2022.10.25-16.27.42:275][  0]LogConfig: Setting CVar [[gc.MultithreadedDestructionEnabled:1]]
[2022.10.25-16.27.42:275][  0]LogConfig: Applying CVar settings from Section [/Script/Engine.NetworkSettings] File [C:/Users/danie/Documents/Gamedev VR/game/UE4 game/fpsgame/Saved/Config/Windows/Engine.ini]
[2022.10.25-16.27.42:276][  0]LogConfig: Applying CVar settings from Section [/Script/UnrealEd.CookerSettings] File [C:/Users/danie/Documents/Gamedev VR/game/UE4 game/fpsgame/Saved/Config/Windows/Engine.ini]
[2022.10.25-16.27.42:276][  0]LogConfig: Applying CVar settings from Section [ViewDistanceQuality@3] File [C:/Users/danie/Documents/Gamedev VR/game/UE4 game/fpsgame/Saved/Config/Windows/Scalability.ini]
[2022.10.25-16.27.42:276][  0]LogConfig: Setting CVar [[r.SkeletalMeshLODBias:0]]
[2022.10.25-16.27.42:276][  0]LogConfig: Setting CVar [[r.ViewDistanceScale:1.0]]
[2022.10.25-16.27.42:277][  0]LogConfig: Applying CVar settings from Section [AntiAliasingQuality@3] File [C:/Users/danie/Documents/Gamedev VR/game/UE4 game/fpsgame/Saved/Config/Windows/Scalability.ini]
[2022.10.25-16.27.42:277][  0]LogConfig: Setting CVar [[r.PostProcessAAQuality:4]]
[2022.10.25-16.27.42:277][  0]LogConfig: Applying CVar settings from Section [ShadowQuality@3] File [C:/Users/danie/Documents/Gamedev VR/game/UE4 game/fpsgame/Saved/Config/Windows/Scalability.ini]
[2022.10.25-16.27.42:277][  0]LogConfig: Setting CVar [[r.LightFunctionQuality:1]]
[2022.10.25-16.27.42:278][  0]LogConfig: Setting CVar [[r.ShadowQuality:5]]
[2022.10.25-16.27.42:278][  0]LogConfig: Setting CVar [[r.Shadow.CSM.MaxCascades:10]]
[2022.10.25-16.27.42:278][  0]LogConfig: Setting CVar [[r.Shadow.MaxResolution:2048]]
[2022.10.25-16.27.42:278][  0]LogConfig: Setting CVar [[r.Shadow.MaxCSMResolution:2048]]
[2022.10.25-16.27.42:278][  0]LogConfig: Setting CVar [[r.Shadow.RadiusThreshold:0.01]]
[2022.10.25-16.27.42:279][  0]LogConfig: Setting CVar [[r.Shadow.DistanceScale:1.0]]
[2022.10.25-16.27.42:279][  0]LogConfig: Setting CVar [[r.Shadow.CSM.TransitionScale:1.0]]
[2022.10.25-16.27.42:279][  0]LogConfig: Setting CVar [[r.Shadow.PreShadowResolutionFactor:1.0]]
[2022.10.25-16.27.42:279][  0]LogConfig: Setting CVar [[r.DistanceFieldShadowing:1]]
[2022.10.25-16.27.42:280][  0]LogConfig: Setting CVar [[r.DistanceFieldAO:1]]
[2022.10.25-16.27.42:280][  0]LogConfig: Setting CVar [[r.AOQuality:2]]
[2022.10.25-16.27.42:280][  0]LogConfig: Setting CVar [[r.VolumetricFog:1]]
[2022.10.25-16.27.42:281][  0]LogConfig: Setting CVar [[r.VolumetricFog.GridPixelSize:8]]
[2022.10.25-16.27.42:281][  0]LogConfig: Setting CVar [[r.VolumetricFog.GridSizeZ:128]]
[2022.10.25-16.27.42:281][  0]LogConfig: Setting CVar [[r.VolumetricFog.HistoryMissSupersampleCount:4]]
[2022.10.25-16.27.42:281][  0]LogConfig: Setting CVar [[r.LightMaxDrawDistanceScale:1]]
[2022.10.25-16.27.42:282][  0]LogConfig: Setting CVar [[r.CapsuleShadows:1]]
[2022.10.25-16.27.42:282][  0]LogConfig: Applying CVar settings from Section [PostProcessQuality@3] File [C:/Users/danie/Documents/Gamedev VR/game/UE4 game/fpsgame/Saved/Config/Windows/Scalability.ini]
[2022.10.25-16.27.42:282][  0]LogConfig: Setting CVar [[r.MotionBlurQuality:4]]
[2022.10.25-16.27.42:282][  0]LogConfig: Setting CVar [[r.AmbientOcclusionMipLevelFactor:0.4]]
[2022.10.25-16.27.42:283][  0]LogConfig: Setting CVar [[r.AmbientOcclusionMaxQuality:100]]
[2022.10.25-16.27.42:283][  0]LogConfig: Setting CVar [[r.AmbientOcclusionLevels:-1]]
[2022.10.25-16.27.42:283][  0]LogConfig: Setting CVar [[r.AmbientOcclusionRadiusScale:1.0]]
[2022.10.25-16.27.42:283][  0]LogConfig: Setting CVar [[r.DepthOfFieldQuality:2]]
[2022.10.25-16.27.42:284][  0]LogConfig: Setting CVar [[r.RenderTargetPoolMin:400]]
[2022.10.25-16.27.42:284][  0]LogConfig: Setting CVar [[r.LensFlareQuality:2]]
[2022.10.25-16.27.42:284][  0]LogConfig: Setting CVar [[r.SceneColorFringeQuality:1]]
[2022.10.25-16.27.42:284][  0]LogConfig: Setting CVar [[r.EyeAdaptationQuality:2]]
[2022.10.25-16.27.42:285][  0]LogConfig: Setting CVar [[r.BloomQuality:5]]
[2022.10.25-16.27.42:285][  0]LogConfig: Setting CVar [[r.FastBlurThreshold:100]]
[2022.10.25-16.27.42:285][  0]LogConfig: Setting CVar [[r.Upscale.Quality:3]]
[2022.10.25-16.27.42:285][  0]LogConfig: Setting CVar [[r.Tonemapper.GrainQuantization:1]]
[2022.10.25-16.27.42:286][  0]LogConfig: Setting CVar [[r.LightShaftQuality:1]]
[2022.10.25-16.27.42:288][  0]LogConfig: Setting CVar [[r.Filter.SizeScale:1]]
[2022.10.25-16.27.42:288][  0]LogConfig: Setting CVar [[r.Tonemapper.Quality:5]]
[2022.10.25-16.27.42:288][  0]LogConfig: Setting CVar [[r.DOF.Gather.AccumulatorQuality:1        ; higher gathering accumulator quality]]
[2022.10.25-16.27.42:289][  0]LogConfig: Setting CVar [[r.DOF.Gather.PostfilterMethod:1          ; Median3x3 postfilering method]]
[2022.10.25-16.27.42:289][  0]LogConfig: Setting CVar [[r.DOF.Gather.EnableBokehSettings:0       ; no bokeh simulation when gathering]]
[2022.10.25-16.27.42:289][  0]LogConfig: Setting CVar [[r.DOF.Gather.RingCount:4                 ; medium number of samples when gathering]]
[2022.10.25-16.27.42:289][  0]LogConfig: Setting CVar [[r.DOF.Scatter.ForegroundCompositing:1    ; additive foreground scattering]]
[2022.10.25-16.27.42:290][  0]LogConfig: Setting CVar [[r.DOF.Scatter.BackgroundCompositing:2    ; additive background scattering]]
[2022.10.25-16.27.42:290][  0]LogConfig: Setting CVar [[r.DOF.Scatter.EnableBokehSettings:1      ; bokeh simulation when scattering]]
[2022.10.25-16.27.42:290][  0]LogConfig: Setting CVar [[r.DOF.Scatter.MaxSpriteRatio:0.1         ; only a maximum of 10% of scattered bokeh]]
[2022.10.25-16.27.42:290][  0]LogConfig: Setting CVar [[r.DOF.Recombine.Quality:1                ; cheap slight out of focus]]
[2022.10.25-16.27.42:291][  0]LogConfig: Setting CVar [[r.DOF.Recombine.EnableBokehSettings:0    ; no bokeh simulation on slight out of focus]]
[2022.10.25-16.27.42:291][  0]LogConfig: Setting CVar [[r.DOF.TemporalAAQuality:1                ; more stable temporal accumulation]]
[2022.10.25-16.27.42:291][  0]LogConfig: Setting CVar [[r.DOF.Kernel.MaxForegroundRadius:0.025]]
[2022.10.25-16.27.42:291][  0]LogConfig: Setting CVar [[r.DOF.Kernel.MaxBackgroundRadius:0.025]]
[2022.10.25-16.27.42:292][  0]LogConfig: Applying CVar settings from Section [TextureQuality@3] File [C:/Users/danie/Documents/Gamedev VR/game/UE4 game/fpsgame/Saved/Config/Windows/Scalability.ini]
[2022.10.25-16.27.42:292][  0]LogConfig: Setting CVar [[r.Streaming.MipBias:0]]
[2022.10.25-16.27.42:292][  0]LogConfig: Setting CVar [[r.Streaming.AmortizeCPUToGPUCopy:0]]
[2022.10.25-16.27.42:292][  0]LogConfig: Setting CVar [[r.Streaming.MaxNumTexturesToStreamPerFrame:0]]
[2022.10.25-16.27.42:293][  0]LogConfig: Setting CVar [[r.Streaming.Boost:1]]
[2022.10.25-16.27.42:293][  0]LogConfig: Setting CVar [[r.MaxAnisotropy:8]]
[2022.10.25-16.27.42:293][  0]LogConfig: Setting CVar [[r.VT.MaxAnisotropy:8]]
[2022.10.25-16.27.42:293][  0]LogConfig: Setting CVar [[r.Streaming.LimitPoolSizeToVRAM:0]]
[2022.10.25-16.27.42:294][  0]LogConfig: Setting CVar [[r.Streaming.PoolSize:1000]]
[2022.10.25-16.27.42:294][  0]LogConfig: Setting CVar [[r.Streaming.MaxEffectiveScreenSize:0]]
[2022.10.25-16.27.42:294][  0]LogConfig: Applying CVar settings from Section [EffectsQuality@3] File [C:/Users/danie/Documents/Gamedev VR/game/UE4 game/fpsgame/Saved/Config/Windows/Scalability.ini]
[2022.10.25-16.27.42:294][  0]LogConfig: Setting CVar [[r.TranslucencyLightingVolumeDim:64]]
[2022.10.25-16.27.42:295][  0]LogConfig: Setting CVar [[r.RefractionQuality:2]]
[2022.10.25-16.27.42:295][  0]LogConfig: Setting CVar [[r.SSR.Quality:3]]
[2022.10.25-16.27.42:295][  0]LogConfig: Setting CVar [[r.SSR.HalfResSceneColor:0]]
[2022.10.25-16.27.42:295][  0]LogConfig: Setting CVar [[r.SceneColorFormat:4]]
[2022.10.25-16.27.42:296][  0]LogConfig: Setting CVar [[r.DetailMode:2]]
[2022.10.25-16.27.42:296][  0]LogConfig: Setting CVar [[r.TranslucencyVolumeBlur:1]]
[2022.10.25-16.27.42:296][  0]LogConfig: Setting CVar [[r.MaterialQualityLevel:1 ; High quality]]
[2022.10.25-16.27.42:296][  0]LogConfig: Setting CVar [[r.AnisotropicMaterials:1]]
[2022.10.25-16.27.42:297][  0]LogConfig: Setting CVar [[r.SSS.Scale:1]]
[2022.10.25-16.27.42:297][  0]LogConfig: Setting CVar [[r.SSS.SampleSet:2]]
[2022.10.25-16.27.42:297][  0]LogConfig: Setting CVar [[r.SSS.Quality:1]]
[2022.10.25-16.27.42:297][  0]LogConfig: Setting CVar [[r.SSS.HalfRes:0]]
[2022.10.25-16.27.42:298][  0]LogConfig: Setting CVar [[r.SSGI.Quality:3]]
[2022.10.25-16.27.42:298][  0]LogConfig: Setting CVar [[r.EmitterSpawnRateScale:1.0]]
[2022.10.25-16.27.42:298][  0]LogConfig: Setting CVar [[r.ParticleLightQuality:2]]
[2022.10.25-16.27.42:298][  0]LogConfig: Setting CVar [[r.SkyAtmosphere.AerialPerspectiveLUT.FastApplyOnOpaque:1 ; Always have FastSkyLUT 1 in this case to avoid wrong sky]]
[2022.10.25-16.27.42:299][  0]LogConfig: Setting CVar [[r.SkyAtmosphere.AerialPerspectiveLUT.SampleCountMaxPerSlice:4]]
[2022.10.25-16.27.42:299][  0]LogConfig: Setting CVar [[r.SkyAtmosphere.AerialPerspectiveLUT.DepthResolution:16.0]]
[2022.10.25-16.27.42:299][  0]LogConfig: Setting CVar [[r.SkyAtmosphere.FastSkyLUT:1]]
[2022.10.25-16.27.42:299][  0]LogConfig: Setting CVar [[r.SkyAtmosphere.FastSkyLUT.SampleCountMin:4.0]]
[2022.10.25-16.27.42:300][  0]LogConfig: Setting CVar [[r.SkyAtmosphere.FastSkyLUT.SampleCountMax:128.0]]
[2022.10.25-16.27.42:300][  0]LogConfig: Setting CVar [[r.SkyAtmosphere.SampleCountMin:4.0]]
[2022.10.25-16.27.42:300][  0]LogConfig: Setting CVar [[r.SkyAtmosphere.SampleCountMax:128.0]]
[2022.10.25-16.27.42:300][  0]LogConfig: Setting CVar [[r.SkyAtmosphere.TransmittanceLUT.UseSmallFormat:0]]
[2022.10.25-16.27.42:301][  0]LogConfig: Setting CVar [[r.SkyAtmosphere.TransmittanceLUT.SampleCount:10.0]]
[2022.10.25-16.27.42:303][  0]LogConfig: Setting CVar [[r.SkyAtmosphere.MultiScatteringLUT.SampleCount:15.0]]
[2022.10.25-16.27.42:303][  0]LogConfig: Setting CVar [[r.SkyLight.RealTimeReflectionCapture:1]]
[2022.10.25-16.27.42:304][  0]LogConfig: Applying CVar settings from Section [FoliageQuality@3] File [C:/Users/danie/Documents/Gamedev VR/game/UE4 game/fpsgame/Saved/Config/Windows/Scalability.ini]
[2022.10.25-16.27.42:304][  0]LogConfig: Setting CVar [[foliage.DensityScale:1.0]]
[2022.10.25-16.27.42:305][  0]LogConfig: Setting CVar [[grass.DensityScale:1.0]]
[2022.10.25-16.27.42:305][  0]LogConfig: Applying CVar settings from Section [ShadingQuality@3] File [C:/Users/danie/Documents/Gamedev VR/game/UE4 game/fpsgame/Saved/Config/Windows/Scalability.ini]
[2022.10.25-16.27.42:305][  0]LogConfig: Setting CVar [[r.HairStrands.SkyLighting.IntegrationType:2]]
[2022.10.25-16.27.42:306][  0]LogConfig: Setting CVar [[r.HairStrands.SkyAO.SampleCount:4]]
[2022.10.25-16.27.42:306][  0]LogConfig: Setting CVar [[r.HairStrands.Visibility.MSAA.SamplePerPixel:4]]
[2022.10.25-16.27.42:306][  0]LogInit: Selected Device Profile: [Windows]
[2022.10.25-16.27.42:306][  0]LogInit: Applying CVar settings loaded from the selected device profile: [Windows]
[2022.10.25-16.27.42:307][  0]LogHAL: Display: Platform has ~ 16 GB [17128247296 / 17179869184 / 16], which maps to Larger [LargestMinGB=32, LargerMinGB=12, DefaultMinGB=8, SmallerMinGB=6, SmallestMinGB=0)
[2022.10.25-16.27.42:307][  0]LogInit: Going up to parent DeviceProfile []
[2022.10.25-16.27.42:307][  0]LogConfig: Applying CVar settings from Section [ViewDistanceQuality@3] File [C:/Users/danie/Documents/Gamedev VR/game/UE4 game/fpsgame/Saved/Config/Windows/Scalability.ini]
[2022.10.25-16.27.42:307][  0]LogConfig: Setting CVar [[r.SkeletalMeshLODBias:0]]
[2022.10.25-16.27.42:308][  0]LogConfig: Setting CVar [[r.ViewDistanceScale:1.0]]
[2022.10.25-16.27.42:308][  0]LogConfig: Applying CVar settings from Section [AntiAliasingQuality@3] File [C:/Users/danie/Documents/Gamedev VR/game/UE4 game/fpsgame/Saved/Config/Windows/Scalability.ini]
[2022.10.25-16.27.42:308][  0]LogConfig: Setting CVar [[r.PostProcessAAQuality:4]]
[2022.10.25-16.27.42:308][  0]LogConfig: Applying CVar settings from Section [ShadowQuality@3] File [C:/Users/danie/Documents/Gamedev VR/game/UE4 game/fpsgame/Saved/Config/Windows/Scalability.ini]
[2022.10.25-16.27.42:309][  0]LogConfig: Setting CVar [[r.LightFunctionQuality:1]]
[2022.10.25-16.27.42:309][  0]LogConfig: Setting CVar [[r.ShadowQuality:5]]
[2022.10.25-16.27.42:309][  0]LogConfig: Setting CVar [[r.Shadow.CSM.MaxCascades:10]]
[2022.10.25-16.27.42:309][  0]LogConfig: Setting CVar [[r.Shadow.MaxResolution:2048]]
[2022.10.25-16.27.42:310][  0]LogConfig: Setting CVar [[r.Shadow.MaxCSMResolution:2048]]
[2022.10.25-16.27.42:310][  0]LogConfig: Setting CVar [[r.Shadow.RadiusThreshold:0.01]]
[2022.10.25-16.27.42:310][  0]LogConfig: Setting CVar [[r.Shadow.DistanceScale:1.0]]
[2022.10.25-16.27.42:310][  0]LogConfig: Setting CVar [[r.Shadow.CSM.TransitionScale:1.0]]
[2022.10.25-16.27.42:311][  0]LogConfig: Setting CVar [[r.Shadow.PreShadowResolutionFactor:1.0]]
[2022.10.25-16.27.42:311][  0]LogConfig: Setting CVar [[r.DistanceFieldShadowing:1]]
[2022.10.25-16.27.42:311][  0]LogConfig: Setting CVar [[r.DistanceFieldAO:1]]
[2022.10.25-16.27.42:311][  0]LogConfig: Setting CVar [[r.AOQuality:2]]
[2022.10.25-16.27.42:312][  0]LogConfig: Setting CVar [[r.VolumetricFog:1]]
[2022.10.25-16.27.42:312][  0]LogConfig: Setting CVar [[r.VolumetricFog.GridPixelSize:8]]
[2022.10.25-16.27.42:312][  0]LogConfig: Setting CVar [[r.VolumetricFog.GridSizeZ:128]]
[2022.10.25-16.27.42:312][  0]LogConfig: Setting CVar [[r.VolumetricFog.HistoryMissSupersampleCount:4]]
[2022.10.25-16.27.42:313][  0]LogConfig: Setting CVar [[r.LightMaxDrawDistanceScale:1]]
[2022.10.25-16.27.42:313][  0]LogConfig: Setting CVar [[r.CapsuleShadows:1]]
[2022.10.25-16.27.42:313][  0]LogConfig: Applying CVar settings from Section [PostProcessQuality@3] File [C:/Users/danie/Documents/Gamedev VR/game/UE4 game/fpsgame/Saved/Config/Windows/Scalability.ini]
[2022.10.25-16.27.42:313][  0]LogConfig: Setting CVar [[r.MotionBlurQuality:4]]
[2022.10.25-16.27.42:314][  0]LogConfig: Setting CVar [[r.AmbientOcclusionMipLevelFactor:0.4]]
[2022.10.25-16.27.42:314][  0]LogConfig: Setting CVar [[r.AmbientOcclusionMaxQuality:100]]
[2022.10.25-16.27.42:314][  0]LogConfig: Setting CVar [[r.AmbientOcclusionLevels:-1]]
[2022.10.25-16.27.42:314][  0]LogConfig: Setting CVar [[r.AmbientOcclusionRadiusScale:1.0]]
[2022.10.25-16.27.42:315][  0]LogConfig: Setting CVar [[r.DepthOfFieldQuality:2]]
[2022.10.25-16.27.42:315][  0]LogConfig: Setting CVar [[r.RenderTargetPoolMin:400]]
[2022.10.25-16.27.42:315][  0]LogConfig: Setting CVar [[r.LensFlareQuality:2]]
[2022.10.25-16.27.42:315][  0]LogConfig: Setting CVar [[r.SceneColorFringeQuality:1]]
[2022.10.25-16.27.42:316][  0]LogConfig: Setting CVar [[r.EyeAdaptationQuality:2]]
[2022.10.25-16.27.42:316][  0]LogConfig: Setting CVar [[r.BloomQuality:5]]
[2022.10.25-16.27.42:316][  0]LogConfig: Setting CVar [[r.FastBlurThreshold:100]]
[2022.10.25-16.27.42:319][  0]LogConfig: Setting CVar [[r.Upscale.Quality:3]]
[2022.10.25-16.27.42:320][  0]LogConfig: Setting CVar [[r.Tonemapper.GrainQuantization:1]]
[2022.10.25-16.27.42:320][  0]LogConfig: Setting CVar [[r.LightShaftQuality:1]]
[2022.10.25-16.27.42:320][  0]LogConfig: Setting CVar [[r.Filter.SizeScale:1]]
[2022.10.25-16.27.42:321][  0]LogConfig: Setting CVar [[r.Tonemapper.Quality:5]]
[2022.10.25-16.27.42:321][  0]LogConfig: Setting CVar [[r.DOF.Gather.AccumulatorQuality:1        ; higher gathering accumulator quality]]
[2022.10.25-16.27.42:321][  0]LogConfig: Setting CVar [[r.DOF.Gather.PostfilterMethod:1          ; Median3x3 postfilering method]]
[2022.10.25-16.27.42:321][  0]LogConfig: Setting CVar [[r.DOF.Gather.EnableBokehSettings:0       ; no bokeh simulation when gathering]]
[2022.10.25-16.27.42:322][  0]LogConfig: Setting CVar [[r.DOF.Gather.RingCount:4                 ; medium number of samples when gathering]]
[2022.10.25-16.27.42:322][  0]LogConfig: Setting CVar [[r.DOF.Scatter.ForegroundCompositing:1    ; additive foreground scattering]]
[2022.10.25-16.27.42:322][  0]LogConfig: Setting CVar [[r.DOF.Scatter.BackgroundCompositing:2    ; additive background scattering]]
[2022.10.25-16.27.42:322][  0]LogConfig: Setting CVar [[r.DOF.Scatter.EnableBokehSettings:1      ; bokeh simulation when scattering]]
[2022.10.25-16.27.42:323][  0]LogConfig: Setting CVar [[r.DOF.Scatter.MaxSpriteRatio:0.1         ; only a maximum of 10% of scattered bokeh]]
[2022.10.25-16.27.42:323][  0]LogConfig: Setting CVar [[r.DOF.Recombine.Quality:1                ; cheap slight out of focus]]
[2022.10.25-16.27.42:323][  0]LogConfig: Setting CVar [[r.DOF.Recombine.EnableBokehSettings:0    ; no bokeh simulation on slight out of focus]]
[2022.10.25-16.27.42:323][  0]LogConfig: Setting CVar [[r.DOF.TemporalAAQuality:1                ; more stable temporal accumulation]]
[2022.10.25-16.27.42:324][  0]LogConfig: Setting CVar [[r.DOF.Kernel.MaxForegroundRadius:0.025]]
[2022.10.25-16.27.42:324][  0]LogConfig: Setting CVar [[r.DOF.Kernel.MaxBackgroundRadius:0.025]]
[2022.10.25-16.27.42:324][  0]LogConfig: Applying CVar settings from Section [TextureQuality@3] File [C:/Users/danie/Documents/Gamedev VR/game/UE4 game/fpsgame/Saved/Config/Windows/Scalability.ini]
[2022.10.25-16.27.42:324][  0]LogConfig: Setting CVar [[r.Streaming.MipBias:0]]
[2022.10.25-16.27.42:325][  0]LogConfig: Setting CVar [[r.Streaming.AmortizeCPUToGPUCopy:0]]
[2022.10.25-16.27.42:325][  0]LogConfig: Setting CVar [[r.Streaming.MaxNumTexturesToStreamPerFrame:0]]
[2022.10.25-16.27.42:325][  0]LogConfig: Setting CVar [[r.Streaming.Boost:1]]
[2022.10.25-16.27.42:325][  0]LogConfig: Setting CVar [[r.MaxAnisotropy:8]]
[2022.10.25-16.27.42:325][  0]LogConfig: Setting CVar [[r.VT.MaxAnisotropy:8]]
[2022.10.25-16.27.42:326][  0]LogConfig: Setting CVar [[r.Streaming.LimitPoolSizeToVRAM:0]]
[2022.10.25-16.27.42:326][  0]LogConfig: Setting CVar [[r.Streaming.PoolSize:1000]]
[2022.10.25-16.27.42:326][  0]LogConfig: Setting CVar [[r.Streaming.MaxEffectiveScreenSize:0]]
[2022.10.25-16.27.42:327][  0]LogConfig: Applying CVar settings from Section [EffectsQuality@3] File [C:/Users/danie/Documents/Gamedev VR/game/UE4 game/fpsgame/Saved/Config/Windows/Scalability.ini]
[2022.10.25-16.27.42:327][  0]LogConfig: Setting CVar [[r.TranslucencyLightingVolumeDim:64]]
[2022.10.25-16.27.42:327][  0]LogConfig: Setting CVar [[r.RefractionQuality:2]]
[2022.10.25-16.27.42:327][  0]LogConfig: Setting CVar [[r.SSR.Quality:3]]
[2022.10.25-16.27.42:327][  0]LogConfig: Setting CVar [[r.SSR.HalfResSceneColor:0]]
[2022.10.25-16.27.42:328][  0]LogConfig: Setting CVar [[r.SceneColorFormat:4]]
[2022.10.25-16.27.42:328][  0]LogConfig: Setting CVar [[r.DetailMode:2]]
[2022.10.25-16.27.42:328][  0]LogConfig: Setting CVar [[r.TranslucencyVolumeBlur:1]]
[2022.10.25-16.27.42:328][  0]LogConfig: Setting CVar [[r.MaterialQualityLevel:1 ; High quality]]
[2022.10.25-16.27.42:329][  0]LogConfig: Setting CVar [[r.AnisotropicMaterials:1]]
[2022.10.25-16.27.42:329][  0]LogConfig: Setting CVar [[r.SSS.Scale:1]]
[2022.10.25-16.27.42:329][  0]LogConfig: Setting CVar [[r.SSS.SampleSet:2]]
[2022.10.25-16.27.42:330][  0]LogConfig: Setting CVar [[r.SSS.Quality:1]]
[2022.10.25-16.27.42:330][  0]LogConfig: Setting CVar [[r.SSS.HalfRes:0]]
[2022.10.25-16.27.42:330][  0]LogConfig: Setting CVar [[r.SSGI.Quality:3]]
[2022.10.25-16.27.42:330][  0]LogConfig: Setting CVar [[r.EmitterSpawnRateScale:1.0]]
[2022.10.25-16.27.42:331][  0]LogConfig: Setting CVar [[r.ParticleLightQuality:2]]
[2022.10.25-16.27.42:331][  0]LogConfig: Setting CVar [[r.SkyAtmosphere.AerialPerspectiveLUT.FastApplyOnOpaque:1 ; Always have FastSkyLUT 1 in this case to avoid wrong sky]]
[2022.10.25-16.27.42:331][  0]LogConfig: Setting CVar [[r.SkyAtmosphere.AerialPerspectiveLUT.SampleCountMaxPerSlice:4]]
[2022.10.25-16.27.42:331][  0]LogConfig: Setting CVar [[r.SkyAtmosphere.AerialPerspectiveLUT.DepthResolution:16.0]]
[2022.10.25-16.27.42:332][  0]LogConfig: Setting CVar [[r.SkyAtmosphere.FastSkyLUT:1]]
[2022.10.25-16.27.42:334][  0]LogConfig: Setting CVar [[r.SkyAtmosphere.FastSkyLUT.SampleCountMin:4.0]]
[2022.10.25-16.27.42:334][  0]LogConfig: Setting CVar [[r.SkyAtmosphere.FastSkyLUT.SampleCountMax:128.0]]
[2022.10.25-16.27.42:335][  0]LogConfig: Setting CVar [[r.SkyAtmosphere.SampleCountMin:4.0]]
[2022.10.25-16.27.42:335][  0]LogConfig: Setting CVar [[r.SkyAtmosphere.SampleCountMax:128.0]]
[2022.10.25-16.27.42:335][  0]LogConfig: Setting CVar [[r.SkyAtmosphere.TransmittanceLUT.UseSmallFormat:0]]
[2022.10.25-16.27.42:335][  0]LogConfig: Setting CVar [[r.SkyAtmosphere.TransmittanceLUT.SampleCount:10.0]]
[2022.10.25-16.27.42:336][  0]LogConfig: Setting CVar [[r.SkyAtmosphere.MultiScatteringLUT.SampleCount:15.0]]
[2022.10.25-16.27.42:336][  0]LogConfig: Setting CVar [[r.SkyLight.RealTimeReflectionCapture:1]]
[2022.10.25-16.27.42:336][  0]LogConfig: Applying CVar settings from Section [FoliageQuality@3] File [C:/Users/danie/Documents/Gamedev VR/game/UE4 game/fpsgame/Saved/Config/Windows/Scalability.ini]
[2022.10.25-16.27.42:336][  0]LogConfig: Setting CVar [[foliage.DensityScale:1.0]]
[2022.10.25-16.27.42:337][  0]LogConfig: Setting CVar [[grass.DensityScale:1.0]]
[2022.10.25-16.27.42:337][  0]LogConfig: Applying CVar settings from Section [ShadingQuality@3] File [C:/Users/danie/Documents/Gamedev VR/game/UE4 game/fpsgame/Saved/Config/Windows/Scalability.ini]
[2022.10.25-16.27.42:337][  0]LogConfig: Setting CVar [[r.HairStrands.SkyLighting.IntegrationType:2]]
[2022.10.25-16.27.42:337][  0]LogConfig: Setting CVar [[r.HairStrands.SkyAO.SampleCount:4]]
[2022.10.25-16.27.42:338][  0]LogConfig: Setting CVar [[r.HairStrands.Visibility.MSAA.SamplePerPixel:4]]
[2022.10.25-16.27.42:338][  0]LogConfig: Applying CVar settings from Section [Startup] File [../../../Engine/Config/ConsoleVariables.ini]
[2022.10.25-16.27.42:339][  0]LogConfig: Setting CVar [[net.UseAdaptiveNetUpdateFrequency:0]]
[2022.10.25-16.27.42:339][  0]LogConfig: Setting CVar [[p.chaos.AllowCreatePhysxBodies:1]]
[2022.10.25-16.27.42:339][  0]LogConfig: Setting CVar [[fx.SkipVectorVMBackendOptimizations:1]]
[2022.10.25-16.27.42:339][  0]LogConfig: Applying CVar settings from Section [ConsoleVariables] File [C:/Users/danie/Documents/Gamedev VR/game/UE4 game/fpsgame/Saved/Config/Windows/Engine.ini]
[2022.10.25-16.27.42:340][  0]LogConfig: Applying CVar settings from Section [ConsoleVariables] File [C:/Users/danie/Documents/Gamedev VR/game/UE4 game/fpsgame/Saved/Config/Windows/Editor.ini]
[2022.10.25-16.27.42:340][  0]LogInit: Computer: DESKTOP-QG36584
[2022.10.25-16.27.42:340][  0]LogInit: User: danie
[2022.10.25-16.27.42:340][  0]LogInit: CPU Page size=4096, Cores=6
[2022.10.25-16.27.42:340][  0]LogInit: High frequency timer resolution =10.000000 MHz
[2022.10.25-16.27.42:341][  0]LogMemory: Memory total: Physical=16.0GB (16GB approx)
[2022.10.25-16.27.42:341][  0]LogMemory: Platform Memory Stats for Windows
[2022.10.25-16.27.42:341][  0]LogMemory: Process Physical Memory: 137.97 MB used, 137.98 MB peak
[2022.10.25-16.27.42:341][  0]LogMemory: Process Virtual Memory: 119.45 MB used, 119.45 MB peak
[2022.10.25-16.27.42:342][  0]LogMemory: Physical Memory: 11580.81 MB used,  4753.96 MB free, 16334.77 MB total
[2022.10.25-16.27.42:342][  0]LogMemory: Virtual Memory: 134215576.00 MB used,  2149.76 MB free, 134217728.00 MB total
[2022.10.25-16.27.42:344][  0]LogWindows: WindowsPlatformFeatures disabled or dedicated server build
[2022.10.25-16.27.42:353][  0]LogInit: Physics initialised using underlying interface: PhysX
[2022.10.25-16.27.42:353][  0]LogInit: Using OS detected language (en-US).
[2022.10.25-16.27.42:354][  0]LogInit: Using OS detected locale (en-GB).
[2022.10.25-16.27.42:357][  0]LogTextLocalizationManager: No specific localization for 'en-US' exists, so the 'en' localization will be used.
[2022.10.25-16.27.42:730][  0]LogTargetPlatformManager: Display: Loaded TargetPlatform 'WindowsNoEditor'
[2022.10.25-16.27.42:733][  0]LogTargetPlatformManager: Display: Loaded TargetPlatform 'Windows'
[2022.10.25-16.27.42:735][  0]LogTargetPlatformManager: Display: Loaded TargetPlatform 'WindowsClient'
[2022.10.25-16.27.42:738][  0]LogTargetPlatformManager: Display: Loaded TargetPlatform 'WindowsServer'
[2022.10.25-16.27.42:738][  0]LogTargetPlatformManager: Display: Building Assets For Windows
[2022.10.25-16.27.42:741][  0]LogAudioDebug: Display: Lib vorbis DLL was dynamically loaded.
[2022.10.25-16.27.42:754][  0]LogTextureFormatOodle: Display: Oodle Texture 2.9.0 init RDO Off
[2022.10.25-16.27.42:765][  0]LogRendererCore: Ray tracing is disabled. Reason: r.RayTracing=0.
[2022.10.25-16.27.42:765][  0]LogShaderCompilers: Guid format shader working directory is -27 characters bigger than the processId version (../../../../../../Users/danie/Documents/Gamedev VR/game/UE4 game/fpsgame/Intermediate/Shaders/WorkingDirectory/22656/).
[2022.10.25-16.27.42:766][  0]LogShaderCompilers: Cleaned the shader compiler working directory 'C:/Users/danie/AppData/Local/Temp/UnrealShaderWorkingDir/F49941F14604969CEDF8109765B24984/'.
[2022.10.25-16.27.42:766][  0]LogXGEController: Cannot use XGE Controller as Incredibuild is not installed on this machine.
[2022.10.25-16.27.42:766][  0]LogShaderCompilers: Cannot use XGE Shader Compiler as Incredibuild is not installed on this machine.
[2022.10.25-16.27.42:766][  0]LogShaderCompilers: Display: Using Local Shader Compiler.
[2022.10.25-16.27.43:222][  0]LogDerivedDataCache: Display: Max Cache Size: 512 MB
[2022.10.25-16.27.43:270][  0]LogDerivedDataCache: Loaded boot cache 0.05s 94MB C:/Users/danie/AppData/Local/UnrealEngine/4.27/DerivedDataCache/Boot.ddc.
[2022.10.25-16.27.43:270][  0]LogDerivedDataCache: Display: Loaded Boot cache: C:/Users/danie/AppData/Local/UnrealEngine/4.27/DerivedDataCache/Boot.ddc
[2022.10.25-16.27.43:271][  0]LogDerivedDataCache: FDerivedDataBackendGraph:  Pak pak cache file ../../../../../../Users/danie/Documents/Gamedev VR/game/UE4 game/fpsgame/DerivedDataCache/DDC.ddp not found, will not use a pak cache.
[2022.10.25-16.27.43:271][  0]LogDerivedDataCache: Unable to find inner node Pak for hierarchical cache Hierarchy.
[2022.10.25-16.27.43:271][  0]LogDerivedDataCache: FDerivedDataBackendGraph:  CompressedPak pak cache file ../../../../../../Users/danie/Documents/Gamedev VR/game/UE4 game/fpsgame/DerivedDataCache/Compressed.ddp not found, will not use a pak cache.
[2022.10.25-16.27.43:271][  0]LogDerivedDataCache: Unable to find inner node CompressedPak for hierarchical cache Hierarchy.
[2022.10.25-16.27.43:287][  0]LogDerivedDataCache: Display: Pak cache opened for reading ../../../Engine/DerivedDataCache/Compressed.ddp.
[2022.10.25-16.27.43:288][  0]LogDerivedDataCache: FDerivedDataBackendGraph:  EnterprisePak pak cache file ../../../Enterprise/DerivedDataCache/Compressed.ddp not found, will not use a pak cache.
[2022.10.25-16.27.43:288][  0]LogDerivedDataCache: Unable to find inner node EnterprisePak for hierarchical cache Hierarchy.
[2022.10.25-16.27.43:297][  0]LogDerivedDataCache: Speed tests for C:/Users/danie/AppData/Local/UnrealEngine/Common/DerivedDataCache took 0.01 seconds
[2022.10.25-16.27.43:297][  0]LogDerivedDataCache: Display: Performance to C:/Users/danie/AppData/Local/UnrealEngine/Common/DerivedDataCache: Latency=0.03ms. RandomReadSpeed=340.67MBs, RandomWriteSpeed=169.10MBs. Assigned SpeedClass 'Local'
[2022.10.25-16.27.43:298][  0]LogDerivedDataCache: Using Local data cache path C:/Users/danie/AppData/Local/UnrealEngine/Common/DerivedDataCache: Writable
[2022.10.25-16.27.43:298][  0]LogDerivedDataCache: Shared data cache path not found in *engine.ini, will not use an Shared cache.
[2022.10.25-16.27.43:298][  0]LogDerivedDataCache: Unable to find inner node Shared for hierarchical cache Hierarchy.
[2022.10.25-16.27.43:300][  0]LogInit: Using OS detected language (en-US).
[2022.10.25-16.27.43:300][  0]LogInit: Using OS detected locale (en-GB).
[2022.10.25-16.27.43:300][  0]LogTextLocalizationManager: No localization for 'en-US' exists, so 'en' will be used for the language.
[2022.10.25-16.27.43:300][  0]LogTextLocalizationManager: No localization for 'en-GB' exists, so 'en' will be used for the locale.
[2022.10.25-16.27.43:304][  0]LogTextLocalizationManager: Compacting localization data took   0.01ms
[2022.10.25-16.27.43:304][  0]LogAssetRegistry: FAssetRegistry took 0.0022 seconds to start up
[2022.10.25-16.27.43:448][  0]LogPackageLocalizationCache: Processed 27 localized package path(s) for 1 prioritized culture(s) in 0.001148 seconds
[2022.10.25-16.27.43:526][  0]LogInit: Selected Device Profile: [Windows]
[2022.10.25-16.27.43:526][  0]LogInit: Active device profile: [00000219C3D70500][00000219C3377880 49] Windows
[2022.10.25-16.27.43:527][  0]LogInit: Profiles: [00000219C3D70500][00000219C3377880 49] Windows, [00000219C3D47600][00000219C3385B40 49] WindowsNoEditor, [00000219C3D44100][00000219C337A240 49] WindowsServer, [00000219C3D73000][00000219C33884C0 49] WindowsClient, [00000219C3D70200][00000219C3390780 49] IOS, [00000219C3D5BD00][00000219C3394A40 49] iPadAir, [00000219C3D73A00][00000219C3398D00 49] iPadAir2, [00000219C3CF4200][00000219C33B3240 49] IPadPro, [00000219C3CEFF00][00000219C339D280 49] iPadAir3, [00000219C3D45000][00000219C33AB540 49] iPadAir4, [00000219C3CEC500][00000219C33A7800 49] iPadMini2, [00000219C3D44200][00000219C33AFAC0 49] iPadMini3, [00000219C3CED200][00000219C33BC200 49] iPadMini4, [00000219C3D47800][00000219C338C480 49] iPadMini5, [00000219C3D59600][00000219C33D4980 49] iPhone6, [00000219C3D59700][00000219C33C09C0 49] iPodTouch6, [00000219C3CEE100][00000219C33DCF00 49] iPhone7, [00000219C3CEE200][00000219C33CCF40 49] iPodTouch7, [00000219C3D5A600][00000219C33D1200 49] iPhone5S, [00000219C3CEF100][00000219C33C94C0 49] iPhone6Plus, [00000219C3D5BB00][00000219C33D9780 49] iPhone6S, [00000219C3CEEB00][00000219C33E1A40 49] iPhone6SPlus, [00000219C3D58A00][00000219C33E4180 49] iPhone7Plus, [00000219C3CEEF00][00000219C33E8440 49] iPhoneSE, [00000219C3D59000][00000219C33C46C0 49] iPhone8, [00000219C3CEFC00][00000219C33EC940 49] iPhone8Plus, [00000219C3D5B200][00000219C33F4C00 49] iPhoneX, [00000219C3CEEC00][00000219C33F8EC0 49] iPhoneXS, [00000219C3D5AB00][00000219C33FD180 49] iPhoneXSMax, [00000219C3CEE900][00000219C3401440 49] iPhoneXR, [00000219C3D5AF00][00000219C3405700 49] iPhone11, [00000219C3CECA00][00000219C34099C0 49] iPhone11Pro, [00000219C3D5BE00][00000219C340C100 49] iPhone11ProMax, [00000219C3CED400][00000219C34103C0 49] iPhoneSE2, [00000219C3D5BF00][00000219C3414680 49] iPhone12Mini, [00000219C3CEFD00][00000219C33F0900 49] iPhone12, [00000219C3D59200][00000219C3418B80 49] iPhone12Pro, [00000219C3CEF500][00000219C3420E40 49] iPhone12ProMax, [00000219C3D58200][00000219C3425100 49] iPadPro105, [00000219C3CEDA00][00000219C34293C0 49] iPadPro129, [00000219C3D58D00][00000219C342D680 49] iPadPro97, [00000219C3CEC900][00000219C3431940 49] iPadPro2_129, [00000219C3D59A00][00000219C3435C00 49] iPad5, [00000219C3CEDC00][00000219C3438340 49] iPad6, [00000219C3D5B900][00000219C343C600 49] iPad7, [00000219C3CEE600][00000219C2D328C0 49] iPad8, [00000219C3D5B000][00000219C341CB40 49] iPadPro11, [00000219C3CED500][00000219C2D36DC0 49] iPadPro2_11, [00000219C3D5A100][00000219C2D3F080 49] iPadPro3_129, [00000219C3CEDD00][00000219C2D43340 49] iPadPro4_129, [00000219C3D5A400][00000219C2D47600 49] AppleTV, [00000219C3CEEE00][00000219C2D4B8C0 49] AppleTV4K, [00000219C3D58500][00000219C2D4FB80 49] TVOS, [00000219C3CEFA00][00000219C2D522C0 49] Mac, [00000219C3D5A900][00000219C2D56580 49] MacClient, [00000219C3CED700][00000219C2D5A840 49] MacNoEditor, [00000219C3D59100][00000219C2D5EB00 49] MacServer, [00000219C3CEFB00][00000219C2D3AD80 49] Linux, [00000219C3D58600][00000219C2D63000 49] LinuxAArch64, [00000219C3CEC400][00000219C2D6B2C0 49] LinuxNoEditor, [00000219C3D5A200][00000219C2D6F580 49] LinuxAArch64NoEditor, [00000219C3D70100][00000219C2D73840 49] LinuxClient, [00000219C3CF4700][00000219C2D77B00 49] LinuxAArch64Client, [00000219C3D71900][00000219C2D7A240 49] LinuxServer, [00000219C3CF4A00][00000219C2D7E500 49] LinuxAArch64Server, [00000219C3D72D00][00000219C2D827C0 49] Android, [00000219C3CF5400][00000219C2D86A80 49] Android_Low, [00000219C3D71100][00000219C2D8AD40 49] Android_Mid, [00000219C3CF4E00][00000219C2D66FC0 49] Android_High, [00000219C3D70800][00000219C2D8F240 49] Android_Default, [00000219C3CF6600][00000219C2D97500 49] Android_Adreno4xx, [00000219C3D71400][00000219C2D9B7C0 49] Android_Adreno5xx_Low, [00000219C3CF6400][00000219C2D9FA80 49] Android_Adreno5xx, [00000219C3D70700][00000219C2DA21C0 49] Android_Adreno6xx, [00000219C3CF6C00][00000219C2DA6480 49] Android_Adreno6xx_Vulkan, [00000219C3D73B00][00000219C2DAA740 49] Android_Mali_T6xx, [00000219C3CF4500][00000219C2DAEA00 49] Android_Mali_T7xx, [00000219C3D70300][00000219C2DB2CC0 49] Android_Mali_T8xx, [00000219C3CF7000][00000219C2DB6F80 49] Android_Mali_G71, [00000219C3D72900][00000219C2D93200 49] Android_Mali_G72, [00000219C3CF6500][00000219C2DBF4C0 49] Android_Mali_G72_Vulkan, [00000219C3D71B00][00000219C2DC3780 49] Android_Mali_G76, [00000219C3CF7100][00000219C2DC7A40 49] Android_Mali_G76_Vulkan, [00000219C3D71E00][00000219C2DCA180 49] Android_Mali_G77, [00000219C3CF7B00][00000219C2DCE440 49] Android_Mali_G77_Vulkan, [00000219C3D73C00][00000219C2DD2700 49] Android_Mali_G78, [00000219C3CF7F00][00000219C2DD69C0 49] Android_Mali_G78_Vulkan, [00000219C3D72400][00000219C2DDAC80 49] Android_Mali_G710, [00000219C3CF5300][00000219C2DDEF40 49] Android_Mali_G710_Vulkan, [00000219C3D73100][00000219C2DBB1C0 49] Android_Vulkan_SM5, [00000219C3CEE400][00000219C2DE3440 49] Android_PowerVR_G6xxx, [00000219C3D71D00][00000219C2DEB700 49] Android_PowerVR_GT7xxx, [00000219C3CEC100][00000219C2DEF9C0 49] Android_PowerVR_GE8xxx, [00000219C3D73200][00000219C2DF2100 49] Android_PowerVR_GM9xxx, [00000219C3CEC300][00000219C2DF63C0 49] Android_PowerVR_GM9xxx_Vulkan, [00000219C3D73300][00000219C2DFA680 49] Android_TegraK1, [00000219C3CED600][00000219C2DFE940 49] Android_Unknown_Vulkan, [00000219C3D72000][00000219C2E02C00 49] Lumin, [00000219C3CECB00][00000219C2E06EC0 49] Lumin_Desktop, [00000219C3D70D00][00000219C2E0B180 49] HoloLens, 
[2022.10.25-16.27.43:546][  0]LogMeshReduction: Using QuadricMeshReduction for automatic static mesh reduction
[2022.10.25-16.27.43:546][  0]LogMeshReduction: Using SimplygonMeshReduction for automatic skeletal mesh reduction
[2022.10.25-16.27.43:546][  0]LogMeshReduction: Using ProxyLODMeshReduction for automatic mesh merging
[2022.10.25-16.27.43:546][  0]LogMeshReduction: No distributed automatic mesh merging module available
[2022.10.25-16.27.43:546][  0]LogMeshMerging: No distributed automatic mesh merging module available
[2022.10.25-16.27.43:557][  0]LogNetVersion: fpsgame 1.0.0, NetCL: 17155196, EngineNetVer: 17, GameNetVer: 0 (Checksum: 3215450660)
[2022.10.25-16.27.43:645][  0]LogTexture: Default maximum texture size for cubemaps generated from long-lat sources has been changed from 512 to unlimited. In order to preserve old behaiour for '/Engine/MapTemplates/Sky/DaylightAmbientCubemap.DaylightAmbientCubemap', its maximum texture size has been explicitly set to 512.
[2022.10.25-16.27.43:658][  0]LogHMD: PokeAHoleMaterial loaded successfully
[2022.10.25-16.27.43:717][  0]LogPython: Using Python 3.7.7
[2022.10.25-16.27.44:097][  0]LogNiagaraDebuggerClient: Niagara Debugger Client Initialized | Session: 553CE50841748C3E3D477C83874AE87A | Instance: 956EE3A443483FCAFB9F4D85BDB2973F (DESKTOP-QG36584-22656).
[2022.10.25-16.27.44:110][  0]LogCollectionManager: Loaded 0 collections in 0.001667 seconds
[2022.10.25-16.27.44:112][  0]LogFileCache: Scanning file cache for directory 'C:/Users/danie/Documents/Gamedev VR/game/UE4 game/fpsgame/Saved/Collections/' took 0.00s
[2022.10.25-16.27.44:112][  0]LogFileCache: Scanning file cache for directory 'C:/Users/danie/Documents/Gamedev VR/game/UE4 game/fpsgame/Content/Developers/danie/Collections/' took 0.00s
[2022.10.25-16.27.44:112][  0]LogFileCache: Scanning file cache for directory 'C:/Users/danie/Documents/Gamedev VR/game/UE4 game/fpsgame/Content/Collections/' took 0.00s
[2022.10.25-16.27.44:112][  0]LogCollectionManager: Fixed up redirectors for 0 collections in 0.000001 seconds (updated 0 objects)
[2022.10.25-16.27.44:176][  0]LogTcpMessaging: Initializing TcpMessaging bridge
[2022.10.25-16.27.44:178][  0]LogUdpMessaging: Initializing bridge on interface 0.0.0.0:0 to multicast group 230.0.0.1:6666.
[2022.10.25-16.27.44:229][  0]SourceControl: Source control is disabled
[2022.10.25-16.27.44:230][  0]SourceControl: Source control is disabled
[2022.10.25-16.27.44:232][  0]SourceControl: Source control is disabled
[2022.10.25-16.27.44:234][  0]LogUProjectInfo: Found projects:
[2022.10.25-16.27.44:273][  0]LogOpenImageDenoise: OIDN starting up
[2022.10.25-16.27.44:290][  0]LogAndroidPermission: UAndroidPermissionCallbackProxy::GetInstance
[2022.10.25-16.27.44:297][  0]LogAudioCaptureCore: Display: No Audio Capture implementations found. Audio input will be silent.
[2022.10.25-16.27.44:297][  0]LogAudioCaptureCore: Display: No Audio Capture implementations found. Audio input will be silent.
[2022.10.25-16.27.44:340][  0]LogOcInput: OculusInput pre-init called
[2022.10.25-16.27.44:349][  0]LogUObjectArray: 22034 objects as part of root set at end of initial load.
[2022.10.25-16.27.44:349][  0]LogUObjectAllocator: 5961792 out of 0 bytes used by permanent object pool.
[2022.10.25-16.27.44:349][  0]LogUObjectArray: CloseDisregardForGC: 0/0 objects in disregard for GC pool
[2022.10.25-16.27.44:379][  0]LogClass: Display: StructProperty FRewindDataStruct::SnapshotPosition is not initialized properly. Module:fpsgame File:RewindComponent.h
[2022.10.25-16.27.44:379][  0]LogClass: Display: StructProperty FRewindDataStruct::SnapshotRotation is not initialized properly. Module:fpsgame File:RewindComponent.h
[2022.10.25-16.27.44:380][  0]LogClass: Display: StructProperty FRewindDataStruct::SnapshotScale is not initialized properly. Module:fpsgame File:RewindComponent.h
[2022.10.25-16.27.44:380][  0]LogClass: Display: FloatProperty FWeaponStats::MaxRange is not initialized properly. Module:fpsgame File:WeaponActor.h
[2022.10.25-16.27.44:380][  0]LogClass: Display: FloatProperty FWeaponStats::FireRate is not initialized properly. Module:fpsgame File:WeaponActor.h
[2022.10.25-16.27.44:381][  0]LogClass: Display: IntProperty FWeaponStats::CartridgeBullets is not initialized properly. Module:fpsgame File:WeaponActor.h
[2022.10.25-16.27.44:381][  0]LogClass: Display: IntProperty FWeaponStats::BurstNumber is not initialized properly. Module:fpsgame File:WeaponActor.h
[2022.10.25-16.27.44:381][  0]LogClass: Display: FloatProperty FWeaponStats::BurstFireRate is not initialized properly. Module:fpsgame File:WeaponActor.h
[2022.10.25-16.27.44:381][  0]LogClass: Display: IntProperty FWeaponStats::MaxMagSize is not initialized properly. Module:fpsgame File:WeaponActor.h
[2022.10.25-16.27.44:382][  0]LogClass: Display: IntProperty FWeaponStats::MagAmmo is not initialized properly. Module:fpsgame File:WeaponActor.h
[2022.10.25-16.27.44:382][  0]LogClass: Display: FloatProperty FWeaponStats::BaseDamageTorso is not initialized properly. Module:fpsgame File:WeaponActor.h
[2022.10.25-16.27.44:382][  0]LogClass: Display: FloatProperty FWeaponStats::BaseDamageHead is not initialized properly. Module:fpsgame File:WeaponActor.h
[2022.10.25-16.27.44:383][  0]LogClass: Display: FloatProperty FWeaponStats::BaseDamageLegs is not initialized properly. Module:fpsgame File:WeaponActor.h
[2022.10.25-16.27.44:383][  0]LogClass: Display: FloatProperty FWeaponStats::BaseHipfireSpreadAngleInDegrees is not initialized properly. Module:fpsgame File:WeaponActor.h
[2022.10.25-16.27.44:383][  0]LogClass: Display: FloatProperty FWeaponStats::BaseMovementSpreadMultiplier is not initialized properly. Module:fpsgame File:WeaponActor.h
[2022.10.25-16.27.44:383][  0]LogClass: Display: EnumProperty FWeaponMetaData::GunModel is not initialized properly. Module:fpsgame File:WeaponActor.h
[2022.10.25-16.27.44:384][  0]LogClass: Display: EnumProperty FWeaponMetaData::WAWeaponType is not initialized properly. Module:fpsgame File:WeaponActor.h
[2022.10.25-16.27.44:384][  0]LogClass: Display: EnumProperty FWeaponMetaData::WAWeaponFireType is not initialized properly. Module:fpsgame File:WeaponActor.h
[2022.10.25-16.27.44:384][  0]LogClass: Display: EnumProperty FWeaponMetaData::WAWeaponHitDetectionType is not initialized properly. Module:fpsgame File:WeaponActor.h
[2022.10.25-16.27.44:385][  0]LogClass: Display: EnumProperty FWeaponMetaData::TypeOfEquip is not initialized properly. Module:fpsgame File:WeaponActor.h
[2022.10.25-16.27.44:385][  0]LogClass: Warning: ObjectProperty FWeaponVisualAssets::GunMesh is not initialized properly. Module:fpsgame File:WeaponActor.h
[2022.10.25-16.27.44:386][  0]LogClass: Warning: ObjectProperty FWeaponVisualAssets::TracerEffect is not initialized properly. Module:fpsgame File:WeaponActor.h
[2022.10.25-16.27.44:387][  0]LogClass: Warning: ObjectProperty FWeaponVisualAssets::MuzzleFlash is not initialized properly. Module:fpsgame File:WeaponActor.h
[2022.10.25-16.27.44:387][  0]LogClass: Display: StructProperty FWeaponPositionalDetails::BasePosition is not initialized properly. Module:fpsgame File:WeaponActor.h
[2022.10.25-16.27.44:387][  0]LogClass: Display: StructProperty FWeaponPositionalDetails::BaseRotation is not initialized properly. Module:fpsgame File:WeaponActor.h
[2022.10.25-16.27.44:387][  0]LogClass: Display: StructProperty FWeaponPositionalDetails::BaseScale is not initialized properly. Module:fpsgame File:WeaponActor.h
[2022.10.25-16.27.44:387][  0]LogClass: Display: StructProperty FWeaponPositionalDetails::TPBaseScale is not initialized properly. Module:fpsgame File:WeaponActor.h
[2022.10.25-16.27.44:388][  0]LogClass: Display: StructProperty FWeaponPositionalDetails::TPBaseRotation is not initialized properly. Module:fpsgame File:WeaponActor.h
[2022.10.25-16.27.44:388][  0]LogClass: Display: StructProperty FWeaponPositionalDetails::TPBasePosition is not initialized properly. Module:fpsgame File:WeaponActor.h
[2022.10.25-16.27.44:388][  0]LogClass: Display: StructProperty FWeaponPositionalDetails::MuzzlePosition is not initialized properly. Module:fpsgame File:WeaponActor.h
[2022.10.25-16.27.44:389][  0]LogClass: Display: 30 Uninitialized script struct members found including 3 object properties
[2022.10.25-16.27.44:389][  0]LogAutomationTest: Warning: ObjectProperty FWeaponVisualAssets::GunMesh is not initialized properly. Module:fpsgame File:WeaponActor.h
[2022.10.25-16.27.44:390][  0]LogAutomationTest: Warning: ObjectProperty FWeaponVisualAssets::TracerEffect is not initialized properly. Module:fpsgame File:WeaponActor.h
[2022.10.25-16.27.44:390][  0]LogAutomationTest: Warning: ObjectProperty FWeaponVisualAssets::MuzzleFlash is not initialized properly. Module:fpsgame File:WeaponActor.h
[2022.10.25-16.27.44:391][  0]LogEngine: Initializing Engine...
[2022.10.25-16.27.44:392][  0]LogStats: UGameplayTagsManager::InitializeManager -  0.000 s
[2022.10.25-16.27.44:404][  0]LogInit: Initializing FReadOnlyCVARCache
[2022.10.25-16.27.44:404][  0]LogNetVersion: Set ProjectVersion to 1.0.0.0. Version Checksum will be recalculated on next use.
[2022.10.25-16.27.44:407][  0]LogInit: Texture streaming: Disabled
[2022.10.25-16.27.44:432][  0]LogInit: Display: Game Engine Initialized.
[2022.10.25-16.27.44:432][  0]LogNiagaraEditor: GEditor isn't valid! Particle reset commands will not work for Niagara components!
[2022.10.25-16.27.44:457][  0]LogInit: Display: Starting Game.
[2022.10.25-16.27.44:458][  0]LogNet: Browse: /Game/Maps/TestMap?Name=Player
[2022.10.25-16.27.44:459][  0]LogLoad: LoadMap: /Game/Maps/TestMap?Name=Player
[2022.10.25-16.27.44:465][  0]LogWorld: BeginTearingDown for /Temp/Untitled_0
[2022.10.25-16.27.44:467][  0]LogWorld: UWorld::CleanupWorld for Untitled, bSessionEnded=true, bCleanupResources=true
[2022.10.25-16.27.44:476][  0]LogUObjectHash: Compacting FUObjectHashTables data took   0.76ms
[2022.10.25-16.27.44:571][  0]LogAIModule: Creating AISystem for world TestMap
[2022.10.25-16.27.44:781][  0]LogLoad: Game class is 'BP_FPSGameModeDefault_C'
[2022.10.25-16.27.44:781][  0]LogNet: PktLoss set to 0
[2022.10.25-16.27.44:782][  0]LogNet: PktLagMin set to 0
[2022.10.25-16.27.44:782][  0]LogNet: PktLagMax set to 0
[2022.10.25-16.27.44:782][  0]LogNet: PktIncomingLagMin set to 0
[2022.10.25-16.27.44:783][  0]LogNet: PktIncomingLagMax set to 0
[2022.10.25-16.27.44:783][  0]LogNet: PktIncomingLoss set to 0
[2022.10.25-16.27.44:784][  0]LogNet: PktLoss set to 0
[2022.10.25-16.27.44:784][  0]LogNet: PktLagMin set to 0
[2022.10.25-16.27.44:784][  0]LogNet: PktLagMax set to 0
[2022.10.25-16.27.44:785][  0]LogNet: PktIncomingLagMin set to 0
[2022.10.25-16.27.44:785][  0]LogNet: PktIncomingLagMax set to 0
[2022.10.25-16.27.44:786][  0]LogNet: PktIncomingLoss set to 0
[2022.10.25-16.27.44:787][  0]LogNet: PktLoss set to 0
[2022.10.25-16.27.44:787][  0]LogNet: PktLagMin set to 0
[2022.10.25-16.27.44:787][  0]LogNet: PktLagMax set to 0
[2022.10.25-16.27.44:788][  0]LogNet: PktIncomingLagMin set to 0
[2022.10.25-16.27.44:788][  0]LogNet: PktIncomingLagMax set to 0
[2022.10.25-16.27.44:788][  0]LogNet: PktIncomingLoss set to 0
[2022.10.25-16.27.44:789][  0]LogNet: ReplicationDriverClass is null! Not using ReplicationDriver.
[2022.10.25-16.27.44:789][  0]LogNetCore: DDoS detection status: detection enabled: 0 analytics enabled: 0
[2022.10.25-16.27.44:790][  0]LogInit: WinSock: Socket queue. Rx: 131072 (config 131072) Tx: 131072 (config 131072)
[2022.10.25-16.27.44:790][  0]LogNet: Created socket for bind address: 0.0.0.0 on port 17777
[2022.10.25-16.27.44:790][  0]PacketHandlerLog: Loaded PacketHandler component: Engine.EngineHandlerComponentFactory (StatelessConnectHandlerComponent)
[2022.10.25-16.27.44:791][  0]LogNet: GameNetDriver IpNetDriver_0 IpNetDriver listening on port 17777
[2022.10.25-16.27.44:792][  0]LogWorld: Bringing World /Game/Maps/TestMap.TestMap up for play (max tick rate 30) at 2022.10.25-17.27.44
[2022.10.25-16.27.44:792][  0]LogWorld: Bringing up level for play took: 0.001094
[2022.10.25-16.27.44:793][  0]LogGameMode: Display: Match State Changed from EnteringMap to WaitingToStart
[2022.10.25-16.27.44:793][  0]LogGameState: Match State Changed from EnteringMap to WaitingToStart
[2022.10.25-16.27.44:793][  0]LogLoad: Took 0.334730 seconds to LoadMap(/Game/Maps/TestMap)
[2022.10.25-16.27.44:798][  0]LogInit: Display: Engine is initialized. Leaving FEngineLoop::Init()
[2022.10.25-16.27.44:798][  0]LogLoad: (Engine Initialization) Total time: 4.69 seconds
[2022.10.25-16.27.44:798][  0]LogLoad: (Engine Initialization) Total Blueprint compile time: 0.00 seconds
[2022.10.25-16.27.45:033][  6]LogNet: NotifyAcceptingConnection accepted from: 127.0.0.1:65193
[2022.10.25-16.27.45:033][  6]LogHandshake: SendConnectChallenge. Timestamp: 0.232949, Cookie: 052108043206133014070197164192212178021178182064092195101053
[2022.10.25-16.27.45:067][  7]LogNet: NotifyAcceptingConnection accepted from: 127.0.0.1:65193
[2022.10.25-16.27.45:067][  7]LogHandshake: SendChallengeAck. InCookie: 052108043206133014070197164192212178021178182064092195101053
[2022.10.25-16.27.45:068][  7]LogNet: Server accepting post-challenge connection from: 127.0.0.1:65193
[2022.10.25-16.27.45:068][  7]PacketHandlerLog: Loaded PacketHandler component: Engine.EngineHandlerComponentFactory (StatelessConnectHandlerComponent)
[2022.10.25-16.27.45:068][  7]LogNet: NotifyAcceptedConnection: Name: TestMap, TimeStamp: 10/25/22 17:27:45, [UNetConnection] RemoteAddr: 127.0.0.1:65193, Name: IpConnection_0, Driver: GameNetDriver IpNetDriver_0, IsServer: YES, PC: NULL, Owner: NULL, UniqueId: INVALID
[2022.10.25-16.27.45:069][  7]LogNet: AddClientConnection: Added client connection: [UNetConnection] RemoteAddr: 127.0.0.1:65193, Name: IpConnection_0, Driver: GameNetDriver IpNetDriver_0, IsServer: YES, PC: NULL, Owner: NULL, UniqueId: INVALID
[2022.10.25-16.27.45:101][  8]LogNet: NotifyAcceptingChannel Control 0 server World /Game/Maps/TestMap.TestMap: Accepted
[2022.10.25-16.27.45:101][  8]LogNet: Remote platform little endian=1
[2022.10.25-16.27.45:101][  8]LogNet: This platform little endian=1
[2022.10.25-16.27.45:102][  8]LogNetVersion: fpsgame 1.0.0.0, NetCL: 17155196, EngineNetVer: 17, GameNetVer: 0 (Checksum: 1484303137)
[2022.10.25-16.27.45:135][  9]LogNet: Login request: ?PktLagMin=0?PktLagMax=0?PktLoss=0?PktIncomingLagMin=0?PktIncomingLagMax=0?PktIncomingLoss=0?Name=DESKTOP-QG36584-6117B043447671E67ADB0996718A4A4D userId: NULL:DESKTOP-QG36584-6117B043447671E67ADB0996718A4A4D platform: NULL
[2022.10.25-16.27.45:168][ 10]LogNet: Client netspeed is 100000
[2022.10.25-16.27.45:168][ 10]LogNet: Join request: /Engine/Maps/Entry?PktLagMin=0?PktLagMax=0?PktLoss=0?PktIncomingLagMin=0?PktIncomingLagMax=0?PktIncomingLoss=0?Name=DESKTOP-QG36584-6117B043447671E67ADB0996718A4A4D?SplitscreenCount=1
[2022.10.25-16.27.45:169][ 10]LogOnlineSession: Warning: OSS: No game present to join for session (GameSession)
[2022.10.25-16.27.45:170][ 10]LogGameMode: Display: Match State Changed from WaitingToStart to InProgress
[2022.10.25-16.27.45:171][ 10]LogTemp: Warning: Numebr of rewind components = 1
[2022.10.25-16.27.45:172][ 10]LogGameState: Match State Changed from WaitingToStart to InProgress
[2022.10.25-16.27.45:172][ 10]LogNet: Join succeeded: DESKTOP-QG36584-6117
[2022.10.25-16.27.45:465][ 19]LogNet: NotifyAcceptingConnection accepted from: 127.0.0.1:65196
[2022.10.25-16.27.45:465][ 19]LogHandshake: SendConnectChallenge. Timestamp: 0.665340, Cookie: 219042034048197155144117236021129195150119112237088165251178
[2022.10.25-16.27.45:498][ 20]LogNet: NotifyAcceptingConnection accepted from: 127.0.0.1:65196
[2022.10.25-16.27.45:498][ 20]LogHandshake: SendChallengeAck. InCookie: 219042034048197155144117236021129195150119112237088165251178
[2022.10.25-16.27.45:499][ 20]LogNet: Server accepting post-challenge connection from: 127.0.0.1:65196
[2022.10.25-16.27.45:499][ 20]PacketHandlerLog: Loaded PacketHandler component: Engine.EngineHandlerComponentFactory (StatelessConnectHandlerComponent)
[2022.10.25-16.27.45:499][ 20]LogNet: NotifyAcceptedConnection: Name: TestMap, TimeStamp: 10/25/22 17:27:45, [UNetConnection] RemoteAddr: 127.0.0.1:65196, Name: IpConnection_1, Driver: GameNetDriver IpNetDriver_0, IsServer: YES, PC: NULL, Owner: NULL, UniqueId: INVALID
[2022.10.25-16.27.45:500][ 20]LogNet: AddClientConnection: Added client connection: [UNetConnection] RemoteAddr: 127.0.0.1:65196, Name: IpConnection_1, Driver: GameNetDriver IpNetDriver_0, IsServer: YES, PC: NULL, Owner: NULL, UniqueId: INVALID
[2022.10.25-16.27.45:500][ 20]LogNet: NotifyAcceptingChannel Control 0 server World /Game/Maps/TestMap.TestMap: Accepted
[2022.10.25-16.27.45:500][ 20]LogNet: Remote platform little endian=1
[2022.10.25-16.27.45:501][ 20]LogNet: This platform little endian=1
[2022.10.25-16.27.45:532][ 21]LogNet: Login request: ?Name=DESKTOP-QG36584-A0E386084E77ED7A223AEBB34452B2A2 userId: NULL:DESKTOP-QG36584-A0E386084E77ED7A223AEBB34452B2A2 platform: NULL
[2022.10.25-16.27.45:830][ 30]LogNet: Client netspeed is 100000
[2022.10.25-16.27.45:830][ 30]LogNet: Join request: /Engine/Maps/Entry?Name=DESKTOP-QG36584-A0E386084E77ED7A223AEBB34452B2A2?SplitscreenCount=1
[2022.10.25-16.27.45:831][ 30]LogOnlineSession: Warning: OSS: No game present to join for session (GameSession)
[2022.10.25-16.27.45:832][ 30]LogTemp: Warning: Numebr of rewind components = 2
[2022.10.25-16.27.45:833][ 30]LogNet: Join succeeded: DESKTOP-QG36584-A0E3
[2022.10.25-16.27.47:318][ 75]LogTemp: Warning: Reliable pickup call
[2022.10.25-16.27.47:319][ 75]LogTemp: Warning: diarrhea
[2022.10.25-16.27.47:616][ 84]LogTemp: Warning: Secondary pickup reliable switch call
[2022.10.25-16.27.47:617][ 84]LogTemp: Warning: Equipping secondary
[2022.10.25-16.27.47:617][ 84]LogTemp: Warning: No longer bursting
[2022.10.25-16.27.47:618][ 84]LogTemp: Warning: TP attach
[2022.10.25-16.27.58:840][423]LogNetPackageMap: Warning: UPackageMapClient::InternalLoadObject: Unable to resolve default guid from client: PathName: FPSProjectile_4, ObjOuter: /Game/Maps/TestMap.TestMap:PersistentLevel 
