Log file open, 07/07/22 18:24:47
LogWindows: Failed to load 'aqProf.dll' (GetLastError=126)
LogWindows: File 'aqProf.dll' does not exist
LogWindows: Failed to load 'VtuneApi.dll' (GetLastError=126)
LogWindows: File 'VtuneApi.dll' does not exist
LogWindows: Failed to load 'VtuneApi32e.dll' (GetLastError=126)
LogWindows: File 'VtuneApi32e.dll' does not exist
LogConsoleResponse: Display: Failed to find resolution value strings in scalability ini. Falling back to default.
LogConsoleResponse: Display: Failed to find resolution value strings in scalability ini. Falling back to default.
LogInit: Display: Running engine for game: fpsgame
LogPlatformFile: Not using cached read wrapper
LogTaskGraph: Started task graph with 5 named threads and 17 total threads with 3 sets of task threads.
LogStats: Stats thread started at 0.215345
LogICUInternationalization: ICU TimeZone Detection - Raw Offset: +0:00, Platform Override: ''
LogInit: Display: Loading text-based GConfig....
LogPluginManager: Mounting plugin MeshPainting
LogPluginManager: Mounting plugin XGEController
LogPluginManager: Mounting plugin Paper2D
LogPluginManager: Mounting plugin AISupport
LogPluginManager: Mounting plugin EnvironmentQueryEditor
LogPluginManager: Mounting plugin LiveLink
LogPluginManager: Mounting plugin LightPropagationVolume
LogPluginManager: Mounting plugin CameraShakePreviewer
LogPluginManager: Mounting plugin GameplayCameras
LogPluginManager: Mounting plugin OodleData
LogPluginManager: Mounting plugin OodleNetwork
LogPluginManager: Mounting plugin AnimationSharing
LogPluginManager: Mounting plugin CLionSourceCodeAccess
LogPluginManager: Mounting plugin CodeLiteSourceCodeAccess
LogPluginManager: Mounting plugin GitSourceControl
LogPluginManager: Mounting plugin KDevelopSourceCodeAccess
LogPluginManager: Mounting plugin NullSourceCodeAccess
LogPluginManager: Mounting plugin PerforceSourceControl
LogPluginManager: Mounting plugin PixWinPlugin
LogPluginManager: Mounting plugin PlasticSourceControl
LogPluginManager: Mounting plugin PluginUtils
LogPluginManager: Mounting plugin PropertyAccessNode
LogPluginManager: Mounting plugin RiderSourceCodeAccess
LogPluginManager: Mounting plugin SubversionSourceControl
LogPluginManager: Mounting plugin TextureFormatOodle
LogPluginManager: Mounting plugin UObjectPlugin
LogPluginManager: Mounting plugin VisualStudioCodeSourceCodeAccess
LogPluginManager: Mounting plugin VisualStudioSourceCodeAccess
LogPluginManager: Mounting plugin XCodeSourceCodeAccess
LogPluginManager: Mounting plugin AssetManagerEditor
LogPluginManager: Mounting plugin CryptoKeys
LogPluginManager: Mounting plugin CurveEditorTools
LogPluginManager: Mounting plugin DataValidation
LogPluginManager: Mounting plugin FacialAnimation
LogPluginManager: Mounting plugin GameplayTagsEditor
LogPluginManager: Mounting plugin GeometryMode
LogPluginManager: Mounting plugin MacGraphicsSwitching
LogPluginManager: Mounting plugin MaterialAnalyzer
LogPluginManager: Mounting plugin MobileLauncherProfileWizard
LogPluginManager: Mounting plugin PluginBrowser
LogPluginManager: Mounting plugin SpeedTreeImporter
LogPluginManager: Mounting plugin DatasmithContent
LogPluginManager: Mounting plugin VariantManagerContent
LogPluginManager: Mounting plugin AlembicImporter
LogPluginManager: Mounting plugin AutomationUtils
LogPluginManager: Mounting plugin BackChannel
LogPluginManager: Mounting plugin ChaosCloth
LogPluginManager: Mounting plugin ChaosClothEditor
LogPluginManager: Mounting plugin ChaosEditor
LogPluginManager: Mounting plugin ChaosNiagara
LogPluginManager: Mounting plugin ChaosSolverPlugin
LogPluginManager: Mounting plugin CharacterAI
LogPluginManager: Mounting plugin GeometryCache
LogPluginManager: Mounting plugin GeometryCollectionPlugin
LogPluginManager: Mounting plugin GeometryProcessing
LogPluginManager: Mounting plugin MotoSynth
LogPluginManager: Mounting plugin OpenImageDenoise
LogPluginManager: Mounting plugin PlanarCut
LogPluginManager: Mounting plugin PlatformCrypto
LogPluginManager: Mounting plugin ProxyLODPlugin
LogPluginManager: Mounting plugin PythonScriptPlugin
LogPluginManager: Mounting plugin SkeletalReduction
LogPluginManager: Mounting plugin Niagara
LogPluginManager: Mounting plugin LuminPlatformFeatures
LogPluginManager: Mounting plugin MagicLeap
LogPluginManager: Mounting plugin MagicLeapLightEstimation
LogPluginManager: Mounting plugin MagicLeapMedia
LogPluginManager: Mounting plugin MagicLeapPassableWorld
LogPluginManager: Mounting plugin MLSDK
LogPluginManager: Mounting plugin AndroidMedia
LogPluginManager: Mounting plugin AvfMedia
LogPluginManager: Mounting plugin ImgMedia
LogPluginManager: Mounting plugin MediaCompositing
LogPluginManager: Mounting plugin MediaPlayerEditor
LogPluginManager: Mounting plugin WebMMedia
LogPluginManager: Mounting plugin WmfMedia
LogPluginManager: Mounting plugin TcpMessaging
LogPluginManager: Mounting plugin UdpMessaging
LogPluginManager: Mounting plugin ActorSequence
LogPluginManager: Mounting plugin LevelSequenceEditor
LogPluginManager: Mounting plugin MatineeToLevelSequence
LogPluginManager: Mounting plugin TemplateSequence
LogPluginManager: Mounting plugin OnlineSubsystem
LogPluginManager: Mounting plugin OnlineSubsystemNull
LogPluginManager: Mounting plugin OnlineSubsystemUtils
LogPluginManager: Mounting plugin LauncherChunkInstaller
LogPluginManager: Mounting plugin ActorLayerUtilities
LogPluginManager: Mounting plugin AndroidDeviceProfileSelector
LogPluginManager: Mounting plugin AndroidMoviePlayer
LogPluginManager: Mounting plugin AndroidPermission
LogPluginManager: Mounting plugin AppleImageUtils
LogPluginManager: Mounting plugin AppleMoviePlayer
LogPluginManager: Mounting plugin ArchVisCharacter
LogPluginManager: Mounting plugin AssetTags
LogPluginManager: Mounting plugin AudioCapture
LogPluginManager: Mounting plugin AudioSynesthesia
LogPluginManager: Mounting plugin CableComponent
LogPluginManager: Mounting plugin ChunkDownloader
LogPluginManager: Mounting plugin CustomMeshComponent
LogPluginManager: Mounting plugin EditableMesh
LogPluginManager: Mounting plugin ExampleDeviceProfileSelector
LogPluginManager: Mounting plugin GoogleCloudMessaging
LogPluginManager: Mounting plugin GooglePAD
LogPluginManager: Mounting plugin IOSDeviceProfileSelector
LogPluginManager: Mounting plugin LinuxDeviceProfileSelector
LogPluginManager: Mounting plugin LocationServicesBPLibrary
LogPluginManager: Mounting plugin MobilePatchingUtils
LogPluginManager: Mounting plugin OpenXR
LogPluginManager: Mounting plugin OpenXREyeTracker
LogPluginManager: Mounting plugin OpenXRHandTracking
LogPluginManager: Mounting plugin PhysXVehicles
LogPluginManager: Mounting plugin PostSplashScreen
LogPluginManager: Mounting plugin ProceduralMeshComponent
LogPluginManager: Mounting plugin PropertyAccessEditor
LogPluginManager: Mounting plugin RuntimePhysXCooking
LogPluginManager: Mounting plugin SignificanceManager
LogPluginManager: Mounting plugin SoundFields
LogPluginManager: Mounting plugin Synthesis
LogPluginManager: Mounting plugin WebMMoviePlayer
LogPluginManager: Mounting plugin WindowsMoviePlayer
LogPluginManager: Mounting plugin ScreenshotTools
LogPluginManager: Mounting plugin Takes
LogPluginManager: Mounting plugin ContentBrowserAssetDataSource
LogPluginManager: Mounting plugin ContentBrowserClassDataSource
LogPluginManager: Mounting plugin ContentBrowserFileDataSource
LogPluginManager: Mounting plugin OnlineSubsystemGooglePlay
LogPluginManager: Mounting plugin OnlineSubsystemIOS
LogPluginManager: Mounting plugin OculusVR
LogPluginManager: Mounting plugin SteamVR
PixWinPlugin: PIX capture plugin failed to initialize! Check that the process is launched from PIX.
LogInit: Using libcurl 7.55.1-DEV
LogInit:  - built for x86_64-pc-win32
LogInit:  - supports SSL with OpenSSL/1.1.1
LogInit:  - supports HTTP deflate (compression) using libz 1.2.8
LogInit:  - other features:
LogInit:      CURL_VERSION_SSL
LogInit:      CURL_VERSION_LIBZ
LogInit:      CURL_VERSION_IPV6
LogInit:      CURL_VERSION_ASYNCHDNS
LogInit:      CURL_VERSION_LARGEFILE
LogInit:      CURL_VERSION_IDN
LogInit:  CurlRequestOptions (configurable via config and command line):
LogInit:  - bVerifyPeer = true  - Libcurl will verify peer certificate
LogInit:  - bUseHttpProxy = false  - Libcurl will NOT use HTTP proxy
LogInit:  - bDontReuseConnections = false  - Libcurl will reuse connections
LogInit:  - MaxHostConnections = 16  - Libcurl will limit the number of connections to a host
LogInit:  - LocalHostAddr = Default
LogInit:  - BufferSize = 65536
LogOnline: OSS: Creating online subsystem instance for: NULL
LogInit: WinSock: version 1.1 (2.2), MaxSocks=32767, MaxUdp=65467
LogOnline: OSS: TryLoadSubsystemAndSetDefault: Loaded subsystem for module [NULL]
LogInit: Build: ++UE4+Release-4.27-CL-18319896
LogInit: Engine Version: 4.27.2-18319896+++UE4+Release-4.27
LogInit: Compatible Engine Version: 4.27.0-17155196+++UE4+Release-4.27
LogInit: Net CL: 17155196
LogInit: OS: Windows 10 (Release 2009) (), CPU: AMD Ryzen 5 3600X 6-Core Processor             , GPU: AMD Radeon RX 5700 XT
LogInit: Compiled (64-bit): Nov 30 2021 07:12:08
LogInit: Compiled with Visual C++: 19.24.28315.00
LogInit: Build Configuration: Development
LogInit: Branch Name: ++UE4+Release-4.27
LogInit: Command Line:  /Game/Maps/TestMap -game -PIEVIACONSOLE -Multiprocess -server -log "GameUserSettingsINI=C:/Users/danie/Documents/Gamedev VR/game/UE4 game/fpsgame/Saved/Config/Windows/PIEGameUserSettings0.ini" -MultiprocessSaveConfig -forcepassthrough -messaging -SessionName="Play in Standalone Game" -port=17777 -windowed
LogInit: Base Directory: C:/Program Files/Epic Games/UE_4.27/Engine/Binaries/Win64/
LogInit: Allocator: TBB
LogInit: Installed Engine Build: 1
LogDevObjectVersion: Number of dev versions registered: 29
LogDevObjectVersion:   Dev-Blueprints (B0D832E4-1F89-4F0D-ACCF-7EB736FD4AA2): 10
LogDevObjectVersion:   Dev-Build (E1C64328-A22C-4D53-A36C-8E866417BD8C): 0
LogDevObjectVersion:   Dev-Core (375EC13C-06E4-48FB-B500-84F0262A717E): 4
LogDevObjectVersion:   Dev-Editor (E4B068ED-F494-42E9-A231-DA0B2E46BB41): 40
LogDevObjectVersion:   Dev-Framework (CFFC743F-43B0-4480-9391-14DF171D2073): 37
LogDevObjectVersion:   Dev-Mobile (B02B49B5-BB20-44E9-A304-32B752E40360): 3
LogDevObjectVersion:   Dev-Networking (A4E4105C-59A1-49B5-A7C5-40C4547EDFEE): 0
LogDevObjectVersion:   Dev-Online (39C831C9-5AE6-47DC-9A44-9C173E1C8E7C): 0
LogDevObjectVersion:   Dev-Physics (78F01B33-EBEA-4F98-B9B4-84EACCB95AA2): 14
LogDevObjectVersion:   Dev-Platform (6631380F-2D4D-43E0-8009-CF276956A95A): 0
LogDevObjectVersion:   Dev-Rendering (12F88B9F-8875-4AFC-A67C-D90C383ABD29): 45
LogDevObjectVersion:   Dev-Sequencer (7B5AE74C-D270-4C10-A958-57980B212A5A): 13
LogDevObjectVersion:   Dev-VR (D7296918-1DD6-4BDD-9DE2-64A83CC13884): 3
LogDevObjectVersion:   Dev-LoadTimes (C2A15278-BFE7-4AFE-6C17-90FF531DF755): 1
LogDevObjectVersion:   Private-Geometry (6EACA3D4-40EC-4CC1-B786-8BED09428FC5): 3
LogDevObjectVersion:   Dev-AnimPhys (29E575DD-E0A3-4627-9D10-D276232CDCEA): 17
LogDevObjectVersion:   Dev-Anim (AF43A65D-7FD3-4947-9873-3E8ED9C1BB05): 15
LogDevObjectVersion:   Dev-ReflectionCapture (6B266CEC-1EC7-4B8F-A30B-E4D90942FC07): 1
LogDevObjectVersion:   Dev-Automation (0DF73D61-A23F-47EA-B727-89E90C41499A): 1
LogDevObjectVersion:   FortniteMain (601D1886-AC64-4F84-AA16-D3DE0DEAC7D6): 47
LogDevObjectVersion:   FortniteRelease (E7086368-6B23-4C58-8439-1B7016265E91): 1
LogDevObjectVersion:   Dev-Enterprise (9DFFBCD6-494F-0158-E221-12823C92A888): 10
LogDevObjectVersion:   Dev-Niagara (F2AED0AC-9AFE-416F-8664-AA7FFA26D6FC): 1
LogDevObjectVersion:   Dev-Destruction (174F1F0B-B4C6-45A5-B13F-2EE8D0FB917D): 10
LogDevObjectVersion:   Dev-Physics-Ext (35F94A83-E258-406C-A318-09F59610247C): 41
LogDevObjectVersion:   Dev-PhysicsMaterial-Chaos (B68FC16E-8B1B-42E2-B453-215C058844FE): 1
LogDevObjectVersion:   Dev-CineCamera (B2E18506-4273-CFC2-A54E-F4BB758BBA07): 1
LogDevObjectVersion:   Dev-VirtualProduction (64F58936-FD1B-42BA-BA96-7289D5D0FA4E): 1
LogDevObjectVersion:   Dev-MediaFramework (6F0ED827-A609-4895-9C91-998D90180EA4): 2
LogInit: Presizing for max 25165824 objects, including 0 objects not considered by GC, pre-allocating 0 bytes for permanent pool.
LogConfig: Applying CVar settings from Section [/Script/Engine.StreamingSettings] File [C:/Users/danie/Documents/Gamedev VR/game/UE4 game/fpsgame/Saved/Config/Windows/Engine.ini]
LogConfig: Setting CVar [[s.MinBulkDataSizeForAsyncLoading:131072]]
LogConfig: Setting CVar [[s.AsyncLoadingThreadEnabled:0]]
LogConfig: Setting CVar [[s.EventDrivenLoaderEnabled:1]]
LogConfig: Setting CVar [[s.WarnIfTimeLimitExceeded:0]]
LogConfig: Setting CVar [[s.TimeLimitExceededMultiplier:1.5]]
LogConfig: Setting CVar [[s.TimeLimitExceededMinTime:0.005]]
LogConfig: Setting CVar [[s.UseBackgroundLevelStreaming:1]]
LogConfig: Setting CVar [[s.PriorityAsyncLoadingExtraTime:15.0]]
LogConfig: Setting CVar [[s.LevelStreamingActorsUpdateTimeLimit:5.0]]
LogConfig: Setting CVar [[s.PriorityLevelStreamingActorsUpdateExtraTime:5.0]]
LogConfig: Setting CVar [[s.LevelStreamingComponentsRegistrationGranularity:10]]
LogConfig: Setting CVar [[s.UnregisterComponentsTimeLimit:1.0]]
LogConfig: Setting CVar [[s.LevelStreamingComponentsUnregistrationGranularity:5]]
LogConfig: Setting CVar [[s.FlushStreamingOnExit:1]]
LogInit: Object subsystem initialized
LogConfig: Setting CVar [[con.DebugEarlyDefault:1]]
LogConfig: Setting CVar [[r.setres:1280x720]]
[2022.07.07-17.24.48:195][  0]LogConfig: Setting CVar [[con.DebugEarlyDefault:1]]
[2022.07.07-17.24.48:195][  0]LogConfig: Setting CVar [[r.setres:1280x720]]
[2022.07.07-17.24.48:195][  0]LogConfig: Applying CVar settings from Section [/Script/Engine.RendererSettings] File [C:/Users/danie/Documents/Gamedev VR/game/UE4 game/fpsgame/Saved/Config/Windows/Engine.ini]
[2022.07.07-17.24.48:196][  0]LogConfig: Setting CVar [[r.GPUCrashDebugging:0]]
[2022.07.07-17.24.48:196][  0]LogConfig: Setting CVar [[r.Mobile.DisableVertexFog:1]]
[2022.07.07-17.24.48:196][  0]LogConfig: Setting CVar [[r.Shadow.CSM.MaxMobileCascades:2]]
[2022.07.07-17.24.48:196][  0]LogConfig: Setting CVar [[r.MobileMSAA:1]]
[2022.07.07-17.24.48:197][  0]LogConfig: Setting CVar [[r.Mobile.AllowDitheredLODTransition:0]]
[2022.07.07-17.24.48:199][  0]LogConfig: Setting CVar [[r.Mobile.AllowSoftwareOcclusion:0]]
[2022.07.07-17.24.48:199][  0]LogConfig: Setting CVar [[r.Mobile.VirtualTextures:0]]
[2022.07.07-17.24.48:200][  0]LogConfig: Setting CVar [[r.DiscardUnusedQuality:0]]
[2022.07.07-17.24.48:200][  0]LogConfig: Setting CVar [[r.AllowOcclusionQueries:1]]
[2022.07.07-17.24.48:200][  0]LogConfig: Setting CVar [[r.MinScreenRadiusForLights:0.030000]]
[2022.07.07-17.24.48:200][  0]LogConfig: Setting CVar [[r.MinScreenRadiusForDepthPrepass:0.030000]]
[2022.07.07-17.24.48:201][  0]LogConfig: Setting CVar [[r.MinScreenRadiusForCSMDepth:0.010000]]
[2022.07.07-17.24.48:201][  0]LogConfig: Setting CVar [[r.PrecomputedVisibilityWarning:0]]
[2022.07.07-17.24.48:201][  0]LogConfig: Setting CVar [[r.TextureStreaming:1]]
[2022.07.07-17.24.48:201][  0]LogConfig: Setting CVar [[Compat.UseDXT5NormalMaps:0]]
[2022.07.07-17.24.48:202][  0]LogConfig: Setting CVar [[r.VirtualTextures:0]]
[2022.07.07-17.24.48:202][  0]LogConfig: Setting CVar [[r.VT.EnableAutoImport:1]]
[2022.07.07-17.24.48:202][  0]LogConfig: Setting CVar [[r.VirtualTexturedLightmaps:0]]
[2022.07.07-17.24.48:202][  0]LogConfig: Setting CVar [[r.VT.TileSize:128]]
[2022.07.07-17.24.48:203][  0]LogConfig: Setting CVar [[r.VT.TileBorderSize:4]]
[2022.07.07-17.24.48:203][  0]LogConfig: Setting CVar [[r.vt.FeedbackFactor:16]]
[2022.07.07-17.24.48:203][  0]LogConfig: Setting CVar [[r.VT.EnableCompressZlib:1]]
[2022.07.07-17.24.48:203][  0]LogConfig: Setting CVar [[r.VT.EnableCompressCrunch:0]]
[2022.07.07-17.24.48:204][  0]LogConfig: Setting CVar [[r.ClearCoatNormal:0]]
[2022.07.07-17.24.48:204][  0]LogConfig: Setting CVar [[r.ReflectionCaptureResolution:128]]
[2022.07.07-17.24.48:204][  0]LogConfig: Setting CVar [[r.Mobile.ReflectionCaptureCompression:0]]
[2022.07.07-17.24.48:204][  0]LogConfig: Setting CVar [[r.ReflectionEnvironmentLightmapMixBasedOnRoughness:1]]
[2022.07.07-17.24.48:205][  0]LogConfig: Setting CVar [[r.ForwardShading:0]]
[2022.07.07-17.24.48:205][  0]LogConfig: Setting CVar [[r.VertexFoggingForOpaque:1]]
[2022.07.07-17.24.48:205][  0]LogConfig: Setting CVar [[r.AllowStaticLighting:1]]
[2022.07.07-17.24.48:205][  0]LogConfig: Setting CVar [[r.NormalMapsForStaticLighting:0]]
[2022.07.07-17.24.48:206][  0]LogConfig: Setting CVar [[r.GenerateMeshDistanceFields:0]]
[2022.07.07-17.24.48:206][  0]LogConfig: Setting CVar [[r.DistanceFieldBuild.EightBit:0]]
[2022.07.07-17.24.48:206][  0]LogConfig: Setting CVar [[r.GenerateLandscapeGIData:0]]
[2022.07.07-17.24.48:206][  0]LogConfig: Setting CVar [[r.DistanceFieldBuild.Compress:0]]
[2022.07.07-17.24.48:207][  0]LogConfig: Setting CVar [[r.TessellationAdaptivePixelsPerTriangle:48.000000]]
[2022.07.07-17.24.48:207][  0]LogConfig: Setting CVar [[r.SeparateTranslucency:1]]
[2022.07.07-17.24.48:207][  0]LogConfig: Setting CVar [[r.TranslucentSortPolicy:0]]
[2022.07.07-17.24.48:207][  0]LogConfig: Setting CVar [[vr.VRS.HMDFixedFoveationLevel:0]]
[2022.07.07-17.24.48:208][  0]LogConfig: Setting CVar [[r.CustomDepth:1]]
[2022.07.07-17.24.48:208][  0]LogConfig: Setting CVar [[r.CustomDepthTemporalAAJitter:1]]
[2022.07.07-17.24.48:208][  0]LogConfig: Setting CVar [[r.PostProcessing.PropagateAlpha:0]]
[2022.07.07-17.24.48:209][  0]LogConfig: Setting CVar [[r.DefaultFeature.Bloom:1]]
[2022.07.07-17.24.48:209][  0]LogConfig: Setting CVar [[r.DefaultFeature.AmbientOcclusion:1]]
[2022.07.07-17.24.48:209][  0]LogConfig: Setting CVar [[r.DefaultFeature.AmbientOcclusionStaticFraction:1]]
[2022.07.07-17.24.48:209][  0]LogConfig: Setting CVar [[r.DefaultFeature.AutoExposure:0]]
[2022.07.07-17.24.48:210][  0]LogConfig: Setting CVar [[r.DefaultFeature.AutoExposure.Method:0]]
[2022.07.07-17.24.48:210][  0]LogConfig: Setting CVar [[r.DefaultFeature.AutoExposure.Bias:1.000000]]
[2022.07.07-17.24.48:210][  0]LogConfig: Setting CVar [[r.DefaultFeature.AutoExposure.ExtendDefaultLuminanceRange:0]]
[2022.07.07-17.24.48:210][  0]LogConfig: Setting CVar [[r.UsePreExposure:1]]
[2022.07.07-17.24.48:211][  0]LogConfig: Setting CVar [[r.EyeAdaptation.EditorOnly:0]]
[2022.07.07-17.24.48:211][  0]LogConfig: Setting CVar [[r.DefaultFeature.MotionBlur:0]]
[2022.07.07-17.24.48:211][  0]LogConfig: Setting CVar [[r.DefaultFeature.LensFlare:0]]
[2022.07.07-17.24.48:211][  0]LogConfig: Setting CVar [[r.TemporalAA.Upsampling:0]]
[2022.07.07-17.24.48:212][  0]LogConfig: Setting CVar [[r.SSGI.Enable:0]]
[2022.07.07-17.24.48:212][  0]LogConfig: Setting CVar [[r.DefaultFeature.AntiAliasing:0]]
[2022.07.07-17.24.48:212][  0]LogConfig: Setting CVar [[r.DefaultFeature.LightUnits:1]]
[2022.07.07-17.24.48:212][  0]LogConfig: Setting CVar [[r.DefaultBackBufferPixelFormat:4]]
[2022.07.07-17.24.48:213][  0]LogConfig: Setting CVar [[r.Shadow.UnbuiltPreviewInGame:1]]
[2022.07.07-17.24.48:215][  0]LogConfig: Setting CVar [[r.StencilForLODDither:0]]
[2022.07.07-17.24.48:215][  0]LogConfig: Setting CVar [[r.EarlyZPass:3]]
[2022.07.07-17.24.48:216][  0]LogConfig: Setting CVar [[r.EarlyZPassOnlyMaterialMasking:0]]
[2022.07.07-17.24.48:216][  0]LogConfig: Setting CVar [[r.DBuffer:1]]
[2022.07.07-17.24.48:216][  0]LogConfig: Setting CVar [[r.ClearSceneMethod:1]]
[2022.07.07-17.24.48:216][  0]LogConfig: Setting CVar [[r.BasePassOutputsVelocity:0]]
[2022.07.07-17.24.48:216][  0]LogConfig: Setting CVar [[r.VertexDeformationOutputsVelocity:0]]
[2022.07.07-17.24.48:217][  0]LogConfig: Setting CVar [[r.SelectiveBasePassOutputs:0]]
[2022.07.07-17.24.48:217][  0]LogConfig: Setting CVar [[fx.GPUSimulationTextureSizeX:1024]]
[2022.07.07-17.24.48:217][  0]LogConfig: Setting CVar [[fx.GPUSimulationTextureSizeY:1024]]
[2022.07.07-17.24.48:217][  0]LogConfig: Setting CVar [[r.AllowGlobalClipPlane:0]]
[2022.07.07-17.24.48:218][  0]LogConfig: Setting CVar [[r.GBufferFormat:1]]
[2022.07.07-17.24.48:218][  0]LogConfig: Setting CVar [[r.MorphTarget.Mode:1]]
[2022.07.07-17.24.48:218][  0]LogConfig: Setting CVar [[vr.InstancedStereo:0]]
[2022.07.07-17.24.48:219][  0]LogConfig: Setting CVar [[r.MobileHDR:1]]
[2022.07.07-17.24.48:219][  0]LogConfig: Setting CVar [[vr.MobileMultiView:0]]
[2022.07.07-17.24.48:219][  0]LogConfig: Setting CVar [[r.Mobile.UseHWsRGBEncoding:0]]
[2022.07.07-17.24.48:219][  0]LogConfig: Setting CVar [[vr.RoundRobinOcclusion:0]]
[2022.07.07-17.24.48:219][  0]LogConfig: Setting CVar [[vr.ODSCapture:0]]
[2022.07.07-17.24.48:220][  0]LogConfig: Setting CVar [[r.MeshStreaming:0]]
[2022.07.07-17.24.48:220][  0]LogConfig: Setting CVar [[r.WireframeCullThreshold:5.000000]]
[2022.07.07-17.24.48:220][  0]LogConfig: Setting CVar [[r.RayTracing:0]]
[2022.07.07-17.24.48:220][  0]LogConfig: Setting CVar [[r.RayTracing.UseTextureLod:0]]
[2022.07.07-17.24.48:221][  0]LogConfig: Setting CVar [[r.SupportStationarySkylight:1]]
[2022.07.07-17.24.48:221][  0]LogConfig: Setting CVar [[r.SupportLowQualityLightmaps:1]]
[2022.07.07-17.24.48:221][  0]LogConfig: Setting CVar [[r.SupportPointLightWholeSceneShadows:1]]
[2022.07.07-17.24.48:221][  0]LogConfig: Setting CVar [[r.SupportAtmosphericFog:1]]
[2022.07.07-17.24.48:222][  0]LogConfig: Setting CVar [[r.SupportSkyAtmosphere:1]]
[2022.07.07-17.24.48:222][  0]LogConfig: Setting CVar [[r.SupportSkyAtmosphereAffectsHeightFog:0]]
[2022.07.07-17.24.48:222][  0]LogConfig: Setting CVar [[r.SkinCache.CompileShaders:0]]
[2022.07.07-17.24.48:222][  0]LogConfig: Setting CVar [[r.SkinCache.DefaultBehavior:1]]
[2022.07.07-17.24.48:223][  0]LogConfig: Setting CVar [[r.SkinCache.SceneMemoryLimitInMB:128.000000]]
[2022.07.07-17.24.48:223][  0]LogConfig: Setting CVar [[r.Mobile.EnableStaticAndCSMShadowReceivers:1]]
[2022.07.07-17.24.48:223][  0]LogConfig: Setting CVar [[r.Mobile.EnableMovableLightCSMShaderCulling:1]]
[2022.07.07-17.24.48:224][  0]LogConfig: Setting CVar [[r.Mobile.AllowDistanceFieldShadows:1]]
[2022.07.07-17.24.48:224][  0]LogConfig: Setting CVar [[r.Mobile.AllowMovableDirectionalLights:1]]
[2022.07.07-17.24.48:224][  0]LogConfig: Setting CVar [[r.MobileNumDynamicPointLights:4]]
[2022.07.07-17.24.48:224][  0]LogConfig: Setting CVar [[r.MobileDynamicPointLightsUseStaticBranch:1]]
[2022.07.07-17.24.48:225][  0]LogConfig: Setting CVar [[r.Mobile.EnableMovableSpotlights:0]]
[2022.07.07-17.24.48:225][  0]LogConfig: Setting CVar [[r.Mobile.EnableMovableSpotlightsShadow:0]]
[2022.07.07-17.24.48:225][  0]LogConfig: Setting CVar [[r.GPUSkin.Support16BitBoneIndex:0]]
[2022.07.07-17.24.48:225][  0]LogConfig: Setting CVar [[r.GPUSkin.Limit2BoneInfluences:0]]
[2022.07.07-17.24.48:226][  0]LogConfig: Setting CVar [[r.SupportDepthOnlyIndexBuffers:1]]
[2022.07.07-17.24.48:226][  0]LogConfig: Setting CVar [[r.SupportReversedIndexBuffers:1]]
[2022.07.07-17.24.48:226][  0]LogConfig: Setting CVar [[r.LightPropagationVolume:0]]
[2022.07.07-17.24.48:227][  0]LogConfig: Setting CVar [[r.Mobile.AmbientOcclusion:0]]
[2022.07.07-17.24.48:227][  0]LogConfig: Setting CVar [[r.GPUSkin.UnlimitedBoneInfluences:0]]
[2022.07.07-17.24.48:227][  0]LogConfig: Setting CVar [[r.GPUSkin.UnlimitedBoneInfluencesThreshold:8]]
[2022.07.07-17.24.48:227][  0]LogConfig: Setting CVar [[r.Mobile.PlanarReflectionMode:0]]
[2022.07.07-17.24.48:228][  0]LogConfig: Setting CVar [[r.Mobile.SupportsGen4TAA:0]]
[2022.07.07-17.24.48:228][  0]LogConfig: Applying CVar settings from Section [/Script/Engine.RendererOverrideSettings] File [C:/Users/danie/Documents/Gamedev VR/game/UE4 game/fpsgame/Saved/Config/Windows/Engine.ini]
[2022.07.07-17.24.48:228][  0]LogConfig: Applying CVar settings from Section [/Script/Engine.StreamingSettings] File [C:/Users/danie/Documents/Gamedev VR/game/UE4 game/fpsgame/Saved/Config/Windows/Engine.ini]
[2022.07.07-17.24.48:228][  0]LogConfig: Setting CVar [[s.MinBulkDataSizeForAsyncLoading:131072]]
[2022.07.07-17.24.48:229][  0]LogConfig: Setting CVar [[s.AsyncLoadingThreadEnabled:0]]
[2022.07.07-17.24.48:231][  0]LogConfig: Setting CVar [[s.EventDrivenLoaderEnabled:1]]
[2022.07.07-17.24.48:231][  0]LogConfig: Setting CVar [[s.WarnIfTimeLimitExceeded:0]]
[2022.07.07-17.24.48:231][  0]LogConfig: Setting CVar [[s.TimeLimitExceededMultiplier:1.5]]
[2022.07.07-17.24.48:232][  0]LogConfig: Setting CVar [[s.TimeLimitExceededMinTime:0.005]]
[2022.07.07-17.24.48:232][  0]LogConfig: Setting CVar [[s.UseBackgroundLevelStreaming:1]]
[2022.07.07-17.24.48:232][  0]LogConfig: Setting CVar [[s.PriorityAsyncLoadingExtraTime:15.0]]
[2022.07.07-17.24.48:232][  0]LogConfig: Setting CVar [[s.LevelStreamingActorsUpdateTimeLimit:5.0]]
[2022.07.07-17.24.48:233][  0]LogConfig: Setting CVar [[s.PriorityLevelStreamingActorsUpdateExtraTime:5.0]]
[2022.07.07-17.24.48:233][  0]LogConfig: Setting CVar [[s.LevelStreamingComponentsRegistrationGranularity:10]]
[2022.07.07-17.24.48:233][  0]LogConfig: Setting CVar [[s.UnregisterComponentsTimeLimit:1.0]]
[2022.07.07-17.24.48:233][  0]LogConfig: Setting CVar [[s.LevelStreamingComponentsUnregistrationGranularity:5]]
[2022.07.07-17.24.48:234][  0]LogConfig: Setting CVar [[s.FlushStreamingOnExit:1]]
[2022.07.07-17.24.48:234][  0]LogConfig: Applying CVar settings from Section [/Script/Engine.GarbageCollectionSettings] File [C:/Users/danie/Documents/Gamedev VR/game/UE4 game/fpsgame/Saved/Config/Windows/Engine.ini]
[2022.07.07-17.24.48:234][  0]LogConfig: Setting CVar [[gc.MaxObjectsNotConsideredByGC:1]]
[2022.07.07-17.24.48:235][  0]LogConfig: Setting CVar [[gc.SizeOfPermanentObjectPool:0]]
[2022.07.07-17.24.48:235][  0]LogConfig: Setting CVar [[gc.FlushStreamingOnGC:0]]
[2022.07.07-17.24.48:235][  0]LogConfig: Setting CVar [[gc.NumRetriesBeforeForcingGC:10]]
[2022.07.07-17.24.48:235][  0]LogConfig: Setting CVar [[gc.AllowParallelGC:1]]
[2022.07.07-17.24.48:236][  0]LogConfig: Setting CVar [[gc.TimeBetweenPurgingPendingKillObjects:61.1]]
[2022.07.07-17.24.48:236][  0]LogConfig: Setting CVar [[gc.MaxObjectsInEditor:25165824]]
[2022.07.07-17.24.48:236][  0]LogConfig: Setting CVar [[gc.IncrementalBeginDestroyEnabled:1]]
[2022.07.07-17.24.48:236][  0]LogConfig: Setting CVar [[gc.CreateGCClusters:1]]
[2022.07.07-17.24.48:236][  0]LogConfig: Setting CVar [[gc.MinGCClusterSize:5]]
[2022.07.07-17.24.48:237][  0]LogConfig: Setting CVar [[gc.ActorClusteringEnabled:0]]
[2022.07.07-17.24.48:237][  0]LogConfig: Setting CVar [[gc.BlueprintClusteringEnabled:0]]
[2022.07.07-17.24.48:237][  0]LogConfig: Setting CVar [[gc.UseDisregardForGCOnDedicatedServers:0]]
[2022.07.07-17.24.48:238][  0]LogConfig: Setting CVar [[gc.MultithreadedDestructionEnabled:1]]
[2022.07.07-17.24.48:238][  0]LogConfig: Applying CVar settings from Section [/Script/Engine.NetworkSettings] File [C:/Users/danie/Documents/Gamedev VR/game/UE4 game/fpsgame/Saved/Config/Windows/Engine.ini]
[2022.07.07-17.24.48:238][  0]LogConfig: Applying CVar settings from Section [/Script/UnrealEd.CookerSettings] File [C:/Users/danie/Documents/Gamedev VR/game/UE4 game/fpsgame/Saved/Config/Windows/Engine.ini]
[2022.07.07-17.24.48:238][  0]LogConfig: Applying CVar settings from Section [ViewDistanceQuality@3] File [C:/Users/danie/Documents/Gamedev VR/game/UE4 game/fpsgame/Saved/Config/Windows/Scalability.ini]
[2022.07.07-17.24.48:239][  0]LogConfig: Setting CVar [[r.SkeletalMeshLODBias:0]]
[2022.07.07-17.24.48:239][  0]LogConfig: Setting CVar [[r.ViewDistanceScale:1.0]]
[2022.07.07-17.24.48:239][  0]LogConfig: Applying CVar settings from Section [AntiAliasingQuality@3] File [C:/Users/danie/Documents/Gamedev VR/game/UE4 game/fpsgame/Saved/Config/Windows/Scalability.ini]
[2022.07.07-17.24.48:239][  0]LogConfig: Setting CVar [[r.PostProcessAAQuality:4]]
[2022.07.07-17.24.48:240][  0]LogConfig: Applying CVar settings from Section [ShadowQuality@3] File [C:/Users/danie/Documents/Gamedev VR/game/UE4 game/fpsgame/Saved/Config/Windows/Scalability.ini]
[2022.07.07-17.24.48:240][  0]LogConfig: Setting CVar [[r.LightFunctionQuality:1]]
[2022.07.07-17.24.48:240][  0]LogConfig: Setting CVar [[r.ShadowQuality:5]]
[2022.07.07-17.24.48:241][  0]LogConfig: Setting CVar [[r.Shadow.CSM.MaxCascades:10]]
[2022.07.07-17.24.48:241][  0]LogConfig: Setting CVar [[r.Shadow.MaxResolution:2048]]
[2022.07.07-17.24.48:241][  0]LogConfig: Setting CVar [[r.Shadow.MaxCSMResolution:2048]]
[2022.07.07-17.24.48:241][  0]LogConfig: Setting CVar [[r.Shadow.RadiusThreshold:0.01]]
[2022.07.07-17.24.48:241][  0]LogConfig: Setting CVar [[r.Shadow.DistanceScale:1.0]]
[2022.07.07-17.24.48:242][  0]LogConfig: Setting CVar [[r.Shadow.CSM.TransitionScale:1.0]]
[2022.07.07-17.24.48:242][  0]LogConfig: Setting CVar [[r.Shadow.PreShadowResolutionFactor:1.0]]
[2022.07.07-17.24.48:242][  0]LogConfig: Setting CVar [[r.DistanceFieldShadowing:1]]
[2022.07.07-17.24.48:243][  0]LogConfig: Setting CVar [[r.DistanceFieldAO:1]]
[2022.07.07-17.24.48:243][  0]LogConfig: Setting CVar [[r.AOQuality:2]]
[2022.07.07-17.24.48:243][  0]LogConfig: Setting CVar [[r.VolumetricFog:1]]
[2022.07.07-17.24.48:244][  0]LogConfig: Setting CVar [[r.VolumetricFog.GridPixelSize:8]]
[2022.07.07-17.24.48:244][  0]LogConfig: Setting CVar [[r.VolumetricFog.GridSizeZ:128]]
[2022.07.07-17.24.48:244][  0]LogConfig: Setting CVar [[r.VolumetricFog.HistoryMissSupersampleCount:4]]
[2022.07.07-17.24.48:244][  0]LogConfig: Setting CVar [[r.LightMaxDrawDistanceScale:1]]
[2022.07.07-17.24.48:245][  0]LogConfig: Setting CVar [[r.CapsuleShadows:1]]
[2022.07.07-17.24.48:247][  0]LogConfig: Applying CVar settings from Section [PostProcessQuality@3] File [C:/Users/danie/Documents/Gamedev VR/game/UE4 game/fpsgame/Saved/Config/Windows/Scalability.ini]
[2022.07.07-17.24.48:247][  0]LogConfig: Setting CVar [[r.MotionBlurQuality:4]]
[2022.07.07-17.24.48:247][  0]LogConfig: Setting CVar [[r.AmbientOcclusionMipLevelFactor:0.4]]
[2022.07.07-17.24.48:248][  0]LogConfig: Setting CVar [[r.AmbientOcclusionMaxQuality:100]]
[2022.07.07-17.24.48:248][  0]LogConfig: Setting CVar [[r.AmbientOcclusionLevels:-1]]
[2022.07.07-17.24.48:248][  0]LogConfig: Setting CVar [[r.AmbientOcclusionRadiusScale:1.0]]
[2022.07.07-17.24.48:248][  0]LogConfig: Setting CVar [[r.DepthOfFieldQuality:2]]
[2022.07.07-17.24.48:249][  0]LogConfig: Setting CVar [[r.RenderTargetPoolMin:400]]
[2022.07.07-17.24.48:249][  0]LogConfig: Setting CVar [[r.LensFlareQuality:2]]
[2022.07.07-17.24.48:249][  0]LogConfig: Setting CVar [[r.SceneColorFringeQuality:1]]
[2022.07.07-17.24.48:249][  0]LogConfig: Setting CVar [[r.EyeAdaptationQuality:2]]
[2022.07.07-17.24.48:250][  0]LogConfig: Setting CVar [[r.BloomQuality:5]]
[2022.07.07-17.24.48:250][  0]LogConfig: Setting CVar [[r.FastBlurThreshold:100]]
[2022.07.07-17.24.48:250][  0]LogConfig: Setting CVar [[r.Upscale.Quality:3]]
[2022.07.07-17.24.48:250][  0]LogConfig: Setting CVar [[r.Tonemapper.GrainQuantization:1]]
[2022.07.07-17.24.48:251][  0]LogConfig: Setting CVar [[r.LightShaftQuality:1]]
[2022.07.07-17.24.48:251][  0]LogConfig: Setting CVar [[r.Filter.SizeScale:1]]
[2022.07.07-17.24.48:251][  0]LogConfig: Setting CVar [[r.Tonemapper.Quality:5]]
[2022.07.07-17.24.48:251][  0]LogConfig: Setting CVar [[r.DOF.Gather.AccumulatorQuality:1        ; higher gathering accumulator quality]]
[2022.07.07-17.24.48:252][  0]LogConfig: Setting CVar [[r.DOF.Gather.PostfilterMethod:1          ; Median3x3 postfilering method]]
[2022.07.07-17.24.48:252][  0]LogConfig: Setting CVar [[r.DOF.Gather.EnableBokehSettings:0       ; no bokeh simulation when gathering]]
[2022.07.07-17.24.48:252][  0]LogConfig: Setting CVar [[r.DOF.Gather.RingCount:4                 ; medium number of samples when gathering]]
[2022.07.07-17.24.48:253][  0]LogConfig: Setting CVar [[r.DOF.Scatter.ForegroundCompositing:1    ; additive foreground scattering]]
[2022.07.07-17.24.48:253][  0]LogConfig: Setting CVar [[r.DOF.Scatter.BackgroundCompositing:2    ; additive background scattering]]
[2022.07.07-17.24.48:253][  0]LogConfig: Setting CVar [[r.DOF.Scatter.EnableBokehSettings:1      ; bokeh simulation when scattering]]
[2022.07.07-17.24.48:253][  0]LogConfig: Setting CVar [[r.DOF.Scatter.MaxSpriteRatio:0.1         ; only a maximum of 10% of scattered bokeh]]
[2022.07.07-17.24.48:254][  0]LogConfig: Setting CVar [[r.DOF.Recombine.Quality:1                ; cheap slight out of focus]]
[2022.07.07-17.24.48:254][  0]LogConfig: Setting CVar [[r.DOF.Recombine.EnableBokehSettings:0    ; no bokeh simulation on slight out of focus]]
[2022.07.07-17.24.48:254][  0]LogConfig: Setting CVar [[r.DOF.TemporalAAQuality:1                ; more stable temporal accumulation]]
[2022.07.07-17.24.48:254][  0]LogConfig: Setting CVar [[r.DOF.Kernel.MaxForegroundRadius:0.025]]
[2022.07.07-17.24.48:255][  0]LogConfig: Setting CVar [[r.DOF.Kernel.MaxBackgroundRadius:0.025]]
[2022.07.07-17.24.48:255][  0]LogConfig: Applying CVar settings from Section [TextureQuality@3] File [C:/Users/danie/Documents/Gamedev VR/game/UE4 game/fpsgame/Saved/Config/Windows/Scalability.ini]
[2022.07.07-17.24.48:255][  0]LogConfig: Setting CVar [[r.Streaming.MipBias:0]]
[2022.07.07-17.24.48:256][  0]LogConfig: Setting CVar [[r.Streaming.AmortizeCPUToGPUCopy:0]]
[2022.07.07-17.24.48:256][  0]LogConfig: Setting CVar [[r.Streaming.MaxNumTexturesToStreamPerFrame:0]]
[2022.07.07-17.24.48:256][  0]LogConfig: Setting CVar [[r.Streaming.Boost:1]]
[2022.07.07-17.24.48:256][  0]LogConfig: Setting CVar [[r.MaxAnisotropy:8]]
[2022.07.07-17.24.48:257][  0]LogConfig: Setting CVar [[r.VT.MaxAnisotropy:8]]
[2022.07.07-17.24.48:257][  0]LogConfig: Setting CVar [[r.Streaming.LimitPoolSizeToVRAM:0]]
[2022.07.07-17.24.48:257][  0]LogConfig: Setting CVar [[r.Streaming.PoolSize:1000]]
[2022.07.07-17.24.48:258][  0]LogConfig: Setting CVar [[r.Streaming.MaxEffectiveScreenSize:0]]
[2022.07.07-17.24.48:258][  0]LogConfig: Applying CVar settings from Section [EffectsQuality@3] File [C:/Users/danie/Documents/Gamedev VR/game/UE4 game/fpsgame/Saved/Config/Windows/Scalability.ini]
[2022.07.07-17.24.48:258][  0]LogConfig: Setting CVar [[r.TranslucencyLightingVolumeDim:64]]
[2022.07.07-17.24.48:259][  0]LogConfig: Setting CVar [[r.RefractionQuality:2]]
[2022.07.07-17.24.48:259][  0]LogConfig: Setting CVar [[r.SSR.Quality:3]]
[2022.07.07-17.24.48:259][  0]LogConfig: Setting CVar [[r.SSR.HalfResSceneColor:0]]
[2022.07.07-17.24.48:259][  0]LogConfig: Setting CVar [[r.SceneColorFormat:4]]
[2022.07.07-17.24.48:260][  0]LogConfig: Setting CVar [[r.DetailMode:2]]
[2022.07.07-17.24.48:260][  0]LogConfig: Setting CVar [[r.TranslucencyVolumeBlur:1]]
[2022.07.07-17.24.48:260][  0]LogConfig: Setting CVar [[r.MaterialQualityLevel:1 ; High quality]]
[2022.07.07-17.24.48:260][  0]LogConfig: Setting CVar [[r.AnisotropicMaterials:1]]
[2022.07.07-17.24.48:262][  0]LogConfig: Setting CVar [[r.SSS.Scale:1]]
[2022.07.07-17.24.48:264][  0]LogConfig: Setting CVar [[r.SSS.SampleSet:2]]
[2022.07.07-17.24.48:265][  0]LogConfig: Setting CVar [[r.SSS.Quality:1]]
[2022.07.07-17.24.48:265][  0]LogConfig: Setting CVar [[r.SSS.HalfRes:0]]
[2022.07.07-17.24.48:265][  0]LogConfig: Setting CVar [[r.SSGI.Quality:3]]
[2022.07.07-17.24.48:266][  0]LogConfig: Setting CVar [[r.EmitterSpawnRateScale:1.0]]
[2022.07.07-17.24.48:266][  0]LogConfig: Setting CVar [[r.ParticleLightQuality:2]]
[2022.07.07-17.24.48:266][  0]LogConfig: Setting CVar [[r.SkyAtmosphere.AerialPerspectiveLUT.FastApplyOnOpaque:1 ; Always have FastSkyLUT 1 in this case to avoid wrong sky]]
[2022.07.07-17.24.48:267][  0]LogConfig: Setting CVar [[r.SkyAtmosphere.AerialPerspectiveLUT.SampleCountMaxPerSlice:4]]
[2022.07.07-17.24.48:267][  0]LogConfig: Setting CVar [[r.SkyAtmosphere.AerialPerspectiveLUT.DepthResolution:16.0]]
[2022.07.07-17.24.48:267][  0]LogConfig: Setting CVar [[r.SkyAtmosphere.FastSkyLUT:1]]
[2022.07.07-17.24.48:268][  0]LogConfig: Setting CVar [[r.SkyAtmosphere.FastSkyLUT.SampleCountMin:4.0]]
[2022.07.07-17.24.48:268][  0]LogConfig: Setting CVar [[r.SkyAtmosphere.FastSkyLUT.SampleCountMax:128.0]]
[2022.07.07-17.24.48:268][  0]LogConfig: Setting CVar [[r.SkyAtmosphere.SampleCountMin:4.0]]
[2022.07.07-17.24.48:268][  0]LogConfig: Setting CVar [[r.SkyAtmosphere.SampleCountMax:128.0]]
[2022.07.07-17.24.48:269][  0]LogConfig: Setting CVar [[r.SkyAtmosphere.TransmittanceLUT.UseSmallFormat:0]]
[2022.07.07-17.24.48:269][  0]LogConfig: Setting CVar [[r.SkyAtmosphere.TransmittanceLUT.SampleCount:10.0]]
[2022.07.07-17.24.48:269][  0]LogConfig: Setting CVar [[r.SkyAtmosphere.MultiScatteringLUT.SampleCount:15.0]]
[2022.07.07-17.24.48:270][  0]LogConfig: Setting CVar [[r.SkyLight.RealTimeReflectionCapture:1]]
[2022.07.07-17.24.48:270][  0]LogConfig: Applying CVar settings from Section [FoliageQuality@3] File [C:/Users/danie/Documents/Gamedev VR/game/UE4 game/fpsgame/Saved/Config/Windows/Scalability.ini]
[2022.07.07-17.24.48:270][  0]LogConfig: Setting CVar [[foliage.DensityScale:1.0]]
[2022.07.07-17.24.48:270][  0]LogConfig: Setting CVar [[grass.DensityScale:1.0]]
[2022.07.07-17.24.48:271][  0]LogConfig: Applying CVar settings from Section [ShadingQuality@3] File [C:/Users/danie/Documents/Gamedev VR/game/UE4 game/fpsgame/Saved/Config/Windows/Scalability.ini]
[2022.07.07-17.24.48:271][  0]LogConfig: Setting CVar [[r.HairStrands.SkyLighting.IntegrationType:2]]
[2022.07.07-17.24.48:271][  0]LogConfig: Setting CVar [[r.HairStrands.SkyAO.SampleCount:4]]
[2022.07.07-17.24.48:272][  0]LogConfig: Setting CVar [[r.HairStrands.Visibility.MSAA.SamplePerPixel:4]]
[2022.07.07-17.24.48:272][  0]LogInit: Selected Device Profile: [Windows]
[2022.07.07-17.24.48:272][  0]LogInit: Applying CVar settings loaded from the selected device profile: [Windows]
[2022.07.07-17.24.48:272][  0]LogHAL: Display: Platform has ~ 16 GB [17128247296 / 17179869184 / 16], which maps to Larger [LargestMinGB=32, LargerMinGB=12, DefaultMinGB=8, SmallerMinGB=6, SmallestMinGB=0)
[2022.07.07-17.24.48:273][  0]LogInit: Going up to parent DeviceProfile []
[2022.07.07-17.24.48:273][  0]LogConfig: Applying CVar settings from Section [ViewDistanceQuality@3] File [C:/Users/danie/Documents/Gamedev VR/game/UE4 game/fpsgame/Saved/Config/Windows/Scalability.ini]
[2022.07.07-17.24.48:273][  0]LogConfig: Setting CVar [[r.SkeletalMeshLODBias:0]]
[2022.07.07-17.24.48:274][  0]LogConfig: Setting CVar [[r.ViewDistanceScale:1.0]]
[2022.07.07-17.24.48:274][  0]LogConfig: Applying CVar settings from Section [AntiAliasingQuality@3] File [C:/Users/danie/Documents/Gamedev VR/game/UE4 game/fpsgame/Saved/Config/Windows/Scalability.ini]
[2022.07.07-17.24.48:274][  0]LogConfig: Setting CVar [[r.PostProcessAAQuality:4]]
[2022.07.07-17.24.48:274][  0]LogConfig: Applying CVar settings from Section [ShadowQuality@3] File [C:/Users/danie/Documents/Gamedev VR/game/UE4 game/fpsgame/Saved/Config/Windows/Scalability.ini]
[2022.07.07-17.24.48:275][  0]LogConfig: Setting CVar [[r.LightFunctionQuality:1]]
[2022.07.07-17.24.48:275][  0]LogConfig: Setting CVar [[r.ShadowQuality:5]]
[2022.07.07-17.24.48:275][  0]LogConfig: Setting CVar [[r.Shadow.CSM.MaxCascades:10]]
[2022.07.07-17.24.48:275][  0]LogConfig: Setting CVar [[r.Shadow.MaxResolution:2048]]
[2022.07.07-17.24.48:276][  0]LogConfig: Setting CVar [[r.Shadow.MaxCSMResolution:2048]]
[2022.07.07-17.24.48:276][  0]LogConfig: Setting CVar [[r.Shadow.RadiusThreshold:0.01]]
[2022.07.07-17.24.48:276][  0]LogConfig: Setting CVar [[r.Shadow.DistanceScale:1.0]]
[2022.07.07-17.24.48:277][  0]LogConfig: Setting CVar [[r.Shadow.CSM.TransitionScale:1.0]]
[2022.07.07-17.24.48:279][  0]LogConfig: Setting CVar [[r.Shadow.PreShadowResolutionFactor:1.0]]
[2022.07.07-17.24.48:279][  0]LogConfig: Setting CVar [[r.DistanceFieldShadowing:1]]
[2022.07.07-17.24.48:279][  0]LogConfig: Setting CVar [[r.DistanceFieldAO:1]]
[2022.07.07-17.24.48:280][  0]LogConfig: Setting CVar [[r.AOQuality:2]]
[2022.07.07-17.24.48:280][  0]LogConfig: Setting CVar [[r.VolumetricFog:1]]
[2022.07.07-17.24.48:280][  0]LogConfig: Setting CVar [[r.VolumetricFog.GridPixelSize:8]]
[2022.07.07-17.24.48:281][  0]LogConfig: Setting CVar [[r.VolumetricFog.GridSizeZ:128]]
[2022.07.07-17.24.48:281][  0]LogConfig: Setting CVar [[r.VolumetricFog.HistoryMissSupersampleCount:4]]
[2022.07.07-17.24.48:281][  0]LogConfig: Setting CVar [[r.LightMaxDrawDistanceScale:1]]
[2022.07.07-17.24.48:282][  0]LogConfig: Setting CVar [[r.CapsuleShadows:1]]
[2022.07.07-17.24.48:282][  0]LogConfig: Applying CVar settings from Section [PostProcessQuality@3] File [C:/Users/danie/Documents/Gamedev VR/game/UE4 game/fpsgame/Saved/Config/Windows/Scalability.ini]
[2022.07.07-17.24.48:282][  0]LogConfig: Setting CVar [[r.MotionBlurQuality:4]]
[2022.07.07-17.24.48:282][  0]LogConfig: Setting CVar [[r.AmbientOcclusionMipLevelFactor:0.4]]
[2022.07.07-17.24.48:282][  0]LogConfig: Setting CVar [[r.AmbientOcclusionMaxQuality:100]]
[2022.07.07-17.24.48:283][  0]LogConfig: Setting CVar [[r.AmbientOcclusionLevels:-1]]
[2022.07.07-17.24.48:283][  0]LogConfig: Setting CVar [[r.AmbientOcclusionRadiusScale:1.0]]
[2022.07.07-17.24.48:283][  0]LogConfig: Setting CVar [[r.DepthOfFieldQuality:2]]
[2022.07.07-17.24.48:283][  0]LogConfig: Setting CVar [[r.RenderTargetPoolMin:400]]
[2022.07.07-17.24.48:284][  0]LogConfig: Setting CVar [[r.LensFlareQuality:2]]
[2022.07.07-17.24.48:284][  0]LogConfig: Setting CVar [[r.SceneColorFringeQuality:1]]
[2022.07.07-17.24.48:284][  0]LogConfig: Setting CVar [[r.EyeAdaptationQuality:2]]
[2022.07.07-17.24.48:285][  0]LogConfig: Setting CVar [[r.BloomQuality:5]]
[2022.07.07-17.24.48:285][  0]LogConfig: Setting CVar [[r.FastBlurThreshold:100]]
[2022.07.07-17.24.48:285][  0]LogConfig: Setting CVar [[r.Upscale.Quality:3]]
[2022.07.07-17.24.48:285][  0]LogConfig: Setting CVar [[r.Tonemapper.GrainQuantization:1]]
[2022.07.07-17.24.48:286][  0]LogConfig: Setting CVar [[r.LightShaftQuality:1]]
[2022.07.07-17.24.48:286][  0]LogConfig: Setting CVar [[r.Filter.SizeScale:1]]
[2022.07.07-17.24.48:286][  0]LogConfig: Setting CVar [[r.Tonemapper.Quality:5]]
[2022.07.07-17.24.48:286][  0]LogConfig: Setting CVar [[r.DOF.Gather.AccumulatorQuality:1        ; higher gathering accumulator quality]]
[2022.07.07-17.24.48:287][  0]LogConfig: Setting CVar [[r.DOF.Gather.PostfilterMethod:1          ; Median3x3 postfilering method]]
[2022.07.07-17.24.48:287][  0]LogConfig: Setting CVar [[r.DOF.Gather.EnableBokehSettings:0       ; no bokeh simulation when gathering]]
[2022.07.07-17.24.48:287][  0]LogConfig: Setting CVar [[r.DOF.Gather.RingCount:4                 ; medium number of samples when gathering]]
[2022.07.07-17.24.48:288][  0]LogConfig: Setting CVar [[r.DOF.Scatter.ForegroundCompositing:1    ; additive foreground scattering]]
[2022.07.07-17.24.48:288][  0]LogConfig: Setting CVar [[r.DOF.Scatter.BackgroundCompositing:2    ; additive background scattering]]
[2022.07.07-17.24.48:288][  0]LogConfig: Setting CVar [[r.DOF.Scatter.EnableBokehSettings:1      ; bokeh simulation when scattering]]
[2022.07.07-17.24.48:288][  0]LogConfig: Setting CVar [[r.DOF.Scatter.MaxSpriteRatio:0.1         ; only a maximum of 10% of scattered bokeh]]
[2022.07.07-17.24.48:289][  0]LogConfig: Setting CVar [[r.DOF.Recombine.Quality:1                ; cheap slight out of focus]]
[2022.07.07-17.24.48:289][  0]LogConfig: Setting CVar [[r.DOF.Recombine.EnableBokehSettings:0    ; no bokeh simulation on slight out of focus]]
[2022.07.07-17.24.48:289][  0]LogConfig: Setting CVar [[r.DOF.TemporalAAQuality:1                ; more stable temporal accumulation]]
[2022.07.07-17.24.48:290][  0]LogConfig: Setting CVar [[r.DOF.Kernel.MaxForegroundRadius:0.025]]
[2022.07.07-17.24.48:290][  0]LogConfig: Setting CVar [[r.DOF.Kernel.MaxBackgroundRadius:0.025]]
[2022.07.07-17.24.48:290][  0]LogConfig: Applying CVar settings from Section [TextureQuality@3] File [C:/Users/danie/Documents/Gamedev VR/game/UE4 game/fpsgame/Saved/Config/Windows/Scalability.ini]
[2022.07.07-17.24.48:290][  0]LogConfig: Setting CVar [[r.Streaming.MipBias:0]]
[2022.07.07-17.24.48:291][  0]LogConfig: Setting CVar [[r.Streaming.AmortizeCPUToGPUCopy:0]]
[2022.07.07-17.24.48:291][  0]LogConfig: Setting CVar [[r.Streaming.MaxNumTexturesToStreamPerFrame:0]]
[2022.07.07-17.24.48:291][  0]LogConfig: Setting CVar [[r.Streaming.Boost:1]]
[2022.07.07-17.24.48:291][  0]LogConfig: Setting CVar [[r.MaxAnisotropy:8]]
[2022.07.07-17.24.48:292][  0]LogConfig: Setting CVar [[r.VT.MaxAnisotropy:8]]
[2022.07.07-17.24.48:292][  0]LogConfig: Setting CVar [[r.Streaming.LimitPoolSizeToVRAM:0]]
[2022.07.07-17.24.48:292][  0]LogConfig: Setting CVar [[r.Streaming.PoolSize:1000]]
[2022.07.07-17.24.48:293][  0]LogConfig: Setting CVar [[r.Streaming.MaxEffectiveScreenSize:0]]
[2022.07.07-17.24.48:295][  0]LogConfig: Applying CVar settings from Section [EffectsQuality@3] File [C:/Users/danie/Documents/Gamedev VR/game/UE4 game/fpsgame/Saved/Config/Windows/Scalability.ini]
[2022.07.07-17.24.48:295][  0]LogConfig: Setting CVar [[r.TranslucencyLightingVolumeDim:64]]
[2022.07.07-17.24.48:296][  0]LogConfig: Setting CVar [[r.RefractionQuality:2]]
[2022.07.07-17.24.48:296][  0]LogConfig: Setting CVar [[r.SSR.Quality:3]]
[2022.07.07-17.24.48:296][  0]LogConfig: Setting CVar [[r.SSR.HalfResSceneColor:0]]
[2022.07.07-17.24.48:296][  0]LogConfig: Setting CVar [[r.SceneColorFormat:4]]
[2022.07.07-17.24.48:297][  0]LogConfig: Setting CVar [[r.DetailMode:2]]
[2022.07.07-17.24.48:297][  0]LogConfig: Setting CVar [[r.TranslucencyVolumeBlur:1]]
[2022.07.07-17.24.48:297][  0]LogConfig: Setting CVar [[r.MaterialQualityLevel:1 ; High quality]]
[2022.07.07-17.24.48:298][  0]LogConfig: Setting CVar [[r.AnisotropicMaterials:1]]
[2022.07.07-17.24.48:298][  0]LogConfig: Setting CVar [[r.SSS.Scale:1]]
[2022.07.07-17.24.48:298][  0]LogConfig: Setting CVar [[r.SSS.SampleSet:2]]
[2022.07.07-17.24.48:298][  0]LogConfig: Setting CVar [[r.SSS.Quality:1]]
[2022.07.07-17.24.48:299][  0]LogConfig: Setting CVar [[r.SSS.HalfRes:0]]
[2022.07.07-17.24.48:299][  0]LogConfig: Setting CVar [[r.SSGI.Quality:3]]
[2022.07.07-17.24.48:299][  0]LogConfig: Setting CVar [[r.EmitterSpawnRateScale:1.0]]
[2022.07.07-17.24.48:299][  0]LogConfig: Setting CVar [[r.ParticleLightQuality:2]]
[2022.07.07-17.24.48:300][  0]LogConfig: Setting CVar [[r.SkyAtmosphere.AerialPerspectiveLUT.FastApplyOnOpaque:1 ; Always have FastSkyLUT 1 in this case to avoid wrong sky]]
[2022.07.07-17.24.48:300][  0]LogConfig: Setting CVar [[r.SkyAtmosphere.AerialPerspectiveLUT.SampleCountMaxPerSlice:4]]
[2022.07.07-17.24.48:300][  0]LogConfig: Setting CVar [[r.SkyAtmosphere.AerialPerspectiveLUT.DepthResolution:16.0]]
[2022.07.07-17.24.48:301][  0]LogConfig: Setting CVar [[r.SkyAtmosphere.FastSkyLUT:1]]
[2022.07.07-17.24.48:301][  0]LogConfig: Setting CVar [[r.SkyAtmosphere.FastSkyLUT.SampleCountMin:4.0]]
[2022.07.07-17.24.48:301][  0]LogConfig: Setting CVar [[r.SkyAtmosphere.FastSkyLUT.SampleCountMax:128.0]]
[2022.07.07-17.24.48:301][  0]LogConfig: Setting CVar [[r.SkyAtmosphere.SampleCountMin:4.0]]
[2022.07.07-17.24.48:302][  0]LogConfig: Setting CVar [[r.SkyAtmosphere.SampleCountMax:128.0]]
[2022.07.07-17.24.48:302][  0]LogConfig: Setting CVar [[r.SkyAtmosphere.TransmittanceLUT.UseSmallFormat:0]]
[2022.07.07-17.24.48:302][  0]LogConfig: Setting CVar [[r.SkyAtmosphere.TransmittanceLUT.SampleCount:10.0]]
[2022.07.07-17.24.48:303][  0]LogConfig: Setting CVar [[r.SkyAtmosphere.MultiScatteringLUT.SampleCount:15.0]]
[2022.07.07-17.24.48:303][  0]LogConfig: Setting CVar [[r.SkyLight.RealTimeReflectionCapture:1]]
[2022.07.07-17.24.48:303][  0]LogConfig: Applying CVar settings from Section [FoliageQuality@3] File [C:/Users/danie/Documents/Gamedev VR/game/UE4 game/fpsgame/Saved/Config/Windows/Scalability.ini]
[2022.07.07-17.24.48:303][  0]LogConfig: Setting CVar [[foliage.DensityScale:1.0]]
[2022.07.07-17.24.48:304][  0]LogConfig: Setting CVar [[grass.DensityScale:1.0]]
[2022.07.07-17.24.48:304][  0]LogConfig: Applying CVar settings from Section [ShadingQuality@3] File [C:/Users/danie/Documents/Gamedev VR/game/UE4 game/fpsgame/Saved/Config/Windows/Scalability.ini]
[2022.07.07-17.24.48:304][  0]LogConfig: Setting CVar [[r.HairStrands.SkyLighting.IntegrationType:2]]
[2022.07.07-17.24.48:305][  0]LogConfig: Setting CVar [[r.HairStrands.SkyAO.SampleCount:4]]
[2022.07.07-17.24.48:305][  0]LogConfig: Setting CVar [[r.HairStrands.Visibility.MSAA.SamplePerPixel:4]]
[2022.07.07-17.24.48:305][  0]LogConfig: Applying CVar settings from Section [Startup] File [../../../Engine/Config/ConsoleVariables.ini]
[2022.07.07-17.24.48:306][  0]LogConfig: Setting CVar [[net.UseAdaptiveNetUpdateFrequency:0]]
[2022.07.07-17.24.48:306][  0]LogConfig: Setting CVar [[p.chaos.AllowCreatePhysxBodies:1]]
[2022.07.07-17.24.48:306][  0]LogConfig: Setting CVar [[fx.SkipVectorVMBackendOptimizations:1]]
[2022.07.07-17.24.48:307][  0]LogConfig: Applying CVar settings from Section [ConsoleVariables] File [C:/Users/danie/Documents/Gamedev VR/game/UE4 game/fpsgame/Saved/Config/Windows/Engine.ini]
[2022.07.07-17.24.48:307][  0]LogConfig: Applying CVar settings from Section [ConsoleVariables] File [C:/Users/danie/Documents/Gamedev VR/game/UE4 game/fpsgame/Saved/Config/Windows/Editor.ini]
[2022.07.07-17.24.48:307][  0]LogInit: Computer: DESKTOP-QG36584
[2022.07.07-17.24.48:307][  0]LogInit: User: danie
[2022.07.07-17.24.48:308][  0]LogInit: CPU Page size=4096, Cores=6
[2022.07.07-17.24.48:308][  0]LogInit: High frequency timer resolution =10.000000 MHz
[2022.07.07-17.24.48:308][  0]LogMemory: Memory total: Physical=16.0GB (16GB approx)
[2022.07.07-17.24.48:308][  0]LogMemory: Platform Memory Stats for Windows
[2022.07.07-17.24.48:309][  0]LogMemory: Process Physical Memory: 137.36 MB used, 137.36 MB peak
[2022.07.07-17.24.48:311][  0]LogMemory: Process Virtual Memory: 117.39 MB used, 117.39 MB peak
[2022.07.07-17.24.48:311][  0]LogMemory: Physical Memory: 11961.00 MB used,  4373.77 MB free, 16334.77 MB total
[2022.07.07-17.24.48:312][  0]LogMemory: Virtual Memory: 134214656.00 MB used,  3075.40 MB free, 134217728.00 MB total
[2022.07.07-17.24.48:314][  0]LogWindows: WindowsPlatformFeatures disabled or dedicated server build
[2022.07.07-17.24.48:322][  0]LogInit: Physics initialised using underlying interface: PhysX
[2022.07.07-17.24.48:322][  0]LogInit: Using OS detected language (en-US).
[2022.07.07-17.24.48:322][  0]LogInit: Using OS detected locale (en-GB).
[2022.07.07-17.24.48:325][  0]LogTextLocalizationManager: No specific localization for 'en-US' exists, so the 'en' localization will be used.
[2022.07.07-17.24.48:738][  0]LogTargetPlatformManager: Display: Loaded TargetPlatform 'WindowsNoEditor'
[2022.07.07-17.24.48:741][  0]LogTargetPlatformManager: Display: Loaded TargetPlatform 'Windows'
[2022.07.07-17.24.48:743][  0]LogTargetPlatformManager: Display: Loaded TargetPlatform 'WindowsClient'
[2022.07.07-17.24.48:746][  0]LogTargetPlatformManager: Display: Loaded TargetPlatform 'WindowsServer'
[2022.07.07-17.24.48:746][  0]LogTargetPlatformManager: Display: Building Assets For Windows
[2022.07.07-17.24.48:749][  0]LogAudioDebug: Display: Lib vorbis DLL was dynamically loaded.
[2022.07.07-17.24.48:762][  0]LogTextureFormatOodle: Display: Oodle Texture 2.9.0 init RDO Off
[2022.07.07-17.24.48:773][  0]LogRendererCore: Ray tracing is disabled. Reason: r.RayTracing=0.
[2022.07.07-17.24.48:773][  0]LogShaderCompilers: Guid format shader working directory is -26 characters bigger than the processId version (../../../../../../Users/danie/Documents/Gamedev VR/game/UE4 game/fpsgame/Intermediate/Shaders/WorkingDirectory/4468/).
[2022.07.07-17.24.48:774][  0]LogShaderCompilers: Cleaned the shader compiler working directory 'C:/Users/danie/AppData/Local/Temp/UnrealShaderWorkingDir/BDC0D5E143B9B8794340CD8233249279/'.
[2022.07.07-17.24.48:774][  0]LogXGEController: Cannot use XGE Controller as Incredibuild is not installed on this machine.
[2022.07.07-17.24.48:774][  0]LogShaderCompilers: Cannot use XGE Shader Compiler as Incredibuild is not installed on this machine.
[2022.07.07-17.24.48:774][  0]LogShaderCompilers: Display: Using Local Shader Compiler.
[2022.07.07-17.24.49:223][  0]LogDerivedDataCache: Display: Max Cache Size: 512 MB
[2022.07.07-17.24.49:280][  0]LogDerivedDataCache: Loaded boot cache 0.06s 94MB C:/Users/danie/AppData/Local/UnrealEngine/4.27/DerivedDataCache/Boot.ddc.
[2022.07.07-17.24.49:281][  0]LogDerivedDataCache: Display: Loaded Boot cache: C:/Users/danie/AppData/Local/UnrealEngine/4.27/DerivedDataCache/Boot.ddc
[2022.07.07-17.24.49:281][  0]LogDerivedDataCache: FDerivedDataBackendGraph:  Pak pak cache file ../../../../../../Users/danie/Documents/Gamedev VR/game/UE4 game/fpsgame/DerivedDataCache/DDC.ddp not found, will not use a pak cache.
[2022.07.07-17.24.49:281][  0]LogDerivedDataCache: Unable to find inner node Pak for hierarchical cache Hierarchy.
[2022.07.07-17.24.49:282][  0]LogDerivedDataCache: FDerivedDataBackendGraph:  CompressedPak pak cache file ../../../../../../Users/danie/Documents/Gamedev VR/game/UE4 game/fpsgame/DerivedDataCache/Compressed.ddp not found, will not use a pak cache.
[2022.07.07-17.24.49:282][  0]LogDerivedDataCache: Unable to find inner node CompressedPak for hierarchical cache Hierarchy.
[2022.07.07-17.24.49:300][  0]LogDerivedDataCache: Display: Pak cache opened for reading ../../../Engine/DerivedDataCache/Compressed.ddp.
[2022.07.07-17.24.49:300][  0]LogDerivedDataCache: FDerivedDataBackendGraph:  EnterprisePak pak cache file ../../../Enterprise/DerivedDataCache/Compressed.ddp not found, will not use a pak cache.
[2022.07.07-17.24.49:300][  0]LogDerivedDataCache: Unable to find inner node EnterprisePak for hierarchical cache Hierarchy.
[2022.07.07-17.24.49:307][  0]LogDerivedDataCache: Speed tests for C:/Users/danie/AppData/Local/UnrealEngine/Common/DerivedDataCache took 0.01 seconds
[2022.07.07-17.24.49:307][  0]LogDerivedDataCache: Display: Performance to C:/Users/danie/AppData/Local/UnrealEngine/Common/DerivedDataCache: Latency=0.03ms. RandomReadSpeed=1532.12MBs, RandomWriteSpeed=169.17MBs. Assigned SpeedClass 'Local'
[2022.07.07-17.24.49:308][  0]LogDerivedDataCache: Using Local data cache path C:/Users/danie/AppData/Local/UnrealEngine/Common/DerivedDataCache: Writable
[2022.07.07-17.24.49:310][  0]LogDerivedDataCache: Shared data cache path not found in *engine.ini, will not use an Shared cache.
[2022.07.07-17.24.49:310][  0]LogDerivedDataCache: Unable to find inner node Shared for hierarchical cache Hierarchy.
[2022.07.07-17.24.49:311][  0]LogInit: Using OS detected language (en-US).
[2022.07.07-17.24.49:311][  0]LogInit: Using OS detected locale (en-GB).
[2022.07.07-17.24.49:312][  0]LogTextLocalizationManager: No localization for 'en-US' exists, so 'en' will be used for the language.
[2022.07.07-17.24.49:312][  0]LogTextLocalizationManager: No localization for 'en-GB' exists, so 'en' will be used for the locale.
[2022.07.07-17.24.49:315][  0]LogTextLocalizationManager: Compacting localization data took   0.01ms
[2022.07.07-17.24.49:315][  0]LogAssetRegistry: FAssetRegistry took 0.0021 seconds to start up
[2022.07.07-17.24.49:459][  0]LogPackageLocalizationCache: Processed 27 localized package path(s) for 1 prioritized culture(s) in 0.000951 seconds
[2022.07.07-17.24.49:533][  0]LogInit: Selected Device Profile: [Windows]
[2022.07.07-17.24.49:533][  0]LogInit: Active device profile: [000002491D0DC500][000002491B363140 49] Windows
[2022.07.07-17.24.49:534][  0]LogInit: Profiles: [000002491D0DC500][000002491B363140 49] Windows, [000002491D0CF600][000002491B371400 49] WindowsNoEditor, [000002491D0CC100][000002491B3756C0 49] WindowsServer, [000002491D0DF000][000002491B379980 49] WindowsClient, [000002491D0DC200][000002491B37C0C0 49] IOS, [000002491D0FFD00][000002491B366340 49] iPadAir, [000002491D0DFA00][000002491B3805C0 49] iPadAir2, [000002491D080200][000002491B39EB00 49] IPadPro, [000002491D06FF00][000002491B388B40 49] iPadAir3, [000002491D0CD000][000002491B396E00 49] iPadAir4, [000002491D06C500][000002491B3930C0 49] iPadMini2, [000002491D0CC200][000002491B39B380 49] iPadMini3, [000002491D06D200][000002491B3A9640 49] iPadMini4, [000002491D0CF800][000002491B3AD900 49] iPadMini5, [000002491D0FD600][000002491B3C02C0 49] iPhone6, [000002491D0FD700][000002491B3B0300 49] iPodTouch6, [000002491D06E100][000002491B3C47C0 49] iPhone7, [000002491D06E200][000002491B384800 49] iPodTouch7, [000002491D0FE600][000002491B3BCAC0 49] iPhone5S, [000002491D06F100][000002491B3B4D80 49] iPhone6Plus, [000002491D0FFB00][000002491B3C9040 49] iPhone6S, [000002491D06EB00][000002491B3CD300 49] iPhone6SPlus, [000002491D0FCA00][000002491B3D15C0 49] iPhone7Plus, [000002491D06EF00][000002491B3D5880 49] iPhoneSE, [000002491D0FD000][000002491B3D9B40 49] iPhone8, [000002491D06FC00][000002491B3DC280 49] iPhone8Plus, [000002491D0FF200][000002491B3E0540 49] iPhoneX, [000002491D06EC00][000002491B3B87C0 49] iPhoneXS, [000002491D0FEB00][000002491B3E4A40 49] iPhoneXSMax, [000002491D06E900][000002491B3ECD00 49] iPhoneXR, [000002491D0FEF00][000002491B3F0FC0 49] iPhone11, [000002491D06CA00][000002491B3F5280 49] iPhone11Pro, [000002491D0FFE00][000002491B3F9540 49] iPhone11ProMax, [000002491D06D400][000002491B3FD800 49] iPhoneSE2, [000002491D0FFF00][000002491B401AC0 49] iPhone12Mini, [000002491D06FD00][000002491B404200 49] iPhone12, [000002491D0FD200][000002491B4084C0 49] iPhone12Pro, [000002491D06F500][000002491B40C780 49] iPhone12ProMax, [000002491D0FC200][000002491B3E8A00 49] iPadPro105, [000002491D06DA00][000002491B414CC0 49] iPadPro129, [000002491D0FCD00][000002491B418F80 49] iPadPro97, [000002491D06C900][000002491B41D240 49] iPadPro2_129, [000002491D0FDA00][000002491B421500 49] iPad5, [000002491D06DC00][000002491B4257C0 49] iPad6, [000002491D0FF900][000002491B429A80 49] iPad7, [000002491D06E600][000002491B42C1C0 49] iPad8, [000002491D0FF000][000002491B430480 49] iPadPro11, [000002491D06D500][000002491B434740 49] iPadPro2_11, [000002491D0FE100][000002491B4109C0 49] iPadPro3_129, [000002491D06DD00][000002491B438C40 49] iPadPro4_129, [000002491D0FE400][000002491B440F00 49] AppleTV, [000002491D06EE00][000002491B4451C0 49] AppleTV4K, [000002491D0FC500][000002491B449480 49] TVOS, [000002491D06FA00][000002491B44D740 49] Mac, [000002491D0FE900][000002491B451A00 49] MacClient, [000002491D06D700][000002491B454140 49] MacNoEditor, [000002491D0FD100][000002491B458400 49] MacServer, [000002491D06FB00][000002491B45C6C0 49] Linux, [000002491D0FC600][000002491B460980 49] LinuxAArch64, [000002491D06C400][000002491B43CC00 49] LinuxNoEditor, [000002491D0FE200][000002491B464E80 49] LinuxAArch64NoEditor, [000002491D0DC100][000002491B46D140 49] LinuxClient, [000002491D080700][000002491B471400 49] LinuxAArch64Client, [000002491D0DD900][000002491B4756C0 49] LinuxServer, [000002491D080A00][000002491B479980 49] LinuxAArch64Server, [000002491D0DED00][000002491B47C0C0 49] Android, [000002491D081400][000002491B480380 49] Android_Low, [000002491D0DD100][000002491B484640 49] Android_Mid, [000002491D080E00][000002491B488900 49] Android_High, [000002491D0DC800][000002491B48CBC0 49] Android_Default, [000002491D082600][000002491B468E40 49] Android_Adreno4xx, [000002491D0DD400][000002491B4910C0 49] Android_Adreno5xx_Low, [000002491D082400][000002491B499380 49] Android_Adreno5xx, [000002491D0DC700][000002491B49D640 49] Android_Adreno6xx, [000002491D082C00][000002491B4A1900 49] Android_Adreno6xx_Vulkan, [000002491D0DFB00][000002491B4A5BC0 49] Android_Mali_T6xx, [000002491D080500][000002491B4A8300 49] Android_Mali_T7xx, [000002491D0DC300][000002491B4AC5C0 49] Android_Mali_T8xx, [000002491D083000][000002491B4B0880 49] Android_Mali_G71, [000002491D0DE900][000002491B4B4B40 49] Android_Mali_G72, [000002491D082500][000002491B4B8E00 49] Android_Mali_G72_Vulkan, [000002491D0DDB00][000002491B495080 49] Android_Mali_G76, [000002491D083100][000002491B4BD300 49] Android_Mali_G76_Vulkan, [000002491D0DDE00][000002491B4C55C0 49] Android_Mali_G77, [000002491D083B00][000002491B4C9880 49] Android_Mali_G77_Vulkan, [000002491D0DFC00][000002491B4CDB40 49] Android_Mali_G78, [000002491D083F00][000002491B4D0280 49] Android_Mali_G78_Vulkan, [000002491D0DE400][000002491B4D4540 49] Android_Mali_G710, [000002491D081300][000002491B4D8800 49] Android_Mali_G710_Vulkan, [000002491D0DF100][000002491B4DCAC0 49] Android_Vulkan_SM5, [000002491D06E400][000002491B4E0D80 49] Android_PowerVR_G6xxx, [000002491D0DDD00][000002491B4E5040 49] Android_PowerVR_GT7xxx, [000002491D06C100][000002491B4C12C0 49] Android_PowerVR_GE8xxx, [000002491D0DF200][000002491B4E9540 49] Android_PowerVR_GM9xxx, [000002491D06C300][000002491B4F1800 49] Android_PowerVR_GM9xxx_Vulkan, [000002491D0DF300][000002491B4F5AC0 49] Android_TegraK1, [000002491D06D600][000002491B4F8200 49] Android_Unknown_Vulkan, [000002491D0DE000][000002491B4FC4C0 49] Lumin, [000002491D06CB00][000002491B500780 49] Lumin_Desktop, [000002491D0DCD00][000002491B504A40 49] HoloLens, 
[2022.07.07-17.24.49:552][  0]LogMeshReduction: Using QuadricMeshReduction for automatic static mesh reduction
[2022.07.07-17.24.49:552][  0]LogMeshReduction: Using SimplygonMeshReduction for automatic skeletal mesh reduction
[2022.07.07-17.24.49:552][  0]LogMeshReduction: Using ProxyLODMeshReduction for automatic mesh merging
[2022.07.07-17.24.49:552][  0]LogMeshReduction: No distributed automatic mesh merging module available
[2022.07.07-17.24.49:553][  0]LogMeshMerging: No distributed automatic mesh merging module available
[2022.07.07-17.24.49:563][  0]LogNetVersion: fpsgame 1.0.0, NetCL: 17155196, EngineNetVer: 17, GameNetVer: 0 (Checksum: 3215450660)
[2022.07.07-17.24.49:645][  0]LogTexture: Default maximum texture size for cubemaps generated from long-lat sources has been changed from 512 to unlimited. In order to preserve old behaiour for '/Engine/MapTemplates/Sky/DaylightAmbientCubemap.DaylightAmbientCubemap', its maximum texture size has been explicitly set to 512.
[2022.07.07-17.24.49:658][  0]LogHMD: PokeAHoleMaterial loaded successfully
[2022.07.07-17.24.49:720][  0]LogPython: Using Python 3.7.7
[2022.07.07-17.24.50:091][  0]LogNiagaraDebuggerClient: Niagara Debugger Client Initialized | Session: A49A02BE4B668E5DAB118B9DE9784E13 | Instance: D18573624B93BCD75DE8EC8E69F7F43D (DESKTOP-QG36584-4468).
[2022.07.07-17.24.50:104][  0]LogCollectionManager: Loaded 0 collections in 0.001645 seconds
[2022.07.07-17.24.50:106][  0]LogFileCache: Scanning file cache for directory 'C:/Users/danie/Documents/Gamedev VR/game/UE4 game/fpsgame/Saved/Collections/' took 0.00s
[2022.07.07-17.24.50:106][  0]LogFileCache: Scanning file cache for directory 'C:/Users/danie/Documents/Gamedev VR/game/UE4 game/fpsgame/Content/Developers/danie/Collections/' took 0.00s
[2022.07.07-17.24.50:107][  0]LogFileCache: Scanning file cache for directory 'C:/Users/danie/Documents/Gamedev VR/game/UE4 game/fpsgame/Content/Collections/' took 0.00s
[2022.07.07-17.24.50:107][  0]LogCollectionManager: Fixed up redirectors for 0 collections in 0.000001 seconds (updated 0 objects)
[2022.07.07-17.24.50:171][  0]LogTcpMessaging: Initializing TcpMessaging bridge
[2022.07.07-17.24.50:173][  0]LogUdpMessaging: Initializing bridge on interface 0.0.0.0:0 to multicast group 230.0.0.1:6666.
[2022.07.07-17.24.50:196][  0]LogUObjectGlobals: Warning: [AssetLog] C:\Users\danie\Documents\Gamedev VR\game\UE4 game\fpsgame\Content\Meshes\Shape_Sphere.uasset: Failed to load '/Game/StarterContent/Materials/M_Basic_Wall': Can't find file.
[2022.07.07-17.24.50:200][  0]LogUObjectGlobals: Warning: [AssetLog] C:\Users\danie\Documents\Gamedev VR\game\UE4 game\fpsgame\Content\Particles\P_Explosion.uasset: Failed to load '/Game/StarterContent/Particles/Materials/M_smoke_subUV': Can't find file.
[2022.07.07-17.24.50:201][  0]LogUObjectGlobals: Warning: [AssetLog] C:\Users\danie\Documents\Gamedev VR\game\UE4 game\fpsgame\Content\Particles\P_Explosion.uasset: Failed to load '/Game/StarterContent/Particles/Materials/M_explosion_subUV': Can't find file.
[2022.07.07-17.24.50:202][  0]LogUObjectGlobals: Warning: [AssetLog] C:\Users\danie\Documents\Gamedev VR\game\UE4 game\fpsgame\Content\Particles\P_Explosion.uasset: Failed to load '/Game/StarterContent/Particles/Materials/M_radial_ramp': Can't find file.
[2022.07.07-17.24.50:202][  0]LogUObjectGlobals: Warning: [AssetLog] C:\Users\danie\Documents\Gamedev VR\game\UE4 game\fpsgame\Content\Particles\P_Explosion.uasset: Failed to load '/Game/StarterContent/Particles/Materials/m_flare_01': Can't find file.
[2022.07.07-17.24.50:203][  0]LogUObjectGlobals: Warning: [AssetLog] C:\Users\danie\Documents\Gamedev VR\game\UE4 game\fpsgame\Content\Particles\P_Explosion.uasset: Failed to load '/Game/StarterContent/Particles/Materials/M_Burst': Can't find file.
[2022.07.07-17.24.50:204][  0]LogTemp: Warning: Sup
[2022.07.07-17.24.50:239][  0]SourceControl: Source control is disabled
[2022.07.07-17.24.50:240][  0]SourceControl: Source control is disabled
[2022.07.07-17.24.50:241][  0]SourceControl: Source control is disabled
[2022.07.07-17.24.50:243][  0]LogUProjectInfo: Found projects:
[2022.07.07-17.24.50:276][  0]LogOpenImageDenoise: OIDN starting up
[2022.07.07-17.24.50:292][  0]LogAndroidPermission: UAndroidPermissionCallbackProxy::GetInstance
[2022.07.07-17.24.50:299][  0]LogAudioCaptureCore: Display: No Audio Capture implementations found. Audio input will be silent.
[2022.07.07-17.24.50:300][  0]LogAudioCaptureCore: Display: No Audio Capture implementations found. Audio input will be silent.
[2022.07.07-17.24.50:340][  0]LogOcInput: OculusInput pre-init called
[2022.07.07-17.24.50:348][  0]LogUObjectArray: 22100 objects as part of root set at end of initial load.
[2022.07.07-17.24.50:348][  0]LogUObjectAllocator: 5959024 out of 0 bytes used by permanent object pool.
[2022.07.07-17.24.50:348][  0]LogUObjectArray: CloseDisregardForGC: 0/0 objects in disregard for GC pool
[2022.07.07-17.24.50:382][  0]LogEngine: Initializing Engine...
[2022.07.07-17.24.50:383][  0]LogStats: UGameplayTagsManager::InitializeManager -  0.000 s
[2022.07.07-17.24.50:396][  0]LogInit: Initializing FReadOnlyCVARCache
[2022.07.07-17.24.50:396][  0]LogNetVersion: Set ProjectVersion to 1.0.0.0. Version Checksum will be recalculated on next use.
[2022.07.07-17.24.50:398][  0]LogInit: Texture streaming: Disabled
[2022.07.07-17.24.50:419][  0]LogInit: Display: Game Engine Initialized.
[2022.07.07-17.24.50:419][  0]LogNiagaraEditor: GEditor isn't valid! Particle reset commands will not work for Niagara components!
[2022.07.07-17.24.50:442][  0]LogInit: Display: Starting Game.
[2022.07.07-17.24.50:442][  0]LogNet: Browse: /Game/Maps/TestMap?Name=Player
[2022.07.07-17.24.50:447][  0]LogLoad: LoadMap: /Game/Maps/TestMap?Name=Player
[2022.07.07-17.24.50:451][  0]LogWorld: BeginTearingDown for /Temp/Untitled_0
[2022.07.07-17.24.50:454][  0]LogWorld: UWorld::CleanupWorld for Untitled, bSessionEnded=true, bCleanupResources=true
[2022.07.07-17.24.50:465][  0]LogUObjectHash: Compacting FUObjectHashTables data took   0.72ms
[2022.07.07-17.24.50:513][  0]LogAIModule: Creating AISystem for world TestMap
[2022.07.07-17.24.50:621][  0]LogLoad: Game class is 'BP_fpsgameGameModeBase_C'
[2022.07.07-17.24.50:622][  0]LogNet: ReplicationDriverClass is null! Not using ReplicationDriver.
[2022.07.07-17.24.50:623][  0]LogNetCore: DDoS detection status: detection enabled: 0 analytics enabled: 0
[2022.07.07-17.24.50:623][  0]LogInit: WinSock: Socket queue. Rx: 131072 (config 131072) Tx: 131072 (config 131072)
[2022.07.07-17.24.50:623][  0]LogNet: Created socket for bind address: 0.0.0.0 on port 17777
[2022.07.07-17.24.50:624][  0]PacketHandlerLog: Loaded PacketHandler component: Engine.EngineHandlerComponentFactory (StatelessConnectHandlerComponent)
[2022.07.07-17.24.50:624][  0]LogNet: GameNetDriver IpNetDriver_0 IpNetDriver listening on port 17777
[2022.07.07-17.24.50:625][  0]LogWorld: Bringing World /Game/Maps/TestMap.TestMap up for play (max tick rate 30) at 2022.07.07-18.24.50
[2022.07.07-17.24.50:626][  0]LogWorld: Bringing up level for play took: 0.001436
[2022.07.07-17.24.50:626][  0]LogLoad: Took 0.179319 seconds to LoadMap(/Game/Maps/TestMap)
[2022.07.07-17.24.50:631][  0]LogInit: Display: Engine is initialized. Leaving FEngineLoop::Init()
[2022.07.07-17.24.50:631][  0]LogLoad: (Engine Initialization) Total time: 4.58 seconds
[2022.07.07-17.24.50:632][  0]LogLoad: (Engine Initialization) Total Blueprint compile time: 0.00 seconds
[2022.07.07-17.24.51:445][ 23]LogNet: NotifyAcceptingConnection accepted from: 127.0.0.1:53585
[2022.07.07-17.24.51:446][ 23]LogHandshake: SendConnectChallenge. Timestamp: 0.812266, Cookie: 001028022040139197109223163027131240236146216211032241107022
[2022.07.07-17.24.51:478][ 24]LogNet: NotifyAcceptingConnection accepted from: 127.0.0.1:53585
[2022.07.07-17.24.51:478][ 24]LogHandshake: SendChallengeAck. InCookie: 001028022040139197109223163027131240236146216211032241107022
[2022.07.07-17.24.51:479][ 24]LogNet: Server accepting post-challenge connection from: 127.0.0.1:53585
[2022.07.07-17.24.51:479][ 24]PacketHandlerLog: Loaded PacketHandler component: Engine.EngineHandlerComponentFactory (StatelessConnectHandlerComponent)
[2022.07.07-17.24.51:479][ 24]LogNet: NotifyAcceptedConnection: Name: TestMap, TimeStamp: 07/07/22 18:24:51, [UNetConnection] RemoteAddr: 127.0.0.1:53585, Name: IpConnection_0, Driver: GameNetDriver IpNetDriver_0, IsServer: YES, PC: NULL, Owner: NULL, UniqueId: INVALID
[2022.07.07-17.24.51:479][ 24]LogNet: AddClientConnection: Added client connection: [UNetConnection] RemoteAddr: 127.0.0.1:53585, Name: IpConnection_0, Driver: GameNetDriver IpNetDriver_0, IsServer: YES, PC: NULL, Owner: NULL, UniqueId: INVALID
[2022.07.07-17.24.51:480][ 24]LogNet: NotifyAcceptingChannel Control 0 server World /Game/Maps/TestMap.TestMap: Accepted
[2022.07.07-17.24.51:481][ 24]LogNet: Remote platform little endian=1
[2022.07.07-17.24.51:481][ 24]LogNet: This platform little endian=1
[2022.07.07-17.24.51:481][ 24]LogNetVersion: fpsgame 1.0.0.0, NetCL: 17155196, EngineNetVer: 17, GameNetVer: 0 (Checksum: 1484303137)
[2022.07.07-17.24.51:511][ 25]LogNet: Login request: ?Name=DESKTOP-QG36584-DC2E4D45485BA3460EA5979A29813C8E userId: NULL:DESKTOP-QG36584-DC2E4D45485BA3460EA5979A29813C8E platform: NULL
[2022.07.07-17.24.51:611][ 28]LogNet: Client netspeed is 100000
[2022.07.07-17.24.51:611][ 28]LogNet: Join request: /Engine/Maps/Entry?Name=DESKTOP-QG36584-DC2E4D45485BA3460EA5979A29813C8E?SplitscreenCount=1
[2022.07.07-17.24.51:612][ 28]LogOnlineSession: Warning: OSS: No game present to join for session (GameSession)
[2022.07.07-17.24.51:621][ 28]LogScript: Warning: Accessed None trying to read property HUD reference
	BP_Myfpscharacter_C /Game/Maps/TestMap.TestMap:PersistentLevel.BP_Myfpscharacter_C_0
	Function /Game/Blueprints/BP_Myfpscharacter.BP_Myfpscharacter_C:ExecuteUbergraph_BP_Myfpscharacter:01B6
[2022.07.07-17.24.51:622][ 28]LogScript: Warning: Script call stack:
	Function /Game/Blueprints/BP_Myfpscharacter.BP_Myfpscharacter_C:ReceiveBeginPlay
	Function /Game/Blueprints/BP_Myfpscharacter.BP_Myfpscharacter_C:ExecuteUbergraph_BP_Myfpscharacter

[2022.07.07-17.24.51:622][ 28]LogNet: Join succeeded: DESKTOP-QG36584-DC2E
[2022.07.07-17.24.51:944][ 38]LogNet: NotifyAcceptingConnection accepted from: 127.0.0.1:59905
[2022.07.07-17.24.51:944][ 38]LogHandshake: SendConnectChallenge. Timestamp: 1.311225, Cookie: 034120122075033002061144250201226125076246189030031084199181
[2022.07.07-17.24.52:274][ 48]LogNet: NotifyAcceptingConnection accepted from: 127.0.0.1:59905
[2022.07.07-17.24.52:274][ 48]LogHandshake: SendChallengeAck. InCookie: 034120122075033002061144250201226125076246189030031084199181
[2022.07.07-17.24.52:275][ 48]LogNet: Server accepting post-challenge connection from: 127.0.0.1:59905
[2022.07.07-17.24.52:275][ 48]PacketHandlerLog: Loaded PacketHandler component: Engine.EngineHandlerComponentFactory (StatelessConnectHandlerComponent)
[2022.07.07-17.24.52:275][ 48]LogNet: NotifyAcceptedConnection: Name: TestMap, TimeStamp: 07/07/22 18:24:52, [UNetConnection] RemoteAddr: 127.0.0.1:59905, Name: IpConnection_1, Driver: GameNetDriver IpNetDriver_0, IsServer: YES, PC: NULL, Owner: NULL, UniqueId: INVALID
[2022.07.07-17.24.52:276][ 48]LogNet: AddClientConnection: Added client connection: [UNetConnection] RemoteAddr: 127.0.0.1:59905, Name: IpConnection_1, Driver: GameNetDriver IpNetDriver_0, IsServer: YES, PC: NULL, Owner: NULL, UniqueId: INVALID
[2022.07.07-17.24.52:604][ 58]LogNet: NotifyAcceptingChannel Control 0 server World /Game/Maps/TestMap.TestMap: Accepted
[2022.07.07-17.24.52:604][ 58]LogNet: Remote platform little endian=1
[2022.07.07-17.24.52:605][ 58]LogNet: This platform little endian=1
[2022.07.07-17.24.52:936][ 68]LogNet: Login request: ?Name=DESKTOP-QG36584-1E1BA9AB480C6560B8F7E198E12413B7 userId: NULL:DESKTOP-QG36584-1E1BA9AB480C6560B8F7E198E12413B7 platform: NULL
[2022.07.07-17.24.53:266][ 78]LogNet: Client netspeed is 100000
[2022.07.07-17.24.53:299][ 79]LogNet: Join request: /Engine/Maps/Entry?Name=DESKTOP-QG36584-1E1BA9AB480C6560B8F7E198E12413B7?SplitscreenCount=1
[2022.07.07-17.24.53:299][ 79]LogOnlineSession: Warning: OSS: No game present to join for session (GameSession)
[2022.07.07-17.24.53:302][ 79]LogScript: Warning: Accessed None trying to read property HUD reference
	BP_Myfpscharacter_C /Game/Maps/TestMap.TestMap:PersistentLevel.BP_Myfpscharacter_C_1
	Function /Game/Blueprints/BP_Myfpscharacter.BP_Myfpscharacter_C:ExecuteUbergraph_BP_Myfpscharacter:01B6
[2022.07.07-17.24.53:302][ 79]LogScript: Warning: Script call stack:
	Function /Game/Blueprints/BP_Myfpscharacter.BP_Myfpscharacter_C:ReceiveBeginPlay
	Function /Game/Blueprints/BP_Myfpscharacter.BP_Myfpscharacter_C:ExecuteUbergraph_BP_Myfpscharacter

[2022.07.07-17.24.53:303][ 79]LogNet: Join succeeded: DESKTOP-QG36584-1E1B
[2022.07.07-17.24.56:437][174]LogTemp: Warning: Sup
[2022.07.07-17.25.28:712][151]LogTemp: Warning: Sup
[2022.07.07-17.25.29:407][172]LogTemp: Warning: Sup
