Log file open, 11/09/22 19:25:24
LogWindows: Failed to load 'aqProf.dll' (GetLastError=126)
LogWindows: File 'aqProf.dll' does not exist
LogWindows: Failed to load 'VtuneApi.dll' (GetLastError=126)
LogWindows: File 'VtuneApi.dll' does not exist
LogWindows: Failed to load 'VtuneApi32e.dll' (GetLastError=126)
LogWindows: File 'VtuneApi32e.dll' does not exist
LogConsoleResponse: Display: Failed to find resolution value strings in scalability ini. Falling back to default.
LogConsoleResponse: Display: Failed to find resolution value strings in scalability ini. Falling back to default.
LogInit: Display: Running engine for game: fpsgame
LogPlatformFile: Not using cached read wrapper
LogTaskGraph: Started task graph with 5 named threads and 17 total threads with 3 sets of task threads.
LogStats: Stats thread started at 0.217205
LogICUInternationalization: ICU TimeZone Detection - Raw Offset: +0:00, Platform Override: ''
LogInit: Display: Loading text-based GConfig....
LogPluginManager: Mounting plugin MeshPainting
LogPluginManager: Mounting plugin XGEController
LogPluginManager: Mounting plugin Paper2D
LogPluginManager: Mounting plugin AISupport
LogPluginManager: Mounting plugin EnvironmentQueryEditor
LogPluginManager: Mounting plugin LiveLink
LogPluginManager: Mounting plugin LightPropagationVolume
LogPluginManager: Mounting plugin CameraShakePreviewer
LogPluginManager: Mounting plugin GameplayCameras
LogPluginManager: Mounting plugin OodleData
LogPluginManager: Mounting plugin OodleNetwork
LogPluginManager: Mounting plugin AnimationSharing
LogPluginManager: Mounting plugin CLionSourceCodeAccess
LogPluginManager: Mounting plugin CodeLiteSourceCodeAccess
LogPluginManager: Mounting plugin GitSourceControl
LogPluginManager: Mounting plugin KDevelopSourceCodeAccess
LogPluginManager: Mounting plugin NullSourceCodeAccess
LogPluginManager: Mounting plugin PerforceSourceControl
LogPluginManager: Mounting plugin PixWinPlugin
LogPluginManager: Mounting plugin PlasticSourceControl
LogPluginManager: Mounting plugin PluginUtils
LogPluginManager: Mounting plugin PropertyAccessNode
LogPluginManager: Mounting plugin RiderSourceCodeAccess
LogPluginManager: Mounting plugin SubversionSourceControl
LogPluginManager: Mounting plugin TextureFormatOodle
LogPluginManager: Mounting plugin UObjectPlugin
LogPluginManager: Mounting plugin VisualStudioCodeSourceCodeAccess
LogPluginManager: Mounting plugin VisualStudioSourceCodeAccess
LogPluginManager: Mounting plugin XCodeSourceCodeAccess
LogPluginManager: Mounting plugin AssetManagerEditor
LogPluginManager: Mounting plugin CryptoKeys
LogPluginManager: Mounting plugin CurveEditorTools
LogPluginManager: Mounting plugin DataValidation
LogPluginManager: Mounting plugin FacialAnimation
LogPluginManager: Mounting plugin GameplayTagsEditor
LogPluginManager: Mounting plugin GeometryMode
LogPluginManager: Mounting plugin MacGraphicsSwitching
LogPluginManager: Mounting plugin MaterialAnalyzer
LogPluginManager: Mounting plugin MobileLauncherProfileWizard
LogPluginManager: Mounting plugin PluginBrowser
LogPluginManager: Mounting plugin SpeedTreeImporter
LogPluginManager: Mounting plugin DatasmithContent
LogPluginManager: Mounting plugin VariantManagerContent
LogPluginManager: Mounting plugin AlembicImporter
LogPluginManager: Mounting plugin AutomationUtils
LogPluginManager: Mounting plugin BackChannel
LogPluginManager: Mounting plugin ChaosCloth
LogPluginManager: Mounting plugin ChaosClothEditor
LogPluginManager: Mounting plugin ChaosEditor
LogPluginManager: Mounting plugin ChaosNiagara
LogPluginManager: Mounting plugin ChaosSolverPlugin
LogPluginManager: Mounting plugin CharacterAI
LogPluginManager: Mounting plugin GeometryCache
LogPluginManager: Mounting plugin GeometryCollectionPlugin
LogPluginManager: Mounting plugin GeometryProcessing
LogPluginManager: Mounting plugin MotoSynth
LogPluginManager: Mounting plugin OpenImageDenoise
LogPluginManager: Mounting plugin PlanarCut
LogPluginManager: Mounting plugin PlatformCrypto
LogPluginManager: Mounting plugin ProxyLODPlugin
LogPluginManager: Mounting plugin PythonScriptPlugin
LogPluginManager: Mounting plugin SkeletalReduction
LogPluginManager: Mounting plugin Niagara
LogPluginManager: Mounting plugin LuminPlatformFeatures
LogPluginManager: Mounting plugin MagicLeap
LogPluginManager: Mounting plugin MagicLeapLightEstimation
LogPluginManager: Mounting plugin MagicLeapMedia
LogPluginManager: Mounting plugin MagicLeapPassableWorld
LogPluginManager: Mounting plugin MLSDK
LogPluginManager: Mounting plugin AndroidMedia
LogPluginManager: Mounting plugin AvfMedia
LogPluginManager: Mounting plugin ImgMedia
LogPluginManager: Mounting plugin MediaCompositing
LogPluginManager: Mounting plugin MediaPlayerEditor
LogPluginManager: Mounting plugin WebMMedia
LogPluginManager: Mounting plugin WmfMedia
LogPluginManager: Mounting plugin TcpMessaging
LogPluginManager: Mounting plugin UdpMessaging
LogPluginManager: Mounting plugin ActorSequence
LogPluginManager: Mounting plugin LevelSequenceEditor
LogPluginManager: Mounting plugin MatineeToLevelSequence
LogPluginManager: Mounting plugin TemplateSequence
LogPluginManager: Mounting plugin OnlineSubsystem
LogPluginManager: Mounting plugin OnlineSubsystemNull
LogPluginManager: Mounting plugin OnlineSubsystemUtils
LogPluginManager: Mounting plugin LauncherChunkInstaller
LogPluginManager: Mounting plugin ActorLayerUtilities
LogPluginManager: Mounting plugin AndroidDeviceProfileSelector
LogPluginManager: Mounting plugin AndroidMoviePlayer
LogPluginManager: Mounting plugin AndroidPermission
LogPluginManager: Mounting plugin AppleImageUtils
LogPluginManager: Mounting plugin AppleMoviePlayer
LogPluginManager: Mounting plugin ArchVisCharacter
LogPluginManager: Mounting plugin AssetTags
LogPluginManager: Mounting plugin AudioCapture
LogPluginManager: Mounting plugin AudioSynesthesia
LogPluginManager: Mounting plugin CableComponent
LogPluginManager: Mounting plugin ChunkDownloader
LogPluginManager: Mounting plugin CustomMeshComponent
LogPluginManager: Mounting plugin EditableMesh
LogPluginManager: Mounting plugin ExampleDeviceProfileSelector
LogPluginManager: Mounting plugin GoogleCloudMessaging
LogPluginManager: Mounting plugin GooglePAD
LogPluginManager: Mounting plugin IOSDeviceProfileSelector
LogPluginManager: Mounting plugin LinuxDeviceProfileSelector
LogPluginManager: Mounting plugin LocationServicesBPLibrary
LogPluginManager: Mounting plugin MobilePatchingUtils
LogPluginManager: Mounting plugin OpenXR
LogPluginManager: Mounting plugin OpenXREyeTracker
LogPluginManager: Mounting plugin OpenXRHandTracking
LogPluginManager: Mounting plugin PhysXVehicles
LogPluginManager: Mounting plugin PostSplashScreen
LogPluginManager: Mounting plugin ProceduralMeshComponent
LogPluginManager: Mounting plugin PropertyAccessEditor
LogPluginManager: Mounting plugin RuntimePhysXCooking
LogPluginManager: Mounting plugin SignificanceManager
LogPluginManager: Mounting plugin SoundFields
LogPluginManager: Mounting plugin Synthesis
LogPluginManager: Mounting plugin WebMMoviePlayer
LogPluginManager: Mounting plugin WindowsMoviePlayer
LogPluginManager: Mounting plugin ScreenshotTools
LogPluginManager: Mounting plugin Takes
LogPluginManager: Mounting plugin ContentBrowserAssetDataSource
LogPluginManager: Mounting plugin ContentBrowserClassDataSource
LogPluginManager: Mounting plugin ContentBrowserFileDataSource
LogPluginManager: Mounting plugin OnlineSubsystemGooglePlay
LogPluginManager: Mounting plugin OnlineSubsystemIOS
LogPluginManager: Mounting plugin OculusVR
LogPluginManager: Mounting plugin SteamVR
PixWinPlugin: PIX capture plugin failed to initialize! Check that the process is launched from PIX.
LogInit: Using libcurl 7.55.1-DEV
LogInit:  - built for x86_64-pc-win32
LogInit:  - supports SSL with OpenSSL/1.1.1
LogInit:  - supports HTTP deflate (compression) using libz 1.2.8
LogInit:  - other features:
LogInit:      CURL_VERSION_SSL
LogInit:      CURL_VERSION_LIBZ
LogInit:      CURL_VERSION_IPV6
LogInit:      CURL_VERSION_ASYNCHDNS
LogInit:      CURL_VERSION_LARGEFILE
LogInit:      CURL_VERSION_IDN
LogInit:  CurlRequestOptions (configurable via config and command line):
LogInit:  - bVerifyPeer = true  - Libcurl will verify peer certificate
LogInit:  - bUseHttpProxy = false  - Libcurl will NOT use HTTP proxy
LogInit:  - bDontReuseConnections = false  - Libcurl will reuse connections
LogInit:  - MaxHostConnections = 16  - Libcurl will limit the number of connections to a host
LogInit:  - LocalHostAddr = Default
LogInit:  - BufferSize = 65536
LogOnline: OSS: Creating online subsystem instance for: NULL
LogInit: WinSock: version 1.1 (2.2), MaxSocks=32767, MaxUdp=65467
LogOnline: OSS: TryLoadSubsystemAndSetDefault: Loaded subsystem for module [NULL]
LogInit: Build: ++UE4+Release-4.27-CL-18319896
LogInit: Engine Version: 4.27.2-18319896+++UE4+Release-4.27
LogInit: Compatible Engine Version: 4.27.0-17155196+++UE4+Release-4.27
LogInit: Net CL: 17155196
LogInit: OS: Windows 10 (Release 2009) (), CPU: AMD Ryzen 5 3600X 6-Core Processor             , GPU: AMD Radeon RX 5700 XT
LogInit: Compiled (64-bit): Nov 30 2021 07:12:08
LogInit: Compiled with Visual C++: 19.24.28315.00
LogInit: Build Configuration: Development
LogInit: Branch Name: ++UE4+Release-4.27
LogInit: Command Line:  /Game/Maps/TestMap -game -PIEVIACONSOLE -Multiprocess -server -log "GameUserSettingsINI=C:/Users/danie/Documents/Gamedev VR/game/UE4 game/fpsgame/Saved/Config/Windows/PIEGameUserSettings0.ini" -MultiprocessSaveConfig -forcepassthrough -messaging -SessionName="Play in Standalone Game" -port=17777 -PktLagMin=0 -PktLagMax=0 -PktLoss=0 -PktIncomingLagMin=0 -PktIncomingLagMax=0 -PktIncomingLoss=0 -windowed
LogInit: Base Directory: C:/Program Files/Epic Games/UE_4.27/Engine/Binaries/Win64/
LogInit: Allocator: TBB
LogInit: Installed Engine Build: 1
LogDevObjectVersion: Number of dev versions registered: 29
LogDevObjectVersion:   Dev-Blueprints (B0D832E4-1F89-4F0D-ACCF-7EB736FD4AA2): 10
LogDevObjectVersion:   Dev-Build (E1C64328-A22C-4D53-A36C-8E866417BD8C): 0
LogDevObjectVersion:   Dev-Core (375EC13C-06E4-48FB-B500-84F0262A717E): 4
LogDevObjectVersion:   Dev-Editor (E4B068ED-F494-42E9-A231-DA0B2E46BB41): 40
LogDevObjectVersion:   Dev-Framework (CFFC743F-43B0-4480-9391-14DF171D2073): 37
LogDevObjectVersion:   Dev-Mobile (B02B49B5-BB20-44E9-A304-32B752E40360): 3
LogDevObjectVersion:   Dev-Networking (A4E4105C-59A1-49B5-A7C5-40C4547EDFEE): 0
LogDevObjectVersion:   Dev-Online (39C831C9-5AE6-47DC-9A44-9C173E1C8E7C): 0
LogDevObjectVersion:   Dev-Physics (78F01B33-EBEA-4F98-B9B4-84EACCB95AA2): 14
LogDevObjectVersion:   Dev-Platform (6631380F-2D4D-43E0-8009-CF276956A95A): 0
LogDevObjectVersion:   Dev-Rendering (12F88B9F-8875-4AFC-A67C-D90C383ABD29): 45
LogDevObjectVersion:   Dev-Sequencer (7B5AE74C-D270-4C10-A958-57980B212A5A): 13
LogDevObjectVersion:   Dev-VR (D7296918-1DD6-4BDD-9DE2-64A83CC13884): 3
LogDevObjectVersion:   Dev-LoadTimes (C2A15278-BFE7-4AFE-6C17-90FF531DF755): 1
LogDevObjectVersion:   Private-Geometry (6EACA3D4-40EC-4CC1-B786-8BED09428FC5): 3
LogDevObjectVersion:   Dev-AnimPhys (29E575DD-E0A3-4627-9D10-D276232CDCEA): 17
LogDevObjectVersion:   Dev-Anim (AF43A65D-7FD3-4947-9873-3E8ED9C1BB05): 15
LogDevObjectVersion:   Dev-ReflectionCapture (6B266CEC-1EC7-4B8F-A30B-E4D90942FC07): 1
LogDevObjectVersion:   Dev-Automation (0DF73D61-A23F-47EA-B727-89E90C41499A): 1
LogDevObjectVersion:   FortniteMain (601D1886-AC64-4F84-AA16-D3DE0DEAC7D6): 47
LogDevObjectVersion:   FortniteRelease (E7086368-6B23-4C58-8439-1B7016265E91): 1
LogDevObjectVersion:   Dev-Enterprise (9DFFBCD6-494F-0158-E221-12823C92A888): 10
LogDevObjectVersion:   Dev-Niagara (F2AED0AC-9AFE-416F-8664-AA7FFA26D6FC): 1
LogDevObjectVersion:   Dev-Destruction (174F1F0B-B4C6-45A5-B13F-2EE8D0FB917D): 10
LogDevObjectVersion:   Dev-Physics-Ext (35F94A83-E258-406C-A318-09F59610247C): 41
LogDevObjectVersion:   Dev-PhysicsMaterial-Chaos (B68FC16E-8B1B-42E2-B453-215C058844FE): 1
LogDevObjectVersion:   Dev-CineCamera (B2E18506-4273-CFC2-A54E-F4BB758BBA07): 1
LogDevObjectVersion:   Dev-VirtualProduction (64F58936-FD1B-42BA-BA96-7289D5D0FA4E): 1
LogDevObjectVersion:   Dev-MediaFramework (6F0ED827-A609-4895-9C91-998D90180EA4): 2
LogInit: Presizing for max 25165824 objects, including 0 objects not considered by GC, pre-allocating 0 bytes for permanent pool.
LogConfig: Applying CVar settings from Section [/Script/Engine.StreamingSettings] File [C:/Users/danie/Documents/Gamedev VR/game/UE4 game/fpsgame/Saved/Config/Windows/Engine.ini]
LogConfig: Setting CVar [[s.MinBulkDataSizeForAsyncLoading:131072]]
LogConfig: Setting CVar [[s.AsyncLoadingThreadEnabled:0]]
LogConfig: Setting CVar [[s.EventDrivenLoaderEnabled:1]]
LogConfig: Setting CVar [[s.WarnIfTimeLimitExceeded:0]]
LogConfig: Setting CVar [[s.TimeLimitExceededMultiplier:1.5]]
LogConfig: Setting CVar [[s.TimeLimitExceededMinTime:0.005]]
LogConfig: Setting CVar [[s.UseBackgroundLevelStreaming:1]]
LogConfig: Setting CVar [[s.PriorityAsyncLoadingExtraTime:15.0]]
LogConfig: Setting CVar [[s.LevelStreamingActorsUpdateTimeLimit:5.0]]
LogConfig: Setting CVar [[s.PriorityLevelStreamingActorsUpdateExtraTime:5.0]]
LogConfig: Setting CVar [[s.LevelStreamingComponentsRegistrationGranularity:10]]
LogConfig: Setting CVar [[s.UnregisterComponentsTimeLimit:1.0]]
LogConfig: Setting CVar [[s.LevelStreamingComponentsUnregistrationGranularity:5]]
LogConfig: Setting CVar [[s.FlushStreamingOnExit:1]]
LogInit: Object subsystem initialized
LogConfig: Setting CVar [[con.DebugEarlyDefault:1]]
LogConfig: Setting CVar [[r.setres:1280x720]]
[2022.11.09-19.25.25:392][  0]LogConfig: Setting CVar [[con.DebugEarlyDefault:1]]
[2022.11.09-19.25.25:392][  0]LogConfig: Setting CVar [[r.setres:1280x720]]
[2022.11.09-19.25.25:392][  0]LogConfig: Applying CVar settings from Section [/Script/Engine.RendererSettings] File [C:/Users/danie/Documents/Gamedev VR/game/UE4 game/fpsgame/Saved/Config/Windows/Engine.ini]
[2022.11.09-19.25.25:393][  0]LogConfig: Setting CVar [[r.GPUCrashDebugging:0]]
[2022.11.09-19.25.25:393][  0]LogConfig: Setting CVar [[r.Mobile.DisableVertexFog:1]]
[2022.11.09-19.25.25:393][  0]LogConfig: Setting CVar [[r.Shadow.CSM.MaxMobileCascades:2]]
[2022.11.09-19.25.25:394][  0]LogConfig: Setting CVar [[r.MobileMSAA:1]]
[2022.11.09-19.25.25:394][  0]LogConfig: Setting CVar [[r.Mobile.AllowDitheredLODTransition:0]]
[2022.11.09-19.25.25:394][  0]LogConfig: Setting CVar [[r.Mobile.AllowSoftwareOcclusion:0]]
[2022.11.09-19.25.25:394][  0]LogConfig: Setting CVar [[r.Mobile.VirtualTextures:0]]
[2022.11.09-19.25.25:395][  0]LogConfig: Setting CVar [[r.DiscardUnusedQuality:0]]
[2022.11.09-19.25.25:395][  0]LogConfig: Setting CVar [[r.AllowOcclusionQueries:1]]
[2022.11.09-19.25.25:395][  0]LogConfig: Setting CVar [[r.MinScreenRadiusForLights:0.030000]]
[2022.11.09-19.25.25:395][  0]LogConfig: Setting CVar [[r.MinScreenRadiusForDepthPrepass:0.030000]]
[2022.11.09-19.25.25:396][  0]LogConfig: Setting CVar [[r.MinScreenRadiusForCSMDepth:0.010000]]
[2022.11.09-19.25.25:396][  0]LogConfig: Setting CVar [[r.PrecomputedVisibilityWarning:0]]
[2022.11.09-19.25.25:396][  0]LogConfig: Setting CVar [[r.TextureStreaming:1]]
[2022.11.09-19.25.25:397][  0]LogConfig: Setting CVar [[Compat.UseDXT5NormalMaps:0]]
[2022.11.09-19.25.25:399][  0]LogConfig: Setting CVar [[r.VirtualTextures:0]]
[2022.11.09-19.25.25:399][  0]LogConfig: Setting CVar [[r.VT.EnableAutoImport:1]]
[2022.11.09-19.25.25:399][  0]LogConfig: Setting CVar [[r.VirtualTexturedLightmaps:0]]
[2022.11.09-19.25.25:400][  0]LogConfig: Setting CVar [[r.VT.TileSize:128]]
[2022.11.09-19.25.25:400][  0]LogConfig: Setting CVar [[r.VT.TileBorderSize:4]]
[2022.11.09-19.25.25:400][  0]LogConfig: Setting CVar [[r.vt.FeedbackFactor:16]]
[2022.11.09-19.25.25:400][  0]LogConfig: Setting CVar [[r.VT.EnableCompressZlib:1]]
[2022.11.09-19.25.25:401][  0]LogConfig: Setting CVar [[r.VT.EnableCompressCrunch:0]]
[2022.11.09-19.25.25:401][  0]LogConfig: Setting CVar [[r.ClearCoatNormal:0]]
[2022.11.09-19.25.25:401][  0]LogConfig: Setting CVar [[r.ReflectionCaptureResolution:128]]
[2022.11.09-19.25.25:401][  0]LogConfig: Setting CVar [[r.Mobile.ReflectionCaptureCompression:0]]
[2022.11.09-19.25.25:402][  0]LogConfig: Setting CVar [[r.ReflectionEnvironmentLightmapMixBasedOnRoughness:1]]
[2022.11.09-19.25.25:402][  0]LogConfig: Setting CVar [[r.ForwardShading:0]]
[2022.11.09-19.25.25:402][  0]LogConfig: Setting CVar [[r.VertexFoggingForOpaque:1]]
[2022.11.09-19.25.25:403][  0]LogConfig: Setting CVar [[r.AllowStaticLighting:1]]
[2022.11.09-19.25.25:403][  0]LogConfig: Setting CVar [[r.NormalMapsForStaticLighting:0]]
[2022.11.09-19.25.25:403][  0]LogConfig: Setting CVar [[r.GenerateMeshDistanceFields:0]]
[2022.11.09-19.25.25:404][  0]LogConfig: Setting CVar [[r.DistanceFieldBuild.EightBit:0]]
[2022.11.09-19.25.25:404][  0]LogConfig: Setting CVar [[r.GenerateLandscapeGIData:0]]
[2022.11.09-19.25.25:404][  0]LogConfig: Setting CVar [[r.DistanceFieldBuild.Compress:0]]
[2022.11.09-19.25.25:404][  0]LogConfig: Setting CVar [[r.TessellationAdaptivePixelsPerTriangle:48.000000]]
[2022.11.09-19.25.25:404][  0]LogConfig: Setting CVar [[r.SeparateTranslucency:1]]
[2022.11.09-19.25.25:404][  0]LogConfig: Setting CVar [[r.TranslucentSortPolicy:0]]
[2022.11.09-19.25.25:405][  0]LogConfig: Setting CVar [[vr.VRS.HMDFixedFoveationLevel:0]]
[2022.11.09-19.25.25:405][  0]LogConfig: Setting CVar [[r.CustomDepth:1]]
[2022.11.09-19.25.25:405][  0]LogConfig: Setting CVar [[r.CustomDepthTemporalAAJitter:1]]
[2022.11.09-19.25.25:405][  0]LogConfig: Setting CVar [[r.PostProcessing.PropagateAlpha:0]]
[2022.11.09-19.25.25:406][  0]LogConfig: Setting CVar [[r.DefaultFeature.Bloom:1]]
[2022.11.09-19.25.25:406][  0]LogConfig: Setting CVar [[r.DefaultFeature.AmbientOcclusion:1]]
[2022.11.09-19.25.25:406][  0]LogConfig: Setting CVar [[r.DefaultFeature.AmbientOcclusionStaticFraction:1]]
[2022.11.09-19.25.25:406][  0]LogConfig: Setting CVar [[r.DefaultFeature.AutoExposure:0]]
[2022.11.09-19.25.25:407][  0]LogConfig: Setting CVar [[r.DefaultFeature.AutoExposure.Method:0]]
[2022.11.09-19.25.25:407][  0]LogConfig: Setting CVar [[r.DefaultFeature.AutoExposure.Bias:1.000000]]
[2022.11.09-19.25.25:407][  0]LogConfig: Setting CVar [[r.DefaultFeature.AutoExposure.ExtendDefaultLuminanceRange:0]]
[2022.11.09-19.25.25:407][  0]LogConfig: Setting CVar [[r.UsePreExposure:1]]
[2022.11.09-19.25.25:408][  0]LogConfig: Setting CVar [[r.EyeAdaptation.EditorOnly:0]]
[2022.11.09-19.25.25:408][  0]LogConfig: Setting CVar [[r.DefaultFeature.MotionBlur:0]]
[2022.11.09-19.25.25:408][  0]LogConfig: Setting CVar [[r.DefaultFeature.LensFlare:0]]
[2022.11.09-19.25.25:408][  0]LogConfig: Setting CVar [[r.TemporalAA.Upsampling:0]]
[2022.11.09-19.25.25:409][  0]LogConfig: Setting CVar [[r.SSGI.Enable:0]]
[2022.11.09-19.25.25:409][  0]LogConfig: Setting CVar [[r.DefaultFeature.AntiAliasing:0]]
[2022.11.09-19.25.25:409][  0]LogConfig: Setting CVar [[r.DefaultFeature.LightUnits:1]]
[2022.11.09-19.25.25:409][  0]LogConfig: Setting CVar [[r.DefaultBackBufferPixelFormat:4]]
[2022.11.09-19.25.25:410][  0]LogConfig: Setting CVar [[r.Shadow.UnbuiltPreviewInGame:1]]
[2022.11.09-19.25.25:410][  0]LogConfig: Setting CVar [[r.StencilForLODDither:0]]
[2022.11.09-19.25.25:410][  0]LogConfig: Setting CVar [[r.EarlyZPass:3]]
[2022.11.09-19.25.25:410][  0]LogConfig: Setting CVar [[r.EarlyZPassOnlyMaterialMasking:0]]
[2022.11.09-19.25.25:410][  0]LogConfig: Setting CVar [[r.DBuffer:1]]
[2022.11.09-19.25.25:411][  0]LogConfig: Setting CVar [[r.ClearSceneMethod:1]]
[2022.11.09-19.25.25:411][  0]LogConfig: Setting CVar [[r.BasePassOutputsVelocity:0]]
[2022.11.09-19.25.25:411][  0]LogConfig: Setting CVar [[r.VertexDeformationOutputsVelocity:0]]
[2022.11.09-19.25.25:411][  0]LogConfig: Setting CVar [[r.SelectiveBasePassOutputs:0]]
[2022.11.09-19.25.25:412][  0]LogConfig: Setting CVar [[fx.GPUSimulationTextureSizeX:1024]]
[2022.11.09-19.25.25:412][  0]LogConfig: Setting CVar [[fx.GPUSimulationTextureSizeY:1024]]
[2022.11.09-19.25.25:412][  0]LogConfig: Setting CVar [[r.AllowGlobalClipPlane:0]]
[2022.11.09-19.25.25:413][  0]LogConfig: Setting CVar [[r.GBufferFormat:1]]
[2022.11.09-19.25.25:415][  0]LogConfig: Setting CVar [[r.MorphTarget.Mode:1]]
[2022.11.09-19.25.25:415][  0]LogConfig: Setting CVar [[vr.InstancedStereo:0]]
[2022.11.09-19.25.25:415][  0]LogConfig: Setting CVar [[r.MobileHDR:1]]
[2022.11.09-19.25.25:415][  0]LogConfig: Setting CVar [[vr.MobileMultiView:0]]
[2022.11.09-19.25.25:416][  0]LogConfig: Setting CVar [[r.Mobile.UseHWsRGBEncoding:0]]
[2022.11.09-19.25.25:416][  0]LogConfig: Setting CVar [[vr.RoundRobinOcclusion:0]]
[2022.11.09-19.25.25:416][  0]LogConfig: Setting CVar [[vr.ODSCapture:0]]
[2022.11.09-19.25.25:416][  0]LogConfig: Setting CVar [[r.MeshStreaming:0]]
[2022.11.09-19.25.25:417][  0]LogConfig: Setting CVar [[r.WireframeCullThreshold:5.000000]]
[2022.11.09-19.25.25:417][  0]LogConfig: Setting CVar [[r.RayTracing:0]]
[2022.11.09-19.25.25:417][  0]LogConfig: Setting CVar [[r.RayTracing.UseTextureLod:0]]
[2022.11.09-19.25.25:417][  0]LogConfig: Setting CVar [[r.SupportStationarySkylight:1]]
[2022.11.09-19.25.25:418][  0]LogConfig: Setting CVar [[r.SupportLowQualityLightmaps:1]]
[2022.11.09-19.25.25:418][  0]LogConfig: Setting CVar [[r.SupportPointLightWholeSceneShadows:1]]
[2022.11.09-19.25.25:418][  0]LogConfig: Setting CVar [[r.SupportAtmosphericFog:1]]
[2022.11.09-19.25.25:418][  0]LogConfig: Setting CVar [[r.SupportSkyAtmosphere:1]]
[2022.11.09-19.25.25:419][  0]LogConfig: Setting CVar [[r.SupportSkyAtmosphereAffectsHeightFog:0]]
[2022.11.09-19.25.25:419][  0]LogConfig: Setting CVar [[r.SkinCache.CompileShaders:0]]
[2022.11.09-19.25.25:419][  0]LogConfig: Setting CVar [[r.SkinCache.DefaultBehavior:1]]
[2022.11.09-19.25.25:419][  0]LogConfig: Setting CVar [[r.SkinCache.SceneMemoryLimitInMB:128.000000]]
[2022.11.09-19.25.25:419][  0]LogConfig: Setting CVar [[r.Mobile.EnableStaticAndCSMShadowReceivers:1]]
[2022.11.09-19.25.25:420][  0]LogConfig: Setting CVar [[r.Mobile.EnableMovableLightCSMShaderCulling:1]]
[2022.11.09-19.25.25:420][  0]LogConfig: Setting CVar [[r.Mobile.AllowDistanceFieldShadows:1]]
[2022.11.09-19.25.25:420][  0]LogConfig: Setting CVar [[r.Mobile.AllowMovableDirectionalLights:1]]
[2022.11.09-19.25.25:420][  0]LogConfig: Setting CVar [[r.MobileNumDynamicPointLights:4]]
[2022.11.09-19.25.25:421][  0]LogConfig: Setting CVar [[r.MobileDynamicPointLightsUseStaticBranch:1]]
[2022.11.09-19.25.25:421][  0]LogConfig: Setting CVar [[r.Mobile.EnableMovableSpotlights:0]]
[2022.11.09-19.25.25:421][  0]LogConfig: Setting CVar [[r.Mobile.EnableMovableSpotlightsShadow:0]]
[2022.11.09-19.25.25:421][  0]LogConfig: Setting CVar [[r.GPUSkin.Support16BitBoneIndex:0]]
[2022.11.09-19.25.25:421][  0]LogConfig: Setting CVar [[r.GPUSkin.Limit2BoneInfluences:0]]
[2022.11.09-19.25.25:422][  0]LogConfig: Setting CVar [[r.SupportDepthOnlyIndexBuffers:1]]
[2022.11.09-19.25.25:422][  0]LogConfig: Setting CVar [[r.SupportReversedIndexBuffers:1]]
[2022.11.09-19.25.25:422][  0]LogConfig: Setting CVar [[r.LightPropagationVolume:0]]
[2022.11.09-19.25.25:423][  0]LogConfig: Setting CVar [[r.Mobile.AmbientOcclusion:0]]
[2022.11.09-19.25.25:423][  0]LogConfig: Setting CVar [[r.GPUSkin.UnlimitedBoneInfluences:0]]
[2022.11.09-19.25.25:423][  0]LogConfig: Setting CVar [[r.GPUSkin.UnlimitedBoneInfluencesThreshold:8]]
[2022.11.09-19.25.25:423][  0]LogConfig: Setting CVar [[r.Mobile.PlanarReflectionMode:0]]
[2022.11.09-19.25.25:424][  0]LogConfig: Setting CVar [[r.Mobile.SupportsGen4TAA:0]]
[2022.11.09-19.25.25:424][  0]LogConfig: Applying CVar settings from Section [/Script/Engine.RendererOverrideSettings] File [C:/Users/danie/Documents/Gamedev VR/game/UE4 game/fpsgame/Saved/Config/Windows/Engine.ini]
[2022.11.09-19.25.25:424][  0]LogConfig: Applying CVar settings from Section [/Script/Engine.StreamingSettings] File [C:/Users/danie/Documents/Gamedev VR/game/UE4 game/fpsgame/Saved/Config/Windows/Engine.ini]
[2022.11.09-19.25.25:424][  0]LogConfig: Setting CVar [[s.MinBulkDataSizeForAsyncLoading:131072]]
[2022.11.09-19.25.25:425][  0]LogConfig: Setting CVar [[s.AsyncLoadingThreadEnabled:0]]
[2022.11.09-19.25.25:425][  0]LogConfig: Setting CVar [[s.EventDrivenLoaderEnabled:1]]
[2022.11.09-19.25.25:425][  0]LogConfig: Setting CVar [[s.WarnIfTimeLimitExceeded:0]]
[2022.11.09-19.25.25:425][  0]LogConfig: Setting CVar [[s.TimeLimitExceededMultiplier:1.5]]
[2022.11.09-19.25.25:426][  0]LogConfig: Setting CVar [[s.TimeLimitExceededMinTime:0.005]]
[2022.11.09-19.25.25:426][  0]LogConfig: Setting CVar [[s.UseBackgroundLevelStreaming:1]]
[2022.11.09-19.25.25:426][  0]LogConfig: Setting CVar [[s.PriorityAsyncLoadingExtraTime:15.0]]
[2022.11.09-19.25.25:426][  0]LogConfig: Setting CVar [[s.LevelStreamingActorsUpdateTimeLimit:5.0]]
[2022.11.09-19.25.25:427][  0]LogConfig: Setting CVar [[s.PriorityLevelStreamingActorsUpdateExtraTime:5.0]]
[2022.11.09-19.25.25:427][  0]LogConfig: Setting CVar [[s.LevelStreamingComponentsRegistrationGranularity:10]]
[2022.11.09-19.25.25:427][  0]LogConfig: Setting CVar [[s.UnregisterComponentsTimeLimit:1.0]]
[2022.11.09-19.25.25:427][  0]LogConfig: Setting CVar [[s.LevelStreamingComponentsUnregistrationGranularity:5]]
[2022.11.09-19.25.25:427][  0]LogConfig: Setting CVar [[s.FlushStreamingOnExit:1]]
[2022.11.09-19.25.25:427][  0]LogConfig: Applying CVar settings from Section [/Script/Engine.GarbageCollectionSettings] File [C:/Users/danie/Documents/Gamedev VR/game/UE4 game/fpsgame/Saved/Config/Windows/Engine.ini]
[2022.11.09-19.25.25:427][  0]LogConfig: Setting CVar [[gc.MaxObjectsNotConsideredByGC:1]]
[2022.11.09-19.25.25:428][  0]LogConfig: Setting CVar [[gc.SizeOfPermanentObjectPool:0]]
[2022.11.09-19.25.25:430][  0]LogConfig: Setting CVar [[gc.FlushStreamingOnGC:0]]
[2022.11.09-19.25.25:430][  0]LogConfig: Setting CVar [[gc.NumRetriesBeforeForcingGC:10]]
[2022.11.09-19.25.25:431][  0]LogConfig: Setting CVar [[gc.AllowParallelGC:1]]
[2022.11.09-19.25.25:431][  0]LogConfig: Setting CVar [[gc.TimeBetweenPurgingPendingKillObjects:61.1]]
[2022.11.09-19.25.25:431][  0]LogConfig: Setting CVar [[gc.MaxObjectsInEditor:25165824]]
[2022.11.09-19.25.25:431][  0]LogConfig: Setting CVar [[gc.IncrementalBeginDestroyEnabled:1]]
[2022.11.09-19.25.25:432][  0]LogConfig: Setting CVar [[gc.CreateGCClusters:1]]
[2022.11.09-19.25.25:432][  0]LogConfig: Setting CVar [[gc.MinGCClusterSize:5]]
[2022.11.09-19.25.25:432][  0]LogConfig: Setting CVar [[gc.ActorClusteringEnabled:0]]
[2022.11.09-19.25.25:432][  0]LogConfig: Setting CVar [[gc.BlueprintClusteringEnabled:0]]
[2022.11.09-19.25.25:433][  0]LogConfig: Setting CVar [[gc.UseDisregardForGCOnDedicatedServers:0]]
[2022.11.09-19.25.25:433][  0]LogConfig: Setting CVar [[gc.MultithreadedDestructionEnabled:1]]
[2022.11.09-19.25.25:433][  0]LogConfig: Applying CVar settings from Section [/Script/Engine.NetworkSettings] File [C:/Users/danie/Documents/Gamedev VR/game/UE4 game/fpsgame/Saved/Config/Windows/Engine.ini]
[2022.11.09-19.25.25:434][  0]LogConfig: Applying CVar settings from Section [/Script/UnrealEd.CookerSettings] File [C:/Users/danie/Documents/Gamedev VR/game/UE4 game/fpsgame/Saved/Config/Windows/Engine.ini]
[2022.11.09-19.25.25:434][  0]LogConfig: Applying CVar settings from Section [ViewDistanceQuality@3] File [C:/Users/danie/Documents/Gamedev VR/game/UE4 game/fpsgame/Saved/Config/Windows/Scalability.ini]
[2022.11.09-19.25.25:434][  0]LogConfig: Setting CVar [[r.SkeletalMeshLODBias:0]]
[2022.11.09-19.25.25:434][  0]LogConfig: Setting CVar [[r.ViewDistanceScale:1.0]]
[2022.11.09-19.25.25:435][  0]LogConfig: Applying CVar settings from Section [AntiAliasingQuality@3] File [C:/Users/danie/Documents/Gamedev VR/game/UE4 game/fpsgame/Saved/Config/Windows/Scalability.ini]
[2022.11.09-19.25.25:435][  0]LogConfig: Setting CVar [[r.PostProcessAAQuality:4]]
[2022.11.09-19.25.25:435][  0]LogConfig: Applying CVar settings from Section [ShadowQuality@3] File [C:/Users/danie/Documents/Gamedev VR/game/UE4 game/fpsgame/Saved/Config/Windows/Scalability.ini]
[2022.11.09-19.25.25:436][  0]LogConfig: Setting CVar [[r.LightFunctionQuality:1]]
[2022.11.09-19.25.25:436][  0]LogConfig: Setting CVar [[r.ShadowQuality:5]]
[2022.11.09-19.25.25:436][  0]LogConfig: Setting CVar [[r.Shadow.CSM.MaxCascades:10]]
[2022.11.09-19.25.25:437][  0]LogConfig: Setting CVar [[r.Shadow.MaxResolution:2048]]
[2022.11.09-19.25.25:437][  0]LogConfig: Setting CVar [[r.Shadow.MaxCSMResolution:2048]]
[2022.11.09-19.25.25:437][  0]LogConfig: Setting CVar [[r.Shadow.RadiusThreshold:0.01]]
[2022.11.09-19.25.25:437][  0]LogConfig: Setting CVar [[r.Shadow.DistanceScale:1.0]]
[2022.11.09-19.25.25:438][  0]LogConfig: Setting CVar [[r.Shadow.CSM.TransitionScale:1.0]]
[2022.11.09-19.25.25:438][  0]LogConfig: Setting CVar [[r.Shadow.PreShadowResolutionFactor:1.0]]
[2022.11.09-19.25.25:438][  0]LogConfig: Setting CVar [[r.DistanceFieldShadowing:1]]
[2022.11.09-19.25.25:439][  0]LogConfig: Setting CVar [[r.DistanceFieldAO:1]]
[2022.11.09-19.25.25:439][  0]LogConfig: Setting CVar [[r.AOQuality:2]]
[2022.11.09-19.25.25:439][  0]LogConfig: Setting CVar [[r.VolumetricFog:1]]
[2022.11.09-19.25.25:439][  0]LogConfig: Setting CVar [[r.VolumetricFog.GridPixelSize:8]]
[2022.11.09-19.25.25:440][  0]LogConfig: Setting CVar [[r.VolumetricFog.GridSizeZ:128]]
[2022.11.09-19.25.25:440][  0]LogConfig: Setting CVar [[r.VolumetricFog.HistoryMissSupersampleCount:4]]
[2022.11.09-19.25.25:440][  0]LogConfig: Setting CVar [[r.LightMaxDrawDistanceScale:1]]
[2022.11.09-19.25.25:440][  0]LogConfig: Setting CVar [[r.CapsuleShadows:1]]
[2022.11.09-19.25.25:441][  0]LogConfig: Applying CVar settings from Section [PostProcessQuality@3] File [C:/Users/danie/Documents/Gamedev VR/game/UE4 game/fpsgame/Saved/Config/Windows/Scalability.ini]
[2022.11.09-19.25.25:441][  0]LogConfig: Setting CVar [[r.MotionBlurQuality:4]]
[2022.11.09-19.25.25:441][  0]LogConfig: Setting CVar [[r.AmbientOcclusionMipLevelFactor:0.4]]
[2022.11.09-19.25.25:441][  0]LogConfig: Setting CVar [[r.AmbientOcclusionMaxQuality:100]]
[2022.11.09-19.25.25:442][  0]LogConfig: Setting CVar [[r.AmbientOcclusionLevels:-1]]
[2022.11.09-19.25.25:442][  0]LogConfig: Setting CVar [[r.AmbientOcclusionRadiusScale:1.0]]
[2022.11.09-19.25.25:442][  0]LogConfig: Setting CVar [[r.DepthOfFieldQuality:2]]
[2022.11.09-19.25.25:442][  0]LogConfig: Setting CVar [[r.RenderTargetPoolMin:400]]
[2022.11.09-19.25.25:443][  0]LogConfig: Setting CVar [[r.LensFlareQuality:2]]
[2022.11.09-19.25.25:443][  0]LogConfig: Setting CVar [[r.SceneColorFringeQuality:1]]
[2022.11.09-19.25.25:443][  0]LogConfig: Setting CVar [[r.EyeAdaptationQuality:2]]
[2022.11.09-19.25.25:443][  0]LogConfig: Setting CVar [[r.BloomQuality:5]]
[2022.11.09-19.25.25:446][  0]LogConfig: Setting CVar [[r.FastBlurThreshold:100]]
[2022.11.09-19.25.25:446][  0]LogConfig: Setting CVar [[r.Upscale.Quality:3]]
[2022.11.09-19.25.25:446][  0]LogConfig: Setting CVar [[r.Tonemapper.GrainQuantization:1]]
[2022.11.09-19.25.25:446][  0]LogConfig: Setting CVar [[r.LightShaftQuality:1]]
[2022.11.09-19.25.25:447][  0]LogConfig: Setting CVar [[r.Filter.SizeScale:1]]
[2022.11.09-19.25.25:447][  0]LogConfig: Setting CVar [[r.Tonemapper.Quality:5]]
[2022.11.09-19.25.25:447][  0]LogConfig: Setting CVar [[r.DOF.Gather.AccumulatorQuality:1        ; higher gathering accumulator quality]]
[2022.11.09-19.25.25:447][  0]LogConfig: Setting CVar [[r.DOF.Gather.PostfilterMethod:1          ; Median3x3 postfilering method]]
[2022.11.09-19.25.25:448][  0]LogConfig: Setting CVar [[r.DOF.Gather.EnableBokehSettings:0       ; no bokeh simulation when gathering]]
[2022.11.09-19.25.25:448][  0]LogConfig: Setting CVar [[r.DOF.Gather.RingCount:4                 ; medium number of samples when gathering]]
[2022.11.09-19.25.25:448][  0]LogConfig: Setting CVar [[r.DOF.Scatter.ForegroundCompositing:1    ; additive foreground scattering]]
[2022.11.09-19.25.25:448][  0]LogConfig: Setting CVar [[r.DOF.Scatter.BackgroundCompositing:2    ; additive background scattering]]
[2022.11.09-19.25.25:449][  0]LogConfig: Setting CVar [[r.DOF.Scatter.EnableBokehSettings:1      ; bokeh simulation when scattering]]
[2022.11.09-19.25.25:449][  0]LogConfig: Setting CVar [[r.DOF.Scatter.MaxSpriteRatio:0.1         ; only a maximum of 10% of scattered bokeh]]
[2022.11.09-19.25.25:449][  0]LogConfig: Setting CVar [[r.DOF.Recombine.Quality:1                ; cheap slight out of focus]]
[2022.11.09-19.25.25:449][  0]LogConfig: Setting CVar [[r.DOF.Recombine.EnableBokehSettings:0    ; no bokeh simulation on slight out of focus]]
[2022.11.09-19.25.25:450][  0]LogConfig: Setting CVar [[r.DOF.TemporalAAQuality:1                ; more stable temporal accumulation]]
[2022.11.09-19.25.25:450][  0]LogConfig: Setting CVar [[r.DOF.Kernel.MaxForegroundRadius:0.025]]
[2022.11.09-19.25.25:450][  0]LogConfig: Setting CVar [[r.DOF.Kernel.MaxBackgroundRadius:0.025]]
[2022.11.09-19.25.25:450][  0]LogConfig: Applying CVar settings from Section [TextureQuality@3] File [C:/Users/danie/Documents/Gamedev VR/game/UE4 game/fpsgame/Saved/Config/Windows/Scalability.ini]
[2022.11.09-19.25.25:451][  0]LogConfig: Setting CVar [[r.Streaming.MipBias:0]]
[2022.11.09-19.25.25:451][  0]LogConfig: Setting CVar [[r.Streaming.AmortizeCPUToGPUCopy:0]]
[2022.11.09-19.25.25:451][  0]LogConfig: Setting CVar [[r.Streaming.MaxNumTexturesToStreamPerFrame:0]]
[2022.11.09-19.25.25:451][  0]LogConfig: Setting CVar [[r.Streaming.Boost:1]]
[2022.11.09-19.25.25:452][  0]LogConfig: Setting CVar [[r.MaxAnisotropy:8]]
[2022.11.09-19.25.25:452][  0]LogConfig: Setting CVar [[r.VT.MaxAnisotropy:8]]
[2022.11.09-19.25.25:452][  0]LogConfig: Setting CVar [[r.Streaming.LimitPoolSizeToVRAM:0]]
[2022.11.09-19.25.25:452][  0]LogConfig: Setting CVar [[r.Streaming.PoolSize:1000]]
[2022.11.09-19.25.25:453][  0]LogConfig: Setting CVar [[r.Streaming.MaxEffectiveScreenSize:0]]
[2022.11.09-19.25.25:453][  0]LogConfig: Applying CVar settings from Section [EffectsQuality@3] File [C:/Users/danie/Documents/Gamedev VR/game/UE4 game/fpsgame/Saved/Config/Windows/Scalability.ini]
[2022.11.09-19.25.25:453][  0]LogConfig: Setting CVar [[r.TranslucencyLightingVolumeDim:64]]
[2022.11.09-19.25.25:454][  0]LogConfig: Setting CVar [[r.RefractionQuality:2]]
[2022.11.09-19.25.25:454][  0]LogConfig: Setting CVar [[r.SSR.Quality:3]]
[2022.11.09-19.25.25:454][  0]LogConfig: Setting CVar [[r.SSR.HalfResSceneColor:0]]
[2022.11.09-19.25.25:454][  0]LogConfig: Setting CVar [[r.SceneColorFormat:4]]
[2022.11.09-19.25.25:455][  0]LogConfig: Setting CVar [[r.DetailMode:2]]
[2022.11.09-19.25.25:455][  0]LogConfig: Setting CVar [[r.TranslucencyVolumeBlur:1]]
[2022.11.09-19.25.25:455][  0]LogConfig: Setting CVar [[r.MaterialQualityLevel:1 ; High quality]]
[2022.11.09-19.25.25:455][  0]LogConfig: Setting CVar [[r.AnisotropicMaterials:1]]
[2022.11.09-19.25.25:456][  0]LogConfig: Setting CVar [[r.SSS.Scale:1]]
[2022.11.09-19.25.25:456][  0]LogConfig: Setting CVar [[r.SSS.SampleSet:2]]
[2022.11.09-19.25.25:456][  0]LogConfig: Setting CVar [[r.SSS.Quality:1]]
[2022.11.09-19.25.25:456][  0]LogConfig: Setting CVar [[r.SSS.HalfRes:0]]
[2022.11.09-19.25.25:457][  0]LogConfig: Setting CVar [[r.SSGI.Quality:3]]
[2022.11.09-19.25.25:457][  0]LogConfig: Setting CVar [[r.EmitterSpawnRateScale:1.0]]
[2022.11.09-19.25.25:457][  0]LogConfig: Setting CVar [[r.ParticleLightQuality:2]]
[2022.11.09-19.25.25:457][  0]LogConfig: Setting CVar [[r.SkyAtmosphere.AerialPerspectiveLUT.FastApplyOnOpaque:1 ; Always have FastSkyLUT 1 in this case to avoid wrong sky]]
[2022.11.09-19.25.25:458][  0]LogConfig: Setting CVar [[r.SkyAtmosphere.AerialPerspectiveLUT.SampleCountMaxPerSlice:4]]
[2022.11.09-19.25.25:458][  0]LogConfig: Setting CVar [[r.SkyAtmosphere.AerialPerspectiveLUT.DepthResolution:16.0]]
[2022.11.09-19.25.25:458][  0]LogConfig: Setting CVar [[r.SkyAtmosphere.FastSkyLUT:1]]
[2022.11.09-19.25.25:458][  0]LogConfig: Setting CVar [[r.SkyAtmosphere.FastSkyLUT.SampleCountMin:4.0]]
[2022.11.09-19.25.25:459][  0]LogConfig: Setting CVar [[r.SkyAtmosphere.FastSkyLUT.SampleCountMax:128.0]]
[2022.11.09-19.25.25:461][  0]LogConfig: Setting CVar [[r.SkyAtmosphere.SampleCountMin:4.0]]
[2022.11.09-19.25.25:462][  0]LogConfig: Setting CVar [[r.SkyAtmosphere.SampleCountMax:128.0]]
[2022.11.09-19.25.25:462][  0]LogConfig: Setting CVar [[r.SkyAtmosphere.TransmittanceLUT.UseSmallFormat:0]]
[2022.11.09-19.25.25:462][  0]LogConfig: Setting CVar [[r.SkyAtmosphere.TransmittanceLUT.SampleCount:10.0]]
[2022.11.09-19.25.25:463][  0]LogConfig: Setting CVar [[r.SkyAtmosphere.MultiScatteringLUT.SampleCount:15.0]]
[2022.11.09-19.25.25:463][  0]LogConfig: Setting CVar [[r.SkyLight.RealTimeReflectionCapture:1]]
[2022.11.09-19.25.25:464][  0]LogConfig: Applying CVar settings from Section [FoliageQuality@3] File [C:/Users/danie/Documents/Gamedev VR/game/UE4 game/fpsgame/Saved/Config/Windows/Scalability.ini]
[2022.11.09-19.25.25:464][  0]LogConfig: Setting CVar [[foliage.DensityScale:1.0]]
[2022.11.09-19.25.25:464][  0]LogConfig: Setting CVar [[grass.DensityScale:1.0]]
[2022.11.09-19.25.25:465][  0]LogConfig: Applying CVar settings from Section [ShadingQuality@3] File [C:/Users/danie/Documents/Gamedev VR/game/UE4 game/fpsgame/Saved/Config/Windows/Scalability.ini]
[2022.11.09-19.25.25:465][  0]LogConfig: Setting CVar [[r.HairStrands.SkyLighting.IntegrationType:2]]
[2022.11.09-19.25.25:465][  0]LogConfig: Setting CVar [[r.HairStrands.SkyAO.SampleCount:4]]
[2022.11.09-19.25.25:465][  0]LogConfig: Setting CVar [[r.HairStrands.Visibility.MSAA.SamplePerPixel:4]]
[2022.11.09-19.25.25:466][  0]LogInit: Selected Device Profile: [Windows]
[2022.11.09-19.25.25:466][  0]LogInit: Applying CVar settings loaded from the selected device profile: [Windows]
[2022.11.09-19.25.25:466][  0]LogHAL: Display: Platform has ~ 16 GB [17128247296 / 17179869184 / 16], which maps to Larger [LargestMinGB=32, LargerMinGB=12, DefaultMinGB=8, SmallerMinGB=6, SmallestMinGB=0)
[2022.11.09-19.25.25:466][  0]LogInit: Going up to parent DeviceProfile []
[2022.11.09-19.25.25:467][  0]LogConfig: Applying CVar settings from Section [ViewDistanceQuality@3] File [C:/Users/danie/Documents/Gamedev VR/game/UE4 game/fpsgame/Saved/Config/Windows/Scalability.ini]
[2022.11.09-19.25.25:467][  0]LogConfig: Setting CVar [[r.SkeletalMeshLODBias:0]]
[2022.11.09-19.25.25:467][  0]LogConfig: Setting CVar [[r.ViewDistanceScale:1.0]]
[2022.11.09-19.25.25:467][  0]LogConfig: Applying CVar settings from Section [AntiAliasingQuality@3] File [C:/Users/danie/Documents/Gamedev VR/game/UE4 game/fpsgame/Saved/Config/Windows/Scalability.ini]
[2022.11.09-19.25.25:468][  0]LogConfig: Setting CVar [[r.PostProcessAAQuality:4]]
[2022.11.09-19.25.25:468][  0]LogConfig: Applying CVar settings from Section [ShadowQuality@3] File [C:/Users/danie/Documents/Gamedev VR/game/UE4 game/fpsgame/Saved/Config/Windows/Scalability.ini]
[2022.11.09-19.25.25:468][  0]LogConfig: Setting CVar [[r.LightFunctionQuality:1]]
[2022.11.09-19.25.25:468][  0]LogConfig: Setting CVar [[r.ShadowQuality:5]]
[2022.11.09-19.25.25:469][  0]LogConfig: Setting CVar [[r.Shadow.CSM.MaxCascades:10]]
[2022.11.09-19.25.25:469][  0]LogConfig: Setting CVar [[r.Shadow.MaxResolution:2048]]
[2022.11.09-19.25.25:469][  0]LogConfig: Setting CVar [[r.Shadow.MaxCSMResolution:2048]]
[2022.11.09-19.25.25:469][  0]LogConfig: Setting CVar [[r.Shadow.RadiusThreshold:0.01]]
[2022.11.09-19.25.25:470][  0]LogConfig: Setting CVar [[r.Shadow.DistanceScale:1.0]]
[2022.11.09-19.25.25:470][  0]LogConfig: Setting CVar [[r.Shadow.CSM.TransitionScale:1.0]]
[2022.11.09-19.25.25:470][  0]LogConfig: Setting CVar [[r.Shadow.PreShadowResolutionFactor:1.0]]
[2022.11.09-19.25.25:471][  0]LogConfig: Setting CVar [[r.DistanceFieldShadowing:1]]
[2022.11.09-19.25.25:471][  0]LogConfig: Setting CVar [[r.DistanceFieldAO:1]]
[2022.11.09-19.25.25:471][  0]LogConfig: Setting CVar [[r.AOQuality:2]]
[2022.11.09-19.25.25:471][  0]LogConfig: Setting CVar [[r.VolumetricFog:1]]
[2022.11.09-19.25.25:471][  0]LogConfig: Setting CVar [[r.VolumetricFog.GridPixelSize:8]]
[2022.11.09-19.25.25:472][  0]LogConfig: Setting CVar [[r.VolumetricFog.GridSizeZ:128]]
[2022.11.09-19.25.25:472][  0]LogConfig: Setting CVar [[r.VolumetricFog.HistoryMissSupersampleCount:4]]
[2022.11.09-19.25.25:472][  0]LogConfig: Setting CVar [[r.LightMaxDrawDistanceScale:1]]
[2022.11.09-19.25.25:472][  0]LogConfig: Setting CVar [[r.CapsuleShadows:1]]
[2022.11.09-19.25.25:473][  0]LogConfig: Applying CVar settings from Section [PostProcessQuality@3] File [C:/Users/danie/Documents/Gamedev VR/game/UE4 game/fpsgame/Saved/Config/Windows/Scalability.ini]
[2022.11.09-19.25.25:473][  0]LogConfig: Setting CVar [[r.MotionBlurQuality:4]]
[2022.11.09-19.25.25:473][  0]LogConfig: Setting CVar [[r.AmbientOcclusionMipLevelFactor:0.4]]
[2022.11.09-19.25.25:473][  0]LogConfig: Setting CVar [[r.AmbientOcclusionMaxQuality:100]]
[2022.11.09-19.25.25:474][  0]LogConfig: Setting CVar [[r.AmbientOcclusionLevels:-1]]
[2022.11.09-19.25.25:474][  0]LogConfig: Setting CVar [[r.AmbientOcclusionRadiusScale:1.0]]
[2022.11.09-19.25.25:474][  0]LogConfig: Setting CVar [[r.DepthOfFieldQuality:2]]
[2022.11.09-19.25.25:474][  0]LogConfig: Setting CVar [[r.RenderTargetPoolMin:400]]
[2022.11.09-19.25.25:475][  0]LogConfig: Setting CVar [[r.LensFlareQuality:2]]
[2022.11.09-19.25.25:477][  0]LogConfig: Setting CVar [[r.SceneColorFringeQuality:1]]
[2022.11.09-19.25.25:477][  0]LogConfig: Setting CVar [[r.EyeAdaptationQuality:2]]
[2022.11.09-19.25.25:478][  0]LogConfig: Setting CVar [[r.BloomQuality:5]]
[2022.11.09-19.25.25:478][  0]LogConfig: Setting CVar [[r.FastBlurThreshold:100]]
[2022.11.09-19.25.25:478][  0]LogConfig: Setting CVar [[r.Upscale.Quality:3]]
[2022.11.09-19.25.25:478][  0]LogConfig: Setting CVar [[r.Tonemapper.GrainQuantization:1]]
[2022.11.09-19.25.25:479][  0]LogConfig: Setting CVar [[r.LightShaftQuality:1]]
[2022.11.09-19.25.25:479][  0]LogConfig: Setting CVar [[r.Filter.SizeScale:1]]
[2022.11.09-19.25.25:479][  0]LogConfig: Setting CVar [[r.Tonemapper.Quality:5]]
[2022.11.09-19.25.25:479][  0]LogConfig: Setting CVar [[r.DOF.Gather.AccumulatorQuality:1        ; higher gathering accumulator quality]]
[2022.11.09-19.25.25:480][  0]LogConfig: Setting CVar [[r.DOF.Gather.PostfilterMethod:1          ; Median3x3 postfilering method]]
[2022.11.09-19.25.25:480][  0]LogConfig: Setting CVar [[r.DOF.Gather.EnableBokehSettings:0       ; no bokeh simulation when gathering]]
[2022.11.09-19.25.25:480][  0]LogConfig: Setting CVar [[r.DOF.Gather.RingCount:4                 ; medium number of samples when gathering]]
[2022.11.09-19.25.25:480][  0]LogConfig: Setting CVar [[r.DOF.Scatter.ForegroundCompositing:1    ; additive foreground scattering]]
[2022.11.09-19.25.25:480][  0]LogConfig: Setting CVar [[r.DOF.Scatter.BackgroundCompositing:2    ; additive background scattering]]
[2022.11.09-19.25.25:481][  0]LogConfig: Setting CVar [[r.DOF.Scatter.EnableBokehSettings:1      ; bokeh simulation when scattering]]
[2022.11.09-19.25.25:481][  0]LogConfig: Setting CVar [[r.DOF.Scatter.MaxSpriteRatio:0.1         ; only a maximum of 10% of scattered bokeh]]
[2022.11.09-19.25.25:481][  0]LogConfig: Setting CVar [[r.DOF.Recombine.Quality:1                ; cheap slight out of focus]]
[2022.11.09-19.25.25:481][  0]LogConfig: Setting CVar [[r.DOF.Recombine.EnableBokehSettings:0    ; no bokeh simulation on slight out of focus]]
[2022.11.09-19.25.25:482][  0]LogConfig: Setting CVar [[r.DOF.TemporalAAQuality:1                ; more stable temporal accumulation]]
[2022.11.09-19.25.25:482][  0]LogConfig: Setting CVar [[r.DOF.Kernel.MaxForegroundRadius:0.025]]
[2022.11.09-19.25.25:482][  0]LogConfig: Setting CVar [[r.DOF.Kernel.MaxBackgroundRadius:0.025]]
[2022.11.09-19.25.25:482][  0]LogConfig: Applying CVar settings from Section [TextureQuality@3] File [C:/Users/danie/Documents/Gamedev VR/game/UE4 game/fpsgame/Saved/Config/Windows/Scalability.ini]
[2022.11.09-19.25.25:483][  0]LogConfig: Setting CVar [[r.Streaming.MipBias:0]]
[2022.11.09-19.25.25:483][  0]LogConfig: Setting CVar [[r.Streaming.AmortizeCPUToGPUCopy:0]]
[2022.11.09-19.25.25:483][  0]LogConfig: Setting CVar [[r.Streaming.MaxNumTexturesToStreamPerFrame:0]]
[2022.11.09-19.25.25:483][  0]LogConfig: Setting CVar [[r.Streaming.Boost:1]]
[2022.11.09-19.25.25:484][  0]LogConfig: Setting CVar [[r.MaxAnisotropy:8]]
[2022.11.09-19.25.25:484][  0]LogConfig: Setting CVar [[r.VT.MaxAnisotropy:8]]
[2022.11.09-19.25.25:484][  0]LogConfig: Setting CVar [[r.Streaming.LimitPoolSizeToVRAM:0]]
[2022.11.09-19.25.25:485][  0]LogConfig: Setting CVar [[r.Streaming.PoolSize:1000]]
[2022.11.09-19.25.25:485][  0]LogConfig: Setting CVar [[r.Streaming.MaxEffectiveScreenSize:0]]
[2022.11.09-19.25.25:485][  0]LogConfig: Applying CVar settings from Section [EffectsQuality@3] File [C:/Users/danie/Documents/Gamedev VR/game/UE4 game/fpsgame/Saved/Config/Windows/Scalability.ini]
[2022.11.09-19.25.25:485][  0]LogConfig: Setting CVar [[r.TranslucencyLightingVolumeDim:64]]
[2022.11.09-19.25.25:486][  0]LogConfig: Setting CVar [[r.RefractionQuality:2]]
[2022.11.09-19.25.25:486][  0]LogConfig: Setting CVar [[r.SSR.Quality:3]]
[2022.11.09-19.25.25:486][  0]LogConfig: Setting CVar [[r.SSR.HalfResSceneColor:0]]
[2022.11.09-19.25.25:487][  0]LogConfig: Setting CVar [[r.SceneColorFormat:4]]
[2022.11.09-19.25.25:487][  0]LogConfig: Setting CVar [[r.DetailMode:2]]
[2022.11.09-19.25.25:487][  0]LogConfig: Setting CVar [[r.TranslucencyVolumeBlur:1]]
[2022.11.09-19.25.25:487][  0]LogConfig: Setting CVar [[r.MaterialQualityLevel:1 ; High quality]]
[2022.11.09-19.25.25:487][  0]LogConfig: Setting CVar [[r.AnisotropicMaterials:1]]
[2022.11.09-19.25.25:488][  0]LogConfig: Setting CVar [[r.SSS.Scale:1]]
[2022.11.09-19.25.25:488][  0]LogConfig: Setting CVar [[r.SSS.SampleSet:2]]
[2022.11.09-19.25.25:488][  0]LogConfig: Setting CVar [[r.SSS.Quality:1]]
[2022.11.09-19.25.25:489][  0]LogConfig: Setting CVar [[r.SSS.HalfRes:0]]
[2022.11.09-19.25.25:489][  0]LogConfig: Setting CVar [[r.SSGI.Quality:3]]
[2022.11.09-19.25.25:489][  0]LogConfig: Setting CVar [[r.EmitterSpawnRateScale:1.0]]
[2022.11.09-19.25.25:489][  0]LogConfig: Setting CVar [[r.ParticleLightQuality:2]]
[2022.11.09-19.25.25:490][  0]LogConfig: Setting CVar [[r.SkyAtmosphere.AerialPerspectiveLUT.FastApplyOnOpaque:1 ; Always have FastSkyLUT 1 in this case to avoid wrong sky]]
[2022.11.09-19.25.25:492][  0]LogConfig: Setting CVar [[r.SkyAtmosphere.AerialPerspectiveLUT.SampleCountMaxPerSlice:4]]
[2022.11.09-19.25.25:493][  0]LogConfig: Setting CVar [[r.SkyAtmosphere.AerialPerspectiveLUT.DepthResolution:16.0]]
[2022.11.09-19.25.25:493][  0]LogConfig: Setting CVar [[r.SkyAtmosphere.FastSkyLUT:1]]
[2022.11.09-19.25.25:493][  0]LogConfig: Setting CVar [[r.SkyAtmosphere.FastSkyLUT.SampleCountMin:4.0]]
[2022.11.09-19.25.25:493][  0]LogConfig: Setting CVar [[r.SkyAtmosphere.FastSkyLUT.SampleCountMax:128.0]]
[2022.11.09-19.25.25:494][  0]LogConfig: Setting CVar [[r.SkyAtmosphere.SampleCountMin:4.0]]
[2022.11.09-19.25.25:494][  0]LogConfig: Setting CVar [[r.SkyAtmosphere.SampleCountMax:128.0]]
[2022.11.09-19.25.25:494][  0]LogConfig: Setting CVar [[r.SkyAtmosphere.TransmittanceLUT.UseSmallFormat:0]]
[2022.11.09-19.25.25:494][  0]LogConfig: Setting CVar [[r.SkyAtmosphere.TransmittanceLUT.SampleCount:10.0]]
[2022.11.09-19.25.25:494][  0]LogConfig: Setting CVar [[r.SkyAtmosphere.MultiScatteringLUT.SampleCount:15.0]]
[2022.11.09-19.25.25:495][  0]LogConfig: Setting CVar [[r.SkyLight.RealTimeReflectionCapture:1]]
[2022.11.09-19.25.25:495][  0]LogConfig: Applying CVar settings from Section [FoliageQuality@3] File [C:/Users/danie/Documents/Gamedev VR/game/UE4 game/fpsgame/Saved/Config/Windows/Scalability.ini]
[2022.11.09-19.25.25:495][  0]LogConfig: Setting CVar [[foliage.DensityScale:1.0]]
[2022.11.09-19.25.25:495][  0]LogConfig: Setting CVar [[grass.DensityScale:1.0]]
[2022.11.09-19.25.25:496][  0]LogConfig: Applying CVar settings from Section [ShadingQuality@3] File [C:/Users/danie/Documents/Gamedev VR/game/UE4 game/fpsgame/Saved/Config/Windows/Scalability.ini]
[2022.11.09-19.25.25:496][  0]LogConfig: Setting CVar [[r.HairStrands.SkyLighting.IntegrationType:2]]
[2022.11.09-19.25.25:496][  0]LogConfig: Setting CVar [[r.HairStrands.SkyAO.SampleCount:4]]
[2022.11.09-19.25.25:496][  0]LogConfig: Setting CVar [[r.HairStrands.Visibility.MSAA.SamplePerPixel:4]]
[2022.11.09-19.25.25:497][  0]LogConfig: Applying CVar settings from Section [Startup] File [../../../Engine/Config/ConsoleVariables.ini]
[2022.11.09-19.25.25:498][  0]LogConfig: Setting CVar [[net.UseAdaptiveNetUpdateFrequency:0]]
[2022.11.09-19.25.25:498][  0]LogConfig: Setting CVar [[p.chaos.AllowCreatePhysxBodies:1]]
[2022.11.09-19.25.25:498][  0]LogConfig: Setting CVar [[fx.SkipVectorVMBackendOptimizations:1]]
[2022.11.09-19.25.25:498][  0]LogConfig: Applying CVar settings from Section [ConsoleVariables] File [C:/Users/danie/Documents/Gamedev VR/game/UE4 game/fpsgame/Saved/Config/Windows/Engine.ini]
[2022.11.09-19.25.25:498][  0]LogConfig: Applying CVar settings from Section [ConsoleVariables] File [C:/Users/danie/Documents/Gamedev VR/game/UE4 game/fpsgame/Saved/Config/Windows/Editor.ini]
[2022.11.09-19.25.25:499][  0]LogInit: Computer: DESKTOP-QG36584
[2022.11.09-19.25.25:499][  0]LogInit: User: danie
[2022.11.09-19.25.25:499][  0]LogInit: CPU Page size=4096, Cores=6
[2022.11.09-19.25.25:499][  0]LogInit: High frequency timer resolution =10.000000 MHz
[2022.11.09-19.25.25:500][  0]LogMemory: Memory total: Physical=16.0GB (16GB approx)
[2022.11.09-19.25.25:500][  0]LogMemory: Platform Memory Stats for Windows
[2022.11.09-19.25.25:500][  0]LogMemory: Process Physical Memory: 137.30 MB used, 137.31 MB peak
[2022.11.09-19.25.25:500][  0]LogMemory: Process Virtual Memory: 119.28 MB used, 119.28 MB peak
[2022.11.09-19.25.25:501][  0]LogMemory: Physical Memory: 9543.23 MB used,  6791.54 MB free, 16334.77 MB total
[2022.11.09-19.25.25:501][  0]LogMemory: Virtual Memory: 134213824.00 MB used,  3905.16 MB free, 134217728.00 MB total
[2022.11.09-19.25.25:504][  0]LogWindows: WindowsPlatformFeatures disabled or dedicated server build
[2022.11.09-19.25.25:513][  0]LogInit: Physics initialised using underlying interface: PhysX
[2022.11.09-19.25.25:513][  0]LogInit: Using OS detected language (en-US).
[2022.11.09-19.25.25:513][  0]LogInit: Using OS detected locale (en-GB).
[2022.11.09-19.25.25:516][  0]LogTextLocalizationManager: No specific localization for 'en-US' exists, so the 'en' localization will be used.
[2022.11.09-19.25.25:902][  0]LogTargetPlatformManager: Display: Loaded TargetPlatform 'WindowsNoEditor'
[2022.11.09-19.25.25:905][  0]LogTargetPlatformManager: Display: Loaded TargetPlatform 'Windows'
[2022.11.09-19.25.25:909][  0]LogTargetPlatformManager: Display: Loaded TargetPlatform 'WindowsClient'
[2022.11.09-19.25.25:911][  0]LogTargetPlatformManager: Display: Loaded TargetPlatform 'WindowsServer'
[2022.11.09-19.25.25:911][  0]LogTargetPlatformManager: Display: Building Assets For Windows
[2022.11.09-19.25.25:915][  0]LogAudioDebug: Display: Lib vorbis DLL was dynamically loaded.
[2022.11.09-19.25.25:929][  0]LogTextureFormatOodle: Display: Oodle Texture 2.9.0 init RDO Off
[2022.11.09-19.25.25:941][  0]LogRendererCore: Ray tracing is disabled. Reason: r.RayTracing=0.
[2022.11.09-19.25.25:941][  0]LogShaderCompilers: Guid format shader working directory is -26 characters bigger than the processId version (../../../../../../Users/danie/Documents/Gamedev VR/game/UE4 game/fpsgame/Intermediate/Shaders/WorkingDirectory/8824/).
[2022.11.09-19.25.25:941][  0]LogShaderCompilers: Cleaned the shader compiler working directory 'C:/Users/danie/AppData/Local/Temp/UnrealShaderWorkingDir/8D77955D45E01CA88A241B88BB86E50E/'.
[2022.11.09-19.25.25:942][  0]LogXGEController: Cannot use XGE Controller as Incredibuild is not installed on this machine.
[2022.11.09-19.25.25:942][  0]LogShaderCompilers: Cannot use XGE Shader Compiler as Incredibuild is not installed on this machine.
[2022.11.09-19.25.25:942][  0]LogShaderCompilers: Display: Using Local Shader Compiler.
[2022.11.09-19.25.26:385][  0]LogDerivedDataCache: Display: Max Cache Size: 512 MB
[2022.11.09-19.25.26:432][  0]LogDerivedDataCache: Loaded boot cache 0.05s 94MB C:/Users/danie/AppData/Local/UnrealEngine/4.27/DerivedDataCache/Boot.ddc.
[2022.11.09-19.25.26:433][  0]LogDerivedDataCache: Display: Loaded Boot cache: C:/Users/danie/AppData/Local/UnrealEngine/4.27/DerivedDataCache/Boot.ddc
[2022.11.09-19.25.26:433][  0]LogDerivedDataCache: FDerivedDataBackendGraph:  Pak pak cache file ../../../../../../Users/danie/Documents/Gamedev VR/game/UE4 game/fpsgame/DerivedDataCache/DDC.ddp not found, will not use a pak cache.
[2022.11.09-19.25.26:434][  0]LogDerivedDataCache: Unable to find inner node Pak for hierarchical cache Hierarchy.
[2022.11.09-19.25.26:434][  0]LogDerivedDataCache: FDerivedDataBackendGraph:  CompressedPak pak cache file ../../../../../../Users/danie/Documents/Gamedev VR/game/UE4 game/fpsgame/DerivedDataCache/Compressed.ddp not found, will not use a pak cache.
[2022.11.09-19.25.26:434][  0]LogDerivedDataCache: Unable to find inner node CompressedPak for hierarchical cache Hierarchy.
[2022.11.09-19.25.26:451][  0]LogDerivedDataCache: Display: Pak cache opened for reading ../../../Engine/DerivedDataCache/Compressed.ddp.
[2022.11.09-19.25.26:451][  0]LogDerivedDataCache: FDerivedDataBackendGraph:  EnterprisePak pak cache file ../../../Enterprise/DerivedDataCache/Compressed.ddp not found, will not use a pak cache.
[2022.11.09-19.25.26:452][  0]LogDerivedDataCache: Unable to find inner node EnterprisePak for hierarchical cache Hierarchy.
[2022.11.09-19.25.26:461][  0]LogDerivedDataCache: Speed tests for C:/Users/danie/AppData/Local/UnrealEngine/Common/DerivedDataCache took 0.01 seconds
[2022.11.09-19.25.26:461][  0]LogDerivedDataCache: Display: Performance to C:/Users/danie/AppData/Local/UnrealEngine/Common/DerivedDataCache: Latency=0.03ms. RandomReadSpeed=353.01MBs, RandomWriteSpeed=156.52MBs. Assigned SpeedClass 'Local'
[2022.11.09-19.25.26:462][  0]LogDerivedDataCache: Using Local data cache path C:/Users/danie/AppData/Local/UnrealEngine/Common/DerivedDataCache: Writable
[2022.11.09-19.25.26:462][  0]LogDerivedDataCache: Shared data cache path not found in *engine.ini, will not use an Shared cache.
[2022.11.09-19.25.26:463][  0]LogDerivedDataCache: Unable to find inner node Shared for hierarchical cache Hierarchy.
[2022.11.09-19.25.26:464][  0]LogInit: Using OS detected language (en-US).
[2022.11.09-19.25.26:464][  0]LogInit: Using OS detected locale (en-GB).
[2022.11.09-19.25.26:465][  0]LogTextLocalizationManager: No localization for 'en-US' exists, so 'en' will be used for the language.
[2022.11.09-19.25.26:465][  0]LogTextLocalizationManager: No localization for 'en-GB' exists, so 'en' will be used for the locale.
[2022.11.09-19.25.26:470][  0]LogTextLocalizationManager: Compacting localization data took   0.01ms
[2022.11.09-19.25.26:470][  0]LogAssetRegistry: FAssetRegistry took 0.0027 seconds to start up
[2022.11.09-19.25.26:623][  0]LogPackageLocalizationCache: Processed 27 localized package path(s) for 1 prioritized culture(s) in 0.000983 seconds
[2022.11.09-19.25.26:701][  0]LogInit: Selected Device Profile: [Windows]
[2022.11.09-19.25.26:701][  0]LogInit: Active device profile: [0000012665C14500][00000126651CD880 49] Windows
[2022.11.09-19.25.26:702][  0]LogInit: Profiles: [0000012665C14500][00000126651CD880 49] Windows, [0000012665C13600][00000126651DBB40 49] WindowsNoEditor, [0000012665C10100][00000126651D0240 49] WindowsServer, [0000012665C17000][00000126651DE4C0 49] WindowsClient, [0000012665C14200][00000126651E6780 49] IOS, [0000012665C2FD00][00000126651EAA40 49] iPadAir, [0000012665C17A00][00000126651EED00 49] iPadAir2, [0000012665BB4200][0000012665209240 49] IPadPro, [0000012665BAFF00][00000126651F3280 49] iPadAir3, [0000012665C11000][0000012665201540 49] iPadAir4, [0000012665BAC500][00000126651FD800 49] iPadMini2, [0000012665C10200][0000012665205AC0 49] iPadMini3, [0000012665BAD200][0000012665212200 49] iPadMini4, [0000012665C13800][00000126651E2480 49] iPadMini5, [0000012665C2D600][000001266522A980 49] iPhone6, [0000012665C2D700][00000126652169C0 49] iPodTouch6, [0000012665BAE100][0000012665232F00 49] iPhone7, [0000012665BAE200][0000012665222F40 49] iPodTouch7, [0000012665C2E600][0000012665227200 49] iPhone5S, [0000012665BAF100][000001266521F4C0 49] iPhone6Plus, [0000012665C2FB00][000001266522F780 49] iPhone6S, [0000012665BAEB00][0000012665237A40 49] iPhone6SPlus, [0000012665C2CA00][000001266523A180 49] iPhone7Plus, [0000012665BAEF00][000001266523E440 49] iPhoneSE, [0000012665C2D000][000001266521A6C0 49] iPhone8, [0000012665BAFC00][0000012665242940 49] iPhone8Plus, [0000012665C2F200][000001266524AC00 49] iPhoneX, [0000012665BAEC00][000001266524EEC0 49] iPhoneXS, [0000012665C2EB00][0000012665253180 49] iPhoneXSMax, [0000012665BAE900][0000012665257440 49] iPhoneXR, [0000012665C2EF00][000001266525B700 49] iPhone11, [0000012665BACA00][000001266525F9C0 49] iPhone11Pro, [0000012665C2FE00][0000012665262100 49] iPhone11ProMax, [0000012665BAD400][00000126652663C0 49] iPhoneSE2, [0000012665C2FF00][000001266526A680 49] iPhone12Mini, [0000012665BAFD00][0000012665246900 49] iPhone12, [0000012665C2D200][000001266526EB80 49] iPhone12Pro, [0000012665BAF500][0000012665276E40 49] iPhone12ProMax, [0000012665C2C200][000001266527B100 49] iPadPro105, [0000012665BADA00][000001266527F3C0 49] iPadPro129, [0000012665C2CD00][0000012665283680 49] iPadPro97, [0000012665BAC900][0000012665287940 49] iPadPro2_129, [0000012665C2DA00][000001266528BC00 49] iPad5, [0000012665BADC00][000001266528E340 49] iPad6, [0000012665C2F900][0000012665292600 49] iPad7, [0000012665BAE600][00000126652968C0 49] iPad8, [0000012665C2F000][0000012665272B40 49] iPadPro11, [0000012665BAD500][000001266529ADC0 49] iPadPro2_11, [0000012665C2E100][00000126652A3080 49] iPadPro3_129, [0000012665BADD00][00000126652A7340 49] iPadPro4_129, [0000012665C2E400][00000126652AB600 49] AppleTV, [0000012665BAEE00][00000126652AF8C0 49] AppleTV4K, [0000012665C2C500][00000126652B3B80 49] TVOS, [0000012665BAFA00][00000126652B62C0 49] Mac, [0000012665C2E900][00000126652BA580 49] MacClient, [0000012665BAD700][00000126652BE840 49] MacNoEditor, [0000012665C2D100][00000126652C2B00 49] MacServer, [0000012665BAFB00][000001266529ED80 49] Linux, [0000012665C2C600][00000126652C7000 49] LinuxAArch64, [0000012665BAC400][00000126652CF2C0 49] LinuxNoEditor, [0000012665C2E200][00000126652D3580 49] LinuxAArch64NoEditor, [0000012665C14100][00000126652D7840 49] LinuxClient, [0000012665BB4700][00000126652DBB00 49] LinuxAArch64Client, [0000012665C15900][00000126652DE240 49] LinuxServer, [0000012665BB4A00][00000126652E2500 49] LinuxAArch64Server, [0000012665C16D00][00000126652E67C0 49] Android, [0000012665BB5400][00000126652EAA80 49] Android_Low, [0000012665C15100][00000126652EED40 49] Android_Mid, [0000012665BB4E00][00000126652CAFC0 49] Android_High, [0000012665C14800][00000126652F3240 49] Android_Default, [0000012665BB6600][00000126652FB500 49] Android_Adreno4xx, [0000012665C15400][0000012664AF17C0 49] Android_Adreno5xx_Low, [0000012665BB6400][0000012664AF5A80 49] Android_Adreno5xx, [0000012665C14700][0000012664AF81C0 49] Android_Adreno6xx, [0000012665BB6C00][0000012664AFC480 49] Android_Adreno6xx_Vulkan, [0000012665C17B00][0000012664B00740 49] Android_Mali_T6xx, [0000012665BB4500][0000012664B04A00 49] Android_Mali_T7xx, [0000012665C14300][0000012664B08CC0 49] Android_Mali_T8xx, [0000012665BB7000][0000012664B0CF80 49] Android_Mali_G71, [0000012665C16900][00000126652F7200 49] Android_Mali_G72, [0000012665BB6500][0000012664B154C0 49] Android_Mali_G72_Vulkan, [0000012665C15B00][0000012664B19780 49] Android_Mali_G76, [0000012665BB7100][0000012664B1DA40 49] Android_Mali_G76_Vulkan, [0000012665C15E00][0000012664B20180 49] Android_Mali_G77, [0000012665BB7B00][0000012664B24440 49] Android_Mali_G77_Vulkan, [0000012665C17C00][0000012664B28700 49] Android_Mali_G78, [0000012665BB7F00][0000012664B2C9C0 49] Android_Mali_G78_Vulkan, [0000012665C16400][0000012664B30C80 49] Android_Mali_G710, [0000012665BB5300][0000012664B34F40 49] Android_Mali_G710_Vulkan, [0000012665C17100][0000012664B111C0 49] Android_Vulkan_SM5, [0000012665BAE400][0000012664B39440 49] Android_PowerVR_G6xxx, [0000012665C15D00][0000012664B41700 49] Android_PowerVR_GT7xxx, [0000012665BAC100][0000012664B459C0 49] Android_PowerVR_GE8xxx, [0000012665C17200][0000012664B48100 49] Android_PowerVR_GM9xxx, [0000012665BAC300][0000012664B4C3C0 49] Android_PowerVR_GM9xxx_Vulkan, [0000012665C17300][0000012664B50680 49] Android_TegraK1, [0000012665BAD600][0000012664B54940 49] Android_Unknown_Vulkan, [0000012665C16000][0000012664B58C00 49] Lumin, [0000012665BACB00][0000012664B5CEC0 49] Lumin_Desktop, [0000012665C14D00][0000012664B61180 49] HoloLens, 
[2022.11.09-19.25.26:719][  0]LogMeshReduction: Using QuadricMeshReduction for automatic static mesh reduction
[2022.11.09-19.25.26:719][  0]LogMeshReduction: Using SimplygonMeshReduction for automatic skeletal mesh reduction
[2022.11.09-19.25.26:720][  0]LogMeshReduction: Using ProxyLODMeshReduction for automatic mesh merging
[2022.11.09-19.25.26:720][  0]LogMeshReduction: No distributed automatic mesh merging module available
[2022.11.09-19.25.26:721][  0]LogMeshMerging: No distributed automatic mesh merging module available
[2022.11.09-19.25.26:732][  0]LogNetVersion: fpsgame 1.0.0, NetCL: 17155196, EngineNetVer: 17, GameNetVer: 0 (Checksum: 3215450660)
[2022.11.09-19.25.26:815][  0]LogTexture: Default maximum texture size for cubemaps generated from long-lat sources has been changed from 512 to unlimited. In order to preserve old behaiour for '/Engine/MapTemplates/Sky/DaylightAmbientCubemap.DaylightAmbientCubemap', its maximum texture size has been explicitly set to 512.
[2022.11.09-19.25.26:828][  0]LogHMD: PokeAHoleMaterial loaded successfully
[2022.11.09-19.25.26:886][  0]LogPython: Using Python 3.7.7
[2022.11.09-19.25.27:265][  0]LogNiagaraDebuggerClient: Niagara Debugger Client Initialized | Session: 745186084186EA5B425EE9831CB04DD3 | Instance: B7B652564CBD976AB78A498E0BD78A59 (DESKTOP-QG36584-8824).
[2022.11.09-19.25.27:279][  0]LogCollectionManager: Loaded 0 collections in 0.001756 seconds
[2022.11.09-19.25.27:281][  0]LogFileCache: Scanning file cache for directory 'C:/Users/danie/Documents/Gamedev VR/game/UE4 game/fpsgame/Saved/Collections/' took 0.00s
[2022.11.09-19.25.27:281][  0]LogFileCache: Scanning file cache for directory 'C:/Users/danie/Documents/Gamedev VR/game/UE4 game/fpsgame/Content/Developers/danie/Collections/' took 0.00s
[2022.11.09-19.25.27:282][  0]LogFileCache: Scanning file cache for directory 'C:/Users/danie/Documents/Gamedev VR/game/UE4 game/fpsgame/Content/Collections/' took 0.00s
[2022.11.09-19.25.27:282][  0]LogCollectionManager: Fixed up redirectors for 0 collections in 0.000001 seconds (updated 0 objects)
[2022.11.09-19.25.27:347][  0]LogTcpMessaging: Initializing TcpMessaging bridge
[2022.11.09-19.25.27:348][  0]LogUdpMessaging: Initializing bridge on interface 0.0.0.0:0 to multicast group 230.0.0.1:6666.
[2022.11.09-19.25.27:397][  0]SourceControl: Source control is disabled
[2022.11.09-19.25.27:398][  0]SourceControl: Source control is disabled
[2022.11.09-19.25.27:399][  0]SourceControl: Source control is disabled
[2022.11.09-19.25.27:401][  0]LogUProjectInfo: Found projects:
[2022.11.09-19.25.27:433][  0]LogOpenImageDenoise: OIDN starting up
[2022.11.09-19.25.27:448][  0]LogAndroidPermission: UAndroidPermissionCallbackProxy::GetInstance
[2022.11.09-19.25.27:457][  0]LogAudioCaptureCore: Display: No Audio Capture implementations found. Audio input will be silent.
[2022.11.09-19.25.27:457][  0]LogAudioCaptureCore: Display: No Audio Capture implementations found. Audio input will be silent.
[2022.11.09-19.25.27:509][  0]LogOcInput: OculusInput pre-init called
[2022.11.09-19.25.27:517][  0]LogUObjectArray: 22048 objects as part of root set at end of initial load.
[2022.11.09-19.25.27:517][  0]LogUObjectAllocator: 5965968 out of 0 bytes used by permanent object pool.
[2022.11.09-19.25.27:518][  0]LogUObjectArray: CloseDisregardForGC: 0/0 objects in disregard for GC pool
[2022.11.09-19.25.27:547][  0]LogClass: Display: StructProperty FRewindDataStruct::SnapshotPosition is not initialized properly. Module:fpsgame File:RewindComponent.h
[2022.11.09-19.25.27:547][  0]LogClass: Display: StructProperty FRewindDataStruct::SnapshotRotation is not initialized properly. Module:fpsgame File:RewindComponent.h
[2022.11.09-19.25.27:548][  0]LogClass: Display: StructProperty FRewindDataStruct::SnapshotScale is not initialized properly. Module:fpsgame File:RewindComponent.h
[2022.11.09-19.25.27:548][  0]LogClass: Display: BoolProperty FWeaponRecoil::bHasRecoil is not initialized properly. Module:fpsgame File:WeaponActor.h
[2022.11.09-19.25.27:548][  0]LogClass: Display: BoolProperty FWeaponRecoil::bUsesControlRotationForHipfireRecoil is not initialized properly. Module:fpsgame File:WeaponActor.h
[2022.11.09-19.25.27:548][  0]LogClass: Display: FloatProperty FWeaponRecoil::RecoilRecoveryTime is not initialized properly. Module:fpsgame File:WeaponActor.h
[2022.11.09-19.25.27:549][  0]LogClass: Display: FloatProperty FWeaponRecoil::PercentageRecoilRecoveryGainedPerSecond is not initialized properly. Module:fpsgame File:WeaponActor.h
[2022.11.09-19.25.27:549][  0]LogClass: Display: FloatProperty FWeaponStats::MaxRange is not initialized properly. Module:fpsgame File:WeaponActor.h
[2022.11.09-19.25.27:549][  0]LogClass: Display: FloatProperty FWeaponStats::FireRate is not initialized properly. Module:fpsgame File:WeaponActor.h
[2022.11.09-19.25.27:550][  0]LogClass: Display: IntProperty FWeaponStats::CartridgeBullets is not initialized properly. Module:fpsgame File:WeaponActor.h
[2022.11.09-19.25.27:550][  0]LogClass: Display: IntProperty FWeaponStats::BurstNumber is not initialized properly. Module:fpsgame File:WeaponActor.h
[2022.11.09-19.25.27:550][  0]LogClass: Display: FloatProperty FWeaponStats::BurstFireRate is not initialized properly. Module:fpsgame File:WeaponActor.h
[2022.11.09-19.25.27:550][  0]LogClass: Display: IntProperty FWeaponStats::MaxMagSize is not initialized properly. Module:fpsgame File:WeaponActor.h
[2022.11.09-19.25.27:550][  0]LogClass: Display: IntProperty FWeaponStats::MagAmmo is not initialized properly. Module:fpsgame File:WeaponActor.h
[2022.11.09-19.25.27:551][  0]LogClass: Display: FloatProperty FWeaponStats::BaseDamageTorso is not initialized properly. Module:fpsgame File:WeaponActor.h
[2022.11.09-19.25.27:551][  0]LogClass: Display: FloatProperty FWeaponStats::BaseDamageHead is not initialized properly. Module:fpsgame File:WeaponActor.h
[2022.11.09-19.25.27:551][  0]LogClass: Display: FloatProperty FWeaponStats::BaseDamageLegs is not initialized properly. Module:fpsgame File:WeaponActor.h
[2022.11.09-19.25.27:551][  0]LogClass: Display: FloatProperty FWeaponStats::BaseHipfireSpreadAngleInDegrees is not initialized properly. Module:fpsgame File:WeaponActor.h
[2022.11.09-19.25.27:552][  0]LogClass: Display: FloatProperty FWeaponStats::BaseMovementSpreadMultiplier is not initialized properly. Module:fpsgame File:WeaponActor.h
[2022.11.09-19.25.27:552][  0]LogClass: Display: EnumProperty FWeaponMetaData::GunModel is not initialized properly. Module:fpsgame File:WeaponActor.h
[2022.11.09-19.25.27:552][  0]LogClass: Display: EnumProperty FWeaponMetaData::WAWeaponType is not initialized properly. Module:fpsgame File:WeaponActor.h
[2022.11.09-19.25.27:553][  0]LogClass: Display: EnumProperty FWeaponMetaData::WAWeaponFireType is not initialized properly. Module:fpsgame File:WeaponActor.h
[2022.11.09-19.25.27:553][  0]LogClass: Display: EnumProperty FWeaponMetaData::WAWeaponHitDetectionType is not initialized properly. Module:fpsgame File:WeaponActor.h
[2022.11.09-19.25.27:553][  0]LogClass: Display: EnumProperty FWeaponMetaData::TypeOfEquip is not initialized properly. Module:fpsgame File:WeaponActor.h
[2022.11.09-19.25.27:553][  0]LogClass: Warning: ObjectProperty FWeaponVisualAssets::GunMesh is not initialized properly. Module:fpsgame File:WeaponActor.h
[2022.11.09-19.25.27:554][  0]LogClass: Warning: ObjectProperty FWeaponVisualAssets::TracerEffect is not initialized properly. Module:fpsgame File:WeaponActor.h
[2022.11.09-19.25.27:554][  0]LogClass: Warning: ObjectProperty FWeaponVisualAssets::MuzzleFlash is not initialized properly. Module:fpsgame File:WeaponActor.h
[2022.11.09-19.25.27:555][  0]LogClass: Display: StructProperty FWeaponPositionalDetails::BasePosition is not initialized properly. Module:fpsgame File:WeaponActor.h
[2022.11.09-19.25.27:555][  0]LogClass: Display: StructProperty FWeaponPositionalDetails::BaseRotation is not initialized properly. Module:fpsgame File:WeaponActor.h
[2022.11.09-19.25.27:555][  0]LogClass: Display: StructProperty FWeaponPositionalDetails::BaseScale is not initialized properly. Module:fpsgame File:WeaponActor.h
[2022.11.09-19.25.27:555][  0]LogClass: Display: StructProperty FWeaponPositionalDetails::TPBaseScale is not initialized properly. Module:fpsgame File:WeaponActor.h
[2022.11.09-19.25.27:556][  0]LogClass: Display: StructProperty FWeaponPositionalDetails::TPBaseRotation is not initialized properly. Module:fpsgame File:WeaponActor.h
[2022.11.09-19.25.27:556][  0]LogClass: Display: StructProperty FWeaponPositionalDetails::TPBasePosition is not initialized properly. Module:fpsgame File:WeaponActor.h
[2022.11.09-19.25.27:556][  0]LogClass: Display: StructProperty FWeaponPositionalDetails::MuzzlePosition is not initialized properly. Module:fpsgame File:WeaponActor.h
[2022.11.09-19.25.27:557][  0]LogClass: Display: 34 Uninitialized script struct members found including 3 object properties
[2022.11.09-19.25.27:557][  0]LogAutomationTest: Warning: ObjectProperty FWeaponVisualAssets::GunMesh is not initialized properly. Module:fpsgame File:WeaponActor.h
[2022.11.09-19.25.27:557][  0]LogAutomationTest: Warning: ObjectProperty FWeaponVisualAssets::TracerEffect is not initialized properly. Module:fpsgame File:WeaponActor.h
[2022.11.09-19.25.27:558][  0]LogAutomationTest: Warning: ObjectProperty FWeaponVisualAssets::MuzzleFlash is not initialized properly. Module:fpsgame File:WeaponActor.h
[2022.11.09-19.25.27:558][  0]LogEngine: Initializing Engine...
[2022.11.09-19.25.27:559][  0]LogStats: UGameplayTagsManager::InitializeManager -  0.000 s
[2022.11.09-19.25.27:572][  0]LogInit: Initializing FReadOnlyCVARCache
[2022.11.09-19.25.27:572][  0]LogNetVersion: Set ProjectVersion to 1.0.0.0. Version Checksum will be recalculated on next use.
[2022.11.09-19.25.27:574][  0]LogInit: Texture streaming: Disabled
[2022.11.09-19.25.27:598][  0]LogInit: Display: Game Engine Initialized.
[2022.11.09-19.25.27:598][  0]LogNiagaraEditor: GEditor isn't valid! Particle reset commands will not work for Niagara components!
[2022.11.09-19.25.27:630][  0]LogInit: Display: Starting Game.
[2022.11.09-19.25.27:630][  0]LogNet: Browse: /Game/Maps/TestMap?Name=Player
[2022.11.09-19.25.27:631][  0]LogLoad: LoadMap: /Game/Maps/TestMap?Name=Player
[2022.11.09-19.25.27:631][  0]LogWorld: BeginTearingDown for /Temp/Untitled_0
[2022.11.09-19.25.27:634][  0]LogWorld: UWorld::CleanupWorld for Untitled, bSessionEnded=true, bCleanupResources=true
[2022.11.09-19.25.27:642][  0]LogUObjectHash: Compacting FUObjectHashTables data took   0.73ms
[2022.11.09-19.25.27:751][  0]LogAIModule: Creating AISystem for world TestMap
[2022.11.09-19.25.27:933][  0]LogLoad: Game class is 'BP_FPSGameModeDefault_C'
[2022.11.09-19.25.27:933][  0]LogNet: PktLoss set to 0
[2022.11.09-19.25.27:934][  0]LogNet: PktLagMin set to 0
[2022.11.09-19.25.27:934][  0]LogNet: PktLagMax set to 0
[2022.11.09-19.25.27:935][  0]LogNet: PktIncomingLagMin set to 0
[2022.11.09-19.25.27:935][  0]LogNet: PktIncomingLagMax set to 0
[2022.11.09-19.25.27:935][  0]LogNet: PktIncomingLoss set to 0
[2022.11.09-19.25.27:936][  0]LogNet: PktLoss set to 0
[2022.11.09-19.25.27:936][  0]LogNet: PktLagMin set to 0
[2022.11.09-19.25.27:936][  0]LogNet: PktLagMax set to 0
[2022.11.09-19.25.27:937][  0]LogNet: PktIncomingLagMin set to 0
[2022.11.09-19.25.27:937][  0]LogNet: PktIncomingLagMax set to 0
[2022.11.09-19.25.27:937][  0]LogNet: PktIncomingLoss set to 0
[2022.11.09-19.25.27:938][  0]LogNet: PktLoss set to 0
[2022.11.09-19.25.27:938][  0]LogNet: PktLagMin set to 0
[2022.11.09-19.25.27:938][  0]LogNet: PktLagMax set to 0
[2022.11.09-19.25.27:938][  0]LogNet: PktIncomingLagMin set to 0
[2022.11.09-19.25.27:939][  0]LogNet: PktIncomingLagMax set to 0
[2022.11.09-19.25.27:939][  0]LogNet: PktIncomingLoss set to 0
[2022.11.09-19.25.27:939][  0]LogNet: ReplicationDriverClass is null! Not using ReplicationDriver.
[2022.11.09-19.25.27:940][  0]LogNetCore: DDoS detection status: detection enabled: 0 analytics enabled: 0
[2022.11.09-19.25.27:940][  0]LogInit: WinSock: Socket queue. Rx: 131072 (config 131072) Tx: 131072 (config 131072)
[2022.11.09-19.25.27:941][  0]LogNet: Created socket for bind address: 0.0.0.0 on port 17777
[2022.11.09-19.25.27:941][  0]PacketHandlerLog: Loaded PacketHandler component: Engine.EngineHandlerComponentFactory (StatelessConnectHandlerComponent)
[2022.11.09-19.25.27:941][  0]LogNet: GameNetDriver IpNetDriver_0 IpNetDriver listening on port 17777
[2022.11.09-19.25.27:943][  0]LogWorld: Bringing World /Game/Maps/TestMap.TestMap up for play (max tick rate 30) at 2022.11.09-19.25.27
[2022.11.09-19.25.27:943][  0]LogWorld: Bringing up level for play took: 0.001142
[2022.11.09-19.25.27:943][  0]LogGameMode: Display: Match State Changed from EnteringMap to WaitingToStart
[2022.11.09-19.25.27:943][  0]LogGameState: Match State Changed from EnteringMap to WaitingToStart
[2022.11.09-19.25.27:944][  0]LogLoad: Took 0.312386 seconds to LoadMap(/Game/Maps/TestMap)
[2022.11.09-19.25.27:949][  0]LogInit: Display: Engine is initialized. Leaving FEngineLoop::Init()
[2022.11.09-19.25.27:949][  0]LogLoad: (Engine Initialization) Total time: 4.76 seconds
[2022.11.09-19.25.27:949][  0]LogLoad: (Engine Initialization) Total Blueprint compile time: 0.00 seconds
[2022.11.09-19.25.28:115][  4]LogNet: NotifyAcceptingConnection accepted from: 127.0.0.1:59088
[2022.11.09-19.25.28:115][  4]LogHandshake: SendConnectChallenge. Timestamp: 0.165306, Cookie: 022038014211113089118104048207106162113147201223173215104228
[2022.11.09-19.25.28:148][  5]LogNet: NotifyAcceptingConnection accepted from: 127.0.0.1:59088
[2022.11.09-19.25.28:148][  5]LogHandshake: SendChallengeAck. InCookie: 022038014211113089118104048207106162113147201223173215104228
[2022.11.09-19.25.28:149][  5]LogNet: Server accepting post-challenge connection from: 127.0.0.1:59088
[2022.11.09-19.25.28:149][  5]PacketHandlerLog: Loaded PacketHandler component: Engine.EngineHandlerComponentFactory (StatelessConnectHandlerComponent)
[2022.11.09-19.25.28:149][  5]LogNet: NotifyAcceptedConnection: Name: TestMap, TimeStamp: 11/09/22 19:25:28, [UNetConnection] RemoteAddr: 127.0.0.1:59088, Name: IpConnection_0, Driver: GameNetDriver IpNetDriver_0, IsServer: YES, PC: NULL, Owner: NULL, UniqueId: INVALID
[2022.11.09-19.25.28:150][  5]LogNet: AddClientConnection: Added client connection: [UNetConnection] RemoteAddr: 127.0.0.1:59088, Name: IpConnection_0, Driver: GameNetDriver IpNetDriver_0, IsServer: YES, PC: NULL, Owner: NULL, UniqueId: INVALID
[2022.11.09-19.25.28:182][  6]LogNet: NotifyAcceptingChannel Control 0 server World /Game/Maps/TestMap.TestMap: Accepted
[2022.11.09-19.25.28:182][  6]LogNet: Remote platform little endian=1
[2022.11.09-19.25.28:183][  6]LogNet: This platform little endian=1
[2022.11.09-19.25.28:183][  6]LogNetVersion: fpsgame 1.0.0.0, NetCL: 17155196, EngineNetVer: 17, GameNetVer: 0 (Checksum: 1484303137)
[2022.11.09-19.25.28:216][  7]LogNet: Login request: ?PktLagMin=0?PktLagMax=0?PktLoss=0?PktIncomingLagMin=0?PktIncomingLagMax=0?PktIncomingLoss=0?Name=DESKTOP-QG36584-66224BE3414E59F9E2128588CA0B41B9 userId: NULL:DESKTOP-QG36584-66224BE3414E59F9E2128588CA0B41B9 platform: NULL
[2022.11.09-19.25.28:249][  8]LogNet: Client netspeed is 100000
[2022.11.09-19.25.28:249][  8]LogNet: Join request: /Engine/Maps/Entry?PktLagMin=0?PktLagMax=0?PktLoss=0?PktIncomingLagMin=0?PktIncomingLagMax=0?PktIncomingLoss=0?Name=DESKTOP-QG36584-66224BE3414E59F9E2128588CA0B41B9?SplitscreenCount=1
[2022.11.09-19.25.28:250][  8]LogOnlineSession: Warning: OSS: No game present to join for session (GameSession)
[2022.11.09-19.25.28:251][  8]LogGameMode: Display: Match State Changed from WaitingToStart to InProgress
[2022.11.09-19.25.28:252][  8]LogTemp: Warning: Numebr of rewind components = 1
[2022.11.09-19.25.28:253][  8]LogGameState: Match State Changed from WaitingToStart to InProgress
[2022.11.09-19.25.28:253][  8]LogNet: Join succeeded: DESKTOP-QG36584-6622
[2022.11.09-19.25.28:712][ 22]LogNet: NotifyAcceptingConnection accepted from: 127.0.0.1:58730
[2022.11.09-19.25.28:712][ 22]LogHandshake: SendConnectChallenge. Timestamp: 0.761864, Cookie: 218239238199070101080245020199179243186083237136049121018073
[2022.11.09-19.25.28:745][ 23]LogNet: NotifyAcceptingConnection accepted from: 127.0.0.1:58730
[2022.11.09-19.25.28:745][ 23]LogHandshake: SendChallengeAck. InCookie: 218239238199070101080245020199179243186083237136049121018073
[2022.11.09-19.25.28:746][ 23]LogNet: Server accepting post-challenge connection from: 127.0.0.1:58730
[2022.11.09-19.25.28:746][ 23]PacketHandlerLog: Loaded PacketHandler component: Engine.EngineHandlerComponentFactory (StatelessConnectHandlerComponent)
[2022.11.09-19.25.28:746][ 23]LogNet: NotifyAcceptedConnection: Name: TestMap, TimeStamp: 11/09/22 19:25:28, [UNetConnection] RemoteAddr: 127.0.0.1:58730, Name: IpConnection_1, Driver: GameNetDriver IpNetDriver_0, IsServer: YES, PC: NULL, Owner: NULL, UniqueId: INVALID
[2022.11.09-19.25.28:747][ 23]LogNet: AddClientConnection: Added client connection: [UNetConnection] RemoteAddr: 127.0.0.1:58730, Name: IpConnection_1, Driver: GameNetDriver IpNetDriver_0, IsServer: YES, PC: NULL, Owner: NULL, UniqueId: INVALID
[2022.11.09-19.25.28:747][ 23]LogNet: NotifyAcceptingChannel Control 0 server World /Game/Maps/TestMap.TestMap: Accepted
[2022.11.09-19.25.28:747][ 23]LogNet: Remote platform little endian=1
[2022.11.09-19.25.28:748][ 23]LogNet: This platform little endian=1
[2022.11.09-19.25.28:778][ 24]LogNet: Login request: ?Name=DESKTOP-QG36584-0EE3307D4EB7CD2771C918BF7F60C9EA userId: NULL:DESKTOP-QG36584-0EE3307D4EB7CD2771C918BF7F60C9EA platform: NULL
[2022.11.09-19.25.29:141][ 35]LogNet: Client netspeed is 100000
[2022.11.09-19.25.29:141][ 35]LogNet: Join request: /Engine/Maps/Entry?Name=DESKTOP-QG36584-0EE3307D4EB7CD2771C918BF7F60C9EA?SplitscreenCount=1
[2022.11.09-19.25.29:142][ 35]LogOnlineSession: Warning: OSS: No game present to join for session (GameSession)
[2022.11.09-19.25.29:143][ 35]LogTemp: Warning: Numebr of rewind components = 2
[2022.11.09-19.25.29:144][ 35]LogNet: Join succeeded: DESKTOP-QG36584-0EE3
[2022.11.09-19.25.29:903][ 58]LogTemp: Warning: RELIABLE SPRINT RPC CALL
[2022.11.09-19.25.30:337][ 71]LogTemp: Warning: RELIABLE SPRINT RPC CALL
[2022.11.09-19.25.30:637][ 80]LogTemp: Warning: Reliable pickup call
[2022.11.09-19.25.30:638][ 80]LogTemp: Warning: diarrhea
[2022.11.09-19.25.30:638][ 80]LogTemp: Warning: prime
[2022.11.09-19.25.30:639][ 80]LogTemp: Warning: SERVER: Log no. 0
[2022.11.09-19.25.30:639][ 80]LogTemp: Warning: No longer bursting
[2022.11.09-19.25.30:639][ 80]LogTemp: Warning: TP attach
[2022.11.09-19.25.30:640][ 80]LogTemp: Warning: Switch primary rpc call
[2022.11.09-19.25.30:640][ 80]LogTemp: Warning: prime
[2022.11.09-19.25.30:641][ 80]LogTemp: Warning: SERVER: Log no. 1
[2022.11.09-19.25.30:641][ 80]LogTemp: Warning: No longer bursting
[2022.11.09-19.25.30:641][ 80]LogTemp: Warning: TP attach
[2022.11.09-19.25.30:868][ 87]LogTemp: Warning: Switch primary rpc call
[2022.11.09-19.25.30:869][ 87]LogTemp: Warning: prime
[2022.11.09-19.25.30:869][ 87]LogTemp: Warning: SERVER: Log no. 2
[2022.11.09-19.25.30:869][ 87]LogTemp: Warning: No longer bursting
[2022.11.09-19.25.30:870][ 87]LogTemp: Warning: TP attach
[2022.11.09-19.25.31:496][106]LogTemp: Warning: Blocking
[2022.11.09-19.25.31:563][108]LogTemp: Warning: Blocking
[2022.11.09-19.25.31:695][112]LogTemp: Warning: Blocking
[2022.11.09-19.25.31:794][115]LogTemp: Warning: Blocking
[2022.11.09-19.25.31:893][118]LogTemp: Warning: Blocking
[2022.11.09-19.25.31:992][121]LogTemp: Warning: Blocking
[2022.11.09-19.25.32:092][124]LogTemp: Warning: Blocking
[2022.11.09-19.25.32:192][127]LogTemp: Warning: Blocking
[2022.11.09-19.25.32:291][130]LogTemp: Warning: Blocking
[2022.11.09-19.25.32:390][133]LogTemp: Warning: Blocking
[2022.11.09-19.25.32:489][136]LogTemp: Warning: Blocking
[2022.11.09-19.25.32:588][139]LogTemp: Warning: Blocking
[2022.11.09-19.25.32:688][142]LogTemp: Warning: Blocking
[2022.11.09-19.25.32:788][145]LogTemp: Warning: Blocking
[2022.11.09-19.25.33:619][170]LogTemp: Warning: miss
[2022.11.09-19.25.33:718][173]LogTemp: Warning: miss
[2022.11.09-19.25.33:818][176]LogTemp: Warning: miss
[2022.11.09-19.25.33:918][179]LogTemp: Warning: miss
[2022.11.09-19.25.34:019][182]LogTemp: Warning: miss
[2022.11.09-19.25.34:119][185]LogTemp: Warning: miss
[2022.11.09-19.25.34:218][188]LogTemp: Warning: miss
[2022.11.09-19.25.34:319][191]LogTemp: Warning: miss
[2022.11.09-19.25.34:418][194]LogTemp: Warning: miss
[2022.11.09-19.25.34:517][197]LogTemp: Warning: miss
[2022.11.09-19.25.34:618][200]LogTemp: Warning: miss
[2022.11.09-19.25.34:717][203]LogTemp: Warning: miss
[2022.11.09-19.25.34:816][206]LogTemp: Warning: miss
[2022.11.09-19.25.34:948][210]LogTemp: Warning: miss
[2022.11.09-19.25.35:048][213]LogTemp: Warning: miss
[2022.11.09-19.25.35:114][215]LogTemp: Warning: miss
