Log file open, 08/26/22 16:43:49
LogWindows: Failed to load 'aqProf.dll' (GetLastError=126)
LogWindows: File 'aqProf.dll' does not exist
LogWindows: Failed to load 'VtuneApi.dll' (GetLastError=126)
LogWindows: File 'VtuneApi.dll' does not exist
LogWindows: Failed to load 'VtuneApi32e.dll' (GetLastError=126)
LogWindows: File 'VtuneApi32e.dll' does not exist
LogConsoleResponse: Display: Failed to find resolution value strings in scalability ini. Falling back to default.
LogConsoleResponse: Display: Failed to find resolution value strings in scalability ini. Falling back to default.
LogInit: Display: Running engine for game: fpsgame
LogPlatformFile: Not using cached read wrapper
LogTaskGraph: Started task graph with 5 named threads and 17 total threads with 3 sets of task threads.
LogStats: Stats thread started at 0.235500
LogICUInternationalization: ICU TimeZone Detection - Raw Offset: +0:00, Platform Override: ''
LogInit: Display: Loading text-based GConfig....
LogPluginManager: Mounting plugin MeshPainting
LogPluginManager: Mounting plugin XGEController
LogPluginManager: Mounting plugin Paper2D
LogPluginManager: Mounting plugin AISupport
LogPluginManager: Mounting plugin EnvironmentQueryEditor
LogPluginManager: Mounting plugin LiveLink
LogPluginManager: Mounting plugin LightPropagationVolume
LogPluginManager: Mounting plugin CameraShakePreviewer
LogPluginManager: Mounting plugin GameplayCameras
LogPluginManager: Mounting plugin OodleData
LogPluginManager: Mounting plugin OodleNetwork
LogPluginManager: Mounting plugin AnimationSharing
LogPluginManager: Mounting plugin CLionSourceCodeAccess
LogPluginManager: Mounting plugin CodeLiteSourceCodeAccess
LogPluginManager: Mounting plugin GitSourceControl
LogPluginManager: Mounting plugin KDevelopSourceCodeAccess
LogPluginManager: Mounting plugin NullSourceCodeAccess
LogPluginManager: Mounting plugin PerforceSourceControl
LogPluginManager: Mounting plugin PixWinPlugin
LogPluginManager: Mounting plugin PlasticSourceControl
LogPluginManager: Mounting plugin PluginUtils
LogPluginManager: Mounting plugin PropertyAccessNode
LogPluginManager: Mounting plugin RiderSourceCodeAccess
LogPluginManager: Mounting plugin SubversionSourceControl
LogPluginManager: Mounting plugin TextureFormatOodle
LogPluginManager: Mounting plugin UObjectPlugin
LogPluginManager: Mounting plugin VisualStudioCodeSourceCodeAccess
LogPluginManager: Mounting plugin VisualStudioSourceCodeAccess
LogPluginManager: Mounting plugin XCodeSourceCodeAccess
LogPluginManager: Mounting plugin AssetManagerEditor
LogPluginManager: Mounting plugin CryptoKeys
LogPluginManager: Mounting plugin CurveEditorTools
LogPluginManager: Mounting plugin DataValidation
LogPluginManager: Mounting plugin FacialAnimation
LogPluginManager: Mounting plugin GameplayTagsEditor
LogPluginManager: Mounting plugin GeometryMode
LogPluginManager: Mounting plugin MacGraphicsSwitching
LogPluginManager: Mounting plugin MaterialAnalyzer
LogPluginManager: Mounting plugin MobileLauncherProfileWizard
LogPluginManager: Mounting plugin PluginBrowser
LogPluginManager: Mounting plugin SpeedTreeImporter
LogPluginManager: Mounting plugin DatasmithContent
LogPluginManager: Mounting plugin VariantManagerContent
LogPluginManager: Mounting plugin AlembicImporter
LogPluginManager: Mounting plugin AutomationUtils
LogPluginManager: Mounting plugin BackChannel
LogPluginManager: Mounting plugin ChaosCloth
LogPluginManager: Mounting plugin ChaosClothEditor
LogPluginManager: Mounting plugin ChaosEditor
LogPluginManager: Mounting plugin ChaosNiagara
LogPluginManager: Mounting plugin ChaosSolverPlugin
LogPluginManager: Mounting plugin CharacterAI
LogPluginManager: Mounting plugin GeometryCache
LogPluginManager: Mounting plugin GeometryCollectionPlugin
LogPluginManager: Mounting plugin GeometryProcessing
LogPluginManager: Mounting plugin MotoSynth
LogPluginManager: Mounting plugin OpenImageDenoise
LogPluginManager: Mounting plugin PlanarCut
LogPluginManager: Mounting plugin PlatformCrypto
LogPluginManager: Mounting plugin ProxyLODPlugin
LogPluginManager: Mounting plugin PythonScriptPlugin
LogPluginManager: Mounting plugin SkeletalReduction
LogPluginManager: Mounting plugin Niagara
LogPluginManager: Mounting plugin LuminPlatformFeatures
LogPluginManager: Mounting plugin MagicLeap
LogPluginManager: Mounting plugin MagicLeapLightEstimation
LogPluginManager: Mounting plugin MagicLeapMedia
LogPluginManager: Mounting plugin MagicLeapPassableWorld
LogPluginManager: Mounting plugin MLSDK
LogPluginManager: Mounting plugin AndroidMedia
LogPluginManager: Mounting plugin AvfMedia
LogPluginManager: Mounting plugin ImgMedia
LogPluginManager: Mounting plugin MediaCompositing
LogPluginManager: Mounting plugin MediaPlayerEditor
LogPluginManager: Mounting plugin WebMMedia
LogPluginManager: Mounting plugin WmfMedia
LogPluginManager: Mounting plugin TcpMessaging
LogPluginManager: Mounting plugin UdpMessaging
LogPluginManager: Mounting plugin ActorSequence
LogPluginManager: Mounting plugin LevelSequenceEditor
LogPluginManager: Mounting plugin MatineeToLevelSequence
LogPluginManager: Mounting plugin TemplateSequence
LogPluginManager: Mounting plugin OnlineSubsystem
LogPluginManager: Mounting plugin OnlineSubsystemNull
LogPluginManager: Mounting plugin OnlineSubsystemUtils
LogPluginManager: Mounting plugin LauncherChunkInstaller
LogPluginManager: Mounting plugin ActorLayerUtilities
LogPluginManager: Mounting plugin AndroidDeviceProfileSelector
LogPluginManager: Mounting plugin AndroidMoviePlayer
LogPluginManager: Mounting plugin AndroidPermission
LogPluginManager: Mounting plugin AppleImageUtils
LogPluginManager: Mounting plugin AppleMoviePlayer
LogPluginManager: Mounting plugin ArchVisCharacter
LogPluginManager: Mounting plugin AssetTags
LogPluginManager: Mounting plugin AudioCapture
LogPluginManager: Mounting plugin AudioSynesthesia
LogPluginManager: Mounting plugin CableComponent
LogPluginManager: Mounting plugin ChunkDownloader
LogPluginManager: Mounting plugin CustomMeshComponent
LogPluginManager: Mounting plugin EditableMesh
LogPluginManager: Mounting plugin ExampleDeviceProfileSelector
LogPluginManager: Mounting plugin GoogleCloudMessaging
LogPluginManager: Mounting plugin GooglePAD
LogPluginManager: Mounting plugin IOSDeviceProfileSelector
LogPluginManager: Mounting plugin LinuxDeviceProfileSelector
LogPluginManager: Mounting plugin LocationServicesBPLibrary
LogPluginManager: Mounting plugin MobilePatchingUtils
LogPluginManager: Mounting plugin OpenXR
LogPluginManager: Mounting plugin OpenXREyeTracker
LogPluginManager: Mounting plugin OpenXRHandTracking
LogPluginManager: Mounting plugin PhysXVehicles
LogPluginManager: Mounting plugin PostSplashScreen
LogPluginManager: Mounting plugin ProceduralMeshComponent
LogPluginManager: Mounting plugin PropertyAccessEditor
LogPluginManager: Mounting plugin RuntimePhysXCooking
LogPluginManager: Mounting plugin SignificanceManager
LogPluginManager: Mounting plugin SoundFields
LogPluginManager: Mounting plugin Synthesis
LogPluginManager: Mounting plugin WebMMoviePlayer
LogPluginManager: Mounting plugin WindowsMoviePlayer
LogPluginManager: Mounting plugin ScreenshotTools
LogPluginManager: Mounting plugin Takes
LogPluginManager: Mounting plugin ContentBrowserAssetDataSource
LogPluginManager: Mounting plugin ContentBrowserClassDataSource
LogPluginManager: Mounting plugin ContentBrowserFileDataSource
LogPluginManager: Mounting plugin OnlineSubsystemGooglePlay
LogPluginManager: Mounting plugin OnlineSubsystemIOS
LogPluginManager: Mounting plugin OculusVR
LogPluginManager: Mounting plugin SteamVR
PixWinPlugin: PIX capture plugin failed to initialize! Check that the process is launched from PIX.
LogInit: Using libcurl 7.55.1-DEV
LogInit:  - built for x86_64-pc-win32
LogInit:  - supports SSL with OpenSSL/1.1.1
LogInit:  - supports HTTP deflate (compression) using libz 1.2.8
LogInit:  - other features:
LogInit:      CURL_VERSION_SSL
LogInit:      CURL_VERSION_LIBZ
LogInit:      CURL_VERSION_IPV6
LogInit:      CURL_VERSION_ASYNCHDNS
LogInit:      CURL_VERSION_LARGEFILE
LogInit:      CURL_VERSION_IDN
LogInit:  CurlRequestOptions (configurable via config and command line):
LogInit:  - bVerifyPeer = true  - Libcurl will verify peer certificate
LogInit:  - bUseHttpProxy = false  - Libcurl will NOT use HTTP proxy
LogInit:  - bDontReuseConnections = false  - Libcurl will reuse connections
LogInit:  - MaxHostConnections = 16  - Libcurl will limit the number of connections to a host
LogInit:  - LocalHostAddr = Default
LogInit:  - BufferSize = 65536
LogOnline: OSS: Creating online subsystem instance for: NULL
LogInit: WinSock: version 1.1 (2.2), MaxSocks=32767, MaxUdp=65467
LogOnline: OSS: TryLoadSubsystemAndSetDefault: Loaded subsystem for module [NULL]
LogInit: Build: ++UE4+Release-4.27-CL-18319896
LogInit: Engine Version: 4.27.2-18319896+++UE4+Release-4.27
LogInit: Compatible Engine Version: 4.27.0-17155196+++UE4+Release-4.27
LogInit: Net CL: 17155196
LogInit: OS: Windows 10 (Release 2009) (), CPU: AMD Ryzen 5 3600X 6-Core Processor             , GPU: AMD Radeon RX 5700 XT
LogInit: Compiled (64-bit): Nov 30 2021 07:12:08
LogInit: Compiled with Visual C++: 19.24.28315.00
LogInit: Build Configuration: Development
LogInit: Branch Name: ++UE4+Release-4.27
LogInit: Command Line:  /Game/Maps/TestMap -game -PIEVIACONSOLE -Multiprocess -server -log "GameUserSettingsINI=C:/Users/danie/Documents/Gamedev VR/game/UE4 game/fpsgame/Saved/Config/Windows/PIEGameUserSettings0.ini" -MultiprocessSaveConfig -forcepassthrough -messaging -SessionName="Play in Standalone Game" -port=17777 -windowed
LogInit: Base Directory: C:/Program Files/Epic Games/UE_4.27/Engine/Binaries/Win64/
LogInit: Allocator: TBB
LogInit: Installed Engine Build: 1
LogDevObjectVersion: Number of dev versions registered: 29
LogDevObjectVersion:   Dev-Blueprints (B0D832E4-1F89-4F0D-ACCF-7EB736FD4AA2): 10
LogDevObjectVersion:   Dev-Build (E1C64328-A22C-4D53-A36C-8E866417BD8C): 0
LogDevObjectVersion:   Dev-Core (375EC13C-06E4-48FB-B500-84F0262A717E): 4
LogDevObjectVersion:   Dev-Editor (E4B068ED-F494-42E9-A231-DA0B2E46BB41): 40
LogDevObjectVersion:   Dev-Framework (CFFC743F-43B0-4480-9391-14DF171D2073): 37
LogDevObjectVersion:   Dev-Mobile (B02B49B5-BB20-44E9-A304-32B752E40360): 3
LogDevObjectVersion:   Dev-Networking (A4E4105C-59A1-49B5-A7C5-40C4547EDFEE): 0
LogDevObjectVersion:   Dev-Online (39C831C9-5AE6-47DC-9A44-9C173E1C8E7C): 0
LogDevObjectVersion:   Dev-Physics (78F01B33-EBEA-4F98-B9B4-84EACCB95AA2): 14
LogDevObjectVersion:   Dev-Platform (6631380F-2D4D-43E0-8009-CF276956A95A): 0
LogDevObjectVersion:   Dev-Rendering (12F88B9F-8875-4AFC-A67C-D90C383ABD29): 45
LogDevObjectVersion:   Dev-Sequencer (7B5AE74C-D270-4C10-A958-57980B212A5A): 13
LogDevObjectVersion:   Dev-VR (D7296918-1DD6-4BDD-9DE2-64A83CC13884): 3
LogDevObjectVersion:   Dev-LoadTimes (C2A15278-BFE7-4AFE-6C17-90FF531DF755): 1
LogDevObjectVersion:   Private-Geometry (6EACA3D4-40EC-4CC1-B786-8BED09428FC5): 3
LogDevObjectVersion:   Dev-AnimPhys (29E575DD-E0A3-4627-9D10-D276232CDCEA): 17
LogDevObjectVersion:   Dev-Anim (AF43A65D-7FD3-4947-9873-3E8ED9C1BB05): 15
LogDevObjectVersion:   Dev-ReflectionCapture (6B266CEC-1EC7-4B8F-A30B-E4D90942FC07): 1
LogDevObjectVersion:   Dev-Automation (0DF73D61-A23F-47EA-B727-89E90C41499A): 1
LogDevObjectVersion:   FortniteMain (601D1886-AC64-4F84-AA16-D3DE0DEAC7D6): 47
LogDevObjectVersion:   FortniteRelease (E7086368-6B23-4C58-8439-1B7016265E91): 1
LogDevObjectVersion:   Dev-Enterprise (9DFFBCD6-494F-0158-E221-12823C92A888): 10
LogDevObjectVersion:   Dev-Niagara (F2AED0AC-9AFE-416F-8664-AA7FFA26D6FC): 1
LogDevObjectVersion:   Dev-Destruction (174F1F0B-B4C6-45A5-B13F-2EE8D0FB917D): 10
LogDevObjectVersion:   Dev-Physics-Ext (35F94A83-E258-406C-A318-09F59610247C): 41
LogDevObjectVersion:   Dev-PhysicsMaterial-Chaos (B68FC16E-8B1B-42E2-B453-215C058844FE): 1
LogDevObjectVersion:   Dev-CineCamera (B2E18506-4273-CFC2-A54E-F4BB758BBA07): 1
LogDevObjectVersion:   Dev-VirtualProduction (64F58936-FD1B-42BA-BA96-7289D5D0FA4E): 1
LogDevObjectVersion:   Dev-MediaFramework (6F0ED827-A609-4895-9C91-998D90180EA4): 2
LogInit: Presizing for max 25165824 objects, including 0 objects not considered by GC, pre-allocating 0 bytes for permanent pool.
LogConfig: Applying CVar settings from Section [/Script/Engine.StreamingSettings] File [C:/Users/danie/Documents/Gamedev VR/game/UE4 game/fpsgame/Saved/Config/Windows/Engine.ini]
LogConfig: Setting CVar [[s.MinBulkDataSizeForAsyncLoading:131072]]
LogConfig: Setting CVar [[s.AsyncLoadingThreadEnabled:0]]
LogConfig: Setting CVar [[s.EventDrivenLoaderEnabled:1]]
LogConfig: Setting CVar [[s.WarnIfTimeLimitExceeded:0]]
LogConfig: Setting CVar [[s.TimeLimitExceededMultiplier:1.5]]
LogConfig: Setting CVar [[s.TimeLimitExceededMinTime:0.005]]
LogConfig: Setting CVar [[s.UseBackgroundLevelStreaming:1]]
LogConfig: Setting CVar [[s.PriorityAsyncLoadingExtraTime:15.0]]
LogConfig: Setting CVar [[s.LevelStreamingActorsUpdateTimeLimit:5.0]]
LogConfig: Setting CVar [[s.PriorityLevelStreamingActorsUpdateExtraTime:5.0]]
LogConfig: Setting CVar [[s.LevelStreamingComponentsRegistrationGranularity:10]]
LogConfig: Setting CVar [[s.UnregisterComponentsTimeLimit:1.0]]
LogConfig: Setting CVar [[s.LevelStreamingComponentsUnregistrationGranularity:5]]
LogConfig: Setting CVar [[s.FlushStreamingOnExit:1]]
LogInit: Object subsystem initialized
LogConfig: Setting CVar [[con.DebugEarlyDefault:1]]
LogConfig: Setting CVar [[r.setres:1280x720]]
[2022.08.26-15.43.50:240][  0]LogConfig: Setting CVar [[con.DebugEarlyDefault:1]]
[2022.08.26-15.43.50:240][  0]LogConfig: Setting CVar [[r.setres:1280x720]]
[2022.08.26-15.43.50:241][  0]LogConfig: Applying CVar settings from Section [/Script/Engine.RendererSettings] File [C:/Users/danie/Documents/Gamedev VR/game/UE4 game/fpsgame/Saved/Config/Windows/Engine.ini]
[2022.08.26-15.43.50:241][  0]LogConfig: Setting CVar [[r.GPUCrashDebugging:0]]
[2022.08.26-15.43.50:241][  0]LogConfig: Setting CVar [[r.Mobile.DisableVertexFog:1]]
[2022.08.26-15.43.50:241][  0]LogConfig: Setting CVar [[r.Shadow.CSM.MaxMobileCascades:2]]
[2022.08.26-15.43.50:242][  0]LogConfig: Setting CVar [[r.MobileMSAA:1]]
[2022.08.26-15.43.50:242][  0]LogConfig: Setting CVar [[r.Mobile.AllowDitheredLODTransition:0]]
[2022.08.26-15.43.50:242][  0]LogConfig: Setting CVar [[r.Mobile.AllowSoftwareOcclusion:0]]
[2022.08.26-15.43.50:242][  0]LogConfig: Setting CVar [[r.Mobile.VirtualTextures:0]]
[2022.08.26-15.43.50:243][  0]LogConfig: Setting CVar [[r.DiscardUnusedQuality:0]]
[2022.08.26-15.43.50:243][  0]LogConfig: Setting CVar [[r.AllowOcclusionQueries:1]]
[2022.08.26-15.43.50:243][  0]LogConfig: Setting CVar [[r.MinScreenRadiusForLights:0.030000]]
[2022.08.26-15.43.50:243][  0]LogConfig: Setting CVar [[r.MinScreenRadiusForDepthPrepass:0.030000]]
[2022.08.26-15.43.50:244][  0]LogConfig: Setting CVar [[r.MinScreenRadiusForCSMDepth:0.010000]]
[2022.08.26-15.43.50:246][  0]LogConfig: Setting CVar [[r.PrecomputedVisibilityWarning:0]]
[2022.08.26-15.43.50:246][  0]LogConfig: Setting CVar [[r.TextureStreaming:1]]
[2022.08.26-15.43.50:247][  0]LogConfig: Setting CVar [[Compat.UseDXT5NormalMaps:0]]
[2022.08.26-15.43.50:247][  0]LogConfig: Setting CVar [[r.VirtualTextures:0]]
[2022.08.26-15.43.50:247][  0]LogConfig: Setting CVar [[r.VT.EnableAutoImport:1]]
[2022.08.26-15.43.50:247][  0]LogConfig: Setting CVar [[r.VirtualTexturedLightmaps:0]]
[2022.08.26-15.43.50:248][  0]LogConfig: Setting CVar [[r.VT.TileSize:128]]
[2022.08.26-15.43.50:248][  0]LogConfig: Setting CVar [[r.VT.TileBorderSize:4]]
[2022.08.26-15.43.50:248][  0]LogConfig: Setting CVar [[r.vt.FeedbackFactor:16]]
[2022.08.26-15.43.50:248][  0]LogConfig: Setting CVar [[r.VT.EnableCompressZlib:1]]
[2022.08.26-15.43.50:249][  0]LogConfig: Setting CVar [[r.VT.EnableCompressCrunch:0]]
[2022.08.26-15.43.50:249][  0]LogConfig: Setting CVar [[r.ClearCoatNormal:0]]
[2022.08.26-15.43.50:249][  0]LogConfig: Setting CVar [[r.ReflectionCaptureResolution:128]]
[2022.08.26-15.43.50:249][  0]LogConfig: Setting CVar [[r.Mobile.ReflectionCaptureCompression:0]]
[2022.08.26-15.43.50:250][  0]LogConfig: Setting CVar [[r.ReflectionEnvironmentLightmapMixBasedOnRoughness:1]]
[2022.08.26-15.43.50:250][  0]LogConfig: Setting CVar [[r.ForwardShading:0]]
[2022.08.26-15.43.50:250][  0]LogConfig: Setting CVar [[r.VertexFoggingForOpaque:1]]
[2022.08.26-15.43.50:251][  0]LogConfig: Setting CVar [[r.AllowStaticLighting:1]]
[2022.08.26-15.43.50:251][  0]LogConfig: Setting CVar [[r.NormalMapsForStaticLighting:0]]
[2022.08.26-15.43.50:251][  0]LogConfig: Setting CVar [[r.GenerateMeshDistanceFields:0]]
[2022.08.26-15.43.50:251][  0]LogConfig: Setting CVar [[r.DistanceFieldBuild.EightBit:0]]
[2022.08.26-15.43.50:252][  0]LogConfig: Setting CVar [[r.GenerateLandscapeGIData:0]]
[2022.08.26-15.43.50:252][  0]LogConfig: Setting CVar [[r.DistanceFieldBuild.Compress:0]]
[2022.08.26-15.43.50:252][  0]LogConfig: Setting CVar [[r.TessellationAdaptivePixelsPerTriangle:48.000000]]
[2022.08.26-15.43.50:252][  0]LogConfig: Setting CVar [[r.SeparateTranslucency:1]]
[2022.08.26-15.43.50:253][  0]LogConfig: Setting CVar [[r.TranslucentSortPolicy:0]]
[2022.08.26-15.43.50:253][  0]LogConfig: Setting CVar [[vr.VRS.HMDFixedFoveationLevel:0]]
[2022.08.26-15.43.50:253][  0]LogConfig: Setting CVar [[r.CustomDepth:1]]
[2022.08.26-15.43.50:254][  0]LogConfig: Setting CVar [[r.CustomDepthTemporalAAJitter:1]]
[2022.08.26-15.43.50:254][  0]LogConfig: Setting CVar [[r.PostProcessing.PropagateAlpha:0]]
[2022.08.26-15.43.50:254][  0]LogConfig: Setting CVar [[r.DefaultFeature.Bloom:1]]
[2022.08.26-15.43.50:254][  0]LogConfig: Setting CVar [[r.DefaultFeature.AmbientOcclusion:1]]
[2022.08.26-15.43.50:255][  0]LogConfig: Setting CVar [[r.DefaultFeature.AmbientOcclusionStaticFraction:1]]
[2022.08.26-15.43.50:255][  0]LogConfig: Setting CVar [[r.DefaultFeature.AutoExposure:0]]
[2022.08.26-15.43.50:255][  0]LogConfig: Setting CVar [[r.DefaultFeature.AutoExposure.Method:0]]
[2022.08.26-15.43.50:255][  0]LogConfig: Setting CVar [[r.DefaultFeature.AutoExposure.Bias:1.000000]]
[2022.08.26-15.43.50:256][  0]LogConfig: Setting CVar [[r.DefaultFeature.AutoExposure.ExtendDefaultLuminanceRange:0]]
[2022.08.26-15.43.50:256][  0]LogConfig: Setting CVar [[r.UsePreExposure:1]]
[2022.08.26-15.43.50:257][  0]LogConfig: Setting CVar [[r.EyeAdaptation.EditorOnly:0]]
[2022.08.26-15.43.50:257][  0]LogConfig: Setting CVar [[r.DefaultFeature.MotionBlur:0]]
[2022.08.26-15.43.50:257][  0]LogConfig: Setting CVar [[r.DefaultFeature.LensFlare:0]]
[2022.08.26-15.43.50:257][  0]LogConfig: Setting CVar [[r.TemporalAA.Upsampling:0]]
[2022.08.26-15.43.50:258][  0]LogConfig: Setting CVar [[r.SSGI.Enable:0]]
[2022.08.26-15.43.50:258][  0]LogConfig: Setting CVar [[r.DefaultFeature.AntiAliasing:0]]
[2022.08.26-15.43.50:258][  0]LogConfig: Setting CVar [[r.DefaultFeature.LightUnits:1]]
[2022.08.26-15.43.50:258][  0]LogConfig: Setting CVar [[r.DefaultBackBufferPixelFormat:4]]
[2022.08.26-15.43.50:259][  0]LogConfig: Setting CVar [[r.Shadow.UnbuiltPreviewInGame:1]]
[2022.08.26-15.43.50:259][  0]LogConfig: Setting CVar [[r.StencilForLODDither:0]]
[2022.08.26-15.43.50:259][  0]LogConfig: Setting CVar [[r.EarlyZPass:3]]
[2022.08.26-15.43.50:259][  0]LogConfig: Setting CVar [[r.EarlyZPassOnlyMaterialMasking:0]]
[2022.08.26-15.43.50:260][  0]LogConfig: Setting CVar [[r.DBuffer:1]]
[2022.08.26-15.43.50:262][  0]LogConfig: Setting CVar [[r.ClearSceneMethod:1]]
[2022.08.26-15.43.50:262][  0]LogConfig: Setting CVar [[r.BasePassOutputsVelocity:0]]
[2022.08.26-15.43.50:263][  0]LogConfig: Setting CVar [[r.VertexDeformationOutputsVelocity:0]]
[2022.08.26-15.43.50:263][  0]LogConfig: Setting CVar [[r.SelectiveBasePassOutputs:0]]
[2022.08.26-15.43.50:263][  0]LogConfig: Setting CVar [[fx.GPUSimulationTextureSizeX:1024]]
[2022.08.26-15.43.50:263][  0]LogConfig: Setting CVar [[fx.GPUSimulationTextureSizeY:1024]]
[2022.08.26-15.43.50:264][  0]LogConfig: Setting CVar [[r.AllowGlobalClipPlane:0]]
[2022.08.26-15.43.50:264][  0]LogConfig: Setting CVar [[r.GBufferFormat:1]]
[2022.08.26-15.43.50:264][  0]LogConfig: Setting CVar [[r.MorphTarget.Mode:1]]
[2022.08.26-15.43.50:265][  0]LogConfig: Setting CVar [[vr.InstancedStereo:0]]
[2022.08.26-15.43.50:265][  0]LogConfig: Setting CVar [[r.MobileHDR:1]]
[2022.08.26-15.43.50:265][  0]LogConfig: Setting CVar [[vr.MobileMultiView:0]]
[2022.08.26-15.43.50:266][  0]LogConfig: Setting CVar [[r.Mobile.UseHWsRGBEncoding:0]]
[2022.08.26-15.43.50:266][  0]LogConfig: Setting CVar [[vr.RoundRobinOcclusion:0]]
[2022.08.26-15.43.50:266][  0]LogConfig: Setting CVar [[vr.ODSCapture:0]]
[2022.08.26-15.43.50:267][  0]LogConfig: Setting CVar [[r.MeshStreaming:0]]
[2022.08.26-15.43.50:267][  0]LogConfig: Setting CVar [[r.WireframeCullThreshold:5.000000]]
[2022.08.26-15.43.50:267][  0]LogConfig: Setting CVar [[r.RayTracing:0]]
[2022.08.26-15.43.50:267][  0]LogConfig: Setting CVar [[r.RayTracing.UseTextureLod:0]]
[2022.08.26-15.43.50:268][  0]LogConfig: Setting CVar [[r.SupportStationarySkylight:1]]
[2022.08.26-15.43.50:268][  0]LogConfig: Setting CVar [[r.SupportLowQualityLightmaps:1]]
[2022.08.26-15.43.50:268][  0]LogConfig: Setting CVar [[r.SupportPointLightWholeSceneShadows:1]]
[2022.08.26-15.43.50:269][  0]LogConfig: Setting CVar [[r.SupportAtmosphericFog:1]]
[2022.08.26-15.43.50:269][  0]LogConfig: Setting CVar [[r.SupportSkyAtmosphere:1]]
[2022.08.26-15.43.50:269][  0]LogConfig: Setting CVar [[r.SupportSkyAtmosphereAffectsHeightFog:0]]
[2022.08.26-15.43.50:269][  0]LogConfig: Setting CVar [[r.SkinCache.CompileShaders:0]]
[2022.08.26-15.43.50:270][  0]LogConfig: Setting CVar [[r.SkinCache.DefaultBehavior:1]]
[2022.08.26-15.43.50:270][  0]LogConfig: Setting CVar [[r.SkinCache.SceneMemoryLimitInMB:128.000000]]
[2022.08.26-15.43.50:270][  0]LogConfig: Setting CVar [[r.Mobile.EnableStaticAndCSMShadowReceivers:1]]
[2022.08.26-15.43.50:270][  0]LogConfig: Setting CVar [[r.Mobile.EnableMovableLightCSMShaderCulling:1]]
[2022.08.26-15.43.50:271][  0]LogConfig: Setting CVar [[r.Mobile.AllowDistanceFieldShadows:1]]
[2022.08.26-15.43.50:271][  0]LogConfig: Setting CVar [[r.Mobile.AllowMovableDirectionalLights:1]]
[2022.08.26-15.43.50:271][  0]LogConfig: Setting CVar [[r.MobileNumDynamicPointLights:4]]
[2022.08.26-15.43.50:272][  0]LogConfig: Setting CVar [[r.MobileDynamicPointLightsUseStaticBranch:1]]
[2022.08.26-15.43.50:272][  0]LogConfig: Setting CVar [[r.Mobile.EnableMovableSpotlights:0]]
[2022.08.26-15.43.50:272][  0]LogConfig: Setting CVar [[r.Mobile.EnableMovableSpotlightsShadow:0]]
[2022.08.26-15.43.50:272][  0]LogConfig: Setting CVar [[r.GPUSkin.Support16BitBoneIndex:0]]
[2022.08.26-15.43.50:273][  0]LogConfig: Setting CVar [[r.GPUSkin.Limit2BoneInfluences:0]]
[2022.08.26-15.43.50:273][  0]LogConfig: Setting CVar [[r.SupportDepthOnlyIndexBuffers:1]]
[2022.08.26-15.43.50:273][  0]LogConfig: Setting CVar [[r.SupportReversedIndexBuffers:1]]
[2022.08.26-15.43.50:273][  0]LogConfig: Setting CVar [[r.LightPropagationVolume:0]]
[2022.08.26-15.43.50:274][  0]LogConfig: Setting CVar [[r.Mobile.AmbientOcclusion:0]]
[2022.08.26-15.43.50:274][  0]LogConfig: Setting CVar [[r.GPUSkin.UnlimitedBoneInfluences:0]]
[2022.08.26-15.43.50:274][  0]LogConfig: Setting CVar [[r.GPUSkin.UnlimitedBoneInfluencesThreshold:8]]
[2022.08.26-15.43.50:275][  0]LogConfig: Setting CVar [[r.Mobile.PlanarReflectionMode:0]]
[2022.08.26-15.43.50:275][  0]LogConfig: Setting CVar [[r.Mobile.SupportsGen4TAA:0]]
[2022.08.26-15.43.50:275][  0]LogConfig: Applying CVar settings from Section [/Script/Engine.RendererOverrideSettings] File [C:/Users/danie/Documents/Gamedev VR/game/UE4 game/fpsgame/Saved/Config/Windows/Engine.ini]
[2022.08.26-15.43.50:276][  0]LogConfig: Applying CVar settings from Section [/Script/Engine.StreamingSettings] File [C:/Users/danie/Documents/Gamedev VR/game/UE4 game/fpsgame/Saved/Config/Windows/Engine.ini]
[2022.08.26-15.43.50:278][  0]LogConfig: Setting CVar [[s.MinBulkDataSizeForAsyncLoading:131072]]
[2022.08.26-15.43.50:279][  0]LogConfig: Setting CVar [[s.AsyncLoadingThreadEnabled:0]]
[2022.08.26-15.43.50:279][  0]LogConfig: Setting CVar [[s.EventDrivenLoaderEnabled:1]]
[2022.08.26-15.43.50:279][  0]LogConfig: Setting CVar [[s.WarnIfTimeLimitExceeded:0]]
[2022.08.26-15.43.50:279][  0]LogConfig: Setting CVar [[s.TimeLimitExceededMultiplier:1.5]]
[2022.08.26-15.43.50:280][  0]LogConfig: Setting CVar [[s.TimeLimitExceededMinTime:0.005]]
[2022.08.26-15.43.50:280][  0]LogConfig: Setting CVar [[s.UseBackgroundLevelStreaming:1]]
[2022.08.26-15.43.50:280][  0]LogConfig: Setting CVar [[s.PriorityAsyncLoadingExtraTime:15.0]]
[2022.08.26-15.43.50:281][  0]LogConfig: Setting CVar [[s.LevelStreamingActorsUpdateTimeLimit:5.0]]
[2022.08.26-15.43.50:281][  0]LogConfig: Setting CVar [[s.PriorityLevelStreamingActorsUpdateExtraTime:5.0]]
[2022.08.26-15.43.50:281][  0]LogConfig: Setting CVar [[s.LevelStreamingComponentsRegistrationGranularity:10]]
[2022.08.26-15.43.50:281][  0]LogConfig: Setting CVar [[s.UnregisterComponentsTimeLimit:1.0]]
[2022.08.26-15.43.50:282][  0]LogConfig: Setting CVar [[s.LevelStreamingComponentsUnregistrationGranularity:5]]
[2022.08.26-15.43.50:282][  0]LogConfig: Setting CVar [[s.FlushStreamingOnExit:1]]
[2022.08.26-15.43.50:282][  0]LogConfig: Applying CVar settings from Section [/Script/Engine.GarbageCollectionSettings] File [C:/Users/danie/Documents/Gamedev VR/game/UE4 game/fpsgame/Saved/Config/Windows/Engine.ini]
[2022.08.26-15.43.50:283][  0]LogConfig: Setting CVar [[gc.MaxObjectsNotConsideredByGC:1]]
[2022.08.26-15.43.50:283][  0]LogConfig: Setting CVar [[gc.SizeOfPermanentObjectPool:0]]
[2022.08.26-15.43.50:283][  0]LogConfig: Setting CVar [[gc.FlushStreamingOnGC:0]]
[2022.08.26-15.43.50:284][  0]LogConfig: Setting CVar [[gc.NumRetriesBeforeForcingGC:10]]
[2022.08.26-15.43.50:284][  0]LogConfig: Setting CVar [[gc.AllowParallelGC:1]]
[2022.08.26-15.43.50:284][  0]LogConfig: Setting CVar [[gc.TimeBetweenPurgingPendingKillObjects:61.1]]
[2022.08.26-15.43.50:284][  0]LogConfig: Setting CVar [[gc.MaxObjectsInEditor:25165824]]
[2022.08.26-15.43.50:285][  0]LogConfig: Setting CVar [[gc.IncrementalBeginDestroyEnabled:1]]
[2022.08.26-15.43.50:285][  0]LogConfig: Setting CVar [[gc.CreateGCClusters:1]]
[2022.08.26-15.43.50:285][  0]LogConfig: Setting CVar [[gc.MinGCClusterSize:5]]
[2022.08.26-15.43.50:286][  0]LogConfig: Setting CVar [[gc.ActorClusteringEnabled:0]]
[2022.08.26-15.43.50:286][  0]LogConfig: Setting CVar [[gc.BlueprintClusteringEnabled:0]]
[2022.08.26-15.43.50:286][  0]LogConfig: Setting CVar [[gc.UseDisregardForGCOnDedicatedServers:0]]
[2022.08.26-15.43.50:286][  0]LogConfig: Setting CVar [[gc.MultithreadedDestructionEnabled:1]]
[2022.08.26-15.43.50:286][  0]LogConfig: Applying CVar settings from Section [/Script/Engine.NetworkSettings] File [C:/Users/danie/Documents/Gamedev VR/game/UE4 game/fpsgame/Saved/Config/Windows/Engine.ini]
[2022.08.26-15.43.50:287][  0]LogConfig: Applying CVar settings from Section [/Script/UnrealEd.CookerSettings] File [C:/Users/danie/Documents/Gamedev VR/game/UE4 game/fpsgame/Saved/Config/Windows/Engine.ini]
[2022.08.26-15.43.50:287][  0]LogConfig: Applying CVar settings from Section [ViewDistanceQuality@3] File [C:/Users/danie/Documents/Gamedev VR/game/UE4 game/fpsgame/Saved/Config/Windows/Scalability.ini]
[2022.08.26-15.43.50:287][  0]LogConfig: Setting CVar [[r.SkeletalMeshLODBias:0]]
[2022.08.26-15.43.50:288][  0]LogConfig: Setting CVar [[r.ViewDistanceScale:1.0]]
[2022.08.26-15.43.50:288][  0]LogConfig: Applying CVar settings from Section [AntiAliasingQuality@3] File [C:/Users/danie/Documents/Gamedev VR/game/UE4 game/fpsgame/Saved/Config/Windows/Scalability.ini]
[2022.08.26-15.43.50:288][  0]LogConfig: Setting CVar [[r.PostProcessAAQuality:4]]
[2022.08.26-15.43.50:288][  0]LogConfig: Applying CVar settings from Section [ShadowQuality@3] File [C:/Users/danie/Documents/Gamedev VR/game/UE4 game/fpsgame/Saved/Config/Windows/Scalability.ini]
[2022.08.26-15.43.50:289][  0]LogConfig: Setting CVar [[r.LightFunctionQuality:1]]
[2022.08.26-15.43.50:289][  0]LogConfig: Setting CVar [[r.ShadowQuality:5]]
[2022.08.26-15.43.50:289][  0]LogConfig: Setting CVar [[r.Shadow.CSM.MaxCascades:10]]
[2022.08.26-15.43.50:290][  0]LogConfig: Setting CVar [[r.Shadow.MaxResolution:2048]]
[2022.08.26-15.43.50:290][  0]LogConfig: Setting CVar [[r.Shadow.MaxCSMResolution:2048]]
[2022.08.26-15.43.50:290][  0]LogConfig: Setting CVar [[r.Shadow.RadiusThreshold:0.01]]
[2022.08.26-15.43.50:291][  0]LogConfig: Setting CVar [[r.Shadow.DistanceScale:1.0]]
[2022.08.26-15.43.50:291][  0]LogConfig: Setting CVar [[r.Shadow.CSM.TransitionScale:1.0]]
[2022.08.26-15.43.50:291][  0]LogConfig: Setting CVar [[r.Shadow.PreShadowResolutionFactor:1.0]]
[2022.08.26-15.43.50:291][  0]LogConfig: Setting CVar [[r.DistanceFieldShadowing:1]]
[2022.08.26-15.43.50:292][  0]LogConfig: Setting CVar [[r.DistanceFieldAO:1]]
[2022.08.26-15.43.50:295][  0]LogConfig: Setting CVar [[r.AOQuality:2]]
[2022.08.26-15.43.50:295][  0]LogConfig: Setting CVar [[r.VolumetricFog:1]]
[2022.08.26-15.43.50:296][  0]LogConfig: Setting CVar [[r.VolumetricFog.GridPixelSize:8]]
[2022.08.26-15.43.50:296][  0]LogConfig: Setting CVar [[r.VolumetricFog.GridSizeZ:128]]
[2022.08.26-15.43.50:296][  0]LogConfig: Setting CVar [[r.VolumetricFog.HistoryMissSupersampleCount:4]]
[2022.08.26-15.43.50:296][  0]LogConfig: Setting CVar [[r.LightMaxDrawDistanceScale:1]]
[2022.08.26-15.43.50:297][  0]LogConfig: Setting CVar [[r.CapsuleShadows:1]]
[2022.08.26-15.43.50:297][  0]LogConfig: Applying CVar settings from Section [PostProcessQuality@3] File [C:/Users/danie/Documents/Gamedev VR/game/UE4 game/fpsgame/Saved/Config/Windows/Scalability.ini]
[2022.08.26-15.43.50:297][  0]LogConfig: Setting CVar [[r.MotionBlurQuality:4]]
[2022.08.26-15.43.50:297][  0]LogConfig: Setting CVar [[r.AmbientOcclusionMipLevelFactor:0.4]]
[2022.08.26-15.43.50:298][  0]LogConfig: Setting CVar [[r.AmbientOcclusionMaxQuality:100]]
[2022.08.26-15.43.50:298][  0]LogConfig: Setting CVar [[r.AmbientOcclusionLevels:-1]]
[2022.08.26-15.43.50:298][  0]LogConfig: Setting CVar [[r.AmbientOcclusionRadiusScale:1.0]]
[2022.08.26-15.43.50:298][  0]LogConfig: Setting CVar [[r.DepthOfFieldQuality:2]]
[2022.08.26-15.43.50:299][  0]LogConfig: Setting CVar [[r.RenderTargetPoolMin:400]]
[2022.08.26-15.43.50:299][  0]LogConfig: Setting CVar [[r.LensFlareQuality:2]]
[2022.08.26-15.43.50:299][  0]LogConfig: Setting CVar [[r.SceneColorFringeQuality:1]]
[2022.08.26-15.43.50:300][  0]LogConfig: Setting CVar [[r.EyeAdaptationQuality:2]]
[2022.08.26-15.43.50:300][  0]LogConfig: Setting CVar [[r.BloomQuality:5]]
[2022.08.26-15.43.50:300][  0]LogConfig: Setting CVar [[r.FastBlurThreshold:100]]
[2022.08.26-15.43.50:301][  0]LogConfig: Setting CVar [[r.Upscale.Quality:3]]
[2022.08.26-15.43.50:301][  0]LogConfig: Setting CVar [[r.Tonemapper.GrainQuantization:1]]
[2022.08.26-15.43.50:301][  0]LogConfig: Setting CVar [[r.LightShaftQuality:1]]
[2022.08.26-15.43.50:301][  0]LogConfig: Setting CVar [[r.Filter.SizeScale:1]]
[2022.08.26-15.43.50:302][  0]LogConfig: Setting CVar [[r.Tonemapper.Quality:5]]
[2022.08.26-15.43.50:302][  0]LogConfig: Setting CVar [[r.DOF.Gather.AccumulatorQuality:1        ; higher gathering accumulator quality]]
[2022.08.26-15.43.50:302][  0]LogConfig: Setting CVar [[r.DOF.Gather.PostfilterMethod:1          ; Median3x3 postfilering method]]
[2022.08.26-15.43.50:303][  0]LogConfig: Setting CVar [[r.DOF.Gather.EnableBokehSettings:0       ; no bokeh simulation when gathering]]
[2022.08.26-15.43.50:303][  0]LogConfig: Setting CVar [[r.DOF.Gather.RingCount:4                 ; medium number of samples when gathering]]
[2022.08.26-15.43.50:303][  0]LogConfig: Setting CVar [[r.DOF.Scatter.ForegroundCompositing:1    ; additive foreground scattering]]
[2022.08.26-15.43.50:304][  0]LogConfig: Setting CVar [[r.DOF.Scatter.BackgroundCompositing:2    ; additive background scattering]]
[2022.08.26-15.43.50:304][  0]LogConfig: Setting CVar [[r.DOF.Scatter.EnableBokehSettings:1      ; bokeh simulation when scattering]]
[2022.08.26-15.43.50:304][  0]LogConfig: Setting CVar [[r.DOF.Scatter.MaxSpriteRatio:0.1         ; only a maximum of 10% of scattered bokeh]]
[2022.08.26-15.43.50:304][  0]LogConfig: Setting CVar [[r.DOF.Recombine.Quality:1                ; cheap slight out of focus]]
[2022.08.26-15.43.50:305][  0]LogConfig: Setting CVar [[r.DOF.Recombine.EnableBokehSettings:0    ; no bokeh simulation on slight out of focus]]
[2022.08.26-15.43.50:305][  0]LogConfig: Setting CVar [[r.DOF.TemporalAAQuality:1                ; more stable temporal accumulation]]
[2022.08.26-15.43.50:305][  0]LogConfig: Setting CVar [[r.DOF.Kernel.MaxForegroundRadius:0.025]]
[2022.08.26-15.43.50:306][  0]LogConfig: Setting CVar [[r.DOF.Kernel.MaxBackgroundRadius:0.025]]
[2022.08.26-15.43.50:306][  0]LogConfig: Applying CVar settings from Section [TextureQuality@3] File [C:/Users/danie/Documents/Gamedev VR/game/UE4 game/fpsgame/Saved/Config/Windows/Scalability.ini]
[2022.08.26-15.43.50:306][  0]LogConfig: Setting CVar [[r.Streaming.MipBias:0]]
[2022.08.26-15.43.50:307][  0]LogConfig: Setting CVar [[r.Streaming.AmortizeCPUToGPUCopy:0]]
[2022.08.26-15.43.50:307][  0]LogConfig: Setting CVar [[r.Streaming.MaxNumTexturesToStreamPerFrame:0]]
[2022.08.26-15.43.50:307][  0]LogConfig: Setting CVar [[r.Streaming.Boost:1]]
[2022.08.26-15.43.50:307][  0]LogConfig: Setting CVar [[r.MaxAnisotropy:8]]
[2022.08.26-15.43.50:310][  0]LogConfig: Setting CVar [[r.VT.MaxAnisotropy:8]]
[2022.08.26-15.43.50:310][  0]LogConfig: Setting CVar [[r.Streaming.LimitPoolSizeToVRAM:0]]
[2022.08.26-15.43.50:311][  0]LogConfig: Setting CVar [[r.Streaming.PoolSize:1000]]
[2022.08.26-15.43.50:311][  0]LogConfig: Setting CVar [[r.Streaming.MaxEffectiveScreenSize:0]]
[2022.08.26-15.43.50:311][  0]LogConfig: Applying CVar settings from Section [EffectsQuality@3] File [C:/Users/danie/Documents/Gamedev VR/game/UE4 game/fpsgame/Saved/Config/Windows/Scalability.ini]
[2022.08.26-15.43.50:312][  0]LogConfig: Setting CVar [[r.TranslucencyLightingVolumeDim:64]]
[2022.08.26-15.43.50:313][  0]LogConfig: Setting CVar [[r.RefractionQuality:2]]
[2022.08.26-15.43.50:313][  0]LogConfig: Setting CVar [[r.SSR.Quality:3]]
[2022.08.26-15.43.50:313][  0]LogConfig: Setting CVar [[r.SSR.HalfResSceneColor:0]]
[2022.08.26-15.43.50:314][  0]LogConfig: Setting CVar [[r.SceneColorFormat:4]]
[2022.08.26-15.43.50:314][  0]LogConfig: Setting CVar [[r.DetailMode:2]]
[2022.08.26-15.43.50:314][  0]LogConfig: Setting CVar [[r.TranslucencyVolumeBlur:1]]
[2022.08.26-15.43.50:315][  0]LogConfig: Setting CVar [[r.MaterialQualityLevel:1 ; High quality]]
[2022.08.26-15.43.50:315][  0]LogConfig: Setting CVar [[r.AnisotropicMaterials:1]]
[2022.08.26-15.43.50:315][  0]LogConfig: Setting CVar [[r.SSS.Scale:1]]
[2022.08.26-15.43.50:315][  0]LogConfig: Setting CVar [[r.SSS.SampleSet:2]]
[2022.08.26-15.43.50:315][  0]LogConfig: Setting CVar [[r.SSS.Quality:1]]
[2022.08.26-15.43.50:316][  0]LogConfig: Setting CVar [[r.SSS.HalfRes:0]]
[2022.08.26-15.43.50:316][  0]LogConfig: Setting CVar [[r.SSGI.Quality:3]]
[2022.08.26-15.43.50:316][  0]LogConfig: Setting CVar [[r.EmitterSpawnRateScale:1.0]]
[2022.08.26-15.43.50:317][  0]LogConfig: Setting CVar [[r.ParticleLightQuality:2]]
[2022.08.26-15.43.50:317][  0]LogConfig: Setting CVar [[r.SkyAtmosphere.AerialPerspectiveLUT.FastApplyOnOpaque:1 ; Always have FastSkyLUT 1 in this case to avoid wrong sky]]
[2022.08.26-15.43.50:317][  0]LogConfig: Setting CVar [[r.SkyAtmosphere.AerialPerspectiveLUT.SampleCountMaxPerSlice:4]]
[2022.08.26-15.43.50:317][  0]LogConfig: Setting CVar [[r.SkyAtmosphere.AerialPerspectiveLUT.DepthResolution:16.0]]
[2022.08.26-15.43.50:318][  0]LogConfig: Setting CVar [[r.SkyAtmosphere.FastSkyLUT:1]]
[2022.08.26-15.43.50:318][  0]LogConfig: Setting CVar [[r.SkyAtmosphere.FastSkyLUT.SampleCountMin:4.0]]
[2022.08.26-15.43.50:318][  0]LogConfig: Setting CVar [[r.SkyAtmosphere.FastSkyLUT.SampleCountMax:128.0]]
[2022.08.26-15.43.50:319][  0]LogConfig: Setting CVar [[r.SkyAtmosphere.SampleCountMin:4.0]]
[2022.08.26-15.43.50:319][  0]LogConfig: Setting CVar [[r.SkyAtmosphere.SampleCountMax:128.0]]
[2022.08.26-15.43.50:319][  0]LogConfig: Setting CVar [[r.SkyAtmosphere.TransmittanceLUT.UseSmallFormat:0]]
[2022.08.26-15.43.50:319][  0]LogConfig: Setting CVar [[r.SkyAtmosphere.TransmittanceLUT.SampleCount:10.0]]
[2022.08.26-15.43.50:320][  0]LogConfig: Setting CVar [[r.SkyAtmosphere.MultiScatteringLUT.SampleCount:15.0]]
[2022.08.26-15.43.50:320][  0]LogConfig: Setting CVar [[r.SkyLight.RealTimeReflectionCapture:1]]
[2022.08.26-15.43.50:320][  0]LogConfig: Applying CVar settings from Section [FoliageQuality@3] File [C:/Users/danie/Documents/Gamedev VR/game/UE4 game/fpsgame/Saved/Config/Windows/Scalability.ini]
[2022.08.26-15.43.50:321][  0]LogConfig: Setting CVar [[foliage.DensityScale:1.0]]
[2022.08.26-15.43.50:321][  0]LogConfig: Setting CVar [[grass.DensityScale:1.0]]
[2022.08.26-15.43.50:321][  0]LogConfig: Applying CVar settings from Section [ShadingQuality@3] File [C:/Users/danie/Documents/Gamedev VR/game/UE4 game/fpsgame/Saved/Config/Windows/Scalability.ini]
[2022.08.26-15.43.50:322][  0]LogConfig: Setting CVar [[r.HairStrands.SkyLighting.IntegrationType:2]]
[2022.08.26-15.43.50:322][  0]LogConfig: Setting CVar [[r.HairStrands.SkyAO.SampleCount:4]]
[2022.08.26-15.43.50:322][  0]LogConfig: Setting CVar [[r.HairStrands.Visibility.MSAA.SamplePerPixel:4]]
[2022.08.26-15.43.50:322][  0]LogInit: Selected Device Profile: [Windows]
[2022.08.26-15.43.50:323][  0]LogInit: Applying CVar settings loaded from the selected device profile: [Windows]
[2022.08.26-15.43.50:323][  0]LogHAL: Display: Platform has ~ 16 GB [17128247296 / 17179869184 / 16], which maps to Larger [LargestMinGB=32, LargerMinGB=12, DefaultMinGB=8, SmallerMinGB=6, SmallestMinGB=0)
[2022.08.26-15.43.50:323][  0]LogInit: Going up to parent DeviceProfile []
[2022.08.26-15.43.50:324][  0]LogConfig: Applying CVar settings from Section [ViewDistanceQuality@3] File [C:/Users/danie/Documents/Gamedev VR/game/UE4 game/fpsgame/Saved/Config/Windows/Scalability.ini]
[2022.08.26-15.43.50:326][  0]LogConfig: Setting CVar [[r.SkeletalMeshLODBias:0]]
[2022.08.26-15.43.50:326][  0]LogConfig: Setting CVar [[r.ViewDistanceScale:1.0]]
[2022.08.26-15.43.50:326][  0]LogConfig: Applying CVar settings from Section [AntiAliasingQuality@3] File [C:/Users/danie/Documents/Gamedev VR/game/UE4 game/fpsgame/Saved/Config/Windows/Scalability.ini]
[2022.08.26-15.43.50:326][  0]LogConfig: Setting CVar [[r.PostProcessAAQuality:4]]
[2022.08.26-15.43.50:327][  0]LogConfig: Applying CVar settings from Section [ShadowQuality@3] File [C:/Users/danie/Documents/Gamedev VR/game/UE4 game/fpsgame/Saved/Config/Windows/Scalability.ini]
[2022.08.26-15.43.50:327][  0]LogConfig: Setting CVar [[r.LightFunctionQuality:1]]
[2022.08.26-15.43.50:327][  0]LogConfig: Setting CVar [[r.ShadowQuality:5]]
[2022.08.26-15.43.50:327][  0]LogConfig: Setting CVar [[r.Shadow.CSM.MaxCascades:10]]
[2022.08.26-15.43.50:328][  0]LogConfig: Setting CVar [[r.Shadow.MaxResolution:2048]]
[2022.08.26-15.43.50:328][  0]LogConfig: Setting CVar [[r.Shadow.MaxCSMResolution:2048]]
[2022.08.26-15.43.50:328][  0]LogConfig: Setting CVar [[r.Shadow.RadiusThreshold:0.01]]
[2022.08.26-15.43.50:328][  0]LogConfig: Setting CVar [[r.Shadow.DistanceScale:1.0]]
[2022.08.26-15.43.50:329][  0]LogConfig: Setting CVar [[r.Shadow.CSM.TransitionScale:1.0]]
[2022.08.26-15.43.50:329][  0]LogConfig: Setting CVar [[r.Shadow.PreShadowResolutionFactor:1.0]]
[2022.08.26-15.43.50:329][  0]LogConfig: Setting CVar [[r.DistanceFieldShadowing:1]]
[2022.08.26-15.43.50:329][  0]LogConfig: Setting CVar [[r.DistanceFieldAO:1]]
[2022.08.26-15.43.50:330][  0]LogConfig: Setting CVar [[r.AOQuality:2]]
[2022.08.26-15.43.50:330][  0]LogConfig: Setting CVar [[r.VolumetricFog:1]]
[2022.08.26-15.43.50:330][  0]LogConfig: Setting CVar [[r.VolumetricFog.GridPixelSize:8]]
[2022.08.26-15.43.50:331][  0]LogConfig: Setting CVar [[r.VolumetricFog.GridSizeZ:128]]
[2022.08.26-15.43.50:331][  0]LogConfig: Setting CVar [[r.VolumetricFog.HistoryMissSupersampleCount:4]]
[2022.08.26-15.43.50:331][  0]LogConfig: Setting CVar [[r.LightMaxDrawDistanceScale:1]]
[2022.08.26-15.43.50:331][  0]LogConfig: Setting CVar [[r.CapsuleShadows:1]]
[2022.08.26-15.43.50:332][  0]LogConfig: Applying CVar settings from Section [PostProcessQuality@3] File [C:/Users/danie/Documents/Gamedev VR/game/UE4 game/fpsgame/Saved/Config/Windows/Scalability.ini]
[2022.08.26-15.43.50:332][  0]LogConfig: Setting CVar [[r.MotionBlurQuality:4]]
[2022.08.26-15.43.50:332][  0]LogConfig: Setting CVar [[r.AmbientOcclusionMipLevelFactor:0.4]]
[2022.08.26-15.43.50:333][  0]LogConfig: Setting CVar [[r.AmbientOcclusionMaxQuality:100]]
[2022.08.26-15.43.50:333][  0]LogConfig: Setting CVar [[r.AmbientOcclusionLevels:-1]]
[2022.08.26-15.43.50:333][  0]LogConfig: Setting CVar [[r.AmbientOcclusionRadiusScale:1.0]]
[2022.08.26-15.43.50:333][  0]LogConfig: Setting CVar [[r.DepthOfFieldQuality:2]]
[2022.08.26-15.43.50:334][  0]LogConfig: Setting CVar [[r.RenderTargetPoolMin:400]]
[2022.08.26-15.43.50:334][  0]LogConfig: Setting CVar [[r.LensFlareQuality:2]]
[2022.08.26-15.43.50:335][  0]LogConfig: Setting CVar [[r.SceneColorFringeQuality:1]]
[2022.08.26-15.43.50:335][  0]LogConfig: Setting CVar [[r.EyeAdaptationQuality:2]]
[2022.08.26-15.43.50:335][  0]LogConfig: Setting CVar [[r.BloomQuality:5]]
[2022.08.26-15.43.50:336][  0]LogConfig: Setting CVar [[r.FastBlurThreshold:100]]
[2022.08.26-15.43.50:336][  0]LogConfig: Setting CVar [[r.Upscale.Quality:3]]
[2022.08.26-15.43.50:336][  0]LogConfig: Setting CVar [[r.Tonemapper.GrainQuantization:1]]
[2022.08.26-15.43.50:336][  0]LogConfig: Setting CVar [[r.LightShaftQuality:1]]
[2022.08.26-15.43.50:337][  0]LogConfig: Setting CVar [[r.Filter.SizeScale:1]]
[2022.08.26-15.43.50:337][  0]LogConfig: Setting CVar [[r.Tonemapper.Quality:5]]
[2022.08.26-15.43.50:337][  0]LogConfig: Setting CVar [[r.DOF.Gather.AccumulatorQuality:1        ; higher gathering accumulator quality]]
[2022.08.26-15.43.50:337][  0]LogConfig: Setting CVar [[r.DOF.Gather.PostfilterMethod:1          ; Median3x3 postfilering method]]
[2022.08.26-15.43.50:338][  0]LogConfig: Setting CVar [[r.DOF.Gather.EnableBokehSettings:0       ; no bokeh simulation when gathering]]
[2022.08.26-15.43.50:338][  0]LogConfig: Setting CVar [[r.DOF.Gather.RingCount:4                 ; medium number of samples when gathering]]
[2022.08.26-15.43.50:338][  0]LogConfig: Setting CVar [[r.DOF.Scatter.ForegroundCompositing:1    ; additive foreground scattering]]
[2022.08.26-15.43.50:339][  0]LogConfig: Setting CVar [[r.DOF.Scatter.BackgroundCompositing:2    ; additive background scattering]]
[2022.08.26-15.43.50:339][  0]LogConfig: Setting CVar [[r.DOF.Scatter.EnableBokehSettings:1      ; bokeh simulation when scattering]]
[2022.08.26-15.43.50:339][  0]LogConfig: Setting CVar [[r.DOF.Scatter.MaxSpriteRatio:0.1         ; only a maximum of 10% of scattered bokeh]]
[2022.08.26-15.43.50:340][  0]LogConfig: Setting CVar [[r.DOF.Recombine.Quality:1                ; cheap slight out of focus]]
[2022.08.26-15.43.50:342][  0]LogConfig: Setting CVar [[r.DOF.Recombine.EnableBokehSettings:0    ; no bokeh simulation on slight out of focus]]
[2022.08.26-15.43.50:342][  0]LogConfig: Setting CVar [[r.DOF.TemporalAAQuality:1                ; more stable temporal accumulation]]
[2022.08.26-15.43.50:343][  0]LogConfig: Setting CVar [[r.DOF.Kernel.MaxForegroundRadius:0.025]]
[2022.08.26-15.43.50:343][  0]LogConfig: Setting CVar [[r.DOF.Kernel.MaxBackgroundRadius:0.025]]
[2022.08.26-15.43.50:343][  0]LogConfig: Applying CVar settings from Section [TextureQuality@3] File [C:/Users/danie/Documents/Gamedev VR/game/UE4 game/fpsgame/Saved/Config/Windows/Scalability.ini]
[2022.08.26-15.43.50:343][  0]LogConfig: Setting CVar [[r.Streaming.MipBias:0]]
[2022.08.26-15.43.50:344][  0]LogConfig: Setting CVar [[r.Streaming.AmortizeCPUToGPUCopy:0]]
[2022.08.26-15.43.50:344][  0]LogConfig: Setting CVar [[r.Streaming.MaxNumTexturesToStreamPerFrame:0]]
[2022.08.26-15.43.50:345][  0]LogConfig: Setting CVar [[r.Streaming.Boost:1]]
[2022.08.26-15.43.50:345][  0]LogConfig: Setting CVar [[r.MaxAnisotropy:8]]
[2022.08.26-15.43.50:345][  0]LogConfig: Setting CVar [[r.VT.MaxAnisotropy:8]]
[2022.08.26-15.43.50:346][  0]LogConfig: Setting CVar [[r.Streaming.LimitPoolSizeToVRAM:0]]
[2022.08.26-15.43.50:346][  0]LogConfig: Setting CVar [[r.Streaming.PoolSize:1000]]
[2022.08.26-15.43.50:346][  0]LogConfig: Setting CVar [[r.Streaming.MaxEffectiveScreenSize:0]]
[2022.08.26-15.43.50:346][  0]LogConfig: Applying CVar settings from Section [EffectsQuality@3] File [C:/Users/danie/Documents/Gamedev VR/game/UE4 game/fpsgame/Saved/Config/Windows/Scalability.ini]
[2022.08.26-15.43.50:347][  0]LogConfig: Setting CVar [[r.TranslucencyLightingVolumeDim:64]]
[2022.08.26-15.43.50:347][  0]LogConfig: Setting CVar [[r.RefractionQuality:2]]
[2022.08.26-15.43.50:348][  0]LogConfig: Setting CVar [[r.SSR.Quality:3]]
[2022.08.26-15.43.50:348][  0]LogConfig: Setting CVar [[r.SSR.HalfResSceneColor:0]]
[2022.08.26-15.43.50:348][  0]LogConfig: Setting CVar [[r.SceneColorFormat:4]]
[2022.08.26-15.43.50:348][  0]LogConfig: Setting CVar [[r.DetailMode:2]]
[2022.08.26-15.43.50:349][  0]LogConfig: Setting CVar [[r.TranslucencyVolumeBlur:1]]
[2022.08.26-15.43.50:349][  0]LogConfig: Setting CVar [[r.MaterialQualityLevel:1 ; High quality]]
[2022.08.26-15.43.50:349][  0]LogConfig: Setting CVar [[r.AnisotropicMaterials:1]]
[2022.08.26-15.43.50:349][  0]LogConfig: Setting CVar [[r.SSS.Scale:1]]
[2022.08.26-15.43.50:350][  0]LogConfig: Setting CVar [[r.SSS.SampleSet:2]]
[2022.08.26-15.43.50:350][  0]LogConfig: Setting CVar [[r.SSS.Quality:1]]
[2022.08.26-15.43.50:350][  0]LogConfig: Setting CVar [[r.SSS.HalfRes:0]]
[2022.08.26-15.43.50:351][  0]LogConfig: Setting CVar [[r.SSGI.Quality:3]]
[2022.08.26-15.43.50:351][  0]LogConfig: Setting CVar [[r.EmitterSpawnRateScale:1.0]]
[2022.08.26-15.43.50:351][  0]LogConfig: Setting CVar [[r.ParticleLightQuality:2]]
[2022.08.26-15.43.50:352][  0]LogConfig: Setting CVar [[r.SkyAtmosphere.AerialPerspectiveLUT.FastApplyOnOpaque:1 ; Always have FastSkyLUT 1 in this case to avoid wrong sky]]
[2022.08.26-15.43.50:352][  0]LogConfig: Setting CVar [[r.SkyAtmosphere.AerialPerspectiveLUT.SampleCountMaxPerSlice:4]]
[2022.08.26-15.43.50:352][  0]LogConfig: Setting CVar [[r.SkyAtmosphere.AerialPerspectiveLUT.DepthResolution:16.0]]
[2022.08.26-15.43.50:352][  0]LogConfig: Setting CVar [[r.SkyAtmosphere.FastSkyLUT:1]]
[2022.08.26-15.43.50:353][  0]LogConfig: Setting CVar [[r.SkyAtmosphere.FastSkyLUT.SampleCountMin:4.0]]
[2022.08.26-15.43.50:353][  0]LogConfig: Setting CVar [[r.SkyAtmosphere.FastSkyLUT.SampleCountMax:128.0]]
[2022.08.26-15.43.50:353][  0]LogConfig: Setting CVar [[r.SkyAtmosphere.SampleCountMin:4.0]]
[2022.08.26-15.43.50:354][  0]LogConfig: Setting CVar [[r.SkyAtmosphere.SampleCountMax:128.0]]
[2022.08.26-15.43.50:354][  0]LogConfig: Setting CVar [[r.SkyAtmosphere.TransmittanceLUT.UseSmallFormat:0]]
[2022.08.26-15.43.50:354][  0]LogConfig: Setting CVar [[r.SkyAtmosphere.TransmittanceLUT.SampleCount:10.0]]
[2022.08.26-15.43.50:355][  0]LogConfig: Setting CVar [[r.SkyAtmosphere.MultiScatteringLUT.SampleCount:15.0]]
[2022.08.26-15.43.50:355][  0]LogConfig: Setting CVar [[r.SkyLight.RealTimeReflectionCapture:1]]
[2022.08.26-15.43.50:355][  0]LogConfig: Applying CVar settings from Section [FoliageQuality@3] File [C:/Users/danie/Documents/Gamedev VR/game/UE4 game/fpsgame/Saved/Config/Windows/Scalability.ini]
[2022.08.26-15.43.50:355][  0]LogConfig: Setting CVar [[foliage.DensityScale:1.0]]
[2022.08.26-15.43.50:356][  0]LogConfig: Setting CVar [[grass.DensityScale:1.0]]
[2022.08.26-15.43.50:358][  0]LogConfig: Applying CVar settings from Section [ShadingQuality@3] File [C:/Users/danie/Documents/Gamedev VR/game/UE4 game/fpsgame/Saved/Config/Windows/Scalability.ini]
[2022.08.26-15.43.50:359][  0]LogConfig: Setting CVar [[r.HairStrands.SkyLighting.IntegrationType:2]]
[2022.08.26-15.43.50:359][  0]LogConfig: Setting CVar [[r.HairStrands.SkyAO.SampleCount:4]]
[2022.08.26-15.43.50:359][  0]LogConfig: Setting CVar [[r.HairStrands.Visibility.MSAA.SamplePerPixel:4]]
[2022.08.26-15.43.50:359][  0]LogConfig: Applying CVar settings from Section [Startup] File [../../../Engine/Config/ConsoleVariables.ini]
[2022.08.26-15.43.50:360][  0]LogConfig: Setting CVar [[net.UseAdaptiveNetUpdateFrequency:0]]
[2022.08.26-15.43.50:360][  0]LogConfig: Setting CVar [[p.chaos.AllowCreatePhysxBodies:1]]
[2022.08.26-15.43.50:361][  0]LogConfig: Setting CVar [[fx.SkipVectorVMBackendOptimizations:1]]
[2022.08.26-15.43.50:361][  0]LogConfig: Applying CVar settings from Section [ConsoleVariables] File [C:/Users/danie/Documents/Gamedev VR/game/UE4 game/fpsgame/Saved/Config/Windows/Engine.ini]
[2022.08.26-15.43.50:361][  0]LogConfig: Applying CVar settings from Section [ConsoleVariables] File [C:/Users/danie/Documents/Gamedev VR/game/UE4 game/fpsgame/Saved/Config/Windows/Editor.ini]
[2022.08.26-15.43.50:361][  0]LogInit: Computer: DESKTOP-QG36584
[2022.08.26-15.43.50:362][  0]LogInit: User: danie
[2022.08.26-15.43.50:362][  0]LogInit: CPU Page size=4096, Cores=6
[2022.08.26-15.43.50:362][  0]LogInit: High frequency timer resolution =10.000000 MHz
[2022.08.26-15.43.50:363][  0]LogMemory: Memory total: Physical=16.0GB (16GB approx)
[2022.08.26-15.43.50:363][  0]LogMemory: Platform Memory Stats for Windows
[2022.08.26-15.43.50:363][  0]LogMemory: Process Physical Memory: 140.26 MB used, 140.27 MB peak
[2022.08.26-15.43.50:363][  0]LogMemory: Process Virtual Memory: 115.38 MB used, 115.38 MB peak
[2022.08.26-15.43.50:364][  0]LogMemory: Physical Memory: 8799.96 MB used,  7534.80 MB free, 16334.77 MB total
[2022.08.26-15.43.50:364][  0]LogMemory: Virtual Memory: 134213800.00 MB used,  3924.64 MB free, 134217728.00 MB total
[2022.08.26-15.43.50:366][  0]LogWindows: WindowsPlatformFeatures disabled or dedicated server build
[2022.08.26-15.43.50:374][  0]LogInit: Physics initialised using underlying interface: PhysX
[2022.08.26-15.43.50:375][  0]LogInit: Using OS detected language (en-US).
[2022.08.26-15.43.50:375][  0]LogInit: Using OS detected locale (en-GB).
[2022.08.26-15.43.50:381][  0]LogTextLocalizationManager: No specific localization for 'en-US' exists, so the 'en' localization will be used.
[2022.08.26-15.43.50:760][  0]LogTargetPlatformManager: Display: Loaded TargetPlatform 'WindowsNoEditor'
[2022.08.26-15.43.50:763][  0]LogTargetPlatformManager: Display: Loaded TargetPlatform 'Windows'
[2022.08.26-15.43.50:766][  0]LogTargetPlatformManager: Display: Loaded TargetPlatform 'WindowsClient'
[2022.08.26-15.43.50:768][  0]LogTargetPlatformManager: Display: Loaded TargetPlatform 'WindowsServer'
[2022.08.26-15.43.50:769][  0]LogTargetPlatformManager: Display: Building Assets For Windows
[2022.08.26-15.43.50:772][  0]LogAudioDebug: Display: Lib vorbis DLL was dynamically loaded.
[2022.08.26-15.43.50:785][  0]LogTextureFormatOodle: Display: Oodle Texture 2.9.0 init RDO Off
[2022.08.26-15.43.50:796][  0]LogRendererCore: Ray tracing is disabled. Reason: r.RayTracing=0.
[2022.08.26-15.43.50:797][  0]LogShaderCompilers: Guid format shader working directory is -27 characters bigger than the processId version (../../../../../../Users/danie/Documents/Gamedev VR/game/UE4 game/fpsgame/Intermediate/Shaders/WorkingDirectory/13528/).
[2022.08.26-15.43.50:797][  0]LogShaderCompilers: Cleaned the shader compiler working directory 'C:/Users/danie/AppData/Local/Temp/UnrealShaderWorkingDir/79E461264D75B2601411F3B497B1E84B/'.
[2022.08.26-15.43.50:798][  0]LogXGEController: Cannot use XGE Controller as Incredibuild is not installed on this machine.
[2022.08.26-15.43.50:798][  0]LogShaderCompilers: Cannot use XGE Shader Compiler as Incredibuild is not installed on this machine.
[2022.08.26-15.43.50:798][  0]LogShaderCompilers: Display: Using Local Shader Compiler.
[2022.08.26-15.43.51:264][  0]LogDerivedDataCache: Display: Max Cache Size: 512 MB
[2022.08.26-15.43.51:308][  0]LogDerivedDataCache: Loaded boot cache 0.04s 95MB C:/Users/danie/AppData/Local/UnrealEngine/4.27/DerivedDataCache/Boot.ddc.
[2022.08.26-15.43.51:308][  0]LogDerivedDataCache: Display: Loaded Boot cache: C:/Users/danie/AppData/Local/UnrealEngine/4.27/DerivedDataCache/Boot.ddc
[2022.08.26-15.43.51:309][  0]LogDerivedDataCache: FDerivedDataBackendGraph:  Pak pak cache file ../../../../../../Users/danie/Documents/Gamedev VR/game/UE4 game/fpsgame/DerivedDataCache/DDC.ddp not found, will not use a pak cache.
[2022.08.26-15.43.51:309][  0]LogDerivedDataCache: Unable to find inner node Pak for hierarchical cache Hierarchy.
[2022.08.26-15.43.51:309][  0]LogDerivedDataCache: FDerivedDataBackendGraph:  CompressedPak pak cache file ../../../../../../Users/danie/Documents/Gamedev VR/game/UE4 game/fpsgame/DerivedDataCache/Compressed.ddp not found, will not use a pak cache.
[2022.08.26-15.43.51:309][  0]LogDerivedDataCache: Unable to find inner node CompressedPak for hierarchical cache Hierarchy.
[2022.08.26-15.43.51:325][  0]LogDerivedDataCache: Display: Pak cache opened for reading ../../../Engine/DerivedDataCache/Compressed.ddp.
[2022.08.26-15.43.51:326][  0]LogDerivedDataCache: FDerivedDataBackendGraph:  EnterprisePak pak cache file ../../../Enterprise/DerivedDataCache/Compressed.ddp not found, will not use a pak cache.
[2022.08.26-15.43.51:326][  0]LogDerivedDataCache: Unable to find inner node EnterprisePak for hierarchical cache Hierarchy.
[2022.08.26-15.43.51:333][  0]LogDerivedDataCache: Speed tests for C:/Users/danie/AppData/Local/UnrealEngine/Common/DerivedDataCache took 0.01 seconds
[2022.08.26-15.43.51:333][  0]LogDerivedDataCache: Display: Performance to C:/Users/danie/AppData/Local/UnrealEngine/Common/DerivedDataCache: Latency=0.03ms. RandomReadSpeed=347.11MBs, RandomWriteSpeed=197.70MBs. Assigned SpeedClass 'Local'
[2022.08.26-15.43.51:334][  0]LogDerivedDataCache: Using Local data cache path C:/Users/danie/AppData/Local/UnrealEngine/Common/DerivedDataCache: Writable
[2022.08.26-15.43.51:334][  0]LogDerivedDataCache: Shared data cache path not found in *engine.ini, will not use an Shared cache.
[2022.08.26-15.43.51:334][  0]LogDerivedDataCache: Unable to find inner node Shared for hierarchical cache Hierarchy.
[2022.08.26-15.43.51:335][  0]LogInit: Using OS detected language (en-US).
[2022.08.26-15.43.51:335][  0]LogInit: Using OS detected locale (en-GB).
[2022.08.26-15.43.51:335][  0]LogTextLocalizationManager: No localization for 'en-US' exists, so 'en' will be used for the language.
[2022.08.26-15.43.51:336][  0]LogTextLocalizationManager: No localization for 'en-GB' exists, so 'en' will be used for the locale.
[2022.08.26-15.43.51:339][  0]LogTextLocalizationManager: Compacting localization data took   0.01ms
[2022.08.26-15.43.51:340][  0]LogAssetRegistry: FAssetRegistry took 0.0023 seconds to start up
[2022.08.26-15.43.51:493][  0]LogPackageLocalizationCache: Processed 27 localized package path(s) for 1 prioritized culture(s) in 0.001188 seconds
[2022.08.26-15.43.51:568][  0]LogInit: Selected Device Profile: [Windows]
[2022.08.26-15.43.51:568][  0]LogInit: Active device profile: [000001AA5E8DC500][000001AA5CC2F480 49] Windows
[2022.08.26-15.43.51:569][  0]LogInit: Profiles: [000001AA5E8DC500][000001AA5CC2F480 49] Windows, [000001AA5E8CED00][000001AA5CC3D740 49] WindowsNoEditor, [000001AA5E8CC100][000001AA5CC41A00 49] WindowsServer, [000001AA5E8DF000][000001AA5CC44140 49] WindowsClient, [000001AA5E8DC200][000001AA5CC323C0 49] IOS, [000001AA5E8FFD00][000001AA5CC48640 49] iPadAir, [000001AA5E8DFA00][000001AA5CC50900 49] iPadAir2, [000001AA5E880200][000001AA5CC6AE40 49] IPadPro, [000001AA5E86FF00][000001AA5CC54E80 49] iPadAir3, [000001AA5E8CC700][000001AA5CC63140 49] iPadAir4, [000001AA5E86C500][000001AA5CC5F400 49] iPadMini2, [000001AA5E8CC200][000001AA5CC676C0 49] iPadMini3, [000001AA5E86D200][000001AA5CC75980 49] iPadMini4, [000001AA5E8CEF00][000001AA5CC780C0 49] iPadMini5, [000001AA5E8FD600][000001AA5CC885C0 49] iPhone6, [000001AA5E8FD700][000001AA5CC7C600 49] iPodTouch6, [000001AA5E86E100][000001AA5CC94B40 49] iPhone7, [000001AA5E86E200][000001AA5CC84B80 49] iPodTouch7, [000001AA5E8FE600][000001AA5CC8CE40 49] iPhone5S, [000001AA5E86F100][000001AA5CC81100 49] iPhone6Plus, [000001AA5E8FFB00][000001AA5CC913C0 49] iPhone6S, [000001AA5E86EB00][000001AA5CC99680 49] iPhone6SPlus, [000001AA5E8FCA00][000001AA5CC9D940 49] iPhone7Plus, [000001AA5E86EF00][000001AA5CCA1C00 49] iPhoneSE, [000001AA5E8FD000][000001AA5CCA4340 49] iPhone8, [000001AA5E86FC00][000001AA5CC4C5C0 49] iPhone8Plus, [000001AA5E8FF200][000001AA5CCA8840 49] iPhoneX, [000001AA5E86EC00][000001AA5CCB0B00 49] iPhoneXS, [000001AA5E8FEB00][000001AA5CCB4DC0 49] iPhoneXSMax, [000001AA5E86E900][000001AA5CCB9080 49] iPhoneXR, [000001AA5E8FEF00][000001AA5CCBD340 49] iPhone11, [000001AA5E86CA00][000001AA5CCC1600 49] iPhone11Pro, [000001AA5E8FFE00][000001AA5CCC58C0 49] iPhone11ProMax, [000001AA5E86D400][000001AA5CCC9B80 49] iPhoneSE2, [000001AA5E8FFF00][000001AA5CCCC2C0 49] iPhone12Mini, [000001AA5E86FD00][000001AA5CCD0580 49] iPhone12, [000001AA5E8FD200][000001AA5CCAC800 49] iPhone12Pro, [000001AA5E86F500][000001AA5CCD4A80 49] iPhone12ProMax, [000001AA5E8FC200][000001AA5CCDCD40 49] iPadPro105, [000001AA5E86DA00][000001AA5CCE1000 49] iPadPro129, [000001AA5E8FCD00][000001AA5CCE52C0 49] iPadPro97, [000001AA5E86C900][000001AA5CCE9580 49] iPadPro2_129, [000001AA5E8FDA00][000001AA5CCED840 49] iPad5, [000001AA5E86DC00][000001AA5CCF1B00 49] iPad6, [000001AA5E8FF900][000001AA5CCF4240 49] iPad7, [000001AA5E86E600][000001AA5CCF8500 49] iPad8, [000001AA5E8FF000][000001AA5CCFC7C0 49] iPadPro11, [000001AA5E86D500][000001AA5CCD8A40 49] iPadPro2_11, [000001AA5E8FE100][000001AA5CD00CC0 49] iPadPro3_129, [000001AA5E86DD00][000001AA5CD08F80 49] iPadPro4_129, [000001AA5E8FE400][000001AA5CD0D240 49] AppleTV, [000001AA5E86EE00][000001AA5CD11500 49] AppleTV4K, [000001AA5E8FC500][000001AA5CD157C0 49] TVOS, [000001AA5E86FA00][000001AA5CD19A80 49] Mac, [000001AA5E8FE900][000001AA5CD1C1C0 49] MacClient, [000001AA5E86D700][000001AA5CD20480 49] MacNoEditor, [000001AA5E8FD100][000001AA5CD24740 49] MacServer, [000001AA5E86FB00][000001AA5CD28A00 49] Linux, [000001AA5E8FC600][000001AA5CD04C80 49] LinuxAArch64, [000001AA5E86C400][000001AA5CD2CF00 49] LinuxNoEditor, [000001AA5E8FE200][000001AA5CD351C0 49] LinuxAArch64NoEditor, [000001AA5E8DC100][000001AA5CD39480 49] LinuxClient, [000001AA5E880700][000001AA5CD3D740 49] LinuxAArch64Client, [000001AA5E8DD900][000001AA5CD41A00 49] LinuxServer, [000001AA5E880A00][000001AA5CD44140 49] LinuxAArch64Server, [000001AA5E8DED00][000001AA5CD48400 49] Android, [000001AA5E881400][000001AA5CD4C6C0 49] Android_Low, [000001AA5E8DD100][000001AA5CD50980 49] Android_Mid, [000001AA5E880E00][000001AA5CD54C40 49] Android_High, [000001AA5E8DC800][000001AA5CD30EC0 49] Android_Default, [000001AA5E882600][000001AA5CD59140 49] Android_Adreno4xx, [000001AA5E8DD400][000001AA5CD61400 49] Android_Adreno5xx_Low, [000001AA5E882400][000001AA5CD656C0 49] Android_Adreno5xx, [000001AA5E8DC700][000001AA5CD69980 49] Android_Adreno6xx, [000001AA5E882C00][000001AA5CD6C0C0 49] Android_Adreno6xx_Vulkan, [000001AA5E8DFB00][000001AA5CD70380 49] Android_Mali_T6xx, [000001AA5E880500][000001AA5CD74640 49] Android_Mali_T7xx, [000001AA5E8DC300][000001AA5CD78900 49] Android_Mali_T8xx, [000001AA5E883000][000001AA5CD7CBC0 49] Android_Mali_G71, [000001AA5E8DE900][000001AA5CD80E80 49] Android_Mali_G72, [000001AA5E882500][000001AA5CD5D100 49] Android_Mali_G72_Vulkan, [000001AA5E8DDB00][000001AA5CD85380 49] Android_Mali_G76, [000001AA5E883100][000001AA5CD8D640 49] Android_Mali_G76_Vulkan, [000001AA5E8DDE00][000001AA5CD91900 49] Android_Mali_G77, [000001AA5E883B00][000001AA5CD95BC0 49] Android_Mali_G77_Vulkan, [000001AA5E8DFC00][000001AA5CD98300 49] Android_Mali_G78, [000001AA5E883F00][000001AA5CD9C5C0 49] Android_Mali_G78_Vulkan, [000001AA5E8DE400][000001AA5CDA0880 49] Android_Mali_G710, [000001AA5E881300][000001AA5CDA4B40 49] Android_Mali_G710_Vulkan, [000001AA5E8DF100][000001AA5CDA8E00 49] Android_Vulkan_SM5, [000001AA5E86E400][000001AA5CDAD0C0 49] Android_PowerVR_G6xxx, [000001AA5E8DDD00][000001AA5CD89340 49] Android_PowerVR_GT7xxx, [000001AA5E86C100][000001AA575535C0 49] Android_PowerVR_GE8xxx, [000001AA5E8DF200][000001AA5755B880 49] Android_PowerVR_GM9xxx, [000001AA5E86C300][000001AA5755FB40 49] Android_PowerVR_GM9xxx_Vulkan, [000001AA5E8DF300][000001AA57562280 49] Android_TegraK1, [000001AA5E86D600][000001AA57566540 49] Android_Unknown_Vulkan, [000001AA5E8DE000][000001AA5756A800 49] Lumin, [000001AA5E86CB00][000001AA5756EAC0 49] Lumin_Desktop, [000001AA5E8DCD00][000001AA57572D80 49] HoloLens, 
[2022.08.26-15.43.51:586][  0]LogMeshReduction: Using QuadricMeshReduction for automatic static mesh reduction
[2022.08.26-15.43.51:586][  0]LogMeshReduction: Using SimplygonMeshReduction for automatic skeletal mesh reduction
[2022.08.26-15.43.51:586][  0]LogMeshReduction: Using ProxyLODMeshReduction for automatic mesh merging
[2022.08.26-15.43.51:587][  0]LogMeshReduction: No distributed automatic mesh merging module available
[2022.08.26-15.43.51:587][  0]LogMeshMerging: No distributed automatic mesh merging module available
[2022.08.26-15.43.51:597][  0]LogNetVersion: fpsgame 1.0.0, NetCL: 17155196, EngineNetVer: 17, GameNetVer: 0 (Checksum: 3215450660)
[2022.08.26-15.43.51:682][  0]LogTexture: Default maximum texture size for cubemaps generated from long-lat sources has been changed from 512 to unlimited. In order to preserve old behaiour for '/Engine/MapTemplates/Sky/DaylightAmbientCubemap.DaylightAmbientCubemap', its maximum texture size has been explicitly set to 512.
[2022.08.26-15.43.51:695][  0]LogHMD: PokeAHoleMaterial loaded successfully
[2022.08.26-15.43.51:754][  0]LogPython: Using Python 3.7.7
[2022.08.26-15.43.52:132][  0]LogNiagaraDebuggerClient: Niagara Debugger Client Initialized | Session: 336AB78E4D6234CFF7B611BAB39EFD24 | Instance: 1D582F24418A995CF2032DA0C68FEC41 (DESKTOP-QG36584-13528).
[2022.08.26-15.43.52:145][  0]LogCollectionManager: Loaded 0 collections in 0.001948 seconds
[2022.08.26-15.43.52:148][  0]LogFileCache: Scanning file cache for directory 'C:/Users/danie/Documents/Gamedev VR/game/UE4 game/fpsgame/Saved/Collections/' took 0.00s
[2022.08.26-15.43.52:148][  0]LogFileCache: Scanning file cache for directory 'C:/Users/danie/Documents/Gamedev VR/game/UE4 game/fpsgame/Content/Developers/danie/Collections/' took 0.00s
[2022.08.26-15.43.52:148][  0]LogFileCache: Scanning file cache for directory 'C:/Users/danie/Documents/Gamedev VR/game/UE4 game/fpsgame/Content/Collections/' took 0.00s
[2022.08.26-15.43.52:148][  0]LogCollectionManager: Fixed up redirectors for 0 collections in 0.000001 seconds (updated 0 objects)
[2022.08.26-15.43.52:214][  0]LogTcpMessaging: Initializing TcpMessaging bridge
[2022.08.26-15.43.52:216][  0]LogUdpMessaging: Initializing bridge on interface 0.0.0.0:0 to multicast group 230.0.0.1:6666.
[2022.08.26-15.43.52:273][  0]SourceControl: Source control is disabled
[2022.08.26-15.43.52:274][  0]SourceControl: Source control is disabled
[2022.08.26-15.43.52:275][  0]SourceControl: Source control is disabled
[2022.08.26-15.43.52:277][  0]LogUProjectInfo: Found projects:
[2022.08.26-15.43.52:314][  0]LogOpenImageDenoise: OIDN starting up
[2022.08.26-15.43.52:333][  0]LogAndroidPermission: UAndroidPermissionCallbackProxy::GetInstance
[2022.08.26-15.43.52:341][  0]LogAudioCaptureCore: Display: No Audio Capture implementations found. Audio input will be silent.
[2022.08.26-15.43.52:341][  0]LogAudioCaptureCore: Display: No Audio Capture implementations found. Audio input will be silent.
[2022.08.26-15.43.52:383][  0]LogOcInput: OculusInput pre-init called
[2022.08.26-15.43.52:391][  0]LogUObjectArray: 22261 objects as part of root set at end of initial load.
[2022.08.26-15.43.52:392][  0]LogUObjectAllocator: 6034944 out of 0 bytes used by permanent object pool.
[2022.08.26-15.43.52:392][  0]LogUObjectArray: CloseDisregardForGC: 0/0 objects in disregard for GC pool
[2022.08.26-15.43.52:422][  0]LogClass: Display: StructProperty FRewindDataStruct::SnapshotPosition is not initialized properly. Module:fpsgame File:RewindComponent.h
[2022.08.26-15.43.52:422][  0]LogClass: Display: StructProperty FRewindDataStruct::SnapshotRotation is not initialized properly. Module:fpsgame File:RewindComponent.h
[2022.08.26-15.43.52:423][  0]LogClass: Display: StructProperty FRewindDataStruct::SnapshotScale is not initialized properly. Module:fpsgame File:RewindComponent.h
[2022.08.26-15.43.52:423][  0]LogClass: Display: FloatProperty FWeaponDataStruct::MaxRange is not initialized properly. Module:fpsgame File:WeaponActor.h
[2022.08.26-15.43.52:424][  0]LogClass: Display: FloatProperty FWeaponDataStruct::FireRate is not initialized properly. Module:fpsgame File:WeaponActor.h
[2022.08.26-15.43.52:424][  0]LogClass: Display: IntProperty FWeaponDataStruct::CartridgeBullets is not initialized properly. Module:fpsgame File:WeaponActor.h
[2022.08.26-15.43.52:424][  0]LogClass: Display: IntProperty FWeaponDataStruct::BurstNumber is not initialized properly. Module:fpsgame File:WeaponActor.h
[2022.08.26-15.43.52:425][  0]LogClass: Display: IntProperty FWeaponDataStruct::MaxMagSize is not initialized properly. Module:fpsgame File:WeaponActor.h
[2022.08.26-15.43.52:425][  0]LogClass: Display: IntProperty FWeaponDataStruct::MagAmmo is not initialized properly. Module:fpsgame File:WeaponActor.h
[2022.08.26-15.43.52:425][  0]LogClass: Display: FloatProperty FWeaponDataStruct::ProjectileSpeed is not initialized properly. Module:fpsgame File:WeaponActor.h
[2022.08.26-15.43.52:425][  0]LogClass: Display: EnumProperty FWeaponDataStruct::WAWeaponType is not initialized properly. Module:fpsgame File:WeaponActor.h
[2022.08.26-15.43.52:426][  0]LogClass: Display: EnumProperty FWeaponDataStruct::WAWeaponFireType is not initialized properly. Module:fpsgame File:WeaponActor.h
[2022.08.26-15.43.52:426][  0]LogClass: Display: EnumProperty FWeaponDataStruct::WAWeaponHitDetectionType is not initialized properly. Module:fpsgame File:WeaponActor.h
[2022.08.26-15.43.52:426][  0]LogClass: Warning: ObjectProperty FWeaponDataStruct::GunMesh is not initialized properly. Module:fpsgame File:WeaponActor.h
[2022.08.26-15.43.52:427][  0]LogClass: Display: EnumProperty FWeaponDataStruct::TypeOfEquip is not initialized properly. Module:fpsgame File:WeaponActor.h
[2022.08.26-15.43.52:427][  0]LogClass: Display: EnumProperty FWeaponDataStruct::GunModel is not initialized properly. Module:fpsgame File:WeaponActor.h
[2022.08.26-15.43.52:427][  0]LogClass: Display: StructProperty FWeaponDataStruct::BasePosition is not initialized properly. Module:fpsgame File:WeaponActor.h
[2022.08.26-15.43.52:427][  0]LogClass: Display: StructProperty FWeaponDataStruct::BaseRotation is not initialized properly. Module:fpsgame File:WeaponActor.h
[2022.08.26-15.43.52:428][  0]LogClass: Display: StructProperty FWeaponDataStruct::BaseScale is not initialized properly. Module:fpsgame File:WeaponActor.h
[2022.08.26-15.43.52:428][  0]LogClass: Display: StructProperty FWeaponDataStruct::TPBaseScale is not initialized properly. Module:fpsgame File:WeaponActor.h
[2022.08.26-15.43.52:428][  0]LogClass: Display: StructProperty FWeaponDataStruct::TPBaseRotation is not initialized properly. Module:fpsgame File:WeaponActor.h
[2022.08.26-15.43.52:428][  0]LogClass: Display: StructProperty FWeaponDataStruct::TPBasePosition is not initialized properly. Module:fpsgame File:WeaponActor.h
[2022.08.26-15.43.52:429][  0]LogClass: Display: 22 Uninitialized script struct members found including 1 object properties
[2022.08.26-15.43.52:430][  0]LogAutomationTest: Warning: ObjectProperty FWeaponDataStruct::GunMesh is not initialized properly. Module:fpsgame File:WeaponActor.h
[2022.08.26-15.43.52:430][  0]LogEngine: Initializing Engine...
[2022.08.26-15.43.52:431][  0]LogStats: UGameplayTagsManager::InitializeManager -  0.000 s
[2022.08.26-15.43.52:443][  0]LogInit: Initializing FReadOnlyCVARCache
[2022.08.26-15.43.52:443][  0]LogNetVersion: Set ProjectVersion to 1.0.0.0. Version Checksum will be recalculated on next use.
[2022.08.26-15.43.52:445][  0]LogInit: Texture streaming: Disabled
[2022.08.26-15.43.52:468][  0]LogInit: Display: Game Engine Initialized.
[2022.08.26-15.43.52:469][  0]LogNiagaraEditor: GEditor isn't valid! Particle reset commands will not work for Niagara components!
[2022.08.26-15.43.52:497][  0]LogInit: Display: Starting Game.
[2022.08.26-15.43.52:497][  0]LogNet: Browse: /Game/Maps/TestMap?Name=Player
[2022.08.26-15.43.52:498][  0]LogLoad: LoadMap: /Game/Maps/TestMap?Name=Player
[2022.08.26-15.43.52:498][  0]LogWorld: BeginTearingDown for /Temp/Untitled_0
[2022.08.26-15.43.52:501][  0]LogWorld: UWorld::CleanupWorld for Untitled, bSessionEnded=true, bCleanupResources=true
[2022.08.26-15.43.52:509][  0]LogUObjectHash: Compacting FUObjectHashTables data took   0.74ms
[2022.08.26-15.43.52:602][  0]LogAIModule: Creating AISystem for world TestMap
[2022.08.26-15.43.52:799][  0]LogLoad: Game class is 'BP_FPSGameModeDefault_C'
[2022.08.26-15.43.52:799][  0]LogNet: ReplicationDriverClass is null! Not using ReplicationDriver.
[2022.08.26-15.43.52:800][  0]LogNetCore: DDoS detection status: detection enabled: 0 analytics enabled: 0
[2022.08.26-15.43.52:800][  0]LogInit: WinSock: Socket queue. Rx: 131072 (config 131072) Tx: 131072 (config 131072)
[2022.08.26-15.43.52:800][  0]LogNet: Created socket for bind address: 0.0.0.0 on port 17777
[2022.08.26-15.43.52:801][  0]PacketHandlerLog: Loaded PacketHandler component: Engine.EngineHandlerComponentFactory (StatelessConnectHandlerComponent)
[2022.08.26-15.43.52:801][  0]LogNet: GameNetDriver IpNetDriver_0 IpNetDriver listening on port 17777
[2022.08.26-15.43.52:804][  0]LogWorld: Bringing World /Game/Maps/TestMap.TestMap up for play (max tick rate 30) at 2022.08.26-16.43.52
[2022.08.26-15.43.52:804][  0]LogWorld: Bringing up level for play took: 0.002216
[2022.08.26-15.43.52:805][  0]LogGameMode: Display: Match State Changed from EnteringMap to WaitingToStart
[2022.08.26-15.43.52:805][  0]LogGameState: Match State Changed from EnteringMap to WaitingToStart
[2022.08.26-15.43.52:805][  0]LogLoad: Took 0.307474 seconds to LoadMap(/Game/Maps/TestMap)
[2022.08.26-15.43.52:810][  0]LogInit: Display: Engine is initialized. Leaving FEngineLoop::Init()
[2022.08.26-15.43.52:810][  0]LogLoad: (Engine Initialization) Total time: 4.75 seconds
[2022.08.26-15.43.52:811][  0]LogLoad: (Engine Initialization) Total Blueprint compile time: 0.00 seconds
[2022.08.26-15.43.52:944][  3]LogNet: NotifyAcceptingConnection accepted from: 127.0.0.1:53744
[2022.08.26-15.43.52:944][  3]LogHandshake: SendConnectChallenge. Timestamp: 0.132549, Cookie: 026159175223059049051083222085084197098173034242134217002231
[2022.08.26-15.43.52:977][  4]LogNet: NotifyAcceptingConnection accepted from: 127.0.0.1:53744
[2022.08.26-15.43.52:977][  4]LogHandshake: SendChallengeAck. InCookie: 026159175223059049051083222085084197098173034242134217002231
[2022.08.26-15.43.52:978][  4]LogNet: Server accepting post-challenge connection from: 127.0.0.1:53744
[2022.08.26-15.43.52:979][  4]PacketHandlerLog: Loaded PacketHandler component: Engine.EngineHandlerComponentFactory (StatelessConnectHandlerComponent)
[2022.08.26-15.43.52:980][  4]LogNet: NotifyAcceptedConnection: Name: TestMap, TimeStamp: 08/26/22 16:43:52, [UNetConnection] RemoteAddr: 127.0.0.1:53744, Name: IpConnection_0, Driver: GameNetDriver IpNetDriver_0, IsServer: YES, PC: NULL, Owner: NULL, UniqueId: INVALID
[2022.08.26-15.43.52:980][  4]LogNet: AddClientConnection: Added client connection: [UNetConnection] RemoteAddr: 127.0.0.1:53744, Name: IpConnection_0, Driver: GameNetDriver IpNetDriver_0, IsServer: YES, PC: NULL, Owner: NULL, UniqueId: INVALID
[2022.08.26-15.43.52:980][  4]LogNet: NotifyAcceptingChannel Control 0 server World /Game/Maps/TestMap.TestMap: Accepted
[2022.08.26-15.43.52:981][  4]LogNet: Remote platform little endian=1
[2022.08.26-15.43.52:981][  4]LogNet: This platform little endian=1
[2022.08.26-15.43.52:981][  4]LogNetVersion: fpsgame 1.0.0.0, NetCL: 17155196, EngineNetVer: 17, GameNetVer: 0 (Checksum: 1484303137)
[2022.08.26-15.43.53:010][  5]LogNet: Login request: ?PktLagMin=0?PktLagMax=0?PktLoss=0?PktIncomingLagMin=0?PktIncomingLagMax=0?PktIncomingLoss=0?Name=DESKTOP-QG36584-6650C9F94D6315B4D67DB9849B39E4E0 userId: NULL:DESKTOP-QG36584-6650C9F94D6315B4D67DB9849B39E4E0 platform: NULL
[2022.08.26-15.43.53:043][  6]LogNet: Client netspeed is 100000
[2022.08.26-15.43.53:076][  7]LogNet: Join request: /Engine/Maps/Entry?PktLagMin=0?PktLagMax=0?PktLoss=0?PktIncomingLagMin=0?PktIncomingLagMax=0?PktIncomingLoss=0?Name=DESKTOP-QG36584-6650C9F94D6315B4D67DB9849B39E4E0?SplitscreenCount=1
[2022.08.26-15.43.53:076][  7]LogOnlineSession: Warning: OSS: No game present to join for session (GameSession)
[2022.08.26-15.43.53:078][  7]LogGameMode: Display: Match State Changed from WaitingToStart to InProgress
[2022.08.26-15.43.53:079][  7]LogTemp: Warning: Numebr of rewind components = 1
[2022.08.26-15.43.53:080][  7]LogGameState: Match State Changed from WaitingToStart to InProgress
[2022.08.26-15.43.53:081][  7]LogNet: Join succeeded: DESKTOP-QG36584-6650
[2022.08.26-15.43.53:540][ 21]LogNet: NotifyAcceptingConnection accepted from: 127.0.0.1:62199
[2022.08.26-15.43.53:540][ 21]LogHandshake: SendConnectChallenge. Timestamp: 0.728597, Cookie: 154058178169224177074250196254148033002077250022159178212241
[2022.08.26-15.43.53:573][ 22]LogNet: NotifyAcceptingConnection accepted from: 127.0.0.1:62199
[2022.08.26-15.43.53:573][ 22]LogHandshake: SendChallengeAck. InCookie: 154058178169224177074250196254148033002077250022159178212241
[2022.08.26-15.43.53:574][ 22]LogNet: Server accepting post-challenge connection from: 127.0.0.1:62199
[2022.08.26-15.43.53:574][ 22]PacketHandlerLog: Loaded PacketHandler component: Engine.EngineHandlerComponentFactory (StatelessConnectHandlerComponent)
[2022.08.26-15.43.53:574][ 22]LogNet: NotifyAcceptedConnection: Name: TestMap, TimeStamp: 08/26/22 16:43:53, [UNetConnection] RemoteAddr: 127.0.0.1:62199, Name: IpConnection_1, Driver: GameNetDriver IpNetDriver_0, IsServer: YES, PC: NULL, Owner: NULL, UniqueId: INVALID
[2022.08.26-15.43.53:575][ 22]LogNet: AddClientConnection: Added client connection: [UNetConnection] RemoteAddr: 127.0.0.1:62199, Name: IpConnection_1, Driver: GameNetDriver IpNetDriver_0, IsServer: YES, PC: NULL, Owner: NULL, UniqueId: INVALID
[2022.08.26-15.43.53:575][ 22]LogNet: NotifyAcceptingChannel Control 0 server World /Game/Maps/TestMap.TestMap: Accepted
[2022.08.26-15.43.53:576][ 22]LogNet: Remote platform little endian=1
[2022.08.26-15.43.53:576][ 22]LogNet: This platform little endian=1
[2022.08.26-15.43.53:607][ 23]LogNet: Login request: ?Name=DESKTOP-QG36584-8B3A315F46FA443A73CCE281C3F8B8A7 userId: NULL:DESKTOP-QG36584-8B3A315F46FA443A73CCE281C3F8B8A7 platform: NULL
[2022.08.26-15.43.53:772][ 28]LogNet: Client netspeed is 100000
[2022.08.26-15.43.53:772][ 28]LogNet: Join request: /Engine/Maps/Entry?Name=DESKTOP-QG36584-8B3A315F46FA443A73CCE281C3F8B8A7?SplitscreenCount=1
[2022.08.26-15.43.53:774][ 28]LogOnlineSession: Warning: OSS: No game present to join for session (GameSession)
[2022.08.26-15.43.53:775][ 28]LogTemp: Warning: Numebr of rewind components = 2
[2022.08.26-15.43.53:775][ 28]LogNet: Join succeeded: DESKTOP-QG36584-8B3A
[2022.08.26-15.43.59:784][209]LogTemp: Warning: RELIABLE SPRINT RPC CALL
