Log file open, 08/26/22 16:16:20
LogWindows: Failed to load 'aqProf.dll' (GetLastError=126)
LogWindows: File 'aqProf.dll' does not exist
LogWindows: Failed to load 'VtuneApi.dll' (GetLastError=126)
LogWindows: File 'VtuneApi.dll' does not exist
LogWindows: Failed to load 'VtuneApi32e.dll' (GetLastError=126)
LogWindows: File 'VtuneApi32e.dll' does not exist
LogConsoleResponse: Display: Failed to find resolution value strings in scalability ini. Falling back to default.
LogConsoleResponse: Display: Failed to find resolution value strings in scalability ini. Falling back to default.
LogInit: Display: Running engine for game: fpsgame
LogPlatformFile: Not using cached read wrapper
LogTaskGraph: Started task graph with 5 named threads and 17 total threads with 3 sets of task threads.
LogStats: Stats thread started at 0.230296
LogICUInternationalization: ICU TimeZone Detection - Raw Offset: +0:00, Platform Override: ''
LogInit: Display: Loading text-based GConfig....
LogPluginManager: Mounting plugin MeshPainting
LogPluginManager: Mounting plugin XGEController
LogPluginManager: Mounting plugin Paper2D
LogPluginManager: Mounting plugin AISupport
LogPluginManager: Mounting plugin EnvironmentQueryEditor
LogPluginManager: Mounting plugin LiveLink
LogPluginManager: Mounting plugin LightPropagationVolume
LogPluginManager: Mounting plugin CameraShakePreviewer
LogPluginManager: Mounting plugin GameplayCameras
LogPluginManager: Mounting plugin OodleData
LogPluginManager: Mounting plugin OodleNetwork
LogPluginManager: Mounting plugin AnimationSharing
LogPluginManager: Mounting plugin CLionSourceCodeAccess
LogPluginManager: Mounting plugin CodeLiteSourceCodeAccess
LogPluginManager: Mounting plugin GitSourceControl
LogPluginManager: Mounting plugin KDevelopSourceCodeAccess
LogPluginManager: Mounting plugin NullSourceCodeAccess
LogPluginManager: Mounting plugin PerforceSourceControl
LogPluginManager: Mounting plugin PixWinPlugin
LogPluginManager: Mounting plugin PlasticSourceControl
LogPluginManager: Mounting plugin PluginUtils
LogPluginManager: Mounting plugin PropertyAccessNode
LogPluginManager: Mounting plugin RiderSourceCodeAccess
LogPluginManager: Mounting plugin SubversionSourceControl
LogPluginManager: Mounting plugin TextureFormatOodle
LogPluginManager: Mounting plugin UObjectPlugin
LogPluginManager: Mounting plugin VisualStudioCodeSourceCodeAccess
LogPluginManager: Mounting plugin VisualStudioSourceCodeAccess
LogPluginManager: Mounting plugin XCodeSourceCodeAccess
LogPluginManager: Mounting plugin AssetManagerEditor
LogPluginManager: Mounting plugin CryptoKeys
LogPluginManager: Mounting plugin CurveEditorTools
LogPluginManager: Mounting plugin DataValidation
LogPluginManager: Mounting plugin FacialAnimation
LogPluginManager: Mounting plugin GameplayTagsEditor
LogPluginManager: Mounting plugin GeometryMode
LogPluginManager: Mounting plugin MacGraphicsSwitching
LogPluginManager: Mounting plugin MaterialAnalyzer
LogPluginManager: Mounting plugin MobileLauncherProfileWizard
LogPluginManager: Mounting plugin PluginBrowser
LogPluginManager: Mounting plugin SpeedTreeImporter
LogPluginManager: Mounting plugin DatasmithContent
LogPluginManager: Mounting plugin VariantManagerContent
LogPluginManager: Mounting plugin AlembicImporter
LogPluginManager: Mounting plugin AutomationUtils
LogPluginManager: Mounting plugin BackChannel
LogPluginManager: Mounting plugin ChaosCloth
LogPluginManager: Mounting plugin ChaosClothEditor
LogPluginManager: Mounting plugin ChaosEditor
LogPluginManager: Mounting plugin ChaosNiagara
LogPluginManager: Mounting plugin ChaosSolverPlugin
LogPluginManager: Mounting plugin CharacterAI
LogPluginManager: Mounting plugin GeometryCache
LogPluginManager: Mounting plugin GeometryCollectionPlugin
LogPluginManager: Mounting plugin GeometryProcessing
LogPluginManager: Mounting plugin MotoSynth
LogPluginManager: Mounting plugin OpenImageDenoise
LogPluginManager: Mounting plugin PlanarCut
LogPluginManager: Mounting plugin PlatformCrypto
LogPluginManager: Mounting plugin ProxyLODPlugin
LogPluginManager: Mounting plugin PythonScriptPlugin
LogPluginManager: Mounting plugin SkeletalReduction
LogPluginManager: Mounting plugin Niagara
LogPluginManager: Mounting plugin LuminPlatformFeatures
LogPluginManager: Mounting plugin MagicLeap
LogPluginManager: Mounting plugin MagicLeapLightEstimation
LogPluginManager: Mounting plugin MagicLeapMedia
LogPluginManager: Mounting plugin MagicLeapPassableWorld
LogPluginManager: Mounting plugin MLSDK
LogPluginManager: Mounting plugin AndroidMedia
LogPluginManager: Mounting plugin AvfMedia
LogPluginManager: Mounting plugin ImgMedia
LogPluginManager: Mounting plugin MediaCompositing
LogPluginManager: Mounting plugin MediaPlayerEditor
LogPluginManager: Mounting plugin WebMMedia
LogPluginManager: Mounting plugin WmfMedia
LogPluginManager: Mounting plugin TcpMessaging
LogPluginManager: Mounting plugin UdpMessaging
LogPluginManager: Mounting plugin ActorSequence
LogPluginManager: Mounting plugin LevelSequenceEditor
LogPluginManager: Mounting plugin MatineeToLevelSequence
LogPluginManager: Mounting plugin TemplateSequence
LogPluginManager: Mounting plugin OnlineSubsystem
LogPluginManager: Mounting plugin OnlineSubsystemNull
LogPluginManager: Mounting plugin OnlineSubsystemUtils
LogPluginManager: Mounting plugin LauncherChunkInstaller
LogPluginManager: Mounting plugin ActorLayerUtilities
LogPluginManager: Mounting plugin AndroidDeviceProfileSelector
LogPluginManager: Mounting plugin AndroidMoviePlayer
LogPluginManager: Mounting plugin AndroidPermission
LogPluginManager: Mounting plugin AppleImageUtils
LogPluginManager: Mounting plugin AppleMoviePlayer
LogPluginManager: Mounting plugin ArchVisCharacter
LogPluginManager: Mounting plugin AssetTags
LogPluginManager: Mounting plugin AudioCapture
LogPluginManager: Mounting plugin AudioSynesthesia
LogPluginManager: Mounting plugin CableComponent
LogPluginManager: Mounting plugin ChunkDownloader
LogPluginManager: Mounting plugin CustomMeshComponent
LogPluginManager: Mounting plugin EditableMesh
LogPluginManager: Mounting plugin ExampleDeviceProfileSelector
LogPluginManager: Mounting plugin GoogleCloudMessaging
LogPluginManager: Mounting plugin GooglePAD
LogPluginManager: Mounting plugin IOSDeviceProfileSelector
LogPluginManager: Mounting plugin LinuxDeviceProfileSelector
LogPluginManager: Mounting plugin LocationServicesBPLibrary
LogPluginManager: Mounting plugin MobilePatchingUtils
LogPluginManager: Mounting plugin OpenXR
LogPluginManager: Mounting plugin OpenXREyeTracker
LogPluginManager: Mounting plugin OpenXRHandTracking
LogPluginManager: Mounting plugin PhysXVehicles
LogPluginManager: Mounting plugin PostSplashScreen
LogPluginManager: Mounting plugin ProceduralMeshComponent
LogPluginManager: Mounting plugin PropertyAccessEditor
LogPluginManager: Mounting plugin RuntimePhysXCooking
LogPluginManager: Mounting plugin SignificanceManager
LogPluginManager: Mounting plugin SoundFields
LogPluginManager: Mounting plugin Synthesis
LogPluginManager: Mounting plugin WebMMoviePlayer
LogPluginManager: Mounting plugin WindowsMoviePlayer
LogPluginManager: Mounting plugin ScreenshotTools
LogPluginManager: Mounting plugin Takes
LogPluginManager: Mounting plugin ContentBrowserAssetDataSource
LogPluginManager: Mounting plugin ContentBrowserClassDataSource
LogPluginManager: Mounting plugin ContentBrowserFileDataSource
LogPluginManager: Mounting plugin OnlineSubsystemGooglePlay
LogPluginManager: Mounting plugin OnlineSubsystemIOS
LogPluginManager: Mounting plugin OculusVR
LogPluginManager: Mounting plugin SteamVR
PixWinPlugin: PIX capture plugin failed to initialize! Check that the process is launched from PIX.
LogInit: Using libcurl 7.55.1-DEV
LogInit:  - built for x86_64-pc-win32
LogInit:  - supports SSL with OpenSSL/1.1.1
LogInit:  - supports HTTP deflate (compression) using libz 1.2.8
LogInit:  - other features:
LogInit:      CURL_VERSION_SSL
LogInit:      CURL_VERSION_LIBZ
LogInit:      CURL_VERSION_IPV6
LogInit:      CURL_VERSION_ASYNCHDNS
LogInit:      CURL_VERSION_LARGEFILE
LogInit:      CURL_VERSION_IDN
LogInit:  CurlRequestOptions (configurable via config and command line):
LogInit:  - bVerifyPeer = true  - Libcurl will verify peer certificate
LogInit:  - bUseHttpProxy = false  - Libcurl will NOT use HTTP proxy
LogInit:  - bDontReuseConnections = false  - Libcurl will reuse connections
LogInit:  - MaxHostConnections = 16  - Libcurl will limit the number of connections to a host
LogInit:  - LocalHostAddr = Default
LogInit:  - BufferSize = 65536
LogOnline: OSS: Creating online subsystem instance for: NULL
LogInit: WinSock: version 1.1 (2.2), MaxSocks=32767, MaxUdp=65467
LogOnline: OSS: TryLoadSubsystemAndSetDefault: Loaded subsystem for module [NULL]
LogInit: Build: ++UE4+Release-4.27-CL-18319896
LogInit: Engine Version: 4.27.2-18319896+++UE4+Release-4.27
LogInit: Compatible Engine Version: 4.27.0-17155196+++UE4+Release-4.27
LogInit: Net CL: 17155196
LogInit: OS: Windows 10 (Release 2009) (), CPU: AMD Ryzen 5 3600X 6-Core Processor             , GPU: AMD Radeon RX 5700 XT
LogInit: Compiled (64-bit): Nov 30 2021 07:12:08
LogInit: Compiled with Visual C++: 19.24.28315.00
LogInit: Build Configuration: Development
LogInit: Branch Name: ++UE4+Release-4.27
LogInit: Command Line:  /Game/Maps/TestMap -game -PIEVIACONSOLE -Multiprocess -server -log "GameUserSettingsINI=C:/Users/danie/Documents/Gamedev VR/game/UE4 game/fpsgame/Saved/Config/Windows/PIEGameUserSettings0.ini" -MultiprocessSaveConfig -forcepassthrough -messaging -SessionName="Play in Standalone Game" -port=17777 -windowed
LogInit: Base Directory: C:/Program Files/Epic Games/UE_4.27/Engine/Binaries/Win64/
LogInit: Allocator: TBB
LogInit: Installed Engine Build: 1
LogDevObjectVersion: Number of dev versions registered: 29
LogDevObjectVersion:   Dev-Blueprints (B0D832E4-1F89-4F0D-ACCF-7EB736FD4AA2): 10
LogDevObjectVersion:   Dev-Build (E1C64328-A22C-4D53-A36C-8E866417BD8C): 0
LogDevObjectVersion:   Dev-Core (375EC13C-06E4-48FB-B500-84F0262A717E): 4
LogDevObjectVersion:   Dev-Editor (E4B068ED-F494-42E9-A231-DA0B2E46BB41): 40
LogDevObjectVersion:   Dev-Framework (CFFC743F-43B0-4480-9391-14DF171D2073): 37
LogDevObjectVersion:   Dev-Mobile (B02B49B5-BB20-44E9-A304-32B752E40360): 3
LogDevObjectVersion:   Dev-Networking (A4E4105C-59A1-49B5-A7C5-40C4547EDFEE): 0
LogDevObjectVersion:   Dev-Online (39C831C9-5AE6-47DC-9A44-9C173E1C8E7C): 0
LogDevObjectVersion:   Dev-Physics (78F01B33-EBEA-4F98-B9B4-84EACCB95AA2): 14
LogDevObjectVersion:   Dev-Platform (6631380F-2D4D-43E0-8009-CF276956A95A): 0
LogDevObjectVersion:   Dev-Rendering (12F88B9F-8875-4AFC-A67C-D90C383ABD29): 45
LogDevObjectVersion:   Dev-Sequencer (7B5AE74C-D270-4C10-A958-57980B212A5A): 13
LogDevObjectVersion:   Dev-VR (D7296918-1DD6-4BDD-9DE2-64A83CC13884): 3
LogDevObjectVersion:   Dev-LoadTimes (C2A15278-BFE7-4AFE-6C17-90FF531DF755): 1
LogDevObjectVersion:   Private-Geometry (6EACA3D4-40EC-4CC1-B786-8BED09428FC5): 3
LogDevObjectVersion:   Dev-AnimPhys (29E575DD-E0A3-4627-9D10-D276232CDCEA): 17
LogDevObjectVersion:   Dev-Anim (AF43A65D-7FD3-4947-9873-3E8ED9C1BB05): 15
LogDevObjectVersion:   Dev-ReflectionCapture (6B266CEC-1EC7-4B8F-A30B-E4D90942FC07): 1
LogDevObjectVersion:   Dev-Automation (0DF73D61-A23F-47EA-B727-89E90C41499A): 1
LogDevObjectVersion:   FortniteMain (601D1886-AC64-4F84-AA16-D3DE0DEAC7D6): 47
LogDevObjectVersion:   FortniteRelease (E7086368-6B23-4C58-8439-1B7016265E91): 1
LogDevObjectVersion:   Dev-Enterprise (9DFFBCD6-494F-0158-E221-12823C92A888): 10
LogDevObjectVersion:   Dev-Niagara (F2AED0AC-9AFE-416F-8664-AA7FFA26D6FC): 1
LogDevObjectVersion:   Dev-Destruction (174F1F0B-B4C6-45A5-B13F-2EE8D0FB917D): 10
LogDevObjectVersion:   Dev-Physics-Ext (35F94A83-E258-406C-A318-09F59610247C): 41
LogDevObjectVersion:   Dev-PhysicsMaterial-Chaos (B68FC16E-8B1B-42E2-B453-215C058844FE): 1
LogDevObjectVersion:   Dev-CineCamera (B2E18506-4273-CFC2-A54E-F4BB758BBA07): 1
LogDevObjectVersion:   Dev-VirtualProduction (64F58936-FD1B-42BA-BA96-7289D5D0FA4E): 1
LogDevObjectVersion:   Dev-MediaFramework (6F0ED827-A609-4895-9C91-998D90180EA4): 2
LogInit: Presizing for max 25165824 objects, including 0 objects not considered by GC, pre-allocating 0 bytes for permanent pool.
LogConfig: Applying CVar settings from Section [/Script/Engine.StreamingSettings] File [C:/Users/danie/Documents/Gamedev VR/game/UE4 game/fpsgame/Saved/Config/Windows/Engine.ini]
LogConfig: Setting CVar [[s.MinBulkDataSizeForAsyncLoading:131072]]
LogConfig: Setting CVar [[s.AsyncLoadingThreadEnabled:0]]
LogConfig: Setting CVar [[s.EventDrivenLoaderEnabled:1]]
LogConfig: Setting CVar [[s.WarnIfTimeLimitExceeded:0]]
LogConfig: Setting CVar [[s.TimeLimitExceededMultiplier:1.5]]
LogConfig: Setting CVar [[s.TimeLimitExceededMinTime:0.005]]
LogConfig: Setting CVar [[s.UseBackgroundLevelStreaming:1]]
LogConfig: Setting CVar [[s.PriorityAsyncLoadingExtraTime:15.0]]
LogConfig: Setting CVar [[s.LevelStreamingActorsUpdateTimeLimit:5.0]]
LogConfig: Setting CVar [[s.PriorityLevelStreamingActorsUpdateExtraTime:5.0]]
LogConfig: Setting CVar [[s.LevelStreamingComponentsRegistrationGranularity:10]]
LogConfig: Setting CVar [[s.UnregisterComponentsTimeLimit:1.0]]
LogConfig: Setting CVar [[s.LevelStreamingComponentsUnregistrationGranularity:5]]
LogConfig: Setting CVar [[s.FlushStreamingOnExit:1]]
LogInit: Object subsystem initialized
LogConfig: Setting CVar [[con.DebugEarlyDefault:1]]
LogConfig: Setting CVar [[r.setres:1280x720]]
[2022.08.26-15.16.20:964][  0]LogConfig: Setting CVar [[con.DebugEarlyDefault:1]]
[2022.08.26-15.16.20:964][  0]LogConfig: Setting CVar [[r.setres:1280x720]]
[2022.08.26-15.16.20:964][  0]LogConfig: Applying CVar settings from Section [/Script/Engine.RendererSettings] File [C:/Users/danie/Documents/Gamedev VR/game/UE4 game/fpsgame/Saved/Config/Windows/Engine.ini]
[2022.08.26-15.16.20:964][  0]LogConfig: Setting CVar [[r.GPUCrashDebugging:0]]
[2022.08.26-15.16.20:965][  0]LogConfig: Setting CVar [[r.Mobile.DisableVertexFog:1]]
[2022.08.26-15.16.20:965][  0]LogConfig: Setting CVar [[r.Shadow.CSM.MaxMobileCascades:2]]
[2022.08.26-15.16.20:965][  0]LogConfig: Setting CVar [[r.MobileMSAA:1]]
[2022.08.26-15.16.20:965][  0]LogConfig: Setting CVar [[r.Mobile.AllowDitheredLODTransition:0]]
[2022.08.26-15.16.20:966][  0]LogConfig: Setting CVar [[r.Mobile.AllowSoftwareOcclusion:0]]
[2022.08.26-15.16.20:966][  0]LogConfig: Setting CVar [[r.Mobile.VirtualTextures:0]]
[2022.08.26-15.16.20:966][  0]LogConfig: Setting CVar [[r.DiscardUnusedQuality:0]]
[2022.08.26-15.16.20:966][  0]LogConfig: Setting CVar [[r.AllowOcclusionQueries:1]]
[2022.08.26-15.16.20:967][  0]LogConfig: Setting CVar [[r.MinScreenRadiusForLights:0.030000]]
[2022.08.26-15.16.20:967][  0]LogConfig: Setting CVar [[r.MinScreenRadiusForDepthPrepass:0.030000]]
[2022.08.26-15.16.20:967][  0]LogConfig: Setting CVar [[r.MinScreenRadiusForCSMDepth:0.010000]]
[2022.08.26-15.16.20:968][  0]LogConfig: Setting CVar [[r.PrecomputedVisibilityWarning:0]]
[2022.08.26-15.16.20:968][  0]LogConfig: Setting CVar [[r.TextureStreaming:1]]
[2022.08.26-15.16.20:968][  0]LogConfig: Setting CVar [[Compat.UseDXT5NormalMaps:0]]
[2022.08.26-15.16.20:968][  0]LogConfig: Setting CVar [[r.VirtualTextures:0]]
[2022.08.26-15.16.20:969][  0]LogConfig: Setting CVar [[r.VT.EnableAutoImport:1]]
[2022.08.26-15.16.20:971][  0]LogConfig: Setting CVar [[r.VirtualTexturedLightmaps:0]]
[2022.08.26-15.16.20:971][  0]LogConfig: Setting CVar [[r.VT.TileSize:128]]
[2022.08.26-15.16.20:972][  0]LogConfig: Setting CVar [[r.VT.TileBorderSize:4]]
[2022.08.26-15.16.20:972][  0]LogConfig: Setting CVar [[r.vt.FeedbackFactor:16]]
[2022.08.26-15.16.20:972][  0]LogConfig: Setting CVar [[r.VT.EnableCompressZlib:1]]
[2022.08.26-15.16.20:972][  0]LogConfig: Setting CVar [[r.VT.EnableCompressCrunch:0]]
[2022.08.26-15.16.20:973][  0]LogConfig: Setting CVar [[r.ClearCoatNormal:0]]
[2022.08.26-15.16.20:973][  0]LogConfig: Setting CVar [[r.ReflectionCaptureResolution:128]]
[2022.08.26-15.16.20:973][  0]LogConfig: Setting CVar [[r.Mobile.ReflectionCaptureCompression:0]]
[2022.08.26-15.16.20:973][  0]LogConfig: Setting CVar [[r.ReflectionEnvironmentLightmapMixBasedOnRoughness:1]]
[2022.08.26-15.16.20:974][  0]LogConfig: Setting CVar [[r.ForwardShading:0]]
[2022.08.26-15.16.20:974][  0]LogConfig: Setting CVar [[r.VertexFoggingForOpaque:1]]
[2022.08.26-15.16.20:974][  0]LogConfig: Setting CVar [[r.AllowStaticLighting:1]]
[2022.08.26-15.16.20:975][  0]LogConfig: Setting CVar [[r.NormalMapsForStaticLighting:0]]
[2022.08.26-15.16.20:975][  0]LogConfig: Setting CVar [[r.GenerateMeshDistanceFields:0]]
[2022.08.26-15.16.20:975][  0]LogConfig: Setting CVar [[r.DistanceFieldBuild.EightBit:0]]
[2022.08.26-15.16.20:975][  0]LogConfig: Setting CVar [[r.GenerateLandscapeGIData:0]]
[2022.08.26-15.16.20:976][  0]LogConfig: Setting CVar [[r.DistanceFieldBuild.Compress:0]]
[2022.08.26-15.16.20:976][  0]LogConfig: Setting CVar [[r.TessellationAdaptivePixelsPerTriangle:48.000000]]
[2022.08.26-15.16.20:976][  0]LogConfig: Setting CVar [[r.SeparateTranslucency:1]]
[2022.08.26-15.16.20:976][  0]LogConfig: Setting CVar [[r.TranslucentSortPolicy:0]]
[2022.08.26-15.16.20:977][  0]LogConfig: Setting CVar [[vr.VRS.HMDFixedFoveationLevel:0]]
[2022.08.26-15.16.20:977][  0]LogConfig: Setting CVar [[r.CustomDepth:1]]
[2022.08.26-15.16.20:977][  0]LogConfig: Setting CVar [[r.CustomDepthTemporalAAJitter:1]]
[2022.08.26-15.16.20:977][  0]LogConfig: Setting CVar [[r.PostProcessing.PropagateAlpha:0]]
[2022.08.26-15.16.20:978][  0]LogConfig: Setting CVar [[r.DefaultFeature.Bloom:1]]
[2022.08.26-15.16.20:978][  0]LogConfig: Setting CVar [[r.DefaultFeature.AmbientOcclusion:1]]
[2022.08.26-15.16.20:978][  0]LogConfig: Setting CVar [[r.DefaultFeature.AmbientOcclusionStaticFraction:1]]
[2022.08.26-15.16.20:978][  0]LogConfig: Setting CVar [[r.DefaultFeature.AutoExposure:0]]
[2022.08.26-15.16.20:979][  0]LogConfig: Setting CVar [[r.DefaultFeature.AutoExposure.Method:0]]
[2022.08.26-15.16.20:979][  0]LogConfig: Setting CVar [[r.DefaultFeature.AutoExposure.Bias:1.000000]]
[2022.08.26-15.16.20:979][  0]LogConfig: Setting CVar [[r.DefaultFeature.AutoExposure.ExtendDefaultLuminanceRange:0]]
[2022.08.26-15.16.20:980][  0]LogConfig: Setting CVar [[r.UsePreExposure:1]]
[2022.08.26-15.16.20:980][  0]LogConfig: Setting CVar [[r.EyeAdaptation.EditorOnly:0]]
[2022.08.26-15.16.20:980][  0]LogConfig: Setting CVar [[r.DefaultFeature.MotionBlur:0]]
[2022.08.26-15.16.20:980][  0]LogConfig: Setting CVar [[r.DefaultFeature.LensFlare:0]]
[2022.08.26-15.16.20:981][  0]LogConfig: Setting CVar [[r.TemporalAA.Upsampling:0]]
[2022.08.26-15.16.20:981][  0]LogConfig: Setting CVar [[r.SSGI.Enable:0]]
[2022.08.26-15.16.20:981][  0]LogConfig: Setting CVar [[r.DefaultFeature.AntiAliasing:0]]
[2022.08.26-15.16.20:981][  0]LogConfig: Setting CVar [[r.DefaultFeature.LightUnits:1]]
[2022.08.26-15.16.20:982][  0]LogConfig: Setting CVar [[r.DefaultBackBufferPixelFormat:4]]
[2022.08.26-15.16.20:982][  0]LogConfig: Setting CVar [[r.Shadow.UnbuiltPreviewInGame:1]]
[2022.08.26-15.16.20:982][  0]LogConfig: Setting CVar [[r.StencilForLODDither:0]]
[2022.08.26-15.16.20:982][  0]LogConfig: Setting CVar [[r.EarlyZPass:3]]
[2022.08.26-15.16.20:983][  0]LogConfig: Setting CVar [[r.EarlyZPassOnlyMaterialMasking:0]]
[2022.08.26-15.16.20:983][  0]LogConfig: Setting CVar [[r.DBuffer:1]]
[2022.08.26-15.16.20:983][  0]LogConfig: Setting CVar [[r.ClearSceneMethod:1]]
[2022.08.26-15.16.20:983][  0]LogConfig: Setting CVar [[r.BasePassOutputsVelocity:0]]
[2022.08.26-15.16.20:984][  0]LogConfig: Setting CVar [[r.VertexDeformationOutputsVelocity:0]]
[2022.08.26-15.16.20:984][  0]LogConfig: Setting CVar [[r.SelectiveBasePassOutputs:0]]
[2022.08.26-15.16.20:984][  0]LogConfig: Setting CVar [[fx.GPUSimulationTextureSizeX:1024]]
[2022.08.26-15.16.20:984][  0]LogConfig: Setting CVar [[fx.GPUSimulationTextureSizeY:1024]]
[2022.08.26-15.16.20:985][  0]LogConfig: Setting CVar [[r.AllowGlobalClipPlane:0]]
[2022.08.26-15.16.20:988][  0]LogConfig: Setting CVar [[r.GBufferFormat:1]]
[2022.08.26-15.16.20:988][  0]LogConfig: Setting CVar [[r.MorphTarget.Mode:1]]
[2022.08.26-15.16.20:988][  0]LogConfig: Setting CVar [[vr.InstancedStereo:0]]
[2022.08.26-15.16.20:989][  0]LogConfig: Setting CVar [[r.MobileHDR:1]]
[2022.08.26-15.16.20:989][  0]LogConfig: Setting CVar [[vr.MobileMultiView:0]]
[2022.08.26-15.16.20:989][  0]LogConfig: Setting CVar [[r.Mobile.UseHWsRGBEncoding:0]]
[2022.08.26-15.16.20:989][  0]LogConfig: Setting CVar [[vr.RoundRobinOcclusion:0]]
[2022.08.26-15.16.20:990][  0]LogConfig: Setting CVar [[vr.ODSCapture:0]]
[2022.08.26-15.16.20:990][  0]LogConfig: Setting CVar [[r.MeshStreaming:0]]
[2022.08.26-15.16.20:990][  0]LogConfig: Setting CVar [[r.WireframeCullThreshold:5.000000]]
[2022.08.26-15.16.20:990][  0]LogConfig: Setting CVar [[r.RayTracing:0]]
[2022.08.26-15.16.20:991][  0]LogConfig: Setting CVar [[r.RayTracing.UseTextureLod:0]]
[2022.08.26-15.16.20:991][  0]LogConfig: Setting CVar [[r.SupportStationarySkylight:1]]
[2022.08.26-15.16.20:991][  0]LogConfig: Setting CVar [[r.SupportLowQualityLightmaps:1]]
[2022.08.26-15.16.20:992][  0]LogConfig: Setting CVar [[r.SupportPointLightWholeSceneShadows:1]]
[2022.08.26-15.16.20:992][  0]LogConfig: Setting CVar [[r.SupportAtmosphericFog:1]]
[2022.08.26-15.16.20:992][  0]LogConfig: Setting CVar [[r.SupportSkyAtmosphere:1]]
[2022.08.26-15.16.20:993][  0]LogConfig: Setting CVar [[r.SupportSkyAtmosphereAffectsHeightFog:0]]
[2022.08.26-15.16.20:993][  0]LogConfig: Setting CVar [[r.SkinCache.CompileShaders:0]]
[2022.08.26-15.16.20:993][  0]LogConfig: Setting CVar [[r.SkinCache.DefaultBehavior:1]]
[2022.08.26-15.16.20:993][  0]LogConfig: Setting CVar [[r.SkinCache.SceneMemoryLimitInMB:128.000000]]
[2022.08.26-15.16.20:994][  0]LogConfig: Setting CVar [[r.Mobile.EnableStaticAndCSMShadowReceivers:1]]
[2022.08.26-15.16.20:994][  0]LogConfig: Setting CVar [[r.Mobile.EnableMovableLightCSMShaderCulling:1]]
[2022.08.26-15.16.20:994][  0]LogConfig: Setting CVar [[r.Mobile.AllowDistanceFieldShadows:1]]
[2022.08.26-15.16.20:994][  0]LogConfig: Setting CVar [[r.Mobile.AllowMovableDirectionalLights:1]]
[2022.08.26-15.16.20:995][  0]LogConfig: Setting CVar [[r.MobileNumDynamicPointLights:4]]
[2022.08.26-15.16.20:995][  0]LogConfig: Setting CVar [[r.MobileDynamicPointLightsUseStaticBranch:1]]
[2022.08.26-15.16.20:995][  0]LogConfig: Setting CVar [[r.Mobile.EnableMovableSpotlights:0]]
[2022.08.26-15.16.20:995][  0]LogConfig: Setting CVar [[r.Mobile.EnableMovableSpotlightsShadow:0]]
[2022.08.26-15.16.20:996][  0]LogConfig: Setting CVar [[r.GPUSkin.Support16BitBoneIndex:0]]
[2022.08.26-15.16.20:996][  0]LogConfig: Setting CVar [[r.GPUSkin.Limit2BoneInfluences:0]]
[2022.08.26-15.16.20:996][  0]LogConfig: Setting CVar [[r.SupportDepthOnlyIndexBuffers:1]]
[2022.08.26-15.16.20:996][  0]LogConfig: Setting CVar [[r.SupportReversedIndexBuffers:1]]
[2022.08.26-15.16.20:997][  0]LogConfig: Setting CVar [[r.LightPropagationVolume:0]]
[2022.08.26-15.16.20:997][  0]LogConfig: Setting CVar [[r.Mobile.AmbientOcclusion:0]]
[2022.08.26-15.16.20:997][  0]LogConfig: Setting CVar [[r.GPUSkin.UnlimitedBoneInfluences:0]]
[2022.08.26-15.16.20:997][  0]LogConfig: Setting CVar [[r.GPUSkin.UnlimitedBoneInfluencesThreshold:8]]
[2022.08.26-15.16.20:998][  0]LogConfig: Setting CVar [[r.Mobile.PlanarReflectionMode:0]]
[2022.08.26-15.16.20:998][  0]LogConfig: Setting CVar [[r.Mobile.SupportsGen4TAA:0]]
[2022.08.26-15.16.20:998][  0]LogConfig: Applying CVar settings from Section [/Script/Engine.RendererOverrideSettings] File [C:/Users/danie/Documents/Gamedev VR/game/UE4 game/fpsgame/Saved/Config/Windows/Engine.ini]
[2022.08.26-15.16.20:999][  0]LogConfig: Applying CVar settings from Section [/Script/Engine.StreamingSettings] File [C:/Users/danie/Documents/Gamedev VR/game/UE4 game/fpsgame/Saved/Config/Windows/Engine.ini]
[2022.08.26-15.16.20:999][  0]LogConfig: Setting CVar [[s.MinBulkDataSizeForAsyncLoading:131072]]
[2022.08.26-15.16.20:999][  0]LogConfig: Setting CVar [[s.AsyncLoadingThreadEnabled:0]]
[2022.08.26-15.16.20:999][  0]LogConfig: Setting CVar [[s.EventDrivenLoaderEnabled:1]]
[2022.08.26-15.16.21:000][  0]LogConfig: Setting CVar [[s.WarnIfTimeLimitExceeded:0]]
[2022.08.26-15.16.21:002][  0]LogConfig: Setting CVar [[s.TimeLimitExceededMultiplier:1.5]]
[2022.08.26-15.16.21:002][  0]LogConfig: Setting CVar [[s.TimeLimitExceededMinTime:0.005]]
[2022.08.26-15.16.21:003][  0]LogConfig: Setting CVar [[s.UseBackgroundLevelStreaming:1]]
[2022.08.26-15.16.21:003][  0]LogConfig: Setting CVar [[s.PriorityAsyncLoadingExtraTime:15.0]]
[2022.08.26-15.16.21:003][  0]LogConfig: Setting CVar [[s.LevelStreamingActorsUpdateTimeLimit:5.0]]
[2022.08.26-15.16.21:003][  0]LogConfig: Setting CVar [[s.PriorityLevelStreamingActorsUpdateExtraTime:5.0]]
[2022.08.26-15.16.21:004][  0]LogConfig: Setting CVar [[s.LevelStreamingComponentsRegistrationGranularity:10]]
[2022.08.26-15.16.21:004][  0]LogConfig: Setting CVar [[s.UnregisterComponentsTimeLimit:1.0]]
[2022.08.26-15.16.21:004][  0]LogConfig: Setting CVar [[s.LevelStreamingComponentsUnregistrationGranularity:5]]
[2022.08.26-15.16.21:004][  0]LogConfig: Setting CVar [[s.FlushStreamingOnExit:1]]
[2022.08.26-15.16.21:005][  0]LogConfig: Applying CVar settings from Section [/Script/Engine.GarbageCollectionSettings] File [C:/Users/danie/Documents/Gamedev VR/game/UE4 game/fpsgame/Saved/Config/Windows/Engine.ini]
[2022.08.26-15.16.21:005][  0]LogConfig: Setting CVar [[gc.MaxObjectsNotConsideredByGC:1]]
[2022.08.26-15.16.21:005][  0]LogConfig: Setting CVar [[gc.SizeOfPermanentObjectPool:0]]
[2022.08.26-15.16.21:005][  0]LogConfig: Setting CVar [[gc.FlushStreamingOnGC:0]]
[2022.08.26-15.16.21:006][  0]LogConfig: Setting CVar [[gc.NumRetriesBeforeForcingGC:10]]
[2022.08.26-15.16.21:006][  0]LogConfig: Setting CVar [[gc.AllowParallelGC:1]]
[2022.08.26-15.16.21:006][  0]LogConfig: Setting CVar [[gc.TimeBetweenPurgingPendingKillObjects:61.1]]
[2022.08.26-15.16.21:007][  0]LogConfig: Setting CVar [[gc.MaxObjectsInEditor:25165824]]
[2022.08.26-15.16.21:007][  0]LogConfig: Setting CVar [[gc.IncrementalBeginDestroyEnabled:1]]
[2022.08.26-15.16.21:007][  0]LogConfig: Setting CVar [[gc.CreateGCClusters:1]]
[2022.08.26-15.16.21:007][  0]LogConfig: Setting CVar [[gc.MinGCClusterSize:5]]
[2022.08.26-15.16.21:008][  0]LogConfig: Setting CVar [[gc.ActorClusteringEnabled:0]]
[2022.08.26-15.16.21:008][  0]LogConfig: Setting CVar [[gc.BlueprintClusteringEnabled:0]]
[2022.08.26-15.16.21:008][  0]LogConfig: Setting CVar [[gc.UseDisregardForGCOnDedicatedServers:0]]
[2022.08.26-15.16.21:008][  0]LogConfig: Setting CVar [[gc.MultithreadedDestructionEnabled:1]]
[2022.08.26-15.16.21:009][  0]LogConfig: Applying CVar settings from Section [/Script/Engine.NetworkSettings] File [C:/Users/danie/Documents/Gamedev VR/game/UE4 game/fpsgame/Saved/Config/Windows/Engine.ini]
[2022.08.26-15.16.21:009][  0]LogConfig: Applying CVar settings from Section [/Script/UnrealEd.CookerSettings] File [C:/Users/danie/Documents/Gamedev VR/game/UE4 game/fpsgame/Saved/Config/Windows/Engine.ini]
[2022.08.26-15.16.21:009][  0]LogConfig: Applying CVar settings from Section [ViewDistanceQuality@3] File [C:/Users/danie/Documents/Gamedev VR/game/UE4 game/fpsgame/Saved/Config/Windows/Scalability.ini]
[2022.08.26-15.16.21:009][  0]LogConfig: Setting CVar [[r.SkeletalMeshLODBias:0]]
[2022.08.26-15.16.21:010][  0]LogConfig: Setting CVar [[r.ViewDistanceScale:1.0]]
[2022.08.26-15.16.21:010][  0]LogConfig: Applying CVar settings from Section [AntiAliasingQuality@3] File [C:/Users/danie/Documents/Gamedev VR/game/UE4 game/fpsgame/Saved/Config/Windows/Scalability.ini]
[2022.08.26-15.16.21:010][  0]LogConfig: Setting CVar [[r.PostProcessAAQuality:4]]
[2022.08.26-15.16.21:010][  0]LogConfig: Applying CVar settings from Section [ShadowQuality@3] File [C:/Users/danie/Documents/Gamedev VR/game/UE4 game/fpsgame/Saved/Config/Windows/Scalability.ini]
[2022.08.26-15.16.21:011][  0]LogConfig: Setting CVar [[r.LightFunctionQuality:1]]
[2022.08.26-15.16.21:011][  0]LogConfig: Setting CVar [[r.ShadowQuality:5]]
[2022.08.26-15.16.21:011][  0]LogConfig: Setting CVar [[r.Shadow.CSM.MaxCascades:10]]
[2022.08.26-15.16.21:011][  0]LogConfig: Setting CVar [[r.Shadow.MaxResolution:2048]]
[2022.08.26-15.16.21:012][  0]LogConfig: Setting CVar [[r.Shadow.MaxCSMResolution:2048]]
[2022.08.26-15.16.21:012][  0]LogConfig: Setting CVar [[r.Shadow.RadiusThreshold:0.01]]
[2022.08.26-15.16.21:012][  0]LogConfig: Setting CVar [[r.Shadow.DistanceScale:1.0]]
[2022.08.26-15.16.21:012][  0]LogConfig: Setting CVar [[r.Shadow.CSM.TransitionScale:1.0]]
[2022.08.26-15.16.21:013][  0]LogConfig: Setting CVar [[r.Shadow.PreShadowResolutionFactor:1.0]]
[2022.08.26-15.16.21:013][  0]LogConfig: Setting CVar [[r.DistanceFieldShadowing:1]]
[2022.08.26-15.16.21:013][  0]LogConfig: Setting CVar [[r.DistanceFieldAO:1]]
[2022.08.26-15.16.21:013][  0]LogConfig: Setting CVar [[r.AOQuality:2]]
[2022.08.26-15.16.21:014][  0]LogConfig: Setting CVar [[r.VolumetricFog:1]]
[2022.08.26-15.16.21:014][  0]LogConfig: Setting CVar [[r.VolumetricFog.GridPixelSize:8]]
[2022.08.26-15.16.21:014][  0]LogConfig: Setting CVar [[r.VolumetricFog.GridSizeZ:128]]
[2022.08.26-15.16.21:015][  0]LogConfig: Setting CVar [[r.VolumetricFog.HistoryMissSupersampleCount:4]]
[2022.08.26-15.16.21:015][  0]LogConfig: Setting CVar [[r.LightMaxDrawDistanceScale:1]]
[2022.08.26-15.16.21:015][  0]LogConfig: Setting CVar [[r.CapsuleShadows:1]]
[2022.08.26-15.16.21:015][  0]LogConfig: Applying CVar settings from Section [PostProcessQuality@3] File [C:/Users/danie/Documents/Gamedev VR/game/UE4 game/fpsgame/Saved/Config/Windows/Scalability.ini]
[2022.08.26-15.16.21:016][  0]LogConfig: Setting CVar [[r.MotionBlurQuality:4]]
[2022.08.26-15.16.21:019][  0]LogConfig: Setting CVar [[r.AmbientOcclusionMipLevelFactor:0.4]]
[2022.08.26-15.16.21:019][  0]LogConfig: Setting CVar [[r.AmbientOcclusionMaxQuality:100]]
[2022.08.26-15.16.21:019][  0]LogConfig: Setting CVar [[r.AmbientOcclusionLevels:-1]]
[2022.08.26-15.16.21:019][  0]LogConfig: Setting CVar [[r.AmbientOcclusionRadiusScale:1.0]]
[2022.08.26-15.16.21:020][  0]LogConfig: Setting CVar [[r.DepthOfFieldQuality:2]]
[2022.08.26-15.16.21:020][  0]LogConfig: Setting CVar [[r.RenderTargetPoolMin:400]]
[2022.08.26-15.16.21:020][  0]LogConfig: Setting CVar [[r.LensFlareQuality:2]]
[2022.08.26-15.16.21:020][  0]LogConfig: Setting CVar [[r.SceneColorFringeQuality:1]]
[2022.08.26-15.16.21:021][  0]LogConfig: Setting CVar [[r.EyeAdaptationQuality:2]]
[2022.08.26-15.16.21:021][  0]LogConfig: Setting CVar [[r.BloomQuality:5]]
[2022.08.26-15.16.21:021][  0]LogConfig: Setting CVar [[r.FastBlurThreshold:100]]
[2022.08.26-15.16.21:021][  0]LogConfig: Setting CVar [[r.Upscale.Quality:3]]
[2022.08.26-15.16.21:022][  0]LogConfig: Setting CVar [[r.Tonemapper.GrainQuantization:1]]
[2022.08.26-15.16.21:022][  0]LogConfig: Setting CVar [[r.LightShaftQuality:1]]
[2022.08.26-15.16.21:022][  0]LogConfig: Setting CVar [[r.Filter.SizeScale:1]]
[2022.08.26-15.16.21:022][  0]LogConfig: Setting CVar [[r.Tonemapper.Quality:5]]
[2022.08.26-15.16.21:024][  0]LogConfig: Setting CVar [[r.DOF.Gather.AccumulatorQuality:1        ; higher gathering accumulator quality]]
[2022.08.26-15.16.21:024][  0]LogConfig: Setting CVar [[r.DOF.Gather.PostfilterMethod:1          ; Median3x3 postfilering method]]
[2022.08.26-15.16.21:024][  0]LogConfig: Setting CVar [[r.DOF.Gather.EnableBokehSettings:0       ; no bokeh simulation when gathering]]
[2022.08.26-15.16.21:025][  0]LogConfig: Setting CVar [[r.DOF.Gather.RingCount:4                 ; medium number of samples when gathering]]
[2022.08.26-15.16.21:025][  0]LogConfig: Setting CVar [[r.DOF.Scatter.ForegroundCompositing:1    ; additive foreground scattering]]
[2022.08.26-15.16.21:025][  0]LogConfig: Setting CVar [[r.DOF.Scatter.BackgroundCompositing:2    ; additive background scattering]]
[2022.08.26-15.16.21:025][  0]LogConfig: Setting CVar [[r.DOF.Scatter.EnableBokehSettings:1      ; bokeh simulation when scattering]]
[2022.08.26-15.16.21:026][  0]LogConfig: Setting CVar [[r.DOF.Scatter.MaxSpriteRatio:0.1         ; only a maximum of 10% of scattered bokeh]]
[2022.08.26-15.16.21:026][  0]LogConfig: Setting CVar [[r.DOF.Recombine.Quality:1                ; cheap slight out of focus]]
[2022.08.26-15.16.21:026][  0]LogConfig: Setting CVar [[r.DOF.Recombine.EnableBokehSettings:0    ; no bokeh simulation on slight out of focus]]
[2022.08.26-15.16.21:026][  0]LogConfig: Setting CVar [[r.DOF.TemporalAAQuality:1                ; more stable temporal accumulation]]
[2022.08.26-15.16.21:027][  0]LogConfig: Setting CVar [[r.DOF.Kernel.MaxForegroundRadius:0.025]]
[2022.08.26-15.16.21:027][  0]LogConfig: Setting CVar [[r.DOF.Kernel.MaxBackgroundRadius:0.025]]
[2022.08.26-15.16.21:027][  0]LogConfig: Applying CVar settings from Section [TextureQuality@3] File [C:/Users/danie/Documents/Gamedev VR/game/UE4 game/fpsgame/Saved/Config/Windows/Scalability.ini]
[2022.08.26-15.16.21:027][  0]LogConfig: Setting CVar [[r.Streaming.MipBias:0]]
[2022.08.26-15.16.21:028][  0]LogConfig: Setting CVar [[r.Streaming.AmortizeCPUToGPUCopy:0]]
[2022.08.26-15.16.21:028][  0]LogConfig: Setting CVar [[r.Streaming.MaxNumTexturesToStreamPerFrame:0]]
[2022.08.26-15.16.21:028][  0]LogConfig: Setting CVar [[r.Streaming.Boost:1]]
[2022.08.26-15.16.21:029][  0]LogConfig: Setting CVar [[r.MaxAnisotropy:8]]
[2022.08.26-15.16.21:029][  0]LogConfig: Setting CVar [[r.VT.MaxAnisotropy:8]]
[2022.08.26-15.16.21:029][  0]LogConfig: Setting CVar [[r.Streaming.LimitPoolSizeToVRAM:0]]
[2022.08.26-15.16.21:029][  0]LogConfig: Setting CVar [[r.Streaming.PoolSize:1000]]
[2022.08.26-15.16.21:030][  0]LogConfig: Setting CVar [[r.Streaming.MaxEffectiveScreenSize:0]]
[2022.08.26-15.16.21:030][  0]LogConfig: Applying CVar settings from Section [EffectsQuality@3] File [C:/Users/danie/Documents/Gamedev VR/game/UE4 game/fpsgame/Saved/Config/Windows/Scalability.ini]
[2022.08.26-15.16.21:030][  0]LogConfig: Setting CVar [[r.TranslucencyLightingVolumeDim:64]]
[2022.08.26-15.16.21:031][  0]LogConfig: Setting CVar [[r.RefractionQuality:2]]
[2022.08.26-15.16.21:031][  0]LogConfig: Setting CVar [[r.SSR.Quality:3]]
[2022.08.26-15.16.21:031][  0]LogConfig: Setting CVar [[r.SSR.HalfResSceneColor:0]]
[2022.08.26-15.16.21:031][  0]LogConfig: Setting CVar [[r.SceneColorFormat:4]]
[2022.08.26-15.16.21:032][  0]LogConfig: Setting CVar [[r.DetailMode:2]]
[2022.08.26-15.16.21:032][  0]LogConfig: Setting CVar [[r.TranslucencyVolumeBlur:1]]
[2022.08.26-15.16.21:032][  0]LogConfig: Setting CVar [[r.MaterialQualityLevel:1 ; High quality]]
[2022.08.26-15.16.21:032][  0]LogConfig: Setting CVar [[r.AnisotropicMaterials:1]]
[2022.08.26-15.16.21:033][  0]LogConfig: Setting CVar [[r.SSS.Scale:1]]
[2022.08.26-15.16.21:035][  0]LogConfig: Setting CVar [[r.SSS.SampleSet:2]]
[2022.08.26-15.16.21:035][  0]LogConfig: Setting CVar [[r.SSS.Quality:1]]
[2022.08.26-15.16.21:036][  0]LogConfig: Setting CVar [[r.SSS.HalfRes:0]]
[2022.08.26-15.16.21:036][  0]LogConfig: Setting CVar [[r.SSGI.Quality:3]]
[2022.08.26-15.16.21:037][  0]LogConfig: Setting CVar [[r.EmitterSpawnRateScale:1.0]]
[2022.08.26-15.16.21:037][  0]LogConfig: Setting CVar [[r.ParticleLightQuality:2]]
[2022.08.26-15.16.21:037][  0]LogConfig: Setting CVar [[r.SkyAtmosphere.AerialPerspectiveLUT.FastApplyOnOpaque:1 ; Always have FastSkyLUT 1 in this case to avoid wrong sky]]
[2022.08.26-15.16.21:038][  0]LogConfig: Setting CVar [[r.SkyAtmosphere.AerialPerspectiveLUT.SampleCountMaxPerSlice:4]]
[2022.08.26-15.16.21:038][  0]LogConfig: Setting CVar [[r.SkyAtmosphere.AerialPerspectiveLUT.DepthResolution:16.0]]
[2022.08.26-15.16.21:038][  0]LogConfig: Setting CVar [[r.SkyAtmosphere.FastSkyLUT:1]]
[2022.08.26-15.16.21:038][  0]LogConfig: Setting CVar [[r.SkyAtmosphere.FastSkyLUT.SampleCountMin:4.0]]
[2022.08.26-15.16.21:039][  0]LogConfig: Setting CVar [[r.SkyAtmosphere.FastSkyLUT.SampleCountMax:128.0]]
[2022.08.26-15.16.21:039][  0]LogConfig: Setting CVar [[r.SkyAtmosphere.SampleCountMin:4.0]]
[2022.08.26-15.16.21:039][  0]LogConfig: Setting CVar [[r.SkyAtmosphere.SampleCountMax:128.0]]
[2022.08.26-15.16.21:039][  0]LogConfig: Setting CVar [[r.SkyAtmosphere.TransmittanceLUT.UseSmallFormat:0]]
[2022.08.26-15.16.21:040][  0]LogConfig: Setting CVar [[r.SkyAtmosphere.TransmittanceLUT.SampleCount:10.0]]
[2022.08.26-15.16.21:040][  0]LogConfig: Setting CVar [[r.SkyAtmosphere.MultiScatteringLUT.SampleCount:15.0]]
[2022.08.26-15.16.21:040][  0]LogConfig: Setting CVar [[r.SkyLight.RealTimeReflectionCapture:1]]
[2022.08.26-15.16.21:040][  0]LogConfig: Applying CVar settings from Section [FoliageQuality@3] File [C:/Users/danie/Documents/Gamedev VR/game/UE4 game/fpsgame/Saved/Config/Windows/Scalability.ini]
[2022.08.26-15.16.21:041][  0]LogConfig: Setting CVar [[foliage.DensityScale:1.0]]
[2022.08.26-15.16.21:041][  0]LogConfig: Setting CVar [[grass.DensityScale:1.0]]
[2022.08.26-15.16.21:041][  0]LogConfig: Applying CVar settings from Section [ShadingQuality@3] File [C:/Users/danie/Documents/Gamedev VR/game/UE4 game/fpsgame/Saved/Config/Windows/Scalability.ini]
[2022.08.26-15.16.21:042][  0]LogConfig: Setting CVar [[r.HairStrands.SkyLighting.IntegrationType:2]]
[2022.08.26-15.16.21:042][  0]LogConfig: Setting CVar [[r.HairStrands.SkyAO.SampleCount:4]]
[2022.08.26-15.16.21:042][  0]LogConfig: Setting CVar [[r.HairStrands.Visibility.MSAA.SamplePerPixel:4]]
[2022.08.26-15.16.21:042][  0]LogInit: Selected Device Profile: [Windows]
[2022.08.26-15.16.21:043][  0]LogInit: Applying CVar settings loaded from the selected device profile: [Windows]
[2022.08.26-15.16.21:043][  0]LogHAL: Display: Platform has ~ 16 GB [17128247296 / 17179869184 / 16], which maps to Larger [LargestMinGB=32, LargerMinGB=12, DefaultMinGB=8, SmallerMinGB=6, SmallestMinGB=0)
[2022.08.26-15.16.21:043][  0]LogInit: Going up to parent DeviceProfile []
[2022.08.26-15.16.21:043][  0]LogConfig: Applying CVar settings from Section [ViewDistanceQuality@3] File [C:/Users/danie/Documents/Gamedev VR/game/UE4 game/fpsgame/Saved/Config/Windows/Scalability.ini]
[2022.08.26-15.16.21:044][  0]LogConfig: Setting CVar [[r.SkeletalMeshLODBias:0]]
[2022.08.26-15.16.21:044][  0]LogConfig: Setting CVar [[r.ViewDistanceScale:1.0]]
[2022.08.26-15.16.21:044][  0]LogConfig: Applying CVar settings from Section [AntiAliasingQuality@3] File [C:/Users/danie/Documents/Gamedev VR/game/UE4 game/fpsgame/Saved/Config/Windows/Scalability.ini]
[2022.08.26-15.16.21:044][  0]LogConfig: Setting CVar [[r.PostProcessAAQuality:4]]
[2022.08.26-15.16.21:045][  0]LogConfig: Applying CVar settings from Section [ShadowQuality@3] File [C:/Users/danie/Documents/Gamedev VR/game/UE4 game/fpsgame/Saved/Config/Windows/Scalability.ini]
[2022.08.26-15.16.21:045][  0]LogConfig: Setting CVar [[r.LightFunctionQuality:1]]
[2022.08.26-15.16.21:045][  0]LogConfig: Setting CVar [[r.ShadowQuality:5]]
[2022.08.26-15.16.21:046][  0]LogConfig: Setting CVar [[r.Shadow.CSM.MaxCascades:10]]
[2022.08.26-15.16.21:046][  0]LogConfig: Setting CVar [[r.Shadow.MaxResolution:2048]]
[2022.08.26-15.16.21:046][  0]LogConfig: Setting CVar [[r.Shadow.MaxCSMResolution:2048]]
[2022.08.26-15.16.21:046][  0]LogConfig: Setting CVar [[r.Shadow.RadiusThreshold:0.01]]
[2022.08.26-15.16.21:047][  0]LogConfig: Setting CVar [[r.Shadow.DistanceScale:1.0]]
[2022.08.26-15.16.21:047][  0]LogConfig: Setting CVar [[r.Shadow.CSM.TransitionScale:1.0]]
[2022.08.26-15.16.21:047][  0]LogConfig: Setting CVar [[r.Shadow.PreShadowResolutionFactor:1.0]]
[2022.08.26-15.16.21:047][  0]LogConfig: Setting CVar [[r.DistanceFieldShadowing:1]]
[2022.08.26-15.16.21:048][  0]LogConfig: Setting CVar [[r.DistanceFieldAO:1]]
[2022.08.26-15.16.21:048][  0]LogConfig: Setting CVar [[r.AOQuality:2]]
[2022.08.26-15.16.21:048][  0]LogConfig: Setting CVar [[r.VolumetricFog:1]]
[2022.08.26-15.16.21:048][  0]LogConfig: Setting CVar [[r.VolumetricFog.GridPixelSize:8]]
[2022.08.26-15.16.21:049][  0]LogConfig: Setting CVar [[r.VolumetricFog.GridSizeZ:128]]
[2022.08.26-15.16.21:051][  0]LogConfig: Setting CVar [[r.VolumetricFog.HistoryMissSupersampleCount:4]]
[2022.08.26-15.16.21:052][  0]LogConfig: Setting CVar [[r.LightMaxDrawDistanceScale:1]]
[2022.08.26-15.16.21:052][  0]LogConfig: Setting CVar [[r.CapsuleShadows:1]]
[2022.08.26-15.16.21:052][  0]LogConfig: Applying CVar settings from Section [PostProcessQuality@3] File [C:/Users/danie/Documents/Gamedev VR/game/UE4 game/fpsgame/Saved/Config/Windows/Scalability.ini]
[2022.08.26-15.16.21:052][  0]LogConfig: Setting CVar [[r.MotionBlurQuality:4]]
[2022.08.26-15.16.21:053][  0]LogConfig: Setting CVar [[r.AmbientOcclusionMipLevelFactor:0.4]]
[2022.08.26-15.16.21:053][  0]LogConfig: Setting CVar [[r.AmbientOcclusionMaxQuality:100]]
[2022.08.26-15.16.21:053][  0]LogConfig: Setting CVar [[r.AmbientOcclusionLevels:-1]]
[2022.08.26-15.16.21:053][  0]LogConfig: Setting CVar [[r.AmbientOcclusionRadiusScale:1.0]]
[2022.08.26-15.16.21:054][  0]LogConfig: Setting CVar [[r.DepthOfFieldQuality:2]]
[2022.08.26-15.16.21:054][  0]LogConfig: Setting CVar [[r.RenderTargetPoolMin:400]]
[2022.08.26-15.16.21:054][  0]LogConfig: Setting CVar [[r.LensFlareQuality:2]]
[2022.08.26-15.16.21:054][  0]LogConfig: Setting CVar [[r.SceneColorFringeQuality:1]]
[2022.08.26-15.16.21:055][  0]LogConfig: Setting CVar [[r.EyeAdaptationQuality:2]]
[2022.08.26-15.16.21:055][  0]LogConfig: Setting CVar [[r.BloomQuality:5]]
[2022.08.26-15.16.21:055][  0]LogConfig: Setting CVar [[r.FastBlurThreshold:100]]
[2022.08.26-15.16.21:056][  0]LogConfig: Setting CVar [[r.Upscale.Quality:3]]
[2022.08.26-15.16.21:056][  0]LogConfig: Setting CVar [[r.Tonemapper.GrainQuantization:1]]
[2022.08.26-15.16.21:056][  0]LogConfig: Setting CVar [[r.LightShaftQuality:1]]
[2022.08.26-15.16.21:056][  0]LogConfig: Setting CVar [[r.Filter.SizeScale:1]]
[2022.08.26-15.16.21:057][  0]LogConfig: Setting CVar [[r.Tonemapper.Quality:5]]
[2022.08.26-15.16.21:057][  0]LogConfig: Setting CVar [[r.DOF.Gather.AccumulatorQuality:1        ; higher gathering accumulator quality]]
[2022.08.26-15.16.21:057][  0]LogConfig: Setting CVar [[r.DOF.Gather.PostfilterMethod:1          ; Median3x3 postfilering method]]
[2022.08.26-15.16.21:057][  0]LogConfig: Setting CVar [[r.DOF.Gather.EnableBokehSettings:0       ; no bokeh simulation when gathering]]
[2022.08.26-15.16.21:058][  0]LogConfig: Setting CVar [[r.DOF.Gather.RingCount:4                 ; medium number of samples when gathering]]
[2022.08.26-15.16.21:058][  0]LogConfig: Setting CVar [[r.DOF.Scatter.ForegroundCompositing:1    ; additive foreground scattering]]
[2022.08.26-15.16.21:058][  0]LogConfig: Setting CVar [[r.DOF.Scatter.BackgroundCompositing:2    ; additive background scattering]]
[2022.08.26-15.16.21:059][  0]LogConfig: Setting CVar [[r.DOF.Scatter.EnableBokehSettings:1      ; bokeh simulation when scattering]]
[2022.08.26-15.16.21:059][  0]LogConfig: Setting CVar [[r.DOF.Scatter.MaxSpriteRatio:0.1         ; only a maximum of 10% of scattered bokeh]]
[2022.08.26-15.16.21:059][  0]LogConfig: Setting CVar [[r.DOF.Recombine.Quality:1                ; cheap slight out of focus]]
[2022.08.26-15.16.21:059][  0]LogConfig: Setting CVar [[r.DOF.Recombine.EnableBokehSettings:0    ; no bokeh simulation on slight out of focus]]
[2022.08.26-15.16.21:060][  0]LogConfig: Setting CVar [[r.DOF.TemporalAAQuality:1                ; more stable temporal accumulation]]
[2022.08.26-15.16.21:060][  0]LogConfig: Setting CVar [[r.DOF.Kernel.MaxForegroundRadius:0.025]]
[2022.08.26-15.16.21:060][  0]LogConfig: Setting CVar [[r.DOF.Kernel.MaxBackgroundRadius:0.025]]
[2022.08.26-15.16.21:060][  0]LogConfig: Applying CVar settings from Section [TextureQuality@3] File [C:/Users/danie/Documents/Gamedev VR/game/UE4 game/fpsgame/Saved/Config/Windows/Scalability.ini]
[2022.08.26-15.16.21:061][  0]LogConfig: Setting CVar [[r.Streaming.MipBias:0]]
[2022.08.26-15.16.21:061][  0]LogConfig: Setting CVar [[r.Streaming.AmortizeCPUToGPUCopy:0]]
[2022.08.26-15.16.21:061][  0]LogConfig: Setting CVar [[r.Streaming.MaxNumTexturesToStreamPerFrame:0]]
[2022.08.26-15.16.21:061][  0]LogConfig: Setting CVar [[r.Streaming.Boost:1]]
[2022.08.26-15.16.21:062][  0]LogConfig: Setting CVar [[r.MaxAnisotropy:8]]
[2022.08.26-15.16.21:062][  0]LogConfig: Setting CVar [[r.VT.MaxAnisotropy:8]]
[2022.08.26-15.16.21:062][  0]LogConfig: Setting CVar [[r.Streaming.LimitPoolSizeToVRAM:0]]
[2022.08.26-15.16.21:062][  0]LogConfig: Setting CVar [[r.Streaming.PoolSize:1000]]
[2022.08.26-15.16.21:063][  0]LogConfig: Setting CVar [[r.Streaming.MaxEffectiveScreenSize:0]]
[2022.08.26-15.16.21:063][  0]LogConfig: Applying CVar settings from Section [EffectsQuality@3] File [C:/Users/danie/Documents/Gamedev VR/game/UE4 game/fpsgame/Saved/Config/Windows/Scalability.ini]
[2022.08.26-15.16.21:063][  0]LogConfig: Setting CVar [[r.TranslucencyLightingVolumeDim:64]]
[2022.08.26-15.16.21:063][  0]LogConfig: Setting CVar [[r.RefractionQuality:2]]
[2022.08.26-15.16.21:064][  0]LogConfig: Setting CVar [[r.SSR.Quality:3]]
[2022.08.26-15.16.21:064][  0]LogConfig: Setting CVar [[r.SSR.HalfResSceneColor:0]]
[2022.08.26-15.16.21:064][  0]LogConfig: Setting CVar [[r.SceneColorFormat:4]]
[2022.08.26-15.16.21:065][  0]LogConfig: Setting CVar [[r.DetailMode:2]]
[2022.08.26-15.16.21:067][  0]LogConfig: Setting CVar [[r.TranslucencyVolumeBlur:1]]
[2022.08.26-15.16.21:067][  0]LogConfig: Setting CVar [[r.MaterialQualityLevel:1 ; High quality]]
[2022.08.26-15.16.21:067][  0]LogConfig: Setting CVar [[r.AnisotropicMaterials:1]]
[2022.08.26-15.16.21:068][  0]LogConfig: Setting CVar [[r.SSS.Scale:1]]
[2022.08.26-15.16.21:068][  0]LogConfig: Setting CVar [[r.SSS.SampleSet:2]]
[2022.08.26-15.16.21:068][  0]LogConfig: Setting CVar [[r.SSS.Quality:1]]
[2022.08.26-15.16.21:069][  0]LogConfig: Setting CVar [[r.SSS.HalfRes:0]]
[2022.08.26-15.16.21:069][  0]LogConfig: Setting CVar [[r.SSGI.Quality:3]]
[2022.08.26-15.16.21:069][  0]LogConfig: Setting CVar [[r.EmitterSpawnRateScale:1.0]]
[2022.08.26-15.16.21:069][  0]LogConfig: Setting CVar [[r.ParticleLightQuality:2]]
[2022.08.26-15.16.21:070][  0]LogConfig: Setting CVar [[r.SkyAtmosphere.AerialPerspectiveLUT.FastApplyOnOpaque:1 ; Always have FastSkyLUT 1 in this case to avoid wrong sky]]
[2022.08.26-15.16.21:070][  0]LogConfig: Setting CVar [[r.SkyAtmosphere.AerialPerspectiveLUT.SampleCountMaxPerSlice:4]]
[2022.08.26-15.16.21:070][  0]LogConfig: Setting CVar [[r.SkyAtmosphere.AerialPerspectiveLUT.DepthResolution:16.0]]
[2022.08.26-15.16.21:070][  0]LogConfig: Setting CVar [[r.SkyAtmosphere.FastSkyLUT:1]]
[2022.08.26-15.16.21:071][  0]LogConfig: Setting CVar [[r.SkyAtmosphere.FastSkyLUT.SampleCountMin:4.0]]
[2022.08.26-15.16.21:071][  0]LogConfig: Setting CVar [[r.SkyAtmosphere.FastSkyLUT.SampleCountMax:128.0]]
[2022.08.26-15.16.21:071][  0]LogConfig: Setting CVar [[r.SkyAtmosphere.SampleCountMin:4.0]]
[2022.08.26-15.16.21:072][  0]LogConfig: Setting CVar [[r.SkyAtmosphere.SampleCountMax:128.0]]
[2022.08.26-15.16.21:072][  0]LogConfig: Setting CVar [[r.SkyAtmosphere.TransmittanceLUT.UseSmallFormat:0]]
[2022.08.26-15.16.21:072][  0]LogConfig: Setting CVar [[r.SkyAtmosphere.TransmittanceLUT.SampleCount:10.0]]
[2022.08.26-15.16.21:072][  0]LogConfig: Setting CVar [[r.SkyAtmosphere.MultiScatteringLUT.SampleCount:15.0]]
[2022.08.26-15.16.21:073][  0]LogConfig: Setting CVar [[r.SkyLight.RealTimeReflectionCapture:1]]
[2022.08.26-15.16.21:073][  0]LogConfig: Applying CVar settings from Section [FoliageQuality@3] File [C:/Users/danie/Documents/Gamedev VR/game/UE4 game/fpsgame/Saved/Config/Windows/Scalability.ini]
[2022.08.26-15.16.21:073][  0]LogConfig: Setting CVar [[foliage.DensityScale:1.0]]
[2022.08.26-15.16.21:073][  0]LogConfig: Setting CVar [[grass.DensityScale:1.0]]
[2022.08.26-15.16.21:074][  0]LogConfig: Applying CVar settings from Section [ShadingQuality@3] File [C:/Users/danie/Documents/Gamedev VR/game/UE4 game/fpsgame/Saved/Config/Windows/Scalability.ini]
[2022.08.26-15.16.21:074][  0]LogConfig: Setting CVar [[r.HairStrands.SkyLighting.IntegrationType:2]]
[2022.08.26-15.16.21:074][  0]LogConfig: Setting CVar [[r.HairStrands.SkyAO.SampleCount:4]]
[2022.08.26-15.16.21:074][  0]LogConfig: Setting CVar [[r.HairStrands.Visibility.MSAA.SamplePerPixel:4]]
[2022.08.26-15.16.21:075][  0]LogConfig: Applying CVar settings from Section [Startup] File [../../../Engine/Config/ConsoleVariables.ini]
[2022.08.26-15.16.21:075][  0]LogConfig: Setting CVar [[net.UseAdaptiveNetUpdateFrequency:0]]
[2022.08.26-15.16.21:076][  0]LogConfig: Setting CVar [[p.chaos.AllowCreatePhysxBodies:1]]
[2022.08.26-15.16.21:076][  0]LogConfig: Setting CVar [[fx.SkipVectorVMBackendOptimizations:1]]
[2022.08.26-15.16.21:076][  0]LogConfig: Applying CVar settings from Section [ConsoleVariables] File [C:/Users/danie/Documents/Gamedev VR/game/UE4 game/fpsgame/Saved/Config/Windows/Engine.ini]
[2022.08.26-15.16.21:076][  0]LogConfig: Applying CVar settings from Section [ConsoleVariables] File [C:/Users/danie/Documents/Gamedev VR/game/UE4 game/fpsgame/Saved/Config/Windows/Editor.ini]
[2022.08.26-15.16.21:077][  0]LogInit: Computer: DESKTOP-QG36584
[2022.08.26-15.16.21:077][  0]LogInit: User: danie
[2022.08.26-15.16.21:077][  0]LogInit: CPU Page size=4096, Cores=6
[2022.08.26-15.16.21:077][  0]LogInit: High frequency timer resolution =10.000000 MHz
[2022.08.26-15.16.21:078][  0]LogMemory: Memory total: Physical=16.0GB (16GB approx)
[2022.08.26-15.16.21:078][  0]LogMemory: Platform Memory Stats for Windows
[2022.08.26-15.16.21:078][  0]LogMemory: Process Physical Memory: 140.11 MB used, 140.11 MB peak
[2022.08.26-15.16.21:078][  0]LogMemory: Process Virtual Memory: 115.33 MB used, 115.33 MB peak
[2022.08.26-15.16.21:079][  0]LogMemory: Physical Memory: 9749.35 MB used,  6585.42 MB free, 16334.77 MB total
[2022.08.26-15.16.21:079][  0]LogMemory: Virtual Memory: 134214336.00 MB used,  3393.44 MB free, 134217728.00 MB total
[2022.08.26-15.16.21:081][  0]LogWindows: WindowsPlatformFeatures disabled or dedicated server build
[2022.08.26-15.16.21:091][  0]LogInit: Physics initialised using underlying interface: PhysX
[2022.08.26-15.16.21:092][  0]LogInit: Using OS detected language (en-US).
[2022.08.26-15.16.21:092][  0]LogInit: Using OS detected locale (en-GB).
[2022.08.26-15.16.21:095][  0]LogTextLocalizationManager: No specific localization for 'en-US' exists, so the 'en' localization will be used.
[2022.08.26-15.16.21:486][  0]LogTargetPlatformManager: Display: Loaded TargetPlatform 'WindowsNoEditor'
[2022.08.26-15.16.21:489][  0]LogTargetPlatformManager: Display: Loaded TargetPlatform 'Windows'
[2022.08.26-15.16.21:492][  0]LogTargetPlatformManager: Display: Loaded TargetPlatform 'WindowsClient'
[2022.08.26-15.16.21:495][  0]LogTargetPlatformManager: Display: Loaded TargetPlatform 'WindowsServer'
[2022.08.26-15.16.21:495][  0]LogTargetPlatformManager: Display: Building Assets For Windows
[2022.08.26-15.16.21:497][  0]LogAudioDebug: Display: Lib vorbis DLL was dynamically loaded.
[2022.08.26-15.16.21:511][  0]LogTextureFormatOodle: Display: Oodle Texture 2.9.0 init RDO Off
[2022.08.26-15.16.21:522][  0]LogRendererCore: Ray tracing is disabled. Reason: r.RayTracing=0.
[2022.08.26-15.16.21:522][  0]LogShaderCompilers: Guid format shader working directory is -27 characters bigger than the processId version (../../../../../../Users/danie/Documents/Gamedev VR/game/UE4 game/fpsgame/Intermediate/Shaders/WorkingDirectory/18484/).
[2022.08.26-15.16.21:524][  0]LogShaderCompilers: Cleaned the shader compiler working directory 'C:/Users/danie/AppData/Local/Temp/UnrealShaderWorkingDir/2BCF246944F8771B5D7427982706C8C4/'.
[2022.08.26-15.16.21:525][  0]LogXGEController: Cannot use XGE Controller as Incredibuild is not installed on this machine.
[2022.08.26-15.16.21:525][  0]LogShaderCompilers: Cannot use XGE Shader Compiler as Incredibuild is not installed on this machine.
[2022.08.26-15.16.21:525][  0]LogShaderCompilers: Display: Using Local Shader Compiler.
[2022.08.26-15.16.21:983][  0]LogDerivedDataCache: Display: Max Cache Size: 512 MB
[2022.08.26-15.16.22:031][  0]LogDerivedDataCache: Loaded boot cache 0.05s 95MB C:/Users/danie/AppData/Local/UnrealEngine/4.27/DerivedDataCache/Boot.ddc.
[2022.08.26-15.16.22:032][  0]LogDerivedDataCache: Display: Loaded Boot cache: C:/Users/danie/AppData/Local/UnrealEngine/4.27/DerivedDataCache/Boot.ddc
[2022.08.26-15.16.22:032][  0]LogDerivedDataCache: FDerivedDataBackendGraph:  Pak pak cache file ../../../../../../Users/danie/Documents/Gamedev VR/game/UE4 game/fpsgame/DerivedDataCache/DDC.ddp not found, will not use a pak cache.
[2022.08.26-15.16.22:032][  0]LogDerivedDataCache: Unable to find inner node Pak for hierarchical cache Hierarchy.
[2022.08.26-15.16.22:033][  0]LogDerivedDataCache: FDerivedDataBackendGraph:  CompressedPak pak cache file ../../../../../../Users/danie/Documents/Gamedev VR/game/UE4 game/fpsgame/DerivedDataCache/Compressed.ddp not found, will not use a pak cache.
[2022.08.26-15.16.22:033][  0]LogDerivedDataCache: Unable to find inner node CompressedPak for hierarchical cache Hierarchy.
[2022.08.26-15.16.22:051][  0]LogDerivedDataCache: Display: Pak cache opened for reading ../../../Engine/DerivedDataCache/Compressed.ddp.
[2022.08.26-15.16.22:051][  0]LogDerivedDataCache: FDerivedDataBackendGraph:  EnterprisePak pak cache file ../../../Enterprise/DerivedDataCache/Compressed.ddp not found, will not use a pak cache.
[2022.08.26-15.16.22:051][  0]LogDerivedDataCache: Unable to find inner node EnterprisePak for hierarchical cache Hierarchy.
[2022.08.26-15.16.22:059][  0]LogDerivedDataCache: Speed tests for C:/Users/danie/AppData/Local/UnrealEngine/Common/DerivedDataCache took 0.01 seconds
[2022.08.26-15.16.22:059][  0]LogDerivedDataCache: Display: Performance to C:/Users/danie/AppData/Local/UnrealEngine/Common/DerivedDataCache: Latency=0.03ms. RandomReadSpeed=383.20MBs, RandomWriteSpeed=182.92MBs. Assigned SpeedClass 'Local'
[2022.08.26-15.16.22:061][  0]LogDerivedDataCache: Using Local data cache path C:/Users/danie/AppData/Local/UnrealEngine/Common/DerivedDataCache: Writable
[2022.08.26-15.16.22:062][  0]LogDerivedDataCache: Shared data cache path not found in *engine.ini, will not use an Shared cache.
[2022.08.26-15.16.22:062][  0]LogDerivedDataCache: Unable to find inner node Shared for hierarchical cache Hierarchy.
[2022.08.26-15.16.22:063][  0]LogInit: Using OS detected language (en-US).
[2022.08.26-15.16.22:064][  0]LogInit: Using OS detected locale (en-GB).
[2022.08.26-15.16.22:064][  0]LogTextLocalizationManager: No localization for 'en-US' exists, so 'en' will be used for the language.
[2022.08.26-15.16.22:064][  0]LogTextLocalizationManager: No localization for 'en-GB' exists, so 'en' will be used for the locale.
[2022.08.26-15.16.22:067][  0]LogTextLocalizationManager: Compacting localization data took   0.00ms
[2022.08.26-15.16.22:067][  0]LogAssetRegistry: FAssetRegistry took 0.0019 seconds to start up
[2022.08.26-15.16.22:210][  0]LogPackageLocalizationCache: Processed 27 localized package path(s) for 1 prioritized culture(s) in 0.000953 seconds
[2022.08.26-15.16.22:289][  0]LogInit: Selected Device Profile: [Windows]
[2022.08.26-15.16.22:289][  0]LogInit: Active device profile: [000001D298D2C500][000001D29706F480 49] Windows
[2022.08.26-15.16.22:289][  0]LogInit: Profiles: [000001D298D2C500][000001D29706F480 49] Windows, [000001D298D1ED00][000001D29707D740 49] WindowsNoEditor, [000001D298D1C100][000001D297081A00 49] WindowsServer, [000001D298D2F000][000001D297084140 49] WindowsClient, [000001D298D2C200][000001D2970723C0 49] IOS, [000001D298D4FD00][000001D297088640 49] iPadAir, [000001D298D2FA00][000001D297090900 49] iPadAir2, [000001D298CCC200][000001D2970AAE40 49] IPadPro, [000001D298CCBF00][000001D297094E80 49] iPadAir3, [000001D298D1C700][000001D2970A3140 49] iPadAir4, [000001D298CC8500][000001D29709F400 49] iPadMini2, [000001D298D1C200][000001D2970A76C0 49] iPadMini3, [000001D298CC9200][000001D2970B5980 49] iPadMini4, [000001D298D1EF00][000001D2970B80C0 49] iPadMini5, [000001D298D4D600][000001D2970C85C0 49] iPhone6, [000001D298D4D700][000001D2970BC600 49] iPodTouch6, [000001D298CCA100][000001D2970D4B40 49] iPhone7, [000001D298CCA200][000001D2970C4B80 49] iPodTouch7, [000001D298D4E600][000001D2970CCE40 49] iPhone5S, [000001D298CCB100][000001D2970C1100 49] iPhone6Plus, [000001D298D4FB00][000001D2970D13C0 49] iPhone6S, [000001D298CCAB00][000001D2970D9680 49] iPhone6SPlus, [000001D298D4CA00][000001D2970DD940 49] iPhone7Plus, [000001D298CCAF00][000001D2970E1C00 49] iPhoneSE, [000001D298D4D000][000001D2970E4340 49] iPhone8, [000001D298CCBC00][000001D29708C5C0 49] iPhone8Plus, [000001D298D4F200][000001D2970E8840 49] iPhoneX, [000001D298CCAC00][000001D2970F0B00 49] iPhoneXS, [000001D298D4EB00][000001D2970F4DC0 49] iPhoneXSMax, [000001D298CCA900][000001D2970F9080 49] iPhoneXR, [000001D298D4EF00][000001D2970FD340 49] iPhone11, [000001D298CC8A00][000001D297101600 49] iPhone11Pro, [000001D298D4FE00][000001D2971058C0 49] iPhone11ProMax, [000001D298CC9400][000001D297109B80 49] iPhoneSE2, [000001D298D4FF00][000001D29710C2C0 49] iPhone12Mini, [000001D298CCBD00][000001D297110580 49] iPhone12, [000001D298D4D200][000001D2970EC800 49] iPhone12Pro, [000001D298CCB500][000001D297114A80 49] iPhone12ProMax, [000001D298D4C200][000001D29711CD40 49] iPadPro105, [000001D298CC9A00][000001D297121000 49] iPadPro129, [000001D298D4CD00][000001D2971252C0 49] iPadPro97, [000001D298CC8900][000001D297129580 49] iPadPro2_129, [000001D298D4DA00][000001D29712D840 49] iPad5, [000001D298CC9C00][000001D297131B00 49] iPad6, [000001D298D4F900][000001D297134240 49] iPad7, [000001D298CCA600][000001D297138500 49] iPad8, [000001D298D4F000][000001D29713C7C0 49] iPadPro11, [000001D298CC9500][000001D297118A40 49] iPadPro2_11, [000001D298D4E100][000001D297140CC0 49] iPadPro3_129, [000001D298CC9D00][000001D297148F80 49] iPadPro4_129, [000001D298D4E400][000001D29714D240 49] AppleTV, [000001D298CCAE00][000001D297151500 49] AppleTV4K, [000001D298D4C500][000001D2971557C0 49] TVOS, [000001D298CCBA00][000001D297159A80 49] Mac, [000001D298D4E900][000001D29715C1C0 49] MacClient, [000001D298CC9700][000001D297160480 49] MacNoEditor, [000001D298D4D100][000001D297164740 49] MacServer, [000001D298CCBB00][000001D297168A00 49] Linux, [000001D298D4C600][000001D297144C80 49] LinuxAArch64, [000001D298CC8400][000001D29716CF00 49] LinuxNoEditor, [000001D298D4E200][000001D2971751C0 49] LinuxAArch64NoEditor, [000001D298D2C100][000001D297179480 49] LinuxClient, [000001D298CCC700][000001D29717D740 49] LinuxAArch64Client, [000001D298D2D900][000001D297181A00 49] LinuxServer, [000001D298CCCA00][000001D297184140 49] LinuxAArch64Server, [000001D298D2ED00][000001D297188400 49] Android, [000001D298CCD400][000001D29718C6C0 49] Android_Low, [000001D298D2D100][000001D297190980 49] Android_Mid, [000001D298CCCE00][000001D297194C40 49] Android_High, [000001D298D2C800][000001D297170EC0 49] Android_Default, [000001D298CCE600][000001D297199140 49] Android_Adreno4xx, [000001D298D2D400][000001D2971A1400 49] Android_Adreno5xx_Low, [000001D298CCE400][000001D2971A56C0 49] Android_Adreno5xx, [000001D298D2C700][000001D2971A9980 49] Android_Adreno6xx, [000001D298CCEC00][000001D2971AC0C0 49] Android_Adreno6xx_Vulkan, [000001D298D2FB00][000001D2971B0380 49] Android_Mali_T6xx, [000001D298CCC500][000001D2971B4640 49] Android_Mali_T7xx, [000001D298D2C300][000001D2971B8900 49] Android_Mali_T8xx, [000001D298CCF000][000001D2971BCBC0 49] Android_Mali_G71, [000001D298D2E900][000001D2971C0E80 49] Android_Mali_G72, [000001D298CCE500][000001D29719D100 49] Android_Mali_G72_Vulkan, [000001D298D2DB00][000001D2971C5380 49] Android_Mali_G76, [000001D298CCF100][000001D2971CD640 49] Android_Mali_G76_Vulkan, [000001D298D2DE00][000001D2971D1900 49] Android_Mali_G77, [000001D298CCFB00][000001D2971D5BC0 49] Android_Mali_G77_Vulkan, [000001D298D2FC00][000001D2971D8300 49] Android_Mali_G78, [000001D298CCFF00][000001D2971DC5C0 49] Android_Mali_G78_Vulkan, [000001D298D2E400][000001D2971E0880 49] Android_Mali_G710, [000001D298CCD300][000001D2971E4B40 49] Android_Mali_G710_Vulkan, [000001D298D2F100][000001D2971E8E00 49] Android_Vulkan_SM5, [000001D298CCA400][000001D2971ED0C0 49] Android_PowerVR_G6xxx, [000001D298D2DD00][000001D2971C9340 49] Android_PowerVR_GT7xxx, [000001D298CC8100][000001D291AB35C0 49] Android_PowerVR_GE8xxx, [000001D298D2F200][000001D291ABB880 49] Android_PowerVR_GM9xxx, [000001D298CC8300][000001D291ABFB40 49] Android_PowerVR_GM9xxx_Vulkan, [000001D298D2F300][000001D291AC2280 49] Android_TegraK1, [000001D298CC9600][000001D291AC6540 49] Android_Unknown_Vulkan, [000001D298D2E000][000001D291ACA800 49] Lumin, [000001D298CC8B00][000001D291ACEAC0 49] Lumin_Desktop, [000001D298D2CD00][000001D291AD2D80 49] HoloLens, 
[2022.08.26-15.16.22:307][  0]LogMeshReduction: Using QuadricMeshReduction for automatic static mesh reduction
[2022.08.26-15.16.22:307][  0]LogMeshReduction: Using SimplygonMeshReduction for automatic skeletal mesh reduction
[2022.08.26-15.16.22:308][  0]LogMeshReduction: Using ProxyLODMeshReduction for automatic mesh merging
[2022.08.26-15.16.22:308][  0]LogMeshReduction: No distributed automatic mesh merging module available
[2022.08.26-15.16.22:308][  0]LogMeshMerging: No distributed automatic mesh merging module available
[2022.08.26-15.16.22:318][  0]LogNetVersion: fpsgame 1.0.0, NetCL: 17155196, EngineNetVer: 17, GameNetVer: 0 (Checksum: 3215450660)
[2022.08.26-15.16.22:406][  0]LogTexture: Default maximum texture size for cubemaps generated from long-lat sources has been changed from 512 to unlimited. In order to preserve old behaiour for '/Engine/MapTemplates/Sky/DaylightAmbientCubemap.DaylightAmbientCubemap', its maximum texture size has been explicitly set to 512.
[2022.08.26-15.16.22:419][  0]LogHMD: PokeAHoleMaterial loaded successfully
[2022.08.26-15.16.22:479][  0]LogPython: Using Python 3.7.7
