Log file open, 11/09/22 19:29:35
LogWindows: Failed to load 'aqProf.dll' (GetLastError=126)
LogWindows: File 'aqProf.dll' does not exist
LogWindows: Failed to load 'VtuneApi.dll' (GetLastError=126)
LogWindows: File 'VtuneApi.dll' does not exist
LogWindows: Failed to load 'VtuneApi32e.dll' (GetLastError=126)
LogWindows: File 'VtuneApi32e.dll' does not exist
LogConsoleResponse: Display: Failed to find resolution value strings in scalability ini. Falling back to default.
LogConsoleResponse: Display: Failed to find resolution value strings in scalability ini. Falling back to default.
LogInit: Display: Running engine for game: fpsgame
LogPlatformFile: Not using cached read wrapper
LogTaskGraph: Started task graph with 5 named threads and 17 total threads with 3 sets of task threads.
LogStats: Stats thread started at 0.219200
LogICUInternationalization: ICU TimeZone Detection - Raw Offset: +0:00, Platform Override: ''
LogInit: Display: Loading text-based GConfig....
LogPluginManager: Mounting plugin MeshPainting
LogPluginManager: Mounting plugin XGEController
LogPluginManager: Mounting plugin Paper2D
LogPluginManager: Mounting plugin AISupport
LogPluginManager: Mounting plugin EnvironmentQueryEditor
LogPluginManager: Mounting plugin LiveLink
LogPluginManager: Mounting plugin LightPropagationVolume
LogPluginManager: Mounting plugin CameraShakePreviewer
LogPluginManager: Mounting plugin GameplayCameras
LogPluginManager: Mounting plugin OodleData
LogPluginManager: Mounting plugin OodleNetwork
LogPluginManager: Mounting plugin AnimationSharing
LogPluginManager: Mounting plugin CLionSourceCodeAccess
LogPluginManager: Mounting plugin CodeLiteSourceCodeAccess
LogPluginManager: Mounting plugin GitSourceControl
LogPluginManager: Mounting plugin KDevelopSourceCodeAccess
LogPluginManager: Mounting plugin NullSourceCodeAccess
LogPluginManager: Mounting plugin PerforceSourceControl
LogPluginManager: Mounting plugin PixWinPlugin
LogPluginManager: Mounting plugin PlasticSourceControl
LogPluginManager: Mounting plugin PluginUtils
LogPluginManager: Mounting plugin PropertyAccessNode
LogPluginManager: Mounting plugin RiderSourceCodeAccess
LogPluginManager: Mounting plugin SubversionSourceControl
LogPluginManager: Mounting plugin TextureFormatOodle
LogPluginManager: Mounting plugin UObjectPlugin
LogPluginManager: Mounting plugin VisualStudioCodeSourceCodeAccess
LogPluginManager: Mounting plugin VisualStudioSourceCodeAccess
LogPluginManager: Mounting plugin XCodeSourceCodeAccess
LogPluginManager: Mounting plugin AssetManagerEditor
LogPluginManager: Mounting plugin CryptoKeys
LogPluginManager: Mounting plugin CurveEditorTools
LogPluginManager: Mounting plugin DataValidation
LogPluginManager: Mounting plugin FacialAnimation
LogPluginManager: Mounting plugin GameplayTagsEditor
LogPluginManager: Mounting plugin GeometryMode
LogPluginManager: Mounting plugin MacGraphicsSwitching
LogPluginManager: Mounting plugin MaterialAnalyzer
LogPluginManager: Mounting plugin MobileLauncherProfileWizard
LogPluginManager: Mounting plugin PluginBrowser
LogPluginManager: Mounting plugin SpeedTreeImporter
LogPluginManager: Mounting plugin DatasmithContent
LogPluginManager: Mounting plugin VariantManagerContent
LogPluginManager: Mounting plugin AlembicImporter
LogPluginManager: Mounting plugin AutomationUtils
LogPluginManager: Mounting plugin BackChannel
LogPluginManager: Mounting plugin ChaosCloth
LogPluginManager: Mounting plugin ChaosClothEditor
LogPluginManager: Mounting plugin ChaosEditor
LogPluginManager: Mounting plugin ChaosNiagara
LogPluginManager: Mounting plugin ChaosSolverPlugin
LogPluginManager: Mounting plugin CharacterAI
LogPluginManager: Mounting plugin GeometryCache
LogPluginManager: Mounting plugin GeometryCollectionPlugin
LogPluginManager: Mounting plugin GeometryProcessing
LogPluginManager: Mounting plugin MotoSynth
LogPluginManager: Mounting plugin OpenImageDenoise
LogPluginManager: Mounting plugin PlanarCut
LogPluginManager: Mounting plugin PlatformCrypto
LogPluginManager: Mounting plugin ProxyLODPlugin
LogPluginManager: Mounting plugin PythonScriptPlugin
LogPluginManager: Mounting plugin SkeletalReduction
LogPluginManager: Mounting plugin Niagara
LogPluginManager: Mounting plugin LuminPlatformFeatures
LogPluginManager: Mounting plugin MagicLeap
LogPluginManager: Mounting plugin MagicLeapLightEstimation
LogPluginManager: Mounting plugin MagicLeapMedia
LogPluginManager: Mounting plugin MagicLeapPassableWorld
LogPluginManager: Mounting plugin MLSDK
LogPluginManager: Mounting plugin AndroidMedia
LogPluginManager: Mounting plugin AvfMedia
LogPluginManager: Mounting plugin ImgMedia
LogPluginManager: Mounting plugin MediaCompositing
LogPluginManager: Mounting plugin MediaPlayerEditor
LogPluginManager: Mounting plugin WebMMedia
LogPluginManager: Mounting plugin WmfMedia
LogPluginManager: Mounting plugin TcpMessaging
LogPluginManager: Mounting plugin UdpMessaging
LogPluginManager: Mounting plugin ActorSequence
LogPluginManager: Mounting plugin LevelSequenceEditor
LogPluginManager: Mounting plugin MatineeToLevelSequence
LogPluginManager: Mounting plugin TemplateSequence
LogPluginManager: Mounting plugin OnlineSubsystem
LogPluginManager: Mounting plugin OnlineSubsystemNull
LogPluginManager: Mounting plugin OnlineSubsystemUtils
LogPluginManager: Mounting plugin LauncherChunkInstaller
LogPluginManager: Mounting plugin ActorLayerUtilities
LogPluginManager: Mounting plugin AndroidDeviceProfileSelector
LogPluginManager: Mounting plugin AndroidMoviePlayer
LogPluginManager: Mounting plugin AndroidPermission
LogPluginManager: Mounting plugin AppleImageUtils
LogPluginManager: Mounting plugin AppleMoviePlayer
LogPluginManager: Mounting plugin ArchVisCharacter
LogPluginManager: Mounting plugin AssetTags
LogPluginManager: Mounting plugin AudioCapture
LogPluginManager: Mounting plugin AudioSynesthesia
LogPluginManager: Mounting plugin CableComponent
LogPluginManager: Mounting plugin ChunkDownloader
LogPluginManager: Mounting plugin CustomMeshComponent
LogPluginManager: Mounting plugin EditableMesh
LogPluginManager: Mounting plugin ExampleDeviceProfileSelector
LogPluginManager: Mounting plugin GoogleCloudMessaging
LogPluginManager: Mounting plugin GooglePAD
LogPluginManager: Mounting plugin IOSDeviceProfileSelector
LogPluginManager: Mounting plugin LinuxDeviceProfileSelector
LogPluginManager: Mounting plugin LocationServicesBPLibrary
LogPluginManager: Mounting plugin MobilePatchingUtils
LogPluginManager: Mounting plugin OpenXR
LogPluginManager: Mounting plugin OpenXREyeTracker
LogPluginManager: Mounting plugin OpenXRHandTracking
LogPluginManager: Mounting plugin PhysXVehicles
LogPluginManager: Mounting plugin PostSplashScreen
LogPluginManager: Mounting plugin ProceduralMeshComponent
LogPluginManager: Mounting plugin PropertyAccessEditor
LogPluginManager: Mounting plugin RuntimePhysXCooking
LogPluginManager: Mounting plugin SignificanceManager
LogPluginManager: Mounting plugin SoundFields
LogPluginManager: Mounting plugin Synthesis
LogPluginManager: Mounting plugin WebMMoviePlayer
LogPluginManager: Mounting plugin WindowsMoviePlayer
LogPluginManager: Mounting plugin ScreenshotTools
LogPluginManager: Mounting plugin Takes
LogPluginManager: Mounting plugin ContentBrowserAssetDataSource
LogPluginManager: Mounting plugin ContentBrowserClassDataSource
LogPluginManager: Mounting plugin ContentBrowserFileDataSource
LogPluginManager: Mounting plugin OnlineSubsystemGooglePlay
LogPluginManager: Mounting plugin OnlineSubsystemIOS
LogPluginManager: Mounting plugin OculusVR
LogPluginManager: Mounting plugin SteamVR
PixWinPlugin: PIX capture plugin failed to initialize! Check that the process is launched from PIX.
LogInit: Using libcurl 7.55.1-DEV
LogInit:  - built for x86_64-pc-win32
LogInit:  - supports SSL with OpenSSL/1.1.1
LogInit:  - supports HTTP deflate (compression) using libz 1.2.8
LogInit:  - other features:
LogInit:      CURL_VERSION_SSL
LogInit:      CURL_VERSION_LIBZ
LogInit:      CURL_VERSION_IPV6
LogInit:      CURL_VERSION_ASYNCHDNS
LogInit:      CURL_VERSION_LARGEFILE
LogInit:      CURL_VERSION_IDN
LogInit:  CurlRequestOptions (configurable via config and command line):
LogInit:  - bVerifyPeer = true  - Libcurl will verify peer certificate
LogInit:  - bUseHttpProxy = false  - Libcurl will NOT use HTTP proxy
LogInit:  - bDontReuseConnections = false  - Libcurl will reuse connections
LogInit:  - MaxHostConnections = 16  - Libcurl will limit the number of connections to a host
LogInit:  - LocalHostAddr = Default
LogInit:  - BufferSize = 65536
LogOnline: OSS: Creating online subsystem instance for: NULL
LogInit: WinSock: version 1.1 (2.2), MaxSocks=32767, MaxUdp=65467
LogOnline: OSS: TryLoadSubsystemAndSetDefault: Loaded subsystem for module [NULL]
LogInit: Build: ++UE4+Release-4.27-CL-18319896
LogInit: Engine Version: 4.27.2-18319896+++UE4+Release-4.27
LogInit: Compatible Engine Version: 4.27.0-17155196+++UE4+Release-4.27
LogInit: Net CL: 17155196
LogInit: OS: Windows 10 (Release 2009) (), CPU: AMD Ryzen 5 3600X 6-Core Processor             , GPU: AMD Radeon RX 5700 XT
LogInit: Compiled (64-bit): Nov 30 2021 07:12:08
LogInit: Compiled with Visual C++: 19.24.28315.00
LogInit: Build Configuration: Development
LogInit: Branch Name: ++UE4+Release-4.27
LogInit: Command Line:  /Game/Maps/TestMap -game -PIEVIACONSOLE -Multiprocess -server -log "GameUserSettingsINI=C:/Users/danie/Documents/Gamedev VR/game/UE4 game/fpsgame/Saved/Config/Windows/PIEGameUserSettings0.ini" -MultiprocessSaveConfig -forcepassthrough -messaging -SessionName="Play in Standalone Game" -port=17777 -PktLagMin=0 -PktLagMax=0 -PktLoss=0 -PktIncomingLagMin=0 -PktIncomingLagMax=0 -PktIncomingLoss=0 -windowed
LogInit: Base Directory: C:/Program Files/Epic Games/UE_4.27/Engine/Binaries/Win64/
LogInit: Allocator: TBB
LogInit: Installed Engine Build: 1
LogDevObjectVersion: Number of dev versions registered: 29
LogDevObjectVersion:   Dev-Blueprints (B0D832E4-1F89-4F0D-ACCF-7EB736FD4AA2): 10
LogDevObjectVersion:   Dev-Build (E1C64328-A22C-4D53-A36C-8E866417BD8C): 0
LogDevObjectVersion:   Dev-Core (375EC13C-06E4-48FB-B500-84F0262A717E): 4
LogDevObjectVersion:   Dev-Editor (E4B068ED-F494-42E9-A231-DA0B2E46BB41): 40
LogDevObjectVersion:   Dev-Framework (CFFC743F-43B0-4480-9391-14DF171D2073): 37
LogDevObjectVersion:   Dev-Mobile (B02B49B5-BB20-44E9-A304-32B752E40360): 3
LogDevObjectVersion:   Dev-Networking (A4E4105C-59A1-49B5-A7C5-40C4547EDFEE): 0
LogDevObjectVersion:   Dev-Online (39C831C9-5AE6-47DC-9A44-9C173E1C8E7C): 0
LogDevObjectVersion:   Dev-Physics (78F01B33-EBEA-4F98-B9B4-84EACCB95AA2): 14
LogDevObjectVersion:   Dev-Platform (6631380F-2D4D-43E0-8009-CF276956A95A): 0
LogDevObjectVersion:   Dev-Rendering (12F88B9F-8875-4AFC-A67C-D90C383ABD29): 45
LogDevObjectVersion:   Dev-Sequencer (7B5AE74C-D270-4C10-A958-57980B212A5A): 13
LogDevObjectVersion:   Dev-VR (D7296918-1DD6-4BDD-9DE2-64A83CC13884): 3
LogDevObjectVersion:   Dev-LoadTimes (C2A15278-BFE7-4AFE-6C17-90FF531DF755): 1
LogDevObjectVersion:   Private-Geometry (6EACA3D4-40EC-4CC1-B786-8BED09428FC5): 3
LogDevObjectVersion:   Dev-AnimPhys (29E575DD-E0A3-4627-9D10-D276232CDCEA): 17
LogDevObjectVersion:   Dev-Anim (AF43A65D-7FD3-4947-9873-3E8ED9C1BB05): 15
LogDevObjectVersion:   Dev-ReflectionCapture (6B266CEC-1EC7-4B8F-A30B-E4D90942FC07): 1
LogDevObjectVersion:   Dev-Automation (0DF73D61-A23F-47EA-B727-89E90C41499A): 1
LogDevObjectVersion:   FortniteMain (601D1886-AC64-4F84-AA16-D3DE0DEAC7D6): 47
LogDevObjectVersion:   FortniteRelease (E7086368-6B23-4C58-8439-1B7016265E91): 1
LogDevObjectVersion:   Dev-Enterprise (9DFFBCD6-494F-0158-E221-12823C92A888): 10
LogDevObjectVersion:   Dev-Niagara (F2AED0AC-9AFE-416F-8664-AA7FFA26D6FC): 1
LogDevObjectVersion:   Dev-Destruction (174F1F0B-B4C6-45A5-B13F-2EE8D0FB917D): 10
LogDevObjectVersion:   Dev-Physics-Ext (35F94A83-E258-406C-A318-09F59610247C): 41
LogDevObjectVersion:   Dev-PhysicsMaterial-Chaos (B68FC16E-8B1B-42E2-B453-215C058844FE): 1
LogDevObjectVersion:   Dev-CineCamera (B2E18506-4273-CFC2-A54E-F4BB758BBA07): 1
LogDevObjectVersion:   Dev-VirtualProduction (64F58936-FD1B-42BA-BA96-7289D5D0FA4E): 1
LogDevObjectVersion:   Dev-MediaFramework (6F0ED827-A609-4895-9C91-998D90180EA4): 2
LogInit: Presizing for max 25165824 objects, including 0 objects not considered by GC, pre-allocating 0 bytes for permanent pool.
LogConfig: Applying CVar settings from Section [/Script/Engine.StreamingSettings] File [C:/Users/danie/Documents/Gamedev VR/game/UE4 game/fpsgame/Saved/Config/Windows/Engine.ini]
LogConfig: Setting CVar [[s.MinBulkDataSizeForAsyncLoading:131072]]
LogConfig: Setting CVar [[s.AsyncLoadingThreadEnabled:0]]
LogConfig: Setting CVar [[s.EventDrivenLoaderEnabled:1]]
LogConfig: Setting CVar [[s.WarnIfTimeLimitExceeded:0]]
LogConfig: Setting CVar [[s.TimeLimitExceededMultiplier:1.5]]
LogConfig: Setting CVar [[s.TimeLimitExceededMinTime:0.005]]
LogConfig: Setting CVar [[s.UseBackgroundLevelStreaming:1]]
LogConfig: Setting CVar [[s.PriorityAsyncLoadingExtraTime:15.0]]
LogConfig: Setting CVar [[s.LevelStreamingActorsUpdateTimeLimit:5.0]]
LogConfig: Setting CVar [[s.PriorityLevelStreamingActorsUpdateExtraTime:5.0]]
LogConfig: Setting CVar [[s.LevelStreamingComponentsRegistrationGranularity:10]]
LogConfig: Setting CVar [[s.UnregisterComponentsTimeLimit:1.0]]
LogConfig: Setting CVar [[s.LevelStreamingComponentsUnregistrationGranularity:5]]
LogConfig: Setting CVar [[s.FlushStreamingOnExit:1]]
LogInit: Object subsystem initialized
LogConfig: Setting CVar [[con.DebugEarlyDefault:1]]
LogConfig: Setting CVar [[r.setres:1280x720]]
[2022.11.09-19.29.35:911][  0]LogConfig: Setting CVar [[con.DebugEarlyDefault:1]]
[2022.11.09-19.29.35:912][  0]LogConfig: Setting CVar [[r.setres:1280x720]]
[2022.11.09-19.29.35:912][  0]LogConfig: Applying CVar settings from Section [/Script/Engine.RendererSettings] File [C:/Users/danie/Documents/Gamedev VR/game/UE4 game/fpsgame/Saved/Config/Windows/Engine.ini]
[2022.11.09-19.29.35:912][  0]LogConfig: Setting CVar [[r.GPUCrashDebugging:0]]
[2022.11.09-19.29.35:912][  0]LogConfig: Setting CVar [[r.Mobile.DisableVertexFog:1]]
[2022.11.09-19.29.35:913][  0]LogConfig: Setting CVar [[r.Shadow.CSM.MaxMobileCascades:2]]
[2022.11.09-19.29.35:913][  0]LogConfig: Setting CVar [[r.MobileMSAA:1]]
[2022.11.09-19.29.35:913][  0]LogConfig: Setting CVar [[r.Mobile.AllowDitheredLODTransition:0]]
[2022.11.09-19.29.35:913][  0]LogConfig: Setting CVar [[r.Mobile.AllowSoftwareOcclusion:0]]
[2022.11.09-19.29.35:914][  0]LogConfig: Setting CVar [[r.Mobile.VirtualTextures:0]]
[2022.11.09-19.29.35:914][  0]LogConfig: Setting CVar [[r.DiscardUnusedQuality:0]]
[2022.11.09-19.29.35:914][  0]LogConfig: Setting CVar [[r.AllowOcclusionQueries:1]]
[2022.11.09-19.29.35:914][  0]LogConfig: Setting CVar [[r.MinScreenRadiusForLights:0.030000]]
[2022.11.09-19.29.35:915][  0]LogConfig: Setting CVar [[r.MinScreenRadiusForDepthPrepass:0.030000]]
[2022.11.09-19.29.35:915][  0]LogConfig: Setting CVar [[r.MinScreenRadiusForCSMDepth:0.010000]]
[2022.11.09-19.29.35:915][  0]LogConfig: Setting CVar [[r.PrecomputedVisibilityWarning:0]]
[2022.11.09-19.29.35:916][  0]LogConfig: Setting CVar [[r.TextureStreaming:1]]
[2022.11.09-19.29.35:918][  0]LogConfig: Setting CVar [[Compat.UseDXT5NormalMaps:0]]
[2022.11.09-19.29.35:918][  0]LogConfig: Setting CVar [[r.VirtualTextures:0]]
[2022.11.09-19.29.35:918][  0]LogConfig: Setting CVar [[r.VT.EnableAutoImport:1]]
[2022.11.09-19.29.35:919][  0]LogConfig: Setting CVar [[r.VirtualTexturedLightmaps:0]]
[2022.11.09-19.29.35:919][  0]LogConfig: Setting CVar [[r.VT.TileSize:128]]
[2022.11.09-19.29.35:919][  0]LogConfig: Setting CVar [[r.VT.TileBorderSize:4]]
[2022.11.09-19.29.35:919][  0]LogConfig: Setting CVar [[r.vt.FeedbackFactor:16]]
[2022.11.09-19.29.35:920][  0]LogConfig: Setting CVar [[r.VT.EnableCompressZlib:1]]
[2022.11.09-19.29.35:920][  0]LogConfig: Setting CVar [[r.VT.EnableCompressCrunch:0]]
[2022.11.09-19.29.35:920][  0]LogConfig: Setting CVar [[r.ClearCoatNormal:0]]
[2022.11.09-19.29.35:920][  0]LogConfig: Setting CVar [[r.ReflectionCaptureResolution:128]]
[2022.11.09-19.29.35:920][  0]LogConfig: Setting CVar [[r.Mobile.ReflectionCaptureCompression:0]]
[2022.11.09-19.29.35:921][  0]LogConfig: Setting CVar [[r.ReflectionEnvironmentLightmapMixBasedOnRoughness:1]]
[2022.11.09-19.29.35:921][  0]LogConfig: Setting CVar [[r.ForwardShading:0]]
[2022.11.09-19.29.35:921][  0]LogConfig: Setting CVar [[r.VertexFoggingForOpaque:1]]
[2022.11.09-19.29.35:921][  0]LogConfig: Setting CVar [[r.AllowStaticLighting:1]]
[2022.11.09-19.29.35:922][  0]LogConfig: Setting CVar [[r.NormalMapsForStaticLighting:0]]
[2022.11.09-19.29.35:922][  0]LogConfig: Setting CVar [[r.GenerateMeshDistanceFields:0]]
[2022.11.09-19.29.35:922][  0]LogConfig: Setting CVar [[r.DistanceFieldBuild.EightBit:0]]
[2022.11.09-19.29.35:922][  0]LogConfig: Setting CVar [[r.GenerateLandscapeGIData:0]]
[2022.11.09-19.29.35:923][  0]LogConfig: Setting CVar [[r.DistanceFieldBuild.Compress:0]]
[2022.11.09-19.29.35:923][  0]LogConfig: Setting CVar [[r.TessellationAdaptivePixelsPerTriangle:48.000000]]
[2022.11.09-19.29.35:923][  0]LogConfig: Setting CVar [[r.SeparateTranslucency:1]]
[2022.11.09-19.29.35:923][  0]LogConfig: Setting CVar [[r.TranslucentSortPolicy:0]]
[2022.11.09-19.29.35:924][  0]LogConfig: Setting CVar [[vr.VRS.HMDFixedFoveationLevel:0]]
[2022.11.09-19.29.35:924][  0]LogConfig: Setting CVar [[r.CustomDepth:1]]
[2022.11.09-19.29.35:924][  0]LogConfig: Setting CVar [[r.CustomDepthTemporalAAJitter:1]]
[2022.11.09-19.29.35:924][  0]LogConfig: Setting CVar [[r.PostProcessing.PropagateAlpha:0]]
[2022.11.09-19.29.35:925][  0]LogConfig: Setting CVar [[r.DefaultFeature.Bloom:1]]
[2022.11.09-19.29.35:925][  0]LogConfig: Setting CVar [[r.DefaultFeature.AmbientOcclusion:1]]
[2022.11.09-19.29.35:925][  0]LogConfig: Setting CVar [[r.DefaultFeature.AmbientOcclusionStaticFraction:1]]
[2022.11.09-19.29.35:925][  0]LogConfig: Setting CVar [[r.DefaultFeature.AutoExposure:0]]
[2022.11.09-19.29.35:926][  0]LogConfig: Setting CVar [[r.DefaultFeature.AutoExposure.Method:0]]
[2022.11.09-19.29.35:926][  0]LogConfig: Setting CVar [[r.DefaultFeature.AutoExposure.Bias:1.000000]]
[2022.11.09-19.29.35:926][  0]LogConfig: Setting CVar [[r.DefaultFeature.AutoExposure.ExtendDefaultLuminanceRange:0]]
[2022.11.09-19.29.35:926][  0]LogConfig: Setting CVar [[r.UsePreExposure:1]]
[2022.11.09-19.29.35:927][  0]LogConfig: Setting CVar [[r.EyeAdaptation.EditorOnly:0]]
[2022.11.09-19.29.35:927][  0]LogConfig: Setting CVar [[r.DefaultFeature.MotionBlur:0]]
[2022.11.09-19.29.35:927][  0]LogConfig: Setting CVar [[r.DefaultFeature.LensFlare:0]]
[2022.11.09-19.29.35:928][  0]LogConfig: Setting CVar [[r.TemporalAA.Upsampling:0]]
[2022.11.09-19.29.35:928][  0]LogConfig: Setting CVar [[r.SSGI.Enable:0]]
[2022.11.09-19.29.35:928][  0]LogConfig: Setting CVar [[r.DefaultFeature.AntiAliasing:0]]
[2022.11.09-19.29.35:929][  0]LogConfig: Setting CVar [[r.DefaultFeature.LightUnits:1]]
[2022.11.09-19.29.35:929][  0]LogConfig: Setting CVar [[r.DefaultBackBufferPixelFormat:4]]
[2022.11.09-19.29.35:929][  0]LogConfig: Setting CVar [[r.Shadow.UnbuiltPreviewInGame:1]]
[2022.11.09-19.29.35:929][  0]LogConfig: Setting CVar [[r.StencilForLODDither:0]]
[2022.11.09-19.29.35:930][  0]LogConfig: Setting CVar [[r.EarlyZPass:3]]
[2022.11.09-19.29.35:930][  0]LogConfig: Setting CVar [[r.EarlyZPassOnlyMaterialMasking:0]]
[2022.11.09-19.29.35:930][  0]LogConfig: Setting CVar [[r.DBuffer:1]]
[2022.11.09-19.29.35:930][  0]LogConfig: Setting CVar [[r.ClearSceneMethod:1]]
[2022.11.09-19.29.35:931][  0]LogConfig: Setting CVar [[r.BasePassOutputsVelocity:0]]
[2022.11.09-19.29.35:931][  0]LogConfig: Setting CVar [[r.VertexDeformationOutputsVelocity:0]]
[2022.11.09-19.29.35:931][  0]LogConfig: Setting CVar [[r.SelectiveBasePassOutputs:0]]
[2022.11.09-19.29.35:931][  0]LogConfig: Setting CVar [[fx.GPUSimulationTextureSizeX:1024]]
[2022.11.09-19.29.35:932][  0]LogConfig: Setting CVar [[fx.GPUSimulationTextureSizeY:1024]]
[2022.11.09-19.29.35:934][  0]LogConfig: Setting CVar [[r.AllowGlobalClipPlane:0]]
[2022.11.09-19.29.35:934][  0]LogConfig: Setting CVar [[r.GBufferFormat:1]]
[2022.11.09-19.29.35:935][  0]LogConfig: Setting CVar [[r.MorphTarget.Mode:1]]
[2022.11.09-19.29.35:935][  0]LogConfig: Setting CVar [[vr.InstancedStereo:0]]
[2022.11.09-19.29.35:935][  0]LogConfig: Setting CVar [[r.MobileHDR:1]]
[2022.11.09-19.29.35:935][  0]LogConfig: Setting CVar [[vr.MobileMultiView:0]]
[2022.11.09-19.29.35:936][  0]LogConfig: Setting CVar [[r.Mobile.UseHWsRGBEncoding:0]]
[2022.11.09-19.29.35:936][  0]LogConfig: Setting CVar [[vr.RoundRobinOcclusion:0]]
[2022.11.09-19.29.35:936][  0]LogConfig: Setting CVar [[vr.ODSCapture:0]]
[2022.11.09-19.29.35:936][  0]LogConfig: Setting CVar [[r.MeshStreaming:0]]
[2022.11.09-19.29.35:936][  0]LogConfig: Setting CVar [[r.WireframeCullThreshold:5.000000]]
[2022.11.09-19.29.35:937][  0]LogConfig: Setting CVar [[r.RayTracing:0]]
[2022.11.09-19.29.35:937][  0]LogConfig: Setting CVar [[r.RayTracing.UseTextureLod:0]]
[2022.11.09-19.29.35:937][  0]LogConfig: Setting CVar [[r.SupportStationarySkylight:1]]
[2022.11.09-19.29.35:937][  0]LogConfig: Setting CVar [[r.SupportLowQualityLightmaps:1]]
[2022.11.09-19.29.35:938][  0]LogConfig: Setting CVar [[r.SupportPointLightWholeSceneShadows:1]]
[2022.11.09-19.29.35:938][  0]LogConfig: Setting CVar [[r.SupportAtmosphericFog:1]]
[2022.11.09-19.29.35:938][  0]LogConfig: Setting CVar [[r.SupportSkyAtmosphere:1]]
[2022.11.09-19.29.35:938][  0]LogConfig: Setting CVar [[r.SupportSkyAtmosphereAffectsHeightFog:0]]
[2022.11.09-19.29.35:939][  0]LogConfig: Setting CVar [[r.SkinCache.CompileShaders:0]]
[2022.11.09-19.29.35:939][  0]LogConfig: Setting CVar [[r.SkinCache.DefaultBehavior:1]]
[2022.11.09-19.29.35:939][  0]LogConfig: Setting CVar [[r.SkinCache.SceneMemoryLimitInMB:128.000000]]
[2022.11.09-19.29.35:940][  0]LogConfig: Setting CVar [[r.Mobile.EnableStaticAndCSMShadowReceivers:1]]
[2022.11.09-19.29.35:940][  0]LogConfig: Setting CVar [[r.Mobile.EnableMovableLightCSMShaderCulling:1]]
[2022.11.09-19.29.35:940][  0]LogConfig: Setting CVar [[r.Mobile.AllowDistanceFieldShadows:1]]
[2022.11.09-19.29.35:940][  0]LogConfig: Setting CVar [[r.Mobile.AllowMovableDirectionalLights:1]]
[2022.11.09-19.29.35:941][  0]LogConfig: Setting CVar [[r.MobileNumDynamicPointLights:4]]
[2022.11.09-19.29.35:941][  0]LogConfig: Setting CVar [[r.MobileDynamicPointLightsUseStaticBranch:1]]
[2022.11.09-19.29.35:941][  0]LogConfig: Setting CVar [[r.Mobile.EnableMovableSpotlights:0]]
[2022.11.09-19.29.35:941][  0]LogConfig: Setting CVar [[r.Mobile.EnableMovableSpotlightsShadow:0]]
[2022.11.09-19.29.35:942][  0]LogConfig: Setting CVar [[r.GPUSkin.Support16BitBoneIndex:0]]
[2022.11.09-19.29.35:942][  0]LogConfig: Setting CVar [[r.GPUSkin.Limit2BoneInfluences:0]]
[2022.11.09-19.29.35:942][  0]LogConfig: Setting CVar [[r.SupportDepthOnlyIndexBuffers:1]]
[2022.11.09-19.29.35:942][  0]LogConfig: Setting CVar [[r.SupportReversedIndexBuffers:1]]
[2022.11.09-19.29.35:943][  0]LogConfig: Setting CVar [[r.LightPropagationVolume:0]]
[2022.11.09-19.29.35:943][  0]LogConfig: Setting CVar [[r.Mobile.AmbientOcclusion:0]]
[2022.11.09-19.29.35:944][  0]LogConfig: Setting CVar [[r.GPUSkin.UnlimitedBoneInfluences:0]]
[2022.11.09-19.29.35:944][  0]LogConfig: Setting CVar [[r.GPUSkin.UnlimitedBoneInfluencesThreshold:8]]
[2022.11.09-19.29.35:944][  0]LogConfig: Setting CVar [[r.Mobile.PlanarReflectionMode:0]]
[2022.11.09-19.29.35:944][  0]LogConfig: Setting CVar [[r.Mobile.SupportsGen4TAA:0]]
[2022.11.09-19.29.35:945][  0]LogConfig: Applying CVar settings from Section [/Script/Engine.RendererOverrideSettings] File [C:/Users/danie/Documents/Gamedev VR/game/UE4 game/fpsgame/Saved/Config/Windows/Engine.ini]
[2022.11.09-19.29.35:945][  0]LogConfig: Applying CVar settings from Section [/Script/Engine.StreamingSettings] File [C:/Users/danie/Documents/Gamedev VR/game/UE4 game/fpsgame/Saved/Config/Windows/Engine.ini]
[2022.11.09-19.29.35:945][  0]LogConfig: Setting CVar [[s.MinBulkDataSizeForAsyncLoading:131072]]
[2022.11.09-19.29.35:945][  0]LogConfig: Setting CVar [[s.AsyncLoadingThreadEnabled:0]]
[2022.11.09-19.29.35:946][  0]LogConfig: Setting CVar [[s.EventDrivenLoaderEnabled:1]]
[2022.11.09-19.29.35:946][  0]LogConfig: Setting CVar [[s.WarnIfTimeLimitExceeded:0]]
[2022.11.09-19.29.35:946][  0]LogConfig: Setting CVar [[s.TimeLimitExceededMultiplier:1.5]]
[2022.11.09-19.29.35:947][  0]LogConfig: Setting CVar [[s.TimeLimitExceededMinTime:0.005]]
[2022.11.09-19.29.35:947][  0]LogConfig: Setting CVar [[s.UseBackgroundLevelStreaming:1]]
[2022.11.09-19.29.35:947][  0]LogConfig: Setting CVar [[s.PriorityAsyncLoadingExtraTime:15.0]]
[2022.11.09-19.29.35:947][  0]LogConfig: Setting CVar [[s.LevelStreamingActorsUpdateTimeLimit:5.0]]
[2022.11.09-19.29.35:948][  0]LogConfig: Setting CVar [[s.PriorityLevelStreamingActorsUpdateExtraTime:5.0]]
[2022.11.09-19.29.35:950][  0]LogConfig: Setting CVar [[s.LevelStreamingComponentsRegistrationGranularity:10]]
[2022.11.09-19.29.35:950][  0]LogConfig: Setting CVar [[s.UnregisterComponentsTimeLimit:1.0]]
[2022.11.09-19.29.35:950][  0]LogConfig: Setting CVar [[s.LevelStreamingComponentsUnregistrationGranularity:5]]
[2022.11.09-19.29.35:950][  0]LogConfig: Setting CVar [[s.FlushStreamingOnExit:1]]
[2022.11.09-19.29.35:951][  0]LogConfig: Applying CVar settings from Section [/Script/Engine.GarbageCollectionSettings] File [C:/Users/danie/Documents/Gamedev VR/game/UE4 game/fpsgame/Saved/Config/Windows/Engine.ini]
[2022.11.09-19.29.35:951][  0]LogConfig: Setting CVar [[gc.MaxObjectsNotConsideredByGC:1]]
[2022.11.09-19.29.35:951][  0]LogConfig: Setting CVar [[gc.SizeOfPermanentObjectPool:0]]
[2022.11.09-19.29.35:951][  0]LogConfig: Setting CVar [[gc.FlushStreamingOnGC:0]]
[2022.11.09-19.29.35:952][  0]LogConfig: Setting CVar [[gc.NumRetriesBeforeForcingGC:10]]
[2022.11.09-19.29.35:952][  0]LogConfig: Setting CVar [[gc.AllowParallelGC:1]]
[2022.11.09-19.29.35:952][  0]LogConfig: Setting CVar [[gc.TimeBetweenPurgingPendingKillObjects:61.1]]
[2022.11.09-19.29.35:952][  0]LogConfig: Setting CVar [[gc.MaxObjectsInEditor:25165824]]
[2022.11.09-19.29.35:953][  0]LogConfig: Setting CVar [[gc.IncrementalBeginDestroyEnabled:1]]
[2022.11.09-19.29.35:953][  0]LogConfig: Setting CVar [[gc.CreateGCClusters:1]]
[2022.11.09-19.29.35:953][  0]LogConfig: Setting CVar [[gc.MinGCClusterSize:5]]
[2022.11.09-19.29.35:953][  0]LogConfig: Setting CVar [[gc.ActorClusteringEnabled:0]]
[2022.11.09-19.29.35:954][  0]LogConfig: Setting CVar [[gc.BlueprintClusteringEnabled:0]]
[2022.11.09-19.29.35:954][  0]LogConfig: Setting CVar [[gc.UseDisregardForGCOnDedicatedServers:0]]
[2022.11.09-19.29.35:954][  0]LogConfig: Setting CVar [[gc.MultithreadedDestructionEnabled:1]]
[2022.11.09-19.29.35:954][  0]LogConfig: Applying CVar settings from Section [/Script/Engine.NetworkSettings] File [C:/Users/danie/Documents/Gamedev VR/game/UE4 game/fpsgame/Saved/Config/Windows/Engine.ini]
[2022.11.09-19.29.35:955][  0]LogConfig: Applying CVar settings from Section [/Script/UnrealEd.CookerSettings] File [C:/Users/danie/Documents/Gamedev VR/game/UE4 game/fpsgame/Saved/Config/Windows/Engine.ini]
[2022.11.09-19.29.35:955][  0]LogConfig: Applying CVar settings from Section [ViewDistanceQuality@3] File [C:/Users/danie/Documents/Gamedev VR/game/UE4 game/fpsgame/Saved/Config/Windows/Scalability.ini]
[2022.11.09-19.29.35:955][  0]LogConfig: Setting CVar [[r.SkeletalMeshLODBias:0]]
[2022.11.09-19.29.35:956][  0]LogConfig: Setting CVar [[r.ViewDistanceScale:1.0]]
[2022.11.09-19.29.35:956][  0]LogConfig: Applying CVar settings from Section [AntiAliasingQuality@3] File [C:/Users/danie/Documents/Gamedev VR/game/UE4 game/fpsgame/Saved/Config/Windows/Scalability.ini]
[2022.11.09-19.29.35:956][  0]LogConfig: Setting CVar [[r.PostProcessAAQuality:4]]
[2022.11.09-19.29.35:956][  0]LogConfig: Applying CVar settings from Section [ShadowQuality@3] File [C:/Users/danie/Documents/Gamedev VR/game/UE4 game/fpsgame/Saved/Config/Windows/Scalability.ini]
[2022.11.09-19.29.35:957][  0]LogConfig: Setting CVar [[r.LightFunctionQuality:1]]
[2022.11.09-19.29.35:957][  0]LogConfig: Setting CVar [[r.ShadowQuality:5]]
[2022.11.09-19.29.35:957][  0]LogConfig: Setting CVar [[r.Shadow.CSM.MaxCascades:10]]
[2022.11.09-19.29.35:957][  0]LogConfig: Setting CVar [[r.Shadow.MaxResolution:2048]]
[2022.11.09-19.29.35:958][  0]LogConfig: Setting CVar [[r.Shadow.MaxCSMResolution:2048]]
[2022.11.09-19.29.35:958][  0]LogConfig: Setting CVar [[r.Shadow.RadiusThreshold:0.01]]
[2022.11.09-19.29.35:958][  0]LogConfig: Setting CVar [[r.Shadow.DistanceScale:1.0]]
[2022.11.09-19.29.35:958][  0]LogConfig: Setting CVar [[r.Shadow.CSM.TransitionScale:1.0]]
[2022.11.09-19.29.35:959][  0]LogConfig: Setting CVar [[r.Shadow.PreShadowResolutionFactor:1.0]]
[2022.11.09-19.29.35:959][  0]LogConfig: Setting CVar [[r.DistanceFieldShadowing:1]]
[2022.11.09-19.29.35:959][  0]LogConfig: Setting CVar [[r.DistanceFieldAO:1]]
[2022.11.09-19.29.35:959][  0]LogConfig: Setting CVar [[r.AOQuality:2]]
[2022.11.09-19.29.35:960][  0]LogConfig: Setting CVar [[r.VolumetricFog:1]]
[2022.11.09-19.29.35:960][  0]LogConfig: Setting CVar [[r.VolumetricFog.GridPixelSize:8]]
[2022.11.09-19.29.35:961][  0]LogConfig: Setting CVar [[r.VolumetricFog.GridSizeZ:128]]
[2022.11.09-19.29.35:961][  0]LogConfig: Setting CVar [[r.VolumetricFog.HistoryMissSupersampleCount:4]]
[2022.11.09-19.29.35:961][  0]LogConfig: Setting CVar [[r.LightMaxDrawDistanceScale:1]]
[2022.11.09-19.29.35:962][  0]LogConfig: Setting CVar [[r.CapsuleShadows:1]]
[2022.11.09-19.29.35:962][  0]LogConfig: Applying CVar settings from Section [PostProcessQuality@3] File [C:/Users/danie/Documents/Gamedev VR/game/UE4 game/fpsgame/Saved/Config/Windows/Scalability.ini]
[2022.11.09-19.29.35:962][  0]LogConfig: Setting CVar [[r.MotionBlurQuality:4]]
[2022.11.09-19.29.35:962][  0]LogConfig: Setting CVar [[r.AmbientOcclusionMipLevelFactor:0.4]]
[2022.11.09-19.29.35:963][  0]LogConfig: Setting CVar [[r.AmbientOcclusionMaxQuality:100]]
[2022.11.09-19.29.35:963][  0]LogConfig: Setting CVar [[r.AmbientOcclusionLevels:-1]]
[2022.11.09-19.29.35:963][  0]LogConfig: Setting CVar [[r.AmbientOcclusionRadiusScale:1.0]]
[2022.11.09-19.29.35:963][  0]LogConfig: Setting CVar [[r.DepthOfFieldQuality:2]]
[2022.11.09-19.29.35:964][  0]LogConfig: Setting CVar [[r.RenderTargetPoolMin:400]]
[2022.11.09-19.29.35:966][  0]LogConfig: Setting CVar [[r.LensFlareQuality:2]]
[2022.11.09-19.29.35:966][  0]LogConfig: Setting CVar [[r.SceneColorFringeQuality:1]]
[2022.11.09-19.29.35:966][  0]LogConfig: Setting CVar [[r.EyeAdaptationQuality:2]]
[2022.11.09-19.29.35:967][  0]LogConfig: Setting CVar [[r.BloomQuality:5]]
[2022.11.09-19.29.35:967][  0]LogConfig: Setting CVar [[r.FastBlurThreshold:100]]
[2022.11.09-19.29.35:967][  0]LogConfig: Setting CVar [[r.Upscale.Quality:3]]
[2022.11.09-19.29.35:967][  0]LogConfig: Setting CVar [[r.Tonemapper.GrainQuantization:1]]
[2022.11.09-19.29.35:968][  0]LogConfig: Setting CVar [[r.LightShaftQuality:1]]
[2022.11.09-19.29.35:968][  0]LogConfig: Setting CVar [[r.Filter.SizeScale:1]]
[2022.11.09-19.29.35:968][  0]LogConfig: Setting CVar [[r.Tonemapper.Quality:5]]
[2022.11.09-19.29.35:968][  0]LogConfig: Setting CVar [[r.DOF.Gather.AccumulatorQuality:1        ; higher gathering accumulator quality]]
[2022.11.09-19.29.35:969][  0]LogConfig: Setting CVar [[r.DOF.Gather.PostfilterMethod:1          ; Median3x3 postfilering method]]
[2022.11.09-19.29.35:969][  0]LogConfig: Setting CVar [[r.DOF.Gather.EnableBokehSettings:0       ; no bokeh simulation when gathering]]
[2022.11.09-19.29.35:969][  0]LogConfig: Setting CVar [[r.DOF.Gather.RingCount:4                 ; medium number of samples when gathering]]
[2022.11.09-19.29.35:969][  0]LogConfig: Setting CVar [[r.DOF.Scatter.ForegroundCompositing:1    ; additive foreground scattering]]
[2022.11.09-19.29.35:970][  0]LogConfig: Setting CVar [[r.DOF.Scatter.BackgroundCompositing:2    ; additive background scattering]]
[2022.11.09-19.29.35:970][  0]LogConfig: Setting CVar [[r.DOF.Scatter.EnableBokehSettings:1      ; bokeh simulation when scattering]]
[2022.11.09-19.29.35:970][  0]LogConfig: Setting CVar [[r.DOF.Scatter.MaxSpriteRatio:0.1         ; only a maximum of 10% of scattered bokeh]]
[2022.11.09-19.29.35:970][  0]LogConfig: Setting CVar [[r.DOF.Recombine.Quality:1                ; cheap slight out of focus]]
[2022.11.09-19.29.35:971][  0]LogConfig: Setting CVar [[r.DOF.Recombine.EnableBokehSettings:0    ; no bokeh simulation on slight out of focus]]
[2022.11.09-19.29.35:971][  0]LogConfig: Setting CVar [[r.DOF.TemporalAAQuality:1                ; more stable temporal accumulation]]
[2022.11.09-19.29.35:971][  0]LogConfig: Setting CVar [[r.DOF.Kernel.MaxForegroundRadius:0.025]]
[2022.11.09-19.29.35:971][  0]LogConfig: Setting CVar [[r.DOF.Kernel.MaxBackgroundRadius:0.025]]
[2022.11.09-19.29.35:972][  0]LogConfig: Applying CVar settings from Section [TextureQuality@3] File [C:/Users/danie/Documents/Gamedev VR/game/UE4 game/fpsgame/Saved/Config/Windows/Scalability.ini]
[2022.11.09-19.29.35:972][  0]LogConfig: Setting CVar [[r.Streaming.MipBias:0]]
[2022.11.09-19.29.35:972][  0]LogConfig: Setting CVar [[r.Streaming.AmortizeCPUToGPUCopy:0]]
[2022.11.09-19.29.35:972][  0]LogConfig: Setting CVar [[r.Streaming.MaxNumTexturesToStreamPerFrame:0]]
[2022.11.09-19.29.35:973][  0]LogConfig: Setting CVar [[r.Streaming.Boost:1]]
[2022.11.09-19.29.35:973][  0]LogConfig: Setting CVar [[r.MaxAnisotropy:8]]
[2022.11.09-19.29.35:973][  0]LogConfig: Setting CVar [[r.VT.MaxAnisotropy:8]]
[2022.11.09-19.29.35:973][  0]LogConfig: Setting CVar [[r.Streaming.LimitPoolSizeToVRAM:0]]
[2022.11.09-19.29.35:974][  0]LogConfig: Setting CVar [[r.Streaming.PoolSize:1000]]
[2022.11.09-19.29.35:974][  0]LogConfig: Setting CVar [[r.Streaming.MaxEffectiveScreenSize:0]]
[2022.11.09-19.29.35:974][  0]LogConfig: Applying CVar settings from Section [EffectsQuality@3] File [C:/Users/danie/Documents/Gamedev VR/game/UE4 game/fpsgame/Saved/Config/Windows/Scalability.ini]
[2022.11.09-19.29.35:974][  0]LogConfig: Setting CVar [[r.TranslucencyLightingVolumeDim:64]]
[2022.11.09-19.29.35:975][  0]LogConfig: Setting CVar [[r.RefractionQuality:2]]
[2022.11.09-19.29.35:975][  0]LogConfig: Setting CVar [[r.SSR.Quality:3]]
[2022.11.09-19.29.35:975][  0]LogConfig: Setting CVar [[r.SSR.HalfResSceneColor:0]]
[2022.11.09-19.29.35:975][  0]LogConfig: Setting CVar [[r.SceneColorFormat:4]]
[2022.11.09-19.29.35:976][  0]LogConfig: Setting CVar [[r.DetailMode:2]]
[2022.11.09-19.29.35:977][  0]LogConfig: Setting CVar [[r.TranslucencyVolumeBlur:1]]
[2022.11.09-19.29.35:977][  0]LogConfig: Setting CVar [[r.MaterialQualityLevel:1 ; High quality]]
[2022.11.09-19.29.35:978][  0]LogConfig: Setting CVar [[r.AnisotropicMaterials:1]]
[2022.11.09-19.29.35:978][  0]LogConfig: Setting CVar [[r.SSS.Scale:1]]
[2022.11.09-19.29.35:978][  0]LogConfig: Setting CVar [[r.SSS.SampleSet:2]]
[2022.11.09-19.29.35:978][  0]LogConfig: Setting CVar [[r.SSS.Quality:1]]
[2022.11.09-19.29.35:979][  0]LogConfig: Setting CVar [[r.SSS.HalfRes:0]]
[2022.11.09-19.29.35:979][  0]LogConfig: Setting CVar [[r.SSGI.Quality:3]]
[2022.11.09-19.29.35:980][  0]LogConfig: Setting CVar [[r.EmitterSpawnRateScale:1.0]]
[2022.11.09-19.29.35:982][  0]LogConfig: Setting CVar [[r.ParticleLightQuality:2]]
[2022.11.09-19.29.35:982][  0]LogConfig: Setting CVar [[r.SkyAtmosphere.AerialPerspectiveLUT.FastApplyOnOpaque:1 ; Always have FastSkyLUT 1 in this case to avoid wrong sky]]
[2022.11.09-19.29.35:983][  0]LogConfig: Setting CVar [[r.SkyAtmosphere.AerialPerspectiveLUT.SampleCountMaxPerSlice:4]]
[2022.11.09-19.29.35:983][  0]LogConfig: Setting CVar [[r.SkyAtmosphere.AerialPerspectiveLUT.DepthResolution:16.0]]
[2022.11.09-19.29.35:983][  0]LogConfig: Setting CVar [[r.SkyAtmosphere.FastSkyLUT:1]]
[2022.11.09-19.29.35:983][  0]LogConfig: Setting CVar [[r.SkyAtmosphere.FastSkyLUT.SampleCountMin:4.0]]
[2022.11.09-19.29.35:984][  0]LogConfig: Setting CVar [[r.SkyAtmosphere.FastSkyLUT.SampleCountMax:128.0]]
[2022.11.09-19.29.35:984][  0]LogConfig: Setting CVar [[r.SkyAtmosphere.SampleCountMin:4.0]]
[2022.11.09-19.29.35:984][  0]LogConfig: Setting CVar [[r.SkyAtmosphere.SampleCountMax:128.0]]
[2022.11.09-19.29.35:984][  0]LogConfig: Setting CVar [[r.SkyAtmosphere.TransmittanceLUT.UseSmallFormat:0]]
[2022.11.09-19.29.35:985][  0]LogConfig: Setting CVar [[r.SkyAtmosphere.TransmittanceLUT.SampleCount:10.0]]
[2022.11.09-19.29.35:985][  0]LogConfig: Setting CVar [[r.SkyAtmosphere.MultiScatteringLUT.SampleCount:15.0]]
[2022.11.09-19.29.35:985][  0]LogConfig: Setting CVar [[r.SkyLight.RealTimeReflectionCapture:1]]
[2022.11.09-19.29.35:986][  0]LogConfig: Applying CVar settings from Section [FoliageQuality@3] File [C:/Users/danie/Documents/Gamedev VR/game/UE4 game/fpsgame/Saved/Config/Windows/Scalability.ini]
[2022.11.09-19.29.35:986][  0]LogConfig: Setting CVar [[foliage.DensityScale:1.0]]
[2022.11.09-19.29.35:986][  0]LogConfig: Setting CVar [[grass.DensityScale:1.0]]
[2022.11.09-19.29.35:986][  0]LogConfig: Applying CVar settings from Section [ShadingQuality@3] File [C:/Users/danie/Documents/Gamedev VR/game/UE4 game/fpsgame/Saved/Config/Windows/Scalability.ini]
[2022.11.09-19.29.35:987][  0]LogConfig: Setting CVar [[r.HairStrands.SkyLighting.IntegrationType:2]]
[2022.11.09-19.29.35:987][  0]LogConfig: Setting CVar [[r.HairStrands.SkyAO.SampleCount:4]]
[2022.11.09-19.29.35:987][  0]LogConfig: Setting CVar [[r.HairStrands.Visibility.MSAA.SamplePerPixel:4]]
[2022.11.09-19.29.35:987][  0]LogInit: Selected Device Profile: [Windows]
[2022.11.09-19.29.35:988][  0]LogInit: Applying CVar settings loaded from the selected device profile: [Windows]
[2022.11.09-19.29.35:988][  0]LogHAL: Display: Platform has ~ 16 GB [17128247296 / 17179869184 / 16], which maps to Larger [LargestMinGB=32, LargerMinGB=12, DefaultMinGB=8, SmallerMinGB=6, SmallestMinGB=0)
[2022.11.09-19.29.35:988][  0]LogInit: Going up to parent DeviceProfile []
[2022.11.09-19.29.35:988][  0]LogConfig: Applying CVar settings from Section [ViewDistanceQuality@3] File [C:/Users/danie/Documents/Gamedev VR/game/UE4 game/fpsgame/Saved/Config/Windows/Scalability.ini]
[2022.11.09-19.29.35:989][  0]LogConfig: Setting CVar [[r.SkeletalMeshLODBias:0]]
[2022.11.09-19.29.35:989][  0]LogConfig: Setting CVar [[r.ViewDistanceScale:1.0]]
[2022.11.09-19.29.35:989][  0]LogConfig: Applying CVar settings from Section [AntiAliasingQuality@3] File [C:/Users/danie/Documents/Gamedev VR/game/UE4 game/fpsgame/Saved/Config/Windows/Scalability.ini]
[2022.11.09-19.29.35:990][  0]LogConfig: Setting CVar [[r.PostProcessAAQuality:4]]
[2022.11.09-19.29.35:990][  0]LogConfig: Applying CVar settings from Section [ShadowQuality@3] File [C:/Users/danie/Documents/Gamedev VR/game/UE4 game/fpsgame/Saved/Config/Windows/Scalability.ini]
[2022.11.09-19.29.35:990][  0]LogConfig: Setting CVar [[r.LightFunctionQuality:1]]
[2022.11.09-19.29.35:990][  0]LogConfig: Setting CVar [[r.ShadowQuality:5]]
[2022.11.09-19.29.35:991][  0]LogConfig: Setting CVar [[r.Shadow.CSM.MaxCascades:10]]
[2022.11.09-19.29.35:991][  0]LogConfig: Setting CVar [[r.Shadow.MaxResolution:2048]]
[2022.11.09-19.29.35:991][  0]LogConfig: Setting CVar [[r.Shadow.MaxCSMResolution:2048]]
[2022.11.09-19.29.35:991][  0]LogConfig: Setting CVar [[r.Shadow.RadiusThreshold:0.01]]
[2022.11.09-19.29.35:992][  0]LogConfig: Setting CVar [[r.Shadow.DistanceScale:1.0]]
[2022.11.09-19.29.35:992][  0]LogConfig: Setting CVar [[r.Shadow.CSM.TransitionScale:1.0]]
[2022.11.09-19.29.35:992][  0]LogConfig: Setting CVar [[r.Shadow.PreShadowResolutionFactor:1.0]]
[2022.11.09-19.29.35:992][  0]LogConfig: Setting CVar [[r.DistanceFieldShadowing:1]]
[2022.11.09-19.29.35:992][  0]LogConfig: Setting CVar [[r.DistanceFieldAO:1]]
[2022.11.09-19.29.35:993][  0]LogConfig: Setting CVar [[r.AOQuality:2]]
[2022.11.09-19.29.35:993][  0]LogConfig: Setting CVar [[r.VolumetricFog:1]]
[2022.11.09-19.29.35:993][  0]LogConfig: Setting CVar [[r.VolumetricFog.GridPixelSize:8]]
[2022.11.09-19.29.35:994][  0]LogConfig: Setting CVar [[r.VolumetricFog.GridSizeZ:128]]
[2022.11.09-19.29.35:994][  0]LogConfig: Setting CVar [[r.VolumetricFog.HistoryMissSupersampleCount:4]]
[2022.11.09-19.29.35:994][  0]LogConfig: Setting CVar [[r.LightMaxDrawDistanceScale:1]]
[2022.11.09-19.29.35:995][  0]LogConfig: Setting CVar [[r.CapsuleShadows:1]]
[2022.11.09-19.29.35:995][  0]LogConfig: Applying CVar settings from Section [PostProcessQuality@3] File [C:/Users/danie/Documents/Gamedev VR/game/UE4 game/fpsgame/Saved/Config/Windows/Scalability.ini]
[2022.11.09-19.29.35:995][  0]LogConfig: Setting CVar [[r.MotionBlurQuality:4]]
[2022.11.09-19.29.35:996][  0]LogConfig: Setting CVar [[r.AmbientOcclusionMipLevelFactor:0.4]]
[2022.11.09-19.29.35:998][  0]LogConfig: Setting CVar [[r.AmbientOcclusionMaxQuality:100]]
[2022.11.09-19.29.35:998][  0]LogConfig: Setting CVar [[r.AmbientOcclusionLevels:-1]]
[2022.11.09-19.29.35:999][  0]LogConfig: Setting CVar [[r.AmbientOcclusionRadiusScale:1.0]]
[2022.11.09-19.29.35:999][  0]LogConfig: Setting CVar [[r.DepthOfFieldQuality:2]]
[2022.11.09-19.29.35:999][  0]LogConfig: Setting CVar [[r.RenderTargetPoolMin:400]]
[2022.11.09-19.29.35:999][  0]LogConfig: Setting CVar [[r.LensFlareQuality:2]]
[2022.11.09-19.29.36:000][  0]LogConfig: Setting CVar [[r.SceneColorFringeQuality:1]]
[2022.11.09-19.29.36:000][  0]LogConfig: Setting CVar [[r.EyeAdaptationQuality:2]]
[2022.11.09-19.29.36:000][  0]LogConfig: Setting CVar [[r.BloomQuality:5]]
[2022.11.09-19.29.36:000][  0]LogConfig: Setting CVar [[r.FastBlurThreshold:100]]
[2022.11.09-19.29.36:001][  0]LogConfig: Setting CVar [[r.Upscale.Quality:3]]
[2022.11.09-19.29.36:001][  0]LogConfig: Setting CVar [[r.Tonemapper.GrainQuantization:1]]
[2022.11.09-19.29.36:001][  0]LogConfig: Setting CVar [[r.LightShaftQuality:1]]
[2022.11.09-19.29.36:001][  0]LogConfig: Setting CVar [[r.Filter.SizeScale:1]]
[2022.11.09-19.29.36:002][  0]LogConfig: Setting CVar [[r.Tonemapper.Quality:5]]
[2022.11.09-19.29.36:002][  0]LogConfig: Setting CVar [[r.DOF.Gather.AccumulatorQuality:1        ; higher gathering accumulator quality]]
[2022.11.09-19.29.36:002][  0]LogConfig: Setting CVar [[r.DOF.Gather.PostfilterMethod:1          ; Median3x3 postfilering method]]
[2022.11.09-19.29.36:002][  0]LogConfig: Setting CVar [[r.DOF.Gather.EnableBokehSettings:0       ; no bokeh simulation when gathering]]
[2022.11.09-19.29.36:002][  0]LogConfig: Setting CVar [[r.DOF.Gather.RingCount:4                 ; medium number of samples when gathering]]
[2022.11.09-19.29.36:003][  0]LogConfig: Setting CVar [[r.DOF.Scatter.ForegroundCompositing:1    ; additive foreground scattering]]
[2022.11.09-19.29.36:003][  0]LogConfig: Setting CVar [[r.DOF.Scatter.BackgroundCompositing:2    ; additive background scattering]]
[2022.11.09-19.29.36:003][  0]LogConfig: Setting CVar [[r.DOF.Scatter.EnableBokehSettings:1      ; bokeh simulation when scattering]]
[2022.11.09-19.29.36:004][  0]LogConfig: Setting CVar [[r.DOF.Scatter.MaxSpriteRatio:0.1         ; only a maximum of 10% of scattered bokeh]]
[2022.11.09-19.29.36:004][  0]LogConfig: Setting CVar [[r.DOF.Recombine.Quality:1                ; cheap slight out of focus]]
[2022.11.09-19.29.36:004][  0]LogConfig: Setting CVar [[r.DOF.Recombine.EnableBokehSettings:0    ; no bokeh simulation on slight out of focus]]
[2022.11.09-19.29.36:005][  0]LogConfig: Setting CVar [[r.DOF.TemporalAAQuality:1                ; more stable temporal accumulation]]
[2022.11.09-19.29.36:005][  0]LogConfig: Setting CVar [[r.DOF.Kernel.MaxForegroundRadius:0.025]]
[2022.11.09-19.29.36:005][  0]LogConfig: Setting CVar [[r.DOF.Kernel.MaxBackgroundRadius:0.025]]
[2022.11.09-19.29.36:005][  0]LogConfig: Applying CVar settings from Section [TextureQuality@3] File [C:/Users/danie/Documents/Gamedev VR/game/UE4 game/fpsgame/Saved/Config/Windows/Scalability.ini]
[2022.11.09-19.29.36:006][  0]LogConfig: Setting CVar [[r.Streaming.MipBias:0]]
[2022.11.09-19.29.36:006][  0]LogConfig: Setting CVar [[r.Streaming.AmortizeCPUToGPUCopy:0]]
[2022.11.09-19.29.36:006][  0]LogConfig: Setting CVar [[r.Streaming.MaxNumTexturesToStreamPerFrame:0]]
[2022.11.09-19.29.36:006][  0]LogConfig: Setting CVar [[r.Streaming.Boost:1]]
[2022.11.09-19.29.36:007][  0]LogConfig: Setting CVar [[r.MaxAnisotropy:8]]
[2022.11.09-19.29.36:007][  0]LogConfig: Setting CVar [[r.VT.MaxAnisotropy:8]]
[2022.11.09-19.29.36:007][  0]LogConfig: Setting CVar [[r.Streaming.LimitPoolSizeToVRAM:0]]
[2022.11.09-19.29.36:007][  0]LogConfig: Setting CVar [[r.Streaming.PoolSize:1000]]
[2022.11.09-19.29.36:008][  0]LogConfig: Setting CVar [[r.Streaming.MaxEffectiveScreenSize:0]]
[2022.11.09-19.29.36:008][  0]LogConfig: Applying CVar settings from Section [EffectsQuality@3] File [C:/Users/danie/Documents/Gamedev VR/game/UE4 game/fpsgame/Saved/Config/Windows/Scalability.ini]
[2022.11.09-19.29.36:008][  0]LogConfig: Setting CVar [[r.TranslucencyLightingVolumeDim:64]]
[2022.11.09-19.29.36:009][  0]LogConfig: Setting CVar [[r.RefractionQuality:2]]
[2022.11.09-19.29.36:009][  0]LogConfig: Setting CVar [[r.SSR.Quality:3]]
[2022.11.09-19.29.36:009][  0]LogConfig: Setting CVar [[r.SSR.HalfResSceneColor:0]]
[2022.11.09-19.29.36:009][  0]LogConfig: Setting CVar [[r.SceneColorFormat:4]]
[2022.11.09-19.29.36:010][  0]LogConfig: Setting CVar [[r.DetailMode:2]]
[2022.11.09-19.29.36:011][  0]LogConfig: Setting CVar [[r.TranslucencyVolumeBlur:1]]
[2022.11.09-19.29.36:011][  0]LogConfig: Setting CVar [[r.MaterialQualityLevel:1 ; High quality]]
[2022.11.09-19.29.36:011][  0]LogConfig: Setting CVar [[r.AnisotropicMaterials:1]]
[2022.11.09-19.29.36:011][  0]LogConfig: Setting CVar [[r.SSS.Scale:1]]
[2022.11.09-19.29.36:012][  0]LogConfig: Setting CVar [[r.SSS.SampleSet:2]]
[2022.11.09-19.29.36:014][  0]LogConfig: Setting CVar [[r.SSS.Quality:1]]
[2022.11.09-19.29.36:014][  0]LogConfig: Setting CVar [[r.SSS.HalfRes:0]]
[2022.11.09-19.29.36:014][  0]LogConfig: Setting CVar [[r.SSGI.Quality:3]]
[2022.11.09-19.29.36:015][  0]LogConfig: Setting CVar [[r.EmitterSpawnRateScale:1.0]]
[2022.11.09-19.29.36:015][  0]LogConfig: Setting CVar [[r.ParticleLightQuality:2]]
[2022.11.09-19.29.36:015][  0]LogConfig: Setting CVar [[r.SkyAtmosphere.AerialPerspectiveLUT.FastApplyOnOpaque:1 ; Always have FastSkyLUT 1 in this case to avoid wrong sky]]
[2022.11.09-19.29.36:016][  0]LogConfig: Setting CVar [[r.SkyAtmosphere.AerialPerspectiveLUT.SampleCountMaxPerSlice:4]]
[2022.11.09-19.29.36:016][  0]LogConfig: Setting CVar [[r.SkyAtmosphere.AerialPerspectiveLUT.DepthResolution:16.0]]
[2022.11.09-19.29.36:016][  0]LogConfig: Setting CVar [[r.SkyAtmosphere.FastSkyLUT:1]]
[2022.11.09-19.29.36:016][  0]LogConfig: Setting CVar [[r.SkyAtmosphere.FastSkyLUT.SampleCountMin:4.0]]
[2022.11.09-19.29.36:017][  0]LogConfig: Setting CVar [[r.SkyAtmosphere.FastSkyLUT.SampleCountMax:128.0]]
[2022.11.09-19.29.36:017][  0]LogConfig: Setting CVar [[r.SkyAtmosphere.SampleCountMin:4.0]]
[2022.11.09-19.29.36:017][  0]LogConfig: Setting CVar [[r.SkyAtmosphere.SampleCountMax:128.0]]
[2022.11.09-19.29.36:017][  0]LogConfig: Setting CVar [[r.SkyAtmosphere.TransmittanceLUT.UseSmallFormat:0]]
[2022.11.09-19.29.36:017][  0]LogConfig: Setting CVar [[r.SkyAtmosphere.TransmittanceLUT.SampleCount:10.0]]
[2022.11.09-19.29.36:018][  0]LogConfig: Setting CVar [[r.SkyAtmosphere.MultiScatteringLUT.SampleCount:15.0]]
[2022.11.09-19.29.36:018][  0]LogConfig: Setting CVar [[r.SkyLight.RealTimeReflectionCapture:1]]
[2022.11.09-19.29.36:018][  0]LogConfig: Applying CVar settings from Section [FoliageQuality@3] File [C:/Users/danie/Documents/Gamedev VR/game/UE4 game/fpsgame/Saved/Config/Windows/Scalability.ini]
[2022.11.09-19.29.36:019][  0]LogConfig: Setting CVar [[foliage.DensityScale:1.0]]
[2022.11.09-19.29.36:019][  0]LogConfig: Setting CVar [[grass.DensityScale:1.0]]
[2022.11.09-19.29.36:019][  0]LogConfig: Applying CVar settings from Section [ShadingQuality@3] File [C:/Users/danie/Documents/Gamedev VR/game/UE4 game/fpsgame/Saved/Config/Windows/Scalability.ini]
[2022.11.09-19.29.36:019][  0]LogConfig: Setting CVar [[r.HairStrands.SkyLighting.IntegrationType:2]]
[2022.11.09-19.29.36:020][  0]LogConfig: Setting CVar [[r.HairStrands.SkyAO.SampleCount:4]]
[2022.11.09-19.29.36:020][  0]LogConfig: Setting CVar [[r.HairStrands.Visibility.MSAA.SamplePerPixel:4]]
[2022.11.09-19.29.36:020][  0]LogConfig: Applying CVar settings from Section [Startup] File [../../../Engine/Config/ConsoleVariables.ini]
[2022.11.09-19.29.36:021][  0]LogConfig: Setting CVar [[net.UseAdaptiveNetUpdateFrequency:0]]
[2022.11.09-19.29.36:021][  0]LogConfig: Setting CVar [[p.chaos.AllowCreatePhysxBodies:1]]
[2022.11.09-19.29.36:022][  0]LogConfig: Setting CVar [[fx.SkipVectorVMBackendOptimizations:1]]
[2022.11.09-19.29.36:022][  0]LogConfig: Applying CVar settings from Section [ConsoleVariables] File [C:/Users/danie/Documents/Gamedev VR/game/UE4 game/fpsgame/Saved/Config/Windows/Engine.ini]
[2022.11.09-19.29.36:022][  0]LogConfig: Applying CVar settings from Section [ConsoleVariables] File [C:/Users/danie/Documents/Gamedev VR/game/UE4 game/fpsgame/Saved/Config/Windows/Editor.ini]
[2022.11.09-19.29.36:022][  0]LogInit: Computer: DESKTOP-QG36584
[2022.11.09-19.29.36:023][  0]LogInit: User: danie
[2022.11.09-19.29.36:023][  0]LogInit: CPU Page size=4096, Cores=6
[2022.11.09-19.29.36:023][  0]LogInit: High frequency timer resolution =10.000000 MHz
[2022.11.09-19.29.36:024][  0]LogMemory: Memory total: Physical=16.0GB (16GB approx)
[2022.11.09-19.29.36:024][  0]LogMemory: Platform Memory Stats for Windows
[2022.11.09-19.29.36:024][  0]LogMemory: Process Physical Memory: 137.28 MB used, 137.29 MB peak
[2022.11.09-19.29.36:025][  0]LogMemory: Process Virtual Memory: 119.32 MB used, 119.32 MB peak
[2022.11.09-19.29.36:025][  0]LogMemory: Physical Memory: 9901.72 MB used,  6433.05 MB free, 16334.77 MB total
[2022.11.09-19.29.36:025][  0]LogMemory: Virtual Memory: 134214064.00 MB used,  3660.86 MB free, 134217728.00 MB total
[2022.11.09-19.29.36:028][  0]LogWindows: WindowsPlatformFeatures disabled or dedicated server build
[2022.11.09-19.29.36:039][  0]LogInit: Physics initialised using underlying interface: PhysX
[2022.11.09-19.29.36:039][  0]LogInit: Using OS detected language (en-US).
[2022.11.09-19.29.36:039][  0]LogInit: Using OS detected locale (en-GB).
[2022.11.09-19.29.36:042][  0]LogTextLocalizationManager: No specific localization for 'en-US' exists, so the 'en' localization will be used.
[2022.11.09-19.29.36:455][  0]LogTargetPlatformManager: Display: Loaded TargetPlatform 'WindowsNoEditor'
[2022.11.09-19.29.36:458][  0]LogTargetPlatformManager: Display: Loaded TargetPlatform 'Windows'
[2022.11.09-19.29.36:461][  0]LogTargetPlatformManager: Display: Loaded TargetPlatform 'WindowsClient'
[2022.11.09-19.29.36:464][  0]LogTargetPlatformManager: Display: Loaded TargetPlatform 'WindowsServer'
[2022.11.09-19.29.36:464][  0]LogTargetPlatformManager: Display: Building Assets For Windows
[2022.11.09-19.29.36:468][  0]LogAudioDebug: Display: Lib vorbis DLL was dynamically loaded.
[2022.11.09-19.29.36:482][  0]LogTextureFormatOodle: Display: Oodle Texture 2.9.0 init RDO Off
[2022.11.09-19.29.36:493][  0]LogRendererCore: Ray tracing is disabled. Reason: r.RayTracing=0.
[2022.11.09-19.29.36:493][  0]LogShaderCompilers: Guid format shader working directory is -27 characters bigger than the processId version (../../../../../../Users/danie/Documents/Gamedev VR/game/UE4 game/fpsgame/Intermediate/Shaders/WorkingDirectory/18748/).
[2022.11.09-19.29.36:494][  0]LogShaderCompilers: Cleaned the shader compiler working directory 'C:/Users/danie/AppData/Local/Temp/UnrealShaderWorkingDir/BC170E8E4894D525FAD33EBF7E5F125A/'.
[2022.11.09-19.29.36:494][  0]LogXGEController: Cannot use XGE Controller as Incredibuild is not installed on this machine.
[2022.11.09-19.29.36:495][  0]LogShaderCompilers: Cannot use XGE Shader Compiler as Incredibuild is not installed on this machine.
[2022.11.09-19.29.36:495][  0]LogShaderCompilers: Display: Using Local Shader Compiler.
[2022.11.09-19.29.36:935][  0]LogDerivedDataCache: Display: Max Cache Size: 512 MB
[2022.11.09-19.29.36:983][  0]LogDerivedDataCache: Loaded boot cache 0.05s 94MB C:/Users/danie/AppData/Local/UnrealEngine/4.27/DerivedDataCache/Boot.ddc.
[2022.11.09-19.29.36:983][  0]LogDerivedDataCache: Display: Loaded Boot cache: C:/Users/danie/AppData/Local/UnrealEngine/4.27/DerivedDataCache/Boot.ddc
[2022.11.09-19.29.36:984][  0]LogDerivedDataCache: FDerivedDataBackendGraph:  Pak pak cache file ../../../../../../Users/danie/Documents/Gamedev VR/game/UE4 game/fpsgame/DerivedDataCache/DDC.ddp not found, will not use a pak cache.
[2022.11.09-19.29.36:985][  0]LogDerivedDataCache: Unable to find inner node Pak for hierarchical cache Hierarchy.
[2022.11.09-19.29.36:985][  0]LogDerivedDataCache: FDerivedDataBackendGraph:  CompressedPak pak cache file ../../../../../../Users/danie/Documents/Gamedev VR/game/UE4 game/fpsgame/DerivedDataCache/Compressed.ddp not found, will not use a pak cache.
[2022.11.09-19.29.36:985][  0]LogDerivedDataCache: Unable to find inner node CompressedPak for hierarchical cache Hierarchy.
[2022.11.09-19.29.37:002][  0]LogDerivedDataCache: Display: Pak cache opened for reading ../../../Engine/DerivedDataCache/Compressed.ddp.
[2022.11.09-19.29.37:002][  0]LogDerivedDataCache: FDerivedDataBackendGraph:  EnterprisePak pak cache file ../../../Enterprise/DerivedDataCache/Compressed.ddp not found, will not use a pak cache.
[2022.11.09-19.29.37:002][  0]LogDerivedDataCache: Unable to find inner node EnterprisePak for hierarchical cache Hierarchy.
[2022.11.09-19.29.37:011][  0]LogDerivedDataCache: Speed tests for C:/Users/danie/AppData/Local/UnrealEngine/Common/DerivedDataCache took 0.01 seconds
[2022.11.09-19.29.37:011][  0]LogDerivedDataCache: Display: Performance to C:/Users/danie/AppData/Local/UnrealEngine/Common/DerivedDataCache: Latency=0.03ms. RandomReadSpeed=383.19MBs, RandomWriteSpeed=163.81MBs. Assigned SpeedClass 'Local'
[2022.11.09-19.29.37:012][  0]LogDerivedDataCache: Using Local data cache path C:/Users/danie/AppData/Local/UnrealEngine/Common/DerivedDataCache: Writable
[2022.11.09-19.29.37:012][  0]LogDerivedDataCache: Shared data cache path not found in *engine.ini, will not use an Shared cache.
[2022.11.09-19.29.37:013][  0]LogDerivedDataCache: Unable to find inner node Shared for hierarchical cache Hierarchy.
[2022.11.09-19.29.37:014][  0]LogInit: Using OS detected language (en-US).
[2022.11.09-19.29.37:014][  0]LogInit: Using OS detected locale (en-GB).
[2022.11.09-19.29.37:015][  0]LogTextLocalizationManager: No localization for 'en-US' exists, so 'en' will be used for the language.
[2022.11.09-19.29.37:015][  0]LogTextLocalizationManager: No localization for 'en-GB' exists, so 'en' will be used for the locale.
[2022.11.09-19.29.37:018][  0]LogTextLocalizationManager: Compacting localization data took   0.01ms
[2022.11.09-19.29.37:018][  0]LogAssetRegistry: FAssetRegistry took 0.0022 seconds to start up
[2022.11.09-19.29.37:159][  0]LogPackageLocalizationCache: Processed 27 localized package path(s) for 1 prioritized culture(s) in 0.000969 seconds
[2022.11.09-19.29.37:235][  0]LogInit: Selected Device Profile: [Windows]
[2022.11.09-19.29.37:235][  0]LogInit: Active device profile: [0000017DBE09C500][0000017DBD65D880 49] Windows
[2022.11.09-19.29.37:236][  0]LogInit: Profiles: [0000017DBE09C500][0000017DBD65D880 49] Windows, [0000017DBE09B600][0000017DBD66BB40 49] WindowsNoEditor, [0000017DBE098100][0000017DBD660240 49] WindowsServer, [0000017DBE09F000][0000017DBD66E4C0 49] WindowsClient, [0000017DBE09C200][0000017DBD676780 49] IOS, [0000017DBE0B7D00][0000017DBD67AA40 49] iPadAir, [0000017DBE09FA00][0000017DBD67ED00 49] iPadAir2, [0000017DBE03C200][0000017DBD699240 49] IPadPro, [0000017DBE037F00][0000017DBD683280 49] iPadAir3, [0000017DBE099000][0000017DBD691540 49] iPadAir4, [0000017DBE034500][0000017DBD68D800 49] iPadMini2, [0000017DBE098200][0000017DBD695AC0 49] iPadMini3, [0000017DBE035200][0000017DBD6A2200 49] iPadMini4, [0000017DBE09B800][0000017DBD672480 49] iPadMini5, [0000017DBE0B5600][0000017DBD6BA980 49] iPhone6, [0000017DBE0B5700][0000017DBD6A69C0 49] iPodTouch6, [0000017DBE036100][0000017DBD6C2F00 49] iPhone7, [0000017DBE036200][0000017DBD6B2F40 49] iPodTouch7, [0000017DBE0B6600][0000017DBD6B7200 49] iPhone5S, [0000017DBE037100][0000017DBD6AF4C0 49] iPhone6Plus, [0000017DBE0B7B00][0000017DBD6BF780 49] iPhone6S, [0000017DBE036B00][0000017DBD6C7A40 49] iPhone6SPlus, [0000017DBE0B4A00][0000017DBD6CA180 49] iPhone7Plus, [0000017DBE036F00][0000017DBD6CE440 49] iPhoneSE, [0000017DBE0B5000][0000017DBD6AA6C0 49] iPhone8, [0000017DBE037C00][0000017DBD6D2940 49] iPhone8Plus, [0000017DBE0B7200][0000017DBD6DAC00 49] iPhoneX, [0000017DBE036C00][0000017DBD6DEEC0 49] iPhoneXS, [0000017DBE0B6B00][0000017DBD6E3180 49] iPhoneXSMax, [0000017DBE036900][0000017DBD6E7440 49] iPhoneXR, [0000017DBE0B6F00][0000017DBD6EB700 49] iPhone11, [0000017DBE034A00][0000017DBD6EF9C0 49] iPhone11Pro, [0000017DBE0B7E00][0000017DBD6F2100 49] iPhone11ProMax, [0000017DBE035400][0000017DBD6F63C0 49] iPhoneSE2, [0000017DBE0B7F00][0000017DBD6FA680 49] iPhone12Mini, [0000017DBE037D00][0000017DBD6D6900 49] iPhone12, [0000017DBE0B5200][0000017DBD6FEB80 49] iPhone12Pro, [0000017DBE037500][0000017DBD706E40 49] iPhone12ProMax, [0000017DBE0B4200][0000017DBD70B100 49] iPadPro105, [0000017DBE035A00][0000017DBD70F3C0 49] iPadPro129, [0000017DBE0B4D00][0000017DBD713680 49] iPadPro97, [0000017DBE034900][0000017DBD717940 49] iPadPro2_129, [0000017DBE0B5A00][0000017DBD71BC00 49] iPad5, [0000017DBE035C00][0000017DBD71E340 49] iPad6, [0000017DBE0B7900][0000017DBD722600 49] iPad7, [0000017DBE036600][0000017DBD7268C0 49] iPad8, [0000017DBE0B7000][0000017DBD702B40 49] iPadPro11, [0000017DBE035500][0000017DBD72ADC0 49] iPadPro2_11, [0000017DBE0B6100][0000017DBD733080 49] iPadPro3_129, [0000017DBE035D00][0000017DBD737340 49] iPadPro4_129, [0000017DBE0B6400][0000017DBD73B600 49] AppleTV, [0000017DBE036E00][0000017DBD73F8C0 49] AppleTV4K, [0000017DBE0B4500][0000017DBD743B80 49] TVOS, [0000017DBE037A00][0000017DBD7462C0 49] Mac, [0000017DBE0B6900][0000017DBD74A580 49] MacClient, [0000017DBE035700][0000017DBD74E840 49] MacNoEditor, [0000017DBE0B5100][0000017DBD752B00 49] MacServer, [0000017DBE037B00][0000017DBD72ED80 49] Linux, [0000017DBE0B4600][0000017DBD757000 49] LinuxAArch64, [0000017DBE034400][0000017DBD75F2C0 49] LinuxNoEditor, [0000017DBE0B6200][0000017DBD763580 49] LinuxAArch64NoEditor, [0000017DBE09C100][0000017DBD767840 49] LinuxClient, [0000017DBE03C700][0000017DBD76BB00 49] LinuxAArch64Client, [0000017DBE09D900][0000017DBD76E240 49] LinuxServer, [0000017DBE03CA00][0000017DBD772500 49] LinuxAArch64Server, [0000017DBE09ED00][0000017DBD7767C0 49] Android, [0000017DBE03D400][0000017DBD77AA80 49] Android_Low, [0000017DBE09D100][0000017DBD77ED40 49] Android_Mid, [0000017DBE03CE00][0000017DBD75AFC0 49] Android_High, [0000017DBE09C800][0000017DBD783240 49] Android_Default, [0000017DBE03E600][0000017DBD78B500 49] Android_Adreno4xx, [0000017DBE09D400][0000017DBCF817C0 49] Android_Adreno5xx_Low, [0000017DBE03E400][0000017DBCF85A80 49] Android_Adreno5xx, [0000017DBE09C700][0000017DBCF881C0 49] Android_Adreno6xx, [0000017DBE03EC00][0000017DBCF8C480 49] Android_Adreno6xx_Vulkan, [0000017DBE09FB00][0000017DBCF90740 49] Android_Mali_T6xx, [0000017DBE03C500][0000017DBCF94A00 49] Android_Mali_T7xx, [0000017DBE09C300][0000017DBCF98CC0 49] Android_Mali_T8xx, [0000017DBE03F000][0000017DBCF9CF80 49] Android_Mali_G71, [0000017DBE09E900][0000017DBD787200 49] Android_Mali_G72, [0000017DBE03E500][0000017DBCFA54C0 49] Android_Mali_G72_Vulkan, [0000017DBE09DB00][0000017DBCFA9780 49] Android_Mali_G76, [0000017DBE03F100][0000017DBCFADA40 49] Android_Mali_G76_Vulkan, [0000017DBE09DE00][0000017DBCFB0180 49] Android_Mali_G77, [0000017DBE03FB00][0000017DBCFB4440 49] Android_Mali_G77_Vulkan, [0000017DBE09FC00][0000017DBCFB8700 49] Android_Mali_G78, [0000017DBE03FF00][0000017DBCFBC9C0 49] Android_Mali_G78_Vulkan, [0000017DBE09E400][0000017DBCFC0C80 49] Android_Mali_G710, [0000017DBE03D300][0000017DBCFC4F40 49] Android_Mali_G710_Vulkan, [0000017DBE09F100][0000017DBCFA11C0 49] Android_Vulkan_SM5, [0000017DBE036400][0000017DBCFC9440 49] Android_PowerVR_G6xxx, [0000017DBE09DD00][0000017DBCFD1700 49] Android_PowerVR_GT7xxx, [0000017DBE034100][0000017DBCFD59C0 49] Android_PowerVR_GE8xxx, [0000017DBE09F200][0000017DBCFD8100 49] Android_PowerVR_GM9xxx, [0000017DBE034300][0000017DBCFDC3C0 49] Android_PowerVR_GM9xxx_Vulkan, [0000017DBE09F300][0000017DBCFE0680 49] Android_TegraK1, [0000017DBE035600][0000017DBCFE4940 49] Android_Unknown_Vulkan, [0000017DBE09E000][0000017DBCFE8C00 49] Lumin, [0000017DBE034B00][0000017DBCFECEC0 49] Lumin_Desktop, [0000017DBE09CD00][0000017DBCFF1180 49] HoloLens, 
[2022.11.09-19.29.37:254][  0]LogMeshReduction: Using QuadricMeshReduction for automatic static mesh reduction
[2022.11.09-19.29.37:254][  0]LogMeshReduction: Using SimplygonMeshReduction for automatic skeletal mesh reduction
[2022.11.09-19.29.37:254][  0]LogMeshReduction: Using ProxyLODMeshReduction for automatic mesh merging
[2022.11.09-19.29.37:255][  0]LogMeshReduction: No distributed automatic mesh merging module available
[2022.11.09-19.29.37:255][  0]LogMeshMerging: No distributed automatic mesh merging module available
[2022.11.09-19.29.37:265][  0]LogNetVersion: fpsgame 1.0.0, NetCL: 17155196, EngineNetVer: 17, GameNetVer: 0 (Checksum: 3215450660)
[2022.11.09-19.29.37:348][  0]LogTexture: Default maximum texture size for cubemaps generated from long-lat sources has been changed from 512 to unlimited. In order to preserve old behaiour for '/Engine/MapTemplates/Sky/DaylightAmbientCubemap.DaylightAmbientCubemap', its maximum texture size has been explicitly set to 512.
[2022.11.09-19.29.37:361][  0]LogHMD: PokeAHoleMaterial loaded successfully
[2022.11.09-19.29.37:420][  0]LogPython: Using Python 3.7.7
[2022.11.09-19.29.37:793][  0]LogNiagaraDebuggerClient: Niagara Debugger Client Initialized | Session: EA5F9EBD42FC2ABB4CC382823A70E349 | Instance: E15750AF465E435866D51E8EE7CF41AE (DESKTOP-QG36584-18748).
[2022.11.09-19.29.37:807][  0]LogCollectionManager: Loaded 0 collections in 0.001696 seconds
[2022.11.09-19.29.37:809][  0]LogFileCache: Scanning file cache for directory 'C:/Users/danie/Documents/Gamedev VR/game/UE4 game/fpsgame/Saved/Collections/' took 0.00s
[2022.11.09-19.29.37:809][  0]LogFileCache: Scanning file cache for directory 'C:/Users/danie/Documents/Gamedev VR/game/UE4 game/fpsgame/Content/Developers/danie/Collections/' took 0.00s
[2022.11.09-19.29.37:810][  0]LogFileCache: Scanning file cache for directory 'C:/Users/danie/Documents/Gamedev VR/game/UE4 game/fpsgame/Content/Collections/' took 0.00s
[2022.11.09-19.29.37:810][  0]LogCollectionManager: Fixed up redirectors for 0 collections in 0.000001 seconds (updated 0 objects)
[2022.11.09-19.29.37:874][  0]LogTcpMessaging: Initializing TcpMessaging bridge
[2022.11.09-19.29.37:876][  0]LogUdpMessaging: Initializing bridge on interface 0.0.0.0:0 to multicast group 230.0.0.1:6666.
[2022.11.09-19.29.37:926][  0]SourceControl: Source control is disabled
[2022.11.09-19.29.37:927][  0]SourceControl: Source control is disabled
[2022.11.09-19.29.37:928][  0]SourceControl: Source control is disabled
[2022.11.09-19.29.37:930][  0]LogUProjectInfo: Found projects:
[2022.11.09-19.29.37:972][  0]LogOpenImageDenoise: OIDN starting up
[2022.11.09-19.29.37:989][  0]LogAndroidPermission: UAndroidPermissionCallbackProxy::GetInstance
[2022.11.09-19.29.37:997][  0]LogAudioCaptureCore: Display: No Audio Capture implementations found. Audio input will be silent.
[2022.11.09-19.29.37:997][  0]LogAudioCaptureCore: Display: No Audio Capture implementations found. Audio input will be silent.
[2022.11.09-19.29.38:041][  0]LogOcInput: OculusInput pre-init called
[2022.11.09-19.29.38:050][  0]LogUObjectArray: 22048 objects as part of root set at end of initial load.
[2022.11.09-19.29.38:050][  0]LogUObjectAllocator: 5965968 out of 0 bytes used by permanent object pool.
[2022.11.09-19.29.38:050][  0]LogUObjectArray: CloseDisregardForGC: 0/0 objects in disregard for GC pool
[2022.11.09-19.29.38:082][  0]LogClass: Display: StructProperty FRewindDataStruct::SnapshotPosition is not initialized properly. Module:fpsgame File:RewindComponent.h
[2022.11.09-19.29.38:083][  0]LogClass: Display: StructProperty FRewindDataStruct::SnapshotRotation is not initialized properly. Module:fpsgame File:RewindComponent.h
[2022.11.09-19.29.38:083][  0]LogClass: Display: StructProperty FRewindDataStruct::SnapshotScale is not initialized properly. Module:fpsgame File:RewindComponent.h
[2022.11.09-19.29.38:084][  0]LogClass: Display: BoolProperty FWeaponRecoil::bHasRecoil is not initialized properly. Module:fpsgame File:WeaponActor.h
[2022.11.09-19.29.38:084][  0]LogClass: Display: BoolProperty FWeaponRecoil::bUsesControlRotationForHipfireRecoil is not initialized properly. Module:fpsgame File:WeaponActor.h
[2022.11.09-19.29.38:085][  0]LogClass: Display: FloatProperty FWeaponRecoil::RecoilRecoveryTime is not initialized properly. Module:fpsgame File:WeaponActor.h
[2022.11.09-19.29.38:085][  0]LogClass: Display: FloatProperty FWeaponRecoil::PercentageRecoilRecoveryGainedPerSecond is not initialized properly. Module:fpsgame File:WeaponActor.h
[2022.11.09-19.29.38:085][  0]LogClass: Display: FloatProperty FWeaponStats::MaxRange is not initialized properly. Module:fpsgame File:WeaponActor.h
[2022.11.09-19.29.38:085][  0]LogClass: Display: FloatProperty FWeaponStats::FireRate is not initialized properly. Module:fpsgame File:WeaponActor.h
[2022.11.09-19.29.38:086][  0]LogClass: Display: IntProperty FWeaponStats::CartridgeBullets is not initialized properly. Module:fpsgame File:WeaponActor.h
[2022.11.09-19.29.38:086][  0]LogClass: Display: IntProperty FWeaponStats::BurstNumber is not initialized properly. Module:fpsgame File:WeaponActor.h
[2022.11.09-19.29.38:086][  0]LogClass: Display: FloatProperty FWeaponStats::BurstFireRate is not initialized properly. Module:fpsgame File:WeaponActor.h
[2022.11.09-19.29.38:086][  0]LogClass: Display: IntProperty FWeaponStats::MaxMagSize is not initialized properly. Module:fpsgame File:WeaponActor.h
[2022.11.09-19.29.38:087][  0]LogClass: Display: IntProperty FWeaponStats::MagAmmo is not initialized properly. Module:fpsgame File:WeaponActor.h
[2022.11.09-19.29.38:087][  0]LogClass: Display: FloatProperty FWeaponStats::BaseDamageTorso is not initialized properly. Module:fpsgame File:WeaponActor.h
[2022.11.09-19.29.38:087][  0]LogClass: Display: FloatProperty FWeaponStats::BaseDamageHead is not initialized properly. Module:fpsgame File:WeaponActor.h
[2022.11.09-19.29.38:087][  0]LogClass: Display: FloatProperty FWeaponStats::BaseDamageLegs is not initialized properly. Module:fpsgame File:WeaponActor.h
[2022.11.09-19.29.38:088][  0]LogClass: Display: FloatProperty FWeaponStats::BaseHipfireSpreadAngleInDegrees is not initialized properly. Module:fpsgame File:WeaponActor.h
[2022.11.09-19.29.38:088][  0]LogClass: Display: FloatProperty FWeaponStats::BaseMovementSpreadMultiplier is not initialized properly. Module:fpsgame File:WeaponActor.h
[2022.11.09-19.29.38:088][  0]LogClass: Display: EnumProperty FWeaponMetaData::GunModel is not initialized properly. Module:fpsgame File:WeaponActor.h
[2022.11.09-19.29.38:089][  0]LogClass: Display: EnumProperty FWeaponMetaData::WAWeaponType is not initialized properly. Module:fpsgame File:WeaponActor.h
[2022.11.09-19.29.38:089][  0]LogClass: Display: EnumProperty FWeaponMetaData::WAWeaponFireType is not initialized properly. Module:fpsgame File:WeaponActor.h
[2022.11.09-19.29.38:089][  0]LogClass: Display: EnumProperty FWeaponMetaData::WAWeaponHitDetectionType is not initialized properly. Module:fpsgame File:WeaponActor.h
[2022.11.09-19.29.38:089][  0]LogClass: Display: EnumProperty FWeaponMetaData::TypeOfEquip is not initialized properly. Module:fpsgame File:WeaponActor.h
[2022.11.09-19.29.38:090][  0]LogClass: Warning: ObjectProperty FWeaponVisualAssets::GunMesh is not initialized properly. Module:fpsgame File:WeaponActor.h
[2022.11.09-19.29.38:090][  0]LogClass: Warning: ObjectProperty FWeaponVisualAssets::TracerEffect is not initialized properly. Module:fpsgame File:WeaponActor.h
[2022.11.09-19.29.38:090][  0]LogClass: Warning: ObjectProperty FWeaponVisualAssets::MuzzleFlash is not initialized properly. Module:fpsgame File:WeaponActor.h
[2022.11.09-19.29.38:091][  0]LogClass: Display: StructProperty FWeaponPositionalDetails::BasePosition is not initialized properly. Module:fpsgame File:WeaponActor.h
[2022.11.09-19.29.38:091][  0]LogClass: Display: StructProperty FWeaponPositionalDetails::BaseRotation is not initialized properly. Module:fpsgame File:WeaponActor.h
[2022.11.09-19.29.38:091][  0]LogClass: Display: StructProperty FWeaponPositionalDetails::BaseScale is not initialized properly. Module:fpsgame File:WeaponActor.h
[2022.11.09-19.29.38:091][  0]LogClass: Display: StructProperty FWeaponPositionalDetails::TPBaseScale is not initialized properly. Module:fpsgame File:WeaponActor.h
[2022.11.09-19.29.38:092][  0]LogClass: Display: StructProperty FWeaponPositionalDetails::TPBaseRotation is not initialized properly. Module:fpsgame File:WeaponActor.h
[2022.11.09-19.29.38:092][  0]LogClass: Display: StructProperty FWeaponPositionalDetails::TPBasePosition is not initialized properly. Module:fpsgame File:WeaponActor.h
[2022.11.09-19.29.38:092][  0]LogClass: Display: StructProperty FWeaponPositionalDetails::MuzzlePosition is not initialized properly. Module:fpsgame File:WeaponActor.h
[2022.11.09-19.29.38:093][  0]LogClass: Display: 34 Uninitialized script struct members found including 3 object properties
[2022.11.09-19.29.38:093][  0]LogAutomationTest: Warning: ObjectProperty FWeaponVisualAssets::GunMesh is not initialized properly. Module:fpsgame File:WeaponActor.h
[2022.11.09-19.29.38:093][  0]LogAutomationTest: Warning: ObjectProperty FWeaponVisualAssets::TracerEffect is not initialized properly. Module:fpsgame File:WeaponActor.h
[2022.11.09-19.29.38:094][  0]LogAutomationTest: Warning: ObjectProperty FWeaponVisualAssets::MuzzleFlash is not initialized properly. Module:fpsgame File:WeaponActor.h
[2022.11.09-19.29.38:094][  0]LogEngine: Initializing Engine...
[2022.11.09-19.29.38:095][  0]LogStats: UGameplayTagsManager::InitializeManager -  0.000 s
[2022.11.09-19.29.38:107][  0]LogInit: Initializing FReadOnlyCVARCache
[2022.11.09-19.29.38:107][  0]LogNetVersion: Set ProjectVersion to 1.0.0.0. Version Checksum will be recalculated on next use.
[2022.11.09-19.29.38:109][  0]LogInit: Texture streaming: Disabled
[2022.11.09-19.29.38:135][  0]LogInit: Display: Game Engine Initialized.
[2022.11.09-19.29.38:135][  0]LogNiagaraEditor: GEditor isn't valid! Particle reset commands will not work for Niagara components!
[2022.11.09-19.29.38:163][  0]LogInit: Display: Starting Game.
[2022.11.09-19.29.38:163][  0]LogNet: Browse: /Game/Maps/TestMap?Name=Player
[2022.11.09-19.29.38:164][  0]LogLoad: LoadMap: /Game/Maps/TestMap?Name=Player
[2022.11.09-19.29.38:164][  0]LogWorld: BeginTearingDown for /Temp/Untitled_0
[2022.11.09-19.29.38:167][  0]LogWorld: UWorld::CleanupWorld for Untitled, bSessionEnded=true, bCleanupResources=true
[2022.11.09-19.29.38:174][  0]LogUObjectHash: Compacting FUObjectHashTables data took   0.79ms
[2022.11.09-19.29.38:272][  0]LogAIModule: Creating AISystem for world TestMap
[2022.11.09-19.29.38:457][  0]LogLoad: Game class is 'BP_FPSGameModeDefault_C'
[2022.11.09-19.29.38:457][  0]LogNet: PktLoss set to 0
[2022.11.09-19.29.38:458][  0]LogNet: PktLagMin set to 0
[2022.11.09-19.29.38:459][  0]LogNet: PktLagMax set to 0
[2022.11.09-19.29.38:459][  0]LogNet: PktIncomingLagMin set to 0
[2022.11.09-19.29.38:459][  0]LogNet: PktIncomingLagMax set to 0
[2022.11.09-19.29.38:460][  0]LogNet: PktIncomingLoss set to 0
[2022.11.09-19.29.38:460][  0]LogNet: PktLoss set to 0
[2022.11.09-19.29.38:461][  0]LogNet: PktLagMin set to 0
[2022.11.09-19.29.38:461][  0]LogNet: PktLagMax set to 0
[2022.11.09-19.29.38:461][  0]LogNet: PktIncomingLagMin set to 0
[2022.11.09-19.29.38:462][  0]LogNet: PktIncomingLagMax set to 0
[2022.11.09-19.29.38:462][  0]LogNet: PktIncomingLoss set to 0
[2022.11.09-19.29.38:462][  0]LogNet: PktLoss set to 0
[2022.11.09-19.29.38:463][  0]LogNet: PktLagMin set to 0
[2022.11.09-19.29.38:463][  0]LogNet: PktLagMax set to 0
[2022.11.09-19.29.38:463][  0]LogNet: PktIncomingLagMin set to 0
[2022.11.09-19.29.38:464][  0]LogNet: PktIncomingLagMax set to 0
[2022.11.09-19.29.38:464][  0]LogNet: PktIncomingLoss set to 0
[2022.11.09-19.29.38:464][  0]LogNet: ReplicationDriverClass is null! Not using ReplicationDriver.
[2022.11.09-19.29.38:464][  0]LogNetCore: DDoS detection status: detection enabled: 0 analytics enabled: 0
[2022.11.09-19.29.38:465][  0]LogInit: WinSock: Socket queue. Rx: 131072 (config 131072) Tx: 131072 (config 131072)
[2022.11.09-19.29.38:465][  0]LogNet: Created socket for bind address: 0.0.0.0 on port 17777
[2022.11.09-19.29.38:465][  0]PacketHandlerLog: Loaded PacketHandler component: Engine.EngineHandlerComponentFactory (StatelessConnectHandlerComponent)
[2022.11.09-19.29.38:466][  0]LogNet: GameNetDriver IpNetDriver_0 IpNetDriver listening on port 17777
[2022.11.09-19.29.38:467][  0]LogWorld: Bringing World /Game/Maps/TestMap.TestMap up for play (max tick rate 30) at 2022.11.09-19.29.38
[2022.11.09-19.29.38:468][  0]LogWorld: Bringing up level for play took: 0.001272
[2022.11.09-19.29.38:468][  0]LogGameMode: Display: Match State Changed from EnteringMap to WaitingToStart
[2022.11.09-19.29.38:468][  0]LogGameState: Match State Changed from EnteringMap to WaitingToStart
[2022.11.09-19.29.38:469][  0]LogLoad: Took 0.303956 seconds to LoadMap(/Game/Maps/TestMap)
[2022.11.09-19.29.38:474][  0]LogInit: Display: Engine is initialized. Leaving FEngineLoop::Init()
[2022.11.09-19.29.38:474][  0]LogLoad: (Engine Initialization) Total time: 4.68 seconds
[2022.11.09-19.29.38:475][  0]LogLoad: (Engine Initialization) Total Blueprint compile time: 0.00 seconds
[2022.11.09-19.29.38:707][  6]LogNet: NotifyAcceptingConnection accepted from: 127.0.0.1:62147
[2022.11.09-19.29.38:707][  6]LogHandshake: SendConnectChallenge. Timestamp: 0.232106, Cookie: 015044120196171237127016225024165255064199186013234014198047
[2022.11.09-19.29.38:740][  7]LogNet: NotifyAcceptingConnection accepted from: 127.0.0.1:62147
[2022.11.09-19.29.38:740][  7]LogHandshake: SendChallengeAck. InCookie: 015044120196171237127016225024165255064199186013234014198047
[2022.11.09-19.29.38:741][  7]LogNet: Server accepting post-challenge connection from: 127.0.0.1:62147
[2022.11.09-19.29.38:741][  7]PacketHandlerLog: Loaded PacketHandler component: Engine.EngineHandlerComponentFactory (StatelessConnectHandlerComponent)
[2022.11.09-19.29.38:741][  7]LogNet: NotifyAcceptedConnection: Name: TestMap, TimeStamp: 11/09/22 19:29:38, [UNetConnection] RemoteAddr: 127.0.0.1:62147, Name: IpConnection_0, Driver: GameNetDriver IpNetDriver_0, IsServer: YES, PC: NULL, Owner: NULL, UniqueId: INVALID
[2022.11.09-19.29.38:742][  7]LogNet: AddClientConnection: Added client connection: [UNetConnection] RemoteAddr: 127.0.0.1:62147, Name: IpConnection_0, Driver: GameNetDriver IpNetDriver_0, IsServer: YES, PC: NULL, Owner: NULL, UniqueId: INVALID
[2022.11.09-19.29.38:774][  8]LogNet: NotifyAcceptingChannel Control 0 server World /Game/Maps/TestMap.TestMap: Accepted
[2022.11.09-19.29.38:774][  8]LogNet: Remote platform little endian=1
[2022.11.09-19.29.38:775][  8]LogNet: This platform little endian=1
[2022.11.09-19.29.38:775][  8]LogNetVersion: fpsgame 1.0.0.0, NetCL: 17155196, EngineNetVer: 17, GameNetVer: 0 (Checksum: 1484303137)
[2022.11.09-19.29.38:806][  9]LogNet: Login request: ?PktLagMin=0?PktLagMax=0?PktLoss=0?PktIncomingLagMin=0?PktIncomingLagMax=0?PktIncomingLoss=0?Name=DESKTOP-QG36584-53D431134E73D164364E01B6E239CA7C userId: NULL:DESKTOP-QG36584-53D431134E73D164364E01B6E239CA7C platform: NULL
[2022.11.09-19.29.38:840][ 10]LogNet: Client netspeed is 100000
[2022.11.09-19.29.38:873][ 11]LogNet: Join request: /Engine/Maps/Entry?PktLagMin=0?PktLagMax=0?PktLoss=0?PktIncomingLagMin=0?PktIncomingLagMax=0?PktIncomingLoss=0?Name=DESKTOP-QG36584-53D431134E73D164364E01B6E239CA7C?SplitscreenCount=1
[2022.11.09-19.29.38:873][ 11]LogOnlineSession: Warning: OSS: No game present to join for session (GameSession)
[2022.11.09-19.29.38:875][ 11]LogGameMode: Display: Match State Changed from WaitingToStart to InProgress
[2022.11.09-19.29.38:876][ 11]LogTemp: Warning: Numebr of rewind components = 1
[2022.11.09-19.29.38:877][ 11]LogGameState: Match State Changed from WaitingToStart to InProgress
[2022.11.09-19.29.38:877][ 11]LogNet: Join succeeded: DESKTOP-QG36584-53D4
[2022.11.09-19.29.39:204][ 21]LogNet: NotifyAcceptingConnection accepted from: 127.0.0.1:51704
[2022.11.09-19.29.39:204][ 21]LogHandshake: SendConnectChallenge. Timestamp: 0.728630, Cookie: 053192155145095051009031061013167180207226116000023119027234
[2022.11.09-19.29.39:237][ 22]LogNet: NotifyAcceptingConnection accepted from: 127.0.0.1:51704
[2022.11.09-19.29.39:237][ 22]LogHandshake: SendChallengeAck. InCookie: 053192155145095051009031061013167180207226116000023119027234
[2022.11.09-19.29.39:237][ 22]LogNet: Server accepting post-challenge connection from: 127.0.0.1:51704
[2022.11.09-19.29.39:238][ 22]PacketHandlerLog: Loaded PacketHandler component: Engine.EngineHandlerComponentFactory (StatelessConnectHandlerComponent)
[2022.11.09-19.29.39:238][ 22]LogNet: NotifyAcceptedConnection: Name: TestMap, TimeStamp: 11/09/22 19:29:39, [UNetConnection] RemoteAddr: 127.0.0.1:51704, Name: IpConnection_1, Driver: GameNetDriver IpNetDriver_0, IsServer: YES, PC: NULL, Owner: NULL, UniqueId: INVALID
[2022.11.09-19.29.39:239][ 22]LogNet: AddClientConnection: Added client connection: [UNetConnection] RemoteAddr: 127.0.0.1:51704, Name: IpConnection_1, Driver: GameNetDriver IpNetDriver_0, IsServer: YES, PC: NULL, Owner: NULL, UniqueId: INVALID
[2022.11.09-19.29.39:239][ 22]LogNet: NotifyAcceptingChannel Control 0 server World /Game/Maps/TestMap.TestMap: Accepted
[2022.11.09-19.29.39:239][ 22]LogNet: Remote platform little endian=1
[2022.11.09-19.29.39:240][ 22]LogNet: This platform little endian=1
[2022.11.09-19.29.39:271][ 23]LogNet: Login request: ?Name=DESKTOP-QG36584-DEC659B540D3699410B60BBB09300D97 userId: NULL:DESKTOP-QG36584-DEC659B540D3699410B60BBB09300D97 platform: NULL
[2022.11.09-19.29.39:603][ 33]LogNet: Client netspeed is 100000
[2022.11.09-19.29.39:603][ 33]LogNet: Join request: /Engine/Maps/Entry?Name=DESKTOP-QG36584-DEC659B540D3699410B60BBB09300D97?SplitscreenCount=1
[2022.11.09-19.29.39:604][ 33]LogOnlineSession: Warning: OSS: No game present to join for session (GameSession)
[2022.11.09-19.29.39:605][ 33]LogTemp: Warning: Numebr of rewind components = 2
[2022.11.09-19.29.39:606][ 33]LogNet: Join succeeded: DESKTOP-QG36584-DEC6
[2022.11.09-19.29.40:662][ 65]LogTemp: Warning: RELIABLE SPRINT RPC CALL
[2022.11.09-19.29.41:158][ 80]LogTemp: Warning: RELIABLE SPRINT RPC CALL
[2022.11.09-19.29.41:590][ 93]LogTemp: Warning: Reliable pickup call
[2022.11.09-19.29.41:591][ 93]LogTemp: Warning: diarrhea
[2022.11.09-19.29.41:591][ 93]LogTemp: Warning: prime
[2022.11.09-19.29.41:592][ 93]LogTemp: Warning: SERVER: Log no. 0
[2022.11.09-19.29.41:592][ 93]LogTemp: Warning: No longer bursting
[2022.11.09-19.29.41:592][ 93]LogTemp: Warning: TP attach
[2022.11.09-19.29.41:593][ 93]LogTemp: Warning: Switch primary rpc call
[2022.11.09-19.29.41:593][ 93]LogTemp: Warning: prime
[2022.11.09-19.29.41:594][ 93]LogTemp: Warning: SERVER: Log no. 1
[2022.11.09-19.29.41:594][ 93]LogTemp: Warning: No longer bursting
[2022.11.09-19.29.41:595][ 93]LogTemp: Warning: TP attach
[2022.11.09-19.29.42:222][112]LogTemp: Warning: recoilrecovery = 1.000000
[2022.11.09-19.29.42:222][112]LogTemp: Warning: Blocking
[2022.11.09-19.29.42:223][112]LogTemp: Warning: ReduceRecoil = -0.250000
[2022.11.09-19.29.43:447][149]LogTemp: Warning: recoilrecovery = 1.000000
[2022.11.09-19.29.43:447][149]LogTemp: Warning: Blocking
[2022.11.09-19.29.43:448][149]LogTemp: Warning: ReduceRecoil = -0.250000
[2022.11.09-19.29.43:547][152]LogTemp: Warning: recoilrecovery = 1.000000
[2022.11.09-19.29.43:547][152]LogTemp: Warning: Blocking
[2022.11.09-19.29.43:548][152]LogTemp: Warning: ReduceRecoil = -0.250000
[2022.11.09-19.29.43:647][155]LogTemp: Warning: recoilrecovery = 1.000000
[2022.11.09-19.29.43:647][155]LogTemp: Warning: Blocking
[2022.11.09-19.29.43:648][155]LogTemp: Warning: ReduceRecoil = -0.250000
[2022.11.09-19.29.43:746][158]LogTemp: Warning: recoilrecovery = 1.000000
[2022.11.09-19.29.43:746][158]LogTemp: Warning: Blocking
[2022.11.09-19.29.43:747][158]LogTemp: Warning: ReduceRecoil = -0.250000
[2022.11.09-19.29.43:845][161]LogTemp: Warning: recoilrecovery = 1.000000
[2022.11.09-19.29.43:846][161]LogTemp: Warning: Blocking
[2022.11.09-19.29.43:846][161]LogTemp: Warning: ReduceRecoil = -0.250000
[2022.11.09-19.29.43:944][164]LogTemp: Warning: recoilrecovery = 1.000000
[2022.11.09-19.29.43:945][164]LogTemp: Warning: Blocking
[2022.11.09-19.29.43:946][164]LogTemp: Warning: ReduceRecoil = -0.250000
[2022.11.09-19.29.44:044][167]LogTemp: Warning: recoilrecovery = 1.000000
[2022.11.09-19.29.44:045][167]LogTemp: Warning: Blocking
[2022.11.09-19.29.44:045][167]LogTemp: Warning: ReduceRecoil = -0.250000
[2022.11.09-19.29.44:144][170]LogTemp: Warning: recoilrecovery = 1.000000
[2022.11.09-19.29.44:145][170]LogTemp: Warning: Blocking
[2022.11.09-19.29.44:145][170]LogTemp: Warning: ReduceRecoil = -0.250000
[2022.11.09-19.29.44:907][193]LogTemp: Warning: recoilrecovery = 1.000000
[2022.11.09-19.29.44:908][193]LogTemp: Warning: Blocking
[2022.11.09-19.29.44:908][193]LogTemp: Warning: ReduceRecoil = -0.250000
[2022.11.09-19.29.45:007][196]LogTemp: Warning: recoilrecovery = 1.000000
[2022.11.09-19.29.45:008][196]LogTemp: Warning: Blocking
[2022.11.09-19.29.45:008][196]LogTemp: Warning: ReduceRecoil = -0.250000
[2022.11.09-19.29.45:106][199]LogTemp: Warning: recoilrecovery = 1.000000
[2022.11.09-19.29.45:106][199]LogTemp: Warning: Blocking
[2022.11.09-19.29.45:107][199]LogTemp: Warning: ReduceRecoil = -0.250000
[2022.11.09-19.29.45:205][202]LogTemp: Warning: recoilrecovery = 1.000000
[2022.11.09-19.29.45:206][202]LogTemp: Warning: Blocking
[2022.11.09-19.29.45:206][202]LogTemp: Warning: ReduceRecoil = -0.250000
[2022.11.09-19.29.45:305][205]LogTemp: Warning: recoilrecovery = 1.000000
[2022.11.09-19.29.45:306][205]LogTemp: Warning: Blocking
[2022.11.09-19.29.45:306][205]LogTemp: Warning: ReduceRecoil = -0.250000
[2022.11.09-19.29.45:404][208]LogTemp: Warning: recoilrecovery = 1.000000
[2022.11.09-19.29.45:405][208]LogTemp: Warning: Blocking
[2022.11.09-19.29.45:406][208]LogTemp: Warning: ReduceRecoil = -0.250000
[2022.11.09-19.29.45:504][211]LogTemp: Warning: recoilrecovery = 1.000000
[2022.11.09-19.29.45:505][211]LogTemp: Warning: Blocking
[2022.11.09-19.29.45:505][211]LogTemp: Warning: ReduceRecoil = -0.250000
[2022.11.09-19.29.45:604][214]LogTemp: Warning: recoilrecovery = 1.000000
[2022.11.09-19.29.45:604][214]LogTemp: Warning: Blocking
[2022.11.09-19.29.45:605][214]LogTemp: Warning: ReduceRecoil = -0.250000
[2022.11.09-19.29.45:703][217]LogTemp: Warning: recoilrecovery = 1.000000
[2022.11.09-19.29.45:704][217]LogTemp: Warning: Blocking
[2022.11.09-19.29.45:705][217]LogTemp: Warning: ReduceRecoil = -0.250000
[2022.11.09-19.29.45:803][220]LogTemp: Warning: recoilrecovery = 1.000000
[2022.11.09-19.29.45:803][220]LogTemp: Warning: Blocking
[2022.11.09-19.29.45:805][220]LogTemp: Warning: ReduceRecoil = -0.250000
