Log file open, 10/30/22 15:15:11
LogWindows: Failed to load 'aqProf.dll' (GetLastError=126)
LogWindows: File 'aqProf.dll' does not exist
LogWindows: Failed to load 'VtuneApi.dll' (GetLastError=126)
LogWindows: File 'VtuneApi.dll' does not exist
LogWindows: Failed to load 'VtuneApi32e.dll' (GetLastError=126)
LogWindows: File 'VtuneApi32e.dll' does not exist
LogConsoleResponse: Display: Failed to find resolution value strings in scalability ini. Falling back to default.
LogConsoleResponse: Display: Failed to find resolution value strings in scalability ini. Falling back to default.
LogInit: Display: Running engine for game: fpsgame
LogPlatformFile: Not using cached read wrapper
LogTaskGraph: Started task graph with 5 named threads and 35 total threads with 3 sets of task threads.
LogStats: Stats thread started at 0.223913
LogICUInternationalization: ICU TimeZone Detection - Raw Offset: +0:00, Platform Override: ''
LogInit: Display: Loading text-based GConfig....
LogPluginManager: Mounting plugin MeshPainting
LogPluginManager: Mounting plugin XGEController
LogPluginManager: Mounting plugin Paper2D
LogPluginManager: Mounting plugin LiveLink
LogPluginManager: Mounting plugin AISupport
LogPluginManager: Mounting plugin EnvironmentQueryEditor
LogPluginManager: Mounting plugin GameplayCameras
LogPluginManager: Mounting plugin CameraShakePreviewer
LogPluginManager: Mounting plugin LightPropagationVolume
LogPluginManager: Mounting plugin OodleData
LogPluginManager: Mounting plugin AssetManagerEditor
LogPluginManager: Mounting plugin DataValidation
LogPluginManager: Mounting plugin CurveEditorTools
LogPluginManager: Mounting plugin OodleNetwork
LogPluginManager: Mounting plugin CryptoKeys
LogPluginManager: Mounting plugin GeometryMode
LogPluginManager: Mounting plugin GameplayTagsEditor
LogPluginManager: Mounting plugin MacGraphicsSwitching
LogPluginManager: Mounting plugin MobileLauncherProfileWizard
LogPluginManager: Mounting plugin DatasmithContent
LogPluginManager: Mounting plugin PluginBrowser
LogPluginManager: Mounting plugin MaterialAnalyzer
LogPluginManager: Mounting plugin SpeedTreeImporter
LogPluginManager: Mounting plugin FacialAnimation
LogPluginManager: Mounting plugin AnimationSharing
LogPluginManager: Mounting plugin VariantManagerContent
LogPluginManager: Mounting plugin CLionSourceCodeAccess
LogPluginManager: Mounting plugin CodeLiteSourceCodeAccess
LogPluginManager: Mounting plugin KDevelopSourceCodeAccess
LogPluginManager: Mounting plugin GitSourceControl
LogPluginManager: Mounting plugin PixWinPlugin
LogPluginManager: Mounting plugin PlasticSourceControl
LogPluginManager: Mounting plugin Niagara
LogPluginManager: Mounting plugin PluginUtils
LogPluginManager: Mounting plugin SubversionSourceControl
LogPluginManager: Mounting plugin PropertyAccessNode
LogPluginManager: Mounting plugin RiderSourceCodeAccess
LogPluginManager: Mounting plugin TextureFormatOodle
LogPluginManager: Mounting plugin NullSourceCodeAccess
LogPluginManager: Mounting plugin UObjectPlugin
LogPluginManager: Mounting plugin VisualStudioCodeSourceCodeAccess
LogPluginManager: Mounting plugin AlembicImporter
LogPluginManager: Mounting plugin XCodeSourceCodeAccess
LogPluginManager: Mounting plugin AutomationUtils
LogPluginManager: Mounting plugin VisualStudioSourceCodeAccess
LogPluginManager: Mounting plugin BackChannel
LogPluginManager: Mounting plugin ChaosClothEditor
LogPluginManager: Mounting plugin ChaosCloth
LogPluginManager: Mounting plugin ChaosNiagara
LogPluginManager: Mounting plugin PerforceSourceControl
LogPluginManager: Mounting plugin ChaosSolverPlugin
LogPluginManager: Mounting plugin CharacterAI
LogPluginManager: Mounting plugin ChaosEditor
LogPluginManager: Mounting plugin GeometryCache
LogPluginManager: Mounting plugin GeometryCollectionPlugin
LogPluginManager: Mounting plugin GeometryProcessing
LogPluginManager: Mounting plugin LuminPlatformFeatures
LogPluginManager: Mounting plugin MagicLeap
LogPluginManager: Mounting plugin MagicLeapLightEstimation
LogPluginManager: Mounting plugin MagicLeapMedia
LogPluginManager: Mounting plugin TcpMessaging
LogPluginManager: Mounting plugin MotoSynth
LogPluginManager: Mounting plugin UdpMessaging
LogPluginManager: Mounting plugin MagicLeapPassableWorld
LogPluginManager: Mounting plugin MLSDK
LogPluginManager: Mounting plugin ProxyLODPlugin
LogPluginManager: Mounting plugin OpenImageDenoise
LogPluginManager: Mounting plugin PlatformCrypto
LogPluginManager: Mounting plugin AndroidMedia
LogPluginManager: Mounting plugin PythonScriptPlugin
LogPluginManager: Mounting plugin AvfMedia
LogPluginManager: Mounting plugin PlanarCut
LogPluginManager: Mounting plugin ImgMedia
LogPluginManager: Mounting plugin SkeletalReduction
LogPluginManager: Mounting plugin ActorSequence
LogPluginManager: Mounting plugin LevelSequenceEditor
LogPluginManager: Mounting plugin MatineeToLevelSequence
LogPluginManager: Mounting plugin MediaCompositing
LogPluginManager: Mounting plugin TemplateSequence
LogPluginManager: Mounting plugin MediaPlayerEditor
LogPluginManager: Mounting plugin WebMMedia
LogPluginManager: Mounting plugin WmfMedia
LogPluginManager: Mounting plugin OnlineSubsystem
LogPluginManager: Mounting plugin LauncherChunkInstaller
LogPluginManager: Mounting plugin OnlineSubsystemNull
LogPluginManager: Mounting plugin OnlineSubsystemUtils
LogPluginManager: Mounting plugin ActorLayerUtilities
LogPluginManager: Mounting plugin AndroidMoviePlayer
LogPluginManager: Mounting plugin AndroidDeviceProfileSelector
LogPluginManager: Mounting plugin AndroidPermission
LogPluginManager: Mounting plugin AppleImageUtils
LogPluginManager: Mounting plugin ArchVisCharacter
LogPluginManager: Mounting plugin AssetTags
LogPluginManager: Mounting plugin AudioCapture
LogPluginManager: Mounting plugin AudioSynesthesia
LogPluginManager: Mounting plugin CableComponent
LogPluginManager: Mounting plugin CustomMeshComponent
LogPluginManager: Mounting plugin ChunkDownloader
LogPluginManager: Mounting plugin EditableMesh
LogPluginManager: Mounting plugin ExampleDeviceProfileSelector
LogPluginManager: Mounting plugin GooglePAD
LogPluginManager: Mounting plugin GoogleCloudMessaging
LogPluginManager: Mounting plugin AppleMoviePlayer
LogPluginManager: Mounting plugin ScreenshotTools
LogPluginManager: Mounting plugin Takes
LogPluginManager: Mounting plugin IOSDeviceProfileSelector
LogPluginManager: Mounting plugin LinuxDeviceProfileSelector
LogPluginManager: Mounting plugin LocationServicesBPLibrary
LogPluginManager: Mounting plugin MobilePatchingUtils
LogPluginManager: Mounting plugin OpenXR
LogPluginManager: Mounting plugin OpenXREyeTracker
LogPluginManager: Mounting plugin OpenXRHandTracking
LogPluginManager: Mounting plugin PhysXVehicles
LogPluginManager: Mounting plugin PostSplashScreen
LogPluginManager: Mounting plugin ProceduralMeshComponent
LogPluginManager: Mounting plugin RuntimePhysXCooking
LogPluginManager: Mounting plugin SignificanceManager
LogPluginManager: Mounting plugin SoundFields
LogPluginManager: Mounting plugin PropertyAccessEditor
LogPluginManager: Mounting plugin Synthesis
LogPluginManager: Mounting plugin WebMMoviePlayer
LogPluginManager: Mounting plugin WindowsMoviePlayer
LogPluginManager: Mounting plugin ContentBrowserAssetDataSource
LogPluginManager: Mounting plugin ContentBrowserFileDataSource
LogPluginManager: Mounting plugin ContentBrowserClassDataSource
LogPluginManager: Mounting plugin OnlineSubsystemGooglePlay
LogPluginManager: Mounting plugin OnlineSubsystemIOS
LogPluginManager: Mounting plugin OculusVR
LogPluginManager: Mounting plugin SteamVR
PixWinPlugin: PIX capture plugin failed to initialize! Check that the process is launched from PIX.
LogInit: Using libcurl 7.55.1-DEV
LogInit:  - built for x86_64-pc-win32
LogInit:  - supports SSL with OpenSSL/1.1.1
LogInit:  - supports HTTP deflate (compression) using libz 1.2.8
LogInit:  - other features:
LogInit:      CURL_VERSION_SSL
LogInit:      CURL_VERSION_LIBZ
LogInit:      CURL_VERSION_IPV6
LogInit:      CURL_VERSION_ASYNCHDNS
LogInit:      CURL_VERSION_LARGEFILE
LogInit:      CURL_VERSION_IDN
LogInit:  CurlRequestOptions (configurable via config and command line):
LogInit:  - bVerifyPeer = true  - Libcurl will verify peer certificate
LogInit:  - bUseHttpProxy = false  - Libcurl will NOT use HTTP proxy
LogInit:  - bDontReuseConnections = false  - Libcurl will reuse connections
LogInit:  - MaxHostConnections = 16  - Libcurl will limit the number of connections to a host
LogInit:  - LocalHostAddr = Default
LogInit:  - BufferSize = 65536
LogOnline: OSS: Creating online subsystem instance for: NULL
LogInit: WinSock: version 1.1 (2.2), MaxSocks=32767, MaxUdp=65467
LogOnline: OSS: TryLoadSubsystemAndSetDefault: Loaded subsystem for module [NULL]
LogOculusPluginWrapper: OculusPlugin initialized successfully
LogHMD: Failed initializing OVRPlugin 1.59.0
LogInit: Build: ++UE4+Release-4.27-CL-18319896
LogInit: Engine Version: 4.27.2-18319896+++UE4+Release-4.27
LogInit: Compatible Engine Version: 4.27.0-17155196+++UE4+Release-4.27
LogInit: Net CL: 17155196
LogInit: OS: Windows 10 (Release 2009) (), CPU: AMD Ryzen 5 3600X 6-Core Processor             , GPU: AMD Radeon RX 5700 XT
LogInit: Compiled (64-bit): Nov 30 2021 07:12:08
LogInit: Compiled with Visual C++: 19.24.28315.00
LogInit: Build Configuration: Development
LogInit: Branch Name: ++UE4+Release-4.27
LogInit: Command Line:  127.0.0.1:17777 -game -PIEVIACONSOLE -Multiprocess "GameUserSettingsINI=C:/Users/danie/Documents/Gamedev VR/game/UE4 game/fpsgame/Saved/Config/Windows/PIEGameUserSettings1.ini" -MultiprocessSaveConfig -forcepassthrough -messaging -SessionName="Play in Standalone Game" -PktLagMin=0 -PktLagMax=0 -PktLoss=0 -PktIncomingLagMin=0 -PktIncomingLagMax=0 -PktIncomingLoss=0 -windowed -WinX=0 -WinY=24 SAVEWINPOS=1 -ResX=640 -ResY=480
LogInit: Base Directory: C:/Program Files/Epic Games/UE_4.27/Engine/Binaries/Win64/
LogInit: Allocator: TBB
LogInit: Installed Engine Build: 1
LogDevObjectVersion: Number of dev versions registered: 29
LogDevObjectVersion:   Dev-Blueprints (B0D832E4-1F89-4F0D-ACCF-7EB736FD4AA2): 10
LogDevObjectVersion:   Dev-Build (E1C64328-A22C-4D53-A36C-8E866417BD8C): 0
LogDevObjectVersion:   Dev-Core (375EC13C-06E4-48FB-B500-84F0262A717E): 4
LogDevObjectVersion:   Dev-Editor (E4B068ED-F494-42E9-A231-DA0B2E46BB41): 40
LogDevObjectVersion:   Dev-Framework (CFFC743F-43B0-4480-9391-14DF171D2073): 37
LogDevObjectVersion:   Dev-Mobile (B02B49B5-BB20-44E9-A304-32B752E40360): 3
LogDevObjectVersion:   Dev-Networking (A4E4105C-59A1-49B5-A7C5-40C4547EDFEE): 0
LogDevObjectVersion:   Dev-Online (39C831C9-5AE6-47DC-9A44-9C173E1C8E7C): 0
LogDevObjectVersion:   Dev-Physics (78F01B33-EBEA-4F98-B9B4-84EACCB95AA2): 14
LogDevObjectVersion:   Dev-Platform (6631380F-2D4D-43E0-8009-CF276956A95A): 0
LogDevObjectVersion:   Dev-Rendering (12F88B9F-8875-4AFC-A67C-D90C383ABD29): 45
LogDevObjectVersion:   Dev-Sequencer (7B5AE74C-D270-4C10-A958-57980B212A5A): 13
LogDevObjectVersion:   Dev-VR (D7296918-1DD6-4BDD-9DE2-64A83CC13884): 3
LogDevObjectVersion:   Dev-LoadTimes (C2A15278-BFE7-4AFE-6C17-90FF531DF755): 1
LogDevObjectVersion:   Private-Geometry (6EACA3D4-40EC-4CC1-B786-8BED09428FC5): 3
LogDevObjectVersion:   Dev-AnimPhys (29E575DD-E0A3-4627-9D10-D276232CDCEA): 17
LogDevObjectVersion:   Dev-Anim (AF43A65D-7FD3-4947-9873-3E8ED9C1BB05): 15
LogDevObjectVersion:   Dev-ReflectionCapture (6B266CEC-1EC7-4B8F-A30B-E4D90942FC07): 1
LogDevObjectVersion:   Dev-Automation (0DF73D61-A23F-47EA-B727-89E90C41499A): 1
LogDevObjectVersion:   FortniteMain (601D1886-AC64-4F84-AA16-D3DE0DEAC7D6): 47
LogDevObjectVersion:   FortniteRelease (E7086368-6B23-4C58-8439-1B7016265E91): 1
LogDevObjectVersion:   Dev-Enterprise (9DFFBCD6-494F-0158-E221-12823C92A888): 10
LogDevObjectVersion:   Dev-Niagara (F2AED0AC-9AFE-416F-8664-AA7FFA26D6FC): 1
LogDevObjectVersion:   Dev-Destruction (174F1F0B-B4C6-45A5-B13F-2EE8D0FB917D): 10
LogDevObjectVersion:   Dev-Physics-Ext (35F94A83-E258-406C-A318-09F59610247C): 41
LogDevObjectVersion:   Dev-PhysicsMaterial-Chaos (B68FC16E-8B1B-42E2-B453-215C058844FE): 1
LogDevObjectVersion:   Dev-CineCamera (B2E18506-4273-CFC2-A54E-F4BB758BBA07): 1
LogDevObjectVersion:   Dev-VirtualProduction (64F58936-FD1B-42BA-BA96-7289D5D0FA4E): 1
LogDevObjectVersion:   Dev-MediaFramework (6F0ED827-A609-4895-9C91-998D90180EA4): 2
LogInit: Presizing for max 25165824 objects, including 0 objects not considered by GC, pre-allocating 0 bytes for permanent pool.
LogConfig: Applying CVar settings from Section [/Script/Engine.StreamingSettings] File [C:/Users/danie/Documents/Gamedev VR/game/UE4 game/fpsgame/Saved/Config/Windows/Engine.ini]
LogConfig: Setting CVar [[s.MinBulkDataSizeForAsyncLoading:131072]]
LogConfig: Setting CVar [[s.AsyncLoadingThreadEnabled:0]]
LogConfig: Setting CVar [[s.EventDrivenLoaderEnabled:1]]
LogConfig: Setting CVar [[s.WarnIfTimeLimitExceeded:0]]
LogConfig: Setting CVar [[s.TimeLimitExceededMultiplier:1.5]]
LogConfig: Setting CVar [[s.TimeLimitExceededMinTime:0.005]]
LogConfig: Setting CVar [[s.UseBackgroundLevelStreaming:1]]
LogConfig: Setting CVar [[s.PriorityAsyncLoadingExtraTime:15.0]]
LogConfig: Setting CVar [[s.LevelStreamingActorsUpdateTimeLimit:5.0]]
LogConfig: Setting CVar [[s.PriorityLevelStreamingActorsUpdateExtraTime:5.0]]
LogConfig: Setting CVar [[s.LevelStreamingComponentsRegistrationGranularity:10]]
LogConfig: Setting CVar [[s.UnregisterComponentsTimeLimit:1.0]]
LogConfig: Setting CVar [[s.LevelStreamingComponentsUnregistrationGranularity:5]]
LogConfig: Setting CVar [[s.FlushStreamingOnExit:1]]
LogInit: Object subsystem initialized
LogConfig: Setting CVar [[con.DebugEarlyDefault:1]]
LogConfig: Setting CVar [[r.setres:1280x720]]
[2022.10.30-15.15.11:560][  0]LogConfig: Setting CVar [[con.DebugEarlyDefault:1]]
[2022.10.30-15.15.11:560][  0]LogConfig: Setting CVar [[r.setres:1280x720]]
[2022.10.30-15.15.11:560][  0]LogConfig: Applying CVar settings from Section [/Script/Engine.RendererSettings] File [C:/Users/danie/Documents/Gamedev VR/game/UE4 game/fpsgame/Saved/Config/Windows/Engine.ini]
[2022.10.30-15.15.11:560][  0]LogConfig: Setting CVar [[r.GPUCrashDebugging:0]]
[2022.10.30-15.15.11:560][  0]LogConfig: Setting CVar [[r.Mobile.DisableVertexFog:1]]
[2022.10.30-15.15.11:560][  0]LogConfig: Setting CVar [[r.Shadow.CSM.MaxMobileCascades:2]]
[2022.10.30-15.15.11:560][  0]LogConfig: Setting CVar [[r.MobileMSAA:1]]
[2022.10.30-15.15.11:561][  0]LogConfig: Setting CVar [[r.Mobile.AllowDitheredLODTransition:0]]
[2022.10.30-15.15.11:561][  0]LogConfig: Setting CVar [[r.Mobile.AllowSoftwareOcclusion:0]]
[2022.10.30-15.15.11:561][  0]LogConfig: Setting CVar [[r.Mobile.VirtualTextures:0]]
[2022.10.30-15.15.11:561][  0]LogConfig: Setting CVar [[r.DiscardUnusedQuality:0]]
[2022.10.30-15.15.11:561][  0]LogConfig: Setting CVar [[r.AllowOcclusionQueries:1]]
[2022.10.30-15.15.11:561][  0]LogConfig: Setting CVar [[r.MinScreenRadiusForLights:0.030000]]
[2022.10.30-15.15.11:561][  0]LogConfig: Setting CVar [[r.MinScreenRadiusForDepthPrepass:0.030000]]
[2022.10.30-15.15.11:561][  0]LogConfig: Setting CVar [[r.MinScreenRadiusForCSMDepth:0.010000]]
[2022.10.30-15.15.11:561][  0]LogConfig: Setting CVar [[r.PrecomputedVisibilityWarning:0]]
[2022.10.30-15.15.11:561][  0]LogConfig: Setting CVar [[r.TextureStreaming:1]]
[2022.10.30-15.15.11:561][  0]LogConfig: Setting CVar [[Compat.UseDXT5NormalMaps:0]]
[2022.10.30-15.15.11:561][  0]LogConfig: Setting CVar [[r.VirtualTextures:0]]
[2022.10.30-15.15.11:561][  0]LogConfig: Setting CVar [[r.VT.EnableAutoImport:1]]
[2022.10.30-15.15.11:561][  0]LogConfig: Setting CVar [[r.VirtualTexturedLightmaps:0]]
[2022.10.30-15.15.11:561][  0]LogConfig: Setting CVar [[r.VT.TileSize:128]]
[2022.10.30-15.15.11:561][  0]LogConfig: Setting CVar [[r.VT.TileBorderSize:4]]
[2022.10.30-15.15.11:561][  0]LogConfig: Setting CVar [[r.vt.FeedbackFactor:16]]
[2022.10.30-15.15.11:561][  0]LogConfig: Setting CVar [[r.VT.EnableCompressZlib:1]]
[2022.10.30-15.15.11:561][  0]LogConfig: Setting CVar [[r.VT.EnableCompressCrunch:0]]
[2022.10.30-15.15.11:561][  0]LogConfig: Setting CVar [[r.ClearCoatNormal:0]]
[2022.10.30-15.15.11:561][  0]LogConfig: Setting CVar [[r.ReflectionCaptureResolution:128]]
[2022.10.30-15.15.11:561][  0]LogConfig: Setting CVar [[r.Mobile.ReflectionCaptureCompression:0]]
[2022.10.30-15.15.11:561][  0]LogConfig: Setting CVar [[r.ReflectionEnvironmentLightmapMixBasedOnRoughness:1]]
[2022.10.30-15.15.11:561][  0]LogConfig: Setting CVar [[r.ForwardShading:0]]
[2022.10.30-15.15.11:561][  0]LogConfig: Setting CVar [[r.VertexFoggingForOpaque:1]]
[2022.10.30-15.15.11:561][  0]LogConfig: Setting CVar [[r.AllowStaticLighting:1]]
[2022.10.30-15.15.11:561][  0]LogConfig: Setting CVar [[r.NormalMapsForStaticLighting:0]]
[2022.10.30-15.15.11:561][  0]LogConfig: Setting CVar [[r.GenerateMeshDistanceFields:0]]
[2022.10.30-15.15.11:561][  0]LogConfig: Setting CVar [[r.DistanceFieldBuild.EightBit:0]]
[2022.10.30-15.15.11:561][  0]LogConfig: Setting CVar [[r.GenerateLandscapeGIData:0]]
[2022.10.30-15.15.11:561][  0]LogConfig: Setting CVar [[r.DistanceFieldBuild.Compress:0]]
[2022.10.30-15.15.11:561][  0]LogConfig: Setting CVar [[r.TessellationAdaptivePixelsPerTriangle:48.000000]]
[2022.10.30-15.15.11:561][  0]LogConfig: Setting CVar [[r.SeparateTranslucency:1]]
[2022.10.30-15.15.11:561][  0]LogConfig: Setting CVar [[r.TranslucentSortPolicy:0]]
[2022.10.30-15.15.11:561][  0]LogConfig: Setting CVar [[vr.VRS.HMDFixedFoveationLevel:0]]
[2022.10.30-15.15.11:561][  0]LogConfig: Setting CVar [[r.CustomDepth:1]]
[2022.10.30-15.15.11:561][  0]LogConfig: Setting CVar [[r.CustomDepthTemporalAAJitter:1]]
[2022.10.30-15.15.11:561][  0]LogConfig: Setting CVar [[r.PostProcessing.PropagateAlpha:0]]
[2022.10.30-15.15.11:561][  0]LogConfig: Setting CVar [[r.DefaultFeature.Bloom:1]]
[2022.10.30-15.15.11:561][  0]LogConfig: Setting CVar [[r.DefaultFeature.AmbientOcclusion:1]]
[2022.10.30-15.15.11:561][  0]LogConfig: Setting CVar [[r.DefaultFeature.AmbientOcclusionStaticFraction:1]]
[2022.10.30-15.15.11:561][  0]LogConfig: Setting CVar [[r.DefaultFeature.AutoExposure:0]]
[2022.10.30-15.15.11:561][  0]LogConfig: Setting CVar [[r.DefaultFeature.AutoExposure.Method:0]]
[2022.10.30-15.15.11:561][  0]LogConfig: Setting CVar [[r.DefaultFeature.AutoExposure.Bias:1.000000]]
[2022.10.30-15.15.11:561][  0]LogConfig: Setting CVar [[r.DefaultFeature.AutoExposure.ExtendDefaultLuminanceRange:0]]
[2022.10.30-15.15.11:561][  0]LogConfig: Setting CVar [[r.UsePreExposure:1]]
[2022.10.30-15.15.11:561][  0]LogConfig: Setting CVar [[r.EyeAdaptation.EditorOnly:0]]
[2022.10.30-15.15.11:561][  0]LogConfig: Setting CVar [[r.DefaultFeature.MotionBlur:0]]
[2022.10.30-15.15.11:561][  0]LogConfig: Setting CVar [[r.DefaultFeature.LensFlare:0]]
[2022.10.30-15.15.11:561][  0]LogConfig: Setting CVar [[r.TemporalAA.Upsampling:0]]
[2022.10.30-15.15.11:561][  0]LogConfig: Setting CVar [[r.SSGI.Enable:0]]
[2022.10.30-15.15.11:561][  0]LogConfig: Setting CVar [[r.DefaultFeature.AntiAliasing:0]]
[2022.10.30-15.15.11:561][  0]LogConfig: Setting CVar [[r.DefaultFeature.LightUnits:1]]
[2022.10.30-15.15.11:561][  0]LogConfig: Setting CVar [[r.DefaultBackBufferPixelFormat:4]]
[2022.10.30-15.15.11:561][  0]LogConfig: Setting CVar [[r.Shadow.UnbuiltPreviewInGame:1]]
[2022.10.30-15.15.11:561][  0]LogConfig: Setting CVar [[r.StencilForLODDither:0]]
[2022.10.30-15.15.11:561][  0]LogConfig: Setting CVar [[r.EarlyZPass:3]]
[2022.10.30-15.15.11:561][  0]LogConfig: Setting CVar [[r.EarlyZPassOnlyMaterialMasking:0]]
[2022.10.30-15.15.11:561][  0]LogConfig: Setting CVar [[r.DBuffer:1]]
[2022.10.30-15.15.11:561][  0]LogConfig: Setting CVar [[r.ClearSceneMethod:1]]
[2022.10.30-15.15.11:561][  0]LogConfig: Setting CVar [[r.BasePassOutputsVelocity:0]]
[2022.10.30-15.15.11:561][  0]LogConfig: Setting CVar [[r.VertexDeformationOutputsVelocity:0]]
[2022.10.30-15.15.11:561][  0]LogConfig: Setting CVar [[r.SelectiveBasePassOutputs:0]]
[2022.10.30-15.15.11:561][  0]LogConfig: Setting CVar [[fx.GPUSimulationTextureSizeX:1024]]
[2022.10.30-15.15.11:561][  0]LogConfig: Setting CVar [[fx.GPUSimulationTextureSizeY:1024]]
[2022.10.30-15.15.11:561][  0]LogConfig: Setting CVar [[r.AllowGlobalClipPlane:0]]
[2022.10.30-15.15.11:561][  0]LogConfig: Setting CVar [[r.GBufferFormat:1]]
[2022.10.30-15.15.11:561][  0]LogConfig: Setting CVar [[r.MorphTarget.Mode:1]]
[2022.10.30-15.15.11:561][  0]LogConfig: Setting CVar [[vr.InstancedStereo:0]]
[2022.10.30-15.15.11:561][  0]LogConfig: Setting CVar [[r.MobileHDR:1]]
[2022.10.30-15.15.11:561][  0]LogConfig: Setting CVar [[vr.MobileMultiView:0]]
[2022.10.30-15.15.11:561][  0]LogConfig: Setting CVar [[r.Mobile.UseHWsRGBEncoding:0]]
[2022.10.30-15.15.11:561][  0]LogConfig: Setting CVar [[vr.RoundRobinOcclusion:0]]
[2022.10.30-15.15.11:561][  0]LogConfig: Setting CVar [[vr.ODSCapture:0]]
[2022.10.30-15.15.11:561][  0]LogConfig: Setting CVar [[r.MeshStreaming:0]]
[2022.10.30-15.15.11:561][  0]LogConfig: Setting CVar [[r.WireframeCullThreshold:5.000000]]
[2022.10.30-15.15.11:561][  0]LogConfig: Setting CVar [[r.RayTracing:0]]
[2022.10.30-15.15.11:561][  0]LogConfig: Setting CVar [[r.RayTracing.UseTextureLod:0]]
[2022.10.30-15.15.11:561][  0]LogConfig: Setting CVar [[r.SupportStationarySkylight:1]]
[2022.10.30-15.15.11:561][  0]LogConfig: Setting CVar [[r.SupportLowQualityLightmaps:1]]
[2022.10.30-15.15.11:561][  0]LogConfig: Setting CVar [[r.SupportPointLightWholeSceneShadows:1]]
[2022.10.30-15.15.11:561][  0]LogConfig: Setting CVar [[r.SupportAtmosphericFog:1]]
[2022.10.30-15.15.11:561][  0]LogConfig: Setting CVar [[r.SupportSkyAtmosphere:1]]
[2022.10.30-15.15.11:561][  0]LogConfig: Setting CVar [[r.SupportSkyAtmosphereAffectsHeightFog:0]]
[2022.10.30-15.15.11:561][  0]LogConfig: Setting CVar [[r.SkinCache.CompileShaders:0]]
[2022.10.30-15.15.11:561][  0]LogConfig: Setting CVar [[r.SkinCache.DefaultBehavior:1]]
[2022.10.30-15.15.11:561][  0]LogConfig: Setting CVar [[r.SkinCache.SceneMemoryLimitInMB:128.000000]]
[2022.10.30-15.15.11:561][  0]LogConfig: Setting CVar [[r.Mobile.EnableStaticAndCSMShadowReceivers:1]]
[2022.10.30-15.15.11:561][  0]LogConfig: Setting CVar [[r.Mobile.EnableMovableLightCSMShaderCulling:1]]
[2022.10.30-15.15.11:561][  0]LogConfig: Setting CVar [[r.Mobile.AllowDistanceFieldShadows:1]]
[2022.10.30-15.15.11:561][  0]LogConfig: Setting CVar [[r.Mobile.AllowMovableDirectionalLights:1]]
[2022.10.30-15.15.11:561][  0]LogConfig: Setting CVar [[r.MobileNumDynamicPointLights:4]]
[2022.10.30-15.15.11:561][  0]LogConfig: Setting CVar [[r.MobileDynamicPointLightsUseStaticBranch:1]]
[2022.10.30-15.15.11:561][  0]LogConfig: Setting CVar [[r.Mobile.EnableMovableSpotlights:0]]
[2022.10.30-15.15.11:561][  0]LogConfig: Setting CVar [[r.Mobile.EnableMovableSpotlightsShadow:0]]
[2022.10.30-15.15.11:562][  0]LogConfig: Setting CVar [[r.GPUSkin.Support16BitBoneIndex:0]]
[2022.10.30-15.15.11:562][  0]LogConfig: Setting CVar [[r.GPUSkin.Limit2BoneInfluences:0]]
[2022.10.30-15.15.11:562][  0]LogConfig: Setting CVar [[r.SupportDepthOnlyIndexBuffers:1]]
[2022.10.30-15.15.11:562][  0]LogConfig: Setting CVar [[r.SupportReversedIndexBuffers:1]]
[2022.10.30-15.15.11:562][  0]LogConfig: Setting CVar [[r.LightPropagationVolume:0]]
[2022.10.30-15.15.11:562][  0]LogConfig: Setting CVar [[r.Mobile.AmbientOcclusion:0]]
[2022.10.30-15.15.11:562][  0]LogConfig: Setting CVar [[r.GPUSkin.UnlimitedBoneInfluences:0]]
[2022.10.30-15.15.11:562][  0]LogConfig: Setting CVar [[r.GPUSkin.UnlimitedBoneInfluencesThreshold:8]]
[2022.10.30-15.15.11:562][  0]LogConfig: Setting CVar [[r.Mobile.PlanarReflectionMode:0]]
[2022.10.30-15.15.11:562][  0]LogConfig: Setting CVar [[r.Mobile.SupportsGen4TAA:0]]
[2022.10.30-15.15.11:562][  0]LogConfig: Applying CVar settings from Section [/Script/Engine.RendererOverrideSettings] File [C:/Users/danie/Documents/Gamedev VR/game/UE4 game/fpsgame/Saved/Config/Windows/Engine.ini]
[2022.10.30-15.15.11:562][  0]LogConfig: Applying CVar settings from Section [/Script/Engine.StreamingSettings] File [C:/Users/danie/Documents/Gamedev VR/game/UE4 game/fpsgame/Saved/Config/Windows/Engine.ini]
[2022.10.30-15.15.11:562][  0]LogConfig: Setting CVar [[s.MinBulkDataSizeForAsyncLoading:131072]]
[2022.10.30-15.15.11:562][  0]LogConfig: Setting CVar [[s.AsyncLoadingThreadEnabled:0]]
[2022.10.30-15.15.11:562][  0]LogConfig: Setting CVar [[s.EventDrivenLoaderEnabled:1]]
[2022.10.30-15.15.11:562][  0]LogConfig: Setting CVar [[s.WarnIfTimeLimitExceeded:0]]
[2022.10.30-15.15.11:562][  0]LogConfig: Setting CVar [[s.TimeLimitExceededMultiplier:1.5]]
[2022.10.30-15.15.11:562][  0]LogConfig: Setting CVar [[s.TimeLimitExceededMinTime:0.005]]
[2022.10.30-15.15.11:562][  0]LogConfig: Setting CVar [[s.UseBackgroundLevelStreaming:1]]
[2022.10.30-15.15.11:562][  0]LogConfig: Setting CVar [[s.PriorityAsyncLoadingExtraTime:15.0]]
[2022.10.30-15.15.11:562][  0]LogConfig: Setting CVar [[s.LevelStreamingActorsUpdateTimeLimit:5.0]]
[2022.10.30-15.15.11:562][  0]LogConfig: Setting CVar [[s.PriorityLevelStreamingActorsUpdateExtraTime:5.0]]
[2022.10.30-15.15.11:562][  0]LogConfig: Setting CVar [[s.LevelStreamingComponentsRegistrationGranularity:10]]
[2022.10.30-15.15.11:562][  0]LogConfig: Setting CVar [[s.UnregisterComponentsTimeLimit:1.0]]
[2022.10.30-15.15.11:562][  0]LogConfig: Setting CVar [[s.LevelStreamingComponentsUnregistrationGranularity:5]]
[2022.10.30-15.15.11:562][  0]LogConfig: Setting CVar [[s.FlushStreamingOnExit:1]]
[2022.10.30-15.15.11:562][  0]LogConfig: Applying CVar settings from Section [/Script/Engine.GarbageCollectionSettings] File [C:/Users/danie/Documents/Gamedev VR/game/UE4 game/fpsgame/Saved/Config/Windows/Engine.ini]
[2022.10.30-15.15.11:562][  0]LogConfig: Setting CVar [[gc.MaxObjectsNotConsideredByGC:1]]
[2022.10.30-15.15.11:562][  0]LogConfig: Setting CVar [[gc.SizeOfPermanentObjectPool:0]]
[2022.10.30-15.15.11:562][  0]LogConfig: Setting CVar [[gc.FlushStreamingOnGC:0]]
[2022.10.30-15.15.11:562][  0]LogConfig: Setting CVar [[gc.NumRetriesBeforeForcingGC:10]]
[2022.10.30-15.15.11:562][  0]LogConfig: Setting CVar [[gc.AllowParallelGC:1]]
[2022.10.30-15.15.11:562][  0]LogConfig: Setting CVar [[gc.TimeBetweenPurgingPendingKillObjects:61.1]]
[2022.10.30-15.15.11:562][  0]LogConfig: Setting CVar [[gc.MaxObjectsInEditor:25165824]]
[2022.10.30-15.15.11:562][  0]LogConfig: Setting CVar [[gc.IncrementalBeginDestroyEnabled:1]]
[2022.10.30-15.15.11:562][  0]LogConfig: Setting CVar [[gc.CreateGCClusters:1]]
[2022.10.30-15.15.11:562][  0]LogConfig: Setting CVar [[gc.MinGCClusterSize:5]]
[2022.10.30-15.15.11:562][  0]LogConfig: Setting CVar [[gc.ActorClusteringEnabled:0]]
[2022.10.30-15.15.11:562][  0]LogConfig: Setting CVar [[gc.BlueprintClusteringEnabled:0]]
[2022.10.30-15.15.11:562][  0]LogConfig: Setting CVar [[gc.UseDisregardForGCOnDedicatedServers:0]]
[2022.10.30-15.15.11:562][  0]LogConfig: Setting CVar [[gc.MultithreadedDestructionEnabled:1]]
[2022.10.30-15.15.11:562][  0]LogConfig: Applying CVar settings from Section [/Script/Engine.NetworkSettings] File [C:/Users/danie/Documents/Gamedev VR/game/UE4 game/fpsgame/Saved/Config/Windows/Engine.ini]
[2022.10.30-15.15.11:562][  0]LogConfig: Applying CVar settings from Section [/Script/UnrealEd.CookerSettings] File [C:/Users/danie/Documents/Gamedev VR/game/UE4 game/fpsgame/Saved/Config/Windows/Engine.ini]
[2022.10.30-15.15.11:574][  0]LogConfig: Applying CVar settings from Section [ViewDistanceQuality@3] File [C:/Users/danie/Documents/Gamedev VR/game/UE4 game/fpsgame/Saved/Config/Windows/Scalability.ini]
[2022.10.30-15.15.11:574][  0]LogConfig: Setting CVar [[r.SkeletalMeshLODBias:0]]
[2022.10.30-15.15.11:574][  0]LogConfig: Setting CVar [[r.ViewDistanceScale:1.0]]
[2022.10.30-15.15.11:574][  0]LogConfig: Applying CVar settings from Section [AntiAliasingQuality@3] File [C:/Users/danie/Documents/Gamedev VR/game/UE4 game/fpsgame/Saved/Config/Windows/Scalability.ini]
[2022.10.30-15.15.11:574][  0]LogConfig: Setting CVar [[r.PostProcessAAQuality:4]]
[2022.10.30-15.15.11:574][  0]LogConfig: Applying CVar settings from Section [ShadowQuality@3] File [C:/Users/danie/Documents/Gamedev VR/game/UE4 game/fpsgame/Saved/Config/Windows/Scalability.ini]
[2022.10.30-15.15.11:574][  0]LogConfig: Setting CVar [[r.LightFunctionQuality:1]]
[2022.10.30-15.15.11:574][  0]LogConfig: Setting CVar [[r.ShadowQuality:5]]
[2022.10.30-15.15.11:574][  0]LogConfig: Setting CVar [[r.Shadow.CSM.MaxCascades:10]]
[2022.10.30-15.15.11:574][  0]LogConfig: Setting CVar [[r.Shadow.MaxResolution:2048]]
[2022.10.30-15.15.11:574][  0]LogConfig: Setting CVar [[r.Shadow.MaxCSMResolution:2048]]
[2022.10.30-15.15.11:574][  0]LogConfig: Setting CVar [[r.Shadow.RadiusThreshold:0.01]]
[2022.10.30-15.15.11:574][  0]LogConfig: Setting CVar [[r.Shadow.DistanceScale:1.0]]
[2022.10.30-15.15.11:574][  0]LogConfig: Setting CVar [[r.Shadow.CSM.TransitionScale:1.0]]
[2022.10.30-15.15.11:574][  0]LogConfig: Setting CVar [[r.Shadow.PreShadowResolutionFactor:1.0]]
[2022.10.30-15.15.11:574][  0]LogConfig: Setting CVar [[r.DistanceFieldShadowing:1]]
[2022.10.30-15.15.11:574][  0]LogConfig: Setting CVar [[r.DistanceFieldAO:1]]
[2022.10.30-15.15.11:574][  0]LogConfig: Setting CVar [[r.AOQuality:2]]
[2022.10.30-15.15.11:574][  0]LogConfig: Setting CVar [[r.VolumetricFog:1]]
[2022.10.30-15.15.11:574][  0]LogConfig: Setting CVar [[r.VolumetricFog.GridPixelSize:8]]
[2022.10.30-15.15.11:574][  0]LogConfig: Setting CVar [[r.VolumetricFog.GridSizeZ:128]]
[2022.10.30-15.15.11:574][  0]LogConfig: Setting CVar [[r.VolumetricFog.HistoryMissSupersampleCount:4]]
[2022.10.30-15.15.11:574][  0]LogConfig: Setting CVar [[r.LightMaxDrawDistanceScale:1]]
[2022.10.30-15.15.11:574][  0]LogConfig: Setting CVar [[r.CapsuleShadows:1]]
[2022.10.30-15.15.11:574][  0]LogConfig: Applying CVar settings from Section [PostProcessQuality@3] File [C:/Users/danie/Documents/Gamedev VR/game/UE4 game/fpsgame/Saved/Config/Windows/Scalability.ini]
[2022.10.30-15.15.11:574][  0]LogConfig: Setting CVar [[r.MotionBlurQuality:4]]
[2022.10.30-15.15.11:574][  0]LogConfig: Setting CVar [[r.AmbientOcclusionMipLevelFactor:0.4]]
[2022.10.30-15.15.11:574][  0]LogConfig: Setting CVar [[r.AmbientOcclusionMaxQuality:100]]
[2022.10.30-15.15.11:574][  0]LogConfig: Setting CVar [[r.AmbientOcclusionLevels:-1]]
[2022.10.30-15.15.11:574][  0]LogConfig: Setting CVar [[r.AmbientOcclusionRadiusScale:1.0]]
[2022.10.30-15.15.11:574][  0]LogConfig: Setting CVar [[r.DepthOfFieldQuality:2]]
[2022.10.30-15.15.11:574][  0]LogConfig: Setting CVar [[r.RenderTargetPoolMin:400]]
[2022.10.30-15.15.11:574][  0]LogConfig: Setting CVar [[r.LensFlareQuality:2]]
[2022.10.30-15.15.11:574][  0]LogConfig: Setting CVar [[r.SceneColorFringeQuality:1]]
[2022.10.30-15.15.11:574][  0]LogConfig: Setting CVar [[r.EyeAdaptationQuality:2]]
[2022.10.30-15.15.11:574][  0]LogConfig: Setting CVar [[r.BloomQuality:5]]
[2022.10.30-15.15.11:574][  0]LogConfig: Setting CVar [[r.FastBlurThreshold:100]]
[2022.10.30-15.15.11:574][  0]LogConfig: Setting CVar [[r.Upscale.Quality:3]]
[2022.10.30-15.15.11:574][  0]LogConfig: Setting CVar [[r.Tonemapper.GrainQuantization:1]]
[2022.10.30-15.15.11:574][  0]LogConfig: Setting CVar [[r.LightShaftQuality:1]]
[2022.10.30-15.15.11:574][  0]LogConfig: Setting CVar [[r.Filter.SizeScale:1]]
[2022.10.30-15.15.11:574][  0]LogConfig: Setting CVar [[r.Tonemapper.Quality:5]]
[2022.10.30-15.15.11:574][  0]LogConfig: Setting CVar [[r.DOF.Gather.AccumulatorQuality:1        ; higher gathering accumulator quality]]
[2022.10.30-15.15.11:574][  0]LogConfig: Setting CVar [[r.DOF.Gather.PostfilterMethod:1          ; Median3x3 postfilering method]]
[2022.10.30-15.15.11:574][  0]LogConfig: Setting CVar [[r.DOF.Gather.EnableBokehSettings:0       ; no bokeh simulation when gathering]]
[2022.10.30-15.15.11:574][  0]LogConfig: Setting CVar [[r.DOF.Gather.RingCount:4                 ; medium number of samples when gathering]]
[2022.10.30-15.15.11:574][  0]LogConfig: Setting CVar [[r.DOF.Scatter.ForegroundCompositing:1    ; additive foreground scattering]]
[2022.10.30-15.15.11:574][  0]LogConfig: Setting CVar [[r.DOF.Scatter.BackgroundCompositing:2    ; additive background scattering]]
[2022.10.30-15.15.11:574][  0]LogConfig: Setting CVar [[r.DOF.Scatter.EnableBokehSettings:1      ; bokeh simulation when scattering]]
[2022.10.30-15.15.11:574][  0]LogConfig: Setting CVar [[r.DOF.Scatter.MaxSpriteRatio:0.1         ; only a maximum of 10% of scattered bokeh]]
[2022.10.30-15.15.11:574][  0]LogConfig: Setting CVar [[r.DOF.Recombine.Quality:1                ; cheap slight out of focus]]
[2022.10.30-15.15.11:574][  0]LogConfig: Setting CVar [[r.DOF.Recombine.EnableBokehSettings:0    ; no bokeh simulation on slight out of focus]]
[2022.10.30-15.15.11:574][  0]LogConfig: Setting CVar [[r.DOF.TemporalAAQuality:1                ; more stable temporal accumulation]]
[2022.10.30-15.15.11:574][  0]LogConfig: Setting CVar [[r.DOF.Kernel.MaxForegroundRadius:0.025]]
[2022.10.30-15.15.11:574][  0]LogConfig: Setting CVar [[r.DOF.Kernel.MaxBackgroundRadius:0.025]]
[2022.10.30-15.15.11:574][  0]LogConfig: Applying CVar settings from Section [TextureQuality@3] File [C:/Users/danie/Documents/Gamedev VR/game/UE4 game/fpsgame/Saved/Config/Windows/Scalability.ini]
[2022.10.30-15.15.11:574][  0]LogConfig: Setting CVar [[r.Streaming.MipBias:0]]
[2022.10.30-15.15.11:574][  0]LogConfig: Setting CVar [[r.Streaming.AmortizeCPUToGPUCopy:0]]
[2022.10.30-15.15.11:574][  0]LogConfig: Setting CVar [[r.Streaming.MaxNumTexturesToStreamPerFrame:0]]
[2022.10.30-15.15.11:574][  0]LogConfig: Setting CVar [[r.Streaming.Boost:1]]
[2022.10.30-15.15.11:574][  0]LogConfig: Setting CVar [[r.MaxAnisotropy:8]]
[2022.10.30-15.15.11:574][  0]LogConfig: Setting CVar [[r.VT.MaxAnisotropy:8]]
[2022.10.30-15.15.11:574][  0]LogConfig: Setting CVar [[r.Streaming.LimitPoolSizeToVRAM:0]]
[2022.10.30-15.15.11:574][  0]LogConfig: Setting CVar [[r.Streaming.PoolSize:1000]]
[2022.10.30-15.15.11:574][  0]LogConfig: Setting CVar [[r.Streaming.MaxEffectiveScreenSize:0]]
[2022.10.30-15.15.11:574][  0]LogConfig: Applying CVar settings from Section [EffectsQuality@3] File [C:/Users/danie/Documents/Gamedev VR/game/UE4 game/fpsgame/Saved/Config/Windows/Scalability.ini]
[2022.10.30-15.15.11:574][  0]LogConfig: Setting CVar [[r.TranslucencyLightingVolumeDim:64]]
[2022.10.30-15.15.11:574][  0]LogConfig: Setting CVar [[r.RefractionQuality:2]]
[2022.10.30-15.15.11:574][  0]LogConfig: Setting CVar [[r.SSR.Quality:3]]
[2022.10.30-15.15.11:574][  0]LogConfig: Setting CVar [[r.SSR.HalfResSceneColor:0]]
[2022.10.30-15.15.11:574][  0]LogConfig: Setting CVar [[r.SceneColorFormat:4]]
[2022.10.30-15.15.11:574][  0]LogConfig: Setting CVar [[r.DetailMode:2]]
[2022.10.30-15.15.11:574][  0]LogConfig: Setting CVar [[r.TranslucencyVolumeBlur:1]]
[2022.10.30-15.15.11:574][  0]LogConfig: Setting CVar [[r.MaterialQualityLevel:1 ; High quality]]
[2022.10.30-15.15.11:574][  0]LogConfig: Setting CVar [[r.AnisotropicMaterials:1]]
[2022.10.30-15.15.11:574][  0]LogConfig: Setting CVar [[r.SSS.Scale:1]]
[2022.10.30-15.15.11:574][  0]LogConfig: Setting CVar [[r.SSS.SampleSet:2]]
[2022.10.30-15.15.11:574][  0]LogConfig: Setting CVar [[r.SSS.Quality:1]]
[2022.10.30-15.15.11:574][  0]LogConfig: Setting CVar [[r.SSS.HalfRes:0]]
[2022.10.30-15.15.11:574][  0]LogConfig: Setting CVar [[r.SSGI.Quality:3]]
[2022.10.30-15.15.11:574][  0]LogConfig: Setting CVar [[r.EmitterSpawnRateScale:1.0]]
[2022.10.30-15.15.11:574][  0]LogConfig: Setting CVar [[r.ParticleLightQuality:2]]
[2022.10.30-15.15.11:574][  0]LogConfig: Setting CVar [[r.SkyAtmosphere.AerialPerspectiveLUT.FastApplyOnOpaque:1 ; Always have FastSkyLUT 1 in this case to avoid wrong sky]]
[2022.10.30-15.15.11:574][  0]LogConfig: Setting CVar [[r.SkyAtmosphere.AerialPerspectiveLUT.SampleCountMaxPerSlice:4]]
[2022.10.30-15.15.11:574][  0]LogConfig: Setting CVar [[r.SkyAtmosphere.AerialPerspectiveLUT.DepthResolution:16.0]]
[2022.10.30-15.15.11:574][  0]LogConfig: Setting CVar [[r.SkyAtmosphere.FastSkyLUT:1]]
[2022.10.30-15.15.11:574][  0]LogConfig: Setting CVar [[r.SkyAtmosphere.FastSkyLUT.SampleCountMin:4.0]]
[2022.10.30-15.15.11:574][  0]LogConfig: Setting CVar [[r.SkyAtmosphere.FastSkyLUT.SampleCountMax:128.0]]
[2022.10.30-15.15.11:574][  0]LogConfig: Setting CVar [[r.SkyAtmosphere.SampleCountMin:4.0]]
[2022.10.30-15.15.11:575][  0]LogConfig: Setting CVar [[r.SkyAtmosphere.SampleCountMax:128.0]]
[2022.10.30-15.15.11:575][  0]LogConfig: Setting CVar [[r.SkyAtmosphere.TransmittanceLUT.UseSmallFormat:0]]
[2022.10.30-15.15.11:575][  0]LogConfig: Setting CVar [[r.SkyAtmosphere.TransmittanceLUT.SampleCount:10.0]]
[2022.10.30-15.15.11:575][  0]LogConfig: Setting CVar [[r.SkyAtmosphere.MultiScatteringLUT.SampleCount:15.0]]
[2022.10.30-15.15.11:575][  0]LogConfig: Setting CVar [[r.SkyLight.RealTimeReflectionCapture:1]]
[2022.10.30-15.15.11:575][  0]LogConfig: Applying CVar settings from Section [FoliageQuality@3] File [C:/Users/danie/Documents/Gamedev VR/game/UE4 game/fpsgame/Saved/Config/Windows/Scalability.ini]
[2022.10.30-15.15.11:575][  0]LogConfig: Setting CVar [[foliage.DensityScale:1.0]]
[2022.10.30-15.15.11:575][  0]LogConfig: Setting CVar [[grass.DensityScale:1.0]]
[2022.10.30-15.15.11:575][  0]LogConfig: Applying CVar settings from Section [ShadingQuality@3] File [C:/Users/danie/Documents/Gamedev VR/game/UE4 game/fpsgame/Saved/Config/Windows/Scalability.ini]
[2022.10.30-15.15.11:575][  0]LogConfig: Setting CVar [[r.HairStrands.SkyLighting.IntegrationType:2]]
[2022.10.30-15.15.11:575][  0]LogConfig: Setting CVar [[r.HairStrands.SkyAO.SampleCount:4]]
[2022.10.30-15.15.11:575][  0]LogConfig: Setting CVar [[r.HairStrands.Visibility.MSAA.SamplePerPixel:4]]
[2022.10.30-15.15.11:575][  0]LogInit: Selected Device Profile: [Windows]
[2022.10.30-15.15.11:575][  0]LogInit: Applying CVar settings loaded from the selected device profile: [Windows]
[2022.10.30-15.15.11:575][  0]LogHAL: Display: Platform has ~ 16 GB [17128247296 / 17179869184 / 16], which maps to Larger [LargestMinGB=32, LargerMinGB=12, DefaultMinGB=8, SmallerMinGB=6, SmallestMinGB=0)
[2022.10.30-15.15.11:575][  0]LogInit: Going up to parent DeviceProfile []
[2022.10.30-15.15.11:575][  0]LogConfig: Applying CVar settings from Section [ViewDistanceQuality@3] File [C:/Users/danie/Documents/Gamedev VR/game/UE4 game/fpsgame/Saved/Config/Windows/Scalability.ini]
[2022.10.30-15.15.11:575][  0]LogConfig: Setting CVar [[r.SkeletalMeshLODBias:0]]
[2022.10.30-15.15.11:575][  0]LogConfig: Setting CVar [[r.ViewDistanceScale:1.0]]
[2022.10.30-15.15.11:575][  0]LogConfig: Applying CVar settings from Section [AntiAliasingQuality@3] File [C:/Users/danie/Documents/Gamedev VR/game/UE4 game/fpsgame/Saved/Config/Windows/Scalability.ini]
[2022.10.30-15.15.11:575][  0]LogConfig: Setting CVar [[r.PostProcessAAQuality:4]]
[2022.10.30-15.15.11:575][  0]LogConfig: Applying CVar settings from Section [ShadowQuality@3] File [C:/Users/danie/Documents/Gamedev VR/game/UE4 game/fpsgame/Saved/Config/Windows/Scalability.ini]
[2022.10.30-15.15.11:575][  0]LogConfig: Setting CVar [[r.LightFunctionQuality:1]]
[2022.10.30-15.15.11:575][  0]LogConfig: Setting CVar [[r.ShadowQuality:5]]
[2022.10.30-15.15.11:575][  0]LogConfig: Setting CVar [[r.Shadow.CSM.MaxCascades:10]]
[2022.10.30-15.15.11:575][  0]LogConfig: Setting CVar [[r.Shadow.MaxResolution:2048]]
[2022.10.30-15.15.11:575][  0]LogConfig: Setting CVar [[r.Shadow.MaxCSMResolution:2048]]
[2022.10.30-15.15.11:575][  0]LogConfig: Setting CVar [[r.Shadow.RadiusThreshold:0.01]]
[2022.10.30-15.15.11:575][  0]LogConfig: Setting CVar [[r.Shadow.DistanceScale:1.0]]
[2022.10.30-15.15.11:575][  0]LogConfig: Setting CVar [[r.Shadow.CSM.TransitionScale:1.0]]
[2022.10.30-15.15.11:575][  0]LogConfig: Setting CVar [[r.Shadow.PreShadowResolutionFactor:1.0]]
[2022.10.30-15.15.11:575][  0]LogConfig: Setting CVar [[r.DistanceFieldShadowing:1]]
[2022.10.30-15.15.11:575][  0]LogConfig: Setting CVar [[r.DistanceFieldAO:1]]
[2022.10.30-15.15.11:575][  0]LogConfig: Setting CVar [[r.AOQuality:2]]
[2022.10.30-15.15.11:575][  0]LogConfig: Setting CVar [[r.VolumetricFog:1]]
[2022.10.30-15.15.11:575][  0]LogConfig: Setting CVar [[r.VolumetricFog.GridPixelSize:8]]
[2022.10.30-15.15.11:575][  0]LogConfig: Setting CVar [[r.VolumetricFog.GridSizeZ:128]]
[2022.10.30-15.15.11:575][  0]LogConfig: Setting CVar [[r.VolumetricFog.HistoryMissSupersampleCount:4]]
[2022.10.30-15.15.11:575][  0]LogConfig: Setting CVar [[r.LightMaxDrawDistanceScale:1]]
[2022.10.30-15.15.11:575][  0]LogConfig: Setting CVar [[r.CapsuleShadows:1]]
[2022.10.30-15.15.11:575][  0]LogConfig: Applying CVar settings from Section [PostProcessQuality@3] File [C:/Users/danie/Documents/Gamedev VR/game/UE4 game/fpsgame/Saved/Config/Windows/Scalability.ini]
[2022.10.30-15.15.11:575][  0]LogConfig: Setting CVar [[r.MotionBlurQuality:4]]
[2022.10.30-15.15.11:575][  0]LogConfig: Setting CVar [[r.AmbientOcclusionMipLevelFactor:0.4]]
[2022.10.30-15.15.11:575][  0]LogConfig: Setting CVar [[r.AmbientOcclusionMaxQuality:100]]
[2022.10.30-15.15.11:575][  0]LogConfig: Setting CVar [[r.AmbientOcclusionLevels:-1]]
[2022.10.30-15.15.11:575][  0]LogConfig: Setting CVar [[r.AmbientOcclusionRadiusScale:1.0]]
[2022.10.30-15.15.11:575][  0]LogConfig: Setting CVar [[r.DepthOfFieldQuality:2]]
[2022.10.30-15.15.11:575][  0]LogConfig: Setting CVar [[r.RenderTargetPoolMin:400]]
[2022.10.30-15.15.11:575][  0]LogConfig: Setting CVar [[r.LensFlareQuality:2]]
[2022.10.30-15.15.11:575][  0]LogConfig: Setting CVar [[r.SceneColorFringeQuality:1]]
[2022.10.30-15.15.11:575][  0]LogConfig: Setting CVar [[r.EyeAdaptationQuality:2]]
[2022.10.30-15.15.11:575][  0]LogConfig: Setting CVar [[r.BloomQuality:5]]
[2022.10.30-15.15.11:575][  0]LogConfig: Setting CVar [[r.FastBlurThreshold:100]]
[2022.10.30-15.15.11:575][  0]LogConfig: Setting CVar [[r.Upscale.Quality:3]]
[2022.10.30-15.15.11:575][  0]LogConfig: Setting CVar [[r.Tonemapper.GrainQuantization:1]]
[2022.10.30-15.15.11:575][  0]LogConfig: Setting CVar [[r.LightShaftQuality:1]]
[2022.10.30-15.15.11:575][  0]LogConfig: Setting CVar [[r.Filter.SizeScale:1]]
[2022.10.30-15.15.11:575][  0]LogConfig: Setting CVar [[r.Tonemapper.Quality:5]]
[2022.10.30-15.15.11:575][  0]LogConfig: Setting CVar [[r.DOF.Gather.AccumulatorQuality:1        ; higher gathering accumulator quality]]
[2022.10.30-15.15.11:575][  0]LogConfig: Setting CVar [[r.DOF.Gather.PostfilterMethod:1          ; Median3x3 postfilering method]]
[2022.10.30-15.15.11:575][  0]LogConfig: Setting CVar [[r.DOF.Gather.EnableBokehSettings:0       ; no bokeh simulation when gathering]]
[2022.10.30-15.15.11:575][  0]LogConfig: Setting CVar [[r.DOF.Gather.RingCount:4                 ; medium number of samples when gathering]]
[2022.10.30-15.15.11:575][  0]LogConfig: Setting CVar [[r.DOF.Scatter.ForegroundCompositing:1    ; additive foreground scattering]]
[2022.10.30-15.15.11:575][  0]LogConfig: Setting CVar [[r.DOF.Scatter.BackgroundCompositing:2    ; additive background scattering]]
[2022.10.30-15.15.11:575][  0]LogConfig: Setting CVar [[r.DOF.Scatter.EnableBokehSettings:1      ; bokeh simulation when scattering]]
[2022.10.30-15.15.11:575][  0]LogConfig: Setting CVar [[r.DOF.Scatter.MaxSpriteRatio:0.1         ; only a maximum of 10% of scattered bokeh]]
[2022.10.30-15.15.11:575][  0]LogConfig: Setting CVar [[r.DOF.Recombine.Quality:1                ; cheap slight out of focus]]
[2022.10.30-15.15.11:575][  0]LogConfig: Setting CVar [[r.DOF.Recombine.EnableBokehSettings:0    ; no bokeh simulation on slight out of focus]]
[2022.10.30-15.15.11:575][  0]LogConfig: Setting CVar [[r.DOF.TemporalAAQuality:1                ; more stable temporal accumulation]]
[2022.10.30-15.15.11:575][  0]LogConfig: Setting CVar [[r.DOF.Kernel.MaxForegroundRadius:0.025]]
[2022.10.30-15.15.11:575][  0]LogConfig: Setting CVar [[r.DOF.Kernel.MaxBackgroundRadius:0.025]]
[2022.10.30-15.15.11:575][  0]LogConfig: Applying CVar settings from Section [TextureQuality@3] File [C:/Users/danie/Documents/Gamedev VR/game/UE4 game/fpsgame/Saved/Config/Windows/Scalability.ini]
[2022.10.30-15.15.11:575][  0]LogConfig: Setting CVar [[r.Streaming.MipBias:0]]
[2022.10.30-15.15.11:575][  0]LogConfig: Setting CVar [[r.Streaming.AmortizeCPUToGPUCopy:0]]
[2022.10.30-15.15.11:575][  0]LogConfig: Setting CVar [[r.Streaming.MaxNumTexturesToStreamPerFrame:0]]
[2022.10.30-15.15.11:575][  0]LogConfig: Setting CVar [[r.Streaming.Boost:1]]
[2022.10.30-15.15.11:575][  0]LogConfig: Setting CVar [[r.MaxAnisotropy:8]]
[2022.10.30-15.15.11:575][  0]LogConfig: Setting CVar [[r.VT.MaxAnisotropy:8]]
[2022.10.30-15.15.11:575][  0]LogConfig: Setting CVar [[r.Streaming.LimitPoolSizeToVRAM:0]]
[2022.10.30-15.15.11:575][  0]LogConfig: Setting CVar [[r.Streaming.PoolSize:1000]]
[2022.10.30-15.15.11:575][  0]LogConfig: Setting CVar [[r.Streaming.MaxEffectiveScreenSize:0]]
[2022.10.30-15.15.11:575][  0]LogConfig: Applying CVar settings from Section [EffectsQuality@3] File [C:/Users/danie/Documents/Gamedev VR/game/UE4 game/fpsgame/Saved/Config/Windows/Scalability.ini]
[2022.10.30-15.15.11:575][  0]LogConfig: Setting CVar [[r.TranslucencyLightingVolumeDim:64]]
[2022.10.30-15.15.11:575][  0]LogConfig: Setting CVar [[r.RefractionQuality:2]]
[2022.10.30-15.15.11:575][  0]LogConfig: Setting CVar [[r.SSR.Quality:3]]
[2022.10.30-15.15.11:575][  0]LogConfig: Setting CVar [[r.SSR.HalfResSceneColor:0]]
[2022.10.30-15.15.11:575][  0]LogConfig: Setting CVar [[r.SceneColorFormat:4]]
[2022.10.30-15.15.11:575][  0]LogConfig: Setting CVar [[r.DetailMode:2]]
[2022.10.30-15.15.11:575][  0]LogConfig: Setting CVar [[r.TranslucencyVolumeBlur:1]]
[2022.10.30-15.15.11:575][  0]LogConfig: Setting CVar [[r.MaterialQualityLevel:1 ; High quality]]
[2022.10.30-15.15.11:575][  0]LogConfig: Setting CVar [[r.AnisotropicMaterials:1]]
[2022.10.30-15.15.11:575][  0]LogConfig: Setting CVar [[r.SSS.Scale:1]]
[2022.10.30-15.15.11:575][  0]LogConfig: Setting CVar [[r.SSS.SampleSet:2]]
[2022.10.30-15.15.11:576][  0]LogConfig: Setting CVar [[r.SSS.Quality:1]]
[2022.10.30-15.15.11:576][  0]LogConfig: Setting CVar [[r.SSS.HalfRes:0]]
[2022.10.30-15.15.11:576][  0]LogConfig: Setting CVar [[r.SSGI.Quality:3]]
[2022.10.30-15.15.11:576][  0]LogConfig: Setting CVar [[r.EmitterSpawnRateScale:1.0]]
[2022.10.30-15.15.11:576][  0]LogConfig: Setting CVar [[r.ParticleLightQuality:2]]
[2022.10.30-15.15.11:576][  0]LogConfig: Setting CVar [[r.SkyAtmosphere.AerialPerspectiveLUT.FastApplyOnOpaque:1 ; Always have FastSkyLUT 1 in this case to avoid wrong sky]]
[2022.10.30-15.15.11:576][  0]LogConfig: Setting CVar [[r.SkyAtmosphere.AerialPerspectiveLUT.SampleCountMaxPerSlice:4]]
[2022.10.30-15.15.11:576][  0]LogConfig: Setting CVar [[r.SkyAtmosphere.AerialPerspectiveLUT.DepthResolution:16.0]]
[2022.10.30-15.15.11:576][  0]LogConfig: Setting CVar [[r.SkyAtmosphere.FastSkyLUT:1]]
[2022.10.30-15.15.11:576][  0]LogConfig: Setting CVar [[r.SkyAtmosphere.FastSkyLUT.SampleCountMin:4.0]]
[2022.10.30-15.15.11:576][  0]LogConfig: Setting CVar [[r.SkyAtmosphere.FastSkyLUT.SampleCountMax:128.0]]
[2022.10.30-15.15.11:576][  0]LogConfig: Setting CVar [[r.SkyAtmosphere.SampleCountMin:4.0]]
[2022.10.30-15.15.11:576][  0]LogConfig: Setting CVar [[r.SkyAtmosphere.SampleCountMax:128.0]]
[2022.10.30-15.15.11:576][  0]LogConfig: Setting CVar [[r.SkyAtmosphere.TransmittanceLUT.UseSmallFormat:0]]
[2022.10.30-15.15.11:576][  0]LogConfig: Setting CVar [[r.SkyAtmosphere.TransmittanceLUT.SampleCount:10.0]]
[2022.10.30-15.15.11:576][  0]LogConfig: Setting CVar [[r.SkyAtmosphere.MultiScatteringLUT.SampleCount:15.0]]
[2022.10.30-15.15.11:576][  0]LogConfig: Setting CVar [[r.SkyLight.RealTimeReflectionCapture:1]]
[2022.10.30-15.15.11:576][  0]LogConfig: Applying CVar settings from Section [FoliageQuality@3] File [C:/Users/danie/Documents/Gamedev VR/game/UE4 game/fpsgame/Saved/Config/Windows/Scalability.ini]
[2022.10.30-15.15.11:576][  0]LogConfig: Setting CVar [[foliage.DensityScale:1.0]]
[2022.10.30-15.15.11:576][  0]LogConfig: Setting CVar [[grass.DensityScale:1.0]]
[2022.10.30-15.15.11:576][  0]LogConfig: Applying CVar settings from Section [ShadingQuality@3] File [C:/Users/danie/Documents/Gamedev VR/game/UE4 game/fpsgame/Saved/Config/Windows/Scalability.ini]
[2022.10.30-15.15.11:576][  0]LogConfig: Setting CVar [[r.HairStrands.SkyLighting.IntegrationType:2]]
[2022.10.30-15.15.11:576][  0]LogConfig: Setting CVar [[r.HairStrands.SkyAO.SampleCount:4]]
[2022.10.30-15.15.11:576][  0]LogConfig: Setting CVar [[r.HairStrands.Visibility.MSAA.SamplePerPixel:4]]
[2022.10.30-15.15.11:576][  0]LogConfig: Applying CVar settings from Section [Startup] File [../../../Engine/Config/ConsoleVariables.ini]
[2022.10.30-15.15.11:576][  0]LogConfig: Setting CVar [[net.UseAdaptiveNetUpdateFrequency:0]]
[2022.10.30-15.15.11:576][  0]LogConfig: Setting CVar [[p.chaos.AllowCreatePhysxBodies:1]]
[2022.10.30-15.15.11:576][  0]LogConfig: Setting CVar [[fx.SkipVectorVMBackendOptimizations:1]]
[2022.10.30-15.15.11:576][  0]LogConfig: Applying CVar settings from Section [ConsoleVariables] File [C:/Users/danie/Documents/Gamedev VR/game/UE4 game/fpsgame/Saved/Config/Windows/Engine.ini]
[2022.10.30-15.15.11:576][  0]LogConfig: Applying CVar settings from Section [ConsoleVariables] File [C:/Users/danie/Documents/Gamedev VR/game/UE4 game/fpsgame/Saved/Config/Windows/Editor.ini]
[2022.10.30-15.15.11:576][  0]LogInit: Computer: DESKTOP-QG36584
[2022.10.30-15.15.11:576][  0]LogInit: User: danie
[2022.10.30-15.15.11:576][  0]LogInit: CPU Page size=4096, Cores=6
[2022.10.30-15.15.11:576][  0]LogInit: High frequency timer resolution =10.000000 MHz
[2022.10.30-15.15.11:577][  0]LogMemory: Memory total: Physical=16.0GB (16GB approx)
[2022.10.30-15.15.11:577][  0]LogMemory: Platform Memory Stats for Windows
[2022.10.30-15.15.11:577][  0]LogMemory: Process Physical Memory: 144.97 MB used, 144.97 MB peak
[2022.10.30-15.15.11:577][  0]LogMemory: Process Virtual Memory: 127.92 MB used, 127.92 MB peak
[2022.10.30-15.15.11:577][  0]LogMemory: Physical Memory: 11639.59 MB used,  4695.18 MB free, 16334.77 MB total
[2022.10.30-15.15.11:577][  0]LogMemory: Virtual Memory: 134213432.00 MB used,  4293.43 MB free, 134217728.00 MB total
[2022.10.30-15.15.11:581][  0]LogWindows: WindowsPlatformFeatures enabled
[2022.10.30-15.15.11:601][  0]LogInit: Physics initialised using underlying interface: PhysX
[2022.10.30-15.15.11:601][  0]LogInit: Using OS detected language (en-US).
[2022.10.30-15.15.11:601][  0]LogInit: Using OS detected locale (en-GB).
[2022.10.30-15.15.11:608][  0]LogTextLocalizationManager: No specific localization for 'en-US' exists, so the 'en' localization will be used.
[2022.10.30-15.15.11:772][  0]LogWindowsTextInputMethodSystem: Display: IME system deactivated.
[2022.10.30-15.15.11:797][  0]LogSlate: New Slate User Created.  User Index 0, Is Virtual User: 0
[2022.10.30-15.15.11:797][  0]LogSlate: Slate User Registered.  User Index 0, Is Virtual User: 0
[2022.10.30-15.15.11:816][  0]LogD3D11RHI: Loaded GFSDK_Aftermath_Lib.x64.dll
[2022.10.30-15.15.11:819][  0]LogHMD: Failed to initialize OpenVR with code 110
[2022.10.30-15.15.11:819][  0]LogD3D11RHI: D3D11 min allowed feature level: 11_0
[2022.10.30-15.15.11:819][  0]LogD3D11RHI: D3D11 max allowed feature level: 11_0
[2022.10.30-15.15.11:819][  0]LogD3D11RHI: D3D11 adapters:
[2022.10.30-15.15.11:854][  0]LogD3D11RHI:    0. 'AMD Radeon RX 5700 XT' (Feature Level 11_0)
[2022.10.30-15.15.11:854][  0]LogD3D11RHI:       8151/0/8167 MB DedicatedVideo/DedicatedSystem/SharedSystem, Outputs:2, VendorId:0x1002
[2022.10.30-15.15.11:856][  0]LogD3D11RHI:    1. 'Microsoft Basic Render Driver' (Feature Level 11_0)
[2022.10.30-15.15.11:856][  0]LogD3D11RHI:       0/0/8167 MB DedicatedVideo/DedicatedSystem/SharedSystem, Outputs:0, VendorId:0x1414
[2022.10.30-15.15.11:856][  0]LogD3D11RHI: Chosen D3D11 Adapter:
[2022.10.30-15.15.11:856][  0]LogD3D11RHI:     Description : AMD Radeon RX 5700 XT
[2022.10.30-15.15.11:856][  0]LogD3D11RHI:     VendorId    : 1002
[2022.10.30-15.15.11:856][  0]LogD3D11RHI:     DeviceId    : 731f
[2022.10.30-15.15.11:856][  0]LogD3D11RHI:     SubSysId    : 23131458
[2022.10.30-15.15.11:856][  0]LogD3D11RHI:     Revision    : 00c1
[2022.10.30-15.15.11:856][  0]LogD3D11RHI:     DedicatedVideoMemory : 8547471360 bytes
[2022.10.30-15.15.11:856][  0]LogD3D11RHI:     DedicatedSystemMemory : 0 bytes
[2022.10.30-15.15.11:856][  0]LogD3D11RHI:     SharedSystemMemory : 8564123648 bytes
[2022.10.30-15.15.11:856][  0]LogD3D11RHI:     AdapterLuid : 0 53966
[2022.10.30-15.15.11:863][  0]LogD3D11RHI: Creating new Direct3DDevice
[2022.10.30-15.15.11:863][  0]LogD3D11RHI:     GPU DeviceId: 0x731f (for the marketing name, search the web for "GPU Device Id")
[2022.10.30-15.15.11:863][  0]LogWindows: EnumDisplayDevices:
[2022.10.30-15.15.11:863][  0]LogWindows:    0. 'AMD Radeon RX 5700 XT' (P:1 D:1)
[2022.10.30-15.15.11:863][  0]LogWindows:    1. 'AMD Radeon RX 5700 XT' (P:0 D:1)
[2022.10.30-15.15.11:863][  0]LogWindows:    2. 'AMD Radeon RX 5700 XT' (P:0 D:0)
[2022.10.30-15.15.11:864][  0]LogWindows:    3. 'AMD Radeon RX 5700 XT' (P:0 D:0)
[2022.10.30-15.15.11:864][  0]LogWindows:    4. 'AMD Radeon RX 5700 XT' (P:0 D:0)
[2022.10.30-15.15.11:864][  0]LogWindows:    5. 'AMD Radeon RX 5700 XT' (P:0 D:0)
[2022.10.30-15.15.11:865][  0]LogWindows:    6. 'AMD Radeon RX 5700 XT' (P:0 D:0)
[2022.10.30-15.15.11:865][  0]LogWindows: DebugString: FoundDriverCount:7 
[2022.10.30-15.15.11:865][  0]LogD3D11RHI:     Adapter Name: AMD Radeon RX 5700 XT
[2022.10.30-15.15.11:865][  0]LogD3D11RHI:   Driver Version: AMD Software: Adrenalin Edition 22.5.1 (internal:30.0.15021.11005, unified:30.0.15021.11005)
[2022.10.30-15.15.11:865][  0]LogD3D11RHI:      Driver Date: 4-28-2022
[2022.10.30-15.15.11:865][  0]LogRHI: Texture pool is 5168 MB (70% of 7383 MB)
[2022.10.30-15.15.11:888][  0]LogD3D11RHI: Creating D3DDevice with AMD AGS, using adapter:
[2022.10.30-15.15.11:888][  0]LogD3D11RHI:     Description : AMD Radeon RX 5700 XT
[2022.10.30-15.15.11:888][  0]LogD3D11RHI:     VendorId    : 1002
[2022.10.30-15.15.11:888][  0]LogD3D11RHI:     DeviceId    : 731f
[2022.10.30-15.15.11:888][  0]LogD3D11RHI:     SubSysId    : 23131458
[2022.10.30-15.15.11:888][  0]LogD3D11RHI:     Revision    : 00c1
[2022.10.30-15.15.11:888][  0]LogD3D11RHI:     DedicatedVideoMemory : 8547471360 bytes
[2022.10.30-15.15.11:888][  0]LogD3D11RHI:     DedicatedSystemMemory : 0 bytes
[2022.10.30-15.15.11:888][  0]LogD3D11RHI:     SharedSystemMemory : 8564123648 bytes
[2022.10.30-15.15.11:888][  0]LogD3D11RHI:     AdapterLuid : 0 53966
[2022.10.30-15.15.11:919][  0]LogD3D11RHI: Created device via AGS, feature level 11_0, supported extensions 1fffffbf.
[2022.10.30-15.15.11:919][  0]LogD3D11RHI: RHI has support for 64 bit atomics
[2022.10.30-15.15.11:919][  0]LogD3D11RHI: Async texture creation enabled
[2022.10.30-15.15.11:919][  0]LogD3D11RHI: Array index from any shader is supported
[2022.10.30-15.15.11:932][  0]LogD3D11RHI: GPU Timing Frequency: 100.000000 (Debug: 2 1)
[2022.10.30-15.15.12:176][  0]LogTargetPlatformManager: Display: Loaded TargetPlatform 'WindowsNoEditor'
[2022.10.30-15.15.12:181][  0]LogTargetPlatformManager: Display: Loaded TargetPlatform 'Windows'
[2022.10.30-15.15.12:185][  0]LogTargetPlatformManager: Display: Loaded TargetPlatform 'WindowsClient'
[2022.10.30-15.15.12:189][  0]LogTargetPlatformManager: Display: Loaded TargetPlatform 'WindowsServer'
[2022.10.30-15.15.12:189][  0]LogTargetPlatformManager: Display: Building Assets For Windows
[2022.10.30-15.15.12:196][  0]LogAudioDebug: Display: Lib vorbis DLL was dynamically loaded.
[2022.10.30-15.15.12:225][  0]LogTextureFormatOodle: Display: Oodle Texture 2.9.0 init RDO Off
[2022.10.30-15.15.12:249][  0]LogRendererCore: Ray tracing is disabled. Reason: r.RayTracing=0.
[2022.10.30-15.15.12:250][  0]LogShaderCompilers: Guid format shader working directory is -27 characters bigger than the processId version (../../../../../../Users/danie/Documents/Gamedev VR/game/UE4 game/fpsgame/Intermediate/Shaders/WorkingDirectory/11968/).
[2022.10.30-15.15.12:250][  0]LogShaderCompilers: Cleaned the shader compiler working directory 'C:/Users/danie/AppData/Local/Temp/UnrealShaderWorkingDir/133310D643171C9250A33B9F3AC190BF/'.
[2022.10.30-15.15.12:250][  0]LogXGEController: Cannot use XGE Controller as Incredibuild is not installed on this machine.
[2022.10.30-15.15.12:250][  0]LogShaderCompilers: Cannot use XGE Shader Compiler as Incredibuild is not installed on this machine.
[2022.10.30-15.15.12:250][  0]LogShaderCompilers: Display: Using Local Shader Compiler.
[2022.10.30-15.15.12:886][  0]LogDerivedDataCache: Display: Max Cache Size: 512 MB
[2022.10.30-15.15.12:933][  0]LogDerivedDataCache: Loaded boot cache 0.05s 94MB C:/Users/danie/AppData/Local/UnrealEngine/4.27/DerivedDataCache/Boot.ddc.
[2022.10.30-15.15.12:933][  0]LogDerivedDataCache: Display: Loaded Boot cache: C:/Users/danie/AppData/Local/UnrealEngine/4.27/DerivedDataCache/Boot.ddc
[2022.10.30-15.15.12:933][  0]LogDerivedDataCache: FDerivedDataBackendGraph:  Pak pak cache file ../../../../../../Users/danie/Documents/Gamedev VR/game/UE4 game/fpsgame/DerivedDataCache/DDC.ddp not found, will not use a pak cache.
[2022.10.30-15.15.12:933][  0]LogDerivedDataCache: Unable to find inner node Pak for hierarchical cache Hierarchy.
[2022.10.30-15.15.12:933][  0]LogDerivedDataCache: FDerivedDataBackendGraph:  CompressedPak pak cache file ../../../../../../Users/danie/Documents/Gamedev VR/game/UE4 game/fpsgame/DerivedDataCache/Compressed.ddp not found, will not use a pak cache.
[2022.10.30-15.15.12:933][  0]LogDerivedDataCache: Unable to find inner node CompressedPak for hierarchical cache Hierarchy.
[2022.10.30-15.15.12:951][  0]LogDerivedDataCache: Display: Pak cache opened for reading ../../../Engine/DerivedDataCache/Compressed.ddp.
[2022.10.30-15.15.12:951][  0]LogDerivedDataCache: FDerivedDataBackendGraph:  EnterprisePak pak cache file ../../../Enterprise/DerivedDataCache/Compressed.ddp not found, will not use a pak cache.
[2022.10.30-15.15.12:951][  0]LogDerivedDataCache: Unable to find inner node EnterprisePak for hierarchical cache Hierarchy.
[2022.10.30-15.15.12:960][  0]LogDerivedDataCache: Speed tests for C:/Users/danie/AppData/Local/UnrealEngine/Common/DerivedDataCache took 0.01 seconds
[2022.10.30-15.15.12:960][  0]LogDerivedDataCache: Display: Performance to C:/Users/danie/AppData/Local/UnrealEngine/Common/DerivedDataCache: Latency=0.03ms. RandomReadSpeed=351.52MBs, RandomWriteSpeed=156.53MBs. Assigned SpeedClass 'Local'
[2022.10.30-15.15.12:961][  0]LogDerivedDataCache: Using Local data cache path C:/Users/danie/AppData/Local/UnrealEngine/Common/DerivedDataCache: Writable
[2022.10.30-15.15.12:961][  0]LogDerivedDataCache: Shared data cache path not found in *engine.ini, will not use an Shared cache.
[2022.10.30-15.15.12:961][  0]LogDerivedDataCache: Unable to find inner node Shared for hierarchical cache Hierarchy.
[2022.10.30-15.15.12:997][  0]LogSlate: Using FreeType 2.10.0
[2022.10.30-15.15.12:997][  0]LogSlate: SlateFontServices - WITH_FREETYPE: 1, WITH_HARFBUZZ: 1
[2022.10.30-15.15.13:080][  0]LogInit: Using OS detected language (en-US).
[2022.10.30-15.15.13:080][  0]LogInit: Using OS detected locale (en-GB).
[2022.10.30-15.15.13:080][  0]LogTextLocalizationManager: No localization for 'en-US' exists, so 'en' will be used for the language.
[2022.10.30-15.15.13:080][  0]LogTextLocalizationManager: No localization for 'en-GB' exists, so 'en' will be used for the locale.
[2022.10.30-15.15.13:080][  0]LogSlate: FontCache flush requested. Reason: Culture for localization was changed
[2022.10.30-15.15.13:080][  0]LogSlate: FontCache flush requested. Reason: Culture for localization was changed
[2022.10.30-15.15.13:084][  0]LogTextLocalizationManager: Compacting localization data took   0.01ms
[2022.10.30-15.15.13:084][  0]LogAssetRegistry: FAssetRegistry took 0.0024 seconds to start up
[2022.10.30-15.15.13:238][  0]LogPackageLocalizationCache: Processed 27 localized package path(s) for 1 prioritized culture(s) in 0.000969 seconds
[2022.10.30-15.15.13:300][  0]LogInit: Selected Device Profile: [Windows]
[2022.10.30-15.15.13:300][  0]LogInit: Active device profile: [000001ED53ABBF00][000001ED495A0B80 49] Windows
[2022.10.30-15.15.13:300][  0]LogInit: Profiles: [000001ED53ABBF00][000001ED495A0B80 49] Windows, [000001ED53AD3F00][000001ED495A8D00 49] WindowsNoEditor, [000001ED53AB8200][000001ED49898E80 49] WindowsServer, [000001ED53AD2300][000001ED4989D000 49] WindowsClient, [000001ED53AB9C00][000001ED498A1180 49] IOS, [000001ED53AD3300][000001ED498A5300 49] iPadAir, [000001ED53ABA000][000001ED498A9480 49] iPadAir2, [000001ED53A78500][000001ED498B1740 49] IPadPro, [000001ED53A78600][000001ED498AD780 49] iPadAir3, [000001ED53ABB900][000001ED495A58C0 49] iPadAir4, [000001ED53A7BC00][000001ED498B5A00 49] iPadMini2, [000001ED53AB8600][000001ED498B9B40 49] iPadMini3, [000001ED53A79400][000001ED498BC100 49] iPadMini4, [000001ED53ABB100][000001ED498C4280 49] iPadMini5, [000001ED53A6BD00][000001ED498CC540 49] iPhone6, [000001ED53A6BE00][000001ED498C8580 49] iPodTouch6, [000001ED53A7B400][000001ED498D4840 49] iPhone7, [000001ED53A7B500][000001ED498D0880 49] iPodTouch7, [000001ED53A68700][000001ED498D8A00 49] iPhone5S, [000001ED53A7A300][000001ED498DCB80 49] iPhone6Plus, [000001ED53A6B100][000001ED498E0D00 49] iPhone6S, [000001ED53A78200][000001ED4D4EAE80 49] iPhone6SPlus, [000001ED53A69000][000001ED4D4EF000 49] iPhone7Plus, [000001ED53A78C00][000001ED4D4F3180 49] iPhoneSE, [000001ED53A6A800][000001ED4D4F7300 49] iPhone8, [000001ED53A79D00][000001ED4D4FB480 49] iPhone8Plus, [000001ED53A69900][000001ED4D4FF600 49] iPhoneX, [000001ED53A79300][000001ED4D503780 49] iPhoneXS, [000001ED53A68800][000001ED4D507900 49] iPhoneXSMax, [000001ED53A7AB00][000001ED4D50BA80 49] iPhoneXR, [000001ED53A6AF00][000001ED498C1BC0 49] iPhone11, [000001ED53A79900][000001ED4D50E180 49] iPhone11Pro, [000001ED53A69200][000001ED4D5122C0 49] iPhone11ProMax, [000001ED53A7AA00][000001ED4D51A440 49] iPhoneSE2, [000001ED53A6BF00][000001ED4D51E5C0 49] iPhone12Mini, [000001ED53A7B800][000001ED4D522740 49] iPhone12, [000001ED53A69F00][000001ED4D5268C0 49] iPhone12Pro, [000001ED53A79A00][000001ED4D52AA40 49] iPhone12ProMax, [000001ED53A69B00][000001ED4D52EBC0 49] iPadPro105, [000001ED53A7A700][000001ED4D532D40 49] iPadPro129, [000001ED53A69700][000001ED4D536EC0 49] iPadPro97, [000001ED53A79600][000001ED4D53B040 49] iPadPro2_129, [000001ED53A6A400][000001ED4D53F1C0 49] iPad5, [000001ED53A78D00][000001ED4D543340 49] iPad6, [000001ED53A6AD00][000001ED4D5474C0 49] iPad7, [000001ED53A7B000][000001ED4D54B640 49] iPad8, [000001ED53A6B500][000001ED4D54F7C0 49] iPadPro11, [000001ED53A7BE00][000001ED4D553940 49] iPadPro2_11, [000001ED53A68500][000001ED4D557AC0 49] iPadPro3_129, [000001ED53A7B900][000001ED4D55A0C0 49] iPadPro4_129, [000001ED53A69100][000001ED4D516200 49] AppleTV, [000001ED53A7BA00][000001ED4D55E340 49] AppleTV4K, [000001ED53A68F00][000001ED4D562480 49] TVOS, [000001ED53A7AC00][000001ED4D5665C0 49] Mac, [000001ED53A68900][000001ED4DEA2740 49] MacClient, [000001ED53A7B300][000001ED4DEA68C0 49] MacNoEditor, [000001ED53A6A500][000001ED4DEAAA40 49] MacServer, [000001ED53A78700][000001ED4DEAEBC0 49] Linux, [000001ED53A68200][000001ED4DEB2D40 49] LinuxAArch64, [000001ED53A7A600][000001ED4DEB6EC0 49] LinuxNoEditor, [000001ED53A6AB00][000001ED4DEBB040 49] LinuxAArch64NoEditor, [000001ED53A78F00][000001ED4DEBF1C0 49] LinuxClient, [000001ED53A6A900][000001ED4DEC3340 49] LinuxAArch64Client, [000001ED53A78400][000001ED4DEC74C0 49] LinuxServer, [000001ED53A6A300][000001ED4DECB640 49] LinuxAArch64Server, [000001ED53B3C100][000001ED4DECF7C0 49] Android, [000001ED53AD1200][000001ED4DED3940 49] Android_Low, [000001ED53B3CD00][000001ED4DED7AC0 49] Android_Mid, [000001ED53AD2200][000001ED4DEDA0C0 49] Android_High, [000001ED53B3CA00][000001ED4DEDE240 49] Android_Default, [000001ED53AD1400][000001ED4D56A380 49] Android_Adreno4xx, [000001ED53B3EC00][000001ED4DEE24C0 49] Android_Adreno5xx_Low, [000001ED53AD2500][000001ED4DEE6600 49] Android_Adreno5xx, [000001ED53B3D600][000001ED4DEEA740 49] Android_Adreno6xx, [000001ED53AD3B00][000001ED4DEF28C0 49] Android_Adreno6xx_Vulkan, [000001ED53B3DF00][000001ED4DEF6A40 49] Android_Mali_T6xx, [000001ED53AD0C00][000001ED4DEFABC0 49] Android_Mali_T7xx, [000001ED53B3D800][000001ED4DEFED40 49] Android_Mali_T8xx, [000001ED53AD2800][000001ED4DF02EC0 49] Android_Mali_G71, [000001ED53B3D000][000001ED4DF07040 49] Android_Mali_G72, [000001ED53AD3000][000001ED4DF0B1C0 49] Android_Mali_G72_Vulkan, [000001ED53B3C200][000001ED4DF0F340 49] Android_Mali_G76, [000001ED53AD0A00][000001ED4DF134C0 49] Android_Mali_G76_Vulkan, [000001ED53B3E600][000001ED4DF17640 49] Android_Mali_G77, [000001ED53AD1900][000001ED4DF1B7C0 49] Android_Mali_G77_Vulkan, [000001ED53B3E400][000001ED4DF1F940 49] Android_Mali_G78, [000001ED53AD2100][000001ED4DF23AC0 49] Android_Mali_G78_Vulkan, [000001ED53B3D500][000001ED4DF260C0 49] Android_Mali_G710, [000001ED53AD0900][000001ED4DF2A240 49] Android_Mali_G710_Vulkan, [000001ED53B3EF00][000001ED4DF2E3C0 49] Android_Vulkan_SM5, [000001ED53AD1600][000001ED4DF32540 49] Android_PowerVR_G6xxx, [000001ED53B3EA00][000001ED4DEEE680 49] Android_PowerVR_GT7xxx, [000001ED53AD0400][000001ED4DF367C0 49] Android_PowerVR_GE8xxx, [000001ED53B3F100][000001ED4DF3A900 49] Android_PowerVR_GM9xxx, [000001ED53A7BF00][000001ED4DF42A80 49] Android_PowerVR_GM9xxx_Vulkan, [000001ED53B3C800][000001ED4DF46C00 49] Android_TegraK1, [000001ED53A7AE00][000001ED4DF4AD80 49] Android_Unknown_Vulkan, [000001ED53B3C500][000001ED4DF4EF00 49] Lumin, [000001ED53A7A900][000001ED4DF53080 49] Lumin_Desktop, [000001ED53B3CE00][000001ED4DF57200 49] HoloLens, 
[2022.10.30-15.15.13:335][  0]LogMeshReduction: Using QuadricMeshReduction for automatic static mesh reduction
[2022.10.30-15.15.13:335][  0]LogMeshReduction: Using SimplygonMeshReduction for automatic skeletal mesh reduction
[2022.10.30-15.15.13:335][  0]LogMeshReduction: Using ProxyLODMeshReduction for automatic mesh merging
[2022.10.30-15.15.13:335][  0]LogMeshReduction: No distributed automatic mesh merging module available
[2022.10.30-15.15.13:335][  0]LogMeshMerging: No distributed automatic mesh merging module available
[2022.10.30-15.15.13:424][  0]LogNetVersion: fpsgame 1.0.0, NetCL: 17155196, EngineNetVer: 17, GameNetVer: 0 (Checksum: 3215450660)
[2022.10.30-15.15.13:633][  0]LogTexture: Default maximum texture size for cubemaps generated from long-lat sources has been changed from 512 to unlimited. In order to preserve old behaiour for '/Engine/MapTemplates/Sky/DaylightAmbientCubemap.DaylightAmbientCubemap', its maximum texture size has been explicitly set to 512.
[2022.10.30-15.15.13:677][  0]LogHMD: PokeAHoleMaterial loaded successfully
[2022.10.30-15.15.13:773][  0]LogMoviePlayer: Initializing movie player
