Log file open, 04/13/23 22:00:47
LogWindows: Failed to load 'aqProf.dll' (GetLastError=126)
LogWindows: File 'aqProf.dll' does not exist
LogWindows: Failed to load 'VtuneApi.dll' (GetLastError=126)
LogWindows: File 'VtuneApi.dll' does not exist
LogWindows: Failed to load 'VtuneApi32e.dll' (GetLastError=126)
LogWindows: File 'VtuneApi32e.dll' does not exist
LogConsoleResponse: Display: Failed to find resolution value strings in scalability ini. Falling back to default.
LogConsoleResponse: Display: Failed to find resolution value strings in scalability ini. Falling back to default.
LogInit: Display: Running engine for game: fpsgame
LogPlatformFile: Not using cached read wrapper
LogTaskGraph: Started task graph with 5 named threads and 17 total threads with 3 sets of task threads.
LogStats: Stats thread started at 0.342106
LogICUInternationalization: ICU TimeZone Detection - Raw Offset: +0:00, Platform Override: ''
LogInit: Display: Loading text-based GConfig....
LogPluginManager: Mounting plugin MeshPainting
LogPluginManager: Mounting plugin XGEController
LogPluginManager: Mounting plugin Paper2D
LogPluginManager: Mounting plugin AISupport
LogPluginManager: Mounting plugin EnvironmentQueryEditor
LogPluginManager: Mounting plugin LiveLink
LogPluginManager: Mounting plugin LightPropagationVolume
LogPluginManager: Mounting plugin CameraShakePreviewer
LogPluginManager: Mounting plugin GameplayCameras
LogPluginManager: Mounting plugin OodleData
LogPluginManager: Mounting plugin OodleNetwork
LogPluginManager: Mounting plugin AnimationSharing
LogPluginManager: Mounting plugin CLionSourceCodeAccess
LogPluginManager: Mounting plugin CodeLiteSourceCodeAccess
LogPluginManager: Mounting plugin GitSourceControl
LogPluginManager: Mounting plugin KDevelopSourceCodeAccess
LogPluginManager: Mounting plugin NullSourceCodeAccess
LogPluginManager: Mounting plugin PerforceSourceControl
LogPluginManager: Mounting plugin PixWinPlugin
LogPluginManager: Mounting plugin PlasticSourceControl
LogPluginManager: Mounting plugin PluginUtils
LogPluginManager: Mounting plugin PropertyAccessNode
LogPluginManager: Mounting plugin RiderSourceCodeAccess
LogPluginManager: Mounting plugin SubversionSourceControl
LogPluginManager: Mounting plugin TextureFormatOodle
LogPluginManager: Mounting plugin UObjectPlugin
LogPluginManager: Mounting plugin VisualStudioCodeSourceCodeAccess
LogPluginManager: Mounting plugin VisualStudioSourceCodeAccess
LogPluginManager: Mounting plugin XCodeSourceCodeAccess
LogPluginManager: Mounting plugin AssetManagerEditor
LogPluginManager: Mounting plugin CryptoKeys
LogPluginManager: Mounting plugin CurveEditorTools
LogPluginManager: Mounting plugin DataValidation
LogPluginManager: Mounting plugin FacialAnimation
LogPluginManager: Mounting plugin GameplayTagsEditor
LogPluginManager: Mounting plugin GeometryMode
LogPluginManager: Mounting plugin MacGraphicsSwitching
LogPluginManager: Mounting plugin MaterialAnalyzer
LogPluginManager: Mounting plugin MobileLauncherProfileWizard
LogPluginManager: Mounting plugin PluginBrowser
LogPluginManager: Mounting plugin SpeedTreeImporter
LogPluginManager: Mounting plugin DatasmithContent
LogPluginManager: Mounting plugin VariantManagerContent
LogPluginManager: Mounting plugin AlembicImporter
LogPluginManager: Mounting plugin AutomationUtils
LogPluginManager: Mounting plugin BackChannel
LogPluginManager: Mounting plugin ChaosCloth
LogPluginManager: Mounting plugin ChaosClothEditor
LogPluginManager: Mounting plugin ChaosEditor
LogPluginManager: Mounting plugin ChaosNiagara
LogPluginManager: Mounting plugin ChaosSolverPlugin
LogPluginManager: Mounting plugin CharacterAI
LogPluginManager: Mounting plugin GeometryCache
LogPluginManager: Mounting plugin GeometryCollectionPlugin
LogPluginManager: Mounting plugin GeometryProcessing
LogPluginManager: Mounting plugin MotoSynth
LogPluginManager: Mounting plugin OpenImageDenoise
LogPluginManager: Mounting plugin PlanarCut
LogPluginManager: Mounting plugin PlatformCrypto
LogPluginManager: Mounting plugin ProxyLODPlugin
LogPluginManager: Mounting plugin PythonScriptPlugin
LogPluginManager: Mounting plugin SkeletalReduction
LogPluginManager: Mounting plugin Niagara
LogPluginManager: Mounting plugin LuminPlatformFeatures
LogPluginManager: Mounting plugin MagicLeap
LogPluginManager: Mounting plugin MagicLeapLightEstimation
LogPluginManager: Mounting plugin MagicLeapMedia
LogPluginManager: Mounting plugin MagicLeapPassableWorld
LogPluginManager: Mounting plugin MLSDK
LogPluginManager: Mounting plugin AndroidMedia
LogPluginManager: Mounting plugin AvfMedia
LogPluginManager: Mounting plugin ImgMedia
LogPluginManager: Mounting plugin MediaCompositing
LogPluginManager: Mounting plugin MediaPlayerEditor
LogPluginManager: Mounting plugin WebMMedia
LogPluginManager: Mounting plugin WmfMedia
LogPluginManager: Mounting plugin TcpMessaging
LogPluginManager: Mounting plugin UdpMessaging
LogPluginManager: Mounting plugin ActorSequence
LogPluginManager: Mounting plugin LevelSequenceEditor
LogPluginManager: Mounting plugin MatineeToLevelSequence
LogPluginManager: Mounting plugin TemplateSequence
LogPluginManager: Mounting plugin OnlineSubsystem
LogPluginManager: Mounting plugin OnlineSubsystemNull
LogPluginManager: Mounting plugin OnlineSubsystemUtils
LogPluginManager: Mounting plugin LauncherChunkInstaller
LogPluginManager: Mounting plugin ActorLayerUtilities
LogPluginManager: Mounting plugin AndroidDeviceProfileSelector
LogPluginManager: Mounting plugin AndroidMoviePlayer
LogPluginManager: Mounting plugin AndroidPermission
LogPluginManager: Mounting plugin AppleImageUtils
LogPluginManager: Mounting plugin AppleMoviePlayer
LogPluginManager: Mounting plugin ArchVisCharacter
LogPluginManager: Mounting plugin AssetTags
LogPluginManager: Mounting plugin AudioCapture
LogPluginManager: Mounting plugin AudioSynesthesia
LogPluginManager: Mounting plugin CableComponent
LogPluginManager: Mounting plugin ChunkDownloader
LogPluginManager: Mounting plugin CustomMeshComponent
LogPluginManager: Mounting plugin EditableMesh
LogPluginManager: Mounting plugin ExampleDeviceProfileSelector
LogPluginManager: Mounting plugin GoogleCloudMessaging
LogPluginManager: Mounting plugin GooglePAD
LogPluginManager: Mounting plugin IOSDeviceProfileSelector
LogPluginManager: Mounting plugin LinuxDeviceProfileSelector
LogPluginManager: Mounting plugin LocationServicesBPLibrary
LogPluginManager: Mounting plugin MobilePatchingUtils
LogPluginManager: Mounting plugin OpenXR
LogPluginManager: Mounting plugin OpenXREyeTracker
LogPluginManager: Mounting plugin OpenXRHandTracking
LogPluginManager: Mounting plugin PhysXVehicles
LogPluginManager: Mounting plugin PostSplashScreen
LogPluginManager: Mounting plugin ProceduralMeshComponent
LogPluginManager: Mounting plugin PropertyAccessEditor
LogPluginManager: Mounting plugin RuntimePhysXCooking
LogPluginManager: Mounting plugin SignificanceManager
LogPluginManager: Mounting plugin SoundFields
LogPluginManager: Mounting plugin Synthesis
LogPluginManager: Mounting plugin WebMMoviePlayer
LogPluginManager: Mounting plugin WindowsMoviePlayer
LogPluginManager: Mounting plugin ScreenshotTools
LogPluginManager: Mounting plugin Takes
LogPluginManager: Mounting plugin ContentBrowserAssetDataSource
LogPluginManager: Mounting plugin ContentBrowserClassDataSource
LogPluginManager: Mounting plugin ContentBrowserFileDataSource
LogPluginManager: Mounting plugin OnlineSubsystemGooglePlay
LogPluginManager: Mounting plugin OnlineSubsystemIOS
LogPluginManager: Mounting plugin OculusVR
LogPluginManager: Mounting plugin SteamVR
PixWinPlugin: PIX capture plugin failed to initialize! Check that the process is launched from PIX.
LogInit: Using libcurl 7.55.1-DEV
LogInit:  - built for x86_64-pc-win32
LogInit:  - supports SSL with OpenSSL/1.1.1
LogInit:  - supports HTTP deflate (compression) using libz 1.2.8
LogInit:  - other features:
LogInit:      CURL_VERSION_SSL
LogInit:      CURL_VERSION_LIBZ
LogInit:      CURL_VERSION_IPV6
LogInit:      CURL_VERSION_ASYNCHDNS
LogInit:      CURL_VERSION_LARGEFILE
LogInit:      CURL_VERSION_IDN
LogInit:  CurlRequestOptions (configurable via config and command line):
LogInit:  - bVerifyPeer = true  - Libcurl will verify peer certificate
LogInit:  - bUseHttpProxy = false  - Libcurl will NOT use HTTP proxy
LogInit:  - bDontReuseConnections = false  - Libcurl will reuse connections
LogInit:  - MaxHostConnections = 16  - Libcurl will limit the number of connections to a host
LogInit:  - LocalHostAddr = Default
LogInit:  - BufferSize = 65536
LogOnline: OSS: Creating online subsystem instance for: NULL
LogInit: WinSock: version 1.1 (2.2), MaxSocks=32767, MaxUdp=65467
LogOnline: OSS: TryLoadSubsystemAndSetDefault: Loaded subsystem for module [NULL]
LogInit: Build: ++UE4+Release-4.27-CL-18319896
LogInit: Engine Version: 4.27.2-18319896+++UE4+Release-4.27
LogInit: Compatible Engine Version: 4.27.0-17155196+++UE4+Release-4.27
LogInit: Net CL: 17155196
LogInit: OS: Windows 10 (Release 2009) (), CPU: AMD Ryzen 5 3600X 6-Core Processor             , GPU: AMD Radeon RX 5700 XT
LogInit: Compiled (64-bit): Nov 30 2021 07:12:08
LogInit: Compiled with Visual C++: 19.24.28315.00
LogInit: Build Configuration: Development
LogInit: Branch Name: ++UE4+Release-4.27
LogInit: Command Line:  /Game/Maps/TestMap -game -PIEVIACONSOLE -Multiprocess -server -log "GameUserSettingsINI=C:/Users/danie/Documents/Gamedev VR/game/UE4 game/fpsgame/Saved/Config/Windows/PIEGameUserSettings0.ini" -MultiprocessSaveConfig -forcepassthrough -messaging -SessionName="Play in Standalone Game" -port=17777 -PktLagMin=0 -PktLagMax=0 -PktLoss=0 -PktIncomingLagMin=0 -PktIncomingLagMax=0 -PktIncomingLoss=0 -windowed
LogInit: Base Directory: C:/Program Files/Epic Games/UE_4.27/Engine/Binaries/Win64/
LogInit: Allocator: TBB
LogInit: Installed Engine Build: 1
LogDevObjectVersion: Number of dev versions registered: 29
LogDevObjectVersion:   Dev-Blueprints (B0D832E4-1F89-4F0D-ACCF-7EB736FD4AA2): 10
LogDevObjectVersion:   Dev-Build (E1C64328-A22C-4D53-A36C-8E866417BD8C): 0
LogDevObjectVersion:   Dev-Core (375EC13C-06E4-48FB-B500-84F0262A717E): 4
LogDevObjectVersion:   Dev-Editor (E4B068ED-F494-42E9-A231-DA0B2E46BB41): 40
LogDevObjectVersion:   Dev-Framework (CFFC743F-43B0-4480-9391-14DF171D2073): 37
LogDevObjectVersion:   Dev-Mobile (B02B49B5-BB20-44E9-A304-32B752E40360): 3
LogDevObjectVersion:   Dev-Networking (A4E4105C-59A1-49B5-A7C5-40C4547EDFEE): 0
LogDevObjectVersion:   Dev-Online (39C831C9-5AE6-47DC-9A44-9C173E1C8E7C): 0
LogDevObjectVersion:   Dev-Physics (78F01B33-EBEA-4F98-B9B4-84EACCB95AA2): 14
LogDevObjectVersion:   Dev-Platform (6631380F-2D4D-43E0-8009-CF276956A95A): 0
LogDevObjectVersion:   Dev-Rendering (12F88B9F-8875-4AFC-A67C-D90C383ABD29): 45
LogDevObjectVersion:   Dev-Sequencer (7B5AE74C-D270-4C10-A958-57980B212A5A): 13
LogDevObjectVersion:   Dev-VR (D7296918-1DD6-4BDD-9DE2-64A83CC13884): 3
LogDevObjectVersion:   Dev-LoadTimes (C2A15278-BFE7-4AFE-6C17-90FF531DF755): 1
LogDevObjectVersion:   Private-Geometry (6EACA3D4-40EC-4CC1-B786-8BED09428FC5): 3
LogDevObjectVersion:   Dev-AnimPhys (29E575DD-E0A3-4627-9D10-D276232CDCEA): 17
LogDevObjectVersion:   Dev-Anim (AF43A65D-7FD3-4947-9873-3E8ED9C1BB05): 15
LogDevObjectVersion:   Dev-ReflectionCapture (6B266CEC-1EC7-4B8F-A30B-E4D90942FC07): 1
LogDevObjectVersion:   Dev-Automation (0DF73D61-A23F-47EA-B727-89E90C41499A): 1
LogDevObjectVersion:   FortniteMain (601D1886-AC64-4F84-AA16-D3DE0DEAC7D6): 47
LogDevObjectVersion:   FortniteRelease (E7086368-6B23-4C58-8439-1B7016265E91): 1
LogDevObjectVersion:   Dev-Enterprise (9DFFBCD6-494F-0158-E221-12823C92A888): 10
LogDevObjectVersion:   Dev-Niagara (F2AED0AC-9AFE-416F-8664-AA7FFA26D6FC): 1
LogDevObjectVersion:   Dev-Destruction (174F1F0B-B4C6-45A5-B13F-2EE8D0FB917D): 10
LogDevObjectVersion:   Dev-Physics-Ext (35F94A83-E258-406C-A318-09F59610247C): 41
LogDevObjectVersion:   Dev-PhysicsMaterial-Chaos (B68FC16E-8B1B-42E2-B453-215C058844FE): 1
LogDevObjectVersion:   Dev-CineCamera (B2E18506-4273-CFC2-A54E-F4BB758BBA07): 1
LogDevObjectVersion:   Dev-VirtualProduction (64F58936-FD1B-42BA-BA96-7289D5D0FA4E): 1
LogDevObjectVersion:   Dev-MediaFramework (6F0ED827-A609-4895-9C91-998D90180EA4): 2
LogInit: Presizing for max 25165824 objects, including 0 objects not considered by GC, pre-allocating 0 bytes for permanent pool.
LogConfig: Applying CVar settings from Section [/Script/Engine.StreamingSettings] File [C:/Users/danie/Documents/Gamedev VR/game/UE4 game/fpsgame/Saved/Config/Windows/Engine.ini]
LogConfig: Setting CVar [[s.MinBulkDataSizeForAsyncLoading:131072]]
LogConfig: Setting CVar [[s.AsyncLoadingThreadEnabled:0]]
LogConfig: Setting CVar [[s.EventDrivenLoaderEnabled:1]]
LogConfig: Setting CVar [[s.WarnIfTimeLimitExceeded:0]]
LogConfig: Setting CVar [[s.TimeLimitExceededMultiplier:1.5]]
LogConfig: Setting CVar [[s.TimeLimitExceededMinTime:0.005]]
LogConfig: Setting CVar [[s.UseBackgroundLevelStreaming:1]]
LogConfig: Setting CVar [[s.PriorityAsyncLoadingExtraTime:15.0]]
LogConfig: Setting CVar [[s.LevelStreamingActorsUpdateTimeLimit:5.0]]
LogConfig: Setting CVar [[s.PriorityLevelStreamingActorsUpdateExtraTime:5.0]]
LogConfig: Setting CVar [[s.LevelStreamingComponentsRegistrationGranularity:10]]
LogConfig: Setting CVar [[s.UnregisterComponentsTimeLimit:1.0]]
LogConfig: Setting CVar [[s.LevelStreamingComponentsUnregistrationGranularity:5]]
LogConfig: Setting CVar [[s.FlushStreamingOnExit:1]]
LogInit: Object subsystem initialized
LogConfig: Setting CVar [[con.DebugEarlyDefault:1]]
LogConfig: Setting CVar [[r.setres:1280x720]]
[2023.04.13-21.00.48:166][  0]LogConfig: Setting CVar [[con.DebugEarlyDefault:1]]
[2023.04.13-21.00.48:167][  0]LogConfig: Setting CVar [[r.setres:1280x720]]
[2023.04.13-21.00.48:167][  0]LogConfig: Applying CVar settings from Section [/Script/Engine.RendererSettings] File [C:/Users/danie/Documents/Gamedev VR/game/UE4 game/fpsgame/Saved/Config/Windows/Engine.ini]
[2023.04.13-21.00.48:167][  0]LogConfig: Setting CVar [[r.GPUCrashDebugging:0]]
[2023.04.13-21.00.48:168][  0]LogConfig: Setting CVar [[r.Mobile.DisableVertexFog:1]]
[2023.04.13-21.00.48:168][  0]LogConfig: Setting CVar [[r.Shadow.CSM.MaxMobileCascades:2]]
[2023.04.13-21.00.48:168][  0]LogConfig: Setting CVar [[r.MobileMSAA:1]]
[2023.04.13-21.00.48:168][  0]LogConfig: Setting CVar [[r.Mobile.AllowDitheredLODTransition:0]]
[2023.04.13-21.00.48:169][  0]LogConfig: Setting CVar [[r.Mobile.AllowSoftwareOcclusion:0]]
[2023.04.13-21.00.48:171][  0]LogConfig: Setting CVar [[r.Mobile.VirtualTextures:0]]
[2023.04.13-21.00.48:171][  0]LogConfig: Setting CVar [[r.DiscardUnusedQuality:0]]
[2023.04.13-21.00.48:171][  0]LogConfig: Setting CVar [[r.AllowOcclusionQueries:1]]
[2023.04.13-21.00.48:172][  0]LogConfig: Setting CVar [[r.MinScreenRadiusForLights:0.030000]]
[2023.04.13-21.00.48:172][  0]LogConfig: Setting CVar [[r.MinScreenRadiusForDepthPrepass:0.030000]]
[2023.04.13-21.00.48:172][  0]LogConfig: Setting CVar [[r.MinScreenRadiusForCSMDepth:0.010000]]
[2023.04.13-21.00.48:172][  0]LogConfig: Setting CVar [[r.PrecomputedVisibilityWarning:0]]
[2023.04.13-21.00.48:173][  0]LogConfig: Setting CVar [[r.TextureStreaming:1]]
[2023.04.13-21.00.48:173][  0]LogConfig: Setting CVar [[Compat.UseDXT5NormalMaps:0]]
[2023.04.13-21.00.48:173][  0]LogConfig: Setting CVar [[r.VirtualTextures:0]]
[2023.04.13-21.00.48:173][  0]LogConfig: Setting CVar [[r.VT.EnableAutoImport:1]]
[2023.04.13-21.00.48:174][  0]LogConfig: Setting CVar [[r.VirtualTexturedLightmaps:0]]
[2023.04.13-21.00.48:174][  0]LogConfig: Setting CVar [[r.VT.TileSize:128]]
[2023.04.13-21.00.48:174][  0]LogConfig: Setting CVar [[r.VT.TileBorderSize:4]]
[2023.04.13-21.00.48:175][  0]LogConfig: Setting CVar [[r.vt.FeedbackFactor:16]]
[2023.04.13-21.00.48:175][  0]LogConfig: Setting CVar [[r.VT.EnableCompressZlib:1]]
[2023.04.13-21.00.48:175][  0]LogConfig: Setting CVar [[r.VT.EnableCompressCrunch:0]]
[2023.04.13-21.00.48:175][  0]LogConfig: Setting CVar [[r.ClearCoatNormal:0]]
[2023.04.13-21.00.48:176][  0]LogConfig: Setting CVar [[r.ReflectionCaptureResolution:128]]
[2023.04.13-21.00.48:176][  0]LogConfig: Setting CVar [[r.Mobile.ReflectionCaptureCompression:0]]
[2023.04.13-21.00.48:176][  0]LogConfig: Setting CVar [[r.ReflectionEnvironmentLightmapMixBasedOnRoughness:1]]
[2023.04.13-21.00.48:176][  0]LogConfig: Setting CVar [[r.ForwardShading:0]]
[2023.04.13-21.00.48:177][  0]LogConfig: Setting CVar [[r.VertexFoggingForOpaque:1]]
[2023.04.13-21.00.48:177][  0]LogConfig: Setting CVar [[r.AllowStaticLighting:1]]
[2023.04.13-21.00.48:177][  0]LogConfig: Setting CVar [[r.NormalMapsForStaticLighting:0]]
[2023.04.13-21.00.48:177][  0]LogConfig: Setting CVar [[r.GenerateMeshDistanceFields:0]]
[2023.04.13-21.00.48:178][  0]LogConfig: Setting CVar [[r.DistanceFieldBuild.EightBit:0]]
[2023.04.13-21.00.48:178][  0]LogConfig: Setting CVar [[r.GenerateLandscapeGIData:0]]
[2023.04.13-21.00.48:178][  0]LogConfig: Setting CVar [[r.DistanceFieldBuild.Compress:0]]
[2023.04.13-21.00.48:179][  0]LogConfig: Setting CVar [[r.TessellationAdaptivePixelsPerTriangle:48.000000]]
[2023.04.13-21.00.48:179][  0]LogConfig: Setting CVar [[r.SeparateTranslucency:1]]
[2023.04.13-21.00.48:179][  0]LogConfig: Setting CVar [[r.TranslucentSortPolicy:0]]
[2023.04.13-21.00.48:179][  0]LogConfig: Setting CVar [[vr.VRS.HMDFixedFoveationLevel:0]]
[2023.04.13-21.00.48:180][  0]LogConfig: Setting CVar [[r.CustomDepth:1]]
[2023.04.13-21.00.48:180][  0]LogConfig: Setting CVar [[r.CustomDepthTemporalAAJitter:1]]
[2023.04.13-21.00.48:180][  0]LogConfig: Setting CVar [[r.PostProcessing.PropagateAlpha:0]]
[2023.04.13-21.00.48:181][  0]LogConfig: Setting CVar [[r.DefaultFeature.Bloom:1]]
[2023.04.13-21.00.48:181][  0]LogConfig: Setting CVar [[r.DefaultFeature.AmbientOcclusion:1]]
[2023.04.13-21.00.48:181][  0]LogConfig: Setting CVar [[r.DefaultFeature.AmbientOcclusionStaticFraction:1]]
[2023.04.13-21.00.48:182][  0]LogConfig: Setting CVar [[r.DefaultFeature.AutoExposure:0]]
[2023.04.13-21.00.48:182][  0]LogConfig: Setting CVar [[r.DefaultFeature.AutoExposure.Method:0]]
[2023.04.13-21.00.48:182][  0]LogConfig: Setting CVar [[r.DefaultFeature.AutoExposure.Bias:1.000000]]
[2023.04.13-21.00.48:182][  0]LogConfig: Setting CVar [[r.DefaultFeature.AutoExposure.ExtendDefaultLuminanceRange:0]]
[2023.04.13-21.00.48:183][  0]LogConfig: Setting CVar [[r.UsePreExposure:1]]
[2023.04.13-21.00.48:183][  0]LogConfig: Setting CVar [[r.EyeAdaptation.EditorOnly:0]]
[2023.04.13-21.00.48:183][  0]LogConfig: Setting CVar [[r.DefaultFeature.MotionBlur:0]]
[2023.04.13-21.00.48:183][  0]LogConfig: Setting CVar [[r.DefaultFeature.LensFlare:0]]
[2023.04.13-21.00.48:184][  0]LogConfig: Setting CVar [[r.TemporalAA.Upsampling:0]]
[2023.04.13-21.00.48:184][  0]LogConfig: Setting CVar [[r.SSGI.Enable:0]]
[2023.04.13-21.00.48:184][  0]LogConfig: Setting CVar [[r.DefaultFeature.AntiAliasing:0]]
[2023.04.13-21.00.48:185][  0]LogConfig: Setting CVar [[r.DefaultFeature.LightUnits:1]]
[2023.04.13-21.00.48:187][  0]LogConfig: Setting CVar [[r.DefaultBackBufferPixelFormat:4]]
[2023.04.13-21.00.48:189][  0]LogConfig: Setting CVar [[r.Shadow.UnbuiltPreviewInGame:1]]
[2023.04.13-21.00.48:189][  0]LogConfig: Setting CVar [[r.StencilForLODDither:0]]
[2023.04.13-21.00.48:189][  0]LogConfig: Setting CVar [[r.EarlyZPass:3]]
[2023.04.13-21.00.48:190][  0]LogConfig: Setting CVar [[r.EarlyZPassOnlyMaterialMasking:0]]
[2023.04.13-21.00.48:190][  0]LogConfig: Setting CVar [[r.DBuffer:1]]
[2023.04.13-21.00.48:190][  0]LogConfig: Setting CVar [[r.ClearSceneMethod:1]]
[2023.04.13-21.00.48:190][  0]LogConfig: Setting CVar [[r.BasePassOutputsVelocity:0]]
[2023.04.13-21.00.48:191][  0]LogConfig: Setting CVar [[r.VertexDeformationOutputsVelocity:0]]
[2023.04.13-21.00.48:191][  0]LogConfig: Setting CVar [[r.SelectiveBasePassOutputs:0]]
[2023.04.13-21.00.48:191][  0]LogConfig: Setting CVar [[fx.GPUSimulationTextureSizeX:1024]]
[2023.04.13-21.00.48:192][  0]LogConfig: Setting CVar [[fx.GPUSimulationTextureSizeY:1024]]
[2023.04.13-21.00.48:192][  0]LogConfig: Setting CVar [[r.AllowGlobalClipPlane:0]]
[2023.04.13-21.00.48:192][  0]LogConfig: Setting CVar [[r.GBufferFormat:1]]
[2023.04.13-21.00.48:192][  0]LogConfig: Setting CVar [[r.MorphTarget.Mode:1]]
[2023.04.13-21.00.48:193][  0]LogConfig: Setting CVar [[vr.InstancedStereo:0]]
[2023.04.13-21.00.48:193][  0]LogConfig: Setting CVar [[r.MobileHDR:1]]
[2023.04.13-21.00.48:193][  0]LogConfig: Setting CVar [[vr.MobileMultiView:0]]
[2023.04.13-21.00.48:194][  0]LogConfig: Setting CVar [[r.Mobile.UseHWsRGBEncoding:0]]
[2023.04.13-21.00.48:194][  0]LogConfig: Setting CVar [[vr.RoundRobinOcclusion:0]]
[2023.04.13-21.00.48:194][  0]LogConfig: Setting CVar [[vr.ODSCapture:0]]
[2023.04.13-21.00.48:194][  0]LogConfig: Setting CVar [[r.MeshStreaming:0]]
[2023.04.13-21.00.48:195][  0]LogConfig: Setting CVar [[r.WireframeCullThreshold:5.000000]]
[2023.04.13-21.00.48:195][  0]LogConfig: Setting CVar [[r.RayTracing:0]]
[2023.04.13-21.00.48:195][  0]LogConfig: Setting CVar [[r.RayTracing.UseTextureLod:0]]
[2023.04.13-21.00.48:195][  0]LogConfig: Setting CVar [[r.SupportStationarySkylight:1]]
[2023.04.13-21.00.48:196][  0]LogConfig: Setting CVar [[r.SupportLowQualityLightmaps:1]]
[2023.04.13-21.00.48:196][  0]LogConfig: Setting CVar [[r.SupportPointLightWholeSceneShadows:1]]
[2023.04.13-21.00.48:196][  0]LogConfig: Setting CVar [[r.SupportAtmosphericFog:1]]
[2023.04.13-21.00.48:197][  0]LogConfig: Setting CVar [[r.SupportSkyAtmosphere:1]]
[2023.04.13-21.00.48:197][  0]LogConfig: Setting CVar [[r.SupportSkyAtmosphereAffectsHeightFog:0]]
[2023.04.13-21.00.48:197][  0]LogConfig: Setting CVar [[r.SkinCache.CompileShaders:0]]
[2023.04.13-21.00.48:197][  0]LogConfig: Setting CVar [[r.SkinCache.DefaultBehavior:1]]
[2023.04.13-21.00.48:198][  0]LogConfig: Setting CVar [[r.SkinCache.SceneMemoryLimitInMB:128.000000]]
[2023.04.13-21.00.48:198][  0]LogConfig: Setting CVar [[r.Mobile.EnableStaticAndCSMShadowReceivers:1]]
[2023.04.13-21.00.48:199][  0]LogConfig: Setting CVar [[r.Mobile.EnableMovableLightCSMShaderCulling:1]]
[2023.04.13-21.00.48:199][  0]LogConfig: Setting CVar [[r.Mobile.AllowDistanceFieldShadows:1]]
[2023.04.13-21.00.48:199][  0]LogConfig: Setting CVar [[r.Mobile.AllowMovableDirectionalLights:1]]
[2023.04.13-21.00.48:199][  0]LogConfig: Setting CVar [[r.MobileNumDynamicPointLights:4]]
[2023.04.13-21.00.48:200][  0]LogConfig: Setting CVar [[r.MobileDynamicPointLightsUseStaticBranch:1]]
[2023.04.13-21.00.48:202][  0]LogConfig: Setting CVar [[r.Mobile.EnableMovableSpotlights:0]]
[2023.04.13-21.00.48:202][  0]LogConfig: Setting CVar [[r.Mobile.EnableMovableSpotlightsShadow:0]]
[2023.04.13-21.00.48:203][  0]LogConfig: Setting CVar [[r.GPUSkin.Support16BitBoneIndex:0]]
[2023.04.13-21.00.48:203][  0]LogConfig: Setting CVar [[r.GPUSkin.Limit2BoneInfluences:0]]
[2023.04.13-21.00.48:203][  0]LogConfig: Setting CVar [[r.SupportDepthOnlyIndexBuffers:1]]
[2023.04.13-21.00.48:204][  0]LogConfig: Setting CVar [[r.SupportReversedIndexBuffers:1]]
[2023.04.13-21.00.48:204][  0]LogConfig: Setting CVar [[r.LightPropagationVolume:0]]
[2023.04.13-21.00.48:204][  0]LogConfig: Setting CVar [[r.Mobile.AmbientOcclusion:0]]
[2023.04.13-21.00.48:204][  0]LogConfig: Setting CVar [[r.GPUSkin.UnlimitedBoneInfluences:0]]
[2023.04.13-21.00.48:205][  0]LogConfig: Setting CVar [[r.GPUSkin.UnlimitedBoneInfluencesThreshold:8]]
[2023.04.13-21.00.48:205][  0]LogConfig: Setting CVar [[r.Mobile.PlanarReflectionMode:0]]
[2023.04.13-21.00.48:205][  0]LogConfig: Setting CVar [[r.Mobile.SupportsGen4TAA:0]]
[2023.04.13-21.00.48:205][  0]LogConfig: Applying CVar settings from Section [/Script/Engine.RendererOverrideSettings] File [C:/Users/danie/Documents/Gamedev VR/game/UE4 game/fpsgame/Saved/Config/Windows/Engine.ini]
[2023.04.13-21.00.48:206][  0]LogConfig: Applying CVar settings from Section [/Script/Engine.StreamingSettings] File [C:/Users/danie/Documents/Gamedev VR/game/UE4 game/fpsgame/Saved/Config/Windows/Engine.ini]
[2023.04.13-21.00.48:206][  0]LogConfig: Setting CVar [[s.MinBulkDataSizeForAsyncLoading:131072]]
[2023.04.13-21.00.48:206][  0]LogConfig: Setting CVar [[s.AsyncLoadingThreadEnabled:0]]
[2023.04.13-21.00.48:207][  0]LogConfig: Setting CVar [[s.EventDrivenLoaderEnabled:1]]
[2023.04.13-21.00.48:207][  0]LogConfig: Setting CVar [[s.WarnIfTimeLimitExceeded:0]]
[2023.04.13-21.00.48:207][  0]LogConfig: Setting CVar [[s.TimeLimitExceededMultiplier:1.5]]
[2023.04.13-21.00.48:208][  0]LogConfig: Setting CVar [[s.TimeLimitExceededMinTime:0.005]]
[2023.04.13-21.00.48:208][  0]LogConfig: Setting CVar [[s.UseBackgroundLevelStreaming:1]]
[2023.04.13-21.00.48:208][  0]LogConfig: Setting CVar [[s.PriorityAsyncLoadingExtraTime:15.0]]
[2023.04.13-21.00.48:208][  0]LogConfig: Setting CVar [[s.LevelStreamingActorsUpdateTimeLimit:5.0]]
[2023.04.13-21.00.48:209][  0]LogConfig: Setting CVar [[s.PriorityLevelStreamingActorsUpdateExtraTime:5.0]]
[2023.04.13-21.00.48:209][  0]LogConfig: Setting CVar [[s.LevelStreamingComponentsRegistrationGranularity:10]]
[2023.04.13-21.00.48:209][  0]LogConfig: Setting CVar [[s.UnregisterComponentsTimeLimit:1.0]]
[2023.04.13-21.00.48:209][  0]LogConfig: Setting CVar [[s.LevelStreamingComponentsUnregistrationGranularity:5]]
[2023.04.13-21.00.48:210][  0]LogConfig: Setting CVar [[s.FlushStreamingOnExit:1]]
[2023.04.13-21.00.48:210][  0]LogConfig: Applying CVar settings from Section [/Script/Engine.GarbageCollectionSettings] File [C:/Users/danie/Documents/Gamedev VR/game/UE4 game/fpsgame/Saved/Config/Windows/Engine.ini]
[2023.04.13-21.00.48:210][  0]LogConfig: Setting CVar [[gc.MaxObjectsNotConsideredByGC:1]]
[2023.04.13-21.00.48:210][  0]LogConfig: Setting CVar [[gc.SizeOfPermanentObjectPool:0]]
[2023.04.13-21.00.48:211][  0]LogConfig: Setting CVar [[gc.FlushStreamingOnGC:0]]
[2023.04.13-21.00.48:211][  0]LogConfig: Setting CVar [[gc.NumRetriesBeforeForcingGC:10]]
[2023.04.13-21.00.48:211][  0]LogConfig: Setting CVar [[gc.AllowParallelGC:1]]
[2023.04.13-21.00.48:212][  0]LogConfig: Setting CVar [[gc.TimeBetweenPurgingPendingKillObjects:61.1]]
[2023.04.13-21.00.48:212][  0]LogConfig: Setting CVar [[gc.MaxObjectsInEditor:25165824]]
[2023.04.13-21.00.48:212][  0]LogConfig: Setting CVar [[gc.IncrementalBeginDestroyEnabled:1]]
[2023.04.13-21.00.48:212][  0]LogConfig: Setting CVar [[gc.CreateGCClusters:1]]
[2023.04.13-21.00.48:213][  0]LogConfig: Setting CVar [[gc.MinGCClusterSize:5]]
[2023.04.13-21.00.48:213][  0]LogConfig: Setting CVar [[gc.ActorClusteringEnabled:0]]
[2023.04.13-21.00.48:213][  0]LogConfig: Setting CVar [[gc.BlueprintClusteringEnabled:0]]
[2023.04.13-21.00.48:213][  0]LogConfig: Setting CVar [[gc.UseDisregardForGCOnDedicatedServers:0]]
[2023.04.13-21.00.48:214][  0]LogConfig: Setting CVar [[gc.MultithreadedDestructionEnabled:1]]
[2023.04.13-21.00.48:215][  0]LogConfig: Applying CVar settings from Section [/Script/Engine.NetworkSettings] File [C:/Users/danie/Documents/Gamedev VR/game/UE4 game/fpsgame/Saved/Config/Windows/Engine.ini]
[2023.04.13-21.00.48:215][  0]LogConfig: Applying CVar settings from Section [/Script/UnrealEd.CookerSettings] File [C:/Users/danie/Documents/Gamedev VR/game/UE4 game/fpsgame/Saved/Config/Windows/Engine.ini]
[2023.04.13-21.00.48:215][  0]LogConfig: Applying CVar settings from Section [ViewDistanceQuality@3] File [C:/Users/danie/Documents/Gamedev VR/game/UE4 game/fpsgame/Saved/Config/Windows/Scalability.ini]
[2023.04.13-21.00.48:216][  0]LogConfig: Setting CVar [[r.SkeletalMeshLODBias:0]]
[2023.04.13-21.00.48:218][  0]LogConfig: Setting CVar [[r.ViewDistanceScale:1.0]]
[2023.04.13-21.00.48:218][  0]LogConfig: Applying CVar settings from Section [AntiAliasingQuality@3] File [C:/Users/danie/Documents/Gamedev VR/game/UE4 game/fpsgame/Saved/Config/Windows/Scalability.ini]
[2023.04.13-21.00.48:218][  0]LogConfig: Setting CVar [[r.PostProcessAAQuality:4]]
[2023.04.13-21.00.48:219][  0]LogConfig: Applying CVar settings from Section [ShadowQuality@3] File [C:/Users/danie/Documents/Gamedev VR/game/UE4 game/fpsgame/Saved/Config/Windows/Scalability.ini]
[2023.04.13-21.00.48:219][  0]LogConfig: Setting CVar [[r.LightFunctionQuality:1]]
[2023.04.13-21.00.48:219][  0]LogConfig: Setting CVar [[r.ShadowQuality:5]]
[2023.04.13-21.00.48:220][  0]LogConfig: Setting CVar [[r.Shadow.CSM.MaxCascades:10]]
[2023.04.13-21.00.48:220][  0]LogConfig: Setting CVar [[r.Shadow.MaxResolution:2048]]
[2023.04.13-21.00.48:220][  0]LogConfig: Setting CVar [[r.Shadow.MaxCSMResolution:2048]]
[2023.04.13-21.00.48:220][  0]LogConfig: Setting CVar [[r.Shadow.RadiusThreshold:0.01]]
[2023.04.13-21.00.48:221][  0]LogConfig: Setting CVar [[r.Shadow.DistanceScale:1.0]]
[2023.04.13-21.00.48:221][  0]LogConfig: Setting CVar [[r.Shadow.CSM.TransitionScale:1.0]]
[2023.04.13-21.00.48:221][  0]LogConfig: Setting CVar [[r.Shadow.PreShadowResolutionFactor:1.0]]
[2023.04.13-21.00.48:221][  0]LogConfig: Setting CVar [[r.DistanceFieldShadowing:1]]
[2023.04.13-21.00.48:222][  0]LogConfig: Setting CVar [[r.DistanceFieldAO:1]]
[2023.04.13-21.00.48:222][  0]LogConfig: Setting CVar [[r.AOQuality:2]]
[2023.04.13-21.00.48:222][  0]LogConfig: Setting CVar [[r.VolumetricFog:1]]
[2023.04.13-21.00.48:223][  0]LogConfig: Setting CVar [[r.VolumetricFog.GridPixelSize:8]]
[2023.04.13-21.00.48:223][  0]LogConfig: Setting CVar [[r.VolumetricFog.GridSizeZ:128]]
[2023.04.13-21.00.48:223][  0]LogConfig: Setting CVar [[r.VolumetricFog.HistoryMissSupersampleCount:4]]
[2023.04.13-21.00.48:223][  0]LogConfig: Setting CVar [[r.LightMaxDrawDistanceScale:1]]
[2023.04.13-21.00.48:224][  0]LogConfig: Setting CVar [[r.CapsuleShadows:1]]
[2023.04.13-21.00.48:224][  0]LogConfig: Applying CVar settings from Section [PostProcessQuality@3] File [C:/Users/danie/Documents/Gamedev VR/game/UE4 game/fpsgame/Saved/Config/Windows/Scalability.ini]
[2023.04.13-21.00.48:224][  0]LogConfig: Setting CVar [[r.MotionBlurQuality:4]]
[2023.04.13-21.00.48:224][  0]LogConfig: Setting CVar [[r.AmbientOcclusionMipLevelFactor:0.4]]
[2023.04.13-21.00.48:225][  0]LogConfig: Setting CVar [[r.AmbientOcclusionMaxQuality:100]]
[2023.04.13-21.00.48:225][  0]LogConfig: Setting CVar [[r.AmbientOcclusionLevels:-1]]
[2023.04.13-21.00.48:225][  0]LogConfig: Setting CVar [[r.AmbientOcclusionRadiusScale:1.0]]
[2023.04.13-21.00.48:226][  0]LogConfig: Setting CVar [[r.DepthOfFieldQuality:2]]
[2023.04.13-21.00.48:226][  0]LogConfig: Setting CVar [[r.RenderTargetPoolMin:400]]
[2023.04.13-21.00.48:226][  0]LogConfig: Setting CVar [[r.LensFlareQuality:2]]
[2023.04.13-21.00.48:226][  0]LogConfig: Setting CVar [[r.SceneColorFringeQuality:1]]
[2023.04.13-21.00.48:227][  0]LogConfig: Setting CVar [[r.EyeAdaptationQuality:2]]
[2023.04.13-21.00.48:227][  0]LogConfig: Setting CVar [[r.BloomQuality:5]]
[2023.04.13-21.00.48:227][  0]LogConfig: Setting CVar [[r.FastBlurThreshold:100]]
[2023.04.13-21.00.48:228][  0]LogConfig: Setting CVar [[r.Upscale.Quality:3]]
[2023.04.13-21.00.48:228][  0]LogConfig: Setting CVar [[r.Tonemapper.GrainQuantization:1]]
[2023.04.13-21.00.48:228][  0]LogConfig: Setting CVar [[r.LightShaftQuality:1]]
[2023.04.13-21.00.48:228][  0]LogConfig: Setting CVar [[r.Filter.SizeScale:1]]
[2023.04.13-21.00.48:229][  0]LogConfig: Setting CVar [[r.Tonemapper.Quality:5]]
[2023.04.13-21.00.48:229][  0]LogConfig: Setting CVar [[r.DOF.Gather.AccumulatorQuality:1        ; higher gathering accumulator quality]]
[2023.04.13-21.00.48:229][  0]LogConfig: Setting CVar [[r.DOF.Gather.PostfilterMethod:1          ; Median3x3 postfilering method]]
[2023.04.13-21.00.48:229][  0]LogConfig: Setting CVar [[r.DOF.Gather.EnableBokehSettings:0       ; no bokeh simulation when gathering]]
[2023.04.13-21.00.48:230][  0]LogConfig: Setting CVar [[r.DOF.Gather.RingCount:4                 ; medium number of samples when gathering]]
[2023.04.13-21.00.48:230][  0]LogConfig: Setting CVar [[r.DOF.Scatter.ForegroundCompositing:1    ; additive foreground scattering]]
[2023.04.13-21.00.48:230][  0]LogConfig: Setting CVar [[r.DOF.Scatter.BackgroundCompositing:2    ; additive background scattering]]
[2023.04.13-21.00.48:230][  0]LogConfig: Setting CVar [[r.DOF.Scatter.EnableBokehSettings:1      ; bokeh simulation when scattering]]
[2023.04.13-21.00.48:231][  0]LogConfig: Setting CVar [[r.DOF.Scatter.MaxSpriteRatio:0.1         ; only a maximum of 10% of scattered bokeh]]
[2023.04.13-21.00.48:232][  0]LogConfig: Setting CVar [[r.DOF.Recombine.Quality:1                ; cheap slight out of focus]]
[2023.04.13-21.00.48:234][  0]LogConfig: Setting CVar [[r.DOF.Recombine.EnableBokehSettings:0    ; no bokeh simulation on slight out of focus]]
[2023.04.13-21.00.48:235][  0]LogConfig: Setting CVar [[r.DOF.TemporalAAQuality:1                ; more stable temporal accumulation]]
[2023.04.13-21.00.48:236][  0]LogConfig: Setting CVar [[r.DOF.Kernel.MaxForegroundRadius:0.025]]
[2023.04.13-21.00.48:236][  0]LogConfig: Setting CVar [[r.DOF.Kernel.MaxBackgroundRadius:0.025]]
[2023.04.13-21.00.48:236][  0]LogConfig: Applying CVar settings from Section [TextureQuality@3] File [C:/Users/danie/Documents/Gamedev VR/game/UE4 game/fpsgame/Saved/Config/Windows/Scalability.ini]
[2023.04.13-21.00.48:237][  0]LogConfig: Setting CVar [[r.Streaming.MipBias:0]]
[2023.04.13-21.00.48:237][  0]LogConfig: Setting CVar [[r.Streaming.AmortizeCPUToGPUCopy:0]]
[2023.04.13-21.00.48:237][  0]LogConfig: Setting CVar [[r.Streaming.MaxNumTexturesToStreamPerFrame:0]]
[2023.04.13-21.00.48:237][  0]LogConfig: Setting CVar [[r.Streaming.Boost:1]]
[2023.04.13-21.00.48:238][  0]LogConfig: Setting CVar [[r.MaxAnisotropy:8]]
[2023.04.13-21.00.48:238][  0]LogConfig: Setting CVar [[r.VT.MaxAnisotropy:8]]
[2023.04.13-21.00.48:238][  0]LogConfig: Setting CVar [[r.Streaming.LimitPoolSizeToVRAM:0]]
[2023.04.13-21.00.48:239][  0]LogConfig: Setting CVar [[r.Streaming.PoolSize:1000]]
[2023.04.13-21.00.48:239][  0]LogConfig: Setting CVar [[r.Streaming.MaxEffectiveScreenSize:0]]
[2023.04.13-21.00.48:239][  0]LogConfig: Applying CVar settings from Section [EffectsQuality@3] File [C:/Users/danie/Documents/Gamedev VR/game/UE4 game/fpsgame/Saved/Config/Windows/Scalability.ini]
[2023.04.13-21.00.48:240][  0]LogConfig: Setting CVar [[r.TranslucencyLightingVolumeDim:64]]
[2023.04.13-21.00.48:240][  0]LogConfig: Setting CVar [[r.RefractionQuality:2]]
[2023.04.13-21.00.48:240][  0]LogConfig: Setting CVar [[r.SSR.Quality:3]]
[2023.04.13-21.00.48:240][  0]LogConfig: Setting CVar [[r.SSR.HalfResSceneColor:0]]
[2023.04.13-21.00.48:241][  0]LogConfig: Setting CVar [[r.SceneColorFormat:4]]
[2023.04.13-21.00.48:241][  0]LogConfig: Setting CVar [[r.DetailMode:2]]
[2023.04.13-21.00.48:241][  0]LogConfig: Setting CVar [[r.TranslucencyVolumeBlur:1]]
[2023.04.13-21.00.48:241][  0]LogConfig: Setting CVar [[r.MaterialQualityLevel:1 ; High quality]]
[2023.04.13-21.00.48:242][  0]LogConfig: Setting CVar [[r.AnisotropicMaterials:1]]
[2023.04.13-21.00.48:242][  0]LogConfig: Setting CVar [[r.SSS.Scale:1]]
[2023.04.13-21.00.48:242][  0]LogConfig: Setting CVar [[r.SSS.SampleSet:2]]
[2023.04.13-21.00.48:242][  0]LogConfig: Setting CVar [[r.SSS.Quality:1]]
[2023.04.13-21.00.48:243][  0]LogConfig: Setting CVar [[r.SSS.HalfRes:0]]
[2023.04.13-21.00.48:243][  0]LogConfig: Setting CVar [[r.SSGI.Quality:3]]
[2023.04.13-21.00.48:243][  0]LogConfig: Setting CVar [[r.EmitterSpawnRateScale:1.0]]
[2023.04.13-21.00.48:243][  0]LogConfig: Setting CVar [[r.ParticleLightQuality:2]]
[2023.04.13-21.00.48:244][  0]LogConfig: Setting CVar [[r.SkyAtmosphere.AerialPerspectiveLUT.FastApplyOnOpaque:1 ; Always have FastSkyLUT 1 in this case to avoid wrong sky]]
[2023.04.13-21.00.48:244][  0]LogConfig: Setting CVar [[r.SkyAtmosphere.AerialPerspectiveLUT.SampleCountMaxPerSlice:4]]
[2023.04.13-21.00.48:244][  0]LogConfig: Setting CVar [[r.SkyAtmosphere.AerialPerspectiveLUT.DepthResolution:16.0]]
[2023.04.13-21.00.48:245][  0]LogConfig: Setting CVar [[r.SkyAtmosphere.FastSkyLUT:1]]
[2023.04.13-21.00.48:245][  0]LogConfig: Setting CVar [[r.SkyAtmosphere.FastSkyLUT.SampleCountMin:4.0]]
[2023.04.13-21.00.48:245][  0]LogConfig: Setting CVar [[r.SkyAtmosphere.FastSkyLUT.SampleCountMax:128.0]]
[2023.04.13-21.00.48:245][  0]LogConfig: Setting CVar [[r.SkyAtmosphere.SampleCountMin:4.0]]
[2023.04.13-21.00.48:246][  0]LogConfig: Setting CVar [[r.SkyAtmosphere.SampleCountMax:128.0]]
[2023.04.13-21.00.48:246][  0]LogConfig: Setting CVar [[r.SkyAtmosphere.TransmittanceLUT.UseSmallFormat:0]]
[2023.04.13-21.00.48:246][  0]LogConfig: Setting CVar [[r.SkyAtmosphere.TransmittanceLUT.SampleCount:10.0]]
[2023.04.13-21.00.48:247][  0]LogConfig: Setting CVar [[r.SkyAtmosphere.MultiScatteringLUT.SampleCount:15.0]]
[2023.04.13-21.00.48:247][  0]LogConfig: Setting CVar [[r.SkyLight.RealTimeReflectionCapture:1]]
[2023.04.13-21.00.48:247][  0]LogConfig: Applying CVar settings from Section [FoliageQuality@3] File [C:/Users/danie/Documents/Gamedev VR/game/UE4 game/fpsgame/Saved/Config/Windows/Scalability.ini]
[2023.04.13-21.00.48:247][  0]LogConfig: Setting CVar [[foliage.DensityScale:1.0]]
[2023.04.13-21.00.48:248][  0]LogConfig: Setting CVar [[grass.DensityScale:1.0]]
[2023.04.13-21.00.48:250][  0]LogConfig: Applying CVar settings from Section [ShadingQuality@3] File [C:/Users/danie/Documents/Gamedev VR/game/UE4 game/fpsgame/Saved/Config/Windows/Scalability.ini]
[2023.04.13-21.00.48:250][  0]LogConfig: Setting CVar [[r.HairStrands.SkyLighting.IntegrationType:2]]
[2023.04.13-21.00.48:251][  0]LogConfig: Setting CVar [[r.HairStrands.SkyAO.SampleCount:4]]
[2023.04.13-21.00.48:251][  0]LogConfig: Setting CVar [[r.HairStrands.Visibility.MSAA.SamplePerPixel:4]]
[2023.04.13-21.00.48:251][  0]LogInit: Selected Device Profile: [Windows]
[2023.04.13-21.00.48:251][  0]LogInit: Applying CVar settings loaded from the selected device profile: [Windows]
[2023.04.13-21.00.48:252][  0]LogHAL: Display: Platform has ~ 16 GB [17128247296 / 17179869184 / 16], which maps to Larger [LargestMinGB=32, LargerMinGB=12, DefaultMinGB=8, SmallerMinGB=6, SmallestMinGB=0)
[2023.04.13-21.00.48:252][  0]LogInit: Going up to parent DeviceProfile []
[2023.04.13-21.00.48:252][  0]LogConfig: Applying CVar settings from Section [ViewDistanceQuality@3] File [C:/Users/danie/Documents/Gamedev VR/game/UE4 game/fpsgame/Saved/Config/Windows/Scalability.ini]
[2023.04.13-21.00.48:252][  0]LogConfig: Setting CVar [[r.SkeletalMeshLODBias:0]]
[2023.04.13-21.00.48:253][  0]LogConfig: Setting CVar [[r.ViewDistanceScale:1.0]]
[2023.04.13-21.00.48:253][  0]LogConfig: Applying CVar settings from Section [AntiAliasingQuality@3] File [C:/Users/danie/Documents/Gamedev VR/game/UE4 game/fpsgame/Saved/Config/Windows/Scalability.ini]
[2023.04.13-21.00.48:253][  0]LogConfig: Setting CVar [[r.PostProcessAAQuality:4]]
[2023.04.13-21.00.48:254][  0]LogConfig: Applying CVar settings from Section [ShadowQuality@3] File [C:/Users/danie/Documents/Gamedev VR/game/UE4 game/fpsgame/Saved/Config/Windows/Scalability.ini]
[2023.04.13-21.00.48:254][  0]LogConfig: Setting CVar [[r.LightFunctionQuality:1]]
[2023.04.13-21.00.48:254][  0]LogConfig: Setting CVar [[r.ShadowQuality:5]]
[2023.04.13-21.00.48:255][  0]LogConfig: Setting CVar [[r.Shadow.CSM.MaxCascades:10]]
[2023.04.13-21.00.48:255][  0]LogConfig: Setting CVar [[r.Shadow.MaxResolution:2048]]
[2023.04.13-21.00.48:255][  0]LogConfig: Setting CVar [[r.Shadow.MaxCSMResolution:2048]]
[2023.04.13-21.00.48:256][  0]LogConfig: Setting CVar [[r.Shadow.RadiusThreshold:0.01]]
[2023.04.13-21.00.48:256][  0]LogConfig: Setting CVar [[r.Shadow.DistanceScale:1.0]]
[2023.04.13-21.00.48:256][  0]LogConfig: Setting CVar [[r.Shadow.CSM.TransitionScale:1.0]]
[2023.04.13-21.00.48:256][  0]LogConfig: Setting CVar [[r.Shadow.PreShadowResolutionFactor:1.0]]
[2023.04.13-21.00.48:257][  0]LogConfig: Setting CVar [[r.DistanceFieldShadowing:1]]
[2023.04.13-21.00.48:257][  0]LogConfig: Setting CVar [[r.DistanceFieldAO:1]]
[2023.04.13-21.00.48:257][  0]LogConfig: Setting CVar [[r.AOQuality:2]]
[2023.04.13-21.00.48:257][  0]LogConfig: Setting CVar [[r.VolumetricFog:1]]
[2023.04.13-21.00.48:258][  0]LogConfig: Setting CVar [[r.VolumetricFog.GridPixelSize:8]]
[2023.04.13-21.00.48:258][  0]LogConfig: Setting CVar [[r.VolumetricFog.GridSizeZ:128]]
[2023.04.13-21.00.48:258][  0]LogConfig: Setting CVar [[r.VolumetricFog.HistoryMissSupersampleCount:4]]
[2023.04.13-21.00.48:259][  0]LogConfig: Setting CVar [[r.LightMaxDrawDistanceScale:1]]
[2023.04.13-21.00.48:259][  0]LogConfig: Setting CVar [[r.CapsuleShadows:1]]
[2023.04.13-21.00.48:259][  0]LogConfig: Applying CVar settings from Section [PostProcessQuality@3] File [C:/Users/danie/Documents/Gamedev VR/game/UE4 game/fpsgame/Saved/Config/Windows/Scalability.ini]
[2023.04.13-21.00.48:260][  0]LogConfig: Setting CVar [[r.MotionBlurQuality:4]]
[2023.04.13-21.00.48:260][  0]LogConfig: Setting CVar [[r.AmbientOcclusionMipLevelFactor:0.4]]
[2023.04.13-21.00.48:260][  0]LogConfig: Setting CVar [[r.AmbientOcclusionMaxQuality:100]]
[2023.04.13-21.00.48:261][  0]LogConfig: Setting CVar [[r.AmbientOcclusionLevels:-1]]
[2023.04.13-21.00.48:261][  0]LogConfig: Setting CVar [[r.AmbientOcclusionRadiusScale:1.0]]
[2023.04.13-21.00.48:261][  0]LogConfig: Setting CVar [[r.DepthOfFieldQuality:2]]
[2023.04.13-21.00.48:261][  0]LogConfig: Setting CVar [[r.RenderTargetPoolMin:400]]
[2023.04.13-21.00.48:262][  0]LogConfig: Setting CVar [[r.LensFlareQuality:2]]
[2023.04.13-21.00.48:262][  0]LogConfig: Setting CVar [[r.SceneColorFringeQuality:1]]
[2023.04.13-21.00.48:262][  0]LogConfig: Setting CVar [[r.EyeAdaptationQuality:2]]
[2023.04.13-21.00.48:262][  0]LogConfig: Setting CVar [[r.BloomQuality:5]]
[2023.04.13-21.00.48:263][  0]LogConfig: Setting CVar [[r.FastBlurThreshold:100]]
[2023.04.13-21.00.48:263][  0]LogConfig: Setting CVar [[r.Upscale.Quality:3]]
[2023.04.13-21.00.48:263][  0]LogConfig: Setting CVar [[r.Tonemapper.GrainQuantization:1]]
[2023.04.13-21.00.48:263][  0]LogConfig: Setting CVar [[r.LightShaftQuality:1]]
[2023.04.13-21.00.48:264][  0]LogConfig: Setting CVar [[r.Filter.SizeScale:1]]
[2023.04.13-21.00.48:266][  0]LogConfig: Setting CVar [[r.Tonemapper.Quality:5]]
[2023.04.13-21.00.48:266][  0]LogConfig: Setting CVar [[r.DOF.Gather.AccumulatorQuality:1        ; higher gathering accumulator quality]]
[2023.04.13-21.00.48:267][  0]LogConfig: Setting CVar [[r.DOF.Gather.PostfilterMethod:1          ; Median3x3 postfilering method]]
[2023.04.13-21.00.48:267][  0]LogConfig: Setting CVar [[r.DOF.Gather.EnableBokehSettings:0       ; no bokeh simulation when gathering]]
[2023.04.13-21.00.48:267][  0]LogConfig: Setting CVar [[r.DOF.Gather.RingCount:4                 ; medium number of samples when gathering]]
[2023.04.13-21.00.48:267][  0]LogConfig: Setting CVar [[r.DOF.Scatter.ForegroundCompositing:1    ; additive foreground scattering]]
[2023.04.13-21.00.48:268][  0]LogConfig: Setting CVar [[r.DOF.Scatter.BackgroundCompositing:2    ; additive background scattering]]
[2023.04.13-21.00.48:268][  0]LogConfig: Setting CVar [[r.DOF.Scatter.EnableBokehSettings:1      ; bokeh simulation when scattering]]
[2023.04.13-21.00.48:269][  0]LogConfig: Setting CVar [[r.DOF.Scatter.MaxSpriteRatio:0.1         ; only a maximum of 10% of scattered bokeh]]
[2023.04.13-21.00.48:269][  0]LogConfig: Setting CVar [[r.DOF.Recombine.Quality:1                ; cheap slight out of focus]]
[2023.04.13-21.00.48:269][  0]LogConfig: Setting CVar [[r.DOF.Recombine.EnableBokehSettings:0    ; no bokeh simulation on slight out of focus]]
[2023.04.13-21.00.48:269][  0]LogConfig: Setting CVar [[r.DOF.TemporalAAQuality:1                ; more stable temporal accumulation]]
[2023.04.13-21.00.48:270][  0]LogConfig: Setting CVar [[r.DOF.Kernel.MaxForegroundRadius:0.025]]
[2023.04.13-21.00.48:270][  0]LogConfig: Setting CVar [[r.DOF.Kernel.MaxBackgroundRadius:0.025]]
[2023.04.13-21.00.48:270][  0]LogConfig: Applying CVar settings from Section [TextureQuality@3] File [C:/Users/danie/Documents/Gamedev VR/game/UE4 game/fpsgame/Saved/Config/Windows/Scalability.ini]
[2023.04.13-21.00.48:270][  0]LogConfig: Setting CVar [[r.Streaming.MipBias:0]]
[2023.04.13-21.00.48:271][  0]LogConfig: Setting CVar [[r.Streaming.AmortizeCPUToGPUCopy:0]]
[2023.04.13-21.00.48:271][  0]LogConfig: Setting CVar [[r.Streaming.MaxNumTexturesToStreamPerFrame:0]]
[2023.04.13-21.00.48:271][  0]LogConfig: Setting CVar [[r.Streaming.Boost:1]]
[2023.04.13-21.00.48:272][  0]LogConfig: Setting CVar [[r.MaxAnisotropy:8]]
[2023.04.13-21.00.48:272][  0]LogConfig: Setting CVar [[r.VT.MaxAnisotropy:8]]
[2023.04.13-21.00.48:272][  0]LogConfig: Setting CVar [[r.Streaming.LimitPoolSizeToVRAM:0]]
[2023.04.13-21.00.48:273][  0]LogConfig: Setting CVar [[r.Streaming.PoolSize:1000]]
[2023.04.13-21.00.48:273][  0]LogConfig: Setting CVar [[r.Streaming.MaxEffectiveScreenSize:0]]
[2023.04.13-21.00.48:273][  0]LogConfig: Applying CVar settings from Section [EffectsQuality@3] File [C:/Users/danie/Documents/Gamedev VR/game/UE4 game/fpsgame/Saved/Config/Windows/Scalability.ini]
[2023.04.13-21.00.48:274][  0]LogConfig: Setting CVar [[r.TranslucencyLightingVolumeDim:64]]
[2023.04.13-21.00.48:274][  0]LogConfig: Setting CVar [[r.RefractionQuality:2]]
[2023.04.13-21.00.48:274][  0]LogConfig: Setting CVar [[r.SSR.Quality:3]]
[2023.04.13-21.00.48:274][  0]LogConfig: Setting CVar [[r.SSR.HalfResSceneColor:0]]
[2023.04.13-21.00.48:275][  0]LogConfig: Setting CVar [[r.SceneColorFormat:4]]
[2023.04.13-21.00.48:275][  0]LogConfig: Setting CVar [[r.DetailMode:2]]
[2023.04.13-21.00.48:275][  0]LogConfig: Setting CVar [[r.TranslucencyVolumeBlur:1]]
[2023.04.13-21.00.48:275][  0]LogConfig: Setting CVar [[r.MaterialQualityLevel:1 ; High quality]]
[2023.04.13-21.00.48:276][  0]LogConfig: Setting CVar [[r.AnisotropicMaterials:1]]
[2023.04.13-21.00.48:276][  0]LogConfig: Setting CVar [[r.SSS.Scale:1]]
[2023.04.13-21.00.48:276][  0]LogConfig: Setting CVar [[r.SSS.SampleSet:2]]
[2023.04.13-21.00.48:277][  0]LogConfig: Setting CVar [[r.SSS.Quality:1]]
[2023.04.13-21.00.48:277][  0]LogConfig: Setting CVar [[r.SSS.HalfRes:0]]
[2023.04.13-21.00.48:277][  0]LogConfig: Setting CVar [[r.SSGI.Quality:3]]
[2023.04.13-21.00.48:277][  0]LogConfig: Setting CVar [[r.EmitterSpawnRateScale:1.0]]
[2023.04.13-21.00.48:278][  0]LogConfig: Setting CVar [[r.ParticleLightQuality:2]]
[2023.04.13-21.00.48:278][  0]LogConfig: Setting CVar [[r.SkyAtmosphere.AerialPerspectiveLUT.FastApplyOnOpaque:1 ; Always have FastSkyLUT 1 in this case to avoid wrong sky]]
[2023.04.13-21.00.48:278][  0]LogConfig: Setting CVar [[r.SkyAtmosphere.AerialPerspectiveLUT.SampleCountMaxPerSlice:4]]
[2023.04.13-21.00.48:279][  0]LogConfig: Setting CVar [[r.SkyAtmosphere.AerialPerspectiveLUT.DepthResolution:16.0]]
[2023.04.13-21.00.48:282][  0]LogConfig: Setting CVar [[r.SkyAtmosphere.FastSkyLUT:1]]
[2023.04.13-21.00.48:283][  0]LogConfig: Setting CVar [[r.SkyAtmosphere.FastSkyLUT.SampleCountMin:4.0]]
[2023.04.13-21.00.48:283][  0]LogConfig: Setting CVar [[r.SkyAtmosphere.FastSkyLUT.SampleCountMax:128.0]]
[2023.04.13-21.00.48:283][  0]LogConfig: Setting CVar [[r.SkyAtmosphere.SampleCountMin:4.0]]
[2023.04.13-21.00.48:283][  0]LogConfig: Setting CVar [[r.SkyAtmosphere.SampleCountMax:128.0]]
[2023.04.13-21.00.48:284][  0]LogConfig: Setting CVar [[r.SkyAtmosphere.TransmittanceLUT.UseSmallFormat:0]]
[2023.04.13-21.00.48:284][  0]LogConfig: Setting CVar [[r.SkyAtmosphere.TransmittanceLUT.SampleCount:10.0]]
[2023.04.13-21.00.48:284][  0]LogConfig: Setting CVar [[r.SkyAtmosphere.MultiScatteringLUT.SampleCount:15.0]]
[2023.04.13-21.00.48:285][  0]LogConfig: Setting CVar [[r.SkyLight.RealTimeReflectionCapture:1]]
[2023.04.13-21.00.48:285][  0]LogConfig: Applying CVar settings from Section [FoliageQuality@3] File [C:/Users/danie/Documents/Gamedev VR/game/UE4 game/fpsgame/Saved/Config/Windows/Scalability.ini]
[2023.04.13-21.00.48:285][  0]LogConfig: Setting CVar [[foliage.DensityScale:1.0]]
[2023.04.13-21.00.48:286][  0]LogConfig: Setting CVar [[grass.DensityScale:1.0]]
[2023.04.13-21.00.48:286][  0]LogConfig: Applying CVar settings from Section [ShadingQuality@3] File [C:/Users/danie/Documents/Gamedev VR/game/UE4 game/fpsgame/Saved/Config/Windows/Scalability.ini]
[2023.04.13-21.00.48:286][  0]LogConfig: Setting CVar [[r.HairStrands.SkyLighting.IntegrationType:2]]
[2023.04.13-21.00.48:286][  0]LogConfig: Setting CVar [[r.HairStrands.SkyAO.SampleCount:4]]
[2023.04.13-21.00.48:287][  0]LogConfig: Setting CVar [[r.HairStrands.Visibility.MSAA.SamplePerPixel:4]]
[2023.04.13-21.00.48:287][  0]LogConfig: Applying CVar settings from Section [Startup] File [../../../Engine/Config/ConsoleVariables.ini]
[2023.04.13-21.00.48:287][  0]LogConfig: Setting CVar [[net.UseAdaptiveNetUpdateFrequency:0]]
[2023.04.13-21.00.48:288][  0]LogConfig: Setting CVar [[p.chaos.AllowCreatePhysxBodies:1]]
[2023.04.13-21.00.48:288][  0]LogConfig: Setting CVar [[fx.SkipVectorVMBackendOptimizations:1]]
[2023.04.13-21.00.48:288][  0]LogConfig: Applying CVar settings from Section [ConsoleVariables] File [C:/Users/danie/Documents/Gamedev VR/game/UE4 game/fpsgame/Saved/Config/Windows/Engine.ini]
[2023.04.13-21.00.48:289][  0]LogConfig: Applying CVar settings from Section [ConsoleVariables] File [C:/Users/danie/Documents/Gamedev VR/game/UE4 game/fpsgame/Saved/Config/Windows/Editor.ini]
[2023.04.13-21.00.48:289][  0]LogInit: Computer: DESKTOP-QG36584
[2023.04.13-21.00.48:289][  0]LogInit: User: danie
[2023.04.13-21.00.48:290][  0]LogInit: CPU Page size=4096, Cores=6
[2023.04.13-21.00.48:290][  0]LogInit: High frequency timer resolution =10.000000 MHz
[2023.04.13-21.00.48:290][  0]LogMemory: Memory total: Physical=16.0GB (16GB approx)
[2023.04.13-21.00.48:290][  0]LogMemory: Platform Memory Stats for Windows
[2023.04.13-21.00.48:292][  0]LogMemory: Process Physical Memory: 137.74 MB used, 137.75 MB peak
[2023.04.13-21.00.48:292][  0]LogMemory: Process Virtual Memory: 119.47 MB used, 119.47 MB peak
[2023.04.13-21.00.48:292][  0]LogMemory: Physical Memory: 10471.72 MB used,  5863.05 MB free, 16334.77 MB total
[2023.04.13-21.00.48:293][  0]LogMemory: Virtual Memory: 134213024.00 MB used,  4700.65 MB free, 134217728.00 MB total
[2023.04.13-21.00.48:295][  0]LogWindows: WindowsPlatformFeatures disabled or dedicated server build
[2023.04.13-21.00.48:307][  0]LogInit: Physics initialised using underlying interface: PhysX
[2023.04.13-21.00.48:307][  0]LogInit: Using OS detected language (en-US).
[2023.04.13-21.00.48:307][  0]LogInit: Using OS detected locale (en-GB).
[2023.04.13-21.00.48:313][  0]LogTextLocalizationManager: No specific localization for 'en-US' exists, so the 'en' localization will be used.
[2023.04.13-21.00.48:726][  0]LogTargetPlatformManager: Display: Loaded TargetPlatform 'WindowsNoEditor'
[2023.04.13-21.00.48:729][  0]LogTargetPlatformManager: Display: Loaded TargetPlatform 'Windows'
[2023.04.13-21.00.48:731][  0]LogTargetPlatformManager: Display: Loaded TargetPlatform 'WindowsClient'
[2023.04.13-21.00.48:734][  0]LogTargetPlatformManager: Display: Loaded TargetPlatform 'WindowsServer'
[2023.04.13-21.00.48:734][  0]LogTargetPlatformManager: Display: Building Assets For Windows
[2023.04.13-21.00.48:738][  0]LogAudioDebug: Display: Lib vorbis DLL was dynamically loaded.
[2023.04.13-21.00.48:752][  0]LogTextureFormatOodle: Display: Oodle Texture 2.9.0 init RDO Off
[2023.04.13-21.00.48:764][  0]LogRendererCore: Ray tracing is disabled. Reason: r.RayTracing=0.
[2023.04.13-21.00.48:764][  0]LogShaderCompilers: Guid format shader working directory is -27 characters bigger than the processId version (../../../../../../Users/danie/Documents/Gamedev VR/game/UE4 game/fpsgame/Intermediate/Shaders/WorkingDirectory/12200/).
[2023.04.13-21.00.48:764][  0]LogShaderCompilers: Cleaned the shader compiler working directory 'C:/Users/danie/AppData/Local/Temp/UnrealShaderWorkingDir/1AEA08464FE5D1734A691B98BF84F377/'.
[2023.04.13-21.00.48:765][  0]LogXGEController: Cannot use XGE Controller as Incredibuild is not installed on this machine.
[2023.04.13-21.00.48:765][  0]LogShaderCompilers: Cannot use XGE Shader Compiler as Incredibuild is not installed on this machine.
[2023.04.13-21.00.48:765][  0]LogShaderCompilers: Display: Using Local Shader Compiler.
[2023.04.13-21.00.49:257][  0]LogDerivedDataCache: Display: Max Cache Size: 512 MB
[2023.04.13-21.00.49:310][  0]LogDerivedDataCache: Loaded boot cache 0.05s 94MB C:/Users/danie/AppData/Local/UnrealEngine/4.27/DerivedDataCache/Boot.ddc.
[2023.04.13-21.00.49:310][  0]LogDerivedDataCache: Display: Loaded Boot cache: C:/Users/danie/AppData/Local/UnrealEngine/4.27/DerivedDataCache/Boot.ddc
[2023.04.13-21.00.49:311][  0]LogDerivedDataCache: FDerivedDataBackendGraph:  Pak pak cache file ../../../../../../Users/danie/Documents/Gamedev VR/game/UE4 game/fpsgame/DerivedDataCache/DDC.ddp not found, will not use a pak cache.
[2023.04.13-21.00.49:311][  0]LogDerivedDataCache: Unable to find inner node Pak for hierarchical cache Hierarchy.
[2023.04.13-21.00.49:312][  0]LogDerivedDataCache: FDerivedDataBackendGraph:  CompressedPak pak cache file ../../../../../../Users/danie/Documents/Gamedev VR/game/UE4 game/fpsgame/DerivedDataCache/Compressed.ddp not found, will not use a pak cache.
[2023.04.13-21.00.49:312][  0]LogDerivedDataCache: Unable to find inner node CompressedPak for hierarchical cache Hierarchy.
[2023.04.13-21.00.49:331][  0]LogDerivedDataCache: Display: Pak cache opened for reading ../../../Engine/DerivedDataCache/Compressed.ddp.
[2023.04.13-21.00.49:331][  0]LogDerivedDataCache: FDerivedDataBackendGraph:  EnterprisePak pak cache file ../../../Enterprise/DerivedDataCache/Compressed.ddp not found, will not use a pak cache.
[2023.04.13-21.00.49:331][  0]LogDerivedDataCache: Unable to find inner node EnterprisePak for hierarchical cache Hierarchy.
[2023.04.13-21.00.49:340][  0]LogDerivedDataCache: Speed tests for C:/Users/danie/AppData/Local/UnrealEngine/Common/DerivedDataCache took 0.01 seconds
[2023.04.13-21.00.49:340][  0]LogDerivedDataCache: Display: Performance to C:/Users/danie/AppData/Local/UnrealEngine/Common/DerivedDataCache: Latency=0.04ms. RandomReadSpeed=1116.34MBs, RandomWriteSpeed=139.66MBs. Assigned SpeedClass 'Local'
[2023.04.13-21.00.49:343][  0]LogDerivedDataCache: Using Local data cache path C:/Users/danie/AppData/Local/UnrealEngine/Common/DerivedDataCache: Writable
[2023.04.13-21.00.49:343][  0]LogDerivedDataCache: Shared data cache path not found in *engine.ini, will not use an Shared cache.
[2023.04.13-21.00.49:343][  0]LogDerivedDataCache: Unable to find inner node Shared for hierarchical cache Hierarchy.
[2023.04.13-21.00.49:345][  0]LogInit: Using OS detected language (en-US).
[2023.04.13-21.00.49:345][  0]LogInit: Using OS detected locale (en-GB).
[2023.04.13-21.00.49:345][  0]LogTextLocalizationManager: No localization for 'en-US' exists, so 'en' will be used for the language.
[2023.04.13-21.00.49:346][  0]LogTextLocalizationManager: No localization for 'en-GB' exists, so 'en' will be used for the locale.
[2023.04.13-21.00.49:349][  0]LogTextLocalizationManager: Compacting localization data took   0.00ms
[2023.04.13-21.00.49:349][  0]LogAssetRegistry: FAssetRegistry took 0.0018 seconds to start up
[2023.04.13-21.00.49:500][  0]LogPackageLocalizationCache: Processed 27 localized package path(s) for 1 prioritized culture(s) in 0.001391 seconds
[2023.04.13-21.00.49:582][  0]LogInit: Selected Device Profile: [Windows]
[2023.04.13-21.00.49:582][  0]LogInit: Active device profile: [000001D2A93F4500][000001D2A8A2F8C0 49] Windows
[2023.04.13-21.00.49:583][  0]LogInit: Profiles: [000001D2A93F4500][000001D2A8A2F8C0 49] Windows, [000001D2A93DB600][000001D2A8A3DB80 49] WindowsNoEditor, [000001D2A93D8100][000001D2A8A32280 49] WindowsServer, [000001D2A93F7000][000001D2A8A40500 49] WindowsClient, [000001D2A93F4200][000001D2A8A487C0 49] IOS, [000001D2A93DFD00][000001D2A8A4CA80 49] iPadAir, [000001D2A93F7A00][000001D2A8A50D40 49] iPadAir2, [000001D2A9388200][000001D2A8A6B280 49] IPadPro, [000001D2A9383F00][000001D2A8A552C0 49] iPadAir3, [000001D2A93D9000][000001D2A8A63580 49] iPadAir4, [000001D2A9380500][000001D2A8A5F840 49] iPadMini2, [000001D2A93D8200][000001D2A8A67B00 49] iPadMini3, [000001D2A9381200][000001D2A8A74240 49] iPadMini4, [000001D2A93DB800][000001D2A8A444C0 49] iPadMini5, [000001D2A93DD600][000001D2A8A8C9C0 49] iPhone6, [000001D2A93DD700][000001D2A8A78A00 49] iPodTouch6, [000001D2A9382100][000001D2A8A94F40 49] iPhone7, [000001D2A9382200][000001D2A8A84F80 49] iPodTouch7, [000001D2A93DE600][000001D2A8A89240 49] iPhone5S, [000001D2A9383100][000001D2A8A81500 49] iPhone6Plus, [000001D2A93DFB00][000001D2A8A917C0 49] iPhone6S, [000001D2A9382B00][000001D2A8A99A80 49] iPhone6SPlus, [000001D2A93DCA00][000001D2A8A9C1C0 49] iPhone7Plus, [000001D2A9382F00][000001D2A8AA0480 49] iPhoneSE, [000001D2A93DD000][000001D2A8A7C700 49] iPhone8, [000001D2A9383C00][000001D2A8AA4980 49] iPhone8Plus, [000001D2A93DF200][000001D2A8AACC40 49] iPhoneX, [000001D2A9382C00][000001D2A8AB0F00 49] iPhoneXS, [000001D2A93DEB00][000001D2A8AB51C0 49] iPhoneXSMax, [000001D2A9382900][000001D2A8AB9480 49] iPhoneXR, [000001D2A93DEF00][000001D2A8ABD740 49] iPhone11, [000001D2A9380A00][000001D2A8AC1A00 49] iPhone11Pro, [000001D2A93DFE00][000001D2A8AC4140 49] iPhone11ProMax, [000001D2A9381400][000001D2A8AC8400 49] iPhoneSE2, [000001D2A93DFF00][000001D2A8ACC6C0 49] iPhone12Mini, [000001D2A9383D00][000001D2A8AA8940 49] iPhone12, [000001D2A93DD200][000001D2A8AD0BC0 49] iPhone12Pro, [000001D2A9383500][000001D2A8AD8E80 49] iPhone12ProMax, [000001D2A93DC200][000001D2A8ADD140 49] iPadPro105, [000001D2A9381A00][000001D2A8AE1400 49] iPadPro129, [000001D2A93DCD00][000001D2A8AE56C0 49] iPadPro97, [000001D2A9380900][000001D2A8AE9980 49] iPadPro2_129, [000001D2A93DDA00][000001D2A8AEC0C0 49] iPad5, [000001D2A9381C00][000001D2A83E2380 49] iPad6, [000001D2A93DF900][000001D2A83E6640 49] iPad7, [000001D2A9382600][000001D2A83EA900 49] iPad8, [000001D2A93DF000][000001D2A8AD4B80 49] iPadPro11, [000001D2A9381500][000001D2A83EEE00 49] iPadPro2_11, [000001D2A93DE100][000001D2A83F70C0 49] iPadPro3_129, [000001D2A9381D00][000001D2A83FB380 49] iPadPro4_129, [000001D2A93DE400][000001D2A83FF640 49] AppleTV, [000001D2A9382E00][000001D2A8403900 49] AppleTV4K, [000001D2A93DC500][000001D2A8407BC0 49] TVOS, [000001D2A9383A00][000001D2A840A300 49] Mac, [000001D2A93DE900][000001D2A840E5C0 49] MacClient, [000001D2A9381700][000001D2A8412880 49] MacNoEditor, [000001D2A93DD100][000001D2A8416B40 49] MacServer, [000001D2A9383B00][000001D2A83F2DC0 49] Linux, [000001D2A93DC600][000001D2A841B040 49] LinuxAArch64, [000001D2A9380400][000001D2A8423300 49] LinuxNoEditor, [000001D2A93DE200][000001D2A84275C0 49] LinuxAArch64NoEditor, [000001D2A93F4100][000001D2A842B880 49] LinuxClient, [000001D2A9388700][000001D2A842FB40 49] LinuxAArch64Client, [000001D2A93F5900][000001D2A8432280 49] LinuxServer, [000001D2A9388A00][000001D2A8436540 49] LinuxAArch64Server, [000001D2A93F6D00][000001D2A843A800 49] Android, [000001D2A9389400][000001D2A843EAC0 49] Android_Low, [000001D2A93F5100][000001D2A8442D80 49] Android_Mid, [000001D2A9388E00][000001D2A841F000 49] Android_High, [000001D2A93F4800][000001D2A844B2C0 49] Android_Default, [000001D2A938A600][000001D2A844F580 49] Android_Adreno4xx, [000001D2A93F5400][000001D2A8453840 49] Android_Adreno5xx_Low, [000001D2A938A400][000001D2A8457B00 49] Android_Adreno5xx, [000001D2A93F4700][000001D2A845A240 49] Android_Adreno6xx, [000001D2A938AC00][000001D2A845E500 49] Android_Adreno6xx_Vulkan, [000001D2A93F7B00][000001D2A84627C0 49] Android_Mali_T6xx, [000001D2A9388500][000001D2A8466A80 49] Android_Mali_T7xx, [000001D2A93F4300][000001D2A846AD40 49] Android_Mali_T8xx, [000001D2A938B000][000001D2A8446FC0 49] Android_Mali_G71, [000001D2A93F6900][000001D2A846F240 49] Android_Mali_G72, [000001D2A938A500][000001D2A8477500 49] Android_Mali_G72_Vulkan, [000001D2A93F5B00][000001D2A847B7C0 49] Android_Mali_G76, [000001D2A938B100][000001D2A847FA80 49] Android_Mali_G76_Vulkan, [000001D2A93F5E00][000001D2A84821C0 49] Android_Mali_G77, [000001D2A938BB00][000001D2A8486480 49] Android_Mali_G77_Vulkan, [000001D2A93F7C00][000001D2A848A740 49] Android_Mali_G78, [000001D2A938BF00][000001D2A848EA00 49] Android_Mali_G78_Vulkan, [000001D2A93F6400][000001D2A8492CC0 49] Android_Mali_G710, [000001D2A9389300][000001D2A8496F80 49] Android_Mali_G710_Vulkan, [000001D2A93F7100][000001D2A8473200 49] Android_Vulkan_SM5, [000001D2A9382400][000001D2A849B480 49] Android_PowerVR_G6xxx, [000001D2A93F5D00][000001D2A84A3740 49] Android_PowerVR_GT7xxx, [000001D2A9380100][000001D2A84A7A00 49] Android_PowerVR_GE8xxx, [000001D2A93F7200][000001D2A84AA140 49] Android_PowerVR_GM9xxx, [000001D2A9380300][000001D2A84AE400 49] Android_PowerVR_GM9xxx_Vulkan, [000001D2A93F7300][000001D2A84B26C0 49] Android_TegraK1, [000001D2A9381600][000001D2A84B6980 49] Android_Unknown_Vulkan, [000001D2A93F6000][000001D2A84BAC40 49] Lumin, [000001D2A9380B00][000001D2A84BEF00 49] Lumin_Desktop, [000001D2A93F4D00][000001D2A84C31C0 49] HoloLens, 
[2023.04.13-21.00.49:601][  0]LogMeshReduction: Using QuadricMeshReduction for automatic static mesh reduction
[2023.04.13-21.00.49:602][  0]LogMeshReduction: Using SimplygonMeshReduction for automatic skeletal mesh reduction
[2023.04.13-21.00.49:602][  0]LogMeshReduction: Using ProxyLODMeshReduction for automatic mesh merging
[2023.04.13-21.00.49:603][  0]LogMeshReduction: No distributed automatic mesh merging module available
[2023.04.13-21.00.49:603][  0]LogMeshMerging: No distributed automatic mesh merging module available
[2023.04.13-21.00.49:614][  0]LogNetVersion: fpsgame 1.0.0, NetCL: 17155196, EngineNetVer: 17, GameNetVer: 0 (Checksum: 3215450660)
[2023.04.13-21.00.49:709][  0]LogTexture: Default maximum texture size for cubemaps generated from long-lat sources has been changed from 512 to unlimited. In order to preserve old behaiour for '/Engine/MapTemplates/Sky/DaylightAmbientCubemap.DaylightAmbientCubemap', its maximum texture size has been explicitly set to 512.
[2023.04.13-21.00.49:723][  0]LogHMD: PokeAHoleMaterial loaded successfully
[2023.04.13-21.00.49:788][  0]LogPython: Using Python 3.7.7
[2023.04.13-21.00.50:180][  0]LogNiagaraDebuggerClient: Niagara Debugger Client Initialized | Session: 915672DE498AA36B70BCEE928A45BB69 | Instance: 80E12C1947F39B1DAF0CAE86FEE86698 (DESKTOP-QG36584-12200).
[2023.04.13-21.00.50:234][  0]LogCollectionManager: Loaded 0 collections in 0.002167 seconds
[2023.04.13-21.00.50:237][  0]LogFileCache: Scanning file cache for directory 'C:/Users/danie/Documents/Gamedev VR/game/UE4 game/fpsgame/Saved/Collections/' took 0.00s
[2023.04.13-21.00.50:244][  0]LogFileCache: Scanning file cache for directory 'C:/Users/danie/Documents/Gamedev VR/game/UE4 game/fpsgame/Content/Developers/danie/Collections/' took 0.00s
[2023.04.13-21.00.50:245][  0]LogFileCache: Scanning file cache for directory 'C:/Users/danie/Documents/Gamedev VR/game/UE4 game/fpsgame/Content/Collections/' took 0.00s
[2023.04.13-21.00.50:245][  0]LogCollectionManager: Fixed up redirectors for 0 collections in 0.000003 seconds (updated 0 objects)
[2023.04.13-21.00.50:335][  0]LogTcpMessaging: Initializing TcpMessaging bridge
[2023.04.13-21.00.50:338][  0]LogUdpMessaging: Initializing bridge on interface 0.0.0.0:0 to multicast group 230.0.0.1:6666.
[2023.04.13-21.00.50:360][  0]LogPython: Warning: 'AttachmentType' and 'EAttachmentType' have the same name (AttachmentType) when exposed to Python. Rename one of them using 'ScriptName' meta-data.
[2023.04.13-21.00.50:391][  0]SourceControl: Source control is disabled
[2023.04.13-21.00.50:392][  0]SourceControl: Source control is disabled
[2023.04.13-21.00.50:394][  0]SourceControl: Source control is disabled
[2023.04.13-21.00.50:396][  0]LogUProjectInfo: Found projects:
[2023.04.13-21.00.50:431][  0]LogOpenImageDenoise: OIDN starting up
[2023.04.13-21.00.50:447][  0]LogAndroidPermission: UAndroidPermissionCallbackProxy::GetInstance
[2023.04.13-21.00.50:454][  0]LogAudioCaptureCore: Display: No Audio Capture implementations found. Audio input will be silent.
[2023.04.13-21.00.50:454][  0]LogAudioCaptureCore: Display: No Audio Capture implementations found. Audio input will be silent.
[2023.04.13-21.00.50:506][  0]LogOcInput: OculusInput pre-init called
[2023.04.13-21.00.50:514][  0]LogUObjectArray: 22090 objects as part of root set at end of initial load.
[2023.04.13-21.00.50:515][  0]LogUObjectAllocator: 5978720 out of 0 bytes used by permanent object pool.
[2023.04.13-21.00.50:515][  0]LogUObjectArray: CloseDisregardForGC: 0/0 objects in disregard for GC pool
[2023.04.13-21.00.50:549][  0]LogClass: Display: StructProperty FRewindDataStruct::SnapshotPosition is not initialized properly. Module:fpsgame File:RewindComponent.h
[2023.04.13-21.00.50:550][  0]LogClass: Display: StructProperty FRewindDataStruct::SnapshotRotation is not initialized properly. Module:fpsgame File:RewindComponent.h
[2023.04.13-21.00.50:555][  0]LogClass: Display: StructProperty FRewindDataStruct::SnapshotScale is not initialized properly. Module:fpsgame File:RewindComponent.h
[2023.04.13-21.00.50:559][  0]LogClass: Display: StructProperty FWeaponAttachmentSocketStruct::SightAttachmentPoint is not initialized properly. Module:fpsgame File:WeaponActor.h
[2023.04.13-21.00.50:562][  0]LogClass: Display: BoolProperty FWeaponRecoil::bHasRecoil is not initialized properly. Module:fpsgame File:WeaponActor.h
[2023.04.13-21.00.50:566][  0]LogClass: Display: BoolProperty FWeaponRecoil::bUsesControlRotationForHipfireRecoil is not initialized properly. Module:fpsgame File:WeaponActor.h
[2023.04.13-21.00.50:567][  0]LogClass: Warning: ObjectProperty FWeaponRecoil::RecoilVectorCurve is not initialized properly. Module:fpsgame File:WeaponActor.h
[2023.04.13-21.00.50:575][  0]LogClass: Display: FloatProperty FWeaponRecoil::RecoveryTime is not initialized properly. Module:fpsgame File:WeaponActor.h
[2023.04.13-21.00.50:575][  0]LogClass: Display: FloatProperty FWeaponStats::MaxRange is not initialized properly. Module:fpsgame File:WeaponActor.h
[2023.04.13-21.00.50:579][  0]LogClass: Display: FloatProperty FWeaponStats::FireRate is not initialized properly. Module:fpsgame File:WeaponActor.h
[2023.04.13-21.00.50:583][  0]LogClass: Display: IntProperty FWeaponStats::CartridgeBullets is not initialized properly. Module:fpsgame File:WeaponActor.h
[2023.04.13-21.00.50:584][  0]LogClass: Display: IntProperty FWeaponStats::BurstNumber is not initialized properly. Module:fpsgame File:WeaponActor.h
[2023.04.13-21.00.50:587][  0]LogClass: Display: FloatProperty FWeaponStats::BurstFireRate is not initialized properly. Module:fpsgame File:WeaponActor.h
[2023.04.13-21.00.50:588][  0]LogClass: Display: IntProperty FWeaponStats::MaxMagSize is not initialized properly. Module:fpsgame File:WeaponActor.h
[2023.04.13-21.00.50:592][  0]LogClass: Display: FloatProperty FWeaponStats::BaseDamageTorso is not initialized properly. Module:fpsgame File:WeaponActor.h
[2023.04.13-21.00.50:592][  0]LogClass: Display: FloatProperty FWeaponStats::BaseDamageHead is not initialized properly. Module:fpsgame File:WeaponActor.h
[2023.04.13-21.00.50:596][  0]LogClass: Display: FloatProperty FWeaponStats::BaseDamageLegs is not initialized properly. Module:fpsgame File:WeaponActor.h
[2023.04.13-21.00.50:597][  0]LogClass: Display: FloatProperty FWeaponStats::BaseHipfireSpreadAngleInDegrees is not initialized properly. Module:fpsgame File:WeaponActor.h
[2023.04.13-21.00.50:597][  0]LogClass: Display: FloatProperty FWeaponStats::BaseMovementSpreadMultiplier is not initialized properly. Module:fpsgame File:WeaponActor.h
[2023.04.13-21.00.50:597][  0]LogClass: Display: EnumProperty FWeaponMetaData::GunModel is not initialized properly. Module:fpsgame File:WeaponActor.h
[2023.04.13-21.00.50:598][  0]LogClass: Display: EnumProperty FWeaponMetaData::WAWeaponType is not initialized properly. Module:fpsgame File:WeaponActor.h
[2023.04.13-21.00.50:598][  0]LogClass: Display: EnumProperty FWeaponMetaData::WAWeaponFireType is not initialized properly. Module:fpsgame File:WeaponActor.h
[2023.04.13-21.00.50:598][  0]LogClass: Display: EnumProperty FWeaponMetaData::WAWeaponHitDetectionType is not initialized properly. Module:fpsgame File:WeaponActor.h
[2023.04.13-21.00.50:599][  0]LogClass: Display: EnumProperty FWeaponMetaData::TypeOfEquip is not initialized properly. Module:fpsgame File:WeaponActor.h
[2023.04.13-21.00.50:599][  0]LogClass: Warning: ObjectProperty FWeaponVisualAssets::GunMesh is not initialized properly. Module:fpsgame File:WeaponActor.h
[2023.04.13-21.00.50:600][  0]LogClass: Warning: ObjectProperty FWeaponVisualAssets::TracerEffect is not initialized properly. Module:fpsgame File:WeaponActor.h
[2023.04.13-21.00.50:600][  0]LogClass: Warning: ObjectProperty FWeaponVisualAssets::MuzzleFlash is not initialized properly. Module:fpsgame File:WeaponActor.h
[2023.04.13-21.00.50:601][  0]LogClass: Display: StructProperty FWeaponPositionalDetails::BasePosition is not initialized properly. Module:fpsgame File:WeaponActor.h
[2023.04.13-21.00.50:601][  0]LogClass: Display: StructProperty FWeaponPositionalDetails::BaseRotation is not initialized properly. Module:fpsgame File:WeaponActor.h
[2023.04.13-21.00.50:601][  0]LogClass: Display: StructProperty FWeaponPositionalDetails::BaseScale is not initialized properly. Module:fpsgame File:WeaponActor.h
[2023.04.13-21.00.50:601][  0]LogClass: Display: StructProperty FWeaponPositionalDetails::TPBaseScale is not initialized properly. Module:fpsgame File:WeaponActor.h
[2023.04.13-21.00.50:601][  0]LogClass: Display: StructProperty FWeaponPositionalDetails::TPBaseRotation is not initialized properly. Module:fpsgame File:WeaponActor.h
[2023.04.13-21.00.50:602][  0]LogClass: Display: StructProperty FWeaponPositionalDetails::TPBasePosition is not initialized properly. Module:fpsgame File:WeaponActor.h
[2023.04.13-21.00.50:602][  0]LogClass: Display: StructProperty FWeaponPositionalDetails::MuzzlePosition is not initialized properly. Module:fpsgame File:WeaponActor.h
[2023.04.13-21.00.50:603][  0]LogClass: Display: 34 Uninitialized script struct members found including 4 object properties
[2023.04.13-21.00.50:605][  0]LogAutomationTest: Warning: ObjectProperty FWeaponRecoil::RecoilVectorCurve is not initialized properly. Module:fpsgame File:WeaponActor.h
[2023.04.13-21.00.50:606][  0]LogAutomationTest: Warning: ObjectProperty FWeaponVisualAssets::GunMesh is not initialized properly. Module:fpsgame File:WeaponActor.h
[2023.04.13-21.00.50:606][  0]LogAutomationTest: Warning: ObjectProperty FWeaponVisualAssets::TracerEffect is not initialized properly. Module:fpsgame File:WeaponActor.h
[2023.04.13-21.00.50:606][  0]LogAutomationTest: Warning: ObjectProperty FWeaponVisualAssets::MuzzleFlash is not initialized properly. Module:fpsgame File:WeaponActor.h
[2023.04.13-21.00.50:607][  0]LogEngine: Initializing Engine...
[2023.04.13-21.00.50:608][  0]LogStats: UGameplayTagsManager::InitializeManager -  0.000 s
[2023.04.13-21.00.50:619][  0]LogInit: Initializing FReadOnlyCVARCache
[2023.04.13-21.00.50:620][  0]LogNetVersion: Set ProjectVersion to 1.0.0.0. Version Checksum will be recalculated on next use.
[2023.04.13-21.00.50:622][  0]LogInit: Texture streaming: Disabled
[2023.04.13-21.00.50:647][  0]LogInit: Display: Game Engine Initialized.
[2023.04.13-21.00.50:648][  0]LogNiagaraEditor: GEditor isn't valid! Particle reset commands will not work for Niagara components!
[2023.04.13-21.00.50:675][  0]LogInit: Display: Starting Game.
[2023.04.13-21.00.50:675][  0]LogNet: Browse: /Game/Maps/TestMap?Name=Player
[2023.04.13-21.00.50:676][  0]LogLoad: LoadMap: /Game/Maps/TestMap?Name=Player
[2023.04.13-21.00.50:676][  0]LogWorld: BeginTearingDown for /Temp/Untitled_0
[2023.04.13-21.00.50:678][  0]LogWorld: UWorld::CleanupWorld for Untitled, bSessionEnded=true, bCleanupResources=true
[2023.04.13-21.00.50:686][  0]LogUObjectHash: Compacting FUObjectHashTables data took   0.74ms
[2023.04.13-21.00.51:036][  0]LogAIModule: Creating AISystem for world TestMap
[2023.04.13-21.00.51:036][  0]LogLoad: Game class is 'BP_FPSGameModeDefault_C'
[2023.04.13-21.00.51:037][  0]LogNet: PktLoss set to 0
[2023.04.13-21.00.51:037][  0]LogNet: PktLagMin set to 0
[2023.04.13-21.00.51:038][  0]LogNet: PktLagMax set to 0
[2023.04.13-21.00.51:038][  0]LogNet: PktIncomingLagMin set to 0
[2023.04.13-21.00.51:038][  0]LogNet: PktIncomingLagMax set to 0
[2023.04.13-21.00.51:039][  0]LogNet: PktIncomingLoss set to 0
[2023.04.13-21.00.51:039][  0]LogNet: PktLoss set to 0
[2023.04.13-21.00.51:039][  0]LogNet: PktLagMin set to 0
[2023.04.13-21.00.51:040][  0]LogNet: PktLagMax set to 0
[2023.04.13-21.00.51:040][  0]LogNet: PktIncomingLagMin set to 0
[2023.04.13-21.00.51:040][  0]LogNet: PktIncomingLagMax set to 0
[2023.04.13-21.00.51:041][  0]LogNet: PktIncomingLoss set to 0
[2023.04.13-21.00.51:041][  0]LogNet: PktLoss set to 0
[2023.04.13-21.00.51:042][  0]LogNet: PktLagMin set to 0
[2023.04.13-21.00.51:042][  0]LogNet: PktLagMax set to 0
[2023.04.13-21.00.51:042][  0]LogNet: PktIncomingLagMin set to 0
[2023.04.13-21.00.51:042][  0]LogNet: PktIncomingLagMax set to 0
[2023.04.13-21.00.51:043][  0]LogNet: PktIncomingLoss set to 0
[2023.04.13-21.00.51:043][  0]LogNet: ReplicationDriverClass is null! Not using ReplicationDriver.
[2023.04.13-21.00.51:044][  0]LogNetCore: DDoS detection status: detection enabled: 0 analytics enabled: 0
[2023.04.13-21.00.51:044][  0]LogInit: WinSock: Socket queue. Rx: 131072 (config 131072) Tx: 131072 (config 131072)
[2023.04.13-21.00.51:044][  0]LogNet: Created socket for bind address: 0.0.0.0 on port 17777
[2023.04.13-21.00.51:045][  0]PacketHandlerLog: Loaded PacketHandler component: Engine.EngineHandlerComponentFactory (StatelessConnectHandlerComponent)
[2023.04.13-21.00.51:045][  0]LogNet: GameNetDriver IpNetDriver_0 IpNetDriver listening on port 17777
[2023.04.13-21.00.51:046][  0]LogWorld: Bringing World /Game/Maps/TestMap.TestMap up for play (max tick rate 30) at 2023.04.13-22.00.51
[2023.04.13-21.00.51:047][  0]LogWorld: Bringing up level for play took: 0.001343
[2023.04.13-21.00.51:047][  0]LogGameMode: Display: Match State Changed from EnteringMap to WaitingToStart
[2023.04.13-21.00.51:047][  0]LogGameState: Match State Changed from EnteringMap to WaitingToStart
[2023.04.13-21.00.51:047][  0]LogLoad: Took 0.372174 seconds to LoadMap(/Game/Maps/TestMap)
[2023.04.13-21.00.51:052][  0]LogInit: Display: Engine is initialized. Leaving FEngineLoop::Init()
[2023.04.13-21.00.51:052][  0]LogLoad: (Engine Initialization) Total time: 5.28 seconds
[2023.04.13-21.00.51:053][  0]LogLoad: (Engine Initialization) Total Blueprint compile time: 0.00 seconds
[2023.04.13-21.00.51:517][ 13]LogNet: NotifyAcceptingConnection accepted from: 127.0.0.1:57136
[2023.04.13-21.00.51:517][ 13]LogHandshake: SendConnectChallenge. Timestamp: 0.463796, Cookie: 208084034022207044140091084173048216044236092005223027109153
[2023.04.13-21.00.51:550][ 14]LogNet: NotifyAcceptingConnection accepted from: 127.0.0.1:57136
[2023.04.13-21.00.51:550][ 14]LogHandshake: SendChallengeAck. InCookie: 208084034022207044140091084173048216044236092005223027109153
[2023.04.13-21.00.51:551][ 14]LogNet: Server accepting post-challenge connection from: 127.0.0.1:57136
[2023.04.13-21.00.51:551][ 14]PacketHandlerLog: Loaded PacketHandler component: Engine.EngineHandlerComponentFactory (StatelessConnectHandlerComponent)
[2023.04.13-21.00.51:551][ 14]LogNet: NotifyAcceptedConnection: Name: TestMap, TimeStamp: 04/13/23 22:00:51, [UNetConnection] RemoteAddr: 127.0.0.1:57136, Name: IpConnection_0, Driver: GameNetDriver IpNetDriver_0, IsServer: YES, PC: NULL, Owner: NULL, UniqueId: INVALID
[2023.04.13-21.00.51:551][ 14]LogNet: AddClientConnection: Added client connection: [UNetConnection] RemoteAddr: 127.0.0.1:57136, Name: IpConnection_0, Driver: GameNetDriver IpNetDriver_0, IsServer: YES, PC: NULL, Owner: NULL, UniqueId: INVALID
[2023.04.13-21.00.51:552][ 14]LogNet: NotifyAcceptingChannel Control 0 server World /Game/Maps/TestMap.TestMap: Accepted
[2023.04.13-21.00.51:552][ 14]LogNet: Remote platform little endian=1
[2023.04.13-21.00.51:553][ 14]LogNet: This platform little endian=1
[2023.04.13-21.00.51:553][ 14]LogNetVersion: fpsgame 1.0.0.0, NetCL: 17155196, EngineNetVer: 17, GameNetVer: 0 (Checksum: 1484303137)
[2023.04.13-21.00.51:584][ 15]LogNet: Login request: ?Name=DESKTOP-QG36584-BCB2A5D04D494EE71091CA9DEED3ADE6 userId: NULL:DESKTOP-QG36584-BCB2A5D04D494EE71091CA9DEED3ADE6 platform: NULL
[2023.04.13-21.00.51:717][ 19]LogNet: NotifyAcceptingConnection accepted from: 127.0.0.1:57133
[2023.04.13-21.00.51:717][ 19]LogHandshake: SendConnectChallenge. Timestamp: 0.662982, Cookie: 100149230022201167023133091238212149187147096147243163144020
[2023.04.13-21.00.51:750][ 20]LogNet: NotifyAcceptingConnection accepted from: 127.0.0.1:57133
[2023.04.13-21.00.51:750][ 20]LogHandshake: SendChallengeAck. InCookie: 100149230022201167023133091238212149187147096147243163144020
[2023.04.13-21.00.51:751][ 20]LogNet: Server accepting post-challenge connection from: 127.0.0.1:57133
[2023.04.13-21.00.51:751][ 20]PacketHandlerLog: Loaded PacketHandler component: Engine.EngineHandlerComponentFactory (StatelessConnectHandlerComponent)
[2023.04.13-21.00.51:751][ 20]LogNet: NotifyAcceptedConnection: Name: TestMap, TimeStamp: 04/13/23 22:00:51, [UNetConnection] RemoteAddr: 127.0.0.1:57133, Name: IpConnection_1, Driver: GameNetDriver IpNetDriver_0, IsServer: YES, PC: NULL, Owner: NULL, UniqueId: INVALID
[2023.04.13-21.00.51:751][ 20]LogNet: AddClientConnection: Added client connection: [UNetConnection] RemoteAddr: 127.0.0.1:57133, Name: IpConnection_1, Driver: GameNetDriver IpNetDriver_0, IsServer: YES, PC: NULL, Owner: NULL, UniqueId: INVALID
[2023.04.13-21.00.51:783][ 21]LogNet: NotifyAcceptingChannel Control 0 server World /Game/Maps/TestMap.TestMap: Accepted
[2023.04.13-21.00.51:783][ 21]LogNet: Remote platform little endian=1
[2023.04.13-21.00.51:783][ 21]LogNet: This platform little endian=1
[2023.04.13-21.00.51:816][ 22]LogNet: Login request: ?PktLagMin=0?PktLagMax=0?PktLoss=0?PktIncomingLagMin=0?PktIncomingLagMax=0?PktIncomingLoss=0?Name=DESKTOP-QG36584-87DD61464F84007513A353AF817760E2 userId: NULL:DESKTOP-QG36584-87DD61464F84007513A353AF817760E2 platform: NULL
[2023.04.13-21.00.51:849][ 23]LogNet: Client netspeed is 100000
[2023.04.13-21.00.51:849][ 23]LogNet: Join request: /Engine/Maps/Entry?PktLagMin=0?PktLagMax=0?PktLoss=0?PktIncomingLagMin=0?PktIncomingLagMax=0?PktIncomingLoss=0?Name=DESKTOP-QG36584-87DD61464F84007513A353AF817760E2?SplitscreenCount=1
[2023.04.13-21.00.51:850][ 23]LogOnlineSession: Warning: OSS: No game present to join for session (GameSession)
[2023.04.13-21.00.51:851][ 23]LogGameMode: Display: Match State Changed from WaitingToStart to InProgress
[2023.04.13-21.00.51:852][ 23]LogTemp: Warning: Numebr of rewind components = 1
[2023.04.13-21.00.51:853][ 23]LogGameState: Match State Changed from WaitingToStart to InProgress
[2023.04.13-21.00.51:853][ 23]LogNet: Join succeeded: DESKTOP-QG36584-87DD
[2023.04.13-21.00.52:147][ 32]LogNet: Client netspeed is 100000
[2023.04.13-21.00.52:147][ 32]LogNet: Join request: /Engine/Maps/Entry?Name=DESKTOP-QG36584-BCB2A5D04D494EE71091CA9DEED3ADE6?SplitscreenCount=1
[2023.04.13-21.00.52:148][ 32]LogOnlineSession: Warning: OSS: No game present to join for session (GameSession)
[2023.04.13-21.00.52:150][ 32]LogTemp: Warning: Numebr of rewind components = 2
[2023.04.13-21.00.52:150][ 32]LogNet: Join succeeded: DESKTOP-QG36584-BCB2
[2023.04.13-21.00.55:402][130]LogNet: UNetConnection::Cleanup: Closing open connection. [UNetConnection] RemoteAddr: 127.0.0.1:57133, Name: IpConnection_1, Driver: GameNetDriver IpNetDriver_0, IsServer: YES, PC: FPSPlayerController_0, Owner: FPSPlayerController_0, UniqueId: NULL:DESKTOP-QG36584-87DD61464F84007513A353AF817760E2
[2023.04.13-21.00.55:402][130]LogNet: UNetConnection::Close: [UNetConnection] RemoteAddr: 127.0.0.1:57133, Name: IpConnection_1, Driver: GameNetDriver IpNetDriver_0, IsServer: YES, PC: FPSPlayerController_0, Owner: FPSPlayerController_0, UniqueId: NULL:DESKTOP-QG36584-87DD61464F84007513A353AF817760E2, Channels: 14, Time: 2023.04.13-21.00.55
[2023.04.13-21.00.55:403][130]LogNet: UChannel::Close: Sending CloseBunch. ChIndex == 0. Name: [UChannel] ChIndex: 0, Closing: 0 [UNetConnection] RemoteAddr: 127.0.0.1:57133, Name: IpConnection_1, Driver: GameNetDriver IpNetDriver_0, IsServer: YES, PC: FPSPlayerController_0, Owner: FPSPlayerController_0, UniqueId: NULL:DESKTOP-QG36584-87DD61464F84007513A353AF817760E2
[2023.04.13-21.00.55:404][130]LogOnlineSession: Warning: OSS: No game present to leave for session (GameSession)
