Log file open, 10/23/22 16:23:30
LogWindows: Failed to load 'aqProf.dll' (GetLastError=126)
LogWindows: File 'aqProf.dll' does not exist
LogWindows: Failed to load 'VtuneApi.dll' (GetLastError=126)
LogWindows: File 'VtuneApi.dll' does not exist
LogWindows: Failed to load 'VtuneApi32e.dll' (GetLastError=126)
LogWindows: File 'VtuneApi32e.dll' does not exist
LogConsoleResponse: Display: Failed to find resolution value strings in scalability ini. Falling back to default.
LogConsoleResponse: Display: Failed to find resolution value strings in scalability ini. Falling back to default.
LogInit: Display: Running engine for game: fpsgame
LogPlatformFile: Not using cached read wrapper
LogTaskGraph: Started task graph with 5 named threads and 17 total threads with 3 sets of task threads.
LogStats: Stats thread started at 0.208641
LogICUInternationalization: ICU TimeZone Detection - Raw Offset: +0:00, Platform Override: ''
LogInit: Display: Loading text-based GConfig....
LogPluginManager: Mounting plugin MeshPainting
LogPluginManager: Mounting plugin XGEController
LogPluginManager: Mounting plugin Paper2D
LogPluginManager: Mounting plugin AISupport
LogPluginManager: Mounting plugin EnvironmentQueryEditor
LogPluginManager: Mounting plugin LiveLink
LogPluginManager: Mounting plugin LightPropagationVolume
LogPluginManager: Mounting plugin CameraShakePreviewer
LogPluginManager: Mounting plugin GameplayCameras
LogPluginManager: Mounting plugin OodleData
LogPluginManager: Mounting plugin OodleNetwork
LogPluginManager: Mounting plugin AnimationSharing
LogPluginManager: Mounting plugin CLionSourceCodeAccess
LogPluginManager: Mounting plugin CodeLiteSourceCodeAccess
LogPluginManager: Mounting plugin GitSourceControl
LogPluginManager: Mounting plugin KDevelopSourceCodeAccess
LogPluginManager: Mounting plugin NullSourceCodeAccess
LogPluginManager: Mounting plugin PerforceSourceControl
LogPluginManager: Mounting plugin PixWinPlugin
LogPluginManager: Mounting plugin PlasticSourceControl
LogPluginManager: Mounting plugin PluginUtils
LogPluginManager: Mounting plugin PropertyAccessNode
LogPluginManager: Mounting plugin RiderSourceCodeAccess
LogPluginManager: Mounting plugin SubversionSourceControl
LogPluginManager: Mounting plugin TextureFormatOodle
LogPluginManager: Mounting plugin UObjectPlugin
LogPluginManager: Mounting plugin VisualStudioCodeSourceCodeAccess
LogPluginManager: Mounting plugin VisualStudioSourceCodeAccess
LogPluginManager: Mounting plugin XCodeSourceCodeAccess
LogPluginManager: Mounting plugin AssetManagerEditor
LogPluginManager: Mounting plugin CryptoKeys
LogPluginManager: Mounting plugin CurveEditorTools
LogPluginManager: Mounting plugin DataValidation
LogPluginManager: Mounting plugin FacialAnimation
LogPluginManager: Mounting plugin GameplayTagsEditor
LogPluginManager: Mounting plugin GeometryMode
LogPluginManager: Mounting plugin MacGraphicsSwitching
LogPluginManager: Mounting plugin MaterialAnalyzer
LogPluginManager: Mounting plugin MobileLauncherProfileWizard
LogPluginManager: Mounting plugin PluginBrowser
LogPluginManager: Mounting plugin SpeedTreeImporter
LogPluginManager: Mounting plugin DatasmithContent
LogPluginManager: Mounting plugin VariantManagerContent
LogPluginManager: Mounting plugin AlembicImporter
LogPluginManager: Mounting plugin AutomationUtils
LogPluginManager: Mounting plugin BackChannel
LogPluginManager: Mounting plugin ChaosCloth
LogPluginManager: Mounting plugin ChaosClothEditor
LogPluginManager: Mounting plugin ChaosEditor
LogPluginManager: Mounting plugin ChaosNiagara
LogPluginManager: Mounting plugin ChaosSolverPlugin
LogPluginManager: Mounting plugin CharacterAI
LogPluginManager: Mounting plugin GeometryCache
LogPluginManager: Mounting plugin GeometryCollectionPlugin
LogPluginManager: Mounting plugin GeometryProcessing
LogPluginManager: Mounting plugin MotoSynth
LogPluginManager: Mounting plugin OpenImageDenoise
LogPluginManager: Mounting plugin PlanarCut
LogPluginManager: Mounting plugin PlatformCrypto
LogPluginManager: Mounting plugin ProxyLODPlugin
LogPluginManager: Mounting plugin PythonScriptPlugin
LogPluginManager: Mounting plugin SkeletalReduction
LogPluginManager: Mounting plugin Niagara
LogPluginManager: Mounting plugin LuminPlatformFeatures
LogPluginManager: Mounting plugin MagicLeap
LogPluginManager: Mounting plugin MagicLeapLightEstimation
LogPluginManager: Mounting plugin MagicLeapMedia
LogPluginManager: Mounting plugin MagicLeapPassableWorld
LogPluginManager: Mounting plugin MLSDK
LogPluginManager: Mounting plugin AndroidMedia
LogPluginManager: Mounting plugin AvfMedia
LogPluginManager: Mounting plugin ImgMedia
LogPluginManager: Mounting plugin MediaCompositing
LogPluginManager: Mounting plugin MediaPlayerEditor
LogPluginManager: Mounting plugin WebMMedia
LogPluginManager: Mounting plugin WmfMedia
LogPluginManager: Mounting plugin TcpMessaging
LogPluginManager: Mounting plugin UdpMessaging
LogPluginManager: Mounting plugin ActorSequence
LogPluginManager: Mounting plugin LevelSequenceEditor
LogPluginManager: Mounting plugin MatineeToLevelSequence
LogPluginManager: Mounting plugin TemplateSequence
LogPluginManager: Mounting plugin OnlineSubsystem
LogPluginManager: Mounting plugin OnlineSubsystemNull
LogPluginManager: Mounting plugin OnlineSubsystemUtils
LogPluginManager: Mounting plugin LauncherChunkInstaller
LogPluginManager: Mounting plugin ActorLayerUtilities
LogPluginManager: Mounting plugin AndroidDeviceProfileSelector
LogPluginManager: Mounting plugin AndroidMoviePlayer
LogPluginManager: Mounting plugin AndroidPermission
LogPluginManager: Mounting plugin AppleImageUtils
LogPluginManager: Mounting plugin AppleMoviePlayer
LogPluginManager: Mounting plugin ArchVisCharacter
LogPluginManager: Mounting plugin AssetTags
LogPluginManager: Mounting plugin AudioCapture
LogPluginManager: Mounting plugin AudioSynesthesia
LogPluginManager: Mounting plugin CableComponent
LogPluginManager: Mounting plugin ChunkDownloader
LogPluginManager: Mounting plugin CustomMeshComponent
LogPluginManager: Mounting plugin EditableMesh
LogPluginManager: Mounting plugin ExampleDeviceProfileSelector
LogPluginManager: Mounting plugin GoogleCloudMessaging
LogPluginManager: Mounting plugin GooglePAD
LogPluginManager: Mounting plugin IOSDeviceProfileSelector
LogPluginManager: Mounting plugin LinuxDeviceProfileSelector
LogPluginManager: Mounting plugin LocationServicesBPLibrary
LogPluginManager: Mounting plugin MobilePatchingUtils
LogPluginManager: Mounting plugin OpenXR
LogPluginManager: Mounting plugin OpenXREyeTracker
LogPluginManager: Mounting plugin OpenXRHandTracking
LogPluginManager: Mounting plugin PhysXVehicles
LogPluginManager: Mounting plugin PostSplashScreen
LogPluginManager: Mounting plugin ProceduralMeshComponent
LogPluginManager: Mounting plugin PropertyAccessEditor
LogPluginManager: Mounting plugin RuntimePhysXCooking
LogPluginManager: Mounting plugin SignificanceManager
LogPluginManager: Mounting plugin SoundFields
LogPluginManager: Mounting plugin Synthesis
LogPluginManager: Mounting plugin WebMMoviePlayer
LogPluginManager: Mounting plugin WindowsMoviePlayer
LogPluginManager: Mounting plugin ScreenshotTools
LogPluginManager: Mounting plugin Takes
LogPluginManager: Mounting plugin ContentBrowserAssetDataSource
LogPluginManager: Mounting plugin ContentBrowserClassDataSource
LogPluginManager: Mounting plugin ContentBrowserFileDataSource
LogPluginManager: Mounting plugin OnlineSubsystemGooglePlay
LogPluginManager: Mounting plugin OnlineSubsystemIOS
LogPluginManager: Mounting plugin OculusVR
LogPluginManager: Mounting plugin SteamVR
PixWinPlugin: PIX capture plugin failed to initialize! Check that the process is launched from PIX.
LogInit: Using libcurl 7.55.1-DEV
LogInit:  - built for x86_64-pc-win32
LogInit:  - supports SSL with OpenSSL/1.1.1
LogInit:  - supports HTTP deflate (compression) using libz 1.2.8
LogInit:  - other features:
LogInit:      CURL_VERSION_SSL
LogInit:      CURL_VERSION_LIBZ
LogInit:      CURL_VERSION_IPV6
LogInit:      CURL_VERSION_ASYNCHDNS
LogInit:      CURL_VERSION_LARGEFILE
LogInit:      CURL_VERSION_IDN
LogInit:  CurlRequestOptions (configurable via config and command line):
LogInit:  - bVerifyPeer = true  - Libcurl will verify peer certificate
LogInit:  - bUseHttpProxy = false  - Libcurl will NOT use HTTP proxy
LogInit:  - bDontReuseConnections = false  - Libcurl will reuse connections
LogInit:  - MaxHostConnections = 16  - Libcurl will limit the number of connections to a host
LogInit:  - LocalHostAddr = Default
LogInit:  - BufferSize = 65536
LogOnline: OSS: Creating online subsystem instance for: NULL
LogInit: WinSock: version 1.1 (2.2), MaxSocks=32767, MaxUdp=65467
LogOnline: OSS: TryLoadSubsystemAndSetDefault: Loaded subsystem for module [NULL]
LogInit: Build: ++UE4+Release-4.27-CL-18319896
LogInit: Engine Version: 4.27.2-18319896+++UE4+Release-4.27
LogInit: Compatible Engine Version: 4.27.0-17155196+++UE4+Release-4.27
LogInit: Net CL: 17155196
LogInit: OS: Windows 10 (Release 2009) (), CPU: AMD Ryzen 5 3600X 6-Core Processor             , GPU: AMD Radeon RX 5700 XT
LogInit: Compiled (64-bit): Nov 30 2021 07:12:08
LogInit: Compiled with Visual C++: 19.24.28315.00
LogInit: Build Configuration: Development
LogInit: Branch Name: ++UE4+Release-4.27
LogInit: Command Line:  /Game/Maps/TestMap -game -PIEVIACONSOLE -Multiprocess -server -log "GameUserSettingsINI=C:/Users/danie/Documents/Gamedev VR/game/UE4 game/fpsgame/Saved/Config/Windows/PIEGameUserSettings0.ini" -MultiprocessSaveConfig -forcepassthrough -messaging -SessionName="Play in Standalone Game" -port=17777 -PktLagMin=0 -PktLagMax=0 -PktLoss=0 -PktIncomingLagMin=0 -PktIncomingLagMax=0 -PktIncomingLoss=0 -windowed
LogInit: Base Directory: C:/Program Files/Epic Games/UE_4.27/Engine/Binaries/Win64/
LogInit: Allocator: TBB
LogInit: Installed Engine Build: 1
LogDevObjectVersion: Number of dev versions registered: 29
LogDevObjectVersion:   Dev-Blueprints (B0D832E4-1F89-4F0D-ACCF-7EB736FD4AA2): 10
LogDevObjectVersion:   Dev-Build (E1C64328-A22C-4D53-A36C-8E866417BD8C): 0
LogDevObjectVersion:   Dev-Core (375EC13C-06E4-48FB-B500-84F0262A717E): 4
LogDevObjectVersion:   Dev-Editor (E4B068ED-F494-42E9-A231-DA0B2E46BB41): 40
LogDevObjectVersion:   Dev-Framework (CFFC743F-43B0-4480-9391-14DF171D2073): 37
LogDevObjectVersion:   Dev-Mobile (B02B49B5-BB20-44E9-A304-32B752E40360): 3
LogDevObjectVersion:   Dev-Networking (A4E4105C-59A1-49B5-A7C5-40C4547EDFEE): 0
LogDevObjectVersion:   Dev-Online (39C831C9-5AE6-47DC-9A44-9C173E1C8E7C): 0
LogDevObjectVersion:   Dev-Physics (78F01B33-EBEA-4F98-B9B4-84EACCB95AA2): 14
LogDevObjectVersion:   Dev-Platform (6631380F-2D4D-43E0-8009-CF276956A95A): 0
LogDevObjectVersion:   Dev-Rendering (12F88B9F-8875-4AFC-A67C-D90C383ABD29): 45
LogDevObjectVersion:   Dev-Sequencer (7B5AE74C-D270-4C10-A958-57980B212A5A): 13
LogDevObjectVersion:   Dev-VR (D7296918-1DD6-4BDD-9DE2-64A83CC13884): 3
LogDevObjectVersion:   Dev-LoadTimes (C2A15278-BFE7-4AFE-6C17-90FF531DF755): 1
LogDevObjectVersion:   Private-Geometry (6EACA3D4-40EC-4CC1-B786-8BED09428FC5): 3
LogDevObjectVersion:   Dev-AnimPhys (29E575DD-E0A3-4627-9D10-D276232CDCEA): 17
LogDevObjectVersion:   Dev-Anim (AF43A65D-7FD3-4947-9873-3E8ED9C1BB05): 15
LogDevObjectVersion:   Dev-ReflectionCapture (6B266CEC-1EC7-4B8F-A30B-E4D90942FC07): 1
LogDevObjectVersion:   Dev-Automation (0DF73D61-A23F-47EA-B727-89E90C41499A): 1
LogDevObjectVersion:   FortniteMain (601D1886-AC64-4F84-AA16-D3DE0DEAC7D6): 47
LogDevObjectVersion:   FortniteRelease (E7086368-6B23-4C58-8439-1B7016265E91): 1
LogDevObjectVersion:   Dev-Enterprise (9DFFBCD6-494F-0158-E221-12823C92A888): 10
LogDevObjectVersion:   Dev-Niagara (F2AED0AC-9AFE-416F-8664-AA7FFA26D6FC): 1
LogDevObjectVersion:   Dev-Destruction (174F1F0B-B4C6-45A5-B13F-2EE8D0FB917D): 10
LogDevObjectVersion:   Dev-Physics-Ext (35F94A83-E258-406C-A318-09F59610247C): 41
LogDevObjectVersion:   Dev-PhysicsMaterial-Chaos (B68FC16E-8B1B-42E2-B453-215C058844FE): 1
LogDevObjectVersion:   Dev-CineCamera (B2E18506-4273-CFC2-A54E-F4BB758BBA07): 1
LogDevObjectVersion:   Dev-VirtualProduction (64F58936-FD1B-42BA-BA96-7289D5D0FA4E): 1
LogDevObjectVersion:   Dev-MediaFramework (6F0ED827-A609-4895-9C91-998D90180EA4): 2
LogInit: Presizing for max 25165824 objects, including 0 objects not considered by GC, pre-allocating 0 bytes for permanent pool.
LogConfig: Applying CVar settings from Section [/Script/Engine.StreamingSettings] File [C:/Users/danie/Documents/Gamedev VR/game/UE4 game/fpsgame/Saved/Config/Windows/Engine.ini]
LogConfig: Setting CVar [[s.MinBulkDataSizeForAsyncLoading:131072]]
LogConfig: Setting CVar [[s.AsyncLoadingThreadEnabled:0]]
LogConfig: Setting CVar [[s.EventDrivenLoaderEnabled:1]]
LogConfig: Setting CVar [[s.WarnIfTimeLimitExceeded:0]]
LogConfig: Setting CVar [[s.TimeLimitExceededMultiplier:1.5]]
LogConfig: Setting CVar [[s.TimeLimitExceededMinTime:0.005]]
LogConfig: Setting CVar [[s.UseBackgroundLevelStreaming:1]]
LogConfig: Setting CVar [[s.PriorityAsyncLoadingExtraTime:15.0]]
LogConfig: Setting CVar [[s.LevelStreamingActorsUpdateTimeLimit:5.0]]
LogConfig: Setting CVar [[s.PriorityLevelStreamingActorsUpdateExtraTime:5.0]]
LogConfig: Setting CVar [[s.LevelStreamingComponentsRegistrationGranularity:10]]
LogConfig: Setting CVar [[s.UnregisterComponentsTimeLimit:1.0]]
LogConfig: Setting CVar [[s.LevelStreamingComponentsUnregistrationGranularity:5]]
LogConfig: Setting CVar [[s.FlushStreamingOnExit:1]]
LogInit: Object subsystem initialized
LogConfig: Setting CVar [[con.DebugEarlyDefault:1]]
LogConfig: Setting CVar [[r.setres:1280x720]]
[2022.10.23-15.23.31:331][  0]LogConfig: Setting CVar [[con.DebugEarlyDefault:1]]
[2022.10.23-15.23.31:331][  0]LogConfig: Setting CVar [[r.setres:1280x720]]
[2022.10.23-15.23.31:332][  0]LogConfig: Applying CVar settings from Section [/Script/Engine.RendererSettings] File [C:/Users/danie/Documents/Gamedev VR/game/UE4 game/fpsgame/Saved/Config/Windows/Engine.ini]
[2022.10.23-15.23.31:332][  0]LogConfig: Setting CVar [[r.GPUCrashDebugging:0]]
[2022.10.23-15.23.31:332][  0]LogConfig: Setting CVar [[r.Mobile.DisableVertexFog:1]]
[2022.10.23-15.23.31:333][  0]LogConfig: Setting CVar [[r.Shadow.CSM.MaxMobileCascades:2]]
[2022.10.23-15.23.31:335][  0]LogConfig: Setting CVar [[r.MobileMSAA:1]]
[2022.10.23-15.23.31:335][  0]LogConfig: Setting CVar [[r.Mobile.AllowDitheredLODTransition:0]]
[2022.10.23-15.23.31:335][  0]LogConfig: Setting CVar [[r.Mobile.AllowSoftwareOcclusion:0]]
[2022.10.23-15.23.31:335][  0]LogConfig: Setting CVar [[r.Mobile.VirtualTextures:0]]
[2022.10.23-15.23.31:336][  0]LogConfig: Setting CVar [[r.DiscardUnusedQuality:0]]
[2022.10.23-15.23.31:336][  0]LogConfig: Setting CVar [[r.AllowOcclusionQueries:1]]
[2022.10.23-15.23.31:336][  0]LogConfig: Setting CVar [[r.MinScreenRadiusForLights:0.030000]]
[2022.10.23-15.23.31:336][  0]LogConfig: Setting CVar [[r.MinScreenRadiusForDepthPrepass:0.030000]]
[2022.10.23-15.23.31:337][  0]LogConfig: Setting CVar [[r.MinScreenRadiusForCSMDepth:0.010000]]
[2022.10.23-15.23.31:337][  0]LogConfig: Setting CVar [[r.PrecomputedVisibilityWarning:0]]
[2022.10.23-15.23.31:337][  0]LogConfig: Setting CVar [[r.TextureStreaming:1]]
[2022.10.23-15.23.31:337][  0]LogConfig: Setting CVar [[Compat.UseDXT5NormalMaps:0]]
[2022.10.23-15.23.31:338][  0]LogConfig: Setting CVar [[r.VirtualTextures:0]]
[2022.10.23-15.23.31:338][  0]LogConfig: Setting CVar [[r.VT.EnableAutoImport:1]]
[2022.10.23-15.23.31:338][  0]LogConfig: Setting CVar [[r.VirtualTexturedLightmaps:0]]
[2022.10.23-15.23.31:338][  0]LogConfig: Setting CVar [[r.VT.TileSize:128]]
[2022.10.23-15.23.31:339][  0]LogConfig: Setting CVar [[r.VT.TileBorderSize:4]]
[2022.10.23-15.23.31:339][  0]LogConfig: Setting CVar [[r.vt.FeedbackFactor:16]]
[2022.10.23-15.23.31:339][  0]LogConfig: Setting CVar [[r.VT.EnableCompressZlib:1]]
[2022.10.23-15.23.31:339][  0]LogConfig: Setting CVar [[r.VT.EnableCompressCrunch:0]]
[2022.10.23-15.23.31:340][  0]LogConfig: Setting CVar [[r.ClearCoatNormal:0]]
[2022.10.23-15.23.31:340][  0]LogConfig: Setting CVar [[r.ReflectionCaptureResolution:128]]
[2022.10.23-15.23.31:340][  0]LogConfig: Setting CVar [[r.Mobile.ReflectionCaptureCompression:0]]
[2022.10.23-15.23.31:340][  0]LogConfig: Setting CVar [[r.ReflectionEnvironmentLightmapMixBasedOnRoughness:1]]
[2022.10.23-15.23.31:341][  0]LogConfig: Setting CVar [[r.ForwardShading:0]]
[2022.10.23-15.23.31:341][  0]LogConfig: Setting CVar [[r.VertexFoggingForOpaque:1]]
[2022.10.23-15.23.31:341][  0]LogConfig: Setting CVar [[r.AllowStaticLighting:1]]
[2022.10.23-15.23.31:341][  0]LogConfig: Setting CVar [[r.NormalMapsForStaticLighting:0]]
[2022.10.23-15.23.31:342][  0]LogConfig: Setting CVar [[r.GenerateMeshDistanceFields:0]]
[2022.10.23-15.23.31:342][  0]LogConfig: Setting CVar [[r.DistanceFieldBuild.EightBit:0]]
[2022.10.23-15.23.31:342][  0]LogConfig: Setting CVar [[r.GenerateLandscapeGIData:0]]
[2022.10.23-15.23.31:342][  0]LogConfig: Setting CVar [[r.DistanceFieldBuild.Compress:0]]
[2022.10.23-15.23.31:343][  0]LogConfig: Setting CVar [[r.TessellationAdaptivePixelsPerTriangle:48.000000]]
[2022.10.23-15.23.31:343][  0]LogConfig: Setting CVar [[r.SeparateTranslucency:1]]
[2022.10.23-15.23.31:343][  0]LogConfig: Setting CVar [[r.TranslucentSortPolicy:0]]
[2022.10.23-15.23.31:343][  0]LogConfig: Setting CVar [[vr.VRS.HMDFixedFoveationLevel:0]]
[2022.10.23-15.23.31:344][  0]LogConfig: Setting CVar [[r.CustomDepth:1]]
[2022.10.23-15.23.31:344][  0]LogConfig: Setting CVar [[r.CustomDepthTemporalAAJitter:1]]
[2022.10.23-15.23.31:344][  0]LogConfig: Setting CVar [[r.PostProcessing.PropagateAlpha:0]]
[2022.10.23-15.23.31:344][  0]LogConfig: Setting CVar [[r.DefaultFeature.Bloom:1]]
[2022.10.23-15.23.31:345][  0]LogConfig: Setting CVar [[r.DefaultFeature.AmbientOcclusion:1]]
[2022.10.23-15.23.31:345][  0]LogConfig: Setting CVar [[r.DefaultFeature.AmbientOcclusionStaticFraction:1]]
[2022.10.23-15.23.31:345][  0]LogConfig: Setting CVar [[r.DefaultFeature.AutoExposure:0]]
[2022.10.23-15.23.31:346][  0]LogConfig: Setting CVar [[r.DefaultFeature.AutoExposure.Method:0]]
[2022.10.23-15.23.31:346][  0]LogConfig: Setting CVar [[r.DefaultFeature.AutoExposure.Bias:1.000000]]
[2022.10.23-15.23.31:346][  0]LogConfig: Setting CVar [[r.DefaultFeature.AutoExposure.ExtendDefaultLuminanceRange:0]]
[2022.10.23-15.23.31:346][  0]LogConfig: Setting CVar [[r.UsePreExposure:1]]
[2022.10.23-15.23.31:347][  0]LogConfig: Setting CVar [[r.EyeAdaptation.EditorOnly:0]]
[2022.10.23-15.23.31:347][  0]LogConfig: Setting CVar [[r.DefaultFeature.MotionBlur:0]]
[2022.10.23-15.23.31:347][  0]LogConfig: Setting CVar [[r.DefaultFeature.LensFlare:0]]
[2022.10.23-15.23.31:348][  0]LogConfig: Setting CVar [[r.TemporalAA.Upsampling:0]]
[2022.10.23-15.23.31:350][  0]LogConfig: Setting CVar [[r.SSGI.Enable:0]]
[2022.10.23-15.23.31:351][  0]LogConfig: Setting CVar [[r.DefaultFeature.AntiAliasing:0]]
[2022.10.23-15.23.31:351][  0]LogConfig: Setting CVar [[r.DefaultFeature.LightUnits:1]]
[2022.10.23-15.23.31:351][  0]LogConfig: Setting CVar [[r.DefaultBackBufferPixelFormat:4]]
[2022.10.23-15.23.31:351][  0]LogConfig: Setting CVar [[r.Shadow.UnbuiltPreviewInGame:1]]
[2022.10.23-15.23.31:352][  0]LogConfig: Setting CVar [[r.StencilForLODDither:0]]
[2022.10.23-15.23.31:352][  0]LogConfig: Setting CVar [[r.EarlyZPass:3]]
[2022.10.23-15.23.31:352][  0]LogConfig: Setting CVar [[r.EarlyZPassOnlyMaterialMasking:0]]
[2022.10.23-15.23.31:352][  0]LogConfig: Setting CVar [[r.DBuffer:1]]
[2022.10.23-15.23.31:353][  0]LogConfig: Setting CVar [[r.ClearSceneMethod:1]]
[2022.10.23-15.23.31:353][  0]LogConfig: Setting CVar [[r.BasePassOutputsVelocity:0]]
[2022.10.23-15.23.31:353][  0]LogConfig: Setting CVar [[r.VertexDeformationOutputsVelocity:0]]
[2022.10.23-15.23.31:353][  0]LogConfig: Setting CVar [[r.SelectiveBasePassOutputs:0]]
[2022.10.23-15.23.31:354][  0]LogConfig: Setting CVar [[fx.GPUSimulationTextureSizeX:1024]]
[2022.10.23-15.23.31:354][  0]LogConfig: Setting CVar [[fx.GPUSimulationTextureSizeY:1024]]
[2022.10.23-15.23.31:354][  0]LogConfig: Setting CVar [[r.AllowGlobalClipPlane:0]]
[2022.10.23-15.23.31:354][  0]LogConfig: Setting CVar [[r.GBufferFormat:1]]
[2022.10.23-15.23.31:355][  0]LogConfig: Setting CVar [[r.MorphTarget.Mode:1]]
[2022.10.23-15.23.31:355][  0]LogConfig: Setting CVar [[vr.InstancedStereo:0]]
[2022.10.23-15.23.31:355][  0]LogConfig: Setting CVar [[r.MobileHDR:1]]
[2022.10.23-15.23.31:355][  0]LogConfig: Setting CVar [[vr.MobileMultiView:0]]
[2022.10.23-15.23.31:356][  0]LogConfig: Setting CVar [[r.Mobile.UseHWsRGBEncoding:0]]
[2022.10.23-15.23.31:356][  0]LogConfig: Setting CVar [[vr.RoundRobinOcclusion:0]]
[2022.10.23-15.23.31:356][  0]LogConfig: Setting CVar [[vr.ODSCapture:0]]
[2022.10.23-15.23.31:356][  0]LogConfig: Setting CVar [[r.MeshStreaming:0]]
[2022.10.23-15.23.31:357][  0]LogConfig: Setting CVar [[r.WireframeCullThreshold:5.000000]]
[2022.10.23-15.23.31:357][  0]LogConfig: Setting CVar [[r.RayTracing:0]]
[2022.10.23-15.23.31:357][  0]LogConfig: Setting CVar [[r.RayTracing.UseTextureLod:0]]
[2022.10.23-15.23.31:357][  0]LogConfig: Setting CVar [[r.SupportStationarySkylight:1]]
[2022.10.23-15.23.31:358][  0]LogConfig: Setting CVar [[r.SupportLowQualityLightmaps:1]]
[2022.10.23-15.23.31:358][  0]LogConfig: Setting CVar [[r.SupportPointLightWholeSceneShadows:1]]
[2022.10.23-15.23.31:358][  0]LogConfig: Setting CVar [[r.SupportAtmosphericFog:1]]
[2022.10.23-15.23.31:359][  0]LogConfig: Setting CVar [[r.SupportSkyAtmosphere:1]]
[2022.10.23-15.23.31:359][  0]LogConfig: Setting CVar [[r.SupportSkyAtmosphereAffectsHeightFog:0]]
[2022.10.23-15.23.31:359][  0]LogConfig: Setting CVar [[r.SkinCache.CompileShaders:0]]
[2022.10.23-15.23.31:359][  0]LogConfig: Setting CVar [[r.SkinCache.DefaultBehavior:1]]
[2022.10.23-15.23.31:360][  0]LogConfig: Setting CVar [[r.SkinCache.SceneMemoryLimitInMB:128.000000]]
[2022.10.23-15.23.31:360][  0]LogConfig: Setting CVar [[r.Mobile.EnableStaticAndCSMShadowReceivers:1]]
[2022.10.23-15.23.31:360][  0]LogConfig: Setting CVar [[r.Mobile.EnableMovableLightCSMShaderCulling:1]]
[2022.10.23-15.23.31:360][  0]LogConfig: Setting CVar [[r.Mobile.AllowDistanceFieldShadows:1]]
[2022.10.23-15.23.31:361][  0]LogConfig: Setting CVar [[r.Mobile.AllowMovableDirectionalLights:1]]
[2022.10.23-15.23.31:361][  0]LogConfig: Setting CVar [[r.MobileNumDynamicPointLights:4]]
[2022.10.23-15.23.31:361][  0]LogConfig: Setting CVar [[r.MobileDynamicPointLightsUseStaticBranch:1]]
[2022.10.23-15.23.31:361][  0]LogConfig: Setting CVar [[r.Mobile.EnableMovableSpotlights:0]]
[2022.10.23-15.23.31:362][  0]LogConfig: Setting CVar [[r.Mobile.EnableMovableSpotlightsShadow:0]]
[2022.10.23-15.23.31:362][  0]LogConfig: Setting CVar [[r.GPUSkin.Support16BitBoneIndex:0]]
[2022.10.23-15.23.31:362][  0]LogConfig: Setting CVar [[r.GPUSkin.Limit2BoneInfluences:0]]
[2022.10.23-15.23.31:362][  0]LogConfig: Setting CVar [[r.SupportDepthOnlyIndexBuffers:1]]
[2022.10.23-15.23.31:363][  0]LogConfig: Setting CVar [[r.SupportReversedIndexBuffers:1]]
[2022.10.23-15.23.31:363][  0]LogConfig: Setting CVar [[r.LightPropagationVolume:0]]
[2022.10.23-15.23.31:363][  0]LogConfig: Setting CVar [[r.Mobile.AmbientOcclusion:0]]
[2022.10.23-15.23.31:364][  0]LogConfig: Setting CVar [[r.GPUSkin.UnlimitedBoneInfluences:0]]
[2022.10.23-15.23.31:366][  0]LogConfig: Setting CVar [[r.GPUSkin.UnlimitedBoneInfluencesThreshold:8]]
[2022.10.23-15.23.31:366][  0]LogConfig: Setting CVar [[r.Mobile.PlanarReflectionMode:0]]
[2022.10.23-15.23.31:366][  0]LogConfig: Setting CVar [[r.Mobile.SupportsGen4TAA:0]]
[2022.10.23-15.23.31:366][  0]LogConfig: Applying CVar settings from Section [/Script/Engine.RendererOverrideSettings] File [C:/Users/danie/Documents/Gamedev VR/game/UE4 game/fpsgame/Saved/Config/Windows/Engine.ini]
[2022.10.23-15.23.31:367][  0]LogConfig: Applying CVar settings from Section [/Script/Engine.StreamingSettings] File [C:/Users/danie/Documents/Gamedev VR/game/UE4 game/fpsgame/Saved/Config/Windows/Engine.ini]
[2022.10.23-15.23.31:367][  0]LogConfig: Setting CVar [[s.MinBulkDataSizeForAsyncLoading:131072]]
[2022.10.23-15.23.31:367][  0]LogConfig: Setting CVar [[s.AsyncLoadingThreadEnabled:0]]
[2022.10.23-15.23.31:367][  0]LogConfig: Setting CVar [[s.EventDrivenLoaderEnabled:1]]
[2022.10.23-15.23.31:368][  0]LogConfig: Setting CVar [[s.WarnIfTimeLimitExceeded:0]]
[2022.10.23-15.23.31:368][  0]LogConfig: Setting CVar [[s.TimeLimitExceededMultiplier:1.5]]
[2022.10.23-15.23.31:368][  0]LogConfig: Setting CVar [[s.TimeLimitExceededMinTime:0.005]]
[2022.10.23-15.23.31:368][  0]LogConfig: Setting CVar [[s.UseBackgroundLevelStreaming:1]]
[2022.10.23-15.23.31:369][  0]LogConfig: Setting CVar [[s.PriorityAsyncLoadingExtraTime:15.0]]
[2022.10.23-15.23.31:369][  0]LogConfig: Setting CVar [[s.LevelStreamingActorsUpdateTimeLimit:5.0]]
[2022.10.23-15.23.31:369][  0]LogConfig: Setting CVar [[s.PriorityLevelStreamingActorsUpdateExtraTime:5.0]]
[2022.10.23-15.23.31:369][  0]LogConfig: Setting CVar [[s.LevelStreamingComponentsRegistrationGranularity:10]]
[2022.10.23-15.23.31:370][  0]LogConfig: Setting CVar [[s.UnregisterComponentsTimeLimit:1.0]]
[2022.10.23-15.23.31:370][  0]LogConfig: Setting CVar [[s.LevelStreamingComponentsUnregistrationGranularity:5]]
[2022.10.23-15.23.31:370][  0]LogConfig: Setting CVar [[s.FlushStreamingOnExit:1]]
[2022.10.23-15.23.31:370][  0]LogConfig: Applying CVar settings from Section [/Script/Engine.GarbageCollectionSettings] File [C:/Users/danie/Documents/Gamedev VR/game/UE4 game/fpsgame/Saved/Config/Windows/Engine.ini]
[2022.10.23-15.23.31:371][  0]LogConfig: Setting CVar [[gc.MaxObjectsNotConsideredByGC:1]]
[2022.10.23-15.23.31:371][  0]LogConfig: Setting CVar [[gc.SizeOfPermanentObjectPool:0]]
[2022.10.23-15.23.31:371][  0]LogConfig: Setting CVar [[gc.FlushStreamingOnGC:0]]
[2022.10.23-15.23.31:371][  0]LogConfig: Setting CVar [[gc.NumRetriesBeforeForcingGC:10]]
[2022.10.23-15.23.31:372][  0]LogConfig: Setting CVar [[gc.AllowParallelGC:1]]
[2022.10.23-15.23.31:372][  0]LogConfig: Setting CVar [[gc.TimeBetweenPurgingPendingKillObjects:61.1]]
[2022.10.23-15.23.31:372][  0]LogConfig: Setting CVar [[gc.MaxObjectsInEditor:25165824]]
[2022.10.23-15.23.31:373][  0]LogConfig: Setting CVar [[gc.IncrementalBeginDestroyEnabled:1]]
[2022.10.23-15.23.31:373][  0]LogConfig: Setting CVar [[gc.CreateGCClusters:1]]
[2022.10.23-15.23.31:373][  0]LogConfig: Setting CVar [[gc.MinGCClusterSize:5]]
[2022.10.23-15.23.31:374][  0]LogConfig: Setting CVar [[gc.ActorClusteringEnabled:0]]
[2022.10.23-15.23.31:374][  0]LogConfig: Setting CVar [[gc.BlueprintClusteringEnabled:0]]
[2022.10.23-15.23.31:374][  0]LogConfig: Setting CVar [[gc.UseDisregardForGCOnDedicatedServers:0]]
[2022.10.23-15.23.31:374][  0]LogConfig: Setting CVar [[gc.MultithreadedDestructionEnabled:1]]
[2022.10.23-15.23.31:375][  0]LogConfig: Applying CVar settings from Section [/Script/Engine.NetworkSettings] File [C:/Users/danie/Documents/Gamedev VR/game/UE4 game/fpsgame/Saved/Config/Windows/Engine.ini]
[2022.10.23-15.23.31:375][  0]LogConfig: Applying CVar settings from Section [/Script/UnrealEd.CookerSettings] File [C:/Users/danie/Documents/Gamedev VR/game/UE4 game/fpsgame/Saved/Config/Windows/Engine.ini]
[2022.10.23-15.23.31:375][  0]LogConfig: Applying CVar settings from Section [ViewDistanceQuality@3] File [C:/Users/danie/Documents/Gamedev VR/game/UE4 game/fpsgame/Saved/Config/Windows/Scalability.ini]
[2022.10.23-15.23.31:375][  0]LogConfig: Setting CVar [[r.SkeletalMeshLODBias:0]]
[2022.10.23-15.23.31:376][  0]LogConfig: Setting CVar [[r.ViewDistanceScale:1.0]]
[2022.10.23-15.23.31:376][  0]LogConfig: Applying CVar settings from Section [AntiAliasingQuality@3] File [C:/Users/danie/Documents/Gamedev VR/game/UE4 game/fpsgame/Saved/Config/Windows/Scalability.ini]
[2022.10.23-15.23.31:376][  0]LogConfig: Setting CVar [[r.PostProcessAAQuality:4]]
[2022.10.23-15.23.31:376][  0]LogConfig: Applying CVar settings from Section [ShadowQuality@3] File [C:/Users/danie/Documents/Gamedev VR/game/UE4 game/fpsgame/Saved/Config/Windows/Scalability.ini]
[2022.10.23-15.23.31:377][  0]LogConfig: Setting CVar [[r.LightFunctionQuality:1]]
[2022.10.23-15.23.31:377][  0]LogConfig: Setting CVar [[r.ShadowQuality:5]]
[2022.10.23-15.23.31:377][  0]LogConfig: Setting CVar [[r.Shadow.CSM.MaxCascades:10]]
[2022.10.23-15.23.31:377][  0]LogConfig: Setting CVar [[r.Shadow.MaxResolution:2048]]
[2022.10.23-15.23.31:378][  0]LogConfig: Setting CVar [[r.Shadow.MaxCSMResolution:2048]]
[2022.10.23-15.23.31:378][  0]LogConfig: Setting CVar [[r.Shadow.RadiusThreshold:0.01]]
[2022.10.23-15.23.31:378][  0]LogConfig: Setting CVar [[r.Shadow.DistanceScale:1.0]]
[2022.10.23-15.23.31:378][  0]LogConfig: Setting CVar [[r.Shadow.CSM.TransitionScale:1.0]]
[2022.10.23-15.23.31:379][  0]LogConfig: Setting CVar [[r.Shadow.PreShadowResolutionFactor:1.0]]
[2022.10.23-15.23.31:379][  0]LogConfig: Setting CVar [[r.DistanceFieldShadowing:1]]
[2022.10.23-15.23.31:379][  0]LogConfig: Setting CVar [[r.DistanceFieldAO:1]]
[2022.10.23-15.23.31:380][  0]LogConfig: Setting CVar [[r.AOQuality:2]]
[2022.10.23-15.23.31:382][  0]LogConfig: Setting CVar [[r.VolumetricFog:1]]
[2022.10.23-15.23.31:382][  0]LogConfig: Setting CVar [[r.VolumetricFog.GridPixelSize:8]]
[2022.10.23-15.23.31:382][  0]LogConfig: Setting CVar [[r.VolumetricFog.GridSizeZ:128]]
[2022.10.23-15.23.31:382][  0]LogConfig: Setting CVar [[r.VolumetricFog.HistoryMissSupersampleCount:4]]
[2022.10.23-15.23.31:383][  0]LogConfig: Setting CVar [[r.LightMaxDrawDistanceScale:1]]
[2022.10.23-15.23.31:383][  0]LogConfig: Setting CVar [[r.CapsuleShadows:1]]
[2022.10.23-15.23.31:383][  0]LogConfig: Applying CVar settings from Section [PostProcessQuality@3] File [C:/Users/danie/Documents/Gamedev VR/game/UE4 game/fpsgame/Saved/Config/Windows/Scalability.ini]
[2022.10.23-15.23.31:383][  0]LogConfig: Setting CVar [[r.MotionBlurQuality:4]]
[2022.10.23-15.23.31:384][  0]LogConfig: Setting CVar [[r.AmbientOcclusionMipLevelFactor:0.4]]
[2022.10.23-15.23.31:384][  0]LogConfig: Setting CVar [[r.AmbientOcclusionMaxQuality:100]]
[2022.10.23-15.23.31:384][  0]LogConfig: Setting CVar [[r.AmbientOcclusionLevels:-1]]
[2022.10.23-15.23.31:384][  0]LogConfig: Setting CVar [[r.AmbientOcclusionRadiusScale:1.0]]
[2022.10.23-15.23.31:385][  0]LogConfig: Setting CVar [[r.DepthOfFieldQuality:2]]
[2022.10.23-15.23.31:385][  0]LogConfig: Setting CVar [[r.RenderTargetPoolMin:400]]
[2022.10.23-15.23.31:385][  0]LogConfig: Setting CVar [[r.LensFlareQuality:2]]
[2022.10.23-15.23.31:386][  0]LogConfig: Setting CVar [[r.SceneColorFringeQuality:1]]
[2022.10.23-15.23.31:386][  0]LogConfig: Setting CVar [[r.EyeAdaptationQuality:2]]
[2022.10.23-15.23.31:386][  0]LogConfig: Setting CVar [[r.BloomQuality:5]]
[2022.10.23-15.23.31:386][  0]LogConfig: Setting CVar [[r.FastBlurThreshold:100]]
[2022.10.23-15.23.31:387][  0]LogConfig: Setting CVar [[r.Upscale.Quality:3]]
[2022.10.23-15.23.31:387][  0]LogConfig: Setting CVar [[r.Tonemapper.GrainQuantization:1]]
[2022.10.23-15.23.31:387][  0]LogConfig: Setting CVar [[r.LightShaftQuality:1]]
[2022.10.23-15.23.31:387][  0]LogConfig: Setting CVar [[r.Filter.SizeScale:1]]
[2022.10.23-15.23.31:388][  0]LogConfig: Setting CVar [[r.Tonemapper.Quality:5]]
[2022.10.23-15.23.31:388][  0]LogConfig: Setting CVar [[r.DOF.Gather.AccumulatorQuality:1        ; higher gathering accumulator quality]]
[2022.10.23-15.23.31:388][  0]LogConfig: Setting CVar [[r.DOF.Gather.PostfilterMethod:1          ; Median3x3 postfilering method]]
[2022.10.23-15.23.31:388][  0]LogConfig: Setting CVar [[r.DOF.Gather.EnableBokehSettings:0       ; no bokeh simulation when gathering]]
[2022.10.23-15.23.31:389][  0]LogConfig: Setting CVar [[r.DOF.Gather.RingCount:4                 ; medium number of samples when gathering]]
[2022.10.23-15.23.31:389][  0]LogConfig: Setting CVar [[r.DOF.Scatter.ForegroundCompositing:1    ; additive foreground scattering]]
[2022.10.23-15.23.31:389][  0]LogConfig: Setting CVar [[r.DOF.Scatter.BackgroundCompositing:2    ; additive background scattering]]
[2022.10.23-15.23.31:389][  0]LogConfig: Setting CVar [[r.DOF.Scatter.EnableBokehSettings:1      ; bokeh simulation when scattering]]
[2022.10.23-15.23.31:390][  0]LogConfig: Setting CVar [[r.DOF.Scatter.MaxSpriteRatio:0.1         ; only a maximum of 10% of scattered bokeh]]
[2022.10.23-15.23.31:390][  0]LogConfig: Setting CVar [[r.DOF.Recombine.Quality:1                ; cheap slight out of focus]]
[2022.10.23-15.23.31:390][  0]LogConfig: Setting CVar [[r.DOF.Recombine.EnableBokehSettings:0    ; no bokeh simulation on slight out of focus]]
[2022.10.23-15.23.31:390][  0]LogConfig: Setting CVar [[r.DOF.TemporalAAQuality:1                ; more stable temporal accumulation]]
[2022.10.23-15.23.31:391][  0]LogConfig: Setting CVar [[r.DOF.Kernel.MaxForegroundRadius:0.025]]
[2022.10.23-15.23.31:391][  0]LogConfig: Setting CVar [[r.DOF.Kernel.MaxBackgroundRadius:0.025]]
[2022.10.23-15.23.31:391][  0]LogConfig: Applying CVar settings from Section [TextureQuality@3] File [C:/Users/danie/Documents/Gamedev VR/game/UE4 game/fpsgame/Saved/Config/Windows/Scalability.ini]
[2022.10.23-15.23.31:391][  0]LogConfig: Setting CVar [[r.Streaming.MipBias:0]]
[2022.10.23-15.23.31:392][  0]LogConfig: Setting CVar [[r.Streaming.AmortizeCPUToGPUCopy:0]]
[2022.10.23-15.23.31:392][  0]LogConfig: Setting CVar [[r.Streaming.MaxNumTexturesToStreamPerFrame:0]]
[2022.10.23-15.23.31:392][  0]LogConfig: Setting CVar [[r.Streaming.Boost:1]]
[2022.10.23-15.23.31:392][  0]LogConfig: Setting CVar [[r.MaxAnisotropy:8]]
[2022.10.23-15.23.31:393][  0]LogConfig: Setting CVar [[r.VT.MaxAnisotropy:8]]
[2022.10.23-15.23.31:393][  0]LogConfig: Setting CVar [[r.Streaming.LimitPoolSizeToVRAM:0]]
[2022.10.23-15.23.31:393][  0]LogConfig: Setting CVar [[r.Streaming.PoolSize:1000]]
[2022.10.23-15.23.31:393][  0]LogConfig: Setting CVar [[r.Streaming.MaxEffectiveScreenSize:0]]
[2022.10.23-15.23.31:394][  0]LogConfig: Applying CVar settings from Section [EffectsQuality@3] File [C:/Users/danie/Documents/Gamedev VR/game/UE4 game/fpsgame/Saved/Config/Windows/Scalability.ini]
[2022.10.23-15.23.31:394][  0]LogConfig: Setting CVar [[r.TranslucencyLightingVolumeDim:64]]
[2022.10.23-15.23.31:394][  0]LogConfig: Setting CVar [[r.RefractionQuality:2]]
[2022.10.23-15.23.31:394][  0]LogConfig: Setting CVar [[r.SSR.Quality:3]]
[2022.10.23-15.23.31:395][  0]LogConfig: Setting CVar [[r.SSR.HalfResSceneColor:0]]
[2022.10.23-15.23.31:396][  0]LogConfig: Setting CVar [[r.SceneColorFormat:4]]
[2022.10.23-15.23.31:398][  0]LogConfig: Setting CVar [[r.DetailMode:2]]
[2022.10.23-15.23.31:399][  0]LogConfig: Setting CVar [[r.TranslucencyVolumeBlur:1]]
[2022.10.23-15.23.31:399][  0]LogConfig: Setting CVar [[r.MaterialQualityLevel:1 ; High quality]]
[2022.10.23-15.23.31:399][  0]LogConfig: Setting CVar [[r.AnisotropicMaterials:1]]
[2022.10.23-15.23.31:400][  0]LogConfig: Setting CVar [[r.SSS.Scale:1]]
[2022.10.23-15.23.31:400][  0]LogConfig: Setting CVar [[r.SSS.SampleSet:2]]
[2022.10.23-15.23.31:401][  0]LogConfig: Setting CVar [[r.SSS.Quality:1]]
[2022.10.23-15.23.31:401][  0]LogConfig: Setting CVar [[r.SSS.HalfRes:0]]
[2022.10.23-15.23.31:401][  0]LogConfig: Setting CVar [[r.SSGI.Quality:3]]
[2022.10.23-15.23.31:401][  0]LogConfig: Setting CVar [[r.EmitterSpawnRateScale:1.0]]
[2022.10.23-15.23.31:402][  0]LogConfig: Setting CVar [[r.ParticleLightQuality:2]]
[2022.10.23-15.23.31:402][  0]LogConfig: Setting CVar [[r.SkyAtmosphere.AerialPerspectiveLUT.FastApplyOnOpaque:1 ; Always have FastSkyLUT 1 in this case to avoid wrong sky]]
[2022.10.23-15.23.31:402][  0]LogConfig: Setting CVar [[r.SkyAtmosphere.AerialPerspectiveLUT.SampleCountMaxPerSlice:4]]
[2022.10.23-15.23.31:402][  0]LogConfig: Setting CVar [[r.SkyAtmosphere.AerialPerspectiveLUT.DepthResolution:16.0]]
[2022.10.23-15.23.31:403][  0]LogConfig: Setting CVar [[r.SkyAtmosphere.FastSkyLUT:1]]
[2022.10.23-15.23.31:403][  0]LogConfig: Setting CVar [[r.SkyAtmosphere.FastSkyLUT.SampleCountMin:4.0]]
[2022.10.23-15.23.31:403][  0]LogConfig: Setting CVar [[r.SkyAtmosphere.FastSkyLUT.SampleCountMax:128.0]]
[2022.10.23-15.23.31:404][  0]LogConfig: Setting CVar [[r.SkyAtmosphere.SampleCountMin:4.0]]
[2022.10.23-15.23.31:404][  0]LogConfig: Setting CVar [[r.SkyAtmosphere.SampleCountMax:128.0]]
[2022.10.23-15.23.31:404][  0]LogConfig: Setting CVar [[r.SkyAtmosphere.TransmittanceLUT.UseSmallFormat:0]]
[2022.10.23-15.23.31:404][  0]LogConfig: Setting CVar [[r.SkyAtmosphere.TransmittanceLUT.SampleCount:10.0]]
[2022.10.23-15.23.31:404][  0]LogConfig: Setting CVar [[r.SkyAtmosphere.MultiScatteringLUT.SampleCount:15.0]]
[2022.10.23-15.23.31:405][  0]LogConfig: Setting CVar [[r.SkyLight.RealTimeReflectionCapture:1]]
[2022.10.23-15.23.31:405][  0]LogConfig: Applying CVar settings from Section [FoliageQuality@3] File [C:/Users/danie/Documents/Gamedev VR/game/UE4 game/fpsgame/Saved/Config/Windows/Scalability.ini]
[2022.10.23-15.23.31:405][  0]LogConfig: Setting CVar [[foliage.DensityScale:1.0]]
[2022.10.23-15.23.31:405][  0]LogConfig: Setting CVar [[grass.DensityScale:1.0]]
[2022.10.23-15.23.31:406][  0]LogConfig: Applying CVar settings from Section [ShadingQuality@3] File [C:/Users/danie/Documents/Gamedev VR/game/UE4 game/fpsgame/Saved/Config/Windows/Scalability.ini]
[2022.10.23-15.23.31:406][  0]LogConfig: Setting CVar [[r.HairStrands.SkyLighting.IntegrationType:2]]
[2022.10.23-15.23.31:406][  0]LogConfig: Setting CVar [[r.HairStrands.SkyAO.SampleCount:4]]
[2022.10.23-15.23.31:406][  0]LogConfig: Setting CVar [[r.HairStrands.Visibility.MSAA.SamplePerPixel:4]]
[2022.10.23-15.23.31:407][  0]LogInit: Selected Device Profile: [Windows]
[2022.10.23-15.23.31:407][  0]LogInit: Applying CVar settings loaded from the selected device profile: [Windows]
[2022.10.23-15.23.31:407][  0]LogHAL: Display: Platform has ~ 16 GB [17128247296 / 17179869184 / 16], which maps to Larger [LargestMinGB=32, LargerMinGB=12, DefaultMinGB=8, SmallerMinGB=6, SmallestMinGB=0)
[2022.10.23-15.23.31:408][  0]LogInit: Going up to parent DeviceProfile []
[2022.10.23-15.23.31:408][  0]LogConfig: Applying CVar settings from Section [ViewDistanceQuality@3] File [C:/Users/danie/Documents/Gamedev VR/game/UE4 game/fpsgame/Saved/Config/Windows/Scalability.ini]
[2022.10.23-15.23.31:408][  0]LogConfig: Setting CVar [[r.SkeletalMeshLODBias:0]]
[2022.10.23-15.23.31:408][  0]LogConfig: Setting CVar [[r.ViewDistanceScale:1.0]]
[2022.10.23-15.23.31:409][  0]LogConfig: Applying CVar settings from Section [AntiAliasingQuality@3] File [C:/Users/danie/Documents/Gamedev VR/game/UE4 game/fpsgame/Saved/Config/Windows/Scalability.ini]
[2022.10.23-15.23.31:409][  0]LogConfig: Setting CVar [[r.PostProcessAAQuality:4]]
[2022.10.23-15.23.31:409][  0]LogConfig: Applying CVar settings from Section [ShadowQuality@3] File [C:/Users/danie/Documents/Gamedev VR/game/UE4 game/fpsgame/Saved/Config/Windows/Scalability.ini]
[2022.10.23-15.23.31:409][  0]LogConfig: Setting CVar [[r.LightFunctionQuality:1]]
[2022.10.23-15.23.31:409][  0]LogConfig: Setting CVar [[r.ShadowQuality:5]]
[2022.10.23-15.23.31:410][  0]LogConfig: Setting CVar [[r.Shadow.CSM.MaxCascades:10]]
[2022.10.23-15.23.31:410][  0]LogConfig: Setting CVar [[r.Shadow.MaxResolution:2048]]
[2022.10.23-15.23.31:410][  0]LogConfig: Setting CVar [[r.Shadow.MaxCSMResolution:2048]]
[2022.10.23-15.23.31:411][  0]LogConfig: Setting CVar [[r.Shadow.RadiusThreshold:0.01]]
[2022.10.23-15.23.31:413][  0]LogConfig: Setting CVar [[r.Shadow.DistanceScale:1.0]]
[2022.10.23-15.23.31:413][  0]LogConfig: Setting CVar [[r.Shadow.CSM.TransitionScale:1.0]]
[2022.10.23-15.23.31:414][  0]LogConfig: Setting CVar [[r.Shadow.PreShadowResolutionFactor:1.0]]
[2022.10.23-15.23.31:414][  0]LogConfig: Setting CVar [[r.DistanceFieldShadowing:1]]
[2022.10.23-15.23.31:414][  0]LogConfig: Setting CVar [[r.DistanceFieldAO:1]]
[2022.10.23-15.23.31:414][  0]LogConfig: Setting CVar [[r.AOQuality:2]]
[2022.10.23-15.23.31:415][  0]LogConfig: Setting CVar [[r.VolumetricFog:1]]
[2022.10.23-15.23.31:415][  0]LogConfig: Setting CVar [[r.VolumetricFog.GridPixelSize:8]]
[2022.10.23-15.23.31:415][  0]LogConfig: Setting CVar [[r.VolumetricFog.GridSizeZ:128]]
[2022.10.23-15.23.31:415][  0]LogConfig: Setting CVar [[r.VolumetricFog.HistoryMissSupersampleCount:4]]
[2022.10.23-15.23.31:416][  0]LogConfig: Setting CVar [[r.LightMaxDrawDistanceScale:1]]
[2022.10.23-15.23.31:416][  0]LogConfig: Setting CVar [[r.CapsuleShadows:1]]
[2022.10.23-15.23.31:416][  0]LogConfig: Applying CVar settings from Section [PostProcessQuality@3] File [C:/Users/danie/Documents/Gamedev VR/game/UE4 game/fpsgame/Saved/Config/Windows/Scalability.ini]
[2022.10.23-15.23.31:416][  0]LogConfig: Setting CVar [[r.MotionBlurQuality:4]]
[2022.10.23-15.23.31:417][  0]LogConfig: Setting CVar [[r.AmbientOcclusionMipLevelFactor:0.4]]
[2022.10.23-15.23.31:417][  0]LogConfig: Setting CVar [[r.AmbientOcclusionMaxQuality:100]]
[2022.10.23-15.23.31:417][  0]LogConfig: Setting CVar [[r.AmbientOcclusionLevels:-1]]
[2022.10.23-15.23.31:417][  0]LogConfig: Setting CVar [[r.AmbientOcclusionRadiusScale:1.0]]
[2022.10.23-15.23.31:418][  0]LogConfig: Setting CVar [[r.DepthOfFieldQuality:2]]
[2022.10.23-15.23.31:418][  0]LogConfig: Setting CVar [[r.RenderTargetPoolMin:400]]
[2022.10.23-15.23.31:418][  0]LogConfig: Setting CVar [[r.LensFlareQuality:2]]
[2022.10.23-15.23.31:418][  0]LogConfig: Setting CVar [[r.SceneColorFringeQuality:1]]
[2022.10.23-15.23.31:419][  0]LogConfig: Setting CVar [[r.EyeAdaptationQuality:2]]
[2022.10.23-15.23.31:419][  0]LogConfig: Setting CVar [[r.BloomQuality:5]]
[2022.10.23-15.23.31:419][  0]LogConfig: Setting CVar [[r.FastBlurThreshold:100]]
[2022.10.23-15.23.31:419][  0]LogConfig: Setting CVar [[r.Upscale.Quality:3]]
[2022.10.23-15.23.31:420][  0]LogConfig: Setting CVar [[r.Tonemapper.GrainQuantization:1]]
[2022.10.23-15.23.31:420][  0]LogConfig: Setting CVar [[r.LightShaftQuality:1]]
[2022.10.23-15.23.31:420][  0]LogConfig: Setting CVar [[r.Filter.SizeScale:1]]
[2022.10.23-15.23.31:420][  0]LogConfig: Setting CVar [[r.Tonemapper.Quality:5]]
[2022.10.23-15.23.31:421][  0]LogConfig: Setting CVar [[r.DOF.Gather.AccumulatorQuality:1        ; higher gathering accumulator quality]]
[2022.10.23-15.23.31:421][  0]LogConfig: Setting CVar [[r.DOF.Gather.PostfilterMethod:1          ; Median3x3 postfilering method]]
[2022.10.23-15.23.31:421][  0]LogConfig: Setting CVar [[r.DOF.Gather.EnableBokehSettings:0       ; no bokeh simulation when gathering]]
[2022.10.23-15.23.31:421][  0]LogConfig: Setting CVar [[r.DOF.Gather.RingCount:4                 ; medium number of samples when gathering]]
[2022.10.23-15.23.31:422][  0]LogConfig: Setting CVar [[r.DOF.Scatter.ForegroundCompositing:1    ; additive foreground scattering]]
[2022.10.23-15.23.31:422][  0]LogConfig: Setting CVar [[r.DOF.Scatter.BackgroundCompositing:2    ; additive background scattering]]
[2022.10.23-15.23.31:422][  0]LogConfig: Setting CVar [[r.DOF.Scatter.EnableBokehSettings:1      ; bokeh simulation when scattering]]
[2022.10.23-15.23.31:423][  0]LogConfig: Setting CVar [[r.DOF.Scatter.MaxSpriteRatio:0.1         ; only a maximum of 10% of scattered bokeh]]
[2022.10.23-15.23.31:423][  0]LogConfig: Setting CVar [[r.DOF.Recombine.Quality:1                ; cheap slight out of focus]]
[2022.10.23-15.23.31:423][  0]LogConfig: Setting CVar [[r.DOF.Recombine.EnableBokehSettings:0    ; no bokeh simulation on slight out of focus]]
[2022.10.23-15.23.31:423][  0]LogConfig: Setting CVar [[r.DOF.TemporalAAQuality:1                ; more stable temporal accumulation]]
[2022.10.23-15.23.31:424][  0]LogConfig: Setting CVar [[r.DOF.Kernel.MaxForegroundRadius:0.025]]
[2022.10.23-15.23.31:424][  0]LogConfig: Setting CVar [[r.DOF.Kernel.MaxBackgroundRadius:0.025]]
[2022.10.23-15.23.31:424][  0]LogConfig: Applying CVar settings from Section [TextureQuality@3] File [C:/Users/danie/Documents/Gamedev VR/game/UE4 game/fpsgame/Saved/Config/Windows/Scalability.ini]
[2022.10.23-15.23.31:424][  0]LogConfig: Setting CVar [[r.Streaming.MipBias:0]]
[2022.10.23-15.23.31:425][  0]LogConfig: Setting CVar [[r.Streaming.AmortizeCPUToGPUCopy:0]]
[2022.10.23-15.23.31:425][  0]LogConfig: Setting CVar [[r.Streaming.MaxNumTexturesToStreamPerFrame:0]]
[2022.10.23-15.23.31:425][  0]LogConfig: Setting CVar [[r.Streaming.Boost:1]]
[2022.10.23-15.23.31:425][  0]LogConfig: Setting CVar [[r.MaxAnisotropy:8]]
[2022.10.23-15.23.31:426][  0]LogConfig: Setting CVar [[r.VT.MaxAnisotropy:8]]
[2022.10.23-15.23.31:428][  0]LogConfig: Setting CVar [[r.Streaming.LimitPoolSizeToVRAM:0]]
[2022.10.23-15.23.31:428][  0]LogConfig: Setting CVar [[r.Streaming.PoolSize:1000]]
[2022.10.23-15.23.31:429][  0]LogConfig: Setting CVar [[r.Streaming.MaxEffectiveScreenSize:0]]
[2022.10.23-15.23.31:429][  0]LogConfig: Applying CVar settings from Section [EffectsQuality@3] File [C:/Users/danie/Documents/Gamedev VR/game/UE4 game/fpsgame/Saved/Config/Windows/Scalability.ini]
[2022.10.23-15.23.31:429][  0]LogConfig: Setting CVar [[r.TranslucencyLightingVolumeDim:64]]
[2022.10.23-15.23.31:430][  0]LogConfig: Setting CVar [[r.RefractionQuality:2]]
[2022.10.23-15.23.31:430][  0]LogConfig: Setting CVar [[r.SSR.Quality:3]]
[2022.10.23-15.23.31:430][  0]LogConfig: Setting CVar [[r.SSR.HalfResSceneColor:0]]
[2022.10.23-15.23.31:430][  0]LogConfig: Setting CVar [[r.SceneColorFormat:4]]
[2022.10.23-15.23.31:431][  0]LogConfig: Setting CVar [[r.DetailMode:2]]
[2022.10.23-15.23.31:431][  0]LogConfig: Setting CVar [[r.TranslucencyVolumeBlur:1]]
[2022.10.23-15.23.31:431][  0]LogConfig: Setting CVar [[r.MaterialQualityLevel:1 ; High quality]]
[2022.10.23-15.23.31:431][  0]LogConfig: Setting CVar [[r.AnisotropicMaterials:1]]
[2022.10.23-15.23.31:432][  0]LogConfig: Setting CVar [[r.SSS.Scale:1]]
[2022.10.23-15.23.31:432][  0]LogConfig: Setting CVar [[r.SSS.SampleSet:2]]
[2022.10.23-15.23.31:432][  0]LogConfig: Setting CVar [[r.SSS.Quality:1]]
[2022.10.23-15.23.31:432][  0]LogConfig: Setting CVar [[r.SSS.HalfRes:0]]
[2022.10.23-15.23.31:433][  0]LogConfig: Setting CVar [[r.SSGI.Quality:3]]
[2022.10.23-15.23.31:433][  0]LogConfig: Setting CVar [[r.EmitterSpawnRateScale:1.0]]
[2022.10.23-15.23.31:433][  0]LogConfig: Setting CVar [[r.ParticleLightQuality:2]]
[2022.10.23-15.23.31:433][  0]LogConfig: Setting CVar [[r.SkyAtmosphere.AerialPerspectiveLUT.FastApplyOnOpaque:1 ; Always have FastSkyLUT 1 in this case to avoid wrong sky]]
[2022.10.23-15.23.31:434][  0]LogConfig: Setting CVar [[r.SkyAtmosphere.AerialPerspectiveLUT.SampleCountMaxPerSlice:4]]
[2022.10.23-15.23.31:434][  0]LogConfig: Setting CVar [[r.SkyAtmosphere.AerialPerspectiveLUT.DepthResolution:16.0]]
[2022.10.23-15.23.31:434][  0]LogConfig: Setting CVar [[r.SkyAtmosphere.FastSkyLUT:1]]
[2022.10.23-15.23.31:434][  0]LogConfig: Setting CVar [[r.SkyAtmosphere.FastSkyLUT.SampleCountMin:4.0]]
[2022.10.23-15.23.31:435][  0]LogConfig: Setting CVar [[r.SkyAtmosphere.FastSkyLUT.SampleCountMax:128.0]]
[2022.10.23-15.23.31:435][  0]LogConfig: Setting CVar [[r.SkyAtmosphere.SampleCountMin:4.0]]
[2022.10.23-15.23.31:435][  0]LogConfig: Setting CVar [[r.SkyAtmosphere.SampleCountMax:128.0]]
[2022.10.23-15.23.31:435][  0]LogConfig: Setting CVar [[r.SkyAtmosphere.TransmittanceLUT.UseSmallFormat:0]]
[2022.10.23-15.23.31:436][  0]LogConfig: Setting CVar [[r.SkyAtmosphere.TransmittanceLUT.SampleCount:10.0]]
[2022.10.23-15.23.31:436][  0]LogConfig: Setting CVar [[r.SkyAtmosphere.MultiScatteringLUT.SampleCount:15.0]]
[2022.10.23-15.23.31:436][  0]LogConfig: Setting CVar [[r.SkyLight.RealTimeReflectionCapture:1]]
[2022.10.23-15.23.31:436][  0]LogConfig: Applying CVar settings from Section [FoliageQuality@3] File [C:/Users/danie/Documents/Gamedev VR/game/UE4 game/fpsgame/Saved/Config/Windows/Scalability.ini]
[2022.10.23-15.23.31:437][  0]LogConfig: Setting CVar [[foliage.DensityScale:1.0]]
[2022.10.23-15.23.31:437][  0]LogConfig: Setting CVar [[grass.DensityScale:1.0]]
[2022.10.23-15.23.31:437][  0]LogConfig: Applying CVar settings from Section [ShadingQuality@3] File [C:/Users/danie/Documents/Gamedev VR/game/UE4 game/fpsgame/Saved/Config/Windows/Scalability.ini]
[2022.10.23-15.23.31:437][  0]LogConfig: Setting CVar [[r.HairStrands.SkyLighting.IntegrationType:2]]
[2022.10.23-15.23.31:438][  0]LogConfig: Setting CVar [[r.HairStrands.SkyAO.SampleCount:4]]
[2022.10.23-15.23.31:438][  0]LogConfig: Setting CVar [[r.HairStrands.Visibility.MSAA.SamplePerPixel:4]]
[2022.10.23-15.23.31:438][  0]LogConfig: Applying CVar settings from Section [Startup] File [../../../Engine/Config/ConsoleVariables.ini]
[2022.10.23-15.23.31:439][  0]LogConfig: Setting CVar [[net.UseAdaptiveNetUpdateFrequency:0]]
[2022.10.23-15.23.31:439][  0]LogConfig: Setting CVar [[p.chaos.AllowCreatePhysxBodies:1]]
[2022.10.23-15.23.31:439][  0]LogConfig: Setting CVar [[fx.SkipVectorVMBackendOptimizations:1]]
[2022.10.23-15.23.31:440][  0]LogConfig: Applying CVar settings from Section [ConsoleVariables] File [C:/Users/danie/Documents/Gamedev VR/game/UE4 game/fpsgame/Saved/Config/Windows/Engine.ini]
[2022.10.23-15.23.31:440][  0]LogConfig: Applying CVar settings from Section [ConsoleVariables] File [C:/Users/danie/Documents/Gamedev VR/game/UE4 game/fpsgame/Saved/Config/Windows/Editor.ini]
[2022.10.23-15.23.31:440][  0]LogInit: Computer: DESKTOP-QG36584
[2022.10.23-15.23.31:441][  0]LogInit: User: danie
[2022.10.23-15.23.31:441][  0]LogInit: CPU Page size=4096, Cores=6
[2022.10.23-15.23.31:441][  0]LogInit: High frequency timer resolution =10.000000 MHz
[2022.10.23-15.23.31:441][  0]LogMemory: Memory total: Physical=16.0GB (16GB approx)
[2022.10.23-15.23.31:442][  0]LogMemory: Platform Memory Stats for Windows
[2022.10.23-15.23.31:445][  0]LogMemory: Process Physical Memory: 137.78 MB used, 137.78 MB peak
[2022.10.23-15.23.31:445][  0]LogMemory: Process Virtual Memory: 117.43 MB used, 117.43 MB peak
[2022.10.23-15.23.31:445][  0]LogMemory: Physical Memory: 11906.73 MB used,  4428.04 MB free, 16334.77 MB total
[2022.10.23-15.23.31:446][  0]LogMemory: Virtual Memory: 134213880.00 MB used,  3849.30 MB free, 134217728.00 MB total
[2022.10.23-15.23.31:448][  0]LogWindows: WindowsPlatformFeatures disabled or dedicated server build
[2022.10.23-15.23.31:457][  0]LogInit: Physics initialised using underlying interface: PhysX
[2022.10.23-15.23.31:458][  0]LogInit: Using OS detected language (en-US).
[2022.10.23-15.23.31:459][  0]LogInit: Using OS detected locale (en-GB).
[2022.10.23-15.23.31:463][  0]LogTextLocalizationManager: No specific localization for 'en-US' exists, so the 'en' localization will be used.
[2022.10.23-15.23.31:834][  0]LogTargetPlatformManager: Display: Loaded TargetPlatform 'WindowsNoEditor'
[2022.10.23-15.23.31:837][  0]LogTargetPlatformManager: Display: Loaded TargetPlatform 'Windows'
[2022.10.23-15.23.31:840][  0]LogTargetPlatformManager: Display: Loaded TargetPlatform 'WindowsClient'
[2022.10.23-15.23.31:843][  0]LogTargetPlatformManager: Display: Loaded TargetPlatform 'WindowsServer'
[2022.10.23-15.23.31:843][  0]LogTargetPlatformManager: Display: Building Assets For Windows
[2022.10.23-15.23.31:846][  0]LogAudioDebug: Display: Lib vorbis DLL was dynamically loaded.
[2022.10.23-15.23.31:861][  0]LogTextureFormatOodle: Display: Oodle Texture 2.9.0 init RDO Off
[2022.10.23-15.23.31:872][  0]LogRendererCore: Ray tracing is disabled. Reason: r.RayTracing=0.
[2022.10.23-15.23.31:872][  0]LogShaderCompilers: Guid format shader working directory is -26 characters bigger than the processId version (../../../../../../Users/danie/Documents/Gamedev VR/game/UE4 game/fpsgame/Intermediate/Shaders/WorkingDirectory/6876/).
[2022.10.23-15.23.31:872][  0]LogShaderCompilers: Cleaned the shader compiler working directory 'C:/Users/danie/AppData/Local/Temp/UnrealShaderWorkingDir/D07091F1439EB7BA872E018E52E8F539/'.
[2022.10.23-15.23.31:873][  0]LogXGEController: Cannot use XGE Controller as Incredibuild is not installed on this machine.
[2022.10.23-15.23.31:873][  0]LogShaderCompilers: Cannot use XGE Shader Compiler as Incredibuild is not installed on this machine.
[2022.10.23-15.23.31:873][  0]LogShaderCompilers: Display: Using Local Shader Compiler.
[2022.10.23-15.23.32:324][  0]LogDerivedDataCache: Display: Max Cache Size: 512 MB
[2022.10.23-15.23.32:373][  0]LogDerivedDataCache: Loaded boot cache 0.05s 94MB C:/Users/danie/AppData/Local/UnrealEngine/4.27/DerivedDataCache/Boot.ddc.
[2022.10.23-15.23.32:373][  0]LogDerivedDataCache: Display: Loaded Boot cache: C:/Users/danie/AppData/Local/UnrealEngine/4.27/DerivedDataCache/Boot.ddc
[2022.10.23-15.23.32:374][  0]LogDerivedDataCache: FDerivedDataBackendGraph:  Pak pak cache file ../../../../../../Users/danie/Documents/Gamedev VR/game/UE4 game/fpsgame/DerivedDataCache/DDC.ddp not found, will not use a pak cache.
[2022.10.23-15.23.32:374][  0]LogDerivedDataCache: Unable to find inner node Pak for hierarchical cache Hierarchy.
[2022.10.23-15.23.32:375][  0]LogDerivedDataCache: FDerivedDataBackendGraph:  CompressedPak pak cache file ../../../../../../Users/danie/Documents/Gamedev VR/game/UE4 game/fpsgame/DerivedDataCache/Compressed.ddp not found, will not use a pak cache.
[2022.10.23-15.23.32:375][  0]LogDerivedDataCache: Unable to find inner node CompressedPak for hierarchical cache Hierarchy.
[2022.10.23-15.23.32:392][  0]LogDerivedDataCache: Display: Pak cache opened for reading ../../../Engine/DerivedDataCache/Compressed.ddp.
[2022.10.23-15.23.32:393][  0]LogDerivedDataCache: FDerivedDataBackendGraph:  EnterprisePak pak cache file ../../../Enterprise/DerivedDataCache/Compressed.ddp not found, will not use a pak cache.
[2022.10.23-15.23.32:393][  0]LogDerivedDataCache: Unable to find inner node EnterprisePak for hierarchical cache Hierarchy.
[2022.10.23-15.23.32:402][  0]LogDerivedDataCache: Speed tests for C:/Users/danie/AppData/Local/UnrealEngine/Common/DerivedDataCache took 0.01 seconds
[2022.10.23-15.23.32:402][  0]LogDerivedDataCache: Display: Performance to C:/Users/danie/AppData/Local/UnrealEngine/Common/DerivedDataCache: Latency=0.03ms. RandomReadSpeed=341.51MBs, RandomWriteSpeed=155.22MBs. Assigned SpeedClass 'Local'
[2022.10.23-15.23.32:403][  0]LogDerivedDataCache: Using Local data cache path C:/Users/danie/AppData/Local/UnrealEngine/Common/DerivedDataCache: Writable
[2022.10.23-15.23.32:404][  0]LogDerivedDataCache: Shared data cache path not found in *engine.ini, will not use an Shared cache.
[2022.10.23-15.23.32:404][  0]LogDerivedDataCache: Unable to find inner node Shared for hierarchical cache Hierarchy.
[2022.10.23-15.23.32:405][  0]LogInit: Using OS detected language (en-US).
[2022.10.23-15.23.32:405][  0]LogInit: Using OS detected locale (en-GB).
[2022.10.23-15.23.32:406][  0]LogTextLocalizationManager: No localization for 'en-US' exists, so 'en' will be used for the language.
[2022.10.23-15.23.32:406][  0]LogTextLocalizationManager: No localization for 'en-GB' exists, so 'en' will be used for the locale.
[2022.10.23-15.23.32:409][  0]LogTextLocalizationManager: Compacting localization data took   0.01ms
[2022.10.23-15.23.32:409][  0]LogAssetRegistry: FAssetRegistry took 0.0021 seconds to start up
[2022.10.23-15.23.32:548][  0]LogPackageLocalizationCache: Processed 27 localized package path(s) for 1 prioritized culture(s) in 0.001032 seconds
[2022.10.23-15.23.32:628][  0]LogInit: Selected Device Profile: [Windows]
[2022.10.23-15.23.32:628][  0]LogInit: Active device profile: [0000027DF7940500][0000027DF5C4B880 49] Windows
[2022.10.23-15.23.32:629][  0]LogInit: Profiles: [0000027DF7940500][0000027DF5C4B880 49] Windows, [0000027DF7933600][0000027DF5C59B40 49] WindowsNoEditor, [0000027DF7930100][0000027DF5C4E240 49] WindowsServer, [0000027DF7943000][0000027DF5C5C4C0 49] WindowsClient, [0000027DF7940200][0000027DF5C64780 49] IOS, [0000027DF791BD00][0000027DF5C68A40 49] iPadAir, [0000027DF7943A00][0000027DF5C6CD00 49] iPadAir2, [0000027DF78D8200][0000027DFAA67240 49] IPadPro, [0000027DF78D3F00][0000027DFAA51280 49] iPadAir3, [0000027DF7931000][0000027DFAA5F540 49] iPadAir4, [0000027DF78D0500][0000027DFAA5B800 49] iPadMini2, [0000027DF7930200][0000027DFAA63AC0 49] iPadMini3, [0000027DF78D1200][0000027DFAA70200 49] iPadMini4, [0000027DF7933800][0000027DF5C60480 49] iPadMini5, [0000027DF7919600][0000027DFAA88980 49] iPhone6, [0000027DF7919700][0000027DFAA749C0 49] iPodTouch6, [0000027DF78D2100][0000027DFAA90F00 49] iPhone7, [0000027DF78D2200][0000027DFAA80F40 49] iPodTouch7, [0000027DF791A600][0000027DFAA85200 49] iPhone5S, [0000027DF78D3100][0000027DFAA7D4C0 49] iPhone6Plus, [0000027DF791BB00][0000027DFAA8D780 49] iPhone6S, [0000027DF78D2B00][0000027DFAA95A40 49] iPhone6SPlus, [0000027DF7918A00][0000027DFAA98180 49] iPhone7Plus, [0000027DF78D2F00][0000027DFAA9C440 49] iPhoneSE, [0000027DF7919000][0000027DFAA786C0 49] iPhone8, [0000027DF78D3C00][0000027DFAAA0940 49] iPhone8Plus, [0000027DF791B200][0000027DFAAA8C00 49] iPhoneX, [0000027DF78D2C00][0000027DFAAACEC0 49] iPhoneXS, [0000027DF791AB00][0000027DFAAB1180 49] iPhoneXSMax, [0000027DF78D2900][0000027DFAAB5440 49] iPhoneXR, [0000027DF791AF00][0000027DFAAB9700 49] iPhone11, [0000027DF78D0A00][0000027DFAABD9C0 49] iPhone11Pro, [0000027DF791BE00][0000027DFAAC0100 49] iPhone11ProMax, [0000027DF78D1400][0000027DFAAC43C0 49] iPhoneSE2, [0000027DF791BF00][0000027DFAAC8680 49] iPhone12Mini, [0000027DF78D3D00][0000027DFAAA4900 49] iPhone12, [0000027DF7919200][0000027DFAACCB80 49] iPhone12Pro, [0000027DF78D3500][0000027DFAAD4E40 49] iPhone12ProMax, [0000027DF7918200][0000027DFAAD9100 49] iPadPro105, [0000027DF78D1A00][0000027DFAADD3C0 49] iPadPro129, [0000027DF7918D00][0000027DFAAE1680 49] iPadPro97, [0000027DF78D0900][0000027DFAAE5940 49] iPadPro2_129, [0000027DF7919A00][0000027DFAAE9C00 49] iPad5, [0000027DF78D1C00][0000027DFAAEC340 49] iPad6, [0000027DF791B900][0000027DFAAF0600 49] iPad7, [0000027DF78D2600][0000027DFAAF48C0 49] iPad8, [0000027DF791B000][0000027DFAAD0B40 49] iPadPro11, [0000027DF78D1500][0000027DFAAF8DC0 49] iPadPro2_11, [0000027DF791A100][0000027DFAB01080 49] iPadPro3_129, [0000027DF78D1D00][0000027DFAB05340 49] iPadPro4_129, [0000027DF791A400][0000027DFAB09600 49] AppleTV, [0000027DF78D2E00][0000027DFAB0D8C0 49] AppleTV4K, [0000027DF7918500][0000027DFAB11B80 49] TVOS, [0000027DF78D3A00][0000027DFAB142C0 49] Mac, [0000027DF791A900][0000027DFAB18580 49] MacClient, [0000027DF78D1700][0000027DFAB1C840 49] MacNoEditor, [0000027DF7919100][0000027DFAB20B00 49] MacServer, [0000027DF78D3B00][0000027DFAAFCD80 49] Linux, [0000027DF7918600][0000027DFAB25000 49] LinuxAArch64, [0000027DF78D0400][0000027DFAB2D2C0 49] LinuxNoEditor, [0000027DF791A200][0000027DFAB31580 49] LinuxAArch64NoEditor, [0000027DF7940100][0000027DFAB35840 49] LinuxClient, [0000027DF78D8700][0000027DFAB39B00 49] LinuxAArch64Client, [0000027DF7941900][0000027DFAB3C240 49] LinuxServer, [0000027DF78D8A00][0000027DFAB40500 49] LinuxAArch64Server, [0000027DF7942D00][0000027DFAB447C0 49] Android, [0000027DF78D9400][0000027DFAB48A80 49] Android_Low, [0000027DF7941100][0000027DFAB4CD40 49] Android_Mid, [0000027DF78D8E00][0000027DFAB28FC0 49] Android_High, [0000027DF7940800][0000027DFAB51240 49] Android_Default, [0000027DF78DA600][0000027DFAB59500 49] Android_Adreno4xx, [0000027DF7941400][0000027DFAB5D7C0 49] Android_Adreno5xx_Low, [0000027DF78DA400][0000027DFAB61A80 49] Android_Adreno5xx, [0000027DF7940700][0000027DFAB641C0 49] Android_Adreno6xx, [0000027DF78DAC00][0000027DFAB68480 49] Android_Adreno6xx_Vulkan, [0000027DF7943B00][0000027DFAB6C740 49] Android_Mali_T6xx, [0000027DF78D8500][0000027DFAB70A00 49] Android_Mali_T7xx, [0000027DF7940300][0000027DFAB74CC0 49] Android_Mali_T8xx, [0000027DF78DB000][0000027DFAB78F80 49] Android_Mali_G71, [0000027DF7942900][0000027DFAB55200 49] Android_Mali_G72, [0000027DF78DA500][0000027DFAB814C0 49] Android_Mali_G72_Vulkan, [0000027DF7941B00][0000027DFAB85780 49] Android_Mali_G76, [0000027DF78DB100][0000027DFAB89A40 49] Android_Mali_G76_Vulkan, [0000027DF7941E00][0000027DFAB8C180 49] Android_Mali_G77, [0000027DF78DBB00][0000027DFAB90440 49] Android_Mali_G77_Vulkan, [0000027DF7943C00][0000027DFAB94700 49] Android_Mali_G78, [0000027DF78DBF00][0000027DFAB989C0 49] Android_Mali_G78_Vulkan, [0000027DF7942400][0000027DFAB9CC80 49] Android_Mali_G710, [0000027DF78D9300][0000027DFABA0F40 49] Android_Mali_G710_Vulkan, [0000027DF7943100][0000027DFAB7D1C0 49] Android_Vulkan_SM5, [0000027DF78D2400][0000027DFABA5440 49] Android_PowerVR_G6xxx, [0000027DF7941D00][0000027DFABAD700 49] Android_PowerVR_GT7xxx, [0000027DF78D0100][0000027DFABB19C0 49] Android_PowerVR_GE8xxx, [0000027DF7943200][0000027DFABB4100 49] Android_PowerVR_GM9xxx, [0000027DF78D0300][0000027DFABB83C0 49] Android_PowerVR_GM9xxx_Vulkan, [0000027DF7943300][0000027DFABBC680 49] Android_TegraK1, [0000027DF78D1600][0000027DFABC0940 49] Android_Unknown_Vulkan, [0000027DF7942000][0000027DFABC4C00 49] Lumin, [0000027DF78D0B00][0000027DFABC8EC0 49] Lumin_Desktop, [0000027DF7940D00][0000027DFABCD180 49] HoloLens, 
[2022.10.23-15.23.32:648][  0]LogMeshReduction: Using QuadricMeshReduction for automatic static mesh reduction
[2022.10.23-15.23.32:649][  0]LogMeshReduction: Using SimplygonMeshReduction for automatic skeletal mesh reduction
[2022.10.23-15.23.32:649][  0]LogMeshReduction: Using ProxyLODMeshReduction for automatic mesh merging
[2022.10.23-15.23.32:649][  0]LogMeshReduction: No distributed automatic mesh merging module available
[2022.10.23-15.23.32:650][  0]LogMeshMerging: No distributed automatic mesh merging module available
[2022.10.23-15.23.32:660][  0]LogNetVersion: fpsgame 1.0.0, NetCL: 17155196, EngineNetVer: 17, GameNetVer: 0 (Checksum: 3215450660)
[2022.10.23-15.23.32:743][  0]LogTexture: Default maximum texture size for cubemaps generated from long-lat sources has been changed from 512 to unlimited. In order to preserve old behaiour for '/Engine/MapTemplates/Sky/DaylightAmbientCubemap.DaylightAmbientCubemap', its maximum texture size has been explicitly set to 512.
[2022.10.23-15.23.32:761][  0]LogHMD: PokeAHoleMaterial loaded successfully
[2022.10.23-15.23.32:820][  0]LogPython: Using Python 3.7.7
[2022.10.23-15.23.33:183][  0]LogNiagaraDebuggerClient: Niagara Debugger Client Initialized | Session: 990D330E4CCC286B9F36938E8444D2CF | Instance: 7EDE2F6249C3B7CB18C46CA95B74D2EF (DESKTOP-QG36584-6876).
[2022.10.23-15.23.33:196][  0]LogCollectionManager: Loaded 0 collections in 0.001740 seconds
[2022.10.23-15.23.33:198][  0]LogFileCache: Scanning file cache for directory 'C:/Users/danie/Documents/Gamedev VR/game/UE4 game/fpsgame/Saved/Collections/' took 0.00s
[2022.10.23-15.23.33:198][  0]LogFileCache: Scanning file cache for directory 'C:/Users/danie/Documents/Gamedev VR/game/UE4 game/fpsgame/Content/Developers/danie/Collections/' took 0.00s
[2022.10.23-15.23.33:199][  0]LogFileCache: Scanning file cache for directory 'C:/Users/danie/Documents/Gamedev VR/game/UE4 game/fpsgame/Content/Collections/' took 0.00s
[2022.10.23-15.23.33:199][  0]LogCollectionManager: Fixed up redirectors for 0 collections in 0.000001 seconds (updated 0 objects)
[2022.10.23-15.23.33:270][  0]LogTcpMessaging: Initializing TcpMessaging bridge
[2022.10.23-15.23.33:272][  0]LogUdpMessaging: Initializing bridge on interface 0.0.0.0:0 to multicast group 230.0.0.1:6666.
[2022.10.23-15.23.33:325][  0]SourceControl: Source control is disabled
[2022.10.23-15.23.33:326][  0]SourceControl: Source control is disabled
[2022.10.23-15.23.33:328][  0]SourceControl: Source control is disabled
[2022.10.23-15.23.33:330][  0]LogUProjectInfo: Found projects:
[2022.10.23-15.23.33:363][  0]LogOpenImageDenoise: OIDN starting up
[2022.10.23-15.23.33:381][  0]LogAndroidPermission: UAndroidPermissionCallbackProxy::GetInstance
[2022.10.23-15.23.33:390][  0]LogAudioCaptureCore: Display: No Audio Capture implementations found. Audio input will be silent.
[2022.10.23-15.23.33:390][  0]LogAudioCaptureCore: Display: No Audio Capture implementations found. Audio input will be silent.
[2022.10.23-15.23.33:434][  0]LogOcInput: OculusInput pre-init called
[2022.10.23-15.23.33:444][  0]LogUObjectArray: 22055 objects as part of root set at end of initial load.
[2022.10.23-15.23.33:444][  0]LogUObjectAllocator: 5974240 out of 0 bytes used by permanent object pool.
[2022.10.23-15.23.33:444][  0]LogUObjectArray: CloseDisregardForGC: 0/0 objects in disregard for GC pool
[2022.10.23-15.23.33:476][  0]LogClass: Display: StructProperty FRewindDataStruct::SnapshotPosition is not initialized properly. Module:fpsgame File:RewindComponent.h
[2022.10.23-15.23.33:476][  0]LogClass: Display: StructProperty FRewindDataStruct::SnapshotRotation is not initialized properly. Module:fpsgame File:RewindComponent.h
[2022.10.23-15.23.33:477][  0]LogClass: Display: StructProperty FRewindDataStruct::SnapshotScale is not initialized properly. Module:fpsgame File:RewindComponent.h
[2022.10.23-15.23.33:477][  0]LogClass: Display: FloatProperty FWeaponStats::MaxRange is not initialized properly. Module:fpsgame File:WeaponActor.h
[2022.10.23-15.23.33:477][  0]LogClass: Display: FloatProperty FWeaponStats::FireRate is not initialized properly. Module:fpsgame File:WeaponActor.h
[2022.10.23-15.23.33:478][  0]LogClass: Display: IntProperty FWeaponStats::CartridgeBullets is not initialized properly. Module:fpsgame File:WeaponActor.h
[2022.10.23-15.23.33:478][  0]LogClass: Display: IntProperty FWeaponStats::BurstNumber is not initialized properly. Module:fpsgame File:WeaponActor.h
[2022.10.23-15.23.33:478][  0]LogClass: Display: FloatProperty FWeaponStats::BurstFireRate is not initialized properly. Module:fpsgame File:WeaponActor.h
[2022.10.23-15.23.33:479][  0]LogClass: Display: IntProperty FWeaponStats::MaxMagSize is not initialized properly. Module:fpsgame File:WeaponActor.h
[2022.10.23-15.23.33:479][  0]LogClass: Display: IntProperty FWeaponStats::MagAmmo is not initialized properly. Module:fpsgame File:WeaponActor.h
[2022.10.23-15.23.33:480][  0]LogClass: Display: FloatProperty FWeaponStats::ProjectileSpeed is not initialized properly. Module:fpsgame File:WeaponActor.h
[2022.10.23-15.23.33:480][  0]LogClass: Display: FloatProperty FWeaponStats::BaseDamageTorso is not initialized properly. Module:fpsgame File:WeaponActor.h
[2022.10.23-15.23.33:480][  0]LogClass: Display: FloatProperty FWeaponStats::BaseDamageHead is not initialized properly. Module:fpsgame File:WeaponActor.h
[2022.10.23-15.23.33:480][  0]LogClass: Display: FloatProperty FWeaponStats::BaseDamageLegs is not initialized properly. Module:fpsgame File:WeaponActor.h
[2022.10.23-15.23.33:481][  0]LogClass: Display: FloatProperty FWeaponStats::BaseHipfireSpreadAngleInDegrees is not initialized properly. Module:fpsgame File:WeaponActor.h
[2022.10.23-15.23.33:481][  0]LogClass: Display: FloatProperty FWeaponStats::BaseMovementSpreadMultiplier is not initialized properly. Module:fpsgame File:WeaponActor.h
[2022.10.23-15.23.33:481][  0]LogClass: Display: EnumProperty FWeaponMetaData::GunModel is not initialized properly. Module:fpsgame File:WeaponActor.h
[2022.10.23-15.23.33:482][  0]LogClass: Display: EnumProperty FWeaponMetaData::WAWeaponType is not initialized properly. Module:fpsgame File:WeaponActor.h
[2022.10.23-15.23.33:482][  0]LogClass: Display: EnumProperty FWeaponMetaData::WAWeaponFireType is not initialized properly. Module:fpsgame File:WeaponActor.h
[2022.10.23-15.23.33:482][  0]LogClass: Display: EnumProperty FWeaponMetaData::WAWeaponHitDetectionType is not initialized properly. Module:fpsgame File:WeaponActor.h
[2022.10.23-15.23.33:483][  0]LogClass: Display: EnumProperty FWeaponMetaData::TypeOfEquip is not initialized properly. Module:fpsgame File:WeaponActor.h
[2022.10.23-15.23.33:483][  0]LogClass: Warning: ObjectProperty FWeaponVisualAssets::GunMesh is not initialized properly. Module:fpsgame File:WeaponActor.h
[2022.10.23-15.23.33:483][  0]LogClass: Warning: ObjectProperty FWeaponVisualAssets::TracerEffect is not initialized properly. Module:fpsgame File:WeaponActor.h
[2022.10.23-15.23.33:484][  0]LogClass: Warning: ObjectProperty FWeaponVisualAssets::MuzzleFlash is not initialized properly. Module:fpsgame File:WeaponActor.h
[2022.10.23-15.23.33:484][  0]LogClass: Display: StructProperty FWeaponPositionalDetails::BasePosition is not initialized properly. Module:fpsgame File:WeaponActor.h
[2022.10.23-15.23.33:484][  0]LogClass: Display: StructProperty FWeaponPositionalDetails::BaseRotation is not initialized properly. Module:fpsgame File:WeaponActor.h
[2022.10.23-15.23.33:484][  0]LogClass: Display: StructProperty FWeaponPositionalDetails::BaseScale is not initialized properly. Module:fpsgame File:WeaponActor.h
[2022.10.23-15.23.33:485][  0]LogClass: Display: StructProperty FWeaponPositionalDetails::TPBaseScale is not initialized properly. Module:fpsgame File:WeaponActor.h
[2022.10.23-15.23.33:485][  0]LogClass: Display: StructProperty FWeaponPositionalDetails::TPBaseRotation is not initialized properly. Module:fpsgame File:WeaponActor.h
[2022.10.23-15.23.33:485][  0]LogClass: Display: StructProperty FWeaponPositionalDetails::TPBasePosition is not initialized properly. Module:fpsgame File:WeaponActor.h
[2022.10.23-15.23.33:486][  0]LogClass: Display: StructProperty FWeaponPositionalDetails::MuzzlePosition is not initialized properly. Module:fpsgame File:WeaponActor.h
[2022.10.23-15.23.33:486][  0]LogClass: Display: 31 Uninitialized script struct members found including 3 object properties
[2022.10.23-15.23.33:487][  0]LogAutomationTest: Warning: ObjectProperty FWeaponVisualAssets::GunMesh is not initialized properly. Module:fpsgame File:WeaponActor.h
[2022.10.23-15.23.33:487][  0]LogAutomationTest: Warning: ObjectProperty FWeaponVisualAssets::TracerEffect is not initialized properly. Module:fpsgame File:WeaponActor.h
[2022.10.23-15.23.33:488][  0]LogAutomationTest: Warning: ObjectProperty FWeaponVisualAssets::MuzzleFlash is not initialized properly. Module:fpsgame File:WeaponActor.h
[2022.10.23-15.23.33:488][  0]LogEngine: Initializing Engine...
[2022.10.23-15.23.33:490][  0]LogStats: UGameplayTagsManager::InitializeManager -  0.000 s
[2022.10.23-15.23.33:505][  0]LogInit: Initializing FReadOnlyCVARCache
[2022.10.23-15.23.33:506][  0]LogNetVersion: Set ProjectVersion to 1.0.0.0. Version Checksum will be recalculated on next use.
[2022.10.23-15.23.33:510][  0]LogInit: Texture streaming: Disabled
[2022.10.23-15.23.33:540][  0]LogInit: Display: Game Engine Initialized.
[2022.10.23-15.23.33:540][  0]LogNiagaraEditor: GEditor isn't valid! Particle reset commands will not work for Niagara components!
[2022.10.23-15.23.33:582][  0]LogInit: Display: Starting Game.
[2022.10.23-15.23.33:582][  0]LogNet: Browse: /Game/Maps/TestMap?Name=Player
[2022.10.23-15.23.33:583][  0]LogLoad: LoadMap: /Game/Maps/TestMap?Name=Player
[2022.10.23-15.23.33:583][  0]LogWorld: BeginTearingDown for /Temp/Untitled_0
[2022.10.23-15.23.33:587][  0]LogWorld: UWorld::CleanupWorld for Untitled, bSessionEnded=true, bCleanupResources=true
[2022.10.23-15.23.33:594][  0]LogUObjectHash: Compacting FUObjectHashTables data took   0.73ms
[2022.10.23-15.23.33:694][  0]LogAIModule: Creating AISystem for world TestMap
[2022.10.23-15.23.33:877][  0]LogLoad: Game class is 'BP_FPSGameModeDefault_C'
[2022.10.23-15.23.33:877][  0]LogNet: PktLoss set to 0
[2022.10.23-15.23.33:878][  0]LogNet: PktLagMin set to 0
[2022.10.23-15.23.33:878][  0]LogNet: PktLagMax set to 0
[2022.10.23-15.23.33:879][  0]LogNet: PktIncomingLagMin set to 0
[2022.10.23-15.23.33:879][  0]LogNet: PktIncomingLagMax set to 0
[2022.10.23-15.23.33:880][  0]LogNet: PktIncomingLoss set to 0
[2022.10.23-15.23.33:880][  0]LogNet: PktLoss set to 0
[2022.10.23-15.23.33:881][  0]LogNet: PktLagMin set to 0
[2022.10.23-15.23.33:881][  0]LogNet: PktLagMax set to 0
[2022.10.23-15.23.33:881][  0]LogNet: PktIncomingLagMin set to 0
[2022.10.23-15.23.33:882][  0]LogNet: PktIncomingLagMax set to 0
[2022.10.23-15.23.33:882][  0]LogNet: PktIncomingLoss set to 0
[2022.10.23-15.23.33:882][  0]LogNet: PktLoss set to 0
[2022.10.23-15.23.33:883][  0]LogNet: PktLagMin set to 0
[2022.10.23-15.23.33:883][  0]LogNet: PktLagMax set to 0
[2022.10.23-15.23.33:883][  0]LogNet: PktIncomingLagMin set to 0
[2022.10.23-15.23.33:883][  0]LogNet: PktIncomingLagMax set to 0
[2022.10.23-15.23.33:884][  0]LogNet: PktIncomingLoss set to 0
[2022.10.23-15.23.33:884][  0]LogNet: ReplicationDriverClass is null! Not using ReplicationDriver.
[2022.10.23-15.23.33:885][  0]LogNetCore: DDoS detection status: detection enabled: 0 analytics enabled: 0
[2022.10.23-15.23.33:885][  0]LogInit: WinSock: Socket queue. Rx: 131072 (config 131072) Tx: 131072 (config 131072)
[2022.10.23-15.23.33:885][  0]LogNet: Created socket for bind address: 0.0.0.0 on port 17777
[2022.10.23-15.23.33:886][  0]PacketHandlerLog: Loaded PacketHandler component: Engine.EngineHandlerComponentFactory (StatelessConnectHandlerComponent)
[2022.10.23-15.23.33:886][  0]LogNet: GameNetDriver IpNetDriver_0 IpNetDriver listening on port 17777
[2022.10.23-15.23.33:888][  0]LogWorld: Bringing World /Game/Maps/TestMap.TestMap up for play (max tick rate 30) at 2022.10.23-16.23.33
[2022.10.23-15.23.33:888][  0]LogWorld: Bringing up level for play took: 0.001161
[2022.10.23-15.23.33:888][  0]LogGameMode: Display: Match State Changed from EnteringMap to WaitingToStart
[2022.10.23-15.23.33:888][  0]LogGameState: Match State Changed from EnteringMap to WaitingToStart
[2022.10.23-15.23.33:889][  0]LogLoad: Took 0.306462 seconds to LoadMap(/Game/Maps/TestMap)
[2022.10.23-15.23.33:894][  0]LogInit: Display: Engine is initialized. Leaving FEngineLoop::Init()
[2022.10.23-15.23.33:894][  0]LogLoad: (Engine Initialization) Total time: 4.66 seconds
[2022.10.23-15.23.33:895][  0]LogLoad: (Engine Initialization) Total Blueprint compile time: 0.00 seconds
[2022.10.23-15.23.34:161][  7]LogNet: NotifyAcceptingConnection accepted from: 127.0.0.1:62225
[2022.10.23-15.23.34:161][  7]LogHandshake: SendConnectChallenge. Timestamp: 0.264932, Cookie: 130201060144087002112013240069042217195155161139043163057242
[2022.10.23-15.23.34:194][  8]LogNet: NotifyAcceptingConnection accepted from: 127.0.0.1:62225
[2022.10.23-15.23.34:194][  8]LogHandshake: SendChallengeAck. InCookie: 130201060144087002112013240069042217195155161139043163057242
[2022.10.23-15.23.34:194][  8]LogNet: Server accepting post-challenge connection from: 127.0.0.1:62225
[2022.10.23-15.23.34:195][  8]PacketHandlerLog: Loaded PacketHandler component: Engine.EngineHandlerComponentFactory (StatelessConnectHandlerComponent)
[2022.10.23-15.23.34:195][  8]LogNet: NotifyAcceptedConnection: Name: TestMap, TimeStamp: 10/23/22 16:23:34, [UNetConnection] RemoteAddr: 127.0.0.1:62225, Name: IpConnection_0, Driver: GameNetDriver IpNetDriver_0, IsServer: YES, PC: NULL, Owner: NULL, UniqueId: INVALID
[2022.10.23-15.23.34:196][  8]LogNet: AddClientConnection: Added client connection: [UNetConnection] RemoteAddr: 127.0.0.1:62225, Name: IpConnection_0, Driver: GameNetDriver IpNetDriver_0, IsServer: YES, PC: NULL, Owner: NULL, UniqueId: INVALID
[2022.10.23-15.23.34:227][  9]LogNet: NotifyAcceptingChannel Control 0 server World /Game/Maps/TestMap.TestMap: Accepted
[2022.10.23-15.23.34:227][  9]LogNet: Remote platform little endian=1
[2022.10.23-15.23.34:228][  9]LogNet: This platform little endian=1
[2022.10.23-15.23.34:228][  9]LogNetVersion: fpsgame 1.0.0.0, NetCL: 17155196, EngineNetVer: 17, GameNetVer: 0 (Checksum: 1484303137)
[2022.10.23-15.23.34:261][ 10]LogNet: Login request: ?PktLagMin=0?PktLagMax=0?PktLoss=0?PktIncomingLagMin=0?PktIncomingLagMax=0?PktIncomingLoss=0?Name=DESKTOP-QG36584-14B9661545CAA19080CF718A6DEEF2DE userId: NULL:DESKTOP-QG36584-14B9661545CAA19080CF718A6DEEF2DE platform: NULL
[2022.10.23-15.23.34:294][ 11]LogNet: Client netspeed is 100000
[2022.10.23-15.23.34:327][ 12]LogNet: Join request: /Engine/Maps/Entry?PktLagMin=0?PktLagMax=0?PktLoss=0?PktIncomingLagMin=0?PktIncomingLagMax=0?PktIncomingLoss=0?Name=DESKTOP-QG36584-14B9661545CAA19080CF718A6DEEF2DE?SplitscreenCount=1
[2022.10.23-15.23.34:327][ 12]LogOnlineSession: Warning: OSS: No game present to join for session (GameSession)
[2022.10.23-15.23.34:329][ 12]LogGameMode: Display: Match State Changed from WaitingToStart to InProgress
[2022.10.23-15.23.34:330][ 12]LogTemp: Warning: Numebr of rewind components = 1
[2022.10.23-15.23.34:331][ 12]LogGameState: Match State Changed from WaitingToStart to InProgress
[2022.10.23-15.23.34:331][ 12]LogNet: Join succeeded: DESKTOP-QG36584-14B9
[2022.10.23-15.23.34:693][ 23]LogNet: NotifyAcceptingConnection accepted from: 127.0.0.1:53036
[2022.10.23-15.23.34:693][ 23]LogHandshake: SendConnectChallenge. Timestamp: 0.797413, Cookie: 175192216202029220173155056029204253112052107037005220131254
[2022.10.23-15.23.34:727][ 24]LogNet: NotifyAcceptingConnection accepted from: 127.0.0.1:53036
[2022.10.23-15.23.34:727][ 24]LogHandshake: SendChallengeAck. InCookie: 175192216202029220173155056029204253112052107037005220131254
[2022.10.23-15.23.34:728][ 24]LogNet: Server accepting post-challenge connection from: 127.0.0.1:53036
[2022.10.23-15.23.34:728][ 24]PacketHandlerLog: Loaded PacketHandler component: Engine.EngineHandlerComponentFactory (StatelessConnectHandlerComponent)
[2022.10.23-15.23.34:729][ 24]LogNet: NotifyAcceptedConnection: Name: TestMap, TimeStamp: 10/23/22 16:23:34, [UNetConnection] RemoteAddr: 127.0.0.1:53036, Name: IpConnection_1, Driver: GameNetDriver IpNetDriver_0, IsServer: YES, PC: NULL, Owner: NULL, UniqueId: INVALID
[2022.10.23-15.23.34:729][ 24]LogNet: AddClientConnection: Added client connection: [UNetConnection] RemoteAddr: 127.0.0.1:53036, Name: IpConnection_1, Driver: GameNetDriver IpNetDriver_0, IsServer: YES, PC: NULL, Owner: NULL, UniqueId: INVALID
[2022.10.23-15.23.34:729][ 24]LogNet: NotifyAcceptingChannel Control 0 server World /Game/Maps/TestMap.TestMap: Accepted
[2022.10.23-15.23.34:729][ 24]LogNet: Remote platform little endian=1
[2022.10.23-15.23.34:730][ 24]LogNet: This platform little endian=1
[2022.10.23-15.23.34:760][ 25]LogNet: Login request: ?Name=DESKTOP-QG36584-0846C3674742BE640E7ACEACEC281912 userId: NULL:DESKTOP-QG36584-0846C3674742BE640E7ACEACEC281912 platform: NULL
[2022.10.23-15.23.34:760][ 25]LogNet: Client netspeed is 100000
[2022.10.23-15.23.35:057][ 34]LogNet: Join request: /Engine/Maps/Entry?Name=DESKTOP-QG36584-0846C3674742BE640E7ACEACEC281912?SplitscreenCount=1
[2022.10.23-15.23.35:057][ 34]LogOnlineSession: Warning: OSS: No game present to join for session (GameSession)
[2022.10.23-15.23.35:059][ 34]LogTemp: Warning: Numebr of rewind components = 2
[2022.10.23-15.23.35:059][ 34]LogNet: Join succeeded: DESKTOP-QG36584-0846
[2022.10.23-15.23.35:820][ 57]LogTemp: Warning: RELIABLE SPRINT RPC CALL
[2022.10.23-15.23.36:316][ 72]LogTemp: Warning: RELIABLE SPRINT RPC CALL
[2022.10.23-15.23.46:478][378]LogTemp: Warning: RELIABLE SPRINT RPC CALL
[2022.10.23-15.23.46:845][389]LogTemp: Warning: RELIABLE SPRINT RPC CALL
[2022.10.23-15.23.48:011][424]LogTemp: Warning: RELIABLE SPRINT RPC CALL
[2022.10.23-15.23.48:445][437]LogTemp: Warning: RELIABLE SPRINT RPC CALL
