Log file open, 10/25/22 17:20:50
LogWindows: Failed to load 'aqProf.dll' (GetLastError=126)
LogWindows: File 'aqProf.dll' does not exist
LogWindows: Failed to load 'VtuneApi.dll' (GetLastError=126)
LogWindows: File 'VtuneApi.dll' does not exist
LogWindows: Failed to load 'VtuneApi32e.dll' (GetLastError=126)
LogWindows: File 'VtuneApi32e.dll' does not exist
LogConsoleResponse: Display: Failed to find resolution value strings in scalability ini. Falling back to default.
LogConsoleResponse: Display: Failed to find resolution value strings in scalability ini. Falling back to default.
LogInit: Display: Running engine for game: fpsgame
LogPlatformFile: Not using cached read wrapper
LogTaskGraph: Started task graph with 5 named threads and 35 total threads with 3 sets of task threads.
LogStats: Stats thread started at 0.221369
LogICUInternationalization: ICU TimeZone Detection - Raw Offset: +0:00, Platform Override: ''
LogInit: Display: Loading text-based GConfig....
LogPluginManager: Mounting plugin MeshPainting
LogPluginManager: Mounting plugin XGEController
LogPluginManager: Mounting plugin Paper2D
LogPluginManager: Mounting plugin LiveLink
LogPluginManager: Mounting plugin EnvironmentQueryEditor
LogPluginManager: Mounting plugin AISupport
LogPluginManager: Mounting plugin LightPropagationVolume
LogPluginManager: Mounting plugin OodleData
LogPluginManager: Mounting plugin OodleNetwork
LogPluginManager: Mounting plugin AnimationSharing
LogPluginManager: Mounting plugin CLionSourceCodeAccess
LogPluginManager: Mounting plugin GitSourceControl
LogPluginManager: Mounting plugin CodeLiteSourceCodeAccess
LogPluginManager: Mounting plugin KDevelopSourceCodeAccess
LogPluginManager: Mounting plugin DatasmithContent
LogPluginManager: Mounting plugin NullSourceCodeAccess
LogPluginManager: Mounting plugin AssetManagerEditor
LogPluginManager: Mounting plugin CryptoKeys
LogPluginManager: Mounting plugin DataValidation
LogPluginManager: Mounting plugin CurveEditorTools
LogPluginManager: Mounting plugin PerforceSourceControl
LogPluginManager: Mounting plugin FacialAnimation
LogPluginManager: Mounting plugin GameplayTagsEditor
LogPluginManager: Mounting plugin PlasticSourceControl
LogPluginManager: Mounting plugin PixWinPlugin
LogPluginManager: Mounting plugin VariantManagerContent
LogPluginManager: Mounting plugin PropertyAccessNode
LogPluginManager: Mounting plugin PluginUtils
LogPluginManager: Mounting plugin RiderSourceCodeAccess
LogPluginManager: Mounting plugin TextureFormatOodle
LogPluginManager: Mounting plugin GeometryMode
LogPluginManager: Mounting plugin SubversionSourceControl
LogPluginManager: Mounting plugin MacGraphicsSwitching
LogPluginManager: Mounting plugin MaterialAnalyzer
LogPluginManager: Mounting plugin MobileLauncherProfileWizard
LogPluginManager: Mounting plugin PluginBrowser
LogPluginManager: Mounting plugin UObjectPlugin
LogPluginManager: Mounting plugin SpeedTreeImporter
LogPluginManager: Mounting plugin VisualStudioCodeSourceCodeAccess
LogPluginManager: Mounting plugin XCodeSourceCodeAccess
LogPluginManager: Mounting plugin AlembicImporter
LogPluginManager: Mounting plugin BackChannel
LogPluginManager: Mounting plugin ChaosCloth
LogPluginManager: Mounting plugin ChaosClothEditor
LogPluginManager: Mounting plugin ChaosEditor
LogPluginManager: Mounting plugin ChaosNiagara
LogPluginManager: Mounting plugin VisualStudioSourceCodeAccess
LogPluginManager: Mounting plugin CharacterAI
LogPluginManager: Mounting plugin ChaosSolverPlugin
LogPluginManager: Mounting plugin AutomationUtils
LogPluginManager: Mounting plugin GeometryCache
LogPluginManager: Mounting plugin GeometryCollectionPlugin
LogPluginManager: Mounting plugin GeometryProcessing
LogPluginManager: Mounting plugin OpenImageDenoise
LogPluginManager: Mounting plugin PlanarCut
LogPluginManager: Mounting plugin PlatformCrypto
LogPluginManager: Mounting plugin PythonScriptPlugin
LogPluginManager: Mounting plugin ProxyLODPlugin
LogPluginManager: Mounting plugin MotoSynth
LogPluginManager: Mounting plugin Niagara
LogPluginManager: Mounting plugin SkeletalReduction
LogPluginManager: Mounting plugin LuminPlatformFeatures
LogPluginManager: Mounting plugin MagicLeap
LogPluginManager: Mounting plugin MagicLeapMedia
LogPluginManager: Mounting plugin MagicLeapPassableWorld
LogPluginManager: Mounting plugin MagicLeapLightEstimation
LogPluginManager: Mounting plugin MLSDK
LogPluginManager: Mounting plugin UdpMessaging
LogPluginManager: Mounting plugin TcpMessaging
LogPluginManager: Mounting plugin AvfMedia
LogPluginManager: Mounting plugin AndroidMedia
LogPluginManager: Mounting plugin ImgMedia
LogPluginManager: Mounting plugin MediaCompositing
LogPluginManager: Mounting plugin MediaPlayerEditor
LogPluginManager: Mounting plugin WebMMedia
LogPluginManager: Mounting plugin WmfMedia
LogPluginManager: Mounting plugin ActorSequence
LogPluginManager: Mounting plugin LevelSequenceEditor
LogPluginManager: Mounting plugin MatineeToLevelSequence
LogPluginManager: Mounting plugin TemplateSequence
LogPluginManager: Mounting plugin OnlineSubsystemNull
LogPluginManager: Mounting plugin OnlineSubsystem
LogPluginManager: Mounting plugin OnlineSubsystemUtils
LogPluginManager: Mounting plugin ActorLayerUtilities
LogPluginManager: Mounting plugin LauncherChunkInstaller
LogPluginManager: Mounting plugin AndroidMoviePlayer
LogPluginManager: Mounting plugin AndroidPermission
LogPluginManager: Mounting plugin AppleImageUtils
LogPluginManager: Mounting plugin AppleMoviePlayer
LogPluginManager: Mounting plugin ArchVisCharacter
LogPluginManager: Mounting plugin AssetTags
LogPluginManager: Mounting plugin AudioCapture
LogPluginManager: Mounting plugin AudioSynesthesia
LogPluginManager: Mounting plugin CableComponent
LogPluginManager: Mounting plugin CustomMeshComponent
LogPluginManager: Mounting plugin ChunkDownloader
LogPluginManager: Mounting plugin AndroidDeviceProfileSelector
LogPluginManager: Mounting plugin EditableMesh
LogPluginManager: Mounting plugin ExampleDeviceProfileSelector
LogPluginManager: Mounting plugin GooglePAD
LogPluginManager: Mounting plugin IOSDeviceProfileSelector
LogPluginManager: Mounting plugin LocationServicesBPLibrary
LogPluginManager: Mounting plugin LinuxDeviceProfileSelector
LogPluginManager: Mounting plugin MobilePatchingUtils
LogPluginManager: Mounting plugin OpenXR
LogPluginManager: Mounting plugin OpenXREyeTracker
LogPluginManager: Mounting plugin OpenXRHandTracking
LogPluginManager: Mounting plugin PhysXVehicles
LogPluginManager: Mounting plugin PostSplashScreen
LogPluginManager: Mounting plugin ProceduralMeshComponent
LogPluginManager: Mounting plugin PropertyAccessEditor
LogPluginManager: Mounting plugin RuntimePhysXCooking
LogPluginManager: Mounting plugin SignificanceManager
LogPluginManager: Mounting plugin SoundFields
LogPluginManager: Mounting plugin GoogleCloudMessaging
LogPluginManager: Mounting plugin Synthesis
LogPluginManager: Mounting plugin WebMMoviePlayer
LogPluginManager: Mounting plugin ScreenshotTools
LogPluginManager: Mounting plugin WindowsMoviePlayer
LogPluginManager: Mounting plugin CameraShakePreviewer
LogPluginManager: Mounting plugin GameplayCameras
LogPluginManager: Mounting plugin Takes
LogPluginManager: Mounting plugin ContentBrowserAssetDataSource
LogPluginManager: Mounting plugin ContentBrowserFileDataSource
LogPluginManager: Mounting plugin ContentBrowserClassDataSource
LogPluginManager: Mounting plugin OnlineSubsystemGooglePlay
LogPluginManager: Mounting plugin OnlineSubsystemIOS
LogPluginManager: Mounting plugin OculusVR
LogPluginManager: Mounting plugin SteamVR
PixWinPlugin: PIX capture plugin failed to initialize! Check that the process is launched from PIX.
LogInit: Using libcurl 7.55.1-DEV
LogInit:  - built for x86_64-pc-win32
LogInit:  - supports SSL with OpenSSL/1.1.1
LogInit:  - supports HTTP deflate (compression) using libz 1.2.8
LogInit:  - other features:
LogInit:      CURL_VERSION_SSL
LogInit:      CURL_VERSION_LIBZ
LogInit:      CURL_VERSION_IPV6
LogInit:      CURL_VERSION_ASYNCHDNS
LogInit:      CURL_VERSION_LARGEFILE
LogInit:      CURL_VERSION_IDN
LogInit:  CurlRequestOptions (configurable via config and command line):
LogInit:  - bVerifyPeer = true  - Libcurl will verify peer certificate
LogInit:  - bUseHttpProxy = false  - Libcurl will NOT use HTTP proxy
LogInit:  - bDontReuseConnections = false  - Libcurl will reuse connections
LogInit:  - MaxHostConnections = 16  - Libcurl will limit the number of connections to a host
LogInit:  - LocalHostAddr = Default
LogInit:  - BufferSize = 65536
LogOnline: OSS: Creating online subsystem instance for: NULL
LogInit: WinSock: version 1.1 (2.2), MaxSocks=32767, MaxUdp=65467
LogOnline: OSS: TryLoadSubsystemAndSetDefault: Loaded subsystem for module [NULL]
LogOculusPluginWrapper: OculusPlugin initialized successfully
LogHMD: Failed initializing OVRPlugin 1.59.0
LogInit: Build: ++UE4+Release-4.27-CL-18319896
LogInit: Engine Version: 4.27.2-18319896+++UE4+Release-4.27
LogInit: Compatible Engine Version: 4.27.0-17155196+++UE4+Release-4.27
LogInit: Net CL: 17155196
LogInit: OS: Windows 10 (Release 2009) (), CPU: AMD Ryzen 5 3600X 6-Core Processor             , GPU: AMD Radeon RX 5700 XT
LogInit: Compiled (64-bit): Nov 30 2021 07:12:08
LogInit: Compiled with Visual C++: 19.24.28315.00
LogInit: Build Configuration: Development
LogInit: Branch Name: ++UE4+Release-4.27
LogInit: Command Line:  127.0.0.1:17777 -game -PIEVIACONSOLE -Multiprocess "GameUserSettingsINI=C:/Users/danie/Documents/Gamedev VR/game/UE4 game/fpsgame/Saved/Config/Windows/PIEGameUserSettings1.ini" -MultiprocessSaveConfig -forcepassthrough -messaging -SessionName="Play in Standalone Game" -PktLagMin=0 -PktLagMax=0 -PktLoss=0 -PktIncomingLagMin=0 -PktIncomingLagMax=0 -PktIncomingLoss=0 -windowed -WinX=0 -WinY=24 SAVEWINPOS=1 -ResX=640 -ResY=480
LogInit: Base Directory: C:/Program Files/Epic Games/UE_4.27/Engine/Binaries/Win64/
LogInit: Allocator: TBB
LogInit: Installed Engine Build: 1
LogDevObjectVersion: Number of dev versions registered: 29
LogDevObjectVersion:   Dev-Blueprints (B0D832E4-1F89-4F0D-ACCF-7EB736FD4AA2): 10
LogDevObjectVersion:   Dev-Build (E1C64328-A22C-4D53-A36C-8E866417BD8C): 0
LogDevObjectVersion:   Dev-Core (375EC13C-06E4-48FB-B500-84F0262A717E): 4
LogDevObjectVersion:   Dev-Editor (E4B068ED-F494-42E9-A231-DA0B2E46BB41): 40
LogDevObjectVersion:   Dev-Framework (CFFC743F-43B0-4480-9391-14DF171D2073): 37
LogDevObjectVersion:   Dev-Mobile (B02B49B5-BB20-44E9-A304-32B752E40360): 3
LogDevObjectVersion:   Dev-Networking (A4E4105C-59A1-49B5-A7C5-40C4547EDFEE): 0
LogDevObjectVersion:   Dev-Online (39C831C9-5AE6-47DC-9A44-9C173E1C8E7C): 0
LogDevObjectVersion:   Dev-Physics (78F01B33-EBEA-4F98-B9B4-84EACCB95AA2): 14
LogDevObjectVersion:   Dev-Platform (6631380F-2D4D-43E0-8009-CF276956A95A): 0
LogDevObjectVersion:   Dev-Rendering (12F88B9F-8875-4AFC-A67C-D90C383ABD29): 45
LogDevObjectVersion:   Dev-Sequencer (7B5AE74C-D270-4C10-A958-57980B212A5A): 13
LogDevObjectVersion:   Dev-VR (D7296918-1DD6-4BDD-9DE2-64A83CC13884): 3
LogDevObjectVersion:   Dev-LoadTimes (C2A15278-BFE7-4AFE-6C17-90FF531DF755): 1
LogDevObjectVersion:   Private-Geometry (6EACA3D4-40EC-4CC1-B786-8BED09428FC5): 3
LogDevObjectVersion:   Dev-AnimPhys (29E575DD-E0A3-4627-9D10-D276232CDCEA): 17
LogDevObjectVersion:   Dev-Anim (AF43A65D-7FD3-4947-9873-3E8ED9C1BB05): 15
LogDevObjectVersion:   Dev-ReflectionCapture (6B266CEC-1EC7-4B8F-A30B-E4D90942FC07): 1
LogDevObjectVersion:   Dev-Automation (0DF73D61-A23F-47EA-B727-89E90C41499A): 1
LogDevObjectVersion:   FortniteMain (601D1886-AC64-4F84-AA16-D3DE0DEAC7D6): 47
LogDevObjectVersion:   FortniteRelease (E7086368-6B23-4C58-8439-1B7016265E91): 1
LogDevObjectVersion:   Dev-Enterprise (9DFFBCD6-494F-0158-E221-12823C92A888): 10
LogDevObjectVersion:   Dev-Niagara (F2AED0AC-9AFE-416F-8664-AA7FFA26D6FC): 1
LogDevObjectVersion:   Dev-Destruction (174F1F0B-B4C6-45A5-B13F-2EE8D0FB917D): 10
LogDevObjectVersion:   Dev-Physics-Ext (35F94A83-E258-406C-A318-09F59610247C): 41
LogDevObjectVersion:   Dev-PhysicsMaterial-Chaos (B68FC16E-8B1B-42E2-B453-215C058844FE): 1
LogDevObjectVersion:   Dev-CineCamera (B2E18506-4273-CFC2-A54E-F4BB758BBA07): 1
LogDevObjectVersion:   Dev-VirtualProduction (64F58936-FD1B-42BA-BA96-7289D5D0FA4E): 1
LogDevObjectVersion:   Dev-MediaFramework (6F0ED827-A609-4895-9C91-998D90180EA4): 2
LogInit: Presizing for max 25165824 objects, including 0 objects not considered by GC, pre-allocating 0 bytes for permanent pool.
LogConfig: Applying CVar settings from Section [/Script/Engine.StreamingSettings] File [C:/Users/danie/Documents/Gamedev VR/game/UE4 game/fpsgame/Saved/Config/Windows/Engine.ini]
LogConfig: Setting CVar [[s.MinBulkDataSizeForAsyncLoading:131072]]
LogConfig: Setting CVar [[s.AsyncLoadingThreadEnabled:0]]
LogConfig: Setting CVar [[s.EventDrivenLoaderEnabled:1]]
LogConfig: Setting CVar [[s.WarnIfTimeLimitExceeded:0]]
LogConfig: Setting CVar [[s.TimeLimitExceededMultiplier:1.5]]
LogConfig: Setting CVar [[s.TimeLimitExceededMinTime:0.005]]
LogConfig: Setting CVar [[s.UseBackgroundLevelStreaming:1]]
LogConfig: Setting CVar [[s.PriorityAsyncLoadingExtraTime:15.0]]
LogConfig: Setting CVar [[s.LevelStreamingActorsUpdateTimeLimit:5.0]]
LogConfig: Setting CVar [[s.PriorityLevelStreamingActorsUpdateExtraTime:5.0]]
LogConfig: Setting CVar [[s.LevelStreamingComponentsRegistrationGranularity:10]]
LogConfig: Setting CVar [[s.UnregisterComponentsTimeLimit:1.0]]
LogConfig: Setting CVar [[s.LevelStreamingComponentsUnregistrationGranularity:5]]
LogConfig: Setting CVar [[s.FlushStreamingOnExit:1]]
LogInit: Object subsystem initialized
LogConfig: Setting CVar [[con.DebugEarlyDefault:1]]
LogConfig: Setting CVar [[r.setres:1280x720]]
[2022.10.25-16.20.50:748][  0]LogConfig: Setting CVar [[con.DebugEarlyDefault:1]]
[2022.10.25-16.20.50:748][  0]LogConfig: Setting CVar [[r.setres:1280x720]]
[2022.10.25-16.20.50:748][  0]LogConfig: Applying CVar settings from Section [/Script/Engine.RendererSettings] File [C:/Users/danie/Documents/Gamedev VR/game/UE4 game/fpsgame/Saved/Config/Windows/Engine.ini]
[2022.10.25-16.20.50:748][  0]LogConfig: Setting CVar [[r.GPUCrashDebugging:0]]
[2022.10.25-16.20.50:748][  0]LogConfig: Setting CVar [[r.Mobile.DisableVertexFog:1]]
[2022.10.25-16.20.50:748][  0]LogConfig: Setting CVar [[r.Shadow.CSM.MaxMobileCascades:2]]
[2022.10.25-16.20.50:748][  0]LogConfig: Setting CVar [[r.MobileMSAA:1]]
[2022.10.25-16.20.50:748][  0]LogConfig: Setting CVar [[r.Mobile.AllowDitheredLODTransition:0]]
[2022.10.25-16.20.50:748][  0]LogConfig: Setting CVar [[r.Mobile.AllowSoftwareOcclusion:0]]
[2022.10.25-16.20.50:748][  0]LogConfig: Setting CVar [[r.Mobile.VirtualTextures:0]]
[2022.10.25-16.20.50:748][  0]LogConfig: Setting CVar [[r.DiscardUnusedQuality:0]]
[2022.10.25-16.20.50:748][  0]LogConfig: Setting CVar [[r.AllowOcclusionQueries:1]]
[2022.10.25-16.20.50:748][  0]LogConfig: Setting CVar [[r.MinScreenRadiusForLights:0.030000]]
[2022.10.25-16.20.50:748][  0]LogConfig: Setting CVar [[r.MinScreenRadiusForDepthPrepass:0.030000]]
[2022.10.25-16.20.50:748][  0]LogConfig: Setting CVar [[r.MinScreenRadiusForCSMDepth:0.010000]]
[2022.10.25-16.20.50:748][  0]LogConfig: Setting CVar [[r.PrecomputedVisibilityWarning:0]]
[2022.10.25-16.20.50:748][  0]LogConfig: Setting CVar [[r.TextureStreaming:1]]
[2022.10.25-16.20.50:748][  0]LogConfig: Setting CVar [[Compat.UseDXT5NormalMaps:0]]
[2022.10.25-16.20.50:748][  0]LogConfig: Setting CVar [[r.VirtualTextures:0]]
[2022.10.25-16.20.50:748][  0]LogConfig: Setting CVar [[r.VT.EnableAutoImport:1]]
[2022.10.25-16.20.50:748][  0]LogConfig: Setting CVar [[r.VirtualTexturedLightmaps:0]]
[2022.10.25-16.20.50:748][  0]LogConfig: Setting CVar [[r.VT.TileSize:128]]
[2022.10.25-16.20.50:748][  0]LogConfig: Setting CVar [[r.VT.TileBorderSize:4]]
[2022.10.25-16.20.50:748][  0]LogConfig: Setting CVar [[r.vt.FeedbackFactor:16]]
[2022.10.25-16.20.50:748][  0]LogConfig: Setting CVar [[r.VT.EnableCompressZlib:1]]
[2022.10.25-16.20.50:748][  0]LogConfig: Setting CVar [[r.VT.EnableCompressCrunch:0]]
[2022.10.25-16.20.50:748][  0]LogConfig: Setting CVar [[r.ClearCoatNormal:0]]
[2022.10.25-16.20.50:748][  0]LogConfig: Setting CVar [[r.ReflectionCaptureResolution:128]]
[2022.10.25-16.20.50:748][  0]LogConfig: Setting CVar [[r.Mobile.ReflectionCaptureCompression:0]]
[2022.10.25-16.20.50:748][  0]LogConfig: Setting CVar [[r.ReflectionEnvironmentLightmapMixBasedOnRoughness:1]]
[2022.10.25-16.20.50:748][  0]LogConfig: Setting CVar [[r.ForwardShading:0]]
[2022.10.25-16.20.50:748][  0]LogConfig: Setting CVar [[r.VertexFoggingForOpaque:1]]
[2022.10.25-16.20.50:748][  0]LogConfig: Setting CVar [[r.AllowStaticLighting:1]]
[2022.10.25-16.20.50:748][  0]LogConfig: Setting CVar [[r.NormalMapsForStaticLighting:0]]
[2022.10.25-16.20.50:748][  0]LogConfig: Setting CVar [[r.GenerateMeshDistanceFields:0]]
[2022.10.25-16.20.50:748][  0]LogConfig: Setting CVar [[r.DistanceFieldBuild.EightBit:0]]
[2022.10.25-16.20.50:748][  0]LogConfig: Setting CVar [[r.GenerateLandscapeGIData:0]]
[2022.10.25-16.20.50:748][  0]LogConfig: Setting CVar [[r.DistanceFieldBuild.Compress:0]]
[2022.10.25-16.20.50:748][  0]LogConfig: Setting CVar [[r.TessellationAdaptivePixelsPerTriangle:48.000000]]
[2022.10.25-16.20.50:748][  0]LogConfig: Setting CVar [[r.SeparateTranslucency:1]]
[2022.10.25-16.20.50:748][  0]LogConfig: Setting CVar [[r.TranslucentSortPolicy:0]]
[2022.10.25-16.20.50:748][  0]LogConfig: Setting CVar [[vr.VRS.HMDFixedFoveationLevel:0]]
[2022.10.25-16.20.50:748][  0]LogConfig: Setting CVar [[r.CustomDepth:1]]
[2022.10.25-16.20.50:748][  0]LogConfig: Setting CVar [[r.CustomDepthTemporalAAJitter:1]]
[2022.10.25-16.20.50:748][  0]LogConfig: Setting CVar [[r.PostProcessing.PropagateAlpha:0]]
[2022.10.25-16.20.50:748][  0]LogConfig: Setting CVar [[r.DefaultFeature.Bloom:1]]
[2022.10.25-16.20.50:748][  0]LogConfig: Setting CVar [[r.DefaultFeature.AmbientOcclusion:1]]
[2022.10.25-16.20.50:748][  0]LogConfig: Setting CVar [[r.DefaultFeature.AmbientOcclusionStaticFraction:1]]
[2022.10.25-16.20.50:748][  0]LogConfig: Setting CVar [[r.DefaultFeature.AutoExposure:0]]
[2022.10.25-16.20.50:748][  0]LogConfig: Setting CVar [[r.DefaultFeature.AutoExposure.Method:0]]
[2022.10.25-16.20.50:748][  0]LogConfig: Setting CVar [[r.DefaultFeature.AutoExposure.Bias:1.000000]]
[2022.10.25-16.20.50:748][  0]LogConfig: Setting CVar [[r.DefaultFeature.AutoExposure.ExtendDefaultLuminanceRange:0]]
[2022.10.25-16.20.50:748][  0]LogConfig: Setting CVar [[r.UsePreExposure:1]]
[2022.10.25-16.20.50:748][  0]LogConfig: Setting CVar [[r.EyeAdaptation.EditorOnly:0]]
[2022.10.25-16.20.50:748][  0]LogConfig: Setting CVar [[r.DefaultFeature.MotionBlur:0]]
[2022.10.25-16.20.50:748][  0]LogConfig: Setting CVar [[r.DefaultFeature.LensFlare:0]]
[2022.10.25-16.20.50:748][  0]LogConfig: Setting CVar [[r.TemporalAA.Upsampling:0]]
[2022.10.25-16.20.50:748][  0]LogConfig: Setting CVar [[r.SSGI.Enable:0]]
[2022.10.25-16.20.50:748][  0]LogConfig: Setting CVar [[r.DefaultFeature.AntiAliasing:0]]
[2022.10.25-16.20.50:748][  0]LogConfig: Setting CVar [[r.DefaultFeature.LightUnits:1]]
[2022.10.25-16.20.50:748][  0]LogConfig: Setting CVar [[r.DefaultBackBufferPixelFormat:4]]
[2022.10.25-16.20.50:748][  0]LogConfig: Setting CVar [[r.Shadow.UnbuiltPreviewInGame:1]]
[2022.10.25-16.20.50:748][  0]LogConfig: Setting CVar [[r.StencilForLODDither:0]]
[2022.10.25-16.20.50:749][  0]LogConfig: Setting CVar [[r.EarlyZPass:3]]
[2022.10.25-16.20.50:749][  0]LogConfig: Setting CVar [[r.EarlyZPassOnlyMaterialMasking:0]]
[2022.10.25-16.20.50:749][  0]LogConfig: Setting CVar [[r.DBuffer:1]]
[2022.10.25-16.20.50:749][  0]LogConfig: Setting CVar [[r.ClearSceneMethod:1]]
[2022.10.25-16.20.50:749][  0]LogConfig: Setting CVar [[r.BasePassOutputsVelocity:0]]
[2022.10.25-16.20.50:749][  0]LogConfig: Setting CVar [[r.VertexDeformationOutputsVelocity:0]]
[2022.10.25-16.20.50:749][  0]LogConfig: Setting CVar [[r.SelectiveBasePassOutputs:0]]
[2022.10.25-16.20.50:749][  0]LogConfig: Setting CVar [[fx.GPUSimulationTextureSizeX:1024]]
[2022.10.25-16.20.50:749][  0]LogConfig: Setting CVar [[fx.GPUSimulationTextureSizeY:1024]]
[2022.10.25-16.20.50:749][  0]LogConfig: Setting CVar [[r.AllowGlobalClipPlane:0]]
[2022.10.25-16.20.50:749][  0]LogConfig: Setting CVar [[r.GBufferFormat:1]]
[2022.10.25-16.20.50:749][  0]LogConfig: Setting CVar [[r.MorphTarget.Mode:1]]
[2022.10.25-16.20.50:749][  0]LogConfig: Setting CVar [[vr.InstancedStereo:0]]
[2022.10.25-16.20.50:749][  0]LogConfig: Setting CVar [[r.MobileHDR:1]]
[2022.10.25-16.20.50:749][  0]LogConfig: Setting CVar [[vr.MobileMultiView:0]]
[2022.10.25-16.20.50:749][  0]LogConfig: Setting CVar [[r.Mobile.UseHWsRGBEncoding:0]]
[2022.10.25-16.20.50:749][  0]LogConfig: Setting CVar [[vr.RoundRobinOcclusion:0]]
[2022.10.25-16.20.50:749][  0]LogConfig: Setting CVar [[vr.ODSCapture:0]]
[2022.10.25-16.20.50:749][  0]LogConfig: Setting CVar [[r.MeshStreaming:0]]
[2022.10.25-16.20.50:749][  0]LogConfig: Setting CVar [[r.WireframeCullThreshold:5.000000]]
[2022.10.25-16.20.50:749][  0]LogConfig: Setting CVar [[r.RayTracing:0]]
[2022.10.25-16.20.50:749][  0]LogConfig: Setting CVar [[r.RayTracing.UseTextureLod:0]]
[2022.10.25-16.20.50:749][  0]LogConfig: Setting CVar [[r.SupportStationarySkylight:1]]
[2022.10.25-16.20.50:749][  0]LogConfig: Setting CVar [[r.SupportLowQualityLightmaps:1]]
[2022.10.25-16.20.50:749][  0]LogConfig: Setting CVar [[r.SupportPointLightWholeSceneShadows:1]]
[2022.10.25-16.20.50:749][  0]LogConfig: Setting CVar [[r.SupportAtmosphericFog:1]]
[2022.10.25-16.20.50:749][  0]LogConfig: Setting CVar [[r.SupportSkyAtmosphere:1]]
[2022.10.25-16.20.50:749][  0]LogConfig: Setting CVar [[r.SupportSkyAtmosphereAffectsHeightFog:0]]
[2022.10.25-16.20.50:749][  0]LogConfig: Setting CVar [[r.SkinCache.CompileShaders:0]]
[2022.10.25-16.20.50:749][  0]LogConfig: Setting CVar [[r.SkinCache.DefaultBehavior:1]]
[2022.10.25-16.20.50:749][  0]LogConfig: Setting CVar [[r.SkinCache.SceneMemoryLimitInMB:128.000000]]
[2022.10.25-16.20.50:749][  0]LogConfig: Setting CVar [[r.Mobile.EnableStaticAndCSMShadowReceivers:1]]
[2022.10.25-16.20.50:749][  0]LogConfig: Setting CVar [[r.Mobile.EnableMovableLightCSMShaderCulling:1]]
[2022.10.25-16.20.50:749][  0]LogConfig: Setting CVar [[r.Mobile.AllowDistanceFieldShadows:1]]
[2022.10.25-16.20.50:749][  0]LogConfig: Setting CVar [[r.Mobile.AllowMovableDirectionalLights:1]]
[2022.10.25-16.20.50:749][  0]LogConfig: Setting CVar [[r.MobileNumDynamicPointLights:4]]
[2022.10.25-16.20.50:749][  0]LogConfig: Setting CVar [[r.MobileDynamicPointLightsUseStaticBranch:1]]
[2022.10.25-16.20.50:749][  0]LogConfig: Setting CVar [[r.Mobile.EnableMovableSpotlights:0]]
[2022.10.25-16.20.50:749][  0]LogConfig: Setting CVar [[r.Mobile.EnableMovableSpotlightsShadow:0]]
[2022.10.25-16.20.50:749][  0]LogConfig: Setting CVar [[r.GPUSkin.Support16BitBoneIndex:0]]
[2022.10.25-16.20.50:749][  0]LogConfig: Setting CVar [[r.GPUSkin.Limit2BoneInfluences:0]]
[2022.10.25-16.20.50:749][  0]LogConfig: Setting CVar [[r.SupportDepthOnlyIndexBuffers:1]]
[2022.10.25-16.20.50:749][  0]LogConfig: Setting CVar [[r.SupportReversedIndexBuffers:1]]
[2022.10.25-16.20.50:749][  0]LogConfig: Setting CVar [[r.LightPropagationVolume:0]]
[2022.10.25-16.20.50:749][  0]LogConfig: Setting CVar [[r.Mobile.AmbientOcclusion:0]]
[2022.10.25-16.20.50:749][  0]LogConfig: Setting CVar [[r.GPUSkin.UnlimitedBoneInfluences:0]]
[2022.10.25-16.20.50:749][  0]LogConfig: Setting CVar [[r.GPUSkin.UnlimitedBoneInfluencesThreshold:8]]
[2022.10.25-16.20.50:749][  0]LogConfig: Setting CVar [[r.Mobile.PlanarReflectionMode:0]]
[2022.10.25-16.20.50:749][  0]LogConfig: Setting CVar [[r.Mobile.SupportsGen4TAA:0]]
[2022.10.25-16.20.50:749][  0]LogConfig: Applying CVar settings from Section [/Script/Engine.RendererOverrideSettings] File [C:/Users/danie/Documents/Gamedev VR/game/UE4 game/fpsgame/Saved/Config/Windows/Engine.ini]
[2022.10.25-16.20.50:749][  0]LogConfig: Applying CVar settings from Section [/Script/Engine.StreamingSettings] File [C:/Users/danie/Documents/Gamedev VR/game/UE4 game/fpsgame/Saved/Config/Windows/Engine.ini]
[2022.10.25-16.20.50:749][  0]LogConfig: Setting CVar [[s.MinBulkDataSizeForAsyncLoading:131072]]
[2022.10.25-16.20.50:749][  0]LogConfig: Setting CVar [[s.AsyncLoadingThreadEnabled:0]]
[2022.10.25-16.20.50:749][  0]LogConfig: Setting CVar [[s.EventDrivenLoaderEnabled:1]]
[2022.10.25-16.20.50:749][  0]LogConfig: Setting CVar [[s.WarnIfTimeLimitExceeded:0]]
[2022.10.25-16.20.50:749][  0]LogConfig: Setting CVar [[s.TimeLimitExceededMultiplier:1.5]]
[2022.10.25-16.20.50:749][  0]LogConfig: Setting CVar [[s.TimeLimitExceededMinTime:0.005]]
[2022.10.25-16.20.50:749][  0]LogConfig: Setting CVar [[s.UseBackgroundLevelStreaming:1]]
[2022.10.25-16.20.50:749][  0]LogConfig: Setting CVar [[s.PriorityAsyncLoadingExtraTime:15.0]]
[2022.10.25-16.20.50:749][  0]LogConfig: Setting CVar [[s.LevelStreamingActorsUpdateTimeLimit:5.0]]
[2022.10.25-16.20.50:749][  0]LogConfig: Setting CVar [[s.PriorityLevelStreamingActorsUpdateExtraTime:5.0]]
[2022.10.25-16.20.50:749][  0]LogConfig: Setting CVar [[s.LevelStreamingComponentsRegistrationGranularity:10]]
[2022.10.25-16.20.50:749][  0]LogConfig: Setting CVar [[s.UnregisterComponentsTimeLimit:1.0]]
[2022.10.25-16.20.50:749][  0]LogConfig: Setting CVar [[s.LevelStreamingComponentsUnregistrationGranularity:5]]
[2022.10.25-16.20.50:749][  0]LogConfig: Setting CVar [[s.FlushStreamingOnExit:1]]
[2022.10.25-16.20.50:749][  0]LogConfig: Applying CVar settings from Section [/Script/Engine.GarbageCollectionSettings] File [C:/Users/danie/Documents/Gamedev VR/game/UE4 game/fpsgame/Saved/Config/Windows/Engine.ini]
[2022.10.25-16.20.50:749][  0]LogConfig: Setting CVar [[gc.MaxObjectsNotConsideredByGC:1]]
[2022.10.25-16.20.50:749][  0]LogConfig: Setting CVar [[gc.SizeOfPermanentObjectPool:0]]
[2022.10.25-16.20.50:749][  0]LogConfig: Setting CVar [[gc.FlushStreamingOnGC:0]]
[2022.10.25-16.20.50:749][  0]LogConfig: Setting CVar [[gc.NumRetriesBeforeForcingGC:10]]
[2022.10.25-16.20.50:749][  0]LogConfig: Setting CVar [[gc.AllowParallelGC:1]]
[2022.10.25-16.20.50:749][  0]LogConfig: Setting CVar [[gc.TimeBetweenPurgingPendingKillObjects:61.1]]
[2022.10.25-16.20.50:749][  0]LogConfig: Setting CVar [[gc.MaxObjectsInEditor:25165824]]
[2022.10.25-16.20.50:749][  0]LogConfig: Setting CVar [[gc.IncrementalBeginDestroyEnabled:1]]
[2022.10.25-16.20.50:749][  0]LogConfig: Setting CVar [[gc.CreateGCClusters:1]]
[2022.10.25-16.20.50:749][  0]LogConfig: Setting CVar [[gc.MinGCClusterSize:5]]
[2022.10.25-16.20.50:749][  0]LogConfig: Setting CVar [[gc.ActorClusteringEnabled:0]]
[2022.10.25-16.20.50:749][  0]LogConfig: Setting CVar [[gc.BlueprintClusteringEnabled:0]]
[2022.10.25-16.20.50:749][  0]LogConfig: Setting CVar [[gc.UseDisregardForGCOnDedicatedServers:0]]
[2022.10.25-16.20.50:749][  0]LogConfig: Setting CVar [[gc.MultithreadedDestructionEnabled:1]]
[2022.10.25-16.20.50:749][  0]LogConfig: Applying CVar settings from Section [/Script/Engine.NetworkSettings] File [C:/Users/danie/Documents/Gamedev VR/game/UE4 game/fpsgame/Saved/Config/Windows/Engine.ini]
[2022.10.25-16.20.50:749][  0]LogConfig: Applying CVar settings from Section [/Script/UnrealEd.CookerSettings] File [C:/Users/danie/Documents/Gamedev VR/game/UE4 game/fpsgame/Saved/Config/Windows/Engine.ini]
[2022.10.25-16.20.50:761][  0]LogConfig: Applying CVar settings from Section [ViewDistanceQuality@3] File [C:/Users/danie/Documents/Gamedev VR/game/UE4 game/fpsgame/Saved/Config/Windows/Scalability.ini]
[2022.10.25-16.20.50:761][  0]LogConfig: Setting CVar [[r.SkeletalMeshLODBias:0]]
[2022.10.25-16.20.50:761][  0]LogConfig: Setting CVar [[r.ViewDistanceScale:1.0]]
[2022.10.25-16.20.50:761][  0]LogConfig: Applying CVar settings from Section [AntiAliasingQuality@3] File [C:/Users/danie/Documents/Gamedev VR/game/UE4 game/fpsgame/Saved/Config/Windows/Scalability.ini]
[2022.10.25-16.20.50:761][  0]LogConfig: Setting CVar [[r.PostProcessAAQuality:4]]
[2022.10.25-16.20.50:761][  0]LogConfig: Applying CVar settings from Section [ShadowQuality@3] File [C:/Users/danie/Documents/Gamedev VR/game/UE4 game/fpsgame/Saved/Config/Windows/Scalability.ini]
[2022.10.25-16.20.50:761][  0]LogConfig: Setting CVar [[r.LightFunctionQuality:1]]
[2022.10.25-16.20.50:761][  0]LogConfig: Setting CVar [[r.ShadowQuality:5]]
[2022.10.25-16.20.50:761][  0]LogConfig: Setting CVar [[r.Shadow.CSM.MaxCascades:10]]
[2022.10.25-16.20.50:761][  0]LogConfig: Setting CVar [[r.Shadow.MaxResolution:2048]]
[2022.10.25-16.20.50:761][  0]LogConfig: Setting CVar [[r.Shadow.MaxCSMResolution:2048]]
[2022.10.25-16.20.50:761][  0]LogConfig: Setting CVar [[r.Shadow.RadiusThreshold:0.01]]
[2022.10.25-16.20.50:761][  0]LogConfig: Setting CVar [[r.Shadow.DistanceScale:1.0]]
[2022.10.25-16.20.50:761][  0]LogConfig: Setting CVar [[r.Shadow.CSM.TransitionScale:1.0]]
[2022.10.25-16.20.50:761][  0]LogConfig: Setting CVar [[r.Shadow.PreShadowResolutionFactor:1.0]]
[2022.10.25-16.20.50:761][  0]LogConfig: Setting CVar [[r.DistanceFieldShadowing:1]]
[2022.10.25-16.20.50:761][  0]LogConfig: Setting CVar [[r.DistanceFieldAO:1]]
[2022.10.25-16.20.50:761][  0]LogConfig: Setting CVar [[r.AOQuality:2]]
[2022.10.25-16.20.50:761][  0]LogConfig: Setting CVar [[r.VolumetricFog:1]]
[2022.10.25-16.20.50:761][  0]LogConfig: Setting CVar [[r.VolumetricFog.GridPixelSize:8]]
[2022.10.25-16.20.50:761][  0]LogConfig: Setting CVar [[r.VolumetricFog.GridSizeZ:128]]
[2022.10.25-16.20.50:761][  0]LogConfig: Setting CVar [[r.VolumetricFog.HistoryMissSupersampleCount:4]]
[2022.10.25-16.20.50:761][  0]LogConfig: Setting CVar [[r.LightMaxDrawDistanceScale:1]]
[2022.10.25-16.20.50:761][  0]LogConfig: Setting CVar [[r.CapsuleShadows:1]]
[2022.10.25-16.20.50:761][  0]LogConfig: Applying CVar settings from Section [PostProcessQuality@3] File [C:/Users/danie/Documents/Gamedev VR/game/UE4 game/fpsgame/Saved/Config/Windows/Scalability.ini]
[2022.10.25-16.20.50:761][  0]LogConfig: Setting CVar [[r.MotionBlurQuality:4]]
[2022.10.25-16.20.50:761][  0]LogConfig: Setting CVar [[r.AmbientOcclusionMipLevelFactor:0.4]]
[2022.10.25-16.20.50:761][  0]LogConfig: Setting CVar [[r.AmbientOcclusionMaxQuality:100]]
[2022.10.25-16.20.50:761][  0]LogConfig: Setting CVar [[r.AmbientOcclusionLevels:-1]]
[2022.10.25-16.20.50:761][  0]LogConfig: Setting CVar [[r.AmbientOcclusionRadiusScale:1.0]]
[2022.10.25-16.20.50:761][  0]LogConfig: Setting CVar [[r.DepthOfFieldQuality:2]]
[2022.10.25-16.20.50:761][  0]LogConfig: Setting CVar [[r.RenderTargetPoolMin:400]]
[2022.10.25-16.20.50:761][  0]LogConfig: Setting CVar [[r.LensFlareQuality:2]]
[2022.10.25-16.20.50:761][  0]LogConfig: Setting CVar [[r.SceneColorFringeQuality:1]]
[2022.10.25-16.20.50:761][  0]LogConfig: Setting CVar [[r.EyeAdaptationQuality:2]]
[2022.10.25-16.20.50:761][  0]LogConfig: Setting CVar [[r.BloomQuality:5]]
[2022.10.25-16.20.50:761][  0]LogConfig: Setting CVar [[r.FastBlurThreshold:100]]
[2022.10.25-16.20.50:761][  0]LogConfig: Setting CVar [[r.Upscale.Quality:3]]
[2022.10.25-16.20.50:761][  0]LogConfig: Setting CVar [[r.Tonemapper.GrainQuantization:1]]
[2022.10.25-16.20.50:761][  0]LogConfig: Setting CVar [[r.LightShaftQuality:1]]
[2022.10.25-16.20.50:761][  0]LogConfig: Setting CVar [[r.Filter.SizeScale:1]]
[2022.10.25-16.20.50:761][  0]LogConfig: Setting CVar [[r.Tonemapper.Quality:5]]
[2022.10.25-16.20.50:761][  0]LogConfig: Setting CVar [[r.DOF.Gather.AccumulatorQuality:1        ; higher gathering accumulator quality]]
[2022.10.25-16.20.50:761][  0]LogConfig: Setting CVar [[r.DOF.Gather.PostfilterMethod:1          ; Median3x3 postfilering method]]
[2022.10.25-16.20.50:761][  0]LogConfig: Setting CVar [[r.DOF.Gather.EnableBokehSettings:0       ; no bokeh simulation when gathering]]
[2022.10.25-16.20.50:761][  0]LogConfig: Setting CVar [[r.DOF.Gather.RingCount:4                 ; medium number of samples when gathering]]
[2022.10.25-16.20.50:761][  0]LogConfig: Setting CVar [[r.DOF.Scatter.ForegroundCompositing:1    ; additive foreground scattering]]
[2022.10.25-16.20.50:761][  0]LogConfig: Setting CVar [[r.DOF.Scatter.BackgroundCompositing:2    ; additive background scattering]]
[2022.10.25-16.20.50:761][  0]LogConfig: Setting CVar [[r.DOF.Scatter.EnableBokehSettings:1      ; bokeh simulation when scattering]]
[2022.10.25-16.20.50:761][  0]LogConfig: Setting CVar [[r.DOF.Scatter.MaxSpriteRatio:0.1         ; only a maximum of 10% of scattered bokeh]]
[2022.10.25-16.20.50:761][  0]LogConfig: Setting CVar [[r.DOF.Recombine.Quality:1                ; cheap slight out of focus]]
[2022.10.25-16.20.50:761][  0]LogConfig: Setting CVar [[r.DOF.Recombine.EnableBokehSettings:0    ; no bokeh simulation on slight out of focus]]
[2022.10.25-16.20.50:761][  0]LogConfig: Setting CVar [[r.DOF.TemporalAAQuality:1                ; more stable temporal accumulation]]
[2022.10.25-16.20.50:761][  0]LogConfig: Setting CVar [[r.DOF.Kernel.MaxForegroundRadius:0.025]]
[2022.10.25-16.20.50:761][  0]LogConfig: Setting CVar [[r.DOF.Kernel.MaxBackgroundRadius:0.025]]
[2022.10.25-16.20.50:761][  0]LogConfig: Applying CVar settings from Section [TextureQuality@3] File [C:/Users/danie/Documents/Gamedev VR/game/UE4 game/fpsgame/Saved/Config/Windows/Scalability.ini]
[2022.10.25-16.20.50:761][  0]LogConfig: Setting CVar [[r.Streaming.MipBias:0]]
[2022.10.25-16.20.50:761][  0]LogConfig: Setting CVar [[r.Streaming.AmortizeCPUToGPUCopy:0]]
[2022.10.25-16.20.50:761][  0]LogConfig: Setting CVar [[r.Streaming.MaxNumTexturesToStreamPerFrame:0]]
[2022.10.25-16.20.50:761][  0]LogConfig: Setting CVar [[r.Streaming.Boost:1]]
[2022.10.25-16.20.50:761][  0]LogConfig: Setting CVar [[r.MaxAnisotropy:8]]
[2022.10.25-16.20.50:761][  0]LogConfig: Setting CVar [[r.VT.MaxAnisotropy:8]]
[2022.10.25-16.20.50:761][  0]LogConfig: Setting CVar [[r.Streaming.LimitPoolSizeToVRAM:0]]
[2022.10.25-16.20.50:761][  0]LogConfig: Setting CVar [[r.Streaming.PoolSize:1000]]
[2022.10.25-16.20.50:761][  0]LogConfig: Setting CVar [[r.Streaming.MaxEffectiveScreenSize:0]]
[2022.10.25-16.20.50:761][  0]LogConfig: Applying CVar settings from Section [EffectsQuality@3] File [C:/Users/danie/Documents/Gamedev VR/game/UE4 game/fpsgame/Saved/Config/Windows/Scalability.ini]
[2022.10.25-16.20.50:761][  0]LogConfig: Setting CVar [[r.TranslucencyLightingVolumeDim:64]]
[2022.10.25-16.20.50:761][  0]LogConfig: Setting CVar [[r.RefractionQuality:2]]
[2022.10.25-16.20.50:761][  0]LogConfig: Setting CVar [[r.SSR.Quality:3]]
[2022.10.25-16.20.50:761][  0]LogConfig: Setting CVar [[r.SSR.HalfResSceneColor:0]]
[2022.10.25-16.20.50:761][  0]LogConfig: Setting CVar [[r.SceneColorFormat:4]]
[2022.10.25-16.20.50:761][  0]LogConfig: Setting CVar [[r.DetailMode:2]]
[2022.10.25-16.20.50:762][  0]LogConfig: Setting CVar [[r.TranslucencyVolumeBlur:1]]
[2022.10.25-16.20.50:762][  0]LogConfig: Setting CVar [[r.MaterialQualityLevel:1 ; High quality]]
[2022.10.25-16.20.50:762][  0]LogConfig: Setting CVar [[r.AnisotropicMaterials:1]]
[2022.10.25-16.20.50:762][  0]LogConfig: Setting CVar [[r.SSS.Scale:1]]
[2022.10.25-16.20.50:762][  0]LogConfig: Setting CVar [[r.SSS.SampleSet:2]]
[2022.10.25-16.20.50:762][  0]LogConfig: Setting CVar [[r.SSS.Quality:1]]
[2022.10.25-16.20.50:762][  0]LogConfig: Setting CVar [[r.SSS.HalfRes:0]]
[2022.10.25-16.20.50:762][  0]LogConfig: Setting CVar [[r.SSGI.Quality:3]]
[2022.10.25-16.20.50:762][  0]LogConfig: Setting CVar [[r.EmitterSpawnRateScale:1.0]]
[2022.10.25-16.20.50:762][  0]LogConfig: Setting CVar [[r.ParticleLightQuality:2]]
[2022.10.25-16.20.50:762][  0]LogConfig: Setting CVar [[r.SkyAtmosphere.AerialPerspectiveLUT.FastApplyOnOpaque:1 ; Always have FastSkyLUT 1 in this case to avoid wrong sky]]
[2022.10.25-16.20.50:762][  0]LogConfig: Setting CVar [[r.SkyAtmosphere.AerialPerspectiveLUT.SampleCountMaxPerSlice:4]]
[2022.10.25-16.20.50:762][  0]LogConfig: Setting CVar [[r.SkyAtmosphere.AerialPerspectiveLUT.DepthResolution:16.0]]
[2022.10.25-16.20.50:762][  0]LogConfig: Setting CVar [[r.SkyAtmosphere.FastSkyLUT:1]]
[2022.10.25-16.20.50:762][  0]LogConfig: Setting CVar [[r.SkyAtmosphere.FastSkyLUT.SampleCountMin:4.0]]
[2022.10.25-16.20.50:762][  0]LogConfig: Setting CVar [[r.SkyAtmosphere.FastSkyLUT.SampleCountMax:128.0]]
[2022.10.25-16.20.50:762][  0]LogConfig: Setting CVar [[r.SkyAtmosphere.SampleCountMin:4.0]]
[2022.10.25-16.20.50:762][  0]LogConfig: Setting CVar [[r.SkyAtmosphere.SampleCountMax:128.0]]
[2022.10.25-16.20.50:762][  0]LogConfig: Setting CVar [[r.SkyAtmosphere.TransmittanceLUT.UseSmallFormat:0]]
[2022.10.25-16.20.50:762][  0]LogConfig: Setting CVar [[r.SkyAtmosphere.TransmittanceLUT.SampleCount:10.0]]
[2022.10.25-16.20.50:762][  0]LogConfig: Setting CVar [[r.SkyAtmosphere.MultiScatteringLUT.SampleCount:15.0]]
[2022.10.25-16.20.50:762][  0]LogConfig: Setting CVar [[r.SkyLight.RealTimeReflectionCapture:1]]
[2022.10.25-16.20.50:762][  0]LogConfig: Applying CVar settings from Section [FoliageQuality@3] File [C:/Users/danie/Documents/Gamedev VR/game/UE4 game/fpsgame/Saved/Config/Windows/Scalability.ini]
[2022.10.25-16.20.50:762][  0]LogConfig: Setting CVar [[foliage.DensityScale:1.0]]
[2022.10.25-16.20.50:762][  0]LogConfig: Setting CVar [[grass.DensityScale:1.0]]
[2022.10.25-16.20.50:762][  0]LogConfig: Applying CVar settings from Section [ShadingQuality@3] File [C:/Users/danie/Documents/Gamedev VR/game/UE4 game/fpsgame/Saved/Config/Windows/Scalability.ini]
[2022.10.25-16.20.50:762][  0]LogConfig: Setting CVar [[r.HairStrands.SkyLighting.IntegrationType:2]]
[2022.10.25-16.20.50:762][  0]LogConfig: Setting CVar [[r.HairStrands.SkyAO.SampleCount:4]]
[2022.10.25-16.20.50:762][  0]LogConfig: Setting CVar [[r.HairStrands.Visibility.MSAA.SamplePerPixel:4]]
[2022.10.25-16.20.50:762][  0]LogInit: Selected Device Profile: [Windows]
[2022.10.25-16.20.50:762][  0]LogInit: Applying CVar settings loaded from the selected device profile: [Windows]
[2022.10.25-16.20.50:762][  0]LogHAL: Display: Platform has ~ 16 GB [17128247296 / 17179869184 / 16], which maps to Larger [LargestMinGB=32, LargerMinGB=12, DefaultMinGB=8, SmallerMinGB=6, SmallestMinGB=0)
[2022.10.25-16.20.50:762][  0]LogInit: Going up to parent DeviceProfile []
[2022.10.25-16.20.50:762][  0]LogConfig: Applying CVar settings from Section [ViewDistanceQuality@3] File [C:/Users/danie/Documents/Gamedev VR/game/UE4 game/fpsgame/Saved/Config/Windows/Scalability.ini]
[2022.10.25-16.20.50:762][  0]LogConfig: Setting CVar [[r.SkeletalMeshLODBias:0]]
[2022.10.25-16.20.50:762][  0]LogConfig: Setting CVar [[r.ViewDistanceScale:1.0]]
[2022.10.25-16.20.50:762][  0]LogConfig: Applying CVar settings from Section [AntiAliasingQuality@3] File [C:/Users/danie/Documents/Gamedev VR/game/UE4 game/fpsgame/Saved/Config/Windows/Scalability.ini]
[2022.10.25-16.20.50:762][  0]LogConfig: Setting CVar [[r.PostProcessAAQuality:4]]
[2022.10.25-16.20.50:762][  0]LogConfig: Applying CVar settings from Section [ShadowQuality@3] File [C:/Users/danie/Documents/Gamedev VR/game/UE4 game/fpsgame/Saved/Config/Windows/Scalability.ini]
[2022.10.25-16.20.50:762][  0]LogConfig: Setting CVar [[r.LightFunctionQuality:1]]
[2022.10.25-16.20.50:762][  0]LogConfig: Setting CVar [[r.ShadowQuality:5]]
[2022.10.25-16.20.50:762][  0]LogConfig: Setting CVar [[r.Shadow.CSM.MaxCascades:10]]
[2022.10.25-16.20.50:762][  0]LogConfig: Setting CVar [[r.Shadow.MaxResolution:2048]]
[2022.10.25-16.20.50:762][  0]LogConfig: Setting CVar [[r.Shadow.MaxCSMResolution:2048]]
[2022.10.25-16.20.50:762][  0]LogConfig: Setting CVar [[r.Shadow.RadiusThreshold:0.01]]
[2022.10.25-16.20.50:762][  0]LogConfig: Setting CVar [[r.Shadow.DistanceScale:1.0]]
[2022.10.25-16.20.50:762][  0]LogConfig: Setting CVar [[r.Shadow.CSM.TransitionScale:1.0]]
[2022.10.25-16.20.50:762][  0]LogConfig: Setting CVar [[r.Shadow.PreShadowResolutionFactor:1.0]]
[2022.10.25-16.20.50:762][  0]LogConfig: Setting CVar [[r.DistanceFieldShadowing:1]]
[2022.10.25-16.20.50:762][  0]LogConfig: Setting CVar [[r.DistanceFieldAO:1]]
[2022.10.25-16.20.50:762][  0]LogConfig: Setting CVar [[r.AOQuality:2]]
[2022.10.25-16.20.50:762][  0]LogConfig: Setting CVar [[r.VolumetricFog:1]]
[2022.10.25-16.20.50:762][  0]LogConfig: Setting CVar [[r.VolumetricFog.GridPixelSize:8]]
[2022.10.25-16.20.50:762][  0]LogConfig: Setting CVar [[r.VolumetricFog.GridSizeZ:128]]
[2022.10.25-16.20.50:762][  0]LogConfig: Setting CVar [[r.VolumetricFog.HistoryMissSupersampleCount:4]]
[2022.10.25-16.20.50:762][  0]LogConfig: Setting CVar [[r.LightMaxDrawDistanceScale:1]]
[2022.10.25-16.20.50:762][  0]LogConfig: Setting CVar [[r.CapsuleShadows:1]]
[2022.10.25-16.20.50:762][  0]LogConfig: Applying CVar settings from Section [PostProcessQuality@3] File [C:/Users/danie/Documents/Gamedev VR/game/UE4 game/fpsgame/Saved/Config/Windows/Scalability.ini]
[2022.10.25-16.20.50:762][  0]LogConfig: Setting CVar [[r.MotionBlurQuality:4]]
[2022.10.25-16.20.50:762][  0]LogConfig: Setting CVar [[r.AmbientOcclusionMipLevelFactor:0.4]]
[2022.10.25-16.20.50:762][  0]LogConfig: Setting CVar [[r.AmbientOcclusionMaxQuality:100]]
[2022.10.25-16.20.50:762][  0]LogConfig: Setting CVar [[r.AmbientOcclusionLevels:-1]]
[2022.10.25-16.20.50:762][  0]LogConfig: Setting CVar [[r.AmbientOcclusionRadiusScale:1.0]]
[2022.10.25-16.20.50:762][  0]LogConfig: Setting CVar [[r.DepthOfFieldQuality:2]]
[2022.10.25-16.20.50:762][  0]LogConfig: Setting CVar [[r.RenderTargetPoolMin:400]]
[2022.10.25-16.20.50:762][  0]LogConfig: Setting CVar [[r.LensFlareQuality:2]]
[2022.10.25-16.20.50:762][  0]LogConfig: Setting CVar [[r.SceneColorFringeQuality:1]]
[2022.10.25-16.20.50:762][  0]LogConfig: Setting CVar [[r.EyeAdaptationQuality:2]]
[2022.10.25-16.20.50:762][  0]LogConfig: Setting CVar [[r.BloomQuality:5]]
[2022.10.25-16.20.50:762][  0]LogConfig: Setting CVar [[r.FastBlurThreshold:100]]
[2022.10.25-16.20.50:762][  0]LogConfig: Setting CVar [[r.Upscale.Quality:3]]
[2022.10.25-16.20.50:762][  0]LogConfig: Setting CVar [[r.Tonemapper.GrainQuantization:1]]
[2022.10.25-16.20.50:762][  0]LogConfig: Setting CVar [[r.LightShaftQuality:1]]
[2022.10.25-16.20.50:762][  0]LogConfig: Setting CVar [[r.Filter.SizeScale:1]]
[2022.10.25-16.20.50:762][  0]LogConfig: Setting CVar [[r.Tonemapper.Quality:5]]
[2022.10.25-16.20.50:762][  0]LogConfig: Setting CVar [[r.DOF.Gather.AccumulatorQuality:1        ; higher gathering accumulator quality]]
[2022.10.25-16.20.50:762][  0]LogConfig: Setting CVar [[r.DOF.Gather.PostfilterMethod:1          ; Median3x3 postfilering method]]
[2022.10.25-16.20.50:762][  0]LogConfig: Setting CVar [[r.DOF.Gather.EnableBokehSettings:0       ; no bokeh simulation when gathering]]
[2022.10.25-16.20.50:762][  0]LogConfig: Setting CVar [[r.DOF.Gather.RingCount:4                 ; medium number of samples when gathering]]
[2022.10.25-16.20.50:762][  0]LogConfig: Setting CVar [[r.DOF.Scatter.ForegroundCompositing:1    ; additive foreground scattering]]
[2022.10.25-16.20.50:762][  0]LogConfig: Setting CVar [[r.DOF.Scatter.BackgroundCompositing:2    ; additive background scattering]]
[2022.10.25-16.20.50:762][  0]LogConfig: Setting CVar [[r.DOF.Scatter.EnableBokehSettings:1      ; bokeh simulation when scattering]]
[2022.10.25-16.20.50:762][  0]LogConfig: Setting CVar [[r.DOF.Scatter.MaxSpriteRatio:0.1         ; only a maximum of 10% of scattered bokeh]]
[2022.10.25-16.20.50:762][  0]LogConfig: Setting CVar [[r.DOF.Recombine.Quality:1                ; cheap slight out of focus]]
[2022.10.25-16.20.50:762][  0]LogConfig: Setting CVar [[r.DOF.Recombine.EnableBokehSettings:0    ; no bokeh simulation on slight out of focus]]
[2022.10.25-16.20.50:762][  0]LogConfig: Setting CVar [[r.DOF.TemporalAAQuality:1                ; more stable temporal accumulation]]
[2022.10.25-16.20.50:762][  0]LogConfig: Setting CVar [[r.DOF.Kernel.MaxForegroundRadius:0.025]]
[2022.10.25-16.20.50:762][  0]LogConfig: Setting CVar [[r.DOF.Kernel.MaxBackgroundRadius:0.025]]
[2022.10.25-16.20.50:762][  0]LogConfig: Applying CVar settings from Section [TextureQuality@3] File [C:/Users/danie/Documents/Gamedev VR/game/UE4 game/fpsgame/Saved/Config/Windows/Scalability.ini]
[2022.10.25-16.20.50:762][  0]LogConfig: Setting CVar [[r.Streaming.MipBias:0]]
[2022.10.25-16.20.50:762][  0]LogConfig: Setting CVar [[r.Streaming.AmortizeCPUToGPUCopy:0]]
[2022.10.25-16.20.50:763][  0]LogConfig: Setting CVar [[r.Streaming.MaxNumTexturesToStreamPerFrame:0]]
[2022.10.25-16.20.50:763][  0]LogConfig: Setting CVar [[r.Streaming.Boost:1]]
[2022.10.25-16.20.50:763][  0]LogConfig: Setting CVar [[r.MaxAnisotropy:8]]
[2022.10.25-16.20.50:763][  0]LogConfig: Setting CVar [[r.VT.MaxAnisotropy:8]]
[2022.10.25-16.20.50:763][  0]LogConfig: Setting CVar [[r.Streaming.LimitPoolSizeToVRAM:0]]
[2022.10.25-16.20.50:763][  0]LogConfig: Setting CVar [[r.Streaming.PoolSize:1000]]
[2022.10.25-16.20.50:763][  0]LogConfig: Setting CVar [[r.Streaming.MaxEffectiveScreenSize:0]]
[2022.10.25-16.20.50:763][  0]LogConfig: Applying CVar settings from Section [EffectsQuality@3] File [C:/Users/danie/Documents/Gamedev VR/game/UE4 game/fpsgame/Saved/Config/Windows/Scalability.ini]
[2022.10.25-16.20.50:763][  0]LogConfig: Setting CVar [[r.TranslucencyLightingVolumeDim:64]]
[2022.10.25-16.20.50:763][  0]LogConfig: Setting CVar [[r.RefractionQuality:2]]
[2022.10.25-16.20.50:763][  0]LogConfig: Setting CVar [[r.SSR.Quality:3]]
[2022.10.25-16.20.50:763][  0]LogConfig: Setting CVar [[r.SSR.HalfResSceneColor:0]]
[2022.10.25-16.20.50:763][  0]LogConfig: Setting CVar [[r.SceneColorFormat:4]]
[2022.10.25-16.20.50:763][  0]LogConfig: Setting CVar [[r.DetailMode:2]]
[2022.10.25-16.20.50:763][  0]LogConfig: Setting CVar [[r.TranslucencyVolumeBlur:1]]
[2022.10.25-16.20.50:763][  0]LogConfig: Setting CVar [[r.MaterialQualityLevel:1 ; High quality]]
[2022.10.25-16.20.50:763][  0]LogConfig: Setting CVar [[r.AnisotropicMaterials:1]]
[2022.10.25-16.20.50:763][  0]LogConfig: Setting CVar [[r.SSS.Scale:1]]
[2022.10.25-16.20.50:763][  0]LogConfig: Setting CVar [[r.SSS.SampleSet:2]]
[2022.10.25-16.20.50:763][  0]LogConfig: Setting CVar [[r.SSS.Quality:1]]
[2022.10.25-16.20.50:763][  0]LogConfig: Setting CVar [[r.SSS.HalfRes:0]]
[2022.10.25-16.20.50:763][  0]LogConfig: Setting CVar [[r.SSGI.Quality:3]]
[2022.10.25-16.20.50:763][  0]LogConfig: Setting CVar [[r.EmitterSpawnRateScale:1.0]]
[2022.10.25-16.20.50:763][  0]LogConfig: Setting CVar [[r.ParticleLightQuality:2]]
[2022.10.25-16.20.50:763][  0]LogConfig: Setting CVar [[r.SkyAtmosphere.AerialPerspectiveLUT.FastApplyOnOpaque:1 ; Always have FastSkyLUT 1 in this case to avoid wrong sky]]
[2022.10.25-16.20.50:763][  0]LogConfig: Setting CVar [[r.SkyAtmosphere.AerialPerspectiveLUT.SampleCountMaxPerSlice:4]]
[2022.10.25-16.20.50:763][  0]LogConfig: Setting CVar [[r.SkyAtmosphere.AerialPerspectiveLUT.DepthResolution:16.0]]
[2022.10.25-16.20.50:763][  0]LogConfig: Setting CVar [[r.SkyAtmosphere.FastSkyLUT:1]]
[2022.10.25-16.20.50:763][  0]LogConfig: Setting CVar [[r.SkyAtmosphere.FastSkyLUT.SampleCountMin:4.0]]
[2022.10.25-16.20.50:763][  0]LogConfig: Setting CVar [[r.SkyAtmosphere.FastSkyLUT.SampleCountMax:128.0]]
[2022.10.25-16.20.50:763][  0]LogConfig: Setting CVar [[r.SkyAtmosphere.SampleCountMin:4.0]]
[2022.10.25-16.20.50:763][  0]LogConfig: Setting CVar [[r.SkyAtmosphere.SampleCountMax:128.0]]
[2022.10.25-16.20.50:763][  0]LogConfig: Setting CVar [[r.SkyAtmosphere.TransmittanceLUT.UseSmallFormat:0]]
[2022.10.25-16.20.50:763][  0]LogConfig: Setting CVar [[r.SkyAtmosphere.TransmittanceLUT.SampleCount:10.0]]
[2022.10.25-16.20.50:763][  0]LogConfig: Setting CVar [[r.SkyAtmosphere.MultiScatteringLUT.SampleCount:15.0]]
[2022.10.25-16.20.50:763][  0]LogConfig: Setting CVar [[r.SkyLight.RealTimeReflectionCapture:1]]
[2022.10.25-16.20.50:763][  0]LogConfig: Applying CVar settings from Section [FoliageQuality@3] File [C:/Users/danie/Documents/Gamedev VR/game/UE4 game/fpsgame/Saved/Config/Windows/Scalability.ini]
[2022.10.25-16.20.50:763][  0]LogConfig: Setting CVar [[foliage.DensityScale:1.0]]
[2022.10.25-16.20.50:763][  0]LogConfig: Setting CVar [[grass.DensityScale:1.0]]
[2022.10.25-16.20.50:763][  0]LogConfig: Applying CVar settings from Section [ShadingQuality@3] File [C:/Users/danie/Documents/Gamedev VR/game/UE4 game/fpsgame/Saved/Config/Windows/Scalability.ini]
[2022.10.25-16.20.50:763][  0]LogConfig: Setting CVar [[r.HairStrands.SkyLighting.IntegrationType:2]]
[2022.10.25-16.20.50:763][  0]LogConfig: Setting CVar [[r.HairStrands.SkyAO.SampleCount:4]]
[2022.10.25-16.20.50:763][  0]LogConfig: Setting CVar [[r.HairStrands.Visibility.MSAA.SamplePerPixel:4]]
[2022.10.25-16.20.50:763][  0]LogConfig: Applying CVar settings from Section [Startup] File [../../../Engine/Config/ConsoleVariables.ini]
[2022.10.25-16.20.50:763][  0]LogConfig: Setting CVar [[net.UseAdaptiveNetUpdateFrequency:0]]
[2022.10.25-16.20.50:763][  0]LogConfig: Setting CVar [[p.chaos.AllowCreatePhysxBodies:1]]
[2022.10.25-16.20.50:763][  0]LogConfig: Setting CVar [[fx.SkipVectorVMBackendOptimizations:1]]
[2022.10.25-16.20.50:763][  0]LogConfig: Applying CVar settings from Section [ConsoleVariables] File [C:/Users/danie/Documents/Gamedev VR/game/UE4 game/fpsgame/Saved/Config/Windows/Engine.ini]
[2022.10.25-16.20.50:764][  0]LogConfig: Applying CVar settings from Section [ConsoleVariables] File [C:/Users/danie/Documents/Gamedev VR/game/UE4 game/fpsgame/Saved/Config/Windows/Editor.ini]
[2022.10.25-16.20.50:764][  0]LogInit: Computer: DESKTOP-QG36584
[2022.10.25-16.20.50:764][  0]LogInit: User: danie
[2022.10.25-16.20.50:764][  0]LogInit: CPU Page size=4096, Cores=6
[2022.10.25-16.20.50:764][  0]LogInit: High frequency timer resolution =10.000000 MHz
[2022.10.25-16.20.50:764][  0]LogMemory: Memory total: Physical=16.0GB (16GB approx)
[2022.10.25-16.20.50:764][  0]LogMemory: Platform Memory Stats for Windows
[2022.10.25-16.20.50:764][  0]LogMemory: Process Physical Memory: 144.71 MB used, 144.72 MB peak
[2022.10.25-16.20.50:764][  0]LogMemory: Process Virtual Memory: 130.11 MB used, 130.11 MB peak
[2022.10.25-16.20.50:764][  0]LogMemory: Physical Memory: 10325.93 MB used,  6008.84 MB free, 16334.77 MB total
[2022.10.25-16.20.50:764][  0]LogMemory: Virtual Memory: 134215248.00 MB used,  2479.37 MB free, 134217728.00 MB total
[2022.10.25-16.20.50:768][  0]LogWindows: WindowsPlatformFeatures enabled
[2022.10.25-16.20.50:786][  0]LogInit: Physics initialised using underlying interface: PhysX
[2022.10.25-16.20.50:787][  0]LogInit: Using OS detected language (en-US).
[2022.10.25-16.20.50:787][  0]LogInit: Using OS detected locale (en-GB).
[2022.10.25-16.20.50:790][  0]LogTextLocalizationManager: No specific localization for 'en-US' exists, so the 'en' localization will be used.
[2022.10.25-16.20.50:962][  0]LogWindowsTextInputMethodSystem: Display: IME system deactivated.
[2022.10.25-16.20.50:985][  0]LogSlate: New Slate User Created.  User Index 0, Is Virtual User: 0
[2022.10.25-16.20.50:985][  0]LogSlate: Slate User Registered.  User Index 0, Is Virtual User: 0
[2022.10.25-16.20.51:005][  0]LogD3D11RHI: Loaded GFSDK_Aftermath_Lib.x64.dll
[2022.10.25-16.20.51:007][  0]LogHMD: Failed to initialize OpenVR with code 110
[2022.10.25-16.20.51:007][  0]LogD3D11RHI: D3D11 min allowed feature level: 11_0
[2022.10.25-16.20.51:007][  0]LogD3D11RHI: D3D11 max allowed feature level: 11_0
[2022.10.25-16.20.51:007][  0]LogD3D11RHI: D3D11 adapters:
[2022.10.25-16.20.51:042][  0]LogD3D11RHI:    0. 'AMD Radeon RX 5700 XT' (Feature Level 11_0)
[2022.10.25-16.20.51:042][  0]LogD3D11RHI:       8151/0/8167 MB DedicatedVideo/DedicatedSystem/SharedSystem, Outputs:2, VendorId:0x1002
[2022.10.25-16.20.51:044][  0]LogD3D11RHI:    1. 'Microsoft Basic Render Driver' (Feature Level 11_0)
[2022.10.25-16.20.51:044][  0]LogD3D11RHI:       0/0/8167 MB DedicatedVideo/DedicatedSystem/SharedSystem, Outputs:0, VendorId:0x1414
[2022.10.25-16.20.51:044][  0]LogD3D11RHI: Chosen D3D11 Adapter:
[2022.10.25-16.20.51:044][  0]LogD3D11RHI:     Description : AMD Radeon RX 5700 XT
[2022.10.25-16.20.51:044][  0]LogD3D11RHI:     VendorId    : 1002
[2022.10.25-16.20.51:044][  0]LogD3D11RHI:     DeviceId    : 731f
[2022.10.25-16.20.51:044][  0]LogD3D11RHI:     SubSysId    : 23131458
[2022.10.25-16.20.51:044][  0]LogD3D11RHI:     Revision    : 00c1
[2022.10.25-16.20.51:044][  0]LogD3D11RHI:     DedicatedVideoMemory : 8547471360 bytes
[2022.10.25-16.20.51:044][  0]LogD3D11RHI:     DedicatedSystemMemory : 0 bytes
[2022.10.25-16.20.51:044][  0]LogD3D11RHI:     SharedSystemMemory : 8564123648 bytes
[2022.10.25-16.20.51:044][  0]LogD3D11RHI:     AdapterLuid : 0 54741
[2022.10.25-16.20.51:051][  0]LogD3D11RHI: Creating new Direct3DDevice
[2022.10.25-16.20.51:051][  0]LogD3D11RHI:     GPU DeviceId: 0x731f (for the marketing name, search the web for "GPU Device Id")
[2022.10.25-16.20.51:051][  0]LogWindows: EnumDisplayDevices:
[2022.10.25-16.20.51:051][  0]LogWindows:    0. 'AMD Radeon RX 5700 XT' (P:1 D:1)
[2022.10.25-16.20.51:051][  0]LogWindows:    1. 'AMD Radeon RX 5700 XT' (P:0 D:1)
[2022.10.25-16.20.51:051][  0]LogWindows:    2. 'AMD Radeon RX 5700 XT' (P:0 D:0)
[2022.10.25-16.20.51:052][  0]LogWindows:    3. 'AMD Radeon RX 5700 XT' (P:0 D:0)
[2022.10.25-16.20.51:052][  0]LogWindows:    4. 'AMD Radeon RX 5700 XT' (P:0 D:0)
[2022.10.25-16.20.51:052][  0]LogWindows:    5. 'AMD Radeon RX 5700 XT' (P:0 D:0)
[2022.10.25-16.20.51:053][  0]LogWindows:    6. 'AMD Radeon RX 5700 XT' (P:0 D:0)
[2022.10.25-16.20.51:053][  0]LogWindows: DebugString: FoundDriverCount:7 
[2022.10.25-16.20.51:053][  0]LogD3D11RHI:     Adapter Name: AMD Radeon RX 5700 XT
[2022.10.25-16.20.51:053][  0]LogD3D11RHI:   Driver Version: AMD Software: Adrenalin Edition 22.5.1 (internal:30.0.15021.11005, unified:30.0.15021.11005)
[2022.10.25-16.20.51:053][  0]LogD3D11RHI:      Driver Date: 4-28-2022
[2022.10.25-16.20.51:053][  0]LogRHI: Texture pool is 5168 MB (70% of 7383 MB)
[2022.10.25-16.20.51:077][  0]LogD3D11RHI: Creating D3DDevice with AMD AGS, using adapter:
[2022.10.25-16.20.51:077][  0]LogD3D11RHI:     Description : AMD Radeon RX 5700 XT
[2022.10.25-16.20.51:077][  0]LogD3D11RHI:     VendorId    : 1002
[2022.10.25-16.20.51:077][  0]LogD3D11RHI:     DeviceId    : 731f
[2022.10.25-16.20.51:077][  0]LogD3D11RHI:     SubSysId    : 23131458
[2022.10.25-16.20.51:077][  0]LogD3D11RHI:     Revision    : 00c1
[2022.10.25-16.20.51:077][  0]LogD3D11RHI:     DedicatedVideoMemory : 8547471360 bytes
[2022.10.25-16.20.51:077][  0]LogD3D11RHI:     DedicatedSystemMemory : 0 bytes
[2022.10.25-16.20.51:077][  0]LogD3D11RHI:     SharedSystemMemory : 8564123648 bytes
[2022.10.25-16.20.51:077][  0]LogD3D11RHI:     AdapterLuid : 0 54741
[2022.10.25-16.20.51:112][  0]LogD3D11RHI: Created device via AGS, feature level 11_0, supported extensions 1fffffbf.
[2022.10.25-16.20.51:112][  0]LogD3D11RHI: RHI has support for 64 bit atomics
[2022.10.25-16.20.51:112][  0]LogD3D11RHI: Async texture creation enabled
[2022.10.25-16.20.51:113][  0]LogD3D11RHI: Array index from any shader is supported
[2022.10.25-16.20.51:125][  0]LogD3D11RHI: GPU Timing Frequency: 100.000000 (Debug: 2 1)
[2022.10.25-16.20.51:373][  0]LogTargetPlatformManager: Display: Loaded TargetPlatform 'WindowsNoEditor'
[2022.10.25-16.20.51:377][  0]LogTargetPlatformManager: Display: Loaded TargetPlatform 'Windows'
[2022.10.25-16.20.51:381][  0]LogTargetPlatformManager: Display: Loaded TargetPlatform 'WindowsClient'
[2022.10.25-16.20.51:385][  0]LogTargetPlatformManager: Display: Loaded TargetPlatform 'WindowsServer'
[2022.10.25-16.20.51:385][  0]LogTargetPlatformManager: Display: Building Assets For Windows
[2022.10.25-16.20.51:393][  0]LogAudioDebug: Display: Lib vorbis DLL was dynamically loaded.
[2022.10.25-16.20.51:423][  0]LogTextureFormatOodle: Display: Oodle Texture 2.9.0 init RDO Off
[2022.10.25-16.20.51:448][  0]LogRendererCore: Ray tracing is disabled. Reason: r.RayTracing=0.
[2022.10.25-16.20.51:448][  0]LogShaderCompilers: Guid format shader working directory is -27 characters bigger than the processId version (../../../../../../Users/danie/Documents/Gamedev VR/game/UE4 game/fpsgame/Intermediate/Shaders/WorkingDirectory/18060/).
[2022.10.25-16.20.51:448][  0]LogShaderCompilers: Cleaned the shader compiler working directory 'C:/Users/danie/AppData/Local/Temp/UnrealShaderWorkingDir/D62BFF394FE02A653B1A1F99C8A901DB/'.
[2022.10.25-16.20.51:448][  0]LogXGEController: Cannot use XGE Controller as Incredibuild is not installed on this machine.
[2022.10.25-16.20.51:448][  0]LogShaderCompilers: Cannot use XGE Shader Compiler as Incredibuild is not installed on this machine.
[2022.10.25-16.20.51:448][  0]LogShaderCompilers: Display: Using Local Shader Compiler.
[2022.10.25-16.20.52:101][  0]LogDerivedDataCache: Display: Max Cache Size: 512 MB
[2022.10.25-16.20.52:146][  0]LogDerivedDataCache: Loaded boot cache 0.04s 94MB C:/Users/danie/AppData/Local/UnrealEngine/4.27/DerivedDataCache/Boot.ddc.
[2022.10.25-16.20.52:146][  0]LogDerivedDataCache: Display: Loaded Boot cache: C:/Users/danie/AppData/Local/UnrealEngine/4.27/DerivedDataCache/Boot.ddc
[2022.10.25-16.20.52:146][  0]LogDerivedDataCache: FDerivedDataBackendGraph:  Pak pak cache file ../../../../../../Users/danie/Documents/Gamedev VR/game/UE4 game/fpsgame/DerivedDataCache/DDC.ddp not found, will not use a pak cache.
[2022.10.25-16.20.52:146][  0]LogDerivedDataCache: Unable to find inner node Pak for hierarchical cache Hierarchy.
[2022.10.25-16.20.52:146][  0]LogDerivedDataCache: FDerivedDataBackendGraph:  CompressedPak pak cache file ../../../../../../Users/danie/Documents/Gamedev VR/game/UE4 game/fpsgame/DerivedDataCache/Compressed.ddp not found, will not use a pak cache.
[2022.10.25-16.20.52:146][  0]LogDerivedDataCache: Unable to find inner node CompressedPak for hierarchical cache Hierarchy.
[2022.10.25-16.20.52:162][  0]LogDerivedDataCache: Display: Pak cache opened for reading ../../../Engine/DerivedDataCache/Compressed.ddp.
[2022.10.25-16.20.52:162][  0]LogDerivedDataCache: FDerivedDataBackendGraph:  EnterprisePak pak cache file ../../../Enterprise/DerivedDataCache/Compressed.ddp not found, will not use a pak cache.
[2022.10.25-16.20.52:162][  0]LogDerivedDataCache: Unable to find inner node EnterprisePak for hierarchical cache Hierarchy.
[2022.10.25-16.20.52:172][  0]LogDerivedDataCache: Speed tests for C:/Users/danie/AppData/Local/UnrealEngine/Common/DerivedDataCache took 0.01 seconds
[2022.10.25-16.20.52:172][  0]LogDerivedDataCache: Display: Performance to C:/Users/danie/AppData/Local/UnrealEngine/Common/DerivedDataCache: Latency=0.04ms. RandomReadSpeed=342.39MBs, RandomWriteSpeed=155.26MBs. Assigned SpeedClass 'Local'
[2022.10.25-16.20.52:172][  0]LogDerivedDataCache: Using Local data cache path C:/Users/danie/AppData/Local/UnrealEngine/Common/DerivedDataCache: Writable
[2022.10.25-16.20.52:172][  0]LogDerivedDataCache: Shared data cache path not found in *engine.ini, will not use an Shared cache.
[2022.10.25-16.20.52:172][  0]LogDerivedDataCache: Unable to find inner node Shared for hierarchical cache Hierarchy.
[2022.10.25-16.20.52:211][  0]LogSlate: Using FreeType 2.10.0
[2022.10.25-16.20.52:211][  0]LogSlate: SlateFontServices - WITH_FREETYPE: 1, WITH_HARFBUZZ: 1
[2022.10.25-16.20.52:293][  0]LogInit: Using OS detected language (en-US).
[2022.10.25-16.20.52:293][  0]LogInit: Using OS detected locale (en-GB).
[2022.10.25-16.20.52:293][  0]LogTextLocalizationManager: No localization for 'en-US' exists, so 'en' will be used for the language.
[2022.10.25-16.20.52:293][  0]LogTextLocalizationManager: No localization for 'en-GB' exists, so 'en' will be used for the locale.
[2022.10.25-16.20.52:293][  0]LogSlate: FontCache flush requested. Reason: Culture for localization was changed
[2022.10.25-16.20.52:293][  0]LogSlate: FontCache flush requested. Reason: Culture for localization was changed
[2022.10.25-16.20.52:296][  0]LogTextLocalizationManager: Compacting localization data took   0.00ms
[2022.10.25-16.20.52:296][  0]LogAssetRegistry: FAssetRegistry took 0.0020 seconds to start up
[2022.10.25-16.20.52:435][  0]LogPackageLocalizationCache: Processed 27 localized package path(s) for 1 prioritized culture(s) in 0.000948 seconds
[2022.10.25-16.20.52:496][  0]LogInit: Selected Device Profile: [Windows]
[2022.10.25-16.20.52:496][  0]LogInit: Active device profile: [00000275A3B77F00][000002759A81A3C0 49] Windows
[2022.10.25-16.20.52:496][  0]LogInit: Profiles: [00000275A3B77F00][000002759A81A3C0 49] Windows, [00000275A3B9BF00][0000027599E96540 49] WindowsNoEditor, [00000275A3B74200][0000027599E9A6C0 49] WindowsServer, [00000275A3B9A300][0000027599E9E840 49] WindowsClient, [00000275A3B75C00][0000027599EA29C0 49] IOS, [00000275A3B9B300][0000027599EA6B40 49] iPadAir, [00000275A3B76000][0000027599EAACC0 49] iPadAir2, [00000275A3B48500][0000027599EB2F80 49] IPadPro, [00000275A3B48600][0000027599EAEFC0 49] iPadAir3, [00000275A3B77900][0000027599EB7140 49] iPadAir4, [00000275A3B4BC00][0000027599EBB2C0 49] iPadMini2, [00000275A3B74600][0000027599EBF440 49] iPadMini3, [00000275A3B49400][0000027599EC35C0 49] iPadMini4, [00000275A3B77100][0000027599EC7740 49] iPadMini5, [00000275A3B3BD00][0000027599E939C0 49] iPhone6, [00000275A3B3BE00][000002759A9ADA00 49] iPodTouch6, [00000275A3B4B400][000002759A9B40C0 49] iPhone7, [00000275A3B4B500][000002759A9B0100 49] iPodTouch7, [00000275A3B38700][000002759A9BC280 49] iPhone5S, [00000275A3B4A300][000002759A9C0400 49] iPhone6Plus, [00000275A3B3B100][000002759A9C4580 49] iPhone6S, [00000275A3B48200][000002759A9C8700 49] iPhone6SPlus, [00000275A3B39000][000002759A9CC880 49] iPhone7Plus, [00000275A3B48C00][000002759A9D0A00 49] iPhoneSE, [00000275A3B3A800][000002759A9D4B80 49] iPhone8, [00000275A3B49D00][000002759A9D8D00 49] iPhone8Plus, [00000275A3B39900][000002759A9DCE80 49] iPhoneX, [00000275A3B49300][000002759A9E1000 49] iPhoneXS, [00000275A3B38800][000002759A9E5180 49] iPhoneXSMax, [00000275A3B4AB00][000002759A9E9300 49] iPhoneXR, [00000275A3B3AF00][000002759A9ED480 49] iPhone11, [00000275A3B49900][000002759A9F1600 49] iPhone11Pro, [00000275A3B39200][000002759A9F5780 49] iPhone11ProMax, [00000275A3B4AA00][000002759A113900 49] iPhoneSE2, [00000275A3B3BF00][000002759A117A80 49] iPhone12Mini, [00000275A3B4B800][000002759A9B9BC0 49] iPhone12, [00000275A3B39F00][000002759A11A180 49] iPhone12Pro, [00000275A3B49A00][000002759A11E2C0 49] iPhone12ProMax, [00000275A3B39B00][000002759A126440 49] iPadPro105, [00000275A3B4A700][000002759A12A5C0 49] iPadPro129, [00000275A3B39700][000002759A12E740 49] iPadPro97, [00000275A3B49600][000002759A1328C0 49] iPadPro2_129, [00000275A3B3A400][000002759A136A40 49] iPad5, [00000275A3B48D00][000002759A13ABC0 49] iPad6, [00000275A3B3AD00][000002759A13ED40 49] iPad7, [00000275A3B4B000][000002759A142EC0 49] iPad8, [00000275A3B3B500][000002759A147040 49] iPadPro11, [00000275A3B4BE00][000002759A14B1C0 49] iPadPro2_11, [00000275A3B38500][000002759A14F340 49] iPadPro3_129, [00000275A3B4B900][000002759A1534C0 49] iPadPro4_129, [00000275A3B39100][000002759A157640 49] AppleTV, [00000275A3B4BA00][000002759A15B7C0 49] AppleTV4K, [00000275A3B38F00][000002759A15F940 49] TVOS, [00000275A3B4AC00][000002759A163AC0 49] Mac, [00000275A3B38900][000002759A1660C0 49] MacClient, [00000275A3B4B300][000002759A122200 49] MacNoEditor, [00000275A3B3A500][000002759A16A340 49] MacServer, [00000275A3B48700][000002759A16E480 49] Linux, [00000275A3B38200][000002759A1725C0 49] LinuxAArch64, [00000275A3B4A600][000002759A17A740 49] LinuxNoEditor, [00000275A3B3AB00][000002759A17E8C0 49] LinuxAArch64NoEditor, [00000275A3B48F00][000002759A182A40 49] LinuxClient, [00000275A3B3A900][000002759A186BC0 49] LinuxAArch64Client, [00000275A3B48400][000002759A18AD40 49] LinuxServer, [00000275A3B3A300][000002759A18EEC0 49] LinuxAArch64Server, [00000275A3C04100][000002759A193040 49] Android, [00000275A3B99200][000002759A1971C0 49] Android_Low, [00000275A3C04D00][000002759A19B340 49] Android_Mid, [00000275A3B9A200][000002759A19F4C0 49] Android_High, [00000275A3C04A00][000002759A1A3640 49] Android_Default, [00000275A3B99400][000002759A1A77C0 49] Android_Adreno4xx, [00000275A3C06C00][000002759A1AB940 49] Android_Adreno5xx_Low, [00000275A3B9A500][000002759A1AFAC0 49] Android_Adreno5xx, [00000275A3C05600][000002759A1B20C0 49] Android_Adreno6xx, [00000275A3B9BB00][000002759A1B6240 49] Android_Adreno6xx_Vulkan, [00000275A3C05F00][000002759A176380 49] Android_Mali_T6xx, [00000275A3B98C00][000002759A1BA4C0 49] Android_Mali_T7xx, [00000275A3C05800][000002759A1BE600 49] Android_Mali_T8xx, [00000275A3B9A800][000002759A1C2740 49] Android_Mali_G71, [00000275A3C05000][000002759A1CA8C0 49] Android_Mali_G72, [00000275A3B9B000][000002759A1CEA40 49] Android_Mali_G72_Vulkan, [00000275A3C04200][000002759A1D2BC0 49] Android_Mali_G76, [00000275A3B98A00][000002759A1D6D40 49] Android_Mali_G76_Vulkan, [00000275A3C06600][000002759A1DAEC0 49] Android_Mali_G77, [00000275A3B99900][000002759A1DF040 49] Android_Mali_G77_Vulkan, [00000275A3C06400][000002759A1E31C0 49] Android_Mali_G78, [00000275A3B9A100][000002759A1E7340 49] Android_Mali_G78_Vulkan, [00000275A3C05500][000002759A1EB4C0 49] Android_Mali_G710, [00000275A3B98900][000002759A1EF640 49] Android_Mali_G710_Vulkan, [00000275A3C06F00][000002759A1F37C0 49] Android_Vulkan_SM5, [00000275A3B99600][000002759A1F7940 49] Android_PowerVR_G6xxx, [00000275A3C06A00][000002759A1FBAC0 49] Android_PowerVR_GT7xxx, [00000275A3B98400][000002759A1FE0C0 49] Android_PowerVR_GE8xxx, [00000275A3C07100][000002759A202240 49] Android_PowerVR_GM9xxx, [00000275A3B4BF00][000002759A2063C0 49] Android_PowerVR_GM9xxx_Vulkan, [00000275A3C04800][000002759A20A540 49] Android_TegraK1, [00000275A3B4AE00][000002759A1C6680 49] Android_Unknown_Vulkan, [00000275A3C04500][000002759A20E7C0 49] Lumin, [00000275A3B4A900][000002759A212900 49] Lumin_Desktop, [00000275A3C04E00][000002759A21AA80 49] HoloLens, 
[2022.10.25-16.20.52:529][  0]LogMeshReduction: Using QuadricMeshReduction for automatic static mesh reduction
[2022.10.25-16.20.52:529][  0]LogMeshReduction: Using SimplygonMeshReduction for automatic skeletal mesh reduction
[2022.10.25-16.20.52:529][  0]LogMeshReduction: Using ProxyLODMeshReduction for automatic mesh merging
[2022.10.25-16.20.52:529][  0]LogMeshReduction: No distributed automatic mesh merging module available
[2022.10.25-16.20.52:529][  0]LogMeshMerging: No distributed automatic mesh merging module available
[2022.10.25-16.20.52:616][  0]LogNetVersion: fpsgame 1.0.0, NetCL: 17155196, EngineNetVer: 17, GameNetVer: 0 (Checksum: 3215450660)
[2022.10.25-16.20.52:813][  0]LogTexture: Default maximum texture size for cubemaps generated from long-lat sources has been changed from 512 to unlimited. In order to preserve old behaiour for '/Engine/MapTemplates/Sky/DaylightAmbientCubemap.DaylightAmbientCubemap', its maximum texture size has been explicitly set to 512.
[2022.10.25-16.20.52:856][  0]LogHMD: PokeAHoleMaterial loaded successfully
[2022.10.25-16.20.52:938][  0]LogMoviePlayer: Initializing movie player
[2022.10.25-16.20.53:023][  0]LogPython: Using Python 3.7.7
[2022.10.25-16.20.53:397][  0]LogNiagaraDebuggerClient: Niagara Debugger Client Initialized | Session: E28D8B8D4C6CBDD01A2A3B876239167D | Instance: B85A4BE74EBBFC26D02DEFA10E19B61F (DESKTOP-QG36584-18060).
[2022.10.25-16.20.53:414][  0]LogCollectionManager: Loaded 0 collections in 0.001545 seconds
[2022.10.25-16.20.53:417][  0]LogFileCache: Scanning file cache for directory 'C:/Users/danie/Documents/Gamedev VR/game/UE4 game/fpsgame/Saved/Collections/' took 0.00s
[2022.10.25-16.20.53:417][  0]LogFileCache: Scanning file cache for directory 'C:/Users/danie/Documents/Gamedev VR/game/UE4 game/fpsgame/Content/Developers/danie/Collections/' took 0.00s
[2022.10.25-16.20.53:417][  0]LogFileCache: Scanning file cache for directory 'C:/Users/danie/Documents/Gamedev VR/game/UE4 game/fpsgame/Content/Collections/' took 0.00s
[2022.10.25-16.20.53:417][  0]LogCollectionManager: Fixed up redirectors for 0 collections in 0.000002 seconds (updated 0 objects)
[2022.10.25-16.20.53:516][  0]LogUdpMessaging: Initializing bridge on interface 0.0.0.0:0 to multicast group 230.0.0.1:6666.
[2022.10.25-16.20.53:521][  0]LogTcpMessaging: Initializing TcpMessaging bridge
[2022.10.25-16.20.53:608][  0]SourceControl: Source control is disabled
[2022.10.25-16.20.53:608][  0]SourceControl: Source control is disabled
[2022.10.25-16.20.53:610][  0]SourceControl: Source control is disabled
[2022.10.25-16.20.53:614][  0]LogUProjectInfo: Found projects:
[2022.10.25-16.20.53:670][  0]LogOpenImageDenoise: OIDN starting up
[2022.10.25-16.20.53:702][  0]LogAndroidPermission: UAndroidPermissionCallbackProxy::GetInstance
[2022.10.25-16.20.53:717][  0]LogAudioCaptureCore: Display: No Audio Capture implementations found. Audio input will be silent.
[2022.10.25-16.20.53:717][  0]LogAudioCaptureCore: Display: No Audio Capture implementations found. Audio input will be silent.
[2022.10.25-16.20.53:771][  0]LogOcInput: OculusInput pre-init called
[2022.10.25-16.20.53:780][  0]LogUObjectArray: 22269 objects as part of root set at end of initial load.
[2022.10.25-16.20.53:780][  0]LogUObjectAllocator: 6043536 out of 0 bytes used by permanent object pool.
[2022.10.25-16.20.53:780][  0]LogUObjectArray: CloseDisregardForGC: 0/0 objects in disregard for GC pool
[2022.10.25-16.20.53:823][  0]LogClass: Display: StructProperty FRewindDataStruct::SnapshotPosition is not initialized properly. Module:fpsgame File:RewindComponent.h
[2022.10.25-16.20.53:823][  0]LogClass: Display: StructProperty FRewindDataStruct::SnapshotRotation is not initialized properly. Module:fpsgame File:RewindComponent.h
[2022.10.25-16.20.53:823][  0]LogClass: Display: StructProperty FRewindDataStruct::SnapshotScale is not initialized properly. Module:fpsgame File:RewindComponent.h
[2022.10.25-16.20.53:823][  0]LogClass: Display: FloatProperty FWeaponStats::MaxRange is not initialized properly. Module:fpsgame File:WeaponActor.h
[2022.10.25-16.20.53:823][  0]LogClass: Display: FloatProperty FWeaponStats::FireRate is not initialized properly. Module:fpsgame File:WeaponActor.h
[2022.10.25-16.20.53:823][  0]LogClass: Display: IntProperty FWeaponStats::CartridgeBullets is not initialized properly. Module:fpsgame File:WeaponActor.h
[2022.10.25-16.20.53:823][  0]LogClass: Display: IntProperty FWeaponStats::BurstNumber is not initialized properly. Module:fpsgame File:WeaponActor.h
[2022.10.25-16.20.53:823][  0]LogClass: Display: FloatProperty FWeaponStats::BurstFireRate is not initialized properly. Module:fpsgame File:WeaponActor.h
[2022.10.25-16.20.53:823][  0]LogClass: Display: IntProperty FWeaponStats::MaxMagSize is not initialized properly. Module:fpsgame File:WeaponActor.h
[2022.10.25-16.20.53:823][  0]LogClass: Display: IntProperty FWeaponStats::MagAmmo is not initialized properly. Module:fpsgame File:WeaponActor.h
[2022.10.25-16.20.53:823][  0]LogClass: Display: FloatProperty FWeaponStats::BaseDamageTorso is not initialized properly. Module:fpsgame File:WeaponActor.h
[2022.10.25-16.20.53:823][  0]LogClass: Display: FloatProperty FWeaponStats::BaseDamageHead is not initialized properly. Module:fpsgame File:WeaponActor.h
[2022.10.25-16.20.53:823][  0]LogClass: Display: FloatProperty FWeaponStats::BaseDamageLegs is not initialized properly. Module:fpsgame File:WeaponActor.h
[2022.10.25-16.20.53:823][  0]LogClass: Display: FloatProperty FWeaponStats::BaseHipfireSpreadAngleInDegrees is not initialized properly. Module:fpsgame File:WeaponActor.h
[2022.10.25-16.20.53:823][  0]LogClass: Display: FloatProperty FWeaponStats::BaseMovementSpreadMultiplier is not initialized properly. Module:fpsgame File:WeaponActor.h
[2022.10.25-16.20.53:823][  0]LogClass: Display: EnumProperty FWeaponMetaData::GunModel is not initialized properly. Module:fpsgame File:WeaponActor.h
[2022.10.25-16.20.53:823][  0]LogClass: Display: EnumProperty FWeaponMetaData::WAWeaponType is not initialized properly. Module:fpsgame File:WeaponActor.h
[2022.10.25-16.20.53:823][  0]LogClass: Display: EnumProperty FWeaponMetaData::WAWeaponFireType is not initialized properly. Module:fpsgame File:WeaponActor.h
[2022.10.25-16.20.53:823][  0]LogClass: Display: EnumProperty FWeaponMetaData::WAWeaponHitDetectionType is not initialized properly. Module:fpsgame File:WeaponActor.h
[2022.10.25-16.20.53:823][  0]LogClass: Display: EnumProperty FWeaponMetaData::TypeOfEquip is not initialized properly. Module:fpsgame File:WeaponActor.h
[2022.10.25-16.20.53:823][  0]LogClass: Warning: ObjectProperty FWeaponVisualAssets::GunMesh is not initialized properly. Module:fpsgame File:WeaponActor.h
[2022.10.25-16.20.53:823][  0]LogClass: Warning: ObjectProperty FWeaponVisualAssets::TracerEffect is not initialized properly. Module:fpsgame File:WeaponActor.h
[2022.10.25-16.20.53:823][  0]LogClass: Warning: ObjectProperty FWeaponVisualAssets::MuzzleFlash is not initialized properly. Module:fpsgame File:WeaponActor.h
[2022.10.25-16.20.53:823][  0]LogClass: Display: StructProperty FWeaponPositionalDetails::BasePosition is not initialized properly. Module:fpsgame File:WeaponActor.h
[2022.10.25-16.20.53:823][  0]LogClass: Display: StructProperty FWeaponPositionalDetails::BaseRotation is not initialized properly. Module:fpsgame File:WeaponActor.h
[2022.10.25-16.20.53:823][  0]LogClass: Display: StructProperty FWeaponPositionalDetails::BaseScale is not initialized properly. Module:fpsgame File:WeaponActor.h
[2022.10.25-16.20.53:823][  0]LogClass: Display: StructProperty FWeaponPositionalDetails::TPBaseScale is not initialized properly. Module:fpsgame File:WeaponActor.h
[2022.10.25-16.20.53:823][  0]LogClass: Display: StructProperty FWeaponPositionalDetails::TPBaseRotation is not initialized properly. Module:fpsgame File:WeaponActor.h
[2022.10.25-16.20.53:823][  0]LogClass: Display: StructProperty FWeaponPositionalDetails::TPBasePosition is not initialized properly. Module:fpsgame File:WeaponActor.h
[2022.10.25-16.20.53:823][  0]LogClass: Display: StructProperty FWeaponPositionalDetails::MuzzlePosition is not initialized properly. Module:fpsgame File:WeaponActor.h
[2022.10.25-16.20.53:823][  0]LogClass: Display: 30 Uninitialized script struct members found including 3 object properties
[2022.10.25-16.20.53:824][  0]LogAutomationTest: Warning: ObjectProperty FWeaponVisualAssets::GunMesh is not initialized properly. Module:fpsgame File:WeaponActor.h
[2022.10.25-16.20.53:824][  0]LogAutomationTest: Warning: ObjectProperty FWeaponVisualAssets::TracerEffect is not initialized properly. Module:fpsgame File:WeaponActor.h
[2022.10.25-16.20.53:824][  0]LogAutomationTest: Warning: ObjectProperty FWeaponVisualAssets::MuzzleFlash is not initialized properly. Module:fpsgame File:WeaponActor.h
[2022.10.25-16.20.53:824][  0]LogEngine: Initializing Engine...
[2022.10.25-16.20.53:826][  0]LogHMD: Failed to enumerate extensions. Please check that you have a valid OpenXR runtime installed.
[2022.10.25-16.20.53:826][  0]LogHMD: Failed to initialize OpenVR with code 110
[2022.10.25-16.20.53:826][  0]LogMagicLeap: Warning: VR disabled because ZI is not enabled.  To enable, in the editor, Edit -> Project Settings -> Plugins -> Magic Leap Plugin -> Enable Zero Iteration
[2022.10.25-16.20.53:827][  0]LogStats: UGameplayTagsManager::InitializeManager -  0.000 s
[2022.10.25-16.20.53:900][  0]LogInit: Initializing FReadOnlyCVARCache
[2022.10.25-16.20.53:900][  0]LogAudio: Display: Initializing Audio Device Manager...
[2022.10.25-16.20.53:905][  0]LogAudio: Display: Loading Default Audio Settings Objects...
[2022.10.25-16.20.53:905][  0]LogAudio: Display: No default SoundConcurrencyObject specified (or failed to load).
[2022.10.25-16.20.53:906][  0]LogAudio: Display: Audio Device Manager Initialized
[2022.10.25-16.20.53:906][  0]LogAudio: Display: Creating Audio Device:                 Id: 1, Scope: Shared, Realtime: True
[2022.10.25-16.20.53:906][  0]LogAudioMixer: Display: Audio Mixer Platform Settings:
[2022.10.25-16.20.53:906][  0]LogAudioMixer: Display: 	Sample Rate:						  48000
[2022.10.25-16.20.53:906][  0]LogAudioMixer: Display: 	Callback Buffer Frame Size Requested: 1024
[2022.10.25-16.20.53:906][  0]LogAudioMixer: Display: 	Callback Buffer Frame Size To Use:	  1024
[2022.10.25-16.20.53:906][  0]LogAudioMixer: Display: 	Number of buffers to queue:			  2
[2022.10.25-16.20.53:906][  0]LogAudioMixer: Display: 	Max Channels (voices):				  32
[2022.10.25-16.20.53:906][  0]LogAudioMixer: Display: 	Number of Async Source Workers:		  0
[2022.10.25-16.20.53:906][  0]LogAudio: Display: AudioDevice MaxSources: 32
[2022.10.25-16.20.53:907][  0]LogAudio: Display: Audio Spatialization Plugin: None (built-in).
[2022.10.25-16.20.53:907][  0]LogAudio: Display: Audio Reverb Plugin: None (built-in).
[2022.10.25-16.20.53:907][  0]LogAudio: Display: Audio Occlusion Plugin: None (built-in).
[2022.10.25-16.20.53:907][  0]LogAudioMixer: Display: Initializing audio mixer.
[2022.10.25-16.20.53:920][  0]LogAudioMixer: Display: 0: FrontLeft
[2022.10.25-16.20.53:920][  0]LogAudioMixer: Display: 1: FrontRight
[2022.10.25-16.20.53:920][  0]LogAudioMixer: Display: 2: FrontCenter
[2022.10.25-16.20.53:920][  0]LogAudioMixer: Display: 3: LowFrequency
[2022.10.25-16.20.53:920][  0]LogAudioMixer: Display: 4: BackLeft
[2022.10.25-16.20.53:920][  0]LogAudioMixer: Display: 5: BackRight
[2022.10.25-16.20.53:920][  0]LogAudioMixer: Display: 6: SideLeft
[2022.10.25-16.20.53:920][  0]LogAudioMixer: Display: 7: SideRight
[2022.10.25-16.20.53:939][  0]LogAudioMixer: Display: Using Audio Device Speakers (Realtek(R) Audio)
[2022.10.25-16.20.53:944][  0]LogAudioMixer: Display: Initializing Sound Submixes...
[2022.10.25-16.20.53:945][  0]LogAudioMixer: Display: Creating Master Submix 'MasterSubmixDefault'
[2022.10.25-16.20.53:945][  0]LogAudioMixer: Display: Creating Master Submix 'MasterReverbSubmixDefault'
[2022.10.25-16.20.53:946][  0]LogAudioMixer: Display: Creating Master Submix 'MasterEQSubmixDefault'
[2022.10.25-16.20.53:946][  0]LogAudioMixer: FMixerPlatformXAudio2::StartAudioStream() called
[2022.10.25-16.20.53:946][  0]LogAudioMixer: Display: Output buffers initialized: Frames=1024, Channels=8, Samples=8192
[2022.10.25-16.20.53:947][  0]LogAudioMixer: Display: Starting AudioMixerPlatformInterface::RunInternal()
[2022.10.25-16.20.53:947][  0]LogAudioMixer: Display: FMixerPlatformXAudio2::SubmitBuffer() called for the first time
[2022.10.25-16.20.53:947][  0]LogInit: FAudioDevice initialized.
[2022.10.25-16.20.53:948][  0]LogNetVersion: Set ProjectVersion to 1.0.0.0. Version Checksum will be recalculated on next use.
[2022.10.25-16.20.53:949][  0]LogInit: Texture streaming: Enabled
[2022.10.25-16.20.54:002][  0]LogAudio: Display: Audio Device (ID: 1) registered with world 'Untitled'.
[2022.10.25-16.20.54:002][  0]LogSlate: Updating window title bar state: overlay mode, drag disabled, window buttons hidden, title bar hidden
[2022.10.25-16.20.54:002][  0]LogInit: Display: Game Engine Initialized.
[2022.10.25-16.20.54:002][  0]LogNiagaraEditor: GEditor isn't valid! Particle reset commands will not work for Niagara components!
[2022.10.25-16.20.54:097][  0]LogInit: Display: Starting Game.
[2022.10.25-16.20.54:097][  0]LogNet: Browse: 127.0.0.1:17777/Engine/Maps/Templates/Template_Default?Name=Player
[2022.10.25-16.20.54:098][  0]LogNet: PktLoss set to 0
[2022.10.25-16.20.54:098][  0]LogNet: PktLagMin set to 0
[2022.10.25-16.20.54:098][  0]LogNet: PktLagMax set to 0
[2022.10.25-16.20.54:098][  0]LogNet: PktIncomingLagMin set to 0
[2022.10.25-16.20.54:098][  0]LogNet: PktIncomingLagMax set to 0
[2022.10.25-16.20.54:098][  0]LogNet: PktIncomingLoss set to 0
[2022.10.25-16.20.54:098][  0]LogNet: PktLoss set to 0
[2022.10.25-16.20.54:098][  0]LogNet: PktLagMin set to 0
[2022.10.25-16.20.54:098][  0]LogNet: PktLagMax set to 0
[2022.10.25-16.20.54:098][  0]LogNet: PktIncomingLagMin set to 0
[2022.10.25-16.20.54:098][  0]LogNet: PktIncomingLagMax set to 0
[2022.10.25-16.20.54:098][  0]LogNet: PktIncomingLoss set to 0
[2022.10.25-16.20.54:098][  0]LogNet: PktLoss set to 0
[2022.10.25-16.20.54:098][  0]LogNet: PktLagMin set to 0
[2022.10.25-16.20.54:098][  0]LogNet: PktLagMax set to 0
[2022.10.25-16.20.54:098][  0]LogNet: PktIncomingLagMin set to 0
[2022.10.25-16.20.54:098][  0]LogNet: PktIncomingLagMax set to 0
[2022.10.25-16.20.54:098][  0]LogNet: PktIncomingLoss set to 0
[2022.10.25-16.20.54:098][  0]LogInit: WinSock: Socket queue. Rx: 32768 (config 32768) Tx: 32768 (config 32768)
[2022.10.25-16.20.54:098][  0]LogNet: Created socket for bind address: 0.0.0.0 on port 0
[2022.10.25-16.20.54:099][  0]PacketHandlerLog: Loaded PacketHandler component: Engine.EngineHandlerComponentFactory (StatelessConnectHandlerComponent)
[2022.10.25-16.20.54:099][  0]LogNet: Game client on port 17777, rate 100000
[2022.10.25-16.20.54:195][  0]LogInit: Display: Engine is initialized. Leaving FEngineLoop::Init()
[2022.10.25-16.20.54:195][  0]LogLoad: (Engine Initialization) Total time: 4.48 seconds
[2022.10.25-16.20.54:195][  0]LogLoad: (Engine Initialization) Total Blueprint compile time: 0.00 seconds
[2022.10.25-16.20.54:198][  0]LogContentStreaming: Texture pool size now 1000 MB
[2022.10.25-16.20.54:199][  0]LogSlate: InvalidateAllWidgets triggered.  All widgets were invalidated
[2022.10.25-16.20.55:110][924]LogHandshake: SendChallengeResponse. Timestamp: 0.662473, Cookie: 186223027255231101247058092226006029216050033001180044111089
[2022.10.25-16.20.55:142][ 51]LogNetVersion: fpsgame 1.0.0.0, NetCL: 17155196, EngineNetVer: 17, GameNetVer: 0 (Checksum: 1484303137)
[2022.10.25-16.20.55:142][ 51]LogNet: UPendingNetGame::SendInitialJoin: Sending hello. [UNetConnection] RemoteAddr: 127.0.0.1:17777, Name: IpConnection_0, Driver: PendingNetDriver IpNetDriver_0, IsServer: NO, PC: NULL, Owner: NULL, UniqueId: INVALID
[2022.10.25-16.20.55:174][177]LogNet: Welcomed by server (Level: /Game/Maps/TestMap, Game: /Game/Blueprints/BP_FPSGameModeDefault.BP_FPSGameModeDefault_C)
[2022.10.25-16.20.55:174][177]LogLoad: LoadMap: 127.0.0.1:17777/Game/Maps/TestMap?Name=Player?game=/Game/Blueprints/BP_FPSGameModeDefault.BP_FPSGameModeDefault_C
[2022.10.25-16.20.55:174][177]LogWorld: BeginTearingDown for /Temp/Untitled_0
[2022.10.25-16.20.55:174][177]LogWorld: UWorld::CleanupWorld for Untitled, bSessionEnded=true, bCleanupResources=true
[2022.10.25-16.20.55:175][177]LogSlate: InvalidateAllWidgets triggered.  All widgets were invalidated
[2022.10.25-16.20.55:177][177]LogAudio: Display: Audio Device unregistered from world 'None'.
[2022.10.25-16.20.55:180][177]LogUObjectHash: Compacting FUObjectHashTables data took   0.75ms
[2022.10.25-16.20.55:430][177]LogAudio: Display: Audio Device (ID: 1) registered with world 'TestMap'.
[2022.10.25-16.20.55:431][177]LogNet: PktLoss set to 0
[2022.10.25-16.20.55:431][177]LogNet: PktLagMin set to 0
[2022.10.25-16.20.55:431][177]LogNet: PktLagMax set to 0
[2022.10.25-16.20.55:431][177]LogNet: PktIncomingLagMin set to 0
[2022.10.25-16.20.55:431][177]LogNet: PktIncomingLagMax set to 0
[2022.10.25-16.20.55:431][177]LogNet: PktIncomingLoss set to 0
[2022.10.25-16.20.55:433][177]LogWorld: Bringing World /Game/Maps/TestMap.TestMap up for play (max tick rate 0) at 2022.10.25-17.20.55
[2022.10.25-16.20.55:433][177]LogWorld: Bringing up level for play took: 0.001132
[2022.10.25-16.20.55:433][177]LogSlate: Took 0.000110 seconds to synchronously load lazily loaded font '../../../Engine/Content/Slate/Fonts/Roboto-Regular.ttf' (155K)
[2022.10.25-16.20.55:433][177]LogLoad: Took 0.258191 seconds to LoadMap(/Game/Maps/TestMap)
[2022.10.25-16.20.55:433][177]LogNavigation: Warning: NavData RegistrationFailed_DataPendingKill.
[2022.10.25-16.20.55:462][179]LogRenderer: Reallocating scene render targets to support 640x480 Format 10 NumSamples 1 (Frame:1).
[2022.10.25-16.20.55:716][179]LogOnlineSession: Warning: OSS: No game present to join for session (GameSession)
[2022.10.25-16.20.55:841][214]LogOnlineSession: Warning: OSS: No game present to join for session (GameSession)
[2022.10.25-16.20.58:001][976]LogTemp: Warning: Equipping secondary
[2022.10.25-16.20.58:001][976]LogTemp: Warning: No longer bursting
[2022.10.25-16.20.58:001][976]LogTemp: Warning: TP attach
